## STDOUT ##

[[92mINFO[0m] SC2 4.9.0 용 패치 적용
패치 sc2.ids.ability_id
패치 sc2.game_state
패치 sc2.bot_ai
패치 sc2.client
패치 sc2.controller
패치 sc2.main
INFO:root:Failed to import cuda module: No module named 'caffe2.python.caffe2_pybind11_state_gpu'
INFO:root:Failed to import AMD hip module: No module named 'caffe2.python.caffe2_pybind11_state_hip'
WARNING:root:This caffe2 python run does not have GPU support. Will run in CPU only mode.
cpu
INFO:sc2.protocol:Client status changed to Status.launched (was None)
INFO:sc2_patch.sc2_patch_490.controller:Creating new game
INFO:sc2_patch.sc2_patch_490.controller:Map:     NCFellowship-2019_m1_v6
INFO:sc2_patch.sc2_patch_490.controller:Players: Bot(Race.Terran, <bots.npc.osjbot.OsjBot object at 0x7f43e6df4198>), Bot(Race.Terran, <bots.Showing_bot.speedBot.MarinBot object at 0x7f43e6df4b38>)
INFO:sc2.protocol:Client status changed to Status.init_game (was Status.launched)
INFO:sc2.protocol:Client status changed to Status.launched (was None)
INFO:sc2.protocol:Client status changed to Status.in_game (was None)
INFO:root:Player 2 - Bot(Race.Terran, <bots.Showing_bot.speedBot.MarinBot object at 0x7f43e6df4b38>)
TEST: 2, <bots.Showing_bot.speedBot.MarinBot object at 0x7f43e6df4b38>
load model: bots/Showing_bot/models/model-89.pt
create new model
INFO:sc2.protocol:Client status changed to Status.in_game (was None)
INFO:root:Player 1 - Bot(Race.Terran, <bots.npc.osjbot.OsjBot object at 0x7f43e6df4198>)
TEST: 1, <bots.npc.osjbot.OsjBot object at 0x7f43e6df4198>
0.04934900000807829 0.0029329999815672636
0.04934900000807829 1.00000761449337e-06
0.04618900001514703 0.0021729999862145633
0.04618900001514703 9.999785106629133e-07
0.0463529999833554 0.0017179999849759042
0.0463529999833554 1.00000761449337e-06
0.04613000000244938 0.0013760000001639128
0.04613000000244938 9.999785106629133e-07
0.046857999986968935 0.0012209999840706587
0.046857999986968935 9.999785106629133e-07
0.046248999977251515 0.0013760000001639128
0.046248999977251515 9.999785106629133e-07
0.060597000003326684 0.001600999996298924
0.060597000003326684 0.0
0.05210100000840612 0.0013709999911952764
0.05210100000840612 1.00000761449337e-06
0.05741400000988506 0.001277999981539324
0.05741400000988506 0.0
0.060292999987723306 0.0013559999933931977
0.060292999987723306 0.0
0.052934000006644055 0.001441000000340864
0.052934000006644055 0.0
0.051773999992292374 0.001340000017080456
0.051773999992292374 0.0
0.059532999992370605 0.0014010000159032643
0.059532999992370605 0.0
0.05758100000093691 0.001269000000320375
0.05758100000093691 0.0
0.05201200000010431 0.0017389999993611127
0.05201200000010431 0.0
0.053650999994715676 0.0017590000061318278
0.053650999994715676 0.0
0.057394999981625006 0.001400000008288771
0.057394999981625006 0.0
0.05169200000818819 0.0012339999957475811
0.05169200000818819 0.0
0.051340000005438924 0.0012519999872893095
0.051340000005438924 1.00000761449337e-06
0.05272700000205077 0.0038499999791383743
0.05272700000205077 1.00000761449337e-06
0.05335800000466406 0.0032469999860040843
0.05335800000466406 0.0
0.06291800001054071 0.0017820000066421926
0.06291800001054071 1.00000761449337e-06
0.0532099999836646 0.001352999999653548
0.0532099999836646 0.0
0.05606100001023151 0.001412999990861863
0.05606100001023151 0.0
0.052765000000363216 0.0013890000118408352
0.052765000000363216 9.999785106629133e-07
0.06038099998841062 0.001281000004382804
0.06038099998841062 0.0
0.05080100000486709 0.0013349999790079892
0.05080100000486709 0.0
0.053964999999152496 0.0021049999922979623
0.053964999999152496 0.0
0.05243399998289533 0.0016300000133924186
0.05243399998289533 0.0
0.05487900000298396 0.001361000002361834
0.05487900000298396 0.0
0.058954000007361174 0.0018569999956525862
0.058954000007361174 0.0
0.05816600000252947 0.0013089999847579747
0.05816600000252947 0.0
0.05255500000203028 0.0013399999879766256
0.05255500000203028 1.00000761449337e-06
0.05154499999480322 0.0013820000167470425
0.05154499999480322 9.999785106629133e-07
0.05005999997956678 0.0012290000158827752
0.05005999997956678 1.00000761449337e-06
0.053837999992538244 0.001508999994257465
0.053837999992538244 1.00000761449337e-06
0.06152399998973124 0.0013889999827370048
0.06152399998973124 9.999785106629133e-07
0.06035300000803545 0.0015019999991636723
0.06035300000803545 1.00000761449337e-06
0.0649439999833703 0.0022640000097453594
0.0649439999833703 0.0
0.05662800002028234 0.0014479999954346567
0.05662800002028234 9.999785106629133e-07
changed strategy
0.05268699998850934 0.001336000015726313
0.05268699998850934 0.0
0.055047000001650304 0.0013980000221636146
0.055047000001650304 0.0
0.05428299997583963 0.001352999999653548
0.05428299997583963 0.0
0.054331000021193177 0.001307000027736649
0.054331000021193177 0.0
0.052724999986821786 0.001736999984132126
0.052724999986821786 0.0
0.054214000003412366 0.0013810000091325492
0.054214000003412366 0.0
0.05523100000573322 0.001445000001695007
0.05523100000573322 1.00000761449337e-06
0.05505500000435859 0.0014239999873097986
0.05505500000435859 9.999785106629133e-07
0.05881800001952797 0.0020810000132769346
0.05881800001952797 0.0
0.05499999999301508 0.0013080000062473118
0.05499999999301508 1.00000761449337e-06
0.05733800001326017 0.003559000004315749
0.05733800001326017 0.0
0.05902400001650676 0.0032939999946393073
0.05902400001650676 1.00000761449337e-06
0.05617399999755435 0.001496999990195036
0.05617399999755435 0.0
0.05886900000041351 0.0015149999817367643
0.05886900000041351 1.00000761449337e-06
0.05943500000284985 0.001715999998850748
0.05943500000284985 9.999785106629133e-07
0.05917199997929856 0.0014099999971222132
0.05917199997929856 1.00000761449337e-06
0.057671999995363876 0.0015180000045802444
0.057671999995363876 0.0
0.05669099997612648 0.0015710000006947666
0.05669099997612648 1.00000761449337e-06
0.056386000011116266 0.0014030000020284206
0.056386000011116266 1.00000761449337e-06
0.05643099997541867 0.0015710000006947666
0.05643099997541867 0.0
0.056588999985251576 0.0013809999800287187
0.056588999985251576 0.0
0.05621499998960644 0.0013350000081118196
0.05621499998960644 1.00000761449337e-06
0.056452999997418374 0.0014190000074449927
0.056452999997418374 1.00000761449337e-06
0.057037999999010935 0.0013899999903514981
0.057037999999010935 0.0
0.07106799999019131 0.0016969999996945262
0.07106799999019131 1.00000761449337e-06
0.0612470000050962 0.0016999999934341758
0.0612470000050962 0.0
0.059680000005755574 0.0013809999800287187
0.059680000005755574 1.00000761449337e-06
0.060689999983878806 0.0013890000118408352
0.060689999983878806 0.0
0.05939899999066256 0.001428999996278435
0.05939899999066256 1.00000761449337e-06
0.07347100001061335 0.001836999988881871
0.07347100001061335 9.999785106629133e-07
0.06749899999704212 0.002019000006839633
0.06749899999704212 1.00000761449337e-06
0.06218999999691732 0.0014919999812263995
0.06218999999691732 0.0
0.06344299999182113 0.0014490000030491501
0.06344299999182113 9.999785106629133e-07
0.06370600001537241 0.0015310000162571669
0.06370600001537241 0.0
0.06109799997648224 0.0016720000130590051
0.06109799997648224 0.0
0.06676899999729358 0.0015290000010281801
0.06676899999729358 0.0
0.061960000020917505 0.0014669999945908785
0.061960000020917505 0.0
0.0706110000028275 0.0015010000206530094
0.0706110000028275 0.0
0.062375000008614734 0.0014640000008512288
0.062375000008614734 1.00000761449337e-06
0.06026299999211915 0.0014259999734349549
0.06026299999211915 0.0
0.059450000000651926 0.001904999982798472
0.059450000000651926 0.0
0.06741300001158379 0.0016550000000279397
0.06741300001158379 0.0
0.06322800001362339 0.00201500000548549
0.06322800001362339 0.0
0.06134100002236664 0.0016940000059548765
0.06134100002236664 0.0
0.05386800001724623 0.0015079999866429716
0.05386800001724623 0.0
0.05365899999742396 0.001660000008996576
0.05365899999742396 1.00000761449337e-06
0.06500800000503659 0.0019010000105481595
0.06500800000503659 1.00000761449337e-06
0.054474999982630834 0.0018240000063087791
0.054474999982630834 0.0
0.05383299998356961 0.0016260000120382756
0.05383299998356961 1.00000761449337e-06
0.05503700001281686 0.0017069999885279685
0.05503700001281686 0.0
0.062408999976469204 0.002244999981485307
0.062408999976469204 0.0
0.06485100000281818 0.0016259999829344451
0.06485100000281818 0.0
0.06740100000752136 0.001648000004934147
0.06740100000752136 9.999785106629133e-07
0.0521840000001248 0.0015710000006947666
0.0521840000001248 0.0
0.051060000027064234 0.0017420000222045928
0.051060000027064234 0.0
0.06076900000334717 0.0018050000071525574
0.06076900000334717 1.00000761449337e-06
0.05862299998989329 0.0016709999763406813
0.05862299998989329 0.0
0.05002500000409782 0.001457999984268099
0.05002500000409782 0.0
0.05880199998500757 0.0012669999850913882
0.05880199998500757 0.0
0.04669899999862537 0.0012149999965913594
0.04669899999862537 0.0
0.04933399998117238 0.0012789999891538173
0.04933399998117238 0.0
0.04599100002087653 0.0011309999972581863
0.04599100002087653 0.0
0.044406000000890344 0.0012280000082682818
0.044406000000890344 1.00000761449337e-06
0.045205999980680645 0.0013620000099763274
0.045205999980680645 1.00000761449337e-06
0.04773600000771694 0.0014769999834243208
0.04773600000771694 0.0
0.04621899998164736 0.0012390000047162175
0.04621899998164736 0.0
0.04755899999872781 0.0011870000162161887
0.04755899999872781 1.00000761449337e-06
0.04938000001129694 0.0018109999946318567
0.04938000001129694 0.0
0.04665600002044812 0.0018620000046212226
0.04665600002044812 0.0
0.04495500001939945 0.0011799999920185655
0.04495500001939945 1.00000761449337e-06
0.04389699999592267 0.0011039999953936785
0.04389699999592267 1.00000761449337e-06
0.04377600000589155 0.001137999992351979
0.04377600000589155 0.0
0.0434499999973923 0.0011069999891333282
0.0434499999973923 1.00000761449337e-06
0.04381699999794364 0.001145999995060265
0.04381699999794364 0.0
0.04347600002074614 0.001121000008424744
0.04347600002074614 1.00000761449337e-06
0.04305499998736195 0.0011759999906644225
0.04305499998736195 0.0
0.04354999997303821 0.0011470000026747584
0.04354999997303821 0.0
0.04618500001379289 0.001264999998966232
0.04618500001379289 0.0
0.0465519999852404 0.0012040000001434237
0.0465519999852404 0.0
0.046323000016855076 0.0011359999771229923
0.046323000016855076 1.00000761449337e-06
0.046043000009376556 0.0011329999833833426
0.046043000009376556 0.0
0.04610600002342835 0.001133000012487173
0.04610600002342835 0.0
0.04609400001936592 0.0011699999740812927
0.04609400001936592 1.00000761449337e-06
0.04355900001246482 0.0011200000008102506
0.04355900001246482 0.0
0.04357800001162104 0.0010670000046957284
0.04357800001162104 1.00000761449337e-06
0.043762999994214624 0.0011579999991226941
0.043762999994214624 1.00000761449337e-06
0.04428100000950508 0.00112599998828955
0.04428100000950508 0.0
0.04721399999107234 0.0017590000061318278
0.04721399999107234 1.00000761449337e-06
0.059271000005537644 0.002681000012671575
0.059271000005537644 0.0
0.047510000003967434 0.001820000004954636
0.047510000003967434 1.00000761449337e-06
0.053564999980153516 0.0014699999883305281
0.053564999980153516 0.0
0.0494040000194218 0.0012390000047162175
0.0494040000194218 0.0
0.04616100000566803 0.0012229999992996454
0.04616100000566803 1.00000761449337e-06
0.050919000001158565 0.0013299999991431832
0.050919000001158565 1.00000761449337e-06
0.05053599999519065 0.0012410000199452043
0.05053599999519065 0.0
0.047824000008404255 0.0013040000048931688
0.047824000008404255 0.0
0.047125999990385026 0.0011799999920185655
0.047125999990385026 0.0
0.04081999999471009 0.0010780000011436641
0.04081999999471009 1.00000761449337e-06
0.040677999990293756 0.0011600000143516809
0.040677999990293756 0.0
0.04129200000897981 0.0010269999911542982
0.04129200000897981 0.0
0.03879599997890182 0.0009950000094249845
0.03879599997890182 0.0
0.04778000002261251 0.0010640000109560788
0.04778000002261251 0.0
0.04091000001062639 0.0011119999981019646
0.04091000001062639 1.00000761449337e-06
0.037754999997559935 0.0012430000060703605
0.037754999997559935 1.00000761449337e-06
0.038543000002391636 0.0010339999862480909
0.038543000002391636 1.00000761449337e-06
0.04495300000417046 0.001277000003028661
0.04495300000417046 9.999785106629133e-07
0.038142999983392656 0.0010110000148415565
0.038142999983392656 1.00000761449337e-06
0.03803099997458048 0.0009600000048521906
0.03803099997458048 0.0
0.03861200000392273 0.000990000000456348
0.03861200000392273 9.999785106629133e-07
0.0467789999966044 0.0009999999892897904
0.0467789999966044 0.0
0.044999999983701855 0.0019610000017564744
0.044999999983701855 0.0
0.044861999980639666 0.0012839999981224537
0.044861999980639666 0.0
0.0485939999925904 0.0013420000032056123
0.0485939999925904 0.0
0.048562000010861084 0.0012500000011641532
0.048562000010861084 1.00000761449337e-06
0.05220000000554137 0.0015230000135488808
0.05220000000554137 0.0
0.052041999995708466 0.0018989999953191727
0.052041999995708466 0.0
0.051485000003594905 0.001289999985601753
0.051485000003594905 0.0
0.05951500000082888 0.0014259999734349549
0.05951500000082888 1.00000761449337e-06
0.055810000019846484 0.0013479999906849116
0.055810000019846484 0.0
0.05672500000218861 0.0013620000099763274
0.05672500000218861 1.00000761449337e-06
0.046980999992229044 0.0011989999911747873
0.046980999992229044 9.999785106629133e-07
0.0480200000165496 0.0014350000128615648
0.0480200000165496 0.0
0.0502439999836497 0.0013939999917056412
0.0502439999836497 0.0
0.038274999998975545 0.0009509999945294112
0.038274999998975545 9.999785106629133e-07
0.03893999999854714 0.000965000013820827
0.03893999999854714 0.0
0.03826799997477792 0.001073999999789521
0.03826799997477792 0.0
0.03836899998714216 0.0009830000053625554
0.03836899998714216 9.999785106629133e-07
0.038406999985454604 0.0010009999969042838
0.038406999985454604 1.00000761449337e-06
0.03864000001340173 0.0010150000161956996
0.03864000001340173 0.0
0.04238600001554005 0.0011059999815188348
0.04238600001554005 0.0
0.0447590000112541 0.0010380000167060643
0.0447590000112541 0.0
0.03585800001746975 0.0009220000065397471
0.03585800001746975 0.0
0.036708999978145584 0.0010159999947063625
0.036708999978145584 0.0
0.0365989999845624 0.0009720000089146197
0.0365989999845624 0.0
0.03364300000248477 0.000881000014487654
0.03364300000248477 0.0
0.03346899998723529 0.0008509999897796661
0.03346899998723529 0.0
0.03380699999979697 0.0008669999951962382
0.03380699999979697 1.00000761449337e-06
0.033307000005152076 0.0008629999938420951
0.033307000005152076 0.0
0.03347999998368323 0.0008580000139772892
0.03347999998368323 0.0
0.030658000003313646 0.0007979999936651438
0.030658000003313646 1.00000761449337e-06
0.031263999990187585 0.0008380000072065741
0.031263999990187585 0.0
0.03062200002023019 0.0008059999963734299
0.03062200002023019 9.999785106629133e-07
0.030918999982532114 0.0011729999969247729
0.030918999982532114 0.0
0.03091800000402145 0.0009490000084042549
0.03091800000402145 1.00000761449337e-06
0.03049600002123043 0.0008100000268314034
0.03049600002123043 0.0
0.03079200000502169 0.0008819999929983169
0.03079200000502169 0.0
0.030520000000251457 0.0007860000187065452
0.030520000000251457 0.0
0.030946999992011115 0.0008169999928213656
0.030946999992011115 0.0
0.030796000006375834 0.0007920000061858445
0.030796000006375834 0.0
0.030528000002959743 0.0007920000061858445
0.030528000002959743 0.0
0.031153000018093735 0.0008249999955296516
0.031153000018093735 1.00000761449337e-06
0.033334000007016584 0.001078999979654327
0.033334000007016584 0.0
0.03349299999536015 0.0009319999953731894
0.03349299999536015 1.00000761449337e-06
0.04720100000849925 0.0013599999947473407
0.04720100000849925 0.0
0.05254199999035336 0.00213199999416247
0.05254199999035336 1.00000761449337e-06
0.061277000000700355 0.0015579999890178442
0.061277000000700355 0.0
0.05371000000741333 0.0017209999787155539
0.05371000000741333 1.00000761449337e-06
0.05078099999809638 0.0012470000074245036
0.05078099999809638 0.0
0.045809000002918765 0.0016170000017154962
0.045809000002918765 1.00000761449337e-06
0.0459850000042934 0.0017860000079963356
0.0459850000042934 0.0
0.04882799999904819 0.0013430000108201057
0.04882799999904819 0.0
0.046387000009417534 0.0011280000035185367
0.046387000009417534 1.00000761449337e-06
0.04692399999476038 0.0011799999920185655
0.04692399999476038 0.0
0.042573000013362616 0.001352999999653548
0.042573000013362616 0.0
0.040095999982440844 0.0014700000174343586
0.040095999982440844 1.00000761449337e-06
0.0422359999793116 0.0016030000115279108
0.0422359999793116 0.0
0.04141700000036508 0.0014399999927263707
0.04141700000036508 0.0
0.047735000000102445 0.001088000019080937
0.047735000000102445 9.999785106629133e-07
0.04514999999082647 0.0009840000129770488
0.04514999999082647 1.00000761449337e-06
0.03810500001418404 0.0013099999923724681
0.03810500001418404 0.0
0.038652999995974824 0.0010059999767690897
0.038652999995974824 0.0
0.0446970000048168 0.0009619999909773469
0.0446970000048168 0.0
0.044934999983524904 0.00128599998424761
0.044934999983524904 1.00000761449337e-06
0.03891699999803677 0.0009509999945294112
0.03891699999803677 9.999785106629133e-07
0.035768000001553446 0.0011740000045392662
0.035768000001553446 9.999785106629133e-07
0.03528400001232512 0.000897999998414889
0.03528400001232512 0.0
0.034882000007200986 0.0009679999784566462
0.034882000007200986 0.0
0.03409500000998378 0.0010009999969042838
0.03409500000998378 1.00000761449337e-06
0.034035999997286126 0.0010590000019874424
0.034035999997286126 1.00000761449337e-06
0.03706400000373833 0.0013599999947473407
0.03706400000373833 0.0
0.03665600001113489 0.001185000000987202
0.03665600001113489 0.0
0.037210999988019466 0.0008849999867379665
0.037210999988019466 1.00000761449337e-06
0.03292699999292381 0.0008680000028107315
0.03292699999292381 1.00000761449337e-06
0.02990200000931509 0.0008339999767486006
0.02990200000931509 1.00000761449337e-06
0.030548000009730458 0.000805000017862767
0.030548000009730458 1.00000761449337e-06
0.03522200000588782 0.0007949999999254942
0.03522200000588782 0.0
0.030301000020699576 0.0008640000014565885
0.030301000020699576 1.00000761449337e-06
0.030095000023720786 0.0008110000053420663
0.030095000023720786 0.0
0.0289360000169836 0.0008159999852068722
0.0289360000169836 0.0
0.0396830000099726 0.0013190000026952475
0.0396830000099726 0.0
0.03956600002129562 0.0008920000109355897
0.03956600002129562 1.00000761449337e-06
0.03571299999020994 0.0016389999946113676
0.03571299999020994 0.0
0.03858999998192303 0.0008669999951962382
0.03858999998192303 1.00000761449337e-06
0.03310400000191294 0.001221999991685152
0.03310400000191294 0.0
0.03581500001018867 0.001133999990997836
0.03581500001018867 0.0
0.03700000001117587 0.0014830000000074506
0.03700000001117587 0.0
0.038219999987632036 0.0018279999785590917
0.038219999987632036 0.0
0.04460200000903569 0.001584000012371689
0.04460200000903569 9.999785106629133e-07
0.044517000002088025 0.0015309999871533364
0.044517000002088025 0.0
0.03849700000137091 0.0009710000013001263
0.03849700000137091 1.00000761449337e-06
0.039855999988503754 0.0010329999786335975
0.039855999988503754 0.0
0.043778999999631196 0.0016810000233817846
0.043778999999631196 0.0
0.04603899997891858 0.0016530000139027834
0.04603899997891858 0.0
0.04895799999940209 0.0013069999986328185
0.04895799999940209 0.0
0.04841399998986162 0.0012419999984558672
0.04841399998986162 0.0
0.04612499999348074 0.001129999989643693
0.04612499999348074 0.0
0.04337799997301772 0.0010750000074040145
0.04337799997301772 0.0
0.03578500001458451 0.0009120000177063048
0.03578500001458451 0.0
0.030484999995678663 0.0008379999781027436
0.030484999995678663 0.0
0.03106800001114607 0.0008549999911338091
0.03106800001114607 0.0
0.033373999991454184 0.0008720000041648746
0.033373999991454184 0.0
0.03337600000668317 0.0008699999889358878
0.03337600000668317 1.00000761449337e-06
0.0331550000119023 0.0009339999814983457
0.0331550000119023 0.0
0.033623999974224716 0.0008600000001024455
0.033623999974224716 0.0
0.03335099999094382 0.0008870000019669533
0.03335099999094382 0.0
0.03400700000929646 0.0008969999908003956
0.03400700000929646 0.0
0.033131000003777444 0.0009169999975711107
0.033131000003777444 1.00000761449337e-06
0.033927999989828095 0.0009759999811649323
0.033927999989828095 1.00000761449337e-06
0.03294599999208003 0.0013209999888204038
0.03294599999208003 0.0
0.03347500000381842 0.0008579999848734587
0.03347500000381842 1.00000761449337e-06
0.03308900000411086 0.0010820000024978071
0.03308900000411086 9.999785106629133e-07
0.03596000000834465 0.0010249999759253114
0.03596000000834465 1.00000761449337e-06
0.03562999999849126 0.0011389999999664724
0.03562999999849126 0.0
0.0360649999929592 0.0009399999980814755
0.0360649999929592 0.0
0.03596299997298047 0.0009490000084042549
0.03596299997298047 0.0
0.03587000002153218 0.0009429999918211251
0.03587000002153218 0.0
0.03595400002086535 0.0009470000222790986
0.03595400002086535 0.0
0.036312000011093915 0.0010149999870918691
0.036312000011093915 1.00000761449337e-06
0.036099999997531995 0.0009620000200811774
0.036099999997531995 1.00000761449337e-06
0.035722000000532717 0.0009350000182166696
0.035722000000532717 0.0
0.03598499999498017 0.0009239999926649034
0.03598499999498017 1.00000761449337e-06
0.036198000016156584 0.0015140000032261014
0.036198000016156584 0.0
0.035746000008657575 0.0009430000209249556
0.035746000008657575 0.0
0.033610999991651624 0.000906000001123175
0.033610999991651624 0.0
0.033392999990610406 0.0008709999965503812
0.033392999990610406 0.0
0.030831000010948628 0.0008380000072065741
0.030831000010948628 1.00000761449337e-06
0.030881999991834164 0.0008249999955296516
0.030881999991834164 0.0
0.030614999996032566 0.0008089999901130795
0.030614999996032566 9.999785106629133e-07
0.03083800000604242 0.000813000020571053
0.03083800000604242 1.00000761449337e-06
0.03079200000502169 0.0008410000009462237
0.03079200000502169 0.0
0.03097899997374043 0.0008270000107586384
0.03097899997374043 0.0
0.030457000015303493 0.0008019999950192869
0.030457000015303493 0.0
0.04395600000862032 0.001480000006267801
0.04395600000862032 0.0
0.059179000003496185 0.00197199999820441
0.059179000003496185 9.999785106629133e-07
0.06422200001543388 0.003964000003179535
0.06422200001543388 0.0
0.06479100001160987 0.0018459999992046505
0.06479100001160987 0.0
0.0616149999841582 0.0015739999944344163
0.0616149999841582 0.0
0.062181999994209036 0.0016039999900385737
0.062181999994209036 1.00000761449337e-06
0.057335999998031184 0.0014359999913722277
0.057335999998031184 0.0
0.05656299999100156 0.0014119999832473695
0.05656299999100156 1.00000761449337e-06
0.05639000001247041 0.0014749999972991645
0.05639000001247041 0.0
0.051435999979730695 0.001328000013018027
0.051435999979730695 0.0
0.051293999975314364 0.0013290000206325203
0.051293999975314364 0.0
0.05141200000070967 0.001289999985601753
0.05141200000070967 1.00000761449337e-06
0.05100700000184588 0.0012970000097993761
0.05100700000184588 0.0
0.04896600000211038 0.0012200000055599958
0.04896600000211038 1.00000761449337e-06
0.030583000014303252 0.000826000003144145
0.030583000014303252 0.0
0.02833000000100583 0.000758999987738207
0.02833000000100583 1.00000761449337e-06
0.028103999997256324 0.0007550000154878944
0.028103999997256324 1.00000761449337e-06
0.028522999986307696 0.000826000003144145
0.028522999986307696 1.00000761449337e-06
0.03097599998000078 0.0008699999889358878
0.03097599998000078 0.0
0.030774000013479963 0.0008109999762382358
0.030774000013479963 0.0
0.03078900001128204 0.0008120000129565597
0.03078900001128204 0.0
0.030598999990615994 0.0008340000058524311
0.030598999990615994 0.0
0.03080099998624064 0.0008120000129565597
0.03080099998624064 0.0
0.03161700000055134 0.0008420000085607171
0.03161700000055134 0.0
0.030716999986907467 0.0008129999914672226
0.030716999986907467 0.0
0.030895000003511086 0.0008190000080503523
0.030895000003511086 1.00000761449337e-06
0.03125099997851066 0.0011389999999664724
0.03125099997851066 9.999785106629133e-07
0.03206300002057105 0.0008780000207480043
0.03206300002057105 9.999785106629133e-07
0.030619999975897372 0.0008120000129565597
0.030619999975897372 9.999785106629133e-07
0.030931999994209036 0.0008189999789465219
0.030931999994209036 0.0
0.03063200000906363 0.000818000000435859
0.03063200000906363 0.0
0.031099999992875382 0.0008089999901130795
0.031099999992875382 0.0
0.030689000006532297 0.0008080000116024166
0.030689000006532297 1.00000761449337e-06
0.03130500001134351 0.0008410000009462237
0.03130500001134351 0.0
0.030710999999428168 0.0007990000012796372
0.030710999999428168 0.0
0.028335000009974465 0.0007610000029671937
0.028335000009974465 0.0
0.02827199999592267 0.0007429999823216349
0.02827199999592267 0.0
0.028169999975943938 0.0008359999919775873
0.028169999975943938 1.00000761449337e-06
0.02849399999831803 0.0010259999835398048
0.02849399999831803 0.0
0.028504999994765967 0.00076299998909235
0.028504999994765967 1.00000761449337e-06
0.028521999978693202 0.0007570000016130507
0.028521999978693202 0.0
0.036022999993292615 0.001166999980341643
0.036022999993292615 1.00000761449337e-06
0.04840499997953884 0.0017290000105276704
0.04840499997953884 1.00000761449337e-06
0.05327699999907054 0.0015679999778512865
0.05327699999907054 0.0
0.056918000016594306 0.0016490000125486404
0.056918000016594306 0.0
0.05635999998776242 0.0014359999913722277
0.05635999998776242 0.0
0.05653800000436604 0.0018229999986942858
0.05653800000436604 0.0
0.06399399999645539 0.0021680000063497573
0.06399399999645539 1.00000761449337e-06
0.06205599999520928 0.0016519999771844596
0.06205599999520928 0.0
0.06125800000154413 0.0017060000100173056
0.06125800000154413 1.00000761449337e-06
0.05416500000865199 0.0014519999967887998
0.05416500000865199 0.0
0.05658400000538677 0.0017109999898821115
0.05658400000538677 1.00000761449337e-06
0.04892600001767278 0.001281999982893467
0.04892600001767278 0.0
0.04884999999194406 0.0012390000047162175
0.04884999999194406 0.0
0.04840600001625717 0.001795000018319115
0.04840600001625717 0.0
0.04896700000972487 0.0013669999898411334
0.04896700000972487 1.00000761449337e-06
0.05171499997959472 0.0015629999979864806
0.05171499997959472 0.0
0.05143200000748038 0.0016860000032465905
0.05143200000748038 9.999785106629133e-07
0.04861900000832975 0.0013540000072680414
0.04861900000832975 0.0
0.05121199999121018 0.0014009999867994338
0.05121199999121018 0.0
0.0518609999853652 0.0019059999904129654
0.0518609999853652 1.00000761449337e-06
0.053625999978976324 0.0018500000005587935
0.053625999978976324 9.999785106629133e-07
0.0540270000055898 0.0014050000172574073
0.0540270000055898 0.0
0.053771000006236136 0.0015300000086426735
0.053771000006236136 1.00000761449337e-06
0.058446999988518655 0.00209500000346452
0.058446999988518655 0.0
0.058333000022685155 0.0018500000005587935
0.058333000022685155 1.00000761449337e-06
0.056855999981053174 0.0015870000061113387
0.056855999981053174 1.00000761449337e-06
0.05399600000237115 0.0013949999993201345
0.05399600000237115 9.999785106629133e-07
0.06422300002304837 0.002033000026131049
0.06422300002304837 1.00000761449337e-06
0.06186600000364706 0.0015200000198092312
0.06186600000364706 0.0
0.05885100000887178 0.001496999990195036
0.05885100000887178 9.999785106629133e-07
0.051131000014720485 0.0012920000008307397
0.051131000014720485 1.00000761449337e-06
0.06924700000672601 0.004084999993210658
0.06924700000672601 0.0
0.06884799999534152 0.002218999987235293
0.06884799999534152 9.999785106629133e-07
0.07148300000699237 0.004119999997783452
0.07148300000699237 9.999785106629133e-07
0.07153799998923205 0.002023000008193776
0.07153799998923205 0.0
0.06875900001614355 0.0016599999798927456
0.06875900001614355 0.0
0.06202300000586547 0.0015910000074654818
0.06202300000586547 0.0
0.05949500002316199 0.0014820000214967877
0.05949500002316199 1.00000761449337e-06
0.05995599998277612 0.0014850000152364373
0.05995599998277612 0.0
0.059305000002495944 0.0015610000118613243
0.059305000002495944 0.0
0.060089999984484166 0.0015159999893512577
0.060089999984484166 1.00000761449337e-06
0.05886699998518452 0.001432000019121915
0.05886699998518452 1.00000761449337e-06
0.06293600000208244 0.0015469999925699085
0.06293600000208244 1.00000761449337e-06
0.06387299997732043 0.0015349999885074794
0.06387299997732043 1.00000761449337e-06
0.06039900000905618 0.0014859999937471002
0.06039900000905618 0.0
0.05907800002023578 0.0014659999869763851
0.05907800002023578 0.0
0.054552000015974045 0.0013850000104866922
0.054552000015974045 9.999785106629133e-07
0.05778400000417605 0.0014990000054240227
0.05778400000417605 1.00000761449337e-06
0.05733199999667704 0.0014190000074449927
0.05733199999667704 0.0
0.06281199998920783 0.00157200000830926
0.06281199998920783 0.0
0.057238000008510426 0.001436999998986721
0.057238000008510426 1.00000761449337e-06
0.0592109999852255 0.0014690000098198652
0.0592109999852255 0.0
0.05408400000305846 0.0013669999898411334
0.05408400000305846 1.00000761449337e-06
0.05914599998504855 0.0014549999905284494
0.05914599998504855 1.00000761449337e-06
0.05132900000899099 0.001273000001674518
0.05132900000899099 0.0
0.05354999998235144 0.0013270000054035336
0.05354999998235144 0.0
0.054503000021213666 0.0015160000184550881
0.054503000021213666 0.0
0.05858100001933053 0.0016540000215172768
0.05858100001933053 1.00000761449337e-06
0.05651700001908466 0.0014440000231843442
0.05651700001908466 1.00000761449337e-06
0.06144399999175221 0.0015810000186320394
0.06144399999175221 0.0
0.05924600001890212 0.0014550000196322799
0.05924600001890212 1.00000761449337e-06
0.05887800001073629 0.0016340000147465616
0.05887800001073629 0.0
0.061695999989751726 0.001580999989528209
0.061695999989751726 9.999785106629133e-07
0.06165800002054311 0.0015489999786950648
0.06165800002054311 0.0
0.061605999973835424 0.0014850000152364373
0.061605999973835424 0.0
0.05638399999588728 0.0014260000025387853
0.05638399999588728 9.999785106629133e-07
0.06198699999367818 0.0015449999773409218
0.06198699999367818 0.0
0.06139200000325218 0.0015370000037364662
0.06139200000325218 0.0
0.062122999981511384 0.0015309999871533364
0.062122999981511384 0.0
0.058982000016840175 0.0015389999898616225
0.058982000016840175 9.999785106629133e-07
0.05879700000514276 0.0014359999913722277
0.05879700000514276 0.0
0.05883200000971556 0.0014650000084657222
0.05883200000971556 0.0
0.058751000004122034 0.0014439999940805137
0.058751000004122034 0.0
0.057521000009728596 0.00144599998020567
0.057521000009728596 0.0
0.056437999999616295 0.0014300000038929284
0.056437999999616295 0.0
0.05622300002141856 0.001377999986289069
0.05622300002141856 1.00000761449337e-06
0.054520999983651564 0.0013979999930597842
0.054520999983651564 0.0
0.06239199999254197 0.0014870000013615936
0.06239199999254197 0.0
0.05641499999910593 0.0014559999981429428
0.05641499999910593 0.0
0.06192999999620952 0.0017250000091735274
0.06192999999620952 0.0
0.062046000006375834 0.0016419999883510172
0.062046000006375834 0.0
0.05899200000567362 0.0014830000000074506
0.05899200000567362 0.0
0.05878300001495518 0.0014359999913722277
0.05878300001495518 0.0
0.06390399998053908 0.0016330000071320683
0.06390399998053908 0.0
0.0675760000012815 0.0017530000186525285
0.0675760000012815 1.00000761449337e-06
0.06992199999513105 0.0022370000078808516
0.06992199999513105 0.0
0.06391099997563288 0.0015990000101737678
0.06391099997563288 1.00000761449337e-06
0.06631200000992976 0.0016739999991841614
0.06631200000992976 1.00000761449337e-06
0.06433799999649636 0.001596999994944781
0.06433799999649636 0.0
0.06654800000251271 0.0016299999842885882
0.06654800000251271 1.00000761449337e-06
0.06712600000901148 0.001740999985486269
0.06712600000901148 9.999785106629133e-07
0.07483300002058968 0.004202999989502132
0.07483300002058968 1.00000761449337e-06
0.07403799999156035 0.0025960000057239085
0.07403799999156035 0.0
0.07927799999015406 0.00446699999156408
0.07927799999015406 0.0
0.07660200001555495 0.0022319999989122152
0.07660200001555495 0.0
0.06687899999087676 0.0016220000106841326
0.06687899999087676 0.0
0.06642099999589846 0.0018170000112149864
0.06642099999589846 1.00000761449337e-06
0.03377800001180731 0.0009330000029876828
0.03377800001180731 0.0
0.03324099999736063 0.0009469999931752682
0.03324099999736063 0.0
0.033496999996714294 0.0009070000087376684
0.033496999996714294 9.999785106629133e-07
0.033072999998694286 0.0008809999853838235
0.033072999998694286 1.00000761449337e-06
0.03338900001836009 0.0008959999831859022
0.03338900001836009 0.0
0.03314299997873604 0.0008720000041648746
0.03314299997873604 1.00000761449337e-06
0.03310800000326708 0.0008680000028107315
0.03310800000326708 1.00000761449337e-06
0.033100000000558794 0.0008819999929983169
0.033100000000558794 0.0
0.03331700002308935 0.0008699999889358878
0.03331700002308935 0.0
0.033078999986173585 0.0009000000136438757
0.033078999986173585 0.0
0.03331800000160001 0.0009140000038314611
0.03331800000160001 0.0
0.030943000019760802 0.0008459999808110297
0.030943000019760802 0.0
0.03362899998319335 0.0009049999935086817
0.03362899998319335 1.00000761449337e-06
0.033186999993631616 0.0008719999750610441
0.033186999993631616 9.999785106629133e-07
0.03349500001058914 0.0009000000136438757
0.03349500001058914 0.0
0.03340600000228733 0.0008699999889358878
0.03340600000228733 1.00000761449337e-06
0.033651000005193055 0.0009379999828524888
0.033651000005193055 0.0
0.030602999991970137 0.0008270000107586384
0.030602999991970137 0.0
0.033430000010412186 0.0009010000212583691
0.033430000010412186 1.00000761449337e-06
0.03335699997842312 0.0008859999943524599
0.03335699997842312 0.0
0.031203000020468608 0.000801000016508624
0.031203000020468608 0.0
0.030633999995188788 0.0008249999955296516
0.030633999995188788 0.0
0.02825099998153746 0.0007399999885819852
0.02825099998153746 0.0
0.02549699999508448 0.0007099999929778278
0.02549699999508448 1.00000761449337e-06
0.028122000017901883 0.0007609999738633633
0.028122000017901883 1.00000761449337e-06
0.028562999999849126 0.0007789999945089221
0.028562999999849126 0.0
0.028252999996766448 0.0007630000181961805
0.028252999996766448 9.999785106629133e-07
0.027873999992152676 0.0007449999975506216
0.027873999992152676 1.00000761449337e-06
0.028184000024339184 0.0007430000114254653
0.028184000024339184 1.00000761449337e-06
0.02831500000320375 0.0007959999784361571
0.02831500000320375 1.00000761449337e-06
0.02315600001020357 0.0006480000156443566
0.02315600001020357 0.0
INFO:sc2.protocol:Client status changed to Status.ended (was Status.in_game)
INFO:root:Result for player 2 - Bot(Race.Terran, <bots.Showing_bot.speedBot.MarinBot object at 0x7f43e6df4b38>): Defeat
INFO:sc2.protocol:Client status changed to Status.ended (was Status.in_game)
INFO:root:Result for player 1 - Bot(Race.Terran, <bots.npc.osjbot.OsjBot object at 0x7f43e6df4198>): Victory
INFO:sc2.client:Saved replay to outs/2020-01-17T11-28-03/replays/npc-showing_bot/npc-showing_bot-2.SC2Replay
INFO:sc2.protocol:Client status changed to Status.launched (was Status.ended)
INFO:sc2.protocol:Client status changed to Status.quit (was Status.launched)
INFO:sc2.sc2process:kill_switch: Process cleanup
INFO:sc2.sc2process:Cleaning up...
INFO:sc2.sc2process:Cleanup complete
INFO:sc2.sc2process:Cleaning up...
INFO:sc2.sc2process:Cleanup complete
INFO:sc2.protocol:Cannot receive: Connection already closed.
INFO:sc2.sc2process:kill_switch: Process cleanup
INFO:sc2.sc2process:Cleaning up...
INFO:sc2.sc2process:Cleanup complete
INFO:sc2.sc2process:Cleaning up...
INFO:sc2.sc2process:Cleanup complete


## STDERR ##

Version: B75689 (SC2.4.10)
Build: Aug 12 2019 17:16:57
Command Line: '"/home/hspark8312/StarCraftII/Versions/Base75689/SC2_x64" -listen 127.0.0.1 -port 24924 -displayMode 0 -dataDir /home/hspark8312/StarCraftII -tempDir /tmp/SC2_nhocs3fh'
Starting up...
Startup Phase 1 complete
Version: B75689 (SC2.4.10)
Build: Aug 12 2019 17:16:57
Command Line: '"/home/hspark8312/StarCraftII/Versions/Base75689/SC2_x64" -listen 127.0.0.1 -port 16461 -displayMode 0 -dataDir /home/hspark8312/StarCraftII -tempDir /tmp/SC2_bjx1pz2v'
Starting up...
Startup Phase 1 complete
Startup Phase 2 complete
Creating stub renderer...
Listening on: 127.0.0.1:24924
Startup Phase 3 complete. Ready for commands.
Startup Phase 2 complete
Creating stub renderer...
ConnectHandler: Request from 127.0.0.1:57919 accepted
ReadyHandler: 127.0.0.1:57919 ready
Requesting to join a multiplayer game
Configuring interface options
Configure: raw interface enabled
Configure: feature layer interface enabled
Configure: score interface enabled
Configure: render interface disabled
Create game with map path: NCFellowship-2019_m1_v6.SC2Map
Listening on: 127.0.0.1:16461
Startup Phase 3 complete. Ready for commands.
ConnectHandler: Request from 127.0.0.1:57920 accepted
ReadyHandler: 127.0.0.1:57920 ready
Requesting to join a multiplayer game
Configuring interface options
Configure: raw interface enabled
Configure: feature layer interface enabled
Configure: score interface enabled
Configure: render interface disabled
Attempting to join a game with the map: NCFellowship-2019_m1_v6.SC2Map
Game has started.
Using default stable ids, none found at: /home/hspark8312/StarCraftII/stableid.json
Successfully loaded stable ids: GameData\stableid.json
Sending ResponseJoinGame
Game has started.
Using default stable ids, none found at: /home/hspark8312/StarCraftII/stableid.json
Successfully loaded stable ids: GameData\stableid.json
Sending ResponseJoinGame
RequestQuit command received.
Closing Application...
CloseHandler: 127.0.0.1:57920 disconnected
Terminate action already called.
/home/hspark8312/anaconda3/envs/sc2/lib/python3.6/importlib/_bootstrap.py:219: RuntimeWarning: numpy.ufunc size changed, may indicate binary incompatibility. Expected 192 from C header, got 216 from PyObject
  return f(*args, **kwds)
/home/hspark8312/anaconda3/envs/sc2/lib/python3.6/importlib/_bootstrap.py:219: RuntimeWarning: numpy.ufunc size changed, may indicate binary incompatibility. Expected 192 from C header, got 216 from PyObject
  return f(*args, **kwds)
/home/hspark8312/anaconda3/envs/sc2/lib/python3.6/site-packages/tensorboard/compat/tensorflow_stub/dtypes.py:541: FutureWarning: Passing (type, 1) or '1type' as a synonym of type is deprecated; in a future version of numpy, it will be understood as (type, (1,)) / '(1,)type'.
  _np_qint8 = np.dtype([("qint8", np.int8, 1)])
/home/hspark8312/anaconda3/envs/sc2/lib/python3.6/site-packages/past/builtins/misc.py:45: DeprecationWarning: the imp module is deprecated in favour of importlib; see the module's documentation for alternative uses
  from imp import reload
/mnt/d/sc2minigame-eval-2020-01-09/bots/Showing_bot/speedBot.py:1643: RuntimeWarning: coroutine 'TerreinManager.debug' was never awaited
  self.terrein_manager.debug()
