## STDOUT ##

[[92mINFO[0m] SC2 4.9.0 용 패치 적용
패치 sc2.ids.ability_id
패치 sc2.game_state
패치 sc2.bot_ai
패치 sc2.client
패치 sc2.controller
패치 sc2.main
INFO:root:Failed to import cuda module: No module named 'caffe2.python.caffe2_pybind11_state_gpu'
INFO:root:Failed to import AMD hip module: No module named 'caffe2.python.caffe2_pybind11_state_hip'
WARNING:root:This caffe2 python run does not have GPU support. Will run in CPU only mode.
cpu
INFO:sc2.protocol:Client status changed to Status.launched (was None)
INFO:sc2_patch.sc2_patch_490.controller:Creating new game
INFO:sc2_patch.sc2_patch_490.controller:Map:     NCFellowship-2019_m1_v6
INFO:sc2_patch.sc2_patch_490.controller:Players: Bot(Race.Terran, <bots.npc.osjbot.OsjBot object at 0x7f7e494a41d0>), Bot(Race.Terran, <bots.Showing_bot.speedBot.MarinBot object at 0x7f7e494a4b70>)
INFO:sc2.protocol:Client status changed to Status.init_game (was Status.launched)
INFO:sc2.protocol:Client status changed to Status.launched (was None)
INFO:sc2.protocol:Client status changed to Status.in_game (was None)
INFO:root:Player 2 - Bot(Race.Terran, <bots.Showing_bot.speedBot.MarinBot object at 0x7f7e494a4b70>)
TEST: 2, <bots.Showing_bot.speedBot.MarinBot object at 0x7f7e494a4b70>
load model: bots/Showing_bot/models/model-89.pt
create new model
INFO:sc2.protocol:Client status changed to Status.in_game (was None)
INFO:root:Player 1 - Bot(Race.Terran, <bots.npc.osjbot.OsjBot object at 0x7f7e494a41d0>)
TEST: 1, <bots.npc.osjbot.OsjBot object at 0x7f7e494a41d0>
0.05010300001595169 0.0029470000008586794
0.05010300001595169 9.999785106629133e-07
0.050664000009419397 0.0020610000065062195
0.050664000009419397 0.0
0.05102299997815862 0.001728000002913177
0.05102299997815862 0.0
0.05084400001214817 0.0011909999884665012
0.05084400001214817 9.999785106629133e-07
0.05047200000262819 0.0011220000160392374
0.05047200000262819 0.0
0.050760000012815 0.0011940000113099813
0.050760000012815 0.0
0.050570999999763444 0.001137999992351979
0.050570999999763444 0.0
0.05375300001469441 0.0027419999823905528
0.05375300001469441 9.999785106629133e-07
0.053866000002017245 0.0014640000008512288
0.053866000002017245 1.00000761449337e-06
0.054705999995348975 0.0012089999800082296
0.054705999995348975 1.00000761449337e-06
0.05296900001121685 0.0012559999886434525
0.05296900001121685 9.999785106629133e-07
0.05272999999579042 0.0012369999894872308
0.05272999999579042 0.0
0.05388099999981932 0.0012910000223200768
0.05388099999981932 1.00000761449337e-06
0.05267999999341555 0.001246999978320673
0.05267999999341555 0.0
0.05270799997379072 0.0012500000011641532
0.05270799997379072 0.0
0.05286799999885261 0.0012129999813623726
0.05286799999885261 0.0
0.053374000010080636 0.0012339999957475811
0.053374000010080636 0.0
0.05333200001041405 0.0012780000106431544
0.05333200001041405 0.0
0.055373999988660216 0.0014270000101532787
0.055373999988660216 9.999785106629133e-07
0.05402499999036081 0.0012240000069141388
0.05402499999036081 0.0
0.05701200000476092 0.0014099999971222132
0.05701200000476092 1.00000761449337e-06
0.05621499998960644 0.0012529999949038029
0.05621499998960644 0.0
0.05607099999906495 0.0028870000096503645
0.05607099999906495 0.0
0.05562500000814907 0.001520999998319894
0.05562500000814907 0.0
0.052653999999165535 0.0014380000066012144
0.052653999999165535 0.0
0.05552500000339933 0.0013209999888204038
0.05552500000339933 0.0
0.05351599998539314 0.0011959999974351376
0.05351599998539314 0.0
0.055102999991504475 0.0012529999949038029
0.055102999991504475 0.0
0.05366100001265295 0.0012189999979455024
0.05366100001265295 0.0
0.05343499997979961 0.0012800000258721411
0.05343499997979961 0.0
0.052946000010706484 0.0011939999822061509
0.052946000010706484 1.00000761449337e-06
0.053454000008059666 0.0012519999872893095
0.053454000008059666 9.999785106629133e-07
0.059769999992568046 0.00149200001033023
0.059769999992568046 1.00000761449337e-06
0.05420700000831857 0.0012390000047162175
0.05420700000831857 1.00000761449337e-06
0.05386399998678826 0.0012220000207889825
0.05386399998678826 0.0
0.055905999994138256 0.0014089999895077199
0.055905999994138256 9.999785106629133e-07
0.05628499999875203 0.0012920000008307397
0.05628499999875203 1.00000761449337e-06
0.05530700000235811 0.0012619999761227518
0.05530700000235811 0.0
0.05502400000113994 0.001281000004382804
0.05502400000113994 0.0
0.05600799998501316 0.0013920000055804849
0.05600799998501316 0.0
changed strategy
0.05567999999038875 0.0012559999886434525
0.05567999999038875 1.00000761449337e-06
0.056360999995376915 0.0013850000104866922
0.056360999995376915 1.00000761449337e-06
0.05657200000132434 0.001512999995611608
0.05657200000132434 9.999785106629133e-07
0.056062999996356666 0.0012390000047162175
0.056062999996356666 9.999785106629133e-07
0.05607700001564808 0.001285000005736947
0.05607700001564808 1.00000761449337e-06
0.05624200002057478 0.0012750000169035047
0.05624200002057478 0.0
0.05640000000130385 0.0012989999959245324
0.05640000000130385 9.999785106629133e-07
0.0593010000011418 0.0014319999900180846
0.0593010000011418 0.0
0.058256000018445775 0.0013460000045597553
0.058256000018445775 0.0
0.05882000000565313 0.0013350000081118196
0.05882000000565313 1.00000761449337e-06
0.06425600001239218 0.003279000025941059
0.06425600001239218 0.0
0.06287699998938479 0.0014669999945908785
0.06287699998938479 9.999785106629133e-07
0.06182400000398047 0.001613999978872016
0.06182400000398047 1.00000761449337e-06
0.06502300000283867 0.001563000027090311
0.06502300000283867 0.0
0.062436999985948205 0.002250999998068437
0.062436999985948205 0.0
0.06404699999256991 0.0015619999903719872
0.06404699999256991 0.0
0.06126099999528378 0.0014020000235177577
0.06126099999528378 0.0
0.0613889999804087 0.0015469999925699085
0.0613889999804087 0.0
0.06135900001390837 0.001441000000340864
0.06135900001390837 0.0
0.06400700000813231 0.0016830000095069408
0.06400700000813231 0.0
0.060797000012826174 0.0013669999898411334
0.060797000012826174 0.0
0.062455000006593764 0.00136599998222664
0.062455000006593764 1.00000761449337e-06
0.06307999999262393 0.0016739999991841614
0.06307999999262393 1.00000761449337e-06
0.061799999995855615 0.0013800000015180558
0.061799999995855615 1.00000761449337e-06
0.061996999982511625 0.001381999987643212
0.061996999982511625 0.0
0.061218999995617196 0.0013760000001639128
0.061218999995617196 0.0
0.06213999999454245 0.0016539999924134463
0.06213999999454245 1.00000761449337e-06
0.0630890000029467 0.0014309999824035913
0.0630890000029467 9.999785106629133e-07
0.06195300002582371 0.001432000019121915
0.06195300002582371 9.999785106629133e-07
0.06246399998781271 0.0014189999783411622
0.06246399998781271 0.0
0.06414400000358 0.0016410000098403543
0.06414400000358 0.0
0.06138400000054389 0.0014300000038929284
0.06138400000054389 0.0
0.06386599998222664 0.0014989999763201922
0.06386599998222664 0.0
0.06043899999349378 0.001361000002361834
0.06043899999349378 0.0
0.061862000002292916 0.0014859999937471002
0.061862000002292916 9.999785106629133e-07
0.06104400000185706 0.0013909999979659915
0.06104400000185706 0.0
0.06074999997508712 0.001420000015059486
0.06074999997508712 1.00000761449337e-06
0.06088500001351349 0.0014599999994970858
0.06088500001351349 0.0
0.06189400001312606 0.001457999984268099
0.06189400001312606 0.0
0.061262000002898276 0.0014150000060908496
0.061262000002898276 0.0
0.062237000005552545 0.0015019999991636723
0.062237000005552545 1.00000761449337e-06
0.059477000002516434 0.0013679999974556267
0.059477000002516434 1.00000761449337e-06
0.05633799999486655 0.0014340000052470714
0.05633799999486655 0.0
0.05702799998107366 0.0016719999839551747
0.05702799998107366 0.0
0.05721999998786487 0.001728000002913177
0.05721999998786487 0.0
0.05647599999792874 0.0015320000238716602
0.05647599999792874 1.00000761449337e-06
0.058692999999038875 0.0016879999893717468
0.058692999999038875 9.999785106629133e-07
0.05827300000237301 0.0016429999959655106
0.05827300000237301 1.00000761449337e-06
0.056068999983835965 0.0016710000054445118
0.056068999983835965 9.999785106629133e-07
0.05239699999219738 0.0014279999886639416
0.05239699999219738 9.999785106629133e-07
0.05311999999685213 0.0016200000245589763
0.05311999999685213 1.00000761449337e-06
0.051728000020375475 0.001580000011017546
0.051728000020375475 9.999785106629133e-07
0.05070400002296083 0.0013920000055804849
0.05070400002296083 0.0
0.05040600002394058 0.00161500001559034
0.05040600002394058 1.00000761449337e-06
0.050279000017326325 0.0016199999954551458
0.050279000017326325 1.00000761449337e-06
0.050639000022783875 0.001209999987622723
0.050639000022783875 0.0
0.04794899999978952 0.0012820000119972974
0.04794899999978952 9.999785106629133e-07
0.04731799999717623 0.0015919999859761447
0.04731799999717623 0.0
0.047575000004144385 0.0011280000035185367
0.047575000004144385 0.0
0.045119999995222315 0.0011689999955706298
0.045119999995222315 0.0
0.0469370000064373 0.0013880000042263418
0.0469370000064373 0.0
0.04686200001742691 0.001137000013841316
0.04686200001742691 1.00000761449337e-06
0.04765099997166544 0.001133000012487173
0.04765099997166544 9.999785106629133e-07
0.04788600001484156 0.0011519999825395644
0.04788600001484156 1.00000761449337e-06
0.04767700002412312 0.0012149999965913594
0.04767700002412312 0.0
0.04785100001026876 0.0012120000028517097
0.04785100001026876 0.0
0.04724499999429099 0.0014889999874867499
0.04724499999429099 0.0
0.047423999989405274 0.001133999990997836
0.047423999989405274 1.00000761449337e-06
0.04721699998481199 0.0011940000113099813
0.04721699998481199 0.0
0.0485939999925904 0.0015420000127051026
0.0485939999925904 1.00000761449337e-06
0.047386999998707324 0.0011269999959040433
0.047386999998707324 1.00000761449337e-06
0.04732400001375936 0.0014049999881535769
0.04732400001375936 9.999785106629133e-07
0.04746299999533221 0.0011260000173933804
0.04746299999533221 0.0
0.04780199998640455 0.0011389999999664724
0.04780199998640455 0.0
0.04751699999906123 0.0011149999918416142
0.04751699999906123 1.00000761449337e-06
0.048387000017100945 0.001180000021122396
0.048387000017100945 0.0
0.04780400000163354 0.0011039999953936785
0.04780400000163354 0.0
0.05004699999699369 0.0012940000160597265
0.05004699999699369 1.00000761449337e-06
0.05002000002423301 0.001197000005049631
0.05002000002423301 1.00000761449337e-06
0.050798999989638105 0.0011859999794978648
0.050798999989638105 0.0
0.05000400001881644 0.0011409999860916287
0.05000400001881644 0.0
0.047849000024143606 0.0011689999955706298
0.047849000024143606 1.00000761449337e-06
0.04809300001943484 0.0012300000234972686
0.04809300001943484 0.0
0.048555999994277954 0.0013289999915286899
0.048555999994277954 0.0
0.048913000005995855 0.0013090000138618052
0.048913000005995855 0.0
0.04782799998065457 0.001185000000987202
0.04782799998065457 9.999785106629133e-07
0.049438999994890764 0.0013249999901745468
0.049438999994890764 9.999785106629133e-07
0.06587900000158697 0.0014340000052470714
0.06587900000158697 0.0
0.060366000019712374 0.001281999982893467
0.060366000019712374 1.00000761449337e-06
0.05389300000388175 0.0013069999986328185
0.05389300000388175 9.999785106629133e-07
0.05071999999927357 0.0012320000096224248
0.05071999999927357 0.0
0.05897699997876771 0.0016189999878406525
0.05897699997876771 1.00000761449337e-06
0.0631170000124257 0.0013850000104866922
0.0631170000124257 0.0
0.05324300000211224 0.0013620000099763274
0.05324300000211224 1.00000761449337e-06
0.05029600000125356 0.0012419999984558672
0.05029600000125356 0.0
0.04388700000708923 0.0011280000035185367
0.04388700000708923 0.0
0.04504700002144091 0.0010600000096019357
0.04504700002144091 1.00000761449337e-06
0.04389699999592267 0.0010750000074040145
0.04389699999592267 0.0
0.04206999999587424 0.0010210000036749989
0.04206999999587424 9.999785106629133e-07
0.0422919999982696 0.0010780000011436641
0.0422919999982696 0.0
0.04219500001636334 0.000990999978967011
0.04219500001636334 0.0
0.042683000006945804 0.0010269999911542982
0.042683000006945804 0.0
0.04042299999855459 0.0010600000096019357
0.04042299999855459 0.0
0.03916500002378598 0.001025000005029142
0.03916500002378598 1.00000761449337e-06
0.039594999980181456 0.0009429999918211251
0.039594999980181456 1.00000761449337e-06
0.046406000008573756 0.0010989999864250422
0.046406000008573756 0.0
0.03921099999570288 0.0011060000106226653
0.03921099999570288 0.0
0.039145999995525926 0.0009159999899566174
0.039145999995525926 0.0
0.03953800001181662 0.0009190000128000975
0.03953800001181662 0.0
0.03894500000751577 0.0009280000231228769
0.03894500000751577 0.0
0.04401099999086 0.00136900000507012
0.04401099999086 0.0
0.04742799999075942 0.0012599999899975955
0.04742799999075942 1.00000761449337e-06
0.0479079999786336 0.0011300000187475234
0.0479079999786336 0.0
0.04732099999091588 0.001133000012487173
0.04732099999091588 1.00000761449337e-06
0.051519000000553206 0.0013010000111535192
0.051519000000553206 0.0
0.05118400001083501 0.0013940000208094716
0.05118400001083501 1.00000761449337e-06
0.05067500000586733 0.001197000005049631
0.05067500000586733 0.0
0.04746000000159256 0.0010999999940395355
0.04746000000159256 9.999785106629133e-07
0.047377999988384545 0.0011100000119768083
0.047377999988384545 1.00000761449337e-06
0.047756000014487654 0.0011860000086016953
0.047756000014487654 9.999785106629133e-07
0.04446900001494214 0.001061999995727092
0.04446900001494214 0.0
0.05157000001054257 0.0014260000025387853
0.05157000001054257 0.0
0.05006300000241026 0.0014010000159032643
0.05006300000241026 0.0
0.050029999983962625 0.0011609999928623438
0.050029999983962625 1.00000761449337e-06
0.0392580000043381 0.0009699999936856329
0.0392580000043381 9.999785106629133e-07
0.03906800001277588 0.0009480000007897615
0.03906800001277588 9.999785106629133e-07
0.038345999986631796 0.0009190000128000975
0.038345999986631796 0.0
0.03918100000009872 0.0009330000029876828
0.03918100000009872 0.0
0.0400239999871701 0.0012759999954141676
0.0400239999871701 1.00000761449337e-06
0.03992899999138899 0.0010060000058729202
0.03992899999138899 1.00000761449337e-06
0.03959699999541044 0.0009809999901335686
0.03959699999541044 0.0
0.039757999998982996 0.0011529999901540577
0.039757999998982996 0.0
0.040699000004678965 0.0009619999909773469
0.040699000004678965 0.0
0.03963400001521222 0.0009529999806545675
0.03963400001521222 1.00000761449337e-06
0.039065999997546896 0.0009560000034980476
0.039065999997546896 0.0
0.03919400001177564 0.0011519999825395644
0.03919400001177564 0.0
0.03912500001024455 0.0012350000033620745
0.03912500001024455 0.0
0.03880599999683909 0.0009070000087376684
0.03880599999683909 0.0
0.039029000006848946 0.0009680000075604767
0.039029000006848946 0.0
0.03970399999525398 0.0009140000038314611
0.03970399999525398 0.0
0.03853900000103749 0.0009380000119563192
0.03853900000103749 1.00000761449337e-06
0.039309000014327466 0.0009379999828524888
0.039309000014327466 1.00000761449337e-06
0.03878699999768287 0.0009090000239666551
0.03878699999768287 0.0
0.039194999990286306 0.000918999983696267
0.039194999990286306 0.0
0.039786000008462 0.0009490000084042549
0.039786000008462 1.00000761449337e-06
0.04006000002846122 0.0009319999953731894
0.04006000002846122 0.0
0.04009399999631569 0.0009379999828524888
0.04009399999631569 9.999785106629133e-07
0.039687000011326745 0.0010210000036749989
0.039687000011326745 1.00000761449337e-06
0.0393200000107754 0.0009539999882690609
0.0393200000107754 0.0
0.039204000000609085 0.0010610000172164291
0.039204000000609085 1.00000761449337e-06
0.03909199999179691 0.0009150000114459544
0.03909199999179691 0.0
0.042402999999467283 0.00108299998100847
0.042402999999467283 1.00000761449337e-06
0.041218999976990744 0.0009769999887794256
0.041218999976990744 1.00000761449337e-06
0.04771099999197759 0.0012869999918621033
0.04771099999197759 0.0
0.05903900001430884 0.0017040000238921493
0.05903900001430884 1.00000761449337e-06
0.059210000006714836 0.0016460000188089907
0.059210000006714836 1.00000761449337e-06
0.05929400000604801 0.0014099999971222132
0.05929400000604801 0.0
0.05880599998636171 0.001381999987643212
0.05880599998636171 0.0
0.058155000006081536 0.0014500000106636435
0.058155000006081536 0.0
0.05945400000200607 0.001617999980226159
0.05945400000200607 0.0
0.05314800000633113 0.0012369999894872308
0.05314800000633113 1.00000761449337e-06
0.054340000002412125 0.0012989999959245324
0.054340000002412125 0.0
0.049541000014869496 0.0012040000001434237
0.049541000014869496 9.999785106629133e-07
0.053411000000778586 0.0015380000113509595
0.053411000000778586 1.00000761449337e-06
0.052777000004425645 0.0012379999971017241
0.052777000004425645 9.999785106629133e-07
0.050316000008024275 0.0012149999965913594
0.050316000008024275 0.0
0.04487499999231659 0.0012759999954141676
0.04487499999231659 9.999785106629133e-07
0.044911000004503876 0.0011380000214558095
0.044911000004503876 1.00000761449337e-06
0.04550600002403371 0.001096000021789223
0.04550600002403371 1.00000761449337e-06
0.04178400000091642 0.0009729999874252826
0.04178400000091642 0.0
0.04201799997827038 0.0014380000066012144
0.04201799997827038 0.0
0.04236900000250898 0.0010449999826960266
0.04236900000250898 0.0
0.04202100000111386 0.0012500000011641532
0.04202100000111386 0.0
0.04230000000097789 0.0010189999884460121
0.04230000000097789 1.00000761449337e-06
0.042076999990968034 0.0010229999898001552
0.042076999990968034 1.00000761449337e-06
0.03936899997643195 0.0009330000029876828
0.03936899997643195 0.0
0.037167000002227724 0.0008960000122897327
0.037167000002227724 0.0
0.03690500001539476 0.0009190000128000975
0.03690500001539476 1.00000761449337e-06
0.03666700000758283 0.0008909999742172658
0.03666700000758283 1.00000761449337e-06
0.04537999999593012 0.0016800000157672912
0.04537999999593012 0.0
0.04743200002121739 0.0012170000118203461
0.04743200002121739 1.00000761449337e-06
0.047675999987404794 0.0011609999928623438
0.047675999987404794 1.00000761449337e-06
0.0447190000268165 0.0010879999899771065
0.0447190000268165 0.0
0.04176800002460368 0.0010509999992791563
0.04176800002460368 1.00000761449337e-06
0.03674799998407252 0.0008739999902900308
0.03674799998407252 1.00000761449337e-06
0.03734099998837337 0.0009469999931752682
0.03734099998837337 0.0
0.03669199999421835 0.0008730000117793679
0.03669199999421835 0.0
0.03689000001759268 0.0009080000163521618
0.03689000001759268 0.0
0.03630700000212528 0.0008920000109355897
0.03630700000212528 0.0
0.03915300001972355 0.0009199999913107604
0.03915300001972355 0.0
0.03962399999727495 0.00092299998505041
0.03962399999727495 0.0
0.04015400001662783 0.0010269999911542982
0.04015400001662783 0.0
0.04209199998877011 0.0011940000113099813
0.04209199998877011 0.0
0.04203800001414493 0.001516999996965751
0.04203800001414493 0.0
0.03920800000196323 0.0010189999884460121
0.03920800000196323 0.0
0.039315000001806766 0.00120900000911206
0.039315000001806766 0.0
0.04237199999624863 0.0016659999964758754
0.04237199999624863 0.0
0.04223500000080094 0.0012329999881330878
0.04223500000080094 1.00000761449337e-06
0.043711000005714595 0.0011159999994561076
0.043711000005714595 0.0
0.05033800000092015 0.0018489999929443002
0.05033800000092015 0.0
0.05696600000374019 0.0018280000076629221
0.05696600000374019 0.0
0.06221999999252148 0.0015549999952781945
0.06221999999252148 1.00000761449337e-06
0.06863200000952929 0.0016720000130590051
0.06863200000952929 0.0
0.06171300000278279 0.0013939999917056412
0.06171300000278279 0.0
0.06086699999286793 0.0014079999818932265
0.06086699999286793 0.0
0.06485500000417233 0.0014749999972991645
0.06485500000417233 0.0
0.06408299997565337 0.001636000000871718
0.06408299997565337 0.0
0.06389800002216361 0.0015450000064447522
0.06389800002216361 1.00000761449337e-06
0.06505799997830763 0.001572999986819923
0.06505799997830763 9.999785106629133e-07
0.06647200000588782 0.0017130000051110983
0.06647200000588782 1.00000761449337e-06
0.06851799998548813 0.005864000006113201
0.06851799998548813 0.0
0.06515599999693222 0.0015509999939240515
0.06515599999693222 9.999785106629133e-07
0.06742300000041723 0.0015650000132154673
0.06742300000041723 1.00000761449337e-06
0.07351299998117611 0.0015859999984968454
0.07351299998117611 0.0
0.07246500000474043 0.0017379999917466193
0.07246500000474043 0.0
0.05935899997712113 0.0014510000182781368
0.05935899997712113 0.0
0.06362000000081025 0.001724000001559034
0.06362000000081025 0.0
0.06753000000026077 0.0016330000071320683
0.06753000000026077 0.0
0.06951899998239242 0.001744000008329749
0.06951899998239242 1.00000761449337e-06
0.07003100001020357 0.0016219999815803021
0.07003100001020357 1.00000761449337e-06
0.07123099997988902 0.0016020000039134175
0.07123099997988902 0.0
0.06734199999482371 0.0016959999920800328
0.06734199999482371 0.0
0.06725400002324022 0.00156899998546578
0.06725400002324022 0.0
0.06811300001572818 0.0015270000149030238
0.06811300001572818 9.999785106629133e-07
0.06865199998719618 0.0016780000005383044
0.06865199998719618 0.0
0.06771000000298955 0.0015559999737888575
0.06771000000298955 0.0
0.06672999999136664 0.0016140000079758465
0.06672999999136664 1.00000761449337e-06
0.0674730000027921 0.0016509999986737967
0.0674730000027921 0.0
0.06725900000310503 0.0015579999890178442
0.06725900000310503 9.999785106629133e-07
0.06666200002655387 0.0016509999986737967
0.06666200002655387 0.0
0.07106099999509752 0.0017639999859966338
0.07106099999509752 0.0
0.06963300000643358 0.0015990000101737678
0.06963300000643358 0.0
0.07102600001962855 0.0018900000141002238
0.07102600001962855 1.00000761449337e-06
0.07167699999990873 0.0016830000095069408
0.07167699999990873 0.0
0.07000000000698492 0.0016870000108610839
0.07000000000698492 1.00000761449337e-06
0.07042199998977594 0.0016799999866634607
0.07042199998977594 9.999785106629133e-07
0.07083300000522286 0.001711999997496605
0.07083300000522286 0.0
0.07142799999564886 0.0016860000032465905
0.07142799999564886 9.999785106629133e-07
0.07367099999100901 0.0016619999951217324
0.07367099999100901 1.00000761449337e-06
0.07065000000875443 0.0016949999844655395
0.07065000000875443 0.0
0.07504899997729808 0.004054999997606501
0.07504899997729808 9.999785106629133e-07
0.07462400000076741 0.002082999999402091
0.07462400000076741 1.00000761449337e-06
0.07760899999993853 0.0018620000046212226
0.07760899999993853 1.00000761449337e-06
0.08200799999758601 0.0043120000045746565
0.08200799999758601 1.00000761449337e-06
0.08260799999698065 0.002236999978777021
0.08260799999698065 0.0
0.08404700001119636 0.002170000021578744
0.08404700001119636 1.00000761449337e-06
0.08756600000197068 0.004569000011542812
0.08756600000197068 0.0
0.08557299998938106 0.0022250000038184226
0.08557299998938106 0.0
0.08644799998728558 0.0020040000090375543
0.08644799998728558 0.0
0.0796449999907054 0.001896000001579523
0.0796449999907054 9.999785106629133e-07
0.08144100001663901 0.0019250000186730176
0.08144100001663901 0.0
0.07794499999727122 0.0020380000059958547
0.07794499999727122 9.999785106629133e-07
0.07200700000976212 0.0017349999980069697
0.07200700000976212 0.0
0.07263999999850057 0.0016699999978300184
0.07263999999850057 0.0
0.07046399998944253 0.0018449999915901572
0.07046399998944253 0.0
0.08925499999895692 0.002546000003349036
0.08925499999895692 0.0
0.09273400000529364 0.002166999998735264
0.09273400000529364 0.0
0.08524600000237115 0.00197800001478754
0.08524600000237115 0.0
0.0785840000025928 0.0016550000000279397
0.0785840000025928 1.00000761449337e-06
0.06998799997381866 0.001631999999517575
0.06998799997381866 1.00000761449337e-06
0.07155399999464862 0.0017259999876841903
0.07155399999464862 1.00000761449337e-06
0.07254100000136532 0.0019029999966733158
0.07254100000136532 0.0
0.07197299998369999 0.0016590000013820827
0.07197299998369999 0.0
0.07290199998533353 0.0021779999951831996
0.07290199998533353 0.0
0.07485400000587106 0.0020129999902565032
0.07485400000587106 0.0
0.0768159999861382 0.0020859999931417406
0.0768159999861382 9.999785106629133e-07
0.07525700001860969 0.0017700000025797635
0.07525700001860969 1.00000761449337e-06
0.07283700001426041 0.0016500000201631337
0.07283700001426041 1.00000761449337e-06
0.07268400001339614 0.0016380000161007047
0.07268400001339614 9.999785106629133e-07
0.06980200001271442 0.0015940000012051314
0.06980200001271442 0.0
0.07111499999882653 0.0016509999986737967
0.07111499999882653 9.999785106629133e-07
0.06740400000126101 0.0016849999956320971
0.06740400000126101 0.0
0.06676399998832494 0.00157200000830926
0.06676399998832494 1.00000761449337e-06
0.06672900001285598 0.001623000018298626
0.06672900001285598 1.00000761449337e-06
0.06420100000104867 0.0014889999874867499
0.06420100000104867 0.0
0.06651299999793991 0.00200899998890236
0.06651299999793991 0.0
0.06255000000237487 0.0014910000027157366
0.06255000000237487 0.0
0.061461999983293936 0.0014910000027157366
0.061461999983293936 0.0
0.062067999999271706 0.0014300000038929284
0.062067999999271706 1.00000761449337e-06
0.060699000023305416 0.001476000004913658
0.060699000023305416 0.0
0.06196500000078231 0.0014029999729245901
0.06196500000078231 1.00000761449337e-06
0.061877000000094995 0.0014899999951012433
0.061877000000094995 1.00000761449337e-06
0.06050300001516007 0.001437999977497384
0.06050300001516007 1.00000761449337e-06
0.06167500000447035 0.0014500000106636435
0.06167500000447035 1.00000761449337e-06
0.06486199999926612 0.0015420000127051026
0.06486199999926612 9.999785106629133e-07
0.06357800000114366 0.001457999984268099
0.06357800000114366 0.0
0.06343999999808148 0.0020329999970272183
0.06343999999808148 0.0
0.06417699999292381 0.0017470000020693988
0.06417699999292381 0.0
0.06558500000392087 0.001740999985486269
0.06558500000392087 9.999785106629133e-07
0.0635140000085812 0.0019069999980274588
0.0635140000085812 1.00000761449337e-06
0.06435200001578778 0.0017669999797362834
0.06435200001578778 1.00000761449337e-06
0.06051199999637902 0.0017709999810904264
0.06051199999637902 1.00000761449337e-06
0.052622999995946884 0.0012879999994765967
0.052622999995946884 1.00000761449337e-06
0.05646100000012666 0.0015740000235382468
0.05646100000012666 9.999785106629133e-07
0.05312600001343526 0.001404000009642914
0.05312600001343526 0.0
0.05939999999827705 0.001896999980090186
0.05939999999827705 0.0
0.058144999988144264 0.001736999984132126
0.058144999988144264 0.0
0.05951500000082888 0.001480000006267801
0.05951500000082888 0.0
0.053771000006236136 0.001576999988174066
0.053771000006236136 1.00000761449337e-06
0.05843599999207072 0.002238999994006008
0.05843599999207072 1.00000761449337e-06
0.06193299998994917 0.0015540000167675316
0.06193299998994917 0.0
0.06449900000006892 0.0017780000052880496
0.06449900000006892 0.0
0.06757899999502115 0.0020490000024437904
0.06757899999502115 0.0
0.06971700000576675 0.0019570000004023314
0.06971700000576675 1.00000761449337e-06
0.07015600000158884 0.001652999984798953
0.07015600000158884 1.00000761449337e-06
0.07343699998455122 0.0021960000158287585
0.07343699998455122 0.0
0.06953300000168383 0.002068000001600012
0.06953300000168383 0.0
0.07249600000795908 0.0020099999965168536
0.07249600000795908 0.0
0.07590699999127537 0.001994999998714775
0.07590699999127537 9.999785106629133e-07
0.06754400001955219 0.0017380000208504498
0.06754400001955219 1.00000761449337e-06
0.07117999999900348 0.002162999997381121
0.07117999999900348 1.00000761449337e-06
0.06862800000817515 0.001707999996142462
0.06862800000817515 1.00000761449337e-06
0.07000700000207871 0.0016879999893717468
0.07000700000207871 1.00000761449337e-06
0.06681200000457466 0.0019050000119023025
0.06681200000457466 0.0
0.0670420000096783 0.0015079999866429716
0.0670420000096783 0.0
0.07132099999580532 0.0018350000027567148
0.07132099999580532 1.00000761449337e-06
0.0751860000018496 0.0019169999868609011
0.0751860000018496 0.0
0.07594900002004579 0.0019939999911002815
0.07594900002004579 0.0
0.0749039999791421 0.0016830000095069408
0.0749039999791421 0.0
0.06330199999501929 0.0015490000077988952
0.06330199999501929 9.999785106629133e-07
0.06679699997766875 0.0015439999988302588
0.06679699997766875 0.0
0.0635080000211019 0.0014570000057574362
0.0635080000211019 0.0
0.06630400000722148 0.0015539999876637012
0.06630400000722148 0.0
0.0721309999935329 0.001824999984819442
0.0721309999935329 0.0
0.06894900000770576 0.001636000000871718
0.06894900000770576 0.0
0.07000100001459941 0.0015810000186320394
0.07000100001459941 1.00000761449337e-06
0.06859499998972751 0.0016149999864865094
0.06859499998972751 1.00000761449337e-06
0.06972400000086054 0.0016029999824240804
0.06972400000086054 1.00000761449337e-06
0.06866900000022724 0.0016069999837782234
0.06866900000022724 0.0
0.06687799998326227 0.0014950000040698797
0.06687799998326227 0.0
0.06661199999507517 0.001516999996965751
0.06661199999507517 1.00000761449337e-06
0.06595499999821186 0.0015159999893512577
0.06595499999821186 9.999785106629133e-07
0.07038099999772385 0.0016820000018924475
0.07038099999772385 1.00000761449337e-06
0.07247199999983422 0.0017299999890383333
0.07247199999983422 1.00000761449337e-06
0.07484499999554828 0.001867000013589859
0.07484499999554828 0.0
0.07840399999986403 0.0018740000086836517
0.07840399999986403 1.00000761449337e-06
0.0772059999871999 0.0017649999936111271
0.0772059999871999 0.0
0.07635899999877438 0.001828999986173585
0.07635899999877438 1.00000761449337e-06
0.07589599999482743 0.0018899999849963933
0.07589599999482743 0.0
0.07457799999974668 0.00173200000426732
0.07457799999974668 0.0
0.0742409999947995 0.0017539999971631914
0.0742409999947995 1.00000761449337e-06
0.07283099999767728 0.0016660000255797058
0.07283099999767728 0.0
0.08067500000470318 0.0020570000051520765
0.08067500000470318 0.0
0.08074400000623427 0.0019029999966733158
0.08074400000623427 0.0
0.07995600000140257 0.0020779999904334545
0.07995600000140257 0.0
0.07096300000557676 0.0016260000120382756
0.07096300000557676 0.0
0.057032000011531636 0.001352999999653548
0.057032000011531636 0.0
0.04435000001103617 0.001057999994372949
0.04435000001103617 1.00000761449337e-06
0.03654499998083338 0.0009209999989252537
0.03654499998083338 1.00000761449337e-06
0.033179999998537824 0.0008629999938420951
0.033179999998537824 1.00000761449337e-06
0.0340239999932237 0.0008809999853838235
0.0340239999932237 1.00000761449337e-06
0.0331329999899026 0.0008079999824985862
0.0331329999899026 0.0
0.03360100000281818 0.0008549999911338091
0.03360100000281818 1.00000761449337e-06
0.03358299998217262 0.0008589999924879521
0.03358299998217262 1.00000761449337e-06
0.03347399999620393 0.0008690000104252249
0.03347399999620393 0.0
0.033370999997714534 0.0009300000092480332
0.033370999997714534 1.00000761449337e-06
0.0343750000174623 0.0009529999806545675
0.0343750000174623 0.0
0.03455300000496209 0.000877000013133511
0.03455300000496209 0.0
0.03412399999797344 0.0008359999919775873
0.03412399999797344 0.0
0.03329300001496449 0.0008420000085607171
0.03329300001496449 0.0
0.034142999997129664 0.0008329999982379377
0.034142999997129664 0.0
0.0331609999993816 0.0008200000156648457
0.0331609999993816 1.00000761449337e-06
0.03374199999962002 0.000826000003144145
0.03374199999962002 1.00000761449337e-06
0.033097000006819144 0.0008249999955296516
0.033097000006819144 1.00000761449337e-06
0.03396700002485886 0.0012630000128410757
0.03396700002485886 0.0
0.0345390000147745 0.0009080000163521618
0.0345390000147745 1.00000761449337e-06
0.033414000004995614 0.0008350000134669244
0.033414000004995614 1.00000761449337e-06
0.033355999999912456 0.0008510000188834965
0.033355999999912456 0.0
0.03361199999926612 0.0008470000175293535
0.03361199999926612 0.0
0.03368999998201616 0.0008350000134669244
0.03368999998201616 0.0
0.030922000005375594 0.0007979999936651438
0.030922000005375594 9.999785106629133e-07
0.03044699999736622 0.0007679999980609864
0.03044699999736622 0.0
0.031223999976646155 0.0007470000127796084
0.031223999976646155 0.0
0.028119000024162233 0.0007570000016130507
0.028119000024162233 1.00000761449337e-06
0.03149600001052022 0.0008570000063627958
0.03149600001052022 9.999785106629133e-07
0.031119999999646097 0.0007550000154878944
0.031119999999646097 1.00000761449337e-06
0.03150199999799952 0.000822000001790002
0.03150199999799952 0.0
0.03143100001034327 0.0008120000129565597
0.03143100001034327 0.0
0.030239999992772937 0.000770999991800636
0.030239999992772937 0.0
0.030823000008240342 0.0007610000029671937
0.030823000008240342 0.0
0.030427999998209998 0.0008359999919775873
0.030427999998209998 0.0
0.03060699999332428 0.0007859999896027148
0.03060699999332428 0.0
0.030697000009240583 0.0007719999994151294
0.030697000009240583 1.00000761449337e-06
0.031304000003729016 0.0008109999762382358
0.031304000003729016 0.0
0.03333000000566244 0.0008650000090710819
0.03333000000566244 0.0
0.03376300001400523 0.0009009999921545386
0.03376300001400523 1.00000761449337e-06
0.03384300001198426 0.000901999999769032
0.03384300001198426 1.00000761449337e-06
0.03590700001223013 0.0010550000006332994
0.03590700001223013 9.999785106629133e-07
0.03628899998147972 0.0009589999972376972
0.03628899998147972 0.0
0.03609599999617785 0.0009490000084042549
0.03609599999617785 1.00000761449337e-06
0.03539399997680448 0.0011349999986123294
0.03539399997680448 1.00000761449337e-06
0.034562000015284866 0.0009250000002793968
0.034562000015284866 1.00000761449337e-06
0.03552299999864772 0.000893999997060746
0.03552299999864772 1.00000761449337e-06
0.03555800000322051 0.001196000026538968
0.03555800000322051 0.0
0.0361960000009276 0.0013040000048931688
0.0361960000009276 0.0
0.03629499999806285 0.000901999999769032
0.03629499999806285 0.0
0.03614399998332374 0.0011110000195913017
0.03614399998332374 0.0
0.033765000000130385 0.0009980000031646341
0.033765000000130385 9.999785106629133e-07
0.03854199999477714 0.0011600000143516809
0.03854199999477714 1.00000761449337e-06
0.03966800001217052 0.0011289999820291996
0.03966800001217052 0.0
0.039523999992525205 0.0009740000241436064
0.039523999992525205 0.0
0.03891899998416193 0.0010279999987687916
0.03891899998416193 1.00000761449337e-06
0.039132999983849004 0.0009340000106021762
0.039132999983849004 0.0
0.03927300000214018 0.0009919999865815043
0.03927300000214018 0.0
0.03631100000347942 0.0009009999921545386
0.03631100000347942 9.999785106629133e-07
0.036866000009467825 0.0008659999875817448
0.036866000009467825 0.0
0.02789100000518374 0.0007049999840091914
0.02789100000518374 0.0
INFO:sc2.protocol:Client status changed to Status.ended (was Status.in_game)
INFO:root:Result for player 2 - Bot(Race.Terran, <bots.Showing_bot.speedBot.MarinBot object at 0x7f7e494a4b70>): Defeat
INFO:sc2.protocol:Client status changed to Status.ended (was Status.in_game)
INFO:root:Result for player 1 - Bot(Race.Terran, <bots.npc.osjbot.OsjBot object at 0x7f7e494a41d0>): Victory
INFO:sc2.client:Saved replay to outs/2020-01-17T11-28-03/replays/npc-showing_bot/npc-showing_bot-1.SC2Replay
INFO:sc2.protocol:Client status changed to Status.launched (was Status.ended)
INFO:sc2.protocol:Client status changed to Status.quit (was Status.launched)
INFO:sc2.sc2process:kill_switch: Process cleanup
INFO:sc2.sc2process:Cleaning up...
INFO:sc2.sc2process:Cleanup complete
INFO:sc2.sc2process:Cleaning up...
INFO:sc2.sc2process:Cleanup complete
INFO:sc2.protocol:Cannot receive: Connection already closed.
INFO:sc2.sc2process:kill_switch: Process cleanup
INFO:sc2.sc2process:Cleaning up...
INFO:sc2.sc2process:Cleanup complete
INFO:sc2.sc2process:Cleaning up...
INFO:sc2.sc2process:Cleanup complete


## STDERR ##

Version: B75689 (SC2.4.10)
Build: Aug 12 2019 17:16:57
Command Line: '"/home/hspark8312/StarCraftII/Versions/Base75689/SC2_x64" -listen 127.0.0.1 -port 18653 -displayMode 0 -dataDir /home/hspark8312/StarCraftII -tempDir /tmp/SC2_h9m14q6h'
Starting up...
Startup Phase 1 complete
Version: B75689 (SC2.4.10)
Build: Aug 12 2019 17:16:57
Command Line: '"/home/hspark8312/StarCraftII/Versions/Base75689/SC2_x64" -listen 127.0.0.1 -port 16548 -displayMode 0 -dataDir /home/hspark8312/StarCraftII -tempDir /tmp/SC2_yqvhaobw'
Starting up...
Startup Phase 1 complete
Startup Phase 2 complete
Creating stub renderer...
Listening on: 127.0.0.1:18653
Startup Phase 3 complete. Ready for commands.
Startup Phase 2 complete
Creating stub renderer...
ConnectHandler: Request from 127.0.0.1:54022 accepted
ReadyHandler: 127.0.0.1:54022 ready
Requesting to join a multiplayer game
Configuring interface options
Configure: raw interface enabled
Configure: feature layer interface enabled
Configure: score interface enabled
Configure: render interface disabled
Create game with map path: NCFellowship-2019_m1_v6.SC2Map
Listening on: 127.0.0.1:16548
Startup Phase 3 complete. Ready for commands.
ConnectHandler: Request from 127.0.0.1:54023 accepted
ReadyHandler: 127.0.0.1:54023 ready
Requesting to join a multiplayer game
Configuring interface options
Configure: raw interface enabled
Configure: feature layer interface enabled
Configure: score interface enabled
Configure: render interface disabled
Attempting to join a game with the map: NCFellowship-2019_m1_v6.SC2Map
Game has started.
Using default stable ids, none found at: /home/hspark8312/StarCraftII/stableid.json
Successfully loaded stable ids: GameData\stableid.json
Sending ResponseJoinGame
Game has started.
Using default stable ids, none found at: /home/hspark8312/StarCraftII/stableid.json
Successfully loaded stable ids: GameData\stableid.json
Sending ResponseJoinGame
RequestQuit command received.
Closing Application...
CloseHandler: 127.0.0.1:54023 disconnected
Terminate action already called.
/home/hspark8312/anaconda3/envs/sc2/lib/python3.6/importlib/_bootstrap.py:219: RuntimeWarning: numpy.ufunc size changed, may indicate binary incompatibility. Expected 192 from C header, got 216 from PyObject
  return f(*args, **kwds)
/home/hspark8312/anaconda3/envs/sc2/lib/python3.6/importlib/_bootstrap.py:219: RuntimeWarning: numpy.ufunc size changed, may indicate binary incompatibility. Expected 192 from C header, got 216 from PyObject
  return f(*args, **kwds)
/home/hspark8312/anaconda3/envs/sc2/lib/python3.6/site-packages/tensorboard/compat/tensorflow_stub/dtypes.py:541: FutureWarning: Passing (type, 1) or '1type' as a synonym of type is deprecated; in a future version of numpy, it will be understood as (type, (1,)) / '(1,)type'.
  _np_qint8 = np.dtype([("qint8", np.int8, 1)])
/home/hspark8312/anaconda3/envs/sc2/lib/python3.6/site-packages/past/builtins/misc.py:45: DeprecationWarning: the imp module is deprecated in favour of importlib; see the module's documentation for alternative uses
  from imp import reload
/mnt/d/sc2minigame-eval-2020-01-09/bots/Showing_bot/speedBot.py:1643: RuntimeWarning: coroutine 'TerreinManager.debug' was never awaited
  self.terrein_manager.debug()
