## STDOUT ##

[[92mINFO[0m] SC2 4.9.0 용 패치 적용
패치 sc2.ids.ability_id
패치 sc2.game_state
패치 sc2.bot_ai
패치 sc2.client
패치 sc2.controller
패치 sc2.main
INFO:root:Failed to import cuda module: No module named 'caffe2.python.caffe2_pybind11_state_gpu'
INFO:root:Failed to import AMD hip module: No module named 'caffe2.python.caffe2_pybind11_state_hip'
WARNING:root:This caffe2 python run does not have GPU support. Will run in CPU only mode.
cpu
INFO:sc2.protocol:Client status changed to Status.launched (was None)
INFO:sc2_patch.sc2_patch_490.controller:Creating new game
INFO:sc2_patch.sc2_patch_490.controller:Map:     NCFellowship-2019_m1_v6
INFO:sc2_patch.sc2_patch_490.controller:Players: Bot(Race.Terran, <bots.npc.osjbot.OsjBot object at 0x7f6060294128>), Bot(Race.Terran, <bots.Showing_bot.speedBot.MarinBot object at 0x7f6060294ac8>)
INFO:sc2.protocol:Client status changed to Status.init_game (was Status.launched)
INFO:sc2.protocol:Client status changed to Status.launched (was None)
INFO:sc2.protocol:Client status changed to Status.in_game (was None)
INFO:root:Player 1 - Bot(Race.Terran, <bots.npc.osjbot.OsjBot object at 0x7f6060294128>)
TEST: 1, <bots.npc.osjbot.OsjBot object at 0x7f6060294128>
INFO:sc2.protocol:Client status changed to Status.in_game (was None)
INFO:root:Player 2 - Bot(Race.Terran, <bots.Showing_bot.speedBot.MarinBot object at 0x7f6060294ac8>)
TEST: 2, <bots.Showing_bot.speedBot.MarinBot object at 0x7f6060294ac8>
load model: bots/Showing_bot/models/model-89.pt
create new model
0.046283000003313646 0.0026870000001508743
0.046283000003313646 0.0
0.04774499998893589 0.0020289999956730753
0.04774499998893589 0.0
0.04704399997717701 0.0017180000140797347
0.04704399997717701 9.999785106629133e-07
0.04787999999825843 0.005184999987250194
0.04787999999825843 0.0
0.04756499998620711 0.0013599999947473407
0.04756499998620711 0.0
0.04627599997911602 0.0011949999898206443
0.04627599997911602 0.0
0.046482999983709306 0.0013700000126846135
0.046482999983709306 1.00000761449337e-06
0.049078999989433214 0.0030670000123791397
0.049078999989433214 0.0
0.049306999979307875 0.0014519999967887998
0.049306999979307875 1.00000761449337e-06
0.04950900000403635 0.001213999988976866
0.04950900000403635 0.0
0.04936000000452623 0.0011829999857582152
0.04936000000452623 1.00000761449337e-06
0.048973000026308 0.0011780000058934093
0.048973000026308 1.00000761449337e-06
0.05018000002019107 0.0012650000280700624
0.05018000002019107 0.0
0.049002000014297664 0.0012070000229869038
0.049002000014297664 0.0
0.04940700001316145 0.0012479999859351665
0.04940700001316145 9.999785106629133e-07
0.04982300000847317 0.0014529999752994627
0.04982300000847317 0.0
0.04863100001239218 0.0011819999781437218
0.04863100001239218 0.0
0.04922799998894334 0.0011989999911747873
0.04922799998894334 0.0
0.049553000018931925 0.0012190000270493329
0.049553000018931925 1.00000761449337e-06
0.04902599999331869 0.0011839999933727086
0.04902599999331869 0.0
0.05303799998364411 0.0013399999879766256
0.05303799998364411 1.00000761449337e-06
0.052746000001206994 0.0012479999859351665
0.052746000001206994 1.00000761449337e-06
0.05124300002353266 0.0012490000226534903
0.05124300002353266 1.00000761449337e-06
0.0511629999964498 0.0012559999886434525
0.0511629999964498 0.0
0.04940899999928661 0.0012270000006537884
0.04940899999928661 1.00000761449337e-06
0.048875999986194074 0.0012040000001434237
0.048875999986194074 0.0
0.0503690000041388 0.0012279999791644514
0.0503690000041388 1.00000761449337e-06
0.04949099998339079 0.0012629999837372452
0.04949099998339079 0.0
0.050352999998722225 0.0013359999866224825
0.050352999998722225 1.00000761449337e-06
0.04876700000022538 0.0012029999925289303
0.04876700000022538 0.0
0.049627000000327826 0.0012160000042058527
0.049627000000327826 9.999785106629133e-07
0.04876299999887124 0.0011959999974351376
0.04876299999887124 0.0
0.04973699999391101 0.0012669999850913882
0.04973699999391101 0.0
0.04856700001982972 0.0011870000162161887
0.04856700001982972 0.0
0.05029599997214973 0.0012310000020079315
0.05029599997214973 0.0
0.05151799999293871 0.0013660000113304704
0.05151799999293871 1.00000761449337e-06
0.05261600000085309 0.0012729999725706875
0.05261600000085309 0.0
0.05273599998326972 0.0012920000008307397
0.05273599998326972 0.0
0.05211300001246855 0.0012960000021848828
0.05211300001246855 0.0
0.0514289999846369 0.001277000003028661
0.0514289999846369 0.0
changed strategy
0.05299999998533167 0.0012200000055599958
0.05299999998533167 0.0
0.054774000018369406 0.0013230000040493906
0.054774000018369406 9.999785106629133e-07
0.05242699998780154 0.0013560000224970281
0.05242699998780154 0.0
0.052940000023227185 0.0013370000233408064
0.052940000023227185 0.0
0.05427699998836033 0.003673999977763742
0.05427699998836033 0.0
0.052165000000968575 0.0016290000057779253
0.052165000000968575 0.0
0.05212000000756234 0.0012729999725706875
0.05212000000756234 1.00000761449337e-06
0.05506499999319203 0.0014559999981429428
0.05506499999319203 0.0
0.05506700000842102 0.0014350000128615648
0.05506700000842102 0.0
0.06715200000326149 0.0013920000055804849
0.06715200000326149 0.0
0.06243299998459406 0.003706000017700717
0.06243299998459406 0.0
0.057598000013967976 0.0015090000233612955
0.057598000013967976 0.0
0.06935199999134056 0.001980000000912696
0.06935199999134056 1.00000761449337e-06
0.0715619999973569 0.0022170000011101365
0.0715619999973569 0.0
0.05802300001960248 0.0017780000052880496
0.05802300001960248 1.00000761449337e-06
0.06005200001527555 0.0016279999981634319
0.06005200001527555 0.0
0.057795000000623986 0.001496000011684373
0.057795000000623986 0.0
0.05686000001151115 0.0013589999871328473
0.05686000001151115 0.0
0.05784200000925921 0.0013949999993201345
0.05784200000925921 1.00000761449337e-06
0.05721699999412522 0.0015230000135488808
0.05721699999412522 0.0
0.058791000017663464 0.0014239999873097986
0.058791000017663464 0.0
0.057773000007728115 0.0014550000196322799
0.057773000007728115 0.0
0.057413000002270564 0.001613999978872016
0.057413000002270564 0.0
0.05718100001104176 0.0017769999976735562
0.05718100001104176 9.999785106629133e-07
0.057514999993145466 0.0014099999971222132
0.057514999993145466 9.999785106629133e-07
0.05765700002666563 0.0014049999881535769
0.05765700002666563 0.0
0.056379999994533136 0.0016199999954551458
0.056379999994533136 9.999785106629133e-07
0.05812000000150874 0.0013730000064242631
0.05812000000150874 9.999785106629133e-07
0.07950399999390356 0.0023449999862350523
0.07950399999390356 0.0
0.057773000007728115 0.0014349999837577343
0.057773000007728115 0.0
0.06055600001127459 0.001529999979538843
0.06055600001127459 9.999785106629133e-07
0.05998399999225512 0.0015410000050906092
0.05998399999225512 0.0
0.05690699999104254 0.0013850000104866922
0.05690699999104254 0.0
0.058074999978998676 0.0014420000079553574
0.058074999978998676 1.00000761449337e-06
0.057801000017207116 0.0013750000216532499
0.057801000017207116 1.00000761449337e-06
0.057089999987510964 0.001613999978872016
0.057089999987510964 1.00000761449337e-06
0.05662000001757406 0.0013860000181011856
0.05662000001757406 0.0
0.057335999998031184 0.0014070000033825636
0.057335999998031184 0.0
0.057418999989749864 0.0013740000140387565
0.057418999989749864 0.0
0.05660000001080334 0.0013959999778307974
0.05660000001080334 0.0
0.0575259999895934 0.001541999983601272
0.0575259999895934 1.00000761449337e-06
0.05455599998822436 0.0013289999915286899
0.05455599998822436 0.0
0.054906000004848465 0.0015140000032261014
0.054906000004848465 1.00000761449337e-06
0.05437900000833906 0.0019839999731630087
0.05437900000833906 0.0
0.053675000002840534 0.001524999999674037
0.053675000002840534 0.0
0.05211799999233335 0.0018339999951422215
0.05211799999233335 0.0
0.05187000002479181 0.0014699999883305281
0.05187000002479181 9.999785106629133e-07
0.05043199998908676 0.0012439999845810235
0.05043199998908676 0.0
0.04974799999035895 0.001492999988840893
0.04974799999035895 0.0
0.048839000024599954 0.0014159999846015126
0.048839000024599954 0.0
0.0519510000012815 0.0016490000125486404
0.0519510000012815 9.999785106629133e-07
0.05224399999133311 0.0014879999798722565
0.05224399999133311 9.999785106629133e-07
0.0525410000118427 0.001556000002892688
0.0525410000118427 0.0
0.04956300000776537 0.0014490000030491501
0.04956300000776537 0.0
0.04871499998262152 0.0014190000074449927
0.04871499998262152 0.0
0.04869399999734014 0.0012370000185910612
0.04869399999734014 0.0
0.04925400001229718 0.0016839999880176038
0.04925400001229718 1.00000761449337e-06
0.04346700001042336 0.0011729999969247729
0.04346700001042336 0.0
0.04337999998824671 0.0014300000038929284
0.04337999998824671 0.0
0.04231999997864477 0.0014490000030491501
0.04231999997864477 1.00000761449337e-06
0.04452199998195283 0.001264999998966232
0.04452199998195283 0.0
0.045329000015044585 0.0013749999925494194
0.045329000015044585 0.0
0.044209000014234334 0.001141999993706122
0.044209000014234334 0.0
0.043762999994214624 0.0014269999810494483
0.043762999994214624 1.00000761449337e-06
0.044045999995432794 0.0013430000108201057
0.044045999995432794 0.0
0.043941999989328906 0.0011140000133309513
0.043941999989328906 0.0
0.04406099999323487 0.0011529999901540577
0.04406099999323487 0.0
0.04374599998118356 0.001117000007070601
0.04374599998118356 0.0
0.04509700002381578 0.0012080000014975667
0.04509700002381578 0.0
0.04477599999518134 0.001193000003695488
0.04477599999518134 9.999785106629133e-07
0.04462699999567121 0.0015739999944344163
0.04462699999567121 0.0
0.0446409999858588 0.0012100000167265534
0.0446409999858588 0.0
0.044870999990962446 0.0011709999816957861
0.044870999990962446 0.0
0.04433699999935925 0.0011449999874457717
0.04433699999935925 0.0
0.045091999985743314 0.0012529999949038029
0.045091999985743314 0.0
0.04440099999192171 0.0013190000026952475
0.04440099999192171 0.0
0.04448100001900457 0.0011830000148620456
0.04448100001900457 1.00000761449337e-06
0.046786999999312684 0.0012220000207889825
0.046786999999312684 0.0
0.04707699999562465 0.0011630000080913305
0.04707699999562465 0.0
0.047587000008206815 0.0011799999920185655
0.047587000008206815 1.00000761449337e-06
0.048255000001518056 0.001158999977633357
0.048255000001518056 1.00000761449337e-06
0.04485700000077486 0.0011950000189244747
0.04485700000077486 1.00000761449337e-06
0.04428800000459887 0.0011950000189244747
0.04428800000459887 1.00000761449337e-06
0.04448499999125488 0.001125000009778887
0.04448499999125488 1.00000761449337e-06
0.04510000001755543 0.0011150000209454447
0.04510000001755543 1.00000761449337e-06
0.044858000008389354 0.001256000017747283
0.044858000008389354 0.0
0.04383800001232885 0.0011670000094454736
0.04383800001232885 0.0
0.04363500000908971 0.0011140000133309513
0.04363500000908971 0.0
0.04600399997434579 0.0011060000106226653
0.04600399997434579 1.00000761449337e-06
0.0441409999912139 0.0011480000102892518
0.0441409999912139 0.0
0.04535199998645112 0.00112900001113303
0.04535199998645112 1.00000761449337e-06
0.04332799999974668 0.0012329999881330878
0.04332799999974668 1.00000761449337e-06
0.044101999985286966 0.0014049999881535769
0.044101999985286966 1.00000761449337e-06
0.04586899999412708 0.0012540000025182962
0.04586899999412708 0.0
0.04709299997193739 0.0012200000055599958
0.04709299997193739 0.0
0.046203000005334616 0.0011879999947268516
0.046203000005334616 1.00000761449337e-06
0.049396000016713515 0.0013399999879766256
0.049396000016713515 0.0
0.04954899998847395 0.0012489999935496598
0.04954899998847395 1.00000761449337e-06
0.04651099999318831 0.001197999983560294
0.04651099999318831 1.00000761449337e-06
0.03869399998802692 0.0009699999936856329
0.03869399998802692 1.00000761449337e-06
0.0390309999929741 0.0009629999985918403
0.0390309999929741 0.0
0.03629300001193769 0.0009010000212583691
0.03629300001193769 0.0
0.03636399999959394 0.0009050000226125121
0.03636399999959394 1.00000761449337e-06
0.03725500000291504 0.0009300000092480332
0.03725500000291504 0.0
0.0362920000043232 0.000897999998414889
0.0362920000043232 1.00000761449337e-06
0.03671299997949973 0.0008990000060293823
0.03671299997949973 0.0
0.03773100001853891 0.0009340000106021762
0.03773100001853891 0.0
0.037096999993082136 0.0010480000055395067
0.037096999993082136 1.00000761449337e-06
0.0383049999945797 0.0009879999852273613
0.0383049999945797 1.00000761449337e-06
0.03653299997677095 0.0009080000163521618
0.03653299997677095 9.999785106629133e-07
0.03971399998408742 0.0010149999870918691
0.03971399998408742 1.00000761449337e-06
0.04115500001353212 0.0010079999919980764
0.04115500001353212 0.0
0.04438999999547377 0.0011939999822061509
0.04438999999547377 0.0
0.04468099999940023 0.0011400000075809658
0.04468099999940023 1.00000761449337e-06
0.04658500000368804 0.0011859999794978648
0.04658500000368804 1.00000761449337e-06
0.04767199998605065 0.001352999999653548
0.04767199998605065 0.0
0.046854999993229285 0.0016180000093299896
0.046854999993229285 1.00000761449337e-06
0.047353000001749024 0.001150999974925071
0.047353000001749024 0.0
0.04361300001619384 0.0013709999911952764
0.04361300001619384 0.0
0.04370899999048561 0.0011149999918416142
0.04370899999048561 0.0
0.04507299998658709 0.0011069999891333282
0.04507299998658709 0.0
0.046300999994855374 0.0012889999779872596
0.046300999994855374 0.0
0.04626299999654293 0.0011480000102892518
0.04626299999654293 0.0
0.04778600001009181 0.0013289999915286899
0.04778600001009181 0.0
0.036663000006228685 0.0009160000190604478
0.036663000006228685 0.0
0.03631399999721907 0.000910999980987981
0.03631399999721907 0.0
0.03674399998271838 0.0009720000089146197
0.03674399998271838 0.0
0.035952000005636364 0.0008990000060293823
0.035952000005636364 1.00000761449337e-06
0.03724899998633191 0.000965000013820827
0.03724899998633191 9.999785106629133e-07
0.036351999995531514 0.0009000000136438757
0.036351999995531514 0.0
0.03661000001011416 0.0009119999886024743
0.03661000001011416 0.0
0.03652000002330169 0.0009030000073835254
0.03652000002330169 0.0
0.03627299997606315 0.0008990000060293823
0.03627299997606315 1.00000761449337e-06
0.03721500001847744 0.0009340000106021762
0.03721500001847744 0.0
0.03609600002528168 0.0008999999845400453
0.03609600002528168 1.00000761449337e-06
0.03596999999717809 0.0010100000072270632
0.03596999999717809 0.0
0.036354999989271164 0.0011280000035185367
0.036354999989271164 0.0
0.036955000017769635 0.0009010000212583691
0.036955000017769635 0.0
0.03679300000658259 0.0009850000205915421
0.03679300000658259 0.0
0.03625900001497939 0.0009409999765921384
0.03625900001497939 0.0
0.036982999998144805 0.0009910000080708414
0.036982999998144805 0.0
0.03641300002345815 0.0009689999860711396
0.03641300002345815 0.0
0.03638999999384396 0.0009119999886024743
0.03638999999384396 0.0
0.036231999984011054 0.0009169999975711107
0.036231999984011054 0.0
0.036860000021988526 0.0009920000156853348
0.036860000021988526 0.0
0.03888599999481812 0.0010809999948833138
0.03888599999481812 0.0
0.03848300001118332 0.0010919999913312495
0.03848300001118332 1.00000761449337e-06
0.03782100000535138 0.001041000010445714
0.03782100000535138 0.0
0.03657799999928102 0.0012339999957475811
0.03657799999928102 0.0
0.0363039999792818 0.0009879999852273613
0.0363039999792818 0.0
0.036262999987229705 0.0009719999798107892
0.036262999987229705 0.0
0.04754500000854023 0.0016709999763406813
0.04754500000854023 0.0
0.046738000004552305 0.0013310000067576766
0.046738000004552305 1.00000761449337e-06
0.048504000005777925 0.0012540000025182962
0.048504000005777925 9.999785106629133e-07
0.0526489999901969 0.001879999996162951
0.0526489999901969 1.00000761449337e-06
0.04704500001389533 0.0012580000038724393
0.04704500001389533 0.0
0.05565799999749288 0.0015450000064447522
0.05565799999749288 1.00000761449337e-06
0.05201000001397915 0.0014019999944139272
0.05201000001397915 1.00000761449337e-06
0.052174000011291355 0.0015509999939240515
0.052174000011291355 0.0
0.058200999977998435 0.0017729999963194132
0.058200999977998435 0.0
0.05819700000574812 0.0015859999984968454
0.05819700000574812 0.0
0.06568200001493096 0.0017220000154338777
0.06568200001493096 0.0
0.057212999992771074 0.001560000004246831
0.057212999992771074 1.00000761449337e-06
0.057237999979406595 0.001875999994808808
0.057237999979406595 0.0
0.0591030000068713 0.0019830000237561762
0.0591030000068713 0.0
0.05442099997890182 0.001512999995611608
0.05442099997890182 1.00000761449337e-06
0.05110499999136664 0.0012529999949038029
0.05110499999136664 0.0
0.043781999993370846 0.0012749999877996743
0.043781999993370846 1.00000761449337e-06
0.041567000007489696 0.0013939999917056412
0.041567000007489696 1.00000761449337e-06
0.04199899997911416 0.0010689999908208847
0.04199899997911416 0.0
0.041843999992124736 0.0010329999786335975
0.041843999992124736 0.0
0.04136000000289641 0.001145999995060265
0.04136000000289641 1.00000761449337e-06
0.04351300001144409 0.001381999987643212
0.04351300001144409 0.0
0.04157400000258349 0.001065999997081235
0.04157400000258349 9.999785106629133e-07
0.03913499999907799 0.0010089999996125698
0.03913499999907799 1.00000761449337e-06
0.03623999998671934 0.0009480000007897615
0.03623999998671934 1.00000761449337e-06
0.037087999982759356 0.0010809999948833138
0.037087999982759356 1.00000761449337e-06
0.04204800000297837 0.001556000002892688
0.04204800000297837 0.0
0.045517000020481646 0.0016720000130590051
0.045517000020481646 1.00000761449337e-06
0.05718399997567758 0.0019230000034440309
0.05718399997567758 0.0
0.06188799999654293 0.002055999997537583
0.06188799999654293 9.999785106629133e-07
0.06134000001475215 0.0013729999773204327
0.06134000001475215 0.0
0.05287799998768605 0.0012960000021848828
0.05287799998768605 1.00000761449337e-06
0.05146600000443868 0.0014179999998304993
0.05146600000443868 1.00000761449337e-06
0.043273000017507 0.0011400000075809658
0.043273000017507 9.999785106629133e-07
0.040268000011565164 0.0010900000052060932
0.040268000011565164 0.0
0.03919400001177564 0.0010409999813418835
0.03919400001177564 0.0
0.03832500000135042 0.0011510000040289015
0.03832500000135042 1.00000761449337e-06
0.03826999999000691 0.001145999995060265
0.03826999999000691 1.00000761449337e-06
0.03704300001845695 0.0010009999969042838
0.03704300001845695 0.0
0.04141700000036508 0.0011799999920185655
0.04141700000036508 0.0
0.04251199998543598 0.0010959999926853925
0.04251199998543598 1.00000761449337e-06
0.03625900001497939 0.001049000013154
0.03625900001497939 1.00000761449337e-06
0.03816199998254888 0.0010220000112894922
0.03816199998254888 0.0
0.041824999992968515 0.0010729999921750277
0.041824999992968515 1.00000761449337e-06
0.0388950000051409 0.0015399999974761158
0.0388950000051409 0.0
0.037641000002622604 0.0010759999859146774
0.037641000002622604 0.0
0.0365649999876041 0.0013930000131949782
0.0365649999876041 0.0
0.05591900000581518 0.0019290000200271606
0.05591900000581518 0.0
0.03801600000588223 0.000981000019237399
0.03801600000588223 0.0
0.039428999996744096 0.0010610000172164291
0.039428999996744096 1.00000761449337e-06
0.04412400000728667 0.001189000002341345
0.04412400000728667 0.0
0.0495740000042133 0.0014550000196322799
0.0495740000042133 0.0
0.05117999998037703 0.0013210000179242343
0.05117999998037703 0.0
0.049186999996891245 0.00149200001033023
0.049186999996891245 0.0
0.047940999997081235 0.0012450000212993473
0.047940999997081235 1.00000761449337e-06
0.05425299998023547 0.0015100000018719584
0.05425299998023547 0.0
0.049392999993870035 0.0012100000167265534
0.049392999993870035 0.0
0.051198999979533255 0.0012909999932162464
0.051198999979533255 0.0
0.05172899999888614 0.0012949999945703894
0.05172899999888614 0.0
0.05639400001382455 0.0017269999952986836
0.05639400001382455 0.0
0.05820200001471676 0.001428999996278435
0.05820200001471676 0.0
0.058664999989559874 0.0014159999846015126
0.058664999989559874 0.0
0.05694700000458397 0.0016459999897051603
0.05694700000458397 1.00000761449337e-06
0.052109000011114404 0.0012910000223200768
0.052109000011114404 0.0
0.05855099999462254 0.0015260000072885305
0.05855099999462254 1.00000761449337e-06
0.06780699998489581 0.001656000007642433
0.06780699998489581 9.999785106629133e-07
0.062224999972386286 0.0015810000186320394
0.062224999972386286 0.0
0.05981800000881776 0.0014349999837577343
0.05981800000881776 0.0
0.05593100000987761 0.0014589999918825924
0.05593100000987761 0.0
0.06074099999386817 0.001556000002892688
0.06074099999386817 9.999785106629133e-07
0.06353600000147708 0.003788000001804903
0.06353600000147708 9.999785106629133e-07
0.06238000001758337 0.0015819999971427023
0.06238000001758337 1.00000761449337e-06
0.06343000000924803 0.0016490000125486404
0.06343000000924803 9.999785106629133e-07
0.06291300000157207 0.0015830000047571957
0.06291300000157207 0.0
0.06437300000106916 0.00165200000628829
0.06437300000106916 1.00000761449337e-06
0.0628570000117179 0.0015240000211633742
0.0628570000117179 0.0
0.062396999972406775 0.0015480000001844019
0.062396999972406775 0.0
0.06165100002544932 0.001504000014392659
0.06165100002544932 0.0
0.06317300000227988 0.001635000022361055
0.06317300000227988 0.0
0.062372000014875084 0.0015349999885074794
0.062372000014875084 0.0
0.06492199999047443 0.0016290000057779253
0.06492199999047443 0.0
0.06643799997982569 0.0016540000215172768
0.06643799997982569 1.00000761449337e-06
0.06563200001255609 0.0015910000074654818
0.06563200001255609 0.0
0.06233400001656264 0.0016020000039134175
0.06233400001656264 1.00000761449337e-06
0.06461299999500625 0.0016590000013820827
0.06461299999500625 0.0
0.06266799999866635 0.0015260000072885305
0.06266799999866635 0.0
0.06598099999246188 0.0016439999744761735
0.06598099999246188 0.0
0.06413600000087172 0.0016149999864865094
0.06413600000087172 0.0
0.06540099999983795 0.0016780000005383044
0.06540099999983795 0.0
0.06781900001806207 0.003963999974075705
0.06781900001806207 0.0
0.0672119999944698 0.0017860000079963356
0.0672119999944698 0.0
0.06685399997513741 0.0016239999968092889
0.06685399997513741 1.00000761449337e-06
0.07297700000344776 0.004243999981554225
0.07297700000344776 0.0
0.07280000002356246 0.0019360000151209533
0.07280000002356246 1.00000761449337e-06
0.07480899998336099 0.0043920000025536865
0.07480899998336099 0.0
0.07467100000940263 0.0021389999892562628
0.07467100000940263 9.999785106629133e-07
0.09183499999926426 0.001803999999538064
0.09183499999926426 1.00000761449337e-06
0.07773600000655279 0.004644000000553206
0.07773600000655279 0.0
0.06955799998831935 0.0017829999851528555
0.06955799998831935 9.999785106629133e-07
0.06947300001047552 0.0017600000137463212
0.06947300001047552 1.00000761449337e-06
0.06479499998386018 0.001588999992236495
0.06479499998386018 1.00000761449337e-06
0.06793099999777041 0.0016759999853093177
0.06793099999777041 0.0
0.06182400000398047 0.0016170000017154962
0.06182400000398047 1.00000761449337e-06
0.062451999983750284 0.0015260000072885305
0.062451999983750284 0.0
0.057520999980624765 0.001459000020986423
0.057520999980624765 1.00000761449337e-06
0.056299999996554106 0.0014810000138822943
0.056299999996554106 1.00000761449337e-06
0.05631999997422099 0.0014310000115074217
0.05631999997422099 0.0
0.056883999990532175 0.0014399999927263707
0.056883999990532175 1.00000761449337e-06
0.05869800000800751 0.001453999982913956
0.05869800000800751 1.00000761449337e-06
0.06311499999719672 0.0018020000134129077
0.06311499999719672 0.0
0.05973099998664111 0.0015070000081323087
0.05973099998664111 0.0
0.062397000001510605 0.0016060000052675605
0.062397000001510605 0.0
0.059019000007538125 0.0014819999923929572
0.059019000007538125 1.00000761449337e-06
0.06159800000023097 0.00156899998546578
0.06159800000023097 0.0
0.06268200001795776 0.0015690000145696104
0.06268200001795776 0.0
0.059030999982496724 0.0014680000022053719
0.059030999982496724 1.00000761449337e-06
0.06246300000930205 0.0015279999934136868
0.06246300000930205 9.999785106629133e-07
0.06218700000317767 0.0015659999917261302
0.06218700000317767 1.00000761449337e-06
0.061959999991813675 0.0015940000012051314
0.061959999991813675 0.0
0.061517000023741275 0.0015460000140592456
0.061517000023741275 0.0
0.06220200000097975 0.0015700000221841037
0.06220200000097975 0.0
0.0617519999796059 0.001707999996142462
0.0617519999796059 1.00000761449337e-06
0.06153300000005402 0.0015230000135488808
0.06153300000005402 9.999785106629133e-07
0.061888999975053594 0.0016389999946113676
0.061888999975053594 1.00000761449337e-06
0.061012999998638406 0.0015279999934136868
0.061012999998638406 0.0
0.061923000001115724 0.0016429999959655106
0.061923000001115724 1.00000761449337e-06
0.06240799999795854 0.0015399999974761158
0.06240799999795854 1.00000761449337e-06
0.06331800000043586 0.0015449999773409218
0.06331800000043586 0.0
0.06178699998417869 0.0015190000121947378
0.06178699998417869 0.0
0.06352299998980016 0.001508999994257465
0.06352299998980016 1.00000761449337e-06
0.06265500001609325 0.0015789999742992222
0.06265500001609325 0.0
0.06172399999923073 0.001564000005600974
0.06172399999923073 1.00000761449337e-06
0.059822000010171905 0.0014500000106636435
0.059822000010171905 1.00000761449337e-06
0.0594379999965895 0.0014430000155698508
0.0594379999965895 0.0
0.059172999986913055 0.0016149999864865094
0.059172999986913055 1.00000761449337e-06
0.05640000000130385 0.0016000000177882612
0.05640000000130385 0.0
0.061289000004762784 0.0016130000003613532
0.061289000004762784 0.0
0.06043000001227483 0.0018100000161211938
0.06043000001227483 1.00000761449337e-06
0.059317000006558374 0.0019090000132564455
0.059317000006558374 0.0
0.06151599998702295 0.0016849999956320971
0.06151599998702295 0.0
0.059917000005953014 0.002283999987412244
0.059917000005953014 0.0
0.05719000002136454 0.0014789999986533076
0.05719000002136454 0.0
0.056972999998833984 0.0018099999870173633
0.056972999998833984 0.0
0.05916799997794442 0.001744000008329749
0.05916799997794442 1.00000761449337e-06
0.0599989999900572 0.0017499999958090484
0.0599989999900572 0.0
0.059510999999474734 0.0018600000184960663
0.059510999999474734 1.00000761449337e-06
0.05971599998883903 0.0018240000063087791
0.05971599998883903 0.0
0.059612999990349635 0.0016429999959655106
0.059612999990349635 0.0
0.06169100000988692 0.0017970000044442713
0.06169100000988692 9.999785106629133e-07
0.058449999982258305 0.0015509999939240515
0.058449999982258305 0.0
0.05746599999838509 0.0016410000098403543
0.05746599999838509 9.999785106629133e-07
0.06023899998399429 0.0017860000079963356
0.06023899998399429 1.00000761449337e-06
0.06629300001077354 0.0021809999889228493
0.06629300001077354 9.999785106629133e-07
0.06405899999663234 0.0017609999922569841
0.06405899999663234 0.0
0.0617459999921266 0.0017379999917466193
0.0617459999921266 0.0
0.06426600000122562 0.0019339999998919666
0.06426600000122562 1.00000761449337e-06
0.061714000010397285 0.0017810000281315297
0.061714000010397285 1.00000761449337e-06
0.06607999998959713 0.0019850000098813325
0.06607999998959713 1.00000761449337e-06
0.05982599998242222 0.0015530000091530383
0.05982599998242222 9.999785106629133e-07
0.06217600000672974 0.0018450000206939876
0.06217600000672974 1.00000761449337e-06
0.0622330000041984 0.0019749999919440597
0.0622330000041984 1.00000761449337e-06
0.06009699997957796 0.0014970000192988664
0.06009699997957796 0.0
0.06280799998785369 0.001568000006955117
0.06280799998785369 0.0
0.06809600000269711 0.0021419999829959124
0.06809600000269711 0.0
0.06855299999006093 0.002060999977402389
0.06855299999006093 1.00000761449337e-06
0.07289499999023974 0.001824999984819442
0.07289499999023974 0.0
0.07056600000942126 0.0018300000228919089
0.07056600000942126 0.0
0.07044899999164045 0.0018149999959859997
0.07044899999164045 0.0
0.05904299998655915 0.0015180000045802444
0.05904299998655915 0.0
0.06180099997436628 0.001520999998319894
0.06180099997436628 0.0
0.06278499998734333 0.0015899999998509884
0.06278499998734333 0.0
0.06360399999539368 0.0015539999876637012
0.06360399999539368 0.0
0.05965400001150556 0.001529999979538843
0.05965400001150556 0.0
0.06213099998421967 0.0015459999849554151
0.06213099998421967 1.00000761449337e-06
0.059704999992391095 0.0014729999820701778
0.059704999992391095 9.999785106629133e-07
0.05952599999727681 0.0016869999817572534
0.05952599999727681 0.0
0.061812999978428707 0.0015120000171009451
0.061812999978428707 1.00000761449337e-06
0.06026399999973364 0.0016579999937675893
0.06026399999973364 1.00000761449337e-06
0.06084700001520105 0.0017189999925903976
0.06084700001520105 1.00000761449337e-06
0.06025700000463985 0.001509999972768128
0.06025700000463985 0.0
0.061295999999856576 0.0016149999864865094
0.061295999999856576 1.00000761449337e-06
0.06428600000799634 0.001736999984132126
0.06428600000799634 0.0
0.06290200000512414 0.0015170000260695815
0.06290200000512414 0.0
0.06627599999774247 0.0016830000095069408
0.06627599999774247 1.00000761449337e-06
0.06543600000441074 0.0016220000106841326
0.06543600000441074 1.00000761449337e-06
0.05686399998376146 0.0014009999867994338
0.05686399998376146 0.0
0.060859000019263476 0.0015270000149030238
0.060859000019263476 0.0
0.059563999995589256 0.001720000000204891
0.059563999995589256 0.0
0.06068399999639951 0.0015220000059343874
0.06068399999639951 9.999785106629133e-07
0.05948799999896437 0.0014789999986533076
0.05948799999896437 0.0
0.061539000016637146 0.0015060000005178154
0.061539000016637146 0.0
0.059791000006953254 0.0014899999951012433
0.059791000006953254 1.00000761449337e-06
0.06179900001734495 0.0016330000071320683
0.06179900001734495 1.00000761449337e-06
0.06392899999627843 0.0015309999871533364
0.06392899999627843 0.0
0.05975899999612011 0.0015239999920595437
0.05975899999612011 0.0
0.06030999997165054 0.0015450000064447522
0.06030999997165054 0.0
0.05710299999918789 0.0014589999918825924
0.05710299999918789 1.00000761449337e-06
0.057632000010926276 0.0014149999769870192
0.057632000010926276 0.0
0.06476999999722466 0.0017339999903924763
0.06476999999722466 9.999785106629133e-07
0.0648430000001099 0.0016790000081527978
0.0648430000001099 0.0
0.06555599998682737 0.001556000002892688
0.06555599998682737 0.0
0.06357800000114366 0.001512999995611608
0.06357800000114366 0.0
0.061695000011241063 0.0014870000013615936
0.061695000011241063 0.0
0.06440800000564195 0.0017470000020693988
0.06440800000564195 1.00000761449337e-06
0.06493100000079721 0.0015940000012051314
0.06493100000079721 0.0
0.06431200000224635 0.0015589999966323376
0.06431200000224635 0.0
0.06506500000250526 0.0016120000218506902
0.06506500000250526 0.0
0.06689499999629334 0.0016210000030696392
0.06689499999629334 0.0
0.0684940000064671 0.001732999982777983
0.0684940000064671 0.0
0.06263800000306219 0.0015239999920595437
0.06263800000306219 0.0
0.057166999991750345 0.0013760000001639128
0.057166999991750345 0.0
0.06038700000499375 0.0015159999893512577
0.06038700000499375 9.999785106629133e-07
0.05938399999286048 0.001560000004246831
0.05938399999286048 0.0
0.05984199998783879 0.0016840000171214342
0.05984199998783879 0.0
0.06699800002388656 0.0016780000005383044
0.06699800002388656 0.0
0.06894599998486228 0.0019829999946523458
0.06894599998486228 1.00000761449337e-06
0.07296699998551048 0.002043000014964491
0.07296699998551048 0.0
0.08301599998958409 0.004822999995667487
0.08301599998958409 1.00000761449337e-06
0.08915200000046752 0.004898999992292374
0.08915200000046752 1.00000761449337e-06
0.09034500000416301 0.004979000019375235
0.09034500000416301 0.0
0.0904889999947045 0.0029919999942649156
0.0904889999947045 0.0
0.0879469999927096 0.002154999994672835
0.0879469999927096 0.0
0.08995999998296611 0.002242999995360151
0.08995999998296611 0.0
0.08814399997936562 0.002242000016849488
0.08814399997936562 0.0
0.08742299998993985 0.0021600000036414713
0.08742299998993985 1.00000761449337e-06
0.08657899999525398 0.0021320000232663006
0.08657899999525398 0.0
0.08811800001421943 0.002227999997558072
0.08811800001421943 0.0
0.08450600001378916 0.0020930000173393637
0.08450600001378916 0.0
0.08606800000416115 0.002091000002110377
0.08606800000416115 0.0
0.08578999998280779 0.0020369999983813614
0.08578999998280779 1.00000761449337e-06
0.04393800001707859 0.0011529999901540577
0.04393800001707859 0.0
0.04364099999656901 0.0012129999813623726
0.04364099999656901 0.0
0.044227999984286726 0.0011510000040289015
0.044227999984286726 0.0
0.04385099999490194 0.001197000005049631
0.04385099999490194 1.00000761449337e-06
0.04105799997341819 0.0010910000128205866
0.04105799997341819 0.0
0.03881500000716187 0.0011079999967478216
0.03881500000716187 0.0
0.03312900001765229 0.0008889999880921096
0.03312900001765229 1.00000761449337e-06
0.03326600001309998 0.0008779999916441739
0.03326600001309998 0.0
0.03376600000774488 0.0008830000006128103
0.03376600000774488 9.999785106629133e-07
0.033996000012848526 0.0009399999980814755
0.033996000012848526 0.0
0.03408700000727549 0.0009039999858941883
0.03408700000727549 0.0
0.033590000006370246 0.0008970000199042261
0.033590000006370246 9.999785106629133e-07
0.03397899999981746 0.0009239999926649034
0.03397899999981746 1.00000761449337e-06
0.028396000008797273 0.0007980000227689743
0.028396000008797273 0.0
0.029030999983660877 0.0008099999977275729
0.029030999983660877 0.0
0.028587000007973984 0.0007940000214148313
0.028587000007973984 0.0
0.02848700000322424 0.000770999991800636
0.02848700000322424 0.0
0.028546999994432554 0.0007810000097379088
0.028546999994432554 0.0
0.02844400002504699 0.00080900001921691
0.02844400002504699 0.0
0.0291060000017751 0.0007840000034775585
0.0291060000017751 0.0
0.028878999990411103 0.000822000001790002
0.028878999990411103 0.0
0.029325000010430813 0.0007729999779257923
0.029325000010430813 0.0
0.028646000020671636 0.0008329999982379377
0.028646000020671636 0.0
0.028623999998671934 0.0007810000097379088
0.028623999998671934 1.00000761449337e-06
0.028263999993214384 0.000758999987738207
0.028263999993214384 0.0
0.028593000024557114 0.0008000000088941306
0.028593000024557114 0.0
0.028203000023495406 0.0008009999874047935
0.028203000023495406 1.00000761449337e-06
0.02861400000983849 0.0007749999931547791
0.02861400000983849 0.0
0.02924100001109764 0.0008420000085607171
0.02924100001109764 1.00000761449337e-06
0.028519999992568046 0.0007920000061858445
0.028519999992568046 0.0
0.028177999978652224 0.0007710000209044665
0.028177999978652224 9.999785106629133e-07
0.02892400001292117 0.0008459999808110297
0.02892400001292117 0.0
0.02853400001185946 0.000770999991800636
0.02853400001185946 0.0
0.029317000007722527 0.0008329999982379377
0.029317000007722527 0.0
0.028938999981619418 0.0007930000138003379
0.028938999981619418 0.0
0.03004400001373142 0.0008819999929983169
0.03004400001373142 0.0
0.0323389999975916 0.0008709999965503812
0.0323389999975916 0.0
0.02896399999735877 0.0008190000080503523
0.02896399999735877 0.0
0.029039999993983656 0.0007680000271648169
0.029039999993983656 0.0
0.028585000021848828 0.0008410000009462237
0.028585000021848828 9.999785106629133e-07
0.028258999984245747 0.0008169999928213656
0.028258999984245747 0.0
0.029725000000325963 0.0008240000170189887
0.029725000000325963 0.0
0.028355999995255843 0.000766999990446493
0.028355999995255843 0.0
0.029150000016670674 0.0008250000246334821
0.029150000016670674 0.0
0.02875200001290068 0.0007679999980609864
0.02875200001290068 9.999785106629133e-07
0.028906999999890104 0.0007800000021234155
0.028906999999890104 0.0
0.02879199999733828 0.0007869999972172081
0.02879199999733828 0.0
0.0243870000122115 0.0006960000027902424
0.0243870000122115 1.00000761449337e-06
0.023138999997172505 0.0006710000161547214
0.023138999997172505 0.0
0.024275000003399327 0.0007319999858736992
0.024275000003399327 9.999785106629133e-07
INFO:sc2.protocol:Client status changed to Status.ended (was Status.in_game)
INFO:root:Result for player 2 - Bot(Race.Terran, <bots.Showing_bot.speedBot.MarinBot object at 0x7f6060294ac8>): Defeat
INFO:sc2.protocol:Client status changed to Status.ended (was Status.in_game)
INFO:root:Result for player 1 - Bot(Race.Terran, <bots.npc.osjbot.OsjBot object at 0x7f6060294128>): Victory
INFO:sc2.client:Saved replay to outs/2020-01-17T11-28-03/replays/npc-showing_bot/npc-showing_bot-0.SC2Replay
INFO:sc2.protocol:Client status changed to Status.launched (was Status.ended)
INFO:sc2.protocol:Client status changed to Status.quit (was Status.launched)
INFO:sc2.sc2process:kill_switch: Process cleanup
INFO:sc2.sc2process:Cleaning up...
INFO:sc2.sc2process:Cleanup complete
INFO:sc2.sc2process:Cleaning up...
INFO:sc2.sc2process:Cleanup complete
INFO:sc2.protocol:Cannot receive: Connection already closed.
INFO:sc2.sc2process:kill_switch: Process cleanup
INFO:sc2.sc2process:Cleaning up...
INFO:sc2.sc2process:Cleanup complete
INFO:sc2.sc2process:Cleaning up...
INFO:sc2.sc2process:Cleanup complete


## STDERR ##

Version: B75689 (SC2.4.10)
Build: Aug 12 2019 17:16:57
Command Line: '"/home/hspark8312/StarCraftII/Versions/Base75689/SC2_x64" -listen 127.0.0.1 -port 18943 -displayMode 0 -dataDir /home/hspark8312/StarCraftII -tempDir /tmp/SC2_ooyokvzv'
Starting up...
Startup Phase 1 complete
Version: B75689 (SC2.4.10)
Build: Aug 12 2019 17:16:57
Command Line: '"/home/hspark8312/StarCraftII/Versions/Base75689/SC2_x64" -listen 127.0.0.1 -port 16226 -displayMode 0 -dataDir /home/hspark8312/StarCraftII -tempDir /tmp/SC2_d8mdsnvb'
Starting up...
Startup Phase 1 complete
Startup Phase 2 complete
Creating stub renderer...
Listening on: 127.0.0.1:18943
Startup Phase 3 complete. Ready for commands.
Startup Phase 2 complete
Creating stub renderer...
ConnectHandler: Request from 127.0.0.1:50181 accepted
ReadyHandler: 127.0.0.1:50181 ready
Requesting to join a multiplayer game
Configuring interface options
Configure: raw interface enabled
Configure: feature layer interface enabled
Configure: score interface enabled
Configure: render interface disabled
Create game with map path: NCFellowship-2019_m1_v6.SC2Map
Listening on: 127.0.0.1:16226
Startup Phase 3 complete. Ready for commands.
ConnectHandler: Request from 127.0.0.1:50182 accepted
ReadyHandler: 127.0.0.1:50182 ready
Requesting to join a multiplayer game
Configuring interface options
Configure: raw interface enabled
Configure: feature layer interface enabled
Configure: score interface enabled
Configure: render interface disabled
Attempting to join a game with the map: NCFellowship-2019_m1_v6.SC2Map
Game has started.
Using default stable ids, none found at: /home/hspark8312/StarCraftII/stableid.json
Successfully loaded stable ids: GameData\stableid.json
Sending ResponseJoinGame
Game has started.
Using default stable ids, none found at: /home/hspark8312/StarCraftII/stableid.json
Successfully loaded stable ids: GameData\stableid.json
Sending ResponseJoinGame
RequestQuit command received.
Closing Application...
CloseHandler: 127.0.0.1:50182 disconnected
Terminate action already called.
/home/hspark8312/anaconda3/envs/sc2/lib/python3.6/importlib/_bootstrap.py:219: RuntimeWarning: numpy.ufunc size changed, may indicate binary incompatibility. Expected 192 from C header, got 216 from PyObject
  return f(*args, **kwds)
/home/hspark8312/anaconda3/envs/sc2/lib/python3.6/importlib/_bootstrap.py:219: RuntimeWarning: numpy.ufunc size changed, may indicate binary incompatibility. Expected 192 from C header, got 216 from PyObject
  return f(*args, **kwds)
/home/hspark8312/anaconda3/envs/sc2/lib/python3.6/site-packages/tensorboard/compat/tensorflow_stub/dtypes.py:541: FutureWarning: Passing (type, 1) or '1type' as a synonym of type is deprecated; in a future version of numpy, it will be understood as (type, (1,)) / '(1,)type'.
  _np_qint8 = np.dtype([("qint8", np.int8, 1)])
/home/hspark8312/anaconda3/envs/sc2/lib/python3.6/site-packages/past/builtins/misc.py:45: DeprecationWarning: the imp module is deprecated in favour of importlib; see the module's documentation for alternative uses
  from imp import reload
/mnt/d/sc2minigame-eval-2020-01-09/bots/Showing_bot/speedBot.py:1643: RuntimeWarning: coroutine 'TerreinManager.debug' was never awaited
  self.terrein_manager.debug()
