## STDOUT ##

[[92mINFO[0m] SC2 4.9.0 용 패치 적용
패치 sc2.ids.ability_id
패치 sc2.game_state
패치 sc2.bot_ai
패치 sc2.client
패치 sc2.controller
패치 sc2.main
INFO:root:Failed to import cuda module: No module named 'caffe2.python.caffe2_pybind11_state_gpu'
INFO:root:Failed to import AMD hip module: No module named 'caffe2.python.caffe2_pybind11_state_hip'
WARNING:root:This caffe2 python run does not have GPU support. Will run in CPU only mode.
cpu
INFO:sc2.protocol:Client status changed to Status.launched (was None)
INFO:sc2_patch.sc2_patch_490.controller:Creating new game
INFO:sc2_patch.sc2_patch_490.controller:Map:     NCFellowship-2019_m1_v6
INFO:sc2_patch.sc2_patch_490.controller:Players: Bot(Race.Terran, <bots.Showing_bot.speedBot.MarinBot object at 0x7fc92cb18f28>), Bot(Race.Terran, <bots.ggg.KeyBot.KeyBot object at 0x7fc91dabff60>)
INFO:sc2.protocol:Client status changed to Status.init_game (was Status.launched)
INFO:sc2.protocol:Client status changed to Status.launched (was None)
INFO:sc2.protocol:Client status changed to Status.in_game (was None)
INFO:root:Player 2 - Bot(Race.Terran, <bots.ggg.KeyBot.KeyBot object at 0x7fc91dabff60>)
TEST: 2, <bots.ggg.KeyBot.KeyBot object at 0x7fc91dabff60>
INFO:sc2.protocol:Client status changed to Status.in_game (was None)
INFO:root:Player 1 - Bot(Race.Terran, <bots.Showing_bot.speedBot.MarinBot object at 0x7fc92cb18f28>)
TEST: 1, <bots.Showing_bot.speedBot.MarinBot object at 0x7fc92cb18f28>
load model: bots/Showing_bot/models/model-89.pt
create new model
0.045261000021127984 0.0028540000203065574
0.045261000021127984 9.999785106629133e-07
0.04611200001090765 0.0023230000224430114
0.04611200001090765 0.0
0.04572799999732524 0.00165200000628829
0.04572799999732524 1.00000761449337e-06
0.04521000001113862 0.0011679999879561365
0.04521000001113862 0.0
0.045295000018086284 0.0017389999993611127
0.045295000018086284 9.999785106629133e-07
0.046498000010615215 0.0016199999954551458
0.046498000010615215 0.0
0.05634500001906417 0.0011700000031851232
0.05634500001906417 9.999785106629133e-07
0.04649999999674037 0.0018140000174753368
0.04649999999674037 0.0
0.053994999994756654 0.0012239999778103083
0.053994999994756654 1.00000761449337e-06
0.051287999987835065 0.003029000014066696
0.051287999987835065 0.0
0.05013899999903515 0.001664999988861382
0.05013899999903515 0.0
0.04940699998405762 0.0014739999896846712
0.04940699998405762 9.999785106629133e-07
0.04797099999268539 0.0013789999939035624
0.04797099999268539 0.0
0.04851699998835102 0.001441000000340864
0.04851699998835102 1.00000761449337e-06
0.04990600000019185 0.0013420000032056123
0.04990600000019185 0.0
0.049324999999953434 0.0012799999967683107
0.049324999999953434 0.0
0.04907800001092255 0.001429999974789098
0.04907800001092255 1.00000761449337e-06
0.04760499999974854 0.0012830000196117908
0.04760499999974854 0.0
0.04677600000286475 0.0012940000160597265
0.04677600000286475 1.00000761449337e-06
0.04638300000806339 0.0011900000099558383
0.04638300000806339 9.999785106629133e-07
0.05020900000818074 0.0013949999993201345
0.05020900000818074 1.00000761449337e-06
0.049060999997891486 0.0012629999837372452
0.049060999997891486 0.0
0.049442000017734244 0.001264999998966232
0.049442000017734244 0.0
0.049467000004369766 0.0012510000087786466
0.049467000004369766 1.00000761449337e-06
0.04896400001598522 0.0012489999935496598
0.04896400001598522 1.00000761449337e-06
0.04653299998608418 0.001217999990331009
0.04653299998608418 0.0
0.046603000024333596 0.0012900000147055835
0.046603000024333596 0.0
0.04646799998590723 0.0012439999845810235
0.04646799998590723 9.999785106629133e-07
0.04648800002178177 0.0012960000021848828
0.04648800002178177 0.0
0.046540999988792464 0.0012189999979455024
0.046540999988792464 0.0
0.0464440000068862 0.0012960000021848828
0.0464440000068862 0.0
0.04679600000963546 0.0011830000148620456
0.04679600000963546 0.0
0.04712500001187436 0.00125200001639314
0.04712500001187436 0.0
0.04638800001703203 0.001166999980341643
0.04638800001703203 1.00000761449337e-06
0.046609000011812896 0.0011729999969247729
0.046609000011812896 0.0
0.04965999998967163 0.0012869999918621033
0.04965999998967163 0.0
0.04995799998869188 0.0012969999806955457
0.04995799998869188 0.0
0.04949699999997392 0.0013109999999869615
0.04949699999997392 1.00000761449337e-06
0.04898799999500625 0.0013150000013411045
0.04898799999500625 1.00000761449337e-06
0.04969700000947341 0.0012949999945703894
0.04969700000947341 1.00000761449337e-06
changed strategy
0.04916100000264123 0.0012210000131744891
0.04916100000264123 9.999785106629133e-07
0.04911399999400601 0.0012660000065807253
0.04911399999400601 0.0
0.0491489999985788 0.0012860000133514404
0.0491489999985788 1.00000761449337e-06
0.04935099999420345 0.0012450000212993473
0.04935099999420345 1.00000761449337e-06
0.04916399999638088 0.001285000005736947
0.04916399999638088 0.0
0.049121999996714294 0.0012419999984558672
0.049121999996714294 9.999785106629133e-07
0.04919199997675605 0.0012400000123307109
0.04919199997675605 1.00000761449337e-06
0.049273000011453405 0.0013159999798517674
0.049273000011453405 0.0
0.04938599999877624 0.0012679999927058816
0.04938599999877624 0.0
0.04954200002248399 0.001281000004382804
0.04954200002248399 9.999785106629133e-07
0.05170199999702163 0.003029999992577359
0.05170199999702163 0.0
0.05163799997535534 0.0014700000174343586
0.05163799997535534 0.0
0.051727999991271645 0.001348000019788742
0.051727999991271645 1.00000761449337e-06
0.05165499998838641 0.0012909999932162464
0.05165499998838641 1.00000761449337e-06
0.05202500001178123 0.0013259999977890402
0.05202500001178123 9.999785106629133e-07
0.05217599999741651 0.0013380000018514693
0.05217599999741651 0.0
0.05205800000112504 0.0013269999762997031
0.05205800000112504 0.0
0.052930999983800575 0.0013129999861121178
0.052930999983800575 0.0
0.051792999991448596 0.0013090000138618052
0.051792999991448596 0.0
0.051743000018177554 0.0013660000113304704
0.051743000018177554 1.00000761449337e-06
0.05152099998667836 0.0012970000097993761
0.05152099998667836 0.0
0.05161299998871982 0.0013079999771434814
0.05161299998871982 0.0
0.051922000013291836 0.001320000010309741
0.051922000013291836 0.0
0.05196399998385459 0.0013749999925494194
0.05196399998385459 0.0
0.051913000002969056 0.0013000000035390258
0.051913000002969056 1.00000761449337e-06
0.05218800000147894 0.0014210000226739794
0.05218800000147894 0.0
0.0516160000115633 0.0013060000201221555
0.0516160000115633 0.0
0.05171999998856336 0.001320000010309741
0.05171999998856336 0.0
0.05169799999566749 0.0013000000035390258
0.05169799999566749 0.0
0.051586000015959144 0.0012749999877996743
0.051586000015959144 0.0
0.05486800000653602 0.0014789999986533076
0.05486800000653602 0.0
0.054277999995974824 0.0014100000262260437
0.054277999995974824 1.00000761449337e-06
0.05402200002572499 0.0014050000172574073
0.05402200002572499 1.00000761449337e-06
0.0539250000147149 0.001404000009642914
0.0539250000147149 0.0
0.05406799999764189 0.0014709999959450215
0.05406799999764189 0.0
0.054189000016776845 0.001357999979518354
0.054189000016776845 1.00000761449337e-06
0.053985999984433874 0.0013920000055804849
0.053985999984433874 1.00000761449337e-06
0.05651999998372048 0.0032890000147745013
0.05651999998372048 1.00000761449337e-06
0.056859000003896654 0.0016499999910593033
0.056859000003896654 1.00000761449337e-06
0.05411999998614192 0.0013949999993201345
0.05411999998614192 0.0
0.05454499999177642 0.001412999990861863
0.05454499999177642 0.0
0.055133999994723126 0.0015120000171009451
0.055133999994723126 0.0
0.0522519999940414 0.0013669999898411334
0.0522519999940414 0.0
0.05143099999986589 0.0014979999978095293
0.05143099999986589 0.0
0.051902999985031784 0.0013390000094659626
0.051902999985031784 0.0
0.05167700001038611 0.0019160000083502382
0.05167700001038611 1.00000761449337e-06
0.0519730000232812 0.0013990000006742775
0.0519730000232812 9.999785106629133e-07
0.048968000017339364 0.0014230000087991357
0.048968000017339364 0.0
0.04643099999520928 0.0013470000121742487
0.04643099999520928 0.0
0.046738000004552305 0.001656999986153096
0.046738000004552305 1.00000761449337e-06
0.04671399999642745 0.00161500001559034
0.04671399999642745 9.999785106629133e-07
0.04657399997813627 0.0012960000021848828
0.04657399997813627 0.0
0.041754000005312264 0.012878999987151474
0.041754000005312264 1.00000761449337e-06
0.04231200000504032 0.0013829999952577055
0.04231200000504032 0.0
0.04163199997856282 0.0013719999988097697
0.04163199997856282 0.0
0.04191599998739548 0.0013909999979659915
0.04191599998739548 0.0
0.04155300001730211 0.0014399999927263707
0.04155300001730211 0.0
0.04175499998382293 0.00108299998100847
0.04175499998382293 9.999785106629133e-07
0.04175999999279156 0.0010830000101123005
0.04175999999279156 9.999785106629133e-07
0.0419580000161659 0.001100000023143366
0.0419580000161659 1.00000761449337e-06
0.04139800000120886 0.0010759999859146774
0.04139800000120886 9.999785106629133e-07
0.0415600000123959 0.0011759999906644225
0.0415600000123959 0.0
0.03894999998738058 0.0010210000036749989
0.03894999998738058 0.0
0.039200999977765605 0.0010510000283829868
0.039200999977765605 0.0
0.039022000011755154 0.0010219999821856618
0.039022000011755154 1.00000761449337e-06
0.03936799999792129 0.0010309999925084412
0.03936799999792129 0.0
0.039090000005671754 0.001020000025164336
0.039090000005671754 0.0
0.039151999983005226 0.0010199999960605055
0.039151999983005226 1.00000761449337e-06
0.039262000005692244 0.0010229999898001552
0.039262000005692244 0.0
0.03916600000229664 0.0010190000175498426
0.03916600000229664 1.00000761449337e-06
0.04161999997450039 0.0012990000250283629
0.04161999997450039 0.0
0.041606999991927296 0.001069999998435378
0.041606999991927296 1.00000761449337e-06
0.041305000020656735 0.0010599999804981053
0.041305000020656735 0.0
0.04150099999969825 0.0011159999994561076
0.04150099999969825 0.0
0.04153500002576038 0.0010940000065602362
0.04153500002576038 1.00000761449337e-06
0.044002999988151714 0.0012500000011641532
0.044002999988151714 0.0
0.04392699999152683 0.0012210000131744891
0.04392699999152683 0.0
0.04149199998937547 0.0010870000114664435
0.04149199998937547 0.0
0.04182899999432266 0.0010729999921750277
0.04182899999432266 0.0
0.04146600002422929 0.0010750000074040145
0.04146600002422929 1.00000761449337e-06
0.0417369999922812 0.0011369999847374856
0.0417369999922812 1.00000761449337e-06
0.04211000000941567 0.0010899999761022627
0.04211000000941567 1.00000761449337e-06
0.04143399998429231 0.0010769999935291708
0.04143399998429231 0.0
0.04408799999509938 0.0011369999847374856
0.04408799999509938 0.0
0.04402899998240173 0.001201000006403774
0.04402899998240173 0.0
0.04175999999279156 0.0010839999886229634
0.04175999999279156 0.0
0.04163800002424978 0.001078999979654327
0.04163800002424978 1.00000761449337e-06
0.04133800001000054 0.0010900000052060932
0.04133800001000054 1.00000761449337e-06
0.04146100001526065 0.001121999986935407
0.04146100001526065 1.00000761449337e-06
0.04176299998653121 0.0011110000195913017
0.04176299998653121 0.0
0.041517000005114824 0.0010849999962374568
0.041517000005114824 0.0
0.042019000014988706 0.0011400000075809658
0.042019000014988706 0.0
0.04193100001430139 0.0010919999913312495
0.04193100001430139 0.0
0.04169399998500012 0.0011670000094454736
0.04169399998500012 0.0
0.041603999998187646 0.001090999983716756
0.041603999998187646 0.0
0.041680000023916364 0.0010939999774564058
0.041680000023916364 0.0
0.041904999990947545 0.0011149999918416142
0.041904999990947545 0.0
0.04168400002527051 0.0011200000008102506
0.04168400002527051 0.0
0.03934099999605678 0.0010889999975915998
0.03934099999605678 1.00000761449337e-06
0.039135999977588654 0.0010230000189039856
0.039135999977588654 1.00000761449337e-06
0.039062999974703416 0.0010239999974146485
0.039062999974703416 9.999785106629133e-07
0.039102999988244846 0.0010189999884460121
0.039102999988244846 0.0
0.03892800002358854 0.001045000011799857
0.03892800002358854 1.00000761449337e-06
0.039329999999608845 0.001037000009091571
0.039329999999608845 1.00000761449337e-06
0.039117999986046925 0.001029000006383285
0.039117999986046925 0.0
0.039164000016171485 0.001029000006383285
0.039164000016171485 1.00000761449337e-06
0.03908899999805726 0.0009959999879356474
0.03908899999805726 0.0
0.03909500001464039 0.0010130000009667128
0.03909500001464039 0.0
0.0392019999853801 0.0010360000014770776
0.0392019999853801 1.00000761449337e-06
0.037093999999342486 0.0010449999826960266
0.037093999999342486 1.00000761449337e-06
0.03744500002358109 0.0009870000067166984
0.03744500002358109 1.00000761449337e-06
0.03749499999685213 0.0010790000087581575
0.03749499999685213 9.999785106629133e-07
0.037176999991061166 0.0009999999892897904
0.037176999991061166 9.999785106629133e-07
0.03672199998982251 0.0009750000026542693
0.03672199998982251 0.0
0.03663099999539554 0.0009929999941959977
0.03663099999539554 0.0
0.036764000018592924 0.0009730000165291131
0.036764000018592924 0.0
0.03669199999421835 0.000973999995039776
0.03669199999421835 1.00000761449337e-06
0.03672199998982251 0.000985999999102205
0.03672199998982251 0.0
0.036671999987447634 0.0011820000072475523
0.036671999987447634 1.00000761449337e-06
0.03660500000114553 0.0009769999887794256
0.03660500000114553 0.0
0.039668999990681186 0.0010970000002998859
0.039668999990681186 0.0
0.03943699999945238 0.0010300000139977783
0.03943699999945238 1.00000761449337e-06
0.039209999988088384 0.0010469999979250133
0.039209999988088384 1.00000761449337e-06
0.0394629999937024 0.0010790000087581575
0.0394629999937024 0.0
0.03907400000025518 0.001061999995727092
0.03907400000025518 1.00000761449337e-06
0.039038000017171726 0.0010249999759253114
0.039038000017171726 9.999785106629133e-07
0.03708899999037385 0.000977999996393919
0.03708899999037385 0.0
0.036777000001166016 0.0009769999887794256
0.036777000001166016 0.0
0.03722500000731088 0.0010480000055395067
0.03722500000731088 0.0
0.03662400000030175 0.0009699999936856329
0.03662400000030175 0.0
0.03671399998711422 0.0010199999960605055
0.03671399998711422 1.00000761449337e-06
0.03668600000673905 0.0009710000013001263
0.03668600000673905 0.0
0.03658399998676032 0.0009830000053625554
0.03658399998676032 0.0
0.03713599999900907 0.0009579999896232039
0.03713599999900907 1.00000761449337e-06
0.03697899999679066 0.0009979999740608037
0.03697899999679066 0.0
0.03707099999883212 0.0009849999914877117
0.03707099999883212 9.999785106629133e-07
0.036960999976145104 0.0009830000053625554
0.036960999976145104 1.00000761449337e-06
0.03675999998813495 0.0010710000060498714
0.03675999998813495 0.0
0.036637999990489334 0.001006999984383583
0.036637999990489334 1.00000761449337e-06
0.036595000012312084 0.0009750000026542693
0.036595000012312084 9.999785106629133e-07
0.03685500001301989 0.0009680000075604767
0.03685500001301989 0.0
0.0366890000004787 0.0010520000068936497
0.0366890000004787 1.00000761449337e-06
0.036973999987822026 0.000977999996393919
0.036973999987822026 0.0
0.03680000000167638 0.000986999977612868
0.03680000000167638 0.0
0.03446699999039993 0.0009180000051856041
0.03446699999039993 1.00000761449337e-06
0.034485000011045486 0.0009180000051856041
0.034485000011045486 0.0
0.03477500000735745 0.0009609999833628535
0.03477500000735745 1.00000761449337e-06
0.03426800001761876 0.0009420000133104622
0.03426800001761876 0.0
0.03431700001237914 0.0009880000143311918
0.03431700001237914 0.0
0.035402000008616596 0.0009659999923314899
0.035402000008616596 1.00000761449337e-06
0.03680699999677017 0.0009849999914877117
0.03680699999677017 1.00000761449337e-06
0.036684000020613894 0.0009800000116229057
0.036684000020613894 1.00000761449337e-06
0.039247000007890165 0.001025000005029142
0.039247000007890165 1.00000761449337e-06
0.0414699999964796 0.0013150000013411045
0.0414699999964796 0.0
0.041933000000426546 0.0011380000214558095
0.041933000000426546 1.00000761449337e-06
0.041609999985666946 0.0011060000106226653
0.041609999985666946 1.00000761449337e-06
0.044351000018650666 0.001340999995591119
0.044351000018650666 0.0
0.043957000016234815 0.0012740000092890114
0.043957000016234815 1.00000761449337e-06
0.04401300000608899 0.0011550000053830445
0.04401300000608899 0.0
0.04385800001909956 0.0011790000135079026
0.04385800001909956 0.0
0.04493299999739975 0.0011470000026747584
0.04493299999739975 0.0
0.04405900000710972 0.0011950000189244747
0.04405900000710972 0.0
0.04426699999021366 0.0012209999840706587
0.04426699999021366 0.0
0.044445999985327944 0.001260999997612089
0.044445999985327944 0.0
0.04402299999492243 0.0012129999813623726
0.04402299999492243 0.0
0.043800000014016405 0.0012110000243410468
0.043800000014016405 0.0
0.04389099997933954 0.0011909999884665012
0.04389099997933954 0.0
0.0438469999935478 0.0011839999933727086
0.0438469999935478 0.0
0.041449999989708886 0.0010929999989457428
0.041449999989708886 0.0
0.04134399999747984 0.0010830000101123005
0.04134399999747984 0.0
0.04176100000040606 0.0011380000214558095
0.04176100000040606 0.0
0.0415719999873545 0.0011149999918416142
0.0415719999873545 0.0
0.041794000018853694 0.00112599998828955
0.041794000018853694 9.999785106629133e-07
0.041430999990552664 0.0011169999779667705
0.041430999990552664 1.00000761449337e-06
0.04144499998074025 0.0011229999945499003
0.04144499998074025 1.00000761449337e-06
0.04152900000917725 0.001121000008424744
0.04152900000917725 9.999785106629133e-07
0.042218999995384365 0.0011559999838937074
0.042218999995384365 0.0
0.04191600001649931 0.0011209999793209136
0.04191600001649931 0.0
0.04213499999605119 0.0011139999842271209
0.04213499999605119 9.999785106629133e-07
0.04158400002052076 0.0011260000173933804
0.04158400002052076 0.0
0.03925899998284876 0.001065999997081235
0.03925899998284876 0.0
0.036955000017769635 0.0010199999960605055
0.036955000017769635 0.0
0.0365870000096038 0.0009790000040084124
0.0365870000096038 0.0
0.037152000004425645 0.0011750000121537596
0.037152000004425645 0.0
0.036813999991863966 0.000981999997748062
0.036813999991863966 0.0
0.03672699999879114 0.0011190000222995877
0.03672699999879114 1.00000761449337e-06
0.039976000000024214 0.0011200000008102506
0.039976000000024214 1.00000761449337e-06
0.03914100001566112 0.001049999991664663
0.03914100001566112 1.00000761449337e-06
0.03904500001226552 0.0010689999908208847
0.03904500001226552 1.00000761449337e-06
0.0370239999901969 0.000990000000456348
0.0370239999901969 1.00000761449337e-06
0.03945999999996275 0.001029000006383285
0.03945999999996275 0.0
0.03980500000761822 0.0010750000074040145
0.03980500000761822 9.999785106629133e-07
0.04186900000786409 0.0011139999842271209
0.04186900000786409 0.0
0.0412660000147298 0.0011119999981019646
0.0412660000147298 9.999785106629133e-07
0.043988000019453466 0.0011630000080913305
0.043988000019453466 0.0
0.04640799999469891 0.0015199999907054007
0.04640799999469891 1.00000761449337e-06
0.04922799998894334 0.0014150000060908496
0.04922799998894334 1.00000761449337e-06
0.04947099997662008 0.0013340000004973263
0.04947099997662008 0.0
0.048884999996516854 0.0012580000038724393
0.048884999996516854 1.00000761449337e-06
0.051879000006010756 0.0014810000138822943
0.051879000006010756 1.00000761449337e-06
0.052389000018592924 0.0013549999857787043
0.052389000018592924 9.999785106629133e-07
0.05186700000194833 0.0013719999988097697
0.05186700000194833 0.0
0.05430200000409968 0.0015260000072885305
0.05430200000409968 0.0
0.05421200001728721 0.0014229999796953052
0.05421200001728721 0.0
0.05389800001285039 0.0013909999979659915
0.05389800001285039 1.00000761449337e-06
0.0539870000211522 0.0013930000131949782
0.0539870000211522 0.0
0.05615099999704398 0.0016130000003613532
0.05615099999704398 1.00000761449337e-06
0.057216000015614554 0.0015279999934136868
0.057216000015614554 1.00000761449337e-06
0.05718400000478141 0.001592999993590638
0.05718400000478141 0.0
0.05883900000480935 0.0016510000277776271
0.05883900000480935 0.0
0.058757000020705163 0.0015629999979864806
0.058757000020705163 0.0
0.0587799999921117 0.00157200000830926
0.0587799999921117 0.0
0.05873499999870546 0.0015380000113509595
0.05873499999870546 9.999785106629133e-07
0.06123500000103377 0.0035720000159926713
0.06123500000103377 0.0
0.061933000019053 0.0017550000047776848
0.061933000019053 0.0
0.06139600000460632 0.0015950000088196248
0.06139600000460632 0.0
0.061378999991575256 0.001576000009663403
0.061378999991575256 0.0
0.06109099998138845 0.0015790000034030527
0.06109099998138845 0.0
0.06143600001814775 0.0016209999739658087
0.06143600001814775 1.00000761449337e-06
0.06117999998969026 0.0015899999998509884
0.06117999998969026 0.0
0.06141399999614805 0.0015830000047571957
0.06141399999614805 0.0
0.061298999993596226 0.0015659999917261302
0.061298999993596226 0.0
0.06340799998724833 0.0017309999966528267
0.06340799998724833 0.0
0.066556000005221 0.003950999991502613
0.066556000005221 1.00000761449337e-06
0.06603300001006573 0.0017720000178087503
0.06603300001006573 0.0
0.06356399998185225 0.0016820000018924475
0.06356399998185225 0.0
0.06576299999142066 0.0018100000161211938
0.06576299999142066 1.00000761449337e-06
0.06624899999587797 0.0017349999980069697
0.06624899999587797 0.0
0.06844200001796708 0.0018649999983608723
0.06844200001796708 0.0
0.05849799999850802 0.001500999991549179
0.05849799999850802 0.0
0.05880599998636171 0.0015370000037364662
0.05880599998636171 0.0
INFO:sc2.protocol:Client status changed to Status.ended (was Status.in_game)
INFO:root:Result for player 1 - Bot(Race.Terran, <bots.Showing_bot.speedBot.MarinBot object at 0x7fc92cb18f28>): Defeat
INFO:sc2.protocol:Client status changed to Status.ended (was Status.in_game)
INFO:root:Result for player 2 - Bot(Race.Terran, <bots.ggg.KeyBot.KeyBot object at 0x7fc91dabff60>): Victory
INFO:sc2.client:Saved replay to outs/2020-01-17T11-28-03/replays/showing_bot-ggg/showing_bot-ggg-2.SC2Replay
INFO:sc2.protocol:Client status changed to Status.launched (was Status.ended)
INFO:sc2.protocol:Client status changed to Status.quit (was Status.launched)
INFO:sc2.sc2process:kill_switch: Process cleanup
INFO:sc2.sc2process:Cleaning up...
INFO:sc2.sc2process:Cleanup complete
INFO:sc2.sc2process:Cleaning up...
INFO:sc2.sc2process:Cleanup complete
INFO:sc2.protocol:Client status changed to Status.launched (was Status.ended)
INFO:sc2.protocol:Cannot receive: Connection already closed.
INFO:sc2.sc2process:kill_switch: Process cleanup
INFO:sc2.sc2process:Cleaning up...
INFO:sc2.sc2process:Cleanup complete
INFO:sc2.sc2process:Cleaning up...
INFO:sc2.sc2process:Cleanup complete


## STDERR ##

Version: B75689 (SC2.4.10)
Build: Aug 12 2019 17:16:57
Command Line: '"/home/hspark8312/StarCraftII/Versions/Base75689/SC2_x64" -listen 127.0.0.1 -port 22877 -displayMode 0 -dataDir /home/hspark8312/StarCraftII -tempDir /tmp/SC2_yj1_e3an'
Starting up...
Startup Phase 1 complete
Version: B75689 (SC2.4.10)
Build: Aug 12 2019 17:16:57
Command Line: '"/home/hspark8312/StarCraftII/Versions/Base75689/SC2_x64" -listen 127.0.0.1 -port 15753 -displayMode 0 -dataDir /home/hspark8312/StarCraftII -tempDir /tmp/SC2_3lcmvnkt'
Starting up...
Startup Phase 1 complete
Startup Phase 2 complete
Creating stub renderer...
Listening on: 127.0.0.1:22877
Startup Phase 3 complete. Ready for commands.
Startup Phase 2 complete
Creating stub renderer...
ConnectHandler: Request from 127.0.0.1:58703 accepted
ReadyHandler: 127.0.0.1:58703 ready
Requesting to join a multiplayer game
Configuring interface options
Configure: raw interface enabled
Configure: feature layer interface enabled
Configure: score interface enabled
Configure: render interface disabled
Create game with map path: NCFellowship-2019_m1_v6.SC2Map
Listening on: 127.0.0.1:15753
Startup Phase 3 complete. Ready for commands.
ConnectHandler: Request from 127.0.0.1:58705 accepted
ReadyHandler: 127.0.0.1:58705 ready
Requesting to join a multiplayer game
Configuring interface options
Configure: raw interface enabled
Configure: feature layer interface enabled
Configure: score interface enabled
Configure: render interface disabled
Attempting to join a game with the map: NCFellowship-2019_m1_v6.SC2Map
Game has started.
Using default stable ids, none found at: /home/hspark8312/StarCraftII/stableid.json
Successfully loaded stable ids: GameData\stableid.json
Sending ResponseJoinGame
Game has started.
Using default stable ids, none found at: /home/hspark8312/StarCraftII/stableid.json
Successfully loaded stable ids: GameData\stableid.json
Sending ResponseJoinGame
RequestQuit command received.
Closing Application...
/home/hspark8312/anaconda3/envs/sc2/lib/python3.6/importlib/_bootstrap.py:219: RuntimeWarning: numpy.ufunc size changed, may indicate binary incompatibility. Expected 192 from C header, got 216 from PyObject
  return f(*args, **kwds)
/home/hspark8312/anaconda3/envs/sc2/lib/python3.6/importlib/_bootstrap.py:219: RuntimeWarning: numpy.ufunc size changed, may indicate binary incompatibility. Expected 192 from C header, got 216 from PyObject
  return f(*args, **kwds)
/home/hspark8312/anaconda3/envs/sc2/lib/python3.6/site-packages/tensorboard/compat/tensorflow_stub/dtypes.py:541: FutureWarning: Passing (type, 1) or '1type' as a synonym of type is deprecated; in a future version of numpy, it will be understood as (type, (1,)) / '(1,)type'.
  _np_qint8 = np.dtype([("qint8", np.int8, 1)])
/home/hspark8312/anaconda3/envs/sc2/lib/python3.6/site-packages/past/builtins/misc.py:45: DeprecationWarning: the imp module is deprecated in favour of importlib; see the module's documentation for alternative uses
  from imp import reload
/mnt/d/sc2minigame-eval-2020-01-09/bots/Showing_bot/speedBot.py:1643: RuntimeWarning: coroutine 'TerreinManager.debug' was never awaited
  self.terrein_manager.debug()
