## STDOUT ##

[[92mINFO[0m] SC2 4.9.0 용 패치 적용
패치 sc2.ids.ability_id
패치 sc2.game_state
패치 sc2.bot_ai
패치 sc2.client
패치 sc2.controller
패치 sc2.main
INFO:root:Failed to import cuda module: No module named 'caffe2.python.caffe2_pybind11_state_gpu'
INFO:root:Failed to import AMD hip module: No module named 'caffe2.python.caffe2_pybind11_state_hip'
WARNING:root:This caffe2 python run does not have GPU support. Will run in CPU only mode.
cpu
INFO:sc2.protocol:Client status changed to Status.launched (was None)
INFO:sc2_patch.sc2_patch_490.controller:Creating new game
INFO:sc2_patch.sc2_patch_490.controller:Map:     NCFellowship-2019_m1_v6
INFO:sc2_patch.sc2_patch_490.controller:Players: Bot(Race.Terran, <bots.Showing_bot.speedBot.MarinBot object at 0x7f7f35da7f28>), Bot(Race.Terran, <bots.ggg.KeyBot.KeyBot object at 0x7f7f26d50f60>)
INFO:sc2.protocol:Client status changed to Status.init_game (was Status.launched)
INFO:sc2.protocol:Client status changed to Status.launched (was None)
INFO:sc2.protocol:Client status changed to Status.in_game (was None)
INFO:root:Player 1 - Bot(Race.Terran, <bots.Showing_bot.speedBot.MarinBot object at 0x7f7f35da7f28>)
TEST: 1, <bots.Showing_bot.speedBot.MarinBot object at 0x7f7f35da7f28>
load model: bots/Showing_bot/models/model-89.pt
create new model
INFO:sc2.protocol:Client status changed to Status.in_game (was None)
INFO:root:Player 2 - Bot(Race.Terran, <bots.ggg.KeyBot.KeyBot object at 0x7f7f26d50f60>)
TEST: 2, <bots.ggg.KeyBot.KeyBot object at 0x7f7f26d50f60>
0.04590800000005402 0.0035979999811388552
0.04590800000005402 9.999785106629133e-07
0.045845999993616715 0.0021699999924749136
0.045845999993616715 9.999785106629133e-07
0.04695400001946837 0.0017319999751634896
0.04695400001946837 0.0
0.0461829999985639 0.0011639999866019934
0.0461829999985639 0.0
0.04706300000543706 0.0014110000047367066
0.04706300000543706 9.999785106629133e-07
0.046743999992031604 0.0015070000081323087
0.046743999992031604 0.0
0.046043000009376556 0.0012199999764561653
0.046043000009376556 1.00000761449337e-06
0.046759999997448176 0.001537999982247129
0.046759999997448176 9.999785106629133e-07
0.04951699997764081 0.0014460000093095005
0.04951699997764081 0.0
0.05021499999566004 0.0012679999927058816
0.05021499999566004 1.00000761449337e-06
0.04888299998128787 0.001281000004382804
0.04888299998128787 0.0
0.049002000014297664 0.0012170000118203461
0.049002000014297664 0.0
0.059585000009974465 0.001213999988976866
0.059585000009974465 1.00000761449337e-06
0.059470999985933304 0.0012329999881330878
0.059470999985933304 0.0
0.05000299998209812 0.0013270000054035336
0.05000299998209812 0.0
0.060682999988785014 0.0011879999947268516
0.060682999988785014 9.999785106629133e-07
0.05185799999162555 0.0013210000179242343
0.05185799999162555 0.0
0.0509019999881275 0.0013099999923724681
0.0509019999881275 9.999785106629133e-07
0.04692500000237487 0.001164000015705824
0.04692500000237487 1.00000761449337e-06
0.04703600000357255 0.0012449999921955168
0.04703600000357255 0.0
0.04926900001009926 0.002833000005921349
0.04926900001009926 0.0
0.04952700002468191 0.0013510000135283917
0.04952700002468191 1.00000761449337e-06
0.04937900000368245 0.0012419999984558672
0.04937900000368245 0.0
0.04950599998119287 0.0012410000199452043
0.04950599998119287 0.0
0.0498410000000149 0.0012459999998100102
0.0498410000000149 0.0
0.04686600001878105 0.0011709999816957861
0.04686600001878105 1.00000761449337e-06
0.0462169999955222 0.0012270000006537884
0.0462169999955222 0.0
0.04669299998204224 0.0012869999918621033
0.04669299998204224 0.0
0.04641999999876134 0.0012549999810289592
0.04641999999876134 1.00000761449337e-06
0.046880000008968636 0.00136900000507012
0.046880000008968636 1.00000761449337e-06
0.04643300001043826 0.0012430000060703605
0.04643300001043826 0.0
0.04657700000097975 0.0011709999816957861
0.04657700000097975 0.0
0.04747799999313429 0.0012820000119972974
0.04747799999313429 0.0
0.04673299999558367 0.001197000005049631
0.04673299999558367 1.00000761449337e-06
0.04668400000082329 0.0012940000160597265
0.04668400000082329 0.0
0.05080899997847155 0.0012989999959245324
0.05080899997847155 9.999785106629133e-07
0.052146000001812354 0.0014230000087991357
0.052146000001812354 0.0
0.051780000008875504 0.0013420000032056123
0.051780000008875504 0.0
0.05281000002287328 0.0013640000252053142
0.05281000002287328 1.00000761449337e-06
0.05112099999678321 0.001320000010309741
0.05112099999678321 0.0
changed strategy
0.05207700000028126 0.0012839999981224537
0.05207700000028126 0.0
0.0536359999969136 0.0013029999972786754
0.0536359999969136 1.00000761449337e-06
0.05211300001246855 0.0013500000059138983
0.05211300001246855 0.0
0.0546850000100676 0.002091000002110377
0.0546850000100676 0.0
0.0630550000059884 0.0012629999837372452
0.0630550000059884 9.999785106629133e-07
0.05010600000969134 0.001305999991018325
0.05010600000969134 9.999785106629133e-07
0.05433499999344349 0.0016900000046007335
0.05433499999344349 1.00000761449337e-06
0.05894700001226738 0.0012989999959245324
0.05894700001226738 0.0
0.05378099999506958 0.001369999983580783
0.05378099999506958 0.0
0.05808300001081079 0.0012679999927058816
0.05808300001081079 1.00000761449337e-06
0.055019999999785796 0.0016510000277776271
0.055019999999785796 0.0
0.05547999998088926 0.0014749999972991645
0.05547999998088926 0.0
0.05361000000266358 0.0013329999928828329
0.05361000000266358 0.0
0.052115999977104366 0.0013230000040493906
0.052115999977104366 0.0
0.05338500000652857 0.0013299999991431832
0.05338500000652857 1.00000761449337e-06
0.05202400000416674 0.001285000005736947
0.05202400000416674 0.0
0.05185200000414625 0.0012910000223200768
0.05185200000414625 9.999785106629133e-07
0.05177800002275035 0.0013039999757893384
0.05177800002275035 0.0
0.05215999999199994 0.0012920000008307397
0.05215999999199994 0.0
0.051663000020198524 0.0012879999994765967
0.051663000020198524 0.0
0.051343999977689236 0.0012759999954141676
0.051343999977689236 0.0
0.0518210000009276 0.0012789999891538173
0.0518210000009276 0.0
0.051999000017531216 0.0012670000141952187
0.051999000017531216 1.00000761449337e-06
0.051642000005813316 0.001289999985601753
0.051642000005813316 0.0
0.051386999984970316 0.0012630000128410757
0.051386999984970316 9.999785106629133e-07
0.05221900000469759 0.0013000000035390258
0.05221900000469759 0.0
0.05176600001868792 0.001277000003028661
0.05176600001868792 0.0
0.05171400000108406 0.0012789999891538173
0.05171400000108406 0.0
0.05156400002306327 0.001281000004382804
0.05156400002306327 0.0
0.05152999999700114 0.001285000005736947
0.05152999999700114 0.0
0.0540890000120271 0.0030719999922439456
0.0540890000120271 0.0
0.05402499999036081 0.0015659999917261302
0.05402499999036081 0.0
0.05373000001418404 0.001365000003715977
0.05373000001418404 1.00000761449337e-06
0.054139999992912635 0.0013500000059138983
0.054139999992912635 0.0
0.05402199999662116 0.0013340000004973263
0.05402199999662116 1.00000761449337e-06
0.05417300001136027 0.0013319999852683395
0.05417300001136027 0.0
0.05437500000698492 0.001377999986289069
0.05437500000698492 0.0
0.05710199999157339 0.0019299999985378236
0.05710199999157339 9.999785106629133e-07
0.05695399999967776 0.0013930000131949782
0.05695399999967776 0.0
0.054078000015579164 0.0013500000059138983
0.054078000015579164 1.00000761449337e-06
0.05518100000335835 0.0012989999959245324
0.05518100000335835 9.999785106629133e-07
0.0545200000051409 0.0014050000172574073
0.0545200000051409 0.0
0.051685000013094395 0.0012990000250283629
0.051685000013094395 1.00000761449337e-06
0.051343999977689236 0.0013190000026952475
0.051343999977689236 0.0
0.051432999985991046 0.0015719999792054296
0.051432999985991046 0.0
0.051525000017136335 0.001449999981559813
0.051525000017136335 0.0
0.051802000001771376 0.0017259999876841903
0.051802000001771376 0.0
0.04921299999114126 0.0012549999810289592
0.04921299999114126 1.00000761449337e-06
0.04715500000747852 0.0012759999954141676
0.04715500000747852 0.0
0.04710900000645779 0.0016799999866634607
0.04710900000645779 0.0
0.046418000012636185 0.0014179999998304993
0.046418000012636185 9.999785106629133e-07
0.046344000002136454 0.00136900000507012
0.046344000002136454 1.00000761449337e-06
0.04536399999051355 0.001508999994257465
0.04536399999051355 1.00000761449337e-06
0.04185700000380166 0.0013970000145491213
0.04185700000380166 0.0
0.041831000009551644 0.0013199999812059104
0.041831000009551644 0.0
0.041553999995812774 0.001066999975591898
0.041553999995812774 1.00000761449337e-06
0.041754000005312264 0.0010750000074040145
0.041754000005312264 0.0
0.04167800000868738 0.001100000023143366
0.04167800000868738 0.0
0.03994699998293072 0.00104599999031052
0.03994699998293072 0.0
0.039327000005869195 0.001121000008424744
0.039327000005869195 0.0
0.03950300000724383 0.0012479999859351665
0.03950300000724383 0.0
0.03935700000147335 0.001008000021101907
0.03935700000147335 0.0
0.03951699999743141 0.0010089999996125698
0.03951699999743141 0.0
0.03967599998577498 0.0010140000085812062
0.03967599998577498 0.0
0.04008199999225326 0.001069999998435378
0.04008199999225326 0.0
0.040862000023480505 0.0010500000207684934
0.040862000023480505 0.0
0.03939300001366064 0.0009960000170394778
0.03939300001366064 9.999785106629133e-07
0.03917699999874458 0.0010320000001229346
0.03917699999874458 0.0
0.03913200000533834 0.0010049999982584268
0.03913200000533834 1.00000761449337e-06
0.039201000006869435 0.00101200002245605
0.039201000006869435 9.999785106629133e-07
0.0418389999831561 0.0011790000135079026
0.0418389999831561 0.0
0.0422919999982696 0.001078999979654327
0.0422919999982696 0.0
0.04175199999008328 0.0011269999959040433
0.04175199999008328 0.0
0.042947999987518415 0.0011119999981019646
0.042947999987518415 1.00000761449337e-06
0.043908000021474436 0.0011570000206120312
0.043908000021474436 0.0
0.048867000004975125 0.0013509999844245613
0.048867000004975125 1.00000761449337e-06
0.04573100002016872 0.0012759999954141676
0.04573100002016872 0.0
0.04543600001488812 0.00128900000709109
0.04543600001488812 0.0
0.044345000002067536 0.0011629999789875
0.044345000002067536 0.0
0.04440500002237968 0.001133000012487173
0.04440500002237968 0.0
0.04428999999072403 0.001090999983716756
0.04428999999072403 0.0
0.043495999998413026 0.0011249999806750566
0.043495999998413026 0.0
0.04638300000806339 0.0012540000025182962
0.04638300000806339 1.00000761449337e-06
0.04697900000610389 0.0012580000038724393
0.04697900000610389 1.00000761449337e-06
0.04456099998787977 0.001189000002341345
0.04456099998787977 9.999785106629133e-07
0.04408699998748489 0.0012419999984558672
0.04408699998748489 9.999785106629133e-07
0.04288699998869561 0.0011489999887999147
0.04288699998869561 9.999785106629133e-07
0.04360400000587106 0.0019389999797567725
0.04360400000587106 0.0
0.043206000002101064 0.0011610000219661742
0.043206000002101064 1.00000761449337e-06
0.04342400000314228 0.001133999990997836
0.04342400000314228 1.00000761449337e-06
0.04735800001071766 0.0011200000008102506
0.04735800001071766 1.00000761449337e-06
0.048221000004559755 0.0011609999928623438
0.048221000004559755 1.00000761449337e-06
0.04281100002117455 0.001133999990997836
0.04281100002117455 0.0
0.05126400000881404 0.001137000013841316
0.05126400000881404 0.0
0.043843000021297485 0.0013510000135283917
0.043843000021297485 1.00000761449337e-06
0.043726000003516674 0.0012839999981224537
0.043726000003516674 1.00000761449337e-06
0.04457399999955669 0.0012559999886434525
0.04457399999955669 1.00000761449337e-06
0.045547999994596466 0.0013590000162366778
0.045547999994596466 1.00000761449337e-06
0.04423199998564087 0.0015919999859761447
0.04423199998564087 9.999785106629133e-07
0.04036499999347143 0.001010999985737726
0.04036499999347143 9.999785106629133e-07
0.04067200000281446 0.0010790000087581575
0.04067200000281446 1.00000761449337e-06
0.04000899998936802 0.001073999999789521
0.04000899998936802 0.0
0.03925999999046326 0.0010360000014770776
0.03925999999046326 0.0
0.03994699998293072 0.00112599998828955
0.03994699998293072 1.00000761449337e-06
0.03976899999543093 0.0010099999781232327
0.03976899999543093 0.0
0.03930799997760914 0.0010049999982584268
0.03930799997760914 0.0
0.03954300002078526 0.0009990000107791275
0.03954300002078526 0.0
0.03930800000671297 0.0010189999884460121
0.03930800000671297 0.0
0.03924900002311915 0.0010170000023208559
0.03924900002311915 0.0
0.03927300000214018 0.0010389999952167273
0.03927300000214018 1.00000761449337e-06
0.03690400000778027 0.000957000011112541
0.03690400000778027 0.0
0.03676499999710359 0.001049999991664663
0.03676499999710359 0.0
0.03697599997394718 0.000957000011112541
0.03697599997394718 1.00000761449337e-06
0.03682400000980124 0.0009849999914877117
0.03682400000980124 0.0
0.03691400002571754 0.000981000019237399
0.03691400002571754 1.00000761449337e-06
0.0385719999903813 0.0010630000033415854
0.0385719999903813 0.0
0.03723999997600913 0.0009669999999459833
0.03723999997600913 0.0
0.03776199999265373 0.0010059999767690897
0.03776199999265373 0.0
0.03669199999421835 0.0009629999985918403
0.03669199999421835 1.00000761449337e-06
0.036937000026227906 0.0009839999838732183
0.036937000026227906 0.0
0.03993700002320111 0.0010260000126436353
0.03993700002320111 0.0
0.03947600000537932 0.0010199999960605055
0.03947600000537932 0.0
0.036619999998947605 0.0009460000146646053
0.036619999998947605 1.00000761449337e-06
0.03709500000695698 0.0009609999833628535
0.03709500000695698 0.0
0.036951999994926155 0.0009830000053625554
0.036951999994926155 9.999785106629133e-07
0.03677299999981187 0.0009490000084042549
0.03677299999981187 0.0
0.03679999997257255 0.0009630000276956707
0.03679999997257255 1.00000761449337e-06
0.037394999992102385 0.000985999999102205
0.037394999992102385 9.999785106629133e-07
0.03725299998768605 0.0009720000089146197
0.03725299998768605 0.0
0.036666999978479 0.0009469999931752682
0.036666999978479 0.0
0.03706400000373833 0.0009569999820087105
0.03706400000373833 1.00000761449337e-06
0.036955000017769635 0.0009840000129770488
0.036955000017769635 1.00000761449337e-06
0.03693100000964478 0.0009599999757483602
0.03693100000964478 0.0
0.036905999993905425 0.0009759999811649323
0.036905999993905425 0.0
0.036571000004187226 0.0009549999958835542
0.036571000004187226 0.0
0.03689300001133233 0.0011070000182371587
0.03689300001133233 1.00000761449337e-06
0.03809799998998642 0.00101200002245605
0.03809799998998642 0.0
0.03692399998544715 0.0009730000165291131
0.03692399998544715 0.0
0.036635000025853515 0.0009540000173728913
0.036635000025853515 1.00000761449337e-06
0.036862999986624345 0.0009509999945294112
0.036862999986624345 0.0
0.0368880000023637 0.0009660000214353204
0.0368880000023637 0.0
0.03443099997821264 0.0009330000029876828
0.03443099997821264 0.0
0.03484400000888854 0.000901999999769032
0.03484400000888854 9.999785106629133e-07
0.03446799999801442 0.0008949999755714089
0.03446799999801442 9.999785106629133e-07
0.034442000003764406 0.000901999999769032
0.034442000003764406 1.00000761449337e-06
0.0344209999893792 0.0008889999880921096
0.0344209999893792 1.00000761449337e-06
0.03454799999599345 0.0012419999984558672
0.03454799999599345 1.00000761449337e-06
0.035107000003336 0.0009469999931752682
0.035107000003336 0.0
0.03802100001485087 0.0009519999730400741
0.03802100001485087 0.0
0.034512000012909994 0.0009259999787900597
0.034512000012909994 9.999785106629133e-07
0.03686399999423884 0.0010979999788105488
0.03686399999423884 9.999785106629133e-07
0.037210000009508803 0.0009609999833628535
0.037210000009508803 1.00000761449337e-06
0.0391620000009425 0.0011309999972581863
0.0391620000009425 9.999785106629133e-07
0.042400000005727634 0.0023649999930057675
0.042400000005727634 1.00000761449337e-06
0.041991000005509704 0.0010719999845605344
0.041991000005509704 0.0
0.04201800000737421 0.0010729999921750277
0.04201800000737421 1.00000761449337e-06
0.04456500001833774 0.0013190000026952475
0.04456500001833774 0.0
0.04451800000970252 0.001707000017631799
0.04451800000970252 0.0
0.044185000006109476 0.0011799999920185655
0.044185000006109476 0.0
0.044262000010348856 0.0011700000031851232
0.044262000010348856 0.0
0.0448270000051707 0.0012209999840706587
0.0448270000051707 0.0
0.04447500000242144 0.001137999992351979
0.04447500000242144 0.0
0.04409800001303665 0.0011489999887999147
0.04409800001303665 0.0
0.04472099998383783 0.001256000017747283
0.04472099998383783 1.00000761449337e-06
0.04549600000609644 0.0013040000048931688
0.04549600000609644 0.0
0.047083000012207776 0.0012329999881330878
0.047083000012207776 0.0
0.048085999995237216 0.0012599999899975955
0.048085999995237216 0.0
0.048141000006580725 0.001213999988976866
0.048141000006580725 0.0
0.05124699999578297 0.0011519999825395644
0.05124699999578297 0.0
0.05066599999554455 0.0011949999898206443
0.05066599999554455 0.0
0.044228000013390556 0.0011229999945499003
0.044228000013390556 0.0
0.04209699999773875 0.0010670000046957284
0.04209699999773875 0.0
0.0419629999960307 0.0010830000101123005
0.0419629999960307 0.0
0.042114000010769814 0.0011109999904874712
0.042114000010769814 1.00000761449337e-06
0.04200600000331178 0.0010860000038519502
0.04200600000331178 0.0
0.04231200000504032 0.0011109999904874712
0.04231200000504032 1.00000761449337e-06
0.04219799998099916 0.0011119999981019646
0.04219799998099916 1.00000761449337e-06
0.0422180000168737 0.0010860000038519502
0.0422180000168737 1.00000761449337e-06
0.04194699999061413 0.0010769999935291708
0.04194699999061413 0.0
0.04162599999108352 0.0010820000024978071
0.04162599999108352 0.0
0.03994999997667037 0.0010919999913312495
0.03994999997667037 1.00000761449337e-06
0.036914999975124374 0.0010000000183936208
0.036914999975124374 0.0
0.03980900000897236 0.0011139999842271209
0.03980900000897236 0.0
0.03926099999807775 0.0010159999947063625
0.03926099999807775 1.00000761449337e-06
0.039265999977942556 0.0010440000041853637
0.039265999977942556 0.0
0.03933500000857748 0.0010299999848939478
0.03933500000857748 0.0
0.039049999992130324 0.0010279999987687916
0.039049999992130324 1.00000761449337e-06
0.03974999999627471 0.0010339999862480909
0.03974999999627471 0.0
0.03908899999805726 0.0010550000006332994
0.03908899999805726 0.0
0.03938499998184852 0.0010509999992791563
0.03938499998184852 0.0
0.041341999982250854 0.0011349999986123294
0.041341999982250854 1.00000761449337e-06
0.04224199999589473 0.001101000001654029
0.04224199999589473 9.999785106629133e-07
0.04429900000104681 0.0011140000133309513
0.04429900000104681 0.0
0.04446899998583831 0.0011599999852478504
0.04446899998583831 0.0
0.04729699998279102 0.0014019999944139272
0.04729699998279102 0.0
0.049605000007431954 0.0013510000135283917
0.049605000007431954 0.0
0.04881899998872541 0.001260999997612089
0.04881899998872541 1.00000761449337e-06
0.05154600000241771 0.001420000015059486
0.05154600000241771 0.0
0.05239499997696839 0.0013890000118408352
0.05239499997696839 9.999785106629133e-07
0.05450100000598468 0.0014979999978095293
0.05450100000598468 0.0
0.054084999981569126 0.0013230000040493906
0.054084999981569126 0.0
0.05406700001913123 0.001377999986289069
0.05406700001913123 1.00000761449337e-06
0.054614000022411346 0.0013660000113304704
0.054614000022411346 0.0
0.05361599999014288 0.0013289999915286899
0.05361599999014288 0.0
0.05765199998859316 0.0036979999858886003
0.05765199998859316 0.0
0.059302000008756295 0.003364999982295558
0.059302000008756295 1.00000761449337e-06
0.05892199999652803 0.0016499999910593033
0.05892199999652803 0.0
0.06193600001279265 0.0016370000084862113
0.06193600001279265 0.0
0.062120000016875565 0.0015539999876637012
0.062120000016875565 0.0
0.06140700000105426 0.0015529999800492078
0.06140700000105426 0.0
0.06158000000868924 0.0015690000145696104
0.06158000000868924 0.0
0.061348000017460436 0.0015859999984968454
0.061348000017460436 1.00000761449337e-06
0.0637130000104662 0.003702000016346574
0.0637130000104662 9.999785106629133e-07
0.06373999998322688 0.0016999999934341758
0.06373999998322688 1.00000761449337e-06
0.06367500001215376 0.001609999977517873
0.06367500001215376 1.00000761449337e-06
0.06634399999165908 0.0017609999922569841
0.06634399999165908 9.999785106629133e-07
0.06630700000096112 0.0016450000111944973
0.06630700000096112 1.00000761449337e-06
0.06726999999955297 0.0017140000127255917
0.06726999999955297 1.00000761449337e-06
0.06610500000533648 0.001652999984798953
0.06610500000533648 0.0
0.06655100002535619 0.0016500000201631337
0.06655100002535619 0.0
0.0658860000257846 0.001648000004934147
0.0658860000257846 0.0
0.06745899998350069 0.0016999999934341758
0.06745899998350069 0.0
0.06634900000062771 0.0016530000139027834
0.06634900000062771 0.0
0.06630299999960698 0.0016679999826010317
0.06630299999960698 1.00000761449337e-06
0.058548000000882894 0.0015290000010281801
0.058548000000882894 0.0
0.05874700000276789 0.001492999988840893
0.05874700000276789 0.0
0.05623699998250231 0.001420000015059486
0.05623699998250231 9.999785106629133e-07
INFO:sc2.protocol:Client status changed to Status.ended (was Status.in_game)
INFO:root:Result for player 1 - Bot(Race.Terran, <bots.Showing_bot.speedBot.MarinBot object at 0x7f7f35da7f28>): Defeat
INFO:sc2.protocol:Client status changed to Status.ended (was Status.in_game)
INFO:root:Result for player 2 - Bot(Race.Terran, <bots.ggg.KeyBot.KeyBot object at 0x7f7f26d50f60>): Victory
INFO:sc2.client:Saved replay to outs/2020-01-17T11-28-03/replays/showing_bot-ggg/showing_bot-ggg-1.SC2Replay
INFO:sc2.protocol:Client status changed to Status.launched (was Status.ended)
INFO:sc2.protocol:Client status changed to Status.quit (was Status.launched)
INFO:sc2.sc2process:kill_switch: Process cleanup
INFO:sc2.sc2process:Cleaning up...
INFO:sc2.sc2process:Cleanup complete
INFO:sc2.sc2process:Cleaning up...
INFO:sc2.sc2process:Cleanup complete
INFO:sc2.protocol:Client status changed to Status.launched (was Status.ended)
INFO:sc2.protocol:Cannot receive: Connection already closed.
INFO:sc2.sc2process:kill_switch: Process cleanup
INFO:sc2.sc2process:Cleaning up...
INFO:sc2.sc2process:Cleanup complete
INFO:sc2.sc2process:Cleaning up...
INFO:sc2.sc2process:Cleanup complete


## STDERR ##

Version: B75689 (SC2.4.10)
Build: Aug 12 2019 17:16:57
Command Line: '"/home/hspark8312/StarCraftII/Versions/Base75689/SC2_x64" -listen 127.0.0.1 -port 18525 -displayMode 0 -dataDir /home/hspark8312/StarCraftII -tempDir /tmp/SC2_mbwfysse'
Starting up...
Startup Phase 1 complete
Version: B75689 (SC2.4.10)
Build: Aug 12 2019 17:16:57
Command Line: '"/home/hspark8312/StarCraftII/Versions/Base75689/SC2_x64" -listen 127.0.0.1 -port 22540 -displayMode 0 -dataDir /home/hspark8312/StarCraftII -tempDir /tmp/SC2_blf34ka2'
Starting up...
Startup Phase 1 complete
Startup Phase 2 complete
Creating stub renderer...
Listening on: 127.0.0.1:18525
Startup Phase 3 complete. Ready for commands.
Startup Phase 2 complete
Creating stub renderer...
Listening on: 127.0.0.1:22540
Startup Phase 3 complete. Ready for commands.
ConnectHandler: Request from 127.0.0.1:54831 accepted
ReadyHandler: 127.0.0.1:54831 ready
Requesting to join a multiplayer game
Configuring interface options
Configure: raw interface enabled
Configure: feature layer interface enabled
Configure: score interface enabled
Configure: render interface disabled
Create game with map path: NCFellowship-2019_m1_v6.SC2Map
ConnectHandler: Request from 127.0.0.1:54833 accepted
ReadyHandler: 127.0.0.1:54833 ready
Requesting to join a multiplayer game
Configuring interface options
Configure: raw interface enabled
Configure: feature layer interface enabled
Configure: score interface enabled
Configure: render interface disabled
Attempting to join a game with the map: NCFellowship-2019_m1_v6.SC2Map
Game has started.
Using default stable ids, none found at: /home/hspark8312/StarCraftII/stableid.json
Successfully loaded stable ids: GameData\stableid.json
Sending ResponseJoinGame
Game has started.
Using default stable ids, none found at: /home/hspark8312/StarCraftII/stableid.json
Successfully loaded stable ids: GameData\stableid.json
Sending ResponseJoinGame
RequestQuit command received.
Closing Application...
/home/hspark8312/anaconda3/envs/sc2/lib/python3.6/importlib/_bootstrap.py:219: RuntimeWarning: numpy.ufunc size changed, may indicate binary incompatibility. Expected 192 from C header, got 216 from PyObject
  return f(*args, **kwds)
/home/hspark8312/anaconda3/envs/sc2/lib/python3.6/importlib/_bootstrap.py:219: RuntimeWarning: numpy.ufunc size changed, may indicate binary incompatibility. Expected 192 from C header, got 216 from PyObject
  return f(*args, **kwds)
/home/hspark8312/anaconda3/envs/sc2/lib/python3.6/site-packages/tensorboard/compat/tensorflow_stub/dtypes.py:541: FutureWarning: Passing (type, 1) or '1type' as a synonym of type is deprecated; in a future version of numpy, it will be understood as (type, (1,)) / '(1,)type'.
  _np_qint8 = np.dtype([("qint8", np.int8, 1)])
/home/hspark8312/anaconda3/envs/sc2/lib/python3.6/site-packages/past/builtins/misc.py:45: DeprecationWarning: the imp module is deprecated in favour of importlib; see the module's documentation for alternative uses
  from imp import reload
/mnt/d/sc2minigame-eval-2020-01-09/bots/Showing_bot/speedBot.py:1643: RuntimeWarning: coroutine 'TerreinManager.debug' was never awaited
  self.terrein_manager.debug()
