## STDOUT ##

[[92mINFO[0m] SC2 4.9.0 용 패치 적용
패치 sc2.ids.ability_id
패치 sc2.game_state
패치 sc2.bot_ai
패치 sc2.client
패치 sc2.controller
패치 sc2.main
INFO:root:Failed to import cuda module: No module named 'caffe2.python.caffe2_pybind11_state_gpu'
INFO:root:Failed to import AMD hip module: No module named 'caffe2.python.caffe2_pybind11_state_hip'
WARNING:root:This caffe2 python run does not have GPU support. Will run in CPU only mode.
cpu
INFO:sc2.protocol:Client status changed to Status.launched (was None)
INFO:sc2.protocol:Client status changed to Status.launched (was None)
INFO:sc2_patch.sc2_patch_490.controller:Creating new game
INFO:sc2_patch.sc2_patch_490.controller:Map:     NCFellowship-2019_m1_v6
INFO:sc2_patch.sc2_patch_490.controller:Players: Bot(Race.Terran, <bots.poscat.poscat_bot.POSCATBot object at 0x7f392e818f60>), Bot(Race.Terran, <bots.Showing_bot.speedBot.MarinBot object at 0x7f3930e34b70>)
INFO:sc2.protocol:Client status changed to Status.init_game (was Status.launched)
INFO:sc2.protocol:Client status changed to Status.in_game (was None)
INFO:root:Player 2 - Bot(Race.Terran, <bots.Showing_bot.speedBot.MarinBot object at 0x7f3930e34b70>)
TEST: 2, <bots.Showing_bot.speedBot.MarinBot object at 0x7f3930e34b70>
INFO:sc2.protocol:Client status changed to Status.in_game (was None)
INFO:root:Player 1 - Bot(Race.Terran, <bots.poscat.poscat_bot.POSCATBot object at 0x7f392e818f60>)
TEST: 1, <bots.poscat.poscat_bot.POSCATBot object at 0x7f392e818f60>
load model: bots/Showing_bot/models/model-89.pt
create new model
0.044710999995004386 0.00281499998527579
0.044710999995004386 0.0
0.04607599999872036 0.0024569999950472265
0.04607599999872036 0.0
0.04552800001692958 0.0015500000154133886
0.04552800001692958 1.00000761449337e-06
0.044605999981286004 0.00133200001437217
0.044605999981286004 1.00000761449337e-06
0.04540999999153428 0.001090999983716756
0.04540999999153428 1.00000761449337e-06
0.045851999981096014 0.0011100000119768083
0.045851999981096014 9.999785106629133e-07
0.04480699999839999 0.001105000003008172
0.04480699999839999 0.0
0.04605399997672066 0.001193000003695488
0.04605399997672066 0.0
0.045439999987138435 0.0014009999867994338
0.045439999987138435 0.0
0.0453269999998156 0.0011069999891333282
0.0453269999998156 0.0
0.04555600002640858 0.0011269999959040433
0.04555600002640858 1.00000761449337e-06
0.04531300000962801 0.0011639999866019934
0.04531300000962801 0.0
0.04521000001113862 0.0013809999800287187
0.04521000001113862 1.00000761449337e-06
0.04539199999999255 0.0011430000013206154
0.04539199999999255 1.00000761449337e-06
0.04533100000116974 0.0011400000075809658
0.04533100000116974 0.0
0.045045999984722584 0.0010760000150185078
0.045045999984722584 1.00000761449337e-06
0.04550500001641922 0.001133999990997836
0.04550500001641922 9.999785106629133e-07
0.04575600000680424 0.0012280000082682818
0.04575600000680424 0.0
0.044894999999087304 0.0010840000177267939
0.044894999999087304 0.0
0.04568199999630451 0.0012109999952372164
0.04568199999630451 9.999785106629133e-07
0.04804400002467446 0.0012539999734144658
0.04804400002467446 0.0
0.047981000010622665 0.0011740000045392662
0.047981000010622665 1.00000761449337e-06
0.04845099998055957 0.0011790000135079026
0.04845099998055957 0.0
0.04755700001260266 0.0012559999886434525
0.04755700001260266 9.999785106629133e-07
0.048036000021966174 0.001188000023830682
0.048036000021966174 0.0
0.04839099998935126 0.0012719999940600246
0.04839099998935126 0.0
0.04752800002461299 0.0013060000201221555
0.04752800002461299 1.00000761449337e-06
0.04711700000916608 0.001260999997612089
0.04711700000916608 9.999785106629133e-07
0.048221000004559755 0.0011649999942164868
0.048221000004559755 0.0
0.04731900000479072 0.0012489999935496598
0.04731900000479072 0.0
0.048368999996455386 0.002806000004056841
0.048368999996455386 0.0
0.047144000011030585 0.0014859999937471002
0.047144000011030585 9.999785106629133e-07
0.047938000003341585 0.0012210000131744891
0.047938000003341585 0.0
0.049827000009827316 0.0015920000150799751
0.049827000009827316 0.0
0.048784000013256446 0.0012369999894872308
0.048784000013256446 0.0
0.05040400000871159 0.0013749999925494194
0.05040400000871159 0.0
0.0512870000093244 0.0013290000206325203
0.0512870000093244 1.00000761449337e-06
0.05048100001295097 0.0012430000060703605
0.05048100001295097 9.999785106629133e-07
0.049774999992223457 0.0016229999891947955
0.049774999992223457 0.0
0.049497999978484586 0.0012940000160597265
0.049497999978484586 0.0
changed strategy
0.050384000001940876 0.0012149999965913594
0.050384000001940876 1.00000761449337e-06
0.06504600000334904 0.0018069999932777137
0.06504600000334904 0.0
0.06944900000235066 0.00180899997940287
0.06944900000235066 9.999785106629133e-07
0.06911000001127832 0.0017099999822676182
0.06911000001127832 1.00000761449337e-06
0.06844699999783188 0.0016980000073090196
0.06844699999783188 0.0
0.07032800000160933 0.004275000013876706
0.07032800000160933 0.0
0.05357600000570528 0.0015140000032261014
0.05357600000570528 1.00000761449337e-06
0.06557400000747293 0.0018109999946318567
0.06557400000747293 0.0
0.0726810000196565 0.0016820000018924475
0.0726810000196565 0.0
0.0706449999997858 0.001461999985622242
0.0706449999997858 0.0
0.07616799999959767 0.002199000009568408
0.07616799999959767 0.0
0.07028000001446344 0.0048009999736677855
0.07028000001446344 1.00000761449337e-06
0.07921100000385195 0.004853000020375475
0.07921100000385195 0.0
0.0727889999980107 0.0023119999968912452
0.0727889999980107 1.00000761449337e-06
0.08071999999810942 0.0015140000032261014
0.08071999999810942 9.999785106629133e-07
0.08396499999798834 0.0021499999857041985
0.08396499999798834 0.0
0.08182700001634657 0.0021299999789334834
0.08182700001634657 1.00000761449337e-06
0.07422799998312257 0.002068000001600012
0.07422799998312257 1.00000761449337e-06
0.0832640000153333 0.002227999997558072
0.0832640000153333 9.999785106629133e-07
0.0809880000015255 0.001668999990215525
0.0809880000015255 1.00000761449337e-06
0.08055499999318272 0.0022889999963808805
0.08055499999318272 0.0
0.07797000001301058 0.002064000000245869
0.07797000001301058 0.0
0.07866999998805113 0.0020570000051520765
0.07866999998805113 1.00000761449337e-06
0.07213200000114739 0.0020069999736733735
0.07213200000114739 0.0
0.07511899998644367 0.0019730000058189034
0.07511899998644367 0.0
0.07853500000783242 0.001635000022361055
0.07853500000783242 1.00000761449337e-06
0.07804299998679198 0.0020129999902565032
0.07804299998679198 0.0
0.07316299999365583 0.0020429999858606607
0.07316299999365583 0.0
0.07681800000136718 0.0019669999892357737
0.07681800000136718 0.0
0.07468399999197572 0.001980999979423359
0.07468399999197572 0.0
0.07993800000986084 0.0020179999992251396
0.07993800000986084 0.0
0.07865700000547804 0.002043000014964491
0.07865700000547804 0.0
0.08149099998991005 0.0021520000009331852
0.08149099998991005 0.0
0.0805019999970682 0.0020530000037979335
0.0805019999970682 0.0
0.077925999998115 0.0019859999883919954
0.077925999998115 1.6000005416572094e-05
0.0802280000061728 0.002031999989412725
0.0802280000061728 0.0
0.0776600000099279 0.002010000025620684
0.0776600000099279 1.00000761449337e-06
0.05798799998592585 0.0014130000199656934
0.05798799998592585 0.0
0.056416000006720424 0.001441000000340864
0.056416000006720424 1.00000761449337e-06
0.05370499999844469 0.001320000010309741
0.05370499999844469 0.0
0.05340699999942444 0.0014190000074449927
0.05340699999942444 9.999785106629133e-07
0.057920999999623746 0.0018299999937880784
0.057920999999623746 0.0
0.06342700001550838 0.0016879999893717468
0.06342700001550838 9.999785106629133e-07
0.06302000000141561 0.0016790000081527978
0.06302000000141561 0.0
0.06111499998951331 0.0017330000118818134
0.06111499998951331 0.0
0.06053700001211837 0.0021019999985583127
0.06053700001211837 0.0
0.06509899999946356 0.0020309999817982316
0.06509899999946356 0.0
0.057920999999623746 0.001668999990215525
0.057920999999623746 0.0
0.06014000001596287 0.0017340000194963068
0.06014000001596287 1.00000761449337e-06
0.06544999999459833 0.00168599997414276
0.06544999999459833 1.00000761449337e-06
0.06193700002040714 0.001551000023027882
0.06193700002040714 0.0
0.045039999997243285 0.0012550000101327896
0.045039999997243285 0.0
0.06173300000955351 0.0016339999856427312
0.06173300000955351 0.0
0.044959999999264255 0.0013770000077784061
0.044959999999264255 1.00000761449337e-06
0.06462400002055801 0.001699000014923513
0.06462400002055801 0.0
0.06324499999755062 0.0017039999947883189
0.06324499999755062 0.0
0.057484000019030645 0.0016449999820906669
0.057484000019030645 1.00000761449337e-06
0.05794699999387376 0.001680999994277954
0.05794699999387376 0.0
0.05243799998424947 0.0016159999941010028
0.05243799998424947 0.0
0.06355799999437295 0.001707999996142462
0.06355799999437295 9.999785106629133e-07
0.06271299999207258 0.0018700000073295087
0.06271299999207258 1.00000761449337e-06
0.06281999999191612 0.0017189999925903976
0.06281999999191612 1.00000761449337e-06
0.06510600002366118 0.0016590000013820827
0.06510600002366118 0.0
0.06445000000530854 0.0016679999826010317
0.06445000000530854 0.0
0.047663999983342364 0.001197000005049631
0.047663999983342364 0.0
0.047928999993018806 0.0011700000031851232
0.047928999993018806 0.0
0.06537100000423379 0.0017250000091735274
0.06537100000423379 0.0
0.06602500000735745 0.0016720000130590051
0.06602500000735745 0.0
0.06416799998260103 0.0018139999883715063
0.06416799998260103 0.0
0.06637300000875257 0.0017219999863300472
0.06637300000875257 1.00000761449337e-06
0.04830300001776777 0.00125200001639314
0.04830300001776777 0.0
0.04799500000081025 0.0011919999960809946
0.04799500000081025 9.999785106629133e-07
0.04740999999921769 0.0012189999979455024
0.04740999999921769 1.00000761449337e-06
0.05942700000014156 0.0017599999846424907
0.05942700000014156 0.0
0.059234000014839694 0.0018180000188294798
0.059234000014839694 1.00000761449337e-06
0.05638200000976212 0.001644000003580004
0.05638200000976212 1.00000761449337e-06
0.06447199999820441 0.0016739999991841614
0.06447199999820441 9.999785106629133e-07
0.06617899998673238 0.0018280000076629221
0.06617899998673238 1.00000761449337e-06
0.06595700001344085 0.0017890000017359853
0.06595700001344085 0.0
0.06602899997960776 0.0017060000100173056
0.06602899997960776 1.00000761449337e-06
0.06785500000114553 0.0020329999970272183
0.06785500000114553 0.0
0.07077299998491071 0.001943999988725409
0.07077299998491071 0.0
0.062272999988636 0.001984000002266839
0.062272999988636 0.0
0.06749200000194833 0.0014429999864660203
0.06749200000194833 1.00000761449337e-06
0.056763999979011714 0.001832999987527728
0.056763999979011714 1.00000761449337e-06
0.05320300001767464 0.0012339999957475811
0.05320300001767464 1.00000761449337e-06
0.06545299998833798 0.0017559999832883477
0.06545299998833798 0.0
0.06601700000464916 0.0019070000271312892
0.06601700000464916 1.00000761449337e-06
0.053161999996518716 0.001740000006975606
0.053161999996518716 0.0
0.06623100000433624 0.0017389999993611127
0.06623100000433624 0.0
0.05760599998757243 0.0018860000127460808
0.05760599998757243 0.0
0.05876499999430962 0.0017020000086631626
0.05876499999430962 0.0
0.06604700000025332 0.0016820000018924475
0.06604700000025332 0.0
0.06245599998510443 0.001820000004954636
0.06245599998510443 1.00000761449337e-06
0.06584100000327453 0.0013259999977890402
0.06584100000327453 9.999785106629133e-07
0.05948100000387058 0.001724000001559034
0.05948100000387058 0.0
0.06919999999809079 0.0018050000071525574
0.06919999999809079 1.00000761449337e-06
0.06740900001022965 0.0017890000017359853
0.06740900001022965 0.0
0.06852100000833161 0.0017829999851528555
0.06852100000833161 9.999785106629133e-07
0.06704400002490729 0.0017609999922569841
0.06704400002490729 1.00000761449337e-06
0.05087700000149198 0.0012889999779872596
0.05087700000149198 1.00000761449337e-06
0.06517100002383813 0.0017600000137463212
0.06517100002383813 1.00000761449337e-06
0.06851499999174848 0.0018339999951422215
0.06851499999174848 0.0
0.06889499997487292 0.0018620000046212226
0.06889499997487292 0.0
0.06637200000113808 0.001707000017631799
0.06637200000113808 1.00000761449337e-06
0.05167099999380298 0.0013190000026952475
0.05167099999380298 0.0
0.053801999980350956 0.0013069999986328185
0.053801999980350956 0.0
0.05246399997849949 0.001297999988310039
0.05246399997849949 1.00000761449337e-06
0.05324400000972673 0.0013420000032056123
0.05324400000972673 1.00000761449337e-06
0.054906000004848465 0.0015039999852888286
0.054906000004848465 0.0
0.05759700000635348 0.0015540000167675316
0.05759700000635348 0.0
0.0575480000115931 0.0014979999978095293
0.0575480000115931 0.0
0.05732500000158325 0.0014069999742787331
0.05732500000158325 0.0
0.06131600000662729 0.0015199999907054007
0.06131600000662729 0.0
0.08009600001969375 0.0021370000031311065
0.08009600001969375 0.0
0.06032099999720231 0.0015750000020489097
0.06032099999720231 0.0
0.05845700000645593 0.0014979999978095293
0.05845700000645593 1.00000761449337e-06
0.08262900001136586 0.002207999990787357
0.08262900001136586 0.0
0.08601199998520315 0.001720000000204891
0.08601199998520315 1.00000761449337e-06
0.07084599998779595 0.0037829999928362668
0.07084599998779595 0.0
0.0604120000207331 0.0018540000019129366
0.0604120000207331 0.0
0.06030300000566058 0.0020560000266414136
0.06030300000566058 0.0
0.06390299997292459 0.001955999992787838
0.06390299997292459 0.0
0.06338899998809211 0.0018090000085067004
0.06338899998809211 1.00000761449337e-06
0.06355900000198744 0.001660000008996576
0.06355900000198744 0.0
0.06320900001446716 0.0015810000186320394
0.06320900001446716 0.0
0.05838100000983104 0.0015380000113509595
0.05838100000983104 0.0
0.06269099999917671 0.0016670000040903687
0.06269099999917671 1.00000761449337e-06
0.061040000000502914 0.0017129999760072678
0.061040000000502914 1.00000761449337e-06
0.060708000004524365 0.0015759999805595726
0.060708000004524365 0.0
0.06259299998055212 0.0018109999946318567
0.06259299998055212 9.999785106629133e-07
0.06068599998252466 0.0016300000133924186
0.06068599998252466 0.0
0.06276299999444745 0.0018519999866839498
0.06276299999444745 1.00000761449337e-06
0.06468799998401664 0.002246999996714294
0.06468799998401664 0.0
0.06436700001358986 0.0019480000191833824
0.06436700001358986 0.0
0.07519400000455789 0.001787999994121492
0.07519400000455789 0.0
0.06929799998761155 0.002068999980110675
0.06929799998761155 9.999785106629133e-07
0.07559799999580719 0.0020019999938085675
0.07559799999580719 0.0
0.07535500000813045 0.0020040000090375543
0.07535500000813045 0.0
0.06775499999639578 0.0018559999880380929
0.06775499999639578 0.0
0.06237999998847954 0.0018280000076629221
0.06237999998847954 0.0
0.0656650000018999 0.001863999990746379
0.0656650000018999 0.0
0.06557800000882708 0.001771000010194257
0.06557800000882708 9.999785106629133e-07
0.06417399999918416 0.0017930000030901283
0.06417399999918416 0.0
0.05553599999984726 0.0018270000000484288
0.05553599999984726 1.00000761449337e-06
0.06429600002593361 0.0017530000186525285
0.06429600002593361 9.999785106629133e-07
0.05249000000185333 0.0013500000059138983
0.05249000000185333 0.0
0.051982999983010814 0.001408000010997057
0.051982999983010814 0.0
0.05147500001476146 0.0013979999930597842
0.05147500001476146 1.00000761449337e-06
0.04858199998852797 0.0012759999954141676
0.04858199998852797 0.0
0.04535000000032596 0.001229999994393438
0.04535000000032596 1.00000761449337e-06
0.050673000019742176 0.0013500000059138983
0.050673000019742176 0.0
0.05269000001135282 0.0014540000120177865
0.05269000001135282 0.0
0.05291600001510233 0.0014439999940805137
0.05291600001510233 0.0
0.05299799999920651 0.0013829999952577055
0.05299799999920651 0.0
0.05273799999849871 0.0013679999974556267
0.05273799999849871 9.999785106629133e-07
0.05234699998982251 0.0013670000189449638
0.05234699998982251 0.0
0.050919000001158565 0.0013099999923724681
0.050919000001158565 0.0
0.052097000007051975 0.001352999999653548
0.052097000007051975 0.0
0.05087100001401268 0.0014120000123512
0.05087100001401268 0.0
0.05872000000090338 0.0016070000128820539
0.05872000000090338 1.00000761449337e-06
0.05263300001388416 0.0013900000194553286
0.05263300001388416 1.00000761449337e-06
0.05084299997542985 0.0013550000148825347
0.05084299997542985 0.0
0.04342000000178814 0.001201000006403774
0.04342000000178814 0.0
0.043089999991934747 0.0011479999811854213
0.043089999991934747 1.00000761449337e-06
0.04301999998278916 0.001205000007757917
0.04301999998278916 1.00000761449337e-06
0.04277300002286211 0.0011860000086016953
0.04277300002286211 9.999785106629133e-07
0.042849999997997656 0.0011999999987892807
0.042849999997997656 1.00000761449337e-06
0.04331599999568425 0.0012240000069141388
0.04331599999568425 0.0
0.042760000011185184 0.0011980000126641244
0.042760000011185184 0.0
0.0434549999772571 0.0011879999947268516
0.0434549999772571 9.999785106629133e-07
0.042873999977018684 0.0011560000129975379
0.042873999977018684 0.0
0.05323600000701845 0.0013889999827370048
0.05323600000701845 0.0
0.057763999997405335 0.0015290000010281801
0.057763999997405335 0.0
0.059203999990131706 0.0015459999849554151
0.059203999990131706 0.0
0.057499000016832724 0.001533999980892986
0.057499000016832724 0.0
0.058642999996664 0.0015669999993406236
0.058642999996664 0.0
0.05748899999889545 0.0015180000045802444
0.05748899999889545 0.0
0.05748899999889545 0.0014759999758098274
0.05748899999889545 0.0
0.05721800000173971 0.0015770000172778964
0.05721800000173971 0.0
0.06229099998017773 0.0015410000050906092
0.06229099998017773 9.999785106629133e-07
0.06170900000142865 0.0016169999726116657
0.06170900000142865 0.0
0.06202299997676164 0.0015480000001844019
0.06202299997676164 0.0
0.05882299999939278 0.0015910000074654818
0.05882299999939278 9.999785106629133e-07
0.05747699999483302 0.0015380000113509595
0.05747699999483302 0.0
0.05426999999326654 0.00165200000628829
0.05426999999326654 9.999785106629133e-07
0.046627000003354624 0.0011480000102892518
0.046627000003354624 1.00000761449337e-06
0.0447029999922961 0.0011719999893102795
0.0447029999922961 0.0
0.045337999996263534 0.0011439999798312783
0.045337999996263534 0.0
0.044295000028796494 0.0013120000076014549
0.044295000028796494 0.0
0.047094999987166375 0.0012439999845810235
0.047094999987166375 9.999785106629133e-07
0.05338100000517443 0.001381999987643212
0.05338100000517443 0.0
0.05968200002098456 0.0016860000032465905
0.05968200002098456 0.0
0.060233999975025654 0.0015690000145696104
0.060233999975025654 0.0
0.058927000005496666 0.0014720000035595149
0.058927000005496666 0.0
0.06025199999567121 0.0024739999789744616
0.06025199999567121 0.0
0.05984400000306778 0.0014919999812263995
0.05984400000306778 1.00000761449337e-06
0.06105799999204464 0.0015220000059343874
0.06105799999204464 0.0
0.062455000006593764 0.001803999999538064
0.062455000006593764 0.0
0.06240199998137541 0.0020160000130999833
0.06240199998137541 0.0
0.06293399998685345 0.001588999992236495
0.06293399998685345 1.00000761449337e-06
0.06864499999210238 0.0023640000144951046
0.06864499999210238 0.0
0.08726400000159629 0.005031000007875264
0.08726400000159629 1.4999997802078724e-05
0.08058000000892207 0.003124000009847805
0.08058000000892207 0.0
0.07328200002666563 0.0038710000226274133
0.07328200002666563 0.0
0.08529500002623536 0.0032230000069830567
0.08529500002623536 0.0
0.07997199997771531 0.0021840000117663294
0.07997199997771531 0.0
0.07997000002069399 0.002734000008786097
0.07997000002069399 0.0
0.07461100001819432 0.0019209999882150441
0.07461100001819432 0.0
0.07616699999198318 0.002072000002954155
0.07616699999198318 9.999785106629133e-07
0.07717100001173094 0.0019450000254437327
0.07717100001173094 1.00000761449337e-06
0.06447499999194406 0.001875999994808808
0.06447499999194406 0.0
0.06706200001644902 0.0017800000205170363
0.06706200001644902 1.00000761449337e-06
0.06639700001687743 0.001752999989548698
0.06639700001687743 9.999785106629133e-07
0.0642740000039339 0.0017340000194963068
0.0642740000039339 1.00000761449337e-06
0.062381999974604696 0.0020320000185165554
0.062381999974604696 1.00000761449337e-06
0.06776399997761473 0.0018459999992046505
0.06776399997761473 0.0
0.06989899999462068 0.001994000020204112
0.06989899999462068 1.00000761449337e-06
0.07079399999929592 0.0018389999750070274
0.07079399999929592 0.0
0.06953299997258 0.0018600000184960663
0.06953299997258 1.00000761449337e-06
0.06939799999236129 0.001979000022402033
0.06939799999236129 0.0
0.06722100000479259 0.0015859999984968454
0.06722100000479259 0.0
0.07051400002092123 0.001808000000892207
0.07051400002092123 0.0
0.06915600001229905 0.0019069999980274588
0.06915600001229905 0.0
0.06637700001010671 0.0019000000029336661
0.06637700001010671 0.0
0.05301800000597723 0.0015269999857991934
0.05301800000597723 1.00000761449337e-06
0.054131000011693686 0.0013729999773204327
0.054131000011693686 0.0
0.05292999997618608 0.0013519999920390546
0.05292999997618608 0.0
0.05307600001106039 0.0014509999891743064
0.05307600001106039 9.999785106629133e-07
0.05350999999791384 0.001352999999653548
0.05350999999791384 0.0
0.05600199999753386 0.001496999990195036
0.05600199999753386 9.999785106629133e-07
0.05744799997773953 0.0015980000025592744
0.05744799997773953 0.0
0.05553800001507625 0.0014740000187885016
0.05553800001507625 0.0
0.058575999981258065 0.0014979999978095293
0.058575999981258065 0.0
0.06482599998707883 0.0018709999858401716
0.06482599998707883 9.999785106629133e-07
0.07586499999160878 0.004305999987991527
0.07586499999160878 1.00000761449337e-06
0.08676000000559725 0.004822999995667487
0.08676000000559725 0.0
0.08372100000269711 0.0027640000043902546
0.08372100000269711 0.0
0.08205100000486709 0.001994999998714775
0.08205100000486709 0.0
0.08201400001416914 0.0020360000198706985
0.08201400001416914 0.0
0.08294399999431334 0.0022119999921415
0.08294399999431334 0.0
0.08359899997594766 0.0020380000059958547
0.08359899997594766 1.00000761449337e-06
0.10746100000687875 0.0028999999922234565
0.10746100000687875 1.00000761449337e-06
0.09137500001816079 0.0029510000022128224
0.09137500001816079 0.0
0.078068999981042 0.0019329999922774732
0.078068999981042 1.00000761449337e-06
0.09952799999155104 0.0026369999977760017
0.09952799999155104 0.0
0.09134799998719245 0.0023689999943599105
0.09134799998719245 0.0
0.08719200000632554 0.0022699999972246587
0.08719200000632554 0.0
0.08387299999594688 0.0021539999870583415
0.08387299999594688 0.0
0.07994399999734014 0.0020420000073499978
0.07994399999734014 0.0
0.05260600001201965 0.0013850000104866922
0.05260600001201965 0.0
0.0496489999932237 0.0012860000133514404
0.0496489999932237 0.0
0.04940899999928661 0.001273000001674518
0.04940899999928661 1.00000761449337e-06
0.06653000001097098 0.0017779999761842191
0.06653000001097098 0.0
0.06698099998175167 0.0017979999829549342
0.06698099998175167 0.0
0.05880499997874722 0.0017660000012256205
0.05880499997874722 0.0
0.06775300001027063 0.0018789999885484576
0.06775300001027063 1.00000761449337e-06
0.0707750000001397 0.0017439999792259187
0.0707750000001397 0.0
0.058080999995581806 0.0019850000098813325
0.058080999995581806 0.0
0.06990300002507865 0.0017680000164546072
0.06990300002507865 1.00000761449337e-06
0.05586699998821132 0.001496999990195036
0.05586699998821132 0.0
0.0768590000225231 0.002162000018870458
0.0768590000225231 0.0
0.0767139999952633 0.0019739999843295664
0.0767139999952633 0.0
0.07171700001345016 0.0021560000022873282
0.07171700001345016 1.00000761449337e-06
0.07416599997668527 0.001980000000912696
0.07416599997668527 0.0
0.07361700001638383 0.0020189999777358025
0.07361700001638383 0.0
0.07105599998612888 0.0018149999959859997
0.07105599998612888 9.999785106629133e-07
0.07391000000643544 0.0019899999897461385
0.07391000000643544 9.999785106629133e-07
0.07046499999705702 0.001851000008173287
0.07046499999705702 0.0
0.07691800000611693 0.002134000009391457
0.07691800000611693 0.0
0.09215599999879487 0.0030269999988377094
0.09215599999879487 0.0
0.09122600001865067 0.002605999994557351
0.09122600001865067 0.0
0.08863499999279156 0.0024240000057034194
0.08863499999279156 1.00000761449337e-06
0.09241599999950267 0.002853000012692064
0.09241599999950267 0.0
0.0945040000078734 0.0024050000065471977
0.0945040000078734 1.00000761449337e-06
0.07524000000557862 0.001951999991433695
0.07524000000557862 9.999785106629133e-07
0.0750220000045374 0.0018359999812673777
0.0750220000045374 1.00000761449337e-06
0.06692099999054335 0.0017740000039339066
0.06692099999054335 1.00000761449337e-06
0.06046700000297278 0.0017379999917466193
0.06046700000297278 0.0
0.0649730000004638 0.0015569999814033508
0.0649730000004638 9.999785106629133e-07
0.06006400001933798 0.001547000021673739
0.06006400001933798 1.00000761449337e-06
0.06326700001955032 0.0015660000208299607
0.06326700001955032 1.00000761449337e-06
0.0680080000020098 0.0018259999924339354
0.0680080000020098 1.00000761449337e-06
0.07069100000080653 0.001967999996850267
0.07069100000080653 0.0
0.057761000003665686 0.0013620000099763274
0.057761000003665686 1.00000761449337e-06
0.06267400001524948 0.001875000016298145
0.06267400001524948 0.0
0.07494200000655837 0.0019489999976940453
0.07494200000655837 0.0
0.07183100000838749 0.0019690000044647604
0.07183100000838749 0.0
0.06643000000622123 0.001771000010194257
0.06643000000622123 0.0
0.05915499999537133 0.0013359999866224825
0.05915499999537133 1.00000761449337e-06
0.061388000001898035 0.00181200000224635
0.061388000001898035 0.0
0.06752599999890663 0.001799999998183921
0.06752599999890663 0.0
0.06076599998050369 0.0018240000063087791
0.06076599998050369 0.0
0.06826500000897795 0.001943000010214746
0.06826500000897795 0.0
0.07072899999911897 0.0019099999917671084
0.07072899999911897 9.999785106629133e-07
0.05895500001497567 0.001736000005621463
0.05895500001497567 0.0
0.06738500000210479 0.0019240000110585243
0.06738500000210479 0.0
0.059332999982871115 0.0016690000193193555
0.059332999982871115 0.0
0.0654729999951087 0.0017759999900590628
0.0654729999951087 0.0
0.061307999974815175 0.0018029999919235706
0.061307999974815175 1.00000761449337e-06
0.06669900001725182 0.0018660000059753656
0.06669900001725182 1.00000761449337e-06
0.07074500000453554 0.001980000000912696
0.07074500000453554 9.999785106629133e-07
0.06637200000113808 0.001816000003600493
0.06637200000113808 9.999785106629133e-07
0.06055799999739975 0.0013069999986328185
0.06055799999739975 0.0
0.0670199999876786 0.0018689999997150153
0.0670199999876786 0.0
0.07333399998606183 0.0019299999985378236
0.07333399998606183 0.0
0.0723219999927096 0.0018599999893922359
0.0723219999927096 9.999785106629133e-07
0.07465699999011122 0.0022119999921415
0.07465699999011122 0.0
0.052774000010685995 0.0013230000040493906
0.052774000010685995 1.00000761449337e-06
0.07465599998249672 0.0019960000063292682
0.07465599998249672 0.0
0.051267000002553686 0.0012740000092890114
0.051267000002553686 0.0
0.05788199999369681 0.0014730000111740083
0.05788199999369681 1.00000761449337e-06
0.05309899998246692 0.0013040000048931688
0.05309899998246692 0.0
0.053133999987039715 0.0013259999977890402
0.053133999987039715 0.0
0.050305999990087 0.0013429999817162752
0.050305999990087 0.0
0.05025999998906627 0.0013329999928828329
0.05025999998906627 0.0
0.053294000012101606 0.0014020000235177577
0.053294000012101606 0.0
0.05309299999498762 0.001408000010997057
0.05309299999498762 0.0
0.05235799998627044 0.0013210000179242343
0.05235799998627044 0.0
0.05186400000820868 0.0013350000081118196
0.05186400000820868 1.00000761449337e-06
0.05569800001103431 0.0019409999949857593
0.05569800001103431 0.0
0.07638199999928474 0.002119000011589378
0.07638199999928474 1.00000761449337e-06
0.07438599999295548 0.002115000010235235
0.07438599999295548 1.00000761449337e-06
0.07666300001437776 0.0020960000110790133
0.07666300001437776 9.999785106629133e-07
0.07476299998234026 0.002035000012256205
0.07476299998234026 1.00000761449337e-06
0.08393400002387352 0.002478000009432435
0.08393400002387352 0.0
0.08239300001878291 0.0020880000083707273
0.08239300001878291 1.00000761449337e-06
0.06640700000571087 0.0018880000279750675
0.06640700000571087 0.0
0.052697000006446615 0.0013279999839141965
0.052697000006446615 0.0
0.052382999972905964 0.0013510000135283917
0.052382999972905964 0.0
0.07123599998885766 0.0017579999985173345
0.07123599998885766 1.00000761449337e-06
0.06519100000150502 0.0018700000073295087
0.06519100000150502 9.999785106629133e-07
0.0629590000025928 0.0018290000152774155
0.0629590000025928 1.7999991541728377e-05
0.06725300001562573 0.0017509999743197113
0.06725300001562573 0.0
0.052842000004602596 0.001648000004934147
0.052842000004602596 1.00000761449337e-06
0.05667600000742823 0.0015990000101737678
0.05667600000742823 1.00000761449337e-06
0.04606799999601208 0.0012529999949038029
0.04606799999601208 0.0
0.045325999992201105 0.0012069999938830733
0.045325999992201105 1.00000761449337e-06
0.04506699999910779 0.0011869999871123582
0.04506699999910779 0.0
0.0506749999767635 0.0011879999947268516
0.0506749999767635 9.999785106629133e-07
0.055678000004263595 0.0015589999966323376
0.055678000004263595 1.00000761449337e-06
0.058637999987695366 0.001672999991569668
0.058637999987695366 1.00000761449337e-06
0.054410999990068376 0.001225999993039295
0.054410999990068376 1.00000761449337e-06
0.061705000000074506 0.0016309999919030815
0.061705000000074506 0.0
0.05410400000982918 0.0016969999996945262
0.05410400000982918 0.0
0.059473999979672953 0.0015750000020489097
0.059473999979672953 0.0
0.051792999991448596 0.0017709999810904264
0.051792999991448596 0.0
0.05517100001452491 0.001576999988174066
0.05517100001452491 1.00000761449337e-06
0.04959999999846332 0.0013979999930597842
0.04959999999846332 9.999785106629133e-07
0.060972999985096976 0.0018069999932777137
0.060972999985096976 9.999785106629133e-07
0.059730000008130446 0.0015950000088196248
0.059730000008130446 0.0
0.05884899999364279 0.001588999992236495
0.05884899999364279 1.00000761449337e-06
0.06397899999865331 0.0016759999853093177
0.06397899999865331 9.999785106629133e-07
0.07425700000021607 0.002146999991964549
0.07425700000021607 1.00000761449337e-06
0.09772200000588782 0.002906999987317249
0.09772200000588782 0.0
0.10552899999311194 0.0032559999963268638
0.10552899999311194 1.00000761449337e-06
0.08462300000246614 0.002072000002954155
0.08462300000246614 0.0
0.08189699999638833 0.002082999999402091
0.08189699999638833 1.00000761449337e-06
0.08094099999289028 0.002059999998891726
0.08094099999289028 0.0
0.08443400001851842 0.002164999983506277
0.08443400001851842 1.00000761449337e-06
0.0809900000167545 0.0019870000251103193
0.0809900000167545 1.00000761449337e-06
0.082434000010835 0.0020010000152979046
0.082434000010835 0.0
0.10025099999620579 0.0030740000074729323
0.10025099999620579 0.0
0.0853449999995064 0.0023849999997764826
0.0853449999995064 0.0
0.11019199999282137 0.002990999986650422
0.11019199999282137 0.0
0.09655499999644235 0.0023939999809954315
0.09655499999644235 0.0
0.09631100000115111 0.0025449999957345426
0.09631100000115111 9.999785106629133e-07
0.09772399999201298 0.0026049999869428575
0.09772399999201298 0.0
0.08043000000179745 0.0026129999896511436
0.08043000000179745 0.0
0.05552900000475347 0.0013710000202991068
0.05552900000475347 1.00000761449337e-06
0.06530700001167133 0.0018500000005587935
0.06530700001167133 0.0
0.05758299998706207 0.0015060000005178154
0.05758299998706207 0.0
0.05868300001020543 0.0015119999879971147
0.05868300001020543 0.0
0.057877000013832 0.001728000002913177
0.057877000013832 0.0
0.0705139999918174 0.0020850000146310776
0.0705139999918174 1.00000761449337e-06
0.06026300002122298 0.0016960000211838633
0.06026300002122298 0.0
0.05721100000664592 0.0014680000022053719
0.05721100000664592 1.00000761449337e-06
0.05732500000158325 0.001449999981559813
0.05732500000158325 0.0
0.06002999999327585 0.0017379999917466193
0.06002999999327585 0.0
0.059868000011192635 0.0016049999976530671
0.059868000011192635 1.00000761449337e-06
0.05667900000116788 0.0014439999940805137
0.05667900000116788 0.0
0.05750300001818687 0.0015480000001844019
0.05750300001818687 0.0
0.054444000008516014 0.0014139999984763563
0.054444000008516014 0.0
0.05553199999849312 0.0014479999954346567
0.05553199999849312 0.0
0.0550529999891296 0.0014099999971222132
0.0550529999891296 0.0
0.05573799999547191 0.0013970000145491213
0.05573799999547191 0.0
0.05751899999449961 0.0015030000067781657
0.05751899999449961 0.0
0.06080500001553446 0.0014850000152364373
0.06080500001553446 1.00000761449337e-06
0.05986999999731779 0.0015539999876637012
0.05986999999731779 0.0
0.06005699999514036 0.0015530000091530383
0.06005699999514036 0.0
0.06184400001075119 0.0016630000027362257
0.06184400001075119 0.0
0.05983899999409914 0.0016900000046007335
0.05983899999409914 1.00000761449337e-06
0.06239599999389611 0.001580999989528209
0.06239599999389611 0.0
0.06338799998047762 0.0016239999968092889
0.06338799998047762 9.999785106629133e-07
0.06371200000285171 0.0015919999859761447
0.06371200000285171 0.0
0.062254999997094274 0.0015719999792054296
0.062254999997094274 1.00000761449337e-06
0.06010299999616109 0.0015239999920595437
0.06010299999616109 0.0
0.057755000016186386 0.0014519999967887998
0.057755000016186386 9.999785106629133e-07
0.05780800001230091 0.0014740000187885016
0.05780800001230091 0.0
0.05521400002180599 0.0014730000111740083
0.05521400002180599 9.999785106629133e-07
0.05278700002236292 0.0013540000072680414
0.05278700002236292 9.999785106629133e-07
0.05293900001561269 0.0013230000040493906
0.05293900001561269 1.00000761449337e-06
0.054875000001629815 0.0014309999824035913
0.054875000001629815 1.00000761449337e-06
0.055047000001650304 0.0014030000020284206
0.055047000001650304 0.0
0.05258999997749925 0.0013109999999869615
0.05258999997749925 0.0
0.05731000000378117 0.0016479999758303165
0.05731000000378117 1.00000761449337e-06
0.05782300001010299 0.0016929999983403832
0.05782300001010299 1.00000761449337e-06
0.057480999996187165 0.0016250000044237822
0.057480999996187165 0.0
0.057369999994989485 0.0018749999871943146
0.057369999994989485 0.0
0.057772999978624284 0.0016830000095069408
0.057772999978624284 0.0
0.05757100001210347 0.0018730000010691583
0.05757100001210347 1.00000761449337e-06
0.05678699997952208 0.0016590000013820827
0.05678699997952208 0.0
0.052186000015353784 0.0013900000194553286
0.052186000015353784 0.0
0.053075000003445894 0.0016229999891947955
0.053075000003445894 0.0
0.05341799999587238 0.0015500000154133886
0.05341799999587238 0.0
0.04805300000589341 0.001516999996965751
0.04805300000589341 0.0
0.04744999998365529 0.0014749999972991645
0.04744999998365529 0.0
0.04392799999914132 0.0015509999939240515
0.04392799999914132 1.00000761449337e-06
0.045126000011805445 0.0014509999891743064
0.045126000011805445 1.00000761449337e-06
0.04476199997588992 0.001516999996965751
0.04476199997588992 0.0
0.045243000000482425 0.0013289999915286899
0.045243000000482425 0.0
0.044877000007545575 0.0013899999903514981
0.044877000007545575 0.0
0.04460200000903569 0.0013760000001639128
0.04460200000903569 0.0
0.04558299999916926 0.0015110000094864517
0.04558299999916926 0.0
0.04560500002116896 0.0018740000086836517
0.04560500002116896 9.999785106629133e-07
0.04787700000451878 0.0014830000000074506
0.04787700000451878 0.0
0.047904000006383285 0.001680999994277954
0.047904000006383285 0.0
0.04778500000247732 0.0014070000033825636
0.04778500000247732 0.0
0.0443000000086613 0.001269000000320375
0.0443000000086613 0.0
0.04492700000992045 0.0012509999796748161
0.04492700000992045 0.0
0.04043900000397116 0.001357000001007691
0.04043900000397116 0.0
0.04047999999602325 0.0012840000272262841
0.04047999999602325 1.00000761449337e-06
0.040619000006699935 0.0012759999954141676
0.040619000006699935 0.0
0.03995399997802451 0.0012400000123307109
0.03995399997802451 9.999785106629133e-07
0.053691000008257106 0.0015739999944344163
0.053691000008257106 0.0
0.053228999982820824 0.0014589999918825924
0.053228999982820824 0.0
0.04883799998788163 0.0010860000038519502
0.04883799998788163 9.999785106629133e-07
0.04392699999152683 0.00136599998222664
0.04392699999152683 0.0
0.04532999999355525 0.0014749999972991645
0.04532999999355525 1.00000761449337e-06
0.052690999989863485 0.0015420000127051026
0.052690999989863485 0.0
0.05017299999599345 0.001185000000987202
0.05017299999599345 0.0
0.04220499997609295 0.0011320000048726797
0.04220499997609295 1.00000761449337e-06
0.0470680000144057 0.0018449999915901572
0.0470680000144057 1.00000761449337e-06
0.05681199999526143 0.0015230000135488808
0.05681199999526143 0.0
0.05618700000923127 0.001592999993590638
0.05618700000923127 0.0
0.052235999988624826 0.001556000002892688
0.052235999988624826 9.999785106629133e-07
0.055191999999806285 0.0013550000148825347
0.055191999999806285 1.00000761449337e-06
0.056256000010762364 0.0015790000034030527
0.056256000010762364 0.0
0.07986699999310076 0.002777000016067177
0.07986699999310076 0.0
0.085213999991538 0.002382000006036833
0.085213999991538 0.0
0.08672500000102445 0.0019460000039543957
0.08672500000102445 1.00000761449337e-06
0.08893599998555146 0.002087999979266897
0.08893599998555146 0.0
0.08155800000531599 0.0020690000092145056
0.08155800000531599 0.0
0.07888700001058169 0.0020420000073499978
0.07888700001058169 0.0
0.0790500000002794 0.0021209999977145344
0.0790500000002794 0.0
0.08189499998115934 0.0021100000012665987
0.08189499998115934 0.0
0.0814890000037849 0.0022560000070370734
0.0814890000037849 9.999785106629133e-07
0.06274500000290573 0.001984999980777502
0.06274500000290573 0.0
0.05963599999086 0.0016279999981634319
0.05963599999086 0.0
0.061262000002898276 0.0016710000054445118
0.061262000002898276 0.0
0.07900699999299832 0.0021539999870583415
0.07900699999299832 0.0
0.07551799999782816 0.0017579999985173345
0.07551799999782816 1.00000761449337e-06
0.08513799999491312 0.0025900000182446092
0.08513799999491312 1.00000761449337e-06
0.08406799999647774 0.0020440000225789845
0.08406799999647774 0.0
0.08733800001209602 0.005024000012781471
0.08733800001209602 9.999785106629133e-07
0.084761999984039 0.002414000016869977
0.084761999984039 1.00000761449337e-06
0.08973899998818524 0.0050360000168439
0.08973899998818524 0.0
0.06192799998098053 0.001568000006955117
0.06192799998098053 1.00000761449337e-06
0.059747999999672174 0.0015290000010281801
0.059747999999672174 9.999785106629133e-07
0.05927199998404831 0.0014709999959450215
0.05927199998404831 9.999785106629133e-07
0.059114000003319234 0.0015330000023823231
0.059114000003319234 1.00000761449337e-06
0.059784999990370125 0.0016739999991841614
0.059784999990370125 0.0
0.04765399999450892 0.0012839999981224537
0.04765399999450892 0.0
0.043009999993955716 0.0011349999986123294
0.043009999993955716 1.00000761449337e-06
0.042821999988518655 0.0011539999977685511
0.042821999988518655 0.0
0.04441900001256727 0.001133999990997836
0.04441900001256727 0.0
0.045264999993378296 0.0011329999833833426
0.045264999993378296 1.00000761449337e-06
0.04502200000570156 0.0011229999945499003
0.04502200000570156 9.999785106629133e-07
0.045231000025523826 0.0011480000102892518
0.045231000025523826 1.00000761449337e-06
0.044313999998848885 0.0011560000129975379
0.044313999998848885 0.0
0.04520399999455549 0.0012210000131744891
0.04520399999455549 0.0
0.06239900001673959 0.001715000020340085
0.06239900001673959 1.00000761449337e-06
0.058726999995997176 0.0017059999809134752
0.058726999995997176 0.0
0.05712199999834411 0.0012629999837372452
0.05712199999834411 0.0
0.05466699998942204 0.0016879999893717468
0.05466699998942204 0.0
0.05597899999702349 0.0012540000025182962
0.05597899999702349 0.0
0.056853000016417354 0.0015100000018719584
0.056853000016417354 1.00000761449337e-06
0.05379100001300685 0.001248000015038997
0.05379100001300685 0.0
0.05563099999562837 0.0019150000007357448
0.05563099999562837 0.0
0.06136399999377318 0.0017570000200066715
0.06136399999377318 1.00000761449337e-06
0.05003199999919161 0.0013800000015180558
0.05003199999919161 0.0
0.06914400000823662 0.0021640000049956143
0.06914400000823662 1.00000761449337e-06
0.06745800000499003 0.0019120000069960952
0.06745800000499003 0.0
0.06931500000064261 0.0018900000141002238
0.06931500000064261 1.00000761449337e-06
0.07041199997183867 0.0017520000110380352
0.07041199997183867 1.00000761449337e-06
0.05556500001694076 0.001508999994257465
0.05556500001694076 0.0
0.05795899999793619 0.0015549999952781945
0.05795899999793619 0.0
0.07557799998903647 0.001979000022402033
0.07557799998903647 0.0
0.0599870000150986 0.001520999998319894
0.0599870000150986 0.0
0.05753099999856204 0.0014690000098198652
0.05753099999856204 0.0
0.0599590000056196 0.0015659999917261302
0.0599590000056196 0.0
0.05316300000413321 0.0014070000033825636
0.05316300000413321 0.0
0.052613999985624105 0.0013549999857787043
0.052613999985624105 1.00000761449337e-06
0.06354899998405017 0.001836999988881871
0.06354899998405017 0.0
0.06045399999129586 0.0014229999796953052
0.06045399999129586 9.999785106629133e-07
0.058797999983653426 0.0015469999925699085
0.058797999983653426 9.999785106629133e-07
0.06096099998103455 0.0017330000118818134
0.06096099998103455 1.00000761449337e-06
0.05450800000107847 0.001400000008288771
0.05450800000107847 1.00000761449337e-06
0.07167400000616908 0.0019339999998919666
0.07167400000616908 1.00000761449337e-06
0.09638400000403635 0.002966000000014901
0.09638400000403635 0.0
0.10045900000841357 0.0027700000209733844
0.10045900000841357 0.0
0.12937400001101196 0.007625999976880848
0.12937400001101196 1.00000761449337e-06
0.137419000006048 0.008222999982535839
0.137419000006048 1.00000761449337e-06
0.13320999999996275 0.0038549999881070107
0.13320999999996275 0.0
0.10830799999530427 0.0027750000008381903
0.10830799999530427 9.999785106629133e-07
0.10671900000306778 0.0027009999903384596
0.10671900000306778 1.00000761449337e-06
0.10788100000354461 0.0027310000150464475
0.10788100000354461 0.0
0.10851099999854341 0.0026450000004842877
0.10851099999854341 0.0
0.11054200000944547 0.00266100000590086
0.11054200000944547 1.00000761449337e-06
0.11466800002381206 0.006303000001935288
0.11466800002381206 9.999785106629133e-07
0.12179699999978766 0.0030390000029001385
0.12179699999978766 0.0
0.11374199998681433 0.0029020000074524432
0.11374199998681433 0.0
0.11308599999756552 0.0028260000108275563
0.11308599999756552 0.0
0.10917300000437535 0.002749000006588176
0.10917300000437535 0.0
0.08968899998581037 0.0022889999963808805
0.08968899998581037 0.0
0.05787099999724887 0.0015589999966323376
0.05787099999724887 0.0
0.05496199999470264 0.0013629999884869903
0.05496199999470264 1.00000761449337e-06
0.05269899999257177 0.0013639999961014837
0.05269899999257177 0.0
0.05253600000287406 0.001344999996945262
0.05253600000287406 0.0
0.05303399998228997 0.0014099999971222132
0.05303399998228997 0.0
0.05569400000968017 0.001429999974789098
0.05569400000968017 1.00000761449337e-06
0.055094000010285527 0.0013809999800287187
0.055094000010285527 0.0
0.057998000003863126 0.0014770000125281513
0.057998000003863126 9.999785106629133e-07
0.054869000014150515 0.0014519999967887998
0.054869000014150515 0.0
0.05535099998814985 0.0014229999796953052
0.05535099998814985 1.00000761449337e-06
0.056087000004481524 0.0014870000013615936
0.056087000004481524 0.0
0.054524000006495044 0.001424999994924292
0.054524000006495044 0.0
0.054426000016974285 0.0014159999846015126
0.054426000016974285 1.00000761449337e-06
0.055487000005086884 0.0014300000038929284
0.055487000005086884 1.00000761449337e-06
0.05553499999223277 0.0014059999957680702
0.05553499999223277 9.999785106629133e-07
0.05482999997911975 0.0014059999957680702
0.05482999997911975 1.00000761449337e-06
0.05734999998821877 0.0015679999778512865
0.05734999998821877 1.00000761449337e-06
0.053065999993123114 0.0014349999837577343
0.053065999993123114 1.00000761449337e-06
0.0532390000007581 0.0014060000248719007
0.0532390000007581 9.999785106629133e-07
0.05318499999702908 0.0014439999940805137
0.05318499999702908 0.0
0.05548199999611825 0.001496999990195036
0.05548199999611825 0.0
0.05722399998921901 0.0014970000192988664
0.05722399998921901 1.00000761449337e-06
0.05693200000678189 0.001820999983465299
0.05693200000678189 1.00000761449337e-06
0.05594700001529418 0.001463000022340566
0.05594700001529418 0.0
0.055797999986680225 0.0014690000098198652
0.055797999986680225 0.0
0.05599100000108592 0.0015019999991636723
0.05599100000108592 0.0
0.05584999997518025 0.001476000004913658
0.05584999997518025 0.0
0.05525599999236874 0.0014380000066012144
0.05525599999236874 1.00000761449337e-06
0.05513799999607727 0.0014370000280905515
0.05513799999607727 0.0
0.055074999982025474 0.0015150000108405948
0.055074999982025474 9.999785106629133e-07
0.055489999998826534 0.0014340000052470714
0.055489999998826534 1.00000761449337e-06
0.054954999999608845 0.0014399999927263707
0.054954999999608845 1.00000761449337e-06
0.05011499999091029 0.0012869999918621033
0.05011499999091029 0.0
0.05096600000979379 0.0016460000188089907
0.05096600000979379 0.0
0.04770799999823794 0.0013829999952577055
0.04770799999823794 1.00000761449337e-06
0.04722900001797825 0.0012339999957475811
0.04722900001797825 1.00000761449337e-06
0.0477600000158418 0.0012740000092890114
0.0477600000158418 0.0
0.04807399999117479 0.0012270000006537884
0.04807399999117479 0.0
0.05109199997968972 0.0013329999928828329
0.05109199997968972 1.00000761449337e-06
0.04793999998946674 0.0012120000028517097
0.04793999998946674 0.0
0.04997299998649396 0.0013590000162366778
0.04997299998649396 0.0
0.05091999997966923 0.0012679999927058816
0.05091999997966923 0.0
0.049639000004390255 0.0013069999986328185
0.049639000004390255 1.00000761449337e-06
0.04720800000359304 0.001248000015038997
0.04720800000359304 9.999785106629133e-07
0.04877399999531917 0.0012780000106431544
0.04877399999531917 1.00000761449337e-06
0.04723900000681169 0.00128900000709109
0.04723900000681169 9.999785106629133e-07
0.048322000016923994 0.0012920000008307397
0.048322000016923994 0.0
0.04701000000932254 0.0012950000236742198
0.04701000000932254 0.0
0.044760000018868595 0.0011420000228099525
0.044760000018868595 9.999785106629133e-07
0.04266999999526888 0.0010910000128205866
0.04266999999526888 0.0
0.04259199998341501 0.0010729999921750277
0.04259199998341501 0.0
0.043464999995194376 0.001244000013684854
0.043464999995194376 0.0
0.04395000002114102 0.0012069999938830733
0.04395000002114102 9.999785106629133e-07
0.04533700001775287 0.001164000015705824
0.04533700001775287 9.999785106629133e-07
0.04409700000542216 0.0012620000052265823
0.04409700000542216 0.0
0.04503800001111813 0.0013459999754559249
0.04503800001111813 1.00000761449337e-06
0.04397199998493306 0.0011879999947268516
0.04397199998493306 0.0
0.04247499999473803 0.00117200001841411
0.04247499999473803 0.0
0.042646000016247854 0.001205000007757917
0.042646000016247854 1.00000761449337e-06
0.04336199999670498 0.001196000026538968
0.04336199999670498 1.00000761449337e-06
0.054826000006869435 0.002366000000620261
0.054826000006869435 1.00000761449337e-06
0.05841200001304969 0.0013040000048931688
0.05841200001304969 0.0
0.04637100000400096 0.0013660000113304704
0.04637100000400096 9.999785106629133e-07
0.04492499999469146 0.0012229999992996454
0.04492499999469146 0.0
0.04645699998945929 0.0013120000076014549
0.04645699998945929 0.0
0.06038899999111891 0.0019939999911002815
0.06038899999111891 0.0
0.05365600000368431 0.0017229999939445406
0.05365600000368431 0.0
0.06078300002263859 0.0015150000108405948
0.06078300002263859 0.0
0.046331999998074025 0.001305999991018325
0.046331999998074025 0.0
0.04613999999128282 0.0012459999998100102
0.04613999999128282 9.999785106629133e-07
0.047251999989384785 0.0012289999867789447
0.047251999989384785 9.999785106629133e-07
0.048876000015297905 0.00132299997494556
0.048876000015297905 1.00000761449337e-06
0.04795199999352917 0.0011639999866019934
0.04795199999352917 1.00000761449337e-06
0.04383199999574572 0.001201000006403774
0.04383199999574572 1.00000761449337e-06
0.04433599999174476 0.001217999990331009
0.04433599999174476 9.999785106629133e-07
0.04535199998645112 0.0012249999854248017
0.04535199998645112 1.00000761449337e-06
0.04750799998873845 0.0016499999910593033
0.04750799998873845 0.0
0.06031899998197332 0.0016590000013820827
0.06031899998197332 0.0
0.056222999992314726 0.001552000001538545
0.056222999992314726 9.999785106629133e-07
0.05900300000212155 0.001547000021673739
0.05900300000212155 0.0
0.06008899997686967 0.0016030000115279108
0.06008899997686967 1.00000761449337e-06
0.06133399999816902 0.0016469999973196536
0.06133399999816902 1.00000761449337e-06
0.062160000001313165 0.0017050000024028122
0.062160000001313165 0.0
0.06299399997806177 0.0017170000064652413
0.06299399997806177 1.00000761449337e-06
0.06311600000481121 0.0016919999907258898
0.06311600000481121 0.0
0.06323599998722784 0.0016949999844655395
0.06323599998722784 0.0
0.05897800001548603 0.0016279999981634319
0.05897800001548603 0.0
0.05992900001001544 0.0016940000059548765
0.05992900001001544 1.00000761449337e-06
0.04817900000489317 0.001336999994236976
0.04817900000489317 1.00000761449337e-06
0.057235000014770776 0.002162999997381121
0.057235000014770776 1.00000761449337e-06
0.053411000000778586 0.001863000012235716
0.053411000000778586 1.00000761449337e-06
0.054262999998172745 0.001441999978851527
0.054262999998172745 0.0
0.05290500001865439 0.001428999996278435
0.05290500001865439 0.0
0.05499000000418164 0.0014830000000074506
0.05499000000418164 9.999785106629133e-07
0.05622399999992922 0.001500999991549179
0.05622399999992922 9.999785106629133e-07
0.06000299999141134 0.0015269999857991934
0.06000299999141134 0.0
0.05395099997986108 0.001441000000340864
0.05395099997986108 0.0
0.05127399999764748 0.0013890000118408352
0.05127399999764748 0.0
INFO:sc2.protocol:Client status changed to Status.ended (was Status.in_game)
INFO:root:Result for player 2 - Bot(Race.Terran, <bots.Showing_bot.speedBot.MarinBot object at 0x7f3930e34b70>): Defeat
INFO:sc2.protocol:Client status changed to Status.ended (was Status.in_game)
INFO:root:Result for player 1 - Bot(Race.Terran, <bots.poscat.poscat_bot.POSCATBot object at 0x7f392e818f60>): Victory
INFO:sc2.client:Saved replay to outs/2020-01-17T11-28-03/replays/poscat-showing_bot/poscat-showing_bot-1.SC2Replay
INFO:sc2.protocol:Client status changed to Status.launched (was Status.ended)
INFO:sc2.protocol:Client status changed to Status.quit (was Status.launched)
INFO:sc2.sc2process:kill_switch: Process cleanup
INFO:sc2.sc2process:Cleaning up...
INFO:sc2.sc2process:Cleanup complete
INFO:sc2.sc2process:Cleaning up...
INFO:sc2.sc2process:Cleanup complete
INFO:sc2.protocol:Client status changed to Status.launched (was Status.ended)
INFO:sc2.protocol:Cannot receive: Connection already closed.
INFO:sc2.sc2process:kill_switch: Process cleanup
INFO:sc2.sc2process:Cleaning up...
INFO:sc2.sc2process:Cleanup complete
INFO:sc2.sc2process:Cleaning up...
INFO:sc2.sc2process:Cleanup complete


## STDERR ##

Version: B75689 (SC2.4.10)
Build: Aug 12 2019 17:16:57
Command Line: '"/home/hspark8312/StarCraftII/Versions/Base75689/SC2_x64" -listen 127.0.0.1 -port 15612 -displayMode 0 -dataDir /home/hspark8312/StarCraftII -tempDir /tmp/SC2_unhgkrhn'
Starting up...
Startup Phase 1 complete
Version: B75689 (SC2.4.10)
Build: Aug 12 2019 17:16:57
Command Line: '"/home/hspark8312/StarCraftII/Versions/Base75689/SC2_x64" -listen 127.0.0.1 -port 22064 -displayMode 0 -dataDir /home/hspark8312/StarCraftII -tempDir /tmp/SC2_6qhilp9u'
Starting up...
Startup Phase 1 complete
Startup Phase 2 complete
Creating stub renderer...
Listening on: 127.0.0.1:15612
Startup Phase 3 complete. Ready for commands.
Startup Phase 2 complete
Creating stub renderer...
ConnectHandler: Request from 127.0.0.1:54260 accepted
ReadyHandler: 127.0.0.1:54260 ready
Requesting to join a multiplayer game
Configuring interface options
Configure: raw interface enabled
Configure: feature layer interface enabled
Configure: score interface enabled
Configure: render interface disabled
Listening on: 127.0.0.1:22064
Startup Phase 3 complete. Ready for commands.
ConnectHandler: Request from 127.0.0.1:54261 accepted
ReadyHandler: 127.0.0.1:54261 ready
Requesting to join a multiplayer game
Configuring interface options
Configure: raw interface enabled
Configure: feature layer interface enabled
Configure: score interface enabled
Configure: render interface disabled
Create game with map path: NCFellowship-2019_m1_v6.SC2Map
Attempting to join a game with the map: NCFellowship-2019_m1_v6.SC2Map
Game has started.
Using default stable ids, none found at: /home/hspark8312/StarCraftII/stableid.json
Successfully loaded stable ids: GameData\stableid.json
Sending ResponseJoinGame
Game has started.
Using default stable ids, none found at: /home/hspark8312/StarCraftII/stableid.json
Successfully loaded stable ids: GameData\stableid.json
Sending ResponseJoinGame
RequestQuit command received.
Closing Application...
/home/hspark8312/anaconda3/envs/sc2/lib/python3.6/importlib/_bootstrap.py:219: RuntimeWarning: numpy.ufunc size changed, may indicate binary incompatibility. Expected 192 from C header, got 216 from PyObject
  return f(*args, **kwds)
/home/hspark8312/anaconda3/envs/sc2/lib/python3.6/importlib/_bootstrap.py:219: RuntimeWarning: numpy.ufunc size changed, may indicate binary incompatibility. Expected 192 from C header, got 216 from PyObject
  return f(*args, **kwds)
/home/hspark8312/anaconda3/envs/sc2/lib/python3.6/site-packages/tensorboard/compat/tensorflow_stub/dtypes.py:541: FutureWarning: Passing (type, 1) or '1type' as a synonym of type is deprecated; in a future version of numpy, it will be understood as (type, (1,)) / '(1,)type'.
  _np_qint8 = np.dtype([("qint8", np.int8, 1)])
/home/hspark8312/anaconda3/envs/sc2/lib/python3.6/site-packages/past/builtins/misc.py:45: DeprecationWarning: the imp module is deprecated in favour of importlib; see the module's documentation for alternative uses
  from imp import reload
/mnt/d/sc2minigame-eval-2020-01-09/bots/Showing_bot/speedBot.py:1643: RuntimeWarning: coroutine 'TerreinManager.debug' was never awaited
  self.terrein_manager.debug()
