## STDOUT ##

[[92mINFO[0m] SC2 4.9.0 용 패치 적용
패치 sc2.ids.ability_id
패치 sc2.game_state
패치 sc2.bot_ai
패치 sc2.client
패치 sc2.controller
패치 sc2.main
INFO:root:Failed to import cuda module: No module named 'caffe2.python.caffe2_pybind11_state_gpu'
INFO:root:Failed to import AMD hip module: No module named 'caffe2.python.caffe2_pybind11_state_hip'
WARNING:root:This caffe2 python run does not have GPU support. Will run in CPU only mode.
cpu
INFO:sc2.protocol:Client status changed to Status.launched (was None)
INFO:sc2.protocol:Client status changed to Status.launched (was None)
INFO:sc2_patch.sc2_patch_490.controller:Creating new game
INFO:sc2_patch.sc2_patch_490.controller:Map:     NCFellowship-2019_m1_v6
INFO:sc2_patch.sc2_patch_490.controller:Players: Bot(Race.Terran, <bots.poscat.poscat_bot.POSCATBot object at 0x7fb4aa072f60>), Bot(Race.Terran, <bots.Showing_bot.speedBot.MarinBot object at 0x7fb4ac693c18>)
INFO:sc2.protocol:Client status changed to Status.init_game (was Status.launched)
INFO:sc2.protocol:Client status changed to Status.in_game (was None)
INFO:root:Player 2 - Bot(Race.Terran, <bots.Showing_bot.speedBot.MarinBot object at 0x7fb4ac693c18>)
TEST: 2, <bots.Showing_bot.speedBot.MarinBot object at 0x7fb4ac693c18>
load model: bots/Showing_bot/models/model-89.pt
create new model
INFO:sc2.protocol:Client status changed to Status.in_game (was None)
INFO:root:Player 1 - Bot(Race.Terran, <bots.poscat.poscat_bot.POSCATBot object at 0x7fb4aa072f60>)
TEST: 1, <bots.poscat.poscat_bot.POSCATBot object at 0x7fb4aa072f60>
0.04714599999715574 0.002917999983765185
0.04714599999715574 0.0
0.04613699999754317 0.0022150000149849802
0.04613699999754317 0.0
0.058204000000841916 0.0022699999972246587
0.058204000000841916 0.0
0.04785299999639392 0.001572999986819923
0.04785299999639392 0.0
0.05191999999806285 0.0013009999820496887
0.05191999999806285 0.0
0.06225999997695908 0.0020499999809544533
0.06225999997695908 0.0
0.05011199999717064 0.0012500000011641532
0.05011199999717064 0.0
0.04635600000619888 0.0012220000207889825
0.04635600000619888 0.0
0.04597599999397062 0.0011539999977685511
0.04597599999397062 1.00000761449337e-06
0.04631499998504296 0.0018069999932777137
0.04631499998504296 0.0
0.04622999997809529 0.0013080000062473118
0.04622999997809529 0.0
0.04602199999499135 0.0017130000051110983
0.04602199999499135 0.0
0.049971000000368804 0.0012249999854248017
0.049971000000368804 1.00000761449337e-06
0.04719400001340546 0.001383000024361536
0.04719400001340546 0.0
0.0459559999871999 0.0018320000090170652
0.0459559999871999 1.00000761449337e-06
0.049322000006213784 0.002363999985391274
0.049322000006213784 9.999785106629133e-07
0.04643099999520928 0.0018020000134129077
0.04643099999520928 0.0
0.0552239999815356 0.0011870000162161887
0.0552239999815356 0.0
0.05511099999421276 0.001209999987622723
0.05511099999421276 0.0
0.057872000004863366 0.0011719999893102795
0.057872000004863366 1.00000761449337e-06
0.05249000000185333 0.0013829999952577055
0.05249000000185333 0.0
0.05074200002127327 0.0013459999754559249
0.05074200002127327 0.0
0.048678999999538064 0.0012280000082682818
0.048678999999538064 0.0
0.0581219999876339 0.0017689999949652702
0.0581219999876339 0.0
0.0536640000063926 0.0013289999915286899
0.0536640000063926 0.0
0.05072400000062771 0.001461999985622242
0.05072400000062771 0.0
0.05010500000207685 0.0012970000097993761
0.05010500000207685 9.999785106629133e-07
0.0498350000125356 0.0013519999920390546
0.0498350000125356 1.00000761449337e-06
0.047732000006362796 0.001320000010309741
0.047732000006362796 0.0
0.04768200000398792 0.0012550000101327896
0.04768200000398792 0.0
0.04729099999531172 0.0012419999984558672
0.04729099999531172 0.0
0.047193000005790964 0.001264999998966232
0.047193000005790964 1.00000761449337e-06
0.048054999992018566 0.0012909999932162464
0.048054999992018566 0.0
0.047168999997666106 0.0012399999832268804
0.047168999997666106 1.00000761449337e-06
0.0474019999965094 0.0012719999940600246
0.0474019999965094 0.0
0.05025899998145178 0.0028959999908693135
0.05025899998145178 0.0
0.050023999996483326 0.0013540000072680414
0.050023999996483326 1.00000761449337e-06
0.05007800000021234 0.0014559999981429428
0.05007800000021234 0.0
0.04983100001118146 0.0012300000234972686
0.04983100001118146 1.00000761449337e-06
0.04968700002063997 0.00120900000911206
0.04968700002063997 1.00000761449337e-06
changed strategy
0.053620000020600855 0.0012929999793414026
0.053620000020600855 0.0
0.05015200001071207 0.0012280000082682818
0.05015200001071207 1.00000761449337e-06
0.07075300000724383 0.0017679999873507768
0.07075300000724383 0.0
0.07070799998473376 0.0018540000019129366
0.07070799998473376 0.0
0.06862599999294616 0.0013179999950807542
0.06862599999294616 0.0
0.07984000002034009 0.002202000003308058
0.07984000002034009 0.0
0.05720500001916662 0.0013829999952577055
0.05720500001916662 0.0
0.06608700001379475 0.001504999992903322
0.06608700001379475 1.00000761449337e-06
0.05487699998775497 0.001508999994257465
0.05487699998775497 0.0
0.07385499999509193 0.0018989999953191727
0.07385499999509193 1.00000761449337e-06
0.08181499998318031 0.004308999981731176
0.08181499998318031 1.00000761449337e-06
0.08323399999062531 0.004283999995095655
0.08323399999062531 0.0
0.0806999999913387 0.004860999993979931
0.0806999999913387 1.00000761449337e-06
0.07601199997588992 0.0024730000004637986
0.07601199997588992 1.00000761449337e-06
0.06707400002051145 0.002091000002110377
0.06707400002051145 0.0
0.07685599999967963 0.0016370000084862113
0.07685599999967963 1.00000761449337e-06
0.0647119999921415 0.0015300000086426735
0.0647119999921415 0.0
0.06416899999021553 0.0015759999805595726
0.06416899999021553 0.0
0.06405300000915304 0.0015749999729450792
0.06405300000915304 0.0
0.06601399998180568 0.0015899999998509884
0.06601399998180568 1.00000761449337e-06
0.062181999994209036 0.0015239999920595437
0.062181999994209036 1.00000761449337e-06
0.07597800000803545 0.0022250000038184226
0.07597800000803545 0.0
0.06124099998851307 0.0016980000073090196
0.06124099998851307 0.0
0.06079000001773238 0.0014820000214967877
0.06079000001773238 1.00000761449337e-06
0.06159199998364784 0.0014540000120177865
0.06159199998364784 1.00000761449337e-06
0.09028299999772571 0.00229800000670366
0.09028299999772571 0.0
0.08442299999296665 0.0022259999823290855
0.08442299999296665 1.00000761449337e-06
0.08603999999468215 0.002287999988766387
0.08603999999468215 0.0
0.07827999998698942 0.0014559999981429428
0.07827999998698942 1.00000761449337e-06
0.08295300000463612 0.0014469999878201634
0.08295300000463612 0.0
0.08715200002188794 0.002162000018870458
0.08715200002188794 0.0
0.059024999995017424 0.001580999989528209
0.059024999995017424 1.00000761449337e-06
0.061542000010376796 0.0014599999994970858
0.061542000010376796 0.0
0.08657200000016019 0.0022969999990891665
0.08657200000016019 0.0
0.07537199999205768 0.0019420000026002526
0.07537199999205768 0.0
0.07622499999706633 0.0016659999964758754
0.07622499999706633 0.0
0.07406600000103936 0.0014990000054240227
0.07406600000103936 1.00000761449337e-06
0.059379000012995675 0.0015269999857991934
0.059379000012995675 0.0
0.060190999996848404 0.0015240000211633742
0.060190999996848404 1.00000761449337e-06
0.05384899998898618 0.0013469999830704182
0.05384899998898618 9.999785106629133e-07
0.07467100000940263 0.0019699999829754233
0.07467100000940263 0.0
0.07562000001780689 0.0020320000185165554
0.07562000001780689 1.00000761449337e-06
0.061230999999679625 0.0015439999988302588
0.061230999999679625 0.0
0.062406000011833385 0.002084999985527247
0.062406000011833385 1.00000761449337e-06
0.05249199998797849 0.0016290000057779253
0.05249199998797849 9.999785106629133e-07
0.052091000019572675 0.0017799999914132059
0.052091000019572675 1.00000761449337e-06
0.05472000001464039 0.0018930000078398734
0.05472000001464039 0.0
0.04508399998303503 0.0013880000042263418
0.04508399998303503 9.999785106629133e-07
0.0637259999930393 0.0019299999985378236
0.0637259999930393 9.999785106629133e-07
0.04498000000603497 0.001420999993570149
0.04498000000603497 0.0
0.04482199999620207 0.0011159999994561076
0.04482199999620207 9.999785106629133e-07
0.04494900000281632 0.0011569999915082008
0.04494900000281632 0.0
0.04500199999893084 0.001149999996414408
0.04500199999893084 0.0
0.06428799999412149 0.0020229999790899456
0.06428799999412149 1.00000761449337e-06
0.06418200000189245 0.0017059999809134752
0.06418200000189245 0.0
0.06412699999054894 0.0017039999947883189
0.06412699999054894 0.0
0.0632949999999255 0.001660000008996576
0.0632949999999255 0.0
0.044894999999087304 0.001404000009642914
0.044894999999087304 9.999785106629133e-07
0.06378399999812245 0.0020760000043082982
0.06378399999812245 0.0
0.06256399999256246 0.0016999999934341758
0.06256399999256246 0.0
0.06755599999451078 0.001896000001579523
0.06755599999451078 1.3999990187585354e-05
0.047667000006185845 0.0012040000001434237
0.047667000006185845 0.0
0.060430999990785494 0.0013679999974556267
0.060430999990785494 0.0
0.055340000020805746 0.0017309999966528267
0.055340000020805746 0.0
0.052786000014748424 0.001348999998299405
0.052786000014748424 0.0
0.04772400000365451 0.0012189999979455024
0.04772400000365451 9.999785106629133e-07
0.047569000016665086 0.001209999987622723
0.047569000016665086 0.0
0.047660999989602715 0.0012069999938830733
0.047660999989602715 1.00000761449337e-06
0.047497999999905005 0.0012410000199452043
0.047497999999905005 0.0
0.047824000008404255 0.0012410000199452043
0.047824000008404255 0.0
0.04813999999896623 0.001229999994393438
0.04813999999896623 0.0
0.047396000009030104 0.0012029999925289303
0.047396000009030104 0.0
0.047660999989602715 0.0014119999832473695
0.047660999989602715 1.00000761449337e-06
0.04797400001552887 0.001213999988976866
0.04797400001552887 0.0
0.04809299999033101 0.0012369999894872308
0.04809299999033101 1.00000761449337e-06
0.05348900001263246 0.001580999989528209
0.05348900001263246 0.0
0.04787199999555014 0.0012399999832268804
0.04787199999555014 0.0
0.06617400000686757 0.001783000014256686
0.06617400000686757 0.0
0.06720399999176152 0.0017600000137463212
0.06720399999176152 0.0
0.06690099998377264 0.0017769999976735562
0.06690099998377264 1.00000761449337e-06
0.06695000000763685 0.0020120000117458403
0.06695000000763685 1.00000761449337e-06
0.07071400000131689 0.001887999998871237
0.07071400000131689 9.999785106629133e-07
0.07351700001163408 0.0020220000005792826
0.07351700001163408 0.0
0.07356299998355098 0.0019130000146105886
0.07356299998355098 0.0
0.05371599999489263 0.0014490000030491501
0.05371599999489263 0.0
0.06455899999127723 0.0018489999929443002
0.06455899999127723 1.00000761449337e-06
0.06917400000384077 0.0018390000041108578
0.06917400000384077 1.00000761449337e-06
0.04775500000687316 0.0012369999894872308
0.04775500000687316 9.999785106629133e-07
0.06692899999325164 0.0017759999900590628
0.06692899999325164 0.0
0.06668699998408556 0.0017660000012256205
0.06668699998408556 0.0
0.04745000001275912 0.0012700000079348683
0.04745000001275912 1.00000761449337e-06
0.048374999983934686 0.00128599998424761
0.048374999983934686 0.0
0.06286499998532236 0.0016579999937675893
0.06286499998532236 9.999785106629133e-07
0.06494899999233894 0.0013379999727476388
0.06494899999233894 1.00000761449337e-06
0.04989300001761876 0.0012499999720603228
0.04989300001761876 0.0
0.0729410000203643 0.0019150000007357448
0.0729410000203643 0.0
0.055346000008285046 0.0017179999849759042
0.055346000008285046 0.0
0.05460999999195337 0.0015710000006947666
0.05460999999195337 0.0
0.052072999998927116 0.0013139999937266111
0.052072999998927116 0.0
0.06865699999616481 0.001859000010881573
0.06865699999616481 0.0
0.06986799999140203 0.0020369999983813614
0.06986799999140203 0.0
0.07153600000310689 0.0018600000184960663
0.07153600000310689 1.00000761449337e-06
0.06948000000556931 0.0018439999839756638
0.06948000000556931 0.0
0.06999699998414144 0.0018409999902360141
0.06999699998414144 1.00000761449337e-06
0.05028900000615977 0.0012599999899975955
0.05028900000615977 0.0
0.06995400000596419 0.0018300000228919089
0.06995400000596419 0.0
0.053343000006861985 0.0014009999867994338
0.053343000006861985 0.0
0.05305899999802932 0.0013310000067576766
0.05305899999802932 0.0
0.05283700002473779 0.001365000003715977
0.05283700002473779 0.0
0.05306999999447726 0.0013660000113304704
0.05306999999447726 0.0
0.057582000008551404 0.0017179999849759042
0.057582000008551404 1.00000761449337e-06
0.05733700000564568 0.0014139999984763563
0.05733700000564568 1.00000761449337e-06
0.05983600000035949 0.001560000004246831
0.05983600000035949 1.00000761449337e-06
0.060243000014452264 0.0015109999803826213
0.060243000014452264 0.0
0.06104700002470054 0.001552000001538545
0.06104700002470054 9.999785106629133e-07
0.05809499998576939 0.0014340000052470714
0.05809499998576939 1.00000761449337e-06
0.057675000018207356 0.0014749999972991645
0.057675000018207356 0.0
0.05483999999705702 0.0013800000015180558
0.05483999999705702 9.999785106629133e-07
0.05551599999307655 0.0014089999895077199
0.05551599999307655 9.999785106629133e-07
0.055099999997764826 0.0016699999978300184
0.055099999997764826 0.0
0.0761120000097435 0.002334000018890947
0.0761120000097435 1.00000761449337e-06
0.05545499999425374 0.0014030000020284206
0.05545499999425374 0.0
0.06647099999827333 0.0019549999851733446
0.06647099999827333 9.999785106629133e-07
0.08612399999401532 0.0022769999923184514
0.08612399999401532 0.0
0.07430999999633059 0.003984999988460913
0.07430999999633059 0.0
0.06080400000791997 0.0016989999858196825
0.06080400000791997 1.00000761449337e-06
0.05515299999387935 0.001664999988861382
0.05515299999387935 1.00000761449337e-06
0.07052199999452569 0.001990999997360632
0.07052199999452569 1.00000761449337e-06
0.0779599999950733 0.0020250000234227628
0.0779599999950733 1.00000761449337e-06
0.07597800000803545 0.0019529999990481883
0.07597800000803545 0.0
0.07664600000134669 0.0019939999911002815
0.07664600000134669 0.0
0.07254200000897981 0.0019190000020898879
0.07254200000897981 0.0
0.07482800001162104 0.001999000000068918
0.07482800001162104 0.0
0.07651899999473244 0.001988999982131645
0.07651899999473244 0.0
0.07970000000204891 0.0020059999951627105
0.07970000000204891 1.00000761449337e-06
0.05567999999038875 0.001400000008288771
0.05567999999038875 1.00000761449337e-06
0.06421700000646524 0.0020250000234227628
0.06421700000646524 0.0
0.07613800000399351 0.001967999996850267
0.07613800000399351 1.00000761449337e-06
0.05503699998371303 0.0013880000042263418
0.05503699998371303 0.0
0.06141700001899153 0.001552000001538545
0.06141700001899153 0.0
0.07699999999022111 0.0019979999924544245
0.07699999999022111 0.0
0.0764400000043679 0.001947000011568889
0.0764400000043679 0.0
0.07672599999932572 0.0019960000063292682
0.07672599999932572 0.0
0.07610900001600385 0.002003999979933724
0.07610900001600385 0.0
0.07605099998181686 0.0019610000017564744
0.07605099998181686 0.0
0.08099699998274446 0.0021140000026207417
0.08099699998274446 1.00000761449337e-06
0.07388700000592507 0.0020730000105686486
0.07388700000592507 0.0
0.07966200000373647 0.002050000010058284
0.07966200000373647 1.00000761449337e-06
0.08030399997369386 0.002066999993985519
0.08030399997369386 0.0
0.08035500001278706 0.0020450000010896474
0.08035500001278706 1.00000761449337e-06
0.0767020000203047 0.0020080000103916973
0.0767020000203047 0.0
0.07621800000197254 0.0019760000286623836
0.07621800000197254 0.0
0.08185300001059659 0.0022129999997559935
0.08185300001059659 0.0
0.08561000000918284 0.0020979999972041696
0.08561000000918284 0.0
0.08385500000440516 0.0027199999894946814
0.08385500000440516 1.00000761449337e-06
0.06029500000295229 0.0014599999994970858
0.06029500000295229 0.0
0.0627880000101868 0.0016339999856427312
0.0627880000101868 9.999785106629133e-07
0.06255299999611452 0.001600999996298924
0.06255299999611452 0.0
0.05858300000545569 0.0014530000044032931
0.05858300000545569 0.0
0.058209999988321215 0.0014770000125281513
0.058209999988321215 0.0
0.07677700000931509 0.0020389999845065176
0.07677700000931509 0.0
0.07602700000279583 0.001992000004975125
0.07602700000279583 0.0
0.07284099998651072 0.0019200000097043812
0.07284099998651072 0.0
0.07371600001351908 0.001914000022225082
0.07371600001351908 1.3999990187585354e-05
0.06319800001801923 0.001664999988861382
0.06319800001801923 0.0
0.06278599999495782 0.0016100000066217035
0.06278599999495782 0.0
0.06221299999742769 0.0016469999973196536
0.06221299999742769 1.00000761449337e-06
0.06285000001662411 0.001732999982777983
0.06285000001662411 0.0
0.06219799999962561 0.0015949999797157943
0.06219799999962561 1.00000761449337e-06
0.044920000014826655 0.0011329999833833426
0.044920000014826655 0.0
0.044891999976243824 0.0011649999942164868
0.044891999976243824 0.0
0.06292799999937415 0.0017100000113714486
0.06292799999937415 1.00000761449337e-06
0.04484399998909794 0.0011240000021643937
0.04484399998909794 1.00000761449337e-06
0.04499500000383705 0.0011550000053830445
0.04499500000383705 9.999785106629133e-07
0.055721000011544675 0.0016499999910593033
0.055721000011544675 0.0
0.06264099999680184 0.0020010000152979046
0.06264099999680184 1.00000761449337e-06
0.06307899998500943 0.001676999992923811
0.06307899998500943 9.999785106629133e-07
0.0630890000029467 0.0016409999807365239
0.0630890000029467 0.0
0.06377599999541417 0.0017029999871738255
0.06377599999541417 1.00000761449337e-06
0.045387000020127743 0.0012409999908413738
0.045387000020127743 0.0
0.06578000000445172 0.0019610000017564744
0.06578000000445172 0.0
0.06659500001114793 0.0017370000132359564
0.06659500001114793 9.999785106629133e-07
0.06605599998147227 0.001719000021694228
0.06605599998147227 0.0
0.045091999985743314 0.001189000002341345
0.045091999985743314 1.00000761449337e-06
0.04508799998438917 0.0011489999887999147
0.04508799998438917 1.00000761449337e-06
0.063122999999905 0.0016410000098403543
0.063122999999905 0.0
0.0629029999836348 0.0016619999951217324
0.0629029999836348 0.0
0.06258600001456216 0.0017700000025797635
0.06258600001456216 0.0
0.06333500001346692 0.001724999980069697
0.06333500001346692 0.0
0.06649999998626299 0.0018090000085067004
0.06649999998626299 0.0
0.07347800000570714 0.0022119999921415
0.07347800000570714 0.0
0.08412900002440438 0.002517999993870035
0.08412900002440438 0.0
0.0830149999819696 0.0022360000002663583
0.0830149999819696 0.0
0.081754999991972 0.0020760000043082982
0.081754999991972 0.0
0.06061799998860806 0.0014910000027157366
0.06061799998860806 1.00000761449337e-06
0.0631920000014361 0.0017069999885279685
0.0631920000014361 0.0
0.06264899999951012 0.0015530000091530383
0.06264899999951012 0.0
0.06356599999708124 0.0016339999856427312
0.06356599999708124 0.0
0.06302999999024905 0.0015790000034030527
0.06302999999024905 9.999785106629133e-07
0.062403000018093735 0.0015370000037364662
0.062403000018093735 0.0
0.08454800001345575 0.0023910000163596123
0.08454800001345575 1.00000761449337e-06
0.060470999975223094 0.001631999999517575
0.060470999975223094 1.00000761449337e-06
0.06043599999975413 0.0024730000004637986
0.06043599999975413 1.00000761449337e-06
0.06018699999549426 0.0018900000141002238
0.06018699999549426 0.0
0.058092999999644235 0.001640000002225861
0.058092999999644235 0.0
0.08242799999425188 0.0025960000057239085
0.08242799999425188 0.0
0.08311500001582317 0.002011000004131347
0.08311500001582317 1.00000761449337e-06
0.08008999997400679 0.0020920000097248703
0.08008999997400679 0.0
0.07660599998780526 0.001951999991433695
0.07660599998780526 0.0
0.052890999999362975 0.0013160000089555979
0.052890999999362975 1.00000761449337e-06
0.05023199997958727 0.0012400000123307109
0.05023199997958727 0.0
0.05033299999195151 0.001260999997612089
0.05033299999195151 0.0
0.05055799998808652 0.001277000003028661
0.05055799998808652 1.00000761449337e-06
0.0506349999923259 0.0012540000025182962
0.0506349999923259 1.00000761449337e-06
0.04988900001626462 0.0012400000123307109
0.04988900001626462 1.00000761449337e-06
0.05036399999517016 0.0012699999788310379
0.05036399999517016 0.0
0.050125000008847564 0.0012439999845810235
0.050125000008847564 1.00000761449337e-06
0.04980400000931695 0.0012329999881330878
0.04980400000931695 1.00000761449337e-06
0.05289299998548813 0.0012989999959245324
0.05289299998548813 0.0
0.07164700000430457 0.00189200000022538
0.07164700000430457 1.00000761449337e-06
0.07182100001955405 0.0018410000193398446
0.07182100001955405 1.00000761449337e-06
0.0722200000018347 0.0018599999893922359
0.0722200000018347 1.00000761449337e-06
0.0711839999712538 0.0018770000024233013
0.0711839999712538 0.0
0.07516899998881854 0.0018850000051315874
0.07516899998881854 1.00000761449337e-06
0.07204100000672042 0.0018730000010691583
0.07204100000672042 1.00000761449337e-06
0.07170900001074187 0.0019339999998919666
0.07170900001074187 1.00000761449337e-06
0.07204100000672042 0.0018600000184960663
0.07204100000672042 1.00000761449337e-06
0.07150199997704476 0.0018730000010691583
0.07150199997704476 1.3999990187585354e-05
0.07287999999243766 0.0018139999883715063
0.07287999999243766 9.999785106629133e-07
0.0707340000080876 0.0018620000046212226
0.0707340000080876 0.0
0.08632400000351481 0.005009999993490055
0.08632400000351481 1.00000761449337e-06
0.11081899999408051 0.006312999990768731
0.11081899999408051 1.00000761449337e-06
0.10094600002048537 0.0032730000093579292
0.10094600002048537 0.0
0.07890400002361275 0.0020490000024437904
0.07890400002361275 0.0
0.08275700002559461 0.002224999974714592
0.08275700002559461 0.0
0.07997000002069399 0.0021229999838396907
0.07997000002069399 0.0
0.08237399999052286 0.0020369999983813614
0.08237399999052286 0.0
0.08350899998913519 0.0020920000097248703
0.08350899998913519 0.0
0.08043499998166226 0.0021819999965373427
0.08043499998166226 0.0
0.081527999980608 0.0020249999943189323
0.081527999980608 1.00000761449337e-06
0.10137899999972433 0.00341799997841008
0.10137899999972433 9.999785106629133e-07
0.07794500002637506 0.001988000003620982
0.07794500002637506 0.0
0.07566000000224449 0.0021040000137872994
0.07566000000224449 0.0
0.07820299998275004 0.0022049999970477074
0.07820299998275004 9.999785106629133e-07
0.07542399998055771 0.0018949999939650297
0.07542399998055771 9.999785106629133e-07
0.08047600000281818 0.002125000028172508
0.08047600000281818 0.0
0.0633689999813214 0.001596999994944781
0.0633689999813214 0.0
0.06335299997590482 0.0016579999937675893
0.06335299997590482 1.00000761449337e-06
0.05751600000075996 0.0014799999771639705
0.05751600000075996 1.00000761449337e-06
0.05827300000237301 0.001516999996965751
0.05827300000237301 1.00000761449337e-06
0.057665000000270084 0.0014530000044032931
0.057665000000270084 0.0
0.057923999993363395 0.0015329999732784927
0.057923999993363395 0.0
0.0579909999796655 0.0014810000138822943
0.0579909999796655 0.0
0.05786599998828024 0.0014549999905284494
0.05786599998828024 1.00000761449337e-06
0.05778700002701953 0.0015010000206530094
0.05778700002701953 0.0
0.05806899999151938 0.0015180000045802444
0.05806899999151938 0.0
0.05820899998070672 0.0014540000120177865
0.05820899998070672 0.0
0.055133999994723126 0.0014220000011846423
0.055133999994723126 1.00000761449337e-06
0.05516800002078526 0.0013860000181011856
0.05516800002078526 0.0
0.055278000014368445 0.0014310000115074217
0.055278000014368445 1.00000761449337e-06
0.057858999993186444 0.0014970000192988664
0.057858999993186444 0.0
0.05786000000080094 0.0015180000045802444
0.05786000000080094 1.00000761449337e-06
0.05779699998674914 0.001441000000340864
0.05779699998674914 0.0
0.05765999999130145 0.0014479999954346567
0.05765999999130145 0.0
0.05743400001665577 0.0014580000133719295
0.05743400001665577 9.999785106629133e-07
0.05841999998665415 0.001556000002892688
0.05841999998665415 9.999785106629133e-07
0.05739299999549985 0.001496000011684373
0.05739299999549985 9.999785106629133e-07
0.0576230000006035 0.00144599998020567
0.0576230000006035 0.0
0.057988000015029684 0.0015280000225175172
0.057988000015029684 0.0
0.07744299998739734 0.0020570000051520765
0.07744299998739734 1.00000761449337e-06
0.09020599999348633 0.002626000001328066
0.09020599999348633 0.0
0.11265100000309758 0.0035380000190343708
0.11265100000309758 1.00000761449337e-06
0.11209199999575503 0.002837000007275492
0.11209199999575503 0.0
0.11313099999097176 0.003001000004587695
0.11313099999097176 1.00000761449337e-06
0.11165399997844361 0.002902999985963106
0.11165399997844361 1.00000761449337e-06
0.10778099999879487 0.0028420000162441283
0.10778099999879487 0.0
0.10752599997795187 0.0028239999955985695
0.10752599997795187 0.0
0.0761050000146497 0.0018640000198502094
0.0761050000146497 1.00000761449337e-06
0.07535099997767247 0.0018810000037774444
0.07535099997767247 0.0
0.07525200000964105 0.0018399999826215208
0.07525200000964105 1.00000761449337e-06
0.09936500000185333 0.0027959999861195683
0.09936500000185333 0.0
0.09827899999800138 0.002728000021306798
0.09827899999800138 0.0
0.10094200001913123 0.0032959999807644635
0.10094200001913123 0.0
0.0921890000172425 0.002785999997286126
0.0921890000172425 1.00000761449337e-06
0.08942499998374842 0.002437999995891005
0.08942499998374842 9.999785106629133e-07
0.058059000002685934 0.0015079999866429716
0.058059000002685934 9.999785106629133e-07
0.07194799999706447 0.0019059999904129654
0.07194799999706447 0.0
0.07193999999435619 0.0019489999976940453
0.07193999999435619 0.0
0.06695099998614751 0.001879999996162951
0.06695099998614751 0.0
0.08661100000608712 0.0022769999923184514
0.08661100000608712 1.00000761449337e-06
0.08448399999178946 0.002211000013630837
0.08448399999178946 1.00000761449337e-06
0.08799699999508448 0.0022689999896101654
0.08799699999508448 9.999785106629133e-07
0.08719699998619035 0.0023079999955371022
0.08719699998619035 1.00000761449337e-06
0.1004759999923408 0.002933999989181757
0.1004759999923408 1.00000761449337e-06
0.0845839999965392 0.00225499999942258
0.0845839999965392 1.00000761449337e-06
0.08861400000751019 0.002271000004839152
0.08861400000751019 0.0
0.08907600000384264 0.0023250000085681677
0.08907600000384264 1.00000761449337e-06
0.08929099998204038 0.0018559999880380929
0.08929099998204038 1.00000761449337e-06
0.06514799999422394 0.0016170000017154962
0.06514799999422394 9.999785106629133e-07
0.05785700000706129 0.0014580000133719295
0.05785700000706129 0.0
0.07487200002651662 0.0019770000071730465
0.07487200002651662 9.999785106629133e-07
0.0749270000087563 0.0019120000069960952
0.0749270000087563 0.0
0.05551900001592003 0.0014019999944139272
0.05551900001592003 1.00000761449337e-06
0.0551440000126604 0.0014089999895077199
0.0551440000126604 0.0
0.054933999985223636 0.0013719999988097697
0.054933999985223636 0.0
0.0551899999845773 0.0013620000099763274
0.0551899999845773 0.0
0.055521000002045184 0.0014239999873097986
0.055521000002045184 0.0
0.0550820000062231 0.0014059999957680702
0.0550820000062231 9.999785106629133e-07
0.05522499998915009 0.0013670000189449638
0.05522499998915009 0.0
0.055017000006046146 0.0013929999840911478
0.055017000006046146 0.0
0.0603959999862127 0.0015159999893512577
0.0603959999862127 9.999785106629133e-07
0.08238599999458529 0.002286000002641231
0.08238599999458529 0.0
0.08809499998460524 0.002351999981328845
0.08809499998460524 0.0
0.11473699999623932 0.006615999998757616
0.11473699999623932 0.0
0.11809199998970143 0.006863999995402992
0.11809199998970143 1.00000761449337e-06
0.1113550000009127 0.0036050000053364784
0.1113550000009127 0.0
0.08319299999857321 0.0020380000059958547
0.08319299999857321 1.00000761449337e-06
0.08531399999628775 0.002070999995339662
0.08531399999628775 0.0
0.0800710000039544 0.0022290000051725656
0.0800710000039544 0.0
0.08381499999086373 0.0027039999840781093
0.08381499999086373 0.0
0.11099300000932999 0.0032860000210348517
0.11099300000932999 1.00000761449337e-06
0.11573599997791462 0.0031630000157747418
0.11573599997791462 0.0
0.0800149999849964 0.002238000015495345
0.0800149999849964 1.00000761449337e-06
0.08029299997724593 0.0019899999897461385
0.08029299997724593 1.00000761449337e-06
0.07835999998496845 0.0021000000124331564
0.07835999998496845 0.0
0.06372099998407066 0.0016220000106841326
0.06372099998407066 0.0
0.052721999993082136 0.0013139999937266111
0.052721999993082136 9.999785106629133e-07
0.05044099999940954 0.0013160000089555979
0.05044099999940954 0.0
0.04979700001422316 0.0012629999837372452
0.04979700001422316 0.0
0.05008699998143129 0.001256000017747283
0.05008699998143129 0.0
0.052690999989863485 0.0013170000165700912
0.052690999989863485 9.999785106629133e-07
0.05277599999681115 0.0013279999839141965
0.05277599999681115 1.00000761449337e-06
0.052399000007426366 0.0013099999923724681
0.052399000007426366 1.00000761449337e-06
0.05253200000151992 0.0013760000001639128
0.05253200000151992 9.999785106629133e-07
0.05273600001237355 0.0013290000206325203
0.05273600001237355 0.0
0.055360999976983294 0.001424000016413629
0.055360999976983294 0.0
0.05491899998742156 0.0013810000091325492
0.05491899998742156 0.0
0.052648000011686236 0.001336999994236976
0.052648000011686236 1.00000761449337e-06
0.06833899999037385 0.0017899999802466482
0.06833899999037385 9.999785106629133e-07
0.06805500001064502 0.0018270000000484288
0.06805500001064502 1.00000761449337e-06
0.05127699999138713 0.0013380000018514693
0.05127699999138713 0.0
0.04988599999342114 0.001273000001674518
0.04988599999342114 0.0
0.049534999998286366 0.0012950000236742198
0.049534999998286366 0.0
0.05028100000345148 0.001277999981539324
0.05028100000345148 0.0
0.050398999999742955 0.0012989999959245324
0.050398999999742955 1.00000761449337e-06
0.05253499999525957 0.0013169999874662608
0.05253499999525957 0.0
0.05246199999237433 0.0013050000125076622
0.05246199999237433 1.00000761449337e-06
0.05537799999001436 0.0013890000118408352
0.05537799999001436 1.00000761449337e-06
0.05492699999012984 0.0013940000208094716
0.05492699999012984 1.00000761449337e-06
0.08485499999369495 0.0022170000011101365
0.08485499999369495 0.0
0.10143400001106784 0.002593000011984259
0.10143400001106784 0.0
0.11847499999566935 0.0033460000122431666
0.11847499999566935 0.0
0.12059400000725873 0.007046000013360754
0.12059400000725873 1.00000761449337e-06
0.09496099999523722 0.009358000010251999
0.09496099999523722 0.0
0.09360600000945851 0.0025080000050365925
0.09360600000945851 9.999785106629133e-07
0.09248500000103377 0.002250999998068437
0.09248500000103377 0.0
0.09776499998406507 0.005544999992707744
0.09776499998406507 1.00000761449337e-06
0.09458000000449829 0.0026499999803490937
0.09458000000449829 0.0
0.08981800000765361 0.0023119999968912452
0.08981800000765361 0.0
0.08571400001528673 0.002103000006172806
0.08571400001528673 0.0
0.11686999999801628 0.0033610000100452453
0.11686999999801628 0.0
0.08779000001959503 0.0025550000136718154
0.08779000001959503 1.00000761449337e-06
0.0879129999957513 0.0024339999945368618
0.0879129999957513 9.999785106629133e-07
0.06778599999961443 0.001693999976851046
0.06778599999961443 1.00000761449337e-06
0.04989500000374392 0.0012499999720603228
0.04989500000374392 1.00000761449337e-06
0.053481999988434836 0.0013500000059138983
0.053481999988434836 0.0
0.05046200001379475 0.0012879999994765967
0.05046200001379475 1.00000761449337e-06
0.05029300000751391 0.0012540000025182962
0.05029300000751391 0.0
0.05024900002172217 0.0012589999823831022
0.05024900002172217 0.0
0.05011099998955615 0.0013099999923724681
0.05011099998955615 0.0
0.05003800001577474 0.0013109999999869615
0.05003800001577474 0.0
0.050467000022763386 0.0013219999964348972
0.050467000022763386 1.00000761449337e-06
0.05249200001708232 0.0013049999834038317
0.05249200001708232 1.00000761449337e-06
0.0540890000120271 0.0014770000125281513
0.0540890000120271 1.00000761449337e-06
0.05360000001383014 0.0013880000042263418
0.05360000001383014 0.0
0.053299999999580905 0.0015279999934136868
0.053299999999580905 9.999785106629133e-07
0.05402800001320429 0.001383000024361536
0.05402800001320429 1.00000761449337e-06
0.052838999981759116 0.001365000003715977
0.052838999981759116 0.0
0.055789000005461276 0.0015330000023823231
0.055789000005461276 0.0
0.05257800000254065 0.0013389999803621322
0.05257800000254065 0.0
0.0578269999823533 0.0015239999920595437
0.0578269999823533 1.00000761449337e-06
0.06026399999973364 0.0015060000005178154
0.06026399999973364 0.0
0.05764300000737421 0.0014610000071115792
0.05764300000737421 0.0
0.05774799999198876 0.0014650000084657222
0.05774799999198876 9.999785106629133e-07
0.05741999999736436 0.0014359999913722277
0.05741999999736436 0.0
0.06512400001520291 0.0016119999927468598
0.06512400001520291 9.999785106629133e-07
0.07007099999464117 0.0017880000232253224
0.07007099999464117 0.0
0.09454000002006069 0.002539999986765906
0.09454000002006069 0.0
0.09416199999395758 0.0024550000089220703
0.09416199999395758 0.0
0.09150100001716055 0.0024730000004637986
0.09150100001716055 0.0
0.08739699999568984 0.0022190000163391232
0.08739699999568984 0.0
0.08847200000309385 0.002234999992651865
0.08847200000309385 0.0
0.08213999998406507 0.0021490000071935356
0.08213999998406507 1.00000761449337e-06
0.07452200000989251 0.0020099999965168536
0.07452200000989251 0.0
0.07082699998863973 0.001879000017652288
0.07082699998863973 1.00000761449337e-06
0.06487099998048507 0.0018940000154543668
0.06487099998048507 0.0
0.07400500000221655 0.0019150000007357448
0.07400500000221655 0.0
0.06624799998826347 0.0017219999863300472
0.06624799998826347 0.0
0.06425600001239218 0.0017189999925903976
0.06425600001239218 1.00000761449337e-06
0.06534699999610893 0.0018179999897256494
0.06534699999610893 9.999785106629133e-07
0.0655129999795463 0.0020329999970272183
0.0655129999795463 0.0
0.06890000001294538 0.0018530000234022737
0.06890000001294538 1.00000761449337e-06
0.06638100001146086 0.0018240000063087791
0.06638100001146086 0.0
0.06511799999861978 0.0017340000194963068
0.06511799999861978 0.0
0.06464900000719354 0.00185500000952743
0.06464900000719354 0.0
0.06532799999695271 0.001724000001559034
0.06532799999695271 9.999785106629133e-07
0.04737899999599904 0.0013399999879766256
0.04737899999599904 1.00000761449337e-06
0.04753599999821745 0.0012500000011641532
0.04753599999821745 1.00000761449337e-06
0.04742600000463426 0.0012339999957475811
0.04742600000463426 0.0
0.04728400000021793 0.0012639999913517386
0.04728400000021793 0.0
0.04479000001447275 0.0011460000241640955
0.04479000001447275 0.0
0.045206000009784475 0.0013460000045597553
0.045206000009784475 0.0
0.04234000001451932 0.0012700000079348683
0.04234000001451932 0.0
0.042252000013832 0.0013260000268928707
0.042252000013832 1.00000761449337e-06
0.04266300000017509 0.0014950000040698797
0.04266300000017509 0.0
0.04241799999726936 0.0010849999962374568
0.04241799999726936 0.0
0.05562400000053458 0.0016140000079758465
0.05562400000053458 0.0
0.04406300000846386 0.0014540000120177865
0.04406300000846386 1.00000761449337e-06
0.043307999992975965 0.0011689999955706298
0.043307999992975965 1.00000761449337e-06
0.04402600001776591 0.0013900000194553286
0.04402600001776591 0.0
0.04852099998970516 0.0016029999824240804
0.04852099998970516 1.00000761449337e-06
0.04503900001873262 0.0011820000072475523
0.04503900001873262 1.00000761449337e-06
0.04505099999369122 0.001133999990997836
0.04505099999369122 1.00000761449337e-06
0.04496499997912906 0.0011380000214558095
0.04496499997912906 0.0
0.0447310000017751 0.0011399999784771353
0.0447310000017751 0.0
0.04496199998538941 0.001137000013841316
0.04496199998538941 0.0
0.04535499998019077 0.0013120000076014549
0.04535499998019077 0.0
0.04597700000158511 0.0013000000035390258
0.04597700000158511 0.0
0.045283000014023855 0.0011829999857582152
0.045283000014023855 9.999785106629133e-07
0.046609000011812896 0.0013069999986328185
0.046609000011812896 1.00000761449337e-06
0.04582600001594983 0.0012030000216327608
0.04582600001594983 0.0
0.045366000005742535 0.0012200000055599958
0.045366000005742535 0.0
0.04522600001655519 0.0011909999884665012
0.04522600001655519 0.0
0.0452019999793265 0.001217999990331009
0.0452019999793265 0.0
0.045009000023128465 0.0011560000129975379
0.045009000023128465 9.999785106629133e-07
0.04752500000176951 0.0013040000048931688
0.04752500000176951 1.00000761449337e-06
0.04742799999075942 0.0012080000014975667
0.04742799999075942 0.0
0.04746800000430085 0.001248000015038997
0.04746800000430085 0.0
0.05019099998753518 0.0013540000072680414
0.05019099998753518 0.0
0.05004400000325404 0.0012559999886434525
0.05004400000325404 0.0
0.050393000012263656 0.0012719999940600246
0.050393000012263656 1.00000761449337e-06
0.06975799999781884 0.0017820000066421926
0.06975799999781884 0.0
0.06753599998774007 0.0018620000046212226
0.06753599998774007 9.999785106629133e-07
0.06784999999217689 0.0017660000012256205
0.06784999999217689 0.0
0.085298000019975 0.0027460000128485262
0.085298000019975 0.0
0.10089800000423566 0.0031210000161081553
0.10089800000423566 9.999785106629133e-07
0.10094999999273568 0.0028509999974630773
0.10094999999273568 1.00000761449337e-06
0.11746800001128577 0.0030149999947752804
0.11746800001128577 1.00000761449337e-06
0.11793000000761822 0.002993999980390072
0.11793000000761822 0.0
0.12079800001811236 0.0031559999915771186
0.12079800001811236 0.0
0.12308099999791011 0.003169000003254041
0.12308099999791011 0.0
0.10416099999565631 0.002634000004036352
0.10416099999565631 0.0
0.10387099999934435 0.0026239999860990793
0.10387099999934435 1.00000761449337e-06
0.10021400000550784 0.0024179999891202897
0.10021400000550784 9.999785106629133e-07
0.09970900000189431 0.0025470000109635293
0.09970900000189431 1.00000761449337e-06
0.1015029999834951 0.002737000002525747
0.1015029999834951 1.00000761449337e-06
0.07189500000094995 0.0017650000227149576
0.07189500000094995 0.0
0.07002800001646392 0.0018399999826215208
0.07002800001646392 0.0
0.06991500000003725 0.0017139999836217612
0.06991500000003725 0.0
0.07753199999569915 0.0020169999916106462
0.07753199999569915 0.0
0.07055800000671297 0.00189200000022538
0.07055800000671297 0.0
0.07424300001002848 0.0019219999958295375
0.07424300001002848 0.0
0.052644999988842756 0.0013209999888204038
0.052644999988842756 0.0
0.05239999998593703 0.0013970000145491213
0.05239999998593703 1.00000761449337e-06
0.05100900001707487 0.0013430000108201057
0.05100900001707487 0.0
0.06716399997822009 0.001939000008860603
0.06716399997822009 0.0
0.0635609999881126 0.0016299999842885882
0.0635609999881126 0.0
0.05713500001002103 0.002000999986194074
0.05713500001002103 1.00000761449337e-06
0.05683099999441765 0.0013100000214762986
0.05683099999441765 0.0
0.05347300000721589 0.0013040000048931688
0.05347300000721589 0.0
0.057920999999623746 0.0015999999886844307
0.057920999999623746 0.0
0.05746999999973923 0.0014359999913722277
0.05746999999973923 0.0
0.07221499999286607 0.0018259999924339354
0.07221499999286607 1.00000761449337e-06
0.08585500001208857 0.0017340000194963068
0.08585500001208857 1.00000761449337e-06
0.08770000000367872 0.002171000000089407
0.08770000000367872 9.999785106629133e-07
0.09427900001173839 0.002398000011453405
0.09427900001173839 0.0
0.09610799999791197 0.002347000001464039
0.09610799999791197 1.00000761449337e-06
0.061516999994637445 0.001613999978872016
0.061516999994637445 9.999785106629133e-07
0.07784499999252148 0.001627000019652769
0.07784499999252148 0.0
0.06323500000871718 0.0016219999815803021
0.06323500000871718 9.999785106629133e-07
0.06621499999891967 0.0019079999765381217
0.06621499999891967 0.0
0.06247899998561479 0.0016109999851323664
0.06247899998561479 0.0
0.06728499999735504 0.0024099999864120036
0.06728499999735504 9.999785106629133e-07
0.059034000005340204 0.0014479999954346567
0.059034000005340204 0.0
0.05804300002637319 0.0013880000042263418
0.05804300002637319 0.0
0.05856599999242462 0.0015039999852888286
0.05856599999242462 0.0
0.06817300000693649 0.0016379999869968742
0.06817300000693649 0.0
0.07308900001225993 0.0024360000097658485
0.07308900001225993 1.00000761449337e-06
0.06850500000291504 0.0016429999959655106
0.06850500000291504 0.0
0.06428900000173599 0.001652999984798953
0.06428900000173599 0.0
0.07724100002087653 0.002386000007390976
0.07724100002087653 1.00000761449337e-06
0.06927599999471568 0.0017760000191628933
0.06927599999471568 0.0
0.07438700000056997 0.0024550000089220703
0.07438700000056997 0.0
0.06479500001296401 0.0015519999724347144
0.06479500001296401 0.0
0.08581700001377612 0.002361999999266118
0.08581700001377612 0.0
0.07457799999974668 0.0023210000072140247
0.07457799999974668 0.0
0.08413500001188368 0.002123000012943521
0.08413500001188368 1.00000761449337e-06
0.07933099998626858 0.0021169999963603914
0.07933099998626858 1.00000761449337e-06
0.1155109999817796 0.0029280000017024577
0.1155109999817796 1.00000761449337e-06
0.09821100000408478 0.002470000006724149
0.09821100000408478 1.00000761449337e-06
0.11949099999037571 0.003001999983098358
0.11949099999037571 9.999785106629133e-07
0.09810699999798089 0.002498999994713813
0.09810699999798089 0.0
0.0997450000140816 0.0024929999781306833
0.0997450000140816 0.0
0.09796700000879355 0.0025960000057239085
0.09796700000879355 1.00000761449337e-06
0.07238900000811554 0.0018090000085067004
0.07238900000811554 0.0
0.0702690000180155 0.0017459999944549054
0.0702690000180155 1.00000761449337e-06
0.05008099999395199 0.0013020000187680125
0.05008099999395199 0.0
0.05343099997844547 0.001488000008976087
0.05343099997844547 0.0
0.07754600001499057 0.0022570000146515667
0.07754600001499057 0.0
0.0693629999877885 0.0016670000040903687
0.0693629999877885 0.0
0.07395099999848753 0.0019239999819546938
0.07395099999848753 0.0
0.1070039999904111 0.0024759999942034483
0.1070039999904111 1.00000761449337e-06
0.1179169999959413 0.006170999986352399
0.1179169999959413 1.00000761449337e-06
0.10968799999682233 0.0026829999987967312
0.10968799999682233 0.0
0.12584299998707138 0.007643999997526407
0.12584299998707138 0.0
0.11637900001369417 0.0030319999787025154
0.11637900001369417 0.0
0.12530399998649955 0.003812999988440424
0.12530399998649955 1.00000761449337e-06
0.12232599998242222 0.0027880000125151128
0.12232599998242222 0.0
0.08358299999963492 0.0021059999999124557
0.08358299999963492 1.00000761449337e-06
0.0892580000218004 0.002896999998483807
0.0892580000218004 1.00000761449337e-06
0.09469499997794628 0.0020969999895896763
0.09469499997794628 1.00000761449337e-06
0.10526300000492483 0.0027809999883174896
0.10526300000492483 0.0
0.09516099997563288 0.002107000007526949
0.09516099997563288 0.0
0.10130100001697429 0.0021459999843500555
0.10130100001697429 0.0
0.079117999994196 0.0019399999873712659
0.079117999994196 0.0
0.08862500000395812 0.0025169999862555414
0.08862500000395812 1.00000761449337e-06
0.07523000001674518 0.001832999987527728
0.07523000001674518 1.00000761449337e-06
0.07433800000580959 0.00156899998546578
0.07433800000580959 0.0
0.06140400000731461 0.001736000005621463
0.06140400000731461 0.0
0.06956900001387112 0.0015270000149030238
0.06956900001387112 0.0
0.0631289999873843 0.0017039999947883189
0.0631289999873843 0.0
0.06233300000894815 0.001529999979538843
0.06233300000894815 1.00000761449337e-06
0.0601920000044629 0.0015460000140592456
0.0601920000044629 0.0
0.06129700000747107 0.001588000013725832
0.06129700000747107 0.0
0.07506099998136051 0.0021739999938290566
0.07506099998136051 1.00000761449337e-06
0.07423299999209121 0.002765999990515411
0.07423299999209121 9.999785106629133e-07
0.06278700000257231 0.0017260000167880207
0.06278700000257231 1.00000761449337e-06
0.0629940000071656 0.0015739999944344163
0.0629940000071656 0.0
0.06033500001649372 0.0015370000037364662
0.06033500001649372 1.00000761449337e-06
0.057904999994207174 0.0014659999869763851
0.057904999994207174 1.00000761449337e-06
0.07814999998663552 0.002080999984173104
0.07814999998663552 0.0
0.0775980000034906 0.002027999988058582
0.0775980000034906 1.00000761449337e-06
0.073588999977801 0.0019230000034440309
0.073588999977801 0.0
0.05578799999784678 0.0014500000106636435
0.05578799999784678 0.0
0.055114999995566905 0.0013900000194553286
0.055114999995566905 0.0
0.05747400000109337 0.0014279999886639416
0.05747400000109337 0.0
0.07750999997369945 0.002123000012943521
0.07750999997369945 0.0
0.06956999999238178 0.0014890000165905803
0.06956999999238178 0.0
0.062169000011635944 0.001529999979538843
0.062169000011635944 0.0
0.057855999999446794 0.0014819999923929572
0.057855999999446794 1.00000761449337e-06
0.055709000007482246 0.0014440000231843442
0.055709000007482246 1.00000761449337e-06
0.0552179999940563 0.0013760000001639128
0.0552179999940563 0.0
0.052995000005466864 0.001348999998299405
0.052995000005466864 0.0
0.0525869999837596 0.001340999995591119
0.0525869999837596 0.0
0.052518999989842996 0.0013509999844245613
0.052518999989842996 1.00000761449337e-06
0.05690399999730289 0.0014779999910388142
0.05690399999730289 0.0
0.055927000008523464 0.0014690000098198652
0.055927000008523464 0.0
0.05541600001743063 0.0014260000025387853
0.05541600001743063 0.0
0.054952000005869195 0.0013789999939035624
0.054952000005869195 9.999785106629133e-07
0.05537200000253506 0.001385999988997355
0.05537200000253506 0.0
0.07170800000312738 0.0018609999970067292
0.07170800000312738 1.00000761449337e-06
0.07435400001122616 0.001943999988725409
0.07435400001122616 0.0
0.07368999999016523 0.0019240000110585243
0.07368999999016523 1.00000761449337e-06
0.07361700001638383 0.0019289999909233302
0.07361700001638383 1.00000761449337e-06
0.06815200002165511 0.0017750000115484
0.06815200002165511 1.00000761449337e-06
0.07077099999878556 0.0018580000032670796
0.07077099999878556 0.0
0.07259900000644848 0.00201199998264201
0.07259900000644848 0.0
0.06692799998563714 0.0017799999914132059
0.06692799998563714 0.0
0.053524999995715916 0.001352999999653548
0.053524999995715916 0.0
0.05014600002323277 0.0012550000101327896
0.05014600002323277 9.999785106629133e-07
0.0501700000022538 0.0012519999872893095
0.0501700000022538 0.0
0.050196000025607646 0.001260999997612089
0.050196000025607646 0.0
0.050411000003805384 0.0012949999945703894
0.050411000003805384 0.0
0.05063800001516938 0.0013009999820496887
0.05063800001516938 0.0
0.05056600001989864 0.0012570000253617764
0.05056600001989864 1.00000761449337e-06
0.050764999992679805 0.001336999994236976
0.050764999992679805 0.0
0.050589000020409 0.001281000004382804
0.050589000020409 1.00000761449337e-06
0.05084300000453368 0.0013139999937266111
0.05084300000453368 0.0
0.05277599999681115 0.0013909999979659915
0.05277599999681115 0.0
0.05399399998714216 0.0018890000064857304
0.05399399998714216 1.00000761449337e-06
0.06782499997643754 0.00157200000830926
0.06782499997643754 1.00000761449337e-06
0.06800199998542666 0.001596999994944781
0.06800199998542666 0.0
0.0642750000115484 0.0019580000080168247
0.0642750000115484 0.0
0.07004700001562014 0.0016189999878406525
0.07004700001562014 0.0
0.06674999999813735 0.0015799999819137156
0.06674999999813735 0.0
0.06628299999283627 0.0016499999910593033
0.06628299999283627 0.0
0.06574699998600408 0.0016330000071320683
0.06574699998600408 0.0
0.07170299999415874 0.0016159999941010028
0.07170299999415874 9.999785106629133e-07
0.06634599997778423 0.001635000022361055
0.06634599997778423 1.00000761449337e-06
0.08656799999880604 0.0021539999870583415
0.08656799999880604 1.00000761449337e-06
0.08665599999949336 0.0021929999929852784
0.08665599999949336 0.0
0.10718200000701472 0.0025749999913387
0.10718200000701472 1.00000761449337e-06
0.11437100000330247 0.005994000006467104
0.11437100000330247 0.0
0.09166000000550412 0.0022969999990891665
0.09166000000550412 0.0
0.058237999997800216 0.0014839999785181135
0.058237999997800216 1.00000761449337e-06
0.06025800001225434 0.001576000009663403
0.06025800001225434 9.999785106629133e-07
0.06092499999795109 0.00157200000830926
0.06092499999795109 1.00000761449337e-06
0.05801499998779036 0.0014519999967887998
0.05801499998779036 0.0
0.07373000000370666 0.001896000001579523
0.07373000000370666 0.0
0.06516100000590086 0.0017890000017359853
0.06516100000590086 0.0
0.06157799999346025 0.0016299999842885882
0.06157799999346025 1.00000761449337e-06
0.06391900000744499 0.001740000006975606
0.06391900000744499 0.0
0.06357100000604987 0.0016509999986737967
0.06357100000604987 1.00000761449337e-06
0.05352899999707006 0.0016639999812468886
0.05352899999707006 0.0
0.06325200002174824 0.001795999996829778
0.06325200002174824 1.00000761449337e-06
0.05968800000846386 0.0012969999806955457
0.05968800000846386 0.0
0.06407100000069477 0.00172899998142384
0.06407100000069477 1.00000761449337e-06
0.064059999975143 0.0017330000118818134
0.064059999975143 1.00000761449337e-06
0.0642459999944549 0.0016349999932572246
0.0642459999944549 9.999785106629133e-07
0.04773900000145659 0.0012210000131744891
0.04773900000145659 1.00000761449337e-06
0.050297999987378716 0.0012500000011641532
0.050297999987378716 1.00000761449337e-06
0.06785799999488518 0.0018150000250898302
0.06785799999488518 9.999785106629133e-07
0.07017799999448471 0.0017890000017359853
0.07017799999448471 0.0
0.0681380000023637 0.0017780000052880496
0.0681380000023637 1.00000761449337e-06
0.06783899999572895 0.0017720000178087503
0.06783899999572895 1.00000761449337e-06
0.06809399998746812 0.001724999980069697
0.06809399998746812 1.00000761449337e-06
0.06783300000824966 0.0017219999863300472
0.06783300000824966 0.0
0.06736200000159442 0.0018110000237356871
0.06736200000159442 0.0
0.06817600000067614 0.0017930000030901283
0.06817600000067614 0.0
0.06803900000522844 0.0017949999892152846
0.06803900000522844 0.0
0.0680020000145305 0.0017450000159442425
0.0680020000145305 0.0
0.06762099999468774 0.0017649999936111271
0.06762099999468774 1.00000761449337e-06
0.06810100001166575 0.0017579999985173345
0.06810100001166575 1.00000761449337e-06
0.06815400000778027 0.0018069999932777137
0.06815400000778027 1.00000761449337e-06
0.06743500000447966 0.001783000014256686
0.06743500000447966 0.0
0.06607500000973232 0.0016630000027362257
0.06607500000973232 9.999785106629133e-07
0.06749499999568798 0.0017930000030901283
0.06749499999568798 0.0
0.06766400000196882 0.0018490000220481306
0.06766400000196882 0.0
0.07293100000242703 0.0018930000078398734
0.07293100000242703 0.0
0.07489900002838112 0.0016780000005383044
0.07489900002838112 9.999785106629133e-07
0.10843000002205372 0.0027510000218171626
0.10843000002205372 1.00000761449337e-06
0.12815000000409782 0.0037749999901279807
0.12815000000409782 9.999785106629133e-07
0.14248300000326708 0.008307999989483505
0.14248300000326708 1.00000761449337e-06
0.13104300000122748 0.0033389999880455434
0.13104300000122748 0.0
0.09828299999935552 0.0024200000043492764
0.09828299999935552 1.00000761449337e-06
0.11029000001144595 0.006395000003976747
0.11029000001144595 0.0
0.11585799997556023 0.006576000014320016
0.11585799997556023 1.00000761449337e-06
0.12312100001145154 0.007016999996267259
0.12312100001145154 1.00000761449337e-06
0.09314400001312606 0.0023010000004433095
0.09314400001312606 1.00000761449337e-06
0.0828029999975115 0.0020040000090375543
0.0828029999975115 0.0
0.07250700000440702 0.0017970000044442713
0.07250700000440702 0.0
0.07024000000092201 0.0017470000020693988
0.07024000000092201 1.00000761449337e-06
0.06745999999111518 0.0017219999863300472
0.06745999999111518 0.0
0.07001400002627634 0.001736000005621463
0.07001400002627634 1.00000761449337e-06
0.06252999999560416 0.0015399999974761158
0.06252999999560416 0.0
0.06639600000926293 0.0017149999912362546
0.06639600000926293 1.00000761449337e-06
0.07075800001621246 0.0017949999892152846
0.07075800001621246 9.999785106629133e-07
0.07247199999983422 0.0017669999797362834
0.07247199999983422 0.0
0.06765699997777119 0.0016680000117048621
0.06765699997777119 1.00000761449337e-06
0.07049399998504668 0.0017559999832883477
0.07049399998504668 0.0
0.07235999999102205 0.0017599999846424907
0.07235999999102205 0.0
0.06541300000390038 0.001668999990215525
0.06541300000390038 1.00000761449337e-06
0.06264399999054149 0.0015839999832678586
0.06264399999054149 0.0
0.0672750000085216 0.0016780000005383044
0.0672750000085216 0.0
0.062354000023333356 0.0015549999952781945
0.062354000023333356 0.0
0.06265700000221841 0.0015649999841116369
0.06265700000221841 0.0
0.06209900000249036 0.0015340000099968165
0.06209900000249036 0.0
0.06515300000319257 0.0016340000147465616
0.06515300000319257 0.0
0.06286100001307204 0.0015819999971427023
0.06286100001307204 1.00000761449337e-06
0.06256099999882281 0.0015420000127051026
0.06256099999882281 1.00000761449337e-06
0.0627939999976661 0.0015389999898616225
0.0627939999976661 0.0
0.06829699999070726 0.0017430000007152557
0.06829699999070726 1.00000761449337e-06
0.06775699998252094 0.0016590000013820827
0.06775699998252094 0.0
0.06028199999127537 0.0015750000020489097
0.06028199999127537 9.999785106629133e-07
0.0602319999889005 0.0015359999961219728
0.0602319999889005 1.00000761449337e-06
0.05535899999085814 0.0014179999998304993
0.05535899999085814 9.999785106629133e-07
0.055256999999983236 0.001416000013705343
0.055256999999983236 1.00000761449337e-06
0.06176499999128282 0.0015629999979864806
0.06176499999128282 0.0
0.06014600000344217 0.0015199999907054007
0.06014600000344217 9.999785106629133e-07
0.06012099998770282 0.001504000014392659
0.06012099998770282 1.00000761449337e-06
0.05278800000087358 0.00133200001437217
0.05278800000087358 0.0
0.05759099998977035 0.001441000000340864
0.05759099998977035 9.999785106629133e-07
0.04977000001235865 0.0013420000032056123
0.04977000001235865 0.0
0.050424000015482306 0.0012759999954141676
0.050424000015482306 0.0
0.054831999994348735 0.0014019999944139272
0.054831999994348735 0.0
0.05822099998476915 0.0014729999820701778
0.05822099998476915 0.0
0.05491000000620261 0.0013810000091325492
0.05491000000620261 1.00000761449337e-06
0.05222400001366623 0.0013340000004973263
0.05222400001366623 0.0
0.052666000003227964 0.0013589999871328473
0.052666000003227964 1.00000761449337e-06
0.05278399999951944 0.001336000015726313
0.05278399999951944 0.0
0.05309800000395626 0.0013279999839141965
0.05309800000395626 0.0
0.05510199998388998 0.0014030000020284206
0.05510199998388998 9.999785106629133e-07
0.052718999999342486 0.0013380000018514693
0.052718999999342486 0.0
0.057892999990144745 0.0014519999967887998
0.057892999990144745 0.0
0.05520299999625422 0.001383000024361536
0.05520299999625422 1.00000761449337e-06
0.058120999980019405 0.0015270000149030238
0.058120999980019405 0.0
0.05731999999261461 0.0014230000087991357
0.05731999999261461 0.0
0.0549909999826923 0.0013960000069346279
0.0549909999826923 0.0
0.05747299999347888 0.0015439999988302588
0.05747299999347888 0.0
0.05573599998024292 0.001420999993570149
0.05573599998024292 1.00000761449337e-06
0.0550879999937024 0.0014220000011846423
0.0550879999937024 0.0
0.05781200001365505 0.0014749999972991645
0.05781200001365505 0.0
0.05812500001047738 0.0014260000025387853
0.05812500001047738 0.0
0.05759300000499934 0.0014310000115074217
0.05759300000499934 0.0
0.05250799999339506 0.0013259999977890402
0.05250799999339506 1.00000761449337e-06
0.05488299997523427 0.001420999993570149
0.05488299997523427 1.00000761449337e-06
0.04990499999257736 0.001264999998966232
0.04990499999257736 0.0
0.05259199999272823 0.0013109999999869615
0.05259199999272823 1.00000761449337e-06
0.051878999976906925 0.0013540000072680414
0.051878999976906925 0.0
0.05543400000897236 0.0014220000011846423
0.05543400000897236 1.00000761449337e-06
0.05268900000373833 0.0013380000018514693
0.05268900000373833 0.0
0.05238999999710359 0.0013100000214762986
0.05238999999710359 1.00000761449337e-06
0.0502439999836497 0.0013549999857787043
0.0502439999836497 0.0
0.05581600000732578 0.0014229999796953052
0.05581600000732578 0.0
0.049971000000368804 0.0013159999798517674
0.049971000000368804 0.0
0.05551400000695139 0.0013930000131949782
0.05551400000695139 0.0
0.05251099998713471 0.0013099999923724681
0.05251099998713471 0.0
0.055469000013545156 0.0013880000042263418
0.055469000013545156 0.0
0.05261300000711344 0.0013109999999869615
0.05261300000711344 1.00000761449337e-06
0.054857000010088086 0.0013809999800287187
0.054857000010088086 0.0
0.05773800000315532 0.0014589999918825924
0.05773800000315532 9.999785106629133e-07
0.05768199998419732 0.0014260000025387853
0.05768199998419732 1.00000761449337e-06
0.05005200000596233 0.0012519999872893095
0.05005200000596233 1.00000761449337e-06
0.05060300001059659 0.0013620000099763274
0.05060300001059659 1.00000761449337e-06
0.04992699998547323 0.0012789999891538173
0.04992699998547323 1.00000761449337e-06
0.049767000018619 0.0012529999949038029
0.049767000018619 0.0
0.05496000000857748 0.0013590000162366778
0.05496000000857748 1.00000761449337e-06
0.055481000017607585 0.0014560000272467732
0.055481000017607585 0.0
0.05249500001082197 0.0013130000152159482
0.05249500001082197 1.00000761449337e-06
0.05525299999862909 0.001408000010997057
0.05525299999862909 0.0
0.07487200002651662 0.0020810000132769346
0.07487200002651662 1.00000761449337e-06
0.07823899999493733 0.002023000008193776
0.07823899999493733 9.999785106629133e-07
0.07758699997793883 0.0020120000117458403
0.07758699997793883 0.0
0.07810400001471862 0.001980999979423359
0.07810400001471862 9.999785106629133e-07
0.07072399999015033 0.001896999980090186
0.07072399999015033 9.999785106629133e-07
0.0669179999968037 0.0017590000061318278
0.0669179999968037 1.00000761449337e-06
0.06789799997932278 0.0017649999936111271
0.06789799997932278 1.00000761449337e-06
0.06336099997861311 0.0018810000037774444
0.06336099997861311 0.0
0.07172000000718981 0.00197199999820441
0.07172000000718981 1.00000761449337e-06
0.06518500001402572 0.001748999988194555
0.06518500001402572 0.0
0.06901199999265373 0.0017679999873507768
0.06901199999265373 0.0
0.061325999995460734 0.001404000009642914
0.061325999995460734 0.0
0.06119899998884648 0.0014899999951012433
0.06119899998884648 9.999785106629133e-07
0.05398399999830872 0.0014030000020284206
0.05398399999830872 1.00000761449337e-06
0.05403400000068359 0.001508999994257465
0.05403400000068359 9.999785106629133e-07
0.05815999998594634 0.0014990000054240227
0.05815999998594634 1.00000761449337e-06
0.05722300001070835 0.0014629999932367355
0.05722300001070835 1.00000761449337e-06
0.0713300000061281 0.0018330000166315585
0.0713300000061281 0.0
0.07085499999811873 0.0019230000034440309
0.07085499999811873 0.0
0.0709060000081081 0.0019080000056419522
0.0709060000081081 0.0
0.05513900000369176 0.0013890000118408352
0.05513900000369176 0.0
0.05646100000012666 0.0014340000052470714
0.05646100000012666 0.0
0.05751700000837445 0.0014270000101532787
0.05751700000837445 0.0
0.07781499999691732 0.0020969999895896763
0.07781499999691732 0.0
0.07797499999287538 0.002080999984173104
0.07797499999287538 0.0
0.0734470000024885 0.0018819999822881073
0.0734470000024885 0.0
0.07433099998161197 0.001955000014277175
0.07433099998161197 0.0
0.07703899999614805 0.0019970000139437616
0.07703899999614805 0.0
0.07899300000281073 0.002130000008037314
0.07899300000281073 0.0
0.0747620000038296 0.002011000004131347
0.0747620000038296 0.0
0.05277199999545701 0.0013150000013411045
0.05277199999545701 0.0
INFO:sc2.protocol:Client status changed to Status.ended (was Status.in_game)
INFO:root:Result for player 2 - Bot(Race.Terran, <bots.Showing_bot.speedBot.MarinBot object at 0x7fb4ac693c18>): Defeat
INFO:sc2.protocol:Client status changed to Status.ended (was Status.in_game)
INFO:root:Result for player 1 - Bot(Race.Terran, <bots.poscat.poscat_bot.POSCATBot object at 0x7fb4aa072f60>): Victory
INFO:sc2.client:Saved replay to outs/2020-01-17T11-28-03/replays/poscat-showing_bot/poscat-showing_bot-2.SC2Replay
INFO:sc2.protocol:Client status changed to Status.launched (was Status.ended)
INFO:sc2.protocol:Client status changed to Status.quit (was Status.launched)
INFO:sc2.sc2process:kill_switch: Process cleanup
INFO:sc2.sc2process:Cleaning up...
INFO:sc2.sc2process:Cleanup complete
INFO:sc2.sc2process:Cleaning up...
INFO:sc2.sc2process:Cleanup complete
INFO:sc2.protocol:Client status changed to Status.launched (was Status.ended)
INFO:sc2.protocol:Cannot receive: Connection already closed.
INFO:sc2.sc2process:kill_switch: Process cleanup
INFO:sc2.sc2process:Cleaning up...
INFO:sc2.sc2process:Cleanup complete
INFO:sc2.sc2process:Cleaning up...
INFO:sc2.sc2process:Cleanup complete


## STDERR ##

Version: B75689 (SC2.4.10)
Build: Aug 12 2019 17:16:57
Command Line: '"/home/hspark8312/StarCraftII/Versions/Base75689/SC2_x64" -listen 127.0.0.1 -port 16957 -displayMode 0 -dataDir /home/hspark8312/StarCraftII -tempDir /tmp/SC2__sk__6or'
Starting up...
Startup Phase 1 complete
Version: B75689 (SC2.4.10)
Build: Aug 12 2019 17:16:57
Command Line: '"/home/hspark8312/StarCraftII/Versions/Base75689/SC2_x64" -listen 127.0.0.1 -port 18561 -displayMode 0 -dataDir /home/hspark8312/StarCraftII -tempDir /tmp/SC2_w4rf0si0'
Starting up...
Startup Phase 1 complete
Startup Phase 2 complete
Creating stub renderer...
Listening on: 127.0.0.1:16957
Startup Phase 3 complete. Ready for commands.
Startup Phase 2 complete
Creating stub renderer...
Listening on: 127.0.0.1:18561
Startup Phase 3 complete. Ready for commands.
ConnectHandler: Request from 127.0.0.1:58173 accepted
ReadyHandler: 127.0.0.1:58173 ready
Requesting to join a multiplayer game
Configuring interface options
Configure: raw interface enabled
Configure: feature layer interface enabled
Configure: score interface enabled
Configure: render interface disabled
ConnectHandler: Request from 127.0.0.1:58174 accepted
ReadyHandler: 127.0.0.1:58174 ready
Requesting to join a multiplayer game
Configuring interface options
Configure: raw interface enabled
Configure: feature layer interface enabled
Configure: score interface enabled
Configure: render interface disabled
Create game with map path: NCFellowship-2019_m1_v6.SC2Map
Attempting to join a game with the map: NCFellowship-2019_m1_v6.SC2Map
Game has started.
Using default stable ids, none found at: /home/hspark8312/StarCraftII/stableid.json
Successfully loaded stable ids: GameData\stableid.json
Sending ResponseJoinGame
Game has started.
Using default stable ids, none found at: /home/hspark8312/StarCraftII/stableid.json
Successfully loaded stable ids: GameData\stableid.json
Sending ResponseJoinGame
RequestQuit command received.
Closing Application...
/home/hspark8312/anaconda3/envs/sc2/lib/python3.6/importlib/_bootstrap.py:219: RuntimeWarning: numpy.ufunc size changed, may indicate binary incompatibility. Expected 192 from C header, got 216 from PyObject
  return f(*args, **kwds)
/home/hspark8312/anaconda3/envs/sc2/lib/python3.6/importlib/_bootstrap.py:219: RuntimeWarning: numpy.ufunc size changed, may indicate binary incompatibility. Expected 192 from C header, got 216 from PyObject
  return f(*args, **kwds)
/home/hspark8312/anaconda3/envs/sc2/lib/python3.6/site-packages/tensorboard/compat/tensorflow_stub/dtypes.py:541: FutureWarning: Passing (type, 1) or '1type' as a synonym of type is deprecated; in a future version of numpy, it will be understood as (type, (1,)) / '(1,)type'.
  _np_qint8 = np.dtype([("qint8", np.int8, 1)])
/home/hspark8312/anaconda3/envs/sc2/lib/python3.6/site-packages/past/builtins/misc.py:45: DeprecationWarning: the imp module is deprecated in favour of importlib; see the module's documentation for alternative uses
  from imp import reload
/mnt/d/sc2minigame-eval-2020-01-09/bots/Showing_bot/speedBot.py:1643: RuntimeWarning: coroutine 'TerreinManager.debug' was never awaited
  self.terrein_manager.debug()
