## STDOUT ##

[[92mINFO[0m] SC2 4.9.0 용 패치 적용
패치 sc2.ids.ability_id
패치 sc2.game_state
패치 sc2.bot_ai
패치 sc2.client
패치 sc2.controller
패치 sc2.main
INFO:root:Failed to import cuda module: No module named 'caffe2.python.caffe2_pybind11_state_gpu'
INFO:root:Failed to import AMD hip module: No module named 'caffe2.python.caffe2_pybind11_state_hip'
WARNING:root:This caffe2 python run does not have GPU support. Will run in CPU only mode.
cpu
INFO:sc2.protocol:Client status changed to Status.launched (was None)
INFO:sc2.protocol:Client status changed to Status.launched (was None)
INFO:sc2_patch.sc2_patch_490.controller:Creating new game
INFO:sc2_patch.sc2_patch_490.controller:Map:     NCFellowship-2019_m1_v6
INFO:sc2_patch.sc2_patch_490.controller:Players: Bot(Race.Terran, <bots.poscat.poscat_bot.POSCATBot object at 0x7f8894278f60>), Bot(Race.Terran, <bots.Showing_bot.speedBot.MarinBot object at 0x7f8896893c18>)
INFO:sc2.protocol:Client status changed to Status.init_game (was Status.launched)
INFO:sc2.protocol:Client status changed to Status.in_game (was None)
INFO:root:Player 2 - Bot(Race.Terran, <bots.Showing_bot.speedBot.MarinBot object at 0x7f8896893c18>)
TEST: 2, <bots.Showing_bot.speedBot.MarinBot object at 0x7f8896893c18>
INFO:sc2.protocol:Client status changed to Status.in_game (was None)
INFO:root:Player 1 - Bot(Race.Terran, <bots.poscat.poscat_bot.POSCATBot object at 0x7f8894278f60>)
TEST: 1, <bots.poscat.poscat_bot.POSCATBot object at 0x7f8894278f60>
load model: bots/Showing_bot/models/model-89.pt
create new model
0.0443340000056196 0.0027390000177547336
0.0443340000056196 9.999785106629133e-07
0.045091999985743314 0.0023480000090785325
0.045091999985743314 9.999785106629133e-07
0.045018000004347414 0.0012879999994765967
0.045018000004347414 0.0
0.04451499998685904 0.001631999999517575
0.04451499998685904 1.00000761449337e-06
0.044141999998828396 0.0011139999842271209
0.044141999998828396 0.0
0.044351000018650666 0.001117000007070601
0.044351000018650666 1.00000761449337e-06
0.044301999994786456 0.001078999979654327
0.044301999994786456 0.0
0.04503899998962879 0.001352999999653548
0.04503899998962879 0.0
0.04433799997786991 0.0010820000024978071
0.04433799997786991 0.0
0.04527200001757592 0.0011240000021643937
0.04527200001757592 0.0
0.04484399998909794 0.0011479999811854213
0.04484399998909794 1.00000761449337e-06
0.044568999990588054 0.0012759999954141676
0.044568999990588054 9.999785106629133e-07
0.04596700001275167 0.0011240000021643937
0.04596700001275167 0.0
0.04402400000253692 0.0011139999842271209
0.04402400000253692 0.0
0.04425100001390092 0.0011139999842271209
0.04425100001390092 1.00000761449337e-06
0.044476999988546595 0.0010820000024978071
0.044476999988546595 0.0
0.04419499999494292 0.0010950000141747296
0.04419499999494292 9.999785106629133e-07
0.04466000001411885 0.0011229999945499003
0.04466000001411885 1.00000761449337e-06
0.04478599998401478 0.0011520000116433948
0.04478599998401478 0.0
0.044732000009389594 0.0011399999784771353
0.044732000009389594 0.0
0.046959999977843836 0.0013230000040493906
0.046959999977843836 0.0
0.04741999998805113 0.0012270000006537884
0.04741999998805113 0.0
0.04722300000139512 0.0012549999810289592
0.04722300000139512 0.0
0.0470389999973122 0.0012849999766331166
0.0470389999973122 0.0
0.04681400000117719 0.0011749999830499291
0.04681400000117719 0.0
0.04727500001899898 0.001205000007757917
0.04727500001899898 0.0
0.04737099999329075 0.001520999998319894
0.04737099999329075 0.0
0.04706199999782257 0.0012719999940600246
0.04706199999782257 0.0
0.04718600001069717 0.0012540000025182962
0.04718600001069717 0.0
0.04719799998565577 0.0012449999921955168
0.04719799998565577 0.0
0.04660400000284426 0.0011559999838937074
0.04660400000284426 1.00000761449337e-06
0.047006000007968396 0.0012849999766331166
0.047006000007968396 1.00000761449337e-06
0.04639800000586547 0.001185000000987202
0.04639800000586547 1.00000761449337e-06
0.046566000004531816 0.0011280000035185367
0.046566000004531816 0.0
0.04646300000604242 0.001201999984914437
0.04646300000604242 1.00000761449337e-06
0.04939800000283867 0.002847999974619597
0.04939800000283867 0.0
0.04996299999766052 0.001352999999653548
0.04996299999766052 0.0
0.04927099999622442 0.0011949999898206443
0.04927099999622442 0.0
0.049738000001525506 0.0012700000079348683
0.049738000001525506 0.0
0.05063699997845106 0.001269000000320375
0.05063699997845106 9.999785106629133e-07
changed strategy
0.06611599997268058 0.0017050000024028122
0.06611599997268058 0.0
0.0695490000071004 0.0021749999723397195
0.0695490000071004 0.0
0.067546999984188 0.0018440000130794942
0.067546999984188 0.0
0.06914400000823662 0.0018109999946318567
0.06914400000823662 1.00000761449337e-06
0.04924399999435991 0.001209999987622723
0.04924399999435991 0.0
0.07128800000646152 0.0020019999938085675
0.07128800000646152 0.0
0.052488000015728176 0.0013319999852683395
0.052488000015728176 0.0
0.06136200000764802 0.0020250000234227628
0.06136200000764802 0.0
0.06219199998304248 0.0013540000072680414
0.06219199998304248 0.0
0.0649730000004638 0.0014950000040698797
0.0649730000004638 0.0
0.07354900002246723 0.003435000020544976
0.07354900002246723 1.00000761449337e-06
0.07634699999471195 0.004379999998491257
0.07634699999471195 0.0
0.06839599998784252 0.004862000001594424
0.06839599998784252 0.0
0.0819189999892842 0.002478999987943098
0.0819189999892842 0.0
0.060129999998025596 0.0014870000013615936
0.060129999998025596 1.00000761449337e-06
0.05983199999900535 0.0014990000054240227
0.05983199999900535 0.0
0.08026499999687076 0.0020880000083707273
0.08026499999687076 1.00000761449337e-06
0.0737340000050608 0.0020899999944958836
0.0737340000050608 0.0
0.08406799999647774 0.002027999988058582
0.08406799999647774 1.00000761449337e-06
0.08369699999457225 0.0022210000024642795
0.08369699999457225 0.0
0.07600200001616031 0.002160999982152134
0.07600200001616031 0.0
0.07740700000431389 0.0021019999985583127
0.07740700000431389 0.0
0.06923999998252839 0.0020010000152979046
0.06923999998252839 0.0
0.0762420000100974 0.002074999996693805
0.0762420000100974 1.00000761449337e-06
0.07430099998600781 0.0019580000080168247
0.07430099998600781 0.0
0.06850700001814403 0.001816999982111156
0.06850700001814403 0.0
0.06715200000326149 0.0014509999891743064
0.06715200000326149 1.00000761449337e-06
0.07625300000654534 0.0020040000090375543
0.07625300000654534 0.0
0.06733300001360476 0.0014179999998304993
0.06733300001360476 0.0
0.07280399999581277 0.0019209999882150441
0.07280399999581277 0.0
0.07001699999091215 0.0018820000113919377
0.07001699999091215 0.0
0.07943900002283044 0.0021100000012665987
0.07943900002283044 1.00000761449337e-06
0.07531600000220351 0.002062999992631376
0.07531600000220351 1.00000761449337e-06
0.07334199998877011 0.002055999997537583
0.07334199998877011 0.0
0.07530200001201592 0.0020129999902565032
0.07530200001201592 0.0
0.07005299997399561 0.001871000014944002
0.07005299997399561 0.0
0.07380500002182089 0.0019029999966733158
0.07380500002182089 1.00000761449337e-06
0.05507599998963997 0.0013929999840911478
0.05507599998963997 0.0
0.05517599999438971 0.0018229999986942858
0.05517599999438971 1.00000761449337e-06
0.05283699999563396 0.0013540000072680414
0.05283699999563396 0.0
0.05240600000252016 0.0013740000140387565
0.05240600000252016 0.0
0.0499089999939315 0.0013929999840911478
0.0499089999939315 1.00000761449337e-06
0.04757900000549853 0.0013139999937266111
0.04757900000549853 0.0
0.047408999991603196 0.0012839999981224537
0.047408999991603196 0.0
0.046944000001531094 0.001273999980185181
0.046944000001531094 0.0
0.047495000006165355 0.0017090000037569553
0.047495000006165355 0.0
0.047698000009404495 0.001736000005621463
0.047698000009404495 0.0
0.04754200001480058 0.0015380000113509595
0.04754200001480058 0.0
0.0473459999775514 0.0012940000160597265
0.0473459999775514 0.0
0.04723100000410341 0.0013009999820496887
0.04723100000410341 1.00000761449337e-06
0.04482099998858757 0.0015039999852888286
0.04482099998858757 0.0
0.04498399997828528 0.0013749999925494194
0.04498399997828528 1.00000761449337e-06
0.04472800000803545 0.0012599999899975955
0.04472800000803545 1.00000761449337e-06
0.0449359999911394 0.0012390000047162175
0.0449359999911394 1.00000761449337e-06
0.04458600000361912 0.0014390000142157078
0.04458600000361912 0.0
0.045477000006940216 0.0013869999966118485
0.045477000006940216 1.00000761449337e-06
0.04552200000034645 0.0012369999894872308
0.04552200000034645 0.0
0.04505599997355603 0.0012660000065807253
0.04505599997355603 0.0
0.04475299999467097 0.0012799999967683107
0.04475299999467097 0.0
0.045205999980680645 0.0012540000025182962
0.045205999980680645 1.00000761449337e-06
0.047143999981926754 0.001385999988997355
0.047143999981926754 1.00000761449337e-06
0.05930399999488145 0.0016389999946113676
0.05930399999488145 0.0
0.04676100000506267 0.0012679999927058816
0.04676100000506267 0.0
0.06519500000285916 0.0018109999946318567
0.06519500000285916 1.00000761449337e-06
0.06267800001660362 0.0016860000032465905
0.06267800001660362 0.0
0.062424999981885776 0.0016490000125486404
0.062424999981885776 0.0
0.05733199999667704 0.00185500000952743
0.05733199999667704 9.999785106629133e-07
0.06423800002085045 0.001643000025069341
0.06423800002085045 0.0
0.047374999994644895 0.0011959999974351376
0.047374999994644895 0.0
0.0669589999888558 0.001791999995475635
0.0669589999888558 0.0
0.04695499999797903 0.0011919999960809946
0.04695499999797903 0.0
0.04713900000206195 0.001353999978164211
0.04713900000206195 0.0
0.06184400001075119 0.0017850000003818423
0.06184400001075119 9.999785106629133e-07
0.06278099998598918 0.0016410000098403543
0.06278099998598918 0.0
0.05896299998858012 0.001824999984819442
0.05896299998858012 9.999785106629133e-07
0.05526999998255633 0.0015180000045802444
0.05526999998255633 1.00000761449337e-06
0.07188299999688752 0.0021520000009331852
0.07188299999688752 1.00000761449337e-06
0.06616800001938827 0.0017700000025797635
0.06616800001938827 0.0
0.06729300000006333 0.0015690000145696104
0.06729300000006333 0.0
0.06618600001093 0.0015140000032261014
0.06618600001093 0.0
0.05230500001925975 0.0015629999979864806
0.05230500001925975 0.0
0.05207499998505227 0.0013760000001639128
0.05207499998505227 0.0
0.052155999990645796 0.0014030000020284206
0.052155999990645796 0.0
0.05255500000203028 0.0014399999927263707
0.05255500000203028 0.0
0.04988999999477528 0.0013719999988097697
0.04988999999477528 0.0
0.04728500000783242 0.0013269999762997031
0.04728500000783242 1.00000761449337e-06
0.04739199997857213 0.0013250000192783773
0.04739199997857213 0.0
0.047026999993249774 0.0012960000021848828
0.047026999993249774 0.0
0.04760100002749823 0.0013050000125076622
0.04760100002749823 0.0
0.04772000000230037 0.0012989999959245324
0.04772000000230037 0.0
0.04955799999879673 0.001436999998986721
0.04955799999879673 0.0
0.04923499998403713 0.0013179999950807542
0.04923499998403713 0.0
0.04821099998662248 0.0012960000021848828
0.04821099998662248 0.0
0.048261000018101186 0.0013099999923724681
0.048261000018101186 0.0
0.049811000004410744 0.0013669999898411334
0.049811000004410744 0.0
0.05152700000326149 0.0013329999928828329
0.05152700000326149 0.0
0.05137800000375137 0.0013829999952577055
0.05137800000375137 0.0
0.0513949999876786 0.0013749999925494194
0.0513949999876786 1.00000761449337e-06
0.04999200001475401 0.001357000001007691
0.04999200001475401 9.999785106629133e-07
0.050319000001763925 0.001508999994257465
0.050319000001763925 0.0
0.04970299999695271 0.001344999996945262
0.04970299999695271 0.0
0.04984900000272319 0.0013209999888204038
0.04984900000272319 1.00000761449337e-06
0.04953699998441152 0.0013359999866224825
0.04953699998441152 9.999785106629133e-07
0.05602799999178387 0.0018360000103712082
0.05602799999178387 1.00000761449337e-06
0.06314400001429021 0.0018530000234022737
0.06314400001429021 0.0
0.05037699997774325 0.0013050000125076622
0.05037699997774325 1.00000761449337e-06
0.05271399999037385 0.0014139999984763563
0.05271399999037385 0.0
0.05260700001963414 0.0013259999977890402
0.05260700001963414 0.0
0.052349000005051494 0.0013329999928828329
0.052349000005051494 1.00000761449337e-06
0.05441199999768287 0.001408000010997057
0.05441199999768287 0.0
0.05716900000697933 0.0015079999866429716
0.05716900000697933 0.0
0.056271999987075105 0.0014099999971222132
0.056271999987075105 0.0
0.059210000006714836 0.0014979999978095293
0.059210000006714836 0.0
0.06096699999761768 0.0017610000213608146
0.06096699999761768 0.0
0.05889400001615286 0.0015460000140592456
0.05889400001615286 9.999785106629133e-07
0.05905099998926744 0.0015030000067781657
0.05905099998926744 0.0
0.059932999982265756 0.00149200001033023
0.059932999982265756 1.00000761449337e-06
0.058287000021664426 0.0014830000000074506
0.058287000021664426 0.0
0.05719700001645833 0.0014389999851118773
0.05719700001645833 0.0
0.056945999996969476 0.0016870000108610839
0.056945999996969476 0.0
0.05875500000547618 0.002398000011453405
0.05875500000547618 9.999785106629133e-07
0.07974100002320483 0.002677000011317432
0.07974100002320483 0.0
0.06000399999902584 0.001758000027621165
0.06000399999902584 0.0
0.08118300000205636 0.00527900000452064
0.08118300000205636 0.0
0.08606800000416115 0.0053699999989476055
0.08606800000416115 0.0
0.0767819999891799 0.002226999989943579
0.0767819999891799 0.0
0.08578900000429712 0.0019130000146105886
0.08578900000429712 0.0
0.05929100001230836 0.001576999988174066
0.05929100001230836 1.00000761449337e-06
0.07445499999448657 0.0020249999943189323
0.07445499999448657 1.00000761449337e-06
0.07455600000685081 0.002130000008037314
0.07455600000685081 0.0
0.07843900000443682 0.0022779999999329448
0.07843900000443682 0.0
0.07719899999210611 0.002035999990766868
0.07719899999210611 9.999785106629133e-07
0.07234300000709482 0.0018949999939650297
0.07234300000709482 0.0
0.06426099999225698 0.0018949999939650297
0.06426099999225698 0.0
0.06808599998475984 0.0018689999997150153
0.06808599998475984 0.0
0.06589600001461804 0.0017639999859966338
0.06589600001461804 1.00000761449337e-06
0.06382300000404939 0.0018060000147670507
0.06382300000404939 0.0
0.06370200001401827 0.0017269999952986836
0.06370200001401827 1.00000761449337e-06
0.06270199999562465 0.0012590000114869326
0.06270199999562465 1.00000761449337e-06
0.0552179999940563 0.001719000021694228
0.0552179999940563 0.0
0.06241700000828132 0.0017310000257566571
0.06241700000828132 9.999785106629133e-07
0.057052999996813014 0.0018029999919235706
0.057052999996813014 0.0
0.05202699999790639 0.001277999981539324
0.05202699999790639 0.0
0.04730499998549931 0.0014269999810494483
0.04730499998549931 0.0
0.04970600001979619 0.0012949999945703894
0.04970600001979619 0.0
0.05391099999542348 0.001984999980777502
0.05391099999542348 1.00000761449337e-06
0.050189999979920685 0.0013850000104866922
0.050189999979920685 1.00000761449337e-06
0.0501139999832958 0.0013749999925494194
0.0501139999832958 9.999785106629133e-07
0.04949999999371357 0.0013319999852683395
0.04949999999371357 1.00000761449337e-06
0.04972899999120273 0.001281000004382804
0.04972899999120273 0.0
0.0639110000047367 0.0017300000181421638
0.0639110000047367 0.0
0.06774700002279133 0.0018379999964963645
0.06774700002279133 0.0
0.06969499998376705 0.0019819999870378524
0.06969499998376705 0.0
0.0712280000152532 0.001947000011568889
0.0712280000152532 0.0
0.06806999997934327 0.0017590000061318278
0.06806999997934327 0.0
0.051647999993292615 0.0012929999793414026
0.051647999993292615 0.0
0.052690999989863485 0.0013269999762997031
0.052690999989863485 1.00000761449337e-06
0.04963499997393228 0.001244000013684854
0.04963499997393228 0.0
0.04958500000066124 0.0012590000114869326
0.04958500000066124 1.00000761449337e-06
0.04884000000311062 0.0012379999971017241
0.04884000000311062 0.0
0.05706000002101064 0.0017459999944549054
0.05706000002101064 0.0
0.06379200000083074 0.0017899999802466482
0.06379200000083074 0.0
0.06725900000310503 0.0015940000012051314
0.06725900000310503 0.0
0.04707199998665601 0.0012200000055599958
0.04707199998665601 1.00000761449337e-06
0.0573840000142809 0.0015909999783616513
0.0573840000142809 0.0
0.057751999993342906 0.0016069999837782234
0.057751999993342906 0.0
0.05874999999650754 0.0016170000017154962
0.05874999999650754 0.0
0.05902899999637157 0.0016100000066217035
0.05902899999637157 1.00000761449337e-06
0.05745100000058301 0.0016199999954551458
0.05745100000058301 0.0
0.0524159999913536 0.0014220000011846423
0.0524159999913536 0.0
0.05883999998332001 0.0014789999986533076
0.05883999998332001 0.0
0.0578889999887906 0.001556000002892688
0.0578889999887906 1.00000761449337e-06
0.04286700001102872 0.001117999985581264
0.04286700001102872 0.0
0.057858999993186444 0.001600999996298924
0.057858999993186444 0.0
0.055828999989898875 0.0016459999897051603
0.055828999989898875 1.00000761449337e-06
0.05491999999503605 0.0016100000066217035
0.05491999999503605 0.0
0.0558479999890551 0.001576000009663403
0.0558479999890551 9.999785106629133e-07
0.041890000022249296 0.0010560000082477927
0.041890000022249296 0.0
0.05759100001887418 0.0016780000005383044
0.05759100001887418 0.0
0.05794300002162345 0.0015710000006947666
0.05794300002162345 1.00000761449337e-06
0.061397000012220815 0.0017729999963194132
0.061397000012220815 0.0
0.05998400002135895 0.0015610000118613243
0.05998400002135895 9.999785106629133e-07
0.06107900000642985 0.0016770000220276415
0.06107900000642985 0.0
0.05714699998497963 0.001568000006955117
0.05714699998497963 0.0
0.05951799999456853 0.0016460000188089907
0.05951799999456853 0.0
0.05573499997262843 0.0015509999939240515
0.05573499997262843 0.0
0.053834999998798594 0.0014740000187885016
0.053834999998798594 0.0
0.056619999988470227 0.0015490000077988952
0.056619999988470227 0.0
0.05649700001231395 0.0014979999978095293
0.05649700001231395 9.999785106629133e-07
0.05512500001350418 0.0016069999837782234
0.05512500001350418 1.00000761449337e-06
0.059341999993193895 0.0016750000067986548
0.059341999993193895 1.00000761449337e-06
0.050027000019326806 0.0015629999979864806
0.050027000019326806 0.0
0.07973100000526756 0.002430000022286549
0.07973100000526756 0.0
0.07264500000746921 0.0014739999896846712
0.07264500000746921 0.0
0.0566019999969285 0.0014309999824035913
0.0566019999969285 1.00000761449337e-06
0.05938000002061017 0.0015739999944344163
0.05938000002061017 0.0
0.05981400000746362 0.0014789999986533076
0.05981400000746362 0.0
0.05976499998359941 0.0015300000086426735
0.05976499998359941 0.0
0.06213000000570901 0.0018669999844860286
0.06213000000570901 0.0
0.06299800000851974 0.0019389999797567725
0.06299800000851974 1.00000761449337e-06
0.08187200000975281 0.002171000000089407
0.08187200000975281 0.0
0.08021899999585003 0.00253800000064075
0.08021899999585003 1.00000761449337e-06
0.07259900000644848 0.002134000009391457
0.07259900000644848 9.999785106629133e-07
0.05914699999266304 0.0014870000013615936
0.05914699999266304 1.00000761449337e-06
0.07224999999743886 0.002158000017516315
0.07224999999743886 0.0
0.07684000002336688 0.002426000020932406
0.07684000002336688 1.00000761449337e-06
0.07128599999123253 0.0024979999870993197
0.07128599999123253 9.999785106629133e-07
0.06814099999610335 0.0020209999929647893
0.06814099999610335 0.0
0.06265499998698942 0.0016509999986737967
0.06265499998698942 0.0
0.06014000001596287 0.0017209999787155539
0.06014000001596287 0.0
0.06483499999740161 0.0017670000088401139
0.06483499999740161 0.0
0.06197999999858439 0.0017809999990276992
0.06197999999858439 0.0
0.06177800000295974 0.0014589999918825924
0.06177800000295974 0.0
0.060335999995004386 0.0018709999858401716
0.060335999995004386 9.999785106629133e-07
0.060692999977618456 0.0017180000140797347
0.060692999977618456 0.0
0.0652389999886509 0.0017740000039339066
0.0652389999886509 0.0
0.06273100001271814 0.0016620000242255628
0.06273100001271814 0.0
0.053770999977132306 0.0013990000006742775
0.053770999977132306 1.00000761449337e-06
0.06230399999185465 0.0016069999837782234
0.06230399999185465 1.00000761449337e-06
0.05895700000110082 0.0016579999937675893
0.05895700000110082 1.00000761449337e-06
0.0659250000026077 0.0016719999839551747
0.0659250000026077 0.0
0.06297500000800937 0.0019420000026002526
0.06297500000800937 0.0
0.06029799999669194 0.001832999987527728
0.06029799999669194 0.0
0.061658999999053776 0.0018320000090170652
0.061658999999053776 0.0
0.0639859999937471 0.0018540000019129366
0.0639859999937471 9.999785106629133e-07
0.06657799999811687 0.0017269999952986836
0.06657799999811687 0.0
0.050057000014930964 0.0012199999764561653
0.050057000014930964 0.0
0.050466999993659556 0.0012660000065807253
0.050466999993659556 0.0
0.049119000002974644 0.001273000001674518
0.049119000002974644 0.0
0.049826999980723485 0.0012630000128410757
0.049826999980723485 0.0
0.0526829999871552 0.001344999996945262
0.0526829999871552 1.00000761449337e-06
0.05472600000211969 0.0013939999917056412
0.05472600000211969 0.0
0.0620350000099279 0.0019610000017564744
0.0620350000099279 1.00000761449337e-06
0.07553400000324473 0.004370999988168478
0.07553400000324473 1.00000761449337e-06
0.06966400000965223 0.002004999987548217
0.06966400000965223 1.00000761449337e-06
0.09899500000756234 0.0058760000101756305
0.09899500000756234 9.999785106629133e-07
0.07791300001554191 0.002152999979443848
0.07791300001554191 1.00000761449337e-06
0.07879400000092573 0.001931000006152317
0.07879400000092573 0.0
0.08134199999039993 0.004772999993292615
0.08134199999039993 0.0
0.07660899998154491 0.0019299999985378236
0.07660899998154491 0.0
0.07794899999862537 0.0021339999802876264
0.07794899999862537 9.999785106629133e-07
0.07711299997754395 0.002023000008193776
0.07711299997754395 0.0
0.07555199999478646 0.002250999998068437
0.07555199999478646 1.00000761449337e-06
0.07382399999187328 0.0022760000138077885
0.07382399999187328 0.0
0.07471200000145473 0.0020530000037979335
0.07471200000145473 0.0
0.0742739999841433 0.002064000000245869
0.0742739999841433 0.0
0.0727539999934379 0.0018450000206939876
0.0727539999934379 0.0
0.059464999998454005 0.0014770000125281513
0.059464999998454005 1.00000761449337e-06
0.054226000007474795 0.001484000007621944
0.054226000007474795 0.0
0.05507400000351481 0.00156899998546578
0.05507400000351481 0.0
0.055560999986482784 0.0014730000111740083
0.055560999986482784 0.0
0.054709000018192455 0.001416999992216006
0.054709000018192455 0.0
0.054318000009516254 0.0013990000006742775
0.054318000009516254 1.00000761449337e-06
0.05430999997770414 0.0014059999957680702
0.05430999997770414 0.0
0.05445299998973496 0.001436999998986721
0.05445299998973496 9.999785106629133e-07
0.05502699999487959 0.001432000019121915
0.05502699999487959 9.999785106629133e-07
0.054555000009713694 0.0014099999971222132
0.054555000009713694 0.0
0.0549050000263378 0.0013869999966118485
0.0549050000263378 0.0
0.0556090000027325 0.001463000022340566
0.0556090000027325 0.0
0.054272000008495525 0.0014190000074449927
0.054272000008495525 0.0
0.056998000014573336 0.0014300000038929284
0.056998000014573336 1.00000761449337e-06
0.05684599999221973 0.0014629999932367355
0.05684599999221973 9.999785106629133e-07
0.05450699999346398 0.0013749999925494194
0.05450699999346398 0.0
0.054853999987244606 0.0014700000174343586
0.054853999987244606 0.0
0.05432900000596419 0.0013900000194553286
0.05432900000596419 0.0
0.05462999999872409 0.0015100000018719584
0.05462999999872409 0.0
0.054466000001411885 0.001385999988997355
0.054466000001411885 9.999785106629133e-07
0.054170999996131286 0.001412999990861863
0.054170999996131286 1.00000761449337e-06
0.07358799999929033 0.00197800001478754
0.07358799999929033 1.00000761449337e-06
0.07367500002146699 0.0018780000100377947
0.07367500002146699 1.00000761449337e-06
0.06762400001753122 0.0014719999744556844
0.06762400001753122 1.00000761449337e-06
0.08594399999128655 0.0021019999985583127
0.08594399999128655 1.00000761449337e-06
0.08511399998678826 0.0024810000031720847
0.08511399998678826 0.0
0.10627499999827705 0.0032309999805875123
0.10627499999827705 1.6000005416572094e-05
0.10158600000431761 0.0026230000075884163
0.10158600000431761 1.00000761449337e-06
0.08023000002140179 0.0020450000010896474
0.08023000002140179 9.999785106629133e-07
0.08127799999783747 0.002003999979933724
0.08127799999783747 0.0
0.07947200001217425 0.0020059999951627105
0.07947200001217425 0.0
0.07712999999057502 0.001955999992787838
0.07712999999057502 0.0
0.0778639999916777 0.002095999981975183
0.0778639999916777 0.0
0.08940799999982119 0.0023899999796412885
0.08940799999982119 0.0
0.09406499998294748 0.0026889999862760305
0.09406499998294748 9.999785106629133e-07
0.08741199999349192 0.00258100000792183
0.08741199999349192 1.00000761449337e-06
0.09479200001806021 0.0027550000231713057
0.09479200001806021 1.00000761449337e-06
0.08549199998378754 0.0025759999989531934
0.08549199998378754 0.0
0.07663200001115911 0.002068000001600012
0.07663200001115911 1.00000761449337e-06
0.05835500001558103 0.0016500000201631337
0.05835500001558103 1.00000761449337e-06
0.0638219999964349 0.0017499999958090484
0.0638219999964349 1.00000761449337e-06
0.06660900000133552 0.0017430000007152557
0.06660900000133552 1.00000761449337e-06
0.07309199997689575 0.0021650000126101077
0.07309199997689575 0.0
0.08736900001531467 0.0028030000103171915
0.08736900001531467 9.999785106629133e-07
0.09321800002362579 0.002529999997932464
0.09321800002362579 1.00000761449337e-06
0.09740400000009686 0.002754999994067475
0.09740400000009686 0.0
0.07763600000180304 0.002080999984173104
0.07763600000180304 0.0
0.07628599999588914 0.0019549999851733446
0.07628599999588914 9.999785106629133e-07
0.07884400000330061 0.0019979999924544245
0.07884400000330061 0.0
0.08157500001834705 0.0018850000051315874
0.08157500001834705 9.999785106629133e-07
0.07365800000843592 0.0016739999991841614
0.07365800000843592 1.00000761449337e-06
0.06872599999769591 0.0019329999922774732
0.06872599999769591 0.0
0.06961500001489185 0.0018850000051315874
0.06961500001489185 1.00000761449337e-06
0.06960499999695458 0.0018599999893922359
0.06960499999695458 9.999785106629133e-07
0.07058999998844229 0.0018399999826215208
0.07058999998844229 0.0
0.0685570000205189 0.002050000010058284
0.0685570000205189 1.00000761449337e-06
0.06762899999739602 0.001808000000892207
0.06762899999739602 0.0
0.06424800000968389 0.0018419999978505075
0.06424800000968389 0.0
0.06292299999040551 0.0017560000123921782
0.06292299999040551 9.999785106629133e-07
0.06757300000754185 0.0018529999942984432
0.06757300000754185 1.00000761449337e-06
0.07015700000920333 0.0018219999910797924
0.07015700000920333 0.0
0.06853899999987334 0.0017430000007152557
0.06853899999987334 0.0
0.06553600000916049 0.0017380000208504498
0.06553600000916049 0.0
0.07494699998642318 0.0019190000020898879
0.07494699998642318 0.0
0.08529299998190254 0.0022499999904539436
0.08529299998190254 1.00000761449337e-06
0.09050200000638142 0.0023999999975785613
0.09050200000638142 0.0
0.09670500000356697 0.00237499998183921
0.09670500000356697 0.0
0.09843199999886565 0.0031999999773688614
0.09843199999886565 1.00000761449337e-06
0.09731500002089888 0.0026060000236611813
0.09731500002089888 1.00000761449337e-06
0.09491200000047684 0.00269799999659881
0.09491200000047684 1.00000761449337e-06
0.09807599999476224 0.002785999997286126
0.09807599999476224 1.00000761449337e-06
0.09475200000451878 0.0024550000089220703
0.09475200000451878 0.0
0.10485100001096725 0.0029599999834317714
0.10485100001096725 0.0
0.08793300000252202 0.002517999993870035
0.08793300000252202 1.00000761449337e-06
0.10551599998143502 0.003353999985847622
0.10551599998143502 1.00000761449337e-06
0.11092000000644475 0.0029650000215042382
0.11092000000644475 0.0
0.07851699998718686 0.00193500000750646
0.07851699998718686 0.0
0.09945300000254065 0.0028590000001713634
0.09945300000254065 1.00000761449337e-06
0.10646499998983927 0.006293999991612509
0.10646499998983927 0.0
0.09606099998927675 0.002590999996755272
0.09606099998927675 1.6999983927235007e-05
0.09930000000167638 0.0025479999894741923
0.09930000000167638 0.0
0.07718600000953302 0.001552000001538545
0.07718600000953302 0.0
0.08301200001733378 0.002259000000776723
0.08301200001733378 0.0
0.08952499998849817 0.001883000019006431
0.08952499998849817 0.0
0.06880899998941459 0.001693999976851046
0.06880899998941459 0.0
0.06732000000192784 0.0017010000010486692
0.06732000000192784 0.0
0.0670490000047721 0.0016680000117048621
0.0670490000047721 1.00000761449337e-06
0.06515199999557808 0.0016049999976530671
0.06515199999557808 0.0
0.06236099998932332 0.0015539999876637012
0.06236099998932332 9.999785106629133e-07
0.07214499998372048 0.0019960000063292682
0.07214499998372048 0.0
0.06836200001998805 0.0018720000225584954
0.06836200001998805 0.0
0.053096999996341765 0.0017780000052880496
0.053096999996341765 0.0
0.06003500000224449 0.0020920000097248703
0.06003500000224449 0.0
0.06610399999772198 0.00185500000952743
0.06610399999772198 0.0
0.06551799998851493 0.0017090000037569553
0.06551799998851493 0.0
0.06675500000710599 0.0013190000026952475
0.06675500000710599 9.999785106629133e-07
0.061105000000679865 0.00181200000224635
0.061105000000679865 0.0
0.049658000003546476 0.0013069999986328185
0.049658000003546476 0.0
0.05166500000632368 0.0013310000067576766
0.05166500000632368 0.0
0.05195200000889599 0.0012870000209659338
0.05195200000889599 1.00000761449337e-06
0.054746000008890405 0.001383000024361536
0.054746000008890405 0.0
0.05699000001186505 0.0014570000057574362
0.05699000001186505 1.00000761449337e-06
0.06682999999611638 0.0017379999917466193
0.06682999999611638 0.0
0.08223300002282485 0.0021229999838396907
0.08223300002282485 1.00000761449337e-06
0.09079799999017268 0.0055130000109784305
0.09079799999017268 1.00000761449337e-06
0.08982200000900775 0.0024059999850578606
0.08982200000900775 0.0
0.0907090000109747 0.00229800000670366
0.0907090000109747 1.00000761449337e-06
0.08860800002003089 0.0021490000071935356
0.08860800002003089 0.0
0.11068199999863282 0.002502999996067956
0.11068199999863282 1.00000761449337e-06
0.11743500002194196 0.0029230000218376517
0.11743500002194196 0.0
0.09672400000272319 0.0030039999983273447
0.09672400000272319 1.00000761449337e-06
0.09650200000032783 0.0024429999757558107
0.09650200000032783 0.0
0.09965100002591498 0.0027439999976195395
0.09965100002591498 0.0
0.07756599999265745 0.0020179999992251396
0.07756599999265745 0.0
0.08743099999264814 0.002650999987963587
0.08743099999264814 0.0
0.08613199999672361 0.0026200000138487667
0.08613199999672361 0.0
0.06765400001313537 0.0017380000208504498
0.06765400001313537 0.0
0.06522699998458847 0.0017839999927673489
0.06522699998458847 1.00000761449337e-06
0.05254499998409301 0.0013430000108201057
0.05254499998409301 1.00000761449337e-06
0.04915999999502674 0.001348999998299405
0.04915999999502674 0.0
0.04851699998835102 0.001248000015038997
0.04851699998835102 0.0
0.047986999998101965 0.001189000002341345
0.047986999998101965 0.0
0.04662900001858361 0.001221999991685152
0.04662900001858361 0.0
0.04448400001274422 0.0011910000175703317
0.04448400001274422 0.0
0.044439999997848645 0.0011340000201016665
0.044439999997848645 9.999785106629133e-07
0.04436499997973442 0.0012120000028517097
0.04436499997973442 9.999785106629133e-07
0.06339900000602938 0.0018519999866839498
0.06339900000602938 1.00000761449337e-06
0.04741999998805113 0.0012409999908413738
0.04741999998805113 0.0
0.04731699998956174 0.0014019999944139272
0.04731699998956174 1.00000761449337e-06
0.04793900001095608 0.001248000015038997
0.04793900001095608 0.0
0.06469900000956841 0.0019059999904129654
0.06469900000956841 1.00000761449337e-06
0.06376600000658073 0.0015279999934136868
0.06376600000658073 0.0
0.06258100000559352 0.0017780000052880496
0.06258100000559352 1.00000761449337e-06
0.049876000004587695 0.0017219999863300472
0.049876000004587695 0.0
0.05009000000427477 0.0013329999928828329
0.05009000000427477 0.0
0.05459000001428649 0.0013929999840911478
0.05459000001428649 0.0
0.05528200001572259 0.0014010000159032643
0.05528200001572259 9.999785106629133e-07
0.05183099998976104 0.001336000015726313
0.05183099998976104 1.00000761449337e-06
0.05550799999036826 0.0014019999944139272
0.05550799999036826 0.0
0.05740299998433329 0.0014830000000074506
0.05740299998433329 1.00000761449337e-06
0.05713199998717755 0.001836999988881871
0.05713199998717755 1.00000761449337e-06
0.059812999999849126 0.0015279999934136868
0.059812999999849126 9.999785106629133e-07
0.08412899999530055 0.0021730000153183937
0.08412899999530055 0.0
0.08136199999717064 0.0023249999794643372
0.08136199999717064 0.0
0.06485799999791197 0.0016680000117048621
0.06485799999791197 0.0
0.06519200000911951 0.00168599997414276
0.06519200000911951 1.00000761449337e-06
0.06193600001279265 0.0015629999979864806
0.06193600001279265 0.0
0.06288599999970756 0.0015410000050906092
0.06288599999970756 0.0
0.0645070000027772 0.0017309999966528267
0.0645070000027772 0.0
0.0624260000186041 0.0018349999736528844
0.0624260000186041 0.0
0.0626639999973122 0.0016739999991841614
0.0626639999973122 1.00000761449337e-06
0.08352399998693727 0.002535999985411763
0.08352399998693727 0.0
0.07293700001901016 0.0019690000044647604
0.07293700001901016 0.0
0.0618360000080429 0.0018649999983608723
0.0618360000080429 0.0
0.05764499999349937 0.0017689999949652702
0.05764499999349937 1.00000761449337e-06
0.05690699999104254 0.0014220000011846423
0.05690699999104254 9.999785106629133e-07
0.05807900000945665 0.00149200001033023
0.05807900000945665 1.00000761449337e-06
0.05487900000298396 0.0015039999852888286
0.05487900000298396 1.00000761449337e-06
0.05852800002321601 0.0015910000074654818
0.05852800002321601 0.0
0.056582999997772276 0.0014469999878201634
0.056582999997772276 0.0
0.057588000025134534 0.0014720000035595149
0.057588000025134534 1.00000761449337e-06
0.057616000005509704 0.0014789999986533076
0.057616000005509704 0.0
0.07250599999679253 0.001900999981444329
0.07250599999679253 1.00000761449337e-06
0.07059200000367127 0.0021229999838396907
0.07059200000367127 0.0
0.06652700001723133 0.001975999999558553
0.06652700001723133 0.0
0.06690499998512678 0.0017809999990276992
0.06690499998512678 0.0
0.06788200000301003 0.0020280000171624124
0.06788200000301003 0.0
0.065930999990087 0.0018989999953191727
0.065930999990087 0.0
0.06709300001966767 0.0017410000145900995
0.06709300001966767 0.0
0.04957899998407811 0.0012829999905079603
0.04957899998407811 0.0
0.0497330000216607 0.0012900000147055835
0.0497330000216607 0.0
0.049208000011276454 0.001293000008445233
0.049208000011276454 0.0
0.04979499999899417 0.0012549999810289592
0.04979499999899417 0.0
0.049801999994087964 0.0013459999754559249
0.049801999994087964 0.0
0.04978299999493174 0.0012590000114869326
0.04978299999493174 9.999785106629133e-07
0.04936900001484901 0.0013079999771434814
0.04936900001484901 0.0
0.04729999997653067 0.001496000011684373
0.04729999997653067 1.00000761449337e-06
0.04764500001328997 0.0012060000153724104
0.04764500001328997 0.0
0.04725100001087412 0.0013549999857787043
0.04725100001087412 0.0
0.04695399999036454 0.0012709999864455312
0.04695399999036454 0.0
0.04796799999894574 0.00124299997696653
0.04796799999894574 0.0
0.04662299997289665 0.0012860000133514404
0.04662299997289665 0.0
0.04738599999109283 0.00136900000507012
0.04738599999109283 0.0
0.05217499998980202 0.0013259999977890402
0.05217499998980202 1.00000761449337e-06
0.05240399998729117 0.0013669999898411334
0.05240399998729117 0.0
0.05270700002438389 0.0013810000091325492
0.05270700002438389 1.00000761449337e-06
0.052050999976927415 0.0012970000097993761
0.052050999976927415 9.999785106629133e-07
0.054342999996151775 0.0013949999993201345
0.054342999996151775 1.00000761449337e-06
0.05427600000984967 0.0013620000099763274
0.05427600000984967 0.0
0.05425799998920411 0.0013479999906849116
0.05425799998920411 0.0
0.053868999995756894 0.0013829999952577055
0.053868999995756894 0.0
0.054423000023234636 0.0014110000047367066
0.054423000023234636 0.0
0.05426099998294376 0.0014319999900180846
0.05426099998294376 0.0
0.05476800000178628 0.001453999982913956
0.05476800000178628 1.00000761449337e-06
0.05454700000700541 0.001432999997632578
0.05454700000700541 0.0
0.05287999997381121 0.0016049999976530671
0.05287999997381121 1.00000761449337e-06
0.055106000014347956 0.0013599999947473407
0.055106000014347956 0.0
0.05508199997711927 0.0013920000055804849
0.05508199997711927 0.0
0.056945999996969476 0.0014300000038929284
0.056945999996969476 1.00000761449337e-06
0.05745100000058301 0.00144599998020567
0.05745100000058301 0.0
0.05807999998796731 0.0015190000121947378
0.05807999998796731 1.00000761449337e-06
0.05702499998733401 0.0014049999881535769
0.05702499998733401 1.00000761449337e-06
0.057751999993342906 0.001484000007621944
0.057751999993342906 1.00000761449337e-06
0.056689999997615814 0.001416999992216006
0.056689999997615814 9.999785106629133e-07
0.05779699998674914 0.0014699999883305281
0.05779699998674914 9.999785106629133e-07
0.05837800001609139 0.001524999999674037
0.05837800001609139 0.0
0.05737100000260398 0.0014179999998304993
0.05737100000260398 0.0
0.05713199998717755 0.0015589999966323376
0.05713199998717755 0.0
0.056846999999834225 0.0014629999932367355
0.056846999999834225 0.0
0.057364000007510185 0.0014640000008512288
0.057364000007510185 0.0
0.055866000009700656 0.0013730000064242631
0.055866000009700656 0.0
0.05429900001036003 0.001500999991549179
0.05429900001036003 1.00000761449337e-06
0.058046999998623505 0.0014030000020284206
0.058046999998623505 0.0
0.06287199998041615 0.0028279999969527125
0.06287199998041615 1.00000761449337e-06
0.07760300001245923 0.002095999981975183
0.07760300001245923 0.0
0.06212700001196936 0.0015989999810699373
0.06212700001196936 0.0
0.0853789999964647 0.0023790000122971833
0.0853789999964647 9.999785106629133e-07
0.06449000001884997 0.0016570000152569264
0.06449000001884997 0.0
0.06461800000397488 0.0016349999932572246
0.06461800000397488 0.0
0.06758999999146909 0.0017500000249128789
0.06758999999146909 0.0
0.06606900002225302 0.0016710000054445118
0.06606900002225302 0.0
0.06715200000326149 0.001728000002913177
0.06715200000326149 0.0
0.06533700000727549 0.0016130000003613532
0.06533700000727549 0.0
0.06443399999989197 0.0016750000067986548
0.06443399999989197 1.00000761449337e-06
0.06187499998486601 0.0015310000162571669
0.06187499998486601 0.0
0.059863000002224 0.0014999999839346856
0.059863000002224 0.0
0.05987900000764057 0.0015490000077988952
0.05987900000764057 1.00000761449337e-06
0.05949099999270402 0.0014540000120177865
0.05949099999270402 9.999785106629133e-07
0.05773399997269735 0.0014930000179447234
0.05773399997269735 0.0
0.05635400000028312 0.0016880000184755772
0.05635400000028312 0.0
0.05702000000746921 0.0016109999851323664
0.05702000000746921 0.0
0.05763100000331178 0.0016269999905489385
0.05763100000331178 0.0
0.05962700000964105 0.001672999991569668
0.05962700000964105 1.00000761449337e-06
0.06219599998439662 0.0016839999880176038
0.06219599998439662 9.999785106629133e-07
0.07516700000269338 0.002146999991964549
0.07516700000269338 0.0
0.07482599999639206 0.0017170000064652413
0.07482599999639206 9.999785106629133e-07
0.05499999999301508 0.0014399999927263707
0.05499999999301508 1.00000761449337e-06
0.05467300000600517 0.001496999990195036
0.05467300000600517 0.0
0.054573999979766086 0.0014950000040698797
0.054573999979766086 0.0
0.0549509999982547 0.001400000008288771
0.0549509999982547 1.00000761449337e-06
0.057342000014614314 0.0014399999927263707
0.057342000014614314 0.0
0.05702999999630265 0.0017499999958090484
0.05702999999630265 1.00000761449337e-06
0.061507999984314665 0.002166999998735264
0.061507999984314665 0.0
0.05965999999898486 0.0015489999786950648
0.05965999999898486 0.0
0.05473199998959899 0.0013880000042263418
0.05473199998959899 0.0
0.05280099998344667 0.0013969999854452908
0.05280099998344667 9.999785106629133e-07
0.052247999992687255 0.0013789999939035624
0.052247999992687255 1.00000761449337e-06
0.04969899999559857 0.0013170000165700912
0.04969899999559857 0.0
0.05222499999217689 0.0013209999888204038
0.05222499999217689 1.00000761449337e-06
0.05149300000630319 0.0013420000032056123
0.05149300000630319 1.00000761449337e-06
0.06979999999748543 0.0013850000104866922
0.06979999999748543 1.00000761449337e-06
0.05770599999232218 0.0014009999867994338
0.05770599999232218 9.999785106629133e-07
0.05473599999095313 0.0013930000131949782
0.05473599999095313 1.00000761449337e-06
0.054355000000214204 0.0013679999974556267
0.054355000000214204 0.0
0.05429900001036003 0.0014199999859556556
0.05429900001036003 0.0
0.05674099997850135 0.0014220000011846423
0.05674099997850135 9.999785106629133e-07
0.057173000008333474 0.0014120000123512
0.057173000008333474 0.0
0.05698500000289641 0.00149200001033023
0.05698500000289641 0.0
0.07625799998641014 0.0017759999900590628
0.07625799998641014 0.0
0.06581400000141002 0.002050000010058284
0.06581400000141002 0.0
0.0652960000152234 0.002059999998891726
0.0652960000152234 1.00000761449337e-06
0.07352899998659268 0.001975999999558553
0.07352899998659268 1.00000761449337e-06
0.07857700000749901 0.001986000017495826
0.07857700000749901 0.0
0.09016699998755939 0.002685000014025718
0.09016699998755939 0.0
0.11179300001822412 0.00764799999888055
0.11179300001822412 1.00000761449337e-06
0.1302469999936875 0.00809399998979643
0.1302469999936875 0.0
0.11102899999241345 0.003924999997252598
0.11102899999241345 0.0
0.10031499998876825 0.0026369999977760017
0.10031499998876825 0.0
0.0984069999831263 0.0024219999904744327
0.0984069999831263 0.0
0.09910299998591654 0.0024440000124741346
0.09910299998591654 0.0
0.10170200001448393 0.0025730000052135438
0.10170200001448393 0.0
0.11189699999522418 0.007062999997287989
0.11189699999522418 0.0
0.10899200002313592 0.003081000002566725
0.10899200002313592 0.0
0.10645399999339134 0.003272000001743436
0.10645399999339134 0.0
0.11204199999338016 0.003647000005003065
0.11204199999338016 0.0
0.10072399998898618 0.00201500000548549
0.10072399998898618 1.00000761449337e-06
0.08449100001598708 0.0020979999972041696
0.08449100001598708 0.0
0.07606700001633726 0.0019389999797567725
0.07606700001633726 1.00000761449337e-06
0.06630599999334663 0.001787999994121492
0.06630599999334663 1.00000761449337e-06
0.05524899999727495 0.0014220000011846423
0.05524899999727495 0.0
0.053287999995518476 0.001436999998986721
0.053287999995518476 0.0
0.07154800000716932 0.0021739999938290566
0.07154800000716932 1.00000761449337e-06
0.06217999997898005 0.0013329999928828329
0.06217999997898005 0.0
0.05863099999260157 0.0022849999950267375
0.05863099999260157 0.0
0.08095800000592135 0.0014300000038929284
0.08095800000592135 1.00000761449337e-06
0.07111999997869134 0.0016140000079758465
0.07111999997869134 0.0
0.06571799999801442 0.0014110000047367066
0.06571799999801442 0.0
0.05382199998712167 0.0014120000123512
0.05382199998712167 1.00000761449337e-06
0.052525000006426126 0.0013980000221636146
0.052525000006426126 0.0
0.06623799999943003 0.0017859999788925052
0.06623799999943003 1.00000761449337e-06
0.06587600000784732 0.001453999982913956
0.06587600000784732 0.0
0.061492000008001924 0.002318000013474375
0.061492000008001924 1.00000761449337e-06
0.06862599999294616 0.0019179999944753945
0.06862599999294616 1.00000761449337e-06
0.06524799999897368 0.0018949999939650297
0.06524799999897368 0.0
0.06548699998529628 0.002082000020891428
0.06548699998529628 0.0
0.0650690000038594 0.0022370000078808516
0.0650690000038594 0.0
0.05035400000633672 0.0013310000067576766
0.05035400000633672 1.00000761449337e-06
0.05117200000677258 0.0014229999796953052
0.05117200000677258 0.0
0.060231000010389835 0.001744999986840412
0.060231000010389835 0.0
0.0593349999981001 0.0013740000140387565
0.0593349999981001 0.0
0.05965399998240173 0.0019890000112354755
0.05965399998240173 1.00000761449337e-06
0.0476230000203941 0.0013660000113304704
0.0476230000203941 0.0
0.04796500000520609 0.0012839999981224537
0.04796500000520609 1.00000761449337e-06
0.04684000002453104 0.0013010000111535192
0.04684000002453104 0.0
0.04684999998426065 0.0012970000097993761
0.04684999998426065 0.0
0.047446000011404976 0.001281999982893467
0.047446000011404976 0.0
0.04689399999915622 0.0013029999972786754
0.04689399999915622 1.00000761449337e-06
0.05416699999477714 0.001264999998966232
0.05416699999477714 9.999785106629133e-07
0.04793600001721643 0.0016279999981634319
0.04793600001721643 1.00000761449337e-06
0.04767899998114444 0.0013190000026952475
0.04767899998114444 0.0
0.0473970000166446 0.0012660000065807253
0.0473970000166446 0.0
0.046661000000312924 0.0013179999950807542
0.046661000000312924 0.0
0.045554000011179596 0.001205000007757917
0.045554000011179596 0.0
0.04721399999107234 0.0012170000118203461
0.04721399999107234 0.0
0.04832400000304915 0.0012500000011641532
0.04832400000304915 0.0
0.047137999994447455 0.0013749999925494194
0.047137999994447455 0.0
0.04745899999397807 0.001297999988310039
0.04745899999397807 0.0
0.04763200000161305 0.0013249999901745468
0.04763200000161305 0.0
0.05249899998307228 0.0012970000097993761
0.05249899998307228 0.0
0.05249300002469681 0.001400000008288771
0.05249300002469681 0.0
0.04929100000299513 0.001340999995591119
0.04929100000299513 0.0
0.05366800000774674 0.001305999991018325
0.05366800000774674 0.0
0.049152999999932945 0.001344999996945262
0.049152999999932945 0.0
0.04514299999573268 0.0012620000052265823
0.04514299999573268 1.00000761449337e-06
0.045975000015459955 0.0012729999725706875
0.045975000015459955 0.0
0.04887400000006892 0.0015589999966323376
0.04887400000006892 1.00000761449337e-06
0.05444899998838082 0.0012510000087786466
0.05444899998838082 1.00000761449337e-06
0.04595899998093955 0.0012200000055599958
0.04595899998093955 1.00000761449337e-06
0.04554299998562783 0.0012580000038724393
0.04554299998562783 0.0
0.044794000015826896 0.0012140000180806965
0.044794000015826896 0.0
0.045857999997679144 0.001305999991018325
0.045857999997679144 0.0
0.04703799998969771 0.0012310000020079315
0.04703799998969771 0.0
0.045971999992616475 0.0012529999949038029
0.045971999992616475 1.00000761449337e-06
0.0488140000088606 0.0013209999888204038
0.0488140000088606 0.0
0.048036000021966174 0.0013140000228304416
0.048036000021966174 1.00000761449337e-06
0.04779100001906045 0.0013540000072680414
0.04779100001906045 0.0
0.047817999991821125 0.0013500000059138983
0.047817999991821125 1.00000761449337e-06
0.04747799999313429 0.0013099999923724681
0.04747799999313429 0.0
0.04738900001393631 0.0012629999837372452
0.04738900001393631 9.999785106629133e-07
0.04699599999003112 0.0012390000047162175
0.04699599999003112 0.0
0.06029500000295229 0.0016299999842885882
0.06029500000295229 0.0
0.05085200001485646 0.0012530000240076333
0.05085200001485646 0.0
0.062160000001313165 0.001795999996829778
0.062160000001313165 0.0
0.050137000012909994 0.0012839999981224537
0.050137000012909994 1.00000761449337e-06
0.05042600000160746 0.0013069999986328185
0.05042600000160746 0.0
0.05292600000393577 0.0013460000045597553
0.05292600000393577 1.00000761449337e-06
0.05882599999313243 0.0017890000017359853
0.05882599999313243 0.0
0.06992099998751655 0.0018549999804235995
0.06992099998751655 0.0
0.06904999999096617 0.0019580000080168247
0.06904999999096617 1.00000761449337e-06
0.05948899997747503 0.0017809999990276992
0.05948899997747503 0.0
0.06283300000359304 0.0013869999966118485
0.06283300000359304 9.999785106629133e-07
0.0602599999983795 0.001365000003715977
0.0602599999983795 0.0
0.07477800000924617 0.0022330000065267086
0.07477800000924617 0.0
0.07549800002016127 0.0020530000037979335
0.07549800002016127 0.0
0.10463099999469705 0.0036850000033155084
0.10463099999469705 0.0
0.13058999998611398 0.004069000016897917
0.13058999998611398 0.0
0.1282630000205245 0.003452000004472211
0.1282630000205245 0.0
0.12705599999753758 0.003659000009065494
0.12705599999753758 0.0
0.1223279999976512 0.003185999987181276
0.1223279999976512 0.0
0.11956799999461509 0.003153999976348132
0.11956799999461509 1.00000761449337e-06
0.06453699999838136 0.0016999999934341758
0.06453699999838136 0.0
0.06474299999536015 0.0017259999876841903
0.06474299999536015 1.00000761449337e-06
0.0646370000031311 0.0017029999871738255
0.0646370000031311 1.00000761449337e-06
0.06523799998103641 0.001664999988861382
0.06523799998103641 0.0
0.05948600001283921 0.0018180000188294798
0.05948600001283921 0.0
0.05247500000405125 0.0013949999993201345
0.05247500000405125 1.00000761449337e-06
0.04700399999273941 0.0012909999932162464
0.04700399999273941 0.0
0.04684500000439584 0.001297999988310039
0.04684500000439584 0.0
0.04779399998369627 0.001293000008445233
0.04779399998369627 9.999785106629133e-07
0.04744999998365529 0.0012860000133514404
0.04744999998365529 9.999785106629133e-07
0.04747900000074878 0.001293000008445233
0.04747900000074878 0.0
0.047445999982301146 0.0013060000201221555
0.047445999982301146 1.00000761449337e-06
0.044854999985545874 0.001129999989643693
0.044854999985545874 0.0
0.0467390000121668 0.0012960000021848828
0.0467390000121668 1.00000761449337e-06
0.04682300001149997 0.0012510000087786466
0.04682300001149997 0.0
0.046941000007791445 0.001264999998966232
0.046941000007791445 1.00000761449337e-06
0.04675900001893751 0.001256999996257946
0.04675900001893751 1.00000761449337e-06
0.0497449999966193 0.0013469999830704182
0.0497449999966193 0.0
0.049897999997483566 0.0013089999847579747
0.049897999997483566 1.00000761449337e-06
0.05222400001366623 0.0013550000148825347
0.05222400001366623 0.0
0.05517199999303557 0.0014230000087991357
0.05517199999303557 1.00000761449337e-06
0.049404999997932464 0.0013230000040493906
0.049404999997932464 0.0
0.05207199999131262 0.0013289999915286899
0.05207199999131262 0.0
0.051543000008678064 0.0013389999803621322
0.051543000008678064 1.00000761449337e-06
0.054337000008672476 0.0013899999903514981
0.054337000008672476 1.00000761449337e-06
0.05473100001108833 0.0014030000020284206
0.05473100001108833 0.0
0.055283999972743914 0.0014580000133719295
0.055283999972743914 0.0
0.057013000012375414 0.0014660000160802156
0.057013000012375414 9.999785106629133e-07
INFO:sc2.protocol:Client status changed to Status.ended (was Status.in_game)
INFO:root:Result for player 2 - Bot(Race.Terran, <bots.Showing_bot.speedBot.MarinBot object at 0x7f8896893c18>): Defeat
INFO:sc2.protocol:Client status changed to Status.ended (was Status.in_game)
INFO:root:Result for player 1 - Bot(Race.Terran, <bots.poscat.poscat_bot.POSCATBot object at 0x7f8894278f60>): Victory
INFO:sc2.client:Saved replay to outs/2020-01-17T11-28-03/replays/poscat-showing_bot/poscat-showing_bot-0.SC2Replay
INFO:sc2.protocol:Client status changed to Status.launched (was Status.ended)
INFO:sc2.protocol:Client status changed to Status.quit (was Status.launched)
INFO:sc2.sc2process:kill_switch: Process cleanup
INFO:sc2.sc2process:Cleaning up...
INFO:sc2.sc2process:Cleanup complete
INFO:sc2.sc2process:Cleaning up...
INFO:sc2.sc2process:Cleanup complete
INFO:sc2.protocol:Client status changed to Status.launched (was Status.ended)
INFO:sc2.protocol:Cannot receive: Connection already closed.
INFO:sc2.sc2process:kill_switch: Process cleanup
INFO:sc2.sc2process:Cleaning up...
INFO:sc2.sc2process:Cleanup complete
INFO:sc2.sc2process:Cleaning up...
INFO:sc2.sc2process:Cleanup complete


## STDERR ##

Version: B75689 (SC2.4.10)
Build: Aug 12 2019 17:16:57
Command Line: '"/home/hspark8312/StarCraftII/Versions/Base75689/SC2_x64" -listen 127.0.0.1 -port 23316 -displayMode 0 -dataDir /home/hspark8312/StarCraftII -tempDir /tmp/SC2_5kmkfj63'
Starting up...
Startup Phase 1 complete
Version: B75689 (SC2.4.10)
Build: Aug 12 2019 17:16:57
Command Line: '"/home/hspark8312/StarCraftII/Versions/Base75689/SC2_x64" -listen 127.0.0.1 -port 17436 -displayMode 0 -dataDir /home/hspark8312/StarCraftII -tempDir /tmp/SC2_wds31go4'
Starting up...
Startup Phase 1 complete
Startup Phase 2 complete
Creating stub renderer...
Listening on: 127.0.0.1:23316
Startup Phase 3 complete. Ready for commands.
Startup Phase 2 complete
Creating stub renderer...
ConnectHandler: Request from 127.0.0.1:50437 accepted
ReadyHandler: 127.0.0.1:50437 ready
Requesting to join a multiplayer game
Configuring interface options
Configure: raw interface enabled
Configure: feature layer interface enabled
Configure: score interface enabled
Configure: render interface disabled
Listening on: 127.0.0.1:17436
Startup Phase 3 complete. Ready for commands.
ConnectHandler: Request from 127.0.0.1:50439 accepted
ReadyHandler: 127.0.0.1:50439 ready
Requesting to join a multiplayer game
Configuring interface options
Configure: raw interface enabled
Configure: feature layer interface enabled
Configure: score interface enabled
Configure: render interface disabled
Create game with map path: NCFellowship-2019_m1_v6.SC2Map
Attempting to join a game with the map: NCFellowship-2019_m1_v6.SC2Map
Game has started.
Game has started.
Using default stable ids, none found at: /home/hspark8312/StarCraftII/stableid.json
Using default stable ids, none found at: /home/hspark8312/StarCraftII/stableid.json
Successfully loaded stable ids: GameData\stableid.json
Successfully loaded stable ids: GameData\stableid.json
Sending ResponseJoinGame
Sending ResponseJoinGame
RequestQuit command received.
Closing Application...
/home/hspark8312/anaconda3/envs/sc2/lib/python3.6/importlib/_bootstrap.py:219: RuntimeWarning: numpy.ufunc size changed, may indicate binary incompatibility. Expected 192 from C header, got 216 from PyObject
  return f(*args, **kwds)
/home/hspark8312/anaconda3/envs/sc2/lib/python3.6/importlib/_bootstrap.py:219: RuntimeWarning: numpy.ufunc size changed, may indicate binary incompatibility. Expected 192 from C header, got 216 from PyObject
  return f(*args, **kwds)
/home/hspark8312/anaconda3/envs/sc2/lib/python3.6/site-packages/tensorboard/compat/tensorflow_stub/dtypes.py:541: FutureWarning: Passing (type, 1) or '1type' as a synonym of type is deprecated; in a future version of numpy, it will be understood as (type, (1,)) / '(1,)type'.
  _np_qint8 = np.dtype([("qint8", np.int8, 1)])
/home/hspark8312/anaconda3/envs/sc2/lib/python3.6/site-packages/past/builtins/misc.py:45: DeprecationWarning: the imp module is deprecated in favour of importlib; see the module's documentation for alternative uses
  from imp import reload
/mnt/d/sc2minigame-eval-2020-01-09/bots/Showing_bot/speedBot.py:1643: RuntimeWarning: coroutine 'TerreinManager.debug' was never awaited
  self.terrein_manager.debug()
