## STDOUT ##

[[92mINFO[0m] SC2 4.9.0 용 패치 적용
패치 sc2.ids.ability_id
패치 sc2.game_state
패치 sc2.bot_ai
패치 sc2.client
패치 sc2.controller
패치 sc2.main
INFO:root:Failed to import cuda module: No module named 'caffe2.python.caffe2_pybind11_state_gpu'
INFO:root:Failed to import AMD hip module: No module named 'caffe2.python.caffe2_pybind11_state_hip'
WARNING:root:This caffe2 python run does not have GPU support. Will run in CPU only mode.
cpu
INFO:sc2.protocol:Client status changed to Status.launched (was None)
INFO:sc2.protocol:Client status changed to Status.launched (was None)
INFO:sc2_patch.sc2_patch_490.controller:Creating new game
INFO:sc2_patch.sc2_patch_490.controller:Map:     NCFellowship-2019_m1_v6
INFO:sc2_patch.sc2_patch_490.controller:Players: Bot(Race.Terran, <bots.Showing_bot.speedBot.MarinBot object at 0x7fe665208f28>), Bot(Race.Terran, <bots.Bluebird.bot.Bot object at 0x7fe6561aff60>)
INFO:sc2.protocol:Client status changed to Status.init_game (was Status.launched)
INFO:sc2.protocol:Client status changed to Status.in_game (was None)
INFO:root:Player 2 - Bot(Race.Terran, <bots.Bluebird.bot.Bot object at 0x7fe6561aff60>)
TEST: 2, <bots.Bluebird.bot.Bot object at 0x7fe6561aff60>
INFO:sc2.protocol:Client status changed to Status.in_game (was None)
INFO:root:Player 1 - Bot(Race.Terran, <bots.Showing_bot.speedBot.MarinBot object at 0x7fe665208f28>)
TEST: 1, <bots.Showing_bot.speedBot.MarinBot object at 0x7fe665208f28>
load model: bots/Showing_bot/models/model-89.pt
create new model
0
0.045916999981272966 0.0028440000023692846
0.045916999981272966 0.0
0.04450299998279661 0.002191000006860122
0.04450299998279661 0.0
1
0.04620100001920946 0.0013980000221636146
0.04620100001920946 1.00000761449337e-06
1
0.044686000008368865 0.0012909999932162464
0.044686000008368865 0.0
1
0.04489299998385832 0.0010630000033415854
0.04489299998385832 0.0
1
1
0.04481900000246242 0.0012629999837372452
0.04481900000246242 0.0
1
0.04464400000870228 0.0010790000087581575
0.04464400000870228 0.0
1
0.044741000019712374 0.0012889999779872596
0.044741000019712374 1.00000761449337e-06
1
0.04492800001753494 0.0011139999842271209
0.04492800001753494 1.00000761449337e-06
1
0.04464199999347329 0.0010729999921750277
0.04464199999347329 9.999785106629133e-07
0.04556400000001304 0.0015140000032261014
0.04556400000001304 0.0
1
1
0.04757599998265505 0.0011729999969247729
0.04757599998265505 0.0
1
0.044923000008566305 0.0011189999931957573
0.044923000008566305 9.999785106629133e-07
1
0.04740800001309253 0.0012580000038724393
0.04740800001309253 1.00000761449337e-06
1
0.047691999992821366 0.001201999984914437
0.047691999992821366 1.00000761449337e-06
0.047629999986384064 0.001225999993039295
0.047629999986384064 1.00000761449337e-06
1
0.04772000000230037 0.001277000003028661
0.04772000000230037 0.0
1
0.04732199999853037 0.0012639999913517386
0.04732199999853037 9.999785106629133e-07
1
0.04711899999529123 0.0012129999813623726
0.04711899999529123 0.0
1
0.04722899998887442 0.0011789999844040722
0.04722899998887442 0.0
1
0.04989699998986907 0.0028719999827444553
0.04989699998986907 0.0
1
0.04969200000050478 0.001349999976810068
0.04969200000050478 0.0
1
0.0500060000049416 0.0012340000248514116
0.0500060000049416 1.00000761449337e-06
1
0.050026999990222976 0.001225999993039295
0.050026999990222976 9.999785106629133e-07
1
0.049614999996265396 0.0012529999949038029
0.049614999996265396 0.0
1
1
0.04982300000847317 0.0012160000042058527
0.04982300000847317 1.00000761449337e-06
0.05004899998311885 0.001244000013684854
0.05004899998311885 0.0
1
0.050233000016305596 0.0012380000262055546
0.050233000016305596 0.0
1
0.05014900001697242 0.0012669999850913882
0.05014900001697242 1.00000761449337e-06
1
0.0503690000041388 0.0012839999981224537
0.0503690000041388 0.0
1
0.04778900000383146 0.0012559999886434525
0.04778900000383146 1.00000761449337e-06
1
0.04763899999670684 0.0013290000206325203
0.04763899999670684 1.00000761449337e-06
1
0.04724699998041615 0.001260000019101426
0.04724699998041615 0.0
1
0.047599999990779907 0.0012379999971017241
0.047599999990779907 0.0
1
0.04716999997617677 0.0011900000099558383
0.04716999997617677 1.00000761449337e-06
1
0.04965000000083819 0.0012290000158827752
0.04965000000083819 1.00000761449337e-06
1
0.05014800000935793 0.0012239999778103083
0.05014800000935793 1.00000761449337e-06
1
0.05007800000021234 0.0012409999908413738
0.05007800000021234 0.0
1
0.04955399999744259 0.0012240000069141388
0.04955399999744259 1.00000761449337e-06
1
1
0.04977800001506694 0.0012350000033620745
0.04977800001506694 0.0
1
changed strategy
0.049989999999525025 0.0011780000058934093
0.049989999999525025 0.0
1
0.04989600001135841 0.0012060000153724104
0.04989600001135841 0.0
1
0.04976299998816103 0.00120900000911206
0.04976299998816103 1.00000761449337e-06
1
0.04984600000898354 0.0012089999800082296
0.04984600000898354 0.0
1
0.049641999998129904 0.0011989999911747873
0.049641999998129904 0.0
1
0.05009899998549372 0.001293000008445233
0.05009899998549372 0.0
1
0.05033299999195151 0.0012339999957475811
0.05033299999195151 0.0
1
0.05116000000271015 0.0013120000076014549
0.05116000000271015 0.0
1
0.06514000002061948 0.0017860000079963356
0.06514000002061948 0.0
1
0.050331000005826354 0.0012700000079348683
0.050331000005826354 1.00000761449337e-06
1
0.05234500000369735 0.0013390000094659626
0.05234500000369735 1.00000761449337e-06
1
0.05217600002652034 0.001264999998966232
0.05217600002652034 1.00000761449337e-06
1
0.052903000003425404 0.001289999985601753
0.052903000003425404 9.999785106629133e-07
1
0.07009299998753704 0.0019200000097043812
0.07009299998753704 0.0
1
0.07334600001922809 0.0018150000250898302
0.07334600001922809 0.0
1
0.052588999998988584 0.001260999997612089
0.052588999998988584 0.0
1
0.051940000004833564 0.0012620000052265823
0.051940000004833564 1.00000761449337e-06
1
0.0525070000148844 0.001361000002361834
0.0525070000148844 1.00000761449337e-06
1
0.07080499999574386 0.0019179999944753945
0.07080499999574386 1.00000761449337e-06
1
0.07277200001408346 0.0018659999768715352
0.07277200001408346 0.0
1
0.05322200001683086 0.001289999985601753
0.05322200001683086 9.999785106629133e-07
1
0.05289300001459196 0.0012910000223200768
0.05289300001459196 0.0
1
0.05228100001113489 0.001285000005736947
0.05228100001113489 0.0
1
0.05245499999728054 0.0012780000106431544
0.05245499999728054 0.0
1
0.052524999977322295 0.0012679999927058816
0.052524999977322295 1.00000761449337e-06
1
0.05278700002236292 0.0012920000008307397
0.05278700002236292 0.0
1
0.052305999997770414 0.001256999996257946
0.052305999997770414 1.00000761449337e-06
1
0.05224400002043694 0.0012839999981224537
0.05224400002043694 1.00000761449337e-06
1
0.05454700000700541 0.003108000004431233
0.05454700000700541 0.0
1
0.07412299999850802 0.0021899999992456287
0.07412299999850802 1.00000761449337e-06
1
0.08209599999827333 0.0021200000192038715
0.08209599999827333 1.00000761449337e-06
1
0.061806000012438744 0.003639000002294779
0.061806000012438744 0.0
1
0.059772999986307696 0.0015790000034030527
0.059772999986307696 0.0
1
0.06056199999875389 0.0014770000125281513
0.06056199999875389 0.0
1
0.08181400000466965 0.0022459999890998006
0.08181400000466965 0.0
1
0.05823000002419576 0.0013990000006742775
0.05823000002419576 0.0
1
0.05778999999165535 0.0013889999827370048
0.05778999999165535 0.0
1
0.06014899999718182 0.0014549999905284494
0.06014899999718182 1.00000761449337e-06
1
0.059372999996412545 0.001480000006267801
0.059372999996412545 1.00000761449337e-06
1
0.057176000002073124 0.0013840000028721988
0.057176000002073124 0.0
1
0.05771599998115562 0.0013700000126846135
0.05771599998115562 1.00000761449337e-06
1
0.05731299999752082 0.0014239999873097986
0.05731299999752082 0.0
1
0.05502800000249408 0.0013890000118408352
0.05502800000249408 0.0
1
0.054727000009734184 0.0014059999957680702
0.054727000009734184 1.00000761449337e-06
1
0.05458099997485988 0.0016040000191424042
0.05458099997485988 0.0
1
0.05701100002625026 0.0017629999783821404
0.05701100002625026 1.00000761449337e-06
1
0.057395000010728836 0.001664000010350719
0.057395000010728836 1.00000761449337e-06
1
0.054451000003609806 0.0018810000037774444
0.054451000003609806 0.0
1
0.05006900001899339 0.0014270000101532787
0.05006900001899339 1.00000761449337e-06
1
0.04970000000321306 0.0015439999988302588
0.04970000000321306 0.0
1
0.06040399998892099 0.001824999984819442
0.06040399998892099 0.0
1
0.050970999989658594 0.015125000005355105
0.050970999989658594 0.0
1
0.049402000004192814 0.0016509999986737967
0.049402000004192814 1.00000761449337e-06
1
0.04457100000581704 0.001117000007070601
0.04457100000581704 0.0
1
0.04448499999125488 0.0012430000060703605
0.04448499999125488 0.0
1
0.04420699999900535 0.0015610000118613243
0.04420699999900535 0.0
1
0.0451619999948889 0.001353999978164211
0.0451619999948889 0.0
1
0.044790999992983416 0.0012329999881330878
0.044790999992983416 0.0
1
0.04744099997333251 0.0012980000174138695
0.04744099997333251 1.00000761449337e-06
1
0.047300999984145164 0.0012080000014975667
0.047300999984145164 0.0
1
0.04947699999320321 0.0014830000000074506
0.04947699999320321 9.999785106629133e-07
1
0.04970900001353584 0.0014559999981429428
0.04970900001353584 0.0
1
0.05025800000294112 0.0017769999976735562
0.05025800000294112 1.00000761449337e-06
1
0.04991100000916049 0.0012780000106431544
0.04991100000916049 0.0
1
0.05003399998531677 0.0012500000011641532
0.05003399998531677 0.0
1
0.04993399998056702 0.0012949999945703894
0.04993399998056702 0.0
1
0.05012100000749342 0.0012889999779872596
0.05012100000749342 0.0
1
0.05032999999821186 0.001320000010309741
0.05032999999821186 1.00000761449337e-06
1
0.049891000002389774 0.001264999998966232
0.049891000002389774 0.0
1
0.049981000018306077 0.0012310000020079315
0.049981000018306077 0.0
1
0.04987700001220219 0.001244000013684854
0.04987700001220219 0.0
1
0.04947099997662008 0.0012350000033620745
0.04947099997662008 0.0
1
0.049716000008629635 0.0013330000219866633
0.049716000008629635 1.00000761449337e-06
1
0.04967500001657754 0.0012310000020079315
0.04967500001657754 1.00000761449337e-06
1
0.049248000024817884 0.0012719999940600246
0.049248000024817884 0.0
1
0.04984299998614006 0.0012479999859351665
0.04984299998614006 0.0
1
0.04984900000272319 0.0012390000047162175
0.04984900000272319 0.0
1
0.05005399999208748 0.0012519999872893095
0.05005399999208748 1.00000761449337e-06
1
0.049897999997483566 0.0012910000223200768
0.049897999997483566 1.00000761449337e-06
1
0.05026899999938905 0.001269000000320375
0.05026899999938905 0.0
1
0.053103000012924895 0.0013940000208094716
0.053103000012924895 0.0
1
0.052905999997165054 0.0013120000076014549
0.052905999997165054 1.00000761449337e-06
1
0.05214200000045821 0.001297999988310039
0.05214200000045821 0.0
1
0.053025999979581684 0.0013869999966118485
0.053025999979581684 0.0
1
0.054616999987047166 0.0014650000084657222
0.054616999987047166 0.0
1
0.05470999999670312 0.001348000019788742
0.05470999999670312 1.00000761449337e-06
1
0.054395000013755634 0.0013439999893307686
0.054395000013755634 1.00000761449337e-06
1
0.054717999999411404 0.0013549999857787043
0.054717999999411404 0.0
1
0.055373999988660216 0.0013749999925494194
0.055373999988660216 0.0
1
0.05473599999095313 0.0013639999961014837
0.05473599999095313 0.0
1
0.05429199998616241 0.0013500000059138983
0.05429199998616241 1.00000761449337e-06
1
0.05455900001106784 0.0014979999978095293
0.05455900001106784 9.999785106629133e-07
1
0.056551999994553626 0.001408000010997057
0.056551999994553626 0.0
1
0.05564200002118014 0.0014310000115074217
0.05564200002118014 0.0
1
0.05490099999587983 0.001404000009642914
0.05490099999587983 1.00000761449337e-06
1
0.05736900001647882 0.0015200000198092312
0.05736900001647882 9.999785106629133e-07
1
0.054659999994328246 0.0013519999920390546
0.054659999994328246 9.999785106629133e-07
1
0.05476299999281764 0.0013639999961014837
0.05476299999281764 0.0
1
0.05428899999242276 0.0013420000032056123
0.05428899999242276 0.0
1
0.05523600001470186 0.001381999987643212
0.05523600001470186 9.999785106629133e-07
1
0.05481499998131767 0.0013559999933931977
0.05481499998131767 1.00000761449337e-06
1
0.05436299997381866 0.0013660000113304704
0.05436299997381866 1.00000761449337e-06
1
0.05477200000314042 0.0013719999988097697
0.05477200000314042 0.0
1
0.054589000006671995 0.0013689999759662896
0.054589000006671995 1.00000761449337e-06
1
0.05445900000631809 0.0013510000135283917
0.05445900000631809 0.0
1
0.05487900000298396 0.0013580000086221844
0.05487900000298396 1.00000761449337e-06
1
0.05471100000431761 0.001400000008288771
0.05471100000431761 1.00000761449337e-06
1
0.05519099999219179 0.001353999978164211
0.05519099999219179 0.0
1
0.05448500000056811 0.0013479999906849116
0.05448500000056811 1.00000761449337e-06
1
0.054875000001629815 0.001357000001007691
0.054875000001629815 0.0
1
0
0.05703399999765679 0.0014509999891743064
0.05703399999765679 1.00000761449337e-06
1
0
0.05706300001475029 0.0014139999984763563
0.05706300001475029 0.0
1
0
0.05753200000617653 0.0014350000128615648
0.05753200000617653 0.0
1
0
0.056924000004073605 0.001416999992216006
0.056924000004073605 0.0
1
0
0.05917799999588169 0.0015810000186320394
0.05917799999588169 0.0
1
0
0.059613000019453466 0.0014899999951012433
0.059613000019453466 0.0
1
0
0.06005099997855723 0.0014650000084657222
0.06005099997855723 0.0
1
0
0.05988099999376573 0.0014809999847784638
0.05988099999376573 0.0
1
0
0.05963900001370348 0.0014720000035595149
0.05963900001370348 0.0
1
0
0.05743000001530163 0.001387000025715679
0.05743000001530163 1.00000761449337e-06
1
0
0.05744799997773953 0.0015110000094864517
0.05744799997773953 0.0
1
0
0.06085099998745136 0.0020329999970272183
0.06085099998745136 0.0
1
0
0.06057499998132698 0.001492999988840893
0.06057499998132698 0.0
1
0
0.06201799999689683 0.0034789999772328883
0.06201799999689683 1.00000761449337e-06
1
0
0.06240699999034405 0.0018339999951422215
0.06240699999034405 0.0
1
0.05968400000710972 0.0018139999883715063
0.05968400000710972 0.0
1
0.05996199999935925 0.0018350000027567148
0.05996199999935925 1.00000761449337e-06
1
0.059825000003911555 0.001656000007642433
0.059825000003911555 0.0
1
0.06012799998279661 0.001875000016298145
0.06012799998279661 1.00000761449337e-06
1
0.06000299999141134 0.0015260000072885305
0.06000299999141134 0.0
1
0.06222600000910461 0.001791999995475635
0.06222600000910461 0.0
1
0.05984200001694262 0.0018019999843090773
0.05984200001694262 9.999785106629133e-07
1
0.05457900001783855 0.0014340000052470714
0.05457900001783855 0.0
1
0.05194400000618771 0.001631999999517575
0.05194400000618771 0.0
1
0.065930999990087 0.002406000014161691
0.065930999990087 1.00000761449337e-06
1
0.06318299999111332 0.0019650000031106174
0.06318299999111332 0.0
1
0.06452700000954792 0.0016879999893717468
0.06452700000954792 9.999785106629133e-07
1
0.06463199999416247 0.0016199999954551458
0.06463199999416247 0.0
1
0.057751999993342906 0.0014779999910388142
0.057751999993342906 0.0
1
0.05732000002171844 0.001476000004913658
0.05732000002171844 0.0
1
0.05716799999936484 0.0014469999878201634
0.05716799999936484 1.00000761449337e-06
1
0.05768499997793697 0.001432999997632578
0.05768499997793697 0.0
1
0.057945000007748604 0.0014500000106636435
0.057945000007748604 0.0
1
0.05486400000518188 0.001381999987643212
0.05486400000518188 0.0
1
0.050232999987201765 0.0012879999994765967
0.050232999987201765 1.00000761449337e-06
1
0.0526489999901969 0.0013810000091325492
0.0526489999901969 9.999785106629133e-07
1
0.0505389999889303 0.0013899999903514981
0.0505389999889303 1.00000761449337e-06
1
0.05280300002777949 0.0013840000028721988
0.05280300002777949 9.999785106629133e-07
1
0.05026799999177456 0.0013290000206325203
0.05026799999177456 0.0
1
0.04998899999191053 0.0013129999861121178
0.04998899999191053 0.0
1
0.0500739999988582 0.0012559999886434525
0.0500739999988582 0.0
1
0.04975400000694208 0.0012310000020079315
0.04975400000694208 1.00000761449337e-06
1
0.05011499999091029 0.0014340000052470714
0.05011499999091029 0.0
1
0.05036100000143051 0.0012729999725706875
0.05036100000143051 0.0
1
0.04999800000223331 0.0012400000123307109
0.04999800000223331 0.0
1
0.05007500000647269 0.0012479999859351665
0.05007500000647269 0.0
1
0.049854999990202487 0.001260000019101426
0.049854999990202487 1.00000761449337e-06
1
0.050057000014930964 0.0013419999741017818
0.050057000014930964 9.999785106629133e-07
1
0.05420700000831857 0.0014010000159032643
0.05420700000831857 0.0
1
0.050664000009419397 0.0013139999937266111
0.050664000009419397 0.0
1
0.05266200000187382 0.0013679999974556267
0.05266200000187382 1.00000761449337e-06
1
0.052211000001989305 0.0013109999999869615
0.052211000001989305 0.0
1
0.05226100000436418 0.0012970000097993761
0.05226100000436418 1.00000761449337e-06
1
0.05235100002028048 0.0013109999999869615
0.05235100002028048 1.00000761449337e-06
1
0.052857000002404675 0.0014099999971222132
0.052857000002404675 0.0
1
0.052488000015728176 0.00132299997494556
0.052488000015728176 0.0
1
0.05295800001476891 0.0014549999905284494
0.05295800001476891 1.00000761449337e-06
1
0.05251400000997819 0.0013330000219866633
0.05251400000997819 0.0
1
0.05247600001166575 0.0013380000018514693
0.05247600001166575 0.0
1
0.05244899998069741 0.0013430000108201057
0.05244899998069741 0.0
1
0.0551219999906607 0.0015070000081323087
0.0551219999906607 1.00000761449337e-06
1
0.05481799997505732 0.0013770000077784061
0.05481799997505732 9.999785106629133e-07
1
0.05468000000109896 0.0013730000064242631
0.05468000000109896 9.999785106629133e-07
1
0.06862099998397753 0.0022849999950267375
0.06862099998397753 0.0
1
0.062234000011812896 0.0016799999866634607
0.062234000011812896 0.0
1
0.062108000012813136 0.0015319999947678298
0.062108000012813136 0.0
1
0.06237699999473989 0.0015690000145696104
0.06237699999473989 0.0
1
0.06226099998457357 0.0015230000135488808
0.06226099998457357 1.00000761449337e-06
1
0.062298999982886016 0.0015779999957885593
0.062298999982886016 1.00000761449337e-06
1
0.05737500000395812 0.001432999997632578
0.05737500000395812 1.00000761449337e-06
1
0.05971000000135973 0.0015650000132154673
0.05971000000135973 0.0
1
0.05951500000082888 0.0015140000032261014
0.05951500000082888 0.0
1
0.059566999989328906 0.0015309999871533364
0.059566999989328906 0.0
1
0.06437799998093396 0.001580999989528209
0.06437799998093396 1.00000761449337e-06
1
0.06220399998710491 0.0015819999971427023
0.06220399998710491 9.999785106629133e-07
1
0.0521149999985937 0.0013519999920390546
0.0521149999985937 9.999785106629133e-07
1
0.05467300000600517 0.0014830000000074506
0.05467300000600517 1.00000761449337e-06
1
0.05480399998486973 0.0013439999893307686
0.05480399998486973 1.00000761449337e-06
1
0.05499400000553578 0.0013660000113304704
0.05499400000553578 1.00000761449337e-06
1
0.054742999986046925 0.0013599999947473407
0.054742999986046925 0.0
1
0.05458100000396371 0.0013439999893307686
0.05458100000396371 9.999785106629133e-07
1
0.055552000005263835 0.0013760000001639128
0.055552000005263835 9.999785106629133e-07
1
0.0552519999910146 0.0013949999993201345
0.0552519999910146 0.0
1
0.056887000013375655 0.001424999994924292
0.056887000013375655 0.0
1
0.057381999999051914 0.0014420000079553574
0.057381999999051914 0.0
1
0.06301099999109283 0.001552000001538545
0.06301099999109283 9.999785106629133e-07
1
0.06597100000362843 0.003763000015169382
0.06597100000362843 1.00000761449337e-06
1
0.0571909999998752 0.0014300000038929284
0.0571909999998752 0.0
1
0.05725399998482317 0.001432999997632578
0.05725399998482317 0.0
1
0.056921000010333955 0.0014220000011846423
0.056921000010333955 9.999785106629133e-07
1
0.06509099999675527 0.0016789999790489674
0.06509099999675527 9.999785106629133e-07
1
0.06720599997788668 0.0017490000172983855
0.06720599997788668 1.00000761449337e-06
1
0.06704699998954311 0.0016800000157672912
0.06704699998954311 1.00000761449337e-06
1
0.07003899998380803 0.0020289999956730753
0.07003899998380803 9.999785106629133e-07
1
0.06951699999626726 0.0043100000184495
0.06951699999626726 0.0
1
0.0696390000230167 0.0018370000179857016
0.0696390000230167 0.0
1
0.06996100000105798 0.001756999990902841
0.06996100000105798 1.00000761449337e-06
1
0.06935499998508021 0.0017269999952986836
0.06935499998508021 1.00000761449337e-06
1
0.060113999992609024 0.0015159999893512577
0.060113999992609024 9.999785106629133e-07
1
0.05970700000762008 0.0015030000067781657
0.05970700000762008 1.00000761449337e-06
1
0.0622049999947194 0.0018069999932777137
0.0622049999947194 0.0
1
0.05971200001658872 0.0014699999883305281
0.05971200001658872 1.00000761449337e-06
1
0.054727000009734184 0.0014120000123512
0.054727000009734184 9.999785106629133e-07
1
0.054497000004630536 0.0013669999898411334
0.054497000004630536 1.00000761449337e-06
1
0.049106999998912215 0.0012780000106431544
0.049106999998912215 0.0
1
0.04974000001675449 0.00124299997696653
0.04974000001675449 0.0
1
0.05000400001881644 0.0013589999871328473
0.05000400001881644 0.0
1
0.04991400000290014 0.0012750000169035047
0.04991400000290014 1.00000761449337e-06
1
0.050026999990222976 0.0015870000061113387
0.050026999990222976 1.00000761449337e-06
1
0.052051000006031245 0.0015539999876637012
0.052051000006031245 0.0
1
0.054736999998567626 0.0013599999947473407
0.054736999998567626 1.00000761449337e-06
1
0.05739999999059364 0.001436999998986721
0.05739999999059364 0.0
1
0.05762400000821799 0.0015229999844450504
0.05762400000821799 0.0
1
0.05721400000038557 0.0014260000025387853
0.05721400000038557 0.0
1
0.05974299999070354 0.0015110000094864517
0.05974299999070354 1.00000761449337e-06
1
0.06150599999818951 0.0015540000167675316
0.06150599999818951 1.00000761449337e-06
1
0.062150999990990385 0.001556000002892688
0.062150999990990385 0.0
1
0.06238000001758337 0.001568000006955117
0.06238000001758337 0.0
1
0.06196099999942817 0.001543000020319596
0.06196099999942817 0.0
1
0.0622270000167191 0.0015579999890178442
0.0622270000167191 9.999785106629133e-07
1
0
0.06687399998190813 0.0016870000108610839
0.06687399998190813 9.999785106629133e-07
1
0
0.06433100000140257 0.0016210000030696392
0.06433100000140257 0.0
1
0
0.06471700000111014 0.001639000023715198
0.06471700000111014 0.0
1
0
0.06928299998980947 0.0017170000064652413
0.06928299998980947 0.0
1
0
0.07453899999381974 0.004194000008283183
0.07453899999381974 0.0
1
0
0.07238900000811554 0.001875999994808808
0.07238900000811554 9.999785106629133e-07
1
0
0.08669699999154545 0.004845999996177852
0.08669699999154545 0.0
1
0
0.0672820000036154 0.0016820000018924475
0.0672820000036154 0.0
1
0
0.06746200000634417 0.0017189999925903976
0.06746200000634417 1.00000761449337e-06
1
0
0.06939000001875684 0.0017099999822676182
0.06939000001875684 1.00000761449337e-06
1
0
0.0846519999904558 0.0024179999891202897
0.0846519999904558 1.00000761449337e-06
1
0
0.08471999998437241 0.002087000000756234
0.08471999998437241 1.00000761449337e-06
1
0
0.08479700001771562 0.002179000002797693
0.08479700001771562 9.999785106629133e-07
1
0
0.08449100001598708 0.0020770000119227916
0.08449100001598708 0.0
1
0
0.08287400001427159 0.002083999977912754
0.08287400001427159 1.00000761449337e-06
1
0
0.07789100002264604 0.001967999996850267
0.07789100002264604 1.00000761449337e-06
1
0
0.07758399998419918 0.001982000016141683
0.07758399998419918 0.0
1
0
0.07716900002560578 0.001931000006152317
0.07716900002560578 0.0
1
0
0.0704799999948591 0.0021330000017769635
0.0704799999948591 0.0
1
0
0.06288599999970756 0.0015279999934136868
0.06288599999970756 0.0
1
0
0.0624039999966044 0.001576999988174066
0.0624039999966044 0.0
1
0
0.06234699999913573 0.0015609999827574939
0.06234699999913573 1.00000761449337e-06
1
0
0.06198100000619888 0.0015540000167675316
0.06198100000619888 1.00000761449337e-06
1
0
0.06287300001713447 0.0016790000081527978
0.06287300001713447 1.00000761449337e-06
1
0
0.06000800000037998 0.0015399999974761158
0.06000800000037998 1.00000761449337e-06
1
0
0.05941799998981878 0.0015180000045802444
0.05941799998981878 1.00000761449337e-06
1
0
0.05952500001876615 0.001508000015746802
0.05952500001876615 0.0
1
0
0.06024399999296293 0.0015549999952781945
0.06024399999296293 1.00000761449337e-06
1
0
0.06070599998929538 0.0015359999961219728
0.06070599998929538 0.0
1
0
0.059659000020474195 0.001496000011684373
0.059659000020474195 0.0
1
0
0.06257899999036454 0.0016720000130590051
0.06257899999036454 1.00000761449337e-06
1
0
0.06234599999152124 0.0015539999876637012
0.06234599999152124 0.0
1
0
0.06283199999597855 0.001572999986819923
0.06283199999597855 1.00000761449337e-06
1
0
0.06256099999882281 0.0015480000001844019
0.06256099999882281 1.00000761449337e-06
1
0
0.062080000003334135 0.0015429999912157655
0.062080000003334135 1.00000761449337e-06
1
0
0.06205999999656342 0.0015629999979864806
0.06205999999656342 0.0
1
0
0.06216800000402145 0.0016140000079758465
0.06216800000402145 0.0
1
0
0.06198600001516752 0.0015819999971427023
0.06198600001516752 0.0
1
0
0.05697400000644848 0.0014680000022053719
0.05697400000644848 0.0
1
0
0.05497800000011921 0.001385999988997355
0.05497800000011921 1.00000761449337e-06
1
0
0.05475699997623451 0.0013700000126846135
0.05475699997623451 9.999785106629133e-07
1
0
0.055293999990681186 0.0013869999966118485
0.055293999990681186 0.0
1
0
0.05689499998698011 0.0014340000052470714
0.05689499998698011 0.0
1
0
0.0673489999899175 0.0016650000179652125
0.0673489999899175 9.999785106629133e-07
1
0
0.067207000014605 0.0016759999853093177
0.067207000014605 0.0
1
0
0.06694199997582473 0.0016810000233817846
0.06694199997582473 0.0
1
0
0.062345000013010576 0.0015389999898616225
0.062345000013010576 0.0
1
0
0.06450999999651685 0.0016189999878406525
0.06450999999651685 0.0
1
0
0.06434599999920465 0.0016159999941010028
0.06434599999920465 0.0
1
0
0.06686999998055398 0.0016420000174548477
0.06686999998055398 0.0
1
0
0.07782599999336526 0.001887999998871237
0.07782599999336526 1.00000761449337e-06
1
0
0.07677899999544024 0.0019899999897461385
0.07677899999544024 0.0
1
0
0.07945099999778904 0.001982000016141683
0.07945099999778904 1.00000761449337e-06
1
0
0.07995500002289191 0.00197800001478754
0.07995500002289191 0.0
1
0
0.07955999998375773 0.0019380000012461096
0.07955999998375773 0.0
1
0
0.07223699998576194 0.0017809999990276992
0.07223699998576194 1.00000761449337e-06
1
0
0.07229300000471994 0.0017650000227149576
0.07229300000471994 0.0
1
0
0.06481700000585988 0.0016020000039134175
0.06481700000585988 0.0
1
0
0.06506600001011975 0.001648000004934147
0.06506600001011975 1.00000761449337e-06
1
0
0.06229900001198985 0.0015589999966323376
0.06229900001198985 1.00000761449337e-06
1
0
0.05231600001570769 0.001344999996945262
0.05231600001570769 0.0
1
0
0.05004999999073334 0.001344000018434599
0.05004999999073334 0.0
1
0
0.050438999984180555 0.0013390000094659626
0.050438999984180555 0.0
1
0
0.050393000012263656 0.001293000008445233
0.050393000012263656 0.0
1
0
0.06805000000167638 0.0018109999946318567
0.06805000000167638 0.0
1
0
0.05327100001159124 0.001344000018434599
0.05327100001159124 1.00000761449337e-06
1
0
0.05522200002451427 0.0013700000126846135
0.05522200002451427 0.0
1
0
0.05489200001466088 0.0013760000001639128
0.05489200001466088 1.00000761449337e-06
1
0
0.054940000001806766 0.0013919999764766544
0.054940000001806766 0.0
1
0
0.054364999989047647 0.0014139999984763563
0.054364999989047647 1.00000761449337e-06
1
0
0.05503300001146272 0.001492999988840893
0.05503300001146272 0.0
1
0
0.05469499999890104 0.001436999998986721
0.05469499999890104 0.0
1
0
0.054927000019233674 0.001381999987643212
0.054927000019233674 0.0
1
0
0.05490399998961948 0.0013809999800287187
0.05490399998961948 0.0
1
0
0.05252399999881163 0.0013540000072680414
0.05252399999881163 0.0
1
0
0.05799299999489449 0.001381999987643212
0.05799299999489449 0.0
1
0
0.0528760000015609 0.0013820000167470425
0.0528760000015609 0.0
1
0
0.05659399999422021 0.001808000000892207
0.05659399999422021 0.0
1
0
0.04997600000933744 0.0012540000025182962
0.04997600000933744 0.0
1
0
0.05207999999402091 0.0013219999964348972
0.05207999999402091 1.00000761449337e-06
1
0
0.055462999996962026 0.0014389999851118773
0.055462999996962026 0.0
1
0
0.055219999980181456 0.0013669999898411334
0.055219999980181456 0.0
1
0
0.057364000007510185 0.0014159999846015126
0.057364000007510185 1.00000761449337e-06
1
0
0.06966799998190254 0.0019730000058189034
0.06966799998190254 0.0
1
0
0.07493400000385009 0.0020739999890793115
0.07493400000385009 0.0
1
0
0.07735499998671003 0.002302000008057803
0.07735499998671003 0.0
1
0
0.07714199999463744 0.0019699999829754233
0.07714199999463744 0.0
1
0
0.07531499999458902 0.0019199999806005508
0.07531499999458902 0.0
1
0
0.07525900000473484 0.0018850000051315874
0.07525900000473484 0.0
1
0
0.06468300000415184 0.0016509999986737967
0.06468300000415184 0.0
1
0
0.05507400000351481 0.0013880000042263418
0.05507400000351481 0.0
1
0
0.05447000000276603 0.0013949999993201345
0.05447000000276603 1.00000761449337e-06
1
0
0.05463699999381788 0.001381999987643212
0.05463699999381788 0.0
1
0
0.052579999988665804 0.001344999996945262
0.052579999988665804 0.0
1
0
0.05203999998047948 0.001357000001007691
0.05203999998047948 1.00000761449337e-06
1
0
0.04985199999646284 0.0012639999913517386
0.04985199999646284 0.0
1
0
0.044769000000087544 0.00112599998828955
0.044769000000087544 1.00000761449337e-06
1
0
0.045196999999461696 0.0011620000004768372
0.045196999999461696 0.0
1
0
0.044667999987723306 0.0011240000021643937
0.044667999987723306 0.0
1
0
0.04487899999367073 0.001129999989643693
0.04487899999367073 0.0
1
0
0.04749399999855086 0.0011790000135079026
0.04749399999855086 1.00000761449337e-06
1
0
0.04745400001411326 0.001189000002341345
0.04745400001411326 1.00000761449337e-06
1
0
0.04714899999089539 0.0012149999965913594
0.04714899999089539 9.999785106629133e-07
1
0
0.04733299999497831 0.0011790000135079026
0.04733299999497831 0.0
1
0
0.04765399999450892 0.0012319999805185944
0.04765399999450892 0.0
1
0
0.04708700001356192 0.0011999999987892807
0.04708700001356192 1.00000761449337e-06
1
0
0.04734499999904074 0.0012209999840706587
0.04734499999904074 1.00000761449337e-06
1
0
0.04419200000120327 0.0011240000021643937
0.04419200000120327 0.0
1
0
0.044603000016650185 0.0011839999933727086
0.044603000016650185 1.00000761449337e-06
1
0
0.04488200001651421 0.0011889999732375145
0.04488200001651421 1.00000761449337e-06
1
0
0.04462100000819191 0.0011300000187475234
0.04462100000819191 0.0
1
0
0.044759999989764765 0.0012280000082682818
0.044759999989764765 0.0
1
0
0.04486600001109764 0.0012040000001434237
0.04486600001109764 0.0
1
0
0.0447310000017751 0.0011280000035185367
0.0447310000017751 0.0
1
0
0.04489699998521246 0.0012069999938830733
0.04489699998521246 0.0
1
0
0.049872999981744215 0.0012920000008307397
0.049872999981744215 0.0
1
0
0.056684000010136515 0.0013599999947473407
0.056684000010136515 0.0
1
0
0.0545140000176616 0.001369999983580783
0.0545140000176616 0.0
1
0
0.0546100000210572 0.001357000001007691
0.0546100000210572 1.00000761449337e-06
1
0.05488399998284876 0.0014230000087991357
0.05488399998284876 1.00000761449337e-06
1
0.05538800000795163 0.0013969999854452908
0.05538800000795163 0.0
1
0.054976999992504716 0.0013840000028721988
0.054976999992504716 9.999785106629133e-07
1
0.05991000001085922 0.0014990000054240227
0.05991000001085922 0.0
1
0.06024500000057742 0.0015140000032261014
0.06024500000057742 1.00000761449337e-06
1
0.07253000000491738 0.001871999993454665
0.07253000000491738 1.00000761449337e-06
1
0.0844890000007581 0.0024970000085886568
0.0844890000007581 0.0
1
0.08934800000861287 0.005084000003989786
0.08934800000861287 0.0
1
0.09236500001861714 0.005181999993510544
0.09236500001861714 1.00000761449337e-06
1
0.09030499999062158 0.0024429999757558107
0.09030499999062158 1.00000761449337e-06
1
0.08441499999025837 0.002111000008881092
0.08441499999025837 1.00000761449337e-06
1
0.10309399999096058 0.002910999988671392
0.10309399999096058 0.0
1
0.09155699997791089 0.0022190000163391232
0.09155699997791089 0.0
1
0.08481000000028871 0.002074999996693805
0.08481000000028871 0.0
1
0.08793800001149066 0.002335999975912273
0.08793800001149066 0.0
ERROR:sc2_patch.sc2_patch_490.main:AI step threw an error
Traceback (most recent call last):
  File "/mnt/d/sc2minigame-eval-2020-01-09/sc2_patch/sc2_patch_490/main.py", line 180, in _play_game_ai
    await ai.on_step(iteration)
  File "/mnt/d/sc2minigame-eval-2020-01-09/bots/Bluebird/bot.py", line 477, in on_step
    actions = await self.combat_manager.step()
  File "/mnt/d/sc2minigame-eval-2020-01-09/bots/Bluebird/bot.py", line 173, in step
    if builds[1].distance_to(Point2((44,44))) > builds[0].distance_to(Point2((44,44))):
IndexError: list index out of range
ERROR:sc2_patch.sc2_patch_490.main:Error: list index out of range
ERROR:sc2_patch.sc2_patch_490.main:Resigning due to previous error
INFO:root:Result for player 2 - Bot(Race.Terran, <bots.Bluebird.bot.Bot object at 0x7fe6561aff60>): Defeat
0.0967170000076294 0.0023800000199116766
0.0967170000076294 0.0
INFO:sc2.protocol:Client status changed to Status.ended (was Status.in_game)
INFO:root:Result for player 1 - Bot(Race.Terran, <bots.Showing_bot.speedBot.MarinBot object at 0x7fe665208f28>): Victory
INFO:sc2.client:Saved replay to outs/2020-01-17T11-28-03/replays/showing_bot-blue_bird/showing_bot-blue_bird-1.SC2Replay
INFO:sc2.protocol:Client status changed to Status.launched (was Status.in_game)
INFO:sc2.protocol:Client status changed to Status.quit (was Status.launched)
INFO:sc2.sc2process:kill_switch: Process cleanup
INFO:sc2.sc2process:Cleaning up...
INFO:sc2.sc2process:Cleanup complete
INFO:sc2.sc2process:Cleaning up...
INFO:sc2.sc2process:Cleanup complete
INFO:sc2.protocol:Client status changed to Status.launched (was Status.ended)
INFO:sc2.protocol:Cannot receive: Connection already closed.
INFO:sc2.sc2process:kill_switch: Process cleanup
INFO:sc2.sc2process:Cleaning up...
INFO:sc2.sc2process:Cleanup complete
INFO:sc2.sc2process:Cleaning up...
INFO:sc2.sc2process:Cleanup complete


## STDERR ##

Version: B75689 (SC2.4.10)
Build: Aug 12 2019 17:16:57
Command Line: '"/home/hspark8312/StarCraftII/Versions/Base75689/SC2_x64" -listen 127.0.0.1 -port 19166 -displayMode 0 -dataDir /home/hspark8312/StarCraftII -tempDir /tmp/SC2_p63c_obf'
Starting up...
Startup Phase 1 complete
Version: B75689 (SC2.4.10)
Build: Aug 12 2019 17:16:57
Command Line: '"/home/hspark8312/StarCraftII/Versions/Base75689/SC2_x64" -listen 127.0.0.1 -port 15201 -displayMode 0 -dataDir /home/hspark8312/StarCraftII -tempDir /tmp/SC2__su7p1lp'
Starting up...
Startup Phase 1 complete
Startup Phase 2 complete
Creating stub renderer...
Listening on: 127.0.0.1:19166
Startup Phase 3 complete. Ready for commands.
Startup Phase 2 complete
Creating stub renderer...
ConnectHandler: Request from 127.0.0.1:54793 accepted
ReadyHandler: 127.0.0.1:54793 ready
Requesting to join a multiplayer game
Configuring interface options
Configure: raw interface enabled
Configure: feature layer interface enabled
Configure: score interface enabled
Configure: render interface disabled
Listening on: 127.0.0.1:15201
Startup Phase 3 complete. Ready for commands.
ConnectHandler: Request from 127.0.0.1:54795 accepted
ReadyHandler: 127.0.0.1:54795 ready
Requesting to join a multiplayer game
Configuring interface options
Configure: raw interface enabled
Configure: feature layer interface enabled
Configure: score interface enabled
Configure: render interface disabled
Create game with map path: NCFellowship-2019_m1_v6.SC2Map
Deferred error: 536936448 (0x20010000)
Deferred error details: Bad profiling data. TimeMS: 3775980.250000 Conversion: 1.000000e-03
Attempting to join a game with the map: NCFellowship-2019_m1_v6.SC2Map
Game has started.
Using default stable ids, none found at: /home/hspark8312/StarCraftII/stableid.json
Successfully loaded stable ids: GameData\stableid.json
Sending ResponseJoinGame
Game has started.
Using default stable ids, none found at: /home/hspark8312/StarCraftII/stableid.json
Successfully loaded stable ids: GameData\stableid.json
Sending ResponseJoinGame
RequestQuit command received.
Closing Application...
/home/hspark8312/anaconda3/envs/sc2/lib/python3.6/importlib/_bootstrap.py:219: RuntimeWarning: numpy.ufunc size changed, may indicate binary incompatibility. Expected 192 from C header, got 216 from PyObject
  return f(*args, **kwds)
/home/hspark8312/anaconda3/envs/sc2/lib/python3.6/importlib/_bootstrap.py:219: RuntimeWarning: numpy.ufunc size changed, may indicate binary incompatibility. Expected 192 from C header, got 216 from PyObject
  return f(*args, **kwds)
/home/hspark8312/anaconda3/envs/sc2/lib/python3.6/site-packages/tensorboard/compat/tensorflow_stub/dtypes.py:541: FutureWarning: Passing (type, 1) or '1type' as a synonym of type is deprecated; in a future version of numpy, it will be understood as (type, (1,)) / '(1,)type'.
  _np_qint8 = np.dtype([("qint8", np.int8, 1)])
/home/hspark8312/anaconda3/envs/sc2/lib/python3.6/site-packages/past/builtins/misc.py:45: DeprecationWarning: the imp module is deprecated in favour of importlib; see the module's documentation for alternative uses
  from imp import reload
/mnt/d/sc2minigame-eval-2020-01-09/bots/Showing_bot/speedBot.py:1643: RuntimeWarning: coroutine 'TerreinManager.debug' was never awaited
  self.terrein_manager.debug()
