## STDOUT ##

[[92mINFO[0m] SC2 4.9.0 용 패치 적용
패치 sc2.ids.ability_id
패치 sc2.game_state
패치 sc2.bot_ai
패치 sc2.client
패치 sc2.controller
패치 sc2.main
INFO:root:Failed to import cuda module: No module named 'caffe2.python.caffe2_pybind11_state_gpu'
INFO:root:Failed to import AMD hip module: No module named 'caffe2.python.caffe2_pybind11_state_hip'
WARNING:root:This caffe2 python run does not have GPU support. Will run in CPU only mode.
cpu
INFO:sc2.protocol:Client status changed to Status.launched (was None)
INFO:sc2.protocol:Client status changed to Status.launched (was None)
INFO:sc2_patch.sc2_patch_490.controller:Creating new game
INFO:sc2_patch.sc2_patch_490.controller:Map:     NCFellowship-2019_m1_v6
INFO:sc2_patch.sc2_patch_490.controller:Players: Bot(Race.Terran, <bots.Showing_bot.speedBot.MarinBot object at 0x7fc27a578f60>), Bot(Race.Terran, <bots.Bluebird.bot.Bot object at 0x7fc26b51ff60>)
INFO:sc2.protocol:Client status changed to Status.init_game (was Status.launched)
INFO:sc2.protocol:Client status changed to Status.in_game (was None)
INFO:root:Player 2 - Bot(Race.Terran, <bots.Bluebird.bot.Bot object at 0x7fc26b51ff60>)
TEST: 2, <bots.Bluebird.bot.Bot object at 0x7fc26b51ff60>
INFO:sc2.protocol:Client status changed to Status.in_game (was None)
INFO:root:Player 1 - Bot(Race.Terran, <bots.Showing_bot.speedBot.MarinBot object at 0x7fc27a578f60>)
TEST: 1, <bots.Showing_bot.speedBot.MarinBot object at 0x7fc27a578f60>
load model: bots/Showing_bot/models/model-89.pt
create new model
0
0.04637300001922995 0.0026289999950677156
0.04637300001922995 1.00000761449337e-06
0.04612400001497008 0.002171000000089407
0.04612400001497008 0.0
1
0.046082999993814155 0.0013609999732580036
0.046082999993814155 0.0
1
0.04533100000116974 0.0011570000206120312
0.04533100000116974 0.0
1
0.04566699999850243 0.001073999999789521
0.04566699999850243 9.999785106629133e-07
1
1
0.04599000001326203 0.0013800000015180558
0.04599000001326203 0.0
0.0462740000220947 0.001352000021142885
0.0462740000220947 0.0
1
1
0.04851800002506934 0.0012490000226534903
0.04851800002506934 0.0
1
0.0480600000009872 0.0011790000135079026
0.0480600000009872 1.00000761449337e-06
1
0.048485000006621704 0.0012009999772999436
0.048485000006621704 1.00000761449337e-06
0.048168999986955896 0.0028990000137127936
0.048168999986955896 0.0
1
1
0.048531999986153096 0.0015669999993406236
0.048531999986153096 0.0
1
0.048180999991018325 0.0011829999857582152
0.048180999991018325 1.00000761449337e-06
1
0.04875999997602776 0.0011839999933727086
0.04875999997602776 1.00000761449337e-06
1
0.048601999995298684 0.001180999999633059
0.048601999995298684 1.00000761449337e-06
0.0486780000210274 0.0011649999942164868
0.0486780000210274 0.0
1
1
0.048608999990392476 0.001197000005049631
0.048608999990392476 9.999785106629133e-07
1
0.04808399998000823 0.0011860000086016953
0.04808399998000823 0.0
1
0.04887699999380857 0.001180000021122396
0.04887699999380857 9.999785106629133e-07
0.048581000010017306 0.0012069999938830733
0.048581000010017306 0.0
1
0.05021699998178519 0.0013170000165700912
0.05021699998178519 1.00000761449337e-06
1
0.050543999997898936 0.0013150000013411045
0.050543999997898936 1.00000761449337e-06
1
0.05091699998592958 0.0012409999908413738
0.05091699998592958 0.0
1
0.05083100000047125 0.0012390000047162175
0.05083100000047125 1.00000761449337e-06
1
1
0.04858600001898594 0.0011750000121537596
0.04858600001898594 1.00000761449337e-06
0.04814599998644553 0.0011839999933727086
0.04814599998644553 0.0
1
1
0.0485540000081528 0.0011759999906644225
0.0485540000081528 1.00000761449337e-06
1
0.048239000025205314 0.00117200001841411
0.048239000025205314 1.00000761449337e-06
0.04851800002506934 0.0011830000148620456
0.04851800002506934 1.00000761449337e-06
1
0.04863699999987148 0.0012519999872893095
0.04863699999987148 0.0
1
1
0.04897000000346452 0.0012200000055599958
0.04897000000346452 0.0
1
0.050270000007003546 0.0012559999886434525
0.050270000007003546 0.0
0.04888099999516271 0.001201999984914437
0.04888099999516271 1.00000761449337e-06
1
0.04872299998532981 0.0011710000107996166
0.04872299998532981 0.0
1
0.04832299999543466 0.001193000003695488
0.04832299999543466 1.00000761449337e-06
1
0.05100300000049174 0.001301999989664182
0.05100300000049174 0.0
1
0.05129599999054335 0.0012789999891538173
0.05129599999054335 1.00000761449337e-06
1
0.05121499998494983 0.0013270000054035336
0.05121499998494983 1.00000761449337e-06
1
0.051678999996511266 0.0012370000185910612
0.051678999996511266 1.00000761449337e-06
1
0.05146799999056384 0.001344999996945262
0.05146799999056384 0.0
1
changed strategy
1
0.05206799998995848 0.0012200000055599958
0.05206799998995848 0.0
1
0.05145299999276176 0.0012479999859351665
0.05145299999276176 1.00000761449337e-06
1
0.051156000001356006 0.0012359999818727374
0.051156000001356006 0.0
1
0.05067100000451319 0.0012700000079348683
0.05067100000451319 1.00000761449337e-06
1
0.051233000005595386 0.0012409999908413738
0.051233000005595386 1.00000761449337e-06
1
0.05134800000814721 0.0012669999850913882
0.05134800000814721 0.0
1
0.05164399999193847 0.0012339999957475811
0.05164399999193847 0.0
1
0.0512250000028871 0.0012270000006537884
0.0512250000028871 0.0
1
0.05038599998806603 0.00125200001639314
0.05038599998806603 1.00000761449337e-06
1
0.0631639999919571 0.00132299997494556
0.0631639999919571 0.0
1
0.07117999999900348 0.004374999989522621
0.07117999999900348 0.0
1
0.054057000001193956 0.0014260000025387853
0.054057000001193956 0.0
1
0.05391300001065247 0.0013120000076014549
0.05391300001065247 1.00000761449337e-06
1
0.06140999999479391 0.0014529999752994627
0.06140999999479391 1.00000761449337e-06
1
0.06751600001007318 0.001361999980872497
0.06751600001007318 1.00000761449337e-06
1
0.05303599999751896 0.0013160000089555979
0.05303599999751896 0.0
1
0.06560000000172295 0.0014439999940805137
0.06560000000172295 0.0
1
0.059982000006129965 0.001420000015059486
0.059982000006129965 1.00000761449337e-06
1
0.07842500001424924 0.0018649999983608723
0.07842500001424924 0.0
1
0.07596099999500439 0.0018770000024233013
0.07596099999500439 0.0
1
0.0758170000044629 0.001836999988881871
0.0758170000044629 1.00000761449337e-06
1
0.05416199998580851 0.0013760000001639128
0.05416199998580851 1.00000761449337e-06
1
0.054151999996975064 0.001336999994236976
0.054151999996975064 0.0
1
0.05384000000776723 0.0013600000238511711
0.05384000000776723 0.0
1
0.053687999985413626 0.001285000005736947
0.053687999985413626 0.0
1
0.053014000004623085 0.001293000008445233
0.053014000004623085 0.0
1
0.053773999999975786 0.0013040000048931688
0.053773999999975786 1.00000761449337e-06
1
0.053542999987257645 0.0012869999918621033
0.053542999987257645 1.00000761449337e-06
1
0.06878599998890422 0.0017039999947883189
0.06878599998890422 1.00000761449337e-06
1
0.07825299998512492 0.0019230000034440309
0.07825299998512492 0.0
1
0.0854119999858085 0.004879999993136153
0.0854119999858085 0.0
1
0.06142600000021048 0.003548999986378476
0.06142600000021048 0.0
1
0.06091299999388866 0.001680999994277954
0.06091299999388866 0.0
1
0.06101100001251325 0.0014729999820701778
0.06101100001251325 1.00000761449337e-06
1
0.06050600000889972 0.0014640000008512288
0.06050600000889972 0.0
1
0.05920200000400655 0.0014529999752994627
0.05920200000400655 0.0
1
0.05881499999668449 0.0014309999824035913
0.05881499999668449 9.999785106629133e-07
1
0.06122400000458583 0.0014819999923929572
0.06122400000458583 0.0
1
0.06109400000423193 0.0014789999986533076
0.06109400000423193 0.0
1
0.05886699998518452 0.0014479999954346567
0.05886699998518452 1.00000761449337e-06
1
0.07940399998915382 0.001939000008860603
0.07940399998915382 1.00000761449337e-06
1
0.05942100001266226 0.0014700000174343586
0.05942100001266226 0.0
1
0.05627000000094995 0.0013869999966118485
0.05627000000094995 0.0
1
0.056293000001460314 0.0014300000038929284
0.056293000001460314 0.0
1
0.05621199999586679 0.001584000012371689
0.05621199999586679 9.999785106629133e-07
1
0.059095999982673675 0.0017490000172983855
0.059095999982673675 0.0
1
0.05804600002011284 0.0018770000024233013
0.05804600002011284 9.999785106629133e-07
1
0.05413000000407919 0.001373999984934926
0.05413000000407919 1.00000761449337e-06
1
0.05279399998835288 0.001385999988997355
0.05279399998835288 9.999785106629133e-07
1
0.052085000002989545 0.0015340000099968165
0.052085000002989545 0.0
1
0.05118400001083501 0.0018419999978505075
0.05118400001083501 0.0
1
0.05077899998286739 0.0017769999976735562
0.05077899998286739 1.00000761449337e-06
1
0.047673000022768974 0.0011830000148620456
0.047673000022768974 9.999785106629133e-07
1
0.04891799998586066 0.0013190000026952475
0.04891799998586066 1.00000761449337e-06
1
0.04650199998286553 0.00136900000507012
0.04650199998286553 9.999785106629133e-07
1
0.04675900001893751 0.0013979999930597842
0.04675900001893751 9.999785106629133e-07
1
0.04510300001129508 0.0011789999844040722
0.04510300001129508 0.0
1
0.045860999991418794 0.0014120000123512
0.045860999991418794 0.0
1
0.04927999997744337 0.001504000014392659
0.04927999997744337 1.00000761449337e-06
1
0.04874800000106916 0.0012620000052265823
0.04874800000106916 0.0
1
0.05210100000840612 0.0013669999898411334
0.05210100000840612 0.0
1
0.05157799998414703 0.0013139999937266111
0.05157799998414703 1.00000761449337e-06
1
0.051536999992094934 0.0012749999877996743
0.051536999992094934 1.00000761449337e-06
1
0.051303000014740974 0.0013010000111535192
0.051303000014740974 0.0
1
0.05112099999678321 0.0012540000025182962
0.05112099999678321 1.00000761449337e-06
1
0.051756000000750646 0.0013259999977890402
0.051756000000750646 0.0
1
0.05129600001964718 0.0014989999763201922
0.05129600001964718 0.0
1
0.051355999981751665 0.0012970000097993761
0.051355999981751665 0.0
1
0.051257000013720244 0.0014749999972991645
0.051257000013720244 0.0
1
0.051613999996334314 0.0012970000097993761
0.051613999996334314 9.999785106629133e-07
1
0.051678999996511266 0.001305999991018325
0.051678999996511266 9.999785106629133e-07
1
0.050866999983554706 0.0013219999964348972
0.050866999983554706 1.00000761449337e-06
1
0.05126599999493919 0.0012970000097993761
0.05126599999493919 9.999785106629133e-07
1
0.051016999990679324 0.0012750000169035047
0.051016999990679324 1.00000761449337e-06
1
0.05138799999258481 0.0012700000079348683
0.05138799999258481 0.0
1
0.050476999982493 0.001256000017747283
0.050476999982493 0.0
1
0.050900000002002344 0.0012630000128410757
0.050900000002002344 0.0
1
0.05153900000732392 0.0012909999932162464
0.05153900000732392 1.00000761449337e-06
1
0.05118100001709536 0.0013129999861121178
0.05118100001709536 0.0
1
0.050635999999940395 0.0012559999886434525
0.050635999999940395 1.00000761449337e-06
1
0.07441600001766346 0.002127000014297664
0.07441600001766346 0.0
1
0.05499699999927543 0.0013179999950807542
0.05499699999927543 1.00000761449337e-06
1
0.054311999992933124 0.0013479999906849116
0.054311999992933124 0.0
1
0.0538280000037048 0.001340000017080456
0.0538280000037048 0.0
1
0.056588999985251576 0.0015509999939240515
0.056588999985251576 1.00000761449337e-06
1
0.056604000012157485 0.0013929999840911478
0.056604000012157485 0.0
1
0.056210000009741634 0.0013760000001639128
0.056210000009741634 0.0
1
0.05554099997971207 0.00136900000507012
0.05554099997971207 0.0
1
0.05613199999788776 0.0013660000113304704
0.05613199999788776 0.0
1
0.05535899999085814 0.0013709999911952764
0.05535899999085814 0.0
1
0.05628799999249168 0.0013720000279136002
0.05628799999249168 1.00000761449337e-06
1
0.05701399999088608 0.0014179999998304993
0.05701399999088608 9.999785106629133e-07
1
0.055958000011742115 0.0013849999813828617
0.055958000011742115 1.00000761449337e-06
1
0.05559899998479523 0.001400000008288771
0.05559899998479523 0.0
1
0.05718800000613555 0.001432999997632578
0.05718800000613555 1.00000761449337e-06
1
0.05665799998678267 0.0013930000131949782
0.05665799998678267 0.0
1
0.056163999979617074 0.0013599999947473407
0.056163999979617074 1.00000761449337e-06
1
0.055776000022888184 0.0013890000118408352
0.055776000022888184 9.999785106629133e-07
1
0.055460000003222376 0.0014089999895077199
0.055460000003222376 9.999785106629133e-07
1
0.05531100000371225 0.0013679999974556267
0.05531100000371225 1.00000761449337e-06
1
0.0557109999936074 0.0013840000028721988
0.0557109999936074 9.999785106629133e-07
1
0.056561000004876405 0.001361000002361834
0.056561000004876405 0.0
1
0.05677500000456348 0.0013770000077784061
0.05677500000456348 0.0
1
0.05643999998574145 0.001377999986289069
0.05643999998574145 1.00000761449337e-06
1
0.05652199999894947 0.0013970000145491213
0.05652199999894947 1.00000761449337e-06
1
0.05646799999522045 0.0013869999966118485
0.05646799999522045 1.00000761449337e-06
1
0.05720499999006279 0.0015290000010281801
0.05720499999006279 0.0
1
0.05714399999123998 0.001416000013705343
0.05714399999123998 0.0
1
0.056219999998575076 0.001432999997632578
0.056219999998575076 1.00000761449337e-06
1
0.05594400002155453 0.0014079999818932265
0.05594400002155453 0.0
1
0
0.05996300000697374 0.0016109999851323664
0.05996300000697374 0.0
1
0
0.05828600001404993 0.001457999984268099
0.05828600001404993 1.00000761449337e-06
1
0
0.05883699998958036 0.0014319999900180846
0.05883699998958036 0.0
1
0
0.059104999992996454 0.0014780000201426446
0.059104999992996454 0.0
1
0
0.061975000018719584 0.0015930000226944685
0.061975000018719584 9.999785106629133e-07
1
0
0.060886000021127984 0.001500999991549179
0.060886000021127984 0.0
1
0
0.061845999996876344 0.0015159999893512577
0.061845999996876344 9.999785106629133e-07
1
0
0.06148099998245016 0.0015509999939240515
0.06148099998245016 0.0
1
0
0.06113300001015887 0.0014890000165905803
0.06113300001015887 0.0
1
0
0.061547999997856095 0.0014950000040698797
0.061547999997856095 0.0
1
0
0.0751530000125058 0.0020209999929647893
0.0751530000125058 0.0
1
0
0.06480399999418296 0.001711999997496605
0.06480399999418296 0.0
1
0
0.06448899998213165 0.0036780000082217157
0.06448899998213165 1.00000761449337e-06
1
0
0.06691599998157471 0.0038369999965652823
0.06691599998157471 1.00000761449337e-06
1
0
0.06427000000257976 0.0016989999858196825
0.06427000000257976 1.00000761449337e-06
1
0.06034299999009818 0.0016239999968092889
0.06034299999009818 0.0
1
0.061805999983334914 0.0017900000093504786
0.061805999983334914 9.999785106629133e-07
1
0.06163199999718927 0.001803999999538064
0.06163199999718927 0.0
1
0.06156500001088716 0.0017850000003818423
0.06156500001088716 1.00000761449337e-06
1
0.05804499998339452 0.0017670000088401139
0.05804499998339452 0.0
1
0.061194000008981675 0.0017450000159442425
0.061194000008981675 0.0
1
0.05574199999682605 0.001676999992923811
0.05574199999682605 1.00000761449337e-06
1
0.053899999998975545 0.0013199999812059104
0.053899999998975545 0.0
1
0.05359699999098666 0.0014789999986533076
0.05359699999098666 1.00000761449337e-06
1
0.06155499999294989 0.0015639999764971435
0.06155499999294989 0.0
1
0.06066899999859743 0.0016720000130590051
0.06066899999859743 1.00000761449337e-06
1
0.06347600001026876 0.0019010000105481595
0.06347600001026876 1.00000761449337e-06
1
0.06356499998946674 0.0015910000074654818
0.06356499998946674 9.999785106629133e-07
1
0.06406900001456961 0.0017940000107046217
0.06406900001456961 1.00000761449337e-06
1
0.06399299998884089 0.0015469999925699085
0.06399299998884089 1.00000761449337e-06
1
0.06384799999068491 0.0015779999957885593
0.06384799999068491 0.0
1
0.0637470000074245 0.0015940000012051314
0.0637470000074245 0.0
1
0.06468500001938082 0.001520999998319894
0.06468500001938082 0.0
1
0.06495900001027621 0.0015530000091530383
0.06495900001027621 1.00000761449337e-06
1
0.06305699999211356 0.0015779999957885593
0.06305699999211356 1.00000761449337e-06
1
0.0656639999942854 0.0016900000046007335
0.0656639999942854 1.00000761449337e-06
1
0.0636979999835603 0.0015370000037364662
0.0636979999835603 0.0
1
0.06427899998379871 0.001600999996298924
0.06427899998379871 0.0
1
0.06390999999712221 0.0015499999863095582
0.06390999999712221 1.00000761449337e-06
1
0.06380199998966418 0.0015750000020489097
0.06380199998966418 1.00000761449337e-06
1
0.06415799999376759 0.0015629999979864806
0.06415799999376759 0.0
1
0.0641499999910593 0.001552000001538545
0.0641499999910593 0.0
1
0.06377900001825765 0.001547000021673739
0.06377900001825765 9.999785106629133e-07
1
0.06296099998871796 0.001537999982247129
0.06296099998871796 0.0
1
0.063492999994196 0.0015650000132154673
0.063492999994196 1.00000761449337e-06
1
0.06398099998477846 0.001543000020319596
0.06398099998477846 0.0
1
0.05790699998033233 0.0014350000128615648
0.05790699998033233 9.999785106629133e-07
1
0.05879599999752827 0.0014380000066012144
0.05879599999752827 0.0
1
0.05905700000585057 0.0015410000050906092
0.05905700000585057 9.999785106629133e-07
1
0.058646999998018146 0.0014689999807160348
0.058646999998018146 0.0
1
0.08325799999875017 0.0021019999985583127
0.08325799999875017 0.0
1
0.059834000014234334 0.0014390000142157078
0.059834000014234334 0.0
1
0.05343299999367446 0.001328000013018027
0.05343299999367446 0.0
1
0.05386700000963174 0.001361000002361834
0.05386700000963174 1.00000761449337e-06
1
0.05337899998994544 0.001320000010309741
0.05337899998994544 0.0
1
0.05426100001204759 0.0013829999952577055
0.05426100001204759 0.0
1
0.05915699998149648 0.0014680000022053719
0.05915699998149648 0.0
1
0.06046100001549348 0.0015280000225175172
0.06046100001549348 9.999785106629133e-07
1
0.0602319999889005 0.0015189999830909073
0.0602319999889005 0.0
1
0.06068699999013916 0.0014889999874867499
0.06068699999013916 1.00000761449337e-06
1
0.061271000013221055 0.00149200001033023
0.061271000013221055 0.0
1
0.06199799999012612 0.0015100000018719584
0.06199799999012612 1.00000761449337e-06
1
0.061818999995011836 0.001492999988840893
0.061818999995011836 0.0
1
0.058917999995173886 0.0015300000086426735
0.058917999995173886 1.00000761449337e-06
1
0.059123999992152676 0.001576999988174066
0.059123999992152676 0.0
1
0.058198000013362616 0.0014570000057574362
0.058198000013362616 0.0
1
0.05858700000680983 0.0014640000008512288
0.05858700000680983 1.00000761449337e-06
1
0.0595399999874644 0.0015100000018719584
0.0595399999874644 9.999785106629133e-07
1
0.055617000005440786 0.0013960000069346279
0.055617000005440786 0.0
1
0.05037000001175329 0.001293000008445233
0.05037000001175329 0.0
1
0.0536640000063926 0.0013230000040493906
0.0536640000063926 0.0
1
0.05407699997886084 0.0013210000179242343
0.05407699997886084 1.00000761449337e-06
1
0.053979999996954575 0.0013270000054035336
0.053979999996954575 0.0
1
0.07510399998864159 0.0019139999931212515
0.07510399998864159 1.00000761449337e-06
1
0.05388899997342378 0.0013190000026952475
0.05388899997342378 0.0
1
0.056443999987095594 0.0013669999898411334
0.056443999987095594 0.0
1
0.056437999999616295 0.001361000002361834
0.056437999999616295 0.0
1
0.056508999987272546 0.001432999997632578
0.056508999987272546 1.00000761449337e-06
1
0.056921000010333955 0.0014070000033825636
0.056921000010333955 0.0
1
0.056447000009939075 0.0013660000113304704
0.056447000009939075 0.0
1
0.05659700001706369 0.001416000013705343
0.05659700001706369 0.0
1
0.05685799999628216 0.0013860000181011856
0.05685799999628216 0.0
1
0.05632599999080412 0.001404000009642914
0.05632599999080412 0.0
1
0.06152099999599159 0.0014930000179447234
0.06152099999599159 0.0
1
0.06374399998458102 0.0015629999979864806
0.06374399998458102 0.0
1
0.06420900000375696 0.0015879999846220016
0.06420900000375696 0.0
1
0.0637130000104662 0.0015629999979864806
0.0637130000104662 1.00000761449337e-06
1
0.058997999993152916 0.0014700000174343586
0.058997999993152916 1.00000761449337e-06
1
0.061845999996876344 0.0014819999923929572
0.061845999996876344 1.00000761449337e-06
1
0.0619670000160113 0.0014890000165905803
0.0619670000160113 1.00000761449337e-06
1
0.05963800000608899 0.001400000008288771
0.05963800000608899 1.00000761449337e-06
1
0.05979199998546392 0.0014899999951012433
0.05979199998546392 1.00000761449337e-06
1
0.0637259999930393 0.0017010000010486692
0.0637259999930393 0.0
1
0.06390399998053908 0.0016199999954551458
0.06390399998053908 9.999785106629133e-07
1
0.06408099998952821 0.0017250000091735274
0.06408099998952821 0.0
1
0.0638780000153929 0.0015940000012051314
0.0638780000153929 0.0
1
0.06338800000958145 0.0015180000045802444
0.06338800000958145 1.00000761449337e-06
1
0.06510599999455735 0.0015230000135488808
0.06510599999455735 0.0
1
0.06154399999650195 0.0015380000113509595
0.06154399999650195 0.0
1
0.05347899999469519 0.0013880000042263418
0.05347899999469519 0.0
1
0.05527399998391047 0.0013829999952577055
0.05527399998391047 1.00000761449337e-06
1
0.056176999991294 0.001381999987643212
0.056176999991294 1.00000761449337e-06
1
0.05708299999241717 0.0014380000066012144
0.05708299999241717 1.00000761449337e-06
1
0.051506000017980114 0.0012849999766331166
0.051506000017980114 0.0
1
0.04896899999585003 0.0012459999998100102
0.04896899999585003 0.0
1
0.04863800000748597 0.0012069999938830733
0.04863800000748597 0.0
1
0.04855700000189245 0.001180999999633059
0.04855700000189245 9.999785106629133e-07
1
0.04871499998262152 0.0011940000113099813
0.04871499998262152 0.0
1
0.04887499997857958 0.0012029999925289303
0.04887499997857958 0.0
1
0.049586999986786395 0.0012449999921955168
0.049586999986786395 0.0
1
0.05111800000304356 0.0012790000182576478
0.05111800000304356 0.0
1
0.05239999998593703 0.0013259999977890402
0.05239999998593703 0.0
1
0.05647300000418909 0.0014220000011846423
0.05647300000418909 0.0
1
0.05645800000638701 0.0014070000033825636
0.05645800000638701 1.00000761449337e-06
1
0.05612799999653362 0.001385999988997355
0.05612799999653362 1.00000761449337e-06
1
0.05926999999792315 0.0014490000030491501
0.05926999999792315 0.0
1
0.0609800000092946 0.0015260000072885305
0.0609800000092946 1.00000761449337e-06
1
0.06157400002120994 0.0015030000067781657
0.06157400002120994 9.999785106629133e-07
1
0.06139600000460632 0.0015100000018719584
0.06139600000460632 1.00000761449337e-06
1
0.061362999986158684 0.0015380000113509595
0.061362999986158684 1.00000761449337e-06
1
0.060182000015629455 0.0015220000059343874
0.060182000015629455 1.00000761449337e-06
1
0.0600669999839738 0.001492999988840893
0.0600669999839738 0.0
1
0.05920600000536069 0.0014870000013615936
0.05920600000536069 1.00000761449337e-06
1
0.06079899999895133 0.0015589999966323376
0.06079899999895133 0.0
1
0.06388699999661185 0.0015700000221841037
0.06388699999661185 0.0
1
0.06914100001449697 0.004327999980887398
0.06914100001449697 1.00000761449337e-06
1
0.07126699999207631 0.004107999993721023
0.07126699999207631 9.999785106629133e-07
1
0.061545000004116446 0.0014950000040698797
0.061545000004116446 0.0
1
0.0638780000153929 0.0015700000221841037
0.0638780000153929 0.0
1
0.06906599999638274 0.0018850000051315874
0.06906599999638274 0.0
1
0.08809100001235493 0.005898000003071502
0.08809100001235493 0.0
1
0.07613699999637902 0.004538999986834824
0.07613699999637902 0.0
1
0.0792760000040289 0.004657000012230128
0.0792760000040289 1.00000761449337e-06
1
0.07956400001421571 0.002306999987922609
0.07956400001421571 1.00000761449337e-06
1
0.07958300001337193 0.0019040000042878091
0.07958300001337193 0.0
1
0.07330000001820736 0.001803999999538064
0.07330000001820736 0.0
1
0.07171799999196082 0.0017589999770279974
0.07171799999196082 0.0
1
0.07430999999633059 0.0018500000005587935
0.07430999999633059 1.00000761449337e-06
1
0.07575099999667145 0.0020440000225789845
0.07575099999667145 0.0
1
0.06667600001674145 0.001724000001559034
0.06667600001674145 0.0
1
0.05884599999990314 0.0014730000111740083
0.05884599999990314 0.0
1
0.053994999994756654 0.0013439999893307686
0.053994999994756654 1.00000761449337e-06
1
0.05428599999868311 0.0013679999974556267
0.05428599999868311 0.0
1
0.05380100000184029 0.0013250000192783773
0.05380100000184029 0.0
1
0.05131399998208508 0.0012559999886434525
0.05131399998208508 0.0
1
0.05102499999338761 0.001264999998966232
0.05102499999338761 0.0
1
0.05143699998734519 0.0012920000008307397
0.05143699998734519 9.999785106629133e-07
1
0.050715999997919425 0.001273000001674518
0.050715999997919425 0.0
1
0.04880899999989197 0.0012089999800082296
0.04880899999989197 0.0
1
0.04861399999936111 0.0012280000082682818
0.04861399999936111 9.999785106629133e-07
1
0
0.0505109999794513 0.0012540000025182962
0.0505109999794513 1.00000761449337e-06
1
0
0.05147700000088662 0.0013020000187680125
0.05147700000088662 0.0
1
0
0.050251000007847324 0.001281000004382804
0.050251000007847324 0.0
1
0
0.05048100001295097 0.0012659999774768949
0.05048100001295097 0.0
1
0
0.0530179999768734 0.0013860000181011856
0.0530179999768734 0.0
1
0
0.05512599999201484 0.0013909999979659915
0.05512599999201484 9.999785106629133e-07
1
0
0.0542880000139121 0.0013509999844245613
0.0542880000139121 0.0
1
0
0.05466799999703653 0.0013749999925494194
0.05466799999703653 0.0
1
0
0.056050000013783574 0.0013899999903514981
0.056050000013783574 0.0
1
0
0.05856299999868497 0.0014359999913722277
0.05856299999868497 0.0
1
0
0.05645200001890771 0.0014179999998304993
0.05645200001890771 0.0
1
0
0.05622399999992922 0.001404000009642914
0.05622399999992922 0.0
1
0
0.056527000007918105 0.001512999995611608
0.056527000007918105 1.00000761449337e-06
1
0
0.0698170000105165 0.0016839999880176038
0.0698170000105165 1.00000761449337e-06
1
0
0.07670599999255501 0.0019099999917671084
0.07670599999255501 1.00000761449337e-06
1
0
0.08421300002373755 0.004908000002615154
0.08421300002373755 0.0
1
0
0.07213400001637638 0.0017349999980069697
0.07213400001637638 1.00000761449337e-06
1
0
0.07572800002526492 0.0018480000144336373
0.07572800002526492 0.0
1
0
0.07974000001559034 0.002027000009547919
0.07974000001559034 9.999785106629133e-07
1
0
0.07994900000630878 0.001980000000912696
0.07994900000630878 0.0
1
0
0.10132799998973496 0.0022529999841935933
0.10132799998973496 0.0
1
0
0.0867339999822434 0.0021779999951831996
0.0867339999822434 9.999785106629133e-07
1
0
0.08533500001067296 0.002070999995339662
0.08533500001067296 0.0
1
0
0.0841190000064671 0.002265000017359853
0.0841190000064671 0.0
1
0
0.08212899998761714 0.0022680000110995024
0.08212899998761714 1.00000761449337e-06
1
0
0.076708000007784 0.001887999998871237
0.076708000007784 0.0
1
0
0.07163700001547113 0.0017649999936111271
0.07163700001547113 0.0
1
0
0.06901099998503923 0.0016750000067986548
0.06901099998503923 0.0
1
0
0.06679000001167879 0.00161500001559034
0.06679000001167879 0.0
1
0
0.05668300000252202 0.0013880000042263418
0.05668300000252202 0.0
1
0
0.051073000009637326 0.0013090000138618052
0.051073000009637326 0.0
1
0
0.051233000005595386 0.0012980000174138695
0.051233000005595386 9.999785106629133e-07
1
0
0.046507000020937994 0.0011590000067371875
0.046507000020937994 1.00000761449337e-06
1
0
0.05151800002204254 0.0013060000201221555
0.05151800002204254 0.0
1
0
0.04928700000164099 0.0012329999881330878
0.04928700000164099 0.0
1
0
0.056099999987054616 0.0013780000153928995
0.056099999987054616 0.0
1
0
0.058901999989757314 0.0014509999891743064
0.058901999989757314 0.0
1
0
0.06124999999883585 0.0015399999974761158
0.06124999999883585 0.0
1
0
0.061811999999918044 0.001512999995611608
0.061811999999918044 0.0
1
0
0.06411800000932999 0.0015839999832678586
0.06411800000932999 0.0
1
0
0.05614500000956468 0.0013840000028721988
0.05614500000956468 0.0
1
0.053730999992694706 0.0013880000042263418
0.053730999992694706 0.0
1
0.05353200001991354 0.0013380000018514693
0.05353200001991354 0.0
1
0.04985700000543147 0.0012759999954141676
0.04985700000543147 9.999785106629133e-07
1
0.05138600000645965 0.0013190000026952475
0.05138600000645965 0.0
1
0.04953600000590086 0.001260999997612089
0.04953600000590086 0.0
1
0.049331000016536564 0.0011919999960809946
0.049331000016536564 1.00000761449337e-06
1
0.04887100000632927 0.0012470000074245036
0.04887100000632927 0.0
1
0.048670000018319115 0.0012170000118203461
0.048670000018319115 9.999785106629133e-07
1
0.04621900001075119 0.0012359999818727374
0.04621900001075119 1.00000761449337e-06
1
0.047823999979300424 0.0011910000175703317
0.047823999979300424 0.0
1
0.048540999996475875 0.0012120000028517097
0.048540999996475875 0.0
1
0.0490529999951832 0.001205000007757917
0.0490529999951832 0.0
1
0.054131000011693686 0.0013159999798517674
0.054131000011693686 0.0
1
0.06657900000573136 0.0016670000040903687
0.06657900000573136 0.0
1
0.050768000015523285 0.001264000020455569
0.050768000015523285 9.999785106629133e-07
1
0.05630399999790825 0.0013890000118408352
0.05630399999790825 0.0
1
0.06760399998165667 0.001707999996142462
0.06760399998165667 0.0
0.06948299999930896 0.0016630000027362257
0.06948299999930896 0.0
1
0.07154899998567998 0.0019019999890588224
0.07154899998567998 0.0
1
1
0.07291399998939596 0.0017930000030901283
0.07291399998939596 0.0
1
0.05467899999348447 0.001344999996945262
0.05467899999348447 1.00000761449337e-06
1
0.05408699999679811 0.001348999998299405
0.05408699999679811 9.999785106629133e-07
1
0.053497000015340745 0.0013159999798517674
0.053497000015340745 9.999785106629133e-07
1
0.0534590000170283 0.001324000011663884
0.0534590000170283 1.00000761449337e-06
1
0.05382999998982996 0.001336999994236976
0.05382999998982996 1.00000761449337e-06
1
0.04339800000889227 0.0011200000008102506
0.04339800000889227 0.0
1
0.042973000003257766 0.0010800000163726509
0.042973000003257766 1.00000761449337e-06
1
0.04346899999654852 0.0010809999948833138
0.04346899999654852 0.0
1
0.04407800000626594 0.0011759999906644225
0.04407800000626594 1.00000761449337e-06
1
0.04584099998464808 0.0012400000123307109
0.04584099998464808 1.00000761449337e-06
1
0.04624399999738671 0.0012189999979455024
0.04624399999738671 0.0
1
0.045882999984314665 0.001197000005049631
0.045882999984314665 1.00000761449337e-06
1
0.045214999991003424 0.0012589999823831022
0.045214999991003424 0.0
1
0.0464780000038445 0.0011529999901540577
0.0464780000038445 9.999785106629133e-07
1
0.04579599999124184 0.0012049999786540866
0.04579599999124184 0.0
1
0.047672999993665144 0.0012060000153724104
0.047672999993665144 1.00000761449337e-06
1
0.048626999981934205 0.0012160000042058527
0.048626999981934205 0.0
1
0.049012000003131106 0.0012409999908413738
0.049012000003131106 0.0
1
0.0485200000111945 0.0012129999813623726
0.0485200000111945 0.0
1
0.05645800000638701 0.0015279999934136868
0.05645800000638701 1.00000761449337e-06
1
0.04872099999920465 0.0012470000074245036
0.04872099999920465 0.0
1
0.04785299999639392 0.0012029999925289303
0.04785299999639392 0.0
1
0.04912000001058914 0.0011879999947268516
0.04912000001058914 0.0
1
0.045750999997835606 0.0011759999906644225
0.045750999997835606 0.0
1
0.04882799999904819 0.0012229999992996454
0.04882799999904819 0.0
1
0.04799999998067506 0.0012200000055599958
0.04799999998067506 1.00000761449337e-06
1
0.04856299998937175 0.0012270000006537884
0.04856299998937175 1.00000761449337e-06
1
0.04596400001901202 0.001184000022476539
0.04596400001901202 0.0
1
0.04513400001451373 0.0011749999830499291
0.04513400001451373 9.999785106629133e-07
1
0.046061000000918284 0.0011630000080913305
0.046061000000918284 0.0
1
0.045707000012043864 0.0011989999911747873
0.045707000012043864 0.0
1
0.051393000001553446 0.0012540000025182962
0.051393000001553446 1.00000761449337e-06
1
0.0535620000155177 0.0013349999790079892
0.0535620000155177 9.999785106629133e-07
1
0.05908799997996539 0.001496999990195036
0.05908799997996539 0.0
1
0.06877700000768527 0.0017989999905694276
0.06877700000768527 0.0
1
0.07242100001894869 0.0020170000207144767
0.07242100001894869 1.00000761449337e-06
1
0.07791900000302121 0.002131000015651807
0.07791900000302121 0.0
0.08113900001626462 0.00201800002832897
0.08113900001626462 0.0
1
1
0.0798099999956321 0.001963999995496124
0.0798099999956321 0.0
1
0.09248200000729412 0.002689999993890524
0.09248200000729412 9.999785106629133e-07
1
0.0629369999805931 0.001584000012371689
0.0629369999805931 0.0
1
0.0634309999877587 0.0016029999824240804
0.0634309999877587 1.00000761449337e-06
1
0.06405299998004921 0.0015420000127051026
0.06405299998004921 1.00000761449337e-06
1
0.06328400000347756 0.0015879999846220016
0.06328400000347756 1.00000761449337e-06
1
0.05423700000392273 0.001344999996945262
0.05423700000392273 1.00000761449337e-06
1
0.048535000008996576 0.0012529999949038029
0.048535000008996576 1.00000761449337e-06
1
0.04062699998030439 0.001053999993018806
0.04062699998030439 1.00000761449337e-06
1
0.042562999995425344 0.0011620000004768372
0.042562999995425344 0.0
1
0.04205800002091564 0.0010910000128205866
0.04205800002091564 0.0
1
0.0407100000011269 0.001078999979654327
0.0407100000011269 0.0
1
0.04096900002332404 0.0010309999925084412
0.04096900002332404 1.00000761449337e-06
1
0.040910999989137053 0.0010310000216122717
0.040910999989137053 1.00000761449337e-06
1
0.04108600001200102 0.0010329999786335975
0.04108600001200102 0.0
1
0.041154000005917624 0.0010360000014770776
0.041154000005917624 0.0
1
0.04112499998882413 0.001037000009091571
0.04112499998882413 0.0
1
0.041890000022249296 0.0010729999921750277
0.041890000022249296 1.00000761449337e-06
1
0.04128200002014637 0.001069999998435378
0.04128200002014637 1.00000761449337e-06
1
0.04109099999186583 0.001105000003008172
0.04109099999186583 1.00000761449337e-06
1
0.04108900000574067 0.0010389999952167273
0.04108900000574067 1.00000761449337e-06
1
0
0.043175999977393076 0.0010879999899771065
0.043175999977393076 9.999785106629133e-07
1
0
0.042733000009320676 0.0011060000106226653
0.042733000009320676 9.999785106629133e-07
1
0
0.04372999997576699 0.001057000015862286
0.04372999997576699 1.00000761449337e-06
1
0
0.042942000000039116 0.0011039999953936785
0.042942000000039116 0.0
1
0
0.04277999998885207 0.0010959999926853925
0.04277999998885207 0.0
1
0
0.04290100000798702 0.0010879999899771065
0.04290100000798702 9.999785106629133e-07
1
0
0.04356499999994412 0.0011079999967478216
0.04356499999994412 1.00000761449337e-06
1
0
0.04286099999444559 0.001069999998435378
0.04286099999444559 1.00000761449337e-06
1
0
0.043827999994391575 0.0011399999784771353
0.043827999994391575 1.00000761449337e-06
1
0
0.04357500001788139 0.001086999982362613
0.04357500001788139 0.0
1
0
0.0436139999947045 0.0010830000101123005
0.0436139999947045 1.00000761449337e-06
1
0
0.04856100000324659 0.0012430000060703605
0.04856100000324659 1.00000761449337e-06
1
0
0.06187299999874085 0.0015949999797157943
0.06187299999874085 0.0
1
0
0.0518549999978859 0.0013350000081118196
0.0518549999978859 0.0
1
0
0.05128099999274127 0.0013029999972786754
0.05128099999274127 1.00000761449337e-06
1
0
0.06421400001272559 0.0017309999966528267
0.06421400001272559 0.0
1
0
0.06928299998980947 0.0018709999858401716
0.06928299998980947 1.00000761449337e-06
1
0
0.07642600001418032 0.0021430000197142363
0.07642600001418032 1.00000761449337e-06
1
0.07691999999224208 0.0018410000193398446
0.07691999999224208 0.0
1
0.048473000002559274 0.0012160000042058527
0.048473000002559274 9.999785106629133e-07
1
0.06677999999374151 0.0017719999887049198
0.06677999999374151 0.0
1
0.049823999986983836 0.0012940000160597265
0.049823999986983836 9.999785106629133e-07
1
0.04800700000487268 0.0013109999999869615
0.04800700000487268 0.0
1
0.04801999998744577 0.001213000010466203
0.04801999998744577 1.00000761449337e-06
1
0.04531600000336766 0.0013289999915286899
0.04531600000336766 0.0
1
0.04363800000282936 0.0010929999989457428
0.04363800000282936 0.0
1
0.04259900000761263 0.0011029999877791852
0.04259900000761263 1.00000761449337e-06
1
0.04279000000678934 0.001088000019080937
0.04279000000678934 1.00000761449337e-06
1
0.0435179999913089 0.0010870000114664435
0.0435179999913089 0.0
1
0.040883999987272546 0.0010730000212788582
0.040883999987272546 0.0
1
0.04406600000220351 0.001113000005716458
0.04406600000220351 0.0
1
0.043662000010954216 0.0011449999874457717
0.043662000010954216 1.00000761449337e-06
1
0.0436539999791421 0.0010980000079143792
0.0436539999791421 0.0
1
0.04367899999488145 0.0011689999955706298
0.04367899999488145 0.0
1
0.043769000010797754 0.0010899999761022627
0.043769000010797754 0.0
1
0.043692000006558374 0.0010970000002998859
0.043692000006558374 0.0
1
0.04330900000059046 0.0011300000187475234
0.04330900000059046 0.0
1
0.04252899999846704 0.0010910000128205866
0.04252899999846704 9.999785106629133e-07
1
0.04365300000063144 0.0011520000116433948
0.04365300000063144 0.0
1
0.04369500000029802 0.001145999995060265
0.04369500000029802 1.00000761449337e-06
1
0.04319200001191348 0.001101000001654029
0.04319200001191348 0.0
1
0.04106599997612648 0.0010340000153519213
0.04106599997612648 0.0
1
0.041144999995594844 0.0010489999840501696
0.041144999995594844 1.00000761449337e-06
1
0.04100300002028234 0.0010399999737273902
0.04100300002028234 0.0
1
0.041175999998813495 0.0010520000068936497
0.041175999998813495 0.0
1
0.041024999984074384 0.0010720000136643648
0.041024999984074384 1.00000761449337e-06
1
0.04220900000655092 0.0010970000002998859
0.04220900000655092 0.0
1
0.041221999999834225 0.0010650000185705721
0.041221999999834225 0.0
1
0.04170000000158325 0.0010900000052060932
0.04170000000158325 0.0
1
0.040739000018220395 0.001029000006383285
0.040739000018220395 0.0
1
0.04417999999714084 0.0011449999874457717
0.04417999999714084 0.0
1
0.04375300000538118 0.001108000025851652
0.04375300000538118 0.0
1
0.05640499998116866 0.0014120000123512
0.05640499998116866 1.00000761449337e-06
1
0.04650299999048002 0.0011950000189244747
0.04650299999048002 1.00000761449337e-06
1
0.04530600001453422 0.0012660000065807253
0.04530600001453422 0.0
1
0.05650700000114739 0.0013970000145491213
0.05650700000114739 9.999785106629133e-07
1
0.06268100001034327 0.0015450000064447522
0.06268100001034327 1.00000761449337e-06
1
0.07209200001670979 0.0020240000158082694
0.07209200001670979 0.0
1
0.06951000000117347 0.0016820000018924475
0.06951000000117347 0.0
1
0.0453550000092946 0.0012370000185910612
0.0453550000092946 0.0
1
0.04639900001347996 0.0011490000179037452
0.04639900001347996 0.0
1
0.04481499997200444 0.0012620000052265823
0.04481499997200444 9.999785106629133e-07
1
0.04256100000930019 0.0011550000053830445
0.04256100000930019 1.00000761449337e-06
1
0.043359999981475994 0.0010910000128205866
0.043359999981475994 1.00000761449337e-06
1
0.03820299997460097 0.0010030000121332705
0.03820299997460097 0.0
1
0.041021999990334734 0.0010379999876022339
0.041021999990334734 0.0
1
0.04130300000542775 0.0010870000114664435
0.04130300000542775 1.00000761449337e-06
1
0.056210000009741634 0.0012549999810289592
0.056210000009741634 0.0
1
0.04855499998666346 0.00120900000911206
0.04855499998666346 0.0
1
0.04635799999232404 0.0011609999928623438
0.04635799999232404 0.0
1
0.04623799998080358 0.0011820000072475523
0.04623799998080358 1.00000761449337e-06
1
0.04609099999652244 0.0012360000109765679
0.04609099999652244 0.0
1
0.04625899999518879 0.0012540000025182962
0.04625899999518879 9.999785106629133e-07
1
0.045297999982722104 0.001248000015038997
0.045297999982722104 1.00000761449337e-06
1
0.04347899998538196 0.0011190000222995877
0.04347899998538196 0.0
1
0.04103000002214685 0.0011029999877791852
0.04103000002214685 0.0
1
0.040970000001834705 0.001062999974237755
0.040970000001834705 1.00000761449337e-06
1
0.038915000011911616 0.0009879999852273613
0.038915000011911616 1.00000761449337e-06
1
0.03880899999057874 0.0010369999799877405
0.03880899999057874 1.00000761449337e-06
1
0.038502999988850206 0.0009710000013001263
0.038502999988850206 0.0
1
0.04092299999319948 0.0010339999862480909
0.04092299999319948 1.00000761449337e-06
1
0.041083999996772036 0.00104599999031052
0.041083999996772036 0.0
1
0.04098399999202229 0.0010269999911542982
0.04098399999202229 0.0
1
0.04124200000660494 0.0010390000243205577
0.04124200000660494 0.0
1
0.04091199999675155 0.0010289999772794545
0.04091199999675155 1.00000761449337e-06
1
0.040326999995158985 0.001033000007737428
0.040326999995158985 0.0
1
0.040471000014804304 0.001057000015862286
0.040471000014804304 0.0
1
0.041142000001855195 0.0010150000161956996
0.041142000001855195 1.00000761449337e-06
1
0.04096800001570955 0.0010320000001229346
0.04096800001570955 1.00000761449337e-06
1
0.04100600001402199 0.0010360000014770776
0.04100600001402199 0.0
1
0.0411690000037197 0.0010820000024978071
0.0411690000037197 1.00000761449337e-06
1
0.04036499999347143 0.0010360000014770776
0.04036499999347143 0.0
1
0.051819999993313104 0.0013119999784976244
0.051819999993313104 0.0
0.04367300000740215 0.001121999986935407
0.04367300000740215 9.999785106629133e-07
1
1
0.04386399997747503 0.0011449999874457717
0.04386399997747503 1.00000761449337e-06
0.04311599998618476 0.0010950000141747296
0.04311599998618476 9.999785106629133e-07
1
0.04416399999172427 0.0011539999977685511
0.04416399999172427 1.00000761449337e-06
1
0.04325100002461113 0.0010999999940395355
0.04325100002461113 0.0
1
1
0.043612000008579344 0.0011449999874457717
0.043612000008579344 0.0
0.0382089999911841 0.0009800000116229057
0.0382089999911841 9.999785106629133e-07
1
1
0.04117799998493865 0.0010820000024978071
0.04117799998493865 0.0
1
0.041163999994751066 0.0010429999965708703
0.041163999994751066 0.0
1
0.041230999981053174 0.001041000010445714
0.041230999981053174 9.999785106629133e-07
1
0.04108299998915754 0.0010270000202581286
0.04108299998915754 9.999785106629133e-07
1
0.04093200000352226 0.0010320000001229346
0.04093200000352226 0.0
1
0.04043599998112768 0.0010279999987687916
0.04043599998112768 0.0
1
0.040380999998888 0.0010309999925084412
0.040380999998888 0.0
1
0.04093499999726191 0.001025000005029142
0.04093499999726191 0.0
1
0.04116500000236556 0.0010229999898001552
0.04116500000236556 1.00000761449337e-06
1
0.04033499999786727 0.0010429999965708703
0.04033499999786727 0.0
1
0.0408799999859184 0.001061999995727092
0.0408799999859184 9.999785106629133e-07
1
0.04093799999100156 0.0010400000028312206
0.04093799999100156 1.00000761449337e-06
1
0.04044599999906495 0.0010620000248309225
0.04044599999906495 0.0
1
0.04088200000114739 0.0010959999926853925
0.04088200000114739 0.0
1
0.04129399999510497 0.001101000001654029
0.04129399999510497 9.999785106629133e-07
1
0.04295200001797639 0.001125000009778887
0.04295200001797639 0.0
1
0.04342699999688193 0.0011119999981019646
0.04342699999688193 1.00000761449337e-06
1
0.04288900000392459 0.0011430000013206154
0.04288900000392459 1.00000761449337e-06
1
0.04343799999332987 0.0011389999999664724
0.04343799999332987 0.0
1
0.043476999999256805 0.001117999985581264
0.043476999999256805 1.00000761449337e-06
1
0
0.04280500000459142 0.0011320000048726797
0.04280500000459142 9.999785106629133e-07
1
0
0.043554000003496185 0.0011369999847374856
0.043554000003496185 1.00000761449337e-06
1
0
0.04394099998171441 0.0011520000116433948
0.04394099998171441 9.999785106629133e-07
1
0
0.04362600002787076 0.00112599998828955
0.04362600002787076 0.0
1
0
0.04405300001963042 0.0011750000121537596
0.04405300001963042 0.0
1
0
0.04343299998436123 0.0010860000038519502
0.04343299998436123 1.00000761449337e-06
1
0
0.0436479999916628 0.0011079999967478216
0.0436479999916628 1.00000761449337e-06
1
0
0.04288899997482076 0.0010800000163726509
0.04288899997482076 1.00000761449337e-06
1
0
0.04349700000602752 0.0010959999926853925
0.04349700000602752 0.0
1
0
0.044563000003108755 0.0014549999905284494
0.044563000003108755 0.0
1
0
0.046126000001095235 0.001225999993039295
0.046126000001095235 0.0
1
0
0.04922899999655783 0.0012580000038724393
0.04922899999655783 0.0
1
0
0.06156400000327267 0.0015119999879971147
0.06156400000327267 1.00000761449337e-06
1
0
0.056360999995376915 0.0013919999764766544
0.056360999995376915 0.0
1
0
0.06661899999016896 0.001640000002225861
0.06661899999016896 1.00000761449337e-06
1
0
0.0755559999961406 0.0019170000159647316
0.0755559999961406 1.00000761449337e-06
1
0
0.0923880000191275 0.005418999993707985
0.0923880000191275 0.0
1
0
0.09725300001446158 0.005466000002343208
0.09725300001446158 0.0
0.10897899998235516 0.006269999983487651
0.10897899998235516 0.0
1
0
0.10545999999158084 0.00330400001257658
0.10545999999158084 1.00000761449337e-06
1
0
1
0
0.0688289999961853 0.0017020000086631626
0.0688289999961853 0.0
1
0
0.06693000000086613 0.0016679999826010317
0.06693000000086613 0.0
1
0
0.0667470000043977 0.0016790000081527978
0.0667470000043977 9.999785106629133e-07
1
0
0.06681300001218915 0.0016419999883510172
0.06681300001218915 0.0
1
0
0.059375999990152195 0.0015260000072885305
0.059375999990152195 0.0
1
0
0.04887500000768341 0.0012759999954141676
0.04887500000768341 1.00000761449337e-06
1
0
0.04353500000433996 0.0011020000092685223
0.04353500000433996 0.0
1
0
0.04369500000029802 0.0011380000214558095
0.04369500000029802 1.00000761449337e-06
1
0
0.04350699999486096 0.0010950000141747296
0.04350699999486096 0.0
1
0
0.04383300000336021 0.0011039999953936785
0.04383300000336021 0.0
1
0
0.04364699998404831 0.0011149999918416142
0.04364699998404831 0.0
1
0
0.043444000009913 0.0010929999989457428
0.043444000009913 1.00000761449337e-06
1
0
0.04347199999028817 0.0011769999982789159
0.04347199999028817 0.0
1
0
0.04351499999756925 0.0010940000065602362
0.04351499999756925 0.0
1
0
0.0435120000038296 0.0011059999815188348
0.0435120000038296 0.0
1
0
0.04086300000199117 0.0010790000087581575
0.04086300000199117 1.00000761449337e-06
1
0
0.04138899999088608 0.0011140000133309513
0.04138899999088608 1.00000761449337e-06
1
0
0.04118400000152178 0.001049000013154
0.04118400000152178 1.00000761449337e-06
1
0
0.04057100001955405 0.0010480000055395067
0.04057100001955405 0.0
1
0
0.04055299999890849 0.001045000011799857
0.04055299999890849 0.0
1
0
0.04104899999219924 0.0010409999813418835
0.04104899999219924 0.0
1
0
0.040910999989137053 0.0010480000055395067
0.040910999989137053 0.0
1
0
0.04096600000048056 0.00104599999031052
0.04096600000048056 1.00000761449337e-06
1
0
0.038585999980568886 0.0009889999928418547
0.038585999980568886 0.0
1
0
0.03841099998680875 0.0009830000053625554
0.03841099998680875 0.0
1
0
0.03833599999779835 0.0009890000219456851
0.03833599999779835 0.0
1
0
0.038155000016558915 0.0010310000216122717
0.038155000016558915 0.0
1
0
0.03882099999464117 0.0010000000183936208
0.03882099999464117 9.999785106629133e-07
1
0
0.03832300001522526 0.0009959999879356474
0.03832300001522526 1.00000761449337e-06
1
0
0.0381129999877885 0.0010089999996125698
0.0381129999877885 9.999785106629133e-07
1
0
0.04087600001366809 0.0010360000014770776
0.04087600001366809 0.0
1
0
0.043245000008028 0.0011369999847374856
0.043245000008028 0.0
1
0
0.04351800002041273 0.001109000004362315
0.04351800002041273 1.00000761449337e-06
0.04274899998563342 0.0011119999981019646
0.04274899998563342 0.0
1
0
0.04335200000787154 0.001205000007757917
0.04335200000787154 0.0
1
0
0.04319500000565313 0.0010970000002998859
0.04319500000565313 9.999785106629133e-07
1
0
0.04404800001066178 0.0011320000048726797
0.04404800001066178 0.0
1
0
0.0406139999977313 0.00104599999031052
0.0406139999977313 1.00000761449337e-06
1
0
1
0
0.03838199999881908 0.0010260000126436353
0.03838199999881908 0.0
1
0
0.03818400000454858 0.0010060000058729202
0.03818400000454858 1.00000761449337e-06
1
0
0.050491000001784414 0.0012960000021848828
0.050491000001784414 0.0
1
0
0.03854500001762062 0.0009790000040084124
0.03854500001762062 1.00000761449337e-06
1
0
0.03818999999202788 0.0009830000053625554
0.03818999999202788 0.0
1
0
0.037810000008903444 0.000985999999102205
0.037810000008903444 0.0
1
0
0.038250000012340024 0.000985999999102205
0.038250000012340024 1.00000761449337e-06
1
0
0.03864300000714138 0.0010149999870918691
0.03864300000714138 0.0
1
0
0.038493000000016764 0.0010300000139977783
0.038493000000016764 0.0
1
0
0.035921999980928376 0.0009429999918211251
0.035921999980928376 1.00000761449337e-06
1
0
0.033041999995475635 0.000881000014487654
0.033041999995475635 0.0
1
0
0.03363999997964129 0.0008559999987483025
0.03363999997964129 0.0
1
0
0.033269999985350296 0.0008800000068731606
0.033269999985350296 0.0
1
0
0.03495999998995103 0.0009840000129770488
0.03495999998995103 0.0
1
0
0.03340899999602698 0.0009640000062063336
0.03340899999602698 9.999785106629133e-07
1
0
0.03356899999198504 0.0009260000078938901
0.03356899999198504 0.0
1
0
0.033460000006016344 0.0009150000114459544
0.033460000006016344 9.999785106629133e-07
1
0
0.033248000021558255 0.0008640000014565885
0.033248000021558255 0.0
1
0
0.03351099998690188 0.0008720000041648746
0.03351099998690188 0.0
1
0
0.033475999982329085 0.0008720000041648746
0.033475999982329085 9.999785106629133e-07
1
0
0.03321500000311062 0.0008739999902900308
0.03321500000311062 1.00000761449337e-06
1
0
0.033442000014474615 0.00088900001719594
0.033442000014474615 0.0
1
0
0.0357079999812413 0.0009469999931752682
0.0357079999812413 0.0
1
0
0.03524599998490885 0.000910999980987981
0.03524599998490885 9.999785106629133e-07
1
0
0.03595399999176152 0.0009310000168625265
0.03595399999176152 1.00000761449337e-06
1
0
0.035992000019177794 0.0009190000128000975
0.035992000019177794 0.0
1
0
0.03551899999729358 0.0009180000051856041
0.03551899999729358 0.0
1
0
0.03547400000388734 0.0009250000002793968
0.03547400000388734 1.00000761449337e-06
1
0
0.03581499998108484 0.0009279999940190464
0.03581499998108484 9.999785106629133e-07
1
0
0.03607699999702163 0.0009269999864045531
0.03607699999702163 0.0
1
0
0.0352710000006482 0.0009499999869149178
0.0352710000006482 0.0
1
0
0.035570999985793605 0.0009169999975711107
0.035570999985793605 9.999785106629133e-07
1
0
0.035958000022219494 0.0009969999955501407
0.035958000022219494 1.00000761449337e-06
0.05131100001744926 0.0013210000179242343
0.05131100001744926 0.0
1
0
0.03841100001591258 0.0010150000161956996
0.03841100001591258 0.0
1
0
0.03848299998207949 0.0010119999933522195
0.03848299998207949 1.00000761449337e-06
1
0
0.038686999992933124 0.0010149999870918691
0.038686999992933124 0.0
1
0
0.0384920000215061 0.0009830000053625554
0.0384920000215061 1.00000761449337e-06
1
0
0.03832799999509007 0.0009839999838732183
0.03832799999509007 1.00000761449337e-06
1
0
0.03340399998705834 0.0009070000087376684
0.03340399998705834 0.0
1
0
0.03372000000672415 0.000897999998414889
0.03372000000672415 1.00000761449337e-06
1
0
0.03351999999722466 0.0008749999979045242
0.03351999999722466 1.00000761449337e-06
1
0
1
0
0.03610999998636544 0.0008950000046752393
0.03610999998636544 0.0
1
0
0.03559300000779331 0.0009220000065397471
0.03559300000779331 1.00000761449337e-06
1
0
0.03579600001103245 0.0009129999962169677
0.03579600001103245 0.0
1
0
0.03585499999462627 0.0009170000266749412
0.03585499999462627 0.0
1
0
0.035835000016959384 0.0009290000016335398
0.035835000016959384 0.0
1
0
0.035687999974470586 0.0009230000141542405
0.035687999974470586 1.00000761449337e-06
1
0
0.03588199999649078 0.0009239999926649034
0.03588199999649078 0.0
1
0
0.03568100000848062 0.0009209999989252537
0.03568100000848062 0.0
1
0
0.03534800000488758 0.000957000011112541
0.03534800000488758 0.0
1
0
0.03583599999547005 0.0009339999814983457
0.03583599999547005 0.0
1
0
0.03611700001056306 0.0009190000128000975
0.03611700001056306 0.0
1
0
0.03573200001846999 0.0009489999793004245
0.03573200001846999 1.00000761449337e-06
1
0
0.03623600001446903 0.000961000012466684
0.03623600001446903 1.00000761449337e-06
1
0
0.03585300000850111 0.0009959999879356474
0.03585300000850111 0.0
1
0
0.035734000004595146 0.0009169999975711107
0.035734000004595146 0.0
1
0
0.037706000002799556 0.0009790000040084124
0.037706000002799556 0.0
1
0
0.03832200000761077 0.0009729999874252826
0.03832200000761077 9.999785106629133e-07
1
0
0.038486999983433634 0.000990000000456348
0.038486999983433634 0.0
1
0
0.037631999992299825 0.0009710000013001263
0.037631999992299825 0.0
1
0
0.03813499998068437 0.0009729999874252826
0.03813499998068437 1.00000761449337e-06
1
0
0.038182999996934086 0.0010140000085812062
0.038182999996934086 0.0
1
0
0.037933000014163554 0.0010730000212788582
0.037933000014163554 1.00000761449337e-06
1
0
0.038598000013735145 0.0010039999906439334
0.038598000013735145 0.0
1
0
0.03785500000230968 0.001025000005029142
0.03785500000230968 9.999785106629133e-07
1
0
0.0385600000154227 0.0009519999730400741
0.0385600000154227 9.999785106629133e-07
1
0
0.03863300001830794 0.0009589999972376972
0.03863300001830794 0.0
1
0
0.03819000002113171 0.0009960000170394778
0.03819000002113171 1.00000761449337e-06
1
0
0.040910999989137053 0.0010600000096019357
0.040910999989137053 1.00000761449337e-06
1
0
0.040844000002834946 0.0010309999925084412
0.040844000002834946 0.0
1
0
0.04026900001917966 0.0010310000216122717
0.04026900001917966 0.0
1
0
0.04329699999652803 0.001150999974925071
0.04329699999652803 1.00000761449337e-06
1
0
0.04619200000888668 0.0011539999977685511
0.04619200000888668 1.00000761449337e-06
1
0
0.06414900001254864 0.0015619999903719872
0.06414900001254864 1.00000761449337e-06
1
0
0.04779700000653975 0.001213000010466203
0.04779700000653975 0.0
1
0
0.05022799997823313 0.0013050000125076622
0.05022799997823313 0.0
1
0
0.0605490000161808 0.0015230000135488808
0.0605490000161808 9.999785106629133e-07
1
0
0.0687799999723211 0.0016810000233817846
0.0687799999723211 0.0
0.048076000006403774 0.0012339999957475811
0.048076000006403774 0.0
1
0
1
0
0.04628999999840744 0.0011999999987892807
0.04628999999840744 9.999785106629133e-07
0.0461150000046473 0.0011660000018309802
0.0461150000046473 0.0
1
0
1
0
0.04836300000897609 0.001209999987622723
0.04836300000897609 0.0
1
0
0.04763899999670684 0.0012189999979455024
0.04763899999670684 1.00000761449337e-06
1
0
0.048575000022538006 0.0012250000145286322
0.048575000022538006 0.0
1
0
0.04346399998757988 0.0012900000147055835
0.04346399998757988 1.00000761449337e-06
1
0
0.043819000013172626 0.001185000000987202
0.043819000013172626 0.0
1
0
0.03844800000661053 0.0010309999925084412
0.03844800000661053 0.0
1
0
0.038357999990694225 0.000973999995039776
0.038357999990694225 0.0
1
0
0.04328400001395494 0.0011609999928623438
0.04328400001395494 0.0
1
0
0.040031999989878386 0.0010349999938625842
0.040031999989878386 1.00000761449337e-06
1
0
0.04057399998418987 0.0010790000087581575
0.04057399998418987 0.0
1
0
0.040944999986095354 0.0010649999894667417
0.040944999986095354 1.00000761449337e-06
1
0
0.04065800001262687 0.0010790000087581575
0.04065800001262687 0.0
1
0
0.04032800000277348 0.001086999982362613
0.04032800000277348 1.00000761449337e-06
1
0
0.0410390000033658 0.0010469999979250133
0.0410390000033658 0.0
1
0
0.03570200002286583 0.00092299998505041
0.03570200002286583 0.0
1
0
0.03576299999258481 0.0009260000078938901
0.03576299999258481 1.00000761449337e-06
1
0
0.035684999980730936 0.0009669999999459833
0.035684999980730936 0.0
1
0
0.03566199998022057 0.0009230000141542405
0.03566199998022057 0.0
1
0
0.03511499997694045 0.0009239999926649034
0.03511499997694045 1.00000761449337e-06
1
0
0.03571599998394959 0.0009230000141542405
0.03571599998394959 0.0
1
0
0.03547300002537668 0.0009340000106021762
0.03547300002537668 0.0
1
0
0.03581899998243898 0.0009350000182166696
0.03581899998243898 0.0
1
0
0.0362979999918025 0.0009490000084042549
0.0362979999918025 0.0
1
0
0.03637800001888536 0.0009270000155083835
0.03637800001888536 1.00000761449337e-06
1
0
0.035514999995939434 0.0009680000075604767
0.035514999995939434 0.0
1
0
0.03503400000045076 0.0009269999864045531
0.03503400000045076 0.0
1
0
0.035801000020001084 0.0009350000182166696
0.035801000020001084 1.00000761449337e-06
1
0
0.036041000013938174 0.000985999999102205
0.036041000013938174 0.0
1
0
0.03661300000385381 0.0012669999850913882
0.03661300000385381 0.0
1
0
0.03740500001003966 0.00104599999031052
0.03740500001003966 0.0
1
0
0.0374829999927897 0.001065999997081235
0.0374829999927897 0.0
1
0
0.04346700001042336 0.001361000002361834
0.04346700001042336 0.0
1
0
0.056164000008720905 0.0013880000042263418
0.056164000008720905 0.0
0.039615999994566664 0.0010760000150185078
0.039615999994566664 0.0
1
0
0.03902100000414066 0.0010710000060498714
0.03902100000414066 0.0
1
0
0.04029699999955483 0.0011109999904874712
0.04029699999955483 1.00000761449337e-06
1
0
0.03970399999525398 0.0010989999864250422
0.03970399999525398 0.0
1
0
0.03977499998291023 0.0011069999891333282
0.03977499998291023 0.0
1
0
0.037142999994102865 0.0010560000082477927
0.037142999994102865 1.00000761449337e-06
1
0
0.03570100001525134 0.000981000019237399
0.03570100001525134 1.00000761449337e-06
1
0
0.03482400000211783 0.0009600000048521906
0.03482400000211783 9.999785106629133e-07
1
0
0.03361600000062026 0.0010210000036749989
0.03361600000062026 0.0
1
0
0.0347660000261385 0.0010420000180602074
0.0347660000261385 1.00000761449337e-06
1
0
0.035306000005220994 0.0010039999906439334
0.035306000005220994 0.0
1
0
0.03501200000755489 0.0009970000246539712
0.03501200000755489 0.0
1
0
0.03490999998757616 0.000985999999102205
0.03490999998757616 9.999785106629133e-07
1
0
0.03515599999809638 0.0009700000227894634
0.03515599999809638 1.00000761449337e-06
1
0
0.03387699997983873 0.0009589999972376972
0.03387699997983873 0.0
1
0
0.03420300001744181 0.0009370000043418258
0.03420300001744181 0.0
1
0
0.033965000009629875 0.0009220000065397471
0.033965000009629875 0.0
1
0
0.036416999995708466 0.000961000012466684
0.036416999995708466 0.0
1
0
0.03863100000307895 0.001033000007737428
0.03863100000307895 9.999785106629133e-07
1
0
0.037271999986842275 0.0010929999989457428
0.037271999986842275 0.0
1
0
0.03903399998671375 0.0010600000096019357
0.03903399998671375 0.0
1
0
0.03687400001217611 0.0010919999913312495
0.03687400001217611 0.0
1
0
0.0371820000000298 0.0010440000041853637
0.0371820000000298 0.0
1
0
0.03555800000322051 0.0009159999899566174
0.03555800000322051 0.0
1
0
0.035768000001553446 0.0009380000119563192
0.035768000001553446 1.00000761449337e-06
1
0
0.035891000006813556 0.0009480000007897615
0.035891000006813556 0.0
1
0
0.03580300000612624 0.000973999995039776
0.03580300000612624 0.0
1
0
0.03612199999042787 0.0009870000067166984
0.03612199999042787 0.0
1
0
0.03575999999884516 0.0009480000007897615
0.03575999999884516 0.0
1
0
0.035674999991897494 0.0009429999918211251
0.035674999991897494 0.0
1
0
0.035731000010855496 0.0009720000089146197
0.035731000010855496 0.0
1
0
0.03588199999649078 0.0009370000043418258
0.03588199999649078 0.0
1
0
0.03589600001578219 0.0009310000168625265
0.03589600001578219 0.0
1
0
0.03619400001480244 0.0009399999980814755
0.03619400001480244 0.0
1
0
0.03611600000294857 0.0009380000119563192
0.03611600000294857 9.999785106629133e-07
1
0
0.035173999989638105 0.0009269999864045531
0.035173999989638105 0.0
1
0
0.03575300000375137 0.0009529999806545675
0.03575300000375137 0.0
1
0
0.03573500001220964 0.0009439999994356185
0.03573500001220964 0.0
1
0
0.03643300000112504 0.0009520000021439046
0.03643300000112504 0.0
1
0
0.03593300000648014 0.0009460000146646053
0.03593300000648014 0.0
1
0
0.03584299999056384 0.0009330000029876828
0.03584299999056384 0.0
1
0
0.035909000027459115 0.0009389999904669821
0.035909000027459115 0.0
1
0
0.03674399998271838 0.001025000005029142
0.03674399998271838 9.999785106629133e-07
1
0
0.03756599998450838 0.0009980000031646341
0.03756599998450838 1.00000761449337e-06
1
0
0.03859599999850616 0.0010640000109560788
0.03859599999850616 0.0
1
0
0.03864499999326654 0.0010469999979250133
0.03864499999326654 0.0
1
0
0.037217000004602596 0.001041000010445714
0.037217000004602596 0.0
1
0
1
0
0.037290000007487833 0.0010339999862480909
0.037290000007487833 0.0
1
0
0.0359230000176467 0.001025000005029142
0.0359230000176467 1.00000761449337e-06
1
0
0.03657900000689551 0.0009879999852273613
0.03657900000689551 0.0
1
0
0.03794499998912215 0.0010400000028312206
0.03794499998912215 9.999785106629133e-07
1
0
0.03791099999216385 0.0009870000067166984
0.03791099999216385 0.0
1
0
0.03774799997336231 0.0010650000185705721
0.03774799997336231 1.00000761449337e-06
1
0
0.03824900000472553 0.0009960000170394778
0.03824900000472553 0.0
1
0
0.03658200000063516 0.00100299998302944
0.03658200000063516 0.0
1
0
0.0394230000092648 0.0010260000126436353
0.0394230000092648 1.00000761449337e-06
1
0
0.037566999992122874 0.0010009999969042838
0.037566999992122874 1.00000761449337e-06
1
0
0.03564400001778267 0.0009290000016335398
0.03564400001778267 1.00000761449337e-06
1
0
0.03585000001476146 0.000965000013820827
0.03585000001476146 0.0
1
0
0.03535099999862723 0.0009599999757483602
0.03535099999862723 0.0
1
0
0.035635000007459894 0.0009299999801442027
0.035635000007459894 0.0
1
0
0.03620600001886487 0.0010809999948833138
0.03620600001886487 0.0
1
0
0.03588400001171976 0.0009199999913107604
0.03588400001171976 1.00000761449337e-06
1
0
0.0364160000171978 0.0010009999969042838
0.0364160000171978 0.0
1
0
0.03592100000241771 0.0009349999891128391
0.03592100000241771 0.0
1
0
0.03592100000241771 0.0009300000092480332
0.03592100000241771 1.00000761449337e-06
1
0
0.03588199999649078 0.00096900001517497
0.03588199999649078 1.00000761449337e-06
1
0
0.038394999981392175 0.0009849999914877117
0.038394999981392175 1.00000761449337e-06
1
0
0.038207000005058944 0.0009910000080708414
0.038207000005058944 0.0
1
0
0.0386970000108704 0.0010089999996125698
0.0386970000108704 0.0
1
0
0.03785700001753867 0.0009870000067166984
0.03785700001753867 0.0
1
0
0.03815900001791306 0.0009930000232998282
0.03815900001791306 1.00000761449337e-06
1
0
0.038441000011516735 0.0009910000080708414
0.038441000011516735 1.00000761449337e-06
1
0
0.038314999983413145 0.0009799999825190753
0.038314999983413145 9.999785106629133e-07
1
0
0.03823900001589209 0.0010229999898001552
0.03823900001589209 0.0
1
0
0.038391999987652525 0.0009910000080708414
0.038391999987652525 1.00000761449337e-06
1
0
0.037829000008059666 0.0010079999919980764
0.037829000008059666 1.00000761449337e-06
1
0
0.0384699999995064 0.0009850000205915421
0.0384699999995064 1.00000761449337e-06
1
0
0.04792099999031052 0.0012710000155493617
0.04792099999031052 0.0
0.04083900002297014 0.001065999997081235
0.04083900002297014 0.0
1
0
0.04091700000572018 0.0010529999854043126
0.04091700000572018 1.00000761449337e-06
1
0
0.041221999999834225 0.001121000008424744
0.041221999999834225 1.00000761449337e-06
1
0
0.040601000015158206 0.0010479999764356762
0.040601000015158206 1.00000761449337e-06
1
0
0.041127000004053116 0.0010379999876022339
0.041127000004053116 0.0
1
0
0.038083999999798834 0.0009960000170394778
0.038083999999798834 1.00000761449337e-06
1
0
0.03586800000630319 0.0009429999918211251
0.03586800000630319 0.0
1
0
0.03614499999093823 0.0009959999879356474
0.03614499999093823 0.0
1
0
1
0
0.036090999987209216 0.0009150000114459544
0.036090999987209216 1.00000761449337e-06
1
0
0.035936999978730455 0.0009340000106021762
0.035936999978730455 0.0
1
0
0.03523599999607541 0.0009609999833628535
0.03523599999607541 0.0
1
0
0.03725299998768605 0.0010179999808315188
0.03725299998768605 0.0
1
0
0.036385999992489815 0.0009700000227894634
0.036385999992489815 0.0
1
0
0.03615900001022965 0.0009830000053625554
0.03615900001022965 1.00000761449337e-06
1
0
0.03579699998954311 0.0009370000043418258
0.03579699998954311 0.0
1
0
0.0357990000047721 0.0009579999896232039
0.0357990000047721 0.0
1
0
0.0359069999831263 0.0009340000106021762
0.0359069999831263 0.0
1
0
0.036333999974885955 0.0009220000065397471
0.036333999974885955 0.0
1
0
0.03586199998972006 0.0009250000002793968
0.03586199998972006 1.00000761449337e-06
1
0
0.03600600000936538 0.0009389999904669821
0.03600600000936538 1.00000761449337e-06
1
0
0.03603600000496954 0.0009320000244770199
0.03603600000496954 1.00000761449337e-06
1
0
0.036019999999552965 0.0009539999882690609
0.036019999999552965 0.0
1
0
0.03601300000445917 0.0010009999969042838
0.03601300000445917 0.0
1
0
0.03657799999928102 0.0009179999760817736
0.03657799999928102 0.0
1
0
0.03606700000818819 0.0009669999999459833
0.03606700000818819 0.0
1
0
0.035533999995095655 0.0009410000056959689
0.035533999995095655 9.999785106629133e-07
1
0
0.03626500000245869 0.0009350000182166696
0.03626500000245869 0.0
1
0
0.03577300001052208 0.0009319999953731894
0.03577300001052208 0.0
1
0
0.03596700000343844 0.0009600000048521906
0.03596700000343844 0.0
1
0
0.036017000005813316 0.0009499999869149178
0.036017000005813316 9.999785106629133e-07
1
0
0.03588000001036562 0.0009639999771025032
0.03588000001036562 0.0
1
0
0.036131000000750646 0.0009469999931752682
0.036131000000750646 1.00000761449337e-06
1
0
0.03866500000003725 0.0010040000197477639
0.03866500000003725 1.00000761449337e-06
1
0
0.0358379999815952 0.0009260000078938901
0.0358379999815952 1.00000761449337e-06
1
0
0.035814000002574176 0.0009680000075604767
0.035814000002574176 9.999785106629133e-07
1
0
0.03575599999749102 0.00096900001517497
0.03575599999749102 9.999785106629133e-07
1
0
0.03591899998718873 0.0009269999864045531
0.03591899998718873 0.0
1
0
0.03557000000728294 0.0009729999874252826
0.03557000000728294 0.0
1
0
0.039828999986639246 0.0010870000114664435
0.039828999986639246 0.0
1
0
0.03722100000595674 0.0009920000156853348
0.03722100000595674 0.0
1
0
0.03702799999155104 0.0010269999911542982
0.03702799999155104 0.0
1
0
0.05249799997545779 0.0012980000174138695
0.05249799997545779 0.0
1
0
0.07564699999056756 0.00200899998890236
0.07564699999056756 0.0
0.041972999984864146 0.0013820000167470425
0.041972999984864146 1.00000761449337e-06
1
0
0.04302599999937229 0.0012879999994765967
0.04302599999937229 1.00000761449337e-06
1
0
0.04822000002604909 0.0011750000121537596
0.04822000002604909 0.0
1
0
0.0421220000134781 0.0011059999815188348
0.0421220000134781 9.999785106629133e-07
1
0
0.04181399999652058 0.0011430000013206154
0.04181399999652058 0.0
1
0
1
0
0.03665300001739524 0.0010100000072270632
0.03665300001739524 0.0
1
0
0.033886999997776 0.0009589999972376972
0.033886999997776 0.0
1
0
0.034503000002587214 0.0009520000021439046
0.034503000002587214 9.999785106629133e-07
1
0
0.03498699999181554 0.0009349999891128391
0.03498699999181554 1.00000761449337e-06
1
0
0.03427399997599423 0.0009699999936856329
0.03427399997599423 1.00000761449337e-06
1
0
0.042799999995622784 0.0014159999846015126
0.042799999995622784 0.0
1
0
0.035122000001138076 0.0012909999932162464
0.035122000001138076 0.0
1
0
0.034955000010086223 0.0010259999835398048
0.034955000010086223 1.00000761449337e-06
1
0
0.03506699998979457 0.0009410000056959689
0.03506699998979457 0.0
1
0
0.03471300000092015 0.0009410000056959689
0.03471300000092015 1.00000761449337e-06
1
0
0.03638399997726083 0.0009710000013001263
0.03638399997726083 0.0
1
0
0.034146000019973144 0.0009420000133104622
0.034146000019973144 9.999785106629133e-07
1
0
0.0342160000000149 0.0009309999877586961
0.0342160000000149 1.00000761449337e-06
1
0
0.03450899999006651 0.0011289999820291996
0.03450899999006651 9.999785106629133e-07
1
0
0.03497800001059659 0.000977999996393919
0.03497800001059659 9.999785106629133e-07
1
0
0.0339840000087861 0.0009499999869149178
0.0339840000087861 1.00000761449337e-06
1
0
0.03441200000816025 0.000990999978967011
0.03441200000816025 1.00000761449337e-06
1
0
0.03468600002815947 0.000981999997748062
0.03468600002815947 9.999785106629133e-07
1
0
0.03510799998184666 0.0009410000056959689
0.03510799998184666 0.0
1
0
0.03443199998582713 0.0009140000038314611
0.03443199998582713 0.0
1
0
0.035146000009262934 0.0010060000058729202
0.035146000009262934 0.0
1
0
0.033931000012671575 0.0009050000226125121
0.033931000012671575 0.0
1
0
0.036623000021791086 0.0018919999711215496
0.036623000021791086 0.0
1
0
0.03377300000283867 0.0009399999980814755
0.03377300000283867 0.0
1
0
0.03510399998049252 0.0009800000116229057
0.03510399998049252 0.0
1
0
0.03414500001235865 0.0009110000100918114
0.03414500001235865 0.0
1
0
0.03505600002245046 0.0009469999931752682
0.03505600002245046 1.00000761449337e-06
1
0
0.033736999990651384 0.0009089999948628247
0.033736999990651384 1.00000761449337e-06
1
0
0.034174000000348315 0.001324000011663884
0.034174000000348315 0.0
1
0
0.03416999999899417 0.0009530000097583979
0.03416999999899417 0.0
1
0
0.03556099999696016 0.0009589999972376972
0.03556099999696016 0.0
0.04626499998266809 0.0019230000034440309
0.04626499998266809 0.0
1
0
0.03834699999424629 0.0010460000194143504
0.03834699999424629 9.999785106629133e-07
1
0
0.037106000003404915 0.0010569999867584556
0.037106000003404915 0.0
1
0
0.03683100000489503 0.0010100000072270632
0.03683100000489503 0.0
1
0
0.035931000020354986 0.0009679999784566462
0.035931000020354986 0.0
1
0
0.03518800000892952 0.0009280000231228769
0.03518800000892952 0.0
1
0
0.030854999989969656 0.0008670000243000686
0.030854999989969656 0.0
1
0
0.03004700000747107 0.0008189999789465219
0.03004700000747107 0.0
1
0
0.030830000003334135 0.0008239999879151583
0.030830000003334135 0.0
1
0
1
0
0.033632999984547496 0.0008580000139772892
0.033632999984547496 0.0
1
0
0.0333659999887459 0.000901999999769032
0.0333659999887459 0.0
1
0
0.03398499998729676 0.0010219999821856618
0.03398499998729676 1.00000761449337e-06
1
0
0.03340600000228733 0.0008680000028107315
0.03340600000228733 9.999785106629133e-07
1
0
0.033339999994495884 0.0008700000180397183
0.033339999994495884 0.0
1
0
0.03331700002308935 0.0008690000104252249
0.03331700002308935 0.0
1
0
0.032467000011820346 0.0009029999782796949
0.032467000011820346 1.00000761449337e-06
1
0
0.03303400002187118 0.0008730000117793679
0.03303400002187118 0.0
1
0
0.03354599999147467 0.0009140000038314611
0.03354599999147467 1.00000761449337e-06
1
0
0.03346099998452701 0.0008629999938420951
0.03346099998452701 9.999785106629133e-07
1
0
0.03311400001985021 0.0008740000193938613
0.03311400001985021 1.00000761449337e-06
1
0
0.033460000006016344 0.0009410000056959689
0.033460000006016344 1.00000761449337e-06
1
0
0.03346800000872463 0.0008819999929983169
0.03346800000872463 0.0
1
0
0.03330400001141243 0.0008680000028107315
0.03330400001141243 0.0
1
0
0.03340600000228733 0.0008679999737069011
0.03340600000228733 0.0
1
0
0.03336699999636039 0.000910000002477318
0.03336699999636039 0.0
1
0
0.03326900000683963 0.0008620000153314322
0.03326900000683963 1.00000761449337e-06
1
0
0.03343199999653734 0.0008660000166855752
0.03343199999653734 1.00000761449337e-06
1
0
0.033296999987214804 0.000906000001123175
0.033296999987214804 0.0
1
0
0.03613500000210479 0.0009549999958835542
0.03613500000210479 0.0
1
0
0.03704799999832176 0.0009959999879356474
0.03704799999832176 0.0
1
0
0.03856200000154786 0.0010030000121332705
0.03856200000154786 0.0
1
0
0.04111699998611584 0.0010590000019874424
0.04111699998611584 0.0
1
0
0.042076999990968034 0.001404000009642914
0.042076999990968034 1.00000761449337e-06
1
0
0.0404770000022836 0.001149999996414408
0.0404770000022836 1.00000761449337e-06
1
0
0.040994999988470227 0.0010420000180602074
0.040994999988470227 1.00000761449337e-06
0.04107999999541789 0.0010720000136643648
0.04107999999541789 0.0
1
0
0.04128500001388602 0.0010770000226330012
0.04128500001388602 0.0
1
0
0.04072799999266863 0.0010950000141747296
0.04072799999266863 1.00000761449337e-06
1
0
0.043662000010954216 0.00112599998828955
0.043662000010954216 1.00000761449337e-06
1
0
0.043874000024516135 0.0012410000199452043
0.043874000024516135 0.0
1
0
0.04406000001472421 0.0010999999940395355
0.04406000001472421 1.00000761449337e-06
1
0
0.043926000013016164 0.0011309999972581863
0.043926000013016164 1.00000761449337e-06
1
0
0.043800000014016405 0.0011360000062268227
0.043800000014016405 0.0
1
0
0.043818999984068796 0.0011190000222995877
0.043818999984068796 0.0
1
0
0.043793999997433275 0.0010970000002998859
0.043793999997433275 0.0
1
0
0.043593999987933785 0.001141999993706122
0.043593999987933785 0.0
1
0
0.04342999999062158 0.0011780000058934093
0.04342999999062158 0.0
1
0
1
0
0.0436199999821838 0.0011030000168830156
0.0436199999821838 0.0
0.04398699998273514 0.0011200000008102506
0.04398699998273514 0.0
1
0
0.043500000028871 0.0010800000163726509
0.043500000028871 1.00000761449337e-06
1
0
0.04356200000620447 0.001129999989643693
0.04356200000620447 0.0
1
0
0.04323599999770522 0.001112000027205795
0.04323599999770522 0.0
1
0
0.043345000012777746 0.0011119999981019646
0.043345000012777746 1.00000761449337e-06
1
0
0.04460999998264015 0.001180999999633059
0.04460999998264015 0.0
1
0
0.043342000019038096 0.0010989999864250422
0.043342000019038096 0.0
1
0
0.042736000003060326 0.0011079999967478216
0.042736000003060326 1.00000761449337e-06
1
0
0.04385300001013093 0.0011280000035185367
0.04385300001013093 0.0
1
0
0.042224000004353 0.0011189999931957573
0.042224000004353 0.0
1
0
0.03328299999702722 0.0008789999992586672
0.03328299999702722 9.999785106629133e-07
1
0
0.03506500000366941 0.0009349999891128391
0.03506500000366941 0.0
1
0
0.03584699999191798 0.0009439999994356185
0.03584699999191798 0.0
1
0
0.03576900000916794 0.0009319999953731894
0.03576900000916794 1.00000761449337e-06
1
0
0.03654800000367686 0.0010070000134874135
0.03654800000367686 1.00000761449337e-06
1
0
0.03604000000632368 0.0010219999821856618
0.03604000000632368 0.0
1
0
0.03575700000510551 0.0009209999989252537
0.03575700000510551 0.0
1
0
0.03650800001923926 0.0009509999945294112
0.03650800001923926 0.0
1
0
0.03317199999582954 0.0008720000041648746
0.03317199999582954 1.00000761449337e-06
1
0
0.033579999988432974 0.0009279999940190464
0.033579999988432974 1.00000761449337e-06
1
0
0.032555999991018325 0.0008779999916441739
0.032555999991018325 0.0
1
0
0.03327700000954792 0.0008709999965503812
0.03327700000954792 0.0
1
0
0.03314899999531917 0.0009070000087376684
0.03314899999531917 0.0
1
0
0.033368000003974885 0.0008769999840296805
0.033368000003974885 0.0
1
0
0.033319000009214506 0.0008700000180397183
0.033319000009214506 1.00000761449337e-06
1
0
0.03319699998246506 0.0008669999951962382
0.03319699998246506 0.0
1
0
0.033617000008234754 0.0008830000006128103
0.033617000008234754 0.0
1
0
0.033617000008234754 0.0008680000028107315
0.033617000008234754 0.0
1
0
0.033186999993631616 0.0008720000041648746
0.033186999993631616 0.0
1
0
0.033121999993454665 0.0008729999826755375
0.033121999993454665 0.0
1
0
0.03314899999531917 0.0008680000028107315
0.03314899999531917 0.0
1
0
0.03331100000650622 0.000877000013133511
0.03331100000650622 1.00000761449337e-06
1
0
0.033257000002777204 0.0009429999918211251
0.033257000002777204 1.00000761449337e-06
1
0
0.03337900000042282 0.0008749999979045242
0.03337900000042282 1.00000761449337e-06
1
0
0.0336949999909848 0.0008749999979045242
0.0336949999909848 0.0
1
0
0.03281500001321547 0.0008640000014565885
0.03281500001321547 0.0
1
0
0.03310900001088157 0.0008689999813213944
0.03310900001088157 0.0
1
0
0.03345299998181872 0.000910000002477318
0.03345299998181872 1.00000761449337e-06
1
0
0.03373599998303689 0.0009330000029876828
0.03373599998303689 1.00000761449337e-06
1
0
0.03327800001716241 0.0008749999979045242
0.03327800001716241 1.00000761449337e-06
1
0
0.033162000006996095 0.0009370000043418258
0.033162000006996095 9.999785106629133e-07
1
0
1
0
0.03322100001969375 0.0008579999848734587
0.03322100001969375 0.0
1
0
0.03302799997618422 0.0008610000077169389
0.03302799997618422 1.00000761449337e-06
1
0
0.033288000005995855 0.0008629999938420951
0.033288000005995855 0.0
1
0
0.03311799999210052 0.0008640000014565885
0.03311799999210052 1.00000761449337e-06
1
0
0.03322299997671507 0.0008670000243000686
0.03322299997671507 1.00000761449337e-06
1
0
0.033340999973006546 0.0008660000166855752
0.033340999973006546 0.0
1
0
0.03343799998401664 0.0008830000006128103
0.03343799998401664 1.00000761449337e-06
1
0
0.03324000001884997 0.0008659999875817448
0.03324000001884997 0.0
1
0
0.03311200000462122 0.0008749999979045242
0.03311200000462122 0.0
1
0
0.0340180000057444 0.0009520000021439046
0.0340180000057444 1.00000761449337e-06
1
0
0.03346599999349564 0.0009269999864045531
0.03346599999349564 0.0
1
0
0.03309599999920465 0.0008629999938420951
0.03309599999920465 0.0
1
0
0.032980000018142164 0.0008690000104252249
0.032980000018142164 0.0
1
0
0.03367200001957826 0.0008920000109355897
0.03367200001957826 0.0
1
0
0.032719000009819865 0.0009480000007897615
0.032719000009819865 1.00000761449337e-06
1
0
0.03348700000788085 0.0008740000193938613
0.03348700000788085 9.999785106629133e-07
1
0
0.03380599999218248 0.0008659999875817448
0.03380599999218248 0.0
1
0
0.033574000000953674 0.0008690000104252249
0.033574000000953674 0.0
1
0
0.03336299999500625 0.0008660000166855752
0.03336299999500625 0.0
1
0
0.03065900001092814 0.00080900001921691
0.03065900001092814 0.0
1
0
0.0333260000043083 0.0008519999973941594
0.0333260000043083 1.00000761449337e-06
1
0
0.03321299998788163 0.0008610000077169389
0.03321299998788163 0.0
1
0
0.0330309999990277 0.0008609999786131084
0.0330309999990277 1.00000761449337e-06
1
0
0.033296999987214804 0.0008650000090710819
0.033296999987214804 1.00000761449337e-06
1
0
0.033208000008016825 0.0008579999848734587
0.033208000008016825 1.00000761449337e-06
1
0
0.03324900000006892 0.0008580000139772892
0.03324900000006892 0.0
1
0
0.0330989999929443 0.0009159999899566174
0.0330989999929443 0.0
1
0
0.03322800001478754 0.0008509999897796661
0.03322800001478754 0.0
1
0
0.03328699999838136 0.0008740000193938613
0.03328699999838136 1.00000761449337e-06
1
0
0.03245999998762272 0.0008559999987483025
0.03245999998762272 0.0
1
0
0.03601899999193847 0.0009750000026542693
0.03601899999193847 1.00000761449337e-06
0.03558700002031401 0.0009259999787900597
0.03558700002031401 1.00000761449337e-06
1
0
0.03591899998718873 0.0009319999953731894
0.03591899998718873 0.0
1
0
0.03570800001034513 0.0009239999926649034
0.03570800001034513 0.0
1
0
0.035090999997919425 0.0009250000002793968
0.035090999997919425 0.0
1
0
0.03575399998226203 0.0009270000155083835
0.03575399998226203 0.0
1
0
0.035906000004615635 0.0009539999882690609
0.035906000004615635 0.0
1
0
0.030639000004157424 0.0008129999914672226
0.030639000004157424 1.00000761449337e-06
1
0
0.031018000008771196 0.0008539999835193157
0.031018000008771196 1.00000761449337e-06
1
0
0.030571999988751486 0.0008120000129565597
0.030571999988751486 0.0
1
0
1
0
0.031199000019114465 0.0007990000012796372
0.031199000019114465 1.00000761449337e-06
1
0
0.03120999998645857 0.0008240000170189887
0.03120999998645857 1.00000761449337e-06
1
0
0.030710000020917505 0.0008169999928213656
0.030710000020917505 0.0
1
0
0.030774999991990626 0.0008619999862276018
0.030774999991990626 1.00000761449337e-06
1
0
0.030716999986907467 0.0008059999963734299
0.030716999986907467 0.0
1
0
0.030602999991970137 0.0007990000012796372
0.030602999991970137 0.0
1
0
0.03082299997913651 0.000818000000435859
0.03082299997913651 1.00000761449337e-06
1
0
0.030543999979272485 0.0008070000039879233
0.030543999979272485 0.0
1
0
0.030559000006178394 0.000805000017862767
0.030559000006178394 0.0
1
0
0.03065900001092814 0.000826000003144145
0.03065900001092814 1.00000761449337e-06
1
0
0.030799000000115484 0.0008160000143107027
0.030799000000115484 0.0
1
0
0.030740999995032325 0.0008019999950192869
0.030740999995032325 9.999785106629133e-07
1
0
0.030496999999741092 0.0008019999950192869
0.030496999999741092 0.0
1
0
0.030520000000251457 0.0008730000117793679
0.030520000000251457 1.00000761449337e-06
1
0
0.0305639999860432 0.0008089999901130795
0.0305639999860432 0.0
1
0
0.030586000008042902 0.0008030000026337802
0.030586000008042902 0.0
1
0
0.030738000001292676 0.0008110000053420663
0.030738000001292676 1.00000761449337e-06
1
0
0.030234000005293638 0.0008139999990817159
0.030234000005293638 0.0
1
0
0.030547999980626628 0.0008049999887589365
0.030547999980626628 1.00000761449337e-06
1
0
0.030725999997230247 0.0008000000088941306
0.030725999997230247 0.0
1
0
0.0331890000088606 0.0008709999965503812
0.0331890000088606 1.00000761449337e-06
1
0
0.03358899999875575 0.0008819999929983169
0.03358899999875575 0.0
1
0
0.03343099998892285 0.0008680000028107315
0.03343099998892285 1.00000761449337e-06
1
0
0.032915999996475875 0.0008609999786131084
0.032915999996475875 0.0
1
0
0.030801999993855134 0.0007990000012796372
0.030801999993855134 0.0
1
0
0.03062199999112636 0.0008099999977275729
0.03062199999112636 9.999785106629133e-07
1
0
0.030414000008022413 0.0008139999990817159
0.030414000008022413 0.0
1
0
0.03082200000062585 0.0008240000170189887
0.03082200000062585 0.0
1
0
0.03071200000704266 0.0008150000066962093
0.03071200000704266 0.0
1
0
0.0380730000033509 0.0010750000074040145
0.0380730000033509 1.00000761449337e-06
1
0
0.05102199999964796 0.001273999980185181
0.05102199999964796 0.0
0.03592100000241771 0.0009410000056959689
0.03592100000241771 0.0
1
0
0.03597599998465739 0.0009410000056959689
0.03597599998465739 0.0
1
0
0.03522200000588782 0.000914999982342124
0.03522200000588782 1.00000761449337e-06
1
0
0.03585499999462627 0.0009169999975711107
0.03585499999462627 1.00000761449337e-06
1
0
0.03575700000510551 0.0009260000078938901
0.03575700000510551 9.999785106629133e-07
1
0
0.033276000001933426 0.0008789999992586672
0.033276000001933426 0.0
1
0
0.030518999992636964 0.0008600000001024455
0.030518999992636964 0.0
1
0
0.030912999995052814 0.0008149999775923789
0.030912999995052814 0.0
1
0
0.03100399998947978 0.0008209999941755086
0.03100399998947978 1.00000761449337e-06
1
0
1
0
0.03115799999795854 0.0007840000034775585
0.03115799999795854 0.0
1
0
0.03102599998237565 0.0008110000053420663
0.03102599998237565 0.0
1
0
0.03053899999940768 0.0008060000254772604
0.03053899999940768 0.0
0.030861000006552786 0.0008040000102482736
0.030861000006552786 0.0
1
0
1
0
0.0302349999838043 0.0008079999824985862
0.0302349999838043 0.0
1
0
0.030602999991970137 0.0008019999950192869
0.030602999991970137 1.00000761449337e-06
1
0
0.03167100000428036 0.0008659999875817448
0.03167100000428036 0.0
1
0
0.03103100002044812 0.0008670000243000686
0.03103100002044812 9.999785106629133e-07
1
0
0.030731000006198883 0.0008099999977275729
0.030731000006198883 1.00000761449337e-06
1
0
0.03060100000584498 0.0008059999963734299
0.03060100000584498 1.00000761449337e-06
1
0
0.030667999992147088 0.0008030000026337802
0.030667999992147088 1.00000761449337e-06
1
0
0.030388000013772398 0.0008059999963734299
0.030388000013772398 9.999785106629133e-07
1
0
0.03072399998200126 0.0008070000039879233
0.03072399998200126 0.0
1
0
0.0307850000099279 0.0008209999941755086
0.0307850000099279 0.0
1
0
0.030609000008553267 0.00080900001921691
0.030609000008553267 1.00000761449337e-06
1
0
0.030675999994855374 0.0008000000088941306
0.030675999994855374 1.00000761449337e-06
1
0
0.030494000006001443 0.0008169999928213656
0.030494000006001443 1.00000761449337e-06
1
0
0.030687999998917803 0.0008049999887589365
0.030687999998917803 1.00000761449337e-06
1
0
0.030609000008553267 0.0008219999726861715
0.030609000008553267 0.0
1
0
0.030755999992834404 0.0008200000156648457
0.030755999992834404 1.00000761449337e-06
1
0
0.030985999997938052 0.0007999999797903001
0.030985999997938052 0.0
1
0
0.030622999998740852 0.0008119999838527292
0.030622999998740852 0.0
1
0
0.030536999984178692 0.0008080000116024166
0.030536999984178692 0.0
1
0
0.030938000010792166 0.0008059999963734299
0.030938000010792166 1.00000761449337e-06
1
0
0.030362999998033047 0.0008060000254772604
0.030362999998033047 0.0
1
0
0.03084099999978207 0.0008119999838527292
0.03084099999978207 0.0
1
0
0.030689000006532297 0.0008139999990817159
0.030689000006532297 0.0
1
0
0.030604999978095293 0.0008019999950192869
0.030604999978095293 0.0
1
0
0.030526000016834587 0.0008080000116024166
0.030526000016834587 0.0
1
0
0.030751000012969598 0.0008629999938420951
0.030751000012969598 1.00000761449337e-06
1
0
0.04069799999706447 0.001053999993018806
0.04069799999706447 0.0
0.033199000026797876 0.0008690000104252249
0.033199000026797876 1.00000761449337e-06
1
0
0.03320000000530854 0.0008809999853838235
0.03320000000530854 0.0
1
0
0.03364899998996407 0.0009040000149980187
0.03364899998996407 1.00000761449337e-06
1
0
0.03318200001376681 0.0008659999875817448
0.03318200001376681 0.0
1
0
0.033230000000912696 0.0008629999938420951
0.033230000000912696 0.0
1
0
0.028094999986933544 0.0007949999999254942
0.028094999986933544 1.00000761449337e-06
1
0
0.02801400001044385 0.0007810000097379088
0.02801400001044385 0.0
1
0
0.02811799998744391 0.0007700000132899731
0.02811799998744391 0.0
1
0
0.028920000011567026 0.0007840000034775585
0.028920000011567026 0.0
1
0
1
0
0.030891000002156943 0.0008110000053420663
0.030891000002156943 0.0
1
0
0.030371000000741333 0.0008200000156648457
0.030371000000741333 9.999785106629133e-07
1
0
0.030330999987199903 0.0008249999955296516
0.030330999987199903 0.0
1
0
0.0309549999947194 0.0008019999950192869
0.0309549999947194 1.00000761449337e-06
1
0
0.03025000001071021 0.0008030000026337802
0.03025000001071021 1.00000761449337e-06
1
0
0.030511000019032508 0.000801000016508624
0.030511000019032508 1.00000761449337e-06
1
0
0.03062199999112636 0.0008040000102482736
0.03062199999112636 0.0
1
0
0.030479999986710027 0.0008040000102482736
0.030479999986710027 0.0
1
0
0.030196000006981194 0.0008019999950192869
0.030196000006981194 1.00000761449337e-06
1
0
0.030870000016875565 0.0008139999990817159
0.030870000016875565 0.0
1
0
0.031011999992188066 0.0009180000051856041
0.031011999992188066 0.0
1
0
0.03080400000908412 0.0008490000036545098
0.03080400000908412 9.999785106629133e-07
1
0
0.030645999999251217 0.0008040000102482736
0.030645999999251217 0.0
1
0
0.030815000005532056 0.0008149999775923789
0.030815000005532056 9.999785106629133e-07
1
0
0.03088999999454245 0.0007990000012796372
0.03088999999454245 0.0
1
0
0.030667999992147088 0.0008009999874047935
0.030667999992147088 1.00000761449337e-06
1
0
0.030882999999448657 0.0008150000066962093
0.030882999999448657 0.0
1
0
0.030598999990615994 0.000838999985717237
0.030598999990615994 0.0
1
0
0.030473000020720065 0.0008059999963734299
0.030473000020720065 1.00000761449337e-06
1
0
0.02999799998360686 0.0008000000088941306
0.02999799998360686 0.0
1
0
0.03344400000059977 0.0009079999872483313
0.03344400000059977 1.00000761449337e-06
1
0
0.03331400000024587 0.0008690000104252249
0.03331400000024587 0.0
1
0
0.03322199999820441 0.0008619999862276018
0.03322199999820441 0.0
1
0
0.033284999983152375 0.0008859999943524599
0.033284999983152375 1.00000761449337e-06
1
0
0.030704000004334375 0.0008040000102482736
0.030704000004334375 1.00000761449337e-06
1
0
0.030700000002980232 0.0008089999901130795
0.030700000002980232 1.00000761449337e-06
1
0
0.03086800000164658 0.0008059999963734299
0.03086800000164658 1.00000761449337e-06
1
0
0.03068399999756366 0.0008070000039879233
0.03068399999756366 0.0
1
0
0.03113899999880232 0.0008760000055190176
0.03113899999880232 9.999785106629133e-07
1
0
0.03847600001608953 0.0010039999906439334
0.03847600001608953 1.00000761449337e-06
0.050879000016720966 0.001336999994236976
0.050879000016720966 9.999785106629133e-07
1
0
0.03330599999753758 0.000893000018550083
0.03330599999753758 0.0
1
0
0.03314200000022538 0.0008699999889358878
0.03314200000022538 1.00000761449337e-06
1
0
0.033540000003995374 0.0008910000033210963
0.033540000003995374 1.00000761449337e-06
1
0
0.032753000006778166 0.0008769999840296805
0.032753000006778166 1.00000761449337e-06
1
0
0.03335700000752695 0.0008669999951962382
0.03335700000752695 1.00000761449337e-06
1
0
0.028262000007089227 0.000766999990446493
0.028262000007089227 0.0
1
0
0.02869300000020303 0.000750000006519258
0.02869300000020303 1.00000761449337e-06
1
0
0.02794299999368377 0.0007650000043213367
0.02794299999368377 9.999785106629133e-07
1
0
0.02806000001146458 0.00088900001719594
0.02806000001146458 0.0
1
0
0.028355999995255843 0.0007229999755509198
0.028355999995255843 0.0
1
0
0.028269999980693683 0.0007660000119358301
0.028269999980693683 9.999785106629133e-07
1
0
0.028236999991349876 0.000750000006519258
0.028236999991349876 1.00000761449337e-06
1
0
0.028172999998787418 0.0007489999989047647
0.028172999998787418 0.0
1
0
0.02809700000216253 0.0007509999850299209
0.02809700000216253 1.00000761449337e-06
1
0
0.028275999997276813 0.0007579999801237136
0.028275999997276813 0.0
1
0
0.02922599998419173 0.000877000013133511
0.02922599998419173 0.0
1
0
0.029284999996889383 0.0008320000197272748
0.029284999996889383 0.0
1
0
0.028377999988151714 0.000754000007873401
0.028377999988151714 9.999785106629133e-07
1
0
0.02907499999855645 0.0008190000080503523
0.02907499999855645 1.00000761449337e-06
1
0
0.03086800000164658 0.0008359999919775873
0.03086800000164658 0.0
1
0
0.030888000008417293 0.0008119999838527292
0.030888000008417293 1.00000761449337e-06
1
0
0.0304160000232514 0.000818000000435859
0.0304160000232514 0.0
1
0
0.03084099999978207 0.0009069999796338379
0.03084099999978207 9.999785106629133e-07
1
0
0.03069000001414679 0.0008030000026337802
0.03069000001414679 1.00000761449337e-06
1
0
0.03041000000666827 0.0008859999943524599
0.03041000000666827 0.0
1
0
0.03080400000908412 0.0008159999852068722
0.03080400000908412 0.0
1
0
0.031106000009458512 0.0008460000099148601
0.031106000009458512 1.00000761449337e-06
1
0
0.03028399997856468 0.0008600000001024455
0.03028399997856468 0.0
1
0
0.03027200000360608 0.0008169999928213656
0.03027200000360608 0.0
1
0
0.030715999979292974 0.0008110000053420663
0.030715999979292974 1.00000761449337e-06
1
0
0.030793000012636185 0.0008169999928213656
0.030793000012636185 0.0
1
0
0.03052699999534525 0.0008160000143107027
0.03052699999534525 1.00000761449337e-06
1
0
0.03058900000178255 0.0008150000066962093
0.03058900000178255 0.0
1
0
0.030795999977272004 0.0008190000080503523
0.030795999977272004 1.00000761449337e-06
1
0
0.030671000014990568 0.0008439999946858734
0.030671000014990568 1.00000761449337e-06
1
0
0.03065300002344884 0.0008430000161752105
0.03065300002344884 9.999785106629133e-07
1
0
0.030510000011418015 0.0008789999992586672
0.030510000011418015 0.0
1
0
0.03069899999536574 0.0008149999775923789
0.03069899999536574 1.00000761449337e-06
1
0
0.03088399997795932 0.0008190000080503523
0.03088399997795932 0.0
1
0
0.030433000007178634 0.0008110000053420663
0.030433000007178634 9.999785106629133e-07
1
0
0.03083200001856312 0.0008559999987483025
0.03083200001856312 0.0
1
0
0.030740999995032325 0.0008870000019669533
0.030740999995032325 0.0
1
0
0.03085900002042763 0.0008450000023003668
0.03085900002042763 1.00000761449337e-06
1
0
0.03050299998722039 0.0008030000026337802
0.03050299998722039 9.999785106629133e-07
1
0
0.030666999984532595 0.0008390000148210675
0.030666999984532595 9.999785106629133e-07
1
0
0.03071799999452196 0.000817000021925196
0.03071799999452196 0.0
1
0
0.030620999983511865 0.0008099999977275729
0.030620999983511865 0.0
1
0
0.030767999996896833 0.0008439999946858734
0.030767999996896833 1.00000761449337e-06
1
0
0.030184999981429428 0.0008119999838527292
0.030184999981429428 1.00000761449337e-06
1
0
1
0
0.0308249999943655 0.0007920000061858445
0.0308249999943655 1.00000761449337e-06
1
0
0.030840000021271408 0.000818000000435859
0.030840000021271408 1.00000761449337e-06
1
0
0.031119000021135435 0.0008060000254772604
0.031119000021135435 0.0
1
0
0.03023199999006465 0.00080900001921691
0.03023199999006465 0.0
1
0
0.030319000012241304 0.0008049999887589365
0.030319000012241304 1.00000761449337e-06
0.03067799998098053 0.0008139999990817159
0.03067799998098053 0.0
1
0
1
0
0.030743000010261312 0.0008060000254772604
0.030743000010261312 0.0
1
0
0.03034500000649132 0.0008440000237897038
0.03034500000649132 0.0
1
0
0.03137099999003112 0.0008329999982379377
0.03137099999003112 0.0
1
0
0.03175199998077005 0.0008319999906234443
0.03175199998077005 1.00000761449337e-06
1
0
0.03091800000402145 0.0008779999916441739
0.03091800000402145 0.0
0.03087200000300072 0.0008329999982379377
0.03087200000300072 0.0
1
0
1
0
0.03087799999048002 0.0008030000026337802
0.03087799999048002 0.0
1
0
0.03110900000319816 0.0008270000107586384
0.03110900000319816 9.999785106629133e-07
1
0
0.030813999997917563 0.0008169999928213656
0.030813999997917563 9.999785106629133e-07
1
0
0.030704000004334375 0.0008059999963734299
0.030704000004334375 0.0
1
0
0.03097900000284426 0.0008559999987483025
0.03097900000284426 0.0
1
0
0.03076399999554269 0.0008000000088941306
0.03076399999554269 1.00000761449337e-06
1
0
0.030659999989438802 0.0008040000102482736
0.030659999989438802 1.00000761449337e-06
1
0
0.031050999998115003 0.000830000004498288
0.031050999998115003 0.0
1
0
0.03320900001563132 0.0008699999889358878
0.03320900001563132 1.00000761449337e-06
1
0
0.03348899999400601 0.0008960000122897327
0.03348899999400601 1.00000761449337e-06
1
0
0.03280600000289269 0.0008650000090710819
0.03280600000289269 0.0
1
0
0.03340000001480803 0.0008609999786131084
0.03340000001480803 9.999785106629133e-07
1
0
0.03314500002306886 0.0008830000006128103
0.03314500002306886 0.0
1
0
0.03303500000038184 0.0008669999951962382
0.03303500000038184 1.00000761449337e-06
1
0
0.03313599998364225 0.0008589999924879521
0.03313599998364225 9.999785106629133e-07
1
0
0.03314200000022538 0.0009089999948628247
0.03314200000022538 0.0
1
0
0.033121999993454665 0.0008619999862276018
0.033121999993454665 0.0
1
0
0.0335299999860581 0.0009480000007897615
0.0335299999860581 0.0
1
0
0.04271899999002926 0.0010790000087581575
0.04271899999002926 1.00000761449337e-06
0.03592399999615736 0.0009269999864045531
0.03592399999615736 0.0
1
0
0.03578500001458451 0.0009609999833628535
0.03578500001458451 1.00000761449337e-06
1
0
0.035822999983793125 0.0009260000078938901
0.035822999983793125 1.00000761449337e-06
1
0
0.03569900000002235 0.0009199999913107604
0.03569900000002235 1.00000761449337e-06
1
0
0.03598800001782365 0.0009319999953731894
0.03598800001782365 9.999785106629133e-07
1
0
0.033242000004975125 0.0008629999938420951
0.033242000004975125 0.0
1
0
0.03083500001230277 0.000818000000435859
0.03083500001230277 1.00000761449337e-06
1
0
0.030457999993814155 0.0008120000129565597
0.030457999993814155 9.999785106629133e-07
1
0
INFO:sc2.protocol:Client status changed to Status.ended (was Status.in_game)
INFO:sc2.protocol:Client status changed to Status.ended (was Status.in_game)
INFO:root:Result for player 1 - Bot(Race.Terran, <bots.Showing_bot.speedBot.MarinBot object at 0x7fc27a578f60>): Defeat
INFO:root:Result for player 2 - Bot(Race.Terran, <bots.Bluebird.bot.Bot object at 0x7fc26b51ff60>): Victory
INFO:sc2.client:Saved replay to outs/2020-01-17T11-28-03/replays/showing_bot-blue_bird/showing_bot-blue_bird-0.SC2Replay
INFO:sc2.protocol:Client status changed to Status.launched (was Status.ended)
INFO:sc2.protocol:Client status changed to Status.quit (was Status.launched)
INFO:sc2.sc2process:kill_switch: Process cleanup
INFO:sc2.sc2process:Cleaning up...
INFO:sc2.sc2process:Cleanup complete
INFO:sc2.sc2process:Cleaning up...
INFO:sc2.sc2process:Cleanup complete
INFO:sc2.protocol:Client status changed to Status.launched (was Status.ended)
INFO:sc2.protocol:Cannot receive: Connection already closed.
INFO:sc2.sc2process:kill_switch: Process cleanup
INFO:sc2.sc2process:Cleaning up...
INFO:sc2.sc2process:Cleanup complete
INFO:sc2.sc2process:Cleaning up...
INFO:sc2.sc2process:Cleanup complete


## STDERR ##

Version: B75689 (SC2.4.10)
Build: Aug 12 2019 17:16:57
Command Line: '"/home/hspark8312/StarCraftII/Versions/Base75689/SC2_x64" -listen 127.0.0.1 -port 22968 -displayMode 0 -dataDir /home/hspark8312/StarCraftII -tempDir /tmp/SC2_ywwm5nda'
Starting up...
Startup Phase 1 complete
Version: B75689 (SC2.4.10)
Build: Aug 12 2019 17:16:57
Command Line: '"/home/hspark8312/StarCraftII/Versions/Base75689/SC2_x64" -listen 127.0.0.1 -port 17401 -displayMode 0 -dataDir /home/hspark8312/StarCraftII -tempDir /tmp/SC2_i451bcop'
Starting up...
Startup Phase 1 complete
Startup Phase 2 complete
Creating stub renderer...
Listening on: 127.0.0.1:22968
Startup Phase 3 complete. Ready for commands.
Startup Phase 2 complete
Creating stub renderer...
ConnectHandler: Request from 127.0.0.1:51057 accepted
ReadyHandler: 127.0.0.1:51057 ready
Requesting to join a multiplayer game
Configuring interface options
Configure: raw interface enabled
Configure: feature layer interface enabled
Configure: score interface enabled
Configure: render interface disabled
Listening on: 127.0.0.1:17401
Startup Phase 3 complete. Ready for commands.
ConnectHandler: Request from 127.0.0.1:51058 accepted
ReadyHandler: 127.0.0.1:51058 ready
Requesting to join a multiplayer game
Configuring interface options
Configure: raw interface enabled
Configure: feature layer interface enabled
Configure: score interface enabled
Configure: render interface disabled
Create game with map path: NCFellowship-2019_m1_v6.SC2Map
Attempting to join a game with the map: NCFellowship-2019_m1_v6.SC2Map
Game has started.
Using default stable ids, none found at: /home/hspark8312/StarCraftII/stableid.json
Successfully loaded stable ids: GameData\stableid.json
Sending ResponseJoinGame
Deferred error: 536936448 (0x20010000)
Deferred error details: Bad profiling data. TimeMS: 6158331.500000 Conversion: 1.000000e-03
Game has started.
Using default stable ids, none found at: /home/hspark8312/StarCraftII/stableid.json
Successfully loaded stable ids: GameData\stableid.json
Sending ResponseJoinGame
RequestQuit command received.
Closing Application...
/home/hspark8312/anaconda3/envs/sc2/lib/python3.6/importlib/_bootstrap.py:219: RuntimeWarning: numpy.ufunc size changed, may indicate binary incompatibility. Expected 192 from C header, got 216 from PyObject
  return f(*args, **kwds)
/home/hspark8312/anaconda3/envs/sc2/lib/python3.6/importlib/_bootstrap.py:219: RuntimeWarning: numpy.ufunc size changed, may indicate binary incompatibility. Expected 192 from C header, got 216 from PyObject
  return f(*args, **kwds)
/home/hspark8312/anaconda3/envs/sc2/lib/python3.6/site-packages/tensorboard/compat/tensorflow_stub/dtypes.py:541: FutureWarning: Passing (type, 1) or '1type' as a synonym of type is deprecated; in a future version of numpy, it will be understood as (type, (1,)) / '(1,)type'.
  _np_qint8 = np.dtype([("qint8", np.int8, 1)])
/home/hspark8312/anaconda3/envs/sc2/lib/python3.6/site-packages/past/builtins/misc.py:45: DeprecationWarning: the imp module is deprecated in favour of importlib; see the module's documentation for alternative uses
  from imp import reload
/mnt/d/sc2minigame-eval-2020-01-09/bots/Showing_bot/speedBot.py:1643: RuntimeWarning: coroutine 'TerreinManager.debug' was never awaited
  self.terrein_manager.debug()
