## STDOUT ##

[[92mINFO[0m] SC2 4.9.0 용 패치 적용
패치 sc2.ids.ability_id
패치 sc2.game_state
패치 sc2.bot_ai
패치 sc2.client
패치 sc2.controller
패치 sc2.main
INFO:root:Failed to import cuda module: No module named 'caffe2.python.caffe2_pybind11_state_gpu'
INFO:root:Failed to import AMD hip module: No module named 'caffe2.python.caffe2_pybind11_state_hip'
WARNING:root:This caffe2 python run does not have GPU support. Will run in CPU only mode.
cpu
INFO:sc2.protocol:Client status changed to Status.launched (was None)
INFO:sc2.protocol:Client status changed to Status.launched (was None)
INFO:sc2_patch.sc2_patch_490.controller:Creating new game
INFO:sc2_patch.sc2_patch_490.controller:Map:     NCFellowship-2019_m1_v6
INFO:sc2_patch.sc2_patch_490.controller:Players: Bot(Race.Terran, <bots.Showing_bot.speedBot.MarinBot object at 0x7f3b77688f28>), Bot(Race.Terran, <bots.Bluebird.bot.Bot object at 0x7f3b68630f60>)
INFO:sc2.protocol:Client status changed to Status.init_game (was Status.launched)
INFO:sc2.protocol:Client status changed to Status.in_game (was None)
INFO:root:Player 2 - Bot(Race.Terran, <bots.Bluebird.bot.Bot object at 0x7f3b68630f60>)
TEST: 2, <bots.Bluebird.bot.Bot object at 0x7f3b68630f60>
INFO:sc2.protocol:Client status changed to Status.in_game (was None)
INFO:root:Player 1 - Bot(Race.Terran, <bots.Showing_bot.speedBot.MarinBot object at 0x7f3b77688f28>)
TEST: 1, <bots.Showing_bot.speedBot.MarinBot object at 0x7f3b77688f28>
load model: bots/Showing_bot/models/model-89.pt
create new model
0
0.046418000012636185 0.002826999989338219
0.046418000012636185 0.0
0.044815000001108274 0.0020930000173393637
0.044815000001108274 0.0
1
0.04487599999993108 0.001373999984934926
0.04487599999993108 0.0
1
0.04472999999416061 0.0013740000140387565
0.04472999999416061 0.0
1
0.04436199998599477 0.0011200000008102506
0.04436199998599477 9.999785106629133e-07
1
0.04461599999922328 0.001113000005716458
0.04461599999922328 1.00000761449337e-06
1
1
0.044476999988546595 0.0011579999991226941
0.044476999988546595 1.00000761449337e-06
1
0.04437699998379685 0.0011229999945499003
0.04437699998379685 1.00000761449337e-06
0.04472999999416061 0.0013380000018514693
0.04472999999416061 0.0
1
1
0.04457600001478568 0.0011359999771229923
0.04457600001478568 1.00000761449337e-06
1
0.04482999999891035 0.0011590000067371875
0.04482999999891035 1.00000761449337e-06
1
0.047347000014269724 0.0015739999944344163
0.047347000014269724 0.0
0.047510000003967434 0.001285000005736947
0.047510000003967434 0.0
1
0.04735499998787418 0.0012700000079348683
0.04735499998787418 1.00000761449337e-06
1
1
0.048079000000143424 0.0011870000162161887
0.048079000000143424 1.00000761449337e-06
1
0.04832400000304915 0.0012740000092890114
0.04832400000304915 0.0
0.047426999983144924 0.0012529999949038029
0.047426999983144924 0.0
1
1
0.04709999999613501 0.001189000002341345
0.04709999999613501 0.0
0.04754800000227988 0.0012490000226534903
0.04754800000227988 0.0
1
1
0.04733399997348897 0.0013890000118408352
0.04733399997348897 1.00000761449337e-06
1
0.05023400002392009 0.002917000005254522
0.05023400002392009 1.00000761449337e-06
1
0.049608000001171604 0.0013540000072680414
0.049608000001171604 9.999785106629133e-07
1
0.05034600000362843 0.0013029999972786754
0.05034600000362843 0.0
1
0.05005900000105612 0.0013559999933931977
0.05005900000105612 1.00000761449337e-06
1
0.050010999984806404 0.0012780000106431544
0.050010999984806404 0.0
0.04975800000829622 0.0013709999911952764
0.04975800000829622 0.0
1
0.049658000003546476 0.001256999996257946
0.049658000003546476 9.999785106629133e-07
1
0.05019199999514967 0.0013789999939035624
0.05019199999514967 0.0
1
0.04738200001884252 0.0013349999790079892
0.04738200001884252 0.0
1
0.047166000003926456 0.0012889999779872596
0.047166000003926456 0.0
1
0.046837000001687557 0.0012519999872893095
0.046837000001687557 0.0
1
0.04763800001819618 0.0012969999806955457
0.04763800001819618 1.00000761449337e-06
1
0.04719100001966581 0.0012960000021848828
0.04719100001966581 1.00000761449337e-06
1
0.047101000003749505 0.0012749999877996743
0.047101000003749505 1.00000761449337e-06
1
0.047248999995645136 0.0016170000017154962
0.047248999995645136 1.00000761449337e-06
1
0.049820999993244186 0.0013060000201221555
0.049820999993244186 1.00000761449337e-06
1
0.04973699999391101 0.0013010000111535192
0.04973699999391101 1.00000761449337e-06
1
0.04948599997442216 0.001285000005736947
0.04948599997442216 0.0
1
0.05016900002374314 0.0012750000169035047
0.05016900002374314 1.00000761449337e-06
1
1
0.049934999988181517 0.0012500000011641532
0.049934999988181517 0.0
1
changed strategy
0.0703710000088904 0.0018150000250898302
0.0703710000088904 1.00000761449337e-06
1
0.0512870000093244 0.0012949999945703894
0.0512870000093244 1.00000761449337e-06
1
0.049648000014713034 0.0012709999864455312
0.049648000014713034 1.00000761449337e-06
1
0.04976399999577552 0.0012629999837372452
0.04976399999577552 1.00000761449337e-06
1
0.05010300001595169 0.0012749999877996743
0.05010300001595169 1.00000761449337e-06
1
0.050199000019347295 0.0013100000214762986
0.050199000019347295 0.0
1
0.049583999993046746 0.0013199999812059104
0.049583999993046746 0.0
1
0.054601000010734424 0.0014190000074449927
0.054601000010734424 0.0
1
0.05010000002221204 0.00128900000709109
0.05010000002221204 1.00000761449337e-06
1
0.04959800001233816 0.0012540000025182962
0.04959800001233816 0.0
1
0.06177000000025146 0.0019629999878816307
0.06177000000025146 2.2000021999701858e-05
1
0.07293300001765601 0.0019399999873712659
0.07293300001765601 0.0
1
0.07332599998335354 0.001879000017652288
0.07332599998335354 1.00000761449337e-06
1
0.07407299999613315 0.0019610000017564744
0.07407299999613315 0.0
1
0.05208599998150021 0.0013430000108201057
0.05208599998150021 0.0
1
0.05734099997789599 0.001496000011684373
0.05734099997789599 1.00000761449337e-06
1
0.07460000002174638 0.001955999992787838
0.07460000002174638 1.00000761449337e-06
1
0.07514999998966232 0.002123000012943521
0.07514999998966232 0.0
1
0.053496999986236915 0.0013340000004973263
0.053496999986236915 9.999785106629133e-07
1
0.05752300002495758 0.0014420000079553574
0.05752300002495758 0.0
1
0.05843000000459142 0.001484000007621944
0.05843000000459142 0.0
1
0.05209899999317713 0.0013150000013411045
0.05209899999317713 0.0
1
0.05203099999926053 0.0013120000076014549
0.05203099999926053 1.00000761449337e-06
1
0.05220700000063516 0.0013069999986328185
0.05220700000063516 0.0
1
0.05226899997796863 0.0013639999961014837
0.05226899997796863 9.999785106629133e-07
1
0.052767999994102865 0.0013179999950807542
0.052767999994102865 0.0
1
0.052029000013135374 0.0012969999806955457
0.052029000013135374 0.0
1
0.05235000001266599 0.00136599998222664
0.05235000001266599 1.00000761449337e-06
1
0.05444000000716187 0.003125999995972961
0.05444000000716187 1.00000761449337e-06
1
0.05475999999907799 0.0014789999986533076
0.05475999999907799 1.00000761449337e-06
1
0.05778399997507222 0.0015540000167675316
0.05778399997507222 0.0
1
0.05960300000151619 0.0034100000048056245
0.05960300000151619 1.00000761449337e-06
1
0.06641400000080466 0.0023289999808184803
0.06641400000080466 0.0
1
0.05995599998277612 0.0014930000179447234
0.05995599998277612 0.0
1
0.07731500000227243 0.0022319999989122152
0.07731500000227243 0.0
1
0.05835599999409169 0.0014859999937471002
0.05835599999409169 0.0
1
0.05714600000646897 0.0014319999900180846
0.05714600000646897 0.0
1
0.05922600001213141 0.001580999989528209
0.05922600001213141 1.00000761449337e-06
0.060080999974161386 0.0015810000186320394
0.060080999974161386 0.0
1
1
0.05705399997532368 0.0014629999932367355
0.05705399997532368 0.0
1
0.06739800001378171 0.0019779999856837094
0.06739800001378171 9.999785106629133e-07
1
0.05787300001247786 0.0014500000106636435
0.05787300001247786 0.0
1
0.05482400002074428 0.001459000020986423
0.05482400002074428 0.0
1
0.05449500001850538 0.001467000023694709
0.05449500001850538 0.0
1
0.055066000000806525 0.0018899999849963933
0.055066000000806525 0.0
1
0.057096000004094094 0.001636000000871718
0.057096000004094094 0.0
1
0.05751399998553097 0.0018810000037774444
0.05751399998553097 0.0
1
0.05493799998657778 0.0017039999947883189
0.05493799998657778 0.0
1
0.05004900001222268 0.0013679999974556267
0.05004900001222268 9.999785106629133e-07
1
0.05017499998211861 0.0015990000101737678
0.05017499998211861 0.0
1
0.049589999980526045 0.0017410000145900995
0.049589999980526045 0.0
1
0.0496430000057444 0.001568000006955117
0.0496430000057444 0.0
1
0.04758199999923818 0.0014650000084657222
0.04758199999923818 0.0
1
0.04456999999820255 0.001617999980226159
0.04456999999820255 1.00000761449337e-06
1
0.044846000004326925 0.0015649999841116369
0.044846000004326925 0.0
1
0.04499000002397224 0.0015290000010281801
0.04499000002397224 1.00000761449337e-06
1
0.04496200001449324 0.0011569999915082008
0.04496200001449324 1.00000761449337e-06
1
0.04436699999496341 0.0013970000145491213
0.04436699999496341 9.999785106629133e-07
1
0.04763399998773821 0.0013599999947473407
0.04763399998773821 1.00000761449337e-06
1
0.04706000001169741 0.0012669999850913882
0.04706000001169741 0.0
1
0.05023199997958727 0.0013890000118408352
0.05023199997958727 0.0
1
0.04983499998343177 0.0013089999847579747
0.04983499998343177 1.00000761449337e-06
1
0.04950799999642186 0.001305999991018325
0.04950799999642186 0.0
1
0.050125000008847564 0.0012709999864455312
0.050125000008847564 0.0
1
0.050144000008003786 0.0013920000055804849
0.050144000008003786 0.0
1
0.049614999996265396 0.0012829999905079603
0.049614999996265396 1.00000761449337e-06
1
0.04957299999659881 0.001281000004382804
0.04957299999659881 0.0
1
0.04944099998101592 0.0013479999906849116
0.04944099998101592 0.0
1
0.05025699999532662 0.0013289999915286899
0.05025699999532662 1.00000761449337e-06
1
0.050084999995306134 0.0013169999874662608
0.050084999995306134 0.0
1
0.049721999996108934 0.0013020000187680125
0.049721999996108934 1.00000761449337e-06
1
0.04979999997885898 0.0012839999981224537
0.04979999997885898 1.00000761449337e-06
1
0.04954600002383813 0.0012839999981224537
0.04954600002383813 0.0
1
0.04949299999861978 0.0012869999918621033
0.04949299999861978 0.0
1
0.050041999988025054 0.00128900000709109
0.050041999988025054 0.0
1
0.050045000010868534 0.0014049999881535769
0.050045000010868534 1.00000761449337e-06
1
0.04970299999695271 0.0013029999972786754
0.04970299999695271 9.999785106629133e-07
1
0.049641999998129904 0.0012870000209659338
0.049641999998129904 0.0
1
0.049814999976661056 0.0013020000187680125
0.049814999976661056 1.00000761449337e-06
1
0.049647999985609204 0.001285000005736947
0.049647999985609204 0.0
1
0.0710759999928996 0.0019659999816212803
0.0710759999928996 1.00000761449337e-06
1
0.052208000008249655 0.0013889999827370048
0.052208000008249655 1.00000761449337e-06
1
0.05205500000738539 0.0013500000059138983
0.05205500000738539 0.0
1
0.052748999994946644 0.0013850000104866922
0.052748999994946644 1.00000761449337e-06
1
0.05485800001770258 0.0015509999939240515
0.05485800001770258 0.0
1
0.05491399997845292 0.0014980000269133598
0.05491399997845292 1.00000761449337e-06
1
0.054940000001806766 0.0013970000145491213
0.054940000001806766 0.0
1
0.0544579999987036 0.0013990000006742775
0.0544579999987036 0.0
1
0.054843999998411164 0.0014399999927263707
0.054843999998411164 0.0
1
0.05468900001142174 0.0014110000047367066
0.05468900001142174 1.00000761449337e-06
1
0.0543840000173077 0.0014030000020284206
0.0543840000173077 0.0
1
0.05490999997709878 0.0014610000071115792
0.05490999997709878 0.0
1
0.055130000022472814 0.0016030000115279108
0.055130000022472814 1.00000761449337e-06
1
0.054579999996349216 0.0014179999998304993
0.054579999996349216 1.00000761449337e-06
1
0.05527399998391047 0.0016799999866634607
0.05527399998391047 0.0
1
0.05812800000421703 0.0016210000030696392
0.05812800000421703 9.999785106629133e-07
1
0.05438999997568317 0.001467000023694709
0.05438999997568317 1.00000761449337e-06
1
0.054743000015150756 0.0014440000231843442
0.054743000015150756 1.00000761449337e-06
1
0.05482800002209842 0.0014420000079553574
0.05482800002209842 0.0
1
0.05514500002027489 0.001408000010997057
0.05514500002027489 1.00000761449337e-06
1
0.05460200001834892 0.0014510000182781368
0.05460200001834892 0.0
1
0.054413999983808026 0.0014090000186115503
0.054413999983808026 1.00000761449337e-06
1
0.0544359999767039 0.001552000001538545
0.0544359999767039 0.0
1
0.05452200002036989 0.0014139999984763563
0.05452200002036989 0.0
1
0.05478399997809902 0.001420000015059486
0.05478399997809902 0.0
1
0.05461599997943267 0.001420999993570149
0.05461599997943267 0.0
1
0.05421200001728721 0.0014589999918825924
0.05421200001728721 1.00000761449337e-06
1
0.0546899999899324 0.001437999977497384
0.0546899999899324 0.0
1
0.05456899999990128 0.0014239999873097986
0.05456899999990128 9.999785106629133e-07
1
0.05536500000744127 0.0014610000071115792
0.05536500000744127 1.00000761449337e-06
1
0
0.05721400000038557 0.001476000004913658
0.05721400000038557 0.0
1
0
0.05691700000897981 0.0014700000174343586
0.05691700000897981 0.0
1
0
0.05677100000320934 0.0014950000040698797
0.05677100000320934 1.00000761449337e-06
1
0
0.057797999994363636 0.0014819999923929572
0.057797999994363636 0.0
1
0
0.05969399999594316 0.0016419999883510172
0.05969399999594316 9.999785106629133e-07
1
0
0.059341999993193895 0.001596999994944781
0.059341999993193895 1.00000761449337e-06
1
0
0.05946400001994334 0.0015500000154133886
0.05946400001994334 9.999785106629133e-07
1
0
0.059754000016255304 0.0015380000113509595
0.059754000016255304 0.0
1
0
0.060246999986702576 0.0016140000079758465
0.060246999986702576 0.0
1
0
0.060366999998223037 0.0015509999939240515
0.060366999998223037 0.0
1
0
0.05976400000508875 0.0014839999785181135
0.05976400000508875 1.00000761449337e-06
1
0
0.060440000001108274 0.0016070000128820539
0.060440000001108274 1.00000761449337e-06
1
0
0.062486000009812415 0.0017459999944549054
0.062486000009812415 1.00000761449337e-06
1
0
0.06446600001072511 0.0037500000034924597
0.06446600001072511 1.00000761449337e-06
1
0
0.06166899998788722 0.001959000015631318
0.06166899998788722 0.0
1
0
0.06258500000694767 0.0018419999978505075
0.06258500000694767 0.0
1
0.05976299999747425 0.0018599999893922359
0.05976299999747425 0.0
1
0.05967000001692213 0.0017600000137463212
0.05967000001692213 0.0
1
0.05955599999288097 0.0018580000032670796
0.05955599999288097 1.00000761449337e-06
1
0.05726699999650009 0.0018240000063087791
0.05726699999650009 0.0
1
0.05996099999174476 0.001816000003600493
0.05996099999174476 0.0
1
0.05698999998276122 0.0014870000013615936
0.05698999998276122 1.00000761449337e-06
1
0.056905999983428046 0.0016509999986737967
0.056905999983428046 1.00000761449337e-06
1
0.05447400000412017 0.0014319999900180846
0.05447400000412017 9.999785106629133e-07
1
0.0676499999826774 0.0022579999931622297
0.0676499999826774 0.0
1
0.06523100001504645 0.0020499999809544533
0.06523100001504645 9.999785106629133e-07
1
0.06707300001289696 0.003876000002492219
0.06707300001289696 1.00000761449337e-06
1
0.06674399998155423 0.002043000014964491
0.06674399998155423 1.00000761449337e-06
1
0.06706800000392832 0.0017600000137463212
0.06706800000392832 0.0
1
0.06803899997612461 0.0017890000017359853
0.06803899997612461 1.00000761449337e-06
1
0.06688900000881404 0.0017439999792259187
0.06688900000881404 0.0
1
0.06502400001045316 0.001689999975496903
0.06502400001045316 0.0
1
0.06444700001156889 0.0016630000027362257
0.06444700001156889 1.00000761449337e-06
1
0.05693399999290705 0.001500000013038516
0.05693399999290705 1.00000761449337e-06
1
0.05718100001104176 0.001492999988840893
0.05718100001104176 9.999785106629133e-07
1
0.05922599998302758 0.0015669999993406236
0.05922599998302758 0.0
1
0.05437899997923523 0.0014399999927263707
0.05437899997923523 0.0
1
0.05498700001044199 0.001428999996278435
0.05498700001044199 9.999785106629133e-07
1
0.05006500001763925 0.0013420000032056123
0.05006500001763925 0.0
1
0.05100999999558553 0.001352999999653548
0.05100999999558553 1.00000761449337e-06
1
0.04940399999031797 0.001281999982893467
0.04940399999031797 0.0
1
0.04970800000592135 0.0012960000021848828
0.04970800000592135 0.0
1
0.049295000004349276 0.0012929999793414026
0.049295000004349276 0.0
1
0.049946999992243946 0.0013099999923724681
0.049946999992243946 0.0
1
0.05009999999310821 0.0012839999981224537
0.05009999999310821 0.0
1
0.049460999987786636 0.0012910000223200768
0.049460999987786636 0.0
1
0.04945700001553632 0.0013100000214762986
0.04945700001553632 0.0
1
0.04937200000858866 0.0012949999945703894
0.04937200000858866 0.0
1
0.0495740000042133 0.0012970000097993761
0.0495740000042133 1.00000761449337e-06
1
0.050155999982962385 0.0013210000179242343
0.050155999982962385 0.0
1
0.07260499999392778 0.0019669999892357737
0.07260499999392778 0.0
1
0.052903000003425404 0.0013850000104866922
0.052903000003425404 0.0
1
0.052148999995552 0.001424999994924292
0.052148999995552 0.0
1
0.060052999993786216 0.00200899998890236
0.060052999993786216 9.999785106629133e-07
1
0.07267700001830235 0.001996999984839931
0.07267700001830235 9.999785106629133e-07
1
0.07331799998064525 0.0019580000080168247
0.07331799998064525 0.0
1
0.07304099999601021 0.0019160000083502382
0.07304099999601021 1.00000761449337e-06
1
0.08027599999331869 0.0021909999777562916
0.08027599999331869 0.0
1
0.0794469999964349 0.002091000002110377
0.0794469999964349 0.0
1
0.06094399999710731 0.001560000004246831
0.06094399999710731 0.0
1
0.06234000000404194 0.0016030000115279108
0.06234000000404194 1.00000761449337e-06
1
0.06445000000530854 0.0017499999958090484
0.06445000000530854 1.00000761449337e-06
1
0.06446299998788163 0.0016849999956320971
0.06446299998788163 0.0
1
0.05727900000056252 0.0014530000044032931
0.05727900000056252 1.00000761449337e-06
1
0.05783299999893643 0.0015439999988302588
0.05783299999893643 0.0
1
0.05709700001170859 0.0014769999834243208
0.05709700001170859 0.0
1
0.056939000001875684 0.0014729999820701778
0.056939000001875684 0.0
1
0.05923800001619384 0.001576999988174066
0.05923800001619384 0.0
1
0.05982600001152605 0.0015619999903719872
0.05982600001152605 9.999785106629133e-07
1
0.05206400001770817 0.0013719999988097697
0.05206400001770817 0.0
1
0.05481199998757802 0.0014150000060908496
0.05481199998757802 9.999785106629133e-07
1
0.05436000000918284 0.001416000013705343
0.05436000000918284 0.0
1
0.054980000015348196 0.001412999990861863
0.054980000015348196 0.0
1
0.054754999990109354 0.0013889999827370048
0.054754999990109354 1.00000761449337e-06
1
0.05458100000396371 0.0014109999756328762
0.05458100000396371 0.0
1
0.05446200000005774 0.001445000001695007
0.05446200000005774 0.0
1
0.05294199998024851 0.0013949999993201345
0.05294199998024851 1.00000761449337e-06
1
0.04961899999761954 0.0012799999967683107
0.04961899999761954 0.0
1
0.049528000003192574 0.0012879999994765967
0.049528000003192574 1.00000761449337e-06
1
0.049872999981744215 0.0012830000196117908
0.049872999981744215 1.00000761449337e-06
1
0.049685000005410984 0.0013289999915286899
0.049685000005410984 1.00000761449337e-06
1
0.05011500002001412 0.001336000015726313
0.05011500002001412 0.0
1
0.04723199998261407 0.0012500000011641532
0.04723199998261407 0.0
1
0.04746000000159256 0.0013039999757893384
0.04746000000159256 0.0
1
0.05203699998673983 0.0013789999939035624
0.05203699998673983 0.0
1
0.057084000000031665 0.0014950000040698797
0.057084000000031665 1.00000761449337e-06
1
0.06262000001152046 0.001576999988174066
0.06262000001152046 9.999785106629133e-07
1
0.06234900001436472 0.0015819999971427023
0.06234900001436472 1.00000761449337e-06
1
0.06224999998812564 0.001568000006955117
0.06224999998812564 0.0
1
0.06191499999840744 0.00156899998546578
0.06191499999840744 1.00000761449337e-06
1
0.08441099998890422 0.0022809999936725944
0.08441099998890422 0.0
1
0.0651040000084322 0.0016750000067986548
0.0651040000084322 1.00000761449337e-06
1
0.06462800002191216 0.001680999994277954
0.06462800002191216 0.0
1
0.06550600001355633 0.002466000005370006
0.06550600001355633 0.0
1
0.06794100001570769 0.0016760000144131482
0.06794100001570769 0.0
1
0.06753099997877143 0.0018299999937880784
0.06753099997877143 0.0
1
0.06713999999919906 0.001715999998850748
0.06713999999919906 9.999785106629133e-07
1
0.06714299999293871 0.001740000006975606
0.06714299999293871 0.0
1
0.054786000022431836 0.0014150000060908496
0.054786000022431836 0.0
1
0.054614000022411346 0.0014490000030491501
0.054614000022411346 9.999785106629133e-07
1
0.05741400000988506 0.0014959999825805426
0.05741400000988506 0.0
1
0.05689999999594875 0.0014730000111740083
0.05689999999594875 0.0
1
0.05673499999102205 0.0014970000192988664
0.05673499999102205 0.0
1
0.052087999996729195 0.0014139999984763563
0.052087999996729195 1.00000761449337e-06
1
0.054620000009890646 0.0014120000123512
0.054620000009890646 1.00000761449337e-06
1
0.05496899998979643 0.0014089999895077199
0.05496899998979643 0.0
1
0.05462800001259893 0.0014510000182781368
0.05462800001259893 1.00000761449337e-06
1
0.05501799998455681 0.0014629999932367355
0.05501799998455681 9.999785106629133e-07
1
0.057329999981448054 0.0014899999951012433
0.057329999981448054 9.999785106629133e-07
1
0.05726400000276044 0.0014789999986533076
0.05726400000276044 0.0
1
0.05959799999254756 0.0015549999952781945
0.05959799999254756 9.999785106629133e-07
1
0.059840000001713634 0.001564000005600974
0.059840000001713634 1.00000761449337e-06
1
0.057062999985646456 0.001504000014392659
0.057062999985646456 0.0
1
0.057490000006509945 0.0014729999820701778
0.057490000006509945 1.00000761449337e-06
1
0.05468499998096377 0.001436999998986721
0.05468499998096377 9.999785106629133e-07
1
0.05469200000516139 0.0014660000160802156
0.05469200000516139 0.0
1
0.05759699997724965 0.0014380000066012144
0.05759699997724965 1.00000761449337e-06
1
0.052537000010488555 0.001387000025715679
0.052537000010488555 1.00000761449337e-06
1
0.05438100002356805 0.0014690000098198652
0.05438100002356805 0.0
1
0.0522579999815207 0.001348000019788742
0.0522579999815207 0.0
1
0.05514799998491071 0.0014199999859556556
0.05514799998491071 1.00000761449337e-06
1
0.055852999998023733 0.0014549999905284494
0.055852999998023733 0.0
1
0.05441299997619353 0.001644000003580004
0.05441299997619353 0.0
1
0.06690199999138713 0.001963000016985461
0.06690199999138713 0.0
1
0.07199600001331419 0.004302000015741214
0.07199600001331419 0.0
1
0.07325600000331178 0.0021370000031311065
0.07325600000331178 0.0
1
0.059696000011172146 0.0015870000061113387
0.059696000011172146 0.0
1
0.06476599999587052 0.001664999988861382
0.06476599999587052 0.0
1
0.06567199999699369 0.0017340000194963068
0.06567199999699369 1.00000761449337e-06
1
0.0691590000060387 0.0018019999843090773
0.0691590000060387 0.0
1
0.09440900001209229 0.0025790000217966735
0.09440900001209229 0.0
1
0.07371799999964423 0.0019059999904129654
0.07371799999964423 9.999785106629133e-07
1
0.0786179999995511 0.004618000006303191
0.0786179999995511 1.00000761449337e-06
1
0.0772560000186786 0.002154000016162172
0.0772560000186786 0.0
1
0.07738999999128282 0.0019299999985378236
0.07738999999128282 0.0
1
0.07669400001759641 0.0019690000044647604
0.07669400001759641 9.999785106629133e-07
1
0.06939700001385063 0.0017799999914132059
0.06939700001385063 1.00000761449337e-06
1
0.06948900001589209 0.0018769999733194709
0.06948900001589209 1.00000761449337e-06
1
0.06977099998039193 0.0018229999986942858
0.06977099998039193 0.0
1
0.06998400000156835 0.0017630000074859709
0.06998400000156835 0.0
1
0.059424999984912574 0.001524999999674037
0.059424999984912574 0.0
1
0.05216900000232272 0.001340000017080456
0.05216900000232272 1.00000761449337e-06
1
0.049992999993264675 0.0013209999888204038
0.049992999993264675 0.0
1
0.04965400000219233 0.0013310000067576766
0.04965400000219233 1.00000761449337e-06
1
0.049605000007431954 0.0013049999834038317
0.049605000007431954 0.0
1
0.05001300000003539 0.0013230000040493906
0.05001300000003539 1.00000761449337e-06
1
0.04836399998748675 0.001281000004382804
0.04836399998748675 0.0
1
0.04741100000683218 0.001225999993039295
0.04741100000683218 0.0
1
0.047263999993447214 0.0012620000052265823
0.047263999993447214 1.00000761449337e-06
1
0.047350000008009374 0.0012369999894872308
0.047350000008009374 0.0
1
0
0.052162000007228926 0.001365000003715977
0.052162000007228926 0.0
1
0
0.054690999997546896 0.0013889999827370048
0.054690999997546896 1.00000761449337e-06
1
0
0.05542800002149306 0.0014720000035595149
0.05542800002149306 9.999785106629133e-07
1
0
0.05551000000559725 0.001412999990861863
0.05551000000559725 0.0
1
0
0.054577000002609566 0.0013909999979659915
0.054577000002609566 0.0
1
0
0.05693200000678189 0.0014659999869763851
0.05693200000678189 0.0
1
0
0.0575599999865517 0.0014669999945908785
0.0575599999865517 1.00000761449337e-06
1
0
0.05943299998762086 0.0016309999919030815
0.05943299998762086 1.00000761449337e-06
1
0
0.05960900001809932 0.0015100000018719584
0.05960900001809932 1.00000761449337e-06
1
0
0.05714099999750033 0.0014739999896846712
0.05714099999750033 1.00000761449337e-06
1
0
0.06004099998972379 0.001576999988174066
0.06004099998972379 1.00000761449337e-06
1
0
0.05963599999086 0.0015389999898616225
0.05963599999086 1.00000761449337e-06
1
0
0.07175400000414811 0.0018489999929443002
0.07175400000414811 9.999785106629133e-07
1
0
0.07736799999838695 0.0019829999946523458
0.07736799999838695 0.0
1
0
0.07928999999421649 0.002111000008881092
0.07928999999421649 0.0
1
0
0.06969600002048537 0.0017989999905694276
0.06969600002048537 0.0
1
0
0.06218599999556318 0.001600999996298924
0.06218599999556318 0.0
1
0
0.06759999998030253 0.0017090000037569553
0.06759999998030253 1.00000761449337e-06
1
0
0.07006399999954738 0.0019279999833088368
0.07006399999954738 0.0
0.07149199998821132 0.0018489999929443002
0.07149199998821132 1.00000761449337e-06
1
0
1
0
0.0736050000123214 0.001871999993454665
0.0736050000123214 1.00000761449337e-06
1
0
0.07225499997730367 0.0019320000137668103
0.07225499997730367 1.00000761449337e-06
1
0
0.07455399999162182 0.001927000004798174
0.07455399999162182 0.0
1
0
0.07434999998076819 0.002070999995339662
0.07434999998076819 1.00000761449337e-06
1
0
0.07453399998485111 0.001974000013433397
0.07453399998485111 0.0
1
0
0.06964400000288151 0.0018970000091940165
0.06964400000288151 0.0
1
0
0.0721190000185743 0.002147999999579042
0.0721190000185743 0.0
1
0
0.07316899998113513 0.001851000008173287
0.07316899998113513 0.0
1
0.06526999999186955 0.0016750000067986548
0.06526999999186955 1.00000761449337e-06
1
0.05240099999355152 0.0013920000055804849
0.05240099999355152 0.0
1
0.0522519999940414 0.0013749999925494194
0.0522519999940414 9.999785106629133e-07
1
0.051983000012114644 0.001428999996278435
0.051983000012114644 1.00000761449337e-06
1
0.05233799997949973 0.0013899999903514981
0.05233799997949973 1.00000761449337e-06
1
0.0551160000031814 0.001445000001695007
0.0551160000031814 0.0
1
0.054862999997567385 0.0015280000225175172
0.054862999997567385 1.00000761449337e-06
1
0.06253599998308346 0.0016290000057779253
0.06253599998308346 0.0
1
0.06217900000046939 0.0015999999886844307
0.06217900000046939 1.00000761449337e-06
1
0.06715800001984462 0.001816999982111156
0.06715800001984462 1.00000761449337e-06
1
0.06211900000926107 0.001631999999517575
0.06211900000926107 1.00000761449337e-06
1
0.05987300002016127 0.0015620000194758177
0.05987300002016127 1.00000761449337e-06
1
0.05970300000626594 0.001529999979538843
0.05970300000626594 9.999785106629133e-07
1
0.0597999999881722 0.00157200000830926
0.0597999999881722 0.0
1
0.05979800000204705 0.0015509999939240515
0.05979800000204705 0.0
1
0.05761499999789521 0.0015119999879971147
0.05761499999789521 0.0
1
0.0570389999775216 0.0014890000165905803
0.0570389999775216 0.0
1
0.052442000014707446 0.0013519999920390546
0.052442000014707446 0.0
1
0.05223399997339584 0.0013949999993201345
0.05223399997339584 0.0
1
0.05304099997738376 0.0014070000033825636
0.05304099997738376 1.00000761449337e-06
1
0.0562270000227727 0.0014850000152364373
0.0562270000227727 0.0
1
0.05247699999017641 0.0013849999813828617
0.05247699999017641 0.0
1
0.054896999994525686 0.001480000006267801
0.054896999994525686 0.0
1
0.05552899997564964 0.001488000008976087
0.05552899997564964 0.0
1
0.05473299999721348 0.0014189999783411622
0.05473299999721348 1.00000761449337e-06
1
0.06210599999758415 0.0015910000074654818
0.06210599999758415 1.00000761449337e-06
1
0.09425500000361353 0.0025830000231508166
0.09425500000361353 0.0
1
0.0735770000028424 0.001871999993454665
0.0735770000028424 1.00000761449337e-06
1
0.06706100000883453 0.001732999982777983
0.06706100000883453 1.00000761449337e-06
1
0.07285900000715628 0.0018769999733194709
0.07285900000715628 0.0
1
0.07790100001147948 0.0021280000219121575
0.07790100001147948 0.0
1
0.07720299999346025 0.001947999990079552
0.07720299999346025 1.00000761449337e-06
1
0.09844000000157394 0.002609999995911494
0.09844000000157394 1.00000761449337e-06
1
0.07598600001074374 0.0019299999985378236
0.07598600001074374 0.0
1
0.07792999999946915 0.001986999996006489
0.07792999999946915 0.0
1
0.07456399998045526 0.0019240000110585243
0.07456399998045526 0.0
1
0.06467199997860007 0.0016860000032465905
0.06467199997860007 0.0
1
0.06459399999585003 0.0016610000166110694
0.06459399999585003 0.0
1
0.05266799998935312 0.001412999990861863
0.05266799998935312 0.0
1
0.05228300002636388 0.0013940000208094716
0.05228300002636388 0.0
1
0.04967500001657754 0.0013590000162366778
0.04967500001657754 1.00000761449337e-06
1
0.049947000021347776 0.0013010000111535192
0.049947000021347776 9.999785106629133e-07
1
0.05211399999097921 0.0013540000072680414
0.05211399999097921 0.0
1
0.05261199999949895 0.0013840000028721988
0.05261199999949895 1.00000761449337e-06
1
0.05314699999871664 0.001428999996278435
0.05314699999871664 0.0
1
0.05339300000923686 0.0014049999881535769
0.05339300000923686 1.00000761449337e-06
1
0.05347799998708069 0.0014190000074449927
0.05347799998708069 0.0
1
0.05323700001463294 0.0014260000025387853
0.05323700001463294 9.999785106629133e-07
1
0.05278999998699874 0.0014260000025387853
0.05278999998699874 0.0
1
0.05471399999805726 0.0014260000025387853
0.05471399999805726 9.999785106629133e-07
1
0.0544520000112243 0.001412999990861863
0.0544520000112243 0.0
1
0.05521500000031665 0.0014220000011846423
0.05521500000031665 1.00000761449337e-06
1
0.05508300001383759 0.0014540000120177865
0.05508300001383759 1.00000761449337e-06
1
0.05470099998638034 0.0014139999984763563
0.05470099998638034 0.0
1
0.05491899998742156 0.0014340000052470714
0.05491899998742156 9.999785106629133e-07
1
0.0521440000156872 0.001361000002361834
0.0521440000156872 0.0
1
0.04973500000778586 0.0013249999901745468
0.04973500000778586 9.999785106629133e-07
1
0.052330999984405935 0.0013899999903514981
0.052330999984405935 0.0
1
0.05226699999184348 0.001365000003715977
0.05226699999184348 0.0
1
0.052746000001206994 0.0014370000280905515
0.052746000001206994 0.0
1
0.053505999996559694 0.0014720000035595149
0.053505999996559694 0.0
1
0.05429900001036003 0.0014100000262260437
0.05429900001036003 1.00000761449337e-06
1
0.054059999994933605 0.0016290000057779253
0.054059999994933605 9.999785106629133e-07
1
0.054995000013150275 0.001576000009663403
0.054995000013150275 1.00000761449337e-06
1
0.06930599999031983 0.0020059999951627105
0.06930599999031983 0.0
1
0.06223499999032356 0.0016509999986737967
0.06223499999032356 0.0
1
0.06651199999032542 0.0017750000115484
0.06651199999032542 0.0
1
0.07252300000982359 0.002003999979933724
0.07252300000982359 0.0
1
0.07289799998397939 0.002000999986194074
0.07289799998397939 9.999785106629133e-07
1
0.07998300000326708 0.004628999973647296
0.07998300000326708 9.999785106629133e-07
1
0.0824760000105016 0.004776999994646758
0.0824760000105016 0.0
1
0.09228899999288842 0.005184999987250194
0.09228899999288842 9.999785106629133e-07
1
0.12051199999405071 0.007179000007454306
0.12051199999405071 0.0
1
0.09310199998435564 0.0033070000063162297
0.09310199998435564 1.00000761449337e-06
1
0.09732299999450333 0.005624999990686774
0.09732299999450333 0.0
1
0.0914700000139419 0.0024759999942034483
0.0914700000139419 9.999785106629133e-07
1
0.08210500000859611 0.0021099999721627682
0.08210500000859611 1.00000761449337e-06
1
0.06957200000761077 0.0018219999910797924
0.06957200000761077 0.0
1
0.06975799999781884 0.0018250000139232725
0.06975799999781884 9.999785106629133e-07
1
0.06762399998842739 0.00173200000426732
0.06762399998842739 9.999785106629133e-07
1
0.06004799998481758 0.001588000013725832
0.06004799998481758 0.0
1
0.049660999997286126 0.0013389999803621322
0.049660999997286126 0.0
1
0.047323000006144866 0.0012470000074245036
0.047323000006144866 9.999785106629133e-07
1
0.04726500000106171 0.0012759999954141676
0.04726500000106171 0.0
1
0.04788300002110191 0.001269000000320375
0.04788300002110191 0.0
1
0.04729600000428036 0.001277000003028661
0.04729600000428036 0.0
1
0.047642999998060986 0.0012459999998100102
0.047642999998060986 1.00000761449337e-06
1
0.04723899997770786 0.0012449999921955168
0.04723899997770786 1.00000761449337e-06
1
0.04757700001937337 0.0012599999899975955
0.04757700001937337 0.0
1
0.04707499998039566 0.001293000008445233
0.04707499998039566 1.00000761449337e-06
1
0.04734600000665523 0.0012620000052265823
0.04734600000665523 1.00000761449337e-06
1
0.04719799998565577 0.0012459999998100102
0.04719799998565577 0.0
1
0
0.04983200001879595 0.0013140000228304416
0.04983200001879595 9.999785106629133e-07
1
0
0.049534999998286366 0.0013549999857787043
0.049534999998286366 0.0
1
0
0.04956300000776537 0.001297999988310039
0.04956300000776537 1.00000761449337e-06
1
0
0.049876000004587695 0.0013060000201221555
0.049876000004587695 0.0
1
0
0.05069599999114871 0.0013329999928828329
0.05069599999114871 0.0
1
0
0.049713000014889985 0.001297999988310039
0.049713000014889985 1.00000761449337e-06
1
0
0.049602000013692304 0.0013249999901745468
0.049602000013692304 0.0
1
0
0.049830000003566965 0.0012900000147055835
0.049830000003566965 1.00000761449337e-06
1
0
0.05020900000818074 0.0013249999901745468
0.05020900000818074 0.0
1
0
0.05018599997856654 0.0012989999959245324
0.05018599997856654 1.00000761449337e-06
1
0
0.04966299998341128 0.0013620000099763274
0.04966299998341128 0.0
1
0
0.05249500001082197 0.001480000006267801
0.05249500001082197 0.0
1
0
0.06221300002653152 0.001648000004934147
0.06221300002653152 0.0
1
0
0.07495000000926666 0.0019399999873712659
0.07495000000926666 0.0
1
0
0.05717500002356246 0.0014850000152364373
0.05717500002356246 0.0
1
0.0681660000118427 0.0017750000115484
0.0681660000118427 0.0
1
0.07268299997667782 0.0018229999986942858
0.07268299997667782 1.00000761449337e-06
1
0.07955599998240359 0.002107999986037612
0.07955599998240359 0.0
1
0.08274600000004284 0.0021859999978914857
0.08274600000004284 0.0
1
0.08478399997693487 0.0023280000023078173
0.08478399997693487 0.0
1
0.07602400000905618 0.0021220000053290278
0.07602400000905618 0.0
1
0.057518000015988946 0.0014839999785181135
0.057518000015988946 1.00000761449337e-06
1
0.05705399997532368 0.0015350000176113099
0.05705399997532368 0.0
1
0.05754599999636412 0.0016089999990072101
0.05754599999636412 0.0
1
0.05482700001448393 0.0014979999978095293
0.05482700001448393 0.0
1
0.047553000011248514 0.001293999986955896
0.047553000011248514 0.0
1
0.04735599999548867 0.001244000013684854
0.04735599999548867 1.00000761449337e-06
1
0.04723899997770786 0.0012639999913517386
0.04723899997770786 1.00000761449337e-06
1
0.04784499999368563 0.0012790000182576478
0.04784499999368563 1.00000761449337e-06
1
0.047149999998509884 0.0012879999994765967
0.047149999998509884 0.0
1
0.04981199998292141 0.0013390000094659626
0.04981199998292141 1.00000761449337e-06
1
0.04979699998511933 0.0014359999913722277
0.04979699998511933 0.0
1
0.05042799998773262 0.0013510000135283917
0.05042799998773262 1.00000761449337e-06
1
0.05003099999157712 0.0013089999847579747
0.05003099999157712 9.999785106629133e-07
1
0.049767999997129664 0.0013239999825600535
0.049767999997129664 0.0
1
0.05051999998977408 0.0013630000175908208
0.05051999998977408 0.0
1
0.04988400000729598 0.0013150000013411045
0.04988400000729598 0.0
1
0.04996000000392087 0.0013150000013411045
0.04996000000392087 1.00000761449337e-06
1
0.04959499998949468 0.001348000019788742
0.04959499998949468 9.999785106629133e-07
1
0.04976399999577552 0.0013350000081118196
0.04976399999577552 0.0
1
0.04976699998951517 0.0012949999945703894
0.04976699998951517 0.0
1
0.05040400000871159 0.0013590000162366778
0.05040400000871159 9.999785106629133e-07
1
0.04988599999342114 0.0013029999972786754
0.04988599999342114 1.00000761449337e-06
1
0.04965699999593198 0.0013519999920390546
0.04965699999593198 1.00000761449337e-06
1
0.04712399997515604 0.0012840000272262841
0.04712399997515604 0.0
1
0.04739500000141561 0.0012559999886434525
0.04739500000141561 0.0
1
0.04798599999048747 0.0013259999977890402
0.04798599999048747 1.00000761449337e-06
1
0.047103999997489154 0.0012870000209659338
0.047103999997489154 9.999785106629133e-07
1
0.04803099998389371 0.0013190000026952475
0.04803099998389371 0.0
1
0.04712999999173917 0.0013099999923724681
0.04712999999173917 1.00000761449337e-06
1
0.04975800000829622 0.001361000002361834
0.04975800000829622 9.999785106629133e-07
1
0.05256999999983236 0.0014089999895077199
0.05256999999983236 1.00000761449337e-06
1
0.062322999991010875 0.0016060000052675605
0.062322999991010875 0.0
1
0.05220100001315586 0.0013809999800287187
0.05220100001315586 0.0
1
0.05193600000347942 0.0013719999988097697
0.05193600000347942 0.0
1
0.06281400000443682 0.0016399999731220305
0.06281400000443682 0.0
1
0.0670420000096783 0.0017430000007152557
0.0670420000096783 0.0
1
0.07516799998120405 0.0019240000110585243
0.07516799998120405 0.0
0.07958999997936189 0.002035999990766868
0.07958999997936189 0.0
1
0.081640000018524 0.00208899998688139
0.081640000018524 0.0
1
ERROR:sc2_patch.sc2_patch_490.main:AI step threw an error
Traceback (most recent call last):
  File "/mnt/d/sc2minigame-eval-2020-01-09/sc2_patch/sc2_patch_490/main.py", line 180, in _play_game_ai
    await ai.on_step(iteration)
  File "/mnt/d/sc2minigame-eval-2020-01-09/bots/Bluebird/bot.py", line 477, in on_step
    actions = await self.combat_manager.step()
  File "/mnt/d/sc2minigame-eval-2020-01-09/bots/Bluebird/bot.py", line 173, in step
    if builds[1].distance_to(Point2((44,44))) > builds[0].distance_to(Point2((44,44))):
IndexError: list index out of range
ERROR:sc2_patch.sc2_patch_490.main:Error: list index out of range
ERROR:sc2_patch.sc2_patch_490.main:Resigning due to previous error
INFO:root:Result for player 2 - Bot(Race.Terran, <bots.Bluebird.bot.Bot object at 0x7f3b68630f60>): Defeat
0.06942599997273646 0.0021100000012665987
0.06942599997273646 9.999785106629133e-07
INFO:sc2.protocol:Client status changed to Status.ended (was Status.in_game)
INFO:root:Result for player 1 - Bot(Race.Terran, <bots.Showing_bot.speedBot.MarinBot object at 0x7f3b77688f28>): Victory
INFO:sc2.client:Saved replay to outs/2020-01-17T11-28-03/replays/showing_bot-blue_bird/showing_bot-blue_bird-2.SC2Replay
INFO:sc2.protocol:Client status changed to Status.launched (was Status.in_game)
INFO:sc2.protocol:Client status changed to Status.quit (was Status.launched)
INFO:sc2.sc2process:kill_switch: Process cleanup
INFO:sc2.sc2process:Cleaning up...
INFO:sc2.sc2process:Cleanup complete
INFO:sc2.sc2process:Cleaning up...
INFO:sc2.sc2process:Cleanup complete
INFO:sc2.protocol:Client status changed to Status.launched (was Status.ended)
INFO:sc2.protocol:Cannot receive: Connection already closed.
INFO:sc2.sc2process:kill_switch: Process cleanup
INFO:sc2.sc2process:Cleaning up...
INFO:sc2.sc2process:Cleanup complete
INFO:sc2.sc2process:Cleaning up...
INFO:sc2.sc2process:Cleanup complete


## STDERR ##

Version: B75689 (SC2.4.10)
Build: Aug 12 2019 17:16:57
Command Line: '"/home/hspark8312/StarCraftII/Versions/Base75689/SC2_x64" -listen 127.0.0.1 -port 20621 -displayMode 0 -dataDir /home/hspark8312/StarCraftII -tempDir /tmp/SC2_0fktbl9m'
Starting up...
Startup Phase 1 complete
Version: B75689 (SC2.4.10)
Build: Aug 12 2019 17:16:57
Command Line: '"/home/hspark8312/StarCraftII/Versions/Base75689/SC2_x64" -listen 127.0.0.1 -port 18336 -displayMode 0 -dataDir /home/hspark8312/StarCraftII -tempDir /tmp/SC2_win0h6m0'
Starting up...
Startup Phase 1 complete
Startup Phase 2 complete
Creating stub renderer...
Listening on: 127.0.0.1:20621
Startup Phase 3 complete. Ready for commands.
Startup Phase 2 complete
Creating stub renderer...
ConnectHandler: Request from 127.0.0.1:58668 accepted
ReadyHandler: 127.0.0.1:58668 ready
Requesting to join a multiplayer game
Configuring interface options
Configure: raw interface enabled
Configure: feature layer interface enabled
Configure: score interface enabled
Configure: render interface disabled
Listening on: 127.0.0.1:18336
Startup Phase 3 complete. Ready for commands.
ConnectHandler: Request from 127.0.0.1:58670 accepted
ReadyHandler: 127.0.0.1:58670 ready
Requesting to join a multiplayer game
Configuring interface options
Configure: raw interface enabled
Configure: feature layer interface enabled
Configure: score interface enabled
Configure: render interface disabled
Create game with map path: NCFellowship-2019_m1_v6.SC2Map
Attempting to join a game with the map: NCFellowship-2019_m1_v6.SC2Map
Game has started.
Using default stable ids, none found at: /home/hspark8312/StarCraftII/stableid.json
Successfully loaded stable ids: GameData\stableid.json
Sending ResponseJoinGame
Game has started.
Using default stable ids, none found at: /home/hspark8312/StarCraftII/stableid.json
Successfully loaded stable ids: GameData\stableid.json
Sending ResponseJoinGame
RequestQuit command received.
Closing Application...
/home/hspark8312/anaconda3/envs/sc2/lib/python3.6/importlib/_bootstrap.py:219: RuntimeWarning: numpy.ufunc size changed, may indicate binary incompatibility. Expected 192 from C header, got 216 from PyObject
  return f(*args, **kwds)
/home/hspark8312/anaconda3/envs/sc2/lib/python3.6/importlib/_bootstrap.py:219: RuntimeWarning: numpy.ufunc size changed, may indicate binary incompatibility. Expected 192 from C header, got 216 from PyObject
  return f(*args, **kwds)
/home/hspark8312/anaconda3/envs/sc2/lib/python3.6/site-packages/tensorboard/compat/tensorflow_stub/dtypes.py:541: FutureWarning: Passing (type, 1) or '1type' as a synonym of type is deprecated; in a future version of numpy, it will be understood as (type, (1,)) / '(1,)type'.
  _np_qint8 = np.dtype([("qint8", np.int8, 1)])
/home/hspark8312/anaconda3/envs/sc2/lib/python3.6/site-packages/past/builtins/misc.py:45: DeprecationWarning: the imp module is deprecated in favour of importlib; see the module's documentation for alternative uses
  from imp import reload
/mnt/d/sc2minigame-eval-2020-01-09/bots/Showing_bot/speedBot.py:1643: RuntimeWarning: coroutine 'TerreinManager.debug' was never awaited
  self.terrein_manager.debug()
