## STDOUT ##

[[92mINFO[0m] SC2 4.9.0 용 패치 적용
패치 sc2.ids.ability_id
패치 sc2.game_state
패치 sc2.bot_ai
패치 sc2.client
패치 sc2.controller
패치 sc2.main
INFO:root:Failed to import cuda module: No module named 'caffe2.python.caffe2_pybind11_state_gpu'
INFO:root:Failed to import AMD hip module: No module named 'caffe2.python.caffe2_pybind11_state_hip'
WARNING:root:This caffe2 python run does not have GPU support. Will run in CPU only mode.
cpu
INFO:sc2.protocol:Client status changed to Status.launched (was None)
INFO:sc2.protocol:Client status changed to Status.launched (was None)
INFO:sc2_patch.sc2_patch_490.controller:Creating new game
INFO:sc2_patch.sc2_patch_490.controller:Map:     NCFellowship-2019_m1_v6
INFO:sc2_patch.sc2_patch_490.controller:Players: Bot(Race.Terran, <bots.Showing_bot.speedBot.MarinBot object at 0x7fee0f9b7f28>), Bot(Race.Terran, <bots.kinai.test_bot.TestBot object at 0x7fee00960f60>)
INFO:sc2.protocol:Client status changed to Status.init_game (was Status.launched)
INFO:sc2.protocol:Client status changed to Status.in_game (was None)
INFO:root:Player 2 - Bot(Race.Terran, <bots.kinai.test_bot.TestBot object at 0x7fee00960f60>)
TEST: 2, <bots.kinai.test_bot.TestBot object at 0x7fee00960f60>
INFO:sc2.protocol:Client status changed to Status.in_game (was None)
INFO:root:Player 1 - Bot(Race.Terran, <bots.Showing_bot.speedBot.MarinBot object at 0x7fee0f9b7f28>)
TEST: 1, <bots.Showing_bot.speedBot.MarinBot object at 0x7fee0f9b7f28>
load model: bots/Showing_bot/models/model-89.pt
create new model
0.0453890000062529 0.002742000011494383
0.0453890000062529 0.0
0.04535899998154491 0.0019859999883919954
0.04535899998154491 0.0
0.044827999983681366 0.0013139999937266111
0.044827999983681366 0.0
0.04493399997591041 0.0013139999937266111
0.04493399997591041 0.0
0.04454300002544187 0.0013040000048931688
0.04454300002544187 0.0
0.04451199999311939 0.0011039999953936785
0.04451199999311939 0.0
0.04495199999655597 0.0011609999928623438
0.04495199999655597 0.0
0.044748000014806166 0.0010870000114664435
0.044748000014806166 1.00000761449337e-06
0.04729600000428036 0.0012430000060703605
0.04729600000428036 1.00000761449337e-06
0.04703799998969771 0.001225999993039295
0.04703799998969771 0.0
0.047036999982083216 0.0012540000025182962
0.047036999982083216 1.00000761449337e-06
0.047260999999707565 0.0029510000022128224
0.047260999999707565 9.999785106629133e-07
0.047224000009009615 0.0015569999814033508
0.047224000009009615 0.0
0.04701899999054149 0.0011999999987892807
0.04701899999054149 0.0
0.04699500001152046 0.001260999997612089
0.04699500001152046 0.0
0.04798299999674782 0.0014950000040698797
0.04798299999674782 1.00000761449337e-06
0.04691200001980178 0.0015120000171009451
0.04691200001980178 0.0
0.047405999997863546 0.0011639999866019934
0.047405999997863546 0.0
0.04698000001371838 0.0013089999847579747
0.04698000001371838 9.999785106629133e-07
0.04778299998724833 0.0012189999979455024
0.04778299998724833 1.00000761449337e-06
0.05039699998451397 0.0013789999939035624
0.05039699998451397 0.0
0.049521999986609444 0.0012160000042058527
0.049521999986609444 9.999785106629133e-07
0.049666999984765425 0.0012209999840706587
0.049666999984765425 0.0
0.049718999973265454 0.0012490000226534903
0.049718999973265454 9.999785106629133e-07
0.04953200000454672 0.0012149999965913594
0.04953200000454672 1.00000761449337e-06
0.047040000004926696 0.0012599999899975955
0.047040000004926696 0.0
0.04728100000647828 0.0014849999861326069
0.04728100000647828 1.00000761449337e-06
0.04744099997333251 0.00149200001033023
0.04744099997333251 0.0
0.047418000001925975 0.0012500000011641532
0.047418000001925975 0.0
0.046969000017270446 0.0012390000047162175
0.046969000017270446 0.0
0.04728100000647828 0.0012509999796748161
0.04728100000647828 0.0
0.04696499998681247 0.0012749999877996743
0.04696499998681247 1.00000761449337e-06
0.04728100000647828 0.0012500000011641532
0.04728100000647828 0.0
0.04715800000121817 0.00128900000709109
0.04715800000121817 1.00000761449337e-06
0.0473459999775514 0.001352999999653548
0.0473459999775514 0.0
0.05025699999532662 0.0012210000131744891
0.05025699999532662 0.0
0.0501079999958165 0.0014110000047367066
0.0501079999958165 1.00000761449337e-06
0.049473000020952895 0.0012200000055599958
0.049473000020952895 0.0
0.049747000011848286 0.0012289999867789447
0.049747000011848286 1.00000761449337e-06
0.04937599998083897 0.0012170000118203461
0.04937599998083897 9.999785106629133e-07
changed strategy
0.0494159999943804 0.0012620000052265823
0.0494159999943804 9.999785106629133e-07
0.049694000015733764 0.0012220000207889825
0.049694000015733764 1.00000761449337e-06
0.0501759999897331 0.0012509999796748161
0.0501759999897331 0.0
0.05029399998602457 0.0012470000074245036
0.05029399998602457 0.0
0.049861000006785616 0.0012409999908413738
0.049861000006785616 0.0
0.04996399997617118 0.0012339999957475811
0.04996399997617118 0.0
0.04986599998665042 0.001273000001674518
0.04986599998665042 1.00000761449337e-06
0.04958799999440089 0.001221999991685152
0.04958799999440089 0.0
0.06426899999496527 0.001352999999653548
0.06426899999496527 0.0
0.05015100000309758 0.0012540000025182962
0.05015100000309758 1.00000761449337e-06
0.054764000000432134 0.003084000025410205
0.054764000000432134 1.00000761449337e-06
0.05528199998661876 0.0015270000149030238
0.05528199998661876 0.0
0.05483899998944253 0.0013909999979659915
0.05483899998944253 0.0
0.054715000005671754 0.0013709999911952764
0.054715000005671754 0.0
0.05584600000292994 0.0014699999883305281
0.05584600000292994 0.0
0.057520999980624765 0.001416999992216006
0.057520999980624765 0.0
0.05548599999747239 0.0013949999993201345
0.05548599999747239 0.0
0.0552460000035353 0.001416999992216006
0.0552460000035353 0.0
0.05467899999348447 0.0013880000042263418
0.05467899999348447 0.0
0.05480600000009872 0.0013719999988097697
0.05480600000009872 0.0
0.0546510000131093 0.0013990000006742775
0.0546510000131093 0.0
0.05452299999888055 0.0013599999947473407
0.05452299999888055 1.00000761449337e-06
0.05583100000512786 0.0014939999964553863
0.05583100000512786 1.00000761449337e-06
0.055980000004637986 0.0014220000011846423
0.055980000004637986 9.999785106629133e-07
0.05527000001166016 0.0013479999906849116
0.05527000001166016 1.00000761449337e-06
0.054574000008869916 0.0013479999906849116
0.054574000008869916 9.999785106629133e-07
0.05483599999570288 0.0013740000140387565
0.05483599999570288 0.0
0.052460000006249174 0.001373999984934926
0.052460000006249174 1.00000761449337e-06
0.060719999979482964 0.0018829999899026006
0.060719999979482964 0.0
0.07254499997361563 0.001863999990746379
0.07254499997361563 1.00000761449337e-06
0.07676500000525266 0.001990999997360632
0.07676500000525266 1.00000761449337e-06
0.07679400002234615 0.0018150000250898302
0.07679400002234615 1.00000761449337e-06
0.07680299997446127 0.0020129999902565032
0.07680299997446127 9.999785106629133e-07
0.07787999999709427 0.0021889999916311353
0.07787999999709427 0.0
0.07978900001035072 0.002056999976048246
0.07978900001035072 0.0
0.05530999999609776 0.0013969999854452908
0.05530999999609776 0.0
0.054788999987067655 0.0014190000074449927
0.054788999987067655 0.0
0.054383000009693205 0.001365000003715977
0.054383000009693205 0.0
0.05240300000878051 0.0013029999972786754
0.05240300000878051 0.0
0.049639000004390255 0.0013219999964348972
0.049639000004390255 0.0
0.06821200001286343 0.001711999997496605
0.06821200001286343 0.0
0.05078300001332536 0.0012860000133514404
0.05078300001332536 0.0
0.04997300001559779 0.0012489999935496598
0.04997300001559779 1.00000761449337e-06
0.04692699998850003 0.0012350000033620745
0.04692699998850003 0.0
0.04494100000010803 0.0012960000021848828
0.04494100000010803 0.0
0.048211999994236976 0.0015159999893512577
0.048211999994236976 0.0
0.047380999982124195 0.0012170000118203461
0.047380999982124195 0.0
0.04704700000002049 0.001256999996257946
0.04704700000002049 9.999785106629133e-07
0.04721900000004098 0.0013749999925494194
0.04721900000004098 1.00000761449337e-06
0.04711700000916608 0.0011870000162161887
0.04711700000916608 1.00000761449337e-06
0.04773700001533143 0.0012250000145286322
0.04773700001533143 0.0
0.04451300000073388 0.001197000005049631
0.04451300000073388 0.0
0.045011999987764284 0.0011579999991226941
0.045011999987764284 0.0
0.042249999998603016 0.0010949999850708991
0.042249999998603016 0.0
0.04240500001469627 0.001137999992351979
0.04240500001469627 0.0
0.042327000002842396 0.0010899999761022627
0.042327000002842396 1.00000761449337e-06
0.04434100000071339 0.0013050000125076622
0.04434100000071339 1.00000761449337e-06
0.045274000003701076 0.0012350000033620745
0.045274000003701076 0.0
0.043148000026121736 0.0012599999899975955
0.043148000026121736 0.0
0.043064999976195395 0.0011149999918416142
0.043064999976195395 0.0
0.04502200000570156 0.0013800000015180558
0.04502200000570156 1.00000761449337e-06
0.04524199999286793 0.0012339999957475811
0.04524199999286793 1.00000761449337e-06
0.046520000003511086 0.0012700000079348683
0.046520000003511086 1.00000761449337e-06
0.045523000007960945 0.001281999982893467
0.045523000007960945 0.0
0.04600800000480376 0.0012920000008307397
0.04600800000480376 0.0
0.044919999985722825 0.0011289999820291996
0.044919999985722825 1.00000761449337e-06
0.04457699999329634 0.0011060000106226653
0.04457699999329634 0.0
0.04521399998338893 0.001189000002341345
0.04521399998338893 1.00000761449337e-06
0.04487599999993108 0.0011200000008102506
0.04487599999993108 1.00000761449337e-06
0.044572000013431534 0.0011109999904874712
0.044572000013431534 0.0
0.04469999999855645 0.001117000007070601
0.04469999999855645 9.999785106629133e-07
0.044812000007368624 0.0013469999830704182
0.044812000007368624 0.0
0.04494200000772253 0.001145999995060265
0.04494200000772253 0.0
0.04480400000466034 0.001348999998299405
0.04480400000466034 1.00000761449337e-06
0.04465000002528541 0.0011140000133309513
0.04465000002528541 0.0
0.04436699999496341 0.0011630000080913305
0.04436699999496341 0.0
0.044480000011390075 0.0011280000035185367
0.044480000011390075 0.0
0.04487599999993108 0.001137000013841316
0.04487599999993108 0.0
0.04477700000279583 0.0011309999972581863
0.04477700000279583 1.00000761449337e-06
0.044674000004306436 0.0011590000067371875
0.044674000004306436 0.0
0.05445199998212047 0.0013679999974556267
0.05445199998212047 0.0
0.047618000011425465 0.0011899999808520079
0.047618000011425465 0.0
0.04489099999773316 0.001205000007757917
0.04489099999773316 0.0
0.044614999991608784 0.0011630000080913305
0.044614999991608784 1.00000761449337e-06
0.04527900001266971 0.0013250000192783773
0.04527900001266971 0.0
0.0478560000192374 0.001230999972904101
0.0478560000192374 0.0
0.055640999984461814 0.001297999988310039
0.055640999984461814 0.0
0.04706599999917671 0.0011830000148620456
0.04706599999917671 0.0
0.047200000000884756 0.0012359999818727374
0.047200000000884756 1.3999990187585354e-05
0.04768699998385273 0.00120900000911206
0.04768699998385273 1.00000761449337e-06
0.044836999994004145 0.0012320000096224248
0.044836999994004145 1.00000761449337e-06
0.044945000001462176 0.0011569999915082008
0.044945000001462176 0.0
0.04471800001920201 0.0011649999942164868
0.04471800001920201 9.999785106629133e-07
0.05849200001102872 0.0013329999928828329
0.05849200001102872 9.999785106629133e-07
0.062203000008594245 0.001656000007642433
0.062203000008594245 0.0
0.06620099997962825 0.0017510000034235418
0.06620099997962825 0.0
0.04880699998466298 0.0011939999822061509
0.04880699998466298 0.0
0.047236000013072044 0.0012020000140182674
0.047236000013072044 0.0
0.053133999987039715 0.0013230000040493906
0.053133999987039715 1.00000761449337e-06
0.06866600000648759 0.001799999998183921
0.06866600000648759 1.00000761449337e-06
0.04800400001113303 0.0012229999992996454
0.04800400001113303 0.0
0.0474359999934677 0.0011999999987892807
0.0474359999934677 0.0
0.04736100000445731 0.0011940000113099813
0.04736100000445731 1.00000761449337e-06
0.04764699999941513 0.001180000021122396
0.04764699999941513 9.999785106629133e-07
0.04787899999064393 0.0012350000033620745
0.04787899999064393 0.0
0.04712300002574921 0.0012020000140182674
0.04712300002574921 0.0
0.04741400000057183 0.0011829999857582152
0.04741400000057183 0.0
0.0471419999958016 0.0011900000099558383
0.0471419999958016 0.0
0.04771700000856072 0.0013000000035390258
0.04771700000856072 0.0
0.04690600000321865 0.0011769999982789159
0.04690600000321865 0.0
0.04988900001626462 0.0014260000025387853
0.04988900001626462 0.0
0.04991199998767115 0.0012879999994765967
0.04991199998767115 0.0
0.050285000004805624 0.0013399999879766256
0.050285000004805624 0.0
0.049455000000307336 0.0012400000123307109
0.049455000000307336 9.999785106629133e-07
0.04920799998217262 0.0012449999921955168
0.04920799998217262 0.0
0.04948300000978634 0.0012509999796748161
0.04948300000978634 0.0
0.055240999994566664 0.0013850000104866922
0.055240999994566664 1.00000761449337e-06
0.04950800002552569 0.0012869999918621033
0.04950800002552569 1.00000761449337e-06
0.04942300001857802 0.0012329999881330878
0.04942300001857802 0.0
0.04713700001593679 0.001361000002361834
0.04713700001593679 9.999785106629133e-07
0.06396800000220537 0.001636000000871718
0.06396800000220537 0.0
0.061646000016480684 0.0015990000101737678
0.061646000016480684 0.0
0.062302000005729496 0.0016379999869968742
0.062302000005729496 9.999785106629133e-07
0.0635199999960605 0.0019500000053085387
0.0635199999960605 1.00000761449337e-06
0.06190000000060536 0.001736000005621463
0.06190000000060536 0.0
0.06513599999016151 0.0018279999785590917
0.06513599999016151 1.00000761449337e-06
0.04515599997830577 0.0015200000198092312
0.04515599997830577 0.0
0.044897999992826954 0.0011490000179037452
0.044897999992826954 9.999785106629133e-07
0.056955000007292256 0.001256000017747283
0.056955000007292256 0.0
0.0638829999952577 0.0018529999942984432
0.0638829999952577 9.999785106629133e-07
0.04716200000257231 0.0012980000174138695
0.04716200000257231 0.0
0.04712099998141639 0.001193000003695488
0.04712099998141639 9.999785106629133e-07
0.04950500000268221 0.0013429999817162752
0.04950500000268221 0.0
0.049319000012474135 0.0012359999818727374
0.049319000012474135 1.00000761449337e-06
0.04986199998529628 0.0014810000138822943
0.04986199998529628 0.0
0.049349999986588955 0.0012409999908413738
0.049349999986588955 1.00000761449337e-06
0.049804999987827614 0.0012410000199452043
0.049804999987827614 0.0
0.04968999998527579 0.0012700000079348683
0.04968999998527579 0.0
0.04761900001903996 0.0011859999794978648
0.04761900001903996 0.0
0.04717400000663474 0.001201000006403774
0.04717400000663474 0.0
0.04726799999480136 0.001213000010466203
0.04726799999480136 0.0
0.04814299999270588 0.0012330000172369182
0.04814299999270588 0.0
0.04731799999717623 0.0012239999778103083
0.04731799999717623 0.0
0.04707699999562465 0.0012350000033620745
0.04707699999562465 9.999785106629133e-07
0.046888999990187585 0.0012149999965913594
0.046888999990187585 0.0
0.049740999995265156 0.0012439999845810235
0.049740999995265156 0.0
0.05086800002027303 0.0013540000072680414
0.05086800002027303 0.0
0.05008899999666028 0.0012920000008307397
0.05008899999666028 9.999785106629133e-07
0.058221999992383644 0.0016910000122152269
0.058221999992383644 0.0
0.05194599999231286 0.001297999988310039
0.05194599999231286 0.0
0.05230199999641627 0.0013179999950807542
0.05230199999641627 0.0
0.054533999995328486 0.0014909999736119062
0.054533999995328486 0.0
0.054284999991068617 0.0013580000086221844
0.054284999991068617 1.00000761449337e-06
0.05479399999603629 0.001365000003715977
0.05479399999603629 1.00000761449337e-06
0.05200299998978153 0.0012969999806955457
0.05200299998978153 0.0
0.05181199999060482 0.00128900000709109
0.05181199999060482 0.0
0.05250099999830127 0.0013340000004973263
0.05250099999830127 9.999785106629133e-07
0.05232099999557249 0.0013210000179242343
0.05232099999557249 1.00000761449337e-06
0.04946899999049492 0.0012360000109765679
0.04946899999049492 0.0
0.04948600000352599 0.0012409999908413738
0.04948600000352599 0.0
0.05705200001830235 0.0017530000186525285
0.05705200001830235 0.0
0.04984999998123385 0.0012409999908413738
0.04984999998123385 1.00000761449337e-06
0.052002000011270866 0.001297999988310039
0.052002000011270866 0.0
0.049765000003390014 0.0012500000011641532
0.049765000003390014 0.0
0.049728000012692064 0.0012780000106431544
0.049728000012692064 0.0
0.049784000002546236 0.0012500000011641532
0.049784000002546236 0.0
0.04970899998443201 0.001256999996257946
0.04970899998443201 9.999785106629133e-07
0.049644999991869554 0.001260999997612089
0.049644999991869554 0.0
0.0474990000075195 0.0011799999920185655
0.0474990000075195 0.0
0.04461599999922328 0.0011140000133309513
0.04461599999922328 0.0
0.04470599998603575 0.0012160000042058527
0.04470599998603575 9.999785106629133e-07
0.04504799999995157 0.0013050000125076622
0.04504799999995157 0.0
0.044897999992826954 0.001193000003695488
0.044897999992826954 0.0
0.04485700000077486 0.0012320000096224248
0.04485700000077486 1.00000761449337e-06
0.04979799999273382 0.0012540000025182962
0.04979799999273382 1.00000761449337e-06
0.04954300000099465 0.001277000003028661
0.04954300000099465 1.00000761449337e-06
0.05008099999395199 0.00133200001437217
0.05008099999395199 0.0
0.04948600000352599 0.0012379999971017241
0.04948600000352599 0.0
0.05026800002087839 0.0012490000226534903
0.05026800002087839 0.0
0.04965699999593198 0.0012430000060703605
0.04965699999593198 1.00000761449337e-06
0.05216300001484342 0.0013199999812059104
0.05216300001484342 1.00000761449337e-06
0.04719099999056198 0.0011919999960809946
0.04719099999056198 1.00000761449337e-06
0.04745600000023842 0.0011949999898206443
0.04745600000023842 1.00000761449337e-06
0.047178000007988885 0.0012599999899975955
0.047178000007988885 9.999785106629133e-07
0.04714000000967644 0.0011919999960809946
0.04714000000967644 1.00000761449337e-06
0.0469829999783542 0.0012070000229869038
0.0469829999783542 0.0
0.04450300001190044 0.0011519999825395644
0.04450300001190044 1.00000761449337e-06
0.045095000008586794 0.0011550000053830445
0.045095000008586794 0.0
0.04479799998807721 0.0012030000216327608
0.04479799998807721 1.00000761449337e-06
0.04483299999265 0.0011149999918416142
0.04483299999265 0.0
0.044855000014649704 0.0011530000192578882
0.044855000014649704 0.0
0.04465299998992123 0.0011569999915082008
0.04465299998992123 0.0
0.044865000003483146 0.0011679999879561365
0.044865000003483146 0.0
0.04477599999518134 0.001324000011663884
0.04477599999518134 1.00000761449337e-06
0.044870999990962446 0.0012290000158827752
0.044870999990962446 0.0
0.04760200000600889 0.0012160000042058527
0.04760200000600889 1.00000761449337e-06
0.047212000004947186 0.0011870000162161887
0.047212000004947186 0.0
0.0498630000220146 0.001269000000320375
0.0498630000220146 0.0
0.049854000011691824 0.0012449999921955168
0.049854000011691824 0.0
0.047098000010009855 0.0011780000058934093
0.047098000010009855 0.0
0.06371700001182035 0.0017700000025797635
0.06371700001182035 1.00000761449337e-06
0.04836100002285093 0.0011820000072475523
0.04836100002285093 0.0
0.04713299998547882 0.0011759999906644225
0.04713299998547882 1.00000761449337e-06
0.05057500000111759 0.0012970000097993761
0.05057500000111759 0.0
0.05020600001444109 0.001301999989664182
0.05020600001444109 0.0
0.06724299999768846 0.001828999986173585
0.06724299999768846 0.0
0.06817899999441579 0.0017970000044442713
0.06817899999441579 0.0
0.05305000001681037 0.001428000017767772
0.05305000001681037 0.0
0.05279399998835288 0.0013810000091325492
0.05279399998835288 0.0
0.05186199999297969 0.001336999994236976
0.05186199999297969 0.0
0.05493799998657778 0.0013719999988097697
0.05493799998657778 0.0
0.054703000001609325 0.0014100000262260437
0.054703000001609325 1.00000761449337e-06
0.05468599998857826 0.0013620000099763274
0.05468599998857826 1.00000761449337e-06
0.05448200000682846 0.0013939999917056412
0.05448200000682846 1.00000761449337e-06
0.054517999989911914 0.0013890000118408352
0.054517999989911914 0.0
0.05467599999974482 0.0013679999974556267
0.05467599999974482 0.0
0.05444300000090152 0.0013560000224970281
0.05444300000090152 1.00000761449337e-06
0.05457100001513027 0.0014049999881535769
0.05457100001513027 1.00000761449337e-06
0.054377000022213906 0.0013689999759662896
0.054377000022213906 1.00000761449337e-06
0.054349000012734905 0.0013580000086221844
0.054349000012734905 1.00000761449337e-06
0.05427900000358932 0.0013719999988097697
0.05427900000358932 0.0
0.05263699998613447 0.0013349999790079892
0.05263699998613447 1.00000761449337e-06
0.05182200000854209 0.0013279999839141965
0.05182200000854209 0.0
0.05214399998658337 0.0013109999999869615
0.05214399998658337 9.999785106629133e-07
0.05205800000112504 0.001344000018434599
0.05205800000112504 0.0
0.05455000000074506 0.0013509999844245613
0.05455000000074506 0.0
0.0548609999823384 0.0013909999979659915
0.0548609999823384 9.999785106629133e-07
0.054188999987673014 0.0013700000126846135
0.054188999987673014 0.0
0.054478000005474314 0.0013909999979659915
0.054478000005474314 1.00000761449337e-06
0.05490499999723397 0.001361000002361834
0.05490499999723397 0.0
0.06904900001245551 0.0017459999944549054
0.06904900001245551 0.0
0.057834999985061586 0.0014319999900180846
0.057834999985061586 9.999785106629133e-07
0.05688799999188632 0.0014519999967887998
0.05688799999188632 9.999785106629133e-07
0.05678700000862591 0.001428999996278435
0.05678700000862591 9.999785106629133e-07
0.056706000003032386 0.0014389999851118773
0.056706000003032386 0.0
0.057372999988729134 0.001412999990861863
0.057372999988729134 0.0
0.057458999974187464 0.0014380000066012144
0.057458999974187464 1.00000761449337e-06
0.056972999998833984 0.0014540000120177865
0.056972999998833984 0.0
0.05675300001166761 0.001441000000340864
0.05675300001166761 0.0
0.056643999996595085 0.001416000013705343
0.056643999996595085 0.0
0.07367399998474866 0.001951999991433695
0.07367399998474866 0.0
0.0554450000054203 0.0013599999947473407
0.0554450000054203 0.0
0.054672000027494505 0.001361000002361834
0.054672000027494505 0.0
0.055173999979160726 0.0013559999933931977
0.055173999979160726 0.0
0.05487299998640083 0.0014089999895077199
0.05487299998640083 0.0
0.05749500001547858 0.0014640000008512288
0.05749500001547858 0.0
0.05707900002016686 0.001424999994924292
0.05707900002016686 0.0
0.05753699998604134 0.0014509999891743064
0.05753699998604134 1.00000761449337e-06
0.056828000000678 0.0014159999846015126
0.056828000000678 0.0
0.0568970000022091 0.0015589999966323376
0.0568970000022091 9.999785106629133e-07
0.0546510000131093 0.0013669999898411334
0.0546510000131093 0.0
0.054444000008516014 0.0013620000099763274
0.054444000008516014 0.0
0.05472200000076555 0.0013679999974556267
0.05472200000076555 1.00000761449337e-06
0.05476800000178628 0.0013869999966118485
0.05476800000178628 0.0
0.05457900001783855 0.0013939999917056412
0.05457900001783855 1.00000761449337e-06
0.05462499998975545 0.001369999983580783
0.05462499998975545 0.0
0.05475400001159869 0.001361000002361834
0.05475400001159869 0.0
0.054838000010931864 0.0014089999895077199
0.054838000010931864 0.0
0.05447400000412017 0.001385999988997355
0.05447400000412017 1.00000761449337e-06
0.05459100002190098 0.0014020000235177577
0.05459100002190098 1.00000761449337e-06
0.057742000004509464 0.0014839999785181135
0.057742000004509464 0.0
0.05723400000715628 0.0014380000066012144
0.05723400000715628 0.0
0.0573900000017602 0.0014770000125281513
0.0573900000017602 0.0
0.0572480000264477 0.0014259999734349549
0.0572480000264477 0.0
0.05796499998541549 0.0015629999979864806
0.05796499998541549 0.0
0.0601349999778904 0.0034389999927952886
0.0601349999778904 0.0
0.059486999991349876 0.001560000004246831
0.059486999991349876 0.0
0.05954700001166202 0.0014759999758098274
0.05954700001166202 1.00000761449337e-06
0.05951799999456853 0.0015330000023823231
0.05951799999456853 0.0
0.05952899999101646 0.0014850000152364373
0.05952899999101646 0.0
0.05948199998238124 0.0014810000138822943
0.05948199998238124 0.0
0.05950699999812059 0.0014859999937471002
0.05950699999812059 9.999785106629133e-07
0.059787999984109774 0.0014979999978095293
0.059787999984109774 0.0
0.05944500002078712 0.0015290000010281801
0.05944500002078712 0.0
0.05914100000518374 0.0014850000152364373
0.05914100000518374 0.0
0.05989200001931749 0.0014979999978095293
0.05989200001931749 1.00000761449337e-06
0.059581999987130985 0.0014809999847784638
0.059581999987130985 1.00000761449337e-06
0.05972599997767247 0.0015539999876637012
0.05972599997767247 0.0
0.05905800001346506 0.0014610000071115792
0.05905800001346506 1.00000761449337e-06
0.05927999998675659 0.001476000004913658
0.05927999998675659 9.999785106629133e-07
0.06442200002493337 0.0035880000214092433
0.06442200002493337 0.0
0.0834610000019893 0.0023709999804850668
0.0834610000019893 0.0
0.0636850000009872 0.0015439999988302588
0.0636850000009872 1.00000761449337e-06
0.07927299998118542 0.0021880000131204724
0.07927299998118542 0.0
0.06063500000163913 0.0014729999820701778
0.06063500000163913 1.00000761449337e-06
0.0591310000163503 0.0014749999972991645
0.0591310000163503 1.00000761449337e-06
0.059803999989526346 0.0015660000208299607
0.059803999989526346 0.0
0.05919699999503791 0.0014810000138822943
0.05919699999503791 0.0
0.07780800000182353 0.0021520000009331852
0.07780800000182353 0.0
0.08122600000933744 0.0020490000024437904
0.08122600000933744 9.999785106629133e-07
0.06203800000366755 0.0015499999863095582
0.06203800000366755 1.00000761449337e-06
0.06182100001024082 0.0015480000001844019
0.06182100001024082 1.00000761449337e-06
0.06391900000744499 0.0017799999914132059
0.06391900000744499 0.0
0.06415900000138208 0.0016089999990072101
0.06415900000138208 1.00000761449337e-06
0.0644740000134334 0.0016180000093299896
0.0644740000134334 0.0
0.06697099999291822 0.0017689999949652702
0.06697099999291822 0.0
0.0670609999797307 0.0016840000171214342
0.0670609999797307 1.00000761449337e-06
0.06663600000320002 0.0016539999924134463
0.06663600000320002 1.00000761449337e-06
0.0672420000191778 0.0016739999991841614
0.0672420000191778 0.0
0.08429400000022724 0.002310999989276752
0.08429400000022724 0.0
0.0647010000247974 0.0016060000052675605
0.0647010000247974 9.999785106629133e-07
0.0645970000186935 0.0016239999968092889
0.0645970000186935 0.0
0.06669200002215803 0.0016509999986737967
0.06669200002215803 0.0
0.06728899999870919 0.0017269999952986836
0.06728899999870919 0.0
0.06803799999761395 0.0017170000064652413
0.06803799999761395 0.0
0.06967199998325668 0.0039019999967422336
0.06967199998325668 0.0
0.06919700000435114 0.00181200000224635
0.06919700000435114 1.00000761449337e-06
0.07945499999914318 0.002366000000620261
0.07945499999914318 0.0
0.0929500000202097 0.002322000014828518
0.0929500000202097 0.0
0.06944099999964237 0.0017480000096838921
0.06944099999964237 1.00000761449337e-06
0.06934300001012161 0.0017309999966528267
0.06934300001012161 0.0
0.07158700001309626 0.0018559999880380929
0.07158700001309626 0.0
0.07138300000224262 0.0018270000000484288
0.07138300000224262 0.0
0.0731730000115931 0.002250000019557774
0.0731730000115931 0.0
0.07175899998401292 0.0017729999963194132
0.07175899998401292 1.00000761449337e-06
0.09122699999716133 0.00515599999926053
0.09122699999716133 1.00000761449337e-06
0.09107600001152605 0.00281499998527579
0.09107600001152605 0.0
0.0909479999972973 0.0022609999869018793
0.0909479999972973 9.999785106629133e-07
0.09154500000295229 0.0022240000253077596
0.09154500000295229 9.999785106629133e-07
0.09102400002302602 0.0022760000138077885
0.09102400002302602 0.0
0.1217729999916628 0.003068999998504296
0.1217729999916628 1.00000761449337e-06
0.08950599998934194 0.0023030000156722963
0.08950599998934194 0.0
0.08856899998500012 0.0022150000149849802
0.08856899998500012 0.0
0.08904800002346747 0.0022150000149849802
0.08904800002346747 1.00000761449337e-06
0.08648299999185838 0.0021619999897666276
0.08648299999185838 0.0
0.08190900000045076 0.0020400000212248415
0.08190900000045076 0.0
0.0666170000040438 0.0016680000117048621
0.0666170000040438 1.00000761449337e-06
0.07522500000777654 0.002143999998224899
0.07522500000777654 1.4999997802078724e-05
0.06458299999940209 0.0016199999954551458
0.06458299999940209 0.0
0.07924700001603924 0.0019570000004023314
0.07924700001603924 1.00000761449337e-06
0.08936899999389425 0.0023689999943599105
0.08936899999389425 0.0
0.09021500000380911 0.0022699999972246587
0.09021500000380911 1.00000761449337e-06
0.08832300000358373 0.0021659999911207706
0.08832300000358373 1.00000761449337e-06
0.08941499999491498 0.0022250000038184226
0.08941499999491498 0.0
0.08901999998488463 0.0022339999850373715
0.08901999998488463 1.00000761449337e-06
0.08870999998180196 0.0021720000077039003
0.08870999998180196 0.0
0.08849100000225008 0.00217800002428703
0.08849100000225008 1.00000761449337e-06
0.08859100000699982 0.0021699999924749136
0.08859100000699982 0.0
0.08594700001413003 0.0021769999875687063
0.08594700001413003 1.00000761449337e-06
0.08622699999250472 0.0021169999963603914
0.08622699999250472 0.0
0.08623700001044199 0.0021120000164955854
0.08623700001044199 1.00000761449337e-06
0.08683200000086799 0.002154999994672835
0.08683200000086799 0.0
0.07689399999799207 0.0018890000064857304
0.07689399999799207 0.0
0.0665770000196062 0.0017210000078193843
0.0665770000196062 1.00000761449337e-06
0.06718100002035499 0.0016670000040903687
0.06718100002035499 0.0
0.0714109999826178 0.0021049999922979623
0.0714109999826178 0.0
0.07152199998381548 0.0017459999944549054
0.07152199998381548 0.0
0.07187299997895025 0.0017260000167880207
0.07187299997895025 0.0
0.0718359999882523 0.0017590000061318278
0.0718359999882523 0.0
0.07251299999188632 0.0018270000000484288
0.07251299999188632 0.0
0.07188699999824166 0.00181200000224635
0.07188699999824166 0.0
0.07297899998957291 0.0017839999927673489
0.07297899998957291 0.0
0.07246100000338629 0.001783000014256686
0.07246100000338629 9.999785106629133e-07
0.07307199999922886 0.0018649999983608723
0.07307199999922886 0.0
0.07206700000097044 0.0017780000052880496
0.07206700000097044 0.0
0.07430599999497645 0.001824999984819442
0.07430599999497645 1.00000761449337e-06
0.07647699999506585 0.0019540000066626817
0.07647699999506585 0.0
0.08151200000429526 0.0020200000144541264
0.08151200000429526 0.0
0.09108899999409914 0.002287000010255724
0.09108899999409914 1.00000761449337e-06
0.090771000017412 0.0022259999823290855
0.090771000017412 0.0
0.09627599999657832 0.005346999998437241
0.09627599999657832 0.0
0.07635300001129508 0.001875000016298145
0.07635300001129508 0.0
0.07430500001646578 0.0018870000203605741
0.07430500001646578 0.0
0.07387900000321679 0.001808000000892207
0.07387900000321679 0.0
0.07493099998100661 0.0019139999931212515
0.07493099998100661 1.00000761449337e-06
0.07657400000607595 0.0020969999895896763
0.07657400000607595 0.0
0.07708699998329394 0.0019209999882150441
0.07708699998329394 0.0
0.07759299999452196 0.0019240000110585243
0.07759299999452196 1.00000761449337e-06
0.07161899999482557 0.001783000014256686
0.07161899999482557 1.00000761449337e-06
0.07203799998387694 0.0017550000047776848
0.07203799998387694 9.999785106629133e-07
0.07201899998472072 0.0017780000052880496
0.07201899998472072 0.0
0.07142199997906573 0.0017640000151004642
0.07142199997906573 0.0
0.07154500001342967 0.0017549999756738544
0.07154500001342967 1.00000761449337e-06
0.07149600001866929 0.0017930000030901283
0.07149600001866929 0.0
0.07180800000787713 0.0017499999958090484
0.07180800000787713 0.0
0.07169000001158565 0.0018270000000484288
0.07169000001158565 0.0
0.07147700001951307 0.001748999988194555
0.07147700001951307 1.00000761449337e-06
0.07123200001660734 0.0017629999783821404
0.07123200001660734 0.0
0.07192899999790825 0.001803000021027401
0.07192899999790825 0.0
0.07142399999429472 0.0017499999958090484
0.07142399999429472 0.0
0.07390399998985231 0.0018149999959859997
0.07390399998985231 0.0
0.07422300000325777 0.0018519999866839498
0.07422300000325777 1.00000761449337e-06
0.07397600001422688 0.00181200000224635
0.07397600001422688 0.0
0.0739739999989979 0.001832999987527728
0.0739739999989979 1.00000761449337e-06
0.07403300001169555 0.001812999980757013
0.07403300001169555 1.00000761449337e-06
0.07625499999267049 0.0018700000073295087
0.07625499999267049 1.00000761449337e-06
0.0765769999998156 0.0018800000252667814
0.0765769999998156 0.0
0.0761919999786187 0.0018599999893922359
0.0761919999786187 1.00000761449337e-06
0.07670099998358637 0.0018930000078398734
0.07670099998358637 1.00000761449337e-06
0.0769109999819193 0.001996999984839931
0.0769109999819193 0.0
0.0761730000085663 0.0018720000225584954
0.0761730000085663 1.00000761449337e-06
0.07610299999942072 0.0018810000037774444
0.07610299999942072 0.0
0.0766449999937322 0.0019069999980274588
0.0766449999937322 0.0
0.07664799998747185 0.0019150000007357448
0.07664799998747185 0.0
0.0766400000138674 0.0018740000086836517
0.0766400000138674 1.00000761449337e-06
0.07903599998098798 0.0019460000039543957
0.07903599998098798 0.0
0.08319400000618771 0.0020770000119227916
0.08319400000618771 0.0
0.09653199999593198 0.0025360000145155936
0.09653199999593198 1.00000761449337e-06
0.09886200001346879 0.0025059999898076057
0.09886200001346879 0.0
0.09851099998923019 0.0024179999891202897
0.09851099998923019 0.0
0.09880300000077114 0.0023879999935161322
0.09880300000077114 1.00000761449337e-06
0.07938400001148693 0.0019320000137668103
0.07938400001148693 0.0
0.07633699997677468 0.0019080000056419522
0.07633699997677468 9.999785106629133e-07
0.07408600000781007 0.0018260000215377659
0.07408600000781007 1.00000761449337e-06
0.07395499999984168 0.0018480000144336373
0.07395499999984168 0.0
0.07452799999737181 0.0018189999973401427
0.07452799999737181 1.00000761449337e-06
0.07432200000039302 0.0018020000134129077
0.07432200000039302 1.00000761449337e-06
0.0738030000065919 0.0018130000098608434
0.0738030000065919 0.0
0.07429400002001785 0.0018029999919235706
0.07429400002001785 0.0
0.07365599999320693 0.0018359999812673777
0.07365599999320693 0.0
0.07886199999484234 0.0019190000020898879
0.07886199999484234 0.0
0.07889500001328997 0.0019339999998919666
0.07889500001328997 0.0
0.07953300001099706 0.0019620000093709677
0.07953300001099706 0.0
0.07915900001535192 0.001951000012923032
0.07915900001535192 0.0
0.07986099997651763 0.0019360000151209533
0.07986099997651763 0.0
0.07936099998187274 0.001959999994141981
0.07936099998187274 1.00000761449337e-06
0.07878700000583194 0.0019299999985378236
0.07878700000583194 0.0
0.07912199999555014 0.0019250000186730176
0.07912199999555014 0.0
0.07875099999364465 0.0019329999922774732
0.07875099999364465 1.00000761449337e-06
0.07880099999601953 0.0019219999958295375
0.07880099999601953 0.0
0.08129800000460818 0.0019699999829754233
0.08129800000460818 0.0
0.08119900000747293 0.0019739999843295664
0.08119900000747293 9.999785106629133e-07
0.09354900001198985 0.002349000016693026
0.09354900001198985 1.00000761449337e-06
0.08656100000371225 0.002139999996870756
0.08656100000371225 1.00000761449337e-06
0.10099300000001676 0.005915000016102567
0.10099300000001676 0.0
0.10503799997968599 0.005705999996280298
0.10503799997968599 0.0
0.1042769999767188 0.002781999995931983
0.1042769999767188 0.0
0.10429000001749955 0.0025529999984428287
0.10429000001749955 1.00000761449337e-06
0.10329500000807457 0.0025830000231508166
0.10329500000807457 0.0
0.10328199999639764 0.002529000019421801
0.10328199999639764 0.0
0.10376200001337565 0.0026310000102967024
0.10376200001337565 0.0
0.10068699999828823 0.002502999996067956
0.10068699999828823 0.0
0.09857699999702163 0.0024299999931827188
0.09857699999702163 0.0
0.09857999999076128 0.002570999989984557
0.09857999999076128 0.0
0.10408099999767728 0.0024569999950472265
0.10408099999767728 0.0
0.09667299999273382 0.002355999982682988
0.09667299999273382 0.0
0.08916900001349859 0.0022149999858811498
0.08916900001349859 0.0
0.07448400001158006 0.0017970000044442713
0.07448400001158006 0.0
0.0696790000074543 0.0016599999798927456
0.0696790000074543 0.0
0.06226399997831322 0.0015319999947678298
0.06226399997831322 1.00000761449337e-06
0.05713800000376068 0.0014089999895077199
0.05713800000376068 9.999785106629133e-07
0.057016000006115064 0.0014079999818932265
0.057016000006115064 1.00000761449337e-06
0.05509199999505654 0.0013679999974556267
0.05509199999505654 1.00000761449337e-06
0.05470800001057796 0.0014179999998304993
0.05470800001057796 9.999785106629133e-07
0.054560999997192994 0.001353999978164211
0.054560999997192994 9.999785106629133e-07
0.05227399998693727 0.001324000011663884
0.05227399998693727 1.00000761449337e-06
0.052282000018749386 0.0013279999839141965
0.052282000018749386 0.0
0.05218199998489581 0.0013080000062473118
0.05218199998489581 9.999785106629133e-07
0.06163899999228306 0.0015239999920595437
0.06163899999228306 0.0
0.07986900000832975 0.002222999988589436
0.07986900000832975 0.0
0.0731169999926351 0.001836999988881871
0.0731169999926351 0.0
0.0692389999749139 0.0017010000010486692
0.0692389999749139 9.999785106629133e-07
0.06697000001440756 0.0017209999787155539
0.06697000001440756 1.00000761449337e-06
0.0667480000120122 0.0016879999893717468
0.0667480000120122 1.00000761449337e-06
0.06667999998899177 0.0016420000174548477
0.06667999998899177 0.0
0.07377700001234189 0.002490999992005527
0.07377700001234189 1.00000761449337e-06
0.09078500000759959 0.002275999984703958
0.09078500000759959 0.0
0.06953800001065247 0.00172899998142384
0.06953800001065247 0.0
0.06935099998372607 0.0017339999903924763
0.06935099998372607 0.0
0.06675700002233498 0.0016840000171214342
0.06675700002233498 0.0
0.06683399999747053 0.001636000000871718
0.06683399999747053 0.0
0.06656799998017959 0.0016340000147465616
0.06656799998017959 1.00000761449337e-06
0.06647600000724196 0.0016699999978300184
0.06647600000724196 0.0
0.0676499999826774 0.0016929999983403832
0.0676499999826774 0.0
0.06649999998626299 0.001711999997496605
0.06649999998626299 0.0
0.06710899999598041 0.0016490000125486404
0.06710899999598041 1.00000761449337e-06
0.0643770000024233 0.0015799999819137156
0.0643770000024233 1.00000761449337e-06
0.06444899999769405 0.0016060000052675605
0.06444899999769405 0.0
0.06437300000106916 0.001596999994944781
0.06437300000106916 0.0
0.059450000000651926 0.001459000020986423
0.059450000000651926 0.0
0.05952500001876615 0.001508000015746802
0.05952500001876615 9.999785106629133e-07
0.059151000023121014 0.0014930000179447234
0.059151000023121014 1.00000761449337e-06
0.05911900001228787 0.0015100000018719584
0.05911900001228787 0.0
0.05898900001193397 0.0014799999771639705
0.05898900001193397 0.0
0.054367999982787296 0.0013420000032056123
0.054367999982787296 0.0
0.04966800002148375 0.001273000001674518
0.04966800002148375 0.0
0.05214499999419786 0.0013299999991431832
0.05214499999419786 1.00000761449337e-06
0.05218200001399964 0.0013120000076014549
0.05218200001399964 1.00000761449337e-06
0.05254800000693649 0.0013749999925494194
0.05254800000693649 9.999785106629133e-07
0.05254500001319684 0.001344999996945262
0.05254500001319684 0.0
0.054739999992307276 0.0013259999977890402
0.054739999992307276 0.0
0.05322699999669567 0.001349999976810068
0.05322699999669567 1.00000761449337e-06
0.05227300000842661 0.0013920000055804849
0.05227300000842661 0.0
0.04958300001453608 0.0012350000033620745
0.04958300001453608 9.999785106629133e-07
0.049396000016713515 0.001238999975612387
0.049396000016713515 1.00000761449337e-06
0.04955999998492189 0.0012479999859351665
0.04955999998492189 0.0
0.049199000000953674 0.001264000020455569
0.049199000000953674 0.0
0.049759000015910715 0.001229999994393438
0.049759000015910715 0.0
0.04952299999422394 0.001225999993039295
0.04952299999422394 1.00000761449337e-06
0.04962199999135919 0.0012660000065807253
0.04962199999135919 0.0
0.049673000001348555 0.001348000019788742
0.049673000001348555 0.0
0.04944099998101592 0.0012210000131744891
0.04944099998101592 0.0
0.04980000000796281 0.0012270000006537884
0.04980000000796281 0.0
0.04955699999118224 0.0012350000033620745
0.04955699999118224 0.0
0.04948700001114048 0.0012620000052265823
0.04948700001114048 0.0
0.052327999990666285 0.0013080000062473118
0.052327999990666285 0.0
0.05181599999195896 0.0012869999918621033
0.05181599999195896 1.00000761449337e-06
0.05157599999802187 0.0012949999945703894
0.05157599999802187 0.0
0.051896999997552484 0.0013209999888204038
0.051896999997552484 0.0
0.051964999991469085 0.001336999994236976
0.051964999991469085 1.00000761449337e-06
0.051931000023614615 0.0013130000152159482
0.051931000023614615 1.00000761449337e-06
0.05184699999517761 0.0013270000054035336
0.05184699999517761 9.999785106629133e-07
0.05185899999924004 0.0013040000048931688
0.05185899999924004 0.0
0.05179399999906309 0.0014089999895077199
0.05179399999906309 9.999785106629133e-07
0.05198200000450015 0.0012909999932162464
0.05198200000450015 1.00000761449337e-06
0.052238999982364476 0.0013209999888204038
0.052238999982364476 0.0
0.051847999973688275 0.0012840000272262841
0.051847999973688275 0.0
0.05212100001517683 0.0012889999779872596
0.05212100001517683 1.00000761449337e-06
0.05200099997455254 0.0013000000035390258
0.05200099997455254 1.00000761449337e-06
0.05319599999347702 0.0013150000013411045
0.05319599999347702 1.00000761449337e-06
0.05434800000512041 0.001340000017080456
0.05434800000512041 0.0
0.05440500000258908 0.0014049999881535769
0.05440500000258908 1.00000761449337e-06
0.05438100002356805 0.0013639999961014837
0.05438100002356805 0.0
0.054770999995525926 0.0013630000175908208
0.054770999995525926 0.0
0.05459699998027645 0.0013479999906849116
0.05459699998027645 0.0
0.057081000006292015 0.0014359999913722277
0.057081000006292015 0.0
0.05689200002234429 0.001424000016413629
0.05689200002234429 9.999785106629133e-07
0.05660800001351163 0.0014109999756328762
0.05660800001351163 0.0
0.0590000000083819 0.0014899999951012433
0.0590000000083819 0.0
0.06416999999783002 0.0016200000245589763
0.06416999999783002 0.0
0.06924099999014288 0.0016739999991841614
0.06924099999014288 0.0
0.06916300000739284 0.0017020000086631626
0.06916300000739284 9.999785106629133e-07
0.0671569999831263 0.0016490000125486404
0.0671569999831263 0.0
0.06631699998979457 0.0017090000037569553
0.06631699998979457 0.0
0.06896400000550784 0.001699000014923513
0.06896400000550784 0.0
0.06901500001549721 0.0016870000108610839
0.06901500001549721 9.999785106629133e-07
0.06660200000624172 0.0016369999793823808
0.06660200000624172 0.0
0.06392799998866394 0.0015739999944344163
0.06392799998866394 9.999785106629133e-07
0.05914999998640269 0.0014709999959450215
0.05914999998640269 0.0
0.054390000004787 0.0013760000001639128
0.054390000004787 0.0
0.054502999992109835 0.0013669999898411334
0.054502999992109835 0.0
0.05431000000680797 0.0013329999928828329
0.05431000000680797 0.0
0.04943199999979697 0.0012240000069141388
0.04943199999979697 9.999785106629133e-07
0.04727400001138449 0.0011579999991226941
0.04727400001138449 0.0
0.04769400000805035 0.0011959999974351376
0.04769400000805035 0.0
0.04735399998025969 0.001180999999633059
0.04735399998025969 9.999785106629133e-07
0.04799400002229959 0.0012150000256951898
0.04799400002229959 0.0
0.047789999982342124 0.0011839999933727086
0.047789999982342124 1.00000761449337e-06
0.04735700000310317 0.0011629999789875
0.04735700000310317 0.0
0.04696799998055212 0.001168000017059967
0.04696799998055212 0.0
0.04687299998477101 0.0011670000094454736
0.04687299998477101 0.0
0.04706499999156222 0.0011639999866019934
0.04706499999156222 1.00000761449337e-06
0.046845999982906505 0.0011539999977685511
0.046845999982906505 0.0
0.04712800000561401 0.0011749999830499291
0.04712800000561401 0.0
0.04944000000250526 0.0012239999778103083
0.04944000000250526 1.00000761449337e-06
0.05204099998809397 0.0013350000081118196
0.05204099998809397 0.0
0.057268999982625246 0.0014059999957680702
0.057268999982625246 1.00000761449337e-06
0.06679499999154359 0.0016130000003613532
0.06679499999154359 1.00000761449337e-06
0.06696900000679307 0.001631999999517575
0.06696900000679307 0.0
0.06735399999888614 0.001640000002225861
0.06735399999888614 9.999785106629133e-07
0.06680800000322051 0.0016579999937675893
0.06680800000322051 0.0
0.06423600000562146 0.0015799999819137156
0.06423600000562146 9.999785106629133e-07
0.06878399997367524 0.001736000005621463
0.06878399997367524 0.0
0.06682400000863709 0.0016890000260900706
0.06682400000863709 0.0
0.06631299998844042 0.001668999990215525
0.06631299998844042 0.0
0.07141199999023229 0.0017550000047776848
0.07141199999023229 1.00000761449337e-06
0.07146800000919029 0.0017900000093504786
0.07146800000919029 1.00000761449337e-06
0.07204400000046007 0.001799999998183921
0.07204400000046007 0.0
0.07384100000490434 0.0018219999910797924
0.07384100000490434 9.999785106629133e-07
0.07464100001379848 0.0018459999992046505
0.07464100001379848 0.0
0.07634299999335781 0.0018789999885484576
0.07634299999335781 0.0
0.07425399997737259 0.0019000000029336661
0.07425399997737259 0.0
0.07185499998740852 0.0017829999851528555
0.07185499998740852 0.0
0.059338999999454245 0.0014850000152364373
0.059338999999454245 0.0
0.059379000012995675 0.0014780000201426446
0.059379000012995675 1.00000761449337e-06
0.05919500000891276 0.0014849999861326069
0.05919500000891276 0.0
0.05893100000685081 0.0014599999994970858
0.05893100000685081 9.999785106629133e-07
0.059425000014016405 0.0014669999945908785
0.059425000014016405 0.0
0.059347999980673194 0.0014740000187885016
0.059347999980673194 0.0
0.059510999999474734 0.001500999991549179
0.059510999999474734 0.0
0.0593129999761004 0.001476000004913658
0.0593129999761004 9.999785106629133e-07
0.05956500000320375 0.0015140000032261014
0.05956500000320375 0.0
0.05928799998946488 0.0015060000005178154
0.05928799998946488 1.00000761449337e-06
0.060304999991785735 0.0015940000012051314
0.060304999991785735 0.0
0.06328600001870655 0.0015739999944344163
0.06328600001870655 0.0
0.06424900001729839 0.0016630000027362257
0.06424900001729839 0.0
0.06442199999582954 0.0015919999859761447
0.06442199999582954 0.0
0.0625679999939166 0.001521999976830557
0.0625679999939166 0.0
0.06132800001068972 0.0015239999920595437
0.06132800001068972 0.0
0.05975699998089112 0.0014720000035595149
0.05975699998089112 0.0
0.06213400000706315 0.0015910000074654818
0.06213400000706315 0.0
0.06175000002258457 0.0015150000108405948
0.06175000002258457 0.0
0.0622330000041984 0.0015879999846220016
0.0622330000041984 0.0
0.061988000001292676 0.0015290000010281801
0.061988000001292676 1.00000761449337e-06
0.06275899999309331 0.0015790000034030527
0.06275899999309331 0.0
0.06179800000973046 0.0015890000213403255
0.06179800000973046 0.0
0.062150999990990385 0.0015110000094864517
0.062150999990990385 1.00000761449337e-06
0.0620749999943655 0.0015499999863095582
0.0620749999943655 1.00000761449337e-06
0.06181600000127219 0.001580000011017546
0.06181600000127219 0.0
0.05909399999654852 0.0015120000171009451
0.05909399999654852 0.0
0.05936800001654774 0.0014669999945908785
0.05936800001654774 0.0
0.059385000000474975 0.0014769999834243208
0.059385000000474975 1.00000761449337e-06
0.059861999994609505 0.001508999994257465
0.059861999994609505 9.999785106629133e-07
0.05943900000420399 0.0014739999896846712
0.05943900000420399 1.00000761449337e-06
0.05916499998420477 0.001496999990195036
0.05916499998420477 1.00000761449337e-06
0.06475499999942258 0.0016159999941010028
0.06475499999942258 1.00000761449337e-06
0.06937800001469441 0.001727000024402514
0.06937800001469441 0.0
0.06444200000260025 0.0016260000120382756
0.06444200000260025 0.0
0.06410600000526756 0.0015940000012051314
0.06410600000526756 0.0
0.0648419999924954 0.0016550000000279397
0.0648419999924954 0.0
0.06662600001436658 0.0016160000232048333
0.06662600001436658 0.0
0.07418100000359118 0.0018540000019129366
0.07418100000359118 0.0
0.07842999999411404 0.001947000011568889
0.07842999999411404 1.00000761449337e-06
0.07632699998794124 0.0019469999824650586
0.07632699998794124 1.00000761449337e-06
0.06420200000866316 0.0015899999998509884
0.06420200000866316 0.0
0.06438799999887124 0.0015919999859761447
0.06438799999887124 1.00000761449337e-06
0.06408099998952821 0.0016459999897051603
0.06408099998952821 0.0
0.06496499999775551 0.001631999999517575
0.06496499999775551 0.0
0.05704499999410473 0.001400000008288771
0.05704499999410473 9.999785106629133e-07
0.059403999999631196 0.001461999985622242
0.059403999999631196 0.0
0.06192700000246987 0.001516999996965751
0.06192700000246987 1.00000761449337e-06
0.0863930000050459 0.0020850000146310776
0.0863930000050459 9.999785106629133e-07
0.09558500000275671 0.0023689999943599105
0.09558500000275671 0.0
0.1084569999948144 0.006020000000717118
0.1084569999948144 1.00000761449337e-06
0.11347499999101274 0.0064199999906122684
0.11347499999101274 1.00000761449337e-06
0.11518500000238419 0.006652999989455566
0.11518500000238419 0.0
0.10959599999478087 0.0028239999955985695
0.10959599999478087 1.00000761449337e-06
0.10341700000572018 0.0025650000025052577
0.10341700000572018 1.00000761449337e-06
0.09075799997663125 0.002291000011609867
0.09075799997663125 1.00000761449337e-06
0.08146399998804554 0.002039999992121011
0.08146399998804554 9.999785106629133e-07
0.0837279999977909 0.0020570000051520765
0.0837279999977909 0.0
0.07438599999295548 0.0018140000174753368
0.07438599999295548 0.0
0.07249099999899045 0.0017909999878611416
0.07249099999899045 1.00000761449337e-06
0.06916099999216385 0.0017060000100173056
0.06916099999216385 1.00000761449337e-06
0.06718400001409464 0.001707999996142462
0.06718400001409464 0.0
0.0647119999921415 0.0016140000079758465
0.0647119999921415 0.0
0.06520199999795295 0.0016620000242255628
0.06520199999795295 1.00000761449337e-06
0.0623409999825526 0.0015330000023823231
0.0623409999825526 0.0
0.06220400001620874 0.001524999999674037
0.06220400001620874 0.0
0.059271000005537644 0.0014890000165905803
0.059271000005537644 0.0
0.06205399997998029 0.0015159999893512577
0.06205399997998029 0.0
0.06199800001922995 0.001516999996965751
0.06199800001922995 0.0
0.06234900001436472 0.0015150000108405948
0.06234900001436472 0.0
0.0620409999974072 0.0016420000174548477
0.0620409999974072 0.0
0.06182399997487664 0.0015509999939240515
0.06182399997487664 1.00000761449337e-06
0.0641509999986738 0.0015619999903719872
0.0641509999986738 0.0
0.062239999999292195 0.0015589999966323376
0.062239999999292195 0.0
0.06506999998237006 0.0016030000115279108
0.06506999998237006 9.999785106629133e-07
0.06490200001280755 0.0015879999846220016
0.06490200001280755 1.00000761449337e-06
0.06183300001430325 0.0015580000181216747
0.06183300001430325 0.0
0.06317000000854023 0.0015930000226944685
0.06317000000854023 0.0
0.05948200001148507 0.0014989999763201922
0.05948200001148507 0.0
0.05947599999490194 0.0014999999839346856
0.05947599999490194 0.0
0.05479100000229664 0.0013740000140387565
0.05479100000229664 0.0
0.05449900001985952 0.001357000001007691
0.05449900001985952 0.0
0.060429999983171 0.0016460000188089907
0.060429999983171 0.0
0.06524699999135919 0.001580999989528209
0.06524699999135919 9.999785106629133e-07
0.06674499998916872 0.0016170000017154962
0.06674499998916872 0.0
0.06664800000726245 0.0016710000054445118
0.06664800000726245 1.00000761449337e-06
0.06710700000985526 0.0016429999959655106
0.06710700000985526 0.0
0.06730399999651127 0.001639000023715198
0.06730399999651127 0.0
0.06709599998430349 0.0016920000198297203
0.06709599998430349 1.00000761449337e-06
0.06415799999376759 0.001576000009663403
0.06415799999376759 1.00000761449337e-06
0.06878400000277907 0.0017379999917466193
0.06878400000277907 1.00000761449337e-06
0.07371699999202974 0.0017949999892152846
0.07371699999202974 1.00000761449337e-06
0.09320800000568852 0.00233199997455813
0.09320800000568852 1.00000761449337e-06
0.09790500000235625 0.0024369999882765114
0.09790500000235625 9.999785106629133e-07
0.097806000005221 0.0024360000097658485
0.097806000005221 9.999785106629133e-07
0.10849499999312684 0.002902999985963106
0.10849499999312684 0.0
0.10847700000158511 0.0026550000184215605
0.10847700000158511 0.0
0.1012019999907352 0.0024850000045262277
0.1012019999907352 9.999785106629133e-07
0.0937839999969583 0.0023199999995995313
0.0937839999969583 0.0
0.08153100000345148 0.001999999978579581
0.08153100000345148 0.0
0.07373399997595698 0.0018020000134129077
0.07373399997595698 1.00000761449337e-06
0.07407100001000799 0.0018149999959859997
0.07407100001000799 0.0
0.06913499999791384 0.0016940000059548765
0.06913499999791384 0.0
0.0691240000014659 0.0017029999871738255
0.0691240000014659 9.999785106629133e-07
0.06505999999353662 0.0016260000120382756
0.06505999999353662 1.00000761449337e-06
0.06567000001086853 0.0015759999805595726
0.06567000001086853 0.0
0.06424199999310076 0.001596999994944781
0.06424199999310076 1.00000761449337e-06
0.06176500002038665 0.0015370000037364662
0.06176500002038665 1.00000761449337e-06
0.06184400001075119 0.001555000024382025
0.06184400001075119 0.0
0.062368999992031604 0.0015710000006947666
0.062368999992031604 1.00000761449337e-06
0.06021500000497326 0.0015200000198092312
0.06021500000497326 9.999785106629133e-07
0.06005100000766106 0.0015359999961219728
0.06005100000766106 1.00000761449337e-06
0.0595339999999851 0.0014550000196322799
0.0595339999999851 1.00000761449337e-06
0.05922599998302758 0.0014770000125281513
0.05922599998302758 0.0
0.059647000016411766 0.0015679999778512865
0.059647000016411766 0.0
0.0645199999853503 0.001600999996298924
0.0645199999853503 0.0
0.07160399999702349 0.00181200000224635
0.07160399999702349 1.00000761449337e-06
0.0769729999883566 0.001867999992100522
0.0769729999883566 9.999785106629133e-07
0.07657099998323247 0.001863999990746379
0.07657099998323247 9.999785106629133e-07
0.07893600000534207 0.0019279999833088368
0.07893600000534207 0.0
0.07889299999806099 0.0019259999971836805
0.07889299999806099 0.0
0.07778899997356348 0.0019460000039543957
0.07778899997356348 0.0
0.07718900000327267 0.0018700000073295087
0.07718900000327267 0.0
0.07637399999657646 0.0018850000051315874
0.07637399999657646 0.0
0.07520699998713098 0.001871999993454665
0.07520699998713098 1.00000761449337e-06
0.0746250000083819 0.0018229999986942858
0.0746250000083819 0.0
0.07214599999133497 0.0017560000123921782
0.07214599999133497 0.0
0.0720969999965746 0.00173200000426732
0.0720969999965746 1.00000761449337e-06
0.07198500001686625 0.0017380000208504498
0.07198500001686625 1.00000761449337e-06
0.0668889999797102 0.0016460000188089907
0.0668889999797102 0.0
0.06440699999802746 0.001584999990882352
0.06440699999802746 9.999785106629133e-07
0.05975599997327663 0.001480000006267801
0.05975599997327663 0.0
0.062116999994032085 0.0015300000086426735
0.062116999994032085 0.0
0.061639999999897555 0.0015150000108405948
0.061639999999897555 0.0
0.06686700001591817 0.0016409999807365239
0.06686700001591817 0.0
0.06943100001080893 0.0017470000020693988
0.06943100001080893 0.0
0.08633900000131689 0.002123999991454184
0.08633900000131689 0.0
0.08855300000868738 0.00217500000144355
0.08855300000868738 1.00000761449337e-06
0.0960930000001099 0.0023219999857246876
0.0960930000001099 1.00000761449337e-06
0.10322900000028312 0.002546999981859699
0.10322900000028312 1.00000761449337e-06
0.10303299999213777 0.00253199998405762
0.10303299999213777 0.0
0.09710300000733696 0.0024810000031720847
0.09710300000733696 1.00000761449337e-06
0.08702100001391955 0.002191999985370785
0.08702100001391955 0.0
0.07651700000860728 0.0018819999822881073
0.07651700000860728 0.0
0.0693559999926947 0.001728000002913177
0.0693559999926947 0.0
0.06882600000244565 0.0017359999765176326
0.06882600000244565 0.0
0.06419400000595488 0.0015759999805595726
0.06419400000595488 0.0
0.06747600002563559 0.0016830000095069408
0.06747600002563559 0.0
0.06445499998517334 0.0019360000151209533
0.06445499998517334 0.0
0.06507099998998456 0.0016260000120382756
0.06507099998998456 9.999785106629133e-07
0.06235299998661503 0.0015260000072885305
0.06235299998661503 0.0
0.061671000003116205 0.001508999994257465
0.061671000003116205 0.0
0.064485999988392 0.0016060000052675605
0.064485999988392 0.0
0.06419599999208003 0.0016039999900385737
0.06419599999208003 0.0
0.06191899999976158 0.0015239999920595437
0.06191899999976158 1.00000761449337e-06
0.06191499999840744 0.0015180000045802444
0.06191499999840744 1.00000761449337e-06
0.062165999988792464 0.0015480000001844019
0.062165999988792464 0.0
0.06179300000076182 0.0015279999934136868
0.06179300000076182 0.0
0.06670900000608526 0.0016539999924134463
0.06670900000608526 9.999785106629133e-07
0.0725150000071153 0.0018050000071525574
0.0725150000071153 0.0
0.05933199997525662 0.0014910000027157366
0.05933199997525662 1.00000761449337e-06
0.05968900001607835 0.001516999996965751
0.05968900001607835 0.0
0.05941799998981878 0.0014870000013615936
0.05941799998981878 0.0
0.059218999987933785 0.001449999981559813
0.059218999987933785 1.00000761449337e-06
0.05731299999752082 0.0014170000213198364
0.05731299999752082 0.0
0.056942999974125996 0.0014030000020284206
0.056942999974125996 0.0
0.05437600001459941 0.0013289999915286899
0.05437600001459941 1.00000761449337e-06
0.057161000004271045 0.0014809999847784638
0.057161000004271045 1.00000761449337e-06
0.057388999994145706 0.0014269999810494483
0.057388999994145706 9.999785106629133e-07
0.05955199999152683 0.0014530000044032931
0.05955199999152683 0.0
0.05925500000012107 0.0014509999891743064
0.05925500000012107 1.00000761449337e-06
0.059270999976433814 0.0014789999986533076
0.059270999976433814 1.00000761449337e-06
0.059837000007973984 0.0014500000106636435
0.059837000007973984 0.0
0.060250000009546056 0.0014780000201426446
0.060250000009546056 0.0
0.062359999981708825 0.0015450000064447522
0.062359999981708825 0.0
0.06197099998826161 0.0015239999920595437
0.06197099998826161 1.00000761449337e-06
0.061855000007199124 0.0015540000167675316
0.061855000007199124 0.0
0.06163199999718927 0.001520999998319894
0.06163199999718927 1.00000761449337e-06
0.06675199998426251 0.0016680000117048621
0.06675199998426251 1.00000761449337e-06
0.069193000002997 0.0016780000005383044
0.069193000002997 0.0
0.0934840000118129 0.002330999996047467
0.0934840000118129 0.0
0.09900300001027063 0.002396999974735081
0.09900300001027063 0.0
0.10577200000989251 0.0025840000016614795
0.10577200000989251 9.999785106629133e-07
0.11846100000548176 0.006987000000663102
0.11846100000548176 1.00000761449337e-06
0.12431199999991804 0.007836999982828274
0.12431199999991804 0.0
0.11844700001529418 0.0032239999854937196
0.11844700001529418 0.0
0.11270300002070144 0.002689000015379861
0.11270300002070144 1.00000761449337e-06
0.09939000001759268 0.002465000026859343
0.09939000001759268 0.0
0.08147999999346212 0.0019939999911002815
0.08147999999346212 1.00000761449337e-06
0.08120200000121258 0.0020059999951627105
0.08120200000121258 0.0
0.07540800000424497 0.002126000006683171
0.07540800000424497 0.0
0.07250499998917803 0.0018860000127460808
0.07250499998917803 9.999785106629133e-07
0.0742000000027474 0.001871000014944002
0.0742000000027474 0.0
0.07872700001462363 0.001975999999558553
0.07872700001462363 0.0
0.07143499999074265 0.0017680000164546072
0.07143499999074265 1.00000761449337e-06
0.07140800001798198 0.0017560000123921782
0.07140800001798198 9.999785106629133e-07
0.06625299999723211 0.0016289999766740948
0.06625299999723211 0.0
0.06647499999962747 0.0016060000052675605
0.06647499999962747 0.0
0.06914399997913279 0.0017410000145900995
0.06914399997913279 0.0
0.07415699999546632 0.0018430000054650009
0.07415699999546632 0.0
0.061784999998053536 0.0015469999925699085
0.061784999998053536 9.999785106629133e-07
0.062283000006573275 0.0015780000248923898
0.062283000006573275 0.0
0.06227300001773983 0.001521999976830557
0.06227300001773983 0.0
0.062031000008573756 0.0015260000072885305
0.062031000008573756 1.00000761449337e-06
0.05931499999132939 0.0014500000106636435
0.05931499999132939 0.0
0.06204499999876134 0.0015490000077988952
0.06204499999876134 0.0
0.06663799998932518 0.0016239999968092889
0.06663799998932518 0.0
0.06904800000484101 0.001699000014923513
0.06904800000484101 0.0
0.0717949999962002 0.0017579999985173345
0.0717949999962002 0.0
0.07267100000171922 0.001816000003600493
0.07267100000171922 0.0
0.07768899999791756 0.001879000017652288
0.07768899999791756 1.00000761449337e-06
0.0767020000203047 0.001975999999558553
0.0767020000203047 1.00000761449337e-06
0.08321000001160428 0.0021739999938290566
0.08321000001160428 0.0
0.08918999999877997 0.002734000008786097
0.08918999999877997 1.00000761449337e-06
0.09324300001026131 0.003347999998368323
0.09324300001026131 0.0
0.09957600000780076 0.0022729999909643084
0.09957600000780076 0.0
0.09352100000251085 0.0024170000106096268
0.09352100000251085 0.0
0.09896000000298955 0.0023219999857246876
0.09896000000298955 1.00000761449337e-06
0.10220599998137914 0.002601999993203208
0.10220599998137914 0.0
0.10596300000906922 0.0026760000037029386
0.10596300000906922 0.0
0.09307699999772012 0.0023139999830164015
0.09307699999772012 1.00000761449337e-06
0.0909150000079535 0.002214000007370487
0.0909150000079535 9.999785106629133e-07
0.09417399999802001 0.0025650000025052577
0.09417399999802001 1.00000761449337e-06
0.09570499998517334 0.0028790000069420785
0.09570499998517334 1.00000761449337e-06
0.11121600001933984 0.0027150000096298754
0.11121600001933984 0.0
0.12079399998765439 0.003005000005941838
0.12079399998765439 1.00000761449337e-06
0.12340199999744073 0.0030630000110249966
0.12340199999744073 9.999785106629133e-07
0.12956999999005347 0.0083429999940563
0.12956999999005347 0.0
0.12049999998998828 0.003999000007752329
0.12049999998998828 0.0
0.10689099997398444 0.0026310000102967024
0.10689099997398444 0.0
0.10371100000338629 0.002550000004703179
0.10371100000338629 1.00000761449337e-06
0.08897000001161359 0.0022739999985788018
0.08897000001161359 9.999785106629133e-07
0.08067700001993217 0.001982000016141683
0.08067700001993217 1.00000761449337e-06
0.07899900001939386 0.001951999991433695
0.07899900001939386 0.0
0.07479999997303821 0.0018649999983608723
0.07479999997303821 0.0
0.07657200001995079 0.001900999981444329
0.07657200001995079 0.0
0.07994399999734014 0.0018770000024233013
0.07994399999734014 1.00000761449337e-06
0.08941600000252947 0.0019240000110585243
0.08941600000252947 0.0
0.08295400001225062 0.0024550000089220703
0.08295400001225062 1.00000761449337e-06
0.08648899997933768 0.0021209999977145344
0.08648899997933768 0.0
0.07408900000154972 0.0020739999890793115
0.07408900000154972 1.00000761449337e-06
0.07653400002163835 0.0018290000152774155
0.07653400002163835 0.0
0.07629299999098293 0.0018330000166315585
0.07629299999098293 0.0
0.07027999998535961 0.001883999997517094
0.07027999998535961 1.00000761449337e-06
0.06594400000176392 0.0016380000161007047
0.06594400000176392 9.999785106629133e-07
0.0642130000051111 0.00161500001559034
0.0642130000051111 0.0
0.06196999998064712 0.0015370000037364662
0.06196999998064712 0.0
0.0648489999875892 0.0016130000003613532
0.0648489999875892 0.0
0.06453100001090206 0.0015909999783616513
0.06453100001090206 0.0
0.06438799999887124 0.0015890000213403255
0.06438799999887124 0.0
0.06430200001341291 0.0015919999859761447
0.06430200001341291 0.0
0.0646779999951832 0.0015980000025592744
0.0646779999951832 1.00000761449337e-06
0.06479699999908917 0.0016170000017154962
0.06479699999908917 1.00000761449337e-06
0.0652399999962654 0.0016629999736323953
0.0652399999962654 1.00000761449337e-06
0.06474199998774566 0.0016180000093299896
0.06474199998774566 9.999785106629133e-07
0.06404500000644475 0.0016070000128820539
0.06404500000644475 0.0
0.06509799999184906 0.0016509999986737967
0.06509799999184906 1.00000761449337e-06
0.06681799999205396 0.00165200000628829
0.06681799999205396 0.0
0.06722900000750087 0.0016969999996945262
0.06722900000750087 0.0
0.0666849999979604 0.0016630000027362257
0.0666849999979604 1.00000761449337e-06
0.06803900000522844 0.0016479999758303165
0.06803900000522844 1.00000761449337e-06
0.06686099999933504 0.0016619999951217324
0.06686099999933504 1.00000761449337e-06
0.06918200000654906 0.0016979999782051891
0.06918200000654906 1.00000761449337e-06
0.06921700001112185 0.0017380000208504498
0.06921700001112185 1.00000761449337e-06
0.07026999999652617 0.0017379999917466193
0.07026999999652617 0.0
0.06943199998931959 0.001707999996142462
0.06943199998931959 0.0
0.07405100000323728 0.001879000017652288
0.07405100000323728 0.0
0.0792819999915082 0.001943999988725409
0.0792819999915082 0.0
0.10236499999882653 0.002542000001994893
0.10236499999882653 0.0
0.10394699999596924 0.002586000016890466
0.10394699999596924 1.00000761449337e-06
0.11110899999039248 0.002737000002525747
0.11110899999039248 0.0
0.11613999999826774 0.00524200001382269
0.11613999999826774 1.00000761449337e-06
0.14051100000506267 0.007867999986046925
0.14051100000506267 1.00000761449337e-06
0.12790799999493174 0.003433999983826652
0.12790799999493174 0.0
0.11390700002084486 0.0028199999942444265
0.11390700002084486 1.00000761449337e-06
0.10097900000982918 0.002515000000130385
0.10097900000982918 9.999785106629133e-07
0.09865900001022965 0.0034820000000763685
0.09865900001022965 0.0
0.09593999999924563 0.004821999988052994
0.09593999999924563 1.00000761449337e-06
0.09413000001222827 0.0024200000043492764
0.09413000001222827 1.00000761449337e-06
0.08414500000071712 0.0020770000119227916
0.08414500000071712 0.0
0.07837800000561401 0.0019239999819546938
0.07837800000561401 9.999785106629133e-07
0.08005200000479817 0.001988000003620982
0.08005200000479817 9.999785106629133e-07
0.07569900000817142 0.0018890000064857304
0.07569900000817142 1.00000761449337e-06
0.08698600000934675 0.0021330000017769635
0.08698600000934675 1.00000761449337e-06
0.0837290000054054 0.002007000002777204
0.0837290000054054 1.00000761449337e-06
0.08283099997788668 0.002143999998224899
0.08283099997788668 1.00000761449337e-06
0.0852889999805484 0.0020460000087041408
0.0852889999805484 0.0
0.08560599997872487 0.002283999987412244
0.08560599997872487 0.0
0.0869269999966491 0.00200899998890236
0.0869269999966491 1.00000761449337e-06
0.08077400000183843 0.00197199999820441
0.08077400000183843 1.00000761449337e-06
0.07331200002226979 0.0018700000073295087
0.07331200002226979 0.0
0.07225800000014715 0.001963000016985461
0.07225800000014715 0.0
0.07349000000976957 0.001863000012235716
0.07349000000976957 0.0
0.07003899998380803 0.001715999998850748
0.07003899998380803 0.0
0.06708599999547005 0.0017019999795593321
0.06708599999547005 1.00000761449337e-06
0.06196200000704266 0.001508000015746802
0.06196200000704266 0.0
0.05950699999812059 0.0014640000008512288
0.05950699999812059 0.0
0.062166000017896295 0.001520999998319894
0.062166000017896295 1.00000761449337e-06
0.06210900002042763 0.0015030000067781657
0.06210900002042763 1.00000761449337e-06
0.061877000000094995 0.0017679999873507768
0.061877000000094995 0.0
0.06205800001043826 0.0015160000184550881
0.06205800001043826 0.0
0.061843000003136694 0.0014930000179447234
0.061843000003136694 1.00000761449337e-06
0.061997000011615455 0.0015269999857991934
0.061997000011615455 9.999785106629133e-07
0.06458000000566244 0.0016049999976530671
0.06458000000566244 0.0
0.06518100001267157 0.0016699999978300184
0.06518100001267157 1.00000761449337e-06
0.06497499998658895 0.001648000004934147
0.06497499998658895 0.0
0.06452099999296479 0.0015830000047571957
0.06452099999296479 0.0
0.06448200001614168 0.0015679999778512865
0.06448200001614168 1.00000761449337e-06
0.06654100000741892 0.0016559999785386026
0.06654100000741892 0.0
0.06676899999729358 0.0016379999869968742
0.06676899999729358 0.0
0.06679799998528324 0.0016650000179652125
0.06679799998528324 1.00000761449337e-06
0.06749899999704212 0.001680999994277954
0.06749899999704212 9.999785106629133e-07
0.07167699999990873 0.001754000026267022
0.07167699999990873 1.00000761449337e-06
0.07640900000114925 0.0018930000078398734
0.07640900000114925 0.0
0.09720099999685772 0.0023970000038389117
0.09720099999685772 0.0
0.10125300000072457 0.0024730000004637986
0.10125300000072457 0.0
0.10861499997554347 0.002685999992536381
0.10861499997554347 0.0
0.1188630000106059 0.0036709999840240926
0.1188630000106059 9.999785106629133e-07
0.13037199998507276 0.004504000011365861
0.13037199998507276 0.0
0.1328780000039842 0.003244999999878928
0.1328780000039842 1.00000761449337e-06
0.11862500000279397 0.00487600002088584
0.11862500000279397 1.00000761449337e-06
0.10514899998088367 0.004807999997865409
0.10514899998088367 0.0
0.09851700000581332 0.004537000000709668
0.09851700000581332 0.0
0.08628899999894202 0.0022960000205785036
0.08628899999894202 0.0
0.08023600000888109 0.0019539999775588512
0.08023600000888109 0.0
0.07314299998688512 0.0018770000024233013
0.07314299998688512 0.0
0.07164300000295043 0.0017550000047776848
0.07164300000295043 0.0
0.07191900000907481 0.0018220000201836228
0.07191900000907481 1.00000761449337e-06
0.06921700001112185 0.0017059999809134752
0.06921700001112185 9.999785106629133e-07
0.06433200000901707 0.0015499999863095582
0.06433200000901707 1.00000761449337e-06
0.06463899998925626 0.0017180000140797347
0.06463899998925626 0.0
0.06444399998872541 0.0016079999913927168
0.06444399998872541 1.00000761449337e-06
0.06693699999595992 0.0016509999986737967
0.06693699999595992 0.0
0.06731700000818819 0.0016419999883510172
0.06731700000818819 9.999785106629133e-07
0.06452699998044409 0.001568000006955117
0.06452699998044409 9.999785106629133e-07
0.06421800001407973 0.0015739999944344163
0.06421800001407973 0.0
0.06447900002240203 0.001568000006955117
0.06447900002240203 0.0
0.06700099998852238 0.0016840000171214342
0.06700099998852238 1.00000761449337e-06
0.06960499999695458 0.0017309999966528267
0.06960499999695458 0.0
0.0790990000241436 0.0019320000137668103
0.0790990000241436 0.0
0.08143200000631623 0.0019939999911002815
0.08143200000631623 1.00000761449337e-06
0.08168400000431575 0.001998000021558255
0.08168400000431575 1.00000761449337e-06
0.08265500000561588 0.0020659999863710254
0.08265500000561588 0.0
0.08161500000278465 0.002004999987548217
0.08161500000278465 0.0
0.07910800000536256 0.0019359999860171229
0.07910800000536256 0.0
0.08641600000555627 0.0021380000107456
0.08641600000555627 0.0
0.08368599999812432 0.002072000002954155
0.08368599999812432 0.0
0.08908499998506159 0.0022640000097453594
0.08908499998506159 0.0
0.08667900000000373 0.0026969999889843166
0.08667900000000373 1.00000761449337e-06
0.08636799998930655 0.0020760000043082982
0.08636799998930655 0.0
0.08859299999312498 0.0030630000110249966
0.08859299999312498 0.0
0.08883199997944757 0.002905000001192093
0.08883199997944757 0.0
0.09114900001441129 0.003991000005044043
0.09114900001441129 0.0
0.09183600000687875 0.002286000002641231
0.09183600000687875 0.0
0.09633699999540113 0.004277000000001863
0.09633699999540113 1.00000761449337e-06
0.09622099998523481 0.0024090000079013407
0.09622099998523481 0.0
0.10100900000543334 0.004170999978668988
0.10100900000543334 0.0
0.1018540000077337 0.0024810000031720847
0.1018540000077337 0.0
0.11377999998512678 0.0028199999942444265
0.11377999998512678 0.0
0.12788100002217107 0.003161000000545755
0.12788100002217107 1.00000761449337e-06
0.12859300000127405 0.0031639999942854047
0.12859300000127405 1.00000761449337e-06
0.12582600000314415 0.0030709999846294522
0.12582600000314415 0.0
0.13843799999449402 0.0037449999945238233
0.13843799999449402 0.0
0.13539599999785423 0.0033730000141076744
0.13539599999785423 1.00000761449337e-06
0.12406500001088716 0.003041999996639788
0.12406500001088716 0.0
0.10662800000864081 0.0026910000015050173
0.10662800000864081 0.0
0.10141499998280779 0.0025019999884534627
0.10141499998280779 9.999785106629133e-07
0.09845399999176152 0.002437000017380342
0.09845399999176152 0.0
0.08898999998928048 0.002378999983193353
0.08898999998928048 0.0
0.08164199997554533 0.0019960000063292682
0.08164199997554533 0.0
0.08241500001167879 0.0020710000244434923
0.08241500001167879 9.999785106629133e-07
0.08161399999517016 0.004151000001002103
0.08161399999517016 0.0
0.07440500002121553 0.0022290000051725656
0.07440500002121553 0.0
0.0691190000216011 0.0033460000122431666
0.0691190000216011 1.00000761449337e-06
0.07091999999829568 0.001756999990902841
0.07091999999829568 0.0
0.06945500001893379 0.0017029999871738255
0.06945500001893379 0.0
0.06941199998254888 0.001715000020340085
0.06941199998254888 1.00000761449337e-06
0.06940400000894442 0.0017550000047776848
0.06940400000894442 0.0
0.06689899999764748 0.0016539999924134463
0.06689899999764748 0.0
0.06458999999449588 0.0015799999819137156
0.06458999999449588 0.0
0.0650000000023283 0.0016119999927468598
0.0650000000023283 0.0
0.06475900000077672 0.00165200000628829
0.06475900000077672 1.00000761449337e-06
0.07204400000046007 0.0017290000105276704
0.07204400000046007 0.0
0.07444799999939278 0.0018300000228919089
0.07444799999939278 1.00000761449337e-06
0.07937099999981001 0.0019779999856837094
0.07937099999981001 0.0
0.07925400001113303 0.003571000008378178
0.07925400001113303 0.0
0.08331699998234399 0.0035780000034719706
0.08331699998234399 0.0
0.0842279999924358 0.0020819999917875975
0.0842279999924358 0.0
0.07959500001743436 0.0019429999811109155
0.07959500001743436 1.00000761449337e-06
0.07915700000012293 0.002015999983996153
0.07915700000012293 1.00000761449337e-06
0.07693000001017936 0.0019150000007357448
0.07693000001017936 0.0
0.07913000002736226 0.001974000013433397
0.07913000002736226 1.00000761449337e-06
0.08175199999823235 0.0020929999882355332
0.08175199999823235 0.0
0.08554100000765175 0.0021180000039748847
0.08554100000765175 1.00000761449337e-06
0.07929700001841411 0.0019500000053085387
0.07929700001841411 1.00000761449337e-06
0.0742339999997057 0.0018310000014025718
0.0742339999997057 0.0
0.07491500000469387 0.001883999997517094
0.07491500000469387 0.0
0.07565399998566136 0.0018540000019129366
0.07565399998566136 0.0
0.07910599999013357 0.0019320000137668103
0.07910599999013357 0.0
0.08441000001039356 0.002142000012099743
0.08441000001039356 9.999785106629133e-07
0.07669600000372157 0.0018890000064857304
0.07669600000372157 0.0
0.08651699998881668 0.0023179999843705446
0.08651699998881668 1.00000761449337e-06
0.09855100000277162 0.0025040000036824495
0.09855100000277162 0.0
0.11261400001239963 0.002798999979859218
0.11261400001239963 1.00000761449337e-06
0.12423099999432452 0.0030639999895356596
0.12423099999432452 0.0
0.13311399999656714 0.0036640000180341303
0.13311399999656714 1.00000761449337e-06
0.14381299997330643 0.00805100001161918
0.14381299997330643 0.0
0.14415599999483675 0.008726000000024214
0.14415599999483675 0.0
0.13343600000371225 0.003276000003097579
0.13343600000371225 0.0
0.12027400001534261 0.0029240000003483146
0.12027400001534261 0.0
0.12141299998620525 0.0030540000007022172
0.12141299998620525 1.00000761449337e-06
0.11337400000775233 0.002773999993223697
0.11337400000775233 0.0
0.10636600002180785 0.00261799999861978
0.10636600002180785 0.0
0.09926200000336394 0.0024609999964013696
0.09926200000336394 0.0
0.09660799999255687 0.002367000008234754
0.09660799999255687 1.00000761449337e-06
0.09398499998496845 0.002310999989276752
0.09398499998496845 0.0
0.08188800001516938 0.002011000004131347
0.08188800001516938 1.00000761449337e-06
0.07926600001519546 0.0019309999770484865
0.07926600001519546 0.0
0.07899700000416487 0.0019120000069960952
0.07899700000416487 1.00000761449337e-06
0.08082000000285916 0.001999000000068918
0.08082000000285916 0.0
0.07900999998673797 0.001963999995496124
0.07900999998673797 0.0
0.07887100000516511 0.0019299999985378236
0.07887100000516511 0.0
0.07453199999872595 0.0018259999924339354
0.07453199999872595 9.999785106629133e-07
0.06886100000701845 0.0016829999804031104
0.06886100000701845 1.00000761449337e-06
0.06926199997542426 0.001680999994277954
0.06926199997542426 1.00000761449337e-06
0.06414699999731965 0.0015649999841116369
0.06414699999731965 0.0
0.06455300000379793 0.0015750000020489097
0.06455300000379793 1.00000761449337e-06
0.06470899999840185 0.001580000011017546
0.06470899999840185 9.999785106629133e-07
0.06450199999380857 0.0015920000150799751
0.06450199999380857 1.00000761449337e-06
0.06442800001241267 0.0016020000039134175
0.06442800001241267 0.0
0.06449799999245442 0.0015940000012051314
0.06449799999245442 1.00000761449337e-06
0.06450300000142306 0.0015669999993406236
0.06450300000142306 0.0
0.06707900000037625 0.0016220000106841326
0.06707900000037625 0.0
0.0674460000009276 0.0016709999763406813
0.0674460000009276 9.999785106629133e-07
0.06698099998175167 0.0016469999973196536
0.06698099998175167 1.00000761449337e-06
0.07217400000081398 0.0017430000007152557
0.07217400000081398 9.999785106629133e-07
0.07487199999741279 0.0018130000098608434
0.07487199999741279 1.00000761449337e-06
0.08347500002128072 0.002094000024953857
0.08347500002128072 1.00000761449337e-06
0.09165600000414997 0.002306999987922609
0.09165600000414997 0.0
0.09830899999360554 0.002370000001974404
0.09830899999360554 1.00000761449337e-06
0.10157500000786968 0.0024719999928493053
0.10157500000786968 1.00000761449337e-06
0.0935800000152085 0.0022680000110995024
0.0935800000152085 0.0
0.0938130000140518 0.0023199999995995313
0.0938130000140518 0.0
0.09379700000863522 0.002343999978620559
0.09379700000863522 9.999785106629133e-07
0.09634600000572391 0.002386999985901639
0.09634600000572391 0.0
0.10629200001130812 0.0025690000038594007
0.10629200001130812 0.0
0.11368200002470985 0.0027800000098068267
0.11368200002470985 1.00000761449337e-06
0.13274299999466166 0.003265000006649643
0.13274299999466166 9.999785106629133e-07
0.1450720000138972 0.003939000016544014
0.1450720000138972 0.0
0.1527770000102464 0.01648299998487346
0.1527770000102464 0.0
0.16731999997864477 0.009294999996200204
0.16731999997864477 1.00000761449337e-06
0.16535799999837764 0.004686000000219792
0.16535799999837764 0.0
0.14281499999924563 0.003511999995680526
0.14281499999924563 1.00000761449337e-06
0.12799700000323355 0.003120999987004325
0.12799700000323355 1.00000761449337e-06
0.1255269999965094 0.003108000004431233
0.1255269999965094 1.00000761449337e-06
0.11364600001252256 0.0028009999950882047
0.11364600001252256 1.00000761449337e-06
0.09949300001608208 0.0024480000138282776
0.09949300001608208 1.00000761449337e-06
0.0938529999984894 0.002279000007547438
0.0938529999984894 0.0
0.0946410000033211 0.0022889999963808805
0.0946410000033211 0.0
0.08913000000757165 0.002300999971339479
0.08913000000757165 0.0
0.08176599998841994 0.002004999987548217
0.08176599998841994 9.999785106629133e-07
0.07643200000165962 0.0018620000046212226
0.07643200000165962 0.0
0.0787140000029467 0.0019259999971836805
0.0787140000029467 9.999785106629133e-07
0.07691000000340864 0.0018529999942984432
0.07691000000340864 0.0
0.07439800002612174 0.0018739999795798212
0.07439800002612174 0.0
0.07429399999091402 0.0018909999926108867
0.07429399999091402 9.999785106629133e-07
0.07188400000450201 0.001707000017631799
0.07188400000450201 0.0
0.07439999998314306 0.0018350000027567148
0.07439999998314306 0.0
0.07431799999903888 0.001875999994808808
0.07431799999903888 0.0
0.07421000002068467 0.0018480000144336373
0.07421000002068467 1.00000761449337e-06
0.07424700001138262 0.0018219999910797924
0.07424700001138262 1.00000761449337e-06
0.07684799999697134 0.0018529999942984432
0.07684799999697134 1.00000761449337e-06
0.07991899998160079 0.001990999997360632
0.07991899998160079 9.999785106629133e-07
0.07939999998779967 0.0019249999895691872
0.07939999998779967 0.0
0.07892800000263378 0.0019150000007357448
0.07892800000263378 9.999785106629133e-07
0.07693299997481517 0.0019200000097043812
0.07693299997481517 0.0
0.07284300000173971 0.0018810000037774444
0.07284300000173971 1.00000761449337e-06
0.07182399998418987 0.0017410000145900995
0.07182399998418987 0.0
0.06953199999406934 0.0017169999773614109
0.06953199999406934 9.999785106629133e-07
0.07159999999566935 0.0017539999971631914
0.07159999999566935 1.00000761449337e-06
0.06868200001190417 0.0017090000037569553
0.06868200001190417 0.0
0.07150000002002344 0.0017510000034235418
0.07150000002002344 0.0
0.07413100000121631 0.001867000013589859
0.07413100000121631 0.0
0.0741369999886956 0.0018530000234022737
0.0741369999886956 0.0
0.0811260000045877 0.0019829999946523458
0.0811260000045877 1.00000761449337e-06
0.08117900000070222 0.0019930000125896186
0.08117900000070222 0.0
0.08137699999497272 0.002002000022912398
0.08137699999497272 0.0
0.08350500001688488 0.002051000017672777
0.08350500001688488 0.0
0.08895900001516566 0.0022849999950267375
0.08895900001516566 1.00000761449337e-06
0.10109199999715202 0.0024639999901410192
0.10109199999715202 0.0
0.11071000000811182 0.0027049999916926026
0.11071000000811182 9.999785106629133e-07
0.1286850000033155 0.0031420000013895333
0.1286850000033155 0.0
0.13915100001031533 0.0035060000082012266
0.13915100001031533 0.0
0.15085599999292754 0.0037079999747220427
0.15085599999292754 1.00000761449337e-06
0.16031000000657514 0.003913000022294
0.16031000000657514 0.0
0.09191400001873262 0.002269000018713996
0.09191400001873262 0.0
0.08881200000178069 0.0022789999784436077
0.08881200000178069 9.999785106629133e-07
0.09152700001141056 0.002302000008057803
0.09152700001141056 9.999785106629133e-07
0.09153799997875467 0.0022310000204015523
0.09153799997875467 1.00000761449337e-06
0.08877299999585375 0.0023489999875891954
0.08877299999585375 9.999785106629133e-07
0.07734799999161623 0.0018620000046212226
0.07734799999161623 0.0
0.07650100000319071 0.001863999990746379
0.07650100000319071 0.0
0.06888800000888295 0.001736999984132126
0.06888800000888295 0.0
0.0699060000188183 0.0016980000073090196
0.0699060000188183 0.0
0.06682700000237674 0.0016610000166110694
0.06682700000237674 1.00000761449337e-06
0.06685800000559539 0.0016119999927468598
0.06685800000559539 0.0
0.06670799999847077 0.0016260000120382756
0.06670799999847077 0.0
0.06750099998316728 0.0016969999996945262
0.06750099998316728 1.00000761449337e-06
0.06656800000928342 0.001648000004934147
0.06656800000928342 1.00000761449337e-06
0.06790599998203106 0.0016220000106841326
0.06790599998203106 0.0
0.06685800000559539 0.0016130000003613532
0.06685800000559539 0.0
0.06670100000337698 0.001584999990882352
0.06670100000337698 1.00000761449337e-06
0.07044199999654666 0.0018459999992046505
0.07044199999654666 1.00000761449337e-06
0.06994500002474524 0.0017100000113714486
0.06994500002474524 0.0
0.06967799999983981 0.001707000017631799
0.06967799999983981 0.0
0.06953999999677762 0.0017299999890383333
0.06953999999677762 1.00000761449337e-06
0.06935299999895506 0.001664999988861382
0.06935299999895506 9.999785106629133e-07
0.07141400000546128 0.001732999982777983
0.07141400000546128 9.999785106629133e-07
0.07753799998317845 0.0019200000097043812
0.07753799998317845 1.00000761449337e-06
0.07675899998866953 0.0018459999992046505
0.07675899998866953 1.00000761449337e-06
0.06952499999897555 0.0017179999849759042
0.06952499999897555 0.0
0.06971199999679811 0.0017120000266004354
0.06971199999679811 0.0
0.06932999999844469 0.0017169999773614109
0.06932999999844469 0.0
0.0694130000192672 0.0017220000154338777
0.0694130000192672 0.0
0.06697300000814721 0.0016269999905489385
0.06697300000814721 9.999785106629133e-07
0.06699600000865757 0.0016690000193193555
0.06699600000865757 1.00000761449337e-06
0.06428500000038184 0.0015629999979864806
0.06428500000038184 0.0
0.06444099999498576 0.0015960000164341182
0.06444099999498576 9.999785106629133e-07
0.06405800001812167 0.0015950000088196248
0.06405800001812167 0.0
0.06453999999212101 0.0015999999886844307
0.06453999999212101 0.0
0.0645809999841731 0.001580999989528209
0.0645809999841731 0.0
0.06454500000108965 0.0015850000199861825
0.06454500000108965 1.00000761449337e-06
0.06733699998585507 0.0016089999990072101
0.06733699998585507 1.00000761449337e-06
0.06660799999372102 0.0016499999910593033
0.06660799999372102 1.00000761449337e-06
0.06690599999274127 0.0016290000057779253
0.06690599999274127 1.00000761449337e-06
0.06700499998987652 0.001648000004934147
0.06700499998987652 0.0
0.06697300000814721 0.001631999999517575
0.06697300000814721 1.00000761449337e-06
0.06921000001602806 0.0016799999866634607
0.06921000001602806 0.0
0.06928600001265295 0.0016840000171214342
0.06928600001265295 1.00000761449337e-06
0.074267999996664 0.0017860000079963356
0.074267999996664 1.00000761449337e-06
0.07933499998762272 0.0019500000053085387
0.07933499998762272 0.0
0.07924999998067506 0.0019080000056419522
0.07924999998067506 0.0
0.08285400000750087 0.0020050000166520476
0.08285400000750087 1.00000761449337e-06
0.08179100000415929 0.001975999999558553
0.08179100000415929 1.00000761449337e-06
0.0797469999815803 0.0019690000044647604
0.0797469999815803 0.0
0.07638899999437854 0.0019179999944753945
0.07638899999437854 0.0
0.07222199998795986 0.0018569999956525862
0.07222199998795986 0.0
0.0745640000095591 0.0018310000014025718
0.0745640000095591 1.00000761449337e-06
0.07417900001746602 0.0018029999919235706
0.07417900001746602 1.00000761449337e-06
0.07430599999497645 0.0018199999758508056
0.07430599999497645 9.999785106629133e-07
0.07174800001666881 0.0017539999971631914
0.07174800001666881 0.0
0.0720160000200849 0.0017600000137463212
0.0720160000200849 1.00000761449337e-06
0.06703199999174103 0.0016929999983403832
0.06703199999174103 0.0
0.06931900000199676 0.0016959999920800328
0.06931900000199676 0.0
0.0701670000271406 0.001736000005621463
0.0701670000271406 0.0
0.06925899998168461 0.001711999997496605
0.06925899998168461 0.0
0.0721250000060536 0.0017619999998714775
0.0721250000060536 1.00000761449337e-06
0.07422000000951812 0.0018069999932777137
0.07422000000951812 9.999785106629133e-07
0.07916699998895638 0.001963999995496124
0.07916699998895638 1.00000761449337e-06
0.08676000000559725 0.002226999989943579
0.08676000000559725 9.999785106629133e-07
0.08419300001696683 0.0020810000132769346
0.08419300001696683 0.0
0.08685200000763871 0.0021389999892562628
0.08685200000763871 1.00000761449337e-06
0.08451400001649745 0.0020400000212248415
0.08451400001649745 1.00000761449337e-06
0.08703999998397194 0.002210000006016344
0.08703999998397194 0.0
0.08695599998463877 0.002199000009568408
0.08695599998463877 1.00000761449337e-06
0.08683200000086799 0.0021539999870583415
0.08683200000086799 0.0
0.09590000001480803 0.0023379999911412597
0.09590000001480803 0.0
0.12300700001651421 0.00301799998851493
0.12300700001651421 1.00000761449337e-06
0.12638900001184084 0.003125999995972961
0.12638900001184084 1.00000761449337e-06
0.14084000000730157 0.0035309999948367476
0.14084000000730157 9.999785106629133e-07
0.14843000000109896 0.0036339999933261424
0.14843000000109896 0.0
0.14752399999997579 0.0036149999941699207
0.14752399999997579 0.0
0.14134200001717545 0.003476000012597069
0.14134200001717545 0.0
0.12840899999719113 0.003140000015264377
0.12840899999719113 1.00000761449337e-06
0.11891900000046007 0.0029020000074524432
0.11891900000046007 0.0
0.10659300000406802 0.0026080000097863376
0.10659300000406802 0.0
0.10371799999848008 0.0024409999896306545
0.10371799999848008 1.00000761449337e-06
0.09907699999166653 0.0024320000084117055
0.09907699999166653 1.00000761449337e-06
0.0840850000095088 0.0021140000026207417
0.0840850000095088 0.0
0.0826060000108555 0.002039999992121011
0.0826060000108555 0.0
0.07688499998766929 0.0018700000073295087
0.07688499998766929 0.0
0.07466199999907985 0.0018470000068191439
0.07466199999907985 1.00000761449337e-06
0.07939700002316386 0.0019829999946523458
0.07939700002316386 0.0
0.07979499999783002 0.0019249999895691872
0.07979499999783002 0.0
0.07725500001106411 0.0018930000078398734
0.07725500001106411 9.999785106629133e-07
0.07451599999330938 0.0018699999782256782
0.07451599999330938 0.0
0.0744330000015907 0.0018599999893922359
0.0744330000015907 0.0
0.07706200002576225 0.0018910000217147171
0.07706200002576225 0.0
0.07844599999953061 0.0019169999868609011
0.07844599999953061 1.00000761449337e-06
0.0748289999901317 0.0018500000005587935
0.0748289999901317 0.0
0.07259799999883398 0.0017970000044442713
0.07259799999883398 0.0
0.06920999998692423 0.0016980000073090196
0.06920999998692423 1.00000761449337e-06
0.06922299999860115 0.0017189999925903976
0.06922299999860115 0.0
0.06947499999660067 0.001752999989548698
0.06947499999660067 0.0
0.06939200000488199 0.0016900000046007335
0.06939200000488199 1.00000761449337e-06
0.06963600000017323 0.001724000001559034
0.06963600000017323 1.00000761449337e-06
INFO:sc2.protocol:Client status changed to Status.ended (was Status.in_game)
INFO:sc2.protocol:Client status changed to Status.ended (was Status.in_game)
INFO:root:Result for player 1 - Bot(Race.Terran, <bots.Showing_bot.speedBot.MarinBot object at 0x7fee0f9b7f28>): Defeat
INFO:root:Result for player 2 - Bot(Race.Terran, <bots.kinai.test_bot.TestBot object at 0x7fee00960f60>): Victory
INFO:sc2.client:Saved replay to outs/2020-01-17T11-28-03/replays/showing_bot-kinai/showing_bot-kinai-0.SC2Replay
INFO:sc2.protocol:Client status changed to Status.launched (was Status.ended)
INFO:sc2.protocol:Client status changed to Status.quit (was Status.launched)
INFO:sc2.sc2process:kill_switch: Process cleanup
INFO:sc2.sc2process:Cleaning up...
INFO:sc2.sc2process:Cleanup complete
INFO:sc2.sc2process:Cleaning up...
INFO:sc2.sc2process:Cleanup complete
INFO:sc2.protocol:Client status changed to Status.launched (was Status.ended)
INFO:sc2.protocol:Cannot receive: Connection already closed.
INFO:sc2.sc2process:kill_switch: Process cleanup
INFO:sc2.sc2process:Cleaning up...
INFO:sc2.sc2process:Cleanup complete
INFO:sc2.sc2process:Cleaning up...
INFO:sc2.sc2process:Cleanup complete


## STDERR ##

Version: B75689 (SC2.4.10)
Build: Aug 12 2019 17:16:57
Command Line: '"/home/hspark8312/StarCraftII/Versions/Base75689/SC2_x64" -listen 127.0.0.1 -port 20535 -displayMode 0 -dataDir /home/hspark8312/StarCraftII -tempDir /tmp/SC2_jmjtqiqq'
Starting up...
Startup Phase 1 complete
Version: B75689 (SC2.4.10)
Build: Aug 12 2019 17:16:57
Command Line: '"/home/hspark8312/StarCraftII/Versions/Base75689/SC2_x64" -listen 127.0.0.1 -port 24378 -displayMode 0 -dataDir /home/hspark8312/StarCraftII -tempDir /tmp/SC2_ms9se3gl'
Starting up...
Startup Phase 1 complete
Startup Phase 2 complete
Creating stub renderer...
Listening on: 127.0.0.1:20535
Startup Phase 3 complete. Ready for commands.
Startup Phase 2 complete
Creating stub renderer...
Listening on: 127.0.0.1:24378
Startup Phase 3 complete. Ready for commands.
ConnectHandler: Request from 127.0.0.1:51235 accepted
ReadyHandler: 127.0.0.1:51235 ready
Requesting to join a multiplayer game
Configuring interface options
Configure: raw interface enabled
Configure: feature layer interface enabled
Configure: score interface enabled
Configure: render interface disabled
ConnectHandler: Request from 127.0.0.1:51236 accepted
ReadyHandler: 127.0.0.1:51236 ready
Requesting to join a multiplayer game
Configuring interface options
Configure: raw interface enabled
Configure: feature layer interface enabled
Configure: score interface enabled
Configure: render interface disabled
Create game with map path: NCFellowship-2019_m1_v6.SC2Map
Attempting to join a game with the map: NCFellowship-2019_m1_v6.SC2Map
Game has started.
Using default stable ids, none found at: /home/hspark8312/StarCraftII/stableid.json
Successfully loaded stable ids: GameData\stableid.json
Sending ResponseJoinGame
Game has started.
Using default stable ids, none found at: /home/hspark8312/StarCraftII/stableid.json
Successfully loaded stable ids: GameData\stableid.json
Sending ResponseJoinGame
RequestQuit command received.
Closing Application...
/home/hspark8312/anaconda3/envs/sc2/lib/python3.6/importlib/_bootstrap.py:219: RuntimeWarning: numpy.ufunc size changed, may indicate binary incompatibility. Expected 192 from C header, got 216 from PyObject
  return f(*args, **kwds)
/home/hspark8312/anaconda3/envs/sc2/lib/python3.6/importlib/_bootstrap.py:219: RuntimeWarning: numpy.ufunc size changed, may indicate binary incompatibility. Expected 192 from C header, got 216 from PyObject
  return f(*args, **kwds)
/home/hspark8312/anaconda3/envs/sc2/lib/python3.6/site-packages/tensorboard/compat/tensorflow_stub/dtypes.py:541: FutureWarning: Passing (type, 1) or '1type' as a synonym of type is deprecated; in a future version of numpy, it will be understood as (type, (1,)) / '(1,)type'.
  _np_qint8 = np.dtype([("qint8", np.int8, 1)])
/home/hspark8312/anaconda3/envs/sc2/lib/python3.6/site-packages/past/builtins/misc.py:45: DeprecationWarning: the imp module is deprecated in favour of importlib; see the module's documentation for alternative uses
  from imp import reload
/mnt/d/sc2minigame-eval-2020-01-09/bots/Showing_bot/speedBot.py:1643: RuntimeWarning: coroutine 'TerreinManager.debug' was never awaited
  self.terrein_manager.debug()
/mnt/d/sc2minigame-eval-2020-01-09/bots/kinai/test_bot.py:644: RuntimeWarning: coroutine 'Debuging.normal_step' was never awaited
  self.normal_step(unit, units)
