## STDOUT ##

[[92mINFO[0m] SC2 4.9.0 용 패치 적용
패치 sc2.ids.ability_id
패치 sc2.game_state
패치 sc2.bot_ai
패치 sc2.client
패치 sc2.controller
패치 sc2.main
INFO:root:Failed to import cuda module: No module named 'caffe2.python.caffe2_pybind11_state_gpu'
INFO:root:Failed to import AMD hip module: No module named 'caffe2.python.caffe2_pybind11_state_hip'
WARNING:root:This caffe2 python run does not have GPU support. Will run in CPU only mode.
cpu
INFO:sc2.protocol:Client status changed to Status.launched (was None)
INFO:sc2.protocol:Client status changed to Status.launched (was None)
INFO:sc2_patch.sc2_patch_490.controller:Creating new game
INFO:sc2_patch.sc2_patch_490.controller:Map:     NCFellowship-2019_m1_v6
INFO:sc2_patch.sc2_patch_490.controller:Players: Bot(Race.Terran, <bots.Showing_bot.speedBot.MarinBot object at 0x7f82d7708f60>), Bot(Race.Terran, <bots.kinai.test_bot.TestBot object at 0x7f82c86aff60>)
INFO:sc2.protocol:Client status changed to Status.init_game (was Status.launched)
INFO:sc2.protocol:Client status changed to Status.in_game (was None)
INFO:root:Player 2 - Bot(Race.Terran, <bots.kinai.test_bot.TestBot object at 0x7f82c86aff60>)
TEST: 2, <bots.kinai.test_bot.TestBot object at 0x7f82c86aff60>
INFO:sc2.protocol:Client status changed to Status.in_game (was None)
INFO:root:Player 1 - Bot(Race.Terran, <bots.Showing_bot.speedBot.MarinBot object at 0x7f82d7708f60>)
TEST: 1, <bots.Showing_bot.speedBot.MarinBot object at 0x7f82d7708f60>
load model: bots/Showing_bot/models/model-89.pt
create new model
0.04493299999739975 0.002646999986609444
0.04493299999739975 0.0
0.045584000006783754 0.002148999978089705
0.045584000006783754 0.0
0.044529000006150454 0.0014010000159032643
0.044529000006150454 0.0
0.04512699999031611 0.0013909999979659915
0.04512699999031611 1.00000761449337e-06
0.04852400001254864 0.0014749999972991645
0.04852400001254864 0.0
0.04437799999141134 0.0013359999866224825
0.04437799999141134 0.0
0.044624999980442226 0.0011630000080913305
0.044624999980442226 0.0
0.044637000013608485 0.0011240000021643937
0.044637000013608485 0.0
0.048636000021360815 0.0027150000096298754
0.048636000021360815 0.0
0.04729899999802001 0.0016119999927468598
0.04729899999802001 0.0
0.046959999977843836 0.0012970000097993761
0.046959999977843836 0.0
0.04717899998649955 0.0012740000092890114
0.04717899998649955 9.999785106629133e-07
0.046987000008812174 0.0012220000207889825
0.046987000008812174 0.0
0.046780999982729554 0.0014629999932367355
0.046780999982729554 0.0
0.04698300000745803 0.0012379999971017241
0.04698300000745803 0.0
0.04720800000359304 0.0012780000106431544
0.04720800000359304 0.0
0.047125999990385026 0.0014659999869763851
0.047125999990385026 9.999785106629133e-07
0.04702900000847876 0.0012719999940600246
0.04702900000847876 0.0
0.04695800002082251 0.0013080000062473118
0.04695800002082251 0.0
0.04863499998464249 0.0012320000096224248
0.04863499998464249 0.0
0.05001899998751469 0.0030390000029001385
0.05001899998751469 0.0
0.049442000017734244 0.0013890000118408352
0.049442000017734244 0.0
0.049506999988807365 0.0012639999913517386
0.049506999988807365 0.0
0.04983699999866076 0.0012780000106431544
0.04983699999866076 0.0
0.050482000020565465 0.001285000005736947
0.050482000020565465 0.0
0.04992900000070222 0.001277999981539324
0.04992900000070222 1.00000761449337e-06
0.050079000007826835 0.0017180000140797347
0.050079000007826835 0.0
0.05348400000366382 0.0014449999725911766
0.05348400000366382 1.00000761449337e-06
0.056597999995574355 0.001336999994236976
0.056597999995574355 1.00000761449337e-06
0.05131100001744926 0.001281000004382804
0.05131100001744926 0.0
0.04995700001018122 0.0013090000138618052
0.04995700001018122 1.00000761449337e-06
0.04688500001793727 0.0012989999959245324
0.04688500001793727 9.999785106629133e-07
0.04692699998850003 0.0012519999872893095
0.04692699998850003 0.0
0.04776799998944625 0.001281000004382804
0.04776799998944625 0.0
0.04910000000381842 0.0012839999981224537
0.04910000000381842 1.00000761449337e-06
0.050386999995680526 0.001385999988997355
0.050386999995680526 0.0
0.04945200000656769 0.001277000003028661
0.04945200000656769 0.0
0.04962199999135919 0.0013460000045597553
0.04962199999135919 9.999785106629133e-07
0.04962600002181716 0.0013370000233408064
0.04962600002181716 0.0
0.05000699998345226 0.0012780000106431544
0.05000699998345226 0.0
changed strategy
0.04969300000811927 0.0012599999899975955
0.04969300000811927 1.00000761449337e-06
0.0496430000057444 0.0012740000092890114
0.0496430000057444 0.0
0.049924999999348074 0.001293999986955896
0.049924999999348074 0.0
0.04994499997701496 0.0012630000128410757
0.04994499997701496 0.0
0.04968900000676513 0.0012980000174138695
0.04968900000676513 1.00000761449337e-06
0.04980000000796281 0.0012869999918621033
0.04980000000796281 0.0
0.049927999993087724 0.0012510000087786466
0.049927999993087724 1.00000761449337e-06
0.05484999998589046 0.0014640000008512288
0.05484999998589046 0.0
0.07115500001236796 0.0018240000063087791
0.07115500001236796 1.00000761449337e-06
0.06588099998771213 0.001808000000892207
0.06588099998771213 0.0
0.055915000004461035 0.0033309999853372574
0.055915000004461035 1.00000761449337e-06
0.054176999983610585 0.001584999990882352
0.054176999983610585 0.0
0.05432900000596419 0.0013540000072680414
0.05432900000596419 0.0
0.05464499999652617 0.0013890000118408352
0.05464499999652617 1.00000761449337e-06
0.05465900001581758 0.0013629999884869903
0.05465900001581758 1.00000761449337e-06
0.05434100001002662 0.001361000002361834
0.05434100001002662 0.0
0.05396700001438148 0.0013679999974556267
0.05396700001438148 9.999785106629133e-07
0.05479100000229664 0.0013760000001639128
0.05479100000229664 0.0
0.05465299999923445 0.0013909999979659915
0.05465299999923445 1.00000761449337e-06
0.054420000000391155 0.0013900000194553286
0.054420000000391155 0.0
0.05493000001297332 0.0014700000174343586
0.05493000001297332 1.00000761449337e-06
0.05525400000624359 0.0014439999940805137
0.05525400000624359 1.00000761449337e-06
0.05483000000822358 0.001420000015059486
0.05483000000822358 1.00000761449337e-06
0.054694000020390376 0.0013980000221636146
0.054694000020390376 0.0
0.054527999978745356 0.001361000002361834
0.054527999978745356 0.0
0.05525299999862909 0.0014049999881535769
0.05525299999862909 1.00000761449337e-06
0.05669699999270961 0.0014070000033825636
0.05669699999270961 0.0
0.05180099999415688 0.0013140000228304416
0.05180099999415688 9.999785106629133e-07
0.05208300001686439 0.0013390000094659626
0.05208300001686439 0.0
0.05200699999113567 0.0014190000074449927
0.05200699999113567 0.0
0.05454199999803677 0.0013980000221636146
0.05454199999803677 9.999785106629133e-07
0.054524000006495044 0.0014070000033825636
0.054524000006495044 9.999785106629133e-07
0.05486800000653602 0.0014190000074449927
0.05486800000653602 0.0
0.07018300000345334 0.0020229999790899456
0.07018300000345334 1.00000761449337e-06
0.0762760000070557 0.0019289999909233302
0.0762760000070557 9.999785106629133e-07
0.07513799998559989 0.0020840000070165843
0.07513799998559989 1.00000761449337e-06
0.0746439999784343 0.0018970000091940165
0.0746439999784343 0.0
0.05470800001057796 0.0013770000077784061
0.05470800001057796 0.0
0.05220000000554137 0.0013469999830704182
0.05220000000554137 0.0
0.04989699998986907 0.001416999992216006
0.04989699998986907 0.0
0.06521299999440089 0.0017050000024028122
0.06521299999440089 1.00000761449337e-06
0.049165000003995374 0.00132299997494556
0.049165000003995374 1.00000761449337e-06
0.04936099998303689 0.0013270000054035336
0.04936099998303689 0.0
0.047526000009384006 0.00125200001639314
0.047526000009384006 1.00000761449337e-06
0.044151000009151176 0.0011870000162161887
0.044151000009151176 0.0
0.046772000001510605 0.0015990000101737678
0.046772000001510605 1.00000761449337e-06
0.046658000006573275 0.001457999984268099
0.046658000006573275 0.0
0.04682899999897927 0.0064359999960288405
0.04682899999897927 0.0
0.04716200000257231 0.0014230000087991357
0.04716200000257231 0.0
0.04676399999880232 0.0011989999911747873
0.04676399999880232 1.00000761449337e-06
0.04472099998383783 0.0012020000140182674
0.04472099998383783 0.0
0.044471000001067296 0.001193000003695488
0.044471000001067296 0.0
0.044212000007973984 0.0011449999874457717
0.044212000007973984 1.00000761449337e-06
0.04204599998774938 0.0010600000096019357
0.04204599998774938 0.0
0.04188400000566617 0.001065999997081235
0.04188400000566617 1.00000761449337e-06
0.04184100002748892 0.0010879999899771065
0.04184100002748892 0.0
0.0422019999823533 0.001073999999789521
0.0422019999823533 0.0
0.04207800002768636 0.0010650000185705721
0.04207800002768636 0.0
0.04178999998839572 0.001065999997081235
0.04178999998839572 0.0
0.04204600001685321 0.0010790000087581575
0.04204600001685321 0.0
0.044359999999869615 0.0011660000018309802
0.044359999999869615 0.0
0.04468200000701472 0.0012709999864455312
0.04468200000701472 0.0
0.04459000000497326 0.0012029999925289303
0.04459000000497326 1.00000761449337e-06
0.04431599998497404 0.0011100000119768083
0.04431599998497404 0.0
0.04446699999971315 0.001121000008424744
0.04446699999971315 1.00000761449337e-06
0.04438700000173412 0.0011510000040289015
0.04438700000173412 0.0
0.044202999997651204 0.001137000013841316
0.044202999997651204 1.00000761449337e-06
0.04418899997835979 0.0011579999991226941
0.04418899997835979 0.0
0.04433000000426546 0.0011109999904874712
0.04433000000426546 0.0
0.04440700000850484 0.001141999993706122
0.04440700000850484 1.00000761449337e-06
0.04490599999553524 0.0011839999933727086
0.04490599999553524 0.0
0.044614999991608784 0.0011789999844040722
0.044614999991608784 1.00000761449337e-06
0.044471000001067296 0.0011579999991226941
0.044471000001067296 9.999785106629133e-07
0.04426300001796335 0.0011590000067371875
0.04426300001796335 0.0
0.04446599999209866 0.001269000000320375
0.04446599999209866 0.0
0.04437899999902584 0.0012330000172369182
0.04437899999902584 1.00000761449337e-06
0.04467000000295229 0.0011590000067371875
0.04467000000295229 0.0
0.0441360000113491 0.0013430000108201057
0.0441360000113491 0.0
0.04429099999833852 0.0013199999812059104
0.04429099999833852 1.00000761449337e-06
0.04417300000204705 0.0011510000040289015
0.04417300000204705 0.0
0.06229299999540672 0.0017639999859966338
0.06229299999540672 1.00000761449337e-06
0.04756500001531094 0.0012080000014975667
0.04756500001531094 9.999785106629133e-07
0.04519600002095103 0.0012369999894872308
0.04519600002095103 1.00000761449337e-06
0.044525999983306974 0.0011639999866019934
0.044525999983306974 0.0
0.06036599999060854 0.0014939999964553863
0.06036599999060854 0.0
0.061520000017480925 0.0016389999946113676
0.061520000017480925 0.0
0.06440599999041297 0.0016229999891947955
0.06440599999041297 0.0
0.06215199999860488 0.0017439999792259187
0.06215199999860488 1.00000761449337e-06
0.06370400000014342 0.0017470000020693988
0.06370400000014342 1.00000761449337e-06
0.06230399999185465 0.0012379999971017241
0.06230399999185465 0.0
0.04553900001337752 0.0012149999965913594
0.04553900001337752 1.00000761449337e-06
0.04480099998181686 0.0011229999945499003
0.04480099998181686 1.00000761449337e-06
0.044599999993806705 0.0011550000053830445
0.044599999993806705 0.0
0.044526000012410805 0.0011670000094454736
0.044526000012410805 1.00000761449337e-06
0.044671000010566786 0.0011869999871123582
0.044671000010566786 1.00000761449337e-06
0.05087199999252334 0.0015359999961219728
0.05087199999252334 9.999785106629133e-07
0.04751399997621775 0.0012470000074245036
0.04751399997621775 0.0
0.04719799998565577 0.0012550000101327896
0.04719799998565577 0.0
0.04759799997555092 0.0012799999967683107
0.04759799997555092 0.0
0.04770500000449829 0.0012430000060703605
0.04770500000449829 0.0
0.04696499998681247 0.001229999994393438
0.04696499998681247 1.00000761449337e-06
0.04698800001642667 0.001260999997612089
0.04698800001642667 0.0
0.04857700000866316 0.0012390000047162175
0.04857700000866316 0.0
0.04691400000592694 0.001246999978320673
0.04691400000592694 0.0
0.04693300000508316 0.0012879999994765967
0.04693300000508316 1.00000761449337e-06
0.04708800002117641 0.0012120000028517097
0.04708800002117641 0.0
0.047651999979279935 0.001185000000987202
0.047651999979279935 1.00000761449337e-06
0.047701000003144145 0.001189000002341345
0.047701000003144145 0.0
0.047239999985322356 0.00120599998626858
0.047239999985322356 0.0
0.04737099999329075 0.001256999996257946
0.04737099999329075 1.00000761449337e-06
0.049375000002328306 0.0013550000148825347
0.049375000002328306 0.0
0.049467000004369766 0.0012670000141952187
0.049467000004369766 0.0
0.049281999992672354 0.0012780000106431544
0.049281999992672354 1.00000761449337e-06
0.0498070000030566 0.0012669999850913882
0.0498070000030566 1.00000761449337e-06
0.04951499999151565 0.001277999981539324
0.04951499999151565 0.0
0.04952999998931773 0.0012529999949038029
0.04952999998931773 9.999785106629133e-07
0.05019999999785796 0.0013129999861121178
0.05019999999785796 1.00000761449337e-06
0.04996100001153536 0.0014519999967887998
0.04996100001153536 0.0
0.049593000003369525 0.0014300000038929284
0.049593000003369525 0.0
0.046990000002551824 0.0012109999952372164
0.046990000002551824 0.0
0.053534000006038696 0.0013629999884869903
0.053534000006038696 0.0
0.04451800000970252 0.0011599999852478504
0.04451800000970252 9.999785106629133e-07
0.046944000001531094 0.0013809999800287187
0.046944000001531094 0.0
0.04742499999701977 0.0012289999867789447
0.04742499999701977 0.0
0.04702500000712462 0.0014559999981429428
0.04702500000712462 1.00000761449337e-06
0.04678000000421889 0.0012040000001434237
0.04678000000421889 9.999785106629133e-07
0.04710900000645779 0.0014340000052470714
0.04710900000645779 1.00000761449337e-06
0.046883000002708286 0.0014170000213198364
0.046883000002708286 0.0
0.06392700001015328 0.0023010000004433095
0.06392700001015328 1.00000761449337e-06
0.06442199999582954 0.0018909999926108867
0.06442199999582954 9.999785106629133e-07
0.04981500000576489 0.0017359999765176326
0.04981500000576489 0.0
0.04952699999557808 0.001736999984132126
0.04952699999557808 0.0
0.06975200001033954 0.002259000000776723
0.06975200001033954 1.00000761449337e-06
0.05267799997818656 0.0014400000218302011
0.05267799997818656 9.999785106629133e-07
0.07177500001853332 0.002426999999443069
0.07177500001853332 1.00000761449337e-06
0.05516000001807697 0.00398399998084642
0.05516000001807697 0.0
0.0545820000115782 0.001699000014923513
0.0545820000115782 1.00000761449337e-06
0.05432500000461005 0.001724000001559034
0.05432500000461005 9.999785106629133e-07
0.05670199997257441 0.0032810000120662153
0.05670199997257441 9.999785106629133e-07
0.05696599997463636 0.0020010000152979046
0.05696599997463636 1.00000761449337e-06
0.054340000002412125 0.0016500000201631337
0.054340000002412125 1.00000761449337e-06
0.0545659999770578 0.0016870000108610839
0.0545659999770578 1.00000761449337e-06
0.05211200000485405 0.001555000024382025
0.05211200000485405 1.00000761449337e-06
0.05278199998429045 0.001576000009663403
0.05278199998429045 1.00000761449337e-06
0.05212400000891648 0.0014769999834243208
0.05212400000891648 0.0
0.05476199998520315 0.001484000007621944
0.05476199998520315 0.0
0.05455900001106784 0.0013639999961014837
0.05455900001106784 1.00000761449337e-06
0.05202800000552088 0.0013580000086221844
0.05202800000552088 1.00000761449337e-06
0.05188600000110455 0.0016060000052675605
0.05188600000110455 1.00000761449337e-06
0.052450999995926395 0.001373999984934926
0.052450999995926395 9.999785106629133e-07
0.052530999993905425 0.0014959999825805426
0.052530999993905425 0.0
0.05257600001641549 0.001631999999517575
0.05257600001641549 1.00000761449337e-06
0.052284999983385205 0.0013599999947473407
0.052284999983385205 0.0
0.05160900001646951 0.0013300000282470137
0.05160900001646951 0.0
0.05193799998960458 0.0013190000026952475
0.05193799998960458 0.0
0.052136999991489574 0.004183000011835247
0.052136999991489574 9.999785106629133e-07
0.04929399999673478 0.0012920000008307397
0.04929399999673478 0.0
0.049549999996088445 0.0012740000092890114
0.049549999996088445 0.0
0.04992000001948327 0.0013029999972786754
0.04992000001948327 1.00000761449337e-06
0.049386999977286905 0.0013029999972786754
0.049386999977286905 0.0
0.050410999974701554 0.0013050000125076622
0.050410999974701554 0.0
0.049687999999150634 0.0013000000035390258
0.049687999999150634 9.999785106629133e-07
0.04985500001930632 0.0012929999793414026
0.04985500001930632 0.0
0.049658000003546476 0.0013009999820496887
0.049658000003546476 0.0
0.049915999989025295 0.0013519999920390546
0.049915999989025295 0.0
0.04977299997699447 0.0014850000152364373
0.04977299997699447 0.0
0.04942900000605732 0.0012879999994765967
0.04942900000605732 0.0
0.04957599999033846 0.0012989999959245324
0.04957599999033846 0.0
0.05044600000837818 0.0012800000258721411
0.05044600000837818 0.0
0.04990000001271255 0.0012969999806955457
0.04990000001271255 0.0
0.04972099998849444 0.0012700000079348683
0.04972099998849444 0.0
0.049910000001545995 0.0013089999847579747
0.049910000001545995 0.0
0.047378000017488375 0.0013199999812059104
0.047378000017488375 9.999785106629133e-07
0.04976299998816103 0.0013219999964348972
0.04976299998816103 0.0
0.04967499998747371 0.0012920000008307397
0.04967499998747371 9.999785106629133e-07
0.05002899997634813 0.0013380000018514693
0.05002899997634813 0.0
0.050439000013284385 0.0013109999999869615
0.050439000013284385 0.0
0.04981500000576489 0.0013279999839141965
0.04981500000576489 0.0
0.050534000009065494 0.00136900000507012
0.050534000009065494 0.0
0.049476000014692545 0.00128900000709109
0.049476000014692545 0.0
0.05237900000065565 0.0014959999825805426
0.05237900000065565 0.0
0.05236400000285357 0.0013749999925494194
0.05236400000285357 1.00000761449337e-06
0.05192600001464598 0.001328000013018027
0.05192600001464598 0.0
0.05214700000942685 0.0013420000032056123
0.05214700000942685 1.00000761449337e-06
0.04939099997864105 0.0012830000196117908
0.04939099997864105 0.0
0.047181000001728535 0.0012369999894872308
0.047181000001728535 0.0
0.04477899998892099 0.0012120000028517097
0.04477899998892099 0.0
0.04254999998374842 0.001113000005716458
0.04254999998374842 1.00000761449337e-06
0.04206099998555146 0.0010870000114664435
0.04206099998555146 9.999785106629133e-07
0.042095999990124255 0.0010910000128205866
0.042095999990124255 9.999785106629133e-07
0.04221200000029057 0.001100000023143366
0.04221200000029057 9.999785106629133e-07
0.03989499999443069 0.0010269999911542982
0.03989499999443069 0.0
0.04013200002373196 0.0010760000150185078
0.04013200002373196 0.0
0.039672000013524666 0.001033000007737428
0.039672000013524666 0.0
0.03964299999643117 0.0010729999921750277
0.03964299999643117 1.00000761449337e-06
0.04221200000029057 0.0011229999945499003
0.04221200000029057 1.00000761449337e-06
0.0448270000051707 0.0011759999906644225
0.0448270000051707 0.0
0.04491299999062903 0.001225999993039295
0.04491299999062903 1.00000761449337e-06
0.04462100000819191 0.0012379999971017241
0.04462100000819191 9.999785106629133e-07
0.042553999985102564 0.0010940000065602362
0.042553999985102564 0.0
0.04270600000745617 0.0011069999891333282
0.04270600000745617 0.0
0.042403999977977946 0.001105000003008172
0.042403999977977946 0.0
0.042295999999623746 0.0010730000212788582
0.042295999999623746 1.00000761449337e-06
0.04191200001514517 0.0011310000263620168
0.04191200001514517 0.0
0.04197999997995794 0.0010820000024978071
0.04197999997995794 0.0
0.04205799999181181 0.0011180000146850944
0.04205799999181181 0.0
0.04248099998221733 0.0010889999975915998
0.04248099998221733 1.00000761449337e-06
0.042320000007748604 0.0011020000092685223
0.042320000007748604 1.00000761449337e-06
0.0428879999963101 0.001133000012487173
0.0428879999963101 0.0
0.0449920000100974 0.001213999988976866
0.0449920000100974 9.999785106629133e-07
0.04909300000872463 0.0012829999905079603
0.04909300000872463 1.00000761449337e-06
0.04967999999644235 0.0012639999913517386
0.04967999999644235 1.00000761449337e-06
0.050124999979743734 0.0013299999991431832
0.050124999979743734 1.00000761449337e-06
0.051691000000573695 0.0013330000219866633
0.051691000000573695 1.00000761449337e-06
0.049448000005213544 0.0012700000079348683
0.049448000005213544 1.00000761449337e-06
0.05104399999254383 0.0014110000047367066
0.05104399999254383 0.0
0.05037000001175329 0.0012639999913517386
0.05037000001175329 9.999785106629133e-07
0.04988400000729598 0.0012860000133514404
0.04988400000729598 9.999785106629133e-07
0.049614999996265396 0.0013050000125076622
0.049614999996265396 1.00000761449337e-06
0.0496370000182651 0.00128599998424761
0.0496370000182651 1.00000761449337e-06
0.05012899998109788 0.0013359999866224825
0.05012899998109788 0.0
0.0497050000121817 0.0012620000052265823
0.0497050000121817 9.999785106629133e-07
0.05034200000227429 0.001352999999653548
0.05034200000227429 1.00000761449337e-06
0.047531999996863306 0.0012089999800082296
0.047531999996863306 0.0
0.04730299999937415 0.0011959999974351376
0.04730299999937415 1.00000761449337e-06
0.04955999998492189 0.0012860000133514404
0.04955999998492189 0.0
0.04955699999118224 0.0012969999806955457
0.04955699999118224 1.00000761449337e-06
0.048094999976456165 0.0012580000038724393
0.048094999976456165 0.0
0.047282999992603436 0.001238999975612387
0.047282999992603436 1.00000761449337e-06
0.047335000010207295 0.0012439999845810235
0.047335000010207295 1.00000761449337e-06
0.04959799998323433 0.0013319999852683395
0.04959799998323433 0.0
0.0499089999939315 0.0012940000160597265
0.0499089999939315 1.00000761449337e-06
0.050030000013066456 0.0013109999999869615
0.050030000013066456 0.0
0.04941400000825524 0.0013289999915286899
0.04941400000825524 0.0
0.04964599999948405 0.0013239999825600535
0.04964599999948405 1.00000761449337e-06
0.05241199998999946 0.0013880000042263418
0.05241199998999946 0.0
0.05219300001044758 0.0013730000064242631
0.05219300001044758 0.0
0.05225900001823902 0.0013670000189449638
0.05225900001823902 0.0
0.0525179999822285 0.0013550000148825347
0.0525179999822285 0.0
0.05339600000297651 0.0013970000145491213
0.05339600000297651 1.00000761449337e-06
0.05271800002083182 0.0013840000028721988
0.05271800002083182 1.00000761449337e-06
0.05224099999759346 0.0013599999947473407
0.05224099999759346 1.00000761449337e-06
0.049550000025192276 0.0013010000111535192
0.049550000025192276 0.0
0.049679000017931685 0.0012660000065807253
0.049679000017931685 1.00000761449337e-06
0.04977199999848381 0.0012580000038724393
0.04977199999848381 0.0
0.05274199999985285 0.001340999995591119
0.05274199999985285 9.999785106629133e-07
0.052090999990468845 0.0013179999950807542
0.052090999990468845 0.0
0.05237499999930151 0.0013469999830704182
0.05237499999930151 1.00000761449337e-06
0.05227000001468696 0.0013319999852683395
0.05227000001468696 0.0
0.052076000021770597 0.0013590000162366778
0.052076000021770597 9.999785106629133e-07
0.049801999994087964 0.0012869999918621033
0.049801999994087964 1.00000761449337e-06
0.04979700001422316 0.00128900000709109
0.04979700001422316 0.0
0.04972899999120273 0.0013559999933931977
0.04972899999120273 0.0
0.050023999996483326 0.0013250000192783773
0.050023999996483326 9.999785106629133e-07
0.049571000010473654 0.0012679999927058816
0.049571000010473654 1.00000761449337e-06
0.05142199998954311 0.001408000010997057
0.05142199998954311 0.0
0.04978500001016073 0.0012969999806955457
0.04978500001016073 1.00000761449337e-06
0.04969200000050478 0.0013329999928828329
0.04969200000050478 1.00000761449337e-06
0.04948300000978634 0.0013209999888204038
0.04948300000978634 1.00000761449337e-06
0.04956899999524467 0.0012619999761227518
0.04956899999524467 0.0
0.052509000001009554 0.0013920000055804849
0.052509000001009554 9.999785106629133e-07
0.05476899998029694 0.0015410000050906092
0.05476899998029694 1.00000761449337e-06
0.057349000009708107 0.0015899999998509884
0.057349000009708107 9.999785106629133e-07
0.06761299999197945 0.0039000000106170774
0.06761299999197945 0.0
0.06709799999953248 0.0020220000005792826
0.06709799999953248 0.0
0.07184700001380406 0.004305000009480864
0.07184700001380406 0.0
0.07233199998154305 0.0019690000044647604
0.07233199998154305 0.0
0.07250199999543838 0.0018319999799132347
0.07250199999543838 0.0
0.07211399998050183 0.0018810000037774444
0.07211399998050183 1.00000761449337e-06
0.07207399999606423 0.0018029999919235706
0.07207399999606423 1.00000761449337e-06
0.07157300002290867 0.001820000004954636
0.07157300002290867 0.0
0.07223900000099093 0.002031999989412725
0.07223900000099093 0.0
0.07022500000311993 0.0017949999892152846
0.07022500000311993 1.00000761449337e-06
0.07018700000480749 0.0018610000261105597
0.07018700000480749 1.00000761449337e-06
0.06953800001065247 0.00173200000426732
0.06953800001065247 1.00000761449337e-06
0.071830000000773 0.0018090000085067004
0.071830000000773 1.00000761449337e-06
0.07029800000600517 0.0017729999963194132
0.07029800000600517 1.00000761449337e-06
0.06674499998916872 0.0017050000024028122
0.06674499998916872 9.999785106629133e-07
0.061886000010417774 0.0015639999764971435
0.061886000010417774 9.999785106629133e-07
0.06230700001469813 0.0015759999805595726
0.06230700001469813 1.00000761449337e-06
0.07936900001368485 0.0021349999879021198
0.07936900001368485 0.0
0.06280399998649955 0.0016170000017154962
0.06280399998649955 0.0
0.064712999999756 0.001707999996142462
0.064712999999756 0.0
0.06202099999063648 0.001564000005600974
0.06202099999063648 0.0
0.06172399999923073 0.0015710000006947666
0.06172399999923073 1.00000761449337e-06
0.06213099998421967 0.0016220000106841326
0.06213099998421967 9.999785106629133e-07
0.05958400000235997 0.0015539999876637012
0.05958400000235997 0.0
0.059504999982891604 0.0015790000034030527
0.059504999982891604 1.00000761449337e-06
0.0597550000238698 0.0015420000127051026
0.0597550000238698 0.0
0.05945699999574572 0.0015410000050906092
0.05945699999574572 9.999785106629133e-07
0.06209000002127141 0.0015779999957885593
0.06209000002127141 1.00000761449337e-06
0.07643099999404512 0.0017860000079963356
0.07643099999404512 0.0
0.07292899998719804 0.001879999996162951
0.07292899998719804 1.00000761449337e-06
0.07222499998169951 0.0018320000090170652
0.07222499998169951 1.00000761449337e-06
0.06966199999442324 0.0017689999949652702
0.06966199999442324 9.999785106629133e-07
0.07435000000987202 0.0019690000044647604
0.07435000000987202 0.0
0.07168799999635667 0.001879000017652288
0.07168799999635667 0.0
0.0693840000021737 0.0017749999824445695
0.0693840000021737 0.0
0.06897100000060163 0.001791999995475635
0.06897100000060163 0.0
0.06925600001704879 0.0017090000037569553
0.06925600001704879 0.0
0.06935199999134056 0.0017609999922569841
0.06935199999134056 1.00000761449337e-06
0.06983999998192303 0.0017430000007152557
0.06983999998192303 1.00000761449337e-06
0.06976400001440197 0.001799000019673258
0.06976400001440197 1.00000761449337e-06
0.06672799997613765 0.0016999999934341758
0.06672799997613765 1.00000761449337e-06
0.06747199999517761 0.0017219999863300472
0.06747199999517761 0.0
0.0675479999918025 0.0016879999893717468
0.0675479999918025 1.00000761449337e-06
0.06709099997533485 0.0016929999983403832
0.06709099997533485 1.00000761449337e-06
0.06682500001625158 0.001693999976851046
0.06682500001625158 1.00000761449337e-06
0.06434100001933984 0.001680999994277954
0.06434100001933984 0.0
0.06513899998390116 0.0016130000003613532
0.06513899998390116 0.0
0.06664300002739765 0.0016860000032465905
0.06664300002739765 0.0
0.06755400000838563 0.0016829999804031104
0.06755400000838563 1.00000761449337e-06
0.06664699999964796 0.0016940000059548765
0.06664699999964796 1.00000761449337e-06
0.0645479999948293 0.0017019999795593321
0.0645479999948293 0.0
0.06393800000660121 0.0016760000144131482
0.06393800000660121 9.999785106629133e-07
0.06185699999332428 0.0015490000077988952
0.06185699999332428 0.0
0.06270000000949949 0.0016109999851323664
0.06270000000949949 0.0
0.05918100001872517 0.001500999991549179
0.05918100001872517 1.00000761449337e-06
0.057945000007748604 0.0014889999874867499
0.057945000007748604 1.00000761449337e-06
0.056829000008292496 0.0014490000030491501
0.056829000008292496 9.999785106629133e-07
0.05486400000518188 0.0014009999867994338
0.05486400000518188 0.0
0.05567400000290945 0.0014270000101532787
0.05567400000290945 9.999785106629133e-07
0.052118999999947846 0.0013249999901745468
0.052118999999947846 9.999785106629133e-07
0.04952699999557808 0.0012630000128410757
0.04952699999557808 9.999785106629133e-07
0.04775800000061281 0.0012529999949038029
0.04775800000061281 1.00000761449337e-06
0.04732399998465553 0.0012400000123307109
0.04732399998465553 9.999785106629133e-07
0.04472399997757748 0.001209999987622723
0.04472399997757748 1.00000761449337e-06
0.04454600001918152 0.001273999980185181
0.04454600001918152 0.0
0.04022700001951307 0.0010620000248309225
0.04022700001951307 0.0
0.03970399999525398 0.001057000015862286
0.03970399999525398 9.999785106629133e-07
0.04211000000941567 0.0010879999899771065
0.04211000000941567 1.00000761449337e-06
0.042920000007143244 0.0012009999772999436
0.042920000007143244 0.0
0.04203299997607246 0.0011200000008102506
0.04203299997607246 0.0
0.04233200001181103 0.0010959999926853925
0.04233200001181103 1.00000761449337e-06
0.042050000018207356 0.0011329999833833426
0.042050000018207356 0.0
0.04214100001263432 0.001073999999789521
0.04214100001263432 0.0
0.04187899999669753 0.0010980000079143792
0.04187899999669753 0.0
0.04208799998741597 0.0010940000065602362
0.04208799998741597 0.0
0.041993999999249354 0.001105000003008172
0.041993999999249354 1.00000761449337e-06
0.04177999999956228 0.001420000015059486
0.04177999999956228 0.0
0.0419629999960307 0.0010879999899771065
0.0419629999960307 1.00000761449337e-06
0.04211000000941567 0.001109000004362315
0.04211000000941567 0.0
0.04192099999636412 0.0010900000052060932
0.04192099999636412 0.0
0.04207599998335354 0.0010879999899771065
0.04207599998335354 9.999785106629133e-07
0.042679999984102324 0.0011060000106226653
0.042679999984102324 0.0
0.04427800001576543 0.0012940000160597265
0.04427800001576543 0.0
0.04473300001700409 0.0014070000033825636
0.04473300001700409 0.0
0.04454400000395253 0.0012310000020079315
0.04454400000395253 1.00000761449337e-06
0.04429099999833852 0.001260999997612089
0.04429099999833852 1.00000761449337e-06
0.044550999999046326 0.0012339999957475811
0.044550999999046326 0.0
0.04476099999737926 0.0012599999899975955
0.04476099999737926 0.0
0.04472499998519197 0.0012120000028517097
0.04472499998519197 1.00000761449337e-06
0.044645999994827434 0.0012949999945703894
0.044645999994827434 1.00000761449337e-06
0.045344999991357327 0.0012750000169035047
0.045344999991357327 0.0
0.04435599999851547 0.0016969999996945262
0.04435599999851547 0.0
0.04434900000342168 0.0012040000001434237
0.04434900000342168 0.0
0.044305000017629936 0.0012790000182576478
0.044305000017629936 9.999785106629133e-07
0.04749399999855086 0.0012300000234972686
0.04749399999855086 1.00000761449337e-06
0.04692200000863522 0.001225999993039295
0.04692200000863522 0.0
0.047070000000530854 0.0012240000069141388
0.047070000000530854 0.0
0.0475670000014361 0.0012030000216327608
0.0475670000014361 9.999785106629133e-07
0.04956699998001568 0.0012860000133514404
0.04956699998001568 0.0
0.04956600000150502 0.0012709999864455312
0.04956600000150502 9.999785106629133e-07
0.052488000015728176 0.0013540000072680414
0.052488000015728176 1.00000761449337e-06
0.056893000000854954 0.001429999974789098
0.056893000000854954 0.0
0.05919500000891276 0.0015119999879971147
0.05919500000891276 0.0
0.056939000001875684 0.0014979999978095293
0.056939000001875684 1.00000761449337e-06
0.059972999995807186 0.0015659999917261302
0.059972999995807186 1.00000761449337e-06
0.05736499998602085 0.0014910000027157366
0.05736499998602085 1.00000761449337e-06
0.057191999978385866 0.00165200000628829
0.057191999978385866 9.999785106629133e-07
0.058667999983299524 0.0015489999786950648
0.058667999983299524 0.0
0.05441499999142252 0.0014340000052470714
0.05441499999142252 1.00000761449337e-06
0.05483700000331737 0.001424999994924292
0.05483700000331737 1.00000761449337e-06
0.05489199998555705 0.001436999998986721
0.05489199998555705 1.00000761449337e-06
0.054760999977588654 0.0013920000055804849
0.054760999977588654 9.999785106629133e-07
0.05205199998454191 0.0013270000054035336
0.05205199998454191 1.00000761449337e-06
0.052506000007269904 0.0013789999939035624
0.052506000007269904 1.00000761449337e-06
0.04973900000914 0.001264999998966232
0.04973900000914 9.999785106629133e-07
0.04975999999442138 0.0012949999945703894
0.04975999999442138 1.00000761449337e-06
0.04977599999983795 0.0012900000147055835
0.04977599999983795 0.0
0.05234199998085387 0.0013310000067576766
0.05234199998085387 0.0
0.04984900000272319 0.001281000004382804
0.04984900000272319 1.00000761449337e-06
0.04712300002574921 0.0012239999778103083
0.04712300002574921 0.0
0.04760799999348819 0.0012350000033620745
0.04760799999348819 1.00000761449337e-06
0.04790299999876879 0.001381999987643212
0.04790299999876879 0.0
0.048141000006580725 0.001229999994393438
0.048141000006580725 9.999785106629133e-07
0.04734800002188422 0.0012379999971017241
0.04734800002188422 0.0
0.04716799999005161 0.001205000007757917
0.04716799999005161 0.0
0.051379999989876524 0.0013730000064242631
0.051379999989876524 0.0
0.047929000022122636 0.0012459999998100102
0.047929000022122636 0.0
0.0473340000025928 0.0012199999764561653
0.0473340000025928 0.0
0.04458400001749396 0.00128599998424761
0.04458400001749396 0.0
0.044560000009369105 0.0012310000020079315
0.044560000009369105 1.00000761449337e-06
0.04494300001533702 0.0012290000158827752
0.04494300001533702 1.00000761449337e-06
0.04477400000905618 0.0013969999854452908
0.04477400000905618 9.999785106629133e-07
0.04710599998361431 0.001201000006403774
0.04710599998361431 0.0
0.04739799999515526 0.0012270000006537884
0.04739799999515526 0.0
0.04931199998827651 0.001293000008445233
0.04931199998827651 0.0
0.04955499997595325 0.0012700000079348683
0.04955499997595325 0.0
0.04982899999595247 0.0012669999850913882
0.04982899999595247 0.0
0.04753599999821745 0.0011829999857582152
0.04753599999821745 0.0
0.047312999988207594 0.0012489999935496598
0.047312999988207594 0.0
0.04715799997211434 0.0012270000006537884
0.04715799997211434 1.00000761449337e-06
0.04457699999329634 0.0012249999854248017
0.04457699999329634 0.0
0.04441599998972379 0.0012339999957475811
0.04441599998972379 0.0
0.04437799999141134 0.0011660000018309802
0.04437799999141134 0.0
0.045228000002680346 0.0011879999947268516
0.045228000002680346 0.0
0.044957000005524606 0.0012140000180806965
0.044957000005524606 1.00000761449337e-06
0.04490300000179559 0.0011679999879561365
0.04490300000179559 0.0
0.04461399998399429 0.0012040000001434237
0.04461399998399429 0.0
0.04701700000441633 0.001256999996257946
0.04701700000441633 1.00000761449337e-06
0.04704400000628084 0.001213999988976866
0.04704400000628084 1.00000761449337e-06
0.04781600000569597 0.0012360000109765679
0.04781600000569597 0.0
0.04708100002608262 0.0012350000033620745
0.04708100002608262 0.0
0.04676200001267716 0.0012559999886434525
0.04676200001267716 0.0
0.047009000001708046 0.0012470000074245036
0.047009000001708046 0.0
0.046857999986968935 0.00120900000911206
0.046857999986968935 9.999785106629133e-07
0.04750799998873845 0.0012249999854248017
0.04750799998873845 1.00000761449337e-06
0.04500799998641014 0.0011879999947268516
0.04500799998641014 1.00000761449337e-06
0.04461799998534843 0.0012200000055599958
0.04461799998534843 1.00000761449337e-06
0.04422000001068227 0.0012589999823831022
0.04422000001068227 0.0
0.045159999979659915 0.0011839999933727086
0.045159999979659915 1.00000761449337e-06
0.04465999998501502 0.001229999994393438
0.04465999998501502 0.0
0.04478600001311861 0.001221999991685152
0.04478600001311861 1.00000761449337e-06
0.04500500002177432 0.0011260000173933804
0.04500500002177432 0.0
0.04487899999367073 0.0012279999791644514
0.04487899999367073 1.00000761449337e-06
0.044865000003483146 0.001133000012487173
0.044865000003483146 0.0
0.04502900000079535 0.001229999994393438
0.04502900000079535 0.0
0.04754900000989437 0.0012200000055599958
0.04754900000989437 0.0
0.047328999993624166 0.0012199999764561653
0.047328999993624166 0.0
0.05000599997583777 0.001285000005736947
0.05000599997583777 0.0
0.04944699999759905 0.0012799999967683107
0.04944699999759905 0.0
0.049996000016108155 0.0012550000101327896
0.049996000016108155 0.0
0.05225499998778105 0.0013099999923724681
0.05225499998778105 0.0
0.052162000007228926 0.0013299999991431832
0.052162000007228926 1.00000761449337e-06
0.05223400000249967 0.0013879999751225114
0.05223400000249967 0.0
0.05455699999583885 0.001400000008288771
0.05455699999583885 0.0
0.05454099999042228 0.001404000009642914
0.05454099999042228 1.00000761449337e-06
0.057084000000031665 0.001432000019121915
0.057084000000031665 1.00000761449337e-06
0.05927199998404831 0.001476000004913658
0.05927199998404831 0.0
0.08186400000704452 0.002242999995360151
0.08186400000704452 0.0
0.06770799998776056 0.0017759999900590628
0.06770799998776056 1.00000761449337e-06
0.06720399999176152 0.0017349999980069697
0.06720399999176152 0.0
0.06835099999443628 0.0019299999985378236
0.06835099999443628 1.00000761449337e-06
0.06319000001531094 0.0016269999905489385
0.06319000001531094 1.00000761449337e-06
0.05931599999894388 0.0015180000045802444
0.05931599999894388 0.0
0.05675300001166761 0.0014340000052470714
0.05675300001166761 0.0
0.05201800001668744 0.0013800000015180558
0.05201800001668744 0.0
0.05192399999941699 0.0013559999933931977
0.05192399999941699 0.0
0.05211399999097921 0.0013350000081118196
0.05211399999097921 9.999785106629133e-07
0.051833000004990026 0.0013129999861121178
0.051833000004990026 1.00000761449337e-06
0.054177000012714416 0.0014019999944139272
0.054177000012714416 0.0
0.05658800000674091 0.0014199999859556556
0.05658800000674091 0.0
0.06253300001844764 0.0016329999780282378
0.06253300001844764 0.0
0.0625960000033956 0.0016239999968092889
0.0625960000033956 0.0
0.06434499999159016 0.0016389999946113676
0.06434499999159016 1.00000761449337e-06
0.06469199998537078 0.00165200000628829
0.06469199998537078 1.00000761449337e-06
0.0644179999944754 0.0015920000150799751
0.0644179999944754 1.00000761449337e-06
0.06527400002232753 0.0016340000147465616
0.06527400002232753 0.0
0.0593980000121519 0.0014759999758098274
0.0593980000121519 0.0
0.062193999998271465 0.0015820000262465328
0.062193999998271465 0.0
0.06449699998483993 0.0016229999891947955
0.06449699998483993 1.00000761449337e-06
0.0639849999861326 0.0016450000111944973
0.0639849999861326 0.0
0.061779000010574237 0.0016030000115279108
0.061779000010574237 0.0
0.0615010000183247 0.00156899998546578
0.0615010000183247 1.00000761449337e-06
0.062319999997271225 0.0015739999944344163
0.062319999997271225 0.0
0.062215000012656674 0.0015899999998509884
0.062215000012656674 1.00000761449337e-06
0.06188200000906363 0.001564000005600974
0.06188200000906363 0.0
0.06187299999874085 0.0015410000050906092
0.06187299999874085 9.999785106629133e-07
0.06231599999591708 0.001552000001538545
0.06231599999591708 0.0
0.059477000002516434 0.0014979999978095293
0.059477000002516434 0.0
0.056545999977970496 0.0014480000245384872
0.056545999977970496 1.00000761449337e-06
0.059249999991152436 0.001496999990195036
0.059249999991152436 1.00000761449337e-06
0.06027600000379607 0.001508000015746802
0.06027600000379607 1.00000761449337e-06
0.05976899998495355 0.0015220000059343874
0.05976899998495355 0.0
0.061818999995011836 0.001539000018965453
0.061818999995011836 0.0
0.056991999997990206 0.0014690000098198652
0.056991999997990206 9.999785106629133e-07
0.05972099999780767 0.0014939999964553863
0.05972099999780767 0.0
0.06044100000872277 0.0015280000225175172
0.06044100000872277 1.00000761449337e-06
0.05985099999816157 0.0016279999981634319
0.05985099999816157 1.00000761449337e-06
0.06302400000276975 0.0015359999961219728
0.06302400000276975 0.0
0.06229000000166707 0.00161500001559034
0.06229000000166707 1.00000761449337e-06
0.06417500000679865 0.001640000002225861
0.06417500000679865 0.0
0.06713100001798011 0.001744999986840412
0.06713100001798011 0.0
0.06678900000406429 0.0016969999996945262
0.06678900000406429 0.0
0.07184099999722093 0.0018219999910797924
0.07184099999722093 0.0
0.0721530000155326 0.0018479999853298068
0.0721530000155326 1.00000761449337e-06
0.07166799998958595 0.0018090000085067004
0.07166799998958595 9.999785106629133e-07
0.06683999998494983 0.0017579999985173345
0.06683999998494983 1.00000761449337e-06
0.06239000000641681 0.0015350000176113099
0.06239000000641681 0.0
0.05948400002671406 0.0015290000010281801
0.05948400002671406 0.0
0.05733699997654185 0.0015570000105071813
0.05733699997654185 0.0
0.0568970000022091 0.0014300000038929284
0.0568970000022091 1.00000761449337e-06
0.0516440000210423 0.001336999994236976
0.0516440000210423 9.999785106629133e-07
0.051933999988250434 0.001340000017080456
0.051933999988250434 0.0
0.05451099999481812 0.0013880000042263418
0.05451099999481812 0.0
0.05676899998798035 0.0014939999964553863
0.05676899998798035 1.00000761449337e-06
0.05586799999582581 0.0014350000128615648
0.05586799999582581 1.00000761449337e-06
0.05747999998857267 0.001461999985622242
0.05747999998857267 0.0
0.05687900001066737 0.0014830000000074506
0.05687900001066737 0.0
0.05713399997330271 0.0014629999932367355
0.05713399997330271 0.0
0.05716200001188554 0.001441999978851527
0.05716200001188554 0.0
0.05429500000900589 0.0013970000145491213
0.05429500000900589 0.0
0.05255100000067614 0.0013700000126846135
0.05255100000067614 1.00000761449337e-06
0.05208999998285435 0.0013460000045597553
0.05208999998285435 9.999785106629133e-07
0.052362000016728416 0.001352999999653548
0.052362000016728416 1.00000761449337e-06
0.052007999998750165 0.0013170000165700912
0.052007999998750165 9.999785106629133e-07
0.05226100000436418 0.0013800000015180558
0.05226100000436418 9.999785106629133e-07
0.054453999997349456 0.0013730000064242631
0.054453999997349456 1.00000761449337e-06
0.055305999994743615 0.0014059999957680702
0.055305999994743615 0.0
0.06044499998097308 0.0015579999890178442
0.06044499998097308 1.00000761449337e-06
0.05952100001741201 0.0015270000149030238
0.05952100001741201 1.00000761449337e-06
0.05957199999829754 0.001539000018965453
0.05957199999829754 1.00000761449337e-06
0.059219000017037615 0.001572999986819923
0.059219000017037615 9.999785106629133e-07
0.05936199999996461 0.0015060000005178154
0.05936199999996461 0.0
0.060250000009546056 0.0015159999893512577
0.060250000009546056 9.999785106629133e-07
0.0618759999924805 0.001580000011017546
0.0618759999924805 0.0
0.06242200001724996 0.001660000008996576
0.06242200001724996 1.00000761449337e-06
0.06254399998579174 0.001660000008996576
0.06254399998579174 0.0
0.06287599998177029 0.0015990000101737678
0.06287599998177029 1.00000761449337e-06
0.06160699998144992 0.0015750000020489097
0.06160699998144992 0.0
0.06415500000002794 0.0016260000120382756
0.06415500000002794 1.00000761449337e-06
0.06459699998958968 0.0016309999919030815
0.06459699998958968 0.0
0.06176099998992868 0.0015540000167675316
0.06176099998992868 0.0
0.06441900000208989 0.0016060000052675605
0.06441900000208989 0.0
0.06422800000291318 0.0016739999991841614
0.06422800000291318 0.0
0.06674000000930391 0.0017039999947883189
0.06674000000930391 1.00000761449337e-06
0.06438600001274608 0.001613999978872016
0.06438600001274608 1.00000761449337e-06
0.0640140000032261 0.0016539999924134463
0.0640140000032261 0.0
0.06885000001057051 0.0017609999922569841
0.06885000001057051 1.00000761449337e-06
0.07210399999166839 0.001820999983465299
0.07210399999166839 9.999785106629133e-07
0.06932400001096539 0.0018260000215377659
0.06932400001096539 1.00000761449337e-06
0.06675900000846013 0.0016790000081527978
0.06675900000846013 9.999785106629133e-07
0.06445299999904819 0.0016089999990072101
0.06445299999904819 0.0
0.062411999999312684 0.0015669999993406236
0.062411999999312684 0.0
0.059757000009994954 0.0014789999986533076
0.059757000009994954 1.00000761449337e-06
0.05967300001066178 0.0015410000050906092
0.05967300001066178 0.0
0.05502400000113994 0.0013710000202991068
0.05502400000113994 0.0
0.05435999998007901 0.0013920000055804849
0.05435999998007901 1.00000761449337e-06
0.05220099998405203 0.0013460000045597553
0.05220099998405203 1.00000761449337e-06
0.05170899999211542 0.0013769999786745757
0.05170899999211542 1.00000761449337e-06
0.04974899999797344 0.001340999995591119
0.04974899999797344 1.00000761449337e-06
0.04994600001373328 0.0012829999905079603
0.04994600001373328 0.0
0.04973699999391101 0.001281999982893467
0.04973699999391101 0.0
0.04995700001018122 0.0013420000032056123
0.04995700001018122 9.999785106629133e-07
0.05202699999790639 0.0013350000081118196
0.05202699999790639 9.999785106629133e-07
0.04957899998407811 0.0012740000092890114
0.04957899998407811 0.0
0.04939999998896383 0.0012789999891538173
0.04939999998896383 0.0
0.04947399999946356 0.0012660000065807253
0.04947399999946356 1.00000761449337e-06
0.05045999999856576 0.001361000002361834
0.05045999999856576 0.0
0.051073000009637326 0.0012960000021848828
0.051073000009637326 9.999785106629133e-07
0.04971700001624413 0.0012989999959245324
0.04971700001624413 9.999785106629133e-07
0.04958299998543225 0.0012749999877996743
0.04958299998543225 1.00000761449337e-06
0.049627000000327826 0.0012679999927058816
0.049627000000327826 0.0
0.05187300001853146 0.0013129999861121178
0.05187300001853146 0.0
0.0528640000266023 0.0013179999950807542
0.0528640000266023 0.0
0.052509000001009554 0.001361999980872497
0.052509000001009554 1.00000761449337e-06
0.05230199999641627 0.00136900000507012
0.05230199999641627 0.0
0.05214200000045821 0.001348999998299405
0.05214200000045821 0.0
0.05185200000414625 0.001365000003715977
0.05185200000414625 1.00000761449337e-06
0.05477499999688007 0.0014010000159032643
0.05477499999688007 0.0
0.05716600001323968 0.0014599999994970858
0.05716600001323968 9.999785106629133e-07
0.05674699999508448 0.001779000012902543
0.05674699999508448 1.00000761449337e-06
0.06228799998643808 0.00157200000830926
0.06228799998643808 1.00000761449337e-06
0.06690999999409541 0.001660000008996576
0.06690999999409541 0.0
0.06915399999707006 0.0017670000088401139
0.06915399999707006 1.00000761449337e-06
0.06897200000821613 0.0018029999919235706
0.06897200000821613 0.0
0.0698229999979958 0.0017189999925903976
0.0698229999979958 9.999785106629133e-07
0.06910399999469519 0.001728000002913177
0.06910399999469519 0.0
0.07673699999577366 0.004369000002043322
0.07673699999577366 1.00000761449337e-06
0.08202699999674223 0.004751000000396743
0.08202699999674223 1.00000761449337e-06
0.08172600000398234 0.0023299999884329736
0.08172600000398234 0.0
0.0826729999971576 0.002078999998047948
0.0826729999971576 9.999785106629133e-07
0.08378899999661371 0.0022200000239536166
0.08378899999661371 0.0
0.08857600000919774 0.005125999974552542
0.08857600000919774 0.0
0.08679299999494106 0.002298999985214323
0.08679299999494106 0.0
0.08148399999481626 0.002084999985527247
0.08148399999481626 1.00000761449337e-06
0.07949599999119528 0.0020099999965168536
0.07949599999119528 0.0
0.09691699998802505 0.002519000001484528
0.09691699998802505 0.0
0.07277900000917725 0.0017900000093504786
0.07277900000917725 1.00000761449337e-06
0.07229100001859479 0.0018439999839756638
0.07229100001859479 0.0
0.06396800000220537 0.001636000000871718
0.06396800000220537 1.00000761449337e-06
0.06224800000200048 0.0016330000071320683
0.06224800000200048 0.0
0.06011599997873418 0.001516999996965751
0.06011599997873418 1.00000761449337e-06
0.05922999998438172 0.0015229999844450504
0.05922999998438172 1.00000761449337e-06
0.056752000004053116 0.0014559999981429428
0.056752000004053116 1.00000761449337e-06
0.0568970000022091 0.0014529999752994627
0.0568970000022091 0.0
0.05683700001100078 0.0014360000204760581
0.05683700001100078 1.00000761449337e-06
0.05660899999202229 0.0014680000022053719
0.05660899999202229 1.00000761449337e-06
0.05768900000839494 0.0014759999758098274
0.05768900000839494 1.00000761449337e-06
0.0547870000009425 0.0013869999966118485
0.0547870000009425 1.00000761449337e-06
0.05484200001228601 0.0013849999813828617
0.05484200001228601 1.00000761449337e-06
0.055157999973744154 0.0014530000044032931
0.055157999973744154 0.0
0.05446499999379739 0.0014099999971222132
0.05446499999379739 1.00000761449337e-06
0.056815999996615574 0.0014649999793618917
0.056815999996615574 0.0
0.059237999987090006 0.0015770000172778964
0.059237999987090006 9.999785106629133e-07
0.05938399999286048 0.0015509999939240515
0.05938399999286048 0.0
0.05936600000131875 0.0015030000067781657
0.05936600000131875 1.00000761449337e-06
0.06116499999188818 0.0015400000265799463
0.06116499999188818 0.0
0.06003200000850484 0.001500999991549179
0.06003200000850484 1.00000761449337e-06
0.05938699998660013 0.0014979999978095293
0.05938699998660013 0.0
0.05980199997429736 0.0015140000032261014
0.05980199997429736 0.0
0.05953100000624545 0.0015399999974761158
0.05953100000624545 0.0
0.059378999983891845 0.0015159999893512577
0.059378999983891845 1.00000761449337e-06
0.0592389999947045 0.0015310000162571669
0.0592389999947045 0.0
0.05811500002164394 0.0015120000171009451
0.05811500002164394 1.00000761449337e-06
0.05187200001091696 0.0013350000081118196
0.05187200001091696 0.0
0.04940399999031797 0.001273000001674518
0.04940399999031797 9.999785106629133e-07
0.04953599997679703 0.0012829999905079603
0.04953599997679703 1.00000761449337e-06
0.051691000000573695 0.0013250000192783773
0.051691000000573695 0.0
0.062107999983709306 0.0015790000034030527
0.062107999983709306 9.999785106629133e-07
0.06446199998026714 0.0016180000093299896
0.06446199998026714 0.0
0.0644460000039544 0.001596999994944781
0.0644460000039544 0.0
0.06927800000994466 0.00173200000426732
0.06927800000994466 9.999785106629133e-07
0.07918400000198744 0.001984000002266839
0.07918400000198744 1.00000761449337e-06
0.08424600001308136 0.0021909999777562916
0.08424600001308136 1.00000761449337e-06
0.08205600001383573 0.0020499999809544533
0.08205600001383573 0.0
0.084846000012476 0.0021019999985583127
0.084846000012476 1.00000761449337e-06
0.08869899998535402 0.0022929999977350235
0.08869899998535402 0.0
0.08451899999636225 0.0021490000071935356
0.08451899999636225 0.0
0.07983299999614246 0.0019520000205375254
0.07983299999614246 0.0
0.07499800002551638 0.00189200000022538
0.07499800002551638 0.0
0.06941599998390302 0.001791000016964972
0.06941599998390302 0.0
0.06385199999203905 0.0016260000120382756
0.06385199999203905 0.0
0.06446500000311062 0.001592999993590638
0.06446500000311062 9.999785106629133e-07
0.05921799998031929 0.0014730000111740083
0.05921799998031929 0.0
0.05961100000422448 0.0014979999978095293
0.05961100000422448 0.0
0.05672300001606345 0.0014599999994970858
0.05672300001606345 1.00000761449337e-06
0.05725100002018735 0.0014740000187885016
0.05725100002018735 1.00000761449337e-06
0.05448900000192225 0.0014059999957680702
0.05448900000192225 1.00000761449337e-06
0.056970999983605 0.0014030000020284206
0.056970999983605 0.0
0.057004000002052635 0.0014430000155698508
0.057004000002052635 1.00000761449337e-06
0.05736500001512468 0.0014479999954346567
0.05736500001512468 0.0
0.05656599998474121 0.0014319999900180846
0.05656599998474121 0.0
0.05701700001372956 0.0014789999986533076
0.05701700001372956 0.0
0.0573279999953229 0.0014170000213198364
0.0573279999953229 0.0
0.056798000005073845 0.0014769999834243208
0.056798000005073845 0.0
0.05674999998882413 0.0014640000008512288
0.05674999998882413 9.999785106629133e-07
0.05699599999934435 0.0014460000093095005
0.05699599999934435 9.999785106629133e-07
0.054524000006495044 0.001400000008288771
0.054524000006495044 0.0
0.05232400001841597 0.001340000017080456
0.05232400001841597 1.00000761449337e-06
0.0523819999943953 0.0013479999906849116
0.0523819999943953 0.0
0.050297000008868054 0.0013630000175908208
0.050297000008868054 0.0
0.04711500002304092 0.0012329999881330878
0.04711500002304092 0.0
0.04713099999935366 0.0012229999992996454
0.04713099999935366 0.0
0.04949999999371357 0.0012789999891538173
0.04949999999371357 0.0
0.049950000015087426 0.0012879999994765967
0.049950000015087426 0.0
0.04952000000048429 0.0013600000238511711
0.04952000000048429 0.0
0.055400999990524724 0.0014110000047367066
0.055400999990524724 1.00000761449337e-06
0.05464699998265132 0.0014059999957680702
0.05464699998265132 0.0
0.05455299999448471 0.0013920000055804849
0.05455299999448471 1.00000761449337e-06
0.0573900000017602 0.0014470000169239938
0.0573900000017602 0.0
0.057767000020248815 0.00149200001033023
0.057767000020248815 9.999785106629133e-07
0.057040999992750585 0.001424999994924292
0.057040999992750585 0.0
0.059747999999672174 0.001516999996965751
0.059747999999672174 0.0
0.05945500000962056 0.00157200000830926
0.05945500000962056 0.0
0.0620749999943655 0.0015859999984968454
0.0620749999943655 1.00000761449337e-06
0.06702100002439693 0.001715000020340085
0.06702100002439693 0.0
0.0725889999885112 0.0018529999942984432
0.0725889999885112 1.00000761449337e-06
0.07712499998160638 0.0018900000141002238
0.07712499998160638 0.0
0.07967800000915304 0.0019819999870378524
0.07967800000915304 9.999785106629133e-07
0.0822489999991376 0.0020570000051520765
0.0822489999991376 1.00000761449337e-06
0.09670300001744181 0.005460000014863908
0.09670300001744181 0.0
0.09889599998132326 0.0033150000090245157
0.09889599998132326 9.999785106629133e-07
0.10676900000544265 0.002905999979702756
0.10676900000544265 1.00000761449337e-06
0.10107400000561029 0.00262100002146326
0.10107400000561029 0.0
0.09475699998438358 0.002562999987276271
0.09475699998438358 9.999785106629133e-07
0.095564999995986 0.00221800000872463
0.095564999995986 0.0
0.0876939999870956 0.0021219999762251973
0.0876939999870956 0.0
0.08248800001456402 0.00253199998405762
0.08248800001456402 0.0
0.07332999998470768 0.0018370000179857016
0.07332999998470768 0.0
0.07346499999403022 0.001824999984819442
0.07346499999403022 1.00000761449337e-06
0.07861399999819696 0.001999000000068918
0.07861399999819696 1.00000761449337e-06
0.07172799998079427 0.0018139999883715063
0.07172799998079427 0.0
0.07233299998915754 0.001799999998183921
0.07233299998915754 9.999785106629133e-07
0.08339799998793751 0.0026969999889843166
0.08339799998793751 0.0
0.0709330000099726 0.0017480000096838921
0.0709330000099726 0.0
0.07045499997911975 0.001736000005621463
0.07045499997911975 9.999785106629133e-07
0.07282200001645833 0.0018730000010691583
0.07282200001645833 1.00000761449337e-06
0.06905000002007 0.0020139999978709966
0.06905000002007 1.00000761449337e-06
0.06620400000247173 0.0017820000066421926
0.06620400000247173 1.00000761449337e-06
0.0716369999863673 0.002199000009568408
0.0716369999863673 1.00000761449337e-06
0.07523000001674518 0.0018619999755173922
0.07523000001674518 1.00000761449337e-06
0.06820800001150928 0.0017779999761842191
0.06820800001150928 9.999785106629133e-07
0.06831099998089485 0.0016940000059548765
0.06831099998089485 0.0
0.06163499999092892 0.001596999994944781
0.06163499999092892 1.00000761449337e-06
0.060553999996045604 0.0015500000154133886
0.060553999996045604 0.0
0.05953800000133924 0.001516999996965751
0.05953800000133924 0.0
0.05700200001592748 0.0015609999827574939
0.05700200001592748 1.00000761449337e-06
0.056372999999439344 0.001441000000340864
0.056372999999439344 1.00000761449337e-06
0.054502999992109835 0.0013990000006742775
0.054502999992109835 0.0
0.05456200000480749 0.0013669999898411334
0.05456200000480749 0.0
0.05673399998340756 0.0014470000169239938
0.05673399998340756 0.0
0.05745500000193715 0.001508999994257465
0.05745500000193715 1.00000761449337e-06
0.05758199997944757 0.0014230000087991357
0.05758199997944757 0.0
0.059284000017214566 0.0015029999776743352
0.059284000017214566 1.00000761449337e-06
0.060250000009546056 0.001588999992236495
0.060250000009546056 0.0
0.06655300001148134 0.001715999998850748
0.06655300001148134 1.00000761449337e-06
0.06558200001018122 0.0016539999924134463
0.06558200001018122 0.0
0.06551700001000427 0.0017330000118818134
0.06551700001000427 0.0
0.06369899999117479 0.0017729999963194132
0.06369899999117479 9.999785106629133e-07
0.07413100000121631 0.0018350000027567148
0.07413100000121631 1.00000761449337e-06
0.07758300000568852 0.0019219999958295375
0.07758300000568852 0.0
0.0794469999964349 0.00201500000548549
0.0794469999964349 1.00000761449337e-06
0.07676200001151301 0.001927000004798174
0.07676200001151301 0.0
0.08169599997927435 0.0021560000022873282
0.08169599997927435 0.0
0.08877400000346825 0.0022350000217556953
0.08877400000346825 1.00000761449337e-06
0.08783500001300126 0.0022419999877456576
0.08783500001300126 0.0
0.08163800000329502 0.002055999997537583
0.08163800000329502 0.0
0.07718500000191852 0.0019930000125896186
0.07718500000191852 0.0
0.07471699998131953 0.001871000014944002
0.07471699998131953 0.0
0.0698839999968186 0.0017660000012256205
0.0698839999968186 0.0
0.06949900000472553 0.001800999976694584
0.06949900000472553 0.0
0.06492200001957826 0.0016469999973196536
0.06492200001957826 0.0
0.0669460000062827 0.001719000021694228
0.0669460000062827 9.999785106629133e-07
0.06716800000867806 0.0016690000193193555
0.06716800000867806 1.00000761449337e-06
0.06690000000526197 0.0016929999983403832
0.06690000000526197 9.999785106629133e-07
0.06439400001545437 0.0016870000108610839
0.06439400001545437 0.0
0.06504299998050556 0.001660000008996576
0.06504299998050556 1.00000761449337e-06
0.0648710000095889 0.001640000002225861
0.0648710000095889 0.0
0.06408599999849685 0.0015750000020489097
0.06408599999849685 1.00000761449337e-06
0.0622109999821987 0.0015549999952781945
0.0622109999821987 0.0
0.06249100001878105 0.0015890000213403255
0.06249100001878105 0.0
0.059350999974412844 0.00157200000830926
0.059350999974412844 9.999785106629133e-07
0.05977999998140149 0.0015220000059343874
0.05977999998140149 0.0
0.05947200002265163 0.0015149999817367643
0.05947200002265163 0.0
0.05731100001139566 0.0015899999998509884
0.05731100001139566 9.999785106629133e-07
0.057456000009551644 0.001445000001695007
0.057456000009551644 0.0
0.057151999993948266 0.0014849999861326069
0.057151999993948266 0.0
0.054715000005671754 0.001504999992903322
0.054715000005671754 0.0
0.05734800000209361 0.0014889999874867499
0.05734800000209361 0.0
0.05737699999008328 0.001461999985622242
0.05737699999008328 1.00000761449337e-06
0.05743300000904128 0.0014389999851118773
0.05743300000904128 0.0
0.05726400000276044 0.001492999988840893
0.05726400000276044 0.0
0.057062000007135794 0.0014739999896846712
0.057062000007135794 0.0
0.05747699999483302 0.0014659999869763851
0.05747699999483302 0.0
0.06057500001043081 0.0016369999793823808
0.06057500001043081 1.00000761449337e-06
0.06035799998790026 0.0015490000077988952
0.06035799998790026 0.0
0.062079999974230304 0.0015380000113509595
0.062079999974230304 0.0
0.06188399999518879 0.0015489999786950648
0.06188399999518879 0.0
0.06476600002497435 0.001680999994277954
0.06476600002497435 0.0
0.07416799999191426 0.0018689999997150153
0.07416799999191426 0.0
0.07660600001690909 0.0019299999985378236
0.07660600001690909 1.00000761449337e-06
0.07710799999767914 0.0019650000031106174
0.07710799999767914 0.0
0.07651799998711795 0.001883999997517094
0.07651799998711795 9.999785106629133e-07
0.0811989999783691 0.0020260000019334257
0.0811989999783691 0.0
0.0895650000020396 0.002310000010766089
0.0895650000020396 1.00000761449337e-06
0.10187899999436922 0.0024429999757558107
0.10187899999436922 9.999785106629133e-07
0.10299899999517947 0.0029510000022128224
0.10299899999517947 0.0
0.0997569999890402 0.002673000009963289
0.0997569999890402 1.00000761449337e-06
0.10663700001896359 0.0026950000028591603
0.10663700001896359 1.00000761449337e-06
0.10312200000043958 0.002710000000661239
0.10312200000043958 0.0
0.09496499999659136 0.0023919999948702753
0.09496499999659136 9.999785106629133e-07
0.09267100002034567 0.002242999995360151
0.09267100002034567 1.00000761449337e-06
0.08814300000085495 0.0020920000097248703
0.08814300000085495 0.0
0.08165400000871159 0.001803999999538064
0.08165400000871159 0.0
0.07105400000000373 0.0017379999917466193
0.07105400000000373 0.0
0.07583500002510846 0.00181200000224635
0.07583500002510846 1.00000761449337e-06
0.0907829999923706 0.0023919999948702753
0.0907829999923706 1.00000761449337e-06
0.0705020000168588 0.001820999983465299
0.0705020000168588 0.0
0.07125899998936802 0.0022480000043287873
0.07125899998936802 0.0
0.07151900001917966 0.001951000012923032
0.07151900001917966 1.00000761449337e-06
0.07532800000626594 0.0018310000014025718
0.07532800000626594 1.00000761449337e-06
0.06895600000279956 0.0017649999936111271
0.06895600000279956 1.00000761449337e-06
0.06583699997281656 0.001816000003600493
0.06583699997281656 9.999785106629133e-07
0.06581500000902452 0.0016659999964758754
0.06581500000902452 0.0
0.07001700002001598 0.0016119999927468598
0.07001700002001598 0.0
0.06221399997593835 0.0016590000013820827
0.06221399997593835 1.00000761449337e-06
0.0632949999999255 0.0015830000047571957
0.0632949999999255 0.0
0.06467500000144355 0.0016040000191424042
0.06467500000144355 0.0
0.06698299999698065 0.0016619999951217324
0.06698299999698065 0.0
0.0692949999938719 0.0018019999843090773
0.0692949999938719 0.0
0.07436900000902824 0.0017810000281315297
0.07436900000902824 1.00000761449337e-06
0.06986600000527687 0.0017359999765176326
0.06986600000527687 0.0
0.06963700000778772 0.0017819999775383621
0.06963700000778772 1.00000761449337e-06
0.0672539999941364 0.0017099999822676182
0.0672539999941364 1.00000761449337e-06
0.06772400002228096 0.0018149999959859997
0.06772400002228096 0.0
0.06467399999382906 0.0016780000005383044
0.06467399999382906 1.00000761449337e-06
0.06429600002593361 0.0016509999986737967
0.06429600002593361 1.00000761449337e-06
0.06445800000801682 0.0015950000088196248
0.06445800000801682 0.0
0.06651599999167956 0.0017129999760072678
0.06651599999167956 0.0
0.0686709999863524 0.001752999989548698
0.0686709999863524 0.0
0.06951299999491312 0.0018159999744966626
0.06951299999491312 0.0
0.07184399999096058 0.001875999994808808
0.07184399999096058 0.0
0.07448399998247623 0.0018980000168085098
0.07448399998247623 0.0
0.07721600000513718 0.0019580000080168247
0.07721600000513718 0.0
0.07447999998112209 0.0018430000054650009
0.07447999998112209 0.0
0.07399800000712276 0.0018730000010691583
0.07399800000712276 0.0
0.07464800000889227 0.0018649999983608723
0.07464800000889227 1.00000761449337e-06
0.07870199999888428 0.001982000016141683
0.07870199999888428 0.0
0.07690399998682551 0.0019150000007357448
0.07690399998682551 0.0
0.08948700001928955 0.0022160000225994736
0.08948700001928955 0.0
0.08931499999016523 0.0021859999978914857
0.08931499999016523 0.0
0.09335599999758415 0.002338999998755753
0.09335599999758415 0.0
0.09875199999078177 0.002519000001484528
0.09875199999078177 0.0
0.10566899998229928 0.005814000003738329
0.10566899998229928 1.00000761449337e-06
0.09118999997735955 0.002370000001974404
0.09118999997735955 0.0
0.08428300000377931 0.0020960000110790133
0.08428300000377931 0.0
0.07889900001464412 0.0019610000017564744
0.07889900001464412 0.0
0.07158799999160692 0.0018069999932777137
0.07158799999160692 1.00000761449337e-06
0.07175199998891912 0.0017799999914132059
0.07175199998891912 0.0
0.0724259999988135 0.0019010000105481595
0.0724259999988135 1.00000761449337e-06
0.0693160000082571 0.0017550000047776848
0.0693160000082571 1.00000761449337e-06
0.0672529999865219 0.0016919999907258898
0.0672529999865219 0.0
0.0670830000017304 0.001740000006975606
0.0670830000017304 1.00000761449337e-06
0.06434000001172535 0.0016770000220276415
0.06434000001172535 0.0
0.062174999999115244 0.00156899998546578
0.062174999999115244 1.00000761449337e-06
0.061532000021543354 0.001580999989528209
0.061532000021543354 0.0
0.05964099999982864 0.0015230000135488808
0.05964099999982864 1.00000761449337e-06
0.057822000002488494 0.0014509999891743064
0.057822000002488494 1.00000761449337e-06
0.05941799998981878 0.0014659999869763851
0.05941799998981878 0.0
0.05936000001383945 0.001520999998319894
0.05936000001383945 0.0
0.05965400001150556 0.001496000011684373
0.05965400001150556 0.0
0.05983799998648465 0.0015140000032261014
0.05983799998648465 0.0
0.05977799999527633 0.0015459999849554151
0.05977799999527633 9.999785106629133e-07
0.05987899997853674 0.0015469999925699085
0.05987899997853674 0.0
0.0597890000208281 0.0015010000206530094
0.0597890000208281 0.0
0.05964800002402626 0.001520999998319894
0.05964800002402626 1.00000761449337e-06
0.062434000021312386 0.001568000006955117
0.062434000021312386 0.0
0.06150899999192916 0.0015750000020489097
0.06150899999192916 0.0
0.06907600001432002 0.0017299999890383333
0.06907600001432002 9.999785106629133e-07
0.06914599999436177 0.0017510000034235418
0.06914599999436177 0.0
0.06913299998268485 0.0018149999959859997
0.06913299998268485 1.00000761449337e-06
0.0718639999977313 0.0017660000012256205
0.0718639999977313 0.0
0.07666300001437776 0.001908999984152615
0.07666300001437776 1.00000761449337e-06
0.07689199998276308 0.002877999999327585
0.07689199998276308 1.00000761449337e-06
0.07750399998622015 0.0032099999953061342
0.07750399998622015 1.00000761449337e-06
0.07688700000289828 0.002957999997306615
0.07688700000289828 9.999785106629133e-07
0.07420199998887256 0.0019040000042878091
0.07420199998887256 0.0
0.07425400000647642 0.0018409999902360141
0.07425400000647642 0.0
0.07679900000221096 0.002961999998660758
0.07679900000221096 1.00000761449337e-06
0.07896499999333173 0.0032749999954830855
0.07896499999333173 9.999785106629133e-07
0.07650100000319071 0.0018899999849963933
0.07650100000319071 9.999785106629133e-07
0.07870299997739494 0.0019369999936316162
0.07870299997739494 1.00000761449337e-06
0.07885299998451956 0.0019650000031106174
0.07885299998451956 0.0
0.08906100000604056 0.0022640000097453594
0.08906100000604056 0.0
0.08919899997999892 0.0022809999936725944
0.08919899997999892 0.0
0.08884300000499934 0.002215999993495643
0.08884300000499934 0.0
0.09415799999260344 0.0024289999855682254
0.09415799999260344 1.00000761449337e-06
0.09651900001335889 0.0023549999750684947
0.09651900001335889 0.0
0.1260420000180602 0.0030070000211708248
0.1260420000180602 1.00000761449337e-06
0.08983800001442432 0.0024249999842140824
0.08983800001442432 0.0
0.08885600001667626 0.002246999996714294
0.08885600001667626 0.0
0.08129699999699369 0.0021180000039748847
0.08129699999699369 9.999785106629133e-07
0.08189999999012798 0.002115999988745898
0.08189999999012798 0.0
0.08034499999484979 0.001986999996006489
0.08034499999484979 0.0
0.07724000001326203 0.001963999995496124
0.07724000001326203 1.00000761449337e-06
0.07274400000460446 0.0018430000054650009
0.07274400000460446 0.0
0.07355899998219684 0.0017989999905694276
0.07355899998219684 0.0
0.07051599997794256 0.0017640000151004642
0.07051599997794256 0.0
0.07219400000758469 0.002226999989943579
0.07219400000758469 0.0
0.06858700001612306 0.0016800000157672912
0.06858700001612306 0.0
0.0677280000236351 0.0016800000157672912
0.0677280000236351 1.00000761449337e-06
0.07006299999193288 0.0016670000040903687
0.07006299999193288 1.00000761449337e-06
0.06514799999422394 0.0016830000095069408
0.06514799999422394 1.00000761449337e-06
0.0722609999938868 0.0016109999851323664
0.0722609999938868 0.0
0.06915699999080971 0.0016419999883510172
0.06915699999080971 1.00000761449337e-06
0.0614849999838043 0.0016199999954551458
0.0614849999838043 0.0
0.06205799998133443 0.001576000009663403
0.06205799998133443 0.0
0.06235600000945851 0.0017840000218711793
0.06235600000945851 0.0
0.06489100001635961 0.0016850000247359276
0.06489100001635961 0.0
0.06396900000981987 0.0016339999856427312
0.06396900000981987 0.0
0.06509899999946356 0.001664999988861382
0.06509899999946356 0.0
0.0644740000134334 0.0016140000079758465
0.0644740000134334 1.00000761449337e-06
0.06473199999891222 0.0016410000098403543
0.06473199999891222 0.0
0.06442099998821504 0.0016499999910593033
0.06442099998821504 9.999785106629133e-07
0.06462499999906868 0.0017209999787155539
0.06462499999906868 0.0
0.06440000000293367 0.0016459999897051603
0.06440000000293367 0.0
0.067972999997437 0.0017309999966528267
0.067972999997437 9.999785106629133e-07
0.06686699998681433 0.0016909999831113964
0.06686699998681433 1.00000761449337e-06
0.0668279999808874 0.0016619999951217324
0.0668279999808874 0.0
0.06682000000728294 0.001664000010350719
0.06682000000728294 0.0
0.06656799998017959 0.0017299999890383333
0.06656799998017959 0.0
0.0693570000003092 0.001799000019673258
0.0693570000003092 0.0
0.07185499998740852 0.0018210000125691295
0.07185499998740852 1.00000761449337e-06
0.07239400001708418 0.001799999998183921
0.07239400001708418 1.00000761449337e-06
0.07218099999590777 0.0018320000090170652
0.07218099999590777 0.0
0.0717280000098981 0.0018640000198502094
0.0717280000098981 0.0
0.072000999993179 0.0018310000014025718
0.072000999993179 1.00000761449337e-06
0.08394300000509247 0.002135999995516613
0.08394300000509247 0.0
0.0879770000174176 0.002167999977245927
0.0879770000174176 1.00000761449337e-06
0.0911119999946095 0.002363000006880611
0.0911119999946095 0.0
0.09876900000381283 0.0025000000023283064
0.09876900000381283 0.0
0.10168000002158806 0.0026310000102967024
0.10168000002158806 0.0
0.10177700000349432 0.002590999996755272
0.10177700000349432 1.00000761449337e-06
0.10138700000243261 0.0025759999989531934
0.10138700000243261 9.999785106629133e-07
0.09466999999131076 0.0023859999782871455
0.09466999999131076 0.0
0.08963600001879968 0.002263999980641529
0.08963600001879968 1.00000761449337e-06
0.08680900000035763 0.002199999988079071
0.08680900000035763 1.00000761449337e-06
0.08156999998027459 0.002039999992121011
0.08156999998027459 1.00000761449337e-06
0.07646799998474307 0.0019109999993816018
0.07646799998474307 1.00000761449337e-06
0.07618100001127459 0.0019620000093709677
0.07618100001127459 0.0
0.0768660000176169 0.0019029999966733158
0.0768660000176169 0.0
0.07408200000645593 0.0018270000000484288
0.07408200000645593 9.999785106629133e-07
0.07402000000001863 0.0019659999816212803
0.07402000000001863 0.0
0.07434500000090338 0.0018660000059753656
0.07434500000090338 0.0
0.0699460000032559 0.0018189999973401427
0.0699460000032559 0.0
0.06690400000661612 0.0016989999858196825
0.06690400000661612 1.00000761449337e-06
0.06692600002861582 0.0016680000117048621
0.06692600002861582 0.0
0.06690399997751229 0.0017010000010486692
0.06690399997751229 0.0
0.06682700000237674 0.0016559999785386026
0.06682700000237674 1.00000761449337e-06
0.0706730000092648 0.001736999984132126
0.0706730000092648 0.0
0.06703299999935552 0.0016839999880176038
0.06703299999935552 1.00000761449337e-06
0.06683100000373088 0.0016949999844655395
0.06683100000373088 1.00000761449337e-06
0.06653199999709614 0.0017370000132359564
0.06653199999709614 0.0
0.06662699999287724 0.0016989999858196825
0.06662699999287724 0.0
0.06730799999786541 0.001711000018985942
0.06730799999786541 0.0
0.0674730000027921 0.0017339999903924763
0.0674730000027921 0.0
0.06692300000577234 0.0016999999934341758
0.06692300000577234 0.0
0.06718400001409464 0.0017629999783821404
0.06718400001409464 0.0
0.06945499998982996 0.0018980000168085098
0.06945499998982996 1.00000761449337e-06
0.06903099999180995 0.0018199999758508056
0.06903099999180995 0.0
0.07193299999926239 0.0018689999997150153
0.07193299999926239 0.0
0.07207000002381392 0.0017890000017359853
0.07207000002381392 1.00000761449337e-06
0.07397199998376891 0.0018229999986942858
0.07397199998376891 1.00000761449337e-06
0.07457200001226738 0.0019029999966733158
0.07457200001226738 9.999785106629133e-07
0.07514999998966232 0.0019139999931212515
0.07514999998966232 1.00000761449337e-06
0.07641499998862855 0.0019429999811109155
0.07641499998862855 0.0
0.07761200002278201 0.0019660000107251108
0.07761200002278201 0.0
0.07646599999861792 0.00193500000750646
0.07646599999861792 1.00000761449337e-06
0.07681999998749234 0.001943000010214746
0.07681999998749234 9.999785106629133e-07
0.08690399999613874 0.002207999990787357
0.08690399999613874 9.999785106629133e-07
0.08891999998013489 0.002203000010922551
0.08891999998013489 1.00000761449337e-06
0.10407699999632314 0.002658999990671873
0.10407699999632314 0.0
0.10421099999803118 0.0025679999962449074
0.10421099999803118 0.0
0.10836800001561642 0.00632800001767464
0.10836800001561642 0.0
0.11409799999091774 0.0066470000019762665
0.11409799999091774 9.999785106629133e-07
0.10877600000821985 0.002937000012025237
0.10877600000821985 9.999785106629133e-07
0.10199999998440035 0.0025730000052135438
0.10199999998440035 0.0
0.10121500000241213 0.0025800000003073364
0.10121500000241213 0.0
0.0942780000041239 0.0023859999782871455
0.0942780000041239 0.0
0.08922500000335276 0.0022319999989122152
0.08922500000335276 0.0
0.08242500000051223 0.0021140000026207417
0.08242500000051223 1.00000761449337e-06
0.0815720000246074 0.0020349999831523746
0.0815720000246074 0.0
0.07892900001024827 0.0020080000103916973
0.07892900001024827 0.0
0.07770299998810515 0.001967999996850267
0.07770299998810515 0.0
0.07415299999411218 0.0019160000083502382
0.07415299999411218 0.0
0.07188800000585616 0.0018519999866839498
0.07188800000585616 0.0
0.07653799999388866 0.0019069999980274588
0.07653799999388866 0.0
0.08083299998543225 0.0020939999958500266
0.08083299998543225 0.0
0.07930399998440407 0.00205800001276657
0.07930399998440407 0.0
0.08120300000882708 0.0021129999950062484
0.08120300000882708 0.0
0.08143299998482689 0.002072999981464818
0.08143299998482689 0.0
0.07951799998409115 0.002043000014964491
0.07951799998409115 1.00000761449337e-06
0.07964199999696575 0.0020490000024437904
0.07964199999696575 1.00000761449337e-06
0.08525999999255873 0.0021570000099018216
0.08525999999255873 0.0
0.08465000000433065 0.0021539999870583415
0.08465000000433065 0.0
0.08271200000308454 0.0021249999990686774
0.08271200000308454 1.00000761449337e-06
0.08153600001242012 0.0020570000051520765
0.08153600001242012 0.0
0.08195500000147149 0.0021109999797772616
0.08195500000147149 9.999785106629133e-07
0.07973100000526756 0.0021290000004228204
0.07973100000526756 0.0
0.07428800000343472 0.0018930000078398734
0.07428800000343472 1.00000761449337e-06
0.0741390000039246 0.0018599999893922359
0.0741390000039246 1.00000761449337e-06
0.07215000002179295 0.0018310000014025718
0.07215000002179295 0.0
0.07542099998681806 0.001922000024933368
0.07542099998681806 0.0
0.0743990000046324 0.0018600000184960663
0.0743990000046324 9.999785106629133e-07
0.07733500000904314 0.0019850000098813325
0.07733500000904314 0.0
0.0772970000107307 0.001988000003620982
0.0772970000107307 1.00000761449337e-06
0.0767070000001695 0.001955999992787838
0.0767070000001695 0.0
0.07703800001763739 0.001912999985506758
0.07703800001763739 0.0
0.07903599998098798 0.0019730000058189034
0.07903599998098798 9.999785106629133e-07
0.08182600000873208 0.0021450000058393925
0.08182600000873208 1.00000761449337e-06
0.08186599999316968 0.0020329999970272183
0.08186599999316968 0.0
0.07949199998984113 0.0019979999924544245
0.07949199998984113 0.0
0.0803590000141412 0.0020050000166520476
0.0803590000141412 1.00000761449337e-06
0.08443200000328943 0.0021330000017769635
0.08443200000328943 9.999785106629133e-07
0.0846760000276845 0.0021450000058393925
0.0846760000276845 0.0
0.09723200000007637 0.0025099999911617488
0.09723200000007637 0.0
0.09749500002362765 0.002449999999953434
0.09749500002362765 9.999785106629133e-07
0.10176600000704639 0.002591999975265935
0.10176600000704639 0.0
0.10912599999574013 0.0027750000008381903
0.10912599999574013 1.00000761449337e-06
0.12366700000711717 0.007303999998839572
0.12366700000711717 1.00000761449337e-06
0.12019399998825975 0.003165000001899898
0.12019399998825975 1.00000761449337e-06
0.10849199999938719 0.0027500000142026693
0.10849199999938719 0.0
0.09523800000897609 0.0023879999935161322
0.09523800000897609 1.00000761449337e-06
0.09187000000383705 0.002554000006057322
0.09187000000383705 0.0
0.08532700000796467 0.002222999988589436
0.08532700000796467 9.999785106629133e-07
0.0795710000093095 0.0020099999965168536
0.0795710000093095 0.0
0.07295099998009391 0.0018229999986942858
0.07295099998009391 1.00000761449337e-06
0.07280600001104176 0.0018449999915901572
0.07280600001104176 0.0
0.07467999999062158 0.0018540000019129366
0.07467999999062158 0.0
0.07717999999294989 0.0019420000026002526
0.07717999999294989 1.00000761449337e-06
0.07454800000414252 0.0018850000051315874
0.07454800000414252 1.00000761449337e-06
0.08627999998861924 0.0021490000071935356
0.08627999998861924 1.00000761449337e-06
0.08735099999466911 0.0021570000099018216
0.08735099999466911 0.0
0.08965300000272691 0.0022149999858811498
0.08965300000272691 1.00000761449337e-06
0.08656299998983741 0.002207999990787357
0.08656299998983741 1.00000761449337e-06
0.0844539999961853 0.002130000008037314
0.0844539999961853 1.00000761449337e-06
0.08183999999891967 0.002062999992631376
0.08183999999891967 1.00000761449337e-06
0.08126999999512918 0.002068000001600012
0.08126999999512918 0.0
0.08073699998203665 0.002031999989412725
0.08073699998203665 1.00000761449337e-06
0.07903599998098798 0.0019420000026002526
0.07903599998098798 0.0
0.07883700000820681 0.0019850000098813325
0.07883700000820681 0.0
0.07941600002232008 0.002011000004131347
0.07941600002232008 1.00000761449337e-06
0.0789199999999255 0.0020229999790899456
0.0789199999999255 1.00000761449337e-06
0.07654399998136796 0.0019749999919440597
0.07654399998136796 0.0
0.07218699998338707 0.0019150000007357448
0.07218699998338707 0.0
0.07452700001886114 0.001863000012235716
0.07452700001886114 0.0
0.0739109999849461 0.001836999988881871
0.0739109999849461 1.00000761449337e-06
0.07171800002106465 0.0017700000025797635
0.07171800002106465 0.0
0.076708000007784 0.0018980000168085098
0.076708000007784 0.0
0.0768380000081379 0.0019280000124126673
0.0768380000081379 1.00000761449337e-06
0.07672700000694022 0.0019209999882150441
0.07672700000694022 0.0
0.07399899998563342 0.001912999985506758
0.07399899998563342 0.0
0.0740650000225287 0.0018390000041108578
0.0740650000225287 0.0
0.07664600000134669 0.001951000012923032
0.07664600000134669 0.0
0.07386199999018572 0.0018820000113919377
0.07386199999018572 0.0
0.07643099999404512 0.0019249999895691872
0.07643099999404512 0.0
0.08159600000362843 0.0020840000070165843
0.08159600000362843 9.999785106629133e-07
0.08855400001630187 0.0022689999896101654
0.08855400001630187 0.0
0.09544999999343418 0.0024130000092554837
0.09544999999343418 1.00000761449337e-06
0.10180400000535883 0.0025010000099428
0.10180400000535883 9.999785106629133e-07
0.11202699999557808 0.0027299999783281237
0.11202699999557808 1.9999861251562834e-06
0.12220700000762008 0.003212000010535121
0.12220700000762008 0.0
0.12707200000295416 0.0073130000091623515
0.12707200000295416 1.00000761449337e-06
0.1335350000008475 0.00780799999483861
0.1335350000008475 0.0
0.13072799998917617 0.003568999993149191
0.13072799998917617 0.0
0.12200900001334958 0.003058999980567023
0.12200900001334958 0.0
0.1093529999780003 0.0027110000082757324
0.1093529999780003 0.0
0.10164400000940077 0.0025390000082552433
0.10164400000940077 0.0
0.09729100001277402 0.0024659999762661755
0.09729100001277402 0.0
0.09050999997998588 0.002345000015338883
0.09050999997998588 0.0
0.08408100000815466 0.0021219999762251973
0.08408100000815466 1.00000761449337e-06
0.08447899998282082 0.0021040000137872994
0.08447899998282082 9.999785106629133e-07
0.08630900000571273 0.0021960000158287585
0.08630900000571273 1.00000761449337e-06
0.08676100001321174 0.0022019999742042273
0.08676100001321174 0.0
0.08225800000946037 0.0020719999738503247
0.08225800000946037 0.0
0.07983099998091348 0.0019580000080168247
0.07983099998091348 9.999785106629133e-07
0.0795090000028722 0.0019850000098813325
0.0795090000028722 1.00000761449337e-06
0.08167799998773262 0.0020450000010896474
0.08167799998773262 1.00000761449337e-06
0.08415900002000853 0.0021430000197142363
0.08415900002000853 0.0
0.08201099999132566 0.0020249999943189323
0.08201099999132566 0.0
0.08131300000241026 0.0020249999943189323
0.08131300000241026 0.0
0.08091800002148375 0.0020040000090375543
0.08091800002148375 0.0
0.08186099998420104 0.0020760000043082982
0.08186099998420104 0.0
0.08099700001184829 0.002055999997537583
0.08099700001184829 0.0
0.08164300001226366 0.002060999977402389
0.08164300001226366 1.00000761449337e-06
0.08460299999569543 0.002107000007526949
0.08460299999569543 1.00000761449337e-06
0.08163799997419119 0.0020840000070165843
0.08163799997419119 0.0
0.08104499999899417 0.0020730000105686486
0.08104499999899417 1.00000761449337e-06
0.07629900000756606 0.0019019999890588224
0.07629900000756606 9.999785106629133e-07
0.07675300000119023 0.001984000002266839
0.07675300000119023 0.0
0.07637699999031611 0.0019230000034440309
0.07637699999031611 1.00000761449337e-06
0.07237700000405312 0.0019019999890588224
0.07237700000405312 0.0
0.07464999999501742 0.0019080000056419522
0.07464999999501742 0.0
0.07691200001863763 0.002006000024266541
0.07691200001863763 0.0
0.07678600001963787 0.0019660000107251108
0.07678600001963787 0.0
0.0766169999842532 0.00193500000750646
0.0766169999842532 0.0
0.07825299998512492 0.001970000012079254
0.07825299998512492 1.00000761449337e-06
0.07893499999772757 0.0020659999863710254
0.07893499999772757 0.0
0.0793790000025183 0.0020369999983813614
0.0793790000025183 9.999785106629133e-07
0.08015900000464171 0.002426999999443069
0.08015900000464171 0.0
0.08029899999382906 0.0020369999983813614
0.08029899999382906 0.0
0.08712400001240894 0.0023809999984223396
0.08712400001240894 1.00000761449337e-06
0.08727000001817942 0.0022190000163391232
0.08727000001817942 0.0
0.09384499999578111 0.002349000016693026
0.09384499999578111 0.0
0.10471600000164472 0.002666999993380159
0.10471600000164472 1.00000761449337e-06
0.10871400000178255 0.0027750000008381903
0.10871400000178255 0.0
0.11701800001901574 0.0029119999962858856
0.11701800001901574 1.00000761449337e-06
0.1265690000145696 0.003208000009180978
0.1265690000145696 0.0
0.13785299999290146 0.0038970000168774277
0.13785299999290146 1.00000761449337e-06
0.1357129999960307 0.003456000005826354
0.1357129999960307 1.00000761449337e-06
0.12158100001397543 0.003120000008493662
0.12158100001397543 0.0
0.11637000000337139 0.002970000001369044
0.11637000000337139 1.00000761449337e-06
0.11298599999281578 0.003276999981608242
0.11298599999281578 0.0
0.10650299998815171 0.0028340000135358423
0.10650299998815171 0.0
0.09860900000785477 0.0028580000216607004
0.09860900000785477 9.999785106629133e-07
0.09608400001889095 0.002502000017557293
0.09608400001889095 0.0
0.09628299999167211 0.0025289999903179705
0.09628299999167211 1.00000761449337e-06
0.09327199999825098 0.0027520000003278255
0.09327199999825098 9.999785106629133e-07
0.09404699999140576 0.002466000005370006
0.09404699999140576 0.0
0.09011299998383038 0.002375999989453703
0.09011299998383038 9.999785106629133e-07
0.09356700000353158 0.002211000013630837
0.09356700000353158 0.0
0.08743799998774193 0.0021940000005997717
0.08743799998774193 0.0
0.09104900000966154 0.0026680000009946525
0.09104900000966154 9.999785106629133e-07
0.0841530000034254 0.0020800000056624413
0.0841530000034254 0.0
0.0816519999934826 0.002182000025641173
0.0816519999934826 9.999785106629133e-07
0.08275000000139698 0.0020810000132769346
0.08275000000139698 1.00000761449337e-06
0.08427300001494586 0.0021200000192038715
0.08427300001494586 0.0
0.08254200001829304 0.002043000014964491
0.08254200001829304 0.0
0.08417499999632128 0.002304999972693622
0.08417499999632128 9.999785106629133e-07
0.0822430000116583 0.002070000016828999
0.0822430000116583 0.0
0.08153000002494082 0.002027000009547919
0.08153000002494082 1.00000761449337e-06
0.08594900000025518 0.0022619999945163727
0.08594900000025518 1.00000761449337e-06
0.08833299999241717 0.002195999986724928
0.08833299999241717 0.0
0.08270199998514727 0.0020899999944958836
0.08270199998514727 1.00000761449337e-06
0.0768720000050962 0.0018989999953191727
0.0768720000050962 0.0
0.07661800002097152 0.0019640000245999545
0.07661800002097152 1.00000761449337e-06
0.07873799998196773 0.0019789999932982028
0.07873799998196773 1.00000761449337e-06
0.07204100000672042 0.0019010000105481595
0.07204100000672042 1.00000761449337e-06
0.07183199998689815 0.0017560000123921782
0.07183199998689815 0.0
0.07224000000860542 0.0018560000171419233
0.07224000000860542 0.0
0.07175100001040846 0.0018500000005587935
0.07175100001040846 1.00000761449337e-06
0.07424100002390333 0.0018970000091940165
0.07424100002390333 9.999785106629133e-07
0.07437499999650754 0.0018860000127460808
0.07437499999650754 0.0
0.07691900001373142 0.0023720000172033906
0.07691900001373142 0.0
0.07710699999006465 0.001963000016985461
0.07710699999006465 1.00000761449337e-06
0.08441599999787286 0.002107999986037612
0.08441599999787286 1.00000761449337e-06
0.08381000001099892 0.0020779999904334545
0.08381000001099892 0.0
0.09232200001133606 0.0023339999897871166
0.09232200001133606 0.0
0.10393799998564646 0.002646000008098781
0.10393799998564646 0.0
0.10939900000812486 0.002693999995244667
0.10939900000812486 0.0
0.11658299999544397 0.002841999987140298
0.11658299999544397 1.00000761449337e-06
0.12165299998014234 0.0029879999929107726
0.12165299998014234 1.00000761449337e-06
0.12165899999672547 0.0030660000047646463
0.12165899999672547 0.0
0.10953100002370775 0.0027230000123381615
0.10953100002370775 0.0
0.10412000000360422 0.00258100000792183
0.10412000000360422 0.0
0.1010039999964647 0.0026369999977760017
0.1010039999964647 0.0
0.09540200000628829 0.0024890000058803707
0.09540200000628829 9.999785106629133e-07
0.09067499998491257 0.002443000004859641
0.09067499998491257 0.0
0.08813499999814667 0.0022250000038184226
0.08813499999814667 1.00000761449337e-06
0.0949020000116434 0.002350000024307519
0.0949020000116434 9.999785106629133e-07
0.09571099997265264 0.002363999985391274
0.09571099997265264 9.999785106629133e-07
0.09242199998698197 0.002207999990787357
0.09242199998698197 1.00000761449337e-06
0.09013599998434074 0.0022729999909643084
0.09013599998434074 0.0
0.08959099999628961 0.002462000004015863
0.08959099999628961 0.0
0.09033500001532957 0.0022519999765791
0.09033500001532957 1.00000761449337e-06
0.0893309999955818 0.002302999986568466
0.0893309999955818 1.00000761449337e-06
0.0896329999959562 0.002343999978620559
0.0896329999959562 1.00000761449337e-06
0.08436999999685213 0.0020840000070165843
0.08436999999685213 0.0
0.08288200001697987 0.0021400000259745866
0.08288200001697987 0.0
0.08742799999890849 0.0022299999836832285
0.08742799999890849 0.0
0.08902999997371808 0.002246000018203631
0.08902999997371808 1.00000761449337e-06
0.08584799998789094 0.0020459999796003103
0.08584799998789094 1.00000761449337e-06
0.08421699999598786 0.0020619999850168824
0.08421699999598786 0.0
0.0848239999904763 0.0021570000099018216
0.0848239999904763 0.0
0.08702200002153404 0.0023159999982453883
0.08702200002153404 1.00000761449337e-06
0.07941599999321625 0.0020450000010896474
0.07941599999321625 1.00000761449337e-06
0.0798099999956321 0.002287999988766387
0.0798099999956321 9.999785106629133e-07
0.08154099999228492 0.002074999996693805
0.08154099999228492 0.0
0.08071599999675527 0.002059999998891726
0.08071599999675527 0.0
0.07728899997891858 0.0020369999983813614
0.07728899997891858 0.0
0.07995600000140257 0.0019850000098813325
0.07995600000140257 1.00000761449337e-06
0.08414699998684227 0.0021840000117663294
0.08414699998684227 0.0
0.08707400001003407 0.0023410000139847398
0.08707400001003407 1.00000761449337e-06
0.08549200001289137 0.002126000006683171
0.08549200001289137 0.0
0.08406799999647774 0.002147999999579042
0.08406799999647774 0.0
0.0856459999922663 0.0022080000198911875
0.0856459999922663 1.00000761449337e-06
0.08459600000060163 0.0021370000031311065
0.08459600000060163 0.0
0.0838590000057593 0.0020989999757148325
0.0838590000057593 9.999785106629133e-07
0.0846130000136327 0.002083999977912754
0.0846130000136327 1.00000761449337e-06
0.08911400000215508 0.0022419999877456576
0.08911400000215508 0.0
0.08998499999870546 0.0022520000056829304
0.08998499999870546 0.0
0.09660799999255687 0.002439999982016161
0.09660799999255687 1.00000761449337e-06
0.11174799999571405 0.002798000001348555
0.11174799999571405 0.0
0.12107100000139326 0.0030109999934211373
0.12107100000139326 1.00000761449337e-06
0.13116099999751896 0.0032260000007227063
0.13116099999751896 1.00000761449337e-06
0.13986799999838695 0.008123000006889924
0.13986799999838695 9.999785106629133e-07
0.13529400000697933 0.003635000000940636
0.13529400000697933 0.0
0.11885900000925176 0.002929999987827614
0.11885900000925176 0.0
0.11106500000460073 0.002790999977150932
0.11106500000460073 0.0
0.10921900000539608 0.0027560000016819686
0.10921900000539608 0.0
0.1036539999768138 0.0026129999896511436
0.1036539999768138 0.0
0.09764799999538809 0.0024280000070575625
0.09764799999538809 9.999785106629133e-07
0.08945500000845641 0.002343000000109896
0.08945500000845641 0.0
0.08879000000888482 0.002219999994849786
0.08879000000888482 1.00000761449337e-06
0.08879400001023896 0.002244999981485307
0.08879400001023896 1.00000761449337e-06
0.0863590000080876 0.0022379999863915145
0.0863590000080876 1.00000761449337e-06
0.08645800000522286 0.0022299999836832285
0.08645800000522286 0.0
INFO:sc2.protocol:Client status changed to Status.ended (was Status.in_game)
INFO:sc2.protocol:Client status changed to Status.ended (was Status.in_game)
INFO:root:Result for player 1 - Bot(Race.Terran, <bots.Showing_bot.speedBot.MarinBot object at 0x7f82d7708f60>): Defeat
INFO:root:Result for player 2 - Bot(Race.Terran, <bots.kinai.test_bot.TestBot object at 0x7f82c86aff60>): Victory
INFO:sc2.client:Saved replay to outs/2020-01-17T11-28-03/replays/showing_bot-kinai/showing_bot-kinai-2.SC2Replay
INFO:sc2.protocol:Client status changed to Status.launched (was Status.ended)
INFO:sc2.protocol:Client status changed to Status.quit (was Status.launched)
INFO:sc2.sc2process:kill_switch: Process cleanup
INFO:sc2.sc2process:Cleaning up...
INFO:sc2.sc2process:Cleanup complete
INFO:sc2.sc2process:Cleaning up...
INFO:sc2.sc2process:Cleanup complete
INFO:sc2.protocol:Client status changed to Status.launched (was Status.ended)
INFO:sc2.protocol:Cannot receive: Connection already closed.
INFO:sc2.sc2process:kill_switch: Process cleanup
INFO:sc2.sc2process:Cleaning up...
INFO:sc2.sc2process:Cleanup complete
INFO:sc2.sc2process:Cleaning up...
INFO:sc2.sc2process:Cleanup complete


## STDERR ##

Version: B75689 (SC2.4.10)
Build: Aug 12 2019 17:16:57
Command Line: '"/home/hspark8312/StarCraftII/Versions/Base75689/SC2_x64" -listen 127.0.0.1 -port 18872 -displayMode 0 -dataDir /home/hspark8312/StarCraftII -tempDir /tmp/SC2_lzvbfipe'
Starting up...
Startup Phase 1 complete
Version: B75689 (SC2.4.10)
Build: Aug 12 2019 17:16:57
Command Line: '"/home/hspark8312/StarCraftII/Versions/Base75689/SC2_x64" -listen 127.0.0.1 -port 23280 -displayMode 0 -dataDir /home/hspark8312/StarCraftII -tempDir /tmp/SC2_xwvjaejq'
Starting up...
Startup Phase 1 complete
Startup Phase 2 complete
Creating stub renderer...
Listening on: 127.0.0.1:18872
Startup Phase 3 complete. Ready for commands.
Startup Phase 2 complete
Creating stub renderer...
Listening on: 127.0.0.1:23280
Startup Phase 3 complete. Ready for commands.
ConnectHandler: Request from 127.0.0.1:58836 accepted
ReadyHandler: 127.0.0.1:58836 ready
Requesting to join a multiplayer game
Configuring interface options
Configure: raw interface enabled
Configure: feature layer interface enabled
Configure: score interface enabled
Configure: render interface disabled
ConnectHandler: Request from 127.0.0.1:58839 accepted
ReadyHandler: 127.0.0.1:58839 ready
Requesting to join a multiplayer game
Configuring interface options
Configure: raw interface enabled
Configure: feature layer interface enabled
Configure: score interface enabled
Configure: render interface disabled
Create game with map path: NCFellowship-2019_m1_v6.SC2Map
Attempting to join a game with the map: NCFellowship-2019_m1_v6.SC2Map
Game has started.
Using default stable ids, none found at: /home/hspark8312/StarCraftII/stableid.json
Successfully loaded stable ids: GameData\stableid.json
Sending ResponseJoinGame
Deferred error: 536936448 (0x20010000)
Deferred error details: Bad profiling data. TimeMS: 6158089.500000 Conversion: 1.000000e-03
Game has started.
Using default stable ids, none found at: /home/hspark8312/StarCraftII/stableid.json
Successfully loaded stable ids: GameData\stableid.json
Sending ResponseJoinGame
RequestQuit command received.
Closing Application...
/home/hspark8312/anaconda3/envs/sc2/lib/python3.6/importlib/_bootstrap.py:219: RuntimeWarning: numpy.ufunc size changed, may indicate binary incompatibility. Expected 192 from C header, got 216 from PyObject
  return f(*args, **kwds)
/home/hspark8312/anaconda3/envs/sc2/lib/python3.6/importlib/_bootstrap.py:219: RuntimeWarning: numpy.ufunc size changed, may indicate binary incompatibility. Expected 192 from C header, got 216 from PyObject
  return f(*args, **kwds)
/home/hspark8312/anaconda3/envs/sc2/lib/python3.6/site-packages/tensorboard/compat/tensorflow_stub/dtypes.py:541: FutureWarning: Passing (type, 1) or '1type' as a synonym of type is deprecated; in a future version of numpy, it will be understood as (type, (1,)) / '(1,)type'.
  _np_qint8 = np.dtype([("qint8", np.int8, 1)])
/home/hspark8312/anaconda3/envs/sc2/lib/python3.6/site-packages/past/builtins/misc.py:45: DeprecationWarning: the imp module is deprecated in favour of importlib; see the module's documentation for alternative uses
  from imp import reload
/mnt/d/sc2minigame-eval-2020-01-09/bots/Showing_bot/speedBot.py:1643: RuntimeWarning: coroutine 'TerreinManager.debug' was never awaited
  self.terrein_manager.debug()
/mnt/d/sc2minigame-eval-2020-01-09/bots/kinai/test_bot.py:644: RuntimeWarning: coroutine 'Debuging.normal_step' was never awaited
  self.normal_step(unit, units)
