## STDOUT ##

[[92mINFO[0m] SC2 4.9.0 용 패치 적용
패치 sc2.ids.ability_id
패치 sc2.game_state
패치 sc2.bot_ai
패치 sc2.client
패치 sc2.controller
패치 sc2.main
INFO:root:Failed to import cuda module: No module named 'caffe2.python.caffe2_pybind11_state_gpu'
INFO:root:Failed to import AMD hip module: No module named 'caffe2.python.caffe2_pybind11_state_hip'
WARNING:root:This caffe2 python run does not have GPU support. Will run in CPU only mode.
cpu
INFO:sc2.protocol:Client status changed to Status.launched (was None)
INFO:sc2.protocol:Client status changed to Status.launched (was None)
INFO:sc2_patch.sc2_patch_490.controller:Creating new game
INFO:sc2_patch.sc2_patch_490.controller:Map:     NCFellowship-2019_m1_v6
INFO:sc2_patch.sc2_patch_490.controller:Players: Bot(Race.Terran, <bots.Showing_bot.speedBot.MarinBot object at 0x7f96cbd78f60>), Bot(Race.Terran, <bots.kinai.test_bot.TestBot object at 0x7f96bcd1ff60>)
INFO:sc2.protocol:Client status changed to Status.init_game (was Status.launched)
INFO:sc2.protocol:Client status changed to Status.in_game (was None)
INFO:root:Player 1 - Bot(Race.Terran, <bots.Showing_bot.speedBot.MarinBot object at 0x7f96cbd78f60>)
TEST: 1, <bots.Showing_bot.speedBot.MarinBot object at 0x7f96cbd78f60>
load model: bots/Showing_bot/models/model-89.pt
create new model
INFO:sc2.protocol:Client status changed to Status.in_game (was None)
INFO:root:Player 2 - Bot(Race.Terran, <bots.kinai.test_bot.TestBot object at 0x7f96bcd1ff60>)
TEST: 2, <bots.kinai.test_bot.TestBot object at 0x7f96bcd1ff60>
0.04485000000568107 0.002693000016734004
0.04485000000568107 0.0
0.04534199999761768 0.0021040000137872994
0.04534199999761768 1.00000761449337e-06
0.04534399998374283 0.0015220000059343874
0.04534399998374283 0.0
0.045626999984961 0.0013289999915286899
0.045626999984961 0.0
0.045648999977856874 0.001336000015726313
0.045648999977856874 0.0
0.0451619999948889 0.0011559999838937074
0.0451619999948889 1.00000761449337e-06
0.04510399998980574 0.00112599998828955
0.04510399998980574 0.0
0.04542600002605468 0.0011139999842271209
0.04542600002605468 9.999785106629133e-07
0.04752699998789467 0.002730000007431954
0.04752699998789467 0.0
0.04827500000828877 0.0015110000094864517
0.04827500000828877 0.0
0.04816700000083074 0.0011700000031851232
0.04816700000083074 0.0
0.04842800000915304 0.001201999984914437
0.04842800000915304 0.0
0.04837400000542402 0.0011829999857582152
0.04837400000542402 0.0
0.04837000000406988 0.0011769999982789159
0.04837000000406988 0.0
0.04791100000147708 0.0012510000087786466
0.04791100000147708 1.00000761449337e-06
0.0478339999972377 0.0012270000006537884
0.0478339999972377 0.0
0.048288999998476356 0.0012210000131744891
0.048288999998476356 0.0
0.0479920000070706 0.0012169999827165157
0.0479920000070706 9.999785106629133e-07
0.047851999988779426 0.0011799999920185655
0.047851999988779426 0.0
0.04797400001552887 0.0013140000228304416
0.04797400001552887 0.0
0.050285000004805624 0.0013479999906849116
0.050285000004805624 0.0
0.05044600000837818 0.001225999993039295
0.05044600000837818 1.00000761449337e-06
0.049784000002546236 0.0012320000096224248
0.049784000002546236 9.999785106629133e-07
0.05202199998893775 0.0014830000000074506
0.05202199998893775 0.0
0.05090299999574199 0.0012510000087786466
0.05090299999574199 0.0
0.04791999998269603 0.0011630000080913305
0.04791999998269603 0.0
0.047944000019924715 0.001185000000987202
0.047944000019924715 0.0
0.047522999986540526 0.0012489999935496598
0.047522999986540526 0.0
0.04758600000059232 0.0012970000097993761
0.04758600000059232 0.0
0.048049000004539266 0.0011869999871123582
0.048049000004539266 9.999785106629133e-07
0.04733899998245761 0.001221999991685152
0.04733899998245761 0.0
0.04707100000814535 0.0013439999893307686
0.04707100000814535 1.00000761449337e-06
0.04834500001743436 0.0011550000053830445
0.04834500001743436 1.00000761449337e-06
0.04761599999619648 0.0012210000131744891
0.04761599999619648 0.0
0.048375000013038516 0.0012080000014975667
0.048375000013038516 1.00000761449337e-06
0.05140899997786619 0.0012459999998100102
0.05140899997786619 0.0
0.05063199999858625 0.0012869999918621033
0.05063199999858625 0.0
0.050768000015523285 0.0012590000114869326
0.050768000015523285 0.0
0.0503350000071805 0.0012509999796748161
0.0503350000071805 0.0
0.04999500000849366 0.0012510000087786466
0.04999500000849366 0.0
changed strategy
0.05066599999554455 0.0012759999954141676
0.05066599999554455 1.00000761449337e-06
0.05001999999512918 0.0012189999979455024
0.05001999999512918 0.0
0.05107999997562729 0.0013329999928828329
0.05107999997562729 1.00000761449337e-06
0.05097800001385622 0.001273999980185181
0.05097800001385622 0.0
0.051352999988012016 0.001305999991018325
0.051352999988012016 0.0
0.051260000007459894 0.001268000021809712
0.051260000007459894 0.0
0.05035499998484738 0.0012709999864455312
0.05035499998484738 0.0
0.06944500000099652 0.001820999983465299
0.06944500000099652 0.0
0.05022000000462867 0.001213000010466203
0.05022000000462867 1.00000761449337e-06
0.06696600001305342 0.001791999995475635
0.06696600001305342 0.0
0.055471999978180975 0.0031639999942854047
0.055471999978180975 0.0
0.054677999985869974 0.0016239999968092889
0.054677999985869974 0.0
0.05687099997885525 0.00136900000507012
0.05687099997885525 9.999785106629133e-07
0.05628200000501238 0.0013840000028721988
0.05628200000501238 0.0
0.05638200000976212 0.0013880000042263418
0.05638200000976212 0.0
0.05510500000673346 0.0013330000219866633
0.05510500000673346 0.0
0.0553080000099726 0.0013469999830704182
0.0553080000099726 0.0
0.061671000003116205 0.0016820000018924475
0.061671000003116205 9.999785106629133e-07
0.07023300000582822 0.0020349999831523746
0.07023300000582822 0.0
0.0715290000080131 0.0018979999877046794
0.0715290000080131 0.0
0.07625000001280569 0.0020080000103916973
0.07625000001280569 9.999785106629133e-07
0.05562100000679493 0.0013930000131949782
0.05562100000679493 0.0
0.05541900001117028 0.001373999984934926
0.05541900001117028 0.0
0.056041000003460795 0.0013279999839141965
0.056041000003460795 0.0
0.05492500000400469 0.00133200001437217
0.05492500000400469 0.0
0.055490999977337196 0.0013949999993201345
0.055490999977337196 0.0
0.05541499998071231 0.0014570000057574362
0.05541499998071231 0.0
0.053321999992476776 0.0014519999967887998
0.053321999992476776 9.999785106629133e-07
0.06438100000377744 0.0018029999919235706
0.06438100000377744 1.00000761449337e-06
0.07254199997987598 0.0019789999932982028
0.07254199997987598 0.0
0.0774049999890849 0.0019069999980274588
0.0774049999890849 1.7000013031065464e-05
0.07507900000200607 0.0017930000030901283
0.07507900000200607 0.0
0.07418900000629947 0.0019170000159647316
0.07418900000629947 1.00000761449337e-06
0.07611000002361834 0.0020090000180061907
0.07611000002361834 0.0
0.07544399998732843 0.002055999997537583
0.07544399998732843 0.0
0.07711199999903329 0.0019570000004023314
0.07711199999903329 0.0
0.07487899999250658 0.0018979999877046794
0.07487899999250658 9.999785106629133e-07
0.05565399999613874 0.0013629999884869903
0.05565399999613874 0.0
0.05348599998978898 0.0013109999999869615
0.05348599998978898 1.00000761449337e-06
0.051411000022199005 0.0012960000021848828
0.051411000022199005 0.0
0.05149600000004284 0.001201000006403774
0.05149600000004284 1.00000761449337e-06
0.050950000004377216 0.0012969999806955457
0.050950000004377216 9.999785106629133e-07
0.05024599999887869 0.0012109999952372164
0.05024599999887869 0.0
0.04868499998701736 0.0012430000060703605
0.04868499998701736 0.0
0.0462110000080429 0.0013979999930597842
0.0462110000080429 1.00000761449337e-06
0.055373999988660216 0.001963000016985461
0.055373999988660216 0.0
0.04851999998209067 0.0015060000005178154
0.04851999998209067 0.0
0.0476009999983944 0.0014979999978095293
0.0476009999983944 1.00000761449337e-06
0.04808100001537241 0.0012149999965913594
0.04808100001537241 0.0
0.048020999995060265 0.0012419999984558672
0.048020999995060265 0.0
0.04826199999661185 0.0012519999872893095
0.04826199999661185 1.00000761449337e-06
0.045511000003898516 0.0014569999766536057
0.045511000003898516 0.0
0.045003000006545335 0.001145999995060265
0.045003000006545335 1.00000761449337e-06
0.04303800000343472 0.0010780000011436641
0.04303800000343472 9.999785106629133e-07
0.042033999983686954 0.0010750000074040145
0.042033999983686954 1.00000761449337e-06
0.043053000001236796 0.0011200000008102506
0.043053000001236796 9.999785106629133e-07
0.046694999997271225 0.0012240000069141388
0.046694999997271225 1.00000761449337e-06
0.04351499999756925 0.001133000012487173
0.04351499999756925 1.00000761449337e-06
0.042942000000039116 0.0010480000055395067
0.042942000000039116 0.0
0.04225999998743646 0.001073999999789521
0.04225999998743646 0.0
0.04646799998590723 0.0011440000089351088
0.04646799998590723 1.00000761449337e-06
0.04544100002385676 0.0012340000248514116
0.04544100002385676 0.0
0.04550500001641922 0.0011939999822061509
0.04550500001641922 0.0
0.04481300001498312 0.0011579999991226941
0.04481300001498312 0.0
0.04644099998404272 0.0011710000107996166
0.04644099998404272 0.0
0.044408999994629994 0.0011470000026747584
0.044408999994629994 0.0
0.0451900000043679 0.0011710000107996166
0.0451900000043679 1.00000761449337e-06
0.04471299998112954 0.0013599999947473407
0.04471299998112954 1.00000761449337e-06
0.045205999980680645 0.0011400000075809658
0.045205999980680645 0.0
0.04619900000398047 0.0012550000101327896
0.04619900000398047 1.00000761449337e-06
0.04571599999326281 0.0011320000048726797
0.04571599999326281 1.00000761449337e-06
0.04540800000540912 0.0013789999939035624
0.04540800000540912 0.0
0.04587499998160638 0.0012470000074245036
0.04587499998160638 0.0
0.045387999998638406 0.00125200001639314
0.045387999998638406 0.0
0.04537900001741946 0.001229999994393438
0.04537900001741946 1.00000761449337e-06
0.04602000000886619 0.001213999988976866
0.04602000000886619 0.0
0.04522299999371171 0.001213999988976866
0.04522299999371171 0.0
0.051716000016313046 0.001234999974258244
0.051716000016313046 9.999785106629133e-07
0.04554399999324232 0.0012109999952372164
0.04554399999324232 1.00000761449337e-06
0.0475330000044778 0.0011590000067371875
0.0475330000044778 0.0
0.054822999984025955 0.0014179999998304993
0.054822999984025955 0.0
0.04617899999720976 0.0012029999925289303
0.04617899999720976 0.0
0.04601999997976236 0.001201000006403774
0.04601999997976236 1.00000761449337e-06
0.045642999990377575 0.0012149999965913594
0.045642999990377575 0.0
0.04511000000638887 0.0012489999935496598
0.04511000000638887 0.0
0.04567600000882521 0.001209999987622723
0.04567600000882521 0.0
0.05998900000122376 0.0016329999780282378
0.05998900000122376 1.00000761449337e-06
0.04609300001175143 0.0012169999827165157
0.04609300001175143 9.999785106629133e-07
0.05886900000041351 0.0016590000013820827
0.05886900000041351 0.0
0.045673999993596226 0.0012409999908413738
0.045673999993596226 1.00000761449337e-06
0.04545299999881536 0.0012960000021848828
0.04545299999881536 1.00000761449337e-06
0.045377999980701134 0.001293000008445233
0.045377999980701134 0.0
0.05799999998998828 0.0016720000130590051
0.05799999998998828 9.999785106629133e-07
0.04595299999346025 0.0011609999928623438
0.04595299999346025 0.0
0.045402999996440485 0.0011500000255182385
0.045402999996440485 1.00000761449337e-06
0.06572800001595169 0.0017670000088401139
0.06572800001595169 0.0
0.04832199998782016 0.0012540000025182962
0.04832199998782016 0.0
0.047793000005185604 0.0012250000145286322
0.047793000005185604 0.0
0.06092699998407625 0.0012909999932162464
0.06092699998407625 9.999785106629133e-07
0.05983899999409914 0.0017259999876841903
0.05983899999409914 0.0
0.04940700001316145 0.0012329999881330878
0.04940700001316145 1.00000761449337e-06
0.04812999998102896 0.001293999986955896
0.04812999998102896 0.0
0.04800499998964369 0.0012320000096224248
0.04800499998964369 1.00000761449337e-06
0.047606000007363036 0.0012599999899975955
0.047606000007363036 9.999785106629133e-07
0.04818799998611212 0.0016119999927468598
0.04818799998611212 0.0
0.04877100000157952 0.0015959999873302877
0.04877100000157952 0.0
0.047694999986561015 0.001189000002341345
0.047694999986561015 0.0
0.048088999988976866 0.0011660000018309802
0.048088999988976866 1.00000761449337e-06
0.04794799999217503 0.0013840000028721988
0.04794799999217503 9.999785106629133e-07
0.06370800000149757 0.0019299999985378236
0.06370800000149757 0.0
0.0499089999939315 0.0013439999893307686
0.0499089999939315 9.999785106629133e-07
0.05036000002291985 0.0012390000047162175
0.05036000002291985 0.0
0.04985399998258799 0.0012449999921955168
0.04985399998258799 0.0
0.05101500000455417 0.0012550000101327896
0.05101500000455417 0.0
0.050589999998919666 0.0012390000047162175
0.050589999998919666 0.0
0.051279000006616116 0.0012319999805185944
0.051279000006616116 0.0
0.05018900000141002 0.0015320000238716602
0.05018900000141002 0.0
0.0624039999966044 0.0017660000012256205
0.0624039999966044 1.00000761449337e-06
0.0501419999927748 0.0012839999981224537
0.0501419999927748 9.999785106629133e-07
0.05042600000160746 0.0012529999949038029
0.05042600000160746 1.00000761449337e-06
0.050524999998742715 0.0012799999967683107
0.050524999998742715 1.00000761449337e-06
0.04556500000762753 0.0012270000006537884
0.04556500000762753 0.0
0.048273000022163615 0.0013949999993201345
0.048273000022163615 0.0
0.048439000005600974 0.001205000007757917
0.048439000005600974 9.999785106629133e-07
0.04860599999665283 0.0012839999981224537
0.04860599999665283 0.0
0.04897400000481866 0.0013219999964348972
0.04897400000481866 0.0
0.048172000009799376 0.0015499999863095582
0.048172000009799376 0.0
0.06548600000678562 0.002062000014120713
0.06548600000678562 0.0
0.05721800000173971 0.002074000018183142
0.05721800000173971 1.00000761449337e-06
0.048026999982539564 0.0014810000138822943
0.048026999982539564 0.0
0.05074299999978393 0.0015620000194758177
0.05074299999978393 0.0
0.05306700000073761 0.0019150000007357448
0.05306700000073761 0.0
0.05255700001725927 0.0015580000181216747
0.05255700001725927 0.0
0.05422799999359995 0.0015859999984968454
0.05422799999359995 9.999785106629133e-07
0.05255700001725927 0.001787999994121492
0.05255700001725927 0.0
0.05229799999506213 0.0015180000045802444
0.05229799999506213 1.00000761449337e-06
0.05293900001561269 0.0014820000214967877
0.05293900001561269 0.0
0.05357799999183044 0.0019050000119023025
0.05357799999183044 0.0
0.0538620000006631 0.002634999982547015
0.0538620000006631 1.00000761449337e-06
0.052056999993510544 0.0014549999905284494
0.052056999993510544 1.00000761449337e-06
0.05070300001534633 0.001576999988174066
0.05070300001534633 0.0
0.050358999986201525 0.0013719999988097697
0.050358999986201525 1.00000761449337e-06
0.050648000004002824 0.0016590000013820827
0.050648000004002824 1.00000761449337e-06
0.04853600001661107 0.0012209999840706587
0.04853600001661107 0.0
0.04810800001723692 0.0012240000069141388
0.04810800001723692 0.0
0.04896000001463108 0.0012829999905079603
0.04896000001463108 0.0
0.04817900000489317 0.001361000002361834
0.04817900000489317 0.0
0.04731899997568689 0.0014059999957680702
0.04731899997568689 0.0
0.05050899999332614 0.001408000010997057
0.05050899999332614 1.00000761449337e-06
0.050484999985201284 0.0012390000047162175
0.050484999985201284 0.0
0.050783999991836026 0.001260999997612089
0.050783999991836026 0.0
0.05033800000092015 0.0013209999888204038
0.05033800000092015 0.0
0.05031699998653494 0.0012109999952372164
0.05031699998653494 0.0
0.05076299997745082 0.0012450000212993473
0.05076299997745082 0.0
0.050725000008242205 0.0013340000004973263
0.050725000008242205 0.0
0.05042499999399297 0.001217999990331009
0.05042499999399297 0.0
0.051712999993469566 0.0013029999972786754
0.051712999993469566 0.0
0.05055400001583621 0.0012320000096224248
0.05055400001583621 1.00000761449337e-06
0.04970900001353584 0.001221999991685152
0.04970900001353584 0.0
0.05059999998775311 0.001264999998966232
0.05059999998775311 0.0
0.05246800000895746 0.0013889999827370048
0.05246800000895746 1.00000761449337e-06
0.052408000017749146 0.0012889999779872596
0.052408000017749146 0.0
0.05302200000733137 0.0013519999920390546
0.05302200000733137 0.0
0.05287799998768605 0.0013099999923724681
0.05287799998768605 1.00000761449337e-06
0.05318200000328943 0.0013890000118408352
0.05318200000328943 0.0
0.05298999999649823 0.0013580000086221844
0.05298999999649823 9.999785106629133e-07
0.05586799999582581 0.0015079999866429716
0.05586799999582581 0.0
0.05310099999769591 0.0013390000094659626
0.05310099999769591 0.0
0.053745999990496784 0.0013930000131949782
0.053745999990496784 0.0
0.05416300002252683 0.0014360000204760581
0.05416300002252683 0.0
0.053198000008706 0.0013899999903514981
0.053198000008706 0.0
0.053109000000404194 0.0014340000052470714
0.053109000000404194 9.999785106629133e-07
0.05292299998109229 0.0013260000268928707
0.05292299998109229 0.0
0.053038999991258606 0.0013219999964348972
0.053038999991258606 1.00000761449337e-06
0.053145999991102144 0.001381999987643212
0.053145999991102144 0.0
0.04990800001542084 0.00128599998424761
0.04990800001542084 0.0
0.05048400000669062 0.0013329999928828329
0.05048400000669062 1.00000761449337e-06
0.050257999973837286 0.001260999997612089
0.050257999973837286 1.00000761449337e-06
0.04970200001844205 0.0013379999727476388
0.04970200001844205 0.0
0.05066599999554455 0.0012660000065807253
0.05066599999554455 1.4999997802078724e-05
0.05305799999041483 0.0013209999888204038
0.05305799999041483 0.0
0.053217000007862225 0.0013669999898411334
0.053217000007862225 0.0
0.05110900002182461 0.001264999998966232
0.05110900002182461 9.999785106629133e-07
0.04516099998727441 0.0012129999813623726
0.04516099998727441 0.0
0.04316699999617413 0.0010849999962374568
0.04316699999617413 0.0
0.04269700002623722 0.0012350000033620745
0.04269700002623722 0.0
0.04332399999839254 0.0010729999921750277
0.04332399999839254 0.0
0.04301399999530986 0.0010550000006332994
0.04301399999530986 9.999785106629133e-07
0.042587999982060865 0.0010469999979250133
0.042587999982060865 0.0
0.042985000007320195 0.0011150000209454447
0.042985000007320195 0.0
0.04233100000419654 0.001073999999789521
0.04233100000419654 0.0
0.042606999981217086 0.0010800000163726509
0.042606999981217086 0.0
0.04287799997837283 0.0011039999953936785
0.04287799997837283 0.0
0.04338300001109019 0.0011389999999664724
0.04338300001109019 1.00000761449337e-06
0.04063200001837686 0.001016000023810193
0.04063200001837686 1.00000761449337e-06
0.04921600001398474 0.0015710000006947666
0.04921600001398474 0.0
0.04344799998216331 0.0011510000040289015
0.04344799998216331 0.0
0.044662000000244007 0.0010970000002998859
0.044662000000244007 9.999785106629133e-07
0.04590499997721054 0.0012320000096224248
0.04590499997721054 0.0
0.04238400000031106 0.0010769999935291708
0.04238400000031106 1.00000761449337e-06
0.04463899999973364 0.0010650000185705721
0.04463899999973364 0.0
0.05113300000084564 0.0011569999915082008
0.05113300000084564 0.0
0.0430470000137575 0.0010639999818522483
0.0430470000137575 0.0
0.04306699999142438 0.0010790000087581575
0.04306699999142438 9.999785106629133e-07
0.04289500002050772 0.001086999982362613
0.04289500002050772 0.0
0.04260600000270642 0.0010519999777898192
0.04260600000270642 1.00000761449337e-06
0.04367499999352731 0.0011479999811854213
0.04367499999352731 0.0
0.04280200001085177 0.0010649999894667417
0.04280200001085177 0.0
0.04244200000539422 0.001070999976946041
0.04244200000539422 1.00000761449337e-06
0.0407159999886062 0.0010349999938625842
0.0407159999886062 9.999785106629133e-07
0.04558500001439825 0.0012169999827165157
0.04558500001439825 0.0
0.04520699998829514 0.0011700000031851232
0.04520699998829514 0.0
0.04555499998969026 0.0011180000146850944
0.04555499998969026 0.0
0.04602899999008514 0.0011820000072475523
0.04602899999008514 0.0
0.046092000004136935 0.0011430000013206154
0.046092000004136935 1.00000761449337e-06
0.045688999991398305 0.0011550000053830445
0.045688999991398305 0.0
0.046257999987574294 0.0012679999927058816
0.046257999987574294 0.0
0.04582800000207499 0.0012419999984558672
0.04582800000207499 0.0
0.045055000024149194 0.0011400000075809658
0.045055000024149194 0.0
0.05914599998504855 0.0016049999976530671
0.05914599998504855 1.00000761449337e-06
0.05030900001293048 0.0013909999979659915
0.05030900001293048 1.00000761449337e-06
0.05120899999747053 0.0012590000114869326
0.05120899999747053 0.0
0.05101500000455417 0.0013310000067576766
0.05101500000455417 0.0
0.055988999985856935 0.0016790000081527978
0.055988999985856935 1.00000761449337e-06
0.05070200000773184 0.0013160000089555979
0.05070200000773184 9.999785106629133e-07
0.048301000002538785 0.0012989999959245324
0.048301000002538785 0.0
0.048012000013841316 0.0011899999808520079
0.048012000013841316 0.0
0.04705900000408292 0.001180999999633059
0.04705900000408292 0.0
0.047657999995863065 0.0012109999952372164
0.047657999995863065 0.0
0.0486279999895487 0.0012399999832268804
0.0486279999895487 1.00000761449337e-06
0.050518999982159585 0.0013210000179242343
0.050518999982159585 0.0
0.050384000001940876 0.0012629999837372452
0.050384000001940876 0.0
0.051054000010481104 0.0013350000081118196
0.051054000010481104 1.00000761449337e-06
0.05017900001257658 0.00128599998424761
0.05017900001257658 9.999785106629133e-07
0.05053000000771135 0.001361000002361834
0.05053000000771135 0.0
0.05250099999830127 0.001289999985601753
0.05250099999830127 0.0
0.052140000014333054 0.001297999988310039
0.052140000014333054 9.999785106629133e-07
0.05335000000195578 0.0013009999820496887
0.05335000000195578 0.0
0.053054000018164515 0.0013970000145491213
0.053054000018164515 1.00000761449337e-06
0.05292099999496713 0.0012759999954141676
0.05292099999496713 1.00000761449337e-06
0.05029199999989942 0.0012419999984558672
0.05029199999989942 0.0
0.0506580000219401 0.0012400000123307109
0.0506580000219401 0.0
0.04933200002415106 0.0012330000172369182
0.04933200002415106 0.0
0.05105199999525212 0.0013099999923724681
0.05105199999525212 9.999785106629133e-07
0.05086299998220056 0.0012740000092890114
0.05086299998220056 0.0
0.05299799999920651 0.0012870000209659338
0.05299799999920651 1.00000761449337e-06
0.05468499998096377 0.001336000015726313
0.05468499998096377 0.0
0.05526100000133738 0.0014230000087991357
0.05526100000133738 9.999785106629133e-07
0.055545999988680705 0.001387000025715679
0.055545999988680705 0.0
0.05635600001551211 0.0013840000028721988
0.05635600001551211 1.00000761449337e-06
0.05070200000773184 0.0012879999994765967
0.05070200000773184 0.0
0.050208000000566244 0.0012510000087786466
0.050208000000566244 1.00000761449337e-06
0.049387000006390736 0.0012399999832268804
0.049387000006390736 9.999785106629133e-07
0.05097899999236688 0.0012799999967683107
0.05097899999236688 0.0
0.05074599999352358 0.0012960000021848828
0.05074599999352358 0.0
0.05007100000511855 0.0012920000008307397
0.05007100000511855 0.0
0.050725000008242205 0.0013000000035390258
0.050725000008242205 0.0
0.05025800000294112 0.0013380000018514693
0.05025800000294112 0.0
0.05091700001503341 0.0013350000081118196
0.05091700001503341 1.00000761449337e-06
0.050224000005982816 0.001260999997612089
0.050224000005982816 0.0
0.05343400000128895 0.0013119999784976244
0.05343400000128895 0.0
0.05270699999528006 0.0013040000048931688
0.05270699999528006 0.0
0.058874999987892807 0.0018780000100377947
0.058874999987892807 9.999785106629133e-07
0.05412600000272505 0.0014620000147260725
0.05412600000272505 1.00000761449337e-06
0.05299300001934171 0.001340000017080456
0.05299300001934171 0.0
0.0521899999876041 0.0012909999932162464
0.0521899999876041 0.0
0.05238700000336394 0.0013349999790079892
0.05238700000336394 1.00000761449337e-06
0.0532379999931436 0.001320000010309741
0.0532379999931436 0.0
0.05243099998915568 0.001277999981539324
0.05243099998915568 1.00000761449337e-06
0.05266399998799898 0.0012980000174138695
0.05266399998799898 0.0
0.05513500000233762 0.0013790000230073929
0.05513500000233762 1.00000761449337e-06
0.056034999986877665 0.001420999993570149
0.056034999986877665 1.00000761449337e-06
0.055785999982617795 0.001336999994236976
0.055785999982617795 0.0
0.05554800000390969 0.0013740000140387565
0.05554800000390969 0.0
0.05487900000298396 0.001353999978164211
0.05487900000298396 1.00000761449337e-06
0.057788999984040856 0.0037360000133048743
0.057788999984040856 1.00000761449337e-06
0.05645899998489767 0.0014380000066012144
0.05645899998489767 1.00000761449337e-06
0.057744999998249114 0.001572999986819923
0.057744999998249114 0.0
0.05517500001587905 0.0014300000038929284
0.05517500001587905 9.999785106629133e-07
0.055385999992722645 0.0013550000148825347
0.055385999992722645 1.00000761449337e-06
0.055001000000629574 0.0013179999950807542
0.055001000000629574 0.0
0.07087899997713976 0.0020130000193603337
0.07087899997713976 0.0
0.05532699998002499 0.0013869999966118485
0.05532699998002499 0.0
0.07000700000207871 0.001959000015631318
0.07000700000207871 0.0
0.05586700001731515 0.001344999996945262
0.05586700001731515 0.0
0.057112000009510666 0.0014319999900180846
0.057112000009510666 0.0
0.058656000008340925 0.001541999983601272
0.058656000008340925 0.0
0.057984999992186204 0.0014660000160802156
0.057984999992186204 0.0
0.055773000000044703 0.0013599999947473407
0.055773000000044703 0.0
0.05553100001998246 0.0013760000001639128
0.05553100001998246 1.00000761449337e-06
0.055336999997962266 0.001361999980872497
0.055336999997962266 9.999785106629133e-07
0.05767300000297837 0.0014149999769870192
0.05767300000297837 0.0
0.057456000009551644 0.0016590000013820827
0.057456000009551644 1.00000761449337e-06
0.06697200000053272 0.00370400000247173
0.06697200000053272 0.0
0.07247700000880286 0.004083999985596165
0.07247700000880286 0.0
0.07740500001818873 0.004411000001709908
0.07740500001818873 9.999785106629133e-07
0.07774099998641759 0.0025289999903179705
0.07774099998641759 0.0
0.08204499998828396 0.002064000000245869
0.08204499998828396 0.0
0.07803299999795854 0.001986000017495826
0.07803299999795854 1.00000761449337e-06
0.08342399998218752 0.004621000000042841
0.08342399998218752 0.0
0.08193799998844042 0.0020859999931417406
0.08193799998844042 0.0
0.08574700000463054 0.002226000011432916
0.08574700000463054 0.0
0.08194999999250285 0.0020570000051520765
0.08194999999250285 1.00000761449337e-06
0.0827010000066366 0.0023890000011306256
0.0827010000066366 0.0
0.08018900000024587 0.002007000002777204
0.08018900000024587 0.0
0.0781649999844376 0.0019069999980274588
0.0781649999844376 0.0
0.0781589999969583 0.0019549999851733446
0.0781589999969583 9.999785106629133e-07
0.07807400001911446 0.0018649999983608723
0.07807400001911446 0.0
0.07772000000113621 0.0019919999758712947
0.07772000000113621 0.0
0.07562000001780689 0.0018860000127460808
0.07562000001780689 1.00000761449337e-06
0.07832599998801015 0.0019509999838192016
0.07832599998801015 9.999785106629133e-07
0.0824000000138767 0.002074000018183142
0.0824000000138767 9.999785106629133e-07
0.07613400000263937 0.0019460000039543957
0.07613400000263937 9.999785106629133e-07
0.07299000001512468 0.0017749999824445695
0.07299000001512468 0.0
0.0738779999956023 0.0018350000027567148
0.0738779999956023 0.0
0.06993099997635 0.0017619999998714775
0.06993099997635 0.0
0.07056399999419227 0.001727000024402514
0.07056399999419227 0.0
0.06754500002716668 0.0016770000220276415
0.06754500002716668 9.999785106629133e-07
0.0680350000038743 0.0016479999758303165
0.0680350000038743 0.0
0.0652729999856092 0.0016940000059548765
0.0652729999856092 0.0
0.06262099999003112 0.001584999990882352
0.06262099999003112 0.0
0.06017199999769218 0.0015079999866429716
0.06017199999769218 1.00000761449337e-06
0.060446000017691404 0.0015140000032261014
0.060446000017691404 0.0
0.055795000022044405 0.001504000014392659
0.055795000022044405 0.0
0.053038999991258606 0.0013380000018514693
0.053038999991258606 0.0
0.05241500001284294 0.0013380000018514693
0.05241500001284294 0.0
0.053068999986862764 0.001320000010309741
0.053068999986862764 0.0
0.05266699998173863 0.0013099999923724681
0.05266699998173863 0.0
0.0503010000102222 0.0012949999945703894
0.0503010000102222 0.0
0.05157199999666773 0.0012799999967683107
0.05157199999666773 1.00000761449337e-06
0.052598999987822026 0.0013310000067576766
0.052598999987822026 0.0
0.05277800001204014 0.0013760000001639128
0.05277800001204014 0.0
0.05229500000132248 0.0013350000081118196
0.05229500000132248 0.0
0.052934000006644055 0.0013389999803621322
0.052934000006644055 0.0
0.053174000000581145 0.0013599999947473407
0.053174000000581145 1.00000761449337e-06
0.053668999986257404 0.0013129999861121178
0.053668999986257404 1.00000761449337e-06
0.05251000000862405 0.0013800000015180558
0.05251000000862405 9.999785106629133e-07
0.05316899999161251 0.0013069999986328185
0.05316899999161251 0.0
0.05280999999376945 0.001361000002361834
0.05280999999376945 0.0
0.05225599999539554 0.0013029999972786754
0.05225599999539554 1.00000761449337e-06
0.05364900000859052 0.0013319999852683395
0.05364900000859052 0.0
0.049947000021347776 0.0012829999905079603
0.049947000021347776 1.00000761449337e-06
0.04976400002487935 0.0012379999971017241
0.04976400002487935 9.999785106629133e-07
0.04724499999429099 0.0012310000020079315
0.04724499999429099 0.0
0.06621300001279451 0.0017089999746531248
0.06621300001279451 1.00000761449337e-06
0.0571969999873545 0.0014470000169239938
0.0571969999873545 0.0
0.06100499999593012 0.001563000027090311
0.06100499999593012 0.0
0.060631000000284985 0.0014759999758098274
0.060631000000284985 9.999785106629133e-07
0.06063600000925362 0.0015300000086426735
0.06063600000925362 0.0
0.06072700000368059 0.0015220000059343874
0.06072700000368059 0.0
0.05988300000899471 0.0014689999807160348
0.05988300000899471 0.0
0.05637099998421036 0.0014559999981429428
0.05637099998421036 1.00000761449337e-06
0.05586700001731515 0.0013979999930597842
0.05586700001731515 0.0
0.054644000018015504 0.0013909999979659915
0.054644000018015504 0.0
0.0553370000270661 0.001352000021142885
0.0553370000270661 1.00000761449337e-06
0.05532600000151433 0.001459000020986423
0.05532600000151433 1.00000761449337e-06
0.052365000010468066 0.0012830000196117908
0.052365000010468066 1.00000761449337e-06
0.05529499999829568 0.0013949999993201345
0.05529499999829568 0.0
0.05769800001871772 0.001420999993570149
0.05769800001871772 1.00000761449337e-06
0.05564800000865944 0.0013749999925494194
0.05564800000865944 0.0
0.0584390000149142 0.0014749999972991645
0.0584390000149142 1.00000761449337e-06
0.05764299997827038 0.0014720000035595149
0.05764299997827038 0.0
0.05839800002286211 0.0014319999900180846
0.05839800002286211 0.0
0.057449999992968515 0.0014850000152364373
0.057449999992968515 1.00000761449337e-06
0.05491600002278574 0.0013670000189449638
0.05491600002278574 1.00000761449337e-06
0.05794699999387376 0.0015140000032261014
0.05794699999387376 1.00000761449337e-06
0.05685199997969903 0.0014089999895077199
0.05685199997969903 1.00000761449337e-06
0.055874999990919605 0.0013510000135283917
0.055874999990919605 0.0
0.055349000002024695 0.00136900000507012
0.055349000002024695 9.999785106629133e-07
0.0550820000062231 0.001377999986289069
0.0550820000062231 0.0
0.056360999995376915 0.0013880000042263418
0.056360999995376915 1.00000761449337e-06
0.05529499999829568 0.0013840000028721988
0.05529499999829568 1.00000761449337e-06
0.05453500000294298 0.0013390000094659626
0.05453500000294298 1.00000761449337e-06
0.05476699999417178 0.0013589999871328473
0.05476699999417178 0.0
0.05215099998167716 0.001281000004382804
0.05215099998167716 0.0
0.04984999998123385 0.001244000013684854
0.04984999998123385 0.0
0.050281999981962144 0.0013130000152159482
0.050281999981962144 0.0
0.05144000001018867 0.0012879999994765967
0.05144000001018867 0.0
0.05041699999128468 0.0012789999891538173
0.05041699999128468 1.00000761449337e-06
0.050064000010024756 0.0012940000160597265
0.050064000010024756 0.0
0.052739999984623864 0.0013780000153928995
0.052739999984623864 1.00000761449337e-06
0.050128000002587214 0.0013069999986328185
0.050128000002587214 0.0
0.050943999987794086 0.0012529999949038029
0.050943999987794086 0.0
0.0501819999772124 0.0013100000214762986
0.0501819999772124 1.00000761449337e-06
0.05035999999381602 0.0012900000147055835
0.05035999999381602 0.0
0.050844999990658835 0.0012829999905079603
0.050844999990658835 1.00000761449337e-06
0.04953299998305738 0.001229999994393438
0.04953299998305738 9.999785106629133e-07
0.051007999980356544 0.0013150000013411045
0.051007999980356544 1.00000761449337e-06
0.05035700000007637 0.0012359999818727374
0.05035700000007637 0.0
0.04984299998614006 0.0012419999984558672
0.04984299998614006 0.0
0.04963500000303611 0.0012310000020079315
0.04963500000303611 0.0
0.050245000020368025 0.0012679999927058816
0.050245000020368025 1.00000761449337e-06
0.049327999993693084 0.0012379999971017241
0.049327999993693084 0.0
0.05012899998109788 0.001264999998966232
0.05012899998109788 0.0
0.050152999989222735 0.00133200001437217
0.050152999989222735 0.0
0.0529439999954775 0.001336999994236976
0.0529439999954775 9.999785106629133e-07
0.05273799999849871 0.001281999982893467
0.05273799999849871 1.00000761449337e-06
0.055380000005243346 0.0013760000001639128
0.055380000005243346 0.0
0.05547699998714961 0.0013509999844245613
0.05547699998714961 0.0
0.05373800001689233 0.0013629999884869903
0.05373800001689233 0.0
0.053247999981977046 0.0012679999927058816
0.053247999981977046 0.0
0.0524100000038743 0.001281000004382804
0.0524100000038743 1.00000761449337e-06
0.05317899998044595 0.00133200001437217
0.05317899998044595 0.0
0.05051400000229478 0.0013559999933931977
0.05051400000229478 0.0
0.05228699999861419 0.0013470000121742487
0.05228699999861419 0.0
0.050454000011086464 0.0012960000021848828
0.050454000011086464 1.00000761449337e-06
0.05056099998182617 0.0013090000138618052
0.05056099998182617 0.0
0.049675999995088205 0.0012479999859351665
0.049675999995088205 0.0
0.04952699999557808 0.001281000004382804
0.04952699999557808 9.999785106629133e-07
0.047371999971801415 0.0011710000107996166
0.047371999971801415 0.0
0.05025800000294112 0.0012500000011641532
0.05025800000294112 0.0
0.04951099999016151 0.001229999994393438
0.04951099999016151 1.00000761449337e-06
0.05027500001597218 0.001273999980185181
0.05027500001597218 0.0
0.05085800000233576 0.0013259999977890402
0.05085800000233576 0.0
0.049977000016951934 0.0012479999859351665
0.049977000016951934 1.00000761449337e-06
0.050623999995877966 0.0013069999986328185
0.050623999995877966 0.0
0.04991800000425428 0.0012249999854248017
0.04991800000425428 1.00000761449337e-06
0.04976299998816103 0.001229999994393438
0.04976299998816103 0.0
0.04995799998869188 0.0012350000033620745
0.04995799998869188 1.00000761449337e-06
0.05111499998020008 0.001268000021809712
0.05111499998020008 0.0
0.051091000001179054 0.00133200001437217
0.051091000001179054 1.00000761449337e-06
0.05113500001607463 0.0013069999986328185
0.05113500001607463 9.999785106629133e-07
0.04998899999191053 0.0012339999957475811
0.04998899999191053 1.00000761449337e-06
0.04952999998931773 0.0012599999899975955
0.04952999998931773 1.00000761449337e-06
0.05020900000818074 0.0012290000158827752
0.05020900000818074 0.0
0.05499299999792129 0.0023899999796412885
0.05499299999792129 1.00000761449337e-06
0.05351299999165349 0.0013790000230073929
0.05351299999165349 0.0
0.05739299999549985 0.0014769999834243208
0.05739299999549985 0.0
0.06585500002256595 0.001576000009663403
0.06585500002256595 0.0
0.06460199999855831 0.001639000023715198
0.06460199999855831 0.0
0.06908600000315346 0.001740999985486269
0.06908600000315346 9.999785106629133e-07
0.06773000000976026 0.001672999991569668
0.06773000000976026 9.999785106629133e-07
0.06478600000264123 0.0016220000106841326
0.06478600000264123 1.00000761449337e-06
0.06544599999324419 0.0015850000199861825
0.06544599999324419 0.0
0.06502400001045316 0.00165200000628829
0.06502400001045316 0.0
0.0628230000147596 0.0016650000179652125
0.0628230000147596 0.0
0.06209399999352172 0.0019249999895691872
0.06209399999352172 0.0
0.06518799997866154 0.0016579999937675893
0.06518799997866154 0.0
0.0646219999762252 0.0016049999976530671
0.0646219999762252 9.999785106629133e-07
0.06282299998565577 0.0015750000020489097
0.06282299998565577 0.0
0.06232500000623986 0.0015609999827574939
0.06232500000623986 0.0
0.06059300000197254 0.0015229999844450504
0.06059300000197254 0.0
0.06343899999046698 0.0016010000254027545
0.06343899999046698 0.0
0.06032800002139993 0.0015010000206530094
0.06032800002139993 1.00000761449337e-06
0.06071799999335781 0.0015119999879971147
0.06071799999335781 0.0
0.06242700002621859 0.0015370000037364662
0.06242700002621859 0.0
0.060870999994222075 0.001504999992903322
0.060870999994222075 0.0
0.058027999999467283 0.0014220000011846423
0.058027999999467283 0.0
0.05790400001569651 0.0014430000155698508
0.05790400001569651 1.00000761449337e-06
0.06282000002101995 0.0017840000218711793
0.06282000002101995 0.0
0.07303899998078123 0.0021410000044852495
0.07303899998078123 0.0
0.07503900001756847 0.0019410000240895897
0.07503900001756847 1.00000761449337e-06
0.07610799997928552 0.0018989999953191727
0.07610799997928552 0.0
0.08010099999955855 0.0019870000251103193
0.08010099999955855 1.00000761449337e-06
0.07787199999438599 0.0019570000004023314
0.07787199999438599 1.00000761449337e-06
0.08565300001646392 0.004787000012584031
0.08565300001646392 9.999785106629133e-07
0.08557300001848489 0.0021129999950062484
0.08557300001848489 1.00000761449337e-06
0.08241900001303293 0.0020929999882355332
0.08241900001303293 0.0
0.0746870000148192 0.0018580000032670796
0.0746870000148192 9.999785106629133e-07
0.07260700000915676 0.001800999976694584
0.07260700000915676 0.0
0.07480800000485033 0.0018730000010691583
0.07480800000485033 0.0
0.0697150000196416 0.0017410000145900995
0.0697150000196416 1.00000761449337e-06
0.06951000000117347 0.0017309999966528267
0.06951000000117347 1.00000761449337e-06
0.0661629999813158 0.0015960000164341182
0.0661629999813158 0.0
0.0630890000029467 0.0016239999968092889
0.0630890000029467 0.0
0.06370699999388307 0.001584000012371689
0.06370699999388307 0.0
0.06339999998454005 0.0015910000074654818
0.06339999998454005 0.0
0.06112200001371093 0.0015940000012051314
0.06112200001371093 0.0
0.0576629999850411 0.0014070000033825636
0.0576629999850411 0.0
0.058446999988518655 0.0014589999918825924
0.058446999988518655 1.00000761449337e-06
0.0588080000015907 0.001441999978851527
0.0588080000015907 9.999785106629133e-07
0.0559660000144504 0.001436999998986721
0.0559660000144504 1.00000761449337e-06
0.06984899999224581 0.0014859999937471002
0.06984899999224581 0.0
0.07049499999266118 0.001871000014944002
0.07049499999266118 9.999785106629133e-07
0.07057899999199435 0.0023210000072140247
0.07057899999199435 1.00000761449337e-06
0.05853499998920597 0.0014999999839346856
0.05853499998920597 0.0
0.058637999987695366 0.0014950000040698797
0.058637999987695366 1.00000761449337e-06
0.06424899998819456 0.0015149999817367643
0.06424899998819456 0.0
0.05792799999471754 0.001512999995611608
0.05792799999471754 0.0
0.05553300000610761 0.001513999974122271
0.05553300000610761 9.999785106629133e-07
0.05754699997487478 0.0014460000093095005
0.05754699997487478 1.00000761449337e-06
0.055342999985441566 0.001377999986289069
0.055342999985441566 0.0
0.056982000009156764 0.0015189999830909073
0.056982000009156764 0.0
0.05468499998096377 0.00136900000507012
0.05468499998096377 0.0
0.05236300002434291 0.00128900000709109
0.05236300002434291 1.00000761449337e-06
0.07081800000742078 0.0014500000106636435
0.07081800000742078 9.999785106629133e-07
0.05787699998472817 0.00144599998020567
0.05787699998472817 0.0
0.06059800001094118 0.0015019999991636723
0.06059800001094118 9.999785106629133e-07
0.061175999988336116 0.0015359999961219728
0.061175999988336116 1.00000761449337e-06
0.059634000004734844 0.0014939999964553863
0.059634000004734844 9.999785106629133e-07
0.060033999994629994 0.0015069999790284783
0.060033999994629994 1.00000761449337e-06
0.06244999999762513 0.0015279999934136868
0.06244999999762513 0.0
0.05992600001627579 0.0014749999972991645
0.05992600001627579 1.00000761449337e-06
0.06528399998205714 0.0016119999927468598
0.06528399998205714 0.0
0.06946200001402758 0.001799000019673258
0.06946200001402758 0.0
0.08126400000764988 0.001943000010214746
0.08126400000764988 1.00000761449337e-06
0.07739600000786595 0.0018730000010691583
0.07739600000786595 9.999785106629133e-07
0.08230700000422075 0.0020920000097248703
0.08230700000422075 0.0
0.08301600001868792 0.002039999992121011
0.08301600001868792 0.0
0.08266499999444932 0.00208899998688139
0.08266499999444932 0.0
0.0891049999918323 0.005181000014999881
0.0891049999918323 0.0
0.08981999999377877 0.0024529999936930835
0.08981999999377877 0.0
0.08487799999420531 0.002135999995516613
0.08487799999420531 0.0
0.08380900000338443 0.002119999990100041
0.08380900000338443 0.0
0.08033000002615154 0.002031000010902062
0.08033000002615154 0.0
0.07897400000365451 0.0020000000076834112
0.07897400000365451 0.0
0.07749999998486601 0.0019339999998919666
0.07749999998486601 0.0
0.07226899999659508 0.0018490000220481306
0.07226899999659508 9.999785106629133e-07
0.07123499998124316 0.0017579999985173345
0.07123499998124316 1.00000761449337e-06
0.07039999999688007 0.0017090000037569553
0.07039999999688007 0.0
0.07339999999385327 0.0018250000139232725
0.07339999999385327 0.0
0.07090900000184774 0.0017749999824445695
0.07090900000184774 0.0
0.07022500000311993 0.0017560000123921782
0.07022500000311993 0.0
0.07029999999213032 0.0017550000047776848
0.07029999999213032 0.0
0.07317099999636412 0.0018219999910797924
0.07317099999636412 0.0
0.06548399999155663 0.0016840000171214342
0.06548399999155663 0.0
0.06475700001465157 0.0016140000079758465
0.06475700001465157 0.0
0.06483399998978712 0.00165200000628829
0.06483399998978712 1.00000761449337e-06
0.06695400000899099 0.0018560000171419233
0.06695400000899099 9.999785106629133e-07
0.06292099997517653 0.001568000006955117
0.06292099997517653 0.0
0.06037400002242066 0.0015359999961219728
0.06037400002242066 9.999785106629133e-07
0.06347100000130013 0.0015569999814033508
0.06347100000130013 0.0
0.06347799999639392 0.0016030000115279108
0.06347799999639392 0.0
0.06425100000342354 0.0017860000079963356
0.06425100000342354 0.0
0.07638100002077408 0.001779000012902543
0.07638100002077408 1.00000761449337e-06
0.06343800001195632 0.0016509999986737967
0.06343800001195632 1.00000761449337e-06
0.06284700002288446 0.0018350000027567148
0.06284700002288446 1.00000761449337e-06
0.06550900000729598 0.0016610000166110694
0.06550900000729598 1.00000761449337e-06
0.06755999999586493 0.0016720000130590051
0.06755999999586493 0.0
0.06513900001300499 0.001592999993590638
0.06513900001300499 0.0
0.07073800000944175 0.0017250000091735274
0.07073800000944175 1.00000761449337e-06
0.07027399999788031 0.0017219999863300472
0.07027399999788031 9.999785106629133e-07
0.06492899998556823 0.001947999990079552
0.06492899998556823 0.0
0.06640999999945052 0.0016339999856427312
0.06640999999945052 9.999785106629133e-07
0.0660269999934826 0.0016340000147465616
0.0660269999934826 1.00000761449337e-06
0.0653689999890048 0.0016180000093299896
0.0653689999890048 0.0
0.0652610000106506 0.0015710000006947666
0.0652610000106506 0.0
0.06479100001160987 0.0015659999917261302
0.06479100001160987 1.00000761449337e-06
0.06492999999318272 0.0016830000095069408
0.06492999999318272 0.0
0.07190700000501238 0.0018210000125691295
0.07190700000501238 1.00000761449337e-06
0.06716700000106357 0.0016759999853093177
0.06716700000106357 0.0
0.07543599998462014 0.0022049999970477074
0.07543599998462014 0.0
0.07760499999858439 0.001943000010214746
0.07760499999858439 1.00000761449337e-06
0.08098400000017136 0.0020170000207144767
0.08098400000017136 0.0
0.08320600001025014 0.001980999979423359
0.08320600001025014 0.0
0.08781299999100156 0.0021349999879021198
0.08781299999100156 0.0
0.08268900000257418 0.0019669999892357737
0.08268900000257418 1.00000761449337e-06
0.07703300000866875 0.0019230000034440309
0.07703300000866875 9.999785106629133e-07
0.07291600000462495 0.0017769999976735562
0.07291600000462495 0.0
0.07079899997916073 0.0017170000064652413
0.07079899997916073 1.00000761449337e-06
0.07009100000141189 0.0016999999934341758
0.07009100000141189 0.0
0.06508999998914078 0.001584999990882352
0.06508999998914078 1.00000761449337e-06
0.06693900001118891 0.0016349999932572246
0.06693900001118891 0.0
0.06526999999186955 0.0016579999937675893
0.06526999999186955 1.00000761449337e-06
0.06766299999435432 0.00168599997414276
0.06766299999435432 1.00000761449337e-06
0.06284500000765547 0.0015710000006947666
0.06284500000765547 1.00000761449337e-06
0.06275399998412468 0.0015580000181216747
0.06275399998412468 0.0
0.06278899998869747 0.0016199999954551458
0.06278899998869747 0.0
0.06285499999648891 0.0015790000034030527
0.06285499999648891 0.0
0.060919999988982454 0.0015399999974761158
0.060919999988982454 1.00000761449337e-06
0.06098900001961738 0.0019380000012461096
0.06098900001961738 1.00000761449337e-06
0.06082000001333654 0.0015669999993406236
0.06082000001333654 0.0
0.06050900000263937 0.001500999991549179
0.06050900000263937 0.0
0.05770499998470768 0.0014939999964553863
0.05770499998470768 0.0
0.0583770000084769 0.0015890000213403255
0.0583770000084769 0.0
0.05837399998563342 0.0014999999839346856
0.05837399998563342 9.999785106629133e-07
0.05816800001775846 0.0014480000245384872
0.05816800001775846 0.0
0.05769100002362393 0.0014510000182781368
0.05769100002362393 1.00000761449337e-06
0.05794499997864477 0.001420000015059486
0.05794499997864477 0.0
0.05767400001059286 0.001457999984268099
0.05767400001059286 9.999785106629133e-07
0.058339000010164455 0.0014610000071115792
0.058339000010164455 1.00000761449337e-06
0.05777499999385327 0.001537999982247129
0.05777499999385327 0.0
0.05809999999473803 0.0013979999930597842
0.05809999999473803 0.0
0.0574800000176765 0.0014680000022053719
0.0574800000176765 9.999785106629133e-07
0.06040299998130649 0.0015469999925699085
0.06040299998130649 9.999785106629133e-07
0.05956600001081824 0.0015290000010281801
0.05956600001081824 0.0
0.061197000002721325 0.0015370000037364662
0.061197000002721325 0.0
0.06166099998517893 0.0015530000091530383
0.06166099998517893 0.0
0.060093000007327646 0.0015010000206530094
0.060093000007327646 0.0
0.06269600000814535 0.001592999993590638
0.06269600000814535 1.00000761449337e-06
0.06520700000692159 0.001600999996298924
0.06520700000692159 0.0
0.06437999999616295 0.001580999989528209
0.06437999999616295 0.0
0.06481200002599508 0.0016049999976530671
0.06481200002599508 0.0
0.07200300000840798 0.0017630000074859709
0.07200300000840798 0.0
0.06931099999928847 0.0017510000034235418
0.06931099999928847 9.999785106629133e-07
0.07951699997647665 0.001927000004798174
0.07951699997647665 0.0
0.07990199999767356 0.001943000010214746
0.07990199999767356 0.0
0.08293299999786541 0.0020409999997355044
0.08293299999786541 1.00000761449337e-06
0.0881119999976363 0.002282000001287088
0.0881119999976363 0.0
0.08800199997494929 0.002230000012787059
0.08800199997494929 0.0
0.08164199997554533 0.001967000018339604
0.08164199997554533 1.00000761449337e-06
0.07978900001035072 0.0020040000090375543
0.07978900001035072 0.0
0.07518799998797476 0.0018320000090170652
0.07518799998797476 1.00000761449337e-06
0.0696569999854546 0.0017410000145900995
0.0696569999854546 0.0
0.07137200000579469 0.001736000005621463
0.07137200000579469 0.0
0.07051200000569224 0.0017310000257566571
0.07051200000569224 0.0
0.07154699999955483 0.0017550000047776848
0.07154699999955483 0.0
0.06989600000088103 0.0016830000095069408
0.06989600000088103 0.0
0.07350299999234267 0.001875999994808808
0.07350299999234267 0.0
0.07131999998819083 0.001824999984819442
0.07131999998819083 1.00000761449337e-06
0.0761120000097435 0.0019210000173188746
0.0761120000097435 1.00000761449337e-06
0.07776700000977144 0.0019399999873712659
0.07776700000977144 0.0
0.08071300000301562 0.001959999994141981
0.08071300000301562 0.0
0.07929900000453927 0.0020269999804440886
0.07929900000453927 0.0
0.07272199998260476 0.0019099999917671084
0.07272199998260476 0.0
0.070439000002807 0.0018500000005587935
0.070439000002807 0.0
0.06847100000595674 0.001769999973475933
0.06847100000595674 1.00000761449337e-06
0.0669249999918975 0.001680999994277954
0.0669249999918975 1.00000761449337e-06
0.06339500000467524 0.0015290000010281801
0.06339500000467524 1.00000761449337e-06
0.06308599998010322 0.001580000011017546
0.06308599998010322 9.999785106629133e-07
0.06925200001569465 0.0016780000005383044
0.06925200001569465 1.00000761449337e-06
0.06788999997661449 0.0017290000105276704
0.06788999997661449 0.0
0.06771999999182299 0.0017430000007152557
0.06771999999182299 1.00000761449337e-06
0.06807400000980124 0.001635000022361055
0.06807400000980124 0.0
0.06816900000558235 0.0017130000051110983
0.06816900000558235 0.0
0.06399200001033023 0.0015700000221841037
0.06399200001033023 1.00000761449337e-06
0.07011400000192225 0.0017260000167880207
0.07011400000192225 0.0
0.07038499999907799 0.0017689999949652702
0.07038499999907799 1.00000761449337e-06
0.07707900000968948 0.00193500000750646
0.07707900000968948 9.999785106629133e-07
0.107304999983171 0.0020770000119227916
0.107304999983171 1.00000761449337e-06
0.10574700002325699 0.0023809999984223396
0.10574700002325699 1.00000761449337e-06
0.09772099999827333 0.00189200000022538
0.09772099999827333 1.00000761449337e-06
0.10096399998292327 0.0020300000032875687
0.10096399998292327 0.0
0.11026899999706075 0.0024839999969117343
0.11026899999706075 0.0
0.08482600000570528 0.0018479999853298068
0.08482600000570528 0.0
0.07884000000194646 0.002283000008901581
0.07884000000194646 1.00000761449337e-06
0.07335900000180118 0.0019249999895691872
0.07335900000180118 0.0
0.0968249999859836 0.0031749999907333404
0.0968249999859836 0.0
0.07701599999563769 0.002119000011589378
0.07701599999563769 1.00000761449337e-06
0.0823849999869708 0.0020659999863710254
0.0823849999869708 1.00000761449337e-06
0.09718800001428463 0.0023480000090785325
0.09718800001428463 0.0
0.11608500001602806 0.0034749999758787453
0.11608500001602806 1.00000761449337e-06
0.12636900000507012 0.008115999982692301
0.12636900000507012 1.00000761449337e-06
0.10216700000455603 0.009037999989232048
0.10216700000455603 1.00000761449337e-06
0.12016300001414493 0.008034999977098778
0.12016300001414493 0.0
0.09825399998226203 0.004657000012230128
0.09825399998226203 0.0
0.08771999998134561 0.0036930000060237944
0.08771999998134561 0.0
0.07870899999397807 0.00196899997536093
0.07870899999397807 0.0
0.07789399998728186 0.0019500000053085387
0.07789399998728186 1.00000761449337e-06
0.08094300000811927 0.0020169999916106462
0.08094300000811927 0.0
0.0769459999864921 0.0019540000066626817
0.0769459999864921 9.999785106629133e-07
0.07541699998546392 0.0019489999976940453
0.07541699998546392 0.0
0.07061299998895265 0.0017769999976735562
0.07061299998895265 1.00000761449337e-06
0.06332499999552965 0.0017640000151004642
0.06332499999552965 0.0
0.0628910000086762 0.0016550000000279397
0.0628910000086762 0.0
0.06533899999340065 0.001680999994277954
0.06533899999340065 0.0
0.0666520000086166 0.0016490000125486404
0.0666520000086166 1.00000761449337e-06
0.07528500002808869 0.0020979999972041696
0.07528500002808869 9.999785106629133e-07
0.09650399998645298 0.0024339999945368618
0.09650399998645298 0.0
0.08879300000262447 0.0027910000062547624
0.08879300000262447 0.0
0.070242000016151 0.0017970000044442713
0.070242000016151 1.00000761449337e-06
0.0823670000245329 0.002953999995952472
0.0823670000245329 0.0
0.07209199998760596 0.0017109999898821115
0.07209199998760596 0.0
0.06519399999524467 0.0017139999836217612
0.06519399999524467 1.00000761449337e-06
0.08037300000432879 0.0019329999922774732
0.08037300000432879 0.0
0.08908999999403022 0.0021100000012665987
0.08908999999403022 1.00000761449337e-06
0.06870100001106039 0.001756999990902841
0.06870100001106039 1.00000761449337e-06
0.06608499999856576 0.0016309999919030815
0.06608499999856576 9.999785106629133e-07
0.06497999999555759 0.0016070000128820539
0.06497999999555759 0.0
0.0648030000156723 0.001636000000871718
0.0648030000156723 0.0
0.067574999993667 0.0017609999922569841
0.067574999993667 0.0
0.06852099997922778 0.0017759999900590628
0.06852099997922778 1.00000761449337e-06
0.06788300001062453 0.0017100000113714486
0.06788300001062453 0.0
0.06785400002263486 0.0016710000054445118
0.06785400002263486 0.0
0.06749099999433383 0.001699000014923513
0.06749099999433383 0.0
0.06706000000122003 0.0016999999934341758
0.06706000000122003 0.0
0.06717700001900084 0.0017210000078193843
0.06717700001900084 1.00000761449337e-06
0.06799999999930151 0.0017050000024028122
0.06799999999930151 0.0
0.06692400001338683 0.0016820000018924475
0.06692400001338683 0.0
0.0681320000148844 0.001720000000204891
0.0681320000148844 9.999785106629133e-07
0.06781800001044758 0.0017019999795593321
0.06781800001044758 0.0
0.06727900000987574 0.0017269999952986836
0.06727900000987574 0.0
0.06775799999013543 0.001732999982777983
0.06775799999013543 0.0
0.0692269999999553 0.001740999985486269
0.0692269999999553 0.0
0.07140100002288818 0.0018520000157877803
0.07140100002288818 1.00000761449337e-06
0.07000300000072457 0.0018170000112149864
0.07000300000072457 0.0
0.06982099998276681 0.0017780000052880496
0.06982099998276681 1.00000761449337e-06
0.06751300001633354 0.0017140000127255917
0.06751300001633354 0.0
0.06809299997985363 0.0016509999986737967
0.06809299997985363 0.0
0.06797000000369735 0.001828999986173585
0.06797000000369735 0.0
0.06991099999868311 0.0018029999919235706
0.06991099999868311 0.0
0.07258599999477156 0.0018869999912567437
0.07258599999477156 0.0
0.07379200001014397 0.0017960000259336084
0.07379200001014397 1.00000761449337e-06
0.07034599999315105 0.0018770000024233013
0.07034599999315105 1.00000761449337e-06
0.07013000000733882 0.001724000001559034
0.07013000000733882 1.00000761449337e-06
0.06972699999460019 0.0017269999952986836
0.06972699999460019 1.00000761449337e-06
0.0693510000128299 0.0017269999952986836
0.0693510000128299 0.0
0.06566200000816025 0.0017000000225380063
0.06566200000816025 0.0
0.0656089999829419 0.0016459999897051603
0.0656089999829419 0.0
0.06251200000406243 0.0015750000020489097
0.06251200000406243 1.00000761449337e-06
0.06242400000337511 0.001648000004934147
0.06242400000337511 0.0
0.06759500000043772 0.002111000008881092
0.06759500000043772 1.00000761449337e-06
0.06314100002055056 0.0016730000206734985
0.06314100002055056 0.0
0.06187500001396984 0.001609999977517873
0.06187500001396984 0.0
0.06360200000926852 0.001580999989528209
0.06360200000926852 0.0
0.06578599999193102 0.0016300000133924186
0.06578599999193102 1.00000761449337e-06
0.06582699998398311 0.0018569999956525862
0.06582699998398311 1.00000761449337e-06
0.06773299997439608 0.0018180000188294798
0.06773299997439608 0.0
0.07381100000930019 0.0019770000071730465
0.07381100000930019 1.00000761449337e-06
0.07392200001049787 0.0018480000144336373
0.07392200001049787 1.00000761449337e-06
0.07891099998960271 0.001972999976715073
0.07891099998960271 9.999785106629133e-07
0.08064400000148453 0.002072999981464818
0.08064400000148453 0.0
0.0828789999941364 0.0020750000257976353
0.0828789999941364 0.0
0.08143600000767037 0.0020840000070165843
0.08143600000767037 1.00000761449337e-06
0.08429700002307072 0.0022760000138077885
0.08429700002307072 0.0
0.08059100000537 0.002629000024171546
0.08059100000537 0.0
0.08398399999714456 0.0020369999983813614
0.08398399999714456 0.0
0.1072940000158269 0.002829999983077869
0.1072940000158269 0.0
0.08585199998924509 0.002785999997286126
0.08585199998924509 1.00000761449337e-06
0.07953099999576807 0.0020000000076834112
0.07953099999576807 0.0
0.08042799998656847 0.002059999998891726
0.08042799998656847 0.0
0.08145899997907691 0.0020490000024437904
0.08145899997907691 1.00000761449337e-06
0.07795599999371916 0.0018689999997150153
0.07795599999371916 0.0
0.07818399998359382 0.0023520000104326755
0.07818399998359382 1.00000761449337e-06
0.07850200001848862 0.0019160000083502382
0.07850200001848862 1.00000761449337e-06
0.07707500000833534 0.0019039999751839787
0.07707500000833534 0.0
0.07793500000843778 0.0018869999912567437
0.07793500000843778 0.0
0.07735500001581386 0.001892999978736043
0.07735500001581386 1.00000761449337e-06
0.07759899998200126 0.0022849999950267375
0.07759899998200126 1.00000761449337e-06
0.07302899999194779 0.001787999994121492
0.07302899999194779 0.0
0.07063699999707751 0.0016850000247359276
0.07063699999707751 9.999785106629133e-07
0.07109199999831617 0.002127999992808327
0.07109199999831617 0.0
0.07022399999550544 0.0017370000132359564
0.07022399999550544 1.00000761449337e-06
0.06702899999800138 0.0016550000000279397
0.06702899999800138 1.00000761449337e-06
0.06904199998825788 0.0017299999890383333
0.06904199998825788 1.00000761449337e-06
0.0684330000076443 0.0017290000105276704
0.0684330000076443 1.00000761449337e-06
0.06594200001563877 0.0017740000039339066
0.06594200001563877 0.0
0.06455099998856895 0.001600999996298924
0.06455099998856895 1.00000761449337e-06
0.0618700000050012 0.0015699999930802733
0.0618700000050012 1.00000761449337e-06
0.06290099999750964 0.0015759999805595726
0.06290099999750964 1.00000761449337e-06
0.06594699999550357 0.001619000016944483
0.06594699999550357 0.0
0.06448699999600649 0.0015919999859761447
0.06448699999600649 0.0
0.06537799999932759 0.0017089999746531248
0.06537799999932759 0.0
0.0731509999895934 0.0016949999844655395
0.0731509999895934 0.0
0.06553699998767115 0.0016539999924134463
0.06553699998767115 1.00000761449337e-06
0.06614199999603443 0.0015899999998509884
0.06614199999603443 9.999785106629133e-07
0.06489700000383891 0.001636000000871718
0.06489700000383891 1.00000761449337e-06
0.06427800000528805 0.001596999994944781
0.06427800000528805 9.999785106629133e-07
0.06600200000684708 0.001652999984798953
0.06600200000684708 0.0
0.06520799998543225 0.0016710000054445118
0.06520799998543225 1.00000761449337e-06
0.06505100001231767 0.0016229999891947955
0.06505100001231767 0.0
0.06541799998376518 0.0016889999969862401
0.06541799998376518 1.00000761449337e-06
0.06913399999029934 0.0017060000100173056
0.06913399999029934 0.0
0.06981300000916235 0.0017649999936111271
0.06981300000916235 0.0
0.0766449999937322 0.001883999997517094
0.0766449999937322 0.0
0.07755499999620952 0.001910000020870939
0.07755499999620952 9.999785106629133e-07
0.08125899999868125 0.0036130000080447644
0.08125899999868125 0.0
0.08375499999965541 0.0020670000230893493
0.08375499999965541 0.0
0.08498100002179854 0.002609000017400831
0.08498100002179854 1.00000761449337e-06
0.08266099999309517 0.0020000000076834112
0.08266099999309517 1.00000761449337e-06
0.08288000000175089 0.0019819999870378524
0.08288000000175089 0.0
0.07836000001407228 0.0019489999976940453
0.07836000001407228 1.00000761449337e-06
0.07457900000736117 0.0018829999899026006
0.07457900000736117 1.00000761449337e-06
0.07849000001442619 0.0021049999922979623
0.07849000001442619 1.00000761449337e-06
0.08004900001105852 0.001990999997360632
0.08004900001105852 0.0
0.07930699997814372 0.0020220000005792826
0.07930699997814372 9.999785106629133e-07
0.0785570000007283 0.0019420000026002526
0.0785570000007283 1.00000761449337e-06
0.07776399998692796 0.0019120000069960952
0.07776399998692796 1.00000761449337e-06
0.07696500001475215 0.0019329999922774732
0.07696500001475215 0.0
0.07746199998655356 0.0019069999980274588
0.07746199998655356 0.0
0.07962899998528883 0.0019709999905899167
0.07962899998528883 0.0
0.07801399999880232 0.0019099999917671084
0.07801399999880232 0.0
0.07792999999946915 0.0019250000186730176
0.07792999999946915 0.0
0.07528699998511001 0.0018699999782256782
0.07528699998511001 0.0
0.07611900000483729 0.001926000026287511
0.07611900000483729 1.00000761449337e-06
0.07570499999565072 0.0018540000019129366
0.07570499999565072 0.0
0.07312899999669753 0.0018109999946318567
0.07312899999669753 0.0
0.07279400000697933 0.0018649999983608723
0.07279400000697933 0.0
0.0671440000005532 0.0017050000024028122
0.0671440000005532 0.0
0.0665770000196062 0.0016830000095069408
0.0665770000196062 0.0
0.0698850000044331 0.0018019999843090773
0.0698850000044331 1.00000761449337e-06
0.06993999998667277 0.0017349999980069697
0.06993999998667277 0.0
0.06920399999944493 0.001699000014923513
0.06920399999944493 0.0
0.07298099997569807 0.0018090000085067004
0.07298099997569807 0.0
0.07964899999205954 0.0018540000019129366
0.07964899999205954 1.00000761449337e-06
0.06937599999946542 0.0017010000010486692
0.06937599999946542 0.0
0.07092399999964982 0.0017769999976735562
0.07092399999964982 0.0
0.0678640000114683 0.001720000000204891
0.0678640000114683 1.00000761449337e-06
0.06704599998192862 0.0016680000117048621
0.06704599998192862 9.999785106629133e-07
0.06738500000210479 0.0016930000274442136
0.06738500000210479 9.999785106629133e-07
0.068200000008801 0.0017210000078193843
0.068200000008801 1.00000761449337e-06
0.06868599998415448 0.0018419999978505075
0.06868599998415448 0.0
0.0675370000244584 0.0016889999969862401
0.0675370000244584 1.00000761449337e-06
0.06671499999356456 0.0017260000167880207
0.06671499999356456 1.00000761449337e-06
0.06715899999835528 0.0017940000107046217
0.06715899999835528 1.00000761449337e-06
0.06723699998110533 0.001887999998871237
0.06723699998110533 0.0
0.06753100000787526 0.0017010000010486692
0.06753100000787526 1.00000761449337e-06
0.06758400000398979 0.0016420000174548477
0.06758400000398979 0.0
0.06763499998487532 0.0016919999907258898
0.06763499998487532 0.0
0.06813900000997819 0.001656000007642433
0.06813900000997819 0.0
0.06741499999770895 0.0016780000005383044
0.06741499999770895 0.0
0.06714800000190735 0.0016550000000279397
0.06714800000190735 0.0
0.06764600001042709 0.001652999984798953
0.06764600001042709 0.0
0.06767499999841675 0.001720000000204891
0.06767499999841675 0.0
0.06914700000197627 0.0017260000167880207
0.06914700000197627 0.0
0.07660100000794046 0.001875999994808808
0.07660100000794046 0.0
0.07289400001172908 0.001875999994808808
0.07289400001172908 0.0
0.07346200000029057 0.0019069999980274588
0.07346200000029057 0.0
0.07481099999858998 0.0018569999956525862
0.07481099999858998 0.0
0.07453199999872595 0.0018270000000484288
0.07453199999872595 1.00000761449337e-06
0.0772679999936372 0.001887999998871237
0.0772679999936372 0.0
0.08476499997777864 0.0021520000009331852
0.08476499997777864 0.0
0.08779299998423085 0.002226000011432916
0.08779299998423085 1.00000761449337e-06
0.09415200000512414 0.0023440000077243894
0.09415200000512414 0.0
0.09024000001954846 0.002714000002015382
0.09024000001954846 0.0
0.08783400000538677 0.002829000004567206
0.08783400000538677 0.0
0.08453500000177883 0.0020880000083707273
0.08453500000177883 1.00000761449337e-06
0.08022799997706898 0.0020460000087041408
0.08022799997706898 0.0
0.07748099998570979 0.0019380000012461096
0.07748099998570979 0.0
0.07825299998512492 0.0019200000097043812
0.07825299998512492 0.0
0.0804059999936726 0.002139999996870756
0.0804059999936726 0.0
0.07586200002697296 0.0018649999983608723
0.07586200002697296 0.0
0.07257899999967776 0.001816999982111156
0.07257899999967776 9.999785106629133e-07
0.06968699998105876 0.001736000005621463
0.06968699998105876 1.00000761449337e-06
0.0707129999937024 0.001736000005621463
0.0707129999937024 1.00000761449337e-06
0.07195700000738725 0.0019429999811109155
0.07195700000738725 1.00000761449337e-06
0.07114499999443069 0.0019019999890588224
0.07114499999443069 0.0
0.07246500000474043 0.0017769999976735562
0.07246500000474043 1.00000761449337e-06
0.07139699999243021 0.001787000015610829
0.07139699999243021 0.0
0.0712409999978263 0.0017350000271108001
0.0712409999978263 9.999785106629133e-07
0.07173799999873154 0.0020200000144541264
0.07173799999873154 0.0
0.07049600000027567 0.0017719999887049198
0.07049600000027567 0.0
0.07074999998440035 0.0017189999925903976
0.07074999998440035 9.999785106629133e-07
0.0698380000249017 0.0018310000014025718
0.0698380000249017 9.999785106629133e-07
0.07067700001061894 0.0017309999966528267
0.07067700001061894 1.00000761449337e-06
0.07031300000380725 0.0018360000103712082
0.07031300000380725 1.00000761449337e-06
0.07022399999550544 0.001724999980069697
0.07022399999550544 0.0
0.07369600000674836 0.0018019999843090773
0.07369600000674836 1.00000761449337e-06
0.08124600001610816 0.001974000013433397
0.08124600001610816 0.0
0.08236100000794977 0.002087000000756234
0.08236100000794977 1.00000761449337e-06
0.08708900000783615 0.004202999989502132
0.08708900000783615 9.999785106629133e-07
0.08535799998207949 0.0020760000043082982
0.08535799998207949 9.999785106629133e-07
0.08416100000613369 0.003972000005887821
0.08416100000613369 0.0
0.07935200000065379 0.0019589999865274876
0.07935200000065379 0.0
0.08350100001553074 0.0021069999784231186
0.08350100001553074 0.0
0.08308499999111518 0.002019999985350296
0.08308499999111518 0.0
0.08081099999253638 0.002402000012807548
0.08081099999253638 0.0
0.07938899999135174 0.003976000007241964
0.07938899999135174 1.00000761449337e-06
0.08049699998809956 0.001967999996850267
0.08049699998809956 1.00000761449337e-06
0.08015399999567308 0.0020040000090375543
0.08015399999567308 1.00000761449337e-06
0.08094799998798408 0.002003000001423061
0.08094799998798408 0.0
0.08056699999724515 0.002062000014120713
0.08056699999724515 0.0
0.08133200000156648 0.0020899999944958836
0.08133200000156648 0.0
0.08117099999799393 0.0019789999932982028
0.08117099999799393 0.0
0.08344099999521859 0.0025609999720472842
0.08344099999521859 1.00000761449337e-06
0.09099799999967217 0.0022969999990891665
0.09099799999967217 0.0
0.08457300000009127 0.0020979999972041696
0.08457300000009127 0.0
0.08303199999500066 0.002023000008193776
0.08303199999500066 1.00000761449337e-06
0.08240800001658499 0.0020400000212248415
0.08240800001658499 0.0
0.08033999998588115 0.002003999979933724
0.08033999998588115 1.00000761449337e-06
0.08243599999696016 0.0020200000144541264
0.08243599999696016 0.0
0.0849760000128299 0.0020819999917875975
0.0849760000128299 0.0
0.0840580000076443 0.002072000002954155
0.0840580000076443 1.00000761449337e-06
0.0839490000216756 0.002059999998891726
0.0839490000216756 1.00000761449337e-06
0.08658100001048297 0.002283999987412244
0.08658100001048297 0.0
0.08851800000411458 0.0021800000104121864
0.08851800000411458 0.0
0.0850909999862779 0.0021140000026207417
0.0850909999862779 0.0
0.08321400001295842 0.0021169999963603914
0.08321400001295842 0.0
0.08229699998628348 0.002055999997537583
0.08229699998628348 0.0
0.08314000000245869 0.0021320000232663006
0.08314000000245869 0.0
0.0848239999904763 0.0020840000070165843
0.0848239999904763 1.00000761449337e-06
0.0784939999866765 0.0019050000119023025
0.0784939999866765 1.00000761449337e-06
0.07686999998986721 0.0018940000154543668
0.07686999998986721 0.0
0.07219400000758469 0.0018020000134129077
0.07219400000758469 0.0
0.07419700000900775 0.0017789999837987125
0.07419700000900775 0.0
0.07299899999634363 0.001740000006975606
0.07299899999634363 0.0
0.07240999999339692 0.0017510000034235418
0.07240999999339692 1.00000761449337e-06
0.07190999999875203 0.0017860000079963356
0.07190999999875203 0.0
0.0725780000211671 0.001748999988194555
0.0725780000211671 0.0
0.06974500001524575 0.0019500000053085387
0.06974500001524575 1.00000761449337e-06
0.0701849999895785 0.001744000008329749
0.0701849999895785 1.00000761449337e-06
0.07062000001315027 0.0017389999993611127
0.07062000001315027 0.0
0.07092699999338947 0.001724000001559034
0.07092699999338947 0.0
0.06979199999477714 0.0017050000024028122
0.06979199999477714 0.0
0.07254999998258427 0.002227999997558072
0.07254999998258427 1.00000761449337e-06
0.0731519999972079 0.0018210000125691295
0.0731519999972079 0.0
0.07193800000823103 0.0018749999871943146
0.07193800000823103 0.0
0.07361399999354035 0.002146999991964549
0.07361399999354035 0.0
0.07230599998729303 0.0018010000057984143
0.07230599998729303 1.00000761449337e-06
0.07238599998527206 0.0017970000044442713
0.07238599998527206 0.0
0.07309799999347888 0.0018260000215377659
0.07309799999347888 0.0
0.0725780000211671 0.001783000014256686
0.0725780000211671 0.0
0.07245700000203215 0.001820000004954636
0.07245700000203215 0.0
0.07046200000331737 0.0016969999996945262
0.07046200000331737 0.0
0.07043699998757802 0.0018069999932777137
0.07043699998757802 0.0
0.07013799998094328 0.0017510000034235418
0.07013799998094328 1.00000761449337e-06
0.069816000002902 0.0017980000120587647
0.069816000002902 1.00000761449337e-06
0.07112200002302416 0.0017309999966528267
0.07112200002302416 9.999785106629133e-07
0.07044099998893216 0.001752999989548698
0.07044099998893216 0.0
0.07053299999097362 0.0017780000052880496
0.07053299999097362 1.00000761449337e-06
0.07021100001293235 0.0017069999885279685
0.07021100001293235 0.0
0.07028900002478622 0.0017330000118818134
0.07028900002478622 1.00000761449337e-06
0.070808999997098 0.0017219999863300472
0.070808999997098 1.00000761449337e-06
0.07033299998147413 0.0018090000085067004
0.07033299998147413 0.0
0.06947200000286102 0.0017729999963194132
0.06947200000286102 1.00000761449337e-06
0.07294300000648946 0.0018270000000484288
0.07294300000648946 9.999785106629133e-07
0.07673100000829436 0.0019050000119023025
0.07673100000829436 0.0
0.07236499999999069 0.0018950000230688602
0.07236499999999069 0.0
0.0750689999840688 0.001875999994808808
0.0750689999840688 0.0
0.0758510000014212 0.0019060000195167959
0.0758510000014212 0.0
0.08063899999251589 0.0019789999932982028
0.08063899999251589 0.0
0.08749100001296028 0.0021499999857041985
0.08749100001296028 0.0
0.08799199998611584 0.0021720000077039003
0.08799199998611584 0.0
0.08800200000405312 0.002171000000089407
0.08800200000405312 1.00000761449337e-06
0.08971000000019558 0.002191000006860122
0.08971000000019558 9.999785106629133e-07
0.08822000000509433 0.0021290000004228204
0.08822000000509433 0.0
0.0872629999939818 0.0021530000085476786
0.0872629999939818 0.0
0.08158099997672252 0.001979000022402033
0.08158099997672252 0.0
0.0865079999784939 0.002115999988745898
0.0865079999784939 1.00000761449337e-06
0.08802900000591762 0.002837999985786155
0.08802900000591762 0.0
0.09239099998376332 0.002214000007370487
0.09239099998376332 1.00000761449337e-06
0.08937499998137355 0.0022009999956935644
0.08937499998137355 9.999785106629133e-07
0.08349399999133311 0.0020670000230893493
0.08349399999133311 0.0
0.08054799999808893 0.0020059999951627105
0.08054799999808893 0.0
0.08331100002396852 0.002119000011589378
0.08331100002396852 0.0
0.0809140000201296 0.0020929999882355332
0.0809140000201296 0.0
0.08000700001139194 0.002035999990766868
0.08000700001139194 0.0
0.08016400001361035 0.002215999993495643
0.08016400001361035 9.999785106629133e-07
0.08022500001243316 0.0019810000085271895
0.08022500001243316 0.0
0.08010099999955855 0.002027000009547919
0.08010099999955855 1.00000761449337e-06
0.07852100001764484 0.0019219999958295375
0.07852100001764484 1.00000761449337e-06
0.0774049999890849 0.0019359999860171229
0.0774049999890849 0.0
0.0781190000125207 0.002043999993475154
0.0781190000125207 1.00000761449337e-06
0.07492199999978766 0.0018649999983608723
0.07492199999978766 0.0
0.07618100001127459 0.0021490000071935356
0.07618100001127459 9.999785106629133e-07
0.07550600002286956 0.0018990000244230032
0.07550600002286956 0.0
0.07224000000860542 0.0017719999887049198
0.07224000000860542 0.0
0.07260499999392778 0.001892999978736043
0.07260499999392778 9.999785106629133e-07
0.07326699999975972 0.0018259999924339354
0.07326699999975972 0.0
0.07322600000770763 0.0017650000227149576
0.07322600000770763 0.0
0.07550999999511987 0.0018970000091940165
0.07550999999511987 1.00000761449337e-06
0.07636700000148267 0.002027000009547919
0.07636700000148267 1.00000761449337e-06
0.07469499998842366 0.0018869999912567437
0.07469499998842366 1.00000761449337e-06
0.0743979999970179 0.0018069999932777137
0.0743979999970179 0.0
0.0751639999798499 0.0018850000051315874
0.0751639999798499 0.0
0.07938999999896623 0.0018419999978505075
0.07938999999896623 0.0
0.07641200002399273 0.0019580000080168247
0.07641200002399273 1.00000761449337e-06
0.07618099998217076 0.001867999992100522
0.07618099998217076 0.0
0.07353199998033233 0.001824999984819442
0.07353199998033233 0.0
0.07392900000559166 0.001836999988881871
0.07392900000559166 0.0
0.0719379999791272 0.0018029999919235706
0.0719379999791272 1.00000761449337e-06
0.07160699999076314 0.0017860000079963356
0.07160699999076314 0.0
0.07253600002150051 0.001982000016141683
0.07253600002150051 0.0
0.06937199999811128 0.001740000006975606
0.06937199999811128 0.0
0.06939600000623614 0.0017590000061318278
0.06939600000623614 0.0
0.0726810000196565 0.0017880000232253224
0.0726810000196565 1.00000761449337e-06
0.07668099997681566 0.0019979999924544245
0.07668099997681566 9.999785106629133e-07
0.08035299999755807 0.001986999996006489
0.08035299999755807 1.00000761449337e-06
0.0905110000167042 0.002270000026328489
0.0905110000167042 1.00000761449337e-06
0.09169800000381656 0.0025449999957345426
0.09169800000381656 0.0
0.09128599998075515 0.0023609999916516244
0.09128599998075515 9.999785106629133e-07
0.09376399999018759 0.0023539999965578318
0.09376399999018759 0.0
0.09237699999357574 0.002470999985234812
0.09237699999357574 9.999785106629133e-07
0.09194300000672229 0.002310999989276752
0.09194300000672229 1.00000761449337e-06
0.09009299997705966 0.002322000014828518
0.09009299997705966 1.00000761449337e-06
0.08569599999464117 0.0021539999870583415
0.08569599999464117 1.00000761449337e-06
0.09098700000322424 0.0023560000117868185
0.09098700000322424 0.0
0.09207899999455549 0.0023970000038389117
0.09207899999455549 0.0
0.09983300001476891 0.0026350000116508454
0.09983300001476891 0.0
0.10784599999897182 0.006011000019498169
0.10784599999897182 0.0
0.13140199999907054 0.003807000000961125
0.13140199999907054 1.00000761449337e-06
0.12304400000721216 0.00696800000150688
0.12304400000721216 0.0
0.13104200002271682 0.007390000013401732
0.13104200002271682 0.0
0.11953200001153164 0.0033819999953266233
0.11953200001153164 0.0
0.11270699999295175 0.0027809999883174896
0.11270699999295175 1.00000761449337e-06
0.10454299999400973 0.002550000004703179
0.10454299999400973 1.00000761449337e-06
0.09859700000379235 0.0024400000111199915
0.09859700000379235 1.00000761449337e-06
0.09192499998607673 0.0023600000131409615
0.09192499998607673 1.00000761449337e-06
0.11646000001928769 0.0029650000215042382
0.11646000001928769 0.0
0.08655199999338947 0.0021809999889228493
0.08655199999338947 0.0
0.08640099997865036 0.0021040000137872994
0.08640099997865036 1.00000761449337e-06
0.08247699998901226 0.0020240000158082694
0.08247699998901226 0.0
0.08290199999464676 0.0020160000130999833
0.08290199999464676 0.0
0.07777899998473004 0.0019509999838192016
0.07777899998473004 1.00000761449337e-06
0.08001099998364225 0.0019580000080168247
0.08001099998364225 0.0
0.07813500001793727 0.0019259999971836805
0.07813500001793727 0.0
0.07989399999496527 0.0019489999976940453
0.07989399999496527 0.0
0.08091599997715093 0.001959999994141981
0.08091599997715093 0.0
0.082775999995647 0.002062999992631376
0.082775999995647 1.00000761449337e-06
0.0813120000238996 0.001967999996850267
0.0813120000238996 0.0
0.0851929999771528 0.0021390000183600932
0.0851929999771528 0.0
0.0851589999801945 0.0020209999929647893
0.0851589999801945 1.00000761449337e-06
0.08503799999016337 0.0021169999963603914
0.08503799999016337 9.999785106629133e-07
0.0860370000009425 0.002443000004859641
0.0860370000009425 0.0
0.08505200000945479 0.0021470000210683793
0.08505200000945479 9.999785106629133e-07
0.07844400001340546 0.001980000000912696
0.07844400001340546 0.0
0.07590699999127537 0.0018210000125691295
0.07590699999127537 0.0
0.07609799999045208 0.0018869999912567437
0.07609799999045208 0.0
0.07497099999454804 0.0018320000090170652
0.07497099999454804 0.0
0.07672099999035709 0.001824999984819442
0.07672099999035709 1.00000761449337e-06
0.07536600000457838 0.001863000012235716
0.07536600000457838 1.00000761449337e-06
0.07548999998834915 0.0017949999892152846
0.07548999998834915 0.0
0.07723199998144992 0.0018730000010691583
0.07723199998144992 0.0
0.07662600002367981 0.0018110000237356871
0.07662600002367981 1.00000761449337e-06
0.07875200000125915 0.001904999982798472
0.07875200000125915 0.0
0.07985099998768419 0.001984999980777502
0.07985099998768419 0.0
0.08021500002359971 0.001971000019693747
0.08021500002359971 9.999785106629133e-07
0.0848519999999553 0.0026720000023487955
0.0848519999999553 0.0
0.08191800001077354 0.0020129999902565032
0.08191800001077354 0.0
0.08458199998131022 0.002019999985350296
0.08458199998131022 9.999785106629133e-07
0.091141000011703 0.0021859999978914857
0.091141000011703 9.999785106629133e-07
0.08653199998661876 0.0021389999892562628
0.08653199998661876 9.999785106629133e-07
0.09443900000769645 0.0022979999775998294
0.09443900000769645 0.0
0.09965000001830049 0.002453000022796914
0.09965000001830049 0.0
0.10014600001159124 0.0024469999771099538
0.10014600001159124 0.0
0.11197100000572391 0.002726000006077811
0.11197100000572391 1.00000761449337e-06
0.13055900001199916 0.0032999999821186066
0.13055900001199916 0.0
0.11299500000313856 0.0027830000035464764
0.11299500000313856 1.00000761449337e-06
0.10670500001288019 0.002642000006744638
0.10670500001288019 1.00000761449337e-06
0.09836299999733455 0.002402999991318211
0.09836299999733455 0.0
0.09433100000023842 0.00225499999942258
0.09433100000023842 0.0
0.09427999999024905 0.002502999996067956
0.09427999999024905 0.0
0.0875800000212621 0.002076999982818961
0.0875800000212621 9.999785106629133e-07
0.08011599999736063 0.002074999996693805
0.08011599999736063 0.0
0.08061999999335967 0.001967999996850267
0.08061999999335967 0.0
0.07796399999642745 0.0019739999843295664
0.07796399999642745 0.0
0.07832499998039566 0.0019259999971836805
0.07832499998039566 0.0
0.07488299999386072 0.001896000001579523
0.07488299999386072 0.0
0.0727889999980107 0.0017930000030901283
0.0727889999980107 9.999785106629133e-07
0.07003000000258908 0.0018050000071525574
0.07003000000258908 9.999785106629133e-07
0.06902299998910166 0.0016900000046007335
0.06902299998910166 9.999785106629133e-07
0.07177599999704398 0.0017600000137463212
0.07177599999704398 0.0
0.068171999999322 0.0016579999937675893
0.068171999999322 0.0
0.06840000001830049 0.0017470000020693988
0.06840000001830049 9.999785106629133e-07
0.06909899998572655 0.0017060000100173056
0.06909899998572655 1.00000761449337e-06
0.06759200000669807 0.0016699999978300184
0.06759200000669807 0.0
0.06951100000878796 0.0016739999991841614
0.06951100000878796 0.0
0.06772500000079162 0.001636000000871718
0.06772500000079162 1.00000761449337e-06
0.0674509999807924 0.001636000000871718
0.0674509999807924 0.0
0.06881799999973737 0.001994999998714775
0.06881799999973737 0.0
0.07074399999692105 0.0017479999805800617
0.07074399999692105 0.0
0.07030600000871345 0.0016830000095069408
0.07030600000871345 1.00000761449337e-06
0.06916600000113249 0.0017769999976735562
0.06916600000113249 1.00000761449337e-06
0.06933300002128817 0.0016980000073090196
0.06933300002128817 9.999785106629133e-07
0.07266200002050027 0.0017889999726321548
0.07266200002050027 0.0
0.072029000002658 0.0018390000041108578
0.072029000002658 0.0
0.07447900000261143 0.001816000003600493
0.07447900000261143 0.0
0.07564399999682792 0.0018540000019129366
0.07564399999682792 0.0
0.07596600000397302 0.0018339999951422215
0.07596600000397302 0.0
0.07651300000725314 0.001820000004954636
0.07651300000725314 9.999785106629133e-07
0.07354800001485273 0.00181200000224635
0.07354800001485273 9.999785106629133e-07
0.07495800001197495 0.0018470000068191439
0.07495800001197495 1.00000761449337e-06
0.07641399998101406 0.0019029999966733158
0.07641399998101406 9.999785106629133e-07
0.07451100001344457 0.0019029999966733158
0.07451100001344457 0.0
0.07407999999122694 0.0018350000027567148
0.07407999999122694 0.0
0.08338100000401028 0.0022120000212453306
0.08338100000401028 0.0
0.09376600000541657 0.002366000000620261
0.09376600000541657 9.999785106629133e-07
0.10055100001045503 0.0024680000205989927
0.10055100001045503 0.0
0.10782899998594075 0.002609999995911494
0.10782899998594075 1.00000761449337e-06
0.1264439999940805 0.0032159999827854335
0.1264439999940805 0.0
0.14719899999909103 0.008327000017743558
0.14719899999909103 0.0
0.13224899998749606 0.0035229999921284616
0.13224899998749606 0.0
0.13015800001448952 0.003249000001233071
0.13015800001448952 1.00000761449337e-06
0.11834499999531545 0.0031709999893791974
0.11834499999531545 0.0
0.1092159999825526 0.0026840000064112246
0.1092159999825526 1.00000761449337e-06
0.10508899998967536 0.002650999987963587
0.10508899998967536 0.0
0.10002700000768527 0.0024730000004637986
0.10002700000768527 0.0
0.09549499998684041 0.0023549999750684947
0.09549499998684041 1.6000005416572094e-05
0.09521100000711158 0.002558999985922128
0.09521100000711158 1.00000761449337e-06
0.0909269999829121 0.0022610000160057098
0.0909269999829121 0.0
0.09091800000169314 0.002282000001287088
0.09091800000169314 9.999785106629133e-07
0.0836999999883119 0.002031999989412725
0.0836999999883119 0.0
0.08192900000722148 0.002039999992121011
0.08192900000722148 1.00000761449337e-06
0.08122299998649396 0.002054000011412427
0.08122299998649396 0.0
0.08101100000203587 0.00233800002024509
0.08101100000203587 0.0
0.07943700000760145 0.0019520000205375254
0.07943700000760145 1.00000761449337e-06
0.07887199998367578 0.0019890000112354755
0.07887199998367578 0.0
0.07743200002005324 0.001951999991433695
0.07743200002005324 0.0
0.07639599998947233 0.0019120000069960952
0.07639599998947233 0.0
0.07876000000396743 0.002019999985350296
0.07876000000396743 0.0
0.07810099999187514 0.0019570000004023314
0.07810099999187514 0.0
0.07934600001317449 0.001974000013433397
0.07934600001317449 1.00000761449337e-06
0.07848299999022856 0.0019369999936316162
0.07848299999022856 1.00000761449337e-06
0.0772960000031162 0.0019279999833088368
0.0772960000031162 9.999785106629133e-07
0.07960800000000745 0.001963000016985461
0.07960800000000745 0.0
0.0801880000217352 0.001955000014277175
0.0801880000217352 0.0
0.08258400001795962 0.0020630000217352062
0.08258400001795962 0.0
0.08759400001144968 0.0021980000019539148
0.08759400001144968 0.0
0.09082700000726618 0.0023539999965578318
0.09082700000726618 1.00000761449337e-06
0.09386700001778081 0.0022560000070370734
0.09386700001778081 0.0
0.09573699999600649 0.0024259999918285757
0.09573699999600649 0.0
0.09786900001927279 0.002433000016026199
0.09786900001927279 0.0
0.09996099999989383 0.00245199998607859
0.09996099999989383 1.00000761449337e-06
0.09951000000000931 0.0024190000258386135
0.09951000000000931 0.0
0.09729100001277402 0.0025470000109635293
0.09729100001277402 0.0
0.10559599997941405 0.0024480000138282776
0.10559599997941405 0.0
0.089949000015622 0.0022779999999329448
0.089949000015622 0.0
0.08942100001149811 0.002167999977245927
0.08942100001149811 1.00000761449337e-06
0.0834340000001248 0.0019580000080168247
0.0834340000001248 0.0
0.08943699998781085 0.002150000014808029
0.08943699998781085 0.0
0.10661699998308904 0.0025960000057239085
0.10661699998308904 0.0
0.1131349999923259 0.0027150000096298754
0.1131349999923259 1.00000761449337e-06
0.11351699999067932 0.0027460000128485262
0.11351699999067932 0.0
0.12228500001947396 0.0030109999934211373
0.12228500001947396 0.0
0.13855800000601448 0.003607000020565465
0.13855800000601448 0.0
0.1273710000095889 0.0031129999842960387
0.1273710000095889 1.00000761449337e-06
0.1262550000101328 0.0030020000122021884
0.1262550000101328 1.00000761449337e-06
0.1153420000046026 0.002833999984432012
0.1153420000046026 1.00000761449337e-06
0.10896400001365691 0.0025889999815262854
0.10896400001365691 0.0
0.10415699999430217 0.0025729999761097133
0.10415699999430217 0.0
0.10041300000739284 0.0024369999882765114
0.10041300000739284 1.00000761449337e-06
0.0935170000011567 0.002345000015338883
0.0935170000011567 0.0
0.09273699999903329 0.002238999994006008
0.09273699999903329 0.0
0.0862689999921713 0.002135999995516613
0.0862689999921713 0.0
0.08460999999078922 0.0021570000099018216
0.08460999999078922 0.0
0.08282899999176152 0.0020530000037979335
0.08282899999176152 1.00000761449337e-06
0.07818000001134351 0.0020320000185165554
0.07818000001134351 1.00000761449337e-06
0.0782889999973122 0.002183000004151836
0.0782889999973122 9.999785106629133e-07
0.0781649999844376 0.0019299999985378236
0.0781649999844376 1.00000761449337e-06
0.07764899998437613 0.0019779999856837094
0.07764899998437613 0.0
0.0774399999936577 0.0019650000031106174
0.0774399999936577 1.00000761449337e-06
0.08239500000490807 0.001971000019693747
0.08239500000490807 0.0
0.0758219999843277 0.001875999994808808
0.0758219999843277 1.00000761449337e-06
0.07506999999168329 0.0018950000230688602
0.07506999999168329 9.999785106629133e-07
0.07663499997579493 0.0018870000203605741
0.07663499997579493 1.00000761449337e-06
0.0768089999910444 0.0018810000037774444
0.0768089999910444 1.00000761449337e-06
0.07893499999772757 0.001939000008860603
0.07893499999772757 0.0
0.07720400000107475 0.0018900000141002238
0.07720400000107475 0.0
0.08047499999520369 0.0019749999919440597
0.08047499999520369 0.0
0.08108900001388974 0.002148999978089705
0.08108900001388974 0.0
0.08013099999516271 0.00197199999820441
0.08013099999516271 0.0
0.08317800000077114 0.0020059999951627105
0.08317800000077114 0.0
0.08522799998172559 0.002127000014297664
0.08522799998172559 0.0
0.0837009999959264 0.002074999996693805
0.0837009999959264 1.00000761449337e-06
0.0871820000174921 0.0021229999838396907
0.0871820000174921 9.999785106629133e-07
0.08256599999731407 0.0020289999956730753
0.08256599999731407 0.0
0.0801999999966938 0.0019540000066626817
0.0801999999966938 0.0
0.08164300001226366 0.0020899999944958836
0.08164300001226366 0.0
0.08019900001818314 0.002050000010058284
0.08019900001818314 0.0
0.08302800002275035 0.0020240000158082694
0.08302800002275035 0.0
0.08327500001178123 0.002142999990610406
0.08327500001178123 0.0
0.08264999999664724 0.002023000008193776
0.08264999999664724 0.0
0.08182799999485724 0.002007999981287867
0.08182799999485724 9.999785106629133e-07
0.091113000002224 0.0023280000023078173
0.091113000002224 0.0
0.10766400001011789 0.0026409999991301447
0.10766400001011789 0.0
0.1151419999951031 0.002830999990692362
0.1151419999951031 0.0
0.11453900000196882 0.002757000009296462
0.11453900000196882 0.0
0.12187199998879805 0.003041999996639788
0.12187199998879805 1.00000761449337e-06
0.14439500001026317 0.003977999993367121
0.14439500001026317 9.999785106629133e-07
0.12780999997630715 0.0031580000068061054
0.12780999997630715 0.0
0.1252200000162702 0.003069999977014959
0.1252200000162702 1.00000761449337e-06
0.11587599999620579 0.002802000002702698
0.11587599999620579 0.0
0.10776400001486763 0.002808999997796491
0.10776400001486763 0.0
0.10223799999221228 0.0026080000097863376
0.10223799999221228 0.0
0.1066749999881722 0.0024970000085886568
0.1066749999881722 9.999785106629133e-07
0.09840500002610497 0.0023710000095888972
0.09840500002610497 0.0
0.09807000000728294 0.002379999990807846
0.09807000000728294 1.00000761449337e-06
0.09016700001666322 0.002449999999953434
0.09016700001666322 1.00000761449337e-06
0.08940899997833185 0.0022649999882560223
0.08940899997833185 0.0
0.09502200002316386 0.002369000023463741
0.09502200002316386 9.999785106629133e-07
0.0985320000036154 0.0024050000065471977
0.0985320000036154 1.00000761449337e-06
0.09656499998527579 0.00242100001196377
0.09656499998527579 0.0
0.08730199999990873 0.0021499999857041985
0.08730199999990873 0.0
0.08927299999049865 0.0022170000011101365
0.08927299999049865 1.00000761449337e-06
0.08428700000513345 0.002103000006172806
0.08428700000513345 1.00000761449337e-06
0.08362099999794737 0.002082999999402091
0.08362099999794737 0.0
0.0835930000175722 0.0020760000043082982
0.0835930000175722 0.0
0.08353900001384318 0.002059999998891726
0.08353900001384318 0.0
0.08648699999321252 0.0021320000232663006
0.08648699999321252 1.00000761449337e-06
INFO:sc2.protocol:Client status changed to Status.ended (was Status.in_game)
INFO:sc2.protocol:Client status changed to Status.ended (was Status.in_game)
INFO:root:Result for player 1 - Bot(Race.Terran, <bots.Showing_bot.speedBot.MarinBot object at 0x7f96cbd78f60>): Defeat
INFO:root:Result for player 2 - Bot(Race.Terran, <bots.kinai.test_bot.TestBot object at 0x7f96bcd1ff60>): Victory
INFO:sc2.client:Saved replay to outs/2020-01-17T11-28-03/replays/showing_bot-kinai/showing_bot-kinai-1.SC2Replay
INFO:sc2.protocol:Client status changed to Status.launched (was Status.ended)
INFO:sc2.protocol:Client status changed to Status.quit (was Status.launched)
INFO:sc2.sc2process:kill_switch: Process cleanup
INFO:sc2.sc2process:Cleaning up...
INFO:sc2.sc2process:Cleanup complete
INFO:sc2.sc2process:Cleaning up...
INFO:sc2.sc2process:Cleanup complete
INFO:sc2.protocol:Client status changed to Status.launched (was Status.ended)
INFO:sc2.protocol:Cannot receive: Connection already closed.
INFO:sc2.sc2process:kill_switch: Process cleanup
INFO:sc2.sc2process:Cleaning up...
INFO:sc2.sc2process:Cleanup complete
INFO:sc2.sc2process:Cleaning up...
INFO:sc2.sc2process:Cleanup complete


## STDERR ##

Version: B75689 (SC2.4.10)
Build: Aug 12 2019 17:16:57
Command Line: '"/home/hspark8312/StarCraftII/Versions/Base75689/SC2_x64" -listen 127.0.0.1 -port 16228 -displayMode 0 -dataDir /home/hspark8312/StarCraftII -tempDir /tmp/SC2_vg1e9hj2'
Starting up...
Startup Phase 1 complete
Version: B75689 (SC2.4.10)
Build: Aug 12 2019 17:16:57
Command Line: '"/home/hspark8312/StarCraftII/Versions/Base75689/SC2_x64" -listen 127.0.0.1 -port 23790 -displayMode 0 -dataDir /home/hspark8312/StarCraftII -tempDir /tmp/SC2__32qkzgx'
Starting up...
Startup Phase 1 complete
Startup Phase 2 complete
Creating stub renderer...
Listening on: 127.0.0.1:16228
Startup Phase 3 complete. Ready for commands.
Startup Phase 2 complete
Creating stub renderer...
ConnectHandler: Request from 127.0.0.1:54964 accepted
ReadyHandler: 127.0.0.1:54964 ready
Listening on: 127.0.0.1:23790
Startup Phase 3 complete. Ready for commands.
Requesting to join a multiplayer game
Configuring interface options
Configure: raw interface enabled
Configure: feature layer interface enabled
Configure: score interface enabled
Configure: render interface disabled
ConnectHandler: Request from 127.0.0.1:54965 accepted
ReadyHandler: 127.0.0.1:54965 ready
Requesting to join a multiplayer game
Configuring interface options
Configure: raw interface enabled
Configure: feature layer interface enabled
Configure: score interface enabled
Configure: render interface disabled
Create game with map path: NCFellowship-2019_m1_v6.SC2Map
Attempting to join a game with the map: NCFellowship-2019_m1_v6.SC2Map
Game has started.
Using default stable ids, none found at: /home/hspark8312/StarCraftII/stableid.json
Successfully loaded stable ids: GameData\stableid.json
Sending ResponseJoinGame
Game has started.
Using default stable ids, none found at: /home/hspark8312/StarCraftII/stableid.json
Successfully loaded stable ids: GameData\stableid.json
Sending ResponseJoinGame
RequestQuit command received.
Closing Application...
/home/hspark8312/anaconda3/envs/sc2/lib/python3.6/importlib/_bootstrap.py:219: RuntimeWarning: numpy.ufunc size changed, may indicate binary incompatibility. Expected 192 from C header, got 216 from PyObject
  return f(*args, **kwds)
/home/hspark8312/anaconda3/envs/sc2/lib/python3.6/importlib/_bootstrap.py:219: RuntimeWarning: numpy.ufunc size changed, may indicate binary incompatibility. Expected 192 from C header, got 216 from PyObject
  return f(*args, **kwds)
/home/hspark8312/anaconda3/envs/sc2/lib/python3.6/site-packages/tensorboard/compat/tensorflow_stub/dtypes.py:541: FutureWarning: Passing (type, 1) or '1type' as a synonym of type is deprecated; in a future version of numpy, it will be understood as (type, (1,)) / '(1,)type'.
  _np_qint8 = np.dtype([("qint8", np.int8, 1)])
/home/hspark8312/anaconda3/envs/sc2/lib/python3.6/site-packages/past/builtins/misc.py:45: DeprecationWarning: the imp module is deprecated in favour of importlib; see the module's documentation for alternative uses
  from imp import reload
/mnt/d/sc2minigame-eval-2020-01-09/bots/Showing_bot/speedBot.py:1643: RuntimeWarning: coroutine 'TerreinManager.debug' was never awaited
  self.terrein_manager.debug()
/mnt/d/sc2minigame-eval-2020-01-09/bots/kinai/test_bot.py:644: RuntimeWarning: coroutine 'Debuging.normal_step' was never awaited
  self.normal_step(unit, units)
