## STDOUT ##

[[92mINFO[0m] SC2 4.9.0 용 패치 적용
패치 sc2.ids.ability_id
패치 sc2.game_state
패치 sc2.bot_ai
패치 sc2.client
패치 sc2.controller
패치 sc2.main
INFO:root:Failed to import cuda module: No module named 'caffe2.python.caffe2_pybind11_state_gpu'
INFO:root:Failed to import AMD hip module: No module named 'caffe2.python.caffe2_pybind11_state_hip'
WARNING:root:This caffe2 python run does not have GPU support. Will run in CPU only mode.
INFO:sc2.protocol:Client status changed to Status.launched (was None)
INFO:sc2_patch.sc2_patch_490.controller:Creating new game
INFO:sc2_patch.sc2_patch_490.controller:Map:     NCFellowship-2019_m1_v6
INFO:sc2_patch.sc2_patch_490.controller:Players: Bot(Race.Terran, <bots.kinai.test_bot.TestBot object at 0x7f95e34f3198>), Bot(Race.Terran, <bots.maru.q_bot.QBot object at 0x7f95e0ed9f60>)
INFO:sc2.protocol:Client status changed to Status.init_game (was Status.launched)
INFO:sc2.protocol:Client status changed to Status.launched (was None)
INFO:sc2.protocol:Client status changed to Status.in_game (was None)
INFO:root:Player 2 - Bot(Race.Terran, <bots.maru.q_bot.QBot object at 0x7f95e0ed9f60>)
TEST: 2, <bots.maru.q_bot.QBot object at 0x7f95e0ed9f60>
INFO:sc2.protocol:Client status changed to Status.in_game (was None)
INFO:root:Player 1 - Bot(Race.Terran, <bots.kinai.test_bot.TestBot object at 0x7f95e34f3198>)
TEST: 1, <bots.kinai.test_bot.TestBot object at 0x7f95e34f3198>
model file does not exists: bots/nc_example_v7/models/model-89.pt
INFO:sc2.protocol:Client status changed to Status.ended (was Status.in_game)
INFO:sc2.protocol:Client status changed to Status.ended (was Status.in_game)
INFO:root:Result for player 1 - Bot(Race.Terran, <bots.kinai.test_bot.TestBot object at 0x7f95e34f3198>): Defeat
INFO:root:Result for player 2 - Bot(Race.Terran, <bots.maru.q_bot.QBot object at 0x7f95e0ed9f60>): Victory
INFO:sc2.client:Saved replay to outs/2020-01-17T11-28-03/replays/kinai-maru/kinai-maru-0.SC2Replay
INFO:sc2.protocol:Client status changed to Status.launched (was Status.ended)
INFO:sc2.protocol:Client status changed to Status.quit (was Status.launched)
INFO:sc2.sc2process:kill_switch: Process cleanup
INFO:sc2.sc2process:Cleaning up...
INFO:sc2.sc2process:Cleanup complete
INFO:sc2.sc2process:Cleaning up...
INFO:sc2.sc2process:Cleanup complete
INFO:sc2.protocol:Cannot receive: Connection already closed.
INFO:sc2.sc2process:kill_switch: Process cleanup
INFO:sc2.sc2process:Cleaning up...
INFO:sc2.sc2process:Cleanup complete
INFO:sc2.sc2process:Cleaning up...
INFO:sc2.sc2process:Cleanup complete


## STDERR ##

Version: B75689 (SC2.4.10)
Build: Aug 12 2019 17:16:57
Command Line: '"/home/hspark8312/StarCraftII/Versions/Base75689/SC2_x64" -listen 127.0.0.1 -port 22376 -displayMode 0 -dataDir /home/hspark8312/StarCraftII -tempDir /tmp/SC2_kdrxz4n8'
Starting up...
Startup Phase 1 complete
Version: B75689 (SC2.4.10)
Build: Aug 12 2019 17:16:57
Command Line: '"/home/hspark8312/StarCraftII/Versions/Base75689/SC2_x64" -listen 127.0.0.1 -port 20518 -displayMode 0 -dataDir /home/hspark8312/StarCraftII -tempDir /tmp/SC2_e8l17s9w'
Starting up...
Startup Phase 1 complete
Startup Phase 2 complete
Creating stub renderer...
Listening on: 127.0.0.1:22376
Startup Phase 3 complete. Ready for commands.
Startup Phase 2 complete
Creating stub renderer...
ConnectHandler: Request from 127.0.0.1:49319 accepted
ReadyHandler: 127.0.0.1:49319 ready
Requesting to join a multiplayer game
Configuring interface options
Configure: raw interface enabled
Configure: feature layer interface enabled
Configure: score interface enabled
Configure: render interface disabled
Create game with map path: NCFellowship-2019_m1_v6.SC2Map
Listening on: 127.0.0.1:20518
Startup Phase 3 complete. Ready for commands.
ConnectHandler: Request from 127.0.0.1:49320 accepted
ReadyHandler: 127.0.0.1:49320 ready
Requesting to join a multiplayer game
Configuring interface options
Configure: raw interface enabled
Configure: feature layer interface enabled
Configure: score interface enabled
Configure: render interface disabled
Attempting to join a game with the map: NCFellowship-2019_m1_v6.SC2Map
Game has started.
Using default stable ids, none found at: /home/hspark8312/StarCraftII/stableid.json
Successfully loaded stable ids: GameData\stableid.json
Sending ResponseJoinGame
Game has started.
Using default stable ids, none found at: /home/hspark8312/StarCraftII/stableid.json
Successfully loaded stable ids: GameData\stableid.json
Sending ResponseJoinGame
RequestQuit command received.
Closing Application...
CloseHandler: 127.0.0.1:49320 disconnected
Terminate action already called.
/home/hspark8312/anaconda3/envs/sc2/lib/python3.6/importlib/_bootstrap.py:219: RuntimeWarning: numpy.ufunc size changed, may indicate binary incompatibility. Expected 192 from C header, got 216 from PyObject
  return f(*args, **kwds)
/home/hspark8312/anaconda3/envs/sc2/lib/python3.6/importlib/_bootstrap.py:219: RuntimeWarning: numpy.ufunc size changed, may indicate binary incompatibility. Expected 192 from C header, got 216 from PyObject
  return f(*args, **kwds)
/home/hspark8312/anaconda3/envs/sc2/lib/python3.6/site-packages/tensorboard/compat/tensorflow_stub/dtypes.py:541: FutureWarning: Passing (type, 1) or '1type' as a synonym of type is deprecated; in a future version of numpy, it will be understood as (type, (1,)) / '(1,)type'.
  _np_qint8 = np.dtype([("qint8", np.int8, 1)])
/home/hspark8312/anaconda3/envs/sc2/lib/python3.6/site-packages/past/builtins/misc.py:45: DeprecationWarning: the imp module is deprecated in favour of importlib; see the module's documentation for alternative uses
  from imp import reload
/mnt/d/sc2minigame-eval-2020-01-09/bots/kinai/test_bot.py:644: RuntimeWarning: coroutine 'Debuging.normal_step' was never awaited
  self.normal_step(unit, units)
