## STDOUT ##

[[92mINFO[0m] SC2 4.9.0 용 패치 적용
패치 sc2.ids.ability_id
패치 sc2.game_state
패치 sc2.bot_ai
패치 sc2.client
패치 sc2.controller
패치 sc2.main
INFO:root:Failed to import cuda module: No module named 'caffe2.python.caffe2_pybind11_state_gpu'
INFO:root:Failed to import AMD hip module: No module named 'caffe2.python.caffe2_pybind11_state_hip'
WARNING:root:This caffe2 python run does not have GPU support. Will run in CPU only mode.
cpu
INFO:sc2.protocol:Client status changed to Status.launched (was None)
INFO:sc2.protocol:Client status changed to Status.launched (was None)
INFO:sc2_patch.sc2_patch_490.controller:Creating new game
INFO:sc2_patch.sc2_patch_490.controller:Map:     NCFellowship-2019_m1_v6
INFO:sc2_patch.sc2_patch_490.controller:Players: Bot(Race.Terran, <bots.Showing_bot.speedBot.MarinBot object at 0x7f0a4f098f28>), Bot(Race.Terran, <bots.keai.inho_bot_final.ReaperBot object at 0x7f0a4003ff28>)
INFO:sc2.protocol:Client status changed to Status.init_game (was Status.launched)
INFO:sc2.protocol:Client status changed to Status.in_game (was None)
INFO:root:Player 2 - Bot(Race.Terran, <bots.keai.inho_bot_final.ReaperBot object at 0x7f0a4003ff28>)
TEST: 2, <bots.keai.inho_bot_final.ReaperBot object at 0x7f0a4003ff28>
INFO:sc2.protocol:Client status changed to Status.in_game (was None)
INFO:root:Player 1 - Bot(Race.Terran, <bots.Showing_bot.speedBot.MarinBot object at 0x7f0a4f098f28>)
TEST: 1, <bots.Showing_bot.speedBot.MarinBot object at 0x7f0a4f098f28>
load model: bots/Showing_bot/models/model-89.pt
create new model
0.04524399997899309 0.002726000006077811
0.04524399997899309 0.0
0.04461599999922328 0.0021869999764021486
0.04461599999922328 1.00000761449337e-06
0.044147999986307696 0.0012879999994765967
0.044147999986307696 0.0
0.044390999973984435 0.0011980000126641244
0.044390999973984435 0.0
0.04432700001052581 0.001340999995591119
0.04432700001052581 0.0
0.04452399999718182 0.001096000021789223
0.04452399999718182 0.0
0.044649000017670915 0.0011449999874457717
0.044649000017670915 0.0
0.04435599999851547 0.0010849999962374568
0.04435599999851547 1.00000761449337e-06
0.044270999991567805 0.0011470000026747584
0.044270999991567805 0.0
0.044320000015432015 0.001074999978300184
0.044320000015432015 1.00000761449337e-06
0.044331999990390614 0.0011829999857582152
0.044331999990390614 0.0
0.04417300000204705 0.001086999982362613
0.04417300000204705 0.0
0.04425999999511987 0.0010850000253412873
0.04425999999511987 0.0
0.044408999994629994 0.0013099999923724681
0.044408999994629994 9.999785106629133e-07
0.044399999984307215 0.00112900001113303
0.044399999984307215 9.999785106629133e-07
0.044243000011192635 0.001101000001654029
0.044243000011192635 1.00000761449337e-06
0.04455500000040047 0.0011999999987892807
0.04455500000040047 0.0
0.044261999981245026 0.001113000005716458
0.044261999981245026 0.0
0.04462100000819191 0.0010929999989457428
0.04462100000819191 0.0
0.0443680000025779 0.0011750000121537596
0.0443680000025779 1.00000761449337e-06
0.04682499999762513 0.001344000018434599
0.04682499999762513 0.0
0.0466139999916777 0.0011959999974351376
0.0466139999916777 0.0
0.04686799997580238 0.001260999997612089
0.04686799997580238 0.0
0.046960000006947666 0.0013190000026952475
0.046960000006947666 0.0
0.04700099999899976 0.0012960000021848828
0.04700099999899976 0.0
0.04676999998628162 0.0012489999935496598
0.04676999998628162 0.0
0.04641700000502169 0.001230999972904101
0.04641700000502169 1.00000761449337e-06
0.046560000017052516 0.0011450000165496022
0.046560000017052516 0.0
0.04684399999678135 0.0012329999881330878
0.04684399999678135 0.0
0.04716499999631196 0.0013179999950807542
0.04716499999631196 0.0
0.04672699997900054 0.0012040000001434237
0.04672699997900054 1.00000761449337e-06
0.04643099999520928 0.0011839999933727086
0.04643099999520928 0.0
0.04655400000046939 0.0027419999823905528
0.04655400000046939 1.00000761449337e-06
0.04696799998055212 0.0015450000064447522
0.04696799998055212 0.0
0.04667099998914637 0.0012169999827165157
0.04667099998914637 0.0
0.04890200000954792 0.001281000004382804
0.04890200000954792 1.00000761449337e-06
0.04922600000281818 0.0012330000172369182
0.04922600000281818 0.0
0.04943700000876561 0.0012109999952372164
0.04943700000876561 0.0
0.0492859999940265 0.0012949999945703894
0.0492859999940265 1.00000761449337e-06
0.04910299999755807 0.0012449999921955168
0.04910299999755807 0.0
changed strategy
0.06318800000008196 0.0017520000110380352
0.06318800000008196 1.00000761449337e-06
0.07037400000263005 0.001804999978048727
0.07037400000263005 0.0
0.06854400000884198 0.0017389999993611127
0.06854400000884198 0.0
0.06907399999909103 0.0016659999964758754
0.06907399999909103 0.0
0.06213299999944866 0.0013920000055804849
0.06213299999944866 9.999785106629133e-07
0.07257499999832362 0.0019520000205375254
0.07257499999832362 0.0
0.0724540000082925 0.001832999987527728
0.0724540000082925 1.00000761449337e-06
0.06968399998731911 0.0018069999932777137
0.06968399998731911 0.0
0.0702129999990575 0.0016999999934341758
0.0702129999990575 0.0
0.06948399997781962 0.0017339999903924763
0.06948399997781962 0.0
0.07339299999875948 0.004354000004241243
0.07339299999875948 0.0
0.07230699999490753 0.001967999996850267
0.07230699999490753 1.00000761449337e-06
0.07260899999528192 0.001436999998986721
0.07260899999528192 0.0
0.07280100000207312 0.0019960000063292682
0.07280100000207312 0.0
0.07449100000667386 0.001808000000892207
0.07449100000667386 0.0
0.07640300001366995 0.0018280000076629221
0.07640300001366995 0.0
0.07495199999539182 0.002154999994672835
0.07495199999539182 0.0
0.07079399999929592 0.001771000010194257
0.07079399999929592 1.00000761449337e-06
0.07229799998458475 0.0017970000044442713
0.07229799998458475 0.0
0.07269499998074025 0.0018609999970067292
0.07269499998074025 1.00000761449337e-06
0.07490099998540245 0.0020690000092145056
0.07490099998540245 0.0
0.05375300001469441 0.00133200001437217
0.05375300001469441 0.0
0.05496499998844229 0.001340999995591119
0.05496499998844229 0.0
0.05218200001399964 0.0013029999972786754
0.05218200001399964 0.0
0.05159499999717809 0.0012620000052265823
0.05159499999717809 0.0
0.052242000005207956 0.0013119999784976244
0.052242000005207956 0.0
0.0514289999846369 0.0012620000052265823
0.0514289999846369 0.0
0.05165499998838641 0.0012639999913517386
0.05165499998838641 0.0
0.05228299999726005 0.001289999985601753
0.05228299999726005 1.00000761449337e-06
0.06960899999830872 0.001863000012235716
0.06960899999830872 0.0
0.07863699999870732 0.0020650000078603625
0.07863699999870732 0.0
0.07754699999350123 0.0020699999877251685
0.07754699999350123 0.0
0.07720800000242889 0.0019620000093709677
0.07720800000242889 1.00000761449337e-06
0.054825999977765605 0.0013150000013411045
0.054825999977765605 0.0
0.054081000009318814 0.0013250000192783773
0.054081000009318814 0.0
0.05447999999159947 0.0013340000004973263
0.05447999999159947 0.0
0.0541850000154227 0.0013000000035390258
0.0541850000154227 0.0
0.05895000000600703 0.0034100000048056245
0.05895000000600703 0.0
0.059403999999631196 0.001820000004954636
0.059403999999631196 9.999785106629133e-07
0.05642999999690801 0.001572999986819923
0.05642999999690801 0.0
0.0670490000047721 0.0020200000144541264
0.0670490000047721 0.0
0.056533000024501234 0.0014559999981429428
0.056533000024501234 0.0
0.054386000003432855 0.0013590000162366778
0.054386000003432855 0.0
0.05397799998172559 0.0015310000162571669
0.05397799998172559 0.0
0.051466999982949346 0.0013390000094659626
0.051466999982949346 0.0
0.053933999995933846 0.0015150000108405948
0.053933999995933846 0.0
0.05411299999104813 0.001703000016277656
0.05411299999104813 0.0
0.053841000015381724 0.0017559999832883477
0.053841000015381724 1.00000761449337e-06
0.05392299999948591 0.0014580000133719295
0.05392299999948591 1.00000761449337e-06
0.054281000018818304 0.0017619999998714775
0.054281000018818304 0.0
0.04931700002634898 0.001504000014392659
0.04931700002634898 1.00000761449337e-06
0.04961600000387989 0.0014769999834243208
0.04961600000387989 0.0
0.04903799999738112 0.0014669999945908785
0.04903799999738112 1.00000761449337e-06
0.049580999999307096 0.0017639999859966338
0.049580999999307096 0.0
0.04682200000388548 0.0013050000125076622
0.04682200000388548 0.0
0.04703499999595806 0.00128900000709109
0.04703499999595806 1.00000761449337e-06
0.046906999981729314 0.0012149999965913594
0.046906999981729314 0.0
0.04707099997904152 0.001197000005049631
0.04707099997904152 0.0
0.047110000014072284 0.0012109999952372164
0.047110000014072284 0.0
0.04675300000235438 0.0012909999932162464
0.04675300000235438 1.00000761449337e-06
0.049436000001151115 0.0013170000165700912
0.049436000001151115 0.0
0.050986999995075166 0.001273999980185181
0.050986999995075166 0.0
0.04915099998470396 0.0012170000118203461
0.04915099998470396 9.999785106629133e-07
0.0491889999830164 0.0012459999998100102
0.0491889999830164 0.0
0.0492909999738913 0.0012320000096224248
0.0492909999738913 9.999785106629133e-07
0.0489909999887459 0.001225999993039295
0.0489909999887459 0.0
0.049353000009432435 0.001225999993039295
0.049353000009432435 1.00000761449337e-06
0.04909900002530776 0.0012590000114869326
0.04909900002530776 1.00000761449337e-06
0.04913100000703707 0.0012029999925289303
0.04913100000703707 1.00000761449337e-06
0.049540000007255 0.0013599999947473407
0.049540000007255 1.00000761449337e-06
0.053057000011904165 0.0017789999837987125
0.053057000011904165 0.0
0.04937599998083897 0.0012430000060703605
0.04937599998083897 0.0
0.04897400000481866 0.0011969999759458005
0.04897400000481866 1.00000761449337e-06
0.04899700000532903 0.0012149999965913594
0.04899700000532903 1.00000761449337e-06
0.049204999988432974 0.001256000017747283
0.049204999988432974 1.00000761449337e-06
0.0493819999974221 0.0012400000123307109
0.0493819999974221 0.0
0.050518999982159585 0.0012630000128410757
0.050518999982159585 0.0
0.04936400000588037 0.0012390000047162175
0.04936400000588037 0.0
0.049487999989651144 0.0012629999837372452
0.049487999989651144 0.0
0.04904600000008941 0.0012400000123307109
0.04904600000008941 0.0
0.06866900000022724 0.0019320000137668103
0.06866900000022724 0.0
0.05280599999241531 0.001324000011663884
0.05280599999241531 1.00000761449337e-06
0.07169000001158565 0.001849999971454963
0.07169000001158565 0.0
0.05193299998063594 0.0013299999991431832
0.05193299998063594 1.00000761449337e-06
0.06135199998971075 0.0018900000141002238
0.06135199998971075 1.00000761449337e-06
0.07453699997859076 0.0020369999983813614
0.07453699997859076 0.0
0.05255699998815544 0.0013069999986328185
0.05255699998815544 0.0
0.05162700000801124 0.0012719999940600246
0.05162700000801124 0.0
0.05218499997863546 0.00128900000709109
0.05218499997863546 0.0
0.052072999998927116 0.0015230000135488808
0.052072999998927116 0.0
0.05187799999839626 0.0012829999905079603
0.05187799999839626 1.00000761449337e-06
0.0519849999982398 0.0013090000138618052
0.0519849999982398 0.0
0.051475999993272126 0.0013130000152159482
0.051475999993272126 0.0
0.05162499999278225 0.0013109999999869615
0.05162499999278225 9.999785106629133e-07
0.05150900001171976 0.001293999986955896
0.05150900001171976 0.0
0.05439100001240149 0.0014509999891743064
0.05439100001240149 0.0
0.05440200000884943 0.0013340000004973263
0.05440200000884943 0.0
0.05440200000884943 0.0013340000004973263
0.05440200000884943 9.999785106629133e-07
0.05464200000278652 0.0013109999999869615
0.05464200000278652 0.0
0.054887000005692244 0.0013800000015180558
0.054887000005692244 0.0
0.054681000008713454 0.0015269999857991934
0.054681000008713454 1.00000761449337e-06
0.05484899997827597 0.0014850000152364373
0.05484899997827597 0.0
0.05469799999264069 0.001524999999674037
0.05469799999264069 1.00000761449337e-06
0.05433900002390146 0.0013670000189449638
0.05433900002390146 0.0
0.05415599999832921 0.0013130000152159482
0.05415599999832921 9.999785106629133e-07
0.05403599998680875 0.0013040000048931688
0.05403599998680875 0.0
0.05411600001389161 0.0013399999879766256
0.05411600001389161 0.0
0.05422699998598546 0.0013430000108201057
0.05422699998598546 1.00000761449337e-06
0.054348999983631074 0.0013350000081118196
0.054348999983631074 0.0
0.054600999981630594 0.0013340000004973263
0.054600999981630594 9.999785106629133e-07
0.05683600000338629 0.0014749999972991645
0.05683600000338629 9.999785106629133e-07
0.05649399998947047 0.0013679999974556267
0.05649399998947047 1.00000761449337e-06
0.0565679999999702 0.0013700000126846135
0.0565679999999702 9.999785106629133e-07
0.05659699998795986 0.0015300000086426735
0.05659699998795986 0.0
0.056320999981835485 0.0013630000175908208
0.056320999981835485 0.0
0.05639400001382455 0.0014079999818932265
0.05639400001382455 1.00000761449337e-06
0.05693399999290705 0.0014469999878201634
0.05693399999290705 1.00000761449337e-06
0.05694000000949018 0.001377999986289069
0.05694000000949018 0.0
0.05681400001049042 0.0014349999837577343
0.05681400001049042 1.00000761449337e-06
0.056561000004876405 0.0013669999898411334
0.056561000004876405 1.00000761449337e-06
0.06683299998985603 0.0015779999957885593
0.06683299998985603 1.00000761449337e-06
0.05873799999244511 0.001656999986153096
0.05873799999244511 0.0
0.056791999988490716 0.0016220000106841326
0.056791999988490716 0.0
0.05645099998218939 0.001512999995611608
0.05645099998218939 0.0
0.05667600000742823 0.0017630000074859709
0.05667600000742823 0.0
0.05743699998129159 0.0015779999957885593
0.05743699998129159 9.999785106629133e-07
0.06433599998126738 0.002039999992121011
0.06433599998126738 0.0
0.06327300000702962 0.0016279999981634319
0.06327300000702962 1.00000761449337e-06
0.07615899998927489 0.0019730000058189034
0.07615899998927489 1.00000761449337e-06
0.06019999997806735 0.001660000008996576
0.06019999997806735 0.0
0.06773700000485405 0.00200899998890236
0.06773700000485405 1.00000761449337e-06
0.0671730000176467 0.002330999996047467
0.0671730000176467 0.0
0.06031900001107715 0.001416000013705343
0.06031900001107715 1.00000761449337e-06
0.06088100001215935 0.0016080000204965472
0.06088100001215935 1.00000761449337e-06
0.09323500000755303 0.005616000009467825
0.09323500000755303 1.00000761449337e-06
0.09014200000092387 0.00608500000089407
0.09014200000092387 9.999785106629133e-07
0.09398700000019744 0.0053990000160411
0.09398700000019744 0.0
0.10042800000519492 0.005998000007821247
0.10042800000519492 0.0
0.10117999999783933 0.005590999993728474
0.10117999999783933 1.00000761449337e-06
0.10427999999956228 0.004469000006793067
0.10427999999956228 9.999785106629133e-07
0.10797000001184642 0.005781000014394522
0.10797000001184642 0.0
0.08909200000925921 0.002222000010078773
0.08909200000925921 0.0
0.09032799999113195 0.0022210000024642795
0.09032799999113195 1.00000761449337e-06
0.0898260000103619 0.0022029999818187207
0.0898260000103619 0.0
0.09121899999445304 0.0022569999855477363
0.09121899999445304 0.0
0.08850399998482317 0.0021680000063497573
0.08850399998482317 0.0
0.07089600001927465 0.0017630000074859709
0.07089600001927465 0.0
0.07012600000598468 0.0018489999929443002
0.07012600000598468 0.0
0.0681990000011865 0.0017130000051110983
0.0681990000011865 0.0
0.0720339999825228 0.0017520000110380352
0.0720339999825228 0.0
0.07063500001095235 0.0016989999858196825
0.07063500001095235 0.0
0.07235799997579306 0.0018099999870173633
0.07235799997579306 1.00000761449337e-06
0.06961199999204837 0.001984000002266839
0.06961199999204837 0.0
0.07186600001296028 0.001967999996850267
0.07186600001296028 1.00000761449337e-06
0.07006399999954738 0.0017819999775383621
0.07006399999954738 1.00000761449337e-06
0.0725220000022091 0.0017700000025797635
0.0725220000022091 1.00000761449337e-06
0.07076699999743141 0.0017210000078193843
0.07076699999743141 0.0
0.06966900001862086 0.0017290000105276704
0.06966900001862086 9.999785106629133e-07
0.06932600002619438 0.0017020000086631626
0.06932600002619438 1.00000761449337e-06
0.0694870000006631 0.0016710000054445118
0.0694870000006631 0.0
0.09207700000843033 0.0023540000256616622
0.09207700000843033 0.0
0.07039399998029694 0.0016980000073090196
0.07039399998029694 0.0
0.06945700000505894 0.0017010000010486692
0.06945700000505894 0.0
0.08097400001133792 0.0018910000217147171
0.08097400001133792 0.0
0.09463499998673797 0.002355000004172325
0.09463499998673797 1.00000761449337e-06
0.0718969999870751 0.0017229999939445406
0.0718969999870751 1.00000761449337e-06
0.07166399998823181 0.0017499999958090484
0.07166399998823181 0.0
0.07357999999658205 0.0017769999976735562
0.07357999999658205 1.00000761449337e-06
0.09689600000274368 0.0026369999977760017
0.09689600000274368 9.999785106629133e-07
0.09490599998389371 0.002793999999994412
0.09490599998389371 0.0
0.09240799999679439 0.0019420000026002526
0.09240799999679439 1.00000761449337e-06
0.11345699999947101 0.003081000002566725
0.11345699999947101 1.00000761449337e-06
0.08694999999715947 0.0022350000217556953
0.08694999999715947 1.00000761449337e-06
0.10367899999255314 0.0030540000007022172
0.10367899999255314 0.0
0.11051199998473749 0.006083000014768913
0.11051199998473749 1.00000761449337e-06
0.11515300002065487 0.006063999986508861
0.11515300002065487 0.0
0.11423800000920892 0.0030949999927543104
0.11423800000920892 0.0
0.10261299999547191 0.0025160000077448785
0.10261299999547191 1.00000761449337e-06
0.09760200002347119 0.0023680000158492476
0.09760200002347119 0.0
0.09340199999860488 0.0023079999955371022
0.09340199999860488 0.0
0.09610699999029748 0.0024369999882765114
0.09610699999029748 9.999785106629133e-07
0.0957289999932982 0.0024339999945368618
0.0957289999932982 0.0
0.08790500002214685 0.0021050000214017928
0.08790500002214685 0.0
0.07352800000808202 0.0017880000232253224
0.07352800000808202 1.00000761449337e-06
0.07353100000182167 0.0018399999826215208
0.07353100000182167 0.0
0.07389599998714402 0.0018090000085067004
0.07389599998714402 0.0
0.07475999998860061 0.0018259999924339354
0.07475999998860061 0.0
0.07401199999731034 0.001771000010194257
0.07401199999731034 0.0
0.07395900000119582 0.001804999978048727
0.07395900000119582 0.0
0.0745349999924656 0.0018130000098608434
0.0745349999924656 0.0
0.07356900000013411 0.001795999996829778
0.07356900000013411 0.0
0.0739400000020396 0.0018440000130794942
0.0739400000020396 1.00000761449337e-06
0.07398400001693517 0.0017940000107046217
0.07398400001693517 0.0
0.0744330000015907 0.0018449999915901572
0.0744330000015907 1.00000761449337e-06
0.07393100002082065 0.001795999996829778
0.07393100002082065 1.00000761449337e-06
0.07395800002268516 0.0018390000041108578
0.07395800002268516 1.00000761449337e-06
0.07368100000894628 0.0017510000034235418
0.07368100000894628 0.0
0.07445600000210106 0.0018780000100377947
0.07445600000210106 0.0
0.07430999999633059 0.0018180000188294798
0.07430999999633059 0.0
0.0743640000000596 0.001799999998183921
0.0743640000000596 1.00000761449337e-06
0.09706100000767037 0.0025920000043697655
0.09706100000767037 0.0
0.07443000000785105 0.0018609999970067292
0.07443000000785105 0.0
0.0741600000183098 0.001771000010194257
0.0741600000183098 9.999785106629133e-07
0.07390300001134165 0.0018000000272877514
0.07390300001134165 0.0
0.07402600001660176 0.0017779999761842191
0.07402600001660176 1.00000761449337e-06
0.07685400001355447 0.001834000024246052
0.07685400001355447 0.0
0.07708400001865812 0.0018900000141002238
0.07708400001865812 0.0
0.0764680000138469 0.001824999984819442
0.0764680000138469 1.00000761449337e-06
0.07748200002242811 0.0020650000078603625
0.07748200002242811 9.999785106629133e-07
0.07951199999661185 0.0018500000005587935
0.07951199999661185 0.0
0.0768990000069607 0.0018789999885484576
0.0768990000069607 9.999785106629133e-07
0.07877799999550916 0.0018859999836422503
0.07877799999550916 1.00000761449337e-06
0.0834560000221245 0.0020300000032875687
0.0834560000221245 0.0
0.08476999998674728 0.002099999983329326
0.08476999998674728 0.0
0.08365599997341633 0.002043999993475154
0.08365599997341633 0.0
0.08913700000266545 0.002554999984567985
0.08913700000266545 1.00000761449337e-06
0.10171000001719221 0.0022560000070370734
0.10171000001719221 0.0
0.09409599998616613 0.002957999997306615
0.09409599998616613 0.0
0.09320500001194887 0.002283000008901581
0.09320500001194887 1.00000761449337e-06
0.10388500001863576 0.0025759999989531934
0.10388500001863576 0.0
0.0941119999915827 0.0023170000058598816
0.0941119999915827 9.999785106629133e-07
0.10534499998902902 0.0022320000280160457
0.10534499998902902 1.00000761449337e-06
0.09946900000795722 0.0024080000002868474
0.09946900000795722 9.999785106629133e-07
0.09256900000036694 0.002330000017536804
0.09256900000036694 0.0
0.10363399999914691 0.002367000008234754
0.10363399999914691 0.0
0.09281099998042919 0.0030780000088270754
0.09281099998042919 0.0
0.09070200001588091 0.002183000004151836
0.09070200001588091 0.0
0.09627999999793246 0.003081000002566725
0.09627999999793246 0.0
0.1162320000003092 0.0033400000247638673
0.1162320000003092 0.0
0.09249699997599237 0.0021840000117663294
0.09249699997599237 0.0
0.12253000002237968 0.0026450000004842877
0.12253000002237968 0.0
0.10353399999439716 0.002705999999307096
0.10353399999439716 9.999785106629133e-07
0.11489699999219738 0.006498999980976805
0.11489699999219738 1.00000761449337e-06
0.12111300000105985 0.006981000013183802
0.12111300000105985 1.00000761449337e-06
0.12361800001235679 0.003505999979097396
0.12361800001235679 0.0
0.12695000000530854 0.003136999992420897
0.12695000000530854 0.0
0.10899099998641759 0.002714000002015382
0.10899099998641759 0.0
0.1086829999985639 0.002653000003192574
0.1086829999985639 1.00000761449337e-06
0.10840800000005402 0.0026490000018384308
0.10840800000005402 0.0
0.10857800001394935 0.002662000013515353
0.10857800001394935 0.0
0.11026300000958145 0.002642999985255301
0.11026300000958145 9.999785106629133e-07
0.09861099999397993 0.002406999992672354
0.09861099999397993 0.0
0.09381699998630211 0.0022210000024642795
0.09381699998630211 1.00000761449337e-06
0.08864700002595782 0.0021840000117663294
0.08864700002595782 0.0
0.08953000002657063 0.0021680000063497573
0.08953000002657063 0.0
0.09195400000317022 0.0022659999958705157
0.09195400000317022 0.0
0.09146299998974428 0.0022259999823290855
0.09146299998974428 1.00000761449337e-06
0.09141699998872355 0.002183999982662499
0.09141699998872355 1.00000761449337e-06
0.09050900000147521 0.00217500000144355
0.09050900000147521 1.00000761449337e-06
0.09099900000728667 0.002171000000089407
0.09099900000728667 0.0
0.09138600001460873 0.0022699999972246587
0.09138600001460873 1.00000761449337e-06
0.12278100001276471 0.002974000002723187
0.12278100001276471 0.0
0.10572399999364279 0.002578999992692843
0.10572399999364279 0.0
0.12042099999962375 0.006779999996069819
0.12042099999962375 0.0
0.1261499999964144 0.0071820000011939555
0.1261499999964144 9.999785106629133e-07
0.13260000001173466 0.0076370000024326146
0.13260000001173466 1.00000761449337e-06
0.13564800002495758 0.007585000013932586
0.13564800002495758 0.0
0.11342300000251271 0.0028319999983068556
0.11342300000251271 0.0
0.11330999998608604 0.0027839999820571393
0.11330999998608604 1.00000761449337e-06
0.11077999998815358 0.002681999991182238
0.11077999998815358 0.0
0.11258899999666028 0.0027540000155568123
0.11258899999666028 0.0
0.11253199999919161 0.0027289999998174608
0.11253199999919161 1.00000761449337e-06
0.10111200000392273 0.002511999977286905
0.10111200000392273 9.999785106629133e-07
0.09076000002096407 0.002206000004662201
0.09076000002096407 0.0
0.09122999999090098 0.0022069999831728637
0.09122999999090098 1.00000761449337e-06
0.09359400000539608 0.0022800000151619315
0.09359400000539608 0.0
0.09434199999668635 0.002454000001307577
0.09434199999668635 0.0
0.0941119999915827 0.002357999997911975
0.0941119999915827 0.0
0.09370500000659376 0.002338999998755753
0.09370500000659376 0.0
0.09374599999864586 0.0023600000131409615
0.09374599999864586 1.00000761449337e-06
0.09402699998463504 0.002402999991318211
0.09402699998463504 1.00000761449337e-06
0.09349400000064634 0.002275999984703958
0.09349400000064634 1.00000761449337e-06
0.09368100002757274 0.0023919999948702753
0.09368100002757274 0.0
0.0933880000084173 0.0022560000070370734
0.0933880000084173 9.999785106629133e-07
0.09356600002502091 0.002238999994006008
0.09356600002502091 0.0
0.09375400000135414 0.002445999998599291
0.09375400000135414 0.0
0.09424500001478009 0.0023250000085681677
0.09424500001478009 0.0
0.09135800000512972 0.002226000011432916
0.09135800000512972 0.0
0.08841799999936484 0.002115999988745898
0.08841799999936484 1.00000761449337e-06
0.08863399998517707 0.0021520000009331852
0.08863399998517707 0.0
0.09351599999354221 0.002263000002130866
0.09351599999354221 0.0
0.09391200001118705 0.002318999991985038
0.09391200001118705 0.0
0.09400700000696816 0.0022909999825060368
0.09400700000696816 9.999785106629133e-07
0.09374700000626035 0.00225800002226606
0.09374700000626035 1.00000761449337e-06
0.09343099998659454 0.002343999978620559
0.09343099998659454 0.0
0.09334099999978207 0.0023030000156722963
0.09334099999978207 9.999785106629133e-07
0.09303699998417869 0.0023250000085681677
0.09303699998417869 1.00000761449337e-06
0.09342900000046939 0.0022739999985788018
0.09342900000046939 1.00000761449337e-06
0.09283999999752268 0.0022769999923184514
0.09283999999752268 1.00000761449337e-06
0.09331099997507408 0.002291000011609867
0.09331099997507408 0.0
0.09375800000270829 0.0022049999970477074
0.09375800000270829 1.00000761449337e-06
0.09351799997966737 0.002275000006193295
0.09351799997966737 0.0
0.09345899999607354 0.002285000024130568
0.09345899999607354 0.0
0.09377700000186451 0.002366000000620261
0.09377700000186451 1.00000761449337e-06
0.09343899998930283 0.002211000013630837
0.09343899998930283 0.0
0.09568700002273545 0.0024010000051930547
0.09568700002273545 1.00000761449337e-06
0.09644399999524467 0.002382999984547496
0.09644399999524467 9.999785106629133e-07
0.09662900000694208 0.002406000014161691
0.09662900000694208 0.0
0.09605999998166226 0.002447999984724447
0.09605999998166226 0.0
0.0962790000194218 0.002363000006880611
0.0962790000194218 0.0
0.09535699998377822 0.0024449999909847975
0.09535699998377822 0.0
0.09343300000182353 0.002314999990630895
0.09343300000182353 0.0
0.09347100000013597 0.002267999981995672
0.09347100000013597 1.00000761449337e-06
0.09339100000215694 0.0022290000051725656
0.09339100000215694 0.0
0.09358800001791678 0.002310000010766089
0.09358800001791678 1.00000761449337e-06
0.09579500000108965 0.0024420000263489783
0.09579500000108965 0.0
0.09544799997820519 0.0023999999975785613
0.09544799997820519 0.0
0.09600700001465157 0.002410000015515834
0.09600700001465157 0.0
0.09607500000856817 0.0024050000065471977
0.09607500000856817 9.999785106629133e-07
0.09589799999957904 0.0024019999837037176
0.09589799999957904 0.0
0.09861999997519888 0.0024130000092554837
0.09861999997519888 1.00000761449337e-06
0.09941799999796785 0.0024130000092554837
0.09941799999796785 0.0
0.10330899999826215 0.002426000020932406
0.10330899999826215 1.00000761449337e-06
0.09857299999566749 0.0023990000190678984
0.09857299999566749 0.0
0.09897500000079162 0.0024039999989327043
0.09897500000079162 0.0
0.10097500000847504 0.002550000004703179
0.10097500000847504 0.0
0.09857599998940714 0.002359000005526468
0.09857599998940714 0.0
0.09891299999435432 0.0023970000038389117
0.09891299999435432 0.0
0.098400999995647 0.00257800001418218
0.098400999995647 0.0
0.09831699999631383 0.0024110000231303275
0.09831699999631383 0.0
0.1308580000186339 0.00322099999175407
0.1308580000186339 0.0
0.09781700000166893 0.0023769999970681965
0.09781700000166893 0.0
0.09652700001606718 0.002355000004172325
0.09652700001606718 9.999785106629133e-07
0.09535699998377822 0.0023710000095888972
0.09535699998377822 0.0
0.09790399999474175 0.002359999984037131
0.09790399999474175 0.0
0.0958600000012666 0.0023769999970681965
0.0958600000012666 0.0
0.09588999999687076 0.0023499999952036887
0.09588999999687076 0.0
0.09540399999241345 0.0024259999918285757
0.09540399999241345 0.0
0.09601999999722466 0.00245800000266172
0.09601999999722466 1.00000761449337e-06
0.09584399999585003 0.0023930000024847686
0.09584399999585003 1.00000761449337e-06
0.0983950000081677 0.002343000000109896
0.0983950000081677 0.0
0.09873600001446903 0.0024550000089220703
0.09873600001446903 1.00000761449337e-06
0.09787100000539795 0.002326000016182661
0.09787100000539795 1.00000761449337e-06
0.0984279999975115 0.002370000001974404
0.0984279999975115 0.0
0.09832200000528246 0.0023729999957140535
0.09832200000528246 1.00000761449337e-06
0.09852200001478195 0.0023800000199116766
0.09852200001478195 0.0
0.10154599999077618 0.0025569999997969717
0.10154599999077618 1.00000761449337e-06
0.09887399998842739 0.002443999983370304
0.09887399998842739 1.00000761449337e-06
0.09808799999882467 0.002370000001974404
0.09808799999882467 0.0
0.09840000001713634 0.0023769999970681965
0.09840000001713634 1.00000761449337e-06
0.10083499999018386 0.0024249999842140824
0.10083499999018386 0.0
0.1012300000002142 0.0024600000178907067
0.1012300000002142 0.0
0.10052099998574704 0.002474999986588955
0.10052099998574704 0.0
0.10070500001893379 0.002419999975245446
0.10070500001893379 0.0
0.10036199999740347 0.002379999990807846
0.10036199999740347 0.0
0.10037699999520555 0.002521999995224178
0.10037699999520555 0.0
0.10133100001257844 0.0024699999776203185
0.10133100001257844 9.999785106629133e-07
0.10186500000418164 0.0024360000097658485
0.10186500000418164 1.00000761449337e-06
0.10059899999760091 0.0024510000075679272
0.10059899999760091 0.0
0.10084299999289215 0.0024689999991096556
0.10084299999289215 1.00000761449337e-06
0.10147399999550544 0.0023999999975785613
0.10147399999550544 0.0
0.1015649999899324 0.0027629999967757612
0.1015649999899324 0.0
0.10171099999570288 0.002449999999953434
0.10171099999570288 9.999785106629133e-07
0.09769500000402331 0.0023919999948702753
0.09769500000402331 0.0
0.098599999997532 0.0024130000092554837
0.098599999997532 1.00000761449337e-06
0.10106799998902716 0.0024299999931827188
0.10106799998902716 0.0
0.10061799999675713 0.002427999977953732
0.10061799999675713 0.0
0.10122300000512041 0.002418999996734783
0.10122300000512041 0.0
0.10083900002064183 0.002449999999953434
0.10083900002064183 1.00000761449337e-06
0.10207100000116043 0.002478000009432435
0.10207100000116043 9.999785106629133e-07
0.1221769999829121 0.0025840000016614795
0.1221769999829121 0.0
0.10074699998949654 0.002422999998088926
0.10074699998949654 1.00000761449337e-06
0.10211300000082701 0.0024059999850578606
0.10211300000082701 0.0
0.10083599999779835 0.0024219999904744327
0.10083599999779835 0.0
0.10090300001320429 0.002422999998088926
0.10090300001320429 0.0
0.1041129999794066 0.0024689999991096556
0.1041129999794066 0.0
0.10314199997810647 0.002505000011296943
0.10314199997810647 0.0
0.10316800000146031 0.0024799999955575913
0.10316800000146031 0.0
0.10397999998531304 0.0024890000058803707
0.10397999998531304 0.0
0.10420499998144805 0.0024919999996200204
0.10420499998144805 0.0
0.10371299998951145 0.002458999981172383
0.10371299998951145 1.00000761449337e-06
0.13471800001570955 0.0034730000188574195
0.13471800001570955 0.0
0.11590200001955964 0.002740000025369227
0.11590200001955964 1.00000761449337e-06
0.14289299998199567 0.008403999992879108
0.14289299998199567 0.0
0.1488649999955669 0.008331999997608364
0.1488649999955669 1.00000761449337e-06
0.14678599999751896 0.004503000003751367
0.14678599999751896 9.999785106629133e-07
0.12306600000010803 0.0029630000062752515
0.12306600000010803 0.0
0.12352600001031533 0.0029990000184625387
0.12352600001031533 0.0
0.12696899997536093 0.0031000000017229468
0.12696899997536093 0.0
0.1228910000063479 0.002989000000525266
0.1228910000063479 0.0
0.12268099997891113 0.0030030000198166817
0.12268099997891113 0.0
0.11090699999476783 0.0026350000116508454
0.11090699999476783 1.00000761449337e-06
0.11036399999284185 0.0026880000077653676
0.11036399999284185 0.0
0.11059600001317449 0.0026649999781511724
0.11059600001317449 1.00000761449337e-06
0.11113400000613183 0.0027159999881405383
0.11113400000613183 0.0
0.11084899998968467 0.0027079999854322523
0.11084899998968467 0.0
0.11021100002108142 0.0026379999762866646
0.11021100002108142 0.0
0.1103490000241436 0.0026990000042133033
0.1103490000241436 0.0
0.11054599998169579 0.0026660000148694962
0.11054599998169579 1.00000761449337e-06
0.11616100001265295 0.0026920000091195107
0.11616100001265295 0.0
0.11266199999954551 0.0027460000128485262
0.11266199999954551 0.0
0.11285299999872223 0.0027709999994840473
0.11285299999872223 0.0
0.11384400000679307 0.002718000003369525
0.11384400000679307 0.0
0.11412700000801124 0.002746999991359189
0.11412700000801124 0.0
0.11052799999015406 0.0026249999937135726
0.11052799999015406 0.0
0.1133679999911692 0.002689999993890524
0.1133679999911692 0.0
0.11284899999736808 0.0029900000081397593
0.11284899999736808 0.0
0.11328400002093986 0.0027449999761302024
0.11328400002093986 0.0
0.11338600001181476 0.0027030000055674464
0.11338600001181476 1.00000761449337e-06
0.14368199999444187 0.0036019999824929982
0.14368199999444187 0.0
0.15237100000376813 0.0036580000014510006
0.15237100000376813 1.00000761449337e-06
0.15070500000729226 0.0027680000057443976
0.15070500000729226 9.999785106629133e-07
0.1489280000096187 0.003656999993836507
0.1489280000096187 0.0
0.15039799999794923 0.0036780000082217157
0.15039799999794923 1.00000761449337e-06
0.14876200002618134 0.0037050000100862235
0.14876200002618134 2.1000014385208488e-05
0.15227699998649769 0.003739999985555187
0.15227699998649769 0.0
0.15440999998827465 0.004044000001158565
0.15440999998827465 0.0
0.14805000001797453 0.004020000022137538
0.14805000001797453 0.0
0.11633299998356961 0.002837000007275492
0.11633299998356961 1.00000761449337e-06
0.11502600001404062 0.0028649999876506627
0.11502600001404062 0.0
0.1194639999885112 0.0028750000055879354
0.1194639999885112 0.0
0.1182519999856595 0.0028569999849423766
0.1182519999856595 0.0
0.11499599998933263 0.0028649999876506627
0.11499599998933263 0.0
0.11676299999817275 0.002798000001348555
0.11676299999817275 0.0
0.11508499999763444 0.0028319999983068556
0.11508499999763444 0.0
0.11844300001394004 0.002892999997129664
0.11844300001394004 0.0
0.11673999999766238 0.002841999987140298
0.11673999999766238 9.999785106629133e-07
0.11404899999615736 0.0027520000003278255
0.11404899999615736 1.00000761449337e-06
0.11287000001175329 0.002714000002015382
0.11287000001175329 0.0
0.11314299999503419 0.0027249999984633178
0.11314299999503419 0.0
0.13009799999417737 0.0030140000162646174
0.13009799999417737 1.00000761449337e-06
0.1480169999995269 0.0039019999967422336
0.1480169999995269 0.0
0.15299299999605864 0.0037339999980758876
0.15299299999605864 9.999785106629133e-07
0.15310100000351667 0.0037899999879300594
0.15310100000351667 0.0
0.14795800001593307 0.0029949999880045652
0.14795800001593307 1.00000761449337e-06
0.14206700000795536 0.0036359999794512987
0.14206700000795536 1.00000761449337e-06
0.1482069999910891 0.003963999974075705
0.1482069999910891 1.00000761449337e-06
0.15361599999596365 0.0038739999872632325
0.15361599999596365 9.999785106629133e-07
0.15376000001560897 0.0038179999974090606
0.15376000001560897 1.00000761449337e-06
0.1531470000045374 0.003788999980315566
0.1531470000045374 0.0
0.15655899999546818 0.003923000011127442
0.15655899999546818 0.0
0.11594799999147654 0.0028030000103171915
0.11594799999147654 1.00000761449337e-06
0.11578500000177883 0.0027640000043902546
0.11578500000177883 0.0
0.1167600000044331 0.002945999993244186
0.1167600000044331 0.0
0.11754900001687929 0.0028359999996609986
0.11754900001687929 1.00000761449337e-06
0.11574899998959154 0.002773000014713034
0.11574899998959154 1.00000761449337e-06
0.11578399999416433 0.002808999997796491
0.11578399999416433 9.999785106629133e-07
0.11537899999530055 0.002853000012692064
0.11537899999530055 0.0
0.11512999999104068 0.002773000014713034
0.11512999999104068 1.00000761449337e-06
0.11525700002675876 0.002818999986629933
0.11525700002675876 0.0
0.16329500000574626 0.004090000002179295
0.16329500000574626 9.999785106629133e-07
0.11795200000051409 0.0028529999835882336
0.11795200000051409 1.00000761449337e-06
0.11812200001440942 0.0028389999934006482
0.11812200001440942 0.0
0.11790300000575371 0.0028409999795258045
0.11790300000575371 0.0
0.11803099999087863 0.002865000016754493
0.11803099999087863 0.0
0.11812900000950322 0.002853999991202727
0.11812900000950322 0.0
0.11765199998626485 0.002865999995265156
0.11765199998626485 0.0
0.11845400001038797 0.0028750000055879354
0.11845400001038797 9.999785106629133e-07
0.11830900001223199 0.0028369999781716615
0.11830900001223199 1.00000761449337e-06
0.11815500000375323 0.0028099999763071537
0.11815500000375323 0.0
0.11799599998630583 0.0028769999917130917
0.11799599998630583 0.0
0.1182610000250861 0.0028600000077858567
0.1182610000250861 0.0
0.11825200001476333 0.0028759999840985984
0.11825200001476333 9.999785106629133e-07
0.1267119999974966 0.003045999997993931
0.1267119999974966 1.00000761449337e-06
0.14119900000514463 0.003496999997878447
0.14119900000514463 0.0
0.1493870000122115 0.00382700000773184
0.1493870000122115 1.00000761449337e-06
0.15223200002219528 0.009279999998398125
0.15223200002219528 0.0
0.15360900000086986 0.0039320000214502215
0.15360900000086986 9.999785106629133e-07
0.16442600000300445 0.009849000023677945
0.16442600000300445 0.0
0.1631739999866113 0.004516999993938953
0.1631739999866113 1.00000761449337e-06
0.1592720000189729 0.0038699999859090894
0.1592720000189729 0.0
0.15241800001240335 0.003731000004336238
0.15241800001240335 9.999785106629133e-07
0.14716600000974722 0.004067999980179593
0.14716600000974722 1.00000761449337e-06
0.1462699999974575 0.003595999995013699
0.1462699999974575 0.0
0.14489700002013706 0.004086999979335815
0.14489700002013706 0.0
0.1396989999921061 0.003579999989597127
0.1396989999921061 0.0
0.12975000002188608 0.003253000002587214
0.12975000002188608 0.0
0.13134700001683086 0.003558000025805086
0.13134700001683086 1.00000761449337e-06
0.1285619999980554 0.003249000001233071
0.1285619999980554 0.0
0.12338699999963865 0.003300000011222437
0.12338699999963865 0.0
0.12059600002248771 0.003120000008493662
0.12059600002248771 0.0
0.11746099998708814 0.0031709999893791974
0.11746099998708814 1.00000761449337e-06
0.11707899998873472 0.0028919999895151705
0.11707899998873472 0.0
0.11501700000371784 0.002837999985786155
0.11501700000371784 0.0
0.1141160000115633 0.0027790000021923333
0.1141160000115633 0.0
0.10752599997795187 0.002666999993380159
0.10752599997795187 9.999785106629133e-07
0.10865300000295974 0.0026849999849218875
0.10865300000295974 0.0
0.10804500000085682 0.0027289999998174608
0.10804500000085682 0.0
0.10772700002416968 0.0029999999969732016
0.10772700002416968 0.0
0.1088410000083968 0.0029159999976400286
0.1088410000083968 1.00000761449337e-06
0.14939700000104494 0.004152999987127259
0.14939700000104494 0.0
0.1108150000218302 0.0029260000155773014
0.1108150000218302 0.0
0.10101100002066232 0.00261799999861978
0.10101100002066232 1.00000761449337e-06
0.10106800001813099 0.002422000019578263
0.10106800001813099 0.0
0.10369899999932386 0.002710999979171902
0.10369899999932386 0.0
0.09825199999613687 0.0024400000111199915
0.09825199999613687 1.00000761449337e-06
0.10067099999287166 0.0026619999844115227
0.10067099999287166 9.999785106629133e-07
0.10218399998848327 0.0033589999948162585
0.10218399998848327 1.00000761449337e-06
0.1217739999992773 0.0033669999975245446
0.1217739999992773 0.0
0.13051000001723878 0.003236999997170642
0.13051000001723878 0.0
0.14259199998923577 0.0037629999860655516
0.14259199998923577 0.0
0.10654799998155795 0.002888999995775521
0.10654799998155795 0.0
0.10587800000212155 0.0026310000102967024
0.10587800000212155 0.0
0.10050000000046566 0.0024889999767765403
0.10050000000046566 0.0
0.0988599999982398 0.002410000015515834
0.0988599999982398 0.0
0.0985309999960009 0.0025040000036824495
0.0985309999960009 0.0
0.0980039999994915 0.0023950000177137554
0.0980039999994915 1.00000761449337e-06
0.09883299999637529 0.0024470000062137842
0.09883299999637529 0.0
0.09813300002133474 0.002422999998088926
0.09813300002133474 0.0
0.09814800001913682 0.00245800000266172
0.09814800001913682 0.0
0.1305280000087805 0.0033890000195242465
0.1305280000087805 0.0
0.137763000006089 0.0034389999927952886
0.137763000006089 1.00000761449337e-06
0.12806999997701496 0.0032099999953061342
0.12806999997701496 0.0
0.13011700002243742 0.00318100000731647
0.13011700002243742 0.0
0.116520000010496 0.002738999988650903
0.116520000010496 1.00000761449337e-06
0.09662900000694208 0.0024030000204220414
0.09662900000694208 0.0
0.10099099998478778 0.002490999992005527
0.10099099998478778 1.9999861251562834e-06
0.09824399999342859 0.002455999987432733
0.09824399999342859 0.0
0.09579000002122484 0.0024560000165365636
0.09579000002122484 0.0
0.0935919999901671 0.0023079999955371022
0.0935919999901671 1.00000761449337e-06
0.09581400000024587 0.002374000003328547
0.09581400000024587 0.0
0.09564000001410022 0.0024150000244844705
0.09564000001410022 1.00000761449337e-06
0.09416400000918657 0.002406999992672354
0.09416400000918657 0.0
0.09352100000251085 0.0023019999789539725
0.09352100000251085 0.0
0.09168599999975413 0.0024179999891202897
0.09168599999975413 1.00000761449337e-06
0.10643499999423511 0.002435000002151355
0.10643499999423511 1.00000761449337e-06
0.0991259999864269 0.0026929999876301736
0.0991259999864269 0.0
0.09432699999888428 0.0032500000088475645
0.09432699999888428 9.999785106629133e-07
0.09354999999050051 0.00229800000670366
0.09354999999050051 0.0
0.0899900000076741 0.002410999994026497
0.0899900000076741 1.00000761449337e-06
0.09813199998461641 0.0023769999970681965
0.09813199998461641 1.00000761449337e-06
0.0911760000162758 0.002523000002838671
0.0911760000162758 1.00000761449337e-06
0.08738900002208538 0.002306000009411946
0.08738900002208538 0.0
0.0927860000228975 0.002318000013474375
0.0927860000228975 1.00000761449337e-06
0.0890369999979157 0.0023320000036619604
0.0890369999979157 1.00000761449337e-06
0.08947199999238364 0.0024489999923389405
0.08947199999238364 0.0
0.08563100002356805 0.0020400000212248415
0.08563100002356805 0.0
0.09217000001808628 0.0020930000173393637
0.09217000001808628 1.00000761449337e-06
0.08153299998957664 0.0021969999943394214
0.08153299998957664 0.0
0.08483199999318458 0.002382000006036833
0.08483199999318458 1.00000761449337e-06
0.08575999998720363 0.002302999986568466
0.08575999998720363 1.00000761449337e-06
0.08635199998388998 0.0021009999909438193
0.08635199998388998 0.0
0.09337499999674037 0.002394000010099262
0.09337499999674037 1.00000761449337e-06
0.08478199999080971 0.002099000004818663
0.08478199999080971 0.0
0.08813499999814667 0.002214000007370487
0.08813499999814667 9.999785106629133e-07
0.08137400000123307 0.0019970000139437616
0.08137400000123307 1.00000761449337e-06
0.0809939999890048 0.001947999990079552
0.0809939999890048 0.0
0.08113100001355633 0.0020340000046417117
0.08113100001355633 0.0
0.08319400000618771 0.0020329999970272183
0.08319400000618771 0.0
0.08168200001819059 0.001976999978069216
0.08168200001819059 0.0
0.08405999999376945 0.0020920000097248703
0.08405999999376945 0.0
0.0843520000053104 0.0020530000037979335
0.0843520000053104 9.999785106629133e-07
0.08396300001186319 0.0020579999836627394
0.08396300001186319 0.0
0.0835019999940414 0.0020409999997355044
0.0835019999940414 0.0
0.08406199997989461 0.002064000000245869
0.08406199997989461 0.0
0.08437700002104975 0.002143999998224899
0.08437700002104975 0.0
0.10553799997433089 0.0021969999943394214
0.10553799997433089 0.0
0.09188699998776428 0.002154999994672835
0.09188699998776428 1.00000761449337e-06
0.09044199998606928 0.002494000014849007
0.09044199998606928 1.00000761449337e-06
0.08873099999618717 0.0022680000110995024
0.08873099999618717 0.0
0.08562200001324527 0.002159999974537641
0.08562200001324527 9.999785106629133e-07
0.09004599999752827 0.0023440000077243894
0.09004599999752827 0.0
0.08857399999396876 0.0022049999970477074
0.08857399999396876 0.0
0.08984899998176843 0.0021220000053290278
0.08984899998176843 0.0
0.08414900000207126 0.0020859999931417406
0.08414900000207126 0.0
0.08649200000218116 0.002154000016162172
0.08649200000218116 0.0
0.09136399999260902 0.0021760000090580434
0.09136399999260902 1.00000761449337e-06
0.09097399999154732 0.0022699999972246587
0.09097399999154732 0.0
0.09143999998923391 0.00225499999942258
0.09143999998923391 0.0
0.09228000001166947 0.002282000001287088
0.09228000001166947 1.00000761449337e-06
0.12904699999489821 0.003571000008378178
0.12904699999489821 0.0
0.09645399998407811 0.0024839999969117343
0.09645399998407811 1.00000761449337e-06
0.09686799999326468 0.002418999996734783
0.09686799999326468 0.0
0.0961949999909848 0.0024299999931827188
0.0961949999909848 9.999785106629133e-07
0.09569099999498576 0.00245199998607859
0.09569099999498576 0.0
0.09822700000950135 0.0024000000266823918
0.09822700000950135 1.00000761449337e-06
0.09901600002194755 0.002769000013358891
0.09901600002194755 0.0
0.09607299999333918 0.0023560000117868185
0.09607299999333918 1.00000761449337e-06
0.09738299998571165 0.002390000008745119
0.09738299998571165 0.0
0.096813000011025 0.0024080000002868474
0.096813000011025 1.00000761449337e-06
0.0967229999951087 0.002455999987432733
0.0967229999951087 1.00000761449337e-06
0.09091800000169314 0.002291000011609867
0.09091800000169314 1.00000761449337e-06
0.09083699999609962 0.0022569999855477363
0.09083699999609962 1.00000761449337e-06
0.088675000006333 0.002150999993318692
0.088675000006333 0.0
0.08849000002373941 0.0021320000232663006
0.08849000002373941 0.0
0.08878000002005138 0.002199999988079071
0.08878000002005138 0.0
0.0893989999894984 0.002214000007370487
0.0893989999894984 0.0
0.08899200000450946 0.0021969999943394214
0.08899200000450946 0.0
0.08849699998972937 0.0021880000131204724
0.08849699998972937 0.0
0.08833299999241717 0.002203999989433214
0.08833299999241717 0.0
0.09186299997963943 0.0022949999838601798
0.09186299997963943 0.0
0.09082199999829754 0.002210000006016344
0.09082199999829754 0.0
0.09163199999602512 0.0022210000024642795
0.09163199999602512 0.0
0.09077599999727681 0.002162000018870458
0.09077599999727681 0.0
0.09084400002029724 0.0023540000256616622
0.09084400002029724 9.999785106629133e-07
0.09421899999142624 0.002382000006036833
0.09421899999142624 0.0
0.0975040000048466 0.0024919999996200204
0.0975040000048466 9.999785106629133e-07
0.09587300001294352 0.0024939999857451767
0.09587300001294352 1.00000761449337e-06
0.09548899999936111 0.0027740000223275274
0.09548899999936111 1.00000761449337e-06
0.09460300000500865 0.002577000006567687
0.09460300000500865 1.00000761449337e-06
0.09914199999184348 0.0023769999970681965
0.09914199999184348 1.00000761449337e-06
0.1015659999975469 0.002597000013338402
0.1015659999975469 0.0
0.10230499997851439 0.002642000006744638
0.10230499997851439 0.0
0.10051399999065325 0.0030109999934211373
0.10051399999065325 1.00000761449337e-06
0.10127299997839145 0.002355000004172325
0.10127299997839145 1.00000761449337e-06
0.11256599999614991 0.003157999977702275
0.11256599999614991 9.999785106629133e-07
0.10776600000099279 0.002746999991359189
0.10776600000099279 0.0
0.09961100001237355 0.0024050000065471977
0.09961100001237355 0.0
0.09567700000479817 0.002693999995244667
0.09567700000479817 1.00000761449337e-06
0.10013799997977912 0.002515000000130385
0.10013799997977912 1.00000761449337e-06
0.09675200001220219 0.0023159999982453883
0.09675200001220219 1.00000761449337e-06
0.09703000000445172 0.0023709999804850668
0.09703000000445172 0.0
0.09448500000871718 0.0023139999830164015
0.09448500000871718 9.999785106629133e-07
0.09406599999056198 0.0022539999918080866
0.09406599999056198 0.0
0.09420399999362417 0.0022529999841935933
0.09420399999362417 1.00000761449337e-06
0.09657799999695271 0.0023440000077243894
0.09657799999695271 9.999785106629133e-07
0.09945300000254065 0.002435000002151355
0.09945300000254065 0.0
0.1011280000093393 0.0024510000075679272
0.1011280000093393 0.0
0.10206200001994148 0.002509000012651086
0.10206200001994148 9.999785106629133e-07
0.10182200002600439 0.002449999999953434
0.10182200002600439 0.0
0.1033179999794811 0.002593999990494922
0.1033179999794811 1.00000761449337e-06
0.10603100000298582 0.002642999985255301
0.10603100000298582 1.00000761449337e-06
0.10615899998811074 0.002640000020619482
0.10615899998811074 0.0
0.10336400000960566 0.0026040000084321946
0.10336400000960566 1.00000761449337e-06
0.1042709999892395 0.00258100000792183
0.1042709999892395 1.00000761449337e-06
0.10627499999827705 0.002601000014692545
0.10627499999827705 0.0
0.10314700001617894 0.002546999981859699
0.10314700001617894 0.0
0.10327000002143905 0.002564000023994595
0.10327000002143905 1.00000761449337e-06
0.10124499999801628 0.00245199998607859
0.10124499999801628 0.0
0.09894399999757297 0.002402000012807548
0.09894399999757297 0.0
0.09900699998252094 0.0023999999975785613
0.09900699998252094 0.0
0.09857999999076128 0.0024630000116303563
0.09857999999076128 1.00000761449337e-06
0.09893999999621883 0.002445999998599291
0.09893999999621883 0.0
0.09905499999877065 0.002730000007431954
0.09905499999877065 0.0
0.1040039999934379 0.0025880000030156225
0.1040039999934379 0.0
0.11582500001532026 0.003173000004608184
0.11582500001532026 1.00000761449337e-06
0.11440199997741729 0.0027830000035464764
0.11440199997741729 0.0
0.11365400001523085 0.0027820000250358135
0.11365400001523085 1.00000761449337e-06
0.11860400001751259 0.0035379999899305403
0.11860400001751259 0.0
0.11954099999275059 0.0029919999942649156
0.11954099999275059 0.0
0.12298799998825416 0.00310400000307709
0.12298799998825416 0.0
0.11341799999354407 0.002810000005410984
0.11341799999354407 1.00000761449337e-06
0.1142239999899175 0.0029759999888483435
0.1142239999899175 0.0
0.11347499999101274 0.002749999985098839
0.11347499999101274 0.0
0.11387000000104308 0.002834999992046505
0.11387000000104308 9.999785106629133e-07
0.1073900000192225 0.0026609999767970294
0.1073900000192225 0.0
0.10156299997470342 0.0026289999950677156
0.10156299997470342 0.0
0.10187799998675473 0.002539999986765906
0.10187799998675473 0.0
0.10093200000119396 0.0024139999877661467
0.10093200000119396 1.00000761449337e-06
0.10081599999102764 0.002449999999953434
0.10081599999102764 1.00000761449337e-06
0.13678800000343472 0.003372000006493181
0.13678800000343472 0.0
0.10609399998793378 0.0025479999894741923
0.10609399998793378 1.00000761449337e-06
0.10323400000925176 0.0024979999870993197
0.10323400000925176 0.0
0.10339699999894947 0.002529999997932464
0.10339699999894947 0.0
0.10453300000517629 0.0025440000172238797
0.10453300000517629 1.00000761449337e-06
0.10380199999781325 0.0025240000104531646
0.10380199999781325 0.0
0.10383600002387539 0.0024760000233072788
0.10383600002387539 0.0
0.10380700000678189 0.002465000026859343
0.10380700000678189 1.00000761449337e-06
0.10398300000815652 0.0025489999970886856
0.10398300000815652 1.00000761449337e-06
0.10388300000340678 0.002634000004036352
0.10388300000340678 0.0
0.10351400001673028 0.002494000014849007
0.10351400001673028 0.0
0.10392999998293817 0.0024819999816827476
0.10392999998293817 1.00000761449337e-06
0.13764599998830818 0.0035140000109095126
0.13764599998830818 0.0
0.10584500001277775 0.0025200000090990216
0.10584500001277775 1.00000761449337e-06
0.1255770000279881 0.0032829999981913716
0.1255770000279881 0.0
0.12267599999904633 0.0030199999746400863
0.12267599999904633 0.0
0.12554599999566562 0.003185000008670613
0.12554599999566562 0.0
0.12499100001878105 0.0030710000137332827
0.12499100001878105 0.0
0.12567300000227988 0.0030869999900460243
0.12567300000227988 0.0
0.1317389999749139 0.0034020000020973384
0.1317389999749139 0.0
0.12807299999985844 0.003171000018483028
0.12807299999985844 9.999785106629133e-07
0.12722299998858944 0.003080000024056062
0.12722299998858944 1.00000761449337e-06
0.12800300001981668 0.0032489999721292406
0.12800300001981668 1.00000761449337e-06
0.12758699999540113 0.003129999997327104
0.12758699999540113 1.00000761449337e-06
0.12865999998757616 0.00326399999903515
0.12865999998757616 1.00000761449337e-06
0.12148099998012185 0.0029990000184625387
0.12148099998012185 0.0
0.1155049999943003 0.002781999995931983
0.1155049999943003 0.0
0.1153749999939464 0.0028009999950882047
0.1153749999939464 0.0
0.11321199999656528 0.0027439999976195395
0.11321199999656528 0.0
0.11322200001450256 0.0027319999935571104
0.11322200001450256 0.0
0.10777800000505522 0.0026289999950677156
0.10777800000505522 1.00000761449337e-06
0.10989100000006147 0.0026450000004842877
0.10989100000006147 0.0
0.10807300001033582 0.0026409999991301447
0.10807300001033582 0.0
0.10926399999880232 0.0026670000224839896
0.10926399999880232 0.0
0.1079570000001695 0.002653000003192574
0.1079570000001695 0.0
0.1084229999978561 0.0026230000075884163
0.1084229999978561 1.00000761449337e-06
0.10831300000427291 0.002605999994557351
0.10831300000427291 0.0
0.10821499998564832 0.002601999993203208
0.10821499998564832 0.0
0.10854500002460554 0.0026280000165570527
0.10854500002460554 1.00000761449337e-06
0.10792700000456534 0.0025790000217966735
0.10792700000456534 0.0
0.13969099998939782 0.0036240000044927
0.13969099998939782 0.0
0.15408100001513958 0.003775999997742474
0.15408100001513958 0.0
0.14640800000051968 0.002877000020816922
0.14640800000051968 0.0
0.11075100000016391 0.002662000013515353
0.11075100000016391 0.0
0.1208489999989979 0.0029149999900255352
0.1208489999989979 9.999785106629133e-07
0.12574699998367578 0.003045999997993931
0.12574699998367578 1.00000761449337e-06
0.12851099998806603 0.003129999997327104
0.12851099998806603 0.0
0.13360699999611825 0.003324999997857958
0.13360699999611825 9.999785106629133e-07
0.12955400001374073 0.003153999976348132
0.12955400001374073 9.999785106629133e-07
0.1262319999805186 0.0030909999914001673
0.1262319999805186 1.00000761449337e-06
0.1282200000132434 0.0031239999807439744
0.1282200000132434 1.00000761449337e-06
0.1283590000239201 0.003129999997327104
0.1283590000239201 0.0
0.12514499999815598 0.003033999993931502
0.12514499999815598 1.00000761449337e-06
0.11595000000670552 0.002769999991869554
0.11595000000670552 0.0
0.11316100001567975 0.0027199999894946814
0.11316100001567975 1.00000761449337e-06
0.11337000000639819 0.002781999995931983
0.11337000000639819 0.0
0.11360700000659563 0.0028369999781716615
0.11360700000659563 0.0
0.11312299998826347 0.0027399999962653965
0.11312299998826347 9.999785106629133e-07
0.11316800001077354 0.0026990000042133033
0.11316800001077354 0.0
0.11357200000202283 0.0027540000155568123
0.11357200000202283 0.0
0.11381899999105372 0.0027520000003278255
0.11381899999105372 9.999785106629133e-07
0.11309200001414865 0.0027209999971091747
0.11309200001414865 0.0
0.1136570000089705 0.002733000001171604
0.1136570000089705 0.0
0.11367299998528324 0.002678999997442588
0.11367299998528324 0.0
0.11392900001374073 0.002714999980526045
0.11392900001374073 0.0
0.11815500000375323 0.002796000015223399
0.11815500000375323 0.0
0.12297599998419173 0.0030519999854732305
0.12297599998419173 0.0
0.12353700000676326 0.0029529999883379787
0.12353700000676326 0.0
0.12323199998354539 0.002956000011181459
0.12323199998354539 0.0
0.12456100000417791 0.0030039999983273447
0.12456100000417791 0.0
0.12880599999334663 0.0031250000174622983
0.12880599999334663 1.00000761449337e-06
0.12773700000252575 0.0030450000194832683
0.12773700000252575 0.0
0.12818300002254546 0.0030740000074729323
0.12818300002254546 9.999785106629133e-07
0.1263770000077784 0.003028000006452203
0.1263770000077784 0.0
0.1260809999948833 0.003033000015420839
0.1260809999948833 0.0
0.12664400000358 0.002989000000525266
0.12664400000358 1.00000761449337e-06
0.12620200001401827 0.0030079999996814877
0.12620200001401827 0.0
0.1293500000028871 0.003081000002566725
0.1293500000028871 0.0
0.1183970000129193 0.002892000018619001
0.1183970000129193 0.0
0.117740000016056 0.002886000002035871
0.117740000016056 0.0
0.13632599997799844 0.0030109999934211373
0.13632599997799844 0.0
0.11777300000539981 0.0028500000189524144
0.11777300000539981 1.00000761449337e-06
0.11776999998255633 0.0027929999923799187
0.11776999998255633 0.0
0.11911300002248026 0.002888000017264858
0.11911300002248026 0.0
0.11842099999194033 0.002793999999994412
0.11842099999194033 0.0
0.11828600001172163 0.002841999987140298
0.11828600001172163 0.0
0.11806800001068041 0.0028260000108275563
0.11806800001068041 0.0
0.11764499999117106 0.002822999987984076
0.11764499999117106 0.0
0.11777700000675395 0.0028469999961089343
0.11777700000675395 1.00000761449337e-06
0.11858799998299219 0.002837000007275492
0.11858799998299219 0.0
0.12148299999535084 0.002865999995265156
0.12148299999535084 0.0
0.12019600000348873 0.0029820000054314733
0.12019600000348873 9.999785106629133e-07
0.12101000000257045 0.002933999989181757
0.12101000000257045 0.0
0.12016099999891594 0.0029519999807234854
0.12016099999891594 0.0
0.12047200000961311 0.0029100000101607293
0.12047200000961311 0.0
0.12111199999344535 0.002935000025900081
0.12111199999344535 0.0
0.12149600000702776 0.002952000009827316
0.12149600000702776 0.0
0.12041099998168647 0.0028990000137127936
0.12041099998168647 1.00000761449337e-06
0.12144000001717359 0.0029079999949317425
0.12144000001717359 0.0
0.1683140000095591 0.004203999997116625
0.1683140000095591 0.0
0.14075699998647906 0.003651000006357208
0.14075699998647906 0.0
0.12348300000303425 0.0030209999822545797
0.12348300000303425 0.0
0.12310199998319149 0.0030060000135563314
0.12310199998319149 0.0
0.1401940000068862 0.003181999985827133
0.1401940000068862 0.0
0.13565599999856204 0.0033079999848268926
0.13565599999856204 0.0
0.1520580000069458 0.004074000025866553
0.1520580000069458 0.0
0.14486999998916872 0.0037770000053569674
0.14486999998916872 0.0
0.15115099999820814 0.003911000007065013
0.15115099999820814 0.0
0.15156100000604056 0.0036179999879095703
0.15156100000604056 1.00000761449337e-06
0.15108099998906255 0.003727999981492758
0.15108099998906255 0.0
0.14003300000331365 0.0034100000048056245
0.14003300000331365 0.0
0.1404960000072606 0.003636999987065792
0.1404960000072606 0.0
0.13914799998747185 0.0033440000261180103
0.13914799998747185 1.00000761449337e-06
0.1380879999778699 0.0033629999961704016
0.1380879999778699 0.0
0.1391740000108257 0.0033970000222325325
0.1391740000108257 0.0
0.12998199998401105 0.003132999991066754
0.12998199998401105 0.0
0.12772799999220297 0.0030630000110249966
0.12772799999220297 1.00000761449337e-06
0.12848799998755567 0.0030160000023897737
0.12848799998755567 0.0
0.12940299999900162 0.003173999983118847
0.12940299999900162 0.0
0.13016999998944812 0.003025999991223216
0.13016999998944812 0.0
0.17197500000474975 0.004310999996960163
0.17197500000474975 1.00000761449337e-06
0.13044400000944734 0.0031350000062957406
0.13044400000944734 0.0
0.13061999998171814 0.0031140000210143626
0.13061999998171814 0.0
0.13225400002556853 0.0031190000008791685
0.13225400002556853 9.999785106629133e-07
0.1298419999948237 0.003185999987181276
0.1298419999948237 9.999785106629133e-07
0.13364799998817034 0.0031479999888688326
0.13364799998817034 0.0
0.12574599997606128 0.002984999999171123
0.12574599997606128 9.999785106629133e-07
0.1255890000029467 0.0029799999902024865
0.1255890000029467 0.0
0.12356700000236742 0.0029980000108480453
0.12356700000236742 1.00000761449337e-06
0.12309700000332668 0.002894000004744157
0.12309700000332668 0.0
0.12578299999586307 0.0029309999954421073
0.12578299999586307 1.00000761449337e-06
0.12423300000955351 0.0029449999856296927
0.12423300000955351 0.0
0.1234519999998156 0.0029630000062752515
0.1234519999998156 0.0
0.12294400000246242 0.0028990000137127936
0.12294400000246242 1.00000761449337e-06
0.1672660000040196 0.004118000011658296
0.1672660000040196 1.00000761449337e-06
0.12550399999599904 0.0030719999922439456
0.12550399999599904 0.0
0.15973699997994117 0.004336000012699515
0.15973699997994117 0.0
0.16024200001265854 0.0039059999980963767
0.16024200001265854 0.0
0.16492400001152419 0.004201999981887639
0.16492400001152419 0.0
0.16533300001174212 0.004015999991679564
0.16533300001174212 1.00000761449337e-06
0.1446390000055544 0.0036930000060237944
0.1446390000055544 0.0
0.1452399999834597 0.003622000018367544
0.1452399999834597 0.0
0.14417399998637848 0.003644999989774078
0.14417399998637848 9.999785106629133e-07
0.14295499998843297 0.0034589999995660037
0.14295499998843297 0.0
0.14270399999804795 0.0034370000066701323
0.14270399999804795 0.0
0.13246900000376627 0.0031869999947957695
0.13246900000376627 0.0
0.12251499999547377 0.002970000001369044
0.12251499999547377 0.0
0.12378899997565895 0.0028910000110045075
0.12378899997565895 0.0
0.12321600000723265 0.0029900000081397593
0.12321600000723265 0.0
0.12573499997961335 0.003001000004587695
0.12573499997961335 1.00000761449337e-06
0.12521100000594743 0.003153999976348132
0.12521100000594743 0.0
0.12567800001124851 0.0030620000034105033
0.12567800001124851 0.0
0.12618900000234134 0.003244000021368265
0.12618900000234134 1.00000761449337e-06
0.12548399998922832 0.0029599999834317714
0.12548399998922832 1.00000761449337e-06
0.12520700000459328 0.0029959999956190586
0.12520700000459328 0.0
0.12582100002327934 0.0030120000010356307
0.12582100002327934 0.0
0.1252870000025723 0.0031000000017229468
0.1252870000025723 0.0
0.13244799998938106 0.0031270000035874546
0.13244799998938106 0.0
0.12557299999753013 0.0029919999942649156
0.12557299999753013 0.0
0.12551499999244697 0.002993000001879409
0.12551499999244697 9.999785106629133e-07
0.16926299998885952 0.0039490000053774565
0.16926299998885952 0.0
0.13192800001706928 0.0030870000191498548
0.13192800001706928 0.0
0.13593299998319708 0.0032460000074934214
0.13593299998319708 1.00000761449337e-06
0.13560199999483302 0.0031929999822750688
0.13560199999483302 0.0
0.13673699999344535 0.0033549999934621155
0.13673699999344535 0.0
0.1376870000094641 0.003361999988555908
0.1376870000094641 1.00000761449337e-06
0.1385770000051707 0.0035170000046491623
0.1385770000051707 0.0
0.13732099998742342 0.0033300000068265945
0.13732099998742342 1.00000761449337e-06
0.13512200000695884 0.003356000001076609
0.13512200000695884 1.00000761449337e-06
0.13296600000467151 0.0031630000157747418
0.13296600000467151 0.0
0.12853600000380538 0.0030550000083167106
0.12853600000380538 0.0
0.12842299998737872 0.0030909999914001673
0.12842299998737872 0.0
0.129056000005221 0.0030540000007022172
0.129056000005221 0.0
0.1279400000057649 0.0031350000062957406
0.1279400000057649 0.0
0.1285599999828264 0.00306099999579601
0.1285599999828264 9.999785106629133e-07
0.13043399999151006 0.0032270000083371997
0.13043399999151006 1.00000761449337e-06
0.12996399999246933 0.003144999995129183
0.12996399999246933 0.0
0.1305630000133533 0.003152000019326806
0.1305630000133533 0.0
0.1311299999943003 0.0031740000122226775
0.1311299999943003 1.00000761449337e-06
0.1311379999970086 0.003113999991910532
0.1311379999970086 1.00000761449337e-06
0.13125199999194592 0.0031169999856501818
0.13125199999194592 0.0
0.13126500000362284 0.003033999993931502
0.13126500000362284 1.00000761449337e-06
0.13352000000304542 0.003108000004431233
0.13352000000304542 0.0
0.13657600001897663 0.003138999978546053
0.13657600001897663 0.0
0.13101199999800883 0.003118999971775338
0.13101199999800883 0.0
0.13036900002043694 0.003144999995129183
0.13036900002043694 0.0
0.1305749999883119 0.003069999977014959
0.1305749999883119 0.0
0.1373920000041835 0.0030700000061187893
0.1373920000041835 1.00000761449337e-06
0.13062499999068677 0.0030749999859835953
0.13062499999068677 0.0
0.13053799999761395 0.0030759999935980886
0.13053799999761395 1.00000761449337e-06
0.13214800000423566 0.0031399999861605465
0.13214800000423566 1.00000761449337e-06
0.13309200000367127 0.003132000012556091
0.13309200000367127 0.0
0.1358229999896139 0.0031550000130664557
0.1358229999896139 0.0
0.13269499997841194 0.003253000002587214
0.13269499997841194 0.0
0.13343399998848327 0.0031599999929312617
0.13343399998848327 1.00000761449337e-06
0.13322799999150448 0.003197999991243705
0.13322799999150448 1.00000761449337e-06
0.16613299999153242 0.0036860000109300017
0.16613299999153242 1.00000761449337e-06
0.13369299998157658 0.0031420000013895333
0.13369299998157658 0.0
0.13334800000302494 0.003126999974483624
0.13334800000302494 0.0
0.13238100000307895 0.0032910000008996576
0.13238100000307895 0.0
0.13490299999830313 0.0030909999914001673
0.13490299999830313 0.0
0.1364130000001751 0.0033059999987017363
0.1364130000001751 0.0
0.13720399999874644 0.0033059999987017363
0.13720399999874644 0.0
0.14213399999425747 0.003464999987045303
0.14213399999425747 1.00000761449337e-06
0.143404999980703 0.0034940000041387975
0.143404999980703 1.00000761449337e-06
0.15461699999286793 0.003808999987086281
0.15461699999286793 1.00000761449337e-06
0.1596000000135973 0.0038369999965652823
0.1596000000135973 0.0
0.16269900000770576 0.003882999997586012
0.16269900000770576 1.00000761449337e-06
0.16930300000240095 0.00402399999438785
0.16930300000240095 1.00000761449337e-06
0.1666129999794066 0.004133000009460375
0.1666129999794066 0.0
0.16734300000825897 0.004790999984834343
0.16734300000825897 9.999785106629133e-07
0.164985000010347 0.004019999993033707
0.164985000010347 0.0
0.16244800001732074 0.003921999974409118
0.16244800001732074 0.0
0.15381000001798384 0.003763000015169382
0.15381000001798384 0.0
0.15579900000011548 0.0037119999760761857
0.15579900000011548 0.0
0.15320999998948537 0.0040210000006482005
0.15320999998948537 0.0
0.15326200000708923 0.0037269999738782644
0.15326200000708923 1.00000761449337e-06
0.1517220000096131 0.004016000020783395
0.1517220000096131 0.0
0.15359600001829676 0.0036649999965447932
0.15359600001829676 0.0
0.15553399999043904 0.004084999993210658
0.15553399999043904 0.0
0.15686699998332188 0.0037930000107735395
0.15686699998332188 0.0
0.16080300000612624 0.004216000001179054
0.16080300000612624 0.0
0.15913300000829622 0.004487999976845458
0.15913300000829622 0.0
0.1521540000103414 0.0037509999820031226
0.1521540000103414 0.0
0.15028200001688674 0.003624999983003363
0.15028200001688674 0.0
0.15772700001252815 0.004018999985419214
0.15772700001252815 0.0
0.15867699999944307 0.004225999990012497
0.15867699999944307 0.0
0.15679399998043664 0.0038800000038463622
0.15679399998043664 0.0
0.15643299999646842 0.004542000009678304
0.15643299999646842 0.0
0.1604010000010021 0.004420000012032688
0.1604010000010021 0.0
0.16316399999777786 0.004030999989481643
0.16316399999777786 0.0
0.15262999999686144 0.0036480000126175582
0.15262999999686144 0.0
0.1523860000015702 0.004111999995075166
0.1523860000015702 0.0
0.15368299998226576 0.0037099999899510294
0.15368299998226576 0.0
0.1507160000037402 0.0036060000129509717
0.1507160000037402 0.0
0.15075600001728162 0.003612000000430271
0.15075600001728162 1.00000761449337e-06
0.1532090000109747 0.0036880000261589885
0.1532090000109747 0.0
0.1546329999982845 0.0037450000236276537
0.1546329999982845 9.999785106629133e-07
0.15219599998090416 0.0037360000133048743
0.15219599998090416 1.00000761449337e-06
0.15335399998002686 0.003775999997742474
0.15335399998002686 1.00000761449337e-06
0.19986499997321516 0.00487900001462549
0.19986499997321516 9.999785106629133e-07
0.15859700000146404 0.0038619999832008034
0.15859700000146404 0.0
0.1569469999813009 0.003888999985065311
0.1569469999813009 0.0
0.2107749999850057 0.005257000011624768
0.2107749999850057 1.00000761449337e-06
0.21055199997499585 0.005161000008229166
0.21055199997499585 1.00000761449337e-06
0.21086900000227615 0.0051429999875836074
0.21086900000227615 1.00000761449337e-06
0.21579600000404753 0.0053659999975934625
0.21579600000404753 0.0
0.21323900000425056 0.005409000004874542
0.21323900000425056 0.0
0.1577289999986533 0.0038209999911487103
0.1577289999986533 0.0
0.16443899998557754 0.004167000006418675
0.16443899998557754 0.0
0.17279399998369627 0.004239999980200082
0.17279399998369627 1.00000761449337e-06
0.1693119999836199 0.004172000015387312
0.1693119999836199 0.0
0.22812499999417923 0.005751999997301027
0.22812499999417923 1.00000761449337e-06
0.22925099998246878 0.005862999998498708
0.22925099998246878 1.00000761449337e-06
0.21817099998588674 0.005409999983385205
0.21817099998588674 1.00000761449337e-06
0.22661300000618212 0.005856000003404915
0.22661300000618212 0.0
0.20100600001751445 0.0044639999978244305
0.20100600001751445 0.0
0.21786999999312684 0.005185999994864687
0.21786999999312684 2.300000051036477e-05
0.21019300000625663 0.005216999998083338
0.21019300000625663 0.0
0.20485700000426732 0.0052940000023227185
0.20485700000426732 1.00000761449337e-06
0.21447500001522712 0.005270000023301691
0.21447500001522712 0.0
0.21402300000772811 0.005295999988447875
0.21402300000772811 1.00000761449337e-06
0.21486900001764297 0.005303000012645498
0.21486900001764297 0.0
0.21328500000527129 0.005282999976770952
0.21328500000527129 0.0
0.20877899997867644 0.005283000005874783
0.20877899997867644 0.0
0.21487500000512227 0.005390000005718321
0.21487500000512227 0.0
0.2108099999895785 0.005248000001301989
0.2108099999895785 1.00000761449337e-06
0.16113599998061545 0.004058999998960644
0.16113599998061545 0.0
0.19597800000337884 0.005459000007249415
0.19597800000337884 1.00000761449337e-06
0.20510900000226684 0.004255000007105991
0.20510900000226684 0.0
0.21263100000214763 0.00534999999217689
0.21263100000214763 0.0
0.2114350000047125 0.00516200001584366
0.2114350000047125 0.0
0.18175299998256378 0.003934000007575378
0.18175299998256378 1.00000761449337e-06
0.21122500000637956 0.005200999992666766
0.21122500000637956 0.0
0.21048999999766238 0.005237000004854053
0.21048999999766238 0.0
0.20221600000513718 0.0040259999805130064
0.20221600000513718 0.0
0.21540399998775683 0.005627000005915761
0.21540399998775683 0.0
0.18794699999853037 0.004044000001158565
0.18794699999853037 1.00000761449337e-06
0.16766599999391474 0.003993999998783693
0.16766599999391474 0.0
0.21057600001222454 0.005175000027520582
0.21057600001222454 9.999785106629133e-07
0.2079960000119172 0.004978999990271404
0.2079960000119172 0.0
0.21336300001712516 0.005447000003186986
0.21336300001712516 1.00000761449337e-06
0.20924399999785237 0.005345999990822747
0.20924399999785237 1.00000761449337e-06
0.21348500001477078 0.00567299997783266
0.21348500001477078 0.0
0.21430300001520663 0.005428000004030764
0.21430300001520663 1.00000761449337e-06
0.21402300000772811 0.005268999986583367
0.21402300000772811 0.0
0.21067000000039116 0.004247999982908368
0.21067000000039116 0.0
0.21753500000340864 0.005711000005248934
0.21753500000340864 0.0
0.21551199999521486 0.005346000019926578
0.21551199999521486 9.999785106629133e-07
0.16219900001306087 0.004119999997783452
0.16219900001306087 1.00000761449337e-06
0.2178530000091996 0.005530000024009496
0.2178530000091996 0.0
0.16760200000135228 0.0041139999812003225
0.16760200000135228 0.0
0.16841400001430884 0.004042999993544072
0.16841400001430884 0.0
0.170828000002075 0.004090000002179295
0.170828000002075 0.0
0.17704400001093745 0.01005699997767806
0.17704400001093745 0.0
0.17795700000715442 0.0044849999831058085
0.17795700000715442 9.999785106629133e-07
0.1751689999946393 0.004214999993564561
0.1751689999946393 1.00000761449337e-06
0.17528400002629496 0.004216000001179054
0.17528400002629496 0.0
0.17436399997677654 0.004225999990012497
0.17436399997677654 9.999785106629133e-07
0.20333700001356192 0.005577999982051551
0.20333700001356192 1.00000761449337e-06
0.2282439999980852 0.006095999997342005
0.2282439999980852 1.00000761449337e-06
0.1995679999818094 0.004398999997647479
0.1995679999818094 0.0
0.1751300000178162 0.004484000004595146
0.1751300000178162 0.0
0.23177500002202578 0.006690000009257346
0.23177500002202578 0.0
0.18289199998253025 0.004201000003376976
0.18289199998253025 0.0
0.18169600001419894 0.004111000016564503
0.18169600001419894 9.999785106629133e-07
0.1671339999884367 0.004035999998450279
0.1671339999884367 1.00000761449337e-06
0.16784999999799766 0.004082999977981672
0.16784999999799766 1.00000761449337e-06
0.17225299999699928 0.004096000018762425
0.17225299999699928 0.0
0.16733799999929033 0.004075999982887879
0.16733799999929033 0.0
0.16789199999766424 0.004049000010127202
0.16789199999766424 0.0
0.16497499999240972 0.004000999993877485
0.16497499999240972 0.0
0.16519999998854473 0.0040210000006482005
0.16519999998854473 1.00000761449337e-06
0.2197640000085812 0.0054789999849163
0.2197640000085812 9.999785106629133e-07
0.21683800002210774 0.005763000022852793
0.21683800002210774 1.00000761449337e-06
0.16232999999192543 0.0038699999859090894
0.16232999999192543 0.0
0.21200200001476333 0.005219999991822988
0.21200200001476333 1.00000761449337e-06
0.15626699998392724 0.0037660000089090317
0.15626699998392724 0.0
0.15890400001080707 0.004885999980615452
0.15890400001080707 0.0
0.1579150000179652 0.003961000009439886
0.1579150000179652 0.0
0.16783600000781007 0.003962999995565042
0.16783600000781007 0.0
0.18677900001057424 0.004318000021157786
0.18677900001057424 1.00000761449337e-06
0.22229000000515953 0.005546000000322238
0.22229000000515953 0.0
0.22341899998718873 0.005342000018572435
0.22341899998718873 0.0
0.22001399999135174 0.005367000005207956
0.22001399999135174 0.0
0.22176000001491047 0.005485000001499429
0.22176000001491047 0.0
0.22273899998981506 0.005608999985270202
0.22273899998981506 1.00000761449337e-06
0.2215589999977965 0.004365999979199842
0.2215589999977965 9.999785106629133e-07
0.16826000000583008 0.004041000007418916
0.16826000000583008 0.0
0.22423699998762459 0.005495999997947365
0.22423699998762459 0.0
0.16776599999866448 0.004109000001335517
0.16776599999866448 0.0
0.2164399999892339 0.005623000004561618
0.2164399999892339 0.0
0.23232300000381656 0.005615000001853332
0.23232300000381656 0.0
0.2160390000208281 0.005567000014707446
0.2160390000208281 0.0
0.2184510000224691 0.004323000001022592
0.2184510000224691 0.0
0.16552599999704398 0.003930000006221235
0.16552599999704398 0.0
0.21802099997876212 0.005508000002009794
0.21802099997876212 1.00000761449337e-06
0.2297940000134986 0.004345000023022294
0.2297940000134986 0.0
0.17261999999755062 0.004119999997783452
0.17261999999755062 0.0
0.2334430000046268 0.005937000008998439
0.2334430000046268 1.00000761449337e-06
0.17236299999058247 0.004236999986460432
0.17236299999058247 1.00000761449337e-06
0.22765200000139885 0.00583899999037385
0.22765200000139885 0.0
0.2319980000029318 0.005635000008624047
0.2319980000029318 0.0
0.20562799999606796 0.004526000004261732
0.20562799999606796 0.0
0.1725399999995716 0.004120999976294115
0.1725399999995716 0.0
0.16740899998694658 0.003939999995054677
0.16740899998694658 0.0
0.16022499999962747 0.0038210000202525407
0.16022499999962747 0.0
0.16019399999640882 0.0037299999967217445
0.16019399999640882 0.0
0.1603719999839086 0.003815000003669411
0.1603719999839086 0.0
0.1611970000085421 0.003819000005023554
0.1611970000085421 0.0
0.16354999999748543 0.0038429999840445817
0.16354999999748543 9.999785106629133e-07
0.16334299999289215 0.003876999981002882
0.16334299999289215 0.0
0.16341099998680875 0.003802999999606982
0.16341099998680875 0.0
0.1629700000048615 0.003868999978294596
0.1629700000048615 1.00000761449337e-06
0.15972100000362843 0.003724999987753108
0.15972100000362843 0.0
0.1599409999907948 0.0037320000119507313
0.1599409999907948 1.00000761449337e-06
0.1607180000282824 0.003790999995544553
0.1607180000282824 1.00000761449337e-06
0.16019399999640882 0.003815000003669411
0.16019399999640882 0.0
0.16021899998304434 0.0038699999859090894
0.16021899998304434 0.0
0.16031700000166893 0.0038139999960549176
0.16031700000166893 0.0
0.2119609999936074 0.005211999989114702
0.2119609999936074 9.999785106629133e-07
0.16439300001366064 0.003829999972367659
0.16439300001366064 1.00000761449337e-06
0.16014800002449192 0.0038840000052005053
0.16014800002449192 0.0
0.16120100000989623 0.003796999983023852
0.16120100000989623 0.0
0.16052399997715838 0.003775000019231811
0.16052399997715838 1.00000761449337e-06
0.16333499999018386 0.0037979999906383455
0.16333499999018386 0.0
0.1639290000020992 0.0038499999791383743
0.1639290000020992 0.0
0.16438299999572337 0.003931000013835728
0.16438299999572337 0.0
0.16218700000899844 0.0038890000141691417
0.16218700000899844 0.0
0.16283499999553896 0.003831000009085983
0.16283499999553896 0.0
0.1631539999798406 0.0038930000155232847
0.1631539999798406 0.0
0.16550800000550225 0.0038269999786280096
0.16550800000550225 0.0
0.1638049999892246 0.0038920000079087913
0.1638049999892246 0.0
0.1632089999911841 0.003823000006377697
0.1632089999911841 0.0
0.20496000000275671 0.005463000008603558
0.20496000000275671 1.00000761449337e-06
0.16610099998069927 0.004132000001845881
0.16610099998069927 0.0
0.17272000000230037 0.004130999994231388
0.17272000000230037 0.0
0.16680199999245815 0.004059999977471307
0.16680199999245815 9.999785106629133e-07
0.16794099999242462 0.004015000013168901
0.16794099999242462 0.0
0.1676879999868106 0.003913000022294
0.1676879999868106 1.00000761449337e-06
0.1673599999921862 0.003948999976273626
0.1673599999921862 0.0
0.17402400000719354 0.004058999998960644
0.17402400000719354 1.00000761449337e-06
0.17519899999024346 0.004607999988365918
0.17519899999024346 0.0
0.1792859999986831 0.004508999991230667
0.1792859999986831 0.0
0.17591799999354407 0.004290000011678785
0.17591799999354407 1.00000761449337e-06
0.17446199999540113 0.004161999997450039
0.17446199999540113 0.0
0.17629599999054335 0.004179000010481104
0.17629599999054335 0.0
0.1746010000060778 0.004182000004220754
0.1746010000060778 1.00000761449337e-06
0.17410500001278706 0.004271000012522563
0.17410500001278706 0.0
0.16512400002102368 0.004202000010991469
0.16512400002102368 0.0
0.16325300000607967 0.003727999981492758
0.16325300000607967 9.999785106629133e-07
0.16276099998503923 0.003947999997762963
0.16276099998503923 1.00000761449337e-06
0.1639560000039637 0.0037299999967217445
0.1639560000039637 0.0
0.16335499999695458 0.0038249999925028533
0.16335499999695458 0.0
0.16222800000105053 0.0037930000107735395
0.16222800000105053 0.0
0.16280200000619516 0.003928999998606741
0.16280200000619516 1.00000761449337e-06
0.1625789999961853 0.0038179999974090606
0.1625789999961853 1.00000761449337e-06
0.1641280000039842 0.003775999997742474
0.1641280000039842 0.0
0.16186900000320747 0.00382399998488836
0.16186900000320747 0.0
0.16371899997466244 0.0038329999952111393
0.16371899997466244 0.0
0.1742779999913182 0.0039370000013150275
0.1742779999913182 0.0
0.22099400000297464 0.005241000006208196
0.22099400000297464 0.0
0.16567099999519996 0.0044639999978244305
0.16567099999519996 0.0
0.16596099999151193 0.0039370000013150275
0.16596099999151193 1.00000761449337e-06
0.17024999999557622 0.0038790000253356993
0.17024999999557622 0.0
0.1648490000225138 0.0038670000212732702
0.1648490000225138 0.0
0.1656070000026375 0.0038499999791383743
0.1656070000026375 1.00000761449337e-06
0.16637099999934435 0.0038629999908152968
0.16637099999934435 0.0
0.16497099999105558 0.004138000018429011
0.16497099999105558 1.00000761449337e-06
0.16637900000205263 0.003947999997762963
0.16637900000205263 0.0
0.16513900001882575 0.003917000023648143
0.16513900001882575 0.0
0.16638899999088608 0.003973000013502315
0.16638899999088608 1.00000761449337e-06
0.16568500001449138 0.0038309999799821526
0.16568500001449138 9.999785106629133e-07
0.16498699999647215 0.003914000000804663
0.16498699999647215 0.0
0.16418699998757802 0.0039049999904818833
0.16418699998757802 0.0
0.16797000000951812 0.004035000019939616
0.16797000000951812 0.0
0.167762999975821 0.003985000017564744
0.167762999975821 0.0
0.16876699999556877 0.003915000008419156
0.16876699999556877 1.00000761449337e-06
0.16807700000936165 0.003918000002158806
0.16807700000936165 0.0
0.16743600001791492 0.003930000006221235
0.16743600001791492 0.0
0.1674979999952484 0.003888999985065311
0.1674979999952484 9.999785106629133e-07
0.16736800002399832 0.003942000010283664
0.16736800002399832 0.0
0.16790699999546632 0.003866000013658777
0.16790699999546632 0.0
0.168245000008028 0.004083999985596165
0.168245000008028 9.999785106629133e-07
0.16803500000969507 0.00406400000792928
0.16803500000969507 0.0
0.18101200001547113 0.004197000002022833
0.18101200001547113 9.999785106629133e-07
0.18230200000107288 0.009997999994084239
0.18230200000107288 0.0
0.2509239999926649 0.004616999998688698
0.2509239999926649 1.00000761449337e-06
0.18773599999258295 0.010281999973813072
0.18773599999258295 0.0
0.2070549999771174 0.011426000011852011
0.2070549999771174 0.0
0.20760100000188686 0.005785000015748665
0.20760100000188686 1.00000761449337e-06
0.205986999993911 0.005025000020395964
0.205986999993911 0.0
0.20602700000745244 0.004928000009385869
0.20602700000745244 0.0
0.19710700001451187 0.004928999987896532
0.19710700001451187 1.00000761449337e-06
0.19149599998490885 0.004600000014761463
0.19149599998490885 1.00000761449337e-06
0.1770459999970626 0.004211999999824911
0.1770459999970626 0.0
0.17703099999926053 0.004214999993564561
0.17703099999926053 0.0
0.1758269999991171 0.004112999973585829
0.1758269999991171 1.00000761449337e-06
0.1745750000118278 0.004177000024355948
0.1745750000118278 0.0
0.1758890000055544 0.004090000002179295
0.1758890000055544 0.0
0.23195899999700487 0.005479999992530793
0.23195899999700487 0.0
0.1695389999949839 0.004094000003533438
0.1695389999949839 9.999785106629133e-07
0.17208499999833293 0.0039659999893046916
0.17208499999833293 9.999785106629133e-07
0.1710869999951683 0.003993999998783693
0.1710869999951683 0.0
0.17737299998407252 0.003992999991169199
0.17737299998407252 0.0
0.17046200000913814 0.0039049999904818833
0.17046200000913814 1.00000761449337e-06
0.1702120000263676 0.003988000011304393
0.1702120000263676 9.999785106629133e-07
0.17068100001779385 0.00398400000995025
0.17068100001779385 0.0
0.17027600001893006 0.003951000020606443
0.17027600001893006 0.0
0.17061800000374205 0.004081999999471009
0.17061800000374205 1.00000761449337e-06
0.17405000000144355 0.004393999988678843
0.17405000000144355 1.00000761449337e-06
0.17297200000029989 0.004006000002846122
0.17297200000029989 0.0
0.17441999999573454 0.004086999979335815
0.17441999999573454 1.00000761449337e-06
0.172642999998061 0.004083000007085502
0.172642999998061 0.0
0.17350599999190308 0.004091000009793788
0.17350599999190308 1.00000761449337e-06
0.17272599998977967 0.004002999980002642
0.17272599998977967 1.00000761449337e-06
0.17281699998420663 0.004061999992700294
0.17281699998420663 0.0
0.17237899999599904 0.003966999996919185
0.17237899999599904 0.0
0.17213699998683296 0.004117000004043803
0.17213699998683296 0.0
0.17543500001193024 0.0040379999845754355
0.17543500001193024 1.00000761449337e-06
0.17248700000345707 0.0040169999992940575
0.17248700000345707 0.0
0.17254999998840503 0.004002000001491979
0.17254999998840503 1.00000761449337e-06
0.17255100002512336 0.003985999996075407
0.17255100002512336 1.00000761449337e-06
0.17427099999622442 0.004018999985419214
0.17427099999622442 0.0
0.17314600001554936 0.004054999997606501
0.17314600001554936 0.0
0.18437999999150634 0.004224999982398003
0.18437999999150634 1.00000761449337e-06
0.17549899997538887 0.004153999994741753
0.17549899997538887 0.0
0.17601600001216866 0.004061999992700294
0.17601600001216866 0.0
0.1768690000171773 0.004073999996762723
0.1768690000171773 0.0
0.17497600000933744 0.004090000002179295
0.17497600000933744 1.00000761449337e-06
0.1902869999757968 0.004490999999688938
0.1902869999757968 0.0
0.190987000009045 0.004531999991741031
0.190987000009045 1.00000761449337e-06
0.18958700000075623 0.004768999991938472
0.18958700000075623 1.00000761449337e-06
0.19350600001052953 0.004541999980574474
0.19350600001052953 0.0
0.18961500001023524 0.0045350000145845115
0.18961500001023524 1.00000761449337e-06
0.19169800000963733 0.004591999982949346
0.19169800000963733 9.999785106629133e-07
0.1938220000010915 0.0046449999790638685
0.1938220000010915 9.999785106629133e-07
0.1819320000067819 0.004293999983929098
0.1819320000067819 0.0
0.17744200001470745 0.004159999982221052
0.17744200001470745 0.0
0.17730300000403076 0.004264999995939434
0.17730300000403076 9.999785106629133e-07
0.22524900001008064 0.0043920000025536865
0.22524900001008064 1.00000761449337e-06
0.17733299999963492 0.004191999993054196
0.17733299999963492 0.0
0.17995499999960884 0.00411000000895001
0.17995499999960884 0.0
0.1787239999976009 0.004493999993428588
0.1787239999976009 0.0
0.18274799999198876 0.004148999985773116
0.18274799999198876 0.0
0.17713299999013543 0.004075999982887879
0.17713299999013543 0.0
0.1787639999820385 0.004103000013856217
0.1787639999820385 1.00000761449337e-06
0.1847459999844432 0.004331000003730878
0.1847459999844432 0.0
0.1809079999802634 0.004221000010147691
0.1809079999802634 0.0
0.17749299999559298 0.00414099998306483
0.17749299999559298 9.999785106629133e-07
0.18238000001292676 0.004597999999532476
0.18238000001292676 9.999785106629133e-07
0.18102299998281524 0.004217999987304211
0.18102299998281524 0.0
0.24803699998301454 0.005864999984623864
0.24803699998301454 1.00000761449337e-06
0.18024899999727495 0.004379999998491257
0.18024899999727495 1.00000761449337e-06
0.20998600000166334 0.005340999981854111
0.20998600000166334 0.0
0.20008799998322502 0.005107000004500151
0.20008799998322502 1.00000761449337e-06
0.1985030000214465 0.0051469999889377505
0.1985030000214465 0.0
0.20313700000406243 0.0047759999870322645
0.20313700000406243 0.0
0.20561000000452623 0.004963000013958663
0.20561000000452623 0.0
0.20485199999529868 0.004929000017000362
0.20485199999529868 0.0
0.1935689999954775 0.004897000006167218
0.1935689999954775 0.0
0.195666000014171 0.004647000023396686
0.195666000014171 9.999785106629133e-07
0.19522500000311993 0.005084000003989786
0.19522500000311993 1.00000761449337e-06
0.19606700001168065 0.0049989999970421195
0.19606700001168065 0.0
0.1915949999820441 0.004531999991741031
0.1915949999820441 0.0
0.18542699998943135 0.004486999998334795
0.18542699998943135 0.0
0.18289399999775924 0.004337999998824671
0.18289399999775924 0.0
0.18178899999475107 0.004302000015741214
0.18178899999475107 0.0
0.18202299997210503 0.004239000001689419
0.18202299997210503 0.0
0.18156499997712672 0.004239000001689419
0.18156499997712672 0.0
0.18207800001255237 0.00431300001218915
0.18207800001255237 0.0
0.1834369999996852 0.004312999983085319
0.1834369999996852 0.0
0.18158299999777228 0.004199999995762482
0.18158299999777228 0.0
0.18200799997430295 0.004241000016918406
0.18200799997430295 0.0
0.19540100000449456 0.004774999979417771
0.19540100000449456 0.0
0.19878200002131052 0.004888000024948269
0.19878200002131052 0.0
0.20149400000809692 0.004881000000750646
0.20149400000809692 1.00000761449337e-06
0.19989399999030866 0.005563999991863966
0.19989399999030866 0.0
0.19992099999217317 0.004675999982282519
0.19992099999217317 0.0
INFO:sc2.protocol:Client status changed to Status.ended (was Status.in_game)
INFO:sc2.protocol:Client status changed to Status.ended (was Status.in_game)
INFO:root:Result for player 2 - Bot(Race.Terran, <bots.keai.inho_bot_final.ReaperBot object at 0x7f0a4003ff28>): Defeat
INFO:root:Result for player 1 - Bot(Race.Terran, <bots.Showing_bot.speedBot.MarinBot object at 0x7f0a4f098f28>): Victory
INFO:sc2.client:Saved replay to outs/2020-01-17T11-28-03/replays/showing_bot-keai/showing_bot-keai-0.SC2Replay
INFO:sc2.protocol:Client status changed to Status.launched (was Status.ended)
INFO:sc2.protocol:Client status changed to Status.quit (was Status.launched)
INFO:sc2.sc2process:kill_switch: Process cleanup
INFO:sc2.sc2process:Cleaning up...
INFO:sc2.sc2process:Cleanup complete
INFO:sc2.sc2process:Cleaning up...
INFO:sc2.sc2process:Cleanup complete
INFO:sc2.protocol:Client status changed to Status.launched (was Status.ended)
INFO:sc2.protocol:Cannot receive: Connection already closed.
INFO:sc2.sc2process:kill_switch: Process cleanup
INFO:sc2.sc2process:Cleaning up...
INFO:sc2.sc2process:Cleanup complete
INFO:sc2.sc2process:Cleaning up...
INFO:sc2.sc2process:Cleanup complete


## STDERR ##

Version: B75689 (SC2.4.10)
Build: Aug 12 2019 17:16:57
Command Line: '"/home/hspark8312/StarCraftII/Versions/Base75689/SC2_x64" -listen 127.0.0.1 -port 16543 -displayMode 0 -dataDir /home/hspark8312/StarCraftII -tempDir /tmp/SC2_qfm6x__i'
Starting up...
Startup Phase 1 complete
Version: B75689 (SC2.4.10)
Build: Aug 12 2019 17:16:57
Command Line: '"/home/hspark8312/StarCraftII/Versions/Base75689/SC2_x64" -listen 127.0.0.1 -port 19115 -displayMode 0 -dataDir /home/hspark8312/StarCraftII -tempDir /tmp/SC2_x_ob2rl6'
Starting up...
Startup Phase 1 complete
Startup Phase 2 complete
Creating stub renderer...
Listening on: 127.0.0.1:16543
Startup Phase 3 complete. Ready for commands.
Startup Phase 2 complete
Creating stub renderer...
Listening on: 127.0.0.1:19115
Startup Phase 3 complete. Ready for commands.
ConnectHandler: Request from 127.0.0.1:51139 accepted
ReadyHandler: 127.0.0.1:51139 ready
Requesting to join a multiplayer game
Configuring interface options
Configure: raw interface enabled
Configure: feature layer interface enabled
Configure: score interface enabled
Configure: render interface disabled
ConnectHandler: Request from 127.0.0.1:51140 accepted
ReadyHandler: 127.0.0.1:51140 ready
Requesting to join a multiplayer game
Configuring interface options
Configure: raw interface enabled
Configure: feature layer interface enabled
Configure: score interface enabled
Configure: render interface disabled
Create game with map path: NCFellowship-2019_m1_v6.SC2Map
Attempting to join a game with the map: NCFellowship-2019_m1_v6.SC2Map
Game has started.
Using default stable ids, none found at: /home/hspark8312/StarCraftII/stableid.json
Successfully loaded stable ids: GameData\stableid.json
Sending ResponseJoinGame
Deferred error: 536936448 (0x20010000)
Deferred error details: Bad profiling data. TimeMS: 5991460.000000 Conversion: 1.000000e-03
Game has started.
Using default stable ids, none found at: /home/hspark8312/StarCraftII/stableid.json
Successfully loaded stable ids: GameData\stableid.json
Sending ResponseJoinGame
RequestQuit command received.
Closing Application...
/home/hspark8312/anaconda3/envs/sc2/lib/python3.6/importlib/_bootstrap.py:219: RuntimeWarning: numpy.ufunc size changed, may indicate binary incompatibility. Expected 192 from C header, got 216 from PyObject
  return f(*args, **kwds)
/home/hspark8312/anaconda3/envs/sc2/lib/python3.6/importlib/_bootstrap.py:219: RuntimeWarning: numpy.ufunc size changed, may indicate binary incompatibility. Expected 192 from C header, got 216 from PyObject
  return f(*args, **kwds)
/home/hspark8312/anaconda3/envs/sc2/lib/python3.6/site-packages/tensorboard/compat/tensorflow_stub/dtypes.py:541: FutureWarning: Passing (type, 1) or '1type' as a synonym of type is deprecated; in a future version of numpy, it will be understood as (type, (1,)) / '(1,)type'.
  _np_qint8 = np.dtype([("qint8", np.int8, 1)])
/home/hspark8312/anaconda3/envs/sc2/lib/python3.6/site-packages/past/builtins/misc.py:45: DeprecationWarning: the imp module is deprecated in favour of importlib; see the module's documentation for alternative uses
  from imp import reload
/mnt/d/sc2minigame-eval-2020-01-09/bots/Showing_bot/speedBot.py:1643: RuntimeWarning: coroutine 'TerreinManager.debug' was never awaited
  self.terrein_manager.debug()
