## STDOUT ##

[[92mINFO[0m] SC2 4.9.0 용 패치 적용
패치 sc2.ids.ability_id
패치 sc2.game_state
패치 sc2.bot_ai
패치 sc2.client
패치 sc2.controller
패치 sc2.main
INFO:root:Failed to import cuda module: No module named 'caffe2.python.caffe2_pybind11_state_gpu'
INFO:root:Failed to import AMD hip module: No module named 'caffe2.python.caffe2_pybind11_state_hip'
WARNING:root:This caffe2 python run does not have GPU support. Will run in CPU only mode.
cpu
INFO:sc2.protocol:Client status changed to Status.launched (was None)
INFO:sc2.protocol:Client status changed to Status.launched (was None)
INFO:sc2_patch.sc2_patch_490.controller:Creating new game
INFO:sc2_patch.sc2_patch_490.controller:Map:     NCFellowship-2019_m1_v6
INFO:sc2_patch.sc2_patch_490.controller:Players: Bot(Race.Terran, <bots.Showing_bot.speedBot.MarinBot object at 0x7f67a6688f28>), Bot(Race.Terran, <bots.keai.inho_bot_final.ReaperBot object at 0x7f6797630f28>)
INFO:sc2.protocol:Client status changed to Status.init_game (was Status.launched)
INFO:sc2.protocol:Client status changed to Status.in_game (was None)
INFO:root:Player 2 - Bot(Race.Terran, <bots.keai.inho_bot_final.ReaperBot object at 0x7f6797630f28>)
TEST: 2, <bots.keai.inho_bot_final.ReaperBot object at 0x7f6797630f28>
INFO:sc2.protocol:Client status changed to Status.in_game (was None)
INFO:root:Player 1 - Bot(Race.Terran, <bots.Showing_bot.speedBot.MarinBot object at 0x7f67a6688f28>)
TEST: 1, <bots.Showing_bot.speedBot.MarinBot object at 0x7f67a6688f28>
load model: bots/Showing_bot/models/model-89.pt
create new model
0.0437499999825377 0.0026150000048801303
0.0437499999825377 0.0
0.04451199999311939 0.0020179999992251396
0.04451199999311939 0.0
0.044039000000339 0.001512999995611608
0.044039000000339 1.00000761449337e-06
0.04388800001470372 0.001463000022340566
0.04388800001470372 9.999785106629133e-07
0.04484700001194142 0.0010929999989457428
0.04484700001194142 0.0
0.04456400001072325 0.001086999982362613
0.04456400001072325 1.00000761449337e-06
0.04426100000273436 0.0010860000038519502
0.04426100000273436 0.0
0.04408999998122454 0.0011020000092685223
0.04408999998122454 0.0
0.0437099999981001 0.0010780000011436641
0.0437099999981001 1.00000761449337e-06
0.04402300002402626 0.0010820000024978071
0.04402300002402626 0.0
0.044502000004285946 0.0010769999935291708
0.044502000004285946 0.0
0.04406900002504699 0.0011189999931957573
0.04406900002504699 0.0
0.044328999996650964 0.0011529999901540577
0.044328999996650964 9.999785106629133e-07
0.04406900002504699 0.0011610000219661742
0.04406900002504699 1.00000761449337e-06
0.04428200001711957 0.0011149999918416142
0.04428200001711957 1.00000761449337e-06
0.044465000013587996 0.0013469999830704182
0.044465000013587996 1.00000761449337e-06
0.04505900002550334 0.0011510000040289015
0.04505900002550334 1.00000761449337e-06
0.044037000014213845 0.0011349999986123294
0.044037000014213845 0.0
0.04448499999125488 0.0011309999972581863
0.04448499999125488 0.0
0.04464999999618158 0.0010929999989457428
0.04464999999618158 1.00000761449337e-06
0.04698199999984354 0.0013749999925494194
0.04698199999984354 0.0
0.046482999983709306 0.001168000017059967
0.046482999983709306 0.0
0.046212000015657395 0.0011529999901540577
0.046212000015657395 0.0
0.047149999998509884 0.0012639999913517386
0.047149999998509884 9.999785106629133e-07
0.04705700001795776 0.0011999999987892807
0.04705700001795776 1.00000761449337e-06
0.04633400001330301 0.0011650000233203173
0.04633400001330301 0.0
0.04627299998537637 0.0029780000040773302
0.04627299998537637 0.0
0.04672199999913573 0.0016130000003613532
0.04672199999913573 0.0
0.049143999989610165 0.0016299999842885882
0.049143999989610165 1.00000761449337e-06
0.046566000004531816 0.001293999986955896
0.046566000004531816 0.0
0.047224000009009615 0.0012400000123307109
0.047224000009009615 0.0
0.04681900001014583 0.001189000002341345
0.04681900001014583 0.0
0.048122000007424504 0.0011719999893102795
0.048122000007424504 1.00000761449337e-06
0.04640699998708442 0.001264999998966232
0.04640699998708442 0.0
0.046455000003334135 0.00128900000709109
0.046455000003334135 0.0
0.04887400000006892 0.0013350000081118196
0.04887400000006892 0.0
0.050244999991264194 0.0012040000001434237
0.050244999991264194 0.0
0.04981600001337938 0.0011879999947268516
0.04981600001337938 0.0
0.049442000017734244 0.0013040000048931688
0.049442000017734244 0.0
0.049214999977266416 0.0012069999938830733
0.049214999977266416 0.0
changed strategy
0.06605799999670126 0.0016550000000279397
0.06605799999670126 0.0
0.049091000022599474 0.0012180000194348395
0.049091000022599474 9.999785106629133e-07
0.05390800000168383 0.0013379999727476388
0.05390800000168383 0.0
0.054894000000786036 0.0014179999998304993
0.054894000000786036 1.00000761449337e-06
0.04960399999981746 0.0012360000109765679
0.04960399999981746 1.00000761449337e-06
0.053444999997736886 0.001328000013018027
0.053444999997736886 0.0
0.05523900000844151 0.0013730000064242631
0.05523900000844151 0.0
0.06802999999490567 0.0017419999931007624
0.06802999999490567 0.0
0.0687550000147894 0.0017609999922569841
0.0687550000147894 0.0
0.06865799997467548 0.0018219999910797924
0.06865799997467548 0.0
0.07421999998041429 0.004114999988814816
0.07421999998041429 1.00000761449337e-06
0.07266899998649023 0.0019209999882150441
0.07266899998649023 0.0
0.07397200001287274 0.0018359999812673777
0.07397200001287274 0.0
0.07152099997620098 0.001715999998850748
0.07152099997620098 0.0
0.07131500000832602 0.0017639999859966338
0.07131500000832602 0.0
0.07139199998346157 0.0017719999887049198
0.07139199998346157 1.00000761449337e-06
0.07164400001056492 0.0018419999978505075
0.07164400001056492 1.00000761449337e-06
0.0711099999898579 0.0017809999990276992
0.0711099999898579 0.0
0.07169299997622147 0.0017970000044442713
0.07169299997622147 0.0
0.07171799999196082 0.0018470000068191439
0.07171799999196082 0.0
0.051853999990271404 0.001285000005736947
0.051853999990271404 0.0
0.05214099999284372 0.0012400000123307109
0.05214099999284372 9.999785106629133e-07
0.05183099998976104 0.0012619999761227518
0.05183099998976104 0.0
0.051299999991897494 0.0012589999823831022
0.051299999991897494 1.00000761449337e-06
0.05174900000565685 0.0012510000087786466
0.05174900000565685 9.999785106629133e-07
0.05272400000831112 0.0012430000060703605
0.05272400000831112 0.0
0.05154499999480322 0.0012390000047162175
0.05154499999480322 1.00000761449337e-06
0.05131800001254305 0.001244000013684854
0.05131800001254305 1.00000761449337e-06
0.05123500002082437 0.0012410000199452043
0.05123500002082437 1.00000761449337e-06
0.05097199999727309 0.0012700000079348683
0.05097199999727309 0.0
0.05494400000316091 0.0013949999993201345
0.05494400000316091 9.999785106629133e-07
0.05517900001723319 0.0013390000094659626
0.05517900001723319 1.00000761449337e-06
0.053844999987632036 0.0013050000125076622
0.053844999987632036 1.00000761449337e-06
0.05361199998878874 0.0012949999945703894
0.05361199998878874 0.0
0.053604999993694946 0.0013179999950807542
0.053604999993694946 9.999785106629133e-07
0.05429500000900589 0.0013770000077784061
0.05429500000900589 1.00000761449337e-06
0.05393899997579865 0.0013390000094659626
0.05393899997579865 0.0
0.05975299997953698 0.003339000017149374
0.05975299997953698 0.0
0.058987999975215644 0.0015870000061113387
0.058987999975215644 0.0
0.05623099999502301 0.0014809999847784638
0.05623099999502301 0.0
0.05623699998250231 0.0013749999925494194
0.05623699998250231 0.0
0.05748899999889545 0.0014480000245384872
0.05748899999889545 0.0
0.053773999999975786 0.001385999988997355
0.053773999999975786 1.00000761449337e-06
0.05348299999604933 0.0013960000069346279
0.05348299999604933 9.999785106629133e-07
0.052087999996729195 0.0012709999864455312
0.052087999996729195 0.0
0.05497800000011921 0.001959999994141981
0.05497800000011921 1.00000761449337e-06
0.05572200001915917 0.0014830000000074506
0.05572200001915917 0.0
0.054038000002037734 0.0015290000010281801
0.054038000002037734 1.00000761449337e-06
0.05367000002297573 0.0015180000045802444
0.05367000002297573 0.0
0.051770999998552725 0.00161500001559034
0.051770999998552725 1.00000761449337e-06
0.0512589999998454 0.0015380000113509595
0.0512589999998454 0.0
0.04956400001537986 0.001597999973455444
0.04956400001537986 0.0
0.049273000011453405 0.0014110000047367066
0.049273000011453405 0.0
0.04944000000250526 0.00120599998626858
0.04944000000250526 0.0
0.04676000002655201 0.0015669999993406236
0.04676000002655201 1.00000761449337e-06
0.04614200000651181 0.0012069999938830733
0.04614200000651181 1.00000761449337e-06
0.04619900000398047 0.0015029999776743352
0.04619900000398047 1.00000761449337e-06
0.0463420000160113 0.001205000007757917
0.0463420000160113 1.00000761449337e-06
0.04655599998659454 0.0013760000001639128
0.04655599998659454 1.00000761449337e-06
0.04622300001210533 0.0012149999965913594
0.04622300001210533 0.0
0.04887799997231923 0.0013010000111535192
0.04887799997231923 0.0
0.04916900000534952 0.0013179999950807542
0.04916900000534952 0.0
0.04874800000106916 0.0012200000055599958
0.04874800000106916 9.999785106629133e-07
0.04911399999400601 0.0012350000033620745
0.04911399999400601 0.0
0.04972399998223409 0.0013540000072680414
0.04972399998223409 1.00000761449337e-06
0.06093800000962801 0.0013370000233408064
0.06093800000962801 0.0
0.05006199999479577 0.0012789999891538173
0.05006199999479577 0.0
0.04972300000372343 0.0011989999911747873
0.04972300000372343 0.0
0.04863199999090284 0.001244000013684854
0.04863199999090284 9.999785106629133e-07
0.0494440000038594 0.001193000003695488
0.0494440000038594 0.0
0.04953000001842156 0.0012029999925289303
0.04953000001842156 0.0
0.04890900000464171 0.0011949999898206443
0.04890900000464171 0.0
0.048995999997714534 0.0012479999859351665
0.048995999997714534 1.00000761449337e-06
0.04963100000168197 0.0011959999974351376
0.04963100000168197 0.0
0.04965200001606718 0.0012619999761227518
0.04965200001606718 0.0
0.04901600000448525 0.0012029999925289303
0.04901600000448525 1.00000761449337e-06
0.0487239999929443 0.001197000005049631
0.0487239999929443 1.00000761449337e-06
0.04923399997642264 0.0012360000109765679
0.04923399997642264 0.0
0.04932699998607859 0.001205000007757917
0.04932699998607859 9.999785106629133e-07
0.04997600000933744 0.0012500000011641532
0.04997600000933744 1.00000761449337e-06
0.0696239999961108 0.0019360000151209533
0.0696239999961108 0.0
0.07152500000665896 0.001863999990746379
0.07152500000665896 1.00000761449337e-06
0.05200699999113567 0.0012900000147055835
0.05200699999113567 0.0
0.05735599997569807 0.0014899999951012433
0.05735599997569807 1.00000761449337e-06
0.05155200001900084 0.0012479999859351665
0.05155200001900084 0.0
0.057486999983666465 0.0014999999839346856
0.057486999983666465 0.0
0.051204999996116385 0.001264000020455569
0.051204999996116385 9.999785106629133e-07
0.05699599999934435 0.001441000000340864
0.05699599999934435 0.0
0.05161799999768846 0.0012519999872893095
0.05161799999768846 0.0
0.05440599998109974 0.0013329999928828329
0.05440599998109974 1.00000761449337e-06
0.052519000018946826 0.0013930000131949782
0.052519000018946826 0.0
0.052651000005425885 0.0013929999840911478
0.052651000005425885 1.00000761449337e-06
0.052358999993884936 0.001281999982893467
0.052358999993884936 0.0
0.052767999994102865 0.0012940000160597265
0.052767999994102865 1.00000761449337e-06
0.05201600000145845 0.001264000020455569
0.05201600000145845 0.0
0.05443300001206808 0.0014109999756328762
0.05443300001206808 9.999785106629133e-07
0.05383699998492375 0.001381999987643212
0.05383699998492375 9.999785106629133e-07
0.05468599998857826 0.00136599998222664
0.05468599998857826 0.0
0.05370800002128817 0.0013209999888204038
0.05370800002128817 0.0
0.05432899997686036 0.0013170000165700912
0.05432899997686036 0.0
0.053878000006079674 0.001353999978164211
0.053878000006079674 1.00000761449337e-06
0.0536300000094343 0.0013210000179242343
0.0536300000094343 0.0
0.054020000010496005 0.0013439999893307686
0.054020000010496005 1.00000761449337e-06
0.05401800002437085 0.0013259999977890402
0.05401800002437085 0.0
0.05391000001691282 0.0013259999977890402
0.05391000001691282 0.0
0.05443399999057874 0.0013230000040493906
0.05443399999057874 1.00000761449337e-06
0.05513599998084828 0.001560000004246831
0.05513599998084828 0.0
0.05572499998379499 0.0013479999906849116
0.05572499998379499 1.00000761449337e-06
0.05444999999599531 0.0013549999857787043
0.05444999999599531 0.0
0.05422199997701682 0.0013120000076014549
0.05422199997701682 1.00000761449337e-06
0.05628499999875203 0.0014770000125281513
0.05628499999875203 0.0
0.05672900000354275 0.00136900000507012
0.05672900000354275 0.0
0.056210000009741634 0.0014059999957680702
0.056210000009741634 0.0
0.05645200001890771 0.001365000003715977
0.05645200001890771 1.00000761449337e-06
0.05635899998014793 0.0013599999947473407
0.05635899998014793 0.0
0.05621700000483543 0.0013640000252053142
0.05621700000483543 1.00000761449337e-06
0.05623699998250231 0.0013660000113304704
0.05623699998250231 0.0
0.05688300001202151 0.0013960000069346279
0.05688300001202151 1.00000761449337e-06
0.05607600000803359 0.001373999984934926
0.05607600000803359 0.0
0.05655100001604296 0.0015469999925699085
0.05655100001604296 9.999785106629133e-07
0.05572199999005534 0.0014610000071115792
0.05572199999005534 1.00000761449337e-06
0.056394999992335215 0.0015370000037364662
0.056394999992335215 0.0
0.056951999984448776 0.0016049999976530671
0.056951999984448776 1.00000761449337e-06
0.055518000008305535 0.0016860000032465905
0.055518000008305535 1.00000761449337e-06
0.055884000001242384 0.0015820000262465328
0.055884000001242384 1.00000761449337e-06
0.05642200002330355 0.0016610000166110694
0.05642200002330355 0.0
0.056280999997397885 0.0018010000057984143
0.056280999997397885 0.0
0.055852999998023733 0.0015150000108405948
0.055852999998023733 9.999785106629133e-07
0.05594099999871105 0.0017630000074859709
0.05594099999871105 1.00000761449337e-06
0.05621499998960644 0.0014059999957680702
0.05621499998960644 0.0
0.059259000001475215 0.0019069999980274588
0.059259000001475215 0.0
0.05907600000500679 0.0016680000117048621
0.05907600000500679 0.0
0.05628900000010617 0.0014769999834243208
0.05628900000010617 0.0
0.05627100000856444 0.0017839999927673489
0.05627100000856444 0.0
0.060853000002680346 0.0036580000014510006
0.060853000002680346 0.0
0.06351899998844601 0.0036989999935030937
0.06351899998844601 1.00000761449337e-06
0.08314699999755248 0.004677999997511506
0.08314699999755248 9.999785106629133e-07
0.09071200000471435 0.005272000009426847
0.09071200000471435 0.0
0.09336299999267794 0.005280999990645796
0.09336299999267794 0.0
0.0929669999750331 0.003970999998273328
0.0929669999750331 1.00000761449337e-06
0.09814199997344986 0.005650000006426126
0.09814199997344986 9.999785106629133e-07
0.10059700001147576 0.005898999981582165
0.10059700001147576 9.999785106629133e-07
0.08023000002140179 0.0019650000031106174
0.08023000002140179 1.00000761449337e-06
0.08081400001537986 0.0019349999784026295
0.08081400001537986 0.0
0.10087200000998564 0.0023270000237971544
0.10087200000998564 1.00000761449337e-06
0.08284000001731329 0.00205800001276657
0.08284000001731329 1.00000761449337e-06
0.08331300001009367 0.002055999997537583
0.08331300001009367 0.0
0.06877600000007078 0.001660999987507239
0.06877600000007078 1.00000761449337e-06
0.06717399999615736 0.0016550000000279397
0.06717399999615736 0.0
0.06813600001623854 0.001672999991569668
0.06813600001623854 0.0
0.06760799998301081 0.00161500001559034
0.06760799998301081 0.0
0.06790900000487454 0.001648000004934147
0.06790900000487454 1.00000761449337e-06
0.06689799999003299 0.0016780000005383044
0.06689799999003299 1.00000761449337e-06
0.06819599997834302 0.0016919999907258898
0.06819599997834302 0.0
0.06789700000081211 0.0019190000020898879
0.06789700000081211 1.00000761449337e-06
0.07317699998384342 0.002139999996870756
0.07317699998384342 1.00000761449337e-06
0.07218200000352226 0.0017210000078193843
0.07218200000352226 0.0
0.07021800000802614 0.0016889999969862401
0.07021800000802614 0.0
0.06951400000252761 0.0016919999907258898
0.06951400000252761 0.0
0.07162800000514835 0.0016960000211838633
0.07162800000514835 0.0
0.06948199999169447 0.0022909999825060368
0.06948199999169447 1.00000761449337e-06
0.07048299998859875 0.0024590000102762133
0.07048299998859875 0.0
0.0719319999916479 0.002398999989964068
0.0719319999916479 0.0
0.06966000000829808 0.00306099999579601
0.06966000000829808 0.0
0.07527000000118278 0.0030940000142436475
0.07527000000118278 1.00000761449337e-06
0.07304699998348951 0.0025089999835472554
0.07304699998348951 0.0
0.07306200001039542 0.0025169999862555414
0.07306200001039542 0.0
0.07307199999922886 0.0024830000184010714
0.07307199999922886 0.0
0.07971099999849685 0.0033750000002328306
0.07971099999849685 0.0
0.07291099999565631 0.0024770000018179417
0.07291099999565631 0.0
0.0729249999858439 0.001824999984819442
0.0729249999858439 0.0
0.09720999997807667 0.0025439999881200492
0.09720999997807667 0.0
0.08063500002026558 0.001994000020204112
0.08063500002026558 1.00000761449337e-06
0.10312799998791888 0.003265000006649643
0.10312799998791888 1.00000761449337e-06
0.10246500000357628 0.002466000005370006
0.10246500000357628 1.00000761449337e-06
0.10866399999940768 0.006273000006331131
0.10866399999940768 0.0
0.1108959999983199 0.006376000004820526
0.1108959999983199 9.999785106629133e-07
0.0957629999902565 0.002454000001307577
0.0957629999902565 0.0
0.09614199999487028 0.002754999994067475
0.09614199999487028 0.0
0.09518000000389293 0.0023930000024847686
0.09518000000389293 0.0
0.09782299998914823 0.0023930000024847686
0.09782299998914823 0.0
0.0968000000284519 0.0023800000199116766
0.0968000000284519 0.0
0.07537999999476597 0.0019019999890588224
0.07537999999476597 0.0
0.07423199998447672 0.0017609999922569841
0.07423199998447672 0.0
0.07392699999036267 0.0017619999998714775
0.07392699999036267 1.00000761449337e-06
0.07498400000622496 0.0018170000112149864
0.07498400000622496 0.0
0.07579299999633804 0.0018229999986942858
0.07579299999633804 0.0
0.07478599998285063 0.0018470000068191439
0.07478599998285063 0.0
0.07585300001665018 0.0017680000164546072
0.07585300001665018 1.00000761449337e-06
0.07587899998179637 0.0018170000112149864
0.07587899998179637 0.0
0.0776940000068862 0.0018159999744966626
0.0776940000068862 1.00000761449337e-06
0.07763500002329238 0.0018909999926108867
0.07763500002329238 0.0
0.07894599999417551 0.0019219999958295375
0.07894599999417551 0.0
0.07740400001057424 0.0018819999822881073
0.07740400001057424 0.0
0.07809799999813549 0.0018820000113919377
0.07809799999813549 9.999785106629133e-07
0.07837800000561401 0.0020850000146310776
0.07837800000561401 1.00000761449337e-06
0.0768370000005234 0.0018770000024233013
0.0768370000005234 1.00000761449337e-06
0.07544399998732843 0.0018620000046212226
0.07544399998732843 0.0
0.07513100001960993 0.0018390000041108578
0.07513100001960993 0.0
0.075942000024952 0.001851000008173287
0.075942000024952 0.0
0.08188800001516938 0.002441999997245148
0.08188800001516938 9.999785106629133e-07
0.07449200001428835 0.001795999996829778
0.07449200001428835 1.00000761449337e-06
0.07498400000622496 0.001799000019673258
0.07498400000622496 0.0
0.07953799999086186 0.0027120000158902258
0.07953799999086186 1.00000761449337e-06
0.0968810000049416 0.003121999994618818
0.0968810000049416 0.0
0.09121299997786991 0.0019170000159647316
0.09121299997786991 0.0
0.08437900000717491 0.0020460000087041408
0.08437900000717491 9.999785106629133e-07
0.08064699999522418 0.002011000004131347
0.08064699999522418 0.0
0.08447799997520633 0.0020240000158082694
0.08447799997520633 0.0
0.07702999998582527 0.001955999992787838
0.07702999998582527 0.0
0.07896399998571724 0.0019360000151209533
0.07896399998571724 9.999785106629133e-07
0.08430099999532104 0.0027319999935571104
0.08430099999532104 0.0
0.08189999999012798 0.0021410000044852495
0.08189999999012798 1.00000761449337e-06
0.07820300001185387 0.0018980000168085098
0.07820300001185387 1.00000761449337e-06
0.08028299998841248 0.0023879999935161322
0.08028299998841248 0.0
0.08338500000536442 0.001947999990079552
0.08338500000536442 9.999785106629133e-07
0.0927629999932833 0.0019560000218916684
0.0927629999932833 0.0
0.10510700001032092 0.002370000001974404
0.10510700001032092 0.0
0.08849400002509356 0.0021980000019539148
0.08849400002509356 0.0
0.08845599999767728 0.002146999991964549
0.08845599999767728 0.0
0.08753200000501238 0.002158999996026978
0.08753200000501238 0.0
0.08711799999582581 0.0020989999757148325
0.08711799999582581 0.0
0.0898470000247471 0.002281000022776425
0.0898470000247471 0.0
0.08885299999383278 0.002143999998224899
0.08885299999383278 0.0
0.09013899997808039 0.0022270000190474093
0.09013899997808039 1.00000761449337e-06
0.08954200000152923 0.0021829999750480056
0.08954200000152923 0.0
0.09040099999401718 0.002142000012099743
0.09040099999401718 0.0
0.09413300000596792 0.003009999985806644
0.09413300000596792 9.999785106629133e-07
0.13393499999074265 0.0035439999774098396
0.13393499999074265 0.0
0.10223100002622232 0.0023440000077243894
0.10223100002622232 0.0
0.12032400001771748 0.0023880000226199627
0.12032400001771748 9.999785106629133e-07
0.09562400000868365 0.0024120000016409904
0.09562400000868365 0.0
0.09683999998378567 0.002558000007411465
0.09683999998378567 0.0
0.09141200000885874 0.002222000010078773
0.09141200000885874 0.0
0.08957899999222718 0.0021490000071935356
0.08957899999222718 9.999785106629133e-07
0.09115999998175539 0.0021760000090580434
0.09115999998175539 0.0
0.0879830000048969 0.0026169999910052866
0.0879830000048969 0.0
0.08770599999115802 0.002279000007547438
0.08770599999115802 0.0
0.08613099998910911 0.002055999997537583
0.08613099998910911 0.0
0.08515900000929832 0.002070999995339662
0.08515900000929832 0.0
0.1005670000158716 0.002873000019462779
0.1005670000158716 0.0
0.08717399998567998 0.0020770000119227916
0.08717399998567998 0.0
0.09053400001721457 0.0022099999769125134
0.09053400001721457 0.0
0.08713800000259653 0.0021560000022873282
0.08713800000259653 1.00000761449337e-06
0.08696499999496154 0.002142999990610406
0.08696499999496154 1.00000761449337e-06
0.08979700002237223 0.0021720000077039003
0.08979700002237223 0.0
0.08890800000517629 0.002107000007526949
0.08890800000517629 1.00000761449337e-06
0.08751099999062717 0.002223999996203929
0.08751099999062717 0.0
0.11672900000121444 0.0028590000001713634
0.11672900000121444 1.00000761449337e-06
0.09299900001497008 0.0023199999995995313
0.09299900001497008 1.00000761449337e-06
0.127238999994006 0.007252000010339543
0.127238999994006 1.00000761449337e-06
0.11957999999867752 0.003404999995836988
0.11957999999867752 0.0
0.1302399999985937 0.007326999999349937
0.1302399999985937 1.00000761449337e-06
0.1664230000169482 0.009586999978637323
0.1664230000169482 0.0
0.13378000000375323 0.003634000022429973
0.13378000000375323 9.999785106629133e-07
0.134557000012137 0.003472000011242926
0.134557000012137 0.0
0.13210200000321493 0.0031869999947957695
0.13210200000321493 0.0
0.13249899999937043 0.003480000013951212
0.13249899999937043 9.999785106629133e-07
0.1361660000111442 0.003353999985847622
0.1361660000111442 0.0
0.1279109999886714 0.003033999993931502
0.1279109999886714 1.00000761449337e-06
0.12926499999593943 0.0032219999993685633
0.12926499999593943 1.00000761449337e-06
0.14993899999535643 0.0036269999982323498
0.14993899999535643 1.00000761449337e-06
0.1463850000000093 0.0036259999906178564
0.1463850000000093 0.0
0.12866099999519065 0.003788999980315566
0.12866099999519065 0.0
0.16350599998258986 0.004438000003574416
0.16350599998258986 1.00000761449337e-06
0.12771700002485886 0.0028440000023692846
0.12771700002485886 0.0
0.11113699999987148 0.004044999979669228
0.11113699999987148 9.999785106629133e-07
0.10474499998963438 0.0037250000168569386
0.10474499998963438 0.0
0.09049400000367314 0.0021809999889228493
0.09049400000367314 0.0
0.09623399999691173 0.0029839999915566295
0.09623399999691173 1.00000761449337e-06
0.10489699998288415 0.002207999990787357
0.10489699998288415 0.0
0.08970599999884143 0.0022179999796207994
0.08970599999884143 9.999785106629133e-07
0.08752800000365824 0.0020840000070165843
0.08752800000365824 9.999785106629133e-07
0.08689000000595115 0.002107999986037612
0.08689000000595115 1.00000761449337e-06
0.09322499998961575 0.0022569999855477363
0.09322499998961575 0.0
0.09369900001911446 0.0022400000016205013
0.09369900001911446 1.00000761449337e-06
0.0919360000116285 0.002287999988766387
0.0919360000116285 0.0
0.09165600000414997 0.002163999975891784
0.09165600000414997 0.0
0.09394700001575984 0.0022319999989122152
0.09394700001575984 0.0
0.09330300000146963 0.0022250000038184226
0.09330300000146963 0.0
0.11815199998090975 0.003273999987868592
0.11815199998090975 0.0
0.10227599999052472 0.002837000007275492
0.10227599999052472 1.00000761449337e-06
0.0978119999927003 0.0026829999987967312
0.0978119999927003 1.00000761449337e-06
0.09798299998510629 0.0023689999943599105
0.09798299998510629 1.00000761449337e-06
0.09762600000249222 0.002426999999443069
0.09762600000249222 1.00000761449337e-06
0.09734899998875335 0.002361999999266118
0.09734899998875335 1.00000761449337e-06
0.09699999997974373 0.0023890000011306256
0.09699999997974373 9.999785106629133e-07
0.09538600000087172 0.002753000007942319
0.09538600000087172 1.00000761449337e-06
0.09251200000289828 0.002230000012787059
0.09251200000289828 0.0
0.09361199999693781 0.0023440000077243894
0.09361199999693781 0.0
0.09636799999861978 0.002441999997245148
0.09636799999861978 0.0
0.09651400000439025 0.0023480000090785325
0.09651400000439025 0.0
0.09256500002811663 0.002238000015495345
0.09256500002811663 0.0
0.09258900000713766 0.0022040000185370445
0.09258900000713766 0.0
0.09438700001919642 0.0022929999977350235
0.09438700001919642 9.999785106629133e-07
0.09154000002308749 0.002242999995360151
0.09154000002308749 0.0
0.09622200002195314 0.002281000022776425
0.09622200002195314 1.00000761449337e-06
0.09138100000564009 0.0022400000016205013
0.09138100000564009 0.0
0.09779500000877306 0.002462999982526526
0.09779500000877306 9.999785106629133e-07
0.09255099997972138 0.002215999993495643
0.09255099997972138 0.0
0.09641299999202602 0.0024169999815057963
0.09641299999202602 9.999785106629133e-07
0.09193599998252466 0.0021699999924749136
0.09193599998252466 0.0
0.09232199998223223 0.002202000003308058
0.09232199998223223 0.0
0.09277700001257472 0.0022699999972246587
0.09277700001257472 1.00000761449337e-06
0.09239800000796095 0.0022270000190474093
0.09239800000796095 0.0
0.09409400000004098 0.002215999993495643
0.09409400000004098 9.999785106629133e-07
0.09547800000291318 0.0023050000017974526
0.09547800000291318 0.0
0.09485199998016469 0.0022769999923184514
0.09485199998016469 0.0
0.09602299999096431 0.002359999984037131
0.09602299999096431 0.0
0.09478700000909157 0.0024280000070575625
0.09478700000909157 0.0
0.0952759999781847 0.0023379999911412597
0.0952759999781847 0.0
0.09514200000558048 0.0022889999963808805
0.09514200000558048 9.999785106629133e-07
0.09547500000917353 0.0024009999760892242
0.09547500000917353 0.0
0.0943789999873843 0.0022600000083912164
0.0943789999873843 1.00000761449337e-06
0.09327000001212582 0.0022089999984018505
0.09327000001212582 0.0
0.09648199999355711 0.0023569999902974814
0.09648199999355711 0.0
0.09667899998021312 0.002349000016693026
0.09667899998021312 0.0
0.0959220000077039 0.002322999993339181
0.0959220000077039 0.0
0.09758799997507595 0.0023410000139847398
0.09758799997507595 1.00000761449337e-06
0.09695899998769164 0.0023890000011306256
0.09695899998769164 0.0
0.1175070000172127 0.0029479999793693423
0.1175070000172127 9.999785106629133e-07
0.09893199999351054 0.0023609999916516244
0.09893199999351054 1.00000761449337e-06
0.0970730000117328 0.0023289999808184803
0.0970730000117328 0.0
0.09620900001027621 0.0023930000024847686
0.09620900001027621 0.0
0.10265200000139885 0.0024679999914951622
0.10265200000139885 1.00000761449337e-06
0.10409800001070835 0.0025040000036824495
0.10409800001070835 0.0
0.10295100000803359 0.0024630000116303563
0.10295100000803359 0.0
0.10515799999120645 0.002519999979995191
0.10515799999120645 1.00000761449337e-06
0.10643400001572445 0.0024409999896306545
0.10643400001572445 0.0
0.10532199998851866 0.002529999997932464
0.10532199998851866 0.0
0.11048500001197681 0.002650999987963587
0.11048500001197681 1.00000761449337e-06
0.10946000000694767 0.0026519999955780804
0.10946000000694767 0.0
0.11203999997815117 0.0032219999993685633
0.11203999997815117 1.00000761449337e-06
0.1123020000231918 0.002681999991182238
0.1123020000231918 1.00000761449337e-06
0.11146099999314174 0.002669999987119809
0.11146099999314174 0.0
0.10931500000879169 0.002594999998109415
0.10931500000879169 0.0
0.10724699997808784 0.0027379999810364097
0.10724699997808784 0.0
0.10711099999025464 0.0026070000021718442
0.10711099999025464 1.00000761449337e-06
0.10721899999771267 0.002617000020109117
0.10721899999771267 0.0
0.10560199999599718 0.0024259999918285757
0.10560199999599718 0.0
0.1072359999816399 0.002589000010630116
0.1072359999816399 1.00000761449337e-06
0.10372400001506321 0.0025390000082552433
0.10372400001506321 0.0
0.10240599999087863 0.0025880000030156225
0.10240599999087863 0.0
0.10439100000075996 0.0024639999901410192
0.10439100000075996 1.00000761449337e-06
0.10389800000120886 0.00245199998607859
0.10389800000120886 0.0
0.10420999999041669 0.0023919999948702753
0.10420999999041669 0.0
0.10225599998375401 0.002431000000797212
0.10225599998375401 0.0
0.10136600001715124 0.0023899999796412885
0.10136600001715124 0.0
0.10508899998967536 0.0024730000004637986
0.10508899998967536 0.0
0.10468499999842606 0.002435000002151355
0.10468499999842606 1.00000761449337e-06
0.10169999999925494 0.00242100001196377
0.10169999999925494 9.999785106629133e-07
0.10399999999208376 0.002437999995891005
0.10399999999208376 0.0
0.10133200002019294 0.002435000002151355
0.10133200002019294 0.0
0.10236700001405552 0.002469000028213486
0.10236700001405552 1.00000761449337e-06
0.1041339999937918 0.0026430000143591315
0.1041339999937918 1.00000761449337e-06
0.10490199999185279 0.0025040000036824495
0.10490199999185279 0.0
0.1057460000156425 0.0025819999864324927
0.1057460000156425 0.0
0.10497799998847768 0.002646999986609444
0.10497799998847768 1.00000761449337e-06
0.10476600000401959 0.00253199998405762
0.10476600000401959 1.00000761449337e-06
0.10565200002747588 0.0024759999942034483
0.10565200002747588 0.0
0.10496399999829009 0.002410000015515834
0.10496399999829009 1.00000761449337e-06
0.10464500001398847 0.0024839999969117343
0.10464500001398847 9.999785106629133e-07
0.10483799999929033 0.002490999992005527
0.10483799999929033 1.00000761449337e-06
0.11230199999408796 0.0025730000052135438
0.11230199999408796 1.00000761449337e-06
0.11613999999826774 0.0029470000008586794
0.11613999999826774 1.00000761449337e-06
0.12867999999434687 0.003044999990379438
0.12867999999434687 0.0
0.1372069999924861 0.007830999995348975
0.1372069999924861 1.00000761449337e-06
0.1435559999954421 0.008219000010285527
0.1435559999954421 1.00000761449337e-06
0.15002200001617894 0.008381999999983236
0.15002200001617894 1.00000761449337e-06
0.18203100000391714 0.011085000005550683
0.18203100000391714 0.0
0.18629599999985658 0.010868000012123957
0.18629599999985658 0.0
0.15740600001299754 0.004570999997667968
0.15740600001299754 0.0
0.15478799998527393 0.003895000001648441
0.15478799998527393 1.00000761449337e-06
0.14783400000305846 0.0036149999941699207
0.14783400000305846 0.0
0.14440799999283627 0.004148999985773116
0.14440799999283627 0.0
0.149187000002712 0.003996999992523342
0.149187000002712 1.00000761449337e-06
0.14772300000186078 0.003796000004513189
0.14772300000186078 0.0
0.14975199999753386 0.0037979999906383455
0.14975199999753386 0.0
0.13686199998483062 0.0033509999921079725
0.13686199998483062 0.0
0.13716799998655915 0.003656999993836507
0.13716799998655915 9.999785106629133e-07
0.13547599999583326 0.003496999997878447
0.13547599999583326 0.0
0.13545100000919774 0.0033859999966807663
0.13545100000919774 0.0
0.13853200001176447 0.003507999994326383
0.13853200001176447 0.0
0.13754399999743327 0.003448000003118068
0.13754399999743327 1.00000761449337e-06
0.13680100001511164 0.003433999983826652
0.13680100001511164 0.0
0.13323700000182725 0.003356000001076609
0.13323700000182725 1.00000761449337e-06
0.1225150000245776 0.0029719999874942005
0.1225150000245776 0.0
0.12238600000273436 0.0030269999988377094
0.12238600000273436 9.999785106629133e-07
0.12673099999665283 0.002970999979879707
0.12673099999665283 0.0
0.11852600000565872 0.0030079999996814877
0.11852600000565872 0.0
0.1104920000070706 0.0027030000055674464
0.1104920000070706 9.999785106629133e-07
0.1082909999822732 0.0026169999910052866
0.1082909999822732 0.0
0.10550400000647642 0.002582999994046986
0.10550400000647642 1.00000761449337e-06
0.10217500000726432 0.0025009999808389693
0.10217500000726432 1.00000761449337e-06
0.10085200000321493 0.0025059999898076057
0.10085200000321493 0.0
0.10113900000578724 0.002445000020088628
0.10113900000578724 0.0
0.10037900001043454 0.0024059999850578606
0.10037900001043454 0.0
0.10190199999487959 0.00241499999538064
0.10190199999487959 0.0
0.09773099998710677 0.002359000005526468
0.09773099998710677 0.0
0.09843899999395944 0.002351000002818182
0.09843899999395944 1.00000761449337e-06
0.11097100001643412 0.0031129999842960387
0.11097100001643412 9.999785106629133e-07
0.09873399999924004 0.0024529999936930835
0.09873399999924004 0.0
0.09949299998697825 0.0023750000109430403
0.09949299998697825 0.0
0.10255400001187809 0.0024289999855682254
0.10255400001187809 9.999785106629133e-07
0.1038620000181254 0.0026929999876301736
0.1038620000181254 0.0
0.10430500001530163 0.0025369999930262566
0.10430500001530163 0.0
0.10620899999048561 0.0025310000055469573
0.10620899999048561 1.00000761449337e-06
0.10461199999554083 0.0025270000041928142
0.10461199999554083 9.999785106629133e-07
0.1042769999767188 0.00253800000064075
0.1042769999767188 1.00000761449337e-06
0.10547000000951812 0.0025390000082552433
0.10547000000951812 0.0
0.09740199998486787 0.0025369999930262566
0.09740199998486787 0.0
0.09836800000630319 0.0023379999911412597
0.09836800000630319 0.0
0.0974759999953676 0.0023979999823495746
0.0974759999953676 0.0
0.09730900000431575 0.002422000019578263
0.09730900000431575 0.0
0.09752899999148212 0.00245800000266172
0.09752899999148212 1.00000761449337e-06
0.10173900000518188 0.0026849999849218875
0.10173900000518188 1.00000761449337e-06
0.09956800000509247 0.0024110000231303275
0.09956800000509247 0.0
0.09979500001645647 0.0027870000049006194
0.09979500001645647 0.0
0.10041899999487214 0.0024010000051930547
0.10041899999487214 0.0
0.10083800001302734 0.002422999998088926
0.10083800001302734 1.00000761449337e-06
0.10252199997194111 0.002785000018775463
0.10252199997194111 0.0
0.11330299999099225 0.003425000002607703
0.11330299999099225 0.0
0.10509699999238364 0.002598999999463558
0.10509699999238364 9.999785106629133e-07
0.10783100000116974 0.002650000009452924
0.10783100000116974 1.00000761449337e-06
0.105517999996664 0.0026329999964218587
0.105517999996664 0.0
0.10896900002262555 0.0027830000035464764
0.10896900002262555 0.0
0.10969400001340546 0.0026369999977760017
0.10969400001340546 1.00000761449337e-06
0.10966799999005161 0.0026450000004842877
0.10966799999005161 0.0
0.10749899997608736 0.0026820000202860683
0.10749899997608736 0.0
0.10936699999729171 0.002642000006744638
0.10936699999729171 0.0
0.11126799997873604 0.0029180000128690153
0.11126799997873604 1.00000761449337e-06
0.11271500002476387 0.0028030000103171915
0.11271500002476387 0.0
0.11345599999185652 0.0027089999930467457
0.11345599999185652 0.0
0.11373299997649156 0.002701999997952953
0.11373299997649156 0.0
0.11278500000480562 0.0028119999915361404
0.11278500000480562 0.0
0.11219400001573376 0.002657000004546717
0.11219400001573376 9.999785106629133e-07
0.1134650000021793 0.0026689999795053154
0.1134650000021793 0.0
0.1113700000278186 0.002785999997286126
0.1113700000278186 0.0
0.11109699998633005 0.0026639999996405095
0.11109699998633005 9.999785106629133e-07
0.11006400000769645 0.0028559999773278832
0.11006400000769645 0.0
0.13452500000130385 0.0036149999941699207
0.13452500000130385 0.0
0.14016900002025068 0.003858000010950491
0.14016900002025068 1.00000761449337e-06
0.14423800000804476 0.0036850000033155084
0.14423800000804476 1.00000761449337e-06
0.11306999999214895 0.0027849999896716326
0.11306999999214895 0.0
0.10680099998717196 0.0026239999860990793
0.10680099998717196 1.00000761449337e-06
0.10764299999573268 0.002653000003192574
0.10764299999573268 0.0
0.14489399999729358 0.003612999978940934
0.14489399999729358 0.0
0.10671600000932813 0.0025960000057239085
0.10671600000932813 0.0
0.1437349999905564 0.0035780000034719706
0.1437349999905564 0.0
0.10797600002842955 0.002646000008098781
0.10797600002842955 0.0
0.10685199999716133 0.0025489999970886856
0.10685199999716133 9.999785106629133e-07
0.12823600001865998 0.00266100000590086
0.12823600001865998 0.0
0.13607999999658205 0.0034220000088680536
0.13607999999658205 1.00000761449337e-06
0.103279000002658 0.002677000011317432
0.103279000002658 0.0
0.10540600001695566 0.0024919999996200204
0.10540600001695566 0.0
0.10579599998891354 0.0025249999889638275
0.10579599998891354 1.00000761449337e-06
0.1046210000058636 0.0025849999801721424
0.1046210000058636 0.0
0.10352900001453236 0.002515000000130385
0.10352900001453236 0.0
0.10378799997852184 0.0025599999935366213
0.10378799997852184 0.0
0.10488400000031106 0.0025360000145155936
0.10488400000031106 0.0
0.10562600000412203 0.002527999982703477
0.10562600000412203 1.00000761449337e-06
0.10513999999966472 0.0026040000084321946
0.10513999999966472 0.0
0.10335200000554323 0.0025510000123176724
0.10335200000554323 0.0
0.10423500000615604 0.0027159999881405383
0.10423500000615604 0.0
0.10598599998047575 0.0026829999987967312
0.10598599998047575 0.0
0.1081949999788776 0.0025630000163801014
0.1081949999788776 0.0
0.10658700001658872 0.00253800000064075
0.10658700001658872 0.0
0.10548800000105985 0.0025569999997969717
0.10548800000105985 0.0
0.10595899997861125 0.002589000010630116
0.10595899997861125 1.00000761449337e-06
0.10858200001530349 0.0025730000052135438
0.10858200001530349 0.0
0.1077019999793265 0.0025400000158697367
0.1077019999793265 0.0
0.10706499998923391 0.0025859999877866358
0.10706499998923391 9.999785106629133e-07
0.10873300000093877 0.0025639999948907644
0.10873300000093877 0.0
0.1074230000085663 0.0025630000163801014
0.1074230000085663 0.0
0.10767399999895133 0.002589000010630116
0.10767399999895133 0.0
0.1095109999878332 0.002550000004703179
0.1095109999878332 0.0
0.10856999998213723 0.0025790000217966735
0.10856999998213723 1.00000761449337e-06
0.10642700002063066 0.0025730000052135438
0.10642700002063066 0.0
0.10579299999517389 0.002582999994046986
0.10579299999517389 0.0
0.10622700001113117 0.0026329999964218587
0.10622700001113117 0.0
0.11891499999910593 0.003109999990556389
0.11891499999910593 1.00000761449337e-06
0.12123799999244511 0.002882000000681728
0.12123799999244511 0.0
0.11934899998595938 0.0028999999922234565
0.11934899998595938 0.0
0.12690899998415262 0.0029079999949317425
0.12690899998415262 0.0
0.1185010000190232 0.0028710000042337924
0.1185010000190232 1.00000761449337e-06
0.1203549999918323 0.0028879999881610274
0.1203549999918323 1.00000761449337e-06
0.12004000000888482 0.002882000000681728
0.12004000000888482 1.00000761449337e-06
0.11792900000000373 0.0030200000037439167
0.11792900000000373 0.0
0.111756999976933 0.002677999989828095
0.111756999976933 0.0
0.11147599999094382 0.0027750000008381903
0.11147599999094382 0.0
0.1188399999809917 0.002849000011337921
0.1188399999809917 1.00000761449337e-06
0.11831800002255477 0.002757000009296462
0.11831800002255477 0.0
0.11856100001023151 0.0028999999922234565
0.11856100001023151 0.0
0.11672400002134964 0.002761999989161268
0.11672400002134964 9.999785106629133e-07
0.11562600001343526 0.0027459999837446958
0.11562600001343526 0.0
0.11600300000282004 0.002745000005234033
0.11600300000282004 1.00000761449337e-06
0.11180600000079721 0.0027629999967757612
0.11180600000079721 0.0
0.1090680000197608 0.003025999991223216
0.1090680000197608 0.0
0.10967899998649955 0.002673999988473952
0.10967899998649955 9.999785106629133e-07
0.11013700001058169 0.002662999992026016
0.11013700001058169 0.0
0.11019700000179 0.0026569999754428864
0.11019700000179 0.0
0.11104399999021553 0.0026240000152029097
0.11104399999021553 0.0
0.11022099998081103 0.002662999992026016
0.11022099998081103 1.00000761449337e-06
0.1094710000033956 0.0026190000062342733
0.1094710000033956 0.0
0.11386400001356378 0.00270100001944229
0.11386400001356378 1.00000761449337e-06
0.11591500000213273 0.0028119999915361404
0.11591500000213273 0.0
0.11652999999932945 0.003152999997837469
0.11652999999932945 1.00000761449337e-06
0.11474299998371862 0.002726999984588474
0.11474299998371862 1.00000761449337e-06
0.11653800000203773 0.002789999998640269
0.11653800000203773 1.00000761449337e-06
0.11399899999378249 0.0027839999820571393
0.11399899999378249 9.999785106629133e-07
0.11105700000189245 0.003200000006472692
0.11105700000189245 9.999785106629133e-07
0.1097600000211969 0.0027080000145360827
0.1097600000211969 9.999785106629133e-07
0.10968799999682233 0.002591999975265935
0.10968799999682233 0.0
0.11170799998217262 0.0028870000096503645
0.11170799998217262 0.0
0.11011000000871718 0.0026470000157132745
0.11011000000871718 0.0
0.11535500001627952 0.0028190000157337636
0.11535500001627952 1.00000761449337e-06
0.11155099997995421 0.002669000008609146
0.11155099997995421 9.999785106629133e-07
0.11177499999757856 0.0026760000037029386
0.11177499999757856 0.0
0.11204799998085946 0.002685999992536381
0.11204799998085946 0.0
0.11185499999555759 0.002705999999307096
0.11185499999555759 0.0
0.1297690000210423 0.0030550000083167106
0.1297690000210423 0.0
0.114452000008896 0.0028359999996609986
0.114452000008896 0.0
0.11150099997757934 0.002670999994734302
0.11150099997757934 0.0
0.12235200000577606 0.002993000001879409
0.12235200000577606 9.999785106629133e-07
0.12574499999755062 0.003169000003254041
0.12574499999755062 0.0
0.12574000001768582 0.0030679999908898026
0.12574000001768582 0.0
0.1249779999780003 0.003049999999348074
0.1249779999780003 0.0
0.1266429999959655 0.003029000014066696
0.1266429999959655 1.00000761449337e-06
0.12643299999763258 0.003062999981921166
0.12643299999763258 1.00000761449337e-06
0.12244999999529682 0.002952000009827316
0.12244999999529682 0.0
0.12853099999483675 0.0031789999920874834
0.12853099999483675 0.0
0.12284100000397302 0.0031689999741502106
0.12284100000397302 0.0
0.11829499999294057 0.0029609999910462648
0.11829499999294057 9.999785106629133e-07
0.11769900002400391 0.0028620000230148435
0.11769900002400391 0.0
0.11295399998198263 0.0027729999856092036
0.11295399998198263 0.0
0.11555200000293553 0.0027399999962653965
0.11555200000293553 0.0
0.11588199998368509 0.002837000007275492
0.11588199998368509 1.00000761449337e-06
0.1149779999977909 0.0027760000084526837
0.1149779999977909 1.00000761449337e-06
0.1138619999983348 0.002785999997286126
0.1138619999983348 0.0
0.11325199998100288 0.002800000016577542
0.11325199998100288 0.0
0.12048099999083206 0.003001999983098358
0.12048099999083206 0.0
0.11748400001670234 0.002797000022837892
0.11748400001670234 0.0
0.11674599998514168 0.0027969999937340617
0.11674599998514168 1.00000761449337e-06
0.12291700000059791 0.0028630000015255064
0.12291700000059791 0.0
0.11721500000567175 0.0029159999976400286
0.11721500000567175 0.0
0.11884899999131449 0.0028549999988172203
0.11884899999131449 0.0
0.11696700000902638 0.002804000017931685
0.11696700000902638 0.0
0.1171230000036303 0.0027609999815467745
0.1171230000036303 9.999785106629133e-07
0.11776100000133738 0.002972999995108694
0.11776100000133738 0.0
0.11734100000467151 0.002952000009827316
0.11734100000467151 0.0
0.11723600002005696 0.002832000027410686
0.11723600002005696 0.0
0.11604900000384077 0.002802000002702698
0.11604900000384077 0.0
0.11871500001871027 0.0028190000157337636
0.11871500001871027 1.00000761449337e-06
0.11775499998475425 0.0028279999969527125
0.11775499998475425 9.999785106629133e-07
0.11823500000173226 0.00398099998710677
0.11823500000173226 1.00000761449337e-06
0.17880299998796545 0.0042569999932311475
0.17880299998796545 9.999785106629133e-07
0.14998600000399165 0.0037440000160131603
0.14998600000399165 0.0
0.15235299998312257 0.003882999997586012
0.15235299998312257 1.00000761449337e-06
0.16012400001636706 0.003312999993795529
0.16012400001636706 0.0
0.13491100000101142 0.004239000001689419
0.13491100000101142 1.00000761449337e-06
0.13835399999516085 0.00423000002047047
0.13835399999516085 0.0
0.12447999999858439 0.0029639999847859144
0.12447999999858439 0.0
0.14772400000947528 0.003595999995013699
0.14772400000947528 9.999785106629133e-07
0.1573799999896437 0.004134999995585531
0.1573799999896437 0.0
0.16379299998516217 0.0029820000054314733
0.16379299998516217 1.00000761449337e-06
0.16311600001063198 0.004874000005656853
0.16311600001063198 1.00000761449337e-06
0.15787600001203828 0.003352999978233129
0.15787600001203828 0.0
0.16912999999476597 0.0034020000020973384
0.16912999999476597 0.0
0.17876999999862164 0.0040290000033564866
0.17876999999862164 0.0
0.13022000002092682 0.0031799999997019768
0.13022000002092682 0.0
0.1308069999795407 0.0032150000042747706
0.1308069999795407 0.0
0.12965000001713634 0.0032030000002123415
0.12965000001713634 1.00000761449337e-06
0.13605199998710304 0.0033650000113993883
0.13605199998710304 0.0
0.13114100001985207 0.003236000018659979
0.13114100001985207 0.0
0.12941500000306405 0.0031069999968167394
0.12941500000306405 9.999785106629133e-07
0.13226700000814162 0.0032239999854937196
0.13226700000814162 0.0
0.17274099998758174 0.003942000010283664
0.17274099998758174 1.00000761449337e-06
0.1418110000086017 0.0034570000134408474
0.1418110000086017 1.00000761449337e-06
0.1404589999874588 0.00334399999701418
0.1404589999874588 1.00000761449337e-06
0.1725389999919571 0.005105999996885657
0.1725389999919571 1.00000761449337e-06
0.17302699998253956 0.0035989999887533486
0.17302699998253956 1.00000761449337e-06
0.13580599997658283 0.0030580000020563602
0.13580599997658283 0.0
0.12546699997619726 0.0029839999915566295
0.12546699997619726 0.0
0.12498699998832308 0.002966000000014901
0.12498699998832308 1.00000761449337e-06
0.12477699998999014 0.003056999994441867
0.12477699998999014 0.0
0.12685400000191294 0.0029839999915566295
0.12685400000191294 0.0
0.12653999999747612 0.0030069999920669943
0.12653999999747612 9.999785106629133e-07
0.1262130000104662 0.003072000021347776
0.1262130000104662 1.00000761449337e-06
0.1326100000005681 0.0038289999938569963
0.1326100000005681 1.00000761449337e-06
0.12790800002403557 0.003015000023879111
0.12790800002403557 0.0
0.12926200000219978 0.0030200000037439167
0.12926200000219978 0.0
0.12743700001738034 0.0029830000130459666
0.12743700001738034 0.0
0.12913600000320002 0.0034109999833162874
0.12913600000320002 9.999785106629133e-07
0.13011700002243742 0.002996000024722889
0.13011700002243742 1.00000761449337e-06
0.12927100001252256 0.003593999979784712
0.12927100001252256 0.0
0.129622999986168 0.0030759999935980886
0.129622999986168 0.0
0.1287869999941904 0.002974000002723187
0.1287869999941904 1.00000761449337e-06
0.12891500000841916 0.002984999999171123
0.12891500000841916 0.0
0.12759400001959875 0.0030289999849628657
0.12759400001959875 0.0
0.12619900002027862 0.002985999977681786
0.12619900002027862 0.0
0.12809299997752532 0.0029379999905359
0.12809299997752532 0.0
0.12737600001855753 0.0030350000015459955
0.12737600001855753 0.0
0.12634099999559112 0.0030109999934211373
0.12634099999559112 9.999785106629133e-07
0.12773800001014024 0.0031310000049415976
0.12773800001014024 9.999785106629133e-07
0.1269940000202041 0.0031330000201705843
0.1269940000202041 1.00000761449337e-06
0.18352399999275804 0.004728000028990209
0.18352399999275804 1.00000761449337e-06
0.14579199999570847 0.0031599999929312617
0.14579199999570847 0.0
0.13288699998520315 0.003173000004608184
0.13288699998520315 1.00000761449337e-06
0.13792500001727603 0.0035060000082012266
0.13792500001727603 1.00000761449337e-06
0.13473700001486577 0.0033699999912641943
0.13473700001486577 9.999785106629133e-07
0.15455400000791997 0.0035060000082012266
0.15455400000791997 1.00000761449337e-06
0.1370900000038091 0.003222999977879226
0.1370900000038091 0.0
0.15531400000327267 0.004291999997803941
0.15531400000327267 0.0
0.13160300001618452 0.0032559999963268638
0.13160300001618452 1.00000761449337e-06
0.1285959999950137 0.003045999997993931
0.1285959999950137 0.0
0.13528700001188554 0.0031989999988581985
0.13528700001188554 1.00000761449337e-06
0.14297700001043268 0.0037099999899510294
0.14297700001043268 0.0
0.1400510000239592 0.003361999988555908
0.1400510000239592 1.00000761449337e-06
0.14285599999129772 0.0034140000061597675
0.14285599999129772 0.0
0.14445900000282563 0.003572999994503334
0.14445900000282563 0.0
0.15377299999818206 0.003564000013284385
0.15377299999818206 1.00000761449337e-06
0.14376400000764988 0.003544999985024333
0.14376400000764988 9.999785106629133e-07
0.14089999999850988 0.0034020000020973384
0.14089999999850988 0.0
0.1422829999937676 0.003435999999055639
0.1422829999937676 0.0
0.13780300001963042 0.0033639999746810645
0.13780300001963042 0.0
0.13885799999115989 0.003304999991087243
0.13885799999115989 1.00000761449337e-06
0.13375900001847185 0.003089999983785674
0.13375900001847185 0.0
0.1337679999996908 0.0032469999860040843
0.1337679999996908 0.0
0.13349899998866022 0.0031589999853167683
0.13349899998866022 1.00000761449337e-06
0.1327060000039637 0.0031940000189933926
0.1327060000039637 0.0
0.1367220000247471 0.003244000021368265
0.1367220000247471 0.0
0.13399499998195097 0.0031380000000353903
0.13399499998195097 1.00000761449337e-06
0.13837999998941086 0.003635000000940636
0.13837999998941086 0.0
0.13614200000301935 0.0032629999914206564
0.13614200000301935 1.00000761449337e-06
0.13586200002464466 0.003240999998524785
0.13586200002464466 1.00000761449337e-06
0.13584699999773875 0.00317799998447299
0.13584699999773875 9.999785106629133e-07
0.13346199999796227 0.0032060000230558217
0.13346199999796227 0.0
0.13554700001259334 0.003177000005962327
0.13554700001259334 0.0
0.13410300001851283 0.0032030000002123415
0.13410300001851283 9.999785106629133e-07
0.13398300000699237 0.0032389999832957983
0.13398300000699237 0.0
0.137308999983361 0.0034020000020973384
0.137308999983361 1.00000761449337e-06
0.1377490000159014 0.0033019999973475933
0.1377490000159014 9.999785106629133e-07
0.1373510000121314 0.0032930000161286443
0.1373510000121314 0.0
0.137620000023162 0.0032230000069830567
0.137620000023162 0.0
0.1376649999874644 0.003257000003941357
0.1376649999874644 1.00000761449337e-06
0.13814599998295307 0.0035220000136177987
0.13814599998295307 0.0
0.1409540000022389 0.003431999997701496
0.1409540000022389 9.999785106629133e-07
0.13798600001609884 0.0032860000210348517
0.13798600001609884 9.999785106629133e-07
0.13744600000791252 0.003392000013263896
0.13744600000791252 0.0
0.1382809999922756 0.003423000016482547
0.1382809999922756 0.0
0.13797099998919293 0.0033109999785665423
0.13797099998919293 0.0
0.14340999998967163 0.003392999991774559
0.14340999998967163 0.0
0.13855900001362897 0.003353999985847622
0.13855900001362897 0.0
0.14009299999452196 0.0033239999902434647
0.14009299999452196 0.0
0.14213399999425747 0.0033570000086911023
0.14213399999425747 1.00000761449337e-06
0.14261500001884997 0.0034330000053159893
0.14261500001884997 0.0
0.14278899997589178 0.0035349999961908907
0.14278899997589178 0.0
0.14347000000998378 0.0035679999855346978
0.14347000000998378 1.00000761449337e-06
0.14146000001346692 0.0034180000075139105
0.14146000001346692 0.0
0.13839500001631677 0.0033429999893996865
0.13839500001631677 0.0
0.1409249999851454 0.003412999998545274
0.1409249999851454 9.999785106629133e-07
0.14943799999309704 0.003683000017190352
0.14943799999309704 0.0
0.14905899998848327 0.0038369999965652823
0.14905899998848327 0.0
0.1513379999960307 0.0037869999941904098
0.1513379999960307 0.0
0.1509119999827817 0.0036689999978989363
0.1509119999827817 1.00000761449337e-06
0.1587489999947138 0.004161999997450039
0.1587489999947138 9.999785106629133e-07
0.16516600002069026 0.009234000026481226
0.16516600002069026 1.00000761449337e-06
0.1667230000020936 0.009636000002501532
0.1667230000020936 1.00000761449337e-06
0.1693059999961406 0.009469999989960343
0.1693059999961406 1.00000761449337e-06
0.1757389999984298 0.0043880000011995435
0.1757389999984298 0.0
0.1681749999988824 0.004285000002710149
0.1681749999988824 0.0
0.1726419999904465 0.004298999992897734
0.1726419999904465 0.0
0.16496399999596179 0.004111999995075166
0.16496399999596179 0.0
0.16094699999666773 0.003891000000294298
0.16094699999666773 0.0
0.15514399998937733 0.0037970000121276826
0.15514399998937733 0.0
0.15447300000232644 0.003808999987086281
0.15447300000232644 0.0
0.15440900000976399 0.003802000021096319
0.15440900000976399 0.0
0.1537219999881927 0.003759999992325902
0.1537219999881927 1.00000761449337e-06
0.15330899998662062 0.00390399998286739
0.15330899998662062 0.0
0.14878799999132752 0.0037569999985862523
0.14878799999132752 0.0
0.16567099999519996 0.004581999994115904
0.16567099999519996 9.999785106629133e-07
0.142638999997871 0.0038429999840445817
0.142638999997871 0.0
0.14769799998612143 0.003647999983513728
0.14769799998612143 0.0
0.14894899999490008 0.003528000001097098
0.14894899999490008 0.0
0.1375840000109747 0.0032219999993685633
0.1375840000109747 1.00000761449337e-06
0.14038799999980256 0.0032919999794103205
0.14038799999980256 0.0
0.13621799999964423 0.003269000008003786
0.13621799999964423 1.00000761449337e-06
0.13947700001881458 0.0032519999949727207
0.13947700001881458 0.0
0.13596500002313405 0.0032509999873582274
0.13596500002313405 1.00000761449337e-06
0.13802900002337992 0.003416999999899417
0.13802900002337992 0.0
0.14104399998905137 0.003257000003941357
0.14104399998905137 0.0
0.1403649999992922 0.0032940000237431377
0.1403649999992922 0.0
0.14415600002394058 0.003444000001763925
0.14415600002394058 0.0
0.14139999999315478 0.003320999996503815
0.14139999999315478 1.00000761449337e-06
0.13990999999805354 0.0033309999853372574
0.13990999999805354 0.0
0.13934200000949204 0.003345999983139336
0.13934200000949204 0.0
0.14123300000210293 0.0032719999726396054
0.14123300000210293 0.0
0.14020300001720898 0.003448000003118068
0.14020300001720898 0.0
0.1390769999998156 0.00341799997841008
0.1390769999998156 0.0
0.13646199999493547 0.003951999999117106
0.13646199999493547 0.0
0.13675200002035126 0.0032950000022538006
0.13675200002035126 0.0
0.1373219999950379 0.003296000009868294
0.1373219999950379 0.0
0.1395149999880232 0.0032540000102017075
0.1395149999880232 1.00000761449337e-06
0.13838800002122298 0.0031660000095143914
0.13838800002122298 0.0
0.14409700001124293 0.003745999973034486
0.14409700001124293 0.0
0.15369999999529682 0.004186000005574897
0.15369999999529682 0.0
0.15589500000351109 0.0037540000048466027
0.15589500000351109 0.0
0.1540019999956712 0.004245999996783212
0.1540019999956712 0.0
0.15330899998662062 0.0037139999913051724
0.15330899998662062 0.0
0.15462499999557622 0.004015999991679564
0.15462499999557622 1.00000761449337e-06
0.16272600000957027 0.003907999984221533
0.16272600000957027 9.999785106629133e-07
0.15667299999040551 0.003808999987086281
0.15667299999040551 0.0
0.15762199999880977 0.0039019999967422336
0.15762199999880977 0.0
0.14727299998048693 0.004053000011481345
0.14727299998048693 9.999785106629133e-07
0.14369600001373328 0.003333000000566244
0.14369600001373328 0.0
0.14403100000345148 0.003499000013107434
0.14403100000345148 1.00000761449337e-06
0.14775699999881908 0.0035510000016074628
0.14775699999881908 1.00000761449337e-06
0.14314200001535937 0.00338400001055561
0.14314200001535937 0.0
0.14410199999110773 0.003400999994482845
0.14410199999110773 0.0
0.14125200000125915 0.003456000005826354
0.14125200000125915 0.0
0.17996500001754612 0.004122999991523102
0.17996500001754612 9.999785106629133e-07
0.14313399998354726 0.003328999999212101
0.14313399998354726 1.00000761449337e-06
0.14301100000739098 0.003376000007847324
0.14301100000739098 0.0
0.14261499998974614 0.0034020000020973384
0.14261499998974614 1.00000761449337e-06
0.14127899997401983 0.0033180000027641654
0.14127899997401983 0.0
0.14057099999627098 0.0035599999828264117
0.14057099999627098 0.0
0.14404399998602457 0.0034820000000763685
0.14404399998602457 1.00000761449337e-06
0.1433590000087861 0.0034330000053159893
0.1433590000087861 0.0
0.14194199998746626 0.0033340000081807375
0.14194199998746626 1.00000761449337e-06
0.1420769999967888 0.0034429999941494316
0.1420769999967888 1.00000761449337e-06
0.1426330000103917 0.0035780000034719706
0.1426330000103917 0.0
0.148310999997193 0.0035060000082012266
0.148310999997193 0.0
0.14465999999083579 0.003560999990440905
0.14465999999083579 1.00000761449337e-06
0.14481399999931455 0.0038989999738987535
0.14481399999931455 0.0
0.1454809999850113 0.0035090000019408762
0.1454809999850113 1.00000761449337e-06
0.14717500002007 0.003735000005690381
0.14717500002007 1.00000761449337e-06
0.146521999995457 0.003523999999742955
0.146521999995457 1.00000761449337e-06
0.14577999999164604 0.0038169999897945672
0.14577999999164604 0.0
0.1438649999909103 0.003403000009711832
0.1438649999909103 0.0
0.14902599999913946 0.003480000013951212
0.14902599999913946 0.0
0.1519700000062585 0.0035970000026281923
0.1519700000062585 1.00000761449337e-06
0.14893799999845214 0.003404999995836988
0.14893799999845214 0.0
0.1763420000206679 0.005187999980989844
0.1763420000206679 0.0
0.15889099999913014 0.003961000009439886
0.15889099999913014 1.00000761449337e-06
0.19572399999015033 0.004005999973742291
0.19572399999015033 9.999785106629133e-07
0.1493260000133887 0.003599999996367842
0.1493260000133887 0.0
0.15096699999412522 0.0035410000127740204
0.15096699999412522 0.0
0.15012500001466833 0.0035389999975450337
0.15012500001466833 0.0
0.15491400001337752 0.003679999994346872
0.15491400001337752 0.0
0.15732399999978952 0.003730000025825575
0.15732399999978952 0.0
0.15353999999933876 0.0037600000214297324
0.15353999999933876 0.0
0.1571140000014566 0.0037810000067111105
0.1571140000014566 0.0
0.157695000001695 0.003876000002492219
0.157695000001695 1.00000761449337e-06
0.15569899999536574 0.003788999980315566
0.15569899999536574 0.0
0.15208599998732097 0.0036909999907948077
0.15208599998732097 0.0
0.1584240000229329 0.003700000001117587
0.1584240000229329 9.999785106629133e-07
0.15945900001679547 0.003964999981690198
0.15945900001679547 1.00000761449337e-06
0.14996300000348128 0.0035970000026281923
0.14996300000348128 1.00000761449337e-06
0.14934899998479523 0.0036099999852012843
0.14934899998479523 9.999785106629133e-07
0.1469900000083726 0.0035920000227633864
0.1469900000083726 0.0
0.1864380000042729 0.004629000002751127
0.1864380000042729 0.0
0.14997599998605438 0.003911999985575676
0.14997599998605438 0.0
0.14514400000916794 0.003543000028003007
0.14514400000916794 9.999785106629133e-07
0.15567800001008436 0.003523000021232292
0.15567800001008436 0.0
0.1486049999948591 0.003568999993149191
0.1486049999948591 0.0
0.1497490000037942 0.003635000000940636
0.1497490000037942 0.0
0.15236199999344535 0.0035629999765660614
0.15236199999344535 0.0
0.15046399997663684 0.00358099999721162
0.15046399997663684 0.0
0.15190199998323806 0.003946000011637807
0.15190199998323806 1.00000761449337e-06
0.1502570000011474 0.0036649999965447932
0.1502570000011474 0.0
0.164132999983849 0.003723000001627952
0.164132999983849 1.00000761449337e-06
0.1497269999817945 0.003564999991795048
0.1497269999817945 0.0
0.15184599999338388 0.0035389999975450337
0.15184599999338388 1.00000761449337e-06
0.15646899997955188 0.0036740000068675727
0.15646899997955188 0.0
0.15402600000379607 0.003622000018367544
0.15402600000379607 1.00000761449337e-06
0.1533179999969434 0.0036989999935030937
0.1533179999969434 1.00000761449337e-06
0.1562100000155624 0.0036720000207424164
0.1562100000155624 1.00000761449337e-06
0.15521999998600222 0.0036749999853782356
0.15521999998600222 0.0
0.1532489999954123 0.003652999992482364
0.1532489999954123 9.999785106629133e-07
0.14834099999279715 0.0035419999912846833
0.14834099999279715 1.00000761449337e-06
0.1529850000224542 0.0036020000115968287
0.1529850000224542 0.0
0.1541529999813065 0.0036309999995864928
0.1541529999813065 1.00000761449337e-06
0.1529549999977462 0.003652999992482364
0.1529549999977462 1.00000761449337e-06
0.1524760000174865 0.0037449999945238233
0.1524760000174865 0.0
0.1528929999913089 0.003556000010576099
0.1528929999913089 1.00000761449337e-06
0.15334699998493306 0.0037299999967217445
0.15334699998493306 1.00000761449337e-06
0.15904199998476543 0.003632000007200986
0.15904199998476543 0.0
0.15382900001714006 0.0035930000012740493
0.15382900001714006 9.999785106629133e-07
0.15323100000387058 0.0036250000121071935
0.15323100000387058 0.0
0.15373300001374446 0.0036219999892637134
0.15373300001374446 0.0
0.1555660000012722 0.0036860000109300017
0.1555660000012722 0.0
0.15450499998405576 0.0036229999968782067
0.15450499998405576 1.00000761449337e-06
0.16147399999317713 0.004075000004377216
0.16147399999317713 0.0
0.17238800000632182 0.004279999993741512
0.17238800000632182 0.0
0.1705659999861382 0.003973999992012978
0.1705659999861382 0.0
0.16939299998921342 0.00398999999742955
0.16939299998921342 1.00000761449337e-06
0.17098699999041855 0.004359000013209879
0.17098699999041855 0.0
0.17294799999217503 0.004107999993721023
0.17294799999217503 0.0
0.20837599999504164 0.013696999987587333
0.20837599999504164 0.0
0.17447299999184906 0.0046910000091884285
0.17447299999184906 1.00000761449337e-06
0.20393000001786277 0.0053619999962393194
0.20393000001786277 1.00000761449337e-06
0.2196529999782797 0.005444999987957999
0.2196529999782797 1.00000761449337e-06
0.19579399999929592 0.004745999991428107
0.19579399999929592 1.00000761449337e-06
0.1572419999865815 0.0037240000092424452
0.1572419999865815 0.0
0.1572290000040084 0.0037280000105965883
0.1572290000040084 0.0
0.1547959999879822 0.003716000006534159
0.1547959999879822 0.0
0.15868500000215136 0.0036909999907948077
0.15868500000215136 0.0
0.1666759999934584 0.003714999998919666
0.1666759999934584 1.00000761449337e-06
0.15907600001082756 0.003888999985065311
0.15907600001082756 9.999785106629133e-07
0.15943400000105612 0.003728999989107251
0.15943400000105612 0.0
0.15729000000283122 0.003739000007044524
0.15729000000283122 0.0
0.15774900000542402 0.0037810000067111105
0.15774900000542402 1.00000761449337e-06
0.1536539999942761 0.003640999988419935
0.1536539999942761 0.0
0.15706800000043586 0.003966999996919185
0.15706800000043586 0.0
0.15681100002257153 0.003706000017700717
0.15681100002257153 1.00000761449337e-06
0.1598729999968782 0.0037509999820031226
0.1598729999968782 1.00000761449337e-06
0.15763200001674704 0.0038979999953880906
0.15763200001674704 1.00000761449337e-06
0.15884699998423457 0.003995999984908849
0.15884699998423457 0.0
0.15575400000670925 0.003652999992482364
0.15575400000670925 0.0
0.15747600002214313 0.0036770000006072223
0.15747600002214313 1.00000761449337e-06
0.15805199998430908 0.00374399998690933
0.15805199998430908 1.00000761449337e-06
0.15528300000005402 0.003632999985711649
0.15528300000005402 9.999785106629133e-07
0.15907600001082756 0.003763999993680045
0.15907600001082756 0.0
0.15945700000156648 0.003811000002315268
0.15945700000156648 0.0
0.1588249999913387 0.0038570000033359975
0.1588249999913387 9.999785106629133e-07
0.15919400000711903 0.003732999990461394
0.15919400000711903 1.00000761449337e-06
0.1583669999963604 0.004046999994898215
0.1583669999963604 0.0
0.15811899999971502 0.0036789999867323786
0.15811899999971502 0.0
0.15869899999233894 0.003767999995034188
0.15869899999233894 1.00000761449337e-06
0.1594619999814313 0.0038050000148359686
0.1594619999814313 0.0
0.15898700000252575 0.0037580000062007457
0.15898700000252575 0.0
0.15881100000115111 0.003792999981669709
0.15881100000115111 9.999785106629133e-07
0.16004500002600253 0.003862000012304634
0.16004500002600253 0.0
0.15803700001561083 0.0037420000007841736
0.15803700001561083 0.0
0.16110299999127164 0.003992999991169199
0.16110299999127164 0.0
0.16214099997887388 0.0038970000168774277
0.16214099997887388 0.0
0.16793500000494532 0.004112999973585829
0.16793500000494532 9.999785106629133e-07
0.1730880000104662 0.004174999980023131
0.1730880000104662 9.999785106629133e-07
0.1802130000141915 0.010352999990573153
0.1802130000141915 1.3999990187585354e-05
0.18317400000523776 0.005095000000437722
0.18317400000523776 0.0
0.1847109999798704 0.010280999995302409
0.1847109999798704 0.0
0.1815599999972619 0.004545999981928617
0.1815599999972619 1.00000761449337e-06
0.1837999999988824 0.004579999978886917
0.1837999999988824 0.0
0.18590799998492002 0.004411000001709908
0.18590799998492002 0.0
0.17981000000145286 0.0043289999885018915
0.17981000000145286 0.0
0.16776599999866448 0.003954999992856756
0.16776599999866448 0.0
0.15814899999531917 0.0038530000019818544
0.15814899999531917 0.0
0.15942400001222268 0.0038169999897945672
0.15942400001222268 0.0
0.16065599999274127 0.0037259999953676015
0.16065599999274127 0.0
0.15902300001471303 0.003946000011637807
0.15902300001471303 1.00000761449337e-06
0.1673130000126548 0.003788000001804903
0.1673130000126548 0.0
0.15710899999248795 0.003739999985555187
0.15710899999248795 1.00000761449337e-06
0.15689300000667572 0.004102000006241724
0.15689300000667572 1.00000761449337e-06
0.1554349999933038 0.0036170000093989074
0.1554349999933038 1.00000761449337e-06
0.15696100000059232 0.003819000005023554
0.15696100000059232 9.999785106629133e-07
0.15682699999888428 0.0037489999958779663
0.15682699999888428 0.0
0.15740399999776855 0.0037709999887738377
0.15740399999776855 1.00000761449337e-06
0.15781999999308027 0.0037139999913051724
0.15781999999308027 1.00000761449337e-06
0.1580099999846425 0.0037139999913051724
0.1580099999846425 0.0
0.15684099998907186 0.003755999990971759
0.15684099998907186 0.0
0.1567159999976866 0.0037259999953676015
0.1567159999976866 0.0
0.1567419999919366 0.0036850000033155084
0.1567419999919366 0.0
0.16049899999052286 0.003835999988950789
0.16049899999052286 9.999785106629133e-07
0.15737699999590404 0.0037039999733678997
0.15737699999590404 1.00000761449337e-06
0.1592579999996815 0.003798999998252839
0.1592579999996815 9.999785106629133e-07
0.16089200001442805 0.004275000013876706
0.16089200001442805 0.0
0.15860399999655783 0.0038800000038463622
0.15860399999655783 1.00000761449337e-06
0.1617860000114888 0.003811000002315268
0.1617860000114888 0.0
0.16034299999591894 0.003884999983711168
0.16034299999591894 0.0
0.15908699997817166 0.003714999998919666
0.15908699997817166 0.0
0.160645999974804 0.0038160000112839043
0.160645999974804 0.0
0.15912900000694208 0.003847000014502555
0.15912900000694208 0.0
0.1606319999846164 0.0037210000155027956
0.1606319999846164 1.00000761449337e-06
0.16437799998675473 0.003843999991659075
0.16437799998675473 9.999785106629133e-07
0.15896499998052604 0.003782000014325604
0.15896499998052604 0.0
0.16002000001026317 0.003767000016523525
0.16002000001026317 0.0
0.15971300000092015 0.003788000001804903
0.15971300000092015 0.0
0.16105299998889677 0.0038619999832008034
0.16105299998889677 9.999785106629133e-07
0.16439900000113994 0.0038589999894611537
0.16439900000113994 0.0
0.16121200000634417 0.0038600000261794776
0.16121200000634417 0.0
0.22081400000024587 0.00559900002554059
0.22081400000024587 0.0
0.17479499999899417 0.004283000016584992
0.17479499999899417 0.0
0.17714000001433305 0.004715000017313287
0.17714000001433305 1.00000761449337e-06
0.17789399999310263 0.004278000007616356
0.17789399999310263 0.0
0.17947000000276603 0.004306000017095357
0.17947000000276603 0.0
0.17822400000295602 0.00422999999136664
0.17822400000295602 0.0
0.1814639999938663 0.004528999998001382
0.1814639999938663 0.0
0.17930899999919347 0.004302000015741214
0.17930899999919347 9.999785106629133e-07
0.17734500000369735 0.004333999997470528
0.17734500000369735 1.4999997802078724e-05
0.16953399998601526 0.003958999994210899
0.16953399998601526 0.0
0.1676539999898523 0.0040889999945648015
0.1676539999898523 1.00000761449337e-06
0.1685420000285376 0.0039960000140126795
0.1685420000285376 1.00000761449337e-06
0.16869399999268353 0.003995999984908849
0.16869399999268353 1.00000761449337e-06
0.2052900000126101 0.00479300000006333
0.2052900000126101 0.0
0.1695119999931194 0.0040840000146999955
0.1695119999931194 0.0
0.17084599999361672 0.004199000017251819
0.17084599999361672 0.0
0.17431000000215136 0.004159000003710389
0.17431000000215136 0.0
0.169662000000244 0.004106000007595867
0.169662000000244 9.999785106629133e-07
0.16848800002480857 0.004006999981356785
0.16848800002480857 0.0
0.1653740000037942 0.0039659999893046916
0.1653740000037942 1.00000761449337e-06
0.1640239999978803 0.0038469999853987247
0.1640239999978803 0.0
0.16557499999180436 0.0038260000001173466
0.16557499999180436 9.999785106629133e-07
0.16687100002309307 0.00398999999742955
0.16687100002309307 0.0
0.16469299999880604 0.003911999985575676
0.16469299999880604 1.00000761449337e-06
0.16627399998833425 0.004301999986637384
0.16627399998833425 1.00000761449337e-06
0.16846799998893403 0.00406700000166893
0.16846799998893403 0.0
0.1673319999827072 0.00406999999540858
0.1673319999827072 0.0
0.1685779999825172 0.004058999998960644
0.1685779999825172 1.00000761449337e-06
0.16472000000067055 0.00411300000268966
0.16472000000067055 1.00000761449337e-06
0.1677110000164248 0.0040120000194292516
0.1677110000164248 0.0
0.16707300001871772 0.004032999975606799
0.16707300001871772 0.0
0.16169300000183284 0.0038249999925028533
0.16169300000183284 0.0
0.1632099999987986 0.0037869999941904098
0.1632099999987986 0.0
0.16166400001384318 0.0038369999965652823
0.16166400001384318 1.00000761449337e-06
0.16757000001962297 0.004039999999804422
0.16757000001962297 0.0
0.1706629999971483 0.003899000003002584
0.1706629999971483 1.00000761449337e-06
0.164018000010401 0.004010000004200265
0.164018000010401 9.999785106629133e-07
0.16312700000707991 0.0038219999987632036
0.16312700000707991 1.00000761449337e-06
0.16073500001220964 0.003868999978294596
0.16073500001220964 0.0
0.1640389999956824 0.00393799997982569
0.1640389999956824 0.0
0.16211699999985285 0.003837000025669113
0.16211699999985285 0.0
0.16174700000556186 0.003811000002315268
0.16174700000556186 1.00000761449337e-06
0.16241099999751896 0.0038449999992735684
0.16241099999751896 9.999785106629133e-07
0.16460399999050424 0.003924999997252598
0.16460399999050424 9.999785106629133e-07
0.1632370000006631 0.003891000000294298
0.1632370000006631 9.999785106629133e-07
0.17482700000982732 0.004123999999137595
0.17482700000982732 0.0
0.1817589999991469 0.005000999983167276
0.1817589999991469 1.00000761449337e-06
0.17664499999955297 0.004561999987345189
0.17664499999955297 9.999785106629133e-07
0.17867500000284053 0.004281999979866669
0.17867500000284053 1.00000761449337e-06
0.174343000020599 0.004138000018429011
0.174343000020599 0.0
0.18038800000795163 0.0044800000032410026
0.18038800000795163 1.00000761449337e-06
0.18887899999390356 0.005287000007228926
0.18887899999390356 1.00000761449337e-06
0.18189199999324046 0.004301999986637384
0.18189199999324046 0.0
0.17386999999871477 0.004014000005554408
0.17386999999871477 0.0
0.16557099999045022 0.003882999997586012
0.16557099999045022 0.0
0.16473200000473298 0.004206000012345612
0.16473200000473298 0.0
0.17125700000906363 0.003963999974075705
0.17125700000906363 1.00000761449337e-06
0.16552300000330433 0.003899999981513247
0.16552300000330433 9.999785106629133e-07
0.1643929999845568 0.0038530000019818544
0.1643929999845568 1.00000761449337e-06
0.16386500000953674 0.003839999990304932
0.16386500000953674 0.0
0.16711199999554083 0.003977999993367121
0.16711199999554083 1.00000761449337e-06
0.16845500000636093 0.004389000008814037
0.16845500000636093 0.0
0.16800700000021607 0.0039470000192523
0.16800700000021607 1.00000761449337e-06
0.16467100000591017 0.004079000005731359
0.16467100000591017 0.0
0.16624800002318807 0.003930000006221235
0.16624800002318807 1.00000761449337e-06
0.16593099999590777 0.004018000006908551
0.16593099999590777 1.00000761449337e-06
0.16845399999874644 0.004118999990168959
0.16845399999874644 0.0
0.1681819999939762 0.003957000008085743
0.1681819999939762 0.0
0.16680400000768714 0.0041049999999813735
0.16680400000768714 0.0
0.1682860000000801 0.00406999999540858
0.1682860000000801 0.0
0.1662769999820739 0.003939999995054677
0.1662769999820739 0.0
0.16613800000050105 0.003886000020429492
0.16613800000050105 0.0
0.16918600001372397 0.00402700001723133
0.16918600001372397 9.999785106629133e-07
0.1675480000267271 0.003878000017721206
0.1675480000267271 0.0
0.16965499997604638 0.003969999990658835
0.16965499997604638 1.00000761449337e-06
0.17443399998592213 0.0041480000072624534
0.17443399998592213 0.0
0.17337100001168437 0.004095000011147931
0.17337100001168437 0.0
0.17874199998914264 0.004125999985262752
0.17874199998914264 9.999785106629133e-07
0.17103699999279343 0.0040290000033564866
0.17103699999279343 0.0
0.17169600000488572 0.004035000019939616
0.17169600000488572 1.00000761449337e-06
0.17158600001130253 0.004141999990679324
0.17158600001130253 0.0
0.17058400000678375 0.004018999985419214
0.17058400000678375 0.0
0.16958600000361912 0.0040040000167209655
0.16958600000361912 1.00000761449337e-06
0.17003499998827465 0.003989000018918887
0.17003499998827465 1.00000761449337e-06
0.16910400000051595 0.003985999996075407
0.16910400000051595 0.0
0.17302399998879991 0.0040760000119917095
0.17302399998879991 0.0
0.17435599997406825 0.004130999994231388
0.17435599997406825 0.0
0.17275500000687316 0.0041640000126790255
0.17275500000687316 0.0
0.1839149999723304 0.004404000006616116
0.1839149999723304 9.999785106629133e-07
0.1838780000107363 0.004597000021021813
0.1838780000107363 0.0
0.1867809999966994 0.0046830000064801425
0.1867809999966994 0.0
0.18947200002730824 0.004448000021511689
0.18947200002730824 0.0
0.18921700000646524 0.010753999988082796
0.18921700000646524 9.999785106629133e-07
0.1858139999967534 0.004583000001730397
0.1858139999967534 1.00000761449337e-06
0.18891199998324737 0.004522000002907589
0.18891199998324737 0.0
0.18447499998728745 0.004465999983949587
0.18447499998728745 1.00000761449337e-06
0.18804700000328012 0.00447000001440756
0.18804700000328012 1.00000761449337e-06
0.17544900000211783 0.004044000001158565
0.17544900000211783 9.999785106629133e-07
0.17088399999192916 0.004058999998960644
0.17088399999192916 1.00000761449337e-06
0.17314999998779967 0.004248000012012199
0.17314999998779967 9.999785106629133e-07
0.17844099999638274 0.004247999982908368
0.17844099999638274 0.0
0.1750519999768585 0.004214999993564561
0.1750519999768585 0.0
0.17929800000274554 0.0042990000220015645
0.17929800000274554 9.999785106629133e-07
0.17325399999390356 0.0041809999966062605
0.17325399999390356 0.0
0.1778679999988526 0.004070999973919243
0.1778679999988526 9.999785106629133e-07
0.17366000000038184 0.004174000001512468
0.17366000000038184 0.0
0.1750940000056289 0.004137000010814518
0.1750940000056289 1.00000761449337e-06
0.17715800000587478 0.0042110000213142484
0.17715800000587478 0.0
0.17226300001493655 0.004124999977648258
0.17226300001493655 0.0
0.17482000001473352 0.004165999998804182
0.17482000001473352 0.0
0.17585900000995025 0.004197000002022833
0.17585900000995025 0.0
0.18007800000486895 0.004151999979512766
0.18007800000486895 1.00000761449337e-06
0.17696500002057292 0.004372000024886802
0.17696500002057292 0.0
0.1746839999977965 0.004277000000001863
0.1746839999977965 1.00000761449337e-06
0.180380999983754 0.004183000011835247
0.180380999983754 0.0
0.18020699999760836 0.004136999981710687
0.18020699999760836 0.0
0.1771090000111144 0.004161999997450039
0.1771090000111144 0.0
0.18700500001432374 0.004184000019449741
0.18700500001432374 0.0
0.17814900001394562 0.004206999990856275
0.17814900001394562 1.00000761449337e-06
0.1779099999985192 0.004171000007772818
0.1779099999985192 1.00000761449337e-06
0.2176200000103563 0.005422999995062128
0.2176200000103563 1.00000761449337e-06
0.18016200000420213 0.0043080000032205135
0.18016200000420213 0.0
0.17741199998999946 0.004190999985439703
0.17741199998999946 1.00000761449337e-06
0.17868199999793433 0.004145000013522804
0.17868199999793433 0.0
0.17745999997714534 0.004118999990168959
0.17745999997714534 0.0
0.1809050000156276 0.004301000008126721
0.1809050000156276 0.0
0.1791759999759961 0.004163000005064532
0.1791759999759961 1.00000761449337e-06
0.17904000001726672 0.004362000006949529
0.17904000001726672 1.00000761449337e-06
0.1801020000129938 0.004281000001356006
0.1801020000129938 1.00000761449337e-06
0.1808139999920968 0.0041849999979604036
0.1808139999920968 9.999785106629133e-07
0.1808819999860134 0.004183000011835247
0.1808819999860134 0.0
0.18196899999747984 0.004243999981554225
0.18196899999747984 9.999785106629133e-07
0.19175200001336634 0.0047799999883864075
0.19175200001336634 9.999785106629133e-07
0.19870300000184216 0.011009999987436458
0.19870300000184216 0.0
0.20646600000327453 0.011574000003747642
0.20646600000327453 9.999785106629133e-07
0.20776099999784492 0.005587999999988824
0.20776099999784492 0.0
0.215572000015527 0.005150000011781231
0.215572000015527 0.0
0.20843600001535378 0.005094000021927059
0.20843600001535378 1.00000761449337e-06
0.20489100000122562 0.005004000006010756
0.20489100000122562 1.00000761449337e-06
0.20277600002009422 0.005021000019041821
0.20277600002009422 0.0
0.1985469999781344 0.004645999986678362
0.1985469999781344 0.0
0.1856240000051912 0.0044639999978244305
0.1856240000051912 9.999785106629133e-07
0.1795620000048075 0.004382000013720244
0.1795620000048075 1.00000761449337e-06
0.17976299999281764 0.004310999996960163
0.17976299999281764 1.00000761449337e-06
0.1834519999974873 0.004462999990209937
0.1834519999974873 0.0
0.18112799999653362 0.00498999998671934
0.18112799999653362 1.00000761449337e-06
0.1826510000100825 0.004264999995939434
0.1826510000100825 0.0
0.1797789999982342 0.004323000001022592
0.1797789999982342 1.00000761449337e-06
0.1799180000089109 0.004509000020334497
0.1799180000089109 0.0
0.18164399999659508 0.00434399998630397
0.18164399999659508 0.0
0.18403199999011122 0.004355000011855736
0.18403199999011122 1.00000761449337e-06
0.18165300000691786 0.004283000016584992
0.18165300000691786 0.0
0.1820939999888651 0.004378999990876764
0.1820939999888651 0.0
0.18221699999412522 0.004305999987991527
0.18221699999412522 9.999785106629133e-07
0.18174500000895932 0.004283000016584992
0.18174500000895932 0.0
0.18851599999470636 0.004331000003730878
0.18851599999470636 0.0
0.18593500001588836 0.004359000013209879
0.18593500001588836 0.0
0.18387900001835078 0.004758999974001199
0.18387900001835078 0.0
0.18105499999364838 0.004268999997293577
0.18105499999364838 9.999785106629133e-07
0.18515400000615045 0.004462999990209937
0.18515400000615045 0.0
0.22552099998574704 0.005064999975729734
0.22552099998574704 0.0
0.18787700001848862 0.004738999996334314
0.18787700001848862 0.0
0.18519499999820255 0.004267999989679083
0.18519499999820255 0.0
0.18669699999736622 0.004420000012032688
0.18669699999736622 1.00000761449337e-06
0.1902389999886509 0.004584999987855554
0.1902389999886509 0.0
0.1873650000197813 0.004405000014230609
0.1873650000197813 1.00000761449337e-06
0.18980500000179745 0.004510999977355823
0.18980500000179745 0.0
0.1882589999877382 0.004495999979553744
0.1882589999877382 1.00000761449337e-06
0.1902610000106506 0.0045310000132303685
0.1902610000106506 1.00000761449337e-06
0.18788800001493655 0.004644000000553206
0.18788800001493655 0.0
0.18863600000622682 0.00458999999682419
0.18863600000622682 1.00000761449337e-06
0.18275100001483224 0.00427000000490807
0.18275100001483224 0.0
0.18415499999537133 0.004378999990876764
0.18415499999537133 9.999785106629133e-07
0.18446299998322502 0.004461000004084781
0.18446299998322502 0.0
0.1895469999872148 0.00458999999682419
0.1895469999872148 1.00000761449337e-06
0.1873699999996461 0.0045430000172927976
0.1873699999996461 9.999785106629133e-07
0.19716999999945983 0.0046910000091884285
0.19716999999945983 0.0
0.2016390000062529 0.005281999998260289
0.2016390000062529 0.0
0.20569800000521354 0.004965000000083819
0.20569800000521354 9.999785106629133e-07
0.20636799998464994 0.004934000025968999
0.20636799998464994 9.999785106629133e-07
0.2058930000057444 0.0049319999816361815
0.2058930000057444 0.0
0.20744299999205396 0.005055999994510785
0.20744299999205396 0.0
0.20888799999374896 0.005295000009937212
0.20888799999374896 0.0
0.20587800000794232 0.004985999985365197
0.20587800000794232 0.0
0.20290699999895878 0.004855000006500632
0.20290699999895878 1.00000761449337e-06
0.1931920000060927 0.004469000006793067
0.1931920000060927 0.0
0.19412000000011176 0.004730999993626028
0.19412000000011176 1.00000761449337e-06
0.1917179999873042 0.004474999994272366
0.1917179999873042 0.0
0.1923769999993965 0.00455300000612624
0.1923769999993965 9.999785106629133e-07
0.1910830000124406 0.004515999986324459
0.1910830000124406 0.0
0.19056700001237914 0.004492000007303432
0.19056700001237914 1.00000761449337e-06
0.18986799998674542 0.0045559999998658895
0.18986799998674542 0.0
0.20045000000391155 0.004537000000709668
0.20045000000391155 1.00000761449337e-06
0.18952899999567308 0.004404000006616116
0.18952899999567308 9.999785106629133e-07
0.18955700000515208 0.004519000009167939
0.18955700000515208 0.0
0.1902059999993071 0.004531999991741031
0.1902059999993071 0.0
0.1925350000092294 0.0051589999930001795
0.1925350000092294 1.00000761449337e-06
0.1940349999931641 0.004745999991428107
0.1940349999931641 1.00000761449337e-06
0.20275399999809451 0.004588999989209697
0.20275399999809451 1.00000761449337e-06
0.19259000002057292 0.004711000015959144
0.19259000002057292 0.0
0.24345999999786727 0.006113999988883734
0.24345999999786727 0.0
0.19052599999122322 0.0045390000159386545
0.19052599999122322 0.0
0.19833699997980148 0.004866000002948567
0.19833699997980148 1.00000761449337e-06
0.19348000001627952 0.004624000022886321
0.19348000001627952 0.0
0.19655100000090897 0.0048470000037923455
0.19655100000090897 1.00000761449337e-06
0.1942960000014864 0.004614999983459711
0.1942960000014864 0.0
0.19406499998876825 0.004745999991428107
0.19406499998876825 0.0
0.19359500001883134 0.0046870000078342855
0.19359500001883134 0.0
0.19538699998520315 0.004676999989897013
0.19538699998520315 1.00000761449337e-06
0.19574900000588968 0.0047550000017508864
0.19574900000588968 1.00000761449337e-06
0.20976399999926798 0.00466999999480322
0.20976399999926798 1.00000761449337e-06
0.19843600000604056 0.004686000000219792
0.19843600000604056 0.0
0.1982609999831766 0.004646999994292855
0.1982609999831766 0.0
0.19983800000045449 0.004712000023573637
0.19983800000045449 0.0
0.1995900000038091 0.004650999995646998
0.1995900000038091 0.0
0.19427999999606982 0.004644000000553206
0.19427999999606982 1.00000761449337e-06
0.19496200000867248 0.004679999983636662
0.19496200000867248 0.0
0.1953159999975469 0.004802999988896772
0.1953159999975469 9.999785106629133e-07
0.1959540000243578 0.004745000012917444
0.1959540000243578 0.0
0.19487999999546446 0.004727999999886379
0.19487999999546446 0.0
0.20870300001115538 0.004868999996688217
0.20870300001115538 0.0
0.2112560000095982 0.011731000005966052
0.2112560000095982 0.0
0.21305999998003244 0.005411000020103529
0.21305999998003244 0.0
0.21474799999850802 0.005326999991666526
0.21474799999850802 9.999785106629133e-07
0.21484299999428913 0.005249000008916482
0.21484299999428913 1.00000761449337e-06
0.22304899999289773 0.012310999998589978
0.22304899999289773 0.0
0.22077899999567308 0.005326999991666526
0.22077899999567308 1.00000761449337e-06
0.21840300000621937 0.005862999998498708
0.21840300000621937 0.0
0.20982799999183044 0.004954000003635883
0.20982799999183044 1.00000761449337e-06
0.2041859999881126 0.00519900000654161
0.2041859999881126 0.0
0.19972299999790266 0.004765999998198822
0.19972299999790266 0.0
0.19892699999036267 0.00479300000006333
0.19892699999036267 9.999785106629133e-07
0.2003979999863077 0.004803999996511266
0.2003979999863077 0.0
0.19993699999758974 0.004709000000730157
0.19993699999758974 0.0
0.20052600000053644 0.004702000005636364
0.20052600000053644 0.0
0.20150600001215935 0.004740000003948808
0.20150600001215935 0.0
0.2004949999973178 0.00470699998550117
0.2004949999973178 0.0
0.19829100000788458 0.004686000000219792
0.19829100000788458 0.0
0.2013559999759309 0.004654999997001141
0.2013559999759309 1.00000761449337e-06
0.1993990000046324 0.004764000012073666
0.1993990000046324 0.0
0.2400119999947492 0.006406000000424683
0.2400119999947492 1.00000761449337e-06
0.20258899999316782 0.004764999990584329
0.20258899999316782 0.0
0.20242200000211596 0.004688999993959442
0.20242200000211596 0.0
0.19688800000585616 0.004646999994292855
0.19688800000585616 0.0
0.19602100001065992 0.004752000008011237
0.19602100001065992 1.00000761449337e-06
0.20537499999045394 0.004652000003261492
0.20537499999045394 0.0
0.20037499998579733 0.004658999998355284
0.20037499998579733 1.00000761449337e-06
0.19499699998414144 0.0047079999931156635
0.19499699998414144 0.0
0.19744899999932386 0.0046369999763555825
0.19744899999932386 0.0
0.1964330000046175 0.004791000013938174
0.1964330000046175 0.0
0.20282099998439662 0.004820000001927838
0.20282099998439662 0.0
0.20087299999431707 0.004737999988719821
0.20087299999431707 0.0
0.20374700002139434 0.005184000008739531
0.20374700002139434 1.00000761449337e-06
0.20442600001115352 0.0047540000232402235
0.20442600001115352 9.999785106629133e-07
0.2056729999894742 0.004925999994156882
0.2056729999894742 9.999785106629133e-07
0.2028639999916777 0.004799999995157123
0.2028639999916777 0.0
0.2010770000051707 0.004774999979417771
0.2010770000051707 0.0
0.20293600001605228 0.0049399999843444675
0.20293600001605228 0.0
0.1990370000130497 0.004961999977240339
0.1990370000130497 1.00000761449337e-06
0.19599800001014955 0.004702000005636364
0.19599800001014955 0.0
0.20013100001960993 0.004738999996334314
0.20013100001960993 0.0
0.19981799999368377 0.004776999994646758
0.19981799999368377 0.0
0.20820399999502115 0.004794000007677823
0.20820399999502115 0.0
0.2094809999980498 0.004661999992094934
0.2094809999980498 0.0
0.20625200000358745 0.004989000008208677
0.20625200000358745 0.0
0.2207959999796003 0.005621999996947125
0.2207959999796003 0.0
0.21638300002086908 0.00519299998995848
0.21638300002086908 0.0
0.22264900000300258 0.005383999989135191
0.22264900000300258 0.0
0.21750300002167933 0.005623000004561618
0.21750300002167933 0.0
0.2184150000102818 0.005261999991489574
0.2184150000102818 0.0
0.21816000001854263 0.005303000012645498
0.21816000001854263 0.0
0.21780699997907504 0.005326999991666526
0.21780699997907504 9.999785106629133e-07
0.21624599999631755 0.005219999991822988
0.21624599999631755 0.0
0.20388300000922754 0.004977000004146248
0.20388300000922754 0.0
0.20464999999967404 0.005000000004656613
0.20464999999967404 1.00000761449337e-06
0.207775999995647 0.004848999989917502
0.207775999995647 0.0
0.20608099998207763 0.005340000003343448
0.20608099998207763 0.0
0.20684699999401346 0.00479600002290681
0.20684699999401346 0.0
0.20378100001835264 0.0049900000158231705
0.20378100001835264 1.00000761449337e-06
INFO:sc2.protocol:Client status changed to Status.ended (was Status.in_game)
INFO:sc2.protocol:Client status changed to Status.ended (was Status.in_game)
INFO:root:Result for player 2 - Bot(Race.Terran, <bots.keai.inho_bot_final.ReaperBot object at 0x7f6797630f28>): Defeat
INFO:root:Result for player 1 - Bot(Race.Terran, <bots.Showing_bot.speedBot.MarinBot object at 0x7f67a6688f28>): Victory
INFO:sc2.client:Saved replay to outs/2020-01-17T11-28-03/replays/showing_bot-keai/showing_bot-keai-1.SC2Replay
INFO:sc2.protocol:Client status changed to Status.launched (was Status.ended)
INFO:sc2.protocol:Client status changed to Status.quit (was Status.launched)
INFO:sc2.sc2process:kill_switch: Process cleanup
INFO:sc2.sc2process:Cleaning up...
INFO:sc2.sc2process:Cleanup complete
INFO:sc2.sc2process:Cleaning up...
INFO:sc2.sc2process:Cleanup complete
INFO:sc2.protocol:Client status changed to Status.launched (was Status.ended)
INFO:sc2.protocol:Cannot receive: Connection already closed.
INFO:sc2.sc2process:kill_switch: Process cleanup
INFO:sc2.sc2process:Cleaning up...
INFO:sc2.sc2process:Cleanup complete
INFO:sc2.sc2process:Cleaning up...
INFO:sc2.sc2process:Cleanup complete


## STDERR ##

Version: B75689 (SC2.4.10)
Build: Aug 12 2019 17:16:57
Command Line: '"/home/hspark8312/StarCraftII/Versions/Base75689/SC2_x64" -listen 127.0.0.1 -port 21151 -displayMode 0 -dataDir /home/hspark8312/StarCraftII -tempDir /tmp/SC2_5_5z1uep'
Starting up...
Startup Phase 1 complete
Version: B75689 (SC2.4.10)
Build: Aug 12 2019 17:16:57
Command Line: '"/home/hspark8312/StarCraftII/Versions/Base75689/SC2_x64" -listen 127.0.0.1 -port 21011 -displayMode 0 -dataDir /home/hspark8312/StarCraftII -tempDir /tmp/SC2_azths3e_'
Starting up...
Startup Phase 1 complete
Startup Phase 2 complete
Creating stub renderer...
Listening on: 127.0.0.1:21151
Startup Phase 3 complete. Ready for commands.
Startup Phase 2 complete
Creating stub renderer...
Listening on: 127.0.0.1:21011
ConnectHandler: Request from 127.0.0.1:54854 accepted
ReadyHandler: 127.0.0.1:54854 ready
Startup Phase 3 complete. Ready for commands.
Requesting to join a multiplayer game
Configuring interface options
Configure: raw interface enabled
Configure: feature layer interface enabled
Configure: score interface enabled
Configure: render interface disabled
ConnectHandler: Request from 127.0.0.1:54855 accepted
ReadyHandler: 127.0.0.1:54855 ready
Requesting to join a multiplayer game
Configuring interface options
Configure: raw interface enabled
Configure: feature layer interface enabled
Configure: score interface enabled
Configure: render interface disabled
Create game with map path: NCFellowship-2019_m1_v6.SC2Map
Attempting to join a game with the map: NCFellowship-2019_m1_v6.SC2Map
Game has started.
Using default stable ids, none found at: /home/hspark8312/StarCraftII/stableid.json
Successfully loaded stable ids: GameData\stableid.json
Game has started.
Using default stable ids, none found at: /home/hspark8312/StarCraftII/stableid.json
Successfully loaded stable ids: GameData\stableid.json
Sending ResponseJoinGame
Sending ResponseJoinGame
RequestQuit command received.
Closing Application...
/home/hspark8312/anaconda3/envs/sc2/lib/python3.6/importlib/_bootstrap.py:219: RuntimeWarning: numpy.ufunc size changed, may indicate binary incompatibility. Expected 192 from C header, got 216 from PyObject
  return f(*args, **kwds)
/home/hspark8312/anaconda3/envs/sc2/lib/python3.6/importlib/_bootstrap.py:219: RuntimeWarning: numpy.ufunc size changed, may indicate binary incompatibility. Expected 192 from C header, got 216 from PyObject
  return f(*args, **kwds)
/home/hspark8312/anaconda3/envs/sc2/lib/python3.6/site-packages/tensorboard/compat/tensorflow_stub/dtypes.py:541: FutureWarning: Passing (type, 1) or '1type' as a synonym of type is deprecated; in a future version of numpy, it will be understood as (type, (1,)) / '(1,)type'.
  _np_qint8 = np.dtype([("qint8", np.int8, 1)])
/home/hspark8312/anaconda3/envs/sc2/lib/python3.6/site-packages/past/builtins/misc.py:45: DeprecationWarning: the imp module is deprecated in favour of importlib; see the module's documentation for alternative uses
  from imp import reload
/mnt/d/sc2minigame-eval-2020-01-09/bots/Showing_bot/speedBot.py:1643: RuntimeWarning: coroutine 'TerreinManager.debug' was never awaited
  self.terrein_manager.debug()
