## STDOUT ##

[[92mINFO[0m] SC2 4.9.0 용 패치 적용
패치 sc2.ids.ability_id
패치 sc2.game_state
패치 sc2.bot_ai
패치 sc2.client
패치 sc2.controller
패치 sc2.main
INFO:root:Failed to import cuda module: No module named 'caffe2.python.caffe2_pybind11_state_gpu'
INFO:root:Failed to import AMD hip module: No module named 'caffe2.python.caffe2_pybind11_state_hip'
WARNING:root:This caffe2 python run does not have GPU support. Will run in CPU only mode.
cpu
INFO:sc2.protocol:Client status changed to Status.launched (was None)
INFO:sc2.protocol:Client status changed to Status.launched (was None)
INFO:sc2_patch.sc2_patch_490.controller:Creating new game
INFO:sc2_patch.sc2_patch_490.controller:Map:     NCFellowship-2019_m1_v6
INFO:sc2_patch.sc2_patch_490.controller:Players: Bot(Race.Terran, <bots.Showing_bot.speedBot.MarinBot object at 0x7f62b2363eb8>), Bot(Race.Terran, <bots.keai.inho_bot_final.ReaperBot object at 0x7f62a3310eb8>)
INFO:sc2.protocol:Client status changed to Status.init_game (was Status.launched)
INFO:sc2.protocol:Client status changed to Status.in_game (was None)
INFO:root:Player 1 - Bot(Race.Terran, <bots.Showing_bot.speedBot.MarinBot object at 0x7f62b2363eb8>)
TEST: 1, <bots.Showing_bot.speedBot.MarinBot object at 0x7f62b2363eb8>
load model: bots/Showing_bot/models/model-89.pt
create new model
INFO:sc2.protocol:Client status changed to Status.in_game (was None)
INFO:root:Player 2 - Bot(Race.Terran, <bots.keai.inho_bot_final.ReaperBot object at 0x7f62a3310eb8>)
TEST: 2, <bots.keai.inho_bot_final.ReaperBot object at 0x7f62a3310eb8>
0.04519199999049306 0.0027689999842550606
0.04519199999049306 0.0
0.045230999996419996 0.002732000022660941
0.045230999996419996 1.00000761449337e-06
0.04648400002042763 0.001256000017747283
0.04648400002042763 0.0
0.04417999999714084 0.001213000010466203
0.04417999999714084 1.00000761449337e-06
0.04371199998422526 0.0013230000040493906
0.04371199998422526 1.00000761449337e-06
0.04353799999807961 0.0011149999918416142
0.04353799999807961 0.0
0.043695999978808686 0.0010800000163726509
0.043695999978808686 1.00000761449337e-06
0.04362000001128763 0.0013719999988097697
0.04362000001128763 0.0
0.0441360000113491 0.0011099999828729779
0.0441360000113491 1.00000761449337e-06
0.04355899998336099 0.0011079999967478216
0.04355899998336099 1.00000761449337e-06
0.04387799999676645 0.0010879999899771065
0.04387799999676645 1.00000761449337e-06
0.043839999998454005 0.0010959999926853925
0.043839999998454005 0.0
0.04362300000502728 0.0010729999921750277
0.04362300000502728 0.0
0.04378300000098534 0.001101000001654029
0.04378300000098534 1.00000761449337e-06
0.0434499999973923 0.0011039999953936785
0.0434499999973923 0.0
0.04392200001166202 0.0010990000155288726
0.04392200001166202 0.0
0.04391800001030788 0.0010849999962374568
0.04391800001030788 0.0
0.043763000023318455 0.0011570000206120312
0.043763000023318455 0.0
0.044166000006953254 0.0011999999987892807
0.044166000006953254 1.00000761449337e-06
0.04378700000233948 0.0011900000099558383
0.04378700000233948 0.0
0.04655299999285489 0.0013389999803621322
0.04655299999285489 9.999785106629133e-07
0.046162999991793185 0.0011830000148620456
0.046162999991793185 0.0
0.04631900001550093 0.0011899999808520079
0.04631900001550093 0.0
0.04650899997795932 0.002976000017952174
0.04650899997795932 9.999785106629133e-07
0.045903999998699874 0.0014519999967887998
0.045903999998699874 0.0
0.046240000025136396 0.001168000017059967
0.046240000025136396 1.00000761449337e-06
0.046224000019719824 0.0012199999764561653
0.046224000019719824 0.0
0.04647900001145899 0.0011959999974351376
0.04647900001145899 9.999785106629133e-07
0.04658900000504218 0.0011550000053830445
0.04658900000504218 0.0
0.04599299997789785 0.0011450000165496022
0.04599299997789785 0.0
0.04615100001683459 0.0012229999992996454
0.04615100001683459 0.0
0.046131999988574535 0.001201000006403774
0.046131999988574535 0.0
0.046353999990969896 0.0012599999899975955
0.046353999990969896 1.00000761449337e-06
0.045886000007158145 0.001168000017059967
0.045886000007158145 1.00000761449337e-06
0.04663900000741705 0.0013169999874662608
0.04663900000741705 9.999785106629133e-07
0.048389999981736764 0.0013380000018514693
0.048389999981736764 1.00000761449337e-06
0.048731999995652586 0.001260999997612089
0.048731999995652586 0.0
0.048273000022163615 0.001248000015038997
0.048273000022163615 1.00000761449337e-06
0.048864000011235476 0.0012519999872893095
0.048864000011235476 0.0
0.04878799998550676 0.0012319999805185944
0.04878799998550676 0.0
changed strategy
0.06648999999742955 0.0017209999787155539
0.06648999999742955 1.00000761449337e-06
0.06797999999253079 0.004230999998981133
0.06797999999253079 0.0
0.06750299999839626 0.002068000001600012
0.06750299999839626 0.0
0.06736300000920892 0.0017599999846424907
0.06736300000920892 0.0
0.06789000000571832 0.0017130000051110983
0.06789000000571832 1.00000761449337e-06
0.06736700001056306 0.001720000000204891
0.06736700001056306 0.0
0.0688910000026226 0.001859000010881573
0.0688910000026226 0.0
0.0713419999810867 0.0020160000130999833
0.0713419999810867 1.00000761449337e-06
0.0683640000061132 0.0017970000044442713
0.0683640000061132 0.0
0.06811000002198853 0.001740999985486269
0.06811000002198853 0.0
0.07444399999803863 0.0019859999883919954
0.07444399999803863 1.00000761449337e-06
0.07125100001576357 0.001791999995475635
0.07125100001576357 9.999785106629133e-07
0.07138899998972192 0.0017809999990276992
0.07138899998972192 0.0
0.07386099998257123 0.0019069999980274588
0.07386099998257123 0.0
0.07221600000048056 0.0019200000097043812
0.07221600000048056 0.0
0.0726110000105109 0.0017940000107046217
0.0726110000105109 1.00000761449337e-06
0.07329500000923872 0.0018010000057984143
0.07329500000923872 0.0
0.0710069999913685 0.0018059999856632203
0.0710069999913685 0.0
0.07428600001730956 0.001795999996829778
0.07428600001730956 0.0
0.051219999993918464 0.0012559999886434525
0.051219999993918464 1.00000761449337e-06
0.06402600000728853 0.001820000004954636
0.06402600000728853 9.999785106629133e-07
0.051330999995116144 0.0012879999994765967
0.051330999995116144 0.0
0.052595999994082376 0.0013079999771434814
0.052595999994082376 1.00000761449337e-06
0.0518770000198856 0.0012799999967683107
0.0518770000198856 1.00000761449337e-06
0.0516899999929592 0.001269000000320375
0.0516899999929592 0.0
0.051342999999178573 0.0012660000065807253
0.051342999999178573 0.0
0.05128099999274127 0.0012710000155493617
0.05128099999274127 0.0
0.05090800000471063 0.001281999982893467
0.05090800000471063 0.0
0.051146999991033226 0.0012670000141952187
0.051146999991033226 9.999785106629133e-07
0.051481999980751425 0.0013120000076014549
0.051481999980751425 0.0
0.05744200001936406 0.0014059999957680702
0.05744200001936406 1.00000761449337e-06
0.05468499998096377 0.0033830000029411167
0.05468499998096377 0.0
0.05367600001045503 0.0014530000044032931
0.05367600001045503 0.0
0.053213999985018745 0.001340000017080456
0.053213999985018745 1.00000761449337e-06
0.0534930000139866 0.0013139999937266111
0.0534930000139866 0.0
0.05420899999444373 0.0013709999911952764
0.05420899999444373 0.0
0.053539999993517995 0.0013109999999869615
0.053539999993517995 0.0
0.05848899998818524 0.003567000007024035
0.05848899998818524 0.0
0.05826399999205023 0.0016309999919030815
0.05826399999205023 1.00000761449337e-06
0.056706000003032386 0.001436999998986721
0.056706000003032386 9.999785106629133e-07
0.05597400001715869 0.0013639999961014837
0.05597400001715869 1.00000761449337e-06
0.05607299998519011 0.0014019999944139272
0.05607299998519011 0.0
0.05309900001157075 0.0013589999871328473
0.05309900001157075 0.0
0.05353199999080971 0.001365000003715977
0.05353199999080971 9.999785106629133e-07
0.054108999989693984 0.0015100000018719584
0.054108999989693984 0.0
0.05593500001123175 0.0017139999836217612
0.05593500001123175 1.00000761449337e-06
0.0562509999726899 0.0018620000046212226
0.0562509999726899 1.00000761449337e-06
0.05088999998406507 0.0013460000045597553
0.05088999998406507 0.0
0.051325000007636845 0.0013590000162366778
0.051325000007636845 0.0
0.05100300000049174 0.0016680000117048621
0.05100300000049174 9.999785106629133e-07
0.050986999995075166 0.001652999984798953
0.050986999995075166 0.0
0.05139700000290759 0.0015159999893512577
0.05139700000290759 0.0
0.048540999996475875 0.0015069999790284783
0.048540999996475875 0.0
0.044045999995432794 0.0010940000065602362
0.044045999995432794 9.999785106629133e-07
0.04392500000540167 0.0013970000145491213
0.04392500000540167 0.0
0.044156999996630475 0.0013679999974556267
0.044156999996630475 0.0
0.043895999988308176 0.0013000000035390258
0.043895999988308176 0.0
0.043501999985892326 0.001129999989643693
0.043501999985892326 1.00000761449337e-06
0.04365799998049624 0.0011300000187475234
0.04365799998049624 0.0
0.04394699999829754 0.0011490000179037452
0.04394699999829754 0.0
0.046609000011812896 0.0012529999949038029
0.046609000011812896 0.0
0.04603100000531413 0.0012529999949038029
0.04603100000531413 0.0
0.04580399999395013 0.0014319999900180846
0.04580399999395013 0.0
0.046757000003708526 0.001193000003695488
0.046757000003708526 0.0
0.046126000001095235 0.0014979999978095293
0.046126000001095235 9.999785106629133e-07
0.04614299998502247 0.001441000000340864
0.04614299998502247 0.0
0.04615300000295974 0.0012180000194348395
0.04615300000295974 1.00000761449337e-06
0.04672499999287538 0.0012270000006537884
0.04672499999287538 1.00000761449337e-06
0.04574899998260662 0.0011869999871123582
0.04574899998260662 0.0
0.04603200001292862 0.001213000010466203
0.04603200001292862 0.0
0.046020999987376854 0.0012620000052265823
0.046020999987376854 0.0
0.04639400000451133 0.0012549999810289592
0.04639400000451133 0.0
0.046039999986533076 0.0012340000248514116
0.046039999986533076 9.999785106629133e-07
0.046377999999094754 0.0012379999971017241
0.046377999999094754 0.0
0.046211999986553565 0.0013120000076014549
0.046211999986553565 0.0
0.046406000008573756 0.001225999993039295
0.046406000008573756 0.0
0.04649999999674037 0.001248000015038997
0.04649999999674037 0.0
0.046344000002136454 0.001273999980185181
0.046344000002136454 1.00000761449337e-06
0.0461150000046473 0.0011909999884665012
0.0461150000046473 0.0
0.04596699998364784 0.0012430000060703605
0.04596699998364784 0.0
0.052844999998342246 0.0013670000189449638
0.052844999998342246 0.0
0.048829999985173345 0.0012040000001434237
0.048829999985173345 1.00000761449337e-06
0.05346700001973659 0.0013040000048931688
0.05346700001973659 9.999785106629133e-07
0.06948599999304861 0.0017769999976735562
0.06948599999304861 0.0
0.07031899999128655 0.0019120000069960952
0.07031899999128655 1.00000761449337e-06
0.053739999973913655 0.0012710000155493617
0.053739999973913655 0.0
0.04870900002424605 0.0012320000096224248
0.04870900002424605 1.00000761449337e-06
0.04917000001296401 0.001256000017747283
0.04917000001296401 0.0
0.04839999999967404 0.0012160000042058527
0.04839999999967404 0.0
0.048612000013235956 0.001238999975612387
0.048612000013235956 0.0
0.04876600002171472 0.001229999994393438
0.04876600002171472 0.0
0.04894499998772517 0.0012320000096224248
0.04894499998772517 1.00000761449337e-06
0.04891799998586066 0.0012060000153724104
0.04891799998586066 0.0
0.048685000016121194 0.0012110000243410468
0.048685000016121194 1.00000761449337e-06
0.04863199999090284 0.0012509999796748161
0.04863199999090284 0.0
0.05130900000222027 0.0014350000128615648
0.05130900000222027 1.00000761449337e-06
0.051619999983813614 0.0012949999945703894
0.051619999983813614 0.0
0.050955999991856515 0.001260999997612089
0.050955999991856515 0.0
0.05198399999062531 0.001348999998299405
0.05198399999062531 0.0
0.05116400000406429 0.0012699999788310379
0.05116400000406429 0.0
0.051306999986991286 0.0012989999959245324
0.051306999986991286 1.00000761449337e-06
0.051187000004574656 0.001260999997612089
0.051187000004574656 0.0
0.05153600001358427 0.0012700000079348683
0.05153600001358427 0.0
0.05098800000268966 0.0012629999837372452
0.05098800000268966 1.00000761449337e-06
0.050965000002179295 0.001285000005736947
0.050965000002179295 0.0
0.051168000005418435 0.0013029999972786754
0.051168000005418435 9.999785106629133e-07
0.051342999999178573 0.0012879999994765967
0.051342999999178573 0.0
0.05107200000202283 0.001273000001674518
0.05107200000202283 0.0
0.051497999986168 0.0012969999806955457
0.051497999986168 1.00000761449337e-06
0.05132400000002235 0.0012759999954141676
0.05132400000002235 0.0
0.053691000008257106 0.0014130000199656934
0.053691000008257106 0.0
0.053386000014143065 0.0013139999937266111
0.053386000014143065 0.0
0.05321499999263324 0.0013129999861121178
0.05321499999263324 1.00000761449337e-06
0.053786000004038215 0.0014120000123512
0.053786000004038215 0.0
0.05379899998661131 0.0013439999893307686
0.05379899998661131 0.0
0.05408400000305846 0.001352999999653548
0.05408400000305846 0.0
0.05397300000186078 0.0013340000004973263
0.05397300000186078 0.0
0.05334800001583062 0.001361000002361834
0.05334800001583062 1.00000761449337e-06
0.05420199999934994 0.0013559999933931977
0.05420199999934994 0.0
0.05397800001082942 0.0013099999923724681
0.05397800001082942 0.0
0.05404200000339188 0.0013029999972786754
0.05404200000339188 0.0
0.053176999994320795 0.0015589999966323376
0.053176999994320795 0.0
0.053588999988278374 0.001352999999653548
0.053588999988278374 0.0
0.053137000009883195 0.0015649999841116369
0.053137000009883195 0.0
0.05377800000132993 0.0015989999810699373
0.05377800000132993 0.0
0.05362500000046566 0.001352999999653548
0.05362500000046566 1.00000761449337e-06
0.05337900001904927 0.0015999999886844307
0.05337900001904927 0.0
0.05355099998996593 0.001488000008976087
0.05355099998996593 0.0
0.054257000010693446 0.0017979999829549342
0.054257000010693446 0.0
0.053527999989455566 0.0015959999873302877
0.053527999989455566 0.0
0.053807999996934086 0.0015469999925699085
0.053807999996934086 1.00000761449337e-06
0.05365799998980947 0.0017590000061318278
0.05365799998980947 0.0
0.053887999994913116 0.001584999990882352
0.053887999994913116 1.00000761449337e-06
0.05337899998994544 0.001572999986819923
0.05337899998994544 1.00000761449337e-06
0.058068000013008714 0.0016130000003613532
0.058068000013008714 1.00000761449337e-06
0.06096200001775287 0.001593999972101301
0.06096200001775287 0.0
0.08050899999216199 0.004863000009208918
0.08050899999216199 1.00000761449337e-06
0.08807299999170937 0.005336000001989305
0.08807299999170937 0.0
0.08785900002112612 0.0031719999969936907
0.08785900002112612 0.0
0.09100499999476597 0.0023499999952036887
0.09100499999476597 1.00000761449337e-06
0.09864199999719858 0.0062639999960083514
0.09864199999719858 1.00000761449337e-06
0.08328799999435432 0.0021240000205580145
0.08328799999435432 0.0
0.08295399998314679 0.002047000016318634
0.08295399998314679 0.0
0.08052800002042204 0.0020890000159852207
0.08052800002042204 0.0
0.08110899999155663 0.002011000004131347
0.08110899999155663 0.0
0.08029299997724593 0.002019000006839633
0.08029299997724593 0.0
0.06848699998226948 0.001720000000204891
0.06848699998226948 0.0
0.06372999999439344 0.001580999989528209
0.06372999999439344 1.00000761449337e-06
0.06346599999233149 0.0015659999917261302
0.06346599999233149 1.00000761449337e-06
0.06356300000334159 0.0016490000125486404
0.06356300000334159 1.00000761449337e-06
0.06365500000538304 0.0015579999890178442
0.06365500000538304 1.00000761449337e-06
0.06348099999013357 0.0016079999913927168
0.06348099999013357 1.00000761449337e-06
0.06346299999859184 0.001564000005600974
0.06346299999859184 0.0
0.0638430000108201 0.0015620000194758177
0.0638430000108201 0.0
0.06377300000167452 0.0015810000186320394
0.06377300000167452 0.0
0.06615100000635721 0.0016909999831113964
0.06615100000635721 9.999785106629133e-07
0.06999600000563078 0.0016929999983403832
0.06999600000563078 0.0
0.06601700000464916 0.0016459999897051603
0.06601700000464916 0.0
0.06631500000366941 0.001640000002225861
0.06631500000366941 0.0
0.06646500001079403 0.001640000002225861
0.06646500001079403 1.00000761449337e-06
0.06629799999063835 0.0016089999990072101
0.06629799999063835 0.0
0.0663100000238046 0.0016260000120382756
0.0663100000238046 0.0
0.06624799998826347 0.0017069999885279685
0.06624799998826347 0.0
0.06568699999479577 0.0016739999991841614
0.06568699999479577 0.0
0.06656100001418963 0.0016800000157672912
0.06656100001418963 1.00000761449337e-06
0.06828400000813417 0.0016839999880176038
0.06828400000813417 0.0
0.0686369999893941 0.001672999991569668
0.0686369999893941 0.0
0.06924400001298636 0.001707000017631799
0.06924400001298636 0.0
0.06807400000980124 0.001680999994277954
0.06807400000980124 9.999785106629133e-07
0.06820900001912378 0.0017730000254232436
0.06820900001912378 1.00000761449337e-06
0.06811100000049919 0.0016849999956320971
0.06811100000049919 0.0
0.07442399999126792 0.002003000001423061
0.07442399999126792 0.0
0.07830599998123944 0.0019120000069960952
0.07830599998123944 0.0
0.088871999992989 0.0023290000099223107
0.088871999992989 0.0
0.09292600001208484 0.00511600001482293
0.09292600001208484 0.0
0.09655899999779649 0.002685999992536381
0.09655899999779649 0.0
0.10011800000211224 0.006067000009352341
0.10011800000211224 0.0
0.08592499999213032 0.0021659999911207706
0.08592499999213032 0.0
0.08580200001597404 0.0021050000214017928
0.08580200001597404 1.00000761449337e-06
0.08487099999911152 0.0020770000119227916
0.08487099999911152 0.0
0.08775200002128258 0.002150000014808029
0.08775200002128258 0.0
0.08982300001662225 0.002277000021422282
0.08982300001662225 1.00000761449337e-06
0.07515600000624545 0.0017639999859966338
0.07515600000624545 0.0
0.08117599997785874 0.0018990000244230032
0.08117599997785874 1.00000761449337e-06
0.08241399997496046 0.0018489999929443002
0.08241399997496046 0.0
0.07902100001228973 0.0018689999997150153
0.07902100001228973 0.0
0.10116599997854792 0.001887999998871237
0.10116599997854792 0.0
0.08299399999668822 0.0018109999946318567
0.08299399999668822 1.00000761449337e-06
0.07542800001101568 0.001795000018319115
0.07542800001101568 1.00000761449337e-06
0.0733710000058636 0.0019179999944753945
0.0733710000058636 0.0
0.0766740000108257 0.0018609999970067292
0.0766740000108257 9.999785106629133e-07
0.07714500001748092 0.0018649999983608723
0.07714500001748092 0.0
0.07802600000286475 0.0018599999893922359
0.07802600000286475 9.999785106629133e-07
0.0752269999939017 0.0019200000097043812
0.0752269999939017 0.0
0.08843099998193793 0.0019230000034440309
0.08843099998193793 1.00000761449337e-06
0.08404899999732152 0.0018950000230688602
0.08404899999732152 0.0
0.07409199999528937 0.0018330000166315585
0.07409199999528937 9.999785106629133e-07
0.08463699999265373 0.0023290000099223107
0.08463699999265373 0.0
0.08061999999335967 0.001787000015610829
0.08061999999335967 1.00000761449337e-06
0.0816060000215657 0.0017920000245794654
0.0816060000215657 0.0
0.0878110000048764 0.0023689999943599105
0.0878110000048764 0.0
0.0739389999944251 0.0018770000024233013
0.0739389999944251 1.00000761449337e-06
0.07360800000606105 0.00208899998688139
0.07360800000606105 1.00000761449337e-06
0.09735100000398234 0.002470999985234812
0.09735100000398234 0.0
0.07845100000849925 0.0018530000234022737
0.07845100000849925 0.0
0.08835999999428168 0.0019010000105481595
0.08835999999428168 1.00000761449337e-06
0.085298000019975 0.0019379999721422791
0.085298000019975 1.00000761449337e-06
0.07689600001322106 0.001992999983485788
0.07689600001322106 0.0
0.0771390000008978 0.0018949999939650297
0.0771390000008978 0.0
0.0775290000019595 0.0018399999826215208
0.0775290000019595 0.0
0.07690299997921102 0.00193500000750646
0.07690299997921102 1.00000761449337e-06
0.07748499998706393 0.0018949999939650297
0.07748499998706393 0.0
0.08249900001101196 0.0019370000227354467
0.08249900001101196 1.00000761449337e-06
0.07650100000319071 0.0018850000051315874
0.07650100000319071 0.0
0.07750600000144914 0.0019440000178292394
0.07750600000144914 1.00000761449337e-06
0.08847100002458319 0.0019320000137668103
0.08847100002458319 0.0
0.08803199999965727 0.0019540000066626817
0.08803199999965727 1.00000761449337e-06
0.07940200000302866 0.0024219999904744327
0.07940200000302866 0.0
0.09585599999991246 0.0022529999841935933
0.09585599999991246 0.0
0.08777600000030361 0.0021189999824855477
0.08777600000030361 0.0
0.0945040000078734 0.0022250000038184226
0.0945040000078734 1.00000761449337e-06
0.08671000000322238 0.0021050000214017928
0.08671000000322238 1.00000761449337e-06
0.08919099997729063 0.002154999994672835
0.08919099997729063 1.00000761449337e-06
0.08868500002427027 0.002170000021578744
0.08868500002427027 0.0
0.09141600001021288 0.0022680000110995024
0.09141600001021288 0.0
0.10901499999454245 0.0031009999802336097
0.10901499999454245 1.00000761449337e-06
0.08753600000636652 0.0021339999802876264
0.08753600000636652 0.0
0.08561700000427663 0.0020810000132769346
0.08561700000427663 9.999785106629133e-07
0.08611799997743219 0.002091000002110377
0.08611799997743219 0.0
0.0858050000097137 0.0022040000185370445
0.0858050000097137 1.00000761449337e-06
0.09084799999254756 0.002330999996047467
0.09084799999254756 1.00000761449337e-06
0.09044600001652725 0.002254000020911917
0.09044600001652725 0.0
0.08536999998614192 0.002070000016828999
0.08536999998614192 0.0
0.08564699999988079 0.002147999999579042
0.08564699999988079 9.999785106629133e-07
0.08661899997969158 0.002143999998224899
0.08661899997969158 0.0
0.08615199997439049 0.002130000008037314
0.08615199997439049 0.0
0.08852200000546873 0.002230999991297722
0.08852200000546873 9.999785106629133e-07
0.08865799999330193 0.002330999996047467
0.08865799999330193 0.0
0.08873200000380166 0.002279999986058101
0.08873200000380166 0.0
0.10316599998623133 0.002326999994693324
0.10316599998623133 9.999785106629133e-07
0.09300299998722039 0.0024510000075679272
0.09300299998722039 1.00000761449337e-06
0.09194700000807643 0.0023649999930057675
0.09194700000807643 0.0
0.10159700000076555 0.0022779999999329448
0.10159700000076555 0.0
0.10094800000661053 0.0022699999972246587
0.10094800000661053 1.00000761449337e-06
0.0938529999984894 0.0030209999822545797
0.0938529999984894 0.0
0.09715200000209734 0.002366000000620261
0.09715200000209734 1.00000761449337e-06
0.0904140000056941 0.0023890000011306256
0.0904140000056941 1.00000761449337e-06
0.09292399999685585 0.0029280000017024577
0.09292399999685585 0.0
0.13105399999767542 0.003269999986514449
0.13105399999767542 0.0
0.10260099999140948 0.002749000006588176
0.10260099999140948 0.0
0.13900500000454485 0.009221000014804304
0.13900500000454485 9.999785106629133e-07
0.12402800002018921 0.003687000018544495
0.12402800002018921 0.0
0.13242100001662038 0.008185999991837889
0.13242100001662038 1.00000761449337e-06
0.15667599998414516 0.009159000008367002
0.15667599998414516 1.00000761449337e-06
0.1347470000036992 0.003874999994877726
0.1347470000036992 0.0
0.13516599999275059 0.003380000009201467
0.13516599999275059 1.00000761449337e-06
0.13311199998133816 0.0032850000134203583
0.13311199998133816 1.00000761449337e-06
0.1337640000274405 0.003347999998368323
0.1337640000274405 1.00000761449337e-06
0.13439700001617894 0.003273999987868592
0.13439700001617894 0.0
0.12440100000821985 0.0030750000150874257
0.12440100000821985 0.0
0.1284190000151284 0.0031989999988581985
0.1284190000151284 1.00000761449337e-06
0.12779200001386926 0.003173000004608184
0.12779200001386926 1.00000761449337e-06
0.12481199999456294 0.0030989999941084534
0.12481199999456294 0.0
0.12441800002125092 0.0031069999968167394
0.12441800002125092 0.0
0.11366800000541843 0.003001000004587695
0.11366800000541843 0.0
0.10702500000479631 0.0027950000076089054
0.10702500000479631 1.00000761449337e-06
0.107958000007784 0.002825000003213063
0.107958000007784 0.0
0.08758399999351241 0.0021220000053290278
0.08758399999351241 1.00000761449337e-06
0.0879819999972824 0.002139999996870756
0.0879819999972824 9.999785106629133e-07
0.08771200000774115 0.0021200000192038715
0.08771200000774115 1.00000761449337e-06
0.08728599999449216 0.002150000014808029
0.08728599999449216 1.00000761449337e-06
0.08767999999690801 0.002135999995516613
0.08767999999690801 0.0
0.08597799998824485 0.0021049999922979623
0.08597799998824485 0.0
0.08525100001133978 0.0021779999951831996
0.08525100001133978 1.00000761449337e-06
0.08535800001118332 0.002062999992631376
0.08535800001118332 0.0
0.08549999998649582 0.0021689999848604202
0.08549999998649582 0.0
0.08527400001185015 0.0020880000083707273
0.08527400001185015 0.0
0.08553300000494346 0.002090000023599714
0.08553300000494346 0.0
0.08676599999307655 0.002150000014808029
0.08676599999307655 1.00000761449337e-06
0.08950900001218542 0.002164999983506277
0.08950900001218542 0.0
0.12545399999362417 0.0032999999821186066
0.12545399999362417 0.0
0.09732500000973232 0.002303999994182959
0.09732500000973232 0.0
0.09428099999786355 0.002669000008609146
0.09428099999786355 0.0
0.0981389999797102 0.0025639999948907644
0.0981389999797102 9.999785106629133e-07
0.09450800000922754 0.0026419999776408076
0.09450800000922754 0.0
0.10274300002492964 0.0023249999794643372
0.10274300002492964 0.0
0.09432500001275912 0.002562000008765608
0.09432500001275912 0.0
0.10015499999281019 0.00253800000064075
0.10015499999281019 1.00000761449337e-06
0.09825099998852238 0.0022450000105891377
0.09825099998852238 1.00000761449337e-06
0.09216300002299249 0.0031530000269412994
0.09216300002299249 9.999785106629133e-07
0.10433699999703094 0.0023130000045057386
0.10433699999703094 0.0
0.11135900000226684 0.0023569999902974814
0.11135900000226684 0.0
0.10356899999896996 0.0023410000139847398
0.10356899999896996 1.00000761449337e-06
0.09507999999914318 0.0023410000139847398
0.09507999999914318 0.0
0.09501900000032037 0.0023330000112764537
0.09501900000032037 1.00000761449337e-06
0.09742800000822172 0.0025089999835472554
0.09742800000822172 0.0
0.10313100001076236 0.002462999982526526
0.10313100001076236 1.00000761449337e-06
0.09938400000100955 0.0023539999965578318
0.09938400000100955 0.0
0.09672300002421252 0.002710000000661239
0.09672300002421252 0.0
0.09822799998801202 0.0023919999948702753
0.09822799998801202 0.0
0.10621600001468323 0.002402999991318211
0.10621600001468323 0.0
0.1062439999950584 0.0023139999830164015
0.1062439999950584 9.999785106629133e-07
0.09785600000759587 0.0025520000199321657
0.09785600000759587 1.00000761449337e-06
0.10162400000263005 0.0023999999975785613
0.10162400000263005 0.0
0.10166700000991113 0.002439000003505498
0.10166700000991113 0.0
0.09931299998424947 0.002394000010099262
0.09931299998424947 0.0
0.10217899997951463 0.002349000016693026
0.10217899997951463 1.00000761449337e-06
0.10077900000032969 0.0023840000212658197
0.10077900000032969 0.0
0.09419900001375936 0.002298999985214323
0.09419900001375936 1.00000761449337e-06
0.0930930000031367 0.0023280000023078173
0.0930930000031367 1.00000761449337e-06
0.09524699999019504 0.0026280000165570527
0.09524699999019504 0.0
0.09506799999508075 0.002386000007390976
0.09506799999508075 0.0
0.09524500000406988 0.002357000019401312
0.09524500000406988 1.00000761449337e-06
0.09475099999690428 0.0023339999897871166
0.09475099999690428 0.0
0.09499399998458102 0.0024039999989327043
0.09499399998458102 0.0
0.09701399999903515 0.0024689999991096556
0.09701399999903515 1.00000761449337e-06
0.09736499999416992 0.0023999999975785613
0.09736499999416992 1.00000761449337e-06
0.09758900001179427 0.002435000002151355
0.09758900001179427 9.999785106629133e-07
0.0978330000070855 0.002462000004015863
0.0978330000070855 1.00000761449337e-06
0.09763699999894015 0.002390999987255782
0.09763699999894015 0.0
0.09774900000775233 0.002310000010766089
0.09774900000775233 0.0
0.09681100002489984 0.002439999982016161
0.09681100002489984 0.0
0.09808999998494983 0.0024110000231303275
0.09808999998494983 0.0
0.0980950000230223 0.0023760000185575336
0.0980950000230223 0.0
0.09785900000133552 0.002437999995891005
0.09785900000133552 0.0
0.09550799999851733 0.0024990000238176435
0.09550799999851733 0.0
0.10179800001787953 0.0024080000002868474
0.10179800001787953 9.999785106629133e-07
0.09547599998768419 0.002367000008234754
0.09547599998768419 0.0
0.09693999998853542 0.002435000002151355
0.09693999998853542 1.00000761449337e-06
0.09718300000531599 0.002382000006036833
0.09718300000531599 0.0
0.1038610000105109 0.0025439999881200492
0.1038610000105109 0.0
0.10259900000528432 0.00253800000064075
0.10259900000528432 0.0
0.1025589999917429 0.002529999997932464
0.1025589999917429 0.0
0.10222499998053536 0.0025650000025052577
0.10222499998053536 1.00000761449337e-06
0.10269100000732578 0.0025369999930262566
0.10269100000732578 9.999785106629133e-07
0.10304700001142919 0.0026190000062342733
0.10304700001142919 9.999785106629133e-07
0.10218200000235811 0.0025679999962449074
0.10218200000235811 1.00000761449337e-06
0.10036500002024695 0.002462000004015863
0.10036500002024695 0.0
0.09933299999102019 0.0024719999928493053
0.09933299999102019 0.0
0.09983700001612306 0.002439999982016161
0.09983700001612306 1.00000761449337e-06
0.10251500000595115 0.0025409999943803996
0.10251500000595115 1.00000761449337e-06
0.10233699998934753 0.0025730000052135438
0.10233699998934753 0.0
0.10256899998057634 0.0024919999996200204
0.10256899998057634 0.0
0.10193900001468137 0.002515999978641048
0.10193900001468137 0.0
0.10296399999060668 0.0025889999815262854
0.10296399999060668 9.999785106629133e-07
0.10504100000252947 0.00261799999861978
0.10504100000252947 0.0
0.10453499999130145 0.002650999987963587
0.10453499999130145 0.0
0.10530500000459142 0.002605999994557351
0.10530500000459142 0.0
0.1050530000065919 0.0026379999762866646
0.1050530000065919 9.999785106629133e-07
0.10446499998215586 0.002589000010630116
0.10446499998215586 0.0
0.10455200000433251 0.0026100000250153244
0.10455200000433251 1.00000761449337e-06
0.10504699999000877 0.0025969999842345715
0.10504699999000877 0.0
0.10663300001760945 0.0025679999962449074
0.10663300001760945 0.0
0.10477599999285303 0.0025650000025052577
0.10477599999285303 0.0
0.10429499999736436 0.0025950000272132456
0.10429499999736436 0.0
0.10650399999576621 0.0026320000179111958
0.10650399999576621 0.0
0.10498699999880046 0.002693999995244667
0.10498699999880046 0.0
0.10377399998833425 0.0024960000009741634
0.10377399998833425 0.0
0.10236499999882653 0.002529999997932464
0.10236499999882653 0.0
0.10342900000978261 0.0026550000184215605
0.10342900000978261 0.0
0.1311670000141021 0.0034869999799411744
0.1311670000141021 0.0
0.1046970000024885 0.00270100001944229
0.1046970000024885 1.00000761449337e-06
0.10562200000276789 0.0026060000236611813
0.10562200000276789 0.0
0.10543100000359118 0.0026310000102967024
0.10543100000359118 0.0
0.10466700000688434 0.0025960000057239085
0.10466700000688434 0.0
0.10763800001586787 0.002605999994557351
0.10763800001586787 1.00000761449337e-06
0.10817300001508556 0.0026840000064112246
0.10817300001508556 0.0
0.10765699998592027 0.002642999985255301
0.10765699998592027 1.00000761449337e-06
0.10748599999351427 0.00266100000590086
0.10748599999351427 0.0
0.10730699999839999 0.0026569999754428864
0.10730699999839999 0.0
0.10719000000972301 0.0026329999964218587
0.10719000000972301 0.0
0.12777300001471303 0.0036179999879095703
0.12777300001471303 0.0
0.12283599999500439 0.0030780000088270754
0.12283599999500439 0.0
0.14955099998041987 0.008915999991586432
0.14955099998041987 0.0
0.1509879999794066 0.008919999992940575
0.1509879999794066 1.00000761449337e-06
0.15958800000953488 0.009412999992491677
0.15958800000953488 1.00000761449337e-06
0.15388600001460873 0.004490999999688938
0.15388600001460873 0.0
0.1320619999896735 0.0032700000156182796
0.1320619999896735 9.999785106629133e-07
0.1316029999870807 0.003308999992441386
0.1316029999870807 1.00000761449337e-06
0.12857099997927435 0.0031820000149309635
0.12857099997927435 1.00000761449337e-06
0.1330010000092443 0.0035069999867118895
0.1330010000092443 1.00000761449337e-06
0.13335000001825392 0.003392999991774559
0.13335000001825392 9.999785106629133e-07
0.10796200000913814 0.002638000005390495
0.10796200000913814 1.00000761449337e-06
0.10509499997715466 0.002654000010807067
0.10509499997715466 0.0
0.10599199999705888 0.0026209999923594296
0.10599199999705888 0.0
0.10550099998363294 0.0025670000177342445
0.10550099998363294 0.0
0.10676799999782816 0.002657000004546717
0.10676799999782816 0.0
0.10447099999873899 0.002550000004703179
0.10447099999873899 0.0
0.10393899999326095 0.0027199999894946814
0.10393899999326095 1.00000761449337e-06
0.10443199999281205 0.002533999999286607
0.10443199999281205 0.0
0.10547300000325777 0.002601999993203208
0.10547300000325777 0.0
0.1047930000058841 0.0025779999850783497
0.1047930000058841 9.999785106629133e-07
0.10472300002584234 0.002550000004703179
0.10472300002584234 1.00000761449337e-06
0.10537500001373701 0.002615999983390793
0.10537500001373701 1.00000761449337e-06
0.1054559999902267 0.0025479999894741923
0.1054559999902267 0.0
0.10715799999888986 0.002626000001328066
0.10715799999888986 1.00000761449337e-06
0.10786200000438839 0.0026160000124946237
0.10786200000438839 0.0
0.1079289999906905 0.00265800001216121
0.1079289999906905 0.0
0.10759100000723265 0.002638999983901158
0.10759100000723265 0.0
0.10735399997793138 0.0026439999928697944
0.10735399997793138 9.999785106629133e-07
0.11685200000647455 0.0034759999834932387
0.11685200000647455 0.0
0.10777699999744073 0.0026129999896511436
0.10777699999744073 0.0
0.10753700000350364 0.002634999982547015
0.10753700000350364 0.0
0.10806299999239855 0.0026720000023487955
0.10806299999239855 0.0
0.10949699999764562 0.0027500000142026693
0.10949699999764562 1.00000761449337e-06
0.11084999999729916 0.0026990000042133033
0.11084999999729916 0.0
0.11001200001919642 0.002726000006077811
0.11001200001919642 9.999785106629133e-07
0.10969400001340546 0.0026780000189319253
0.10969400001340546 1.00000761449337e-06
0.11013500002445653 0.002673000009963289
0.11013500002445653 9.999785106629133e-07
0.10768800001824275 0.002629000024171546
0.10768800001824275 0.0
0.11032500001601875 0.0027179999742656946
0.11032500001601875 0.0
0.11139199999161065 0.002742999990005046
0.11139199999161065 0.0
0.10850599998957478 0.0026559999969322234
0.10850599998957478 0.0
0.10812600000645034 0.002621999999973923
0.10812600000645034 9.999785106629133e-07
0.10844099998939782 0.0026639999996405095
0.10844099998939782 1.00000761449337e-06
0.11054500000318512 0.0026840000064112246
0.11054500000318512 1.00000761449337e-06
0.11014900001464412 0.0026880000077653676
0.11014900001464412 9.999785106629133e-07
0.10851099999854341 0.002650000009452924
0.10851099999854341 1.00000761449337e-06
0.10801699999137782 0.0027079999854322523
0.10801699999137782 1.00000761449337e-06
0.10799899999983609 0.002665000007255003
0.10799899999983609 0.0
0.11090800000238232 0.002678999997442588
0.11090800000238232 0.0
0.10777400000370108 0.0026519999955780804
0.10777400000370108 0.0
0.10746600001584738 0.002687999978661537
0.10746600001584738 0.0
0.1113490000134334 0.0027039999840781093
0.1113490000134334 9.999785106629133e-07
0.11763100000098348 0.0028879999881610274
0.11763100000098348 0.0
0.120604000025196 0.0029690000228583813
0.120604000025196 1.00000761449337e-06
0.1279309999954421 0.0033030000049620867
0.1279309999954421 1.00000761449337e-06
0.13789299997733906 0.0034879999875556678
0.13789299997733906 9.999785106629133e-07
0.142892000003485 0.0035189999907743186
0.142892000003485 0.0
0.1461589999962598 0.0039829999732319266
0.1461589999962598 0.0
0.14732099999673665 0.003723000001627952
0.14732099999673665 0.0
0.13922199999797158 0.003476999991107732
0.13922199999797158 9.999785106629133e-07
0.1379890000098385 0.003440000000409782
0.1379890000098385 9.999785106629133e-07
0.1430959999852348 0.0035470000002533197
0.1430959999852348 0.0
0.13797399998293258 0.0034860000014305115
0.13797399998293258 0.0
0.13148500001989305 0.003333999979076907
0.13148500001989305 9.999785106629133e-07
0.13017500002752058 0.0035860000061802566
0.13017500002752058 0.0
0.11970800001290627 0.0029240000003483146
0.11970800001290627 0.0
0.12111200002254918 0.003089000005275011
0.12111200002254918 0.0
0.12087299997801892 0.003284000005805865
0.12087299997801892 1.00000761449337e-06
0.15456699999049306 0.004180000018095598
0.15456699999049306 0.0
0.12086299998918548 0.003200999984983355
0.12086299998918548 1.00000761449337e-06
0.11746899998979643 0.003109000012045726
0.11746899998979643 1.00000761449337e-06
0.11704699997790158 0.0034060000034514815
0.11704699997790158 1.00000761449337e-06
0.11908600002061576 0.003125999995972961
0.11908600002061576 0.0
0.1246930000197608 0.0031820000149309635
0.1246930000197608 0.0
0.1185070000065025 0.0031789999920874834
0.1185070000065025 0.0
0.11963199998717755 0.002917000005254522
0.11963199998717755 1.00000761449337e-06
0.11007799999788404 0.002818999986629933
0.11007799999788404 9.999785106629133e-07
0.10790100001031533 0.002709000022150576
0.10790100001031533 9.999785106629133e-07
0.1059370000148192 0.0027489999774843454
0.1059370000148192 0.0
0.10498599999118596 0.002593999990494922
0.10498599999118596 0.0
0.10514199998578988 0.003324000019347295
0.10514199998578988 0.0
0.10040600001229905 0.002912000025389716
0.10040600001229905 1.00000761449337e-06
0.09719699999550357 0.0024719999928493053
0.09719699999550357 0.0
0.10134799999650568 0.00261799999861978
0.10134799999650568 0.0
0.09776400000555441 0.0024129999801516533
0.09776400000555441 0.0
0.09736899999552406 0.0024799999955575913
0.09736899999552406 0.0
0.09763800000655465 0.0024960000009741634
0.09763800000655465 0.0
0.09306800001650117 0.002318000013474375
0.09306800001650117 0.0
0.09251200000289828 0.0022889999963808805
0.09251200000289828 0.0
0.09264100002474152 0.0023280000023078173
0.09264100002474152 0.0
0.09273999999277294 0.0022819999721832573
0.09273999999277294 0.0
0.09258799999952316 0.002318000013474375
0.09258799999952316 0.0
0.09329000001889654 0.0023199999995995313
0.09329000001889654 0.0
0.09261799999512732 0.0022920000192243606
0.09261799999512732 1.00000761449337e-06
0.1009139999805484 0.002533999999286607
0.1009139999805484 0.0
0.0927920000103768 0.002287000010255724
0.0927920000103768 0.0
0.0923880000191275 0.0023050000017974526
0.0923880000191275 0.0
0.09295099999872036 0.0023520000104326755
0.09295099999872036 0.0
0.0925769999739714 0.0023520000104326755
0.0925769999739714 1.00000761449337e-06
0.08383200000389479 0.0021029999770689756
0.08383200000389479 0.0
0.08099600000423379 0.002021999971475452
0.08099600000423379 0.0
0.08049300001584925 0.002082999999402091
0.08049300001584925 0.0
0.08074299999861978 0.0020010000152979046
0.08074299999861978 9.999785106629133e-07
0.08062200000858866 0.0020249999943189323
0.08062200000858866 0.0
0.08219200000166893 0.0020699999877251685
0.08219200000166893 0.0
0.07527100000879727 0.0019109999993816018
0.07527100000879727 0.0
0.07649100001435727 0.0018699999782256782
0.07649100001435727 1.00000761449337e-06
0.07611600001109764 0.0021450000058393925
0.07611600001109764 0.0
0.08069599998998456 0.0019789999932982028
0.08069599998998456 0.0
0.0807290000084322 0.002076999982818961
0.0807290000084322 0.0
0.08119699999224395 0.002066999993985519
0.08119699999224395 9.999785106629133e-07
0.08188899999368005 0.002267000003485009
0.08188899999368005 0.0
0.08178900001803413 0.0020080000103916973
0.08178900001803413 9.999785106629133e-07
0.08017599998856895 0.0020549999899230897
0.08017599998856895 1.00000761449337e-06
0.08049099997151643 0.0020420000073499978
0.08049099997151643 1.00000761449337e-06
0.08078099999693222 0.001984999980777502
0.08078099999693222 0.0
0.07999500000732951 0.001988000003620982
0.07999500000732951 1.00000761449337e-06
0.08005399999092333 0.0019819999870378524
0.08005399999092333 0.0
0.08479100000113249 0.0021370000031311065
0.08479100000113249 0.0
0.08602299998165108 0.002162999997381121
0.08602299998165108 0.0
0.08581399999093264 0.0021179999748710543
0.08581399999093264 1.00000761449337e-06
0.08567000000039116 0.0021330000017769635
0.08567000000039116 0.0
0.08621999999741092 0.002140999975381419
0.08621999999741092 0.0
0.08802799999830313 0.0021960000158287585
0.08802799999830313 0.0
0.08338699999148957 0.0021450000058393925
0.08338699999148957 0.0
0.08346599998185411 0.00209500000346452
0.08346599998185411 0.0
0.08291999998618849 0.0020650000078603625
0.08291999998618849 1.00000761449337e-06
0.08248000001185574 0.0020589999912772328
0.08248000001185574 0.0
0.08282799998414703 0.002066999993985519
0.08282799998414703 1.00000761449337e-06
0.08360600000014529 0.0020979999972041696
0.08360600000014529 1.00000761449337e-06
0.08325499997590668 0.0020899999944958836
0.08325499997590668 1.00000761449337e-06
0.08326499999384396 0.0020760000043082982
0.08326499999384396 0.0
0.08417299998109229 0.0021600000036414713
0.08417299998109229 0.0
0.08506099999067374 0.0021019999985583127
0.08506099999067374 0.0
0.083398999995552 0.002087000000756234
0.083398999995552 0.0
0.08043800000450574 0.001986999996006489
0.08043800000450574 9.999785106629133e-07
0.08110900002066046 0.001984000002266839
0.08110900002066046 0.0
0.08057299998472445 0.00201500000548549
0.08057299998472445 0.0
0.08281500000157394 0.0021100000012665987
0.08281500000157394 0.0
0.08349099999759346 0.002082999999402091
0.08349099999759346 1.00000761449337e-06
0.08305899999686517 0.0021290000004228204
0.08305899999686517 0.0
0.08324700000230223 0.002062000014120713
0.08324700000230223 0.0
0.0827360000112094 0.00205800001276657
0.0827360000112094 0.0
0.08529699998325668 0.0021089999936521053
0.08529699998325668 0.0
0.08563800001866184 0.002107000007526949
0.08563800001866184 0.0
0.08527500001946464 0.0021380000107456
0.08527500001946464 1.00000761449337e-06
0.08535999999730848 0.002142999990610406
0.08535999999730848 1.00000761449337e-06
0.08537399998749606 0.0021640000049956143
0.08537399998749606 0.0
0.08580899998196401 0.0022379999863915145
0.08580899998196401 0.0
0.0857010000036098 0.0021299999789334834
0.0857010000036098 0.0
0.08608400000957772 0.0022040000185370445
0.08608400000957772 0.0
0.0850040000223089 0.002183999982662499
0.0850040000223089 0.0
0.0876879999996163 0.002146999991964549
0.0876879999996163 0.0
0.08545799998682924 0.0021330000017769635
0.08545799998682924 0.0
0.08740699998452328 0.002211000013630837
0.08740699998452328 9.999785106629133e-07
0.0874150000163354 0.0021730000153183937
0.0874150000163354 0.0
0.08788300000014715 0.002171000000089407
0.08788300000014715 0.0
0.08784200000809506 0.0022120000212453306
0.08784200000809506 0.0
0.0924679999880027 0.0023210000072140247
0.0924679999880027 0.0
0.09284800000023097 0.002347000001464039
0.09284800000023097 0.0
0.08541699999477714 0.0021220000053290278
0.08541699999477714 0.0
0.08565299998736009 0.0021650000126101077
0.08565299998736009 1.00000761449337e-06
0.08566400001291186 0.002187999984016642
0.08566400001291186 0.0
0.08505999998305924 0.0021800000104121864
0.08505999998305924 1.00000761449337e-06
0.08496199999353848 0.0021059999999124557
0.08496199999353848 0.0
0.08261599999968894 0.0020699999877251685
0.08261599999968894 1.00000761449337e-06
0.0777560000133235 0.0019899999897461385
0.0777560000133235 9.999785106629133e-07
0.07870599997113459 0.002027000009547919
0.07870599997113459 0.0
0.08024100001784973 0.002035000012256205
0.08024100001784973 0.0
0.08018399999127723 0.0019960000063292682
0.08018399999127723 9.999785106629133e-07
0.08105300000170246 0.0020509999885689467
0.08105300000170246 0.0
0.08062799999606796 0.0020040000090375543
0.08062799999606796 0.0
0.07782100001350045 0.001967999996850267
0.07782100001350045 0.0
0.08096399999340065 0.0020329999970272183
0.08096399999340065 0.0
0.08026999997673556 0.002039000013610348
0.08026999997673556 1.00000761449337e-06
0.08031700001447462 0.0019939999911002815
0.08031700001447462 0.0
0.08028299998841248 0.001990999997360632
0.08028299998841248 0.0
0.08019800001056865 0.0019959999772254378
0.08019800001056865 0.0
0.08091499999864027 0.002082999999402091
0.08091499999864027 0.0
0.08046900000772439 0.001990999997360632
0.08046900000772439 1.00000761449337e-06
0.08087000000523403 0.0020610000065062195
0.08087000000523403 0.0
0.08040399997844361 0.002007000002777204
0.08040399997844361 0.0
0.08046599998488091 0.0019910000264644623
0.08046599998488091 1.00000761449337e-06
0.08306000000447966 0.002127999992808327
0.08306000000447966 0.0
0.08336099999723956 0.002062000014120713
0.08336099999723956 0.0
0.08315000002039596 0.0020800000056624413
0.08315000002039596 0.0
0.08262699999613687 0.00209500000346452
0.08262699999613687 9.999785106629133e-07
0.08288500001071952 0.002074999996693805
0.08288500001071952 0.0
0.08536599998478778 0.0020760000043082982
0.08536599998478778 0.0
0.0856179999827873 0.002135999995516613
0.0856179999827873 9.999785106629133e-07
0.08320799999637529 0.0021050000214017928
0.08320799999637529 1.00000761449337e-06
0.08303300000261515 0.002054000011412427
0.08303300000261515 1.00000761449337e-06
0.0833250000141561 0.0022560000070370734
0.0833250000141561 1.00000761449337e-06
0.09120500000426546 0.0022319999989122152
0.09120500000426546 1.00000761449337e-06
0.0871939999924507 0.002191999985370785
0.0871939999924507 0.0
0.08535999999730848 0.002143999998224899
0.08535999999730848 0.0
0.08477400001720525 0.0021430000197142363
0.08477400001720525 1.00000761449337e-06
0.0853110000025481 0.002119000011589378
0.0853110000025481 0.0
0.08551699999952689 0.002115999988745898
0.08551699999952689 1.00000761449337e-06
0.08316300000296906 0.0021389999892562628
0.08316300000296906 0.0
0.08367399999406189 0.002084999985527247
0.08367399999406189 1.00000761449337e-06
0.08281500000157394 0.0020409999997355044
0.08281500000157394 0.0
0.08413200001814403 0.002072999981464818
0.08413200001814403 9.999785106629133e-07
0.08321499999146909 0.0020739999890793115
0.08321499999146909 9.999785106629133e-07
0.0835289999959059 0.0021169999963603914
0.0835289999959059 1.00000761449337e-06
0.08333900000434369 0.002166999998735264
0.08333900000434369 0.0
0.08264199999393895 0.00205199999618344
0.08264199999393895 1.00000761449337e-06
0.08361400000285357 0.0021179999748710543
0.08361400000285357 9.999785106629133e-07
0.08758599997963756 0.0021530000085476786
0.08758599997963756 0.0
0.08712300000479445 0.0022230000176932663
0.08712300000479445 0.0
0.0880450000113342 0.0022510000271722674
0.0880450000113342 0.0
0.08812199998646975 0.002150999993318692
0.08812199998646975 0.0
0.0878120000124909 0.0022370000078808516
0.0878120000124909 0.0
0.08823199998005293 0.002246999996714294
0.08823199998005293 0.0
0.08780899998964742 0.0021640000049956143
0.08780899998964742 1.00000761449337e-06
0.08786299999337643 0.002191000006860122
0.08786299999337643 0.0
0.08775299999979325 0.0021659999911207706
0.08775299999979325 0.0
0.08709999997518025 0.0021779999951831996
0.08709999997518025 1.00000761449337e-06
0.09036000000196509 0.0022160000225994736
0.09036000000196509 1.00000761449337e-06
0.08963400000357069 0.0022809999936725944
0.08963400000357069 9.999785106629133e-07
0.09086000002571382 0.0022969999990891665
0.09086000002571382 0.0
0.09059000000706874 0.002214000007370487
0.09059000000706874 1.00000761449337e-06
0.09083699999609962 0.002234999992651865
0.09083699999609962 1.00000761449337e-06
0.09327199999825098 0.0023440000077243894
0.09327199999825098 0.0
0.09212000001571141 0.002302999986568466
0.09212000001571141 0.0
0.09048000001348555 0.002287000010255724
0.09048000001348555 0.0
0.0895989999989979 0.0022029999818187207
0.0895989999989979 9.999785106629133e-07
0.08981999999377877 0.0022519999765791
0.08981999999377877 0.0
0.12356999999610707 0.003042999975150451
0.12356999999610707 1.00000761449337e-06
0.09098700000322424 0.002302999986568466
0.09098700000322424 0.0
0.08993099999497645 0.0022440000029746443
0.08993099999497645 9.999785106629133e-07
0.09217099999659695 0.0024639999901410192
0.09217099999659695 0.0
0.0907160000060685 0.0022619999945163727
0.0907160000060685 0.0
0.09331699999165721 0.002287000010255724
0.09331699999165721 0.0
0.09228399998391978 0.0022609999869018793
0.09228399998391978 0.0
0.09295799999381416 0.002286000002641231
0.09295799999381416 1.00000761449337e-06
0.09405600000172853 0.0023419999924954027
0.09405600000172853 1.00000761449337e-06
0.09332300000824034 0.002308999974047765
0.09332300000824034 1.00000761449337e-06
0.09580599999753758 0.0026190000062342733
0.09580599999753758 0.0
0.09455399998114444 0.012443000014172867
0.09455399998114444 0.0
0.0952019999967888 0.0024970000085886568
0.0952019999967888 1.00000761449337e-06
0.09525600000051782 0.0025360000145155936
0.09525600000051782 0.0
0.09523500001523644 0.002529000019421801
0.09523500001523644 0.0
0.09712300001410767 0.0024839999969117343
0.09712300001410767 1.00000761449337e-06
0.09765400001197122 0.0024360000097658485
0.09765400001197122 0.0
0.0979570000199601 0.002422999998088926
0.0979570000199601 1.00000761449337e-06
0.09742999999434687 0.010304000024916604
0.09742999999434687 0.0
0.09740400000009686 0.002459999988786876
0.09740400000009686 1.00000761449337e-06
0.09704199997941032 0.002577000006567687
0.09704199997941032 1.00000761449337e-06
0.09841999999480322 0.0025390000082552433
0.09841999999480322 1.00000761449337e-06
0.09524500000406988 0.002474000008078292
0.09524500000406988 0.0
0.09535300001152791 0.0024680000205989927
0.09535300001152791 0.0
0.0948050000006333 0.002330999996047467
0.0948050000006333 0.0
0.09498299998813309 0.0024090000079013407
0.09498299998813309 1.00000761449337e-06
0.09697199999936856 0.002666999993380159
0.09697199999936856 0.0
0.11143200000515208 0.002677000011317432
0.11143200000515208 1.00000761449337e-06
0.10194300001603551 0.0024950000224635005
0.10194300001603551 0.0
0.10706800001207739 0.0024639999901410192
0.10706800001207739 0.0
0.10376399999950081 0.0024469999771099538
0.10376399999950081 0.0
0.10933799998019822 0.0024680000205989927
0.10933799998019822 0.0
0.10240600001998246 0.0024930000072345138
0.10240600001998246 1.00000761449337e-06
0.10307099999045022 0.002515000000130385
0.10307099999045022 1.00000761449337e-06
0.10274599998956546 0.0025209999876096845
0.10274599998956546 0.0
0.09827499999664724 0.002621999999973923
0.09827499999664724 0.0
0.10403400001814589 0.0026030000008177012
0.10403400001814589 0.0
0.10335300001315773 0.002812000020639971
0.10335300001315773 1.00000761449337e-06
0.12819199997466058 0.002533999999286607
0.12819199997466058 0.0
0.11049399999319576 0.0025310000055469573
0.11049399999319576 1.00000761449337e-06
0.11902400001417845 0.0026559999969322234
0.11902400001417845 1.00000761449337e-06
0.11072799999965355 0.0028980000060983002
0.11072799999965355 0.0
0.10240899998461828 0.0025880000030156225
0.10240899998461828 0.0
0.1064030000125058 0.002812999999150634
0.1064030000125058 9.999785106629133e-07
0.10532699999748729 0.0026169999910052866
0.10532699999748729 1.00000761449337e-06
0.11164000001735985 0.003419999993639067
0.11164000001735985 0.0
0.11644400001387112 0.0029790000116918236
0.11644400001387112 0.0
0.12040899999556132 0.002757999987807125
0.12040899999556132 9.999785106629133e-07
0.1182109999936074 0.0027870000049006194
0.1182109999936074 1.00000761449337e-06
0.11103299999376759 0.0028849999944213778
0.11103299999376759 9.999785106629133e-07
0.10836900002323091 0.0027379999810364097
0.10836900002323091 0.0
0.1279099999810569 0.003236999997170642
0.1279099999810569 0.0
0.10597499998402782 0.0025900000182446092
0.10597499998402782 1.00000761449337e-06
0.11857099999906495 0.0028979999769944698
0.11857099999906495 1.00000761449337e-06
0.11538000000291504 0.0026450000004842877
0.11538000000291504 0.0
0.11161100000026636 0.0028260000108275563
0.11161100000026636 1.00000761449337e-06
0.1166570000059437 0.0033229999826289713
0.1166570000059437 0.0
0.11318600000231527 0.0025519999908283353
0.11318600000231527 1.00000761449337e-06
0.10668299999088049 0.0026490000018384308
0.10668299999088049 9.999785106629133e-07
0.10211599999456666 0.002474000008078292
0.10211599999456666 0.0
0.09795100000337698 0.002426999999443069
0.09795100000337698 1.00000761449337e-06
0.09752999999909662 0.0025200000090990216
0.09752999999909662 1.00000761449337e-06
0.09823500001220964 0.002410999994026497
0.09823500001220964 0.0
0.09793699998408556 0.0024339999945368618
0.09793699998408556 9.999785106629133e-07
0.09766299999319017 0.002474999986588955
0.09766299999319017 0.0
0.10030000002007 0.002521999995224178
0.10030000002007 0.0
0.10022700001718476 0.0025100000202655792
0.10022700001718476 1.00000761449337e-06
0.10091199999442324 0.002626000001328066
0.10091199999442324 0.0
0.10166899999603629 0.0025750000204425305
0.10166899999603629 0.0
0.11882999999215826 0.004810000013094395
0.11882999999215826 0.0
0.10725400000228547 0.0028070000116713345
0.10725400000228547 1.00000761449337e-06
0.10616500000469387 0.0027070000069215894
0.10616500000469387 1.00000761449337e-06
0.11319199998979457 0.0025650000025052577
0.11319199998979457 9.999785106629133e-07
0.1143819999997504 0.0034119999909307808
0.1143819999997504 1.00000761449337e-06
0.10514099997817539 0.0025480000185780227
0.10514099997817539 0.0
0.10420000000158325 0.0031780000135768205
0.10420000000158325 0.0
0.10667400000966154 0.0026129999896511436
0.10667400000966154 0.0
0.10909600000013597 0.0026800000050570816
0.10909600000013597 0.0
0.10559799999464303 0.00253800000064075
0.10559799999464303 0.0
0.1113539999932982 0.002582999994046986
0.1113539999932982 0.0
0.1254999999946449 0.0035189999907743186
0.1254999999946449 0.0
0.10508699997444637 0.002609000017400831
0.10508699997444637 0.0
0.10552300000563264 0.0026040000084321946
0.10552300000563264 0.0
0.10458499999367632 0.002812999999150634
0.10458499999367632 1.00000761449337e-06
0.10540800000308082 0.002722000004723668
0.10540800000308082 0.0
0.10964499998954125 0.002734000008786097
0.10964499998954125 1.00000761449337e-06
0.10502899999846704 0.0030069999920669943
0.10502899999846704 0.0
0.10393899999326095 0.0025569999997969717
0.10393899999326095 1.00000761449337e-06
0.10253199998987839 0.0026619999844115227
0.10253199998987839 0.0
0.10237699997378513 0.002566000010119751
0.10237699997378513 0.0
0.10566500001004897 0.0026439999928697944
0.10566500001004897 9.999785106629133e-07
0.10226700000930578 0.0025470000109635293
0.10226700000930578 1.00000761449337e-06
0.09857599998940714 0.0024759999942034483
0.09857599998940714 1.00000761449337e-06
0.09805400000186637 0.002437999995891005
0.09805400000186637 0.0
0.09435400000074878 0.0023689999943599105
0.09435400000074878 0.0
0.09740400000009686 0.002426999999443069
0.09740400000009686 1.00000761449337e-06
0.09482800000114366 0.002515000000130385
0.09482800000114366 1.00000761449337e-06
0.094998000015039 0.002437999995891005
0.094998000015039 0.0
0.0905579999962356 0.0022889999963808805
0.0905579999962356 0.0
0.09319200000027195 0.0023329999821726233
0.09319200000027195 1.00000761449337e-06
0.09075299999676645 0.002310000010766089
0.09075299999676645 9.999785106629133e-07
0.09378300001844764 0.002349000016693026
0.09378300001844764 1.00000761449337e-06
0.0911000000196509 0.002382999984547496
0.0911000000196509 0.0
0.08751800001482479 0.002195999986724928
0.08751800001482479 9.999785106629133e-07
0.08793999999761581 0.0021659999911207706
0.08793999999761581 0.0
0.09026799999992363 0.0022499999904539436
0.09026799999992363 0.0
0.09102399999392219 0.0022560000070370734
0.09102399999392219 0.0
0.09024099999805912 0.0022499999904539436
0.09024099999805912 0.0
0.09061499999370426 0.0022569999855477363
0.09061499999370426 0.0
0.09014600000227802 0.002242999995360151
0.09014600000227802 1.00000761449337e-06
0.0961539999989327 0.003025999991223216
0.0961539999989327 0.0
0.11756099999183789 0.0026190000062342733
0.11756099999183789 0.0
0.09652199997799471 0.002808000019285828
0.09652199997799471 0.0
0.10320299997692928 0.0023890000011306256
0.10320299997692928 0.0
0.09692700000596233 0.002710000000661239
0.09692700000596233 0.0
0.10666799999307841 0.002873999997973442
0.10666799999307841 0.0
0.10001399999600835 0.0028230000170879066
0.10001399999600835 9.999785106629133e-07
0.09913999997661449 0.00286100001540035
0.09913999997661449 1.00000761449337e-06
0.0955309999990277 0.0024090000079013407
0.0955309999990277 1.00000761449337e-06
0.10138200002256781 0.002490000013494864
0.10138200002256781 1.00000761449337e-06
0.09973600000375882 0.002765000012004748
0.09973600000375882 0.0
0.10258099998463877 0.0023720000172033906
0.10258099998463877 0.0
0.09507899999152869 0.002913000003900379
0.09507899999152869 1.00000761449337e-06
0.09616899999673478 0.0030759999935980886
0.09616899999673478 0.0
0.11472500002128072 0.002513000014005229
0.11472500002128072 0.0
0.09889499997370876 0.002494000014849007
0.09889499997370876 0.0
0.11281400002189912 0.0028509999974630773
0.11281400002189912 9.999785106629133e-07
0.12244199999258853 0.002913000003900379
0.12244199999258853 0.0
0.12593300000298768 0.0031789999920874834
0.12593300000298768 0.0
0.13305400000535883 0.0034860000014305115
0.13305400000535883 0.0
0.1364400000020396 0.0042440000106580555
0.1364400000020396 0.0
0.13649699999950826 0.003328000020701438
0.13649699999950826 1.00000761449337e-06
0.13155399999232031 0.003136999992420897
0.13155399999232031 0.0
0.14315999997779727 0.0030630000110249966
0.14315999997779727 0.0
0.12931699998443946 0.0030160000023897737
0.12931699998443946 1.00000761449337e-06
0.1259029999782797 0.0030200000037439167
0.1259029999782797 9.999785106629133e-07
0.11657400001422502 0.0030530000221915543
0.11657400001422502 0.0
0.11695000002509914 0.002968000015243888
0.11695000002509914 1.00000761449337e-06
0.11288600001716986 0.002800000016577542
0.11288600001716986 0.0
0.11027599999215454 0.0027689999842550606
0.11027599999215454 0.0
0.1062439999950584 0.0025929999828804284
0.1062439999950584 0.0
0.10473500000080094 0.002625000022817403
0.10473500000080094 1.00000761449337e-06
0.10183200001483783 0.002597999991849065
0.10183200001483783 1.00000761449337e-06
0.10358200001064688 0.0028769999917130917
0.10358200001064688 1.00000761449337e-06
0.10220699998899363 0.0027560000016819686
0.10220699998899363 0.0
0.10825800002203323 0.003041999996639788
0.10825800002203323 0.0
0.10852300000260584 0.0030209999822545797
0.10852300000260584 0.0
0.10767100000521168 0.0026929999876301736
0.10767100000521168 1.00000761449337e-06
0.1077989999903366 0.003036000009160489
0.1077989999903366 1.00000761449337e-06
0.10254100000020117 0.0025529999984428287
0.10254100000020117 0.0
0.09801700001116842 0.002462999982526526
0.09801700001116842 1.00000761449337e-06
0.09691799999563955 0.002502999996067956
0.09691799999563955 1.00000761449337e-06
0.09500200001639314 0.0023379999911412597
0.09500200001639314 9.999785106629133e-07
0.09242099997936748 0.0023310000251512975
0.09242099997936748 1.00000761449337e-06
0.08995399999548681 0.0023000000219326466
0.08995399999548681 9.999785106629133e-07
0.09565299999667332 0.00241499999538064
0.09565299999667332 9.999785106629133e-07
0.0908519999939017 0.002283000008901581
0.0908519999939017 0.0
0.09080999999423511 0.002230999991297722
0.09080999999423511 0.0
0.09039800000027753 0.0022539999918080866
0.09039800000027753 1.00000761449337e-06
0.08977599997888319 0.002210000006016344
0.08977599997888319 1.00000761449337e-06
0.0926329999929294 0.002594999998109415
0.0926329999929294 1.00000761449337e-06
0.09301899999263696 0.0023459999938495457
0.09301899999263696 0.0
0.09229999998933636 0.0023369999835267663
0.09229999998933636 0.0
0.09240799999679439 0.0023419999924954027
0.09240799999679439 1.00000761449337e-06
0.09273199999006465 0.0023459999938495457
0.09273199999006465 0.0
0.0930180000141263 0.0025610000011511147
0.0930180000141263 0.0
0.09547000000020489 0.0023999999975785613
0.09547000000020489 0.0
0.09297100000549108 0.0023050000017974526
0.09297100000549108 0.0
0.09255299999495037 0.002290000003995374
0.09255299999495037 0.0
0.0923320000001695 0.002294000005349517
0.0923320000001695 0.0
0.10026800000923686 0.0024899999843910336
0.10026800000923686 1.00000761449337e-06
0.09730899997521192 0.0024799999955575913
0.09730899997521192 0.0
0.09883400000398979 0.002445999998599291
0.09883400000398979 9.999785106629133e-07
0.09771000000182539 0.0024640000192448497
0.09771000000182539 0.0
0.13158200000179932 0.003487000009045005
0.13158200000179932 0.0
0.1009009999979753 0.0025059999898076057
0.1009009999979753 1.00000761449337e-06
0.1000120000098832 0.002506999997422099
0.1000120000098832 1.00000761449337e-06
0.09729299999889918 0.002422999998088926
0.09729299999889918 0.0
0.09718800001428463 0.002455999987432733
0.09718800001428463 9.999785106629133e-07
0.0983389999892097 0.002482000010786578
0.0983389999892097 1.00000761449337e-06
0.10263900001882575 0.002621999999973923
0.10263900001882575 1.00000761449337e-06
0.0998859999817796 0.0025430000096093863
0.0998859999817796 0.0
0.0994150000042282 0.0025000000023283064
0.0994150000042282 0.0
0.09556099999463186 0.002445999998599291
0.09556099999463186 0.0
0.09581800000160001 0.0024930000072345138
0.09581800000160001 0.0
0.09261399999377318 0.002359000005526468
0.09261399999377318 9.999785106629133e-07
0.0921459999808576 0.0022809999936725944
0.0921459999808576 0.0
0.09274900000309572 0.0023010000004433095
0.09274900000309572 0.0
0.09207400001469068 0.0023310000251512975
0.09207400001469068 9.999785106629133e-07
0.09281099998042919 0.0023210000072140247
0.09281099998042919 0.0
0.09298600000329316 0.0023280000023078173
0.09298600000329316 1.00000761449337e-06
0.0918379999930039 0.002279000007547438
0.0918379999930039 9.999785106629133e-07
0.09267499999259599 0.0022950000129640102
0.09267499999259599 0.0
0.0923940000066068 0.002330999996047467
0.0923940000066068 1.00000761449337e-06
0.09297299999161623 0.0023199999995995313
0.09297299999161623 9.999785106629133e-07
0.09485300001688302 0.0023529999889433384
0.09485300001688302 9.999785106629133e-07
0.09457099999417551 0.0023709999804850668
0.09457099999417551 0.0
0.0952019999967888 0.0024179999891202897
0.0952019999967888 0.0
0.09458299999823794 0.0023870000150054693
0.09458299999823794 0.0
0.0952709999983199 0.0024969999794848263
0.0952709999983199 0.0
0.1284670000022743 0.003265999985160306
0.1284670000022743 0.0
0.09923100000014529 0.0024280000070575625
0.09923100000014529 0.0
0.09539900001254864 0.002478000009432435
0.09539900001254864 0.0
0.09557800000766292 0.002466999983880669
0.09557800000766292 0.0
0.09524400002555922 0.0024640000192448497
0.09524400002555922 0.0
0.09832399999140762 0.002486999990651384
0.09832399999140762 9.999785106629133e-07
0.09809200000017881 0.0024470000062137842
0.09809200000017881 1.00000761449337e-06
0.09593800001312047 0.002462000004015863
0.09593800001312047 0.0
0.09499199999845587 0.0023959999962244183
0.09499199999845587 9.999785106629133e-07
0.09517799998866394 0.002449999999953434
0.09517799998866394 1.00000761449337e-06
0.09762200000113808 0.0024409999896306545
0.09762200000113808 0.0
0.09704100000089966 0.0024670000129844993
0.09704100000089966 0.0
0.0981059999903664 0.0024520000151824206
0.0981059999903664 9.999785106629133e-07
0.09729299999889918 0.002435000002151355
0.09729299999889918 1.00000761449337e-06
0.09810199998901226 0.002466000005370006
0.09810199998901226 0.0
0.09772700001485646 0.002435000002151355
0.09772700001485646 0.0
0.09864899999229237 0.002521000016713515
0.09864899999229237 9.999785106629133e-07
0.10235000000102445 0.002742000011494383
0.10235000000102445 9.999785106629133e-07
0.10396900001796894 0.0029630000062752515
0.10396900001796894 9.999785106629133e-07
0.102115000016056 0.0025690000038594007
0.102115000016056 0.0
0.10551699998904951 0.0025350000069011003
0.10551699998904951 1.00000761449337e-06
0.10653000001912005 0.0026590000197757035
0.10653000001912005 9.999785106629133e-07
0.10578799998620525 0.003189999988535419
0.10578799998620525 1.00000761449337e-06
0.106143000011798 0.002578999992692843
0.106143000011798 1.00000761449337e-06
0.10100700001930818 0.0024969999794848263
0.10100700001930818 0.0
0.10026700000162236 0.002533999999286607
0.10026700000162236 1.00000761449337e-06
0.10118800000054762 0.002550999983213842
0.10118800000054762 0.0
0.1003519999794662 0.002474000008078292
0.1003519999794662 0.0
0.10051499999826774 0.002502000017557293
0.10051499999826774 0.0
0.10020700001041405 0.002513999992515892
0.10020700001041405 1.00000761449337e-06
0.10589800000889227 0.002626999979838729
0.10589800000889227 0.0
0.10474099998828024 0.002621999999973923
0.10474099998828024 0.0
0.10532699999748729 0.0026319999888073653
0.10532699999748729 0.0
0.10511299999780022 0.0026419999776408076
0.10511299999780022 9.999785106629133e-07
0.10501200001453981 0.0026439999928697944
0.10501200001453981 1.00000761449337e-06
0.10728799999924377 0.002610999974422157
0.10728799999924377 0.0
0.10563900001579896 0.0026490000018384308
0.10563900001579896 0.0
0.10195899999234825 0.0025519999908283353
0.10195899999234825 0.0
0.10239900002488866 0.002530999976443127
0.10239900002488866 1.00000761449337e-06
0.10263800001121126 0.002570999989984557
0.10263800001121126 1.00000761449337e-06
0.10239699998055585 0.002550000004703179
0.10239699998055585 1.00000761449337e-06
0.10291200000210665 0.002554999984567985
0.10291200000210665 0.0
0.10185799997998402 0.0025280000118073076
0.10185799997998402 0.0
0.10297799998079427 0.002558000007411465
0.10297799998079427 0.0
0.10285500000463799 0.002513999992515892
0.10285500000463799 1.00000761449337e-06
0.10863400000380352 0.0027929999923799187
0.10863400000380352 1.00000761449337e-06
0.107192000024952 0.002638999983901158
0.107192000024952 1.00000761449337e-06
0.10914399998728186 0.002753000007942319
0.10914399998728186 1.00000761449337e-06
0.10870800001430325 0.0027030000055674464
0.10870800001430325 0.0
0.1087110000080429 0.0026969999889843166
0.1087110000080429 0.0
0.10830200000782497 0.002740000025369227
0.10830200000782497 0.0
0.10740100001567043 0.0027020000270567834
0.10740100001567043 1.00000761449337e-06
0.10718199997791089 0.0026680000009946525
0.10718199997791089 9.999785106629133e-07
0.10739599997759797 0.002681999991182238
0.10739599997759797 0.0
0.10830500000156462 0.0026950000028591603
0.10830500000156462 0.0
0.11014800000702962 0.0028429999947547913
0.11014800000702962 0.0
0.10966299998108298 0.00277799999457784
0.10966299998108298 0.0
0.109969999990426 0.0027840000111609697
0.109969999990426 1.00000761449337e-06
0.10978699999395758 0.0027239999908488244
0.10978699999395758 0.0
0.10912200002348982 0.002797000022837892
0.10912200002348982 0.0
0.11275999998906627 0.002957999997306615
0.11275999998906627 0.0
0.11418299999786541 0.002773999993223697
0.11418299999786541 0.0
0.10926399999880232 0.002753000007942319
0.10926399999880232 0.0
0.10993899998720735 0.0027150000096298754
0.10993899998720735 1.00000761449337e-06
0.10916100000031292 0.002749000006588176
0.10916100000031292 1.00000761449337e-06
0.10745199999655597 0.0027129999944008887
0.10745199999655597 0.0
0.10730699999839999 0.0026439999928697944
0.10730699999839999 1.00000761449337e-06
0.10857499999110587 0.0026950000028591603
0.10857499999110587 1.00000761449337e-06
0.10413600000902079 0.002570999989984557
0.10413600000902079 9.999785106629133e-07
0.1048210000153631 0.0025889999815262854
0.1048210000153631 0.0
0.107133999990765 0.0026030000008177012
0.107133999990765 1.00000761449337e-06
0.10788100000354461 0.002701999997952953
0.10788100000354461 0.0
0.10762699999031611 0.0027709999994840473
0.10762699999031611 1.00000761449337e-06
0.1096819999802392 0.002677000011317432
0.1096819999802392 0.0
0.10763199999928474 0.0026430000143591315
0.10763199999928474 0.0
0.10807200000272132 0.0026359999901615083
0.10807200000272132 1.00000761449337e-06
0.10683299999800511 0.0026910000015050173
0.10683299999800511 0.0
0.10761199999251403 0.0027439999976195395
0.10761199999251403 0.0
0.10771899999235757 0.002677000011317432
0.10771899999235757 0.0
0.1075270000146702 0.0027700000209733844
0.1075270000146702 1.00000761449337e-06
0.11311199999181554 0.0027439999976195395
0.11311199999181554 0.0
0.11323899999842979 0.00285799999255687
0.11323899999842979 9.999785106629133e-07
0.11499800000456162 0.002988000022014603
0.11499800000456162 0.0
0.11769199999980628 0.002909000002546236
0.11769199999980628 0.0
0.11371100001269951 0.0027840000111609697
0.11371100001269951 0.0
0.11332000000402331 0.0028239999955985695
0.11332000000402331 1.00000761449337e-06
0.11195900000166148 0.0027560000016819686
0.11195900000166148 0.0
0.11349499999778345 0.002873999997973442
0.11349499999778345 1.00000761449337e-06
0.11352199999964796 0.002843999973265454
0.11352199999964796 0.0
0.11229600000660866 0.0028529999835882336
0.11229600000660866 9.999785106629133e-07
0.11746899998979643 0.0030969999788794667
0.11746899998979643 1.00000761449337e-06
0.11628000001655892 0.0028509999974630773
0.11628000001655892 0.0
0.11589399998774752 0.002952000009827316
0.11589399998774752 9.999785106629133e-07
0.11245099999359809 0.0028209999727550894
0.11245099999359809 0.0
0.13456499998574145 0.004041000007418916
0.13456499998574145 1.00000761449337e-06
0.1349259999988135 0.003913000022294
0.1349259999988135 0.0
0.14374999998835847 0.004221999988658354
0.14374999998835847 1.00000761449337e-06
0.14153500000247732 0.004159000003710389
0.14153500000247732 1.00000761449337e-06
0.1370020000031218 0.003416999999899417
0.1370020000031218 0.0
0.1345079999882728 0.003440000000409782
0.1345079999882728 0.0
0.11994500001310371 0.00297499998123385
0.11994500001310371 1.00000761449337e-06
0.11743399998522364 0.0029630000062752515
0.11743399998522364 0.0
0.11478800000622869 0.002894000004744157
0.11478800000622869 0.0
0.11472799998591654 0.0028509999974630773
0.11472799998591654 0.0
0.11585799997556023 0.00302100001135841
0.11585799997556023 1.00000761449337e-06
0.10963900000206195 0.002733000001171604
0.10963900000206195 0.0
0.10702399999718182 0.0026870000001508743
0.10702399999718182 0.0
0.10721399998874404 0.002666999993380159
0.10721399998874404 0.0
0.10801499997614883 0.002685999992536381
0.10801499997614883 1.00000761449337e-06
0.1075649999838788 0.0026920000091195107
0.1075649999838788 1.00000761449337e-06
0.11319999999250285 0.0027359999949112535
0.11319999999250285 1.00000761449337e-06
0.11044799999217503 0.0027809999883174896
0.11044799999217503 1.00000761449337e-06
0.11076300000422634 0.003077000001212582
0.11076300000422634 0.0
0.11327000000164844 0.0027689999842550606
0.11327000000164844 1.00000761449337e-06
0.10985599999548867 0.002833000005921349
0.10985599999548867 0.0
0.11003099998924881 0.0027399999962653965
0.11003099998924881 0.0
0.10997799999313429 0.0027129999944008887
0.10997799999313429 0.0
0.11413099998026155 0.0031029999954625964
0.11413099998026155 0.0
0.11284499999601394 0.0032270000083371997
0.11284499999601394 9.999785106629133e-07
0.11649099999340251 0.0027680000057443976
0.11649099999340251 1.00000761449337e-06
0.11310700001195073 0.0027920000138692558
0.11310700001195073 0.0
0.11177599997608922 0.0027600000030361116
0.11177599997608922 0.0
0.10906799999065697 0.0026889999862760305
0.10906799999065697 0.0
0.11622599998372607 0.0027840000111609697
0.11622599998372607 0.0
0.11024700000416487 0.002785000018775463
0.11024700000416487 9.999785106629133e-07
0.11023999997996725 0.0028769999917130917
0.11023999997996725 1.00000761449337e-06
0.1091209999867715 0.0027720000070985407
0.1091209999867715 1.00000761449337e-06
0.11134699999820441 0.0027750000008381903
0.11134699999820441 0.0
0.11287400001310743 0.0026900000229943544
0.11287400001310743 1.00000761449337e-06
0.10756799997761846 0.0026399999915156513
0.10756799997761846 1.00000761449337e-06
0.1147859999909997 0.00274100000387989
0.1147859999909997 0.0
0.11186199999065138 0.0027750000008381903
0.11186199999065138 0.0
0.11209199999575503 0.0027359999949112535
0.11209199999575503 9.999785106629133e-07
0.11298100001295097 0.0027999999874737114
0.11298100001295097 9.999785106629133e-07
0.11200399999506772 0.0027849999896716326
0.11200399999506772 0.0
0.11150299999280833 0.00277799999457784
0.11150299999280833 9.999785106629133e-07
0.11235499999020249 0.0027990000089630485
0.11235499999020249 1.00000761449337e-06
0.11347800001385622 0.0027849999896716326
0.11347800001385622 0.0
0.11349400001927279 0.002869000018108636
0.11349400001927279 1.00000761449337e-06
0.11308000001008622 0.0028070000116713345
0.11308000001008622 1.00000761449337e-06
0.11495899999863468 0.0028119999915361404
0.11495899999863468 0.0
0.11337300000013784 0.002873999997973442
0.11337300000013784 0.0
0.1133280000067316 0.0029900000081397593
0.1133280000067316 1.00000761449337e-06
0.11474099999759346 0.002837999985786155
0.11474099999759346 0.0
0.1121980000170879 0.0027640000043902546
0.1121980000170879 0.0
0.11744000000180677 0.0028719999827444553
0.11744000000180677 9.999785106629133e-07
0.11740499999723397 0.0028759999840985984
0.11740499999723397 0.0
0.11813099999562837 0.0029429999995045364
0.11813099999562837 0.0
0.11687100000563078 0.002945000014733523
0.11687100000563078 0.0
0.11893700002110563 0.002905000001192093
0.11893700002110563 1.00000761449337e-06
0.11717199999839067 0.002913000003900379
0.11717199999839067 1.00000761449337e-06
0.1181370000122115 0.002909999981056899
0.1181370000122115 1.00000761449337e-06
0.11548899998888373 0.002898999984608963
0.11548899998888373 1.00000761449337e-06
0.11512000000220723 0.0028179999790154397
0.11512000000220723 1.00000761449337e-06
0.11417300000903197 0.0028540000203065574
0.11417300000903197 1.00000761449337e-06
0.11697100001038052 0.0028790000069420785
0.11697100001038052 1.00000761449337e-06
0.11833100000512786 0.0028780000284314156
0.11833100000512786 1.00000761449337e-06
0.11755599998286925 0.002882000000681728
0.11755599998286925 1.00000761449337e-06
0.11917200000607409 0.0029489999869838357
0.11917200000607409 9.999785106629133e-07
0.11765500000910833 0.0028679999813903123
0.11765500000910833 9.999785106629133e-07
0.11876500002108514 0.0028830000082962215
0.11876500002108514 0.0
0.11815600001136772 0.0028839999868068844
0.11815600001136772 0.0
0.11694300000090152 0.002886000002035871
0.11694300000090152 9.999785106629133e-07
0.11711300001479685 0.0029039999935775995
0.11711300001479685 0.0
0.11726600001566112 0.0029820000054314733
0.11726600001566112 1.00000761449337e-06
0.11705300002358854 0.0028910000110045075
0.11705300002358854 1.00000761449337e-06
0.1175539999967441 0.0028839999868068844
0.1175539999967441 9.999785106629133e-07
0.1184390000125859 0.002972999995108694
0.1184390000125859 0.0
0.11740499999723397 0.002874999976484105
0.11740499999723397 0.0
0.11671199998818338 0.0028799999854527414
0.11671199998818338 0.0
0.1189379999996163 0.0029389999981503934
0.1189379999996163 0.0
0.1195659999793861 0.0029670000076293945
0.1195659999793861 0.0
0.12185199998202734 0.002945000014733523
0.12185199998202734 0.0
0.11908400000538677 0.0029189999913796782
0.11908400000538677 0.0
0.1196969999873545 0.003009000007295981
0.1196969999873545 1.00000761449337e-06
0.12109199998667464 0.0029900000081397593
0.12109199998667464 0.0
0.1196860000200104 0.0029320000030566007
0.1196860000200104 0.0
0.11938300001202151 0.002933999989181757
0.11938300001202151 0.0
0.12033500001416542 0.0029690000228583813
0.12033500001416542 1.00000761449337e-06
0.11937600001692772 0.0030159999732859433
0.11937600001692772 0.0
0.1265549999952782 0.0031799999997019768
0.1265549999952782 1.00000761449337e-06
0.12461100000655279 0.003097000007983297
0.12461100000655279 0.0
0.12500900001032278 0.003108000004431233
0.12500900001032278 9.999785106629133e-07
0.12394799999310635 0.0031199999793898314
0.12394799999310635 0.0
0.12655400001676753 0.0030820000101812184
0.12655400001676753 9.999785106629133e-07
0.12396500000613742 0.0031129999842960387
0.12396500000613742 0.0
0.12504300000728108 0.003388999990420416
0.12504300000728108 1.00000761449337e-06
0.12973099999362603 0.00306400001863949
0.12973099999362603 0.0
0.12218799997936003 0.003032000007806346
0.12218799997936003 1.00000761449337e-06
0.12223400000948459 0.003048000013222918
0.12223400000948459 9.999785106629133e-07
0.12174299999605864 0.0030229999974835664
0.12174299999605864 0.0
0.12250999998650514 0.003037000016774982
0.12250999998650514 1.00000761449337e-06
0.12209599997731857 0.003056999994441867
0.12209599997731857 0.0
0.12329099999624304 0.0029879999929107726
0.12329099999624304 1.00000761449337e-06
0.1221349999832455 0.003013000008650124
0.1221349999832455 0.0
0.1272189999872353 0.0031759999983478338
0.1272189999872353 9.999785106629133e-07
0.1269439999887254 0.0031399999861605465
0.1269439999887254 0.0
0.12972900000750087 0.003160000022035092
0.12972900000750087 9.999785106629133e-07
0.1260809999948833 0.0031879999733064324
0.1260809999948833 9.999785106629133e-07
0.1287210000155028 0.003236999997170642
0.1287210000155028 1.00000761449337e-06
0.1712309999857098 0.004132999980356544
0.1712309999857098 1.00000761449337e-06
0.12666899999021553 0.0031630000157747418
0.12666899999021553 1.00000761449337e-06
0.1266829999804031 0.0031909999961499125
0.1266829999804031 1.00000761449337e-06
0.12700999999651685 0.0031399999861605465
0.12700999999651685 1.00000761449337e-06
0.12659800000255927 0.003181999985827133
0.12659800000255927 0.0
0.12984700000379235 0.003173999983118847
0.12984700000379235 1.00000761449337e-06
0.12920399999711663 0.0034189999860245734
0.12920399999711663 9.999785106629133e-07
0.12998199998401105 0.0033509999921079725
0.12998199998401105 0.0
0.12926600000355393 0.003240999998524785
0.12926600000355393 9.999785106629133e-07
0.1297550000017509 0.003175000019837171
0.1297550000017509 0.0
0.13143599999602884 0.0032900000223889947
0.13143599999602884 1.00000761449337e-06
0.13138799997977912 0.0032150000042747706
0.13138799997977912 0.0
0.1297550000017509 0.0031559999915771186
0.1297550000017509 0.0
0.1468530000129249 0.0040609999850858
0.1468530000129249 9.999785106629133e-07
0.1653740000037942 0.004501999996136874
0.1653740000037942 0.0
0.15855399999418296 0.0041049999999813735
0.15855399999418296 0.0
0.16220200000680052 0.004110999987460673
0.16220200000680052 0.0
0.15953000000445172 0.0041729999938979745
0.15953000000445172 0.0
0.1507409999903757 0.003751000011106953
0.1507409999903757 0.0
0.1449469999934081 0.003624999983003363
0.1449469999934081 0.0
0.14058700000168756 0.0035050000005867332
0.14058700000168756 0.0
0.14956200000597164 0.003683999995701015
0.14956200000597164 0.0
0.18833999999333173 0.004888000024948269
0.18833999999333173 1.00000761449337e-06
0.15114300002460368 0.0038120000099297613
0.15114300002460368 0.0
0.14455199998337775 0.003683000017190352
0.14455199998337775 1.00000761449337e-06
0.14736400000401773 0.003739000007044524
0.14736400000401773 0.0
0.14668400000664406 0.003626000019721687
0.14668400000664406 1.00000761449337e-06
0.14147100000991486 0.0034249999735038728
0.14147100000991486 1.00000761449337e-06
0.1363660000206437 0.003731000004336238
0.1363660000206437 0.0
0.1345560000045225 0.0033409999741706997
0.1345560000045225 1.00000761449337e-06
0.13440500001888722 0.0032959999807644635
0.13440500001888722 9.999785106629133e-07
0.13756699999794364 0.003425000002607703
0.13756699999794364 0.0
0.1363779999956023 0.0033669999975245446
0.1363779999956023 9.999785106629133e-07
0.13911800002097152 0.003429999982472509
0.13911800002097152 0.0
0.14272000000346452 0.0034860000014305115
0.14272000000346452 0.0
0.135322999994969 0.0033059999987017363
0.135322999994969 0.0
0.1292470000043977 0.003200000006472692
0.1292470000043977 1.00000761449337e-06
0.12984000000869855 0.003285999991931021
0.12984000000869855 0.0
0.12293900002259761 0.003005000005941838
0.12293900002259761 9.999785106629133e-07
0.12034799999673851 0.0029959999956190586
0.12034799999673851 1.00000761449337e-06
0.12001199999940582 0.0028400000010151416
0.12001199999940582 1.00000761449337e-06
0.12040799998794682 0.0030100000149104744
0.12040799998794682 9.999785106629133e-07
0.14520299999276176 0.0039410000026691705
0.14520299999276176 0.0
0.1206780000065919 0.0029820000054314733
0.1206780000065919 9.999785106629133e-07
0.12175900000147521 0.003033000015420839
0.12175900000147521 0.0
0.1657520000007935 0.004559999972116202
0.1657520000007935 0.0
0.1643259999982547 0.004042999993544072
0.1643259999982547 0.0
0.12434399998164736 0.0030510000069625676
0.12434399998164736 0.0
0.12499499999103136 0.0032150000042747706
0.12499499999103136 0.0
0.12491499999305233 0.003068999998504296
0.12491499999305233 1.00000761449337e-06
0.12382999999681488 0.003073999978369102
0.12382999999681488 0.0
0.12715200000093319 0.003204000007826835
0.12715200000093319 0.0
0.12713300000177696 0.0030460000270977616
0.12713300000177696 0.0
0.13338899999507703 0.0034079999895766377
0.13338899999507703 1.00000761449337e-06
0.12522899999748915 0.003052999993087724
0.12522899999748915 0.0
0.12830899999244139 0.003097000007983297
0.12830899999244139 0.0
0.12750400000368245 0.003128999989712611
0.12750400000368245 0.0
0.12690499998279847 0.003085000003920868
0.12690499998279847 1.00000761449337e-06
0.12638599998899736 0.0030820000101812184
0.12638599998899736 0.0
0.12485100000048988 0.002993999980390072
0.12485100000048988 0.0
0.12584299998707138 0.003068999998504296
0.12584299998707138 0.0
0.12473399998270907 0.0030670000123791397
0.12473399998270907 1.00000761449337e-06
0.12456999998539686 0.003060000017285347
0.12456999998539686 1.00000761449337e-06
0.1245070000004489 0.003089000005275011
0.1245070000004489 1.00000761449337e-06
0.12599000000045635 0.0031049999815877527
0.12599000000045635 0.0
0.12472300001536496 0.003052999993087724
0.12472300001536496 0.0
0.12438100000144914 0.003033000015420839
0.12438100000144914 0.0
0.12373799999477342 0.0030100000149104744
0.12373799999477342 1.00000761449337e-06
0.12190600001486018 0.0029510000022128224
0.12190600001486018 0.0
0.1223339999851305 0.003009000007295981
0.1223339999851305 0.0
0.12422599998535588 0.0029879999929107726
0.12422599998535588 1.00000761449337e-06
0.12508599998545833 0.0030789999873377383
0.12508599998545833 9.999785106629133e-07
0.12400099998922087 0.0030109999934211373
0.12400099998922087 1.2999982573091984e-05
0.125540999986697 0.003041999996639788
0.125540999986697 9.999785106629133e-07
0.12399999998160638 0.00302100001135841
0.12399999998160638 0.0
0.12505999999120831 0.003085000003920868
0.12505999999120831 0.0
0.12522200000239536 0.0030540000007022172
0.12522200000239536 1.00000761449337e-06
0.12435000002733432 0.0030620000034105033
0.12435000002733432 0.0
0.12365500000305474 0.0030940000142436475
0.12365500000305474 1.00000761449337e-06
0.12441199997556396 0.00298099999781698
0.12441199997556396 9.999785106629133e-07
0.16563599999062717 0.0042280000052414834
0.16563599999062717 0.0
0.12661399997887202 0.0031639999942854047
0.12661399997887202 9.999785106629133e-07
0.1271089999936521 0.003056999994441867
0.1271089999936521 0.0
0.12684900002204813 0.0030940000142436475
0.12684900002204813 1.00000761449337e-06
0.12746699998388067 0.0030900000128895044
0.12746699998388067 1.00000761449337e-06
0.12682599999243394 0.003085999982431531
0.12682599999243394 0.0
0.12683400002424605 0.003052000014577061
0.12683400002424605 0.0
0.12744000001112 0.0030789999873377383
0.12744000001112 9.999785106629133e-07
0.13140600000042468 0.0034039999882224947
0.13140600000042468 1.00000761449337e-06
0.13966699998127297 0.0036930000060237944
0.13966699998127297 0.0
0.13938700000289828 0.0034149999846704304
0.13938700000289828 0.0
0.13918200001353398 0.0034069999819621444
0.13918200001353398 0.0
0.1427010000043083 0.003484999993816018
0.1427010000043083 9.999785106629133e-07
0.13941699999850243 0.0034559999767225236
0.13941699999850243 9.999785106629133e-07
0.13954200001899153 0.0034290000039618462
0.13954200001899153 0.0
0.14173899998422712 0.003560999990440905
0.14173899998422712 0.0
0.13428899997961707 0.003296999988378957
0.13428899997961707 0.0
0.13244300000951625 0.003228999994462356
0.13244300000951625 0.0
0.1320290000003297 0.003285999991931021
0.1320290000003297 1.00000761449337e-06
0.16849300000467338 0.0043120000045746565
0.16849300000467338 1.00000761449337e-06
0.13357299999915995 0.0032460000074934214
0.13357299999915995 0.0
0.13649199999053963 0.0033319999929517508
0.13649199999053963 0.0
0.13927300000796095 0.0034309999900870025
0.13927300000796095 0.0
0.1398499999777414 0.003388000011909753
0.1398499999777414 1.00000761449337e-06
0.13945399998920038 0.0034120000200346112
0.13945399998920038 0.0
0.14268400002038106 0.003620000003138557
0.14268400002038106 0.0
0.13867800001753494 0.0033750000002328306
0.13867800001753494 0.0
0.1392809999815654 0.003408000018680468
0.1392809999815654 1.00000761449337e-06
0.1408440000086557 0.0035220000136177987
0.1408440000086557 0.0
0.1391810000059195 0.0033750000002328306
0.1391810000059195 1.00000761449337e-06
0.13990400001057424 0.003462000022409484
0.13990400001057424 1.00000761449337e-06
0.13121300001512282 0.0031549999839626253
0.13121300001512282 9.999785106629133e-07
0.13237400000798516 0.0031620000081602484
0.13237400000798516 1.00000761449337e-06
0.1313030000019353 0.0031799999997019768
0.1313030000019353 1.00000761449337e-06
0.13219999999273568 0.003173000004608184
0.13219999999273568 1.00000761449337e-06
0.13207799999509007 0.003189999988535419
0.13207799999509007 9.999785106629133e-07
0.1323580000025686 0.0031989999988581985
0.1323580000025686 0.0
0.13784499999019317 0.003236000018659979
0.13784499999019317 0.0
0.13464900001417845 0.0031929999822750688
0.13464900001417845 9.999785106629133e-07
0.13155799999367446 0.0031929999822750688
0.13155799999367446 0.0
0.18084000001545064 0.004365999979199842
0.18084000001545064 0.0
0.13646300000254996 0.003280000004451722
0.13646300000254996 0.0
0.13447099999757484 0.0032479999936185777
0.13447099999757484 0.0
0.13386699999682605 0.003353999985847622
0.13386699999682605 1.00000761449337e-06
0.13421999997808598 0.0032460000074934214
0.13421999997808598 9.999785106629133e-07
0.13534900001832284 0.0032669999927747995
0.13534900001832284 0.0
0.13404000000446104 0.0033140000014100224
0.13404000000446104 9.999785106629133e-07
0.135917999985395 0.0032930000161286443
0.135917999985395 1.00000761449337e-06
0.13541600000462495 0.003320999996503815
0.13541600000462495 1.00000761449337e-06
0.13360600001760758 0.0033130000228993595
0.13360600001760758 1.00000761449337e-06
0.13722400000551715 0.0033279999915976077
0.13722400000551715 1.00000761449337e-06
0.13717500001075678 0.0033340000081807375
0.13717500001075678 0.0
0.16688199999043718 0.004651999974157661
0.16688199999043718 1.3999990187585354e-05
0.15015200001653284 0.0039200000173877925
0.15015200001653284 0.0
0.16500300000188872 0.009082000004127622
0.16500300000188872 9.999785106629133e-07
0.15700399997876957 0.004108000022824854
0.15700399997876957 0.0
0.16514600001391955 0.004431000008480623
0.16514600001391955 1.00000761449337e-06
0.1618740000121761 0.004154000023845583
0.1618740000121761 0.0
0.1615319999982603 0.0039059999980963767
0.1615319999982603 0.0
0.16879799999878742 0.004267999989679083
0.16879799999878742 1.00000761449337e-06
0.150692999974126 0.0038210000202525407
0.150692999974126 0.0
0.15192400000523776 0.0036450000188779086
0.15192400000523776 0.0
0.1466519999958109 0.0036379999946802855
0.1466519999958109 1.00000761449337e-06
0.14690399999381043 0.003665999975055456
0.14690399999381043 1.00000761449337e-06
0.14446199999656528 0.0035189999907743186
0.14446199999656528 1.00000761449337e-06
0.14000400001532398 0.003325999976368621
0.14000400001532398 1.00000761449337e-06
0.13839000000734814 0.003361999988555908
0.13839000000734814 0.0
0.1401389999955427 0.0033660000190138817
0.1401389999955427 0.0
0.13933400000678375 0.0033180000027641654
0.13933400000678375 1.00000761449337e-06
0.13939700002083555 0.003392999991774559
0.13939700002083555 0.0
0.1394010000221897 0.0033750000002328306
0.1394010000221897 1.00000761449337e-06
0.13923599998815916 0.0033859999966807663
0.13923599998815916 0.0
0.1400310000171885 0.0033220000041183084
0.1400310000171885 0.0
0.1396719999902416 0.0034549999982118607
0.1396719999902416 1.00000761449337e-06
0.13902800000505522 0.003416999999899417
0.13902800000505522 0.0
0.1410559999931138 0.003464999987045303
0.1410559999931138 1.00000761449337e-06
0.14116800000192598 0.0034619999933056533
0.14116800000192598 0.0
0.1425429999944754 0.003496999997878447
0.1425429999944754 1.00000761449337e-06
0.14265100000193343 0.0034469999955035746
0.14265100000193343 0.0
INFO:sc2.protocol:Client status changed to Status.ended (was Status.in_game)
INFO:sc2.protocol:Client status changed to Status.ended (was Status.in_game)
INFO:root:Result for player 2 - Bot(Race.Terran, <bots.keai.inho_bot_final.ReaperBot object at 0x7f62a3310eb8>): Defeat
INFO:root:Result for player 1 - Bot(Race.Terran, <bots.Showing_bot.speedBot.MarinBot object at 0x7f62b2363eb8>): Victory
INFO:sc2.client:Saved replay to outs/2020-01-17T11-28-03/replays/showing_bot-keai/showing_bot-keai-2.SC2Replay
INFO:sc2.protocol:Client status changed to Status.launched (was Status.ended)
INFO:sc2.protocol:Client status changed to Status.quit (was Status.launched)
INFO:sc2.sc2process:kill_switch: Process cleanup
INFO:sc2.sc2process:Cleaning up...
INFO:sc2.sc2process:Cleanup complete
INFO:sc2.sc2process:Cleaning up...
INFO:sc2.sc2process:Cleanup complete
INFO:sc2.protocol:Client status changed to Status.launched (was Status.ended)
INFO:sc2.protocol:Cannot receive: Connection already closed.
INFO:sc2.sc2process:kill_switch: Process cleanup
INFO:sc2.sc2process:Cleaning up...
INFO:sc2.sc2process:Cleanup complete
INFO:sc2.sc2process:Cleaning up...
INFO:sc2.sc2process:Cleanup complete


## STDERR ##

Version: B75689 (SC2.4.10)
Build: Aug 12 2019 17:16:57
Command Line: '"/home/hspark8312/StarCraftII/Versions/Base75689/SC2_x64" -listen 127.0.0.1 -port 19441 -displayMode 0 -dataDir /home/hspark8312/StarCraftII -tempDir /tmp/SC2_0ml2sokz'
Starting up...
Startup Phase 1 complete
Version: B75689 (SC2.4.10)
Build: Aug 12 2019 17:16:57
Command Line: '"/home/hspark8312/StarCraftII/Versions/Base75689/SC2_x64" -listen 127.0.0.1 -port 18030 -displayMode 0 -dataDir /home/hspark8312/StarCraftII -tempDir /tmp/SC2_194epjkh'
Starting up...
Startup Phase 1 complete
Startup Phase 2 complete
Creating stub renderer...
Listening on: 127.0.0.1:19441
Startup Phase 3 complete. Ready for commands.
Startup Phase 2 complete
Creating stub renderer...
Listening on: 127.0.0.1:18030
Startup Phase 3 complete. Ready for commands.
ConnectHandler: Request from 127.0.0.1:58736 accepted
ReadyHandler: 127.0.0.1:58736 ready
Requesting to join a multiplayer game
Configuring interface options
Configure: raw interface enabled
Configure: feature layer interface enabled
Configure: score interface enabled
Configure: render interface disabled
ConnectHandler: Request from 127.0.0.1:58739 accepted
ReadyHandler: 127.0.0.1:58739 ready
Requesting to join a multiplayer game
Configuring interface options
Configure: raw interface enabled
Configure: feature layer interface enabled
Configure: score interface enabled
Configure: render interface disabled
Create game with map path: NCFellowship-2019_m1_v6.SC2Map
Attempting to join a game with the map: NCFellowship-2019_m1_v6.SC2Map
Game has started.
Using default stable ids, none found at: /home/hspark8312/StarCraftII/stableid.json
Successfully loaded stable ids: GameData\stableid.json
Sending ResponseJoinGame
Game has started.
Using default stable ids, none found at: /home/hspark8312/StarCraftII/stableid.json
Successfully loaded stable ids: GameData\stableid.json
Sending ResponseJoinGame
RequestQuit command received.
Closing Application...
/home/hspark8312/anaconda3/envs/sc2/lib/python3.6/importlib/_bootstrap.py:219: RuntimeWarning: numpy.ufunc size changed, may indicate binary incompatibility. Expected 192 from C header, got 216 from PyObject
  return f(*args, **kwds)
/home/hspark8312/anaconda3/envs/sc2/lib/python3.6/importlib/_bootstrap.py:219: RuntimeWarning: numpy.ufunc size changed, may indicate binary incompatibility. Expected 192 from C header, got 216 from PyObject
  return f(*args, **kwds)
/home/hspark8312/anaconda3/envs/sc2/lib/python3.6/site-packages/tensorboard/compat/tensorflow_stub/dtypes.py:541: FutureWarning: Passing (type, 1) or '1type' as a synonym of type is deprecated; in a future version of numpy, it will be understood as (type, (1,)) / '(1,)type'.
  _np_qint8 = np.dtype([("qint8", np.int8, 1)])
/home/hspark8312/anaconda3/envs/sc2/lib/python3.6/site-packages/past/builtins/misc.py:45: DeprecationWarning: the imp module is deprecated in favour of importlib; see the module's documentation for alternative uses
  from imp import reload
/mnt/d/sc2minigame-eval-2020-01-09/bots/Showing_bot/speedBot.py:1643: RuntimeWarning: coroutine 'TerreinManager.debug' was never awaited
  self.terrein_manager.debug()
