## STDOUT ##

[[92mINFO[0m] SC2 4.9.0 용 패치 적용
패치 sc2.ids.ability_id
패치 sc2.game_state
패치 sc2.bot_ai
패치 sc2.client
패치 sc2.controller
패치 sc2.main
INFO:root:Failed to import cuda module: No module named 'caffe2.python.caffe2_pybind11_state_gpu'
INFO:root:Failed to import AMD hip module: No module named 'caffe2.python.caffe2_pybind11_state_hip'
WARNING:root:This caffe2 python run does not have GPU support. Will run in CPU only mode.
cpu
INFO:sc2.protocol:Client status changed to Status.launched (was None)
INFO:sc2.protocol:Client status changed to Status.launched (was None)
INFO:sc2_patch.sc2_patch_490.controller:Creating new game
INFO:sc2_patch.sc2_patch_490.controller:Map:     NCFellowship-2019_m1_v6
INFO:sc2_patch.sc2_patch_490.controller:Players: Bot(Race.Terran, <bots.big.custom_bot.CustomBot object at 0x7f1b6b818f60>), Bot(Race.Terran, <bots.Showing_bot.speedBot.MarinBot object at 0x7f1b6de457b8>)
INFO:sc2.protocol:Client status changed to Status.init_game (was Status.launched)
INFO:sc2.protocol:Client status changed to Status.in_game (was None)
INFO:root:Player 2 - Bot(Race.Terran, <bots.Showing_bot.speedBot.MarinBot object at 0x7f1b6de457b8>)
TEST: 2, <bots.Showing_bot.speedBot.MarinBot object at 0x7f1b6de457b8>
INFO:sc2.protocol:Client status changed to Status.in_game (was None)
INFO:root:Player 1 - Bot(Race.Terran, <bots.big.custom_bot.CustomBot object at 0x7f1b6b818f60>)
TEST: 1, <bots.big.custom_bot.CustomBot object at 0x7f1b6b818f60>
load model: bots/Showing_bot/models/model-89.pt
create new model
0.04603499997756444 0.0029269999940879643
0.04603499997756444 0.0
0.04685400001471862 0.0022539999918080866
0.04685400001471862 0.0
0.047072999994270504 0.0016300000133924186
0.047072999994270504 1.00000761449337e-06
0.04620700000668876 0.0013380000018514693
0.04620700000668876 0.0
0.053770999977132306 0.0012419999984558672
0.053770999977132306 1.00000761449337e-06
0.04572100000223145 0.0011599999852478504
0.04572100000223145 1.00000761449337e-06
0.04672499999287538 0.0013869999966118485
0.04672499999287538 0.0
0.04686899998341687 0.0011539999977685511
0.04686899998341687 0.0
0.04736999998567626 0.0011349999986123294
0.04736999998567626 1.00000761449337e-06
0.04572799999732524 0.001213999988976866
0.04572799999732524 0.0
0.04626800000551157 0.001264999998966232
0.04626800000551157 1.00000761449337e-06
0.0457239999959711 0.0011220000160392374
0.0457239999959711 0.0
0.04740400001173839 0.0011280000035185367
0.04740400001173839 0.0
0.04548800000338815 0.001133000012487173
0.04548800000338815 0.0
0.04690799998934381 0.0012430000060703605
0.04690799998934381 0.0
0.04674300001352094 0.0011409999860916287
0.04674300001352094 0.0
0.04635499999858439 0.0011380000214558095
0.04635499999858439 9.999785106629133e-07
0.045772000012220815 0.001137999992351979
0.045772000012220815 1.00000761449337e-06
0.046854999993229285 0.0011750000121537596
0.046854999993229285 1.00000761449337e-06
0.04671600001165643 0.0012290000158827752
0.04671600001165643 0.0
0.048980999999912456 0.0012909999932162464
0.048980999999912456 1.00000761449337e-06
0.04879499998060055 0.0011959999974351376
0.04879499998060055 1.00000761449337e-06
0.04996699999901466 0.0012500000011641532
0.04996699999901466 1.00000761449337e-06
0.049392999993870035 0.0011679999879561365
0.049392999993870035 1.00000761449337e-06
0.04910800000652671 0.001234999974258244
0.04910800000652671 1.00000761449337e-06
0.04937200000858866 0.0012329999881330878
0.04937200000858866 1.00000761449337e-06
0.04932300001382828 0.0012109999952372164
0.04932300001382828 1.00000761449337e-06
0.048864000011235476 0.001205000007757917
0.048864000011235476 1.00000761449337e-06
0.04924100000062026 0.0012339999957475811
0.04924100000062026 0.0
0.048878999979933724 0.001213000010466203
0.048878999979933724 0.0
0.04958300001453608 0.0012209999840706587
0.04958300001453608 0.0
0.04895200001192279 0.0012789999891538173
0.04895200001192279 0.0
0.04943399998592213 0.0011949999898206443
0.04943399998592213 0.0
0.0481059999729041 0.0012100000167265534
0.0481059999729041 0.0
0.04892499998095445 0.001185000000987202
0.04892499998095445 0.0
0.05151399999158457 0.003779999999096617
0.05151399999158457 1.00000761449337e-06
0.05152900001849048 0.0013750000216532499
0.05152900001849048 1.00000761449337e-06
0.05065499999909662 0.0018020000134129077
0.05065499999909662 0.0
0.052798999997321516 0.0018280000076629221
0.052798999997321516 9.999785106629133e-07
0.059324000001652166 0.004229000012855977
0.059324000001652166 0.0
changed strategy
0.06595199997536838 0.004734000016469508
0.06595199997536838 0.0
0.06450799998128787 0.006411999987903982
0.06450799998128787 1.00000761449337e-06
0.06465600000228733 0.001955999992787838
0.06465600000228733 0.0
0.06734800001140684 0.0017439999792259187
0.06734800001140684 0.0
0.06766400000196882 0.0016599999798927456
0.06766400000196882 1.00000761449337e-06
0.06850299998768605 0.0017550000047776848
0.06850299998768605 0.0
0.06658000001334585 0.001635000022361055
0.06658000001334585 9.999785106629133e-07
0.06433799999649636 0.0016690000193193555
0.06433799999649636 0.0
0.08113599999342114 0.0021530000085476786
0.08113599999342114 1.00000761449337e-06
0.07144899998093024 0.0016419999883510172
0.07144899998093024 1.00000761449337e-06
0.06705599999986589 0.0016780000005383044
0.06705599999986589 0.0
0.06706999999005347 0.0016089999990072101
0.06706999999005347 0.0
0.058870999986538664 0.0014830000000074506
0.058870999986538664 1.00000761449337e-06
0.05397599999560043 0.001369999983580783
0.05397599999560043 0.0
0.05337199999485165 0.0012949999945703894
0.05337199999485165 0.0
0.054663000017171726 0.0013560000224970281
0.054663000017171726 0.0
0.05410500001744367 0.0013669999898411334
0.05410500001744367 0.0
0.05412700001033954 0.001344999996945262
0.05412700001033954 1.00000761449337e-06
0.0539870000211522 0.0012910000223200768
0.0539870000211522 0.0
0.05405299999983981 0.0013299999991431832
0.05405299999983981 0.0

0.05496899998979643 0.001324000011663884
0.05496899998979643 1.00000761449337e-06
ready
0.05393900000490248 0.0013190000026952475
0.05393900000490248 1.00000761449337e-06
ready
0.06571299998904578 0.0020469999872148037
0.06571299998904578 0.0
ready
0.07014200001140125 0.0039059999980963767
0.07014200001140125 1.00000761449337e-06
ready
0.06994599997415207 0.0017850000003818423
0.06994599997415207 1.00000761449337e-06
ready
0.0687620000098832 0.0017050000024028122
0.0687620000098832 1.00000761449337e-06
ready
0.06870900001376867 0.0017290000105276704
0.06870900001376867 0.0
ready
0.06945099998847581 0.0017330000118818134
0.06945099998847581 0.0
ready
0.06887799999094568 0.0017029999871738255
0.06887799999094568 0.0
ready
0.06938000000081956 0.0017550000047776848
0.06938000000081956 0.0
ready
0.072029000002658 0.0018260000215377659
0.072029000002658 1.00000761449337e-06
ready
0.07407500001136214 0.004192000022158027
0.07407500001136214 0.0
ready
0.07476499999756925 0.0019299999985378236
0.07476499999756925 1.00000761449337e-06
ready
0.07523799999034964 0.0018810000037774444
0.07523799999034964 1.00000761449337e-06
ready
0.07521499998983927 0.0018090000085067004
0.07521499998983927 0.0
ready
0.07475099997827783 0.0018219999910797924
0.07475099997827783 0.0
ready
0.07556100000510924 0.0018170000112149864
0.07556100000510924 0.0
ready
0.07362899999134243 0.0018379999964963645
0.07362899999134243 0.0
0.07568899999023415 0.0018350000027567148
0.07568899999023415 1.00000761449337e-06
ready
0.07191200001398101 0.0018290000152774155
0.07191200001398101 1.00000761449337e-06
ready
0.06866700001410209 0.001816999982111156
0.06866700001410209 9.999785106629133e-07
ready
0.07083300000522286 0.002027000009547919
0.07083300000522286 0.0
ready
ready
0.06905999997979961 0.0016659999964758754
0.06905999997979961 1.00000761449337e-06
0.06703200002084486 0.002211000013630837
0.06703200002084486 1.00000761449337e-06
ready
0.0675129999872297 0.002047999994829297
0.0675129999872297 1.00000761449337e-06
ready
ready
0.06666300000506453 0.0016570000152569264
0.06666300000506453 0.0
ready
0.06769999998505227 0.002203999989433214
0.06769999998505227 1.00000761449337e-06
ready
0.062282999977469444 0.0016509999986737967
0.062282999977469444 1.00000761449337e-06
ready
0.06123600000864826 0.0017309999966528267
0.06123600000864826 0.0
ready
0.06363600000622682 0.0020610000065062195
0.06363600000622682 9.999785106629133e-07
ready
0.06117999998969026 0.0016670000040903687
0.06117999998969026 1.00000761449337e-06
ready
0.0598290000052657 0.005997000000206754
0.0598290000052657 0.0
go
0.05978899999172427 0.001668999990215525
0.05978899999172427 0.0
go
0.05994400000781752 0.0026190000062342733
0.05994400000781752 0.0
go
0.05716600001323968 0.0015300000086426735
0.05716600001323968 0.0
go
0.056669000012334436 0.0013900000194553286
0.056669000012334436 1.00000761449337e-06
go
0.057407000014791265 0.0016469999973196536
0.057407000014791265 1.00000761449337e-06
go
0.05693199997767806 0.001416999992216006
0.05693199997767806 0.0
go
0.05712599999969825 0.0013940000208094716
0.05712599999969825 0.0
go
0.05718499998329207 0.0014610000071115792
0.05718499998329207 9.999785106629133e-07
go
0.05967499999678694 0.001564000005600974
0.05967499999678694 1.500002690590918e-05
go
0.060154000006150454 0.0014769999834243208
0.060154000006150454 1.00000761449337e-06
go
0.060410000005504116 0.00173200000426732
0.060410000005504116 0.0
go
0.06090400001266971 0.001592999993590638
0.06090400001266971 0.0
go
0.05972099999780767 0.0015589999966323376
0.05972099999780767 1.00000761449337e-06
go
0.0596520000253804 0.0014889999874867499
0.0596520000253804 0.0
go
0.05918400001246482 0.0014699999883305281
0.05918400001246482 0.0
go
0.059533000021474436 0.0014970000192988664
0.059533000021474436 0.0
go
0.05949499999405816 0.0014519999967887998
0.05949499999405816 0.0
go
0.05923000001348555 0.0014669999945908785
0.05923000001348555 0.0
go
0.060658999980660155 0.0015780000248923898
0.060658999980660155 0.0
go
0.06219500000588596 0.0016679999826010317
0.06219500000588596 0.0
go
0.0644789999932982 0.0015119999879971147
0.0644789999932982 0.0
go
0.06242000000202097 0.0015220000059343874
0.06242000000202097 1.00000761449337e-06
go
0.0619670000160113 0.0015360000252258033
0.0619670000160113 1.00000761449337e-06
go
0.05927200001315214 0.001445000001695007
0.05927200001315214 0.0
go
0.060533000010764226 0.0015090000233612955
0.060533000010764226 0.0
go
0.05945400000200607 0.001445000001695007
0.05945400000200607 0.0
go
0.05854999998700805 0.0014870000013615936
0.05854999998700805 1.00000761449337e-06
go
0.058641000010538846 0.001441000000340864
0.058641000010538846 0.0
go
0.06252599999425001 0.001476000004913658
0.06252599999425001 0.0
go
0.06072100001620129 0.0015300000086426735
0.06072100001620129 0.0
go
0.06121399998664856 0.0015410000050906092
0.06121399998664856 0.0
go
0.06169699999736622 0.0015220000059343874
0.06169699999736622 0.0
go
0.061372999974992126 0.0015439999988302588
0.061372999974992126 1.00000761449337e-06
go
0.060809000016888604 0.001480000006267801
0.060809000016888604 0.0
go
0.06398200002149679 0.0016370000084862113
0.06398200002149679 0.0
go
0.06120399999781512 0.0015159999893512577
0.06120399999781512 0.0
go
0.06331200001295656 0.0015439999988302588
0.06331200001295656 0.0
go
0.06399100000271574 0.0016459999897051603
0.06399100000271574 0.0
go
0.06546899999375455 0.0015940000012051314
0.06546899999375455 1.00000761449337e-06
go
0.06370300002163276 0.0015399999974761158
0.06370300002163276 0.0
go
0.0641170000017155 0.001588999992236495
0.0641170000017155 0.0
go
0.06386999998358078 0.001560000004246831
0.06386999998358078 1.00000761449337e-06
go
0.06092899999930523 0.001496999990195036
0.06092899999930523 0.0
go
0.062382000003708526 0.0015309999871533364
0.062382000003708526 0.0
go
0.060962999996263534 0.0015650000132154673
0.060962999996263534 1.00000761449337e-06
go
0.06101800000760704 0.0015779999957885593
0.06101800000760704 1.00000761449337e-06
go
0.06226599999354221 0.0015469999925699085
0.06226599999354221 0.0
go
0.058957999979611486 0.0015349999885074794
0.058957999979611486 0.0
go
0.059295999992173165 0.0014059999957680702
0.059295999992173165 1.00000761449337e-06
go
0.05735099999583326 0.0014870000013615936
0.05735099999583326 0.0
go
0.05674999998882413 0.0014439999940805137
0.05674999998882413 0.0
go
0.056102999980794266 0.0013899999903514981
0.056102999980794266 0.0
go
0.0542929999937769 0.0013890000118408352
0.0542929999937769 0.0
go
0.05460499998298474 0.0013630000175908208
0.05460499998298474 0.0
go
0.05362399999285117 0.0013839999737683684
0.05362399999285117 0.0
go
0.05339099999400787 0.001344000018434599
0.05339099999400787 0.0
go
0.05367300001671538 0.0013500000059138983
0.05367300001671538 1.00000761449337e-06
0.0537659999972675 0.0013429999817162752
0.0537659999972675 0.0
go
0.05635900000925176 0.00144599998020567
0.05635900000925176 1.00000761449337e-06
go
0.05648200001451187 0.001564000005600974
0.05648200001451187 0.0
go
go
0.05614400000195019 0.0013540000072680414
0.05614400000195019 1.00000761449337e-06
go
0.05440900000394322 0.0013420000032056123
0.05440900000394322 1.00000761449337e-06
go
0.05208299998776056 0.0013420000032056123
0.05208299998776056 0.0
go
0.05434699999750592 0.0015750000020489097
0.05434699999750592 0.0
go
0.05644600000232458 0.001707999996142462
0.05644600000232458 1.00000761449337e-06
combat
0.06193299998994917 0.0020589999912772328
0.06193299998994917 0.0
0.059197000024141744 0.0016330000071320683
0.059197000024141744 1.00000761449337e-06
fallback
0.05685499997343868 0.0013540000072680414
0.05685499997343868 0.0
fallback
fallback
0.05871399998432025 0.0018700000073295087
0.05871399998432025 0.0
fallback
0.0578949999762699 0.0015260000072885305
0.0578949999762699 0.0
fallback
0.056542999984230846 0.0018270000000484288
0.056542999984230846 1.7999991541728377e-05
fallback
0.05448500000056811 0.0014889999874867499
0.05448500000056811 0.0
fallback
0.05987999998615123 0.0020289999956730753
0.05987999998615123 0.0
fallback
0.059003999980632216 0.001560000004246831
0.059003999980632216 1.00000761449337e-06
fallback
0.05908000000636093 0.0019819999870378524
0.05908000000636093 0.0
fallback
0.05593199998838827 0.0015290000010281801
0.05593199998838827 0.0
fallback
0.05982699999003671 0.002355000004172325
0.05982699999003671 9.999785106629133e-07
fallback
0.059176000009756535 0.0016599999798927456
0.059176000009756535 0.0
fallback
0.05990100000053644 0.0014610000071115792
0.05990100000053644 1.00000761449337e-06
ready
0.05980300001101568 0.001640000002225861
0.05980300001101568 0.0
ready
0.057924000022467226 0.0019409999949857593
0.057924000022467226 0.0
ready
0.05481300002429634 0.0013689999759662896
0.05481300002429634 9.999785106629133e-07
ready
0.05439399997703731 0.001644000003580004
0.05439399997703731 1.00000761449337e-06
ready
0.054921000002650544 0.0015370000037364662
0.054921000002650544 0.0
ready
0.0539590000116732 0.0015730000159237534
0.0539590000116732 0.0
ready
0.054619999980786815 0.001744000008329749
0.054619999980786815 0.0
ready
0.05183800001395866 0.0015949999797157943
0.05183800001395866 0.0
ready
0.05177599997841753 0.0013120000076014549
0.05177599997841753 0.0
ready
0.05174900000565685 0.0014770000125281513
0.05174900000565685 0.0
ready
0.051017000019783154 0.0017680000164546072
0.051017000019783154 1.00000761449337e-06
ready
0.051472999999532476 0.0015380000113509595
0.051472999999532476 0.0
ready
0.05077500001061708 0.0015619999903719872
0.05077500001061708 0.0
ready
0.04871199998888187 0.0014859999937471002
0.04871199998888187 9.999785106629133e-07
ready
0.053389000007882714 0.0017510000034235418
0.053389000007882714 0.0
ready
0.05359599998337217 0.0013770000077784061
0.05359599998337217 0.0
ready
0.05411600001389161 0.002207999990787357
0.05411600001389161 0.0
ready
0.0539240000071004 0.0017480000096838921
0.0539240000071004 1.00000761449337e-06
ready
0.05492000002413988 0.0015509999939240515
0.05492000002413988 0.0
ready
0.05405299999983981 0.0013509999844245613
0.05405299999983981 1.00000761449337e-06
ready
0.054022999975131825 0.0015739999944344163
0.054022999975131825 0.0
ready
0.054574000008869916 0.001572999986819923
0.054574000008869916 1.00000761449337e-06
ready
0.05402199999662116 0.0017330000118818134
0.05402199999662116 0.0
ready
0.0577190000039991 0.001719000021694228
0.0577190000039991 0.0
ready
0.057607000024290755 0.001967000018339604
0.057607000024290755 0.0
ready
0.06039299999247305 0.0017740000039339066
0.06039299999247305 1.00000761449337e-06
ready
0.06094399999710731 0.0018390000041108578
0.06094399999710731 9.999785106629133e-07
ready
0.061895000020740554 0.0020210000220686197
0.061895000020740554 9.999785106629133e-07
ready
0.06229299999540672 0.001584000012371689
0.06229299999540672 0.0
ready
0.06450099998619407 0.0018829999899026006
0.06450099998619407 0.0
ready
0.06569499999750406 0.002050000010058284
0.06569499999750406 0.0
ready
0.0634190000128001 0.001816999982111156
0.0634190000128001 0.0
ready
0.06130299999495037 0.001613999978872016
0.06130299999495037 0.0
ready
0.056871999986469746 0.0014030000020284206
0.056871999986469746 9.999785106629133e-07
ready
0.05715300000156276 0.0015659999917261302
0.05715300000156276 1.00000761449337e-06
ready
0.07594299997435883 0.0021129999950062484
0.07594299997435883 0.0
ready
0.06878100000903942 0.0022929999977350235
0.06878100000903942 1.00000761449337e-06
ready
0.07594399998197332 0.0019960000063292682
0.07594399998197332 0.0
ready
0.0764459999918472 0.0019460000039543957
0.0764459999918472 9.999785106629133e-07
ready
0.054437999991932884 0.001648000004934147
0.054437999991932884 1.00000761449337e-06
ready
0.056152000004658476 0.001476000004913658
0.056152000004658476 0.0
ready
0.07635400001890957 0.001967000018339604
0.07635400001890957 0.0
ready
0.054687999974703416 0.0013470000121742487
0.054687999974703416 9.999785106629133e-07
ready
0.06057400000281632 0.0015710000006947666
0.06057400000281632 0.0
ready
0.06021000002510846 0.0014390000142157078
0.06021000002510846 1.00000761449337e-06
ready
0.05942299999878742 0.0014640000008512288
0.05942299999878742 0.0
ready
0.05716200001188554 0.0014190000074449927
0.05716200001188554 0.0
ready
0.05946399999083951 0.0015970000240486115
0.05946399999083951 0.0
ready
0.06535300001269206 0.0016240000259131193
0.06535300001269206 0.0
ready
0.06596400000853464 0.0018309999722987413
0.06596400000853464 0.0
ready
0.06740900001022965 0.0016949999844655395
0.06740900001022965 0.0
ready
0.0623069999855943 0.001524999999674037
0.0623069999855943 0.0
ready
0.06205900001805276 0.001496999990195036
0.06205900001805276 0.0
ready
0.06246400001691654 0.0014870000013615936
0.06246400001691654 1.00000761449337e-06
ready
0.059744999976828694 0.0014599999994970858
0.059744999976828694 0.0
ready
0.05953500000759959 0.0014890000165905803
0.05953500000759959 0.0
ready
0.05938099999912083 0.0014489999739453197
0.05938099999912083 1.00000761449337e-06
ready
0.05949499999405816 0.001480000006267801
0.05949499999405816 1.00000761449337e-06
ready
0.05693799999426119 0.0014309999824035913
0.05693799999426119 0.0
ready
0.057047000009333715 0.0014009999867994338
0.057047000009333715 0.0
0.05767700000433251 0.0014159999846015126
0.05767700000433251 1.00000761449337e-06
ready
0.05405800000880845 0.001297999988310039
0.05405800000880845 0.0
ready
0.05446800001664087 0.0013590000162366778
0.05446800001664087 0.0
ready
0.05354800002533011 0.0013040000048931688
0.05354800002533011 0.0
ready
0.05681499998900108 0.0017590000061318278
0.05681499998900108 0.0
ready
0.054294000001391396 0.00149200001033023
0.054294000001391396 1.00000761449337e-06
ready
ready
0.05403900000965223 0.0016299999842885882
0.05403900000965223 0.0
0.053462999989278615 0.001660000008996576
0.053462999989278615 0.0
ready
0.05104000002029352 0.001264000020455569
0.05104000002029352 0.0
ready
ready
0.04865300000528805 0.001488000008976087
0.04865300000528805 0.0
ready
0.049181000009411946 0.0017299999890383333
0.049181000009411946 0.0
go
0.04872900000191294 0.0015269999857991934
0.04872900000191294 0.0
go
0.0471139999863226 0.0012169999827165157
0.0471139999863226 0.0
go
0.04653000002144836 0.0014019999944139272
0.04653000002144836 0.0
go
0.045175000006565824 0.0013259999977890402
0.045175000006565824 0.0
go
0.05944499999168329 0.0018739999795798212
0.05944499999168329 0.0
go
0.04922499999520369 0.0013580000086221844
0.04922499999520369 0.0
go
0.04900400000042282 0.0013250000192783773
0.04900400000042282 0.0
go
0.04750000001513399 0.0012250000145286322
0.04750000001513399 0.0
go
0.049719000002369285 0.0014519999967887998
0.049719000002369285 0.0
go
0.050445000000763685 0.0014849999861326069
0.050445000000763685 0.0
go
0.04680500001995824 0.0012040000001434237
0.04680500001995824 1.00000761449337e-06
go
0.04656200000317767 0.0015019999991636723
0.04656200000317767 1.00000761449337e-06
go
0.04763200000161305 0.0012160000042058527
0.04763200000161305 1.00000761449337e-06
go
0.046786999999312684 0.0012659999774768949
0.046786999999312684 0.0
go
0.048020999995060265 0.001307000027736649
0.048020999995060265 9.999785106629133e-07
go
0.04870600000140257 0.001272000023163855
0.04870600000140257 0.0
go
0.048580999980913475 0.0012590000114869326
0.048580999980913475 1.00000761449337e-06
go
0.04836799998884089 0.0013430000108201057
0.04836799998884089 0.0
go
0.04882300001918338 0.001260999997612089
0.04882300001918338 1.00000761449337e-06
go
0.05227000001468696 0.002498999994713813
0.05227000001468696 0.0
go
0.05375599997933023 0.0012679999927058816
0.05375599997933023 0.0
go
0.06328400000347756 0.0025529999984428287
0.06328400000347756 1.00000761449337e-06
go
0.07034000000567175 0.0017729999963194132
0.07034000000567175 1.00000761449337e-06
go
0.05351299999165349 0.001180999999633059
0.05351299999165349 1.00000761449337e-06
go
0.04564700002083555 0.0011569999915082008
0.04564700002083555 1.00000761449337e-06
go
0.04495300000417046 0.0011660000018309802
0.04495300000417046 1.00000761449337e-06
go
0.04370300000300631 0.0011139999842271209
0.04370300000300631 0.0
go
0.04667500001960434 0.0012069999938830733
0.04667500001960434 0.0
go
0.04619199997978285 0.0011440000089351088
0.04619199997978285 0.0
go
0.047141000017290935 0.0011699999740812927
0.047141000017290935 0.0
go
0.04995200000121258 0.0012540000025182962
0.04995200000121258 0.0
go
0.04852300000493415 0.001209999987622723
0.04852300000493415 0.0
0.0488140000088606 0.001197000005049631
0.0488140000088606 0.0
go
0.049947000021347776 0.0012490000226534903
0.049947000021347776 0.0
go
0.04903200000990182 0.001264999998966232
0.04903200000990182 1.00000761449337e-06
go
0.04719100001966581 0.0012379999971017241
0.04719100001966581 0.0
go
0.05399699998088181 0.0015389999898616225
0.05399699998088181 0.0
go
0.04751899998518638 0.0014399999927263707
0.04751899998518638 1.00000761449337e-06
go
go
0.046837000001687557 0.0013749999925494194
0.046837000001687557 9.999785106629133e-07
go
0.04989500000374392 0.0016410000098403543
0.04989500000374392 0.0
go
0.050134000019170344 0.001475000026402995
0.050134000019170344 0.0
go
0.05152999999700114 0.0016239999968092889
0.05152999999700114 0.0
go
0.055283999972743914 0.0016220000106841326
0.055283999972743914 0.0
combat
0.05628499999875203 0.001720000000204891
0.05628499999875203 0.0
fallback
0.05534099999931641 0.0017590000061318278
0.05534099999931641 1.00000761449337e-06
fallback
0.055053999996744096 0.0016370000084862113
0.055053999996744096 0.0
fallback
0.05942000000504777 0.0018589999817777425
0.05942000000504777 9.999785106629133e-07
fallback
0.05952100001741201 0.001539000018965453
0.05952100001741201 1.00000761449337e-06
fallback
0.054277999995974824 0.0015710000006947666
0.054277999995974824 0.0
fallback
0.05526399999507703 0.0015789999742992222
0.05526399999507703 0.0
fallback
0.0550480000092648 0.001927000004798174
0.0550480000092648 0.0
fallback
0.05620300001464784 0.0021450000058393925
0.05620300001464784 9.999785106629133e-07
fallback
0.06197700000484474 0.0015649999841116369
0.06197700000484474 1.00000761449337e-06
fallback
0.0518889999948442 0.0015940000012051314
0.0518889999948442 0.0
fallback
0.048918999993475154 0.0015819999971427023
0.048918999993475154 9.999785106629133e-07
fallback
0.04679600000963546 0.0014120000123512
0.04679600000963546 0.0
fallback
0.047873000003164634 0.0015060000005178154
0.047873000003164634 1.00000761449337e-06
ready
0.048146999994060025 0.0028219999803695828
0.048146999994060025 0.0
ready
0.058517999976174906 0.0023440000077243894
0.058517999976174906 1.00000761449337e-06
ready
0.052305999997770414 0.001353999978164211
0.052305999997770414 1.00000761449337e-06
ready
0.05647700000554323 0.001552000001538545
0.05647700000554323 1.00000761449337e-06
ready
0.05489600001601502 0.0014599999994970858
0.05489600001601502 1.00000761449337e-06
ready
0.054459999984828755 0.0014220000011846423
0.054459999984828755 9.999785106629133e-07
ready
0.05767700000433251 0.0015940000012051314
0.05767700000433251 0.0
ready
0.05951500000082888 0.0014469999878201634
0.05951500000082888 9.999785106629133e-07
ready
0.06821100000524893 0.0019239999819546938
0.06821100000524893 0.0
ready
0.07723200001055375 0.0019730000058189034
0.07723200001055375 1.00000761449337e-06
ready
0.07436800000141375 0.0019399999873712659
0.07436800000141375 0.0
ready
0.062273999996250495 0.0019749999919440597
0.062273999996250495 0.0
ready
0.06247000000439584 0.0015319999947678298
0.06247000000439584 0.0
ready
0.057173000008333474 0.001381999987643212
0.057173000008333474 0.0
ready
0.057035000005271286 0.0014139999984763563
0.057035000005271286 0.0
ready
0.06160099999397062 0.0015570000105071813
0.06160099999397062 0.0
ready
0.06444300001021475 0.001640000002225861
0.06444300001021475 0.0
ready
0.06433300001663156 0.0016869999817572534
0.06433300001663156 0.0
ready
0.06509899999946356 0.0016180000093299896
0.06509899999946356 1.00000761449337e-06
ready
0.06273800000781193 0.0015529999800492078
0.06273800000781193 1.00000761449337e-06
0.05972900000051595 0.0019019999890588224
0.05972900000051595 9.999785106629133e-07
ready
ready
0.062061999982688576 0.0015750000020489097
0.062061999982688576 1.00000761449337e-06
ready
0.06217400002060458 0.0018020000134129077
0.06217400002060458 0.0
ready
0.06687999999849126 0.0020929999882355332
0.06687999999849126 0.0
ready
0.06640499999048188 0.0016909999831113964
0.06640499999048188 0.0
ready
0.06618800002615899 0.0016889999969862401
0.06618800002615899 1.00000761449337e-06
ready
0.06677599999238737 0.00169500001356937
0.06677599999238737 1.00000761449337e-06
ready
0.06733200000599027 0.0016670000040903687
0.06733200000599027 0.0
ready
0.06113300001015887 0.0016030000115279108
0.06113300001015887 0.0
ready
0.06264999997802079 0.0020920000097248703
0.06264999997802079 1.00000761449337e-06
ready
0.06199899999774061 0.0018610000261105597
0.06199899999774061 0.0
ready
0.059973000024911016 0.0017740000039339066
0.059973000024911016 1.00000761449337e-06
ready
0.07239599997410551 0.0024670000129844993
0.07239599997410551 1.00000761449337e-06
ready
0.05649399998947047 0.0016130000003613532
0.05649399998947047 1.00000761449337e-06
ready
0.07939100000658073 0.0021729999862145633
0.07939100000658073 0.0
ready
0.059692999988328665 0.001875000016298145
0.059692999988328665 0.0
ready
0.059324000001652166 0.001732999982777983
0.059324000001652166 0.0
0.059053000004496425 0.002062999992631376
0.059053000004496425 0.0
ready
0.057889999996405095 0.0014179999998304993
0.057889999996405095 0.0
ready
ready
0.0574919999926351 0.0016860000032465905
0.0574919999926351 0.0
0.05782000001636334 0.0016020000039134175
0.05782000001636334 0.0
ready
0.05438999997568317 0.001400000008288771
0.05438999997568317 0.0
ready
ready
0.05177900000126101 0.0016380000161007047
0.05177900000126101 9.999785106629133e-07
ready
0.05219499999657273 0.0015300000086426735
0.05219499999657273 0.0
ready
0.05150899998261593 0.0015310000162571669
0.05150899998261593 9.999785106629133e-07
0.0520529999921564 0.0015180000045802444
0.0520529999921564 9.999785106629133e-07
ready
0.05173000000650063 0.0016789999790489674
0.05173000000650063 1.00000761449337e-06
ready
ready
0.04593700001714751 0.0014839999785181135
0.04593700001714751 0.0
0.047802999994019046 0.0016880000184755772
0.047802999994019046 0.0
ready
ready
0.04462599998805672 0.0012710000155493617
0.04462599998805672 1.00000761449337e-06
ready
0.044006000010995194 0.0014950000040698797
0.044006000010995194 0.0
ready
0.044243000011192635 0.0013249999901745468
0.044243000011192635 1.00000761449337e-06
ready
0.04144299999461509 0.0013829999952577055
0.04144299999461509 0.0
ready
0.041738999978406355 0.0010070000134874135
0.041738999978406355 1.00000761449337e-06
ready
0.04176799999549985 0.0010430000256747007
0.04176799999549985 0.0
ready
0.041139000008115545 0.001053999993018806
0.041139000008115545 1.00000761449337e-06
ready
0.041581999976187944 0.001029000006383285
0.041581999976187944 1.00000761449337e-06
ready
0.04179799999110401 0.0011749999830499291
0.04179799999110401 0.0
ready
0.04148899999563582 0.0010649999894667417
0.04148899999563582 0.0
ready
0.04101200000150129 0.001025000005029142
0.04101200000150129 0.0
ready
0.04090000002179295 0.001229999994393438
0.04090000002179295 0.0
ready
ready
0.04072900000028312 0.0010400000028312206
0.04072900000028312 0.0
ready
ready
0.04130100001930259 0.0010460000194143504
0.04130100001930259 0.0
ready
ready
0.040984999999636784 0.001057000015862286
0.040984999999636784 0.0
ready
ready
0.04179500002646819 0.0031789999920874834
0.04179500002646819 1.00000761449337e-06
ready
ready
0.04147699999157339 0.0018649999983608723
0.04147699999157339 1.00000761449337e-06
ready
ready
0.04475800000363961 0.0031000000017229468
0.04475800000363961 1.00000761449337e-06
ready
ready
0.04597300000023097 0.0019230000034440309
0.04597300000023097 0.0
ready
ready
0.046765999984927475 0.0011799999920185655
0.046765999984927475 0.0
ready
ready
0.04707099997904152 0.002382000006036833
0.04707099997904152 0.0
ready
ready
0.04662299997289665 0.002449999999953434
0.04662299997289665 0.0
ready
ready
0.04599899999448098 0.0022440000029746443
0.04599899999448098 0.0
ready
ready
0.04631900001550093 0.0029199999989941716
0.04631900001550093 0.0
ready
ready
0.04573300000629388 0.002303999994182959
0.04573300000629388 0.0
ready
ready
0.04326700000092387 0.0016160000232048333
0.04326700000092387 0.0
ready
ready
0.04501999999047257 0.0011389999999664724
0.04501999999047257 1.00000761449337e-06
ready
ready
0.04347000000416301 0.0011320000048726797
0.04347000000416301 1.00000761449337e-06
ready
ready
0.04404400000930764 0.0010970000002998859
0.04404400000930764 0.0
ready
ready
0.04376200001570396 0.0010860000038519502
0.04376200001570396 0.0
ready
ready
0.04389000000082888 0.0011139999842271209
0.04389000000082888 0.0
ready
ready
0.04127900002640672 0.0010340000153519213
0.04127900002640672 0.0
ready
ready
0.043465000024298206 0.0017930000030901283
0.043465000024298206 0.0
ready
ready
0.043809000024339184 0.002804000017931685
0.043809000024339184 1.00000761449337e-06
ready
ready
0.04376799997407943 0.0011109999904874712
0.04376799997407943 0.0
ready
ready
0.04425700000138022 0.0011919999960809946
0.04425700000138022 1.00000761449337e-06
ready
ready
0.043436999985715374 0.001117000007070601
0.043436999985715374 0.0
ready
ready
0.04375299997627735 0.001057000015862286
0.04375299997627735 1.00000761449337e-06
ready
ready
0.04417400000966154 0.0010719999845605344
0.04417400000966154 1.00000761449337e-06
ready
ready
0.046608999982709065 0.001248000015038997
0.046608999982709065 0.0
ready
ready
0.04766000001109205 0.0012340000248514116
0.04766000001109205 1.00000761449337e-06
ready
ready
0.0466420000011567 0.001205000007757917
0.0466420000011567 0.0
ready
ready
0.046479999989969656 0.0011579999991226941
0.046479999989969656 1.00000761449337e-06
ready
ready
0.047181000001728535 0.0012080000014975667
0.047181000001728535 0.0
ready
go
0.04703700001118705 0.001197000005049631
0.04703700001118705 9.999785106629133e-07
0.04620800001430325 0.0011900000099558383
0.04620800001430325 0.0
go
go
0.04715399999986403 0.001352999999653548
0.04715399999986403 0.0
go
go
0.052376000006916 0.001301999989664182
0.052376000006916 1.00000761449337e-06
go
go
0.048409000009996817 0.0012519999872893095
0.048409000009996817 1.00000761449337e-06
go
go
0.04958900000201538 0.001272000023163855
0.04958900000201538 0.0
go
go
0.04814800000167452 0.0012189999979455024
0.04814800000167452 0.0
go
go
0.04939400000148453 0.0016420000174548477
0.04939400000148453 1.00000761449337e-06
go
go
0.04838799999561161 0.0014580000133719295
0.04838799999561161 0.0
0.046283000003313646 0.001552000001538545
0.046283000003313646 1.00000761449337e-06
0.046746999985771254 0.0014500000106636435
0.046746999985771254 9.999785106629133e-07
0.048772000009194016 0.0015610000118613243
0.048772000009194016 0.0
0.04902299999957904 0.0015260000072885305
0.04902299999957904 0.0
0.049404999997932464 0.0014030000020284206
0.049404999997932464 0.0
0.04813099998864345 0.0012709999864455312
0.04813099998864345 1.00000761449337e-06
0.0510950000025332 0.0013590000162366778
0.0510950000025332 9.999785106629133e-07
0.05178100001649 0.0014879999798722565
0.05178100001649 0.0
0.05059099997743033 0.0012660000065807253
0.05059099997743033 0.0
0.054235000017797574 0.0014250000240281224
0.054235000017797574 0.0
0.05435399999259971 0.0013599999947473407
0.05435399999259971 0.0
0.053740000003017485 0.001348999998299405
0.053740000003017485 0.0
0.05395000000135042 0.0013270000054035336
0.05395000000135042 0.0
0.05478199999197386 0.001441000000340864
0.05478199999197386 0.0
0.05609500000718981 0.0014859999937471002
0.05609500000718981 0.0
0.057923999993363395 0.0013920000055804849
0.057923999993363395 0.0
0.05718999999226071 0.0014110000047367066
0.05718999999226071 1.00000761449337e-06
0.05667900000116788 0.0013939999917056412
0.05667900000116788 0.0
0.05359399999724701 0.0013160000089555979
0.05359399999724701 0.0
<bots.big.custom_bot.CombatGroupManager object at 0x7f1b82c7f128>
0.05346399999689311 0.0013230000040493906
0.05346399999689311 0.0
0.050700000021606684 0.0012719999940600246
0.050700000021606684 0.0
0.05135999998310581 0.0013500000059138983
0.05135999998310581 9.999785106629133e-07
0.05094799998914823 0.0013460000045597553
0.05094799998914823 0.0
0.051112999994074926 0.0014699999883305281
0.051112999994074926 9.999785106629133e-07
0.05163499998161569 0.0012879999994765967
0.05163499998161569 0.0
0.05198099999688566 0.0012960000021848828
0.05198099999688566 1.00000761449337e-06
0.05180700001074001 0.0012430000060703605
0.05180700001074001 0.0
0.05136599999968894 0.001225999993039295
0.05136599999968894 0.0
0.05168399997637607 0.0013259999977890402
0.05168399997637607 1.00000761449337e-06
0.054474999982630834 0.0014470000169239938
0.054474999982630834 0.0
0.05315399999381043 0.0012989999959245324
0.05315399999381043 1.00000761449337e-06
0.05456600000616163 0.0013269999762997031
0.05456600000616163 0.0
0.054280999989714473 0.001344999996945262
0.054280999989714473 0.0
0.05434800000512041 0.0012869999918621033
0.05434800000512041 0.0
0.05352600000333041 0.001281999982893467
0.05352600000333041 1.00000761449337e-06
0.05423700000392273 0.0014559999981429428
0.05423700000392273 9.999785106629133e-07
0.054973999998765066 0.0015589999966323376
0.054973999998765066 0.0
0.0522400000190828 0.0014770000125281513
0.0522400000190828 1.00000761449337e-06
0.05431000000680797 0.0015359999961219728
0.05431000000680797 0.0
0.06680199998663738 0.0024130000092554837
0.06680199998663738 0.0
0.057158000010531396 0.0016889999969862401
0.057158000010531396 1.00000761449337e-06
0.05647899999166839 0.0016590000013820827
0.05647899999166839 0.0
0.0570890000090003 0.0016429999959655106
0.0570890000090003 1.00000761449337e-06
0.05680300001404248 0.0014330000267364085
0.05680300001404248 0.0
0.05894699998316355 0.0019850000098813325
0.05894699998316355 0.0
0.0799459999834653 0.002310000010766089
0.0799459999834653 9.999785106629133e-07
0.07650100000319071 0.0023480000090785325
0.07650100000319071 9.999785106629133e-07
0.08279699998092838 0.0023919999948702753
0.08279699998092838 0.0
0.08067300001857802 0.0024049999774433672
0.08067300001857802 0.0
0.05932000000029802 0.0016730000206734985
0.05932000000029802 1.00000761449337e-06
0.06104499998036772 0.001664999988861382
0.06104499998036772 0.0
0.05732500000158325 0.001711000018985942
0.05732500000158325 1.00000761449337e-06
0.06091000000014901 0.0017229999939445406
0.06091000000014901 0.0
0.05913999999756925 0.0018600000184960663
0.05913999999756925 0.0
0.055977999989409 0.0015399999974761158
0.055977999989409 9.999785106629133e-07
0.056509000016376376 0.0016149999864865094
0.056509000016376376 0.0
0.05974600001354702 0.0015650000132154673
0.05974600001354702 0.0
0.05888200001209043 0.0014570000057574362
0.05888200001209043 1.00000761449337e-06
0.05665799998678267 0.0014870000013615936
0.05665799998678267 1.00000761449337e-06
0.05717400001594797 0.0016159999941010028
0.05717400001594797 0.0
0.057425999984843656 0.0014199999859556556
0.057425999984843656 0.0
0.058001000026706606 0.001404000009642914
0.058001000026706606 0.0
0.05913099998724647 0.0015319999947678298
0.05913099998724647 0.0
0.05946399999083951 0.0014919999812263995
0.05946399999083951 0.0
0.06817300000693649 0.00185500000952743
0.06817300000693649 0.0
0.06018599998787977 0.0015260000072885305
0.06018599998787977 0.0
0.059437000018078834 0.0014649999793618917
0.059437000018078834 0.0
0.05725399998482317 0.001424000016413629
0.05725399998482317 0.0
0.05518200001097284 0.0013800000015180558
0.05518200001097284 0.0
0.056486999994376674 0.001377999986289069
0.056486999994376674 1.00000761449337e-06
0.05695699999341741 0.001436999998986721
0.05695699999341741 1.00000761449337e-06
0.05487699998775497 0.001344999996945262
0.05487699998775497 0.0
0.05605399998603389 0.0014629999932367355
0.05605399998603389 1.00000761449337e-06
0.0569250000116881 0.0013939999917056412
0.0569250000116881 1.00000761449337e-06
0.056160999985877424 0.0014070000033825636
0.056160999985877424 0.0
0.05652199999894947 0.001377999986289069
0.05652199999894947 0.0
0.05586799999582581 0.001373999984934926
0.05586799999582581 0.0
0.05644200000097044 0.0014119999832473695
0.05644200000097044 1.00000761449337e-06
0.05338100000517443 0.0013510000135283917
0.05338100000517443 1.00000761449337e-06
<bots.big.custom_bot.CombatGroupManager object at 0x7f1b82c7f128>
0.05701399999088608 0.0014580000133719295
0.05701399999088608 1.00000761449337e-06
0.054708999989088625 0.0018259999924339354
0.054708999989088625 1.00000761449337e-06
0.053826000017579645 0.001533999980892986
0.053826000017579645 1.00000761449337e-06
0.05236599998897873 0.0013700000126846135
0.05236599998897873 0.0
0.05173300000024028 0.0014809999847784638
0.05173300000024028 0.0
0.05198599997675046 0.0013100000214762986
0.05198599997675046 0.0
0.051528000010875985 0.0013209999888204038
0.051528000010875985 0.0
0.05118899999069981 0.0013099999923724681
0.05118899999069981 0.0
0.04863800000748597 0.0012149999965913594
0.04863800000748597 9.999785106629133e-07
0.052109999989625067 0.0013430000108201057
0.052109999989625067 0.0
0.05470199999399483 0.0014420000079553574
0.05470199999399483 0.0
0.07857500002137385 0.0020320000185165554
0.07857500002137385 0.0
0.05711299998802133 0.0013900000194553286
0.05711299998802133 0.0
0.057432000001426786 0.001496000011684373
0.057432000001426786 0.0
0.07343899999978021 0.0019250000186730176
0.07343899999978021 1.00000761449337e-06
0.05117900000186637 0.0013109999999869615
0.05117900000186637 0.0
0.051856999984011054 0.001357000001007691
0.051856999984011054 0.0
0.052365000010468066 0.0013139999937266111
0.052365000010468066 0.0
0.049767999997129664 0.0012339999957475811
0.049767999997129664 1.00000761449337e-06
0.049740999995265156 0.001336999994236976
0.049740999995265156 0.0
0.045889000000897795 0.0011380000214558095
0.045889000000897795 9.999785106629133e-07
0.045814999990398064 0.0015190000121947378
0.045814999990398064 0.0
0.04645100000197999 0.0016949999844655395
0.04645100000197999 0.0
0.0457579999929294 0.0013590000162366778
0.0457579999929294 0.0
0.047263999993447214 0.001168000017059967
0.047263999993447214 0.0
0.047088999999687076 0.0016180000093299896
0.047088999999687076 0.0
0.0465120000008028 0.0013939999917056412
0.0465120000008028 0.0
0.04633000001194887 0.0014319999900180846
0.04633000001194887 0.0
0.051611000002594665 0.002582999994046986
0.051611000002594665 1.00000761449337e-06
0.06591599999228492 0.003956000000471249
0.06591599999228492 9.999785106629133e-07
0.05159499999717809 0.0013230000040493906
0.05159499999717809 0.0
0.0695279999927152 0.00181200000224635
0.0695279999927152 1.00000761449337e-06
0.055949000001419336 0.0031829999934416264
0.055949000001419336 0.0
0.05455699999583885 0.0021730000153183937
0.05455699999583885 0.0
0.05457500001648441 0.0022170000011101365
0.05457500001648441 0.0
0.05599600001005456 0.00144599998020567
0.05599600001005456 0.0
0.05460900001344271 0.0013820000167470425
0.05460900001344271 0.0
0.0543220000108704 0.0013249999901745468
0.0543220000108704 0.0
0.05170499999076128 0.001336999994236976
0.05170499999076128 0.0
0.0507940000097733 0.0012809999752789736
0.0507940000097733 0.0
0.05641399999149144 0.00149200001033023
0.05641399999149144 1.00000761449337e-06
0.05581600000732578 0.001428999996278435
0.05581600000732578 1.00000761449337e-06
0.05436599999666214 0.0013299999991431832
0.05436599999666214 0.0
0.050648000004002824 0.0012359999818727374
0.050648000004002824 9.999785106629133e-07
0.05161499997484498 0.001269000000320375
0.05161499997484498 1.00000761449337e-06
0.051881999999750406 0.002968999993754551
0.051881999999750406 0.0
0.05252300002030097 0.001277999981539324
0.05252300002030097 0.0
0.05406799999764189 0.0014749999972991645
0.05406799999764189 1.00000761449337e-06
0.053463000018382445 0.001636000000871718
0.053463000018382445 0.0
0.0697140000120271 0.0015909999783616513
0.0697140000120271 0.0
0.05489100000704639 0.003196999983629212
0.05489100000704639 1.00000761449337e-06
0.051613999996334314 0.001285000005736947
0.051613999996334314 9.999785106629133e-07
0.049143999989610165 0.0012240000069141388
0.049143999989610165 1.00000761449337e-06
0.06257199999527074 0.0016229999891947955
0.06257199999527074 1.00000761449337e-06
0.04608500000904314 0.0011710000107996166
0.04608500000904314 0.0
0.04928400000790134 0.0012830000196117908
0.04928400000790134 1.00000761449337e-06
0.04898300001514144 0.0011769999982789159
0.04898300001514144 9.999785106629133e-07
0.049663999991025776 0.001205000007757917
0.049663999991025776 0.0
0.04892600001767278 0.0012330000172369182
0.04892600001767278 9.999785106629133e-07
0.04411600000457838 0.001101000001654029
0.04411600000457838 9.999785106629133e-07
<bots.big.custom_bot.CombatGroupManager object at 0x7f1b82c7f128>
0.04447799999616109 0.0010649999894667417
0.04447799999616109 1.00000761449337e-06
0.04348500000196509 0.0013979999930597842
0.04348500000196509 0.0
0.04360500001348555 0.0011119999981019646
0.04360500001348555 0.0
0.044319999986328185 0.0010580000234767795
0.044319999986328185 0.0
0.04422099998919293 0.0010820000024978071
0.04422099998919293 0.0
0.04429799999343231 0.0010649999894667417
0.04429799999343231 1.00000761449337e-06
0.05795600000419654 0.001412999990861863
0.05795600000419654 9.999785106629133e-07
0.04352499998640269 0.0010710000060498714
0.04352499998640269 0.0
0.043892000016057864 0.0010349999938625842
0.043892000016057864 1.00000761449337e-06
0.059093000018037856 0.0015290000010281801
0.059093000018037856 0.0
0.06389699998544529 0.0015480000001844019
0.06389699998544529 0.0
0.06264600000577047 0.0017499999958090484
0.06264600000577047 0.0
0.06423399999039248 0.0016750000067986548
0.06423399999039248 1.00000761449337e-06
0.06639900000300258 0.0016659999964758754
0.06639900000300258 0.0
0.04965000000083819 0.0011879999947268516
0.04965000000083819 1.00000761449337e-06
0.049941000004764646 0.001201999984914437
0.049941000004764646 0.0
0.049349999986588955 0.0011600000143516809
0.049349999986588955 9.999785106629133e-07
0.048149999987799674 0.0011909999884665012
0.048149999987799674 0.0
0.05237299998407252 0.0012909999932162464
0.05237299998407252 1.00000761449337e-06
0.05131100001744926 0.0013199999812059104
0.05131100001744926 1.00000761449337e-06
0.051993000000948086 0.002976999996462837
0.051993000000948086 1.00000761449337e-06
0.05133200000273064 0.0012399999832268804
0.05133200000273064 0.0
0.04954499998711981 0.0011649999942164868
0.04954499998711981 1.00000761449337e-06
0.05153600001358427 0.0012320000096224248
0.05153600001358427 1.00000761449337e-06
0.05239500000607222 0.0013119999784976244
0.05239500000607222 0.0
0.050993000011658296 0.002961999998660758
0.050993000011658296 0.0
0.05160000000614673 0.001289999985601753
0.05160000000614673 0.0
0.06766200001584366 0.0017080000252462924
0.06766200001584366 0.0
0.051756000000750646 0.001281999982893467
0.051756000000750646 0.0
0.05099399999016896 0.0012329999881330878
0.05099399999016896 0.0
0.05590500001562759 0.0031870000238996
0.05590500001562759 0.0
0.05670400001690723 0.001381999987643212
0.05670400001690723 1.00000761449337e-06
0.05203500000061467 0.0013460000045597553
0.05203500000061467 0.0
0.05189199998858385 0.0012489999935496598
0.05189199998858385 0.0
0.05220999999437481 0.0012080000014975667
0.05220999999437481 0.0
0.05104399999254383 0.0012400000123307109
0.05104399999254383 0.0
0.052239000011468306 0.0014100000262260437
0.052239000011468306 1.00000761449337e-06
0.07088400001521222 0.0018140000174753368
0.07088400001521222 0.0
0.07092100000591017 0.0017759999900590628
0.07092100000591017 0.0
0.07048399999621324 0.0017309999966528267
0.07048399999621324 1.00000761449337e-06
0.07415000000037253 0.0018540000019129366
0.07415000000037253 0.0
0.07336199999554083 0.0018789999885484576
0.07336199999554083 0.0
0.074495000008028 0.0018780000100377947
0.074495000008028 0.0
0.07425000000512227 0.0018620000046212226
0.07425000000512227 0.0
0.07326899998588488 0.0019209999882150441
0.07326899998588488 0.0
0.071858000010252 0.0018020000134129077
0.071858000010252 0.0
0.06949500000337139 0.0017109999898821115
0.06949500000337139 1.00000761449337e-06
0.06328899998334236 0.0020530000037979335
0.06328899998334236 1.00000761449337e-06
0.07277699999394827 0.001664000010350719
0.07277699999394827 0.0
0.06648400000995025 0.0019650000031106174
0.06648400000995025 0.0
0.07559699998819269 0.0017829999851528555
0.07559699998819269 0.0
0.05666100000962615 0.0013899999903514981
0.05666100000962615 1.00000761449337e-06
0.05922999998438172 0.0015030000067781657
0.05922999998438172 1.00000761449337e-06
0.05919699999503791 0.0014359999913722277
0.05919699999503791 1.00000761449337e-06
0.05984499998157844 0.0014490000030491501
0.05984499998157844 0.0
0.06162100000074133 0.003444000001763925
0.06162100000074133 1.00000761449337e-06
0.07946400000946596 0.001967999996850267
0.07946400000946596 0.0
0.07455299998400733 0.0019939999911002815
0.07455299998400733 0.0
0.08257999998750165 0.0020819999917875975
0.08257999998750165 1.00000761449337e-06
0.08047699998132885 0.0019749999919440597
0.08047699998132885 0.0
<bots.big.custom_bot.CombatGroupManager object at 0x7f1b82c7f128>
0.0598009999957867 0.001412999990861863
0.0598009999957867 0.0
0.059301999979652464 0.0014350000128615648
0.059301999979652464 0.0
0.056606999976793304 0.0013710000202991068
0.056606999976793304 0.0
0.07606799999484792 0.0019420000026002526
0.07606799999484792 1.00000761449337e-06
0.07764999999199063 0.0019219999958295375
0.07764999999199063 1.00000761449337e-06
0.07738199998857453 0.0020300000032875687
0.07738199998857453 0.0
0.08290300000226125 0.002019000006839633
0.08290300000226125 1.00000761449337e-06
0.07984799999394454 0.001999000000068918
0.07984799999394454 0.0
0.07652699999744073 0.002103000006172806
0.07652699999744073 0.0
0.08408199998666532 0.002107000007526949
0.08408199998666532 1.00000761449337e-06
0.08433199999853969 0.002035000012256205
0.08433199999853969 1.00000761449337e-06
0.07514100000844337 0.0019500000053085387
0.07514100000844337 1.00000761449337e-06
0.08703900000546128 0.0020730000105686486
0.08703900000546128 0.0
0.08538799997768365 0.002119000011589378
0.08538799997768365 0.0
0.07946700000320561 0.0021859999978914857
0.07946700000320561 0.0
0.07092999998712912 0.0015309999871533364
0.07092999998712912 1.00000761449337e-06
0.07837999999173917 0.002079999976558611
0.07837999999173917 0.0
0.06219200001214631 0.0014720000035595149
0.06219200001214631 0.0
0.06244400001014583 0.001463000022340566
0.06244400001014583 0.0
0.05936599997221492 0.0013890000118408352
0.05936599997221492 0.0
0.062292000016896054 0.0014629999932367355
0.062292000016896054 0.0
0.06195500001194887 0.001428000017767772
0.06195500001194887 1.00000761449337e-06
0.06166100001428276 0.001504000014392659
0.06166100001428276 0.0
0.06509899999946356 0.0016989999858196825
0.06509899999946356 1.00000761449337e-06
0.06512799998745322 0.0015319999947678298
0.06512799998745322 0.0
0.06533400001353584 0.0015310000162571669
0.06533400001353584 0.0
0.06359700000029989 0.001537999982247129
0.06359700000029989 0.0
0.06549199999426492 0.0015190000121947378
0.06549199999426492 0.0
0.06602399999974295 0.004002000001491979
0.06602399999974295 1.00000761449337e-06
0.06192999999620952 0.0024930000072345138
0.06192999999620952 1.00000761449337e-06
0.059889999974984676 0.0014629999932367355
0.059889999974984676 0.0
0.059563999995589256 0.0014310000115074217
0.059563999995589256 0.0
0.060118000023067 0.001480000006267801
0.060118000023067 0.0
0.058548000000882894 0.0013919999764766544
0.058548000000882894 1.00000761449337e-06
0.05876200000056997 0.0014079999818932265
0.05876200000056997 1.00000761449337e-06
0.062485999980708584 0.0014479999954346567
0.062485999980708584 1.00000761449337e-06
0.06138100000680424 0.0017769999976735562
0.06138100000680424 0.0
0.059379000012995675 0.0014559999981429428
0.059379000012995675 0.0
0.07922700000926852 0.0019299999985378236
0.07922700000926852 1.00000761449337e-06
0.05975300000864081 0.0013990000006742775
0.05975300000864081 0.0
0.07643100002314895 0.0018900000141002238
0.07643100002314895 9.999785106629133e-07
0.08048399997642264 0.0020059999951627105
0.08048399997642264 0.0
0.07252499999594875 0.0020099999965168536
0.07252499999594875 0.0
0.0817199999873992 0.0018939999863505363
0.0817199999873992 1.00000761449337e-06
0.0743030000012368 0.0019709999905899167
0.0743030000012368 0.0
0.07714999999734573 0.002171000000089407
0.07714999999734573 1.00000761449337e-06
0.08524100002250634 0.0020570000051520765
0.08524100002250634 0.0
0.07436200001393445 0.0014649999793618917
0.07436200001393445 0.0
0.08327400000416674 0.0021410000044852495
0.08327400000416674 0.0
0.07718100000056438 0.0018379999964963645
0.07718100000056438 1.00000761449337e-06
0.0829070000036154 0.002062999992631376
0.0829070000036154 0.0
0.08034899999620393 0.0021129999950062484
0.08034899999620393 9.999785106629133e-07
0.05910099999164231 0.0013639999961014837
0.05910099999164231 1.00000761449337e-06
0.05799400000250898 0.0013899999903514981
0.05799400000250898 0.0
0.0585129999963101 0.0013509999844245613
0.0585129999963101 0.0
0.061600000015459955 0.0014519999967887998
0.061600000015459955 0.0
0.06257199999527074 0.0014739999896846712
0.06257199999527074 0.0
0.061077000020304695 0.0014170000213198364
0.061077000020304695 1.00000761449337e-06
0.062184999987948686 0.0014089999895077199
0.062184999987948686 1.00000761449337e-06
0.06211299999267794 0.0014979999978095293
0.06211299999267794 9.999785106629133e-07
<bots.big.custom_bot.CombatGroupManager object at 0x7f1b82c7f128>
0.06200399997760542 0.0014650000084657222
0.06200399997760542 9.999785106629133e-07
0.06570000000647269 0.0016550000000279397
0.06570000000647269 1.00000761449337e-06
0.08084300000336953 0.0020760000043082982
0.08084300000336953 0.0
0.07729899999685585 0.002107000007526949
0.07729899999685585 0.0
0.0853040000074543 0.002074999996693805
0.0853040000074543 0.0
0.09043300000485033 0.0025099999911617488
0.09043300000485033 0.0
0.09598300000652671 0.0023159999982453883
0.09598300000652671 1.00000761449337e-06
0.09440999999060296 0.0022729999909643084
0.09440999999060296 1.00000761449337e-06
0.09353399998508394 0.002238999994006008
0.09353399998508394 0.0
0.0928319999948144 0.0022909999825060368
0.0928319999948144 1.00000761449337e-06
0.0904199999931734 0.0020340000046417117
0.0904199999931734 0.0
0.09105399998952635 0.002275000006193295
0.09105399998952635 0.0
0.07146999999531545 0.0016989999858196825
0.07146999999531545 1.00000761449337e-06
0.09390599999460392 0.0023589999764226377
0.09390599999460392 0.0
0.08920600000419654 0.002306999987922609
0.08920600000419654 0.0
0.09325800000806339 0.002343000000109896
0.09325800000806339 0.0
0.07065799998235889 0.0016670000040903687
0.07065799998235889 0.0
0.09309599999687634 0.0023919999948702753
0.09309599999687634 0.0
0.07018200002494268 0.0016410000098403543
0.07018200002494268 1.00000761449337e-06
0.06880899998941459 0.0016220000106841326
0.06880899998941459 0.0
0.08441799998399802 0.005594000016571954
0.08441799998399802 1.00000761449337e-06
0.09663399998680688 0.002470000006724149
0.09663399998680688 9.999785106629133e-07
0.07457500000600703 0.001732999982777983
0.07457500000600703 0.0
0.07508300000336021 0.001787000015610829
0.07508300000336021 1.00000761449337e-06
0.092134000005899 0.002357999997911975
0.092134000005899 9.999785106629133e-07
0.07478700001956895 0.0018050000071525574
0.07478700001956895 9.999785106629133e-07
0.07491699999081902 0.0017499999958090484
0.07491699999081902 9.999785106629133e-07
0.07410300002084114 0.0017480000096838921
0.07410300002084114 1.00000761449337e-06
0.07886899998993613 0.0017980000120587647
0.07886899998993613 0.0
0.07594699997571297 0.0017780000052880496
0.07594699997571297 0.0
0.07379799999762326 0.0017850000003818423
0.07379799999762326 0.0
0.0724820000177715 0.0018090000085067004
0.0724820000177715 0.0
0.07220100000267848 0.001816000003600493
0.07220100000267848 0.0
0.07271000000764616 0.0017700000025797635
0.07271000000764616 1.00000761449337e-06
0.07297099998686463 0.0017590000061318278
0.07297099998686463 1.00000761449337e-06
0.07534599999780767 0.0019239999819546938
0.07534599999780767 0.0
0.07892999998875894 0.00487599999178201
0.07892999998875894 1.00000761449337e-06
0.07787799998186529 0.004305000009480864
0.07787799998186529 0.0
0.07829799997853115 0.0020160000130999833
0.07829799997853115 0.0
0.08186299999943003 0.0023459999938495457
0.08186299999943003 0.0
0.08137400000123307 0.0020340000046417117
0.08137400000123307 0.0
0.0807009999989532 0.0019120000069960952
0.0807009999989532 0.0
0.07852700000512414 0.0019069999980274588
0.07852700000512414 1.00000761449337e-06
0.07980700000189245 0.001867000013589859
0.07980700000189245 0.0
0.07794299998204224 0.0018820000113919377
0.07794299998204224 1.00000761449337e-06
0.07938700000522658 0.0019369999936316162
0.07938700000522658 9.999785106629133e-07
0.09637499999371357 0.0026070000021718442
0.09637499999371357 1.00000761449337e-06
0.10337799999979325 0.0026359999901615083
0.10337799999979325 0.0
0.10702599998330697 0.002542999980505556
0.10702599998330697 0.0
0.10412400000495836 0.0025519999908283353
0.10412400000495836 0.0
0.1038680000056047 0.0026849999849218875
0.1038680000056047 0.0
0.10597599999164231 0.00249499999335967
0.10597599999164231 1.00000761449337e-06
0.10295100000803359 0.002502999996067956
0.10295100000803359 0.0
0.10337600001366809 0.0021049999922979623
0.10337600001366809 0.0
0.08167600000160746 0.00185500000952743
0.08167600000160746 0.0
0.07785899998270907 0.0018950000230688602
0.07785899998270907 0.0
0.07818499999120831 0.0018940000154543668
0.07818499999120831 1.00000761449337e-06
0.07983000000240281 0.002302000008057803
0.07983000000240281 0.0
0.07791699998779222 0.002031999989412725
0.07791699998779222 0.0
0.08687100000679493 0.0020010000152979046
0.08687100000679493 1.00000761449337e-06
<bots.big.custom_bot.CombatGroupManager object at 0x7f1b82c7f128>
0.08008099999278784 0.0018930000078398734
0.08008099999278784 0.0
0.08347099999082275 0.0025169999862555414
0.08347099999082275 9.999785106629133e-07
0.10960999998496845 0.0026279999874532223
0.10960999998496845 9.999785106629133e-07
0.10366100000101142 0.002525999996578321
0.10366100000101142 0.0
0.1053480000118725 0.002642000006744638
0.1053480000118725 0.0
0.10526300000492483 0.0025819999864324927
0.10526300000492483 0.0
0.10496500000590459 0.0026040000084321946
0.10496500000590459 0.0
0.09997599999769591 0.0018529999942984432
0.09997599999769591 1.00000761449337e-06
0.10528200000408106 0.002742999990005046
0.10528200000408106 1.00000761449337e-06
0.10290600001462735 0.0024050000065471977
0.10290600001462735 9.999785106629133e-07
0.1090410000178963 0.002697000018088147
0.1090410000178963 0.0
0.10636899998644367 0.0028809999930672348
0.10636899998644367 0.0
0.10696300002746284 0.0026270000089425594
0.10696300002746284 0.0
0.10985800001071766 0.0026920000091195107
0.10985800001071766 0.0
0.10533200000645593 0.0026200000138487667
0.10533200000645593 0.0
0.1077240000013262 0.002769999991869554
0.1077240000013262 0.0
0.1078939999861177 0.0025350000069011003
0.1078939999861177 1.00000761449337e-06
0.10656799998832867 0.0026360000192653388
0.10656799998832867 0.0
0.09392000001389533 0.0025360000145155936
0.09392000001389533 0.0
0.10052900001755916 0.002595999976620078
0.10052900001755916 0.0
0.10771099998964928 0.002689999993890524
0.10771099998964928 1.00000761449337e-06
0.10354599999845959 0.0025329999916721135
0.10354599999845959 0.0
0.11077800000202842 0.0027669999981299043
0.11077800000202842 0.0
0.10972599999513477 0.002750999992713332
0.10972599999513477 0.0
0.10351200000150129 0.00258100000792183
0.10351200000150129 1.00000761449337e-06
0.11249100000713952 0.006659000006038696
0.11249100000713952 1.00000761449337e-06
0.10977499998989515 0.0064199999906122684
0.10977499998989515 1.00000761449337e-06
0.10915299999760464 0.008227999991504475
0.10915299999760464 0.0
0.11256799998227507 0.0027239999908488244
0.11256799998227507 1.00000761449337e-06
0.11465400000452064 0.004925000015646219
0.11465400000452064 9.999785106629133e-07
0.08588099997723475 0.0022400000016205013
0.08588099997723475 0.0
0.0973389999999199 0.004645000008167699
0.0973389999999199 9.999785106629133e-07
0.09946200001286343 0.004625000001396984
0.09946200001286343 1.00000761449337e-06
0.11407900002086535 0.00507300000754185
0.11407900002086535 1.00000761449337e-06
0.11486100000911392 0.003511000017169863
0.11486100000911392 0.0
0.11295000000973232 0.005132999998750165
0.11295000000973232 0.0
0.10938300000270829 0.003938000008929521
0.10938300000270829 0.0
0.09247199998935685 0.004565999988699332
0.09247199998935685 9.999785106629133e-07
0.09143000000040047 0.002156999980797991
0.09143000000040047 0.0
0.08906399999978021 0.002095999981975183
0.08906399999978021 9.999785106629133e-07
0.08868399998755194 0.0020610000065062195
0.08868399998755194 1.00000761449337e-06
0.08693300001323223 0.0020859999931417406
0.08693300001323223 0.0
0.0864270000020042 0.0020650000078603625
0.0864270000020042 0.0
0.08556800000951625 0.002107999986037612
0.08556800000951625 0.0
0.08506300000590272 0.002142000012099743
0.08506300000590272 0.0
0.08798800001386553 0.0027150000096298754
0.08798800001386553 9.999785106629133e-07
0.11228199998731725 0.0027110000082757324
0.11228199998731725 0.0
0.11514100001659244 0.0028890000248793513
0.11514100001659244 1.00000761449337e-06
0.11820299999089912 0.0027849999896716326
0.11820299999089912 0.0
0.11363799998071045 0.0028710000042337924
0.11363799998071045 1.00000761449337e-06
0.11977099999785423 0.006913999997777864
0.11977099999785423 1.00000761449337e-06
0.11672099999850616 0.006754999980330467
0.11672099999850616 1.00000761449337e-06
0.11417600000277162 0.002130000008037314
0.11417600000277162 0.0
0.11964799999259412 0.0028389999934006482
0.11964799999259412 0.0
0.12343000000691973 0.002952000009827316
0.12343000000691973 0.0
0.10783300001639873 0.0027660000196192414
0.10783300001639873 9.999785106629133e-07
0.1243370000156574 0.002945000014733523
0.1243370000156574 0.0
0.1171009999816306 0.0027990000089630485
0.1171009999816306 9.999785106629133e-07
0.12428899999940768 0.002964000013889745
0.12428899999940768 0.0
0.11968499998329207 0.002773999993223697
0.11968499998329207 0.0
<bots.big.custom_bot.CombatGroupManager object at 0x7f1b82c7f128>
0.12013699999079108 0.0031580000068061054
0.12013699999079108 1.00000761449337e-06
0.10218799998983741 0.0028389999934006482
0.10218799998983741 9.999785106629133e-07
0.12557999999262393 0.0032399999909102917
0.12557999999262393 0.0
0.1252039999817498 0.002917000005254522
0.1252039999817498 0.0
0.11129699999582954 0.002753000007942319
0.11129699999582954 0.0
0.12601700000232086 0.0027759999793488532
0.12601700000232086 0.0
0.12474200001452118 0.00306099999579601
0.12474200001452118 0.0
0.12612900001113303 0.00310700002592057
0.12612900001113303 0.0
0.10545800000545569 0.002974000002723187
0.10545800000545569 0.0
0.12559199999668635 0.0029149999900255352
0.12559199999668635 0.0
0.12411099998280406 0.002837999985786155
0.12411099998280406 1.00000761449337e-06
0.12336200001300313 0.0029510000022128224
0.12336200001300313 0.0
0.12695499998517334 0.0030599999881815165
0.12695499998517334 1.00000761449337e-06
0.11690999998245388 0.003009000007295981
0.11690999998245388 0.0
0.12023800000315532 0.002318000013474375
0.12023800000315532 0.0
0.10467699999571778 0.005611000000499189
0.10467699999571778 0.0
0.10332799999741837 0.007420000009005889
0.10332799999741837 0.0
0.1281909999961499 0.002302000008057803
0.1281909999961499 1.00000761449337e-06
0.13164700000197627 0.003185000008670613
0.13164700000197627 0.0
0.09822200000053272 0.002230000012787059
0.09822200000053272 1.00000761449337e-06
0.11137900000903755 0.003056000015931204
0.11137900000903755 0.0
0.12723799998639151 0.003048000013222918
0.12723799998639151 0.0
0.11504399997647852 0.0030780000088270754
0.11504399997647852 0.0
0.1304309999977704 0.004096000018762425
0.1304309999977704 1.00000761449337e-06
0.13026099998387508 0.0032460000074934214
0.13026099998387508 1.00000761449337e-06
0.13068000000203028 0.004685000021709129
0.13068000000203028 1.00000761449337e-06
0.12940900001558475 0.002398000011453405
0.12940900001558475 9.999785106629133e-07
0.13580000001820736 0.0032609999761916697
0.13580000001820736 0.0
0.13440199999604374 0.003245999978389591
0.13440199999604374 0.0
0.13594600002397783 0.0047469999990426
0.13594600002397783 9.999785106629133e-07
0.1325360000191722 0.0031290000188164413
0.1325360000191722 0.0
0.13233699998818338 0.004797000001417473
0.13233699998818338 0.0
0.09769500000402331 0.0022969999990891665
0.09769500000402331 1.00000761449337e-06
0.0975050000124611 0.0031949999975040555
0.0975050000124611 0.0
0.10029000000213273 0.0022729999909643084
0.10029000000213273 0.0
0.09828599999309517 0.003032000007806346
0.09828599999309517 0.0
0.1291870000131894 0.0030620000034105033
0.1291870000131894 9.999785106629133e-07
0.12949400002253242 0.0038630000199191272
0.12949400002253242 0.0
0.12719999998807907 0.002898999984608963
0.12719999998807907 0.0
0.11379599999054335 0.0035339999885763973
0.11379599999054335 1.00000761449337e-06
0.11803199999849312 0.0030630000110249966
0.11803199999849312 0.0
0.12777300001471303 0.0036149999941699207
0.12777300001471303 0.0
0.1346579999953974 0.004206999990856275
0.1346579999953974 0.0
0.11920899999677204 0.00418399999034591
0.11920899999677204 1.00000761449337e-06
0.13049499999033287 0.00419300000066869
0.13049499999033287 0.0
0.12442400000873022 0.005275000003166497
0.12442400000873022 9.999785106629133e-07
0.13402600001427345 0.005502000014530495
0.13402600001427345 1.00000761449337e-06
0.12921000001369976 0.005428000004030764
0.12921000001369976 0.0
0.12432799997623079 0.004467000020667911
0.12432799997623079 0.0
0.12024999997811392 0.005323999997926876
0.12024999997811392 9.999785106629133e-07
0.11217399997985922 0.003915000008419156
0.11217399997985922 0.0
0.1283759999787435 0.007272000017110258
0.1283759999787435 1.00000761449337e-06
0.10029999999096617 0.0036299999919719994
0.10029999999096617 1.00000761449337e-06
0.10087100000237115 0.0054789999849163
0.10087100000237115 0.0
0.09810500001185574 0.003425999981118366
0.09810500001185574 0.0
0.10027399999671616 0.005297999974573031
0.10027399999671616 1.00000761449337e-06
0.09774999998626299 0.003236000018659979
0.09774999998626299 1.00000761449337e-06
0.09821399999782443 0.005147999996552244
0.09821399999782443 0.0
0.09792500000912696 0.003556000010576099
0.09792500000912696 0.0
0.09767200000351295 0.005390000005718321
0.09767200000351295 0.0
<bots.big.custom_bot.CombatGroupManager object at 0x7f1b82c7f128>
0.09824399999342859 0.00217500000144355
0.09824399999342859 1.00000761449337e-06
0.09820599999511614 0.002279000007547438
0.09820599999511614 0.0
0.13502299998071976 0.0029079999949317425
0.13502299998071976 0.0
0.13357200002064928 0.0032789999968372285
0.13357200002064928 1.00000761449337e-06
0.1329320000077132 0.0031079999753274024
0.1329320000077132 1.00000761449337e-06
0.135149999987334 0.017706999991787598
0.135149999987334 0.0
0.130842999991728 0.007485000009182841
0.130842999991728 0.0
0.10337600001366809 0.0023809999984223396
0.10337600001366809 0.0
0.1028119999973569 0.00237499998183921
0.1028119999973569 9.999785106629133e-07
0.10518800001591444 0.002550999983213842
0.10518800001591444 0.0
0.10475399999995716 0.002437999995891005
0.10475399999995716 0.0
0.10898400002042763 0.006218999973498285
0.10898400002042763 0.0
0.14624500001082197 0.008016000007046387
0.14624500001082197 1.00000761449337e-06
0.10560999999870546 0.0025440000172238797
0.10560999999870546 0.0
0.13986799999838695 0.0034300000115763396
0.13986799999838695 0.0
0.1421120000013616 0.003528999979607761
0.1421120000013616 0.0
0.1462900000042282 0.0032580000115558505
0.1462900000042282 1.00000761449337e-06
0.14201999999932013 0.00366700001177378
0.14201999999932013 1.00000761449337e-06
0.10515299998223782 0.0024520000151824206
0.10515299998223782 1.00000761449337e-06
0.10517099997377954 0.0024839999969117343
0.10517099997377954 0.0
0.11191700000199489 0.002437999995891005
0.11191700000199489 0.0
0.10416499999701045 0.002437999995891005
0.10416499999701045 0.0
0.10606300001381896 0.002549000026192516
0.10606300001381896 9.999785106629133e-07
0.10604299997794442 0.002509000012651086
0.10604299997794442 0.0
0.13127700000768527 0.0034659999946597964
0.13127700000768527 0.0
0.13804299998446368 0.003444000001763925
0.13804299998446368 0.0
0.14279799998621456 0.0033610000100452453
0.14279799998621456 0.0
0.13118500000564381 0.003085000003920868
0.13118500000564381 1.00000761449337e-06
0.1336979999905452 0.003349999984493479
0.1336979999905452 1.00000761449337e-06
0.144257000007201 0.003448999981628731
0.144257000007201 0.0
0.1089499999943655 0.0024859999830368906
0.1089499999943655 0.0
0.10896899999352172 0.0033549999934621155
0.10896899999352172 1.00000761449337e-06
0.10870299997623079 0.0024730000004637986
0.10870299997623079 0.0
0.10844199999701232 0.0034020000020973384
0.10844199999701232 0.0
0.10987899999599904 0.0025369999930262566
0.10987899999599904 9.999785106629133e-07
0.13810700000612997 0.005444999987957999
0.13810700000612997 1.500002690590918e-05
0.14496400000643916 0.0033269999839831144
0.14496400000643916 9.999785106629133e-07
0.132740000000922 0.007112999999662861
0.132740000000922 1.00000761449337e-06
0.13192500002332963 0.004764000012073666
0.13192500002332963 1.00000761449337e-06
0.14334999999846332 0.00652800002717413
0.14334999999846332 0.0
0.12500099997851066 0.0036729999992530793
0.12500099997851066 0.0
0.13938099998631515 0.0035479999787639827
0.13938099998631515 0.0
0.14884999999776483 0.003571000008378178
0.14884999999776483 0.0
0.15243600000394508 0.0038460000068880618
0.15243600000394508 0.0
0.1446179999911692 0.0034670000022742897
0.1446179999911692 1.00000761449337e-06
0.14793800000916235 0.0035299999872222543
0.14793800000916235 1.00000761449337e-06
0.14867600001161918 0.003644999989774078
0.14867600001161918 0.0
0.13032799999928102 0.0026519999955780804
0.13032799999928102 0.0
0.14762699999846518 0.0035459999926388264
0.14762699999846518 1.00000761449337e-06
0.1503450000018347 0.003563000005669892
0.1503450000018347 0.0
0.13838699998450466 0.0037320000119507313
0.13838699998450466 0.0
0.14633600000524893 0.0034900000027846545
0.14633600000524893 1.00000761449337e-06
0.14316899998812005 0.0036419999960344285
0.14316899998812005 0.0
0.13228000001981854 0.0034330000053159893
0.13228000001981854 9.999785106629133e-07
0.14525000000139698 0.008481000026222318
0.14525000000139698 1.00000761449337e-06
0.11795500002335757 0.006982000020798296
0.11795500002335757 1.00000761449337e-06
0.11837899999227375 0.0063649999792687595
0.11837899999227375 0.0
0.15437499998370185 0.0027790000021923333
0.15437499998370185 1.00000761449337e-06
0.15029499999945983 0.003663000010419637
0.15029499999945983 0.0
0.15701500000432134 0.003812999988440424
0.15701500000432134 1.00000761449337e-06
<bots.big.custom_bot.CombatGroupManager object at 0x7f1b82c7f128>
0.11740799999097362 0.0026969999889843166
0.11740799999097362 1.00000761449337e-06
0.11817400000290945 0.0027910000062547624
0.11817400000290945 0.0
0.1439480000117328 0.0035080000234302133
0.1439480000117328 0.0
0.11759599999641068 0.002786999975796789
0.11759599999641068 0.0
0.1538789999904111 0.0038690000073984265
0.1538789999904111 0.0
0.1589689999818802 0.0038690000073984265
0.1589689999818802 0.0
0.1422420000017155 0.0028230000170879066
0.1422420000017155 1.00000761449337e-06
0.12165099999401718 0.0027729999856092036
0.12165099999401718 1.00000761449337e-06
0.1178760000038892 0.0028119999915361404
0.1178760000038892 0.0
0.11826300001121126 0.002900000021327287
0.11826300001121126 0.0
0.15048499999102205 0.0034370000066701323
0.15048499999102205 1.00000761449337e-06
0.14364099997328594 0.00378400000045076
0.14364099997328594 0.0
0.15297300001839176 0.003977000014856458
0.15297300001839176 1.00000761449337e-06
0.13336199999321252 0.0031020000169519335
0.13336199999321252 0.0
0.14913399997749366 0.0033260000054724514
0.14913399997749366 0.0
0.1402630000084173 0.003523999999742955
0.1402630000084173 1.00000761449337e-06
0.15258599998196587 0.0027030000055674464
0.15258599998196587 0.0
0.15173099999083206 0.00358399999095127
0.15173099999083206 1.00000761449337e-06
0.15599299999303184 0.0036779999791178852
0.15599299999303184 1.00000761449337e-06
0.139205999992555 0.0037489999958779663
0.139205999992555 0.0
0.15498500000103377 0.003872000001138076
0.15498500000103377 1.00000761449337e-06
0.13420500000938773 0.003161999979056418
0.13420500000938773 0.0
0.16369099999428727 0.004030999989481643
0.16369099999428727 1.00000761449337e-06
0.14706899999873713 0.0037379999994300306
0.14706899999873713 1.00000761449337e-06
0.12259300000732765 0.002817000000504777
0.12259300000732765 1.00000761449337e-06
0.12350499999593012 0.006859999994048849
0.12350499999593012 0.0
0.16670900001190603 0.009408999991137534
0.16670900001190603 0.0
0.15376899999682792 0.00898000001325272
0.15376899999682792 0.0
0.12648699997225776 0.002956000011181459
0.12648699997225776 1.00000761449337e-06
0.12830400001257658 0.00310100000933744
0.12830400001257658 1.00000761449337e-06
0.1301930000190623 0.0030120000010356307
0.1301930000190623 0.0
0.12955300000612624 0.0029950000171083957
0.12955300000612624 0.0
0.16434000001754612 0.0031180000223685056
0.16434000001754612 9.999785106629133e-07
0.12400500001967885 0.0037360000133048743
0.12400500001967885 0.0
0.12484499998390675 0.0028790000069420785
0.12484499998390675 0.0
0.16868100001011044 0.003876999981002882
0.16868100001011044 0.0
0.1274060000141617 0.0028350000211503357
0.1274060000141617 0.0
0.12664699999731965 0.00289499998325482
0.12664699999731965 1.00000761449337e-06
0.15583699999842793 0.003923999989638105
0.15583699999842793 0.0
0.12334799999371171 0.0029110000177752227
0.12334799999371171 1.00000761449337e-06
0.12495899997884408 0.0029140000115148723
0.12495899997884408 0.0
0.15799999999580905 0.0035349999961908907
0.15799999999580905 1.00000761449337e-06
0.1246590000228025 0.0029440000071190298
0.1246590000228025 9.999785106629133e-07
0.12239899998530746 0.0027870000049006194
0.12239899998530746 0.0
0.16988699999637902 0.004056000005220994
0.16988699999637902 0.0
0.12638699999661185 0.002925000007962808
0.12638699999661185 1.00000761449337e-06
0.12238699998124503 0.0029879999929107726
0.12238699998124503 0.0
0.1620450000045821 0.004233999992720783
0.1620450000045821 0.0
0.12532700001611374 0.002869999996619299
0.12532700001611374 0.0
0.12421100001665764 0.0028910000110045075
0.12421100001665764 1.00000761449337e-06
0.16354799998225644 0.003962000017054379
0.16354799998225644 1.00000761449337e-06
0.12347000002046116 0.0028049999964423478
0.12347000002046116 1.00000761449337e-06
0.12159599998267367 0.002734000008786097
0.12159599998267367 1.00000761449337e-06
ERROR:sc2_patch.sc2_patch_490.main:AI step threw an error
Traceback (most recent call last):
  File "/mnt/d/sc2minigame-eval-2020-01-09/sc2_patch/sc2_patch_490/main.py", line 180, in _play_game_ai
    await ai.on_step(iteration)
  File "/mnt/d/sc2minigame-eval-2020-01-09/bots/big/custom_bot.py", line 1330, in on_step
    actions += await self.scout_manager.step(self.game_time)
  File "/mnt/d/sc2minigame-eval-2020-01-09/bots/big/custom_bot.py", line 331, in step
    actions += await self.scout_step(unit, units, enemy, game_time)
  File "/mnt/d/sc2minigame-eval-2020-01-09/bots/big/custom_bot.py", line 935, in scout_step
    self.target = self.terrein_manager.safe_place
AttributeError: 'CombatGroupManager' object has no attribute 'terrein_manager'
ERROR:sc2_patch.sc2_patch_490.main:Error: 'CombatGroupManager' object has no attribute 'terrein_manager'
ERROR:sc2_patch.sc2_patch_490.main:Resigning due to previous error
INFO:root:Result for player 1 - Bot(Race.Terran, <bots.big.custom_bot.CustomBot object at 0x7f1b6b818f60>): Defeat
0.12318699999013916 0.0028729999903589487
0.12318699999013916 0.0
INFO:sc2.client:Saved replay to outs/2020-01-17T11-28-03/replays/big-showing_bot/big-showing_bot-2.SC2Replay
INFO:sc2.protocol:Client status changed to Status.ended (was Status.in_game)
INFO:root:Result for player 2 - Bot(Race.Terran, <bots.Showing_bot.speedBot.MarinBot object at 0x7f1b6de457b8>): Victory
INFO:sc2.protocol:Client status changed to Status.launched (was Status.in_game)
INFO:sc2.protocol:Client status changed to Status.quit (was Status.launched)
INFO:sc2.sc2process:kill_switch: Process cleanup
INFO:sc2.sc2process:Cleaning up...
INFO:sc2.sc2process:Cleanup complete
INFO:sc2.sc2process:Cleaning up...
INFO:sc2.sc2process:Cleanup complete
INFO:sc2.protocol:Cannot receive: Connection already closed.
INFO:sc2.sc2process:kill_switch: Process cleanup
INFO:sc2.sc2process:Cleaning up...
INFO:sc2.sc2process:Cleanup complete
INFO:sc2.sc2process:Cleaning up...
INFO:sc2.sc2process:Cleanup complete


## STDERR ##

Version: B75689 (SC2.4.10)
Build: Aug 12 2019 17:16:57
Command Line: '"/home/hspark8312/StarCraftII/Versions/Base75689/SC2_x64" -listen 127.0.0.1 -port 17126 -displayMode 0 -dataDir /home/hspark8312/StarCraftII -tempDir /tmp/SC2_8z60_jni'
Starting up...
Startup Phase 1 complete
Version: B75689 (SC2.4.10)
Build: Aug 12 2019 17:16:57
Command Line: '"/home/hspark8312/StarCraftII/Versions/Base75689/SC2_x64" -listen 127.0.0.1 -port 17271 -displayMode 0 -dataDir /home/hspark8312/StarCraftII -tempDir /tmp/SC2_k3tzcc7d'
Starting up...
Startup Phase 1 complete
Startup Phase 2 complete
Creating stub renderer...
Listening on: 127.0.0.1:17126
Startup Phase 3 complete. Ready for commands.
Startup Phase 2 complete
Creating stub renderer...
ConnectHandler: Request from 127.0.0.1:56067 accepted
ReadyHandler: 127.0.0.1:56067 ready
Requesting to join a multiplayer game
Configuring interface options
Configure: raw interface enabled
Configure: feature layer interface enabled
Configure: score interface enabled
Configure: render interface disabled
Listening on: 127.0.0.1:17271
Startup Phase 3 complete. Ready for commands.
ConnectHandler: Request from 127.0.0.1:56068 accepted
ReadyHandler: 127.0.0.1:56068 ready
Requesting to join a multiplayer game
Configuring interface options
Configure: raw interface enabled
Configure: feature layer interface enabled
Configure: score interface enabled
Configure: render interface disabled
Create game with map path: NCFellowship-2019_m1_v6.SC2Map
Attempting to join a game with the map: NCFellowship-2019_m1_v6.SC2Map
Game has started.
Using default stable ids, none found at: /home/hspark8312/StarCraftII/stableid.json
Successfully loaded stable ids: GameData\stableid.json
Sending ResponseJoinGame
Game has started.
Using default stable ids, none found at: /home/hspark8312/StarCraftII/stableid.json
Successfully loaded stable ids: GameData\stableid.json
Sending ResponseJoinGame
RequestQuit command received.
Closing Application...
CloseHandler: 127.0.0.1:56068 disconnected
Terminate action already called.
/home/hspark8312/anaconda3/envs/sc2/lib/python3.6/importlib/_bootstrap.py:219: RuntimeWarning: numpy.ufunc size changed, may indicate binary incompatibility. Expected 192 from C header, got 216 from PyObject
  return f(*args, **kwds)
/home/hspark8312/anaconda3/envs/sc2/lib/python3.6/importlib/_bootstrap.py:219: RuntimeWarning: numpy.ufunc size changed, may indicate binary incompatibility. Expected 192 from C header, got 216 from PyObject
  return f(*args, **kwds)
/home/hspark8312/anaconda3/envs/sc2/lib/python3.6/site-packages/tensorboard/compat/tensorflow_stub/dtypes.py:541: FutureWarning: Passing (type, 1) or '1type' as a synonym of type is deprecated; in a future version of numpy, it will be understood as (type, (1,)) / '(1,)type'.
  _np_qint8 = np.dtype([("qint8", np.int8, 1)])
/home/hspark8312/anaconda3/envs/sc2/lib/python3.6/site-packages/past/builtins/misc.py:45: DeprecationWarning: the imp module is deprecated in favour of importlib; see the module's documentation for alternative uses
  from imp import reload
/mnt/d/sc2minigame-eval-2020-01-09/bots/Showing_bot/speedBot.py:1643: RuntimeWarning: coroutine 'TerreinManager.debug' was never awaited
  self.terrein_manager.debug()
