## STDOUT ##

[[92mINFO[0m] SC2 4.9.0 ìš© íŒ¨ì¹˜ ì ìš©
íŒ¨ì¹˜ sc2.ids.ability_id
íŒ¨ì¹˜ sc2.game_state
íŒ¨ì¹˜ sc2.bot_ai
íŒ¨ì¹˜ sc2.client
íŒ¨ì¹˜ sc2.controller
íŒ¨ì¹˜ sc2.main
INFO:root:Failed to import cuda module: No module named 'caffe2.python.caffe2_pybind11_state_gpu'
INFO:root:Failed to import AMD hip module: No module named 'caffe2.python.caffe2_pybind11_state_hip'
WARNING:root:This caffe2 python run does not have GPU support. Will run in CPU only mode.
cpu
INFO:sc2.protocol:Client status changed to Status.launched (was None)
INFO:sc2.protocol:Client status changed to Status.launched (was None)
INFO:sc2_patch.sc2_patch_490.controller:Creating new game
INFO:sc2_patch.sc2_patch_490.controller:Map:     NCFellowship-2019_m1_v6
INFO:sc2_patch.sc2_patch_490.controller:Players: Bot(Race.Terran, <bots.big.custom_bot.CustomBot object at 0x7fba9e033f28>), Bot(Race.Terran, <bots.Showing_bot.speedBot.MarinBot object at 0x7fbaa06657f0>)
INFO:sc2.protocol:Client status changed to Status.init_game (was Status.launched)
INFO:sc2.protocol:Client status changed to Status.in_game (was None)
INFO:root:Player 2 - Bot(Race.Terran, <bots.Showing_bot.speedBot.MarinBot object at 0x7fbaa06657f0>)
TEST: 2, <bots.Showing_bot.speedBot.MarinBot object at 0x7fbaa06657f0>
load model: bots/Showing_bot/models/model-89.pt
create new model
INFO:sc2.protocol:Client status changed to Status.in_game (was None)
INFO:root:Player 1 - Bot(Race.Terran, <bots.big.custom_bot.CustomBot object at 0x7fba9e033f28>)
TEST: 1, <bots.big.custom_bot.CustomBot object at 0x7fba9e033f28>
0.04538500000489876 0.0029389999981503934
0.04538500000489876 1.00000761449337e-06
0.04522299999371171 0.0021169999963603914
0.04522299999371171 0.0
0.04684200001065619 0.001432999997632578
0.04684200001065619 1.00000761449337e-06
0.045888999971793965 0.00161500001559034
0.045888999971793965 1.00000761449337e-06
0.04383599999709986 0.0010870000114664435
0.04383599999709986 0.0
0.04421100000035949 0.0013340000004973263
0.04421100000035949 0.0
0.0443059999961406 0.0010980000079143792
0.0443059999961406 0.0
0.04412800000864081 0.001065999997081235
0.04412800000864081 1.00000761449337e-06
0.04452500000479631 0.0011229999945499003
0.04452500000479631 0.0
0.04456400001072325 0.001073999999789521
0.04456400001072325 9.999785106629133e-07
0.04439799999818206 0.0010839999886229634
0.04439799999818206 0.0
0.04439499997533858 0.0010769999935291708
0.04439499997533858 0.0
0.04401099999086 0.001104000024497509
0.04401099999086 0.0
0.04440700000850484 0.0010760000150185078
0.04440700000850484 0.0
0.0444359999964945 0.0010809999948833138
0.0444359999964945 0.0
0.04413399999612011 0.0010779999720398337
0.04413399999612011 1.00000761449337e-06
0.045806000009179115 0.0012990000250283629
0.045806000009179115 1.00000761449337e-06
0.045550999988336116 0.0011919999960809946
0.045550999988336116 0.0
0.04481600000872277 0.001121999986935407
0.04481600000872277 0.0
0.044359999999869615 0.0010769999935291708
0.044359999999869615 9.999785106629133e-07
0.04663799999980256 0.001213999988976866
0.04663799999980256 1.00000761449337e-06
0.04806200001621619 0.0012489999935496598
0.04806200001621619 0.0
0.05997699999716133 0.0012409999908413738
0.05997699999716133 1.00000761449337e-06
0.04890300001716241 0.0012200000055599958
0.04890300001716241 0.0
0.049387000006390736 0.0011700000031851232
0.049387000006390736 0.0
0.05010900000343099 0.0011940000113099813
0.05010900000343099 0.0
0.056305999984033406 0.0012270000006537884
0.056305999984033406 0.0
0.049479000008432195 0.001221999991685152
0.049479000008432195 1.00000761449337e-06
0.05018900000141002 0.0012320000096224248
0.05018900000141002 1.00000761449337e-06
0.053109000000404194 0.0012229999992996454
0.053109000000404194 1.00000761449337e-06
0.049681999982567504 0.0012639999913517386
0.049681999982567504 1.00000761449337e-06
0.06208500001230277 0.0013850000104866922
0.06208500001230277 1.00000761449337e-06
0.05049999998300336 0.0012519999872893095
0.05049999998300336 0.0
0.04873899999074638 0.0011879999947268516
0.04873899999074638 0.0
0.05704499999410473 0.0018599999893922359
0.05704499999410473 9.999785106629133e-07
0.05872500000987202 0.003064999997150153
0.05872500000987202 0.0
0.05649099999573082 0.001381999987643212
0.05649099999573082 1.00000761449337e-06
0.052051000006031245 0.0013559999933931977
0.052051000006031245 0.0
0.0754869999946095 0.002211000013630837
0.0754869999946095 0.0
0.0660679999855347 0.004504000011365861
0.0660679999855347 0.0
changed strategy
0.0697890000010375 0.008077999984379858
0.0697890000010375 0.0
0.06521500000962988 0.004216999979689717
0.06521500000962988 1.00000761449337e-06
0.06607999998959713 0.0020760000043082982
0.06607999998959713 1.00000761449337e-06
0.06823099998291582 0.0018850000051315874
0.06823099998291582 0.0
0.07211400000960566 0.001851000008173287
0.07211400000960566 0.0
0.06744300000718795 0.001584999990882352
0.06744300000718795 0.0
0.07423900000867434 0.0017850000003818423
0.07423900000867434 1.00000761449337e-06
0.07259200001135468 0.001564000005600974
0.07259200001135468 9.999785106629133e-07
0.06411200002185069 0.0016630000027362257
0.06411200002185069 0.0
0.07052000000840053 0.001648000004934147
0.07052000000840053 0.0
0.07256999998935498 0.0017170000064652413
0.07256999998935498 1.00000761449337e-06
0.07363499997882172 0.0015950000088196248
0.07363499997882172 1.00000761449337e-06
0.06729599999380298 0.0016239999968092889
0.06729599999380298 0.0
0.058049999992363155 0.0014739999896846712
0.058049999992363155 9.999785106629133e-07
0.059753999987151474 0.0017729999963194132
0.059753999987151474 0.0
0.06620199998724274 0.0015650000132154673
0.06620199998724274 0.0
0.05963499998324551 0.0014420000079553574
0.05963499998324551 9.999785106629133e-07
0.06770300000789575 0.0014199999859556556
0.06770300000789575 0.0
0.05856499998481013 0.001588999992236495
0.05856499998481013 0.0
0.06978600000729784 0.0018409999902360141
0.06978600000729784 0.0

0.05839300001389347 0.0015580000181216747
0.05839300001389347 9.999785106629133e-07
ready
0.05986400000983849 0.0014239999873097986
0.05986400000983849 0.0
ready
0.06875899998703972 0.001652999984798953
0.06875899998703972 0.0
ready
0.07601700001396239 0.0042449999891687185
0.07601700001396239 1.00000761449337e-06
ready
0.07567799999378622 0.0019190000020898879
0.07567799999378622 0.0
ready
0.07570299998042174 0.0017010000010486692
0.07570299998042174 0.0
ready
0.07778600000892766 0.0018440000130794942
0.07778600000892766 0.0
ready
0.0684039999905508 0.0017550000047776848
0.0684039999905508 1.00000761449337e-06
ready
0.07302500001969747 0.0020149999763816595
0.07302500001969747 1.00000761449337e-06
ready
0.06994699998176657 0.00169500001356937
0.06994699998176657 0.0
ready
0.07396199999493547 0.00180899997940287
0.07396199999493547 1.00000761449337e-06
ready
0.07501299999421462 0.004318000021157786
0.07501299999421462 9.999785106629133e-07
ready
0.07443599999533035 0.0018979999877046794
0.07443599999533035 0.0
ready
0.08191199999419041 0.0018580000032670796
0.08191199999419041 0.0
ready
0.07544200000120327 0.0018419999978505075
0.07544200000120327 0.0
ready
0.07427900002221577 0.0019010000105481595
0.07427900002221577 0.0
ready
0.07719099998939782 0.001887999998871237
0.07719099998939782 1.00000761449337e-06
ready
0.07450799999060109 0.002127000014297664
0.07450799999060109 0.0
0.07468799999332987 0.0019209999882150441
0.07468799999332987 0.0
ready
0.07014200001140125 0.001724000001559034
0.07014200001140125 0.0
ready
0.06822799998917617 0.001836999988881871
0.06822799998917617 9.999785106629133e-07
ready
0.07012699998449534 0.0017630000074859709
0.07012699998449534 1.00000761449337e-06
ready
ready
0.0674730000027921 0.0017670000088401139
0.0674730000027921 0.0
ready
0.06697299997904338 0.00185500000952743
0.06697299997904338 0.0
0.06394399999408051 0.002295999991474673
0.06394399999408051 0.0
ready
ready
0.06442100001731887 0.0018820000113919377
0.06442100001731887 1.00000761449337e-06
ready
0.06136700001661666 0.0017399999778717756
0.06136700001661666 0.0
ready
0.05657799998880364 0.001584999990882352
0.05657799998880364 0.0
ready
0.056339999980991706 0.0016300000133924186
0.056339999980991706 0.0
ready
0.056428999989293516 0.0014059999957680702
0.056428999989293516 0.0
ready
0.054900000017369166 0.0015940000012051314
0.054900000017369166 0.0
ready
0.054497000004630536 0.0013599999947473407
0.054497000004630536 1.00000761449337e-06
go
0.05431099998531863 0.0013550000148825347
0.05431099998531863 1.00000761449337e-06
go
0.054696999985026196 0.0013479999906849116
0.054696999985026196 1.00000761449337e-06
go
0.05465500001446344 0.0013909999979659915
0.05465500001446344 0.0
go
0.054056999972090125 0.0015710000006947666
0.054056999972090125 0.0
go
0.05431000000680797 0.0013849999813828617
0.05431000000680797 0.0
go
0.055699999997159466 0.0014199999859556556
0.055699999997159466 0.0
go
0.05786800000350922 0.0014989999763201922
0.05786800000350922 0.0
go
0.0569369999866467 0.0015039999852888286
0.0569369999866467 0.0
go
0.07323000000906177 0.0020360000198706985
0.07323000000906177 0.0
go
0.062028000014834106 0.0015100000018719584
0.062028000014834106 0.0
go
0.0595339999999851 0.0015529999800492078
0.0595339999999851 1.00000761449337e-06
go
0.07085400001960807 0.0016799999866634607
0.07085400001960807 1.00000761449337e-06
go
0.06008399999700487 0.0015240000211633742
0.06008399999700487 1.00000761449337e-06
go
0.06908200000179932 0.0015629999979864806
0.06908200000179932 0.0
go
0.06018899998161942 0.001480000006267801
0.06018899998161942 0.0
go
0.06427099998109043 0.0015389999898616225
0.06427099998109043 1.00000761449337e-06
go
0.05959299998357892 0.0014789999986533076
0.05959299998357892 1.00000761449337e-06
go
0.059083999978611246 0.0014179999998304993
0.059083999978611246 0.0
go
0.06192999999620952 0.001609999977517873
0.06192999999620952 0.0
go
0.06782900000689551 0.0015539999876637012
0.06782900000689551 0.0
go
0.06169299999601208 0.001520999998319894
0.06169299999601208 0.0
go
0.059164000005694106 0.0014799999771639705
0.059164000005694106 0.0
go
0.0590739999897778 0.001441000000340864
0.0590739999897778 1.00000761449337e-06
go
0.05640599998878315 0.0013829999952577055
0.05640599998878315 0.0
go
0.05895700000110082 0.001476000004913658
0.05895700000110082 1.00000761449337e-06
go
0.05642999999690801 0.0013969999854452908
0.05642999999690801 0.0
go
0.05657499999506399 0.0013829999952577055
0.05657499999506399 0.0
go
0.05497500000637956 0.0013869999966118485
0.05497500000637956 0.0
go
0.05718400000478141 0.0013909999979659915
0.05718400000478141 0.0
go
0.05670099999406375 0.001424000016413629
0.05670099999406375 0.0
go
0.05648800000199117 0.0015380000113509595
0.05648800000199117 0.0
go
0.05939199999556877 0.0015699999930802733
0.05939199999556877 0.0
go
0.05920899999910034 0.0014860000228509307
0.05920899999910034 0.0
go
0.05900500001735054 0.0014420000079553574
0.05900500001735054 1.00000761449337e-06
go
0.059172999986913055 0.0014340000052470714
0.059172999986913055 0.0
go
0.059570000012172386 0.001617999980226159
0.059570000012172386 0.0
go
0.05796299999929033 0.0014859999937471002
0.05796299999929033 0.0
go
0.05691600000136532 0.0014300000038929284
0.05691600000136532 0.0
go
0.056668999983230606 0.0017020000086631626
0.056668999983230606 9.999785106629133e-07
go
0.05408500001067296 0.0015579999890178442
0.05408500001067296 0.0
go
0.05423400001018308 0.001652999984798953
0.05423400001018308 1.00000761449337e-06
go
0.05418699997244403 0.0013860000181011856
0.05418699997244403 1.00000761449337e-06
go
0.05452199999126606 0.001992999983485788
0.05452199999126606 0.0
go
0.053817000007256866 0.0013430000108201057
0.053817000007256866 9.999785106629133e-07
go
0.05505100000300445 0.001433999976143241
0.05505100000300445 1.00000761449337e-06
go
0.05509599999641068 0.001504000014392659
0.05509599999641068 0.0
go
0.054225999978370965 0.001344000018434599
0.054225999978370965 1.00000761449337e-06
go
0.051639000012073666 0.0012830000196117908
0.051639000012073666 9.999785106629133e-07
go
0.0419240000192076 0.0010480000055395067
0.0419240000192076 0.0
go
0.041942000010749325 0.0010940000065602362
0.041942000010749325 0.0
go
0.04196500001125969 0.0010510000283829868
0.04196500001125969 1.00000761449337e-06
go
0.042025000002468005 0.001061999995727092
0.042025000002468005 0.0
go
0.04434900000342168 0.0011289999820291996
0.04434900000342168 9.999785106629133e-07
go
0.049602000013692304 0.001303000026382506
0.049602000013692304 0.0
go
0.049358999996911734 0.001293000008445233
0.049358999996911734 0.0
go
0.049552999989828095 0.0012699999788310379
0.049552999989828095 1.00000761449337e-06
go
0.04992099999799393 0.0012249999854248017
0.04992099999799393 1.00000761449337e-06
go
0.047109999984968454 0.00117200001841411
0.047109999984968454 9.999785106629133e-07
go
0.05197299999417737 0.0013999999791849405
0.05197299999417737 0.0
go
0.049478999979328364 0.001260000019101426
0.049478999979328364 0.0
go
0.0469650000159163 0.0011620000004768372
0.0469650000159163 9.999785106629133e-07
go
0.046726000000489876 0.0011670000094454736
0.046726000000489876 0.0
go
0.04414700000779703 0.0011320000048726797
0.04414700000779703 0.0
go
0.04709300000104122 0.0011710000107996166
0.04709300000104122 9.999785106629133e-07
go
0.04703200000221841 0.0011919999960809946
0.04703200000221841 0.0
0.04918599998927675 0.001264000020455569
0.04918599998927675 9.999785106629133e-07
combat
0.0492110000050161 0.0012329999881330878
0.0492110000050161 0.0
fallback
0.049559000006411225 0.001221999991685152
0.049559000006411225 0.0
fallback
fallback
0.05184299999382347 0.001416999992216006
0.05184299999382347 9.999785106629133e-07
fallback
0.054823000013129786 0.0020610000065062195
0.054823000013129786 1.00000761449337e-06
fallback
0.05434499998227693 0.0013930000131949782
0.05434499998227693 1.00000761449337e-06
fallback
0.054065999982412905 0.0016239999968092889
0.054065999982412905 0.0
fallback
0.0563409999886062 0.0017210000078193843
0.0563409999886062 0.0
fallback
0.05694499998935498 0.0017630000074859709
0.05694499998935498 1.00000761449337e-06
fallback
0.05885200001648627 0.0018599999893922359
0.05885200001648627 1.00000761449337e-06
fallback
0.05640599998878315 0.0014739999896846712
0.05640599998878315 0.0
fallback
0.05883500000345521 0.0017860000079963356
0.05883500000345521 1.00000761449337e-06
fallback
0.05888900000718422 0.0018869999912567437
0.05888900000718422 0.0
fallback
0.05878900000243448 0.00169500001356937
0.05878900000243448 9.999785106629133e-07
ready
0.058904999983496964 0.001676999992923811
0.058904999983496964 1.00000761449337e-06
ready
0.05665199999930337 0.0018099999870173633
0.05665199999930337 1.00000761449337e-06
ready
0.05402999999932945 0.0013629999884869903
0.05402999999932945 0.0
ready
0.05405600002268329 0.0015150000108405948
0.05405600002268329 0.0
ready
0.05498200000147335 0.001752999989548698
0.05498200000147335 0.0
ready
0.054401000001234934 0.001600999996298924
0.054401000001234934 0.0
ready
0.051971000008052215 0.001463000022340566
0.051971000008052215 0.0
ready
0.0517859999963548 0.0015260000072885305
0.0517859999963548 0.0
ready
0.050087999989045784 0.0013329999928828329
0.050087999989045784 0.0
ready
0.049457999994046986 0.0016920000198297203
0.049457999994046986 0.0
ready
0.05178400001022965 0.001453999982913956
0.05178400001022965 0.0
ready
0.05428900002152659 0.0016269999905489385
0.05428900002152659 9.999785106629133e-07
ready
0.053912000003037974 0.001795999996829778
0.053912000003037974 0.0
ready
0.04932299998472445 0.001340999995591119
0.04932299998472445 1.00000761449337e-06
ready
0.052102999994531274 0.0014300000038929284
0.052102999994531274 9.999785106629133e-07
ready
0.052102999994531274 0.0016940000059548765
0.052102999994531274 0.0
ready
0.05167700001038611 0.0014050000172574073
0.05167700001038611 0.0
ready
0.05156699998769909 0.0016619999951217324
0.05156699998769909 0.0
ready
0.051928000000771135 0.0017060000100173056
0.051928000000771135 0.0
ready
0.05289500000071712 0.0017389999993611127
0.05289500000071712 0.0
ready
0.051715999987209216 0.0024240000057034194
0.051715999987209216 0.0
ready
0.05176899998332374 0.002023000008193776
0.05176899998332374 1.00000761449337e-06
ready
0.05147999999462627 0.0054410000157076865
0.05147999999462627 9.999785106629133e-07
ready
0.05491400000755675 0.001648000004934147
0.05491400000755675 0.0
ready
0.05659299998660572 0.0017470000020693988
0.05659299998660572 0.0
ready
0.05673699997714721 0.0018050000071525574
0.05673699997714721 0.0
ready
0.05806399998255074 0.0015879999846220016
0.05806399998255074 0.0
ready
0.05612500000279397 0.0018489999929443002
0.05612500000279397 0.0
ready
0.05430499999783933 0.0014889999874867499
0.05430499999783933 0.0
ready
0.05715900001814589 0.0018470000068191439
0.05715900001814589 0.0
ready
0.056914999993750826 0.0016429999959655106
0.056914999993750826 0.0
ready
0.05677699999068864 0.0016250000044237822
0.05677699999068864 9.999785106629133e-07
ready
0.057253000006312504 0.0016509999986737967
0.057253000006312504 0.0
ready
0.051949999993667006 0.0013169999874662608
0.051949999993667006 1.00000761449337e-06
ready
0.05702600002405234 0.0015899999998509884
0.05702600002405234 1.00000761449337e-06
ready
0.052105999988270923 0.001281000004382804
0.052105999988270923 1.00000761449337e-06
ready
0.051811000012094155 0.0013009999820496887
0.051811000012094155 0.0
ready
0.05189199998858385 0.0013760000001639128
0.05189199998858385 1.00000761449337e-06
ready
0.051759000023594126 0.001348999998299405
0.051759000023594126 0.0
ready
0.04721699998481199 0.0011879999947268516
0.04721699998481199 0.0
ready
0.051884999993490055 0.0012740000092890114
0.051884999993490055 1.00000761449337e-06
ready
0.05172899999888614 0.0012639999913517386
0.05172899999888614 1.00000761449337e-06
ready
0.051952999987406656 0.00128900000709109
0.051952999987406656 0.0
ready
0.049232999997911975 0.0012229999992996454
0.049232999997911975 1.00000761449337e-06
ready
0.0544019999797456 0.0014359999913722277
0.0544019999797456 1.00000761449337e-06
ready
0.0615809999871999 0.00209500000346452
0.0615809999871999 1.00000761449337e-06
ready
0.06230399999185465 0.0016840000171214342
0.06230399999185465 0.0
ready
0.061706000007689 0.0015450000064447522
0.061706000007689 9.999785106629133e-07
ready
0.0638150000013411 0.0016929999983403832
0.0638150000013411 0.0
ready
0.06609399997978471 0.0017510000034235418
0.06609399997978471 9.999785106629133e-07
ready
0.0663230000063777 0.0017349999980069697
0.0663230000063777 0.0
ready
0.06650699998135678 0.0016349999932572246
0.06650699998135678 0.0
ready
0.06369300000369549 0.0015649999841116369
0.06369300000369549 1.00000761449337e-06
ready
0.05931399998371489 0.0015110000094864517
0.05931399998371489 0.0
ready
0.058772999997017905 0.001521999976830557
0.058772999997017905 0.0
ready
0.05938399999286048 0.0014540000120177865
0.05938399999286048 0.0
ready
0.054533999995328486 0.001361999980872497
0.054533999995328486 1.00000761449337e-06
ready
0.05416199998580851 0.0013550000148825347
0.05416199998580851 0.0
ready
0.05166699999244884 0.0013259999977890402
0.05166699999244884 0.0
ready
0.051773999992292374 0.0014939999964553863
0.051773999992292374 0.0
ready
0.051577000005636364 0.0013069999986328185
0.051577000005636364 0.0
ready
0.052605000004405156 0.0016410000098403543
0.052605000004405156 1.00000761449337e-06
ready
0.05426799997803755 0.0014789999986533076
0.05426799997803755 0.0
ready
0.05423300000256859 0.0013459999754559249
0.05423300000256859 0.0
ready
0.056764000008115545 0.001512999995611608
0.056764000008115545 1.00000761449337e-06
ready
0.05472600000211969 0.0013679999974556267
0.05472600000211969 1.00000761449337e-06
ready
0.05443699998431839 0.0013460000045597553
0.05443699998431839 1.00000761449337e-06
ready
0.053866000002017245 0.0013789999939035624
0.053866000002017245 0.0
ready
0.05168599999160506 0.001297999988310039
0.05168599999160506 0.0
ready
0.05254799997783266 0.0013639999961014837
0.05254799997783266 0.0
ready
0.05198099999688566 0.0013169999874662608
0.05198099999688566 0.0
ready
0.05196000001160428 0.0015120000171009451
0.05196000001160428 0.0
ready
0.05230399998254143 0.0013660000113304704
0.05230399998254143 0.0
ready
0.05221900000469759 0.0016089999990072101
0.05221900000469759 1.00000761449337e-06
ready
0.05179399999906309 0.001281000004382804
0.05179399999906309 1.00000761449337e-06
ready
0.05190099999890663 0.001293000008445233
0.05190099999890663 9.999785106629133e-07
ready
0.05220599999302067 0.0013359999866224825
0.05220599999302067 0.0
ready
0.049675999995088205 0.0013660000113304704
0.049675999995088205 9.999785106629133e-07
ready
0.04917000001296401 0.0012759999954141676
0.04917000001296401 0.0
ready
0.051359000004595146 0.0015659999917261302
0.051359000004595146 0.0
ready
0.05194799997843802 0.0013029999972786754
0.05194799997843802 0.0
go
0.05168699999921955 0.0013620000099763274
0.05168699999921955 0.0
go
0.04949400000623427 0.0012320000096224248
0.04949400000623427 0.0
go
0.050367999996524304 0.0012949999945703894
0.050367999996524304 0.0
go
0.049436000001151115 0.0013289999915286899
0.049436000001151115 1.00000761449337e-06
go
0.05181000000447966 0.0013060000201221555
0.05181000000447966 0.0
go
0.05182200000854209 0.0012860000133514404
0.05182200000854209 1.00000761449337e-06
go
0.049349999986588955 0.001244000013684854
0.049349999986588955 0.0
go
0.05405200002132915 0.0014970000192988664
0.05405200002132915 0.0
go
0.056786000001011416 0.001539000018965453
0.056786000001011416 0.0
go
0.058929999999236315 0.0015549999952781945
0.058929999999236315 0.0
go
0.05931899999268353 0.001520999998319894
0.05931899999268353 0.0
combat
0.0645070000027772 0.0019509999838192016
0.0645070000027772 1.00000761449337e-06
fallback
0.06370699999388307 0.001584999990882352
0.06370699999388307 1.00000761449337e-06
fallback
0.06643700000131503 0.001787999994121492
0.06643700000131503 1.00000761449337e-06
fallback
0.06848499999614432 0.0018379999964963645
0.06848499999614432 1.00000761449337e-06
fallback
0.06852399997296743 0.0017330000118818134
0.06852399997296743 0.0
fallback
0.07081400000606664 0.0018990000244230032
0.07081400000606664 1.00000761449337e-06
fallback
0.07140899999649264 0.001820000004954636
0.07140899999649264 0.0
fallback
0.07493000000249594 0.00486699998145923
0.07493000000249594 1.00000761449337e-06
fallback
0.08493799998541363 0.001970000012079254
0.08493799998541363 0.0
fallback
0.07408300001407042 0.001832999987527728
0.07408300001407042 0.0
fallback
0.08313900002394803 0.0019399999873712659
0.08313900002394803 0.0
fallback
0.06487199998809956 0.0016699999978300184
0.06487199998809956 9.999785106629133e-07
ready
0.074239999987185 0.0020249999943189323
0.074239999987185 0.0
ready
0.06800999998813495 0.001984999980777502
0.06800999998813495 1.00000761449337e-06
ready
0.06003500000224449 0.0015920000150799751
0.06003500000224449 0.0
ready
0.06080500001553446 0.0014950000040698797
0.06080500001553446 1.00000761449337e-06
ready
0.06335499999113381 0.0014509999891743064
0.06335499999113381 0.0
ready
0.05939000000944361 0.0014999999839346856
0.05939000000944361 0.0
ready
0.05408999999053776 0.0014230000087991357
0.05408999999053776 1.00000761449337e-06
ready
0.054235000017797574 0.0013559999933931977
0.054235000017797574 1.00000761449337e-06
ready
0.05397899998934008 0.0013589999871328473
0.05397899998934008 0.0
ready
0.0540949999995064 0.0017869999865069985
0.0540949999995064 0.0
ready
0.05480600000009872 0.0013760000001639128
0.05480600000009872 1.00000761449337e-06
ready
0.057373000017832965 0.0018320000090170652
0.057373000017832965 0.0
ready
0.0567319999972824 0.0014179999998304993
0.0567319999972824 0.0
ready
0.05637899998691864 0.001420000015059486
0.05637899998691864 0.0
ready
0.05905700000585057 0.0015819999971427023
0.05905700000585057 1.00000761449337e-06
ready
0.05714399999123998 0.001432999997632578
0.05714399999123998 0.0
ready
0.05715999999665655 0.001461999985622242
0.05715999999665655 1.00000761449337e-06
ready
0.05171500000869855 0.001361999980872497
0.05171500000869855 0.0
ready
0.07442099999752827 0.001967999996850267
0.07442099999752827 1.00000761449337e-06
ready
0.07450800001970492 0.001975999999558553
0.07450800001970492 0.0
ready
0.07572200000868179 0.001879999996162951
0.07572200000868179 0.0
ready
0.07424600000376813 0.0019289999909233302
0.07424600000376813 0.0
ready
0.074068999994779 0.0019020000181626529
0.074068999994779 0.0
ready
0.07276599999750033 0.00185500000952743
0.07276599999750033 0.0
ready
0.05456899999990128 0.0014110000047367066
0.05456899999990128 0.0
ready
0.05660600002738647 0.0014599999994970858
0.05660600002738647 1.00000761449337e-06
ready
0.07638700000825338 0.001943999988725409
0.07638700000825338 0.0
ready
0.07674600000609644 0.0019339999998919666
0.07674600000609644 0.0
ready
0.05402999999932945 0.0013880000042263418
0.05402999999932945 1.00000761449337e-06
ready
0.05413299999781884 0.001361000002361834
0.05413299999781884 9.999785106629133e-07
ready
0.05561799998395145 0.0013939999917056412
0.05561799998395145 0.0
ready
0.054223000013735145 0.0013500000059138983
0.054223000013735145 0.0
ready
0.05704299997887574 0.0014460000093095005
0.05704299997887574 0.0
ready
0.05656599998474121 0.001408000010997057
0.05656599998474121 0.0
ready
0.05682199998409487 0.001428000017767772
0.05682199998409487 0.0
ready
0.05907800002023578 0.0014730000111740083
0.05907800002023578 0.0
ready
0.05646399999386631 0.0014270000101532787
0.05646399999386631 0.0
ready
0.057526999997207895 0.001453999982913956
0.057526999997207895 1.00000761449337e-06
ready
0.056589000014355406 0.00144599998020567
0.056589000014355406 0.0
ready
0.05888599998434074 0.0014640000008512288
0.05888599998434074 1.00000761449337e-06
ready
0.06379899999592453 0.0017729999963194132
0.06379899999592453 0.0
ready
0.06697300000814721 0.00180899997940287
0.06697300000814721 1.00000761449337e-06
ready
0.06387400001403876 0.0015830000047571957
0.06387400001403876 0.0
ready
0.06380200001876801 0.0015779999957885593
0.06380200001876801 0.0
ready
0.06675700002233498 0.0016490000125486404
0.06675700002233498 0.0
ready
0.06901800000923686 0.001795999996829778
0.06901800000923686 0.0
ready
0.06644799999776296 0.0016639999812468886
0.06644799999776296 0.0
ready
0.0638780000153929 0.0016220000106841326
0.0638780000153929 1.00000761449337e-06
ready
0.06363799999235198 0.001580999989528209
0.06363799999235198 0.0
ready
0.06630399997811764 0.0016330000071320683
0.06630399997811764 0.0
ready
0.06664299999829382 0.0016630000027362257
0.06664299999829382 0.0
ready
0.06639200000790879 0.001664999988861382
0.06639200000790879 0.0
ready
0.06685899998410605 0.0016389999946113676
0.06685899998410605 1.00000761449337e-06
ready
0.06649800000013784 0.002003000001423061
0.06649800000013784 9.999785106629133e-07
ready
0.06372500001452863 0.0016119999927468598
0.06372500001452863 0.0
ready
0.06649500000639819 0.0016279999981634319
0.06649500000639819 1.00000761449337e-06
ready
0.06390300000202842 0.0015659999917261302
0.06390300000202842 1.00000761449337e-06
ready
0.06427100001019426 0.0015940000012051314
0.06427100001019426 1.00000761449337e-06
ready
0.06395800001337193 0.0015999999886844307
0.06395800001337193 1.00000761449337e-06
ready
0.06644699999014847 0.0016349999932572246
0.06644699999014847 9.999785106629133e-07
ready
0.06361599999945611 0.0015899999998509884
0.06361599999945611 1.00000761449337e-06
ready
0.06363300001248717 0.0015779999957885593
0.06363300001248717 0.0
ready
0.06416199999512173 0.0016669999749865383
0.06416199999512173 0.0
ready
0.06194699998013675 0.0015230000135488808
0.06194699998013675 0.0
ready
0.061163000005763024 0.0019069999980274588
0.061163000005763024 9.999785106629133e-07
ready
0.06122600001981482 0.0017210000078193843
0.06122600001981482 0.0
ready
0.07901300000958145 0.0025739999837242067
0.07901300000958145 0.0
ready
0.05928500002482906 0.001720000000204891
0.05928500002482906 0.0
ready
0.07867200000328012 0.002314999990630895
0.07867200000328012 1.00000761449337e-06
ready
0.05745500000193715 0.001385999988997355
0.05745500000193715 0.0
ready
0.05918899999232963 0.0014549999905284494
0.05918899999232963 0.0
ready
0.05920800002058968 0.0014950000040698797
0.05920800002058968 9.999785106629133e-07
ready
0.05673099998966791 0.0014159999846015126
0.05673099998966791 0.0
ready
0.06068900000536814 0.001496000011684373
0.06068900000536814 0.0
ready
0.076933000003919 0.0019399999873712659
0.076933000003919 0.0
ready
0.08176499998080544 0.0020699999877251685
0.08176499998080544 1.00000761449337e-06
ready
0.058984999981475994 0.0016889999969862401
0.058984999981475994 0.0
ready
0.0827980000176467 0.002585000009275973
0.0827980000176467 0.0
ready
0.07540599998901598 0.0015710000006947666
0.07540599998901598 0.0
ready
0.0786179999995511 0.001986999996006489
0.0786179999995511 0.0
ready
0.08103599998867139 0.002226999989943579
0.08103599998867139 0.0
ready
0.07751400000415742 0.0019469999824650586
0.07751400000415742 0.0
ready
0.0780510000186041 0.0019540000066626817
0.0780510000186041 1.00000761449337e-06
ready
0.07753300000331365 0.0019299999985378236
0.07753300000331365 0.0
ready
0.05658699999912642 0.0013669999898411334
0.05658699999912642 0.0
ready
ready
0.059305000002495944 0.001428999996278435
0.059305000002495944 1.00000761449337e-06
ready
ready
0.05966699999407865 0.0015039999852888286
0.05966699999407865 1.00000761449337e-06
ready
ready
0.059418999997433275 0.0015030000067781657
0.059418999997433275 0.0
ready
ready
0.059015999984694645 0.0014580000133719295
0.059015999984694645 0.0
ready
ready
0.0621030000038445 0.001660999987507239
0.0621030000038445 0.0
ready
ready
0.06966599999577738 0.001779000012902543
0.06966599999577738 0.0
ready
ready
0.06443500000750646 0.0016250000044237822
0.06443500000750646 0.0
ready
ready
0.089213999977801 0.002219999994849786
0.089213999977801 1.00000761449337e-06
ready
ready
0.06415399999241345 0.0017899999802466482
0.06415399999241345 0.0
ready
ready
0.06435099997906946 0.0015669999993406236
0.06435099997906946 1.00000761449337e-06
ready
ready
0.06422699999529868 0.0016049999976530671
0.06422699999529868 1.00000761449337e-06
ready
ready
0.0639810000138823 0.0015570000105071813
0.0639810000138823 0.0
ready
ready
0.06363499999861233 0.0015879999846220016
0.06363499999861233 0.0
ready
ready
0.07708400001865812 0.0019320000137668103
0.07708400001865812 1.00000761449337e-06
ready
ready
0.08023299998603761 0.002142000012099743
0.08023299998603761 0.0
ready
ready
0.07937099999981001 0.0019429999811109155
0.07937099999981001 9.999785106629133e-07
ready
ready
0.08019199999398552 0.0020289999956730753
0.08019199999398552 0.0
ready
ready
0.07980199999292381 0.0020309999817982316
0.07980199999292381 1.00000761449337e-06
ready
ready
0.056998000014573336 0.0015930000226944685
0.056998000014573336 0.0
ready
ready
0.06396800000220537 0.001851000008173287
0.06396800000220537 0.0
ready
ready
0.06936600001063198 0.0014739999896846712
0.06936600001063198 1.00000761449337e-06
ready
ready
0.062406000011833385 0.0015330000023823231
0.062406000011833385 0.0
ready
ready
0.07714900001883507 0.0019469999824650586
0.07714900001883507 0.0
ready
ready
0.07858800000394695 0.001979000022402033
0.07858800000394695 9.999785106629133e-07
ready
ready
0.08020499997655861 0.002111000008881092
0.08020499997655861 1.00000761449337e-06
ready
ready
0.0812619999924209 0.0021380000107456
0.0812619999924209 0.0
ready
ready
0.08191200002329424 0.0020130000193603337
0.08191200002329424 0.0
ready
ready
0.08133099999395199 0.00205800001276657
0.08133099999395199 0.0
ready
ready
0.08192100000451319 0.0020890000159852207
0.08192100000451319 1.00000761449337e-06
ready
ready
0.08135800002492033 0.002003000001423061
0.08135800002492033 1.00000761449337e-06
ready
ready
0.05655599999590777 0.001365000003715977
0.05655599999590777 1.00000761449337e-06
ready
ready
0.05662699998356402 0.0013660000113304704
0.05662699998356402 0.0
ready
ready
0.07758899999316782 0.0019160000083502382
0.07758899999316782 0.0
ready
ready
0.05709200000273995 0.0013970000145491213
0.05709200000273995 1.00000761449337e-06
ready
ready
0.056468999973731115 0.0013760000001639128
0.056468999973731115 0.0
ready
go
0.058988000004319474 0.0014439999940805137
0.058988000004319474 1.00000761449337e-06
go
go
0.05964600000879727 0.0014199999859556556
0.05964600000879727 1.00000761449337e-06
go
go
0.08179600001312792 0.002003000001423061
0.08179600001312792 1.2999982573091984e-05
go
go
0.05641399999149144 0.0014049999881535769
0.05641399999149144 0.0
go
go
0.05905800001346506 0.001420999993570149
0.05905800001346506 0.0
0.07827100000577047 0.00193500000750646
0.07827100000577047 0.0
0.059064999979455024 0.0014099999971222132
0.059064999979455024 1.00000761449337e-06
0.07679600000847131 0.0015170000260695815
0.07679600000847131 0.0
0.07941500001470558 0.002003000001423061
0.07941500001470558 9.999785106629133e-07
0.07827500000712462 0.0019149999716319144
0.07827500000712462 0.0
0.07038900000043213 0.0014779999910388142
0.07038900000043213 9.999785106629133e-07
0.0784879999991972 0.0018869999912567437
0.0784879999991972 1.00000761449337e-06
0.08614099997794256 0.0020970000186935067
0.08614099997794256 0.0
0.0751870000094641 0.0016739999991841614
0.0751870000094641 9.999785106629133e-07
0.08082299999659881 0.0021339999802876264
0.08082299999659881 0.0
0.09446500000194646 0.002390999987255782
0.09446500000194646 0.0
0.08857900000293739 0.0021390000183600932
0.08857900000293739 0.0
0.06382900002063252 0.0015189999830909073
0.06382900002063252 0.0
0.06375500001013279 0.0015349999885074794
0.06375500001013279 1.00000761449337e-06
0.0864970000111498 0.002314999990630895
0.0864970000111498 9.999785106629133e-07
0.0666730000230018 0.0018419999978505075
0.0666730000230018 0.0
0.06364799998118542 0.001524999999674037
0.06364799998118542 0.0
0.08891599997878075 0.0023520000104326755
0.08891599997878075 1.00000761449337e-06
0.08894899999722838 0.002590999996755272
0.08894899999722838 9.999785106629133e-07
0.0901820000144653 0.006400999991456047
0.0901820000144653 0.0
<bots.big.custom_bot.CombatGroupManager object at 0x7fbab54fc518>
0.06372399997781031 0.0016889999969862401
0.06372399997781031 0.0
0.08472700000857003 0.002869999996619299
0.08472700000857003 0.0
0.08541999998851679 0.0024219999904744327
0.08541999998851679 1.00000761449337e-06
0.05927199998404831 0.001404000009642914
0.05927199998404831 1.00000761449337e-06
0.07812599997851066 0.0019299999985378236
0.07812599997851066 0.0
0.07970400000340305 0.0020249999943189323
0.07970400000340305 0.0
0.07662400000845082 0.0019280000124126673
0.07662400000845082 0.0
0.07754100000602193 0.0018660000059753656
0.07754100000602193 0.0
0.07861399999819696 0.00197199999820441
0.07861399999819696 0.0
0.0781200000201352 0.0018820000113919377
0.0781200000201352 9.999785106629133e-07
0.07969799998681992 0.0020659999863710254
0.07969799998681992 0.0
0.0821109999960754 0.0020840000070165843
0.0821109999960754 0.0
0.08103200001642108 0.001900999981444329
0.08103200001642108 0.0
0.07786099999793805 0.001432999997632578
0.07786099999793805 1.00000761449337e-06
0.056607000005897135 0.001344999996945262
0.056607000005897135 1.00000761449337e-06
0.0565900000219699 0.0013510000135283917
0.0565900000219699 0.0
0.056825999985449016 0.0016060000052675605
0.056825999985449016 9.999785106629133e-07
0.05674100000760518 0.0014170000213198364
0.05674100000760518 0.0
0.056551999994553626 0.001348999998299405
0.056551999994553626 1.00000761449337e-06
0.056883999990532175 0.0015940000012051314
0.056883999990532175 9.999785106629133e-07
0.05909799999790266 0.0014460000093095005
0.05909799999790266 0.0
0.08201099999132566 0.0020269999804440886
0.08201099999132566 1.00000761449337e-06
0.08134099998278543 0.0021290000004228204
0.08134099998278543 0.0
0.08243000000948086 0.0020460000087041408
0.08243000000948086 1.00000761449337e-06
0.08195900000282563 0.001994999998714775
0.08195900000282563 0.0
0.05958100000862032 0.0014260000025387853
0.05958100000862032 0.0
0.08314200001768768 0.0019690000044647604
0.08314200001768768 0.0
0.0829070000036154 0.002080999984173104
0.0829070000036154 9.999785106629133e-07
0.0825710000062827 0.0019960000063292682
0.0825710000062827 0.0
0.08138299998245202 0.002050000010058284
0.08138299998245202 1.00000761449337e-06
0.06477799999993294 0.0019040000042878091
0.06477799999993294 1.00000761449337e-06
0.0705080000043381 0.0018739999795798212
0.0705080000043381 0.0
0.08985799999209121 0.0021539999870583415
0.08985799999209121 0.0
0.08935300001758151 0.0017490000172983855
0.08935300001758151 0.0
0.07589000000734814 0.002059999998891726
0.07589000000734814 0.0
0.08609299999079667 0.00208899998688139
0.08609299999079667 0.0
0.062162999995052814 0.0014789999986533076
0.062162999995052814 0.0
0.06979100001626648 0.0015940000012051314
0.06979100001626648 1.00000761449337e-06
0.08364799999981187 0.0017930000030901283
0.08364799999981187 0.0
0.0728780000063125 0.001787000015610829
0.0728780000063125 0.0
0.07528200000524521 0.002382000006036833
0.07528200000524521 0.0
0.09383500000694767 0.0022640000097453594
0.09383500000694767 0.0
0.06888599999365397 0.0017189999925903976
0.06888599999365397 0.0
0.09703299999819137 0.0025840000016614795
0.09703299999819137 9.999785106629133e-07
0.09690400000545196 0.0024289999855682254
0.09690400000545196 0.0
0.09697499999310821 0.0029670000076293945
0.09697499999310821 1.00000761449337e-06
0.09700599999632686 0.002539999986765906
0.09700599999632686 0.0
0.09938999998848885 0.002917999983765185
0.09938999998848885 0.0
0.09757600000011735 0.0027169999957550317
0.09757600000011735 1.00000761449337e-06
0.09650000001420267 0.002406999992672354
0.09650000001420267 0.0
0.07394399997428991 0.002357000019401312
0.07394399997428991 9.999785106629133e-07
0.07429800002137199 0.0019480000191833824
0.07429800002137199 0.0
0.0738769999879878 0.002023000008193776
0.0738769999879878 1.00000761449337e-06
0.0741099999868311 0.002019000006839633
0.0741099999868311 0.0
0.0903579999867361 0.0027459999837446958
0.0903579999867361 0.0
0.07172599999466911 0.0018290000152774155
0.07172599999466911 0.0
0.07240400000591762 0.0022480000043287873
0.07240400000591762 1.00000761449337e-06
0.07134500000393018 0.0016940000059548765
0.07134500000393018 0.0
0.07159999999566935 0.001707999996142462
0.07159999999566935 9.999785106629133e-07
0.09686499999952503 0.0022969999990891665
0.09686499999952503 9.999785106629133e-07
<bots.big.custom_bot.CombatGroupManager object at 0x7fbab54fc518>
0.0739519999769982 0.0019460000039543957
0.0739519999769982 9.999785106629133e-07
0.08108999999240041 0.0020960000110790133
0.08108999999240041 0.0
0.07426100000157021 0.0020160000130999833
0.07426100000157021 0.0
0.07411099999444559 0.0017210000078193843
0.07411099999444559 0.0
0.07434300001477823 0.001752999989548698
0.07434300001477823 0.0
0.0757770000200253 0.0018540000019129366
0.0757770000200253 0.0
0.0856389999971725 0.0018389999750070274
0.0856389999971725 0.0
0.08779099999810569 0.001984000002266839
0.08779099999810569 9.999785106629133e-07
0.10336199999437667 0.004919999977573752
0.10336199999437667 1.00000761449337e-06
0.08922500000335276 0.0021560000022873282
0.08922500000335276 0.0
0.09579599997960031 0.002162999997381121
0.09579599997960031 1.00000761449337e-06
0.09620100000756793 0.002135999995516613
0.09620100000756793 0.0
0.0889960000058636 0.0028400000010151416
0.0889960000058636 0.0
0.10020600000279956 0.002710999979171902
0.10020600000279956 1.00000761449337e-06
0.08077000000048429 0.0018980000168085098
0.08077000000048429 0.0
0.08234900000388734 0.0019379999721422791
0.08234900000388734 0.0
0.09043799998471513 0.005219999991822988
0.09043799998471513 0.0
0.082377999991877 0.00209500000346452
0.082377999991877 0.0
0.08807199998409487 0.0019339999998919666
0.08807199998409487 1.00000761449337e-06
0.083199999993667 0.0019539999775588512
0.083199999993667 0.0
0.08189499998115934 0.0019209999882150441
0.08189499998115934 0.0
0.09050400002161041 0.001963999995496124
0.09050400002161041 1.00000761449337e-06
0.07979200000409037 0.0018599999893922359
0.07979200000409037 0.0
0.1041409999888856 0.0025080000050365925
0.1041409999888856 0.0
0.0875559999840334 0.002195000008214265
0.0875559999840334 1.00000761449337e-06
0.09657100000185892 0.0026310000102967024
0.09657100000185892 1.00000761449337e-06
0.10335200000554323 0.0029230000218376517
0.10335200000554323 0.0
0.11510999998426996 0.0025080000050365925
0.11510999998426996 1.00000761449337e-06
0.08552100000088103 0.0019139999931212515
0.08552100000088103 0.0
0.08284899999853224 0.0019359999860171229
0.08284899999853224 1.00000761449337e-06
0.08582099998602644 0.0021019999985583127
0.08582099998602644 0.0
0.10429999997722916 0.0029320000030566007
0.10429999997722916 0.0
0.11646799999289215 0.0029569999896921217
0.11646799999289215 2.0000006770715117e-05
0.11342399998102337 0.002945999993244186
0.11342399998102337 0.0
0.12270099998568185 0.0028260000108275563
0.12270099998568185 0.0
0.12676300000748597 0.003327000013086945
0.12676300000748597 0.0
0.12233199999900535 0.00277799999457784
0.12233199999900535 1.00000761449337e-06
0.11115800001425669 0.0026960000104736537
0.11115800001425669 9.999785106629133e-07
0.110538999986602 0.002765000012004748
0.110538999986602 1.00000761449337e-06
0.10016000000177883 0.0027920000138692558
0.10016000000177883 0.0
0.09372100001201034 0.0060950000188313425
0.09372100001201034 0.0
0.11189299999387003 0.002733000001171604
0.11189299999387003 1.00000761449337e-06
0.11845999999786727 0.0029020000074524432
0.11845999999786727 0.0
0.11968299999716692 0.002781999995931983
0.11968299999716692 1.00000761449337e-06
0.1118480000004638 0.002786999975796789
0.1118480000004638 0.0
0.12980699999025092 0.007711999991443008
0.12980699999025092 0.0
0.1300479999918025 0.003432999976212159
0.1300479999918025 0.0
0.13290200001210906 0.0036060000129509717
0.13290200001210906 0.0
0.1004419999953825 0.002167999977245927
0.1004419999953825 0.0
0.0994209999917075 0.0026040000084321946
0.0994209999917075 1.00000761449337e-06
0.10214599999017082 0.005420000001322478
0.10214599999017082 0.0
0.14108000000123866 0.0032709999941289425
0.14108000000123866 1.00000761449337e-06
0.12342000001808628 0.0030540000007022172
0.12342000001808628 0.0
0.1302680000080727 0.0030390000029001385
0.1302680000080727 0.0
0.13525400002254173 0.003347999998368323
0.13525400002254173 0.0
0.13645499999984168 0.003249000001233071
0.13645499999984168 0.0
0.13918299999204464 0.0036170000093989074
0.13918299999204464 0.0
0.13534100001561455 0.0032110000029206276
0.13534100001561455 0.0
0.12646199998562224 0.0031000000017229468
0.12646199998562224 0.0
0.11931400001049042 0.0033819999953266233
0.11931400001049042 1.8999999156221747e-05
<bots.big.custom_bot.CombatGroupManager object at 0x7fbab54fc518>
0.13021699999808334 0.003874000016367063
0.13021699999808334 9.999785106629133e-07
0.14584100001957268 0.0031799999997019768
0.14584100001957268 1.00000761449337e-06
0.14397800000733696 0.0033269999839831144
0.14397800000733696 9.999785106629133e-07
0.13810400001239032 0.003730000025825575
0.13810400001239032 0.0
0.13232800000696443 0.003244999999878928
0.13232800000696443 0.0
0.14027000000351109 0.0036770000006072223
0.14027000000351109 1.00000761449337e-06
0.13362199999392033 0.002986999985296279
0.13362199999392033 0.0
0.11041000002296641 0.0032380000047851354
0.11041000002296641 1.00000761449337e-06
0.10645000002114102 0.0023190000210888684
0.10645000002114102 0.0
0.1307749999978114 0.003439000021899119
0.1307749999978114 9.999785106629133e-07
0.13650600000983104 0.0030200000037439167
0.13650600000983104 0.0
0.1362430000153836 0.0034549999982118607
0.1362430000153836 1.00000761449337e-06
0.1335069999913685 0.003197999991243705
0.1335069999913685 0.0
0.13673700002254918 0.003620000003138557
0.13673700002254918 9.999785106629133e-07
0.13620999999693595 0.0035210000060033053
0.13620999999693595 1.00000761449337e-06
0.1258300000044983 0.003179000021191314
0.1258300000044983 0.0
0.1268219999910798 0.003058999980567023
0.1268219999910798 0.0
0.10426300001563504 0.0022170000011101365
0.10426300001563504 0.0
0.12559899999178015 0.0030540000007022172
0.12559899999178015 0.0
0.1273370000126306 0.0031689999741502106
0.1273370000126306 1.00000761449337e-06
0.12173199999961071 0.00285799999255687
0.12173199999961071 0.0
0.1242740000016056 0.0029199999989941716
0.1242740000016056 0.0
0.1245960000087507 0.00285799999255687
0.1245960000087507 0.0
0.12631900000269525 0.0027640000043902546
0.12631900000269525 0.0
0.11048400000436231 0.0029180000128690153
0.11048400000436231 0.0
0.12002299999585375 0.002905000001192093
0.12002299999585375 0.0
0.12564900002325885 0.006926000001840293
0.12564900002325885 1.00000761449337e-06
0.13185299999895506 0.003751999989617616
0.13185299999895506 0.0
0.1530579999962356 0.0037939999892842025
0.1530579999962356 0.0
0.14625099999830127 0.003491000010399148
0.14625099999830127 0.0
0.11923400001251139 0.0023840000212658197
0.11923400001251139 0.0
0.134756000014022 0.003212999989045784
0.134756000014022 1.00000761449337e-06
0.13570799998706207 0.0032829999981913716
0.13570799998706207 0.0
0.09830599999986589 0.002316999976756051
0.09830599999986589 0.0
0.10646899999119341 0.0026129999896511436
0.10646899999119341 0.0
0.14067299998714589 0.008455000002868474
0.14067299998714589 1.00000761449337e-06
0.1402739999757614 0.0035730000236071646
0.1402739999757614 1.00000761449337e-06
0.14210199998342432 0.00346099998569116
0.14210199998342432 1.00000761449337e-06
0.1460069999739062 0.0034300000115763396
0.1460069999739062 0.0
0.1408510000037495 0.003357999987201765
0.1408510000037495 0.0
0.12377900001592934 0.0028839999868068844
0.12377900001592934 0.0
0.1441239999840036 0.0033999999868683517
0.1441239999840036 1.00000761449337e-06
0.10597000000416301 0.002478999987943098
0.10597000000416301 0.0
0.1448450000025332 0.00342399999499321
0.1448450000025332 0.0
0.10594499998842366 0.002490999992005527
0.10594499998842366 1.00000761449337e-06
0.11988199999905191 0.0027169999957550317
0.11988199999905191 0.0
0.10568000000785105 0.002505000011296943
0.10568000000785105 0.0
0.14471300001605414 0.0033909999765455723
0.14471300001605414 1.00000761449337e-06
0.1448390000150539 0.003441999986534938
0.1448390000150539 0.0
0.14423899998655543 0.0034429999941494316
0.14423899998655543 1.00000761449337e-06
0.1482079999987036 0.008712999988347292
0.1482079999987036 0.0
0.1478239999851212 0.003675999992992729
0.1478239999851212 9.999785106629133e-07
0.1483169999846723 0.003559000004315749
0.1483169999846723 0.0
0.1476340000226628 0.003595000016503036
0.1476340000226628 0.0
0.14712500001769513 0.003608999977586791
0.14712500001769513 1.00000761449337e-06
0.1460930000175722 0.0031319999834522605
0.1460930000175722 0.0
0.14808000001357868 0.003616000001784414
0.14808000001357868 0.0
0.14804900001036003 0.00358099999721162
0.14804900001036003 1.00000761449337e-06
0.14833999998518266 0.0035930000012740493
0.14833999998518266 9.999785106629133e-07
0.14714099999400787 0.003635000000940636
0.14714099999400787 0.0
<bots.big.custom_bot.CombatGroupManager object at 0x7fbab54fc518>
0.14924599998630583 0.0036219999892637134
0.14924599998630583 1.00000761449337e-06
0.15329899999778718 0.0036170000093989074
0.15329899999778718 0.0
0.15184999999473803 0.003568999993149191
0.15184999999473803 0.0
0.15283100001397543 0.004109000001335517
0.15283100001397543 1.00000761449337e-06
0.15012899998691864 0.002877999999327585
0.15012899998691864 0.0
0.15486899999086745 0.009048999985679984
0.15486899999086745 0.0
0.15544999999110587 0.00390999999945052
0.15544999999110587 1.00000761449337e-06
0.15714000002481043 0.003890000021783635
0.15714000002481043 1.00000761449337e-06
0.15868299998692237 0.003679000015836209
0.15868299998692237 1.00000761449337e-06
0.15699600000516511 0.00358399999095127
0.15699600000516511 0.0
0.15416399997775443 0.003710999997565523
0.15416399997775443 9.999785106629133e-07
0.15444499999284744 0.0036609999951906502
0.15444499999284744 1.00000761449337e-06
0.15473300000303425 0.0037930000107735395
0.15473300000303425 0.0
0.15693200001260266 0.0036850000033155084
0.15693200001260266 2.19999928958714e-05
0.15438500000163913 0.003802999999606982
0.15438500000163913 0.0
0.15992899998673238 0.004019999993033707
0.15992899998673238 9.999785106629133e-07
0.14695900000515394 0.0032869999995455146
0.14695900000515394 0.0
0.15835700000752695 0.0038209999911487103
0.15835700000752695 1.00000761449337e-06
0.156987999973353 0.003759000013815239
0.156987999973353 9.999785106629133e-07
0.15754700000979938 0.0036240000044927
0.15754700000979938 0.0
0.1582570000027772 0.0037540000048466027
0.1582570000027772 1.00000761449337e-06
0.13558800000464544 0.003835000010440126
0.13558800000464544 1.00000761449337e-06
0.15876300001400523 0.0038920000079087913
0.15876300001400523 0.0
0.1570660000143107 0.0035410000127740204
0.1570660000143107 1.00000761449337e-06
0.15149799999198876 0.004026000009616837
0.15149799999198876 0.0
0.1606399999873247 0.0037970000121276826
0.1606399999873247 0.0
0.16142000001855195 0.00419300000066869
0.16142000001855195 1.00000761449337e-06
0.1606960000062827 0.0037460000021383166
0.1606960000062827 1.00000761449337e-06
0.1586470000038389 0.0037379999994300306
0.1586470000038389 1.00000761449337e-06
0.1587580000050366 0.004102999984752387
0.1587580000050366 9.999785106629133e-07
0.12262399998144247 0.00692200000048615
0.12262399998144247 0.0
0.11834300000919029 0.0028689999890048057
0.11834300000919029 1.00000761449337e-06
0.1183700000110548 0.0027540000155568123
0.1183700000110548 9.999785106629133e-07
0.15275400000973605 0.00297499998123385
0.15275400000973605 0.0
0.11843600001884624 0.0027479999989736825
0.11843600001884624 0.0
0.16090700001223013 0.003985000017564744
0.16090700001223013 0.0
0.15696599998045713 0.0037569999985862523
0.15696599998045713 9.999785106629133e-07
0.16050200001336634 0.004222000017762184
0.16050200001336634 0.0
0.11880900000687689 0.0027399999962653965
0.11880900000687689 1.00000761449337e-06
0.11651999998139217 0.002740000025369227
0.11651999998139217 0.0
0.15006200000061654 0.0027459999837446958
0.15006200000061654 1.00000761449337e-06
0.13669200000003912 0.002968000015243888
0.13669200000003912 1.00000761449337e-06
0.15730700001586229 0.003622000018367544
0.15730700001586229 0.0
0.157268999988446 0.003648999991128221
0.157268999988446 0.0
0.15660499999648891 0.0036890000046696514
0.15660499999648891 9.999785106629133e-07
0.1572380000143312 0.0038040000072214752
0.1572380000143312 0.0
0.15965600000345148 0.004022000008262694
0.15965600000345148 1.00000761449337e-06
0.1190900000219699 0.0027840000111609697
0.1190900000219699 1.00000761449337e-06
0.11874800000805408 0.002734000008786097
0.11874800000805408 0.0
0.11905800001113676 0.0027640000043902546
0.11905800001113676 0.0
0.12107900000410154 0.002917000005254522
0.12107900000410154 0.0
0.12066600000252947 0.002749000006588176
0.12066600000252947 0.0
0.12205700000049546 0.0028400000010151416
0.12205700000049546 1.00000761449337e-06
0.12455300000146963 0.007179999985964969
0.12455300000146963 1.00000761449337e-06
0.1646220000111498 0.00423300001421012
0.1646220000111498 0.0
0.12845600000582635 0.007455999992089346
0.12845600000582635 9.999785106629133e-07
0.17561000000569038 0.010446000000229105
0.17561000000569038 0.0
0.17501399997854605 0.004566999996313825
0.17501399997854605 0.0
0.13341000000946224 0.0031620000081602484
0.13341000000946224 1.00000761449337e-06
0.1788560000131838 0.004253999999491498
0.1788560000131838 1.00000761449337e-06
<bots.big.custom_bot.CombatGroupManager object at 0x7fbab54fc518>
0.13291600000229664 0.0030700000061187893
0.13291600000229664 0.0
0.13372699997853488 0.003136999992420897
0.13372699997853488 0.0
0.13371699998970143 0.0030420000257436186
0.13371699998970143 0.0
0.13352199998917058 0.003085000003920868
0.13352199998917058 0.0
0.1310609999927692 0.003077999979723245
0.1310609999927692 0.0
0.13293100000009872 0.0030620000034105033
0.13293100000009872 1.00000761449337e-06
0.13325899999472313 0.003093000006629154
0.13325899999472313 1.00000761449337e-06
0.13380599999800324 0.003105999989202246
0.13380599999800324 0.0
0.13399499998195097 0.0031170000147540122
0.13399499998195097 1.00000761449337e-06
0.13383099998463877 0.003109999990556389
0.13383099998463877 0.0
0.13121099999989383 0.0030439999827649444
0.13121099999989383 0.0
0.1307109999761451 0.002993000001879409
0.1307109999761451 0.0
0.13077600000542589 0.003041999996639788
0.13077600000542589 0.0
0.1311920000007376 0.0030599999881815165
0.1311920000007376 1.00000761449337e-06
0.1335149999940768 0.00310100000933744
0.1335149999940768 1.00000761449337e-06
0.13608100000419654 0.00785100000211969
0.13608100000419654 0.0
0.13596500002313405 0.0032869999995455146
0.13596500002313405 0.0
0.13540900000953116 0.003192000003764406
0.13540900000953116 0.0
0.14026399998692796 0.0031780000135768205
0.14026399998692796 0.0
0.1357609999831766 0.003136999992420897
0.1357609999831766 0.0
0.13793699999223463 0.0032559999963268638
0.13793699999223463 1.00000761449337e-06
0.18871399998897687 0.004524999996647239
0.18871399998897687 0.0
0.18613799999002367 0.004416000010678545
0.18613799999002367 0.0
0.18705300000146963 0.00435299999662675
0.18705300000146963 0.0
0.17858500001602806 0.004175000009126961
0.17858500001602806 0.0
0.18140000000130385 0.004201999981887639
0.18140000000130385 1.00000761449337e-06
0.15297799999825656 0.003441999986534938
0.15297799999825656 9.999785106629133e-07
0.1790270000055898 0.004302999994251877
0.1790270000055898 1.00000761449337e-06
0.1777660000079777 0.004134000017074868
0.1777660000079777 1.00000761449337e-06
0.13075099998968653 0.003080000024056062
0.13075099998968653 0.0
0.13084699999308214 0.003062999981921166
0.13084699999308214 0.0
0.1306299999996554 0.0032669999927747995
0.1306299999996554 9.999785106629133e-07
0.13099499998497777 0.0032509999873582274
0.13099499998497777 9.999785106629133e-07
0.13094799997634254 0.003488000016659498
0.13094799997634254 1.00000761449337e-06
0.12798300001304597 0.0029320000030566007
0.12798300001304597 0.0
0.12860200001159683 0.0029199999989941716
0.12860200001159683 0.0
0.12832699998398311 0.0029119999962858856
0.12832699998398311 0.0
0.12932000000728294 0.0029429999995045364
0.12932000000728294 0.0
0.12936600000830367 0.002974000002723187
0.12936600000830367 1.00000761449337e-06
0.13066299998899922 0.0030229999974835664
0.13066299998899922 1.00000761449337e-06
0.1337270000076387 0.003089000005275011
0.1337270000076387 0.0
0.14409899999736808 0.0040889999945648015
0.14409899999736808 1.00000761449337e-06
0.17541200001141988 0.004287000017939135
0.17541200001141988 0.0
0.18145699999877252 0.0043920000025536865
0.18145699999877252 0.0
0.18220000001019798 0.0045990000071469694
0.18220000001019798 0.0
0.1878359999973327 0.004402000020490959
0.1878359999973327 1.00000761449337e-06
0.1864050000149291 0.004305999987991527
0.1864050000149291 0.0
0.18545700001413934 0.004312999983085319
0.18545700001413934 0.0
0.18531099997926503 0.00435299999662675
0.18531099997926503 0.0
0.1844050000072457 0.004441000026417896
0.1844050000072457 0.0
0.17993000001297332 0.004274999984772876
0.17993000001297332 0.0
0.1551329999929294 0.0033739999926183373
0.1551329999929294 0.0
0.1524199999985285 0.00922899998840876
0.1524199999985285 9.999785106629133e-07
0.18933200000901707 0.004606999980751425
0.18933200000901707 0.0
0.19425000000046566 0.011641999997664243
0.19425000000046566 1.00000761449337e-06
0.19331400000373833 0.004860000015469268
0.19331400000373833 1.00000761449337e-06
0.19770099999732338 0.004776999994646758
0.19770099999732338 0.0
0.17593299999134615 0.003872999979648739
0.17593299999134615 0.0
0.20008199999574572 0.004667999979574233
0.20008199999574572 0.0
0.20059500000206754 0.004654000018490478
0.20059500000206754 1.00000761449337e-06
<bots.big.custom_bot.CombatGroupManager object at 0x7fbab54fc518>
0.14666800000122748 0.003324999997857958
0.14666800000122748 0.0
0.1824180000112392 0.004528999998001382
0.1824180000112392 0.0
0.19625499998801388 0.004523999989032745
0.19625499998801388 9.999785106629133e-07
0.1947259999869857 0.004446000006282702
0.1947259999869857 0.0
0.19508200002019294 0.00447300000814721
0.19508200002019294 1.400001929141581e-05
0.1986179999948945 0.004581000015605241
0.1986179999948945 1.00000761449337e-06
0.19809699998586439 0.004553999984636903
0.19809699998586439 0.0
0.1980069999990519 0.004734999994980171
0.1980069999990519 1.00000761449337e-06
0.17465299999457784 0.004630999988876283
0.17465299999457784 1.00000761449337e-06
0.19698099998640828 0.004580999986501411
0.19698099998640828 0.0
0.19823300000280142 0.011450999998487532
0.19823300000280142 9.999785106629133e-07
0.20289599997340702 0.00495299999602139
0.20289599997340702 0.0
0.1941240000014659 0.003751999989617616
0.1941240000014659 0.0
0.19328599999425933 0.004500999988522381
0.19328599999425933 9.999785106629133e-07
0.19310200001928024 0.004404000006616116
0.19310200001928024 0.0
0.1949740000127349 0.004473999986657873
0.1949740000127349 0.0
0.1640309999929741 0.0034750000049825758
0.1640309999929741 0.0
0.1967270000022836 0.004654999997001141
0.1967270000022836 0.0
0.1945780000241939 0.004707000014605001
0.1945780000241939 0.0
0.19422899998608045 0.004474999994272366
0.19422899998608045 1.00000761449337e-06
0.144510000012815 0.0033340000081807375
0.144510000012815 0.0
0.19038899999577552 0.004457000002730638
0.19038899999577552 0.0
0.18503699998836964 0.004279999993741512
0.18503699998836964 1.00000761449337e-06
0.18562800000654534 0.004259999986970797
0.18562800000654534 0.0
0.18139399998472072 0.004298999992897734
0.18139399998472072 0.0
0.18525299997418188 0.004417000018293038
0.18525299997418188 0.0
0.18656699999701232 0.004347999987658113
0.18656699999701232 9.999785106629133e-07
0.18995299999369308 0.004465999983949587
0.18995299999369308 0.0
0.1879460000200197 0.0038099999947007746
0.1879460000200197 1.00000761449337e-06
0.1875069999950938 0.003499999991618097
0.1875069999950938 0.0
0.19187999999849126 0.004515000007813796
0.19187999999849126 1.00000761449337e-06
0.19351900002220646 0.004363000014564022
0.19351900002220646 0.0
0.19072500002221204 0.00443000000086613
0.19072500002221204 0.0
0.19127700000535697 0.004447999992407858
0.19127700000535697 1.00000761449337e-06
0.1902659999905154 0.004443999991053715
0.1902659999905154 0.0
0.19690800001262687 0.004621000000042841
0.19690800001262687 0.0
0.2197759999835398 0.004642999992938712
0.2197759999835398 0.0
0.2204900000069756 0.005323999997926876
0.2204900000069756 1.00000761449337e-06
0.22106899999198504 0.004549000004772097
0.22106899999198504 1.00000761449337e-06
0.17093100000056438 0.003671000013127923
0.17093100000056438 0.0
0.1493999999947846 0.003376999986357987
0.1493999999947846 1.00000761449337e-06
0.16630300000542775 0.004486000019824132
0.16630300000542775 0.0
0.22175700002117082 0.005260000005364418
0.22175700002117082 9.999785106629133e-07
0.20629600001848303 0.0046870000078342855
0.20629600001848303 0.0
0.21635999999125488 0.005493999982718378
0.21635999999125488 0.0
0.21756800002185628 0.005398000008426607
0.21756800002185628 1.00000761449337e-06
0.2151949999970384 0.00474999999278225
0.2151949999970384 1.00000761449337e-06
0.20345700002508238 0.004768000013427809
0.20345700002508238 0.0
0.20134599998709746 0.004638000013073906
0.20134599998709746 9.999785106629133e-07
0.19987499999115244 0.0046359999978449196
0.19987499999115244 0.0
0.20082200001343153 0.00467600001138635
0.20082200001343153 0.0
0.20092400000430644 0.005272000009426847
0.20092400000430644 0.0
0.2229640000150539 0.005460999993374571
0.2229640000150539 0.0
0.22634500000276603 0.005547999986447394
0.22634500000276603 0.0
0.22252899999148212 0.005686999997124076
0.22252899999148212 0.0
0.21982599998591468 0.004899999999906868
0.21982599998591468 0.0
0.18078299998887815 0.003714000020409003
0.18078299998887815 1.00000761449337e-06
0.1801850000047125 0.00518999999621883
0.1801850000047125 1.00000761449337e-06
0.20801899998332374 0.005231999995885417
0.20801899998332374 1.00000761449337e-06
0.20565299998270348 0.004913999990094453
0.20565299998270348 0.0
<bots.big.custom_bot.CombatGroupManager object at 0x7fbab54fc518>
0.20719899999676272 0.005157000006875023
0.20719899999676272 1.00000761449337e-06
0.1529609999852255 0.0035419999912846833
0.1529609999852255 0.0
0.20696299997507595 0.00479900001664646
0.20696299997507595 0.0
0.15095799998380244 0.0034180000075139105
0.15095799998380244 0.0
0.2050969999982044 0.004894999990938231
0.2050969999982044 0.0
0.20665600002394058 0.00499600000330247
0.20665600002394058 0.0
0.20650000000023283 0.004710999986855313
0.20650000000023283 0.0
0.17670100001851097 0.004782999982126057
0.17670100001851097 1.00000761449337e-06
0.2058800000231713 0.004811000020708889
0.2058800000231713 1.00000761449337e-06
0.2024309999833349 0.004649999988032505
0.2024309999833349 0.0
0.2054010000138078 0.004782999982126057
0.2054010000138078 0.0
0.20430199999827892 0.004655999975511804
0.20430199999827892 1.00000761449337e-06
0.2037209999980405 0.004642000014428049
0.2037209999980405 0.0
0.21550099999876693 0.005280999990645796
0.21550099999876693 0.0
0.206982000003336 0.004814999992959201
0.206982000003336 0.0
0.21545199997490272 0.005716999992728233
0.21545199997490272 1.00000761449337e-06
0.20396199999959208 0.0050039999769069254
0.20396199999959208 1.00000761449337e-06
0.21817799998098053 0.005554000003030524
0.21817799998098053 9.999785106629133e-07
0.22458099998766556 0.005773000011686236
0.22458099998766556 0.0
0.2187090000079479 0.005348999984562397
0.2187090000079479 1.00000761449337e-06
0.16230399999767542 0.00499600000330247
0.16230399999767542 1.00000761449337e-06
0.1824849999975413 0.004642000014428049
0.1824849999975413 0.0
0.2030279999889899 0.013458000001264736
0.2030279999889899 0.0
0.23530600001686253 0.004486999998334795
0.23530600001686253 0.0
0.1632839999801945 0.003983000002335757
0.1632839999801945 0.0
0.16195099998731166 0.003723000001627952
0.16195099998731166 1.00000761449337e-06
0.17793299999902956 0.004018000006908551
0.17793299999902956 1.00000761449337e-06
0.2121939999924507 0.004876999999396503
0.2121939999924507 1.00000761449337e-06
0.15891199998441152 0.003583000012440607
0.15891199998441152 1.00000761449337e-06
0.21552900000824593 0.005097999994177371
0.21552900000824593 1.00000761449337e-06
0.1615319999982603 0.009322000027168542
0.1615319999982603 0.0
0.15945300000021234 0.003735000005690381
0.15945300000021234 0.0
0.22037300001829863 0.005164000001968816
0.22037300001829863 1.00000761449337e-06
0.15995999998995103 0.003687999997055158
0.15995999998995103 9.999785106629133e-07
0.1612699999823235 0.0036609999951906502
0.1612699999823235 0.0
0.22091000000364147 0.005165000009583309
0.22091000000364147 0.0
0.16283600000315346 0.003679999994346872
0.16283600000315346 0.0
0.16222499997820705 0.003802999999606982
0.16222499997820705 1.00000761449337e-06
ERROR:sc2_patch.sc2_patch_490.main:AI step threw an error
Traceback (most recent call last):
  File "/mnt/d/sc2minigame-eval-2020-01-09/sc2_patch/sc2_patch_490/main.py", line 180, in _play_game_ai
    await ai.on_step(iteration)
  File "/mnt/d/sc2minigame-eval-2020-01-09/bots/big/custom_bot.py", line 1330, in on_step
    actions += await self.scout_manager.step(self.game_time)
  File "/mnt/d/sc2minigame-eval-2020-01-09/bots/big/custom_bot.py", line 331, in step
    actions += await self.scout_step(unit, units, enemy, game_time)
  File "/mnt/d/sc2minigame-eval-2020-01-09/bots/big/custom_bot.py", line 935, in scout_step
    self.target = self.terrein_manager.safe_place
AttributeError: 'CombatGroupManager' object has no attribute 'terrein_manager'
ERROR:sc2_patch.sc2_patch_490.main:Error: 'CombatGroupManager' object has no attribute 'terrein_manager'
ERROR:sc2_patch.sc2_patch_490.main:Resigning due to previous error
INFO:root:Result for player 1 - Bot(Race.Terran, <bots.big.custom_bot.CustomBot object at 0x7fba9e033f28>): Defeat
0.1615979999769479 0.0037339999980758876
0.1615979999769479 0.0
INFO:sc2.client:Saved replay to outs/2020-01-17T11-28-03/replays/big-showing_bot/big-showing_bot-3.SC2Replay
INFO:sc2.protocol:Client status changed to Status.ended (was Status.in_game)
INFO:root:Result for player 2 - Bot(Race.Terran, <bots.Showing_bot.speedBot.MarinBot object at 0x7fbaa06657f0>): Victory
INFO:sc2.protocol:Client status changed to Status.launched (was Status.in_game)
INFO:sc2.protocol:Client status changed to Status.quit (was Status.launched)
INFO:sc2.sc2process:kill_switch: Process cleanup
INFO:sc2.sc2process:Cleaning up...
INFO:sc2.sc2process:Cleanup complete
INFO:sc2.sc2process:Cleaning up...
INFO:sc2.sc2process:Cleanup complete
INFO:sc2.protocol:Cannot receive: Connection already closed.
INFO:sc2.sc2process:kill_switch: Process cleanup
INFO:sc2.sc2process:Cleaning up...
INFO:sc2.sc2process:Cleanup complete
INFO:sc2.sc2process:Cleaning up...
INFO:sc2.sc2process:Cleanup complete


## STDERR ##

Version: B75689 (SC2.4.10)
Build: Aug 12 2019 17:16:57
Command Line: '"/home/hspark8312/StarCraftII/Versions/Base75689/SC2_x64" -listen 127.0.0.1 -port 17289 -displayMode 0 -dataDir /home/hspark8312/StarCraftII -tempDir /tmp/SC2_zf3mg1gw'
Starting up...
Startup Phase 1 complete
Version: B75689 (SC2.4.10)
Build: Aug 12 2019 17:16:57
Command Line: '"/home/hspark8312/StarCraftII/Versions/Base75689/SC2_x64" -listen 127.0.0.1 -port 21389 -displayMode 0 -dataDir /home/hspark8312/StarCraftII -tempDir /tmp/SC2_57zimyxh'
Starting up...
Startup Phase 1 complete
Startup Phase 2 complete
Creating stub renderer...
Listening on: 127.0.0.1:17289
Startup Phase 3 complete. Ready for commands.
Startup Phase 2 complete
Creating stub renderer...
ConnectHandler: Request from 127.0.0.1:59796 accepted
ReadyHandler: 127.0.0.1:59796 ready
Listening on: 127.0.0.1:21389
Requesting to join a multiplayer game
Configuring interface options
Configure: raw interface enabled
Configure: feature layer interface enabled
Configure: score interface enabled
Configure: render interface disabled
Startup Phase 3 complete. Ready for commands.
ConnectHandler: Request from 127.0.0.1:59798 accepted
ReadyHandler: 127.0.0.1:59798 ready
Requesting to join a multiplayer game
Configuring interface options
Configure: raw interface enabled
Configure: feature layer interface enabled
Configure: score interface enabled
Configure: render interface disabled
Create game with map path: NCFellowship-2019_m1_v6.SC2Map
Deferred error: 536936448 (0x20010000)
Deferred error details: Bad profiling data. TimeMS: 3610319.250000 Conversion: 1.000000e-03
Attempting to join a game with the map: NCFellowship-2019_m1_v6.SC2Map
Game has started.
Using default stable ids, none found at: /home/hspark8312/StarCraftII/stableid.json
Successfully loaded stable ids: GameData\stableid.json
Sending ResponseJoinGame
Deferred error: 536936448 (0x20010000)
Deferred error details: Bad profiling data. TimeMS: 6244907.500000 Conversion: 1.000000e-03
Game has started.
Using default stable ids, none found at: /home/hspark8312/StarCraftII/stableid.json
Successfully loaded stable ids: GameData\stableid.json
Sending ResponseJoinGame
RequestQuit command received.
Closing Application...
CloseHandler: 127.0.0.1:59798 disconnected
Terminate action already called.
/home/hspark8312/anaconda3/envs/sc2/lib/python3.6/importlib/_bootstrap.py:219: RuntimeWarning: numpy.ufunc size changed, may indicate binary incompatibility. Expected 192 from C header, got 216 from PyObject
  return f(*args, **kwds)
/home/hspark8312/anaconda3/envs/sc2/lib/python3.6/importlib/_bootstrap.py:219: RuntimeWarning: numpy.ufunc size changed, may indicate binary incompatibility. Expected 192 from C header, got 216 from PyObject
  return f(*args, **kwds)
/home/hspark8312/anaconda3/envs/sc2/lib/python3.6/site-packages/tensorboard/compat/tensorflow_stub/dtypes.py:541: FutureWarning: Passing (type, 1) or '1type' as a synonym of type is deprecated; in a future version of numpy, it will be understood as (type, (1,)) / '(1,)type'.
  _np_qint8 = np.dtype([("qint8", np.int8, 1)])
/home/hspark8312/anaconda3/envs/sc2/lib/python3.6/site-packages/past/builtins/misc.py:45: DeprecationWarning: the imp module is deprecated in favour of importlib; see the module's documentation for alternative uses
  from imp import reload
/mnt/d/sc2minigame-eval-2020-01-09/bots/Showing_bot/speedBot.py:1643: RuntimeWarning: coroutine 'TerreinManager.debug' was never awaited
  self.terrein_manager.debug()
