## STDOUT ##

[[92mINFO[0m] SC2 4.9.0 용 패치 적용
패치 sc2.ids.ability_id
패치 sc2.game_state
패치 sc2.bot_ai
패치 sc2.client
패치 sc2.controller
패치 sc2.main
INFO:root:Failed to import cuda module: No module named 'caffe2.python.caffe2_pybind11_state_gpu'
INFO:root:Failed to import AMD hip module: No module named 'caffe2.python.caffe2_pybind11_state_hip'
WARNING:root:This caffe2 python run does not have GPU support. Will run in CPU only mode.
cpu
INFO:sc2.protocol:Client status changed to Status.launched (was None)
INFO:sc2.protocol:Client status changed to Status.launched (was None)
INFO:sc2_patch.sc2_patch_490.controller:Creating new game
INFO:sc2_patch.sc2_patch_490.controller:Map:     NCFellowship-2019_m1_v6
INFO:sc2_patch.sc2_patch_490.controller:Players: Bot(Race.Terran, <bots.big.custom_bot.CustomBot object at 0x7fe1060e8f60>), Bot(Race.Terran, <bots.Showing_bot.speedBot.MarinBot object at 0x7fe1087167b8>)
INFO:sc2.protocol:Client status changed to Status.init_game (was Status.launched)
INFO:sc2.protocol:Client status changed to Status.in_game (was None)
INFO:root:Player 2 - Bot(Race.Terran, <bots.Showing_bot.speedBot.MarinBot object at 0x7fe1087167b8>)
TEST: 2, <bots.Showing_bot.speedBot.MarinBot object at 0x7fe1087167b8>
load model: bots/Showing_bot/models/model-89.pt
create new model
INFO:sc2.protocol:Client status changed to Status.in_game (was None)
INFO:root:Player 1 - Bot(Race.Terran, <bots.big.custom_bot.CustomBot object at 0x7fe1060e8f60>)
TEST: 1, <bots.big.custom_bot.CustomBot object at 0x7fe1060e8f60>
0.04449299999396317 0.0029820000054314733
0.04449299999396317 1.00000761449337e-06
0.045529000024544075 0.002195000008214265
0.045529000024544075 0.0
0.045200000022305176 0.001555000024382025
0.045200000022305176 0.0
0.04566000000340864 0.0014940000255592167
0.04566000000340864 0.0
0.04602300000260584 0.0014870000013615936
0.04602300000260584 0.0
0.045363000012002885 0.0011520000116433948
0.045363000012002885 0.0
0.04534700000658631 0.001121000008424744
0.04534700000658631 0.0
0.045271000009961426 0.0012080000014975667
0.045271000009961426 0.0
0.04516500001773238 0.0011349999986123294
0.04516500001773238 9.999785106629133e-07
0.04532099998323247 0.0011710000107996166
0.04532099998323247 0.0
0.044611999997869134 0.0011260000173933804
0.044611999997869134 0.0
0.044658999977400526 0.0011189999931957573
0.044658999977400526 0.0
0.04548999998951331 0.0011980000126641244
0.04548999998951331 0.0
0.04550300000119023 0.0011670000094454736
0.04550300000119023 1.00000761449337e-06
0.045412000006763265 0.0011570000206120312
0.045412000006763265 1.00000761449337e-06
0.04809100000420585 0.0017389999993611127
0.04809100000420585 9.999785106629133e-07
0.04616699999314733 0.00117200001841411
0.04616699999314733 1.00000761449337e-06
0.04531300000962801 0.0011309999972581863
0.04531300000962801 0.0
0.04538600001251325 0.0012210000131744891
0.04538600001251325 0.0
0.045148000004701316 0.0011289999820291996
0.045148000004701316 0.0
0.0473280000151135 0.001361999980872497
0.0473280000151135 0.0
0.04923400000552647 0.0012239999778103083
0.04923400000552647 0.0
0.048358999978518113 0.001336000015726313
0.048358999978518113 0.0
0.048223999998299405 0.0012490000226534903
0.048223999998299405 1.00000761449337e-06
0.047386999998707324 0.0012419999984558672
0.047386999998707324 1.00000761449337e-06
0.0482309999933932 0.001269000000320375
0.0482309999933932 1.00000761449337e-06
0.04755700001260266 0.0013150000013411045
0.04755700001260266 0.0
0.047781000001123175 0.001248000015038997
0.047781000001123175 0.0
0.0478000000002794 0.0012229999992996454
0.0478000000002794 0.0
0.04835399999865331 0.0013179999950807542
0.04835399999865331 0.0
0.04759199998807162 0.0012310000020079315
0.04759199998807162 1.00000761449337e-06
0.048209000000497326 0.0012370000185910612
0.048209000000497326 0.0
0.04795899998862296 0.003339999995660037
0.04795899998862296 0.0
0.04895500000566244 0.0014469999878201634
0.04895500000566244 1.00000761449337e-06
0.05051500000990927 0.0015079999866429716
0.05051500000990927 0.0
0.05228899998473935 0.006609000003663823
0.05228899998473935 0.0
0.05014500001561828 0.001955000014277175
0.05014500001561828 1.00000761449337e-06
0.05089799998677336 0.0019289999909233302
0.05089799998677336 1.00000761449337e-06
0.0504429999855347 0.0018500000005587935
0.0504429999855347 0.0
0.05851599999004975 0.006289999990258366
0.05851599999004975 0.0
changed strategy
0.05986000000848435 0.005877999996300787
0.05986000000848435 9.999785106629133e-07
0.06345600000349805 0.004103000013856217
0.06345600000349805 0.0
0.062371999985771254 0.00479599999380298
0.062371999985771254 0.0
0.06619399998453446 0.001791999995475635
0.06619399998453446 0.0
0.06634799999301322 0.0016800000157672912
0.06634799999301322 0.0
0.06564000001526438 0.001613999978872016
0.06564000001526438 1.00000761449337e-06
0.0645749999966938 0.0016690000193193555
0.0645749999966938 1.00000761449337e-06
0.0644509999838192 0.0015959999873302877
0.0644509999838192 0.0
0.06321000002208166 0.0015750000020489097
0.06321000002208166 1.00000761449337e-06
0.0627669999958016 0.0015770000172778964
0.0627669999958016 0.0
0.06549900001846254 0.0016979999782051891
0.06549900001846254 0.0
0.0654719999874942 0.0016110000142361969
0.0654719999874942 1.00000761449337e-06
0.06505699999979697 0.0016370000084862113
0.06505699999979697 0.0
0.0613770000054501 0.0015410000050906092
0.0613770000054501 1.00000761449337e-06
0.05830699999933131 0.0014910000027157366
0.05830699999933131 1.00000761449337e-06
0.05770599999232218 0.001441000000340864
0.05770599999232218 0.0
0.0581160000001546 0.0015859999984968454
0.0581160000001546 9.999785106629133e-07
0.058385000011185184 0.0016119999927468598
0.058385000011185184 0.0
0.05772000001161359 0.0014340000052470714
0.05772000001161359 1.00000761449337e-06
0.05768300002091564 0.0014290000253822654
0.05768300002091564 1.00000761449337e-06

0.05720800001290627 0.001512999995611608
0.05720800001290627 1.00000761449337e-06
ready
0.060987999982899055 0.0015710000006947666
0.060987999982899055 0.0
ready
0.06601800001226366 0.0040760000119917095
0.06601800001226366 1.00000761449337e-06
ready
0.06995599999208935 0.004249999998137355
0.06995599999208935 0.0
ready
0.06801600000471808 0.001988999982131645
0.06801600000471808 0.0
ready
0.06838499999139458 0.0017019999795593321
0.06838499999139458 0.0
ready
0.06785600000876002 0.0017060000100173056
0.06785600000876002 0.0
ready
0.06828099998529069 0.0017499999958090484
0.06828099998529069 0.0
ready
0.06792699999641627 0.0017579999985173345
0.06792699999641627 0.0
ready
0.06869699998060241 0.0017179999849759042
0.06869699998060241 0.0
ready
0.07162200001766905 0.001883999997517094
0.07162200001766905 0.0
ready
0.07465799999772571 0.004646000015782192
0.07465799999772571 9.999785106629133e-07
ready
0.07358399999793619 0.0019160000083502382
0.07358399999793619 0.0
ready
0.07207999998354353 0.0017940000107046217
0.07207999998354353 1.00000761449337e-06
ready
0.07442400002037175 0.0018470000068191439
0.07442400002037175 9.999785106629133e-07
ready
0.07269299999461509 0.0018180000188294798
0.07269299999461509 0.0
ready
0.07392500000423752 0.0018640000198502094
0.07392500000423752 1.00000761449337e-06
0.07302000001072884 0.0018699999782256782
0.07302000001072884 1.00000761449337e-06
ready
0.07299700001021847 0.001803000021027401
0.07299700001021847 1.00000761449337e-06
ready
0.07204200001433492 0.0017690000240691006
0.07204200001433492 0.0
ready
0.06823000000440516 0.001672999991569668
0.06823000000440516 0.0
ready
0.06630199999199249 0.001656999986153096
0.06630199999199249 0.0
ready
0.06537699999171309 0.0017430000007152557
0.06537699999171309 0.0
ready
0.06244099998730235 0.0016969999996945262
0.06244099998730235 0.0
ready
0.06177699999534525 0.0017920000245794654
0.06177699999534525 0.0
ready
0.06545500000356697 0.0019449999963399023
0.06545500000356697 1.00000761449337e-06
ready
0.0627890000178013 0.001972999976715073
0.0627890000178013 0.0
ready
0.06450000000768341 0.0057869999727699906
0.06450000000768341 1.00000761449337e-06
ready
0.062464999995427206 0.0018370000179857016
0.062464999995427206 0.0
ready
0.06380600002012216 0.0019919999758712947
0.06380600002012216 0.0
ready
0.06301300000632182 0.0020249999943189323
0.06301300000632182 0.0
ready
ready
0.061722999991616234 0.0016570000152569264
0.061722999991616234 9.999785106629133e-07
go
0.06160800001816824 0.001787000015610829
0.06160800001816824 0.0
go
0.06007499998668209 0.0017740000039339066
0.06007499998668209 0.0
go
0.05976199998985976 0.0018060000147670507
0.05976199998985976 0.0
go
0.05967000001692213 0.0019370000227354467
0.05967000001692213 1.00000761449337e-06
go
0.05630300001939759 0.0015190000121947378
0.05630300001939759 0.0
go
0.05641800002194941 0.001720000000204891
0.05641800002194941 0.0
go
0.055496999993920326 0.0017649999936111271
0.055496999993920326 1.00000761449337e-06
go
0.054069000005256385 0.0017539999971631914
0.054069000005256385 1.00000761449337e-06
go
0.05581499999971129 0.0018360000103712082
0.05581499999971129 0.0
go
0.05490499999723397 0.0015910000074654818
0.05490499999723397 0.0
go
0.052715999976499006 0.001660000008996576
0.052715999976499006 0.0
go
0.05020699999295175 0.0016849999956320971
0.05020699999295175 0.0
go
0.049547000002348796 0.0013040000048931688
0.049547000002348796 0.0
go
0.05002799999783747 0.0015859999984968454
0.05002799999783747 1.00000761449337e-06
go
0.05094200000166893 0.0014779999910388142
0.05094200000166893 0.0
go
0.05157599999802187 0.0015959999873302877
0.05157599999802187 0.0
go
0.052631000027759 0.0016180000093299896
0.052631000027759 9.999785106629133e-07
go
0.0511230000120122 0.0016450000111944973
0.0511230000120122 1.00000761449337e-06
combat
0.052639000001363456 0.0016259999829344451
0.052639000001363456 0.0
fallback
0.05205599998589605 0.0015280000225175172
0.05205599998589605 0.0
fallback
0.054647000011755154 0.001672999991569668
0.054647000011755154 0.0
fallback
0.05519700000877492 0.0016929999983403832
0.05519700000877492 0.0
fallback
0.05601599998772144 0.0022170000011101365
0.05601599998772144 0.0
fallback
0.05488500001956709 0.0018350000027567148
0.05488500001956709 1.00000761449337e-06
fallback
0.05306400000699796 0.0022659999958705157
0.05306400000699796 1.00000761449337e-06
fallback
0.05278100000577979 0.0026409999991301447
0.05278100000577979 0.0
ready
0.0524440000008326 0.002718000003369525
0.0524440000008326 1.00000761449337e-06
ready
0.05332999999518506 0.003272000001743436
0.05332999999518506 1.00000761449337e-06
ready
0.05591900000581518 0.0017189999925903976
0.05591900000581518 1.00000761449337e-06
ready
0.05663700000150129 0.0019699999829754233
0.05663700000150129 0.0
ready
0.05584499999531545 0.0016119999927468598
0.05584499999531545 0.0
ready
0.05660000001080334 0.0018359999812673777
0.05660000001080334 0.0
ready
0.05666800000471994 0.0014399999927263707
0.05666800000471994 1.00000761449337e-06
ready
0.053499999979976565 0.0013710000202991068
0.053499999979976565 9.999785106629133e-07
ready
0.05360700000892393 0.0013719999988097697
0.05360700000892393 1.00000761449337e-06
ready
0.05371999999624677 0.0013380000018514693
0.05371999999624677 0.0
ready
0.05573700001696125 0.0015229999844450504
0.05573700001696125 0.0
ready
0.05311900001834147 0.0013510000135283917
0.05311900001834147 0.0
ready
0.05324000000837259 0.0013139999937266111
0.05324000000837259 0.0
ready
0.05529799999203533 0.0013949999993201345
0.05529799999203533 0.0
ready
0.052457000012509525 0.0014120000123512
0.052457000012509525 1.00000761449337e-06
ready
0.05256999999983236 0.0013599999947473407
0.05256999999983236 1.00000761449337e-06
ready
0.053536999999778345 0.001516999996965751
0.053536999999778345 0.0
ready
0.05264999999781139 0.0015509999939240515
0.05264999999781139 1.00000761449337e-06
ready
0.052808000007644296 0.0015399999974761158
0.052808000007644296 0.0
ready
0.053202000010060146 0.0013509999844245613
0.053202000010060146 0.0
ready
0.05350799998268485 0.0013150000013411045
0.05350799998268485 1.00000761449337e-06
ready
0.05336099999840371 0.0013430000108201057
0.05336099999840371 1.00000761449337e-06
ready
0.052759000012883916 0.0013849999813828617
0.052759000012883916 1.00000761449337e-06
ready
0.053222999995341524 0.001320000010309741
0.053222999995341524 1.00000761449337e-06
ready
0.053016999998362735 0.001365000003715977
0.053016999998362735 0.0
ready
0.05269599999883212 0.001432000019121915
0.05269599999883212 0.0
ready
0.05335900001227856 0.0013439999893307686
0.05335900001227856 1.00000761449337e-06
ready
0.05249000000185333 0.0013099999923724681
0.05249000000185333 0.0
ready
0.05215199998929165 0.001301999989664182
0.05215199998929165 9.999785106629133e-07
ready
0.05344399999012239 0.0013639999961014837
0.05344399999012239 1.00000761449337e-06
ready
0.05297499999869615 0.0013789999939035624
0.05297499999869615 1.00000761449337e-06
ready
0.05358800000976771 0.001318999973591417
0.05358800000976771 9.999785106629133e-07
ready
0.05654499999945983 0.0015279999934136868
0.05654499999945983 1.00000761449337e-06
ready
0.05549600001540966 0.0014229999796953052
0.05549600001540966 0.0
ready
0.056205000000773 0.0014870000013615936
0.056205000000773 0.0
ready
0.05543099998612888 0.0014559999981429428
0.05543099998612888 9.999785106629133e-07
ready
0.05571700001019053 0.0014409999712370336
0.05571700001019053 0.0
ready
0.055570999975316226 0.0014620000147260725
0.055570999975316226 0.0
ready
0.05570200001238845 0.0014010000159032643
0.05570200001238845 0.0
ready
0.056183000007877126 0.0014199999859556556
0.056183000007877126 0.0
0.05612800002563745 0.0014430000155698508
0.05612800002563745 9.999785106629133e-07
ready
0.055502999981399626 0.0016240000259131193
0.055502999981399626 0.0
ready
ready
0.055521000002045184 0.0013249999901745468
0.055521000002045184 1.00000761449337e-06
ready
0.055180000024847686 0.0015190000121947378
0.055180000024847686 0.0
ready
0.05590100001427345 0.0019290000200271606
0.05590100001427345 9.999785106629133e-07
ready
0.05802700002095662 0.0018179999897256494
0.05802700002095662 0.0
ready
0.06186899999738671 0.0018529999942984432
0.06186899999738671 0.0
ready
0.06088800000725314 0.001859000010881573
0.06088800000725314 0.0
0.06092899999930523 0.0017850000003818423
0.06092899999930523 0.0
ready
ready
0.058455999998841435 0.0016900000046007335
0.058455999998841435 0.0
ready
0.07836400001542643 0.002710000000661239
0.07836400001542643 0.0
ready
0.05865699998685159 0.0015230000135488808
0.05865699998685159 1.00000761449337e-06
ready
0.07117999999900348 0.0020059999951627105
0.07117999999900348 1.00000761449337e-06
0.060886000021127984 0.0017949999892152846
0.060886000021127984 9.999785106629133e-07
ready
0.06111800001235679 0.0016749999776948243
0.06111800001235679 0.0
ready
ready
0.06136199997854419 0.0019380000012461096
0.06136199997854419 0.0
ready
0.05868200000259094 0.001904999982798472
0.05868200000259094 0.0
ready
0.057984999992186204 0.001580999989528209
0.057984999992186204 1.00000761449337e-06
ready
0.05773499998031184 0.0017039999947883189
0.05773499998031184 0.0
ready
0.05900499998824671 0.0015230000135488808
0.05900499998824671 1.00000761449337e-06
ready
0.05879300000378862 0.0017179999849759042
0.05879300000378862 1.00000761449337e-06
ready
0.05992400000104681 0.002039000013610348
0.05992400000104681 0.0
ready
0.06251600000541657 0.0014780000201426446
0.06251600000541657 1.00000761449337e-06
ready
0.05819099998916499 0.0014650000084657222
0.05819099998916499 1.00000761449337e-06
ready
0.05777099999249913 0.0014300000038929284
0.05777099999249913 1.00000761449337e-06
ready
0.057235000014770776 0.0014380000066012144
0.057235000014770776 0.0
ready
0.05618099999264814 0.00144599998020567
0.05618099999264814 9.999785106629133e-07
ready
0.05859399997279979 0.001524999999674037
0.05859399997279979 1.00000761449337e-06
ready
0.05991899999207817 0.0014709999959450215
0.05991899999207817 0.0
ready
0.05730799998855218 0.0014559999981429428
0.05730799998855218 0.0
ready
0.05804199998965487 0.001445000001695007
0.05804199998965487 9.999785106629133e-07
ready
0.05724900000495836 0.0014810000138822943
0.05724900000495836 1.00000761449337e-06
ready
0.05860499999835156 0.0014439999940805137
0.05860499999835156 0.0
ready
0.05744899998535402 0.0014780000201426446
0.05744899998535402 0.0
ready
0.06122700002742931 0.0014899999951012433
0.06122700002742931 0.0
ready
0.06142000001273118 0.0015460000140592456
0.06142000001273118 0.0
ready
0.060499000013805926 0.0015069999790284783
0.060499000013805926 1.00000761449337e-06
ready
0.05901999998604879 0.0014669999945908785
0.05901999998604879 0.0
ready
0.05566100002033636 0.0014190000074449927
0.05566100002033636 1.00000761449337e-06
ready
0.0557449999905657 0.001420999993570149
0.0557449999905657 1.00000761449337e-06
ready
0.052740000013727695 0.0013049999834038317
0.052740000013727695 0.0
ready
0.05305300001055002 0.0013770000077784061
0.05305300001055002 0.0
ready
0.05481600001803599 0.0013500000059138983
0.05481600001803599 9.999785106629133e-07
ready
0.05539900000439957 0.0013880000042263418
0.05539900000439957 1.00000761449337e-06
ready
0.05576199997449294 0.0013810000091325492
0.05576199997449294 0.0
ready
0.05424699999275617 0.0013679999974556267
0.05424699999275617 1.00000761449337e-06
ready
0.05360600000130944 0.0013829999952577055
0.05360600000130944 0.0
ready
0.05361600001924671 0.001344000018434599
0.05361600001924671 0.0
ready
0.05338800000026822 0.001324000011663884
0.05338800000026822 9.999785106629133e-07
ready
0.05400000000372529 0.001340000017080456
0.05400000000372529 0.0
ready
0.05307299998821691 0.0013170000165700912
0.05307299998821691 0.0
ready
0.05388599997968413 0.0013069999986328185
0.05388599997968413 1.00000761449337e-06
ready
0.05314400000497699 0.0012989999959245324
0.05314400000497699 0.0
ready
0.05430399999022484 0.0013800000015180558
0.05430399999022484 1.00000761449337e-06
ready
0.04972400001133792 0.0013170000165700912
0.04972400001133792 1.00000761449337e-06
ready
0.05035700000007637 0.0012459999998100102
0.05035700000007637 0.0
ready
0.05309500001021661 0.0013299999991431832
0.05309500001021661 0.0
ready
0.056336000008741394 0.0014680000022053719
0.056336000008741394 0.0
ready
0.055880999978398904 0.0013990000006742775
0.055880999978398904 0.0
ready
0.05574799998430535 0.00136900000507012
0.05574799998430535 9.999785106629133e-07
ready
0.05243600002722815 0.0013439999893307686
0.05243600002722815 0.0
ready
0.05348600001889281 0.0013820000167470425
0.05348600001889281 0.0
ready
0.055542999994941056 0.001416999992216006
0.055542999994941056 0.0
ready
0.05062200000975281 0.001285000005736947
0.05062200000975281 0.0
ready
0.05098500000895001 0.0012849999766331166
0.05098500000895001 0.0
ready
0.05063799998606555 0.0012949999945703894
0.05063799998606555 9.999785106629133e-07
ready
0.05063800001516938 0.001269000000320375
0.05063800001516938 1.00000761449337e-06
ready
0.04783699999097735 0.0011729999969247729
0.04783699999097735 0.0
ready
0.045448999997461215 0.0012580000038724393
0.045448999997461215 1.00000761449337e-06
ready
0.04298599998583086 0.00104599999031052
0.04298599998583086 0.0
ready
0.048535000008996576 0.001213999988976866
0.048535000008996576 0.0
ready
0.048085999995237216 0.001197000005049631
0.048085999995237216 1.00000761449337e-06
ready
0.051045000000158325 0.001281000004382804
0.051045000000158325 1.00000761449337e-06
ready
0.05251500001759268 0.0013150000013411045
0.05251500001759268 0.0
ready
0.05326200000126846 0.0013829999952577055
0.05326200000126846 0.0
ready
0.052672000019811094 0.0013330000219866633
0.052672000019811094 0.0
0.05392000000574626 0.0017570000200066715
0.05392000000574626 1.00000761449337e-06
ready
0.05156900000292808 0.0012409999908413738
0.05156900000292808 0.0
ready
ready
0.047778000007383525 0.001180999999633059
0.047778000007383525 1.00000761449337e-06
0.05057599997962825 0.0014319999900180846
0.05057599997962825 0.0
ready
0.04810900002485141 0.001644000003580004
0.04810900002485141 1.00000761449337e-06
ready
0.04781999997794628 0.0012120000028517097
0.04781999997794628 0.0
ready
ready
0.06112500000745058 0.0023179999843705446
0.06112500000745058 0.0
ready
0.05119399999966845 0.0016079999913927168
0.05119399999966845 0.0
ready
0.04791399999521673 0.001429999974789098
0.04791399999521673 1.00000761449337e-06
ready
0.04854300001170486 0.0016500000201631337
0.04854300001170486 0.0
ready
0.053109000000404194 0.001463000022340566
0.053109000000404194 9.999785106629133e-07
ready
0.053348999994341284 0.0016639999812468886
0.053348999994341284 0.0
ready
0.0532390000007581 0.0013660000113304704
0.0532390000007581 1.00000761449337e-06
ready
0.052958999993279576 0.0013420000032056123
0.052958999993279576 0.0
ready
0.053331000002799556 0.0013319999852683395
0.053331000002799556 0.0
ready
0.05349799999385141 0.0014150000060908496
0.05349799999385141 1.00000761449337e-06
ready
0.05533400000422262 0.0014819999923929572
0.05533400000422262 1.00000761449337e-06
ready
0.05218800000147894 0.0013340000004973263
0.05218800000147894 0.0
ready
0.05286699999123812 0.0013820000167470425
0.05286699999123812 1.00000761449337e-06
go
0.053392000001622364 0.0013639999961014837
0.053392000001622364 1.00000761449337e-06
go
0.053469000005861744 0.0013159999798517674
0.053469000005861744 1.00000761449337e-06
go
0.05576300001121126 0.0013940000208094716
0.05576300001121126 0.0
go
0.05267399997683242 0.001336999994236976
0.05267399997683242 0.0
go
0.05033800000092015 0.0012989999959245324
0.05033800000092015 0.0
go
0.05237900000065565 0.0013270000054035336
0.05237900000065565 0.0
go
0.05291100000613369 0.0013549999857787043
0.05291100000613369 0.0
go
0.05308300000615418 0.0013069999986328185
0.05308300000615418 1.00000761449337e-06
go
0.05298099998617545 0.0013850000104866922
0.05298099998617545 1.00000761449337e-06
go
0.052291999978479 0.0013219999964348972
0.052291999978479 1.00000761449337e-06
go
0.055997999996179715 0.0013669999898411334
0.055997999996179715 0.0
go
0.05287100002169609 0.0013860000181011856
0.05287100002169609 1.00000761449337e-06
go
0.05317800000193529 0.001568000006955117
0.05317800000193529 0.0
go
0.05314800000633113 0.0012969999806955457
0.05314800000633113 1.00000761449337e-06
go
0.06117499998072162 0.0017180000140797347
0.06117499998072162 0.0
go
0.06053000001702458 0.00149200001033023
0.06053000001702458 1.00000761449337e-06
go
0.05810299998847768 0.001476000004913658
0.05810299998847768 0.0
go
0.06218999999691732 0.0015549999952781945
0.06218999999691732 1.00000761449337e-06
go
0.06312800000887364 0.0017589999770279974
0.06312800000887364 0.0
go
0.06295099999988452 0.0015540000167675316
0.06295099999988452 0.0
0.0591829999757465 0.0015140000032261014
0.0591829999757465 1.00000761449337e-06
go
go
0.060105000011390075 0.0017960000259336084
0.060105000011390075 0.0
go
0.05767400001059286 0.0015180000045802444
0.05767400001059286 9.999785106629133e-07
go
0.05849799999850802 0.001471000025048852
0.05849799999850802 0.0
go
0.05601699999533594 0.0015259999781847
0.05601699999533594 0.0
go
0.055829000019002706 0.0017779999761842191
0.055829000019002706 1.00000761449337e-06
go
0.05612799999653362 0.001947999990079552
0.05612799999653362 1.00000761449337e-06
go
0.05012400000123307 0.0013190000026952475
0.05012400000123307 1.00000761449337e-06
go
0.05056999999214895 0.0015290000010281801
0.05056999999214895 0.0
go
0.04824500001268461 0.0014659999869763851
0.04824500001268461 0.0
go
0.04977699997834861 0.0015629999979864806
0.04977699997834861 0.0
go
0.051722000003792346 0.0013990000006742775
0.051722000003792346 0.0
go
0.05272300000069663 0.001600999996298924
0.05272300000069663 0.0
go
0.050534000009065494 0.0012829999905079603
0.050534000009065494 0.0
go
0.05027800000971183 0.0012870000209659338
0.05027800000971183 0.0
go
0.05020700002205558 0.001324000011663884
0.05020700002205558 9.999785106629133e-07
go
0.04970499998307787 0.0015439999988302588
0.04970499998307787 0.0
go
0.050057999993441626 0.0015589999966323376
0.050057999993441626 1.00000761449337e-06
go
0.0641390000237152 0.0013290000206325203
0.0641390000237152 0.0
go
0.05056100001093 0.0013000000035390258
0.05056100001093 1.00000761449337e-06
go
0.05124400000204332 0.0013350000081118196
0.05124400000204332 1.00000761449337e-06
go
0.0556489999871701 0.0015990000101737678
0.0556489999871701 0.0
go
0.050928000011481345 0.001301999989664182
0.050928000011481345 0.0
go
0.0509639999945648 0.0012980000174138695
0.0509639999945648 0.0
go
0.05073800001991913 0.0013010000111535192
0.05073800001991913 1.00000761449337e-06
go
0.058701999980257824 0.001896999980090186
0.058701999980257824 1.00000761449337e-06
go
0.05605099999229424 0.0013900000194553286
0.05605099999229424 0.0
go
0.06245900000794791 0.0017349999980069697
0.06245900000794791 0.0
go
0.058034999994561076 0.0014610000071115792
0.058034999994561076 0.0
go
0.057268999982625246 0.00165200000628829
0.057268999982625246 0.0
go
0.05507400000351481 0.0014050000172574073
0.05507400000351481 9.999785106629133e-07
go
0.05778400000417605 0.0015349999885074794
0.05778400000417605 1.00000761449337e-06
go
0.05553299997700378 0.0014460000093095005
0.05553299997700378 0.0
go
0.05770800000755116 0.0015140000032261014
0.05770800000755116 1.00000761449337e-06
go
0.056718000007094815 0.0014239999873097986
0.056718000007094815 1.00000761449337e-06
go
0.058714999991934747 0.0014779999910388142
0.058714999991934747 0.0
go
0.055543000024044886 0.0014259999734349549
0.055543000024044886 0.0
go
0.05785699997795746 0.0014540000120177865
0.05785699997795746 0.0
go
0.057738999981665984 0.0016760000144131482
0.057738999981665984 0.0
go
0.06561499999952503 0.001908999984152615
0.06561499999952503 0.0
0.06310699999448843 0.0016000000177882612
0.06310699999448843 0.0
go
0.06382899999152869 0.0016130000003613532
0.06382899999152869 0.0
go
0.05973099998664111 0.0015779999957885593
0.05973099998664111 1.00000761449337e-06
go
0.06353799998760223 0.001955999992787838
0.06353799998760223 0.0
go
0.059351000003516674 0.0018620000046212226
0.059351000003516674 9.999785106629133e-07
go
0.06405300000915304 0.002286000002641231
0.06405300000915304 0.0
go
0.0681650000042282 0.0023440000077243894
0.0681650000042282 0.0
go
go
0.06999099999666214 0.0020989999757148325
0.06999099999666214 1.00000761449337e-06
go
0.07016500001191162 0.0021760000090580434
0.07016500001191162 1.00000761449337e-06
go
0.07266199999139644 0.0023939999809954315
0.07266199999139644 1.00000761449337e-06
go
0.0719249999965541 0.002175999979954213
0.0719249999965541 0.0
go
0.0712119999807328 0.0018869999912567437
0.0712119999807328 0.0
combat
0.07392500000423752 0.0023950000177137554
0.07392500000423752 0.0
fallback
0.07238700002199039 0.002082999999402091
0.07238700002199039 1.00000761449337e-06
fallback
0.07324299999163486 0.002139999996870756
0.07324299999163486 0.0
fallback
0.07419499999377877 0.0026539999817032367
0.07419499999377877 1.00000761449337e-06
fallback
0.07888899999670684 0.004482999996980652
0.07888899999670684 0.0
fallback
0.07563999999547377 0.0025329999916721135
0.07563999999547377 0.0
fallback
0.07503700000233948 0.008140999998431653
0.07503700000233948 0.0
fallback
0.06811299998662435 0.00173200000426732
0.06811299998662435 1.00000761449337e-06
fallback
0.06908199997269548 0.0019830000237561762
0.06908199997269548 0.0
fallback
0.07412699999986216 0.0022539999918080866
0.07412699999986216 0.0
fallback
0.07679200000711717 0.0024190000258386135
0.07679200000711717 0.0
fallback
0.07297300000209361 0.0020129999902565032
0.07297300000209361 0.0
fallback
0.0715280000003986 0.0024039999989327043
0.0715280000003986 0.0
fallback
0.07272900000680238 0.0020880000083707273
0.07272900000680238 0.0
fallback
0.07072100002551451 0.00181200000224635
0.07072100002551451 0.0
ready
0.06890899999416433 0.0017539999971631914
0.06890899999416433 0.0
ready
0.06775099999504164 0.001791000016964972
0.06775099999504164 0.0
ready
0.0652550000231713 0.0016500000201631337
0.0652550000231713 1.00000761449337e-06
ready
0.06831200001761317 0.0016830000095069408
0.06831200001761317 0.0
ready
0.0636579999991227 0.0016289999766740948
0.0636579999991227 1.00000761449337e-06
ready
0.054983000009087846 0.0014389999851118773
0.054983000009087846 1.00000761449337e-06
ready
0.05709800001932308 0.0015260000072885305
0.05709800001932308 0.0
ready
0.053004999994300306 0.001400000008288771
0.053004999994300306 0.0
ready
0.05298699997365475 0.0013470000121742487
0.05298699997365475 0.0
ready
0.05095199999050237 0.0013500000059138983
0.05095199999050237 0.0
ready
0.052435999998124316 0.00133200001437217
0.052435999998124316 0.0
ready
0.050410999974701554 0.0013580000086221844
0.050410999974701554 0.0
ready
0.05074299999978393 0.0013469999830704182
0.05074299999978393 1.00000761449337e-06
ready
0.04987500002607703 0.0013399999879766256
0.04987500002607703 1.00000761449337e-06
ready
0.051737000001594424 0.00136900000507012
0.051737000001594424 0.0
ready
0.050767999986419454 0.001293000008445233
0.050767999986419454 0.0
ready
0.04997299998649396 0.0012799999967683107
0.04997299998649396 0.0
ready
0.04960799997206777 0.001277000003028661
0.04960799997206777 1.00000761449337e-06
ready
0.05024000001139939 0.0013150000013411045
0.05024000001139939 9.999785106629133e-07
ready
0.050195999996503815 0.001281000004382804
0.050195999996503815 1.00000761449337e-06
ready
ready
0.05081300000892952 0.0012869999918621033
0.05081300000892952 0.0
ready
ready
0.050193000002764165 0.0013150000013411045
0.050193000002764165 1.00000761449337e-06
ready
ready
0.04880600000615232 0.0013000000035390258
0.04880600000615232 0.0
ready
ready
0.04772000000230037 0.0012350000033620745
0.04772000000230037 1.00000761449337e-06
ready
ready
0.04399599999305792 0.0011700000031851232
0.04399599999305792 1.00000761449337e-06
ready
ready
0.04249399999389425 0.0011539999977685511
0.04249399999389425 0.0
ready
ready
0.042182000004686415 0.0010990000155288726
0.042182000004686415 0.0
ready
ready
0.04286299998057075 0.0011520000116433948
0.04286299998057075 0.0
ready
ready
0.04307200000039302 0.001137999992351979
0.04307200000039302 9.999785106629133e-07
ready
ready
0.042680000013206154 0.0011639999866019934
0.042680000013206154 1.00000761449337e-06
ready
ready
0.04285500000696629 0.0011430000013206154
0.04285500000696629 1.00000761449337e-06
ready
ready
0.04853999998886138 0.001344999996945262
0.04853999998886138 0.0
0.048412000003736466 0.0013049999834038317
0.048412000003736466 0.0
ready
ready
ready
ready
0.047255000012228265 0.0013120000076014549
0.047255000012228265 0.0
ready
ready
0.04567500000121072 0.0012799999967683107
0.04567500000121072 1.00000761449337e-06
ready
ready
0.04537000000709668 0.0012310000020079315
0.04537000000709668 1.5999976312741637e-05
ready
ready
0.04529000000911765 0.001277000003028661
0.04529000000911765 9.999785106629133e-07
ready
ready
0.04630200000246987 0.001269000000320375
0.04630200000246987 0.0
ready
ready
0.04014999998616986 0.0010550000006332994
0.04014999998616986 1.00000761449337e-06
ready
ready
0.04037399997469038 0.0010959999926853925
0.04037399997469038 0.0
ready
ready
0.04320200000074692 0.0011460000241640955
0.04320200000074692 0.0
ready
ready
0.042373000003863126 0.0011159999994561076
0.042373000003863126 0.0
ready
ready
0.04319900000700727 0.0011470000026747584
0.04319900000700727 0.0
ready
ready
0.03737199999159202 0.0010020000045187771
0.03737199999159202 0.0
ready
ready
0.03484300000127405 0.0009190000128000975
0.03484300000127405 9.999785106629133e-07
ready
ready
0.03554800001438707 0.0010279999987687916
0.03554800001438707 1.00000761449337e-06
ready
ready
0.03759100000024773 0.001234999974258244
0.03759100000024773 0.0
ready
ready
0.03953200002433732 0.001065999997081235
0.03953200002433732 0.0
ready
ready
0.04239600000437349 0.0011159999994561076
0.04239600000437349 9.999785106629133e-07
ready
ready
0.04021999999531545 0.0010970000002998859
0.04021999999531545 0.0
ready
ready
0.04065400001127273 0.0010910000128205866
0.04065400001127273 1.00000761449337e-06
ready
ready
0.040329999988898635 0.0010509999992791563
0.040329999988898635 0.0
go
go
0.037595000001601875 0.0010279999987687916
0.037595000001601875 0.0
go
go
0.037831999972695485 0.0010990000155288726
0.037831999972695485 0.0
0.03782399999909103 0.0011769999982789159
0.03782399999909103 0.0
go
go
0.03700599999865517 0.0010590000019874424
0.03700599999865517 1.00000761449337e-06
go
go
0.03834699999424629 0.0009880000143311918
0.03834699999424629 1.00000761449337e-06
go
go
0.03760899999178946 0.0010590000019874424
0.03760899999178946 9.999785106629133e-07
go
go
0.0382370000006631 0.001073999999789521
0.0382370000006631 0.0
go
go
0.03813599998829886 0.0010190000175498426
0.03813599998829886 0.0
go
go
0.03777599998284131 0.0009880000143311918
0.03777599998284131 0.0
0.037326999998185784 0.0012209999840706587
0.037326999998185784 0.0
0.037687000003643334 0.0012619999761227518
0.037687000003643334 0.0
0.03830200000084005 0.001221999991685152
0.03830200000084005 9.999785106629133e-07
0.03495099997962825 0.0012189999979455024
0.03495099997962825 0.0
0.03531300000031479 0.001248000015038997
0.03531300000031479 9.999785106629133e-07
0.03726499999174848 0.0013459999754559249
0.03726499999174848 0.0
0.04025399999227375 0.0014089999895077199
0.04025399999227375 1.00000761449337e-06
0.043471000011777505 0.0014629999932367355
0.043471000011777505 9.999785106629133e-07
0.042585000017425045 0.0011860000086016953
0.042585000017425045 1.00000761449337e-06
0.04312700001173653 0.001381999987643212
0.04312700001173653 1.00000761449337e-06
0.04597300000023097 0.001209999987622723
0.04597300000023097 0.0
0.042981999984476715 0.0010959999926853925
0.042981999984476715 0.0
0.04284399998141453 0.0012200000055599958
0.04284399998141453 1.00000761449337e-06
0.04268299997784197 0.001121000008424744
0.04268299997784197 0.0
0.04375599999912083 0.001357000001007691
0.04375599999912083 1.00000761449337e-06
0.04335500000161119 0.0011939999822061509
0.04335500000161119 0.0
0.043037000024924055 0.0012060000153724104
0.043037000024924055 9.999785106629133e-07
0.04276099998969585 0.0013219999964348972
0.04276099998969585 0.0
0.0406479999946896 0.0012510000087786466
0.0406479999946896 9.999785106629133e-07
<bots.big.custom_bot.CombatGroupManager object at 0x7fe11d514b00>
0.042056000005686656 0.0014839999785181135
0.042056000005686656 1.00000761449337e-06
0.047710000013466924 0.001707999996142462
0.047710000013466924 0.0
0.05515700002433732 0.0018270000000484288
0.05515700002433732 0.0
0.05445199998212047 0.001668999990215525
0.05445199998212047 1.00000761449337e-06
0.05624000000534579 0.0014460000093095005
0.05624000000534579 0.0
0.05283400000189431 0.0019000000029336661
0.05283400000189431 1.00000761449337e-06
0.052319999987958 0.0014049999881535769
0.052319999987958 0.0
0.055358000012347475 0.0015659999917261302
0.055358000012347475 0.0
0.05492799999774434 0.0014350000128615648
0.05492799999774434 1.00000761449337e-06
0.055100000026868656 0.0014090000186115503
0.055100000026868656 1.00000761449337e-06
0.05263600000762381 0.0013709999911952764
0.05263600000762381 0.0
0.04941300000064075 0.0012900000147055835
0.04941300000064075 1.00000761449337e-06
0.05376099998829886 0.0014510000182781368
0.05376099998829886 1.00000761449337e-06
0.0526149999932386 0.0013920000055804849
0.0526149999932386 1.00000761449337e-06
0.053167999983998016 0.0014030000020284206
0.053167999983998016 1.00000761449337e-06
0.05229300001519732 0.0013470000121742487
0.05229300001519732 0.0
0.05242100000032224 0.0014089999895077199
0.05242100000032224 0.0
0.05550099999527447 0.0014380000066012144
0.05550099999527447 0.0
0.054814000002807006 0.0014479999954346567
0.054814000002807006 1.00000761449337e-06
0.05839300001389347 0.0014999999839346856
0.05839300001389347 0.0
0.05778400000417605 0.001600999996298924
0.05778400000417605 0.0
0.053232000005664304 0.001412999990861863
0.053232000005664304 0.0
0.052124999987427145 0.0013829999952577055
0.052124999987427145 1.00000761449337e-06
0.05087099998490885 0.0012920000008307397
0.05087099998490885 1.00000761449337e-06
0.04513900002348237 0.0012159999751020223
0.04513900002348237 9.999785106629133e-07
0.04425300000002608 0.0011769999982789159
0.04425300000002608 9.999785106629133e-07
0.045430999976815656 0.0012740000092890114
0.045430999976815656 0.0
0.042870999983279034 0.0011140000133309513
0.042870999983279034 0.0
0.043101999995997176 0.0011039999953936785
0.043101999995997176 1.00000761449337e-06
0.03234599999268539 0.0009339999814983457
0.03234599999268539 1.00000761449337e-06
0.03257800001301803 0.0010309999925084412
0.03257800001301803 0.0
0.032204999995883554 0.0009039999858941883
0.032204999995883554 1.00000761449337e-06
0.03264399999170564 0.0009920000156853348
0.03264399999170564 0.0
0.032429999992018566 0.0008709999965503812
0.032429999992018566 0.0
0.03261799999745563 0.0009110000100918114
0.03261799999745563 0.0
0.032544000016059726 0.00088900001719594
0.032544000016059726 9.999785106629133e-07
0.03304300000309013 0.0009169999975711107
0.03304300000309013 9.999785106629133e-07
0.034053999988827854 0.0010009999969042838
0.034053999988827854 9.999785106629133e-07
0.033143999986350536 0.0009030000073835254
0.033143999986350536 0.0
0.032543999986955896 0.0009009999921545386
0.032543999986955896 1.00000761449337e-06
0.033553000015672296 0.0009290000016335398
0.033553000015672296 9.999785106629133e-07
0.032654000009642914 0.0008660000166855752
0.032654000009642914 0.0
0.03218499998911284 0.0009210000280290842
0.03218499998911284 0.0
0.03263699999661185 0.000906000001123175
0.03263699999661185 1.00000761449337e-06
0.03245800000149757 0.0009199999913107604
0.03245800000149757 0.0
0.03301299997838214 0.0009549999958835542
0.03301299997838214 0.0
0.0351010000158567 0.0009319999953731894
0.0351010000158567 1.00000761449337e-06
0.035294000001158565 0.0009340000106021762
0.035294000001158565 0.0
0.03571699999156408 0.0009980000031646341
0.03571699999156408 0.0
0.03809700001147576 0.0010359999723732471
0.03809700001147576 0.0
0.04580399999395013 0.0012599999899975955
0.04580399999395013 1.00000761449337e-06
0.04469299997435883 0.0011980000126641244
0.04469299997435883 0.0
0.047722999996040016 0.0013090000138618052
0.047722999996040016 0.0
0.04775999998673797 0.001352999999653548
0.04775999998673797 9.999785106629133e-07
0.04746300002443604 0.001336999994236976
0.04746300002443604 9.999785106629133e-07
0.04488999999011867 0.0011520000116433948
0.04488999999011867 0.0
0.03783100002328865 0.001029000006383285
0.03783100002328865 1.00000761449337e-06
0.037609999999403954 0.0010019999754149467
0.037609999999403954 0.0
0.037871999986236915 0.0010689999908208847
0.037871999986236915 0.0
0.03719999999157153 0.0010070000134874135
0.03719999999157153 9.999785106629133e-07
<bots.big.custom_bot.CombatGroupManager object at 0x7fe11d514b00>
0.04461899999296293 0.0014879999798722565
0.04461899999296293 1.00000761449337e-06
0.03798799999640323 0.0010360000014770776
0.03798799999640323 1.400001929141581e-05
0.0374489999958314 0.0012040000001434237
0.0374489999958314 0.0
0.04025700001511723 0.0011559999838937074
0.04025700001511723 0.0
0.037398000014945865 0.0009960000170394778
0.037398000014945865 0.0
0.03821800000150688 0.0011269999959040433
0.03821800000150688 0.0
0.03780499999993481 0.001078999979654327
0.03780499999993481 1.00000761449337e-06
0.038558000000193715 0.0010110000148415565
0.038558000000193715 1.00000761449337e-06
0.037635000015143305 0.0010349999938625842
0.037635000015143305 0.0
0.03777900000568479 0.0010400000028312206
0.03777900000568479 9.999785106629133e-07
0.032562000007601455 0.0009039999858941883
0.032562000007601455 0.0
0.03354100001160987 0.0009769999887794256
0.03354100001160987 0.0
0.03319099999498576 0.000918999983696267
0.03319099999498576 1.00000761449337e-06
0.032719000009819865 0.000901999999769032
0.032719000009819865 1.00000761449337e-06
0.03264600000693463 0.0008779999916441739
0.03264600000693463 0.0
0.03261599998222664 0.0009119999886024743
0.03261599998222664 9.999785106629133e-07
0.033127999980933964 0.001105000003008172
0.033127999980933964 0.0
0.032491000019945204 0.0008970000199042261
0.032491000019945204 1.00000761449337e-06
0.03257500001927838 0.0009089999948628247
0.03257500001927838 0.0
0.030384999990928918 0.0008610000077169389
0.030384999990928918 1.00000761449337e-06
0.029811999993398786 0.000830000004498288
0.029811999993398786 1.00000761449337e-06
0.029678999999305233 0.0008169999928213656
0.029678999999305233 0.0
0.030373999994480982 0.0008110000053420663
0.030373999994480982 0.0
0.029893999977502972 0.0008150000066962093
0.029893999977502972 9.999785106629133e-07
0.03273800000897609 0.0009089999948628247
0.03273800000897609 1.00000761449337e-06
0.03774799997336231 0.0011349999986123294
0.03774799997336231 9.999785106629133e-07
0.03745599999092519 0.0009720000089146197
0.03745599999092519 9.999785106629133e-07
0.03754200000548735 0.0010219999821856618
0.03754200000548735 0.0
0.03832200000761077 0.0010310000216122717
0.03832200000761077 1.00000761449337e-06
0.037517999997362494 0.0010170000023208559
0.037517999997362494 0.0
0.0373130000079982 0.0010649999894667417
0.0373130000079982 0.0
0.03749899999820627 0.0012479999859351665
0.03749899999820627 1.00000761449337e-06
0.03825700000743382 0.0012149999965913594
0.03825700000743382 0.0
0.0357990000047721 0.0013000000035390258
0.0357990000047721 0.0
0.03565200002049096 0.001408000010997057
0.03565200002049096 0.0
0.03518800000892952 0.0010379999876022339
0.03518800000892952 1.00000761449337e-06
0.03244599999743514 0.0009999999892897904
0.03244599999743514 0.0
0.032949999993434176 0.001141999993706122
0.032949999993434176 0.0
0.033467000001110137 0.0014439999940805137
0.033467000001110137 1.00000761449337e-06
0.03215400001499802 0.0011360000062268227
0.03215400001499802 0.0
0.032993000000715256 0.001121000008424744
0.032993000000715256 1.00000761449337e-06
0.03273499998613261 0.0011240000021643937
0.03273499998613261 1.00000761449337e-06
0.03288700000848621 0.0013259999977890402
0.03288700000848621 1.00000761449337e-06
0.03266899997834116 0.0011200000008102506
0.03266899997834116 1.00000761449337e-06
0.03317000000970438 0.0009379999828524888
0.03317000000970438 1.00000761449337e-06
0.03237699999590404 0.001285000005736947
0.03237699999590404 0.0
0.03280299998004921 0.0013219999964348972
0.03280299998004921 0.0
0.03367699999944307 0.001197999983560294
0.03367699999944307 0.0
0.0325379999994766 0.0011590000067371875
0.0325379999994766 1.00000761449337e-06
0.03313799999887124 0.0010879999899771065
0.03313799999887124 1.00000761449337e-06
0.03452899999683723 0.001293999986955896
0.03452899999683723 1.00000761449337e-06
0.034942999976919964 0.0011670000094454736
0.034942999976919964 0.0
0.03513599999132566 0.0013389999803621322
0.03513599999132566 0.0
0.03545600001234561 0.0010190000175498426
0.03545600001234561 0.0
0.03538099999423139 0.00117200001841411
0.03538099999423139 1.00000761449337e-06
0.03498100000433624 0.0014049999881535769
0.03498100000433624 0.0
0.03486400001565926 0.0015279999934136868
0.03486400001565926 1.00000761449337e-06
0.03484399997978471 0.0012170000118203461
0.03484399997978471 0.0
0.03582799999276176 0.0012379999971017241
0.03582799999276176 0.0
0.035434999997960404 0.0012279999791644514
0.035434999997960404 0.0
0.035161999985575676 0.0012519999872893095
0.035161999985575676 0.0
<bots.big.custom_bot.CombatGroupManager object at 0x7fe11d514b00>
0.037056999979540706 0.0014310000115074217
0.037056999979540706 1.00000761449337e-06
0.03476700000464916 0.00120599998626858
0.03476700000464916 9.999785106629133e-07
0.0355600000184495 0.001185000000987202
0.0355600000184495 0.0
0.03531700000166893 0.0011400000075809658
0.03531700000166893 9.999785106629133e-07
0.035241999983554706 0.0012450000212993473
0.035241999983554706 0.0
0.0358950000081677 0.0011550000053830445
0.0358950000081677 1.00000761449337e-06
0.03520000001299195 0.0012789999891538173
0.03520000001299195 0.0
0.035499999998137355 0.0011999999987892807
0.035499999998137355 0.0
0.03570999999647029 0.0010049999982584268
0.03570999999647029 0.0
0.0354980000120122 0.0014680000022053719
0.0354980000120122 1.00000761449337e-06
0.034377000003587455 0.0009330000029876828
0.034377000003587455 1.00000761449337e-06
0.03532299998914823 0.0014099999971222132
0.03532299998914823 1.00000761449337e-06
0.035325000004377216 0.0013630000175908208
0.035325000004377216 1.00000761449337e-06
0.0346750000026077 0.0011740000045392662
0.0346750000026077 0.0
0.03456100000767037 0.0016469999973196536
0.03456100000767037 0.0
0.034779999987222254 0.0011599999852478504
0.034779999987222254 0.0
0.035503000020980835 0.0019549999851733446
0.035503000020980835 0.0
0.036327999987406656 0.0012869999918621033
0.036327999987406656 0.0
0.035420000000158325 0.0011959999974351376
0.035420000000158325 0.0
0.03500599999097176 0.00309799998649396
0.03500599999097176 0.0
0.03782699999283068 0.001010999985737726
0.03782699999283068 9.999785106629133e-07
0.035054000007221475 0.0009710000013001263
0.035054000007221475 0.0
0.035703000001376495 0.0011950000189244747
0.035703000001376495 0.0
0.03551000001607463 0.0011430000013206154
0.03551000001607463 0.0
0.034879999991972 0.0009689999860711396
0.034879999991972 1.00000761449337e-06
0.03577200000290759 0.0012910000223200768
0.03577200000290759 1.00000761449337e-06
0.03487699999823235 0.0009830000053625554
0.03487699999823235 1.00000761449337e-06
0.03534199998830445 0.0009669999999459833
0.03534199998830445 0.0
ERROR:sc2_patch.sc2_patch_490.main:AI step threw an error
Traceback (most recent call last):
  File "/mnt/d/sc2minigame-eval-2020-01-09/sc2_patch/sc2_patch_490/main.py", line 180, in _play_game_ai
    await ai.on_step(iteration)
  File "/mnt/d/sc2minigame-eval-2020-01-09/bots/big/custom_bot.py", line 1288, in on_step
    self.strategic_manager.step()
  File "/mnt/d/sc2minigame-eval-2020-01-09/bots/big/custom_bot.py", line 1104, in step
    scout_result = self.scout_manager.scout_info
AttributeError: 'StrategicManager' object has no attribute 'scout_manager'
ERROR:sc2_patch.sc2_patch_490.main:Error: 'StrategicManager' object has no attribute 'scout_manager'
ERROR:sc2_patch.sc2_patch_490.main:Resigning due to previous error
INFO:root:Result for player 1 - Bot(Race.Terran, <bots.big.custom_bot.CustomBot object at 0x7fe1060e8f60>): Defeat
0.03785100000095554 0.0010260000126436353
0.03785100000095554 9.999785106629133e-07
INFO:sc2.client:Saved replay to outs/2020-01-17T11-28-03/replays/big-showing_bot/big-showing_bot-0.SC2Replay
INFO:sc2.protocol:Client status changed to Status.ended (was Status.in_game)
INFO:root:Result for player 2 - Bot(Race.Terran, <bots.Showing_bot.speedBot.MarinBot object at 0x7fe1087167b8>): Victory
INFO:sc2.protocol:Client status changed to Status.launched (was Status.in_game)
INFO:sc2.protocol:Client status changed to Status.quit (was Status.launched)
INFO:sc2.sc2process:kill_switch: Process cleanup
INFO:sc2.sc2process:Cleaning up...
INFO:sc2.sc2process:Cleanup complete
INFO:sc2.sc2process:Cleaning up...
INFO:sc2.sc2process:Cleanup complete
INFO:sc2.protocol:Cannot receive: Connection already closed.
INFO:sc2.sc2process:kill_switch: Process cleanup
INFO:sc2.sc2process:Cleaning up...
INFO:sc2.sc2process:Cleanup complete
INFO:sc2.sc2process:Cleaning up...
INFO:sc2.sc2process:Cleanup complete


## STDERR ##

Version: B75689 (SC2.4.10)
Build: Aug 12 2019 17:16:57
Command Line: '"/home/hspark8312/StarCraftII/Versions/Base75689/SC2_x64" -listen 127.0.0.1 -port 19534 -displayMode 0 -dataDir /home/hspark8312/StarCraftII -tempDir /tmp/SC2_wgyi8v59'
Starting up...
Startup Phase 1 complete
Version: B75689 (SC2.4.10)
Build: Aug 12 2019 17:16:57
Command Line: '"/home/hspark8312/StarCraftII/Versions/Base75689/SC2_x64" -listen 127.0.0.1 -port 15679 -displayMode 0 -dataDir /home/hspark8312/StarCraftII -tempDir /tmp/SC2_0njjjjv_'
Starting up...
Startup Phase 1 complete
Startup Phase 2 complete
Creating stub renderer...
Listening on: 127.0.0.1:19534
Startup Phase 3 complete. Ready for commands.
Startup Phase 2 complete
Creating stub renderer...
ConnectHandler: Request from 127.0.0.1:63150 accepted
ReadyHandler: 127.0.0.1:63150 ready
Requesting to join a multiplayer game
Configuring interface options
Configure: raw interface enabled
Configure: feature layer interface enabled
Configure: score interface enabled
Configure: render interface disabled
Listening on: 127.0.0.1:15679
Startup Phase 3 complete. Ready for commands.
ConnectHandler: Request from 127.0.0.1:63151 accepted
ReadyHandler: 127.0.0.1:63151 ready
Requesting to join a multiplayer game
Configuring interface options
Configure: raw interface enabled
Configure: feature layer interface enabled
Configure: score interface enabled
Configure: render interface disabled
Create game with map path: NCFellowship-2019_m1_v6.SC2Map
Attempting to join a game with the map: NCFellowship-2019_m1_v6.SC2Map
Game has started.
Using default stable ids, none found at: /home/hspark8312/StarCraftII/stableid.json
Successfully loaded stable ids: GameData\stableid.json
Sending ResponseJoinGame
Game has started.
Using default stable ids, none found at: /home/hspark8312/StarCraftII/stableid.json
Successfully loaded stable ids: GameData\stableid.json
Sending ResponseJoinGame
RequestQuit command received.
Closing Application...
CloseHandler: 127.0.0.1:63151 disconnected
Terminate action already called.
/home/hspark8312/anaconda3/envs/sc2/lib/python3.6/importlib/_bootstrap.py:219: RuntimeWarning: numpy.ufunc size changed, may indicate binary incompatibility. Expected 192 from C header, got 216 from PyObject
  return f(*args, **kwds)
/home/hspark8312/anaconda3/envs/sc2/lib/python3.6/importlib/_bootstrap.py:219: RuntimeWarning: numpy.ufunc size changed, may indicate binary incompatibility. Expected 192 from C header, got 216 from PyObject
  return f(*args, **kwds)
/home/hspark8312/anaconda3/envs/sc2/lib/python3.6/site-packages/tensorboard/compat/tensorflow_stub/dtypes.py:541: FutureWarning: Passing (type, 1) or '1type' as a synonym of type is deprecated; in a future version of numpy, it will be understood as (type, (1,)) / '(1,)type'.
  _np_qint8 = np.dtype([("qint8", np.int8, 1)])
/home/hspark8312/anaconda3/envs/sc2/lib/python3.6/site-packages/past/builtins/misc.py:45: DeprecationWarning: the imp module is deprecated in favour of importlib; see the module's documentation for alternative uses
  from imp import reload
/mnt/d/sc2minigame-eval-2020-01-09/bots/Showing_bot/speedBot.py:1643: RuntimeWarning: coroutine 'TerreinManager.debug' was never awaited
  self.terrein_manager.debug()
