## STDOUT ##

[[92mINFO[0m] SC2 4.9.0 용 패치 적용
패치 sc2.ids.ability_id
패치 sc2.game_state
패치 sc2.bot_ai
패치 sc2.client
패치 sc2.controller
패치 sc2.main
INFO:root:Failed to import cuda module: No module named 'caffe2.python.caffe2_pybind11_state_gpu'
INFO:root:Failed to import AMD hip module: No module named 'caffe2.python.caffe2_pybind11_state_hip'
WARNING:root:This caffe2 python run does not have GPU support. Will run in CPU only mode.
cpu
INFO:sc2.protocol:Client status changed to Status.launched (was None)
INFO:sc2.protocol:Client status changed to Status.launched (was None)
INFO:sc2_patch.sc2_patch_490.controller:Creating new game
INFO:sc2_patch.sc2_patch_490.controller:Map:     NCFellowship-2019_m1_v6
INFO:sc2_patch.sc2_patch_490.controller:Players: Bot(Race.Terran, <bots.transfer.my_bot_q.MyBot object at 0x7f4480843198>), Bot(Race.Terran, <bots.Showing_bot.speedBot.MarinBot object at 0x7f446f1d40f0>)
INFO:sc2.protocol:Client status changed to Status.init_game (was Status.launched)
INFO:sc2.protocol:Client status changed to Status.in_game (was None)
INFO:root:Player 2 - Bot(Race.Terran, <bots.Showing_bot.speedBot.MarinBot object at 0x7f446f1d40f0>)
TEST: 2, <bots.Showing_bot.speedBot.MarinBot object at 0x7f446f1d40f0>
INFO:sc2.protocol:Client status changed to Status.in_game (was None)
INFO:root:Player 1 - Bot(Race.Terran, <bots.transfer.my_bot_q.MyBot object at 0x7f4480843198>)
TEST: 1, <bots.transfer.my_bot_q.MyBot object at 0x7f4480843198>
load model: bots/Showing_bot/models/model-89.pt
create new model
model file does not exists: bots/nc_example_v7/models/model-89.pt
0.046442999999271706 0.002769000013358891
0.046442999999271706 1.00000761449337e-06
0.04615199999534525 0.0021240000205580145
0.04615199999534525 1.00000761449337e-06
0.04586299997754395 0.0015220000059343874
0.04586299997754395 0.0
0.045891999994637445 0.0011430000013206154
0.045891999994637445 0.0
0.045676999987335876 0.001324000011663884
0.045676999987335876 9.999785106629133e-07
0.045901000004960224 0.0013299999991431832
0.045901000004960224 0.0
0.04616500000702217 0.0011480000102892518
0.04616500000702217 1.00000761449337e-06
0.04598899997654371 0.0011449999874457717
0.04598899997654371 0.0
0.04597899998771027 0.0011060000106226653
0.04597899998771027 1.00000761449337e-06
0.04600800000480376 0.0011590000067371875
0.04600800000480376 0.0
0.04570200000307523 0.001133000012487173
0.04570200000307523 1.00000761449337e-06
0.04605400000582449 0.0011349999986123294
0.04605400000582449 0.0
0.045627999992575496 0.0012540000025182962
0.045627999992575496 0.0
0.04574299999512732 0.001196000026538968
0.04574299999512732 0.0
0.045692000014241785 0.001101000001654029
0.045692000014241785 0.0
0.04585300001781434 0.001209999987622723
0.04585300001781434 1.00000761449337e-06
0.045516999991377816 0.0011119999981019646
0.045516999991377816 1.00000761449337e-06
0.046076999977231026 0.0012790000182576478
0.046076999977231026 0.0
0.046211999986553565 0.0011939999822061509
0.046211999986553565 0.0
0.04590600001392886 0.0012549999810289592
0.04590600001392886 0.0
0.048478999990038574 0.0012790000182576478
0.048478999990038574 0.0
0.04848099997616373 0.0011600000143516809
0.04848099997616373 9.999785106629133e-07
0.04848199998377822 0.0011670000094454736
0.04848199998377822 0.0
0.04909400001633912 0.0012410000199452043
0.04909400001633912 1.00000761449337e-06
0.04854200000409037 0.001185000000987202
0.04854200000409037 0.0
0.04839199999696575 0.0012120000028517097
0.04839199999696575 9.999785106629133e-07
0.04899800001294352 0.001189000002341345
0.04899800001294352 0.0
0.04844999997294508 0.0012250000145286322
0.04844999997294508 1.00000761449337e-06
0.04889599999296479 0.0012519999872893095
0.04889599999296479 0.0
0.048460999998496845 0.0011689999955706298
0.048460999998496845 1.00000761449337e-06
0.04814599998644553 0.0012419999984558672
0.04814599998644553 0.0
0.048513000016100705 0.0011820000072475523
0.048513000016100705 1.00000761449337e-06
0.048269999999320135 0.001189000002341345
0.048269999999320135 1.00000761449337e-06
0.04854899999918416 0.001217999990331009
0.04854899999918416 9.999785106629133e-07
0.04828499999712221 0.0011900000099558383
0.04828499999712221 9.999785106629133e-07
0.05140900000697002 0.0030940000142436475
0.05140900000697002 0.0
0.051004999986616895 0.001504000014392659
0.051004999986616895 1.00000761449337e-06
0.0520410000171978 0.001324000011663884
0.0520410000171978 0.0
0.051608000008855015 0.001269000000320375
0.051608000008855015 1.00000761449337e-06
0.051051000016741455 0.0012169999827165157
0.051051000016741455 0.0
changed strategy
0.05247999998391606 0.0012719999940600246
0.05247999998391606 9.999785106629133e-07
0.07124900000053458 0.0017930000030901283
0.07124900000053458 1.00000761449337e-06
0.07166899999720044 0.001724000001559034
0.07166899999720044 0.0
0.07098300001234747 0.0017650000227149576
0.07098300001234747 0.0
0.07237800001166761 0.0019449999963399023
0.07237800001166761 0.0
0.07302999999956228 0.0018179999897256494
0.07302999999956228 0.0
0.0740409999853 0.0017370000132359564
0.0740409999853 9.999785106629133e-07
0.051347000000532717 0.0012740000092890114
0.051347000000532717 0.0
0.05176699999719858 0.0012679999927058816
0.05176699999719858 0.0
0.05109599998104386 0.0012369999894872308
0.05109599998104386 0.0
0.05364699999336153 0.001436999998986721
0.05364699999336153 0.0
0.05354500000248663 0.0013129999861121178
0.05354500000248663 0.0
0.05361199998878874 0.0013259999977890402
0.05361199998878874 0.0
0.05451000001630746 0.0013380000018514693
0.05451000001630746 9.999785106629133e-07
0.05369500000961125 0.001281999982893467
0.05369500000961125 1.00000761449337e-06
0.053768000012496486 0.0012709999864455312
0.053768000012496486 1.00000761449337e-06
0.053752000007079914 0.0031310000049415976
0.053752000007079914 0.0
0.05364599998574704 0.0013479999906849116
0.05364599998574704 0.0
0.053786000004038215 0.0013600000238511711
0.053786000004038215 0.0
0.05348999999114312 0.0013190000026952475
0.05348999999114312 0.0
0.053431999986059964 0.0012700000079348683
0.053431999986059964 0.0
0.0742000000027474 0.0018399999826215208
0.0742000000027474 1.00000761449337e-06
0.07443200002308004 0.0017920000245794654
0.07443200002308004 0.0
0.07588200000463985 0.001851000008173287
0.07588200000463985 0.0
0.07609999997657724 0.0019080000056419522
0.07609999997657724 0.0
0.07468299998436123 0.0019190000020898879
0.07468299998436123 1.00000761449337e-06
0.07600999998976476 0.0018789999885484576
0.07600999998976476 1.00000761449337e-06
0.05361900001298636 0.0013109999999869615
0.05361900001298636 1.00000761449337e-06
0.05367399999522604 0.001297999988310039
0.05367399999522604 0.0
0.05356400000164285 0.0013140000228304416
0.05356400000164285 9.999785106629133e-07
0.05692299999645911 0.001457999984268099
0.05692299999645911 0.0
0.07833099999697879 0.0019200000097043812
0.07833099999697879 0.0
0.056345999997574836 0.0013839999737683684
0.056345999997574836 0.0
0.05598400000599213 0.0013269999762997031
0.05598400000599213 0.0
0.05597499999566935 0.0013689999759662896
0.05597499999566935 1.00000761449337e-06
0.05637399997795001 0.00133200001437217
0.05637399997795001 1.00000761449337e-06
0.07834300000104122 0.0019109999993816018
0.07834300000104122 1.00000761449337e-06
0.06112099997699261 0.00354400000651367
0.06112099997699261 1.00000761449337e-06
0.0612810000020545 0.0016759999853093177
0.0612810000020545 0.0
0.06168499999330379 0.0015399999974761158
0.06168499999330379 1.00000761449337e-06
0.06174100001226179 0.0014899999951012433
0.06174100001226179 0.0
0.06023499998264015 0.001552000001538545
0.06023499998264015 1.00000761449337e-06
0.0566300000064075 0.0014570000057574362
0.0566300000064075 1.00000761449337e-06
0.05629700000281446 0.0018660000059753656
0.05629700000281446 0.0
0.05595899999025278 0.0016339999856427312
0.05595899999025278 0.0
0.05871800001477823 0.0016530000139027834
0.05871800001477823 0.0
0.058680999994976446 0.0016299999842885882
0.058680999994976446 1.00000761449337e-06
0.0558980000205338 0.0014359999913722277
0.0558980000205338 1.00000761449337e-06
0.05340400000568479 0.001728000002913177
0.05340400000568479 0.0
0.0538339999911841 0.0015570000105071813
0.0538339999911841 0.0
0.05433799998718314 0.001631999999517575
0.05433799998718314 1.00000761449337e-06
0.052798999997321516 0.0012820000119972974
0.052798999997321516 0.0
0.050996000005397946 0.0018360000103712082
0.050996000005397946 9.999785106629133e-07
0.04844300000695512 0.0015389999898616225
0.04844300000695512 9.999785106629133e-07
0.04819099997985177 0.0011679999879561365
0.04819099997985177 0.0
0.04863500001374632 0.0013749999925494194
0.04863500001374632 0.0
0.06640199999674223 0.0016570000152569264
0.06640199999674223 1.00000761449337e-06
0.04877900000428781 0.001680999994277954
0.04877900000428781 0.0
0.048272999993059784 0.001164000015705824
0.048272999993059784 1.00000761449337e-06
0.04845400000340305 0.0013930000131949782
0.04845400000340305 9.999785106629133e-07
0.0508620000036899 0.0015260000072885305
0.0508620000036899 1.00000761449337e-06
0.051291000010678545 0.0012540000025182962
0.051291000010678545 0.0
0.05189299999619834 0.001248000015038997
0.05189299999619834 9.999785106629133e-07
0.051057000004220754 0.0012310000020079315
0.051057000004220754 0.0
0.05154200000106357 0.0012679999927058816
0.05154200000106357 1.00000761449337e-06
0.05088900000555441 0.0012280000082682818
0.05088900000555441 1.00000761449337e-06
0.05144000001018867 0.0012590000114869326
0.05144000001018867 0.0
0.051134000008460134 0.0012350000033620745
0.051134000008460134 0.0
0.05124599998816848 0.0012529999949038029
0.05124599998816848 1.00000761449337e-06
0.05745699998806231 0.0013380000018514693
0.05745699998806231 9.999785106629133e-07
0.058720999979414046 0.0014139999984763563
0.058720999979414046 0.0
0.0589779999863822 0.0014010000159032643
0.0589779999863822 0.0
0.0709119999955874 0.0017349999980069697
0.0709119999955874 0.0
0.07036099999095313 0.0018010000057984143
0.07036099999095313 1.00000761449337e-06
0.06327199999941513 0.0013840000028721988
0.06327199999941513 9.999785106629133e-07
0.07123200001660734 0.0017649999936111271
0.07123200001660734 1.00000761449337e-06
0.07128199998987839 0.0017740000039339066
0.07128199998987839 0.0
0.051374000002397224 0.0012250000145286322
0.051374000002397224 0.0
0.07075799998710863 0.0017660000012256205
0.07075799998710863 0.0
0.07054499999503605 0.0017930000030901283
0.07054499999503605 0.0
0.05394199999864213 0.0013840000028721988
0.05394199999864213 1.00000761449337e-06
0.05353900001500733 0.001281000004382804
0.05353900001500733 1.00000761449337e-06
0.07396099998732097 0.0017890000017359853
0.07396099998732097 0.0
0.07388999999966472 0.0018280000076629221
0.07388999999966472 0.0
0.07398700001067482 0.0018050000071525574
0.07398700001067482 0.0
0.07361200000741519 0.0018449999915901572
0.07361200000741519 1.00000761449337e-06
0.07398099999409169 0.0018660000059753656
0.07398099999409169 9.999785106629133e-07
0.07386299999780022 0.0017819999775383621
0.07386299999780022 0.0
0.0740079999959562 0.0017949999892152846
0.0740079999959562 0.0
0.05340100001194514 0.0012879999994765967
0.05340100001194514 0.0
0.0537659999972675 0.0013099999923724681
0.0537659999972675 0.0
0.0534590000170283 0.0012959999730810523
0.0534590000170283 0.0
0.053564999980153516 0.0013179999950807542
0.053564999980153516 1.00000761449337e-06
0.05417800002032891 0.0013190000026952475
0.05417800002032891 0.0
0.05371099998592399 0.001293999986955896
0.05371099998592399 0.0
0.05619699999806471 0.00144599998020567
0.05619699999806471 0.0
0.05617900000652298 0.001336999994236976
0.05617900000652298 0.0
0.05632899998454377 0.0013669999898411334
0.05632899998454377 0.0
0.05608899999060668 0.001361000002361834
0.05608899999060668 0.0
0.07784199999878183 0.0020220000005792826
0.07784199999878183 0.0
0.05648499997914769 0.0013550000148825347
0.05648499997914769 1.00000761449337e-06
0.055714999994961545 0.0013270000054035336
0.055714999994961545 1.00000761449337e-06
0.07705699998768978 0.001931000006152317
0.07705699998768978 0.0
0.05567999999038875 0.0013279999839141965
0.05567999999038875 1.00000761449337e-06
0.05609500000718981 0.0013629999884869903
0.05609500000718981 0.0
0.05593699999735691 0.0013620000099763274
0.05593699999735691 0.0
0.05715599999530241 0.0014239999873097986
0.05715599999530241 9.999785106629133e-07
0.05595399998128414 0.001336000015726313
0.05595399998128414 0.0
0.05662499999743886 0.0014139999984763563
0.05662499999743886 9.999785106629133e-07
0.056072000006679446 0.0013340000004973263
0.056072000006679446 0.0
0.06086999998660758 0.001631999999517575
0.06086999998660758 0.0
0.0633289999968838 0.001631999999517575
0.0633289999968838 9.999785106629133e-07
0.06430800000089221 0.0015780000248923898
0.06430800000089221 0.0
0.06342600000789389 0.001524999999674037
0.06342600000789389 0.0
0.06331200001295656 0.0015199999907054007
0.06331200001295656 0.0
0.06353799998760223 0.0015459999849554151
0.06353799998760223 0.0
0.0634309999877587 0.0015189999830909073
0.0634309999877587 0.0
0.06105699998443015 0.0015039999852888286
0.06105699998443015 0.0
0.060907999984920025 0.0019629999878816307
0.060907999984920025 0.0
0.06129000001237728 0.0016049999976530671
0.06129000001237728 0.0
0.061163000005763024 0.0016269999905489385
0.061163000005763024 1.00000761449337e-06
0.0616380000137724 0.0019810000085271895
0.0616380000137724 9.999785106629133e-07
0.08172899999772198 0.0028300000121816993
0.08172899999772198 0.0
0.08212100001401268 0.002357999997911975
0.08212100001401268 9.999785106629133e-07
0.08186999999452382 0.0023890000011306256
0.08186999999452382 0.0
0.058591000008163974 0.001560000004246831
0.058591000008163974 0.0
0.058363999996799976 0.0019690000044647604
0.058363999996799976 9.999785106629133e-07
0.05868799999007024 0.001517999975476414
0.05868799999007024 1.00000761449337e-06
0.05954999997629784 0.0017720000178087503
0.05954999997629784 0.0
0.05856299999868497 0.001799999998183921
0.05856299999868497 1.00000761449337e-06
0.06075900001451373 0.0018090000085067004
0.06075900001451373 1.00000761449337e-06
0.06593800001428463 0.003880999982357025
0.06593800001428463 0.0
0.06896400000550784 0.003958999994210899
0.06896400000550784 1.00000761449337e-06
0.06922999999369495 0.0025779999850783497
0.06922999999369495 0.0
0.0686989999958314 0.001931000006152317
0.0686989999958314 1.00000761449337e-06
0.06834999998682179 0.0019069999980274588
0.06834999998682179 0.0
0.06866400002036244 0.002142999990610406
0.06866400002036244 9.999785106629133e-07
0.06947400001809001 0.0021059999999124557
0.06947400001809001 0.0
0.06633800000417978 0.0017299999890383333
0.06633800000417978 9.999785106629133e-07
0.06562700000358745 0.001879999996162951
0.06562700000358745 1.00000761449337e-06
0.06764200000907294 0.0017740000039339066
0.06764200000907294 0.0
0.06594600001699291 0.0019789999932982028
0.06594600001699291 1.00000761449337e-06
0.0660490000154823 0.0018010000057984143
0.0660490000154823 0.0
0.06585400001495145 0.0015910000074654818
0.06585400001495145 1.00000761449337e-06
0.06640999999945052 0.001596999994944781
0.06640999999945052 0.0
0.06873800000175834 0.001732999982777983
0.06873800000175834 0.0
0.09346200001891702 0.0022920000192243606
0.09346200001891702 1.00000761449337e-06
0.0937549999798648 0.002263000002130866
0.0937549999798648 0.0
0.09623899997677654 0.002502999996067956
0.09623899997677654 0.0
0.0960590000031516 0.0022619999945163727
0.0960590000031516 1.00000761449337e-06
0.09281000000191852 0.0023110000183805823
0.09281000000191852 0.0
0.09633100000792183 0.002482999989297241
0.09633100000792183 9.999785106629133e-07
0.06921100002364255 0.0016730000206734985
0.06921100002364255 0.0
0.09425300001748838 0.0023329999821726233
0.09425300001748838 0.0
0.09517799998866394 0.0024179999891202897
0.09517799998866394 1.00000761449337e-06
0.09844299999531358 0.0057619999861344695
0.09844299999531358 0.0
0.07134399999631569 0.0018280000076629221
0.07134399999631569 0.0
0.06922999999369495 0.001986999996006489
0.06922999999369495 0.0
0.09374599999864586 0.002370000001974404
0.09374599999864586 9.999785106629133e-07
0.09440400000312366 0.0023310000251512975
0.09440400000312366 0.0
0.07034200002090074 0.0018410000193398446
0.07034200002090074 1.00000761449337e-06
0.06976600000052713 0.0016900000046007335
0.06976600000052713 0.0
0.07335700001567602 0.0018580000032670796
0.07335700001567602 0.0
0.08193700000992976 0.0018740000086836517
0.08193700000992976 0.0
0.07240299999830313 0.0017210000078193843
0.07240299999830313 1.00000761449337e-06
0.07246500000474043 0.0017820000066421926
0.07246500000474043 0.0
0.07151000000885688 0.002033000026131049
0.07151000000885688 0.0
0.08276200000545941 0.0023649999930057675
0.08276200000545941 1.00000761449337e-06
0.07530499997665174 0.0017729999963194132
0.07530499997665174 0.0
0.07594799998332746 0.004385000007459894
0.07594799998332746 0.0
0.11733199999434873 0.0064830000046640635
0.11733199999434873 0.0
0.07912999999825843 0.004454999987501651
0.07912999999825843 1.00000761449337e-06
0.08179900000686757 0.004610000003594905
0.08179900000686757 1.00000761449337e-06
0.08143799999379553 0.0025129999849013984
0.08143799999379553 0.0
0.08124100000713952 0.0019810000085271895
0.08124100000713952 0.0
0.08103100000880659 0.0019789999932982028
0.08103100000880659 1.00000761449337e-06
0.07872799999313429 0.001879999996162951
0.07872799999313429 9.999785106629133e-07
0.0798720000020694 0.0019540000066626817
0.0798720000020694 1.00000761449337e-06
0.07965500000864267 0.0018979999877046794
0.07965500000864267 1.00000761449337e-06
0.07694100000662729 0.0018239999772049487
0.07694100000662729 0.0
0.0791120000067167 0.0018430000054650009
0.0791120000067167 0.0
0.07916900000418536 0.0019399999873712659
0.07916900000418536 0.0
0.07672000001184642 0.0018390000041108578
0.07672000001184642 0.0
0.07645799999590963 0.0018099999870173633
0.07645799999590963 0.0
0.0764740000013262 0.0018149999959859997
0.0764740000013262 0.0
0.0770980000088457 0.0018540000019129366
0.0770980000088457 0.0
0.07632500000181608 0.0018090000085067004
0.07632500000181608 9.999785106629133e-07
0.07656200000201352 0.0018310000014025718
0.07656200000201352 0.0
0.07605900001362897 0.0018580000032670796
0.07605900001362897 0.0
0.07354000001214445 0.0017550000047776848
0.07354000001214445 0.0
0.07389400000101887 0.0017649999936111271
0.07389400000101887 0.0
0.07367700000759214 0.001744000008329749
0.07367700000759214 0.0
0.07353300001705065 0.001736000005621463
0.07353300001705065 0.0
0.07407400000374764 0.001812999980757013
0.07407400000374764 0.0
0.07462699999450706 0.00193500000750646
0.07462699999450706 0.0
0.07976399999461137 0.001824999984819442
0.07976399999461137 0.0
0.0716719999909401 0.0017039999947883189
0.0716719999909401 0.0
0.06862499998533167 0.0016349999932572246
0.06862499998533167 0.0
0.0687679999973625 0.00169500001356937
0.0687679999973625 0.0
0.0689719999791123 0.0016610000166110694
0.0689719999791123 0.0
0.06892099999822676 0.0016279999981634319
0.06892099999822676 9.999785106629133e-07
0.06641600001603365 0.001613999978872016
0.06641600001603365 0.0
0.0684449999826029 0.0016650000179652125
0.0684449999826029 0.0
0.06887700001243502 0.0016479999758303165
0.06887700001243502 0.0
0.06907000002684072 0.0020249999943189323
0.06907000002684072 1.00000761449337e-06
0.07333100002142601 0.001783000014256686
0.07333100002142601 1.00000761449337e-06
0.07163600000785664 0.001715999998850748
0.07163600000785664 1.00000761449337e-06
0.07162299999617971 0.0017090000037569553
0.07162299999617971 9.999785106629133e-07
0.06953400000929832 0.0016509999986737967
0.06953400000929832 1.00000761449337e-06
0.0685290000110399 0.0016619999951217324
0.0685290000110399 0.0
0.06894199998350814 0.0016720000130590051
0.06894199998350814 1.00000761449337e-06
0.06905400002142414 0.0016929999983403832
0.06905400002142414 1.00000761449337e-06
0.06928399999742396 0.001672999991569668
0.06928399999742396 0.0
0.068965999991633 0.0016479999758303165
0.068965999991633 1.00000761449337e-06
0.06838700000662357 0.0016370000084862113
0.06838700000662357 0.0
0.06854700000258163 0.0016410000098403543
0.06854700000258163 0.0
0.06891400000313297 0.0016800000157672912
0.06891400000313297 0.0
0.07122399998479523 0.0017459999944549054
0.07122399998479523 1.00000761449337e-06
0.07138899998972192 0.001723000023048371
0.07138899998972192 0.0
0.07137600000714883 0.0017029999871738255
0.07137600000714883 1.00000761449337e-06
0.07659199999761768 0.0018430000054650009
0.07659199999761768 1.00000761449337e-06
0.07892999998875894 0.001883000019006431
0.07892999998875894 1.00000761449337e-06
0.08079399997950532 0.0020420000073499978
0.08079399997950532 0.0
0.08460599998943508 0.0021650000126101077
0.08460599998943508 0.0
0.08887100001447834 0.005177999992156401
0.08887100001447834 0.0
0.0889809999789577 0.0023640000144951046
0.0889809999789577 1.00000761449337e-06
0.08664599998155609 0.00241499999538064
0.08664599998155609 9.999785106629133e-07
0.09166099998401478 0.0023240000009536743
0.09166099998401478 1.00000761449337e-06
0.09937699997681193 0.005999999993946403
0.09937699997681193 0.0
0.10084200001438148 0.00269799999659881
0.10084200001438148 0.0
0.10115400000358932 0.0025619999796617776
0.10115400000358932 9.999785106629133e-07
0.10388499998953193 0.005849000008311123
0.10388499998953193 0.0
0.09231000000727363 0.00229199999012053
0.09231000000727363 0.0
0.08598400000482798 0.0020650000078603625
0.08598400000482798 9.999785106629133e-07
0.08496400000876747 0.002359000005526468
0.08496400000876747 9.999785106629133e-07
0.0856169999751728 0.0020000000076834112
0.0856169999751728 0.0
0.0833099999872502 0.0020570000051520765
0.0833099999872502 1.00000761449337e-06
0.0944350000063423 0.0020570000051520765
0.0944350000063423 0.0
0.0776870000117924 0.001803999999538064
0.0776870000117924 0.0
0.08058599999640137 0.0019320000137668103
0.08058599999640137 9.999785106629133e-07
0.07733099997858517 0.0019219999958295375
0.07733099997858517 0.0
0.09318299998994917 0.0020469999872148037
0.09318299998994917 0.0
0.08618899999419227 0.0019090000132564455
0.08618899999419227 1.00000761449337e-06
0.07935700000962242 0.0019449999963399023
0.07935700000962242 1.00000761449337e-06
0.0960989999875892 0.0023079999955371022
0.0960989999875892 2.00001522898674e-06
0.08395800000289455 0.002150999993318692
0.08395800000289455 1.7000013031065464e-05
0.08298500001546927 0.0023150000197347254
0.08298500001546927 1.00000761449337e-06
0.1039650000166148 0.002109000022755936
0.1039650000166148 1.00000761449337e-06
0.08064400000148453 0.002039999992121011
0.08064400000148453 1.00000761449337e-06
0.08495799999218434 0.001963999995496124
0.08495799999218434 1.00000761449337e-06
0.08234199997968972 0.0019789999932982028
0.08234199997968972 0.0
0.0795759999891743 0.0019209999882150441
0.0795759999891743 0.0
0.08301000000210479 0.002303999994182959
0.08301000000210479 0.0
0.08504000000539236 0.0023170000058598816
0.08504000000539236 1.00000761449337e-06
0.09532399999443442 0.0022210000024642795
0.09532399999443442 1.00000761449337e-06
0.08889700000872836 0.002126000006683171
0.08889700000872836 1.00000761449337e-06
0.10001900000497699 0.002318000013474375
0.10001900000497699 0.0
0.08894499999587424 0.002134000009391457
0.08894499999587424 0.0
0.08644700000877492 0.002146999991964549
0.08644700000877492 0.0
0.08673400001134723 0.002147999999579042
0.08673400001134723 0.0
0.08944400001200847 0.0020770000119227916
0.08944400001200847 9.999785106629133e-07
0.08670100002200343 0.0021720000077039003
0.08670100002200343 9.999785106629133e-07
0.08542099999613129 0.0021140000026207417
0.08542099999613129 1.00000761449337e-06
0.08597899999585934 0.0020340000046417117
0.08597899999585934 9.999785106629133e-07
0.08683899999596179 0.002064000000245869
0.08683899999596179 0.0
0.08500299998559058 0.001970000012079254
0.08500299998559058 0.0
0.08588900000904687 0.001994000020204112
0.08588900000904687 1.00000761449337e-06
0.08010699998703785 0.0019690000044647604
0.08010699998703785 0.0
0.08536599998478778 0.0019509999838192016
0.08536599998478778 1.00000761449337e-06
0.08291300002019852 0.0020520000252872705
0.08291300002019852 0.0
0.08189599998877384 0.0019529999990481883
0.08189599998877384 1.00000761449337e-06
0.0822269999771379 0.001939000008860603
0.0822269999771379 1.00000761449337e-06
0.07905900001060218 0.0019320000137668103
0.07905900001060218 0.0
0.07893200000398792 0.0018850000051315874
0.07893200000398792 0.0
0.0803650000016205 0.0019449999963399023
0.0803650000016205 0.0
0.08162000001175329 0.00205500001902692
0.08162000001175329 1.00000761449337e-06
0.08614599998691119 0.002103000006172806
0.08614599998691119 9.999785106629133e-07
0.09386399999493733 0.0022779999999329448
0.09386399999493733 1.00000761449337e-06
0.07737000001361594 0.0018619999755173922
0.07737000001361594 1.00000761449337e-06
0.07867399998940527 0.001927000004798174
0.07867399998940527 0.0
0.07968400002573617 0.0018860000127460808
0.07968400002573617 1.00000761449337e-06
0.07899700000416487 0.0019210000173188746
0.07899700000416487 0.0
0.08300399998552166 0.0020349999831523746
0.08300399998552166 1.00000761449337e-06
0.08822900001541711 0.0021109999797772616
0.08822900001541711 0.0
0.08783600002061576 0.0021240000205580145
0.08783600002061576 1.00000761449337e-06
0.08677900000475347 0.0021450000058393925
0.08677900000475347 1.00000761449337e-06
0.085583999985829 0.002062999992631376
0.085583999985829 1.00000761449337e-06
0.08505999998305924 0.002074000018183142
0.08505999998305924 0.0
0.08516400001826696 0.0020850000146310776
0.08516400001826696 0.0
0.08489500000723638 0.002074999996693805
0.08489500000723638 1.00000761449337e-06
0.09231800000998192 0.002099000004818663
0.09231800000998192 0.0
0.08489399999962188 0.0019580000080168247
0.08489399999962188 9.999785106629133e-07
0.08496399997966364 0.0020010000152979046
0.08496399997966364 1.00000761449337e-06
0.09057200001552701 0.002014000026974827
0.09057200001552701 1.00000761449337e-06
0.07945900000049733 0.0018730000010691583
0.07945900000049733 0.0
0.0821750000177417 0.0021259999775793403
0.0821750000177417 0.0
0.08261599999968894 0.001943999988725409
0.08261599999968894 1.00000761449337e-06
0.077502000000095 0.0018620000046212226
0.077502000000095 1.00000761449337e-06
0.07748600002378225 0.0019240000110585243
0.07748600002378225 0.0
0.07662499998696148 0.0019230000034440309
0.07662499998696148 1.00000761449337e-06
0.0837349999928847 0.0018749999871943146
0.0837349999928847 9.999785106629133e-07
0.08009000000311062 0.0019190000020898879
0.08009000000311062 0.0
0.09245299999020062 0.0028119999915361404
0.09245299999020062 1.00000761449337e-06
0.09437099998467602 0.0027239999908488244
0.09437099998467602 0.0
0.07863100001122802 0.0020209999929647893
0.07863100001122802 1.00000761449337e-06
0.07912400001077913 0.00185500000952743
0.07912400001077913 1.00000761449337e-06
0.0770020000054501 0.0018770000024233013
0.0770020000054501 0.0
0.07379799999762326 0.0017499999958090484
0.07379799999762326 1.00000761449337e-06
0.07382600000710227 0.0019019999890588224
0.07382600000710227 1.00000761449337e-06
0.07358900000690483 0.0018280000076629221
0.07358900000690483 0.0
0.07356599997729063 0.0017700000025797635
0.07356599997729063 1.00000761449337e-06
0.07393199999933131 0.001791000016964972
0.07393199999933131 0.0
0.07418399999733083 0.0018259999924339354
0.07418399999733083 0.0
0.07131800000206567 0.0017349999980069697
0.07131800000206567 0.0
0.07251899997936562 0.0019230000034440309
0.07251899997936562 1.00000761449337e-06
0.07199799999943934 0.0017759999900590628
0.07199799999943934 1.00000761449337e-06
0.07154699999955483 0.0017259999876841903
0.07154699999955483 1.00000761449337e-06
0.07092800000100397 0.0016940000059548765
0.07092800000100397 9.999785106629133e-07
0.0713709999981802 0.0017729999963194132
0.0713709999981802 1.00000761449337e-06
0.07334500001161359 0.001812999980757013
0.07334500001161359 1.00000761449337e-06
0.07697600001120009 0.0018540000019129366
0.07697600001120009 1.00000761449337e-06
0.07680199999595061 0.0018389999750070274
0.07680199999595061 0.0
0.0763509999960661 0.0018569999956525862
0.0763509999960661 0.0
0.07598299998790026 0.0018259999924339354
0.07598299998790026 0.0
0.10246999998344108 0.0025089999835472554
0.10246999998344108 0.0
0.07366099997307174 0.001779000012902543
0.07366099997307174 1.00000761449337e-06
0.07641599999624304 0.0018989999953191727
0.07641599999624304 9.999785106629133e-07
0.07644500001333654 0.0018230000277981162
0.07644500001333654 0.0
0.07605899998452514 0.0018270000000484288
0.07605899998452514 0.0
0.07613100000889972 0.001816999982111156
0.07613100000889972 1.00000761449337e-06
0.07852599999750964 0.0018740000086836517
0.07852599999750964 0.0
0.07915500001399778 0.0019139999931212515
0.07915500001399778 0.0
0.07884699999704026 0.0018850000051315874
0.07884699999704026 0.0
0.07892200001515448 0.0019399999873712659
0.07892200001515448 0.0
0.07935600000200793 0.0019329999922774732
0.07935600000200793 0.0
0.07843500000308268 0.0019449999963399023
0.07843500000308268 1.00000761449337e-06
0.07917199999792501 0.0019050000119023025
0.07917199999792501 0.0
0.0772960000031162 0.001879000017652288
0.0772960000031162 1.00000761449337e-06
0.07633100001839921 0.0018609999970067292
0.07633100001839921 1.00000761449337e-06
0.07639299999573268 0.001832999987527728
0.07639299999573268 0.0
0.07667499998933636 0.0018660000059753656
0.07667499998933636 1.00000761449337e-06
0.0760100000188686 0.0019420000026002526
0.0760100000188686 0.0
0.07447400002274662 0.001910000020870939
0.07447400002274662 1.00000761449337e-06
0.10389999998733401 0.0020220000005792826
0.10389999998733401 0.0
0.0836669999989681 0.0018430000054650009
0.0836669999989681 0.0
0.08904600000823848 0.0018930000078398734
0.08904600000823848 1.00000761449337e-06
0.08727200000430457 0.002062999992631376
0.08727200000430457 0.0
0.09202499999082647 0.0019489999976940453
0.09202499999082647 0.0
0.08597200000076555 0.001927000004798174
0.08597200000076555 0.0
0.07979299998260103 0.0018780000100377947
0.07979299998260103 0.0
0.07923200001823716 0.001971000019693747
0.07923200001823716 0.0
0.08639100001892075 0.0020229999790899456
0.08639100001892075 0.0
0.08578200000920333 0.0019209999882150441
0.08578200000920333 0.0
0.0841260000015609 0.0018280000076629221
0.0841260000015609 0.0
0.08037000001058914 0.0019330000213813037
0.08037000001058914 0.0
0.0811589999939315 0.0019299999985378236
0.0811589999939315 1.00000761449337e-06
0.0824350000184495 0.0019289999909233302
0.0824350000184495 1.00000761449337e-06
0.08324800000991672 0.002015999983996153
0.08324800000991672 0.0
0.08006000000750646 0.0019160000083502382
0.08006000000750646 1.00000761449337e-06
0.08420700000715442 0.0019480000191833824
0.08420700000715442 0.0
0.08064500000909902 0.001994999998714775
0.08064500000909902 0.0
0.10299499999382533 0.0022450000105891377
0.10299499999382533 0.0
0.10285799999837764 0.0022370000078808516
0.10285799999837764 0.0
0.0825839999888558 0.002011000004131347
0.0825839999888558 0.0
0.08248799998546019 0.0020240000158082694
0.08248799998546019 0.0
0.08790199999930337 0.002299999992828816
0.08790199999930337 9.999785106629133e-07
0.0852149999991525 0.0019380000012461096
0.0852149999991525 0.0
0.08125200000358745 0.0018689999997150153
0.08125200000358745 0.0
0.08433300000615418 0.0019829999946523458
0.08433300000615418 1.00000761449337e-06
0.08067900000605732 0.0019610000017564744
0.08067900000605732 1.00000761449337e-06
0.08318600000347942 0.0019190000020898879
0.08318600000347942 1.00000761449337e-06
0.08334599999943748 0.001994999998714775
0.08334599999943748 0.0
0.08058400001027621 0.0020939999958500266
0.08058400001027621 0.0
0.08993600000394508 0.0019850000098813325
0.08993600000394508 0.0
0.08948299998883158 0.0020499999809544533
0.08948299998883158 1.00000761449337e-06
0.12429699997301213 0.0030799999949522316
0.12429699997301213 1.00000761449337e-06
0.09179299999959767 0.0022190000163391232
0.09179299999959767 0.0
0.08527399998274632 0.001988000003620982
0.08527399998274632 0.0
0.0847430000139866 0.0021019999985583127
0.0847430000139866 1.00000761449337e-06
0.12237100000493228 0.002982999983942136
0.12237100000493228 0.0
0.09972300002118573 0.0022560000070370734
0.09972300002118573 1.00000761449337e-06
0.09879600000567734 0.0020859999931417406
0.09879600000567734 1.00000761449337e-06
0.08921199999167584 0.0021120000164955854
0.08921199999167584 0.0
0.08918300000368617 0.0021539999870583415
0.08918300000368617 0.0
0.08647600002586842 0.002059999998891726
0.08647600002586842 0.0
0.08688300001085736 0.0020499999809544533
0.08688300001085736 1.00000761449337e-06
0.0873369999753777 0.002111000008881092
0.0873369999753777 0.0
0.0840639999951236 0.002035999990766868
0.0840639999951236 9.999785106629133e-07
0.08389000000897795 0.0020129999902565032
0.08389000000897795 1.00000761449337e-06
0.08137800000258721 0.001986999996006489
0.08137800000258721 1.00000761449337e-06
0.07916300001670606 0.0019170000159647316
0.07916300001670606 0.0
0.07924399999319576 0.0019029999966733158
0.07924399999319576 0.0
0.07972100001643412 0.0019489999976940453
0.07972100001643412 0.0
0.07923299999674782 0.001975999999558553
0.07923299999674782 0.0
0.08163400000194088 0.0019380000012461096
0.08163400000194088 0.0
0.08439600002020597 0.0020369999983813614
0.08439600002020597 9.999785106629133e-07
0.08390399999916553 0.0020099999965168536
0.08390399999916553 0.0
0.08426699999836273 0.0020349999831523746
0.08426699999836273 1.00000761449337e-06
0.0835580000129994 0.002011000004131347
0.0835580000129994 1.00000761449337e-06
0.08160800000769086 0.001967999996850267
0.08160800000769086 0.0
0.07697599998209625 0.0017940000107046217
0.07697599998209625 1.00000761449337e-06
0.07659599999897182 0.0018350000027567148
0.07659599999897182 0.0
0.07621099997777492 0.0018290000152774155
0.07621099997777492 1.00000761449337e-06
0.07422599999699742 0.0017430000007152557
0.07422599999699742 0.0
0.07381299999542534 0.0017519999819342047
0.07381299999542534 0.0
0.0740640000149142 0.0017279999738093466
0.0740640000149142 1.00000761449337e-06
0.07164500001817942 0.0016940000059548765
0.07164500001817942 0.0
0.0736670000187587 0.0017410000145900995
0.0736670000187587 1.00000761449337e-06
0.07128200001898222 0.0017180000140797347
0.07128200001898222 0.0
0.06967899997835048 0.002035999990766868
0.06967899997835048 0.0
0.06888999999500811 0.0016980000073090196
0.06888999999500811 0.0
0.07115800000610761 0.0016820000018924475
0.07115800000610761 9.999785106629133e-07
0.07200899999588728 0.00172899998142384
0.07200899999588728 0.0
0.07378500001505017 0.0017600000137463212
0.07378500001505017 9.999785106629133e-07
0.07848599998396821 0.0018909999926108867
0.07848599998396821 0.0
0.08772000001044944 0.0021380000107456
0.08772000001044944 9.999785106629133e-07
0.1041749999858439 0.002605000016046688
0.1041749999858439 0.0
0.10338899999624118 0.0024369999882765114
0.10338899999624118 9.999785106629133e-07
0.08445800002664328 0.0020509999885689467
0.08445800002664328 0.0
0.07911199997761287 0.0019280000124126673
0.07911199997761287 0.0
0.07888099999399856 0.0018979999877046794
0.07888099999399856 0.0
0.07618699999875389 0.0018360000103712082
0.07618699999875389 0.0
0.07744700001785532 0.00185500000952743
0.07744700001785532 1.00000761449337e-06
0.07271899998886511 0.0017180000140797347
0.07271899998886511 0.0
0.071773999981815 0.001715999998850748
0.071773999981815 0.0
0.07108100000186823 0.0017069999885279685
0.07108100000186823 0.0
0.06870400000480004 0.0016389999946113676
0.06870400000480004 0.0
0.06875599999330007 0.001648000004934147
0.06875599999330007 1.00000761449337e-06
0.0692540000018198 0.0016630000027362257
0.0692540000018198 1.00000761449337e-06
0.06857699999818578 0.0016349999932572246
0.06857699999818578 1.00000761449337e-06
0.07120500001474284 0.0016890000260900706
0.07120500001474284 0.0
0.0712960000091698 0.0016940000059548765
0.0712960000091698 9.999785106629133e-07
0.07207599998218939 0.0018130000098608434
0.07207599998218939 0.0
0.07203099998878315 0.0017799999914132059
0.07203099998878315 0.0
0.06903199999942444 0.0016820000018924475
0.06903199999942444 0.0
0.0688300000037998 0.0016469999973196536
0.0688300000037998 5.0000089686363935e-06
0.07002800001646392 0.0016739999991841614
0.07002800001646392 0.0
0.06852299999445677 0.001636000000871718
0.06852299999445677 0.0
0.06929300000774674 0.0016339999856427312
0.06929300000774674 0.0
0.07140600000275299 0.0017250000091735274
0.07140600000275299 0.0
0.07487700000638142 0.0017080000252462924
0.07487700000638142 1.00000761449337e-06
0.07351300001027994 0.0017480000096838921
0.07351300001027994 0.0
0.07401499999104999 0.0017410000145900995
0.07401499999104999 1.00000761449337e-06
0.07427099999040365 0.0017330000118818134
0.07427099999040365 1.00000761449337e-06
0.07412200001999736 0.0017510000034235418
0.07412200001999736 1.00000761449337e-06
0.07193800000823103 0.0017069999885279685
0.07193800000823103 0.0
0.10078300000168383 0.0026289999950677156
0.10078300000168383 0.0
0.07456700000329874 0.0017590000061318278
0.07456700000329874 1.00000761449337e-06
0.07667800001217984 0.001859000010881573
0.07667800001217984 0.0
0.07720899998093955 0.0018660000059753656
0.07720899998093955 9.999785106629133e-07
0.07698899999377318 0.0018449999915901572
0.07698899999377318 0.0
0.07669000001624227 0.001799999998183921
0.07669000001624227 0.0
0.07611900000483729 0.0018240000063087791
0.07611900000483729 9.999785106629133e-07
0.07936800000607036 0.0018979999877046794
0.07936800000607036 9.999785106629133e-07
0.07879699999466538 0.0018930000078398734
0.07879699999466538 1.00000761449337e-06
0.07678400000440888 0.0018130000098608434
0.07678400000440888 1.00000761449337e-06
0.07668900000862777 0.0018469999777153134
0.07668900000862777 1.00000761449337e-06
0.07357900001807138 0.0017259999876841903
0.07357900001807138 9.999785106629133e-07
0.07651900002383627 0.0017930000030901283
0.07651900002383627 0.0
0.08217099998728372 0.0019240000110585243
0.08217099998728372 1.00000761449337e-06
0.08644699997967109 0.002027000009547919
0.08644699997967109 0.0
0.09241800001473166 0.002179999981308356
0.09241800001473166 0.0
0.10487200002535246 0.0024649999977555126
0.10487200002535246 0.0
0.10431900000548922 0.002454000001307577
0.10431900000548922 1.00000761449337e-06
0.08613100001821294 0.0020280000171624124
0.08613100001821294 0.0
0.08386099999188446 0.002003000001423061
0.08386099999188446 1.00000761449337e-06
0.08431000000564381 0.002000999986194074
0.08431000000564381 0.0
0.0788860000029672 0.0018360000103712082
0.0788860000029672 1.00000761449337e-06
0.07650599998305552 0.0018440000130794942
0.07650599998305552 0.0
0.0767070000001695 0.0018339999951422215
0.0767070000001695 0.0
0.07921199998236261 0.001867999992100522
0.07921199998236261 0.0
0.07869699998991564 0.001914000022225082
0.07869699998991564 0.0
0.07647300002281554 0.0017619999998714775
0.07647300002281554 0.0
0.07631400000536814 0.0017579999985173345
0.07631400000536814 0.0
0.07649800000945106 0.0017749999824445695
0.07649800000945106 1.00000761449337e-06
0.07615200002328493 0.001787000015610829
0.07615200002328493 0.0
0.07415500000934117 0.0017589999770279974
0.07415500000934117 0.0
0.07376200001453981 0.0017379999917466193
0.07376200001453981 0.0
0.07464099998469464 0.001879999996162951
0.07464099998469464 1.00000761449337e-06
0.07687700001406483 0.0018509999790694565
0.07687700001406483 0.0
0.0802689999982249 0.0018109999946318567
0.0802689999982249 0.0
0.07858899998245761 0.0018660000059753656
0.07858899998245761 1.00000761449337e-06
0.07875600000261329 0.0018359999812673777
0.07875600000261329 0.0
0.07906699998420663 0.0018500000005587935
0.07906699998420663 0.0
0.07934000002569519 0.0018820000113919377
0.07934000002569519 1.00000761449337e-06
0.07675499998731539 0.001820999983465299
0.07675499998731539 1.00000761449337e-06
0.07683500001439825 0.001791999995475635
0.07683500001439825 0.0
0.07623000000603497 0.0019029999966733158
0.07623000000603497 0.0
0.07655300002079457 0.001800999976694584
0.07655300002079457 9.999785106629133e-07
0.07616999998572282 0.0017809999990276992
0.07616999998572282 0.0
0.1090120000008028 0.0026249999937135726
0.1090120000008028 0.0
0.07908699999097735 0.0018360000103712082
0.07908699999097735 1.00000761449337e-06
0.08384199999272823 0.001990000018849969
0.08384199999272823 9.999785106629133e-07
0.08685100000002421 0.0020340000046417117
0.08685100000002421 0.0
0.08661800000118092 0.002490000013494864
0.08661800000118092 0.0
0.08892300000297837 0.0020960000110790133
0.08892300000297837 1.00000761449337e-06
0.08872999998857267 0.0021040000137872994
0.08872999998857267 0.0
0.09148000000277534 0.0022499999904539436
0.09148000000277534 1.00000761449337e-06
0.09139399998821318 0.0026150000048801303
0.09139399998821318 0.0
0.09416499998769723 0.0022290000051725656
0.09416499998769723 9.999785106629133e-07
0.09708900001714937 0.0023249999794643372
0.09708900001714937 0.0
0.09705000001122244 0.002398000011453405
0.09705000001122244 0.0
0.09646599998814054 0.0024640000192448497
0.09646599998814054 9.999785106629133e-07
0.09856399998534471 0.002294000005349517
0.09856399998534471 1.00000761449337e-06
0.09909400000469759 0.002363999985391274
0.09909400000469759 0.0
0.10156399998231791 0.002441000018734485
0.10156399998231791 1.00000761449337e-06
0.10556700002052821 0.0025280000118073076
0.10556700002052821 1.00000761449337e-06
0.08947599999373779 0.0020969999895896763
0.08947599999373779 1.00000761449337e-06
0.08942000000388362 0.002147999999579042
0.08942000000388362 0.0
0.09033199999248609 0.00217500000144355
0.09033199999248609 1.00000761449337e-06
0.09734399997978471 0.002957999997306615
0.09734399997978471 0.0
0.1017639999918174 0.002283000008901581
0.1017639999918174 1.00000761449337e-06
0.09752499999012798 0.0022529999841935933
0.09752499999012798 0.0
0.09715799998957664 0.002282000001287088
0.09715799998957664 9.999785106629133e-07
0.09487599998828955 0.002521000016713515
0.09487599998828955 1.00000761449337e-06
0.09069699997780845 0.0021610000112559646
0.09069699997780845 0.0
0.09839499997906387 0.0020770000119227916
0.09839499997906387 0.0
0.09142499999143183 0.002148999978089705
0.09142499999143183 0.0
0.08998600000631995 0.002134000009391457
0.08998600000631995 0.0
0.09012300000176765 0.0020979999972041696
0.09012300000176765 0.0
0.10028499999316409 0.0020909999730065465
0.10028499999316409 1.00000761449337e-06
0.08650800000759773 0.002066999993985519
0.08650800000759773 0.0
0.08736200002022088 0.002091000002110377
0.08736200002022088 0.0
0.0876599999901373 0.0024200000043492764
0.0876599999901373 1.00000761449337e-06
0.08275299999513663 0.00197800001478754
0.08275299999513663 0.0
0.08418500001425855 0.0020300000032875687
0.08418500001425855 1.00000761449337e-06
0.08443600000464357 0.002074999996693805
0.08443600000464357 0.0
0.10708499999600463 0.002625000022817403
0.10708499999600463 0.0
0.08483300000079907 0.002066000015474856
0.08483300000079907 0.0
0.08404499999596737 0.0020019999938085675
0.08404499999596737 1.00000761449337e-06
0.08162699997774325 0.001927000004798174
0.08162699997774325 1.00000761449337e-06
0.08692900001187809 0.002074000018183142
0.08692900001187809 0.0
0.09900700001162477 0.0023709999804850668
0.09900700001162477 0.0
0.10477799997897819 0.0024970000085886568
0.10477799997897819 0.0
0.11706300001242198 0.006827000004705042
0.11706300001242198 0.0
0.13311399999656714 0.007451999990735203
0.13311399999656714 0.0
0.13522300001932308 0.007949999999254942
0.13522300001932308 0.0
0.1279670000076294 0.003731000004336238
0.1279670000076294 1.00000761449337e-06
0.13103199997567572 0.003197999991243705
0.13103199997567572 0.0
0.1286229999968782 0.0031020000169519335
0.1286229999968782 1.00000761449337e-06
0.1353009999729693 0.003435000020544976
0.1353009999729693 1.00000761449337e-06
0.13490299999830313 0.003196000005118549
0.13490299999830313 0.0
0.13212200000998564 0.003117999993264675
0.13212200000998564 0.0
0.13285000002360903 0.003172000026097521
0.13285000002360903 9.999785106629133e-07
0.13068799997563474 0.0029919999942649156
0.13068799997563474 0.0
0.12958800001069903 0.00314099999377504
0.12958800001069903 0.0
0.11049700001603924 0.002683999977307394
0.11049700001603924 0.0
0.07628599999588914 0.0018109999946318567
0.07628599999588914 0.0
0.07562400001916103 0.0017759999900590628
0.07562400001916103 0.0
0.07387900000321679 0.0017349999980069697
0.07387900000321679 0.0
0.07390399998985231 0.0017600000137463212
0.07390399998985231 0.0
0.07403299998259172 0.0017309999966528267
0.07403299998259172 0.0
0.07424700001138262 0.0018149999959859997
0.07424700001138262 0.0
0.07416899999952875 0.0017480000096838921
0.07416899999952875 0.0
0.07395499999984168 0.0017389999993611127
0.07395499999984168 0.0
0.07609899999806657 0.0018449999915901572
0.07609899999806657 0.0
0.0767350000096485 0.0017859999788925052
0.0767350000096485 1.00000761449337e-06
0.07673899998189881 0.0018279999785590917
0.07673899998189881 9.999785106629133e-07
0.07609700001194142 0.001824999984819442
0.07609700001194142 0.0
0.07651799998711795 0.0018109999946318567
0.07651799998711795 1.00000761449337e-06
0.07749100000364706 0.0017850000003818423
0.07749100000364706 1.00000761449337e-06
0.07680000000982545 0.0017909999878611416
0.07680000000982545 0.0
0.0761789999960456 0.0018050000071525574
0.0761789999960456 9.999785106629133e-07
0.0766109999967739 0.0018109999946318567
0.0766109999967739 1.00000761449337e-06
0.07647700002416968 0.001816000003600493
0.07647700002416968 0.0
0.08028299998841248 0.0018979999877046794
0.08028299998841248 9.999785106629133e-07
0.08215400000335649 0.0019380000012461096
0.08215400000335649 0.0
0.0818909999798052 0.001955000014277175
0.0818909999798052 0.0
0.08171599998604506 0.0019000000029336661
0.08171599998604506 0.0
0.08419000002322719 0.0021309999865479767
0.08419000002322719 0.0
0.08445900000515394 0.001984000002266839
0.08445900000515394 0.0
0.08405999999376945 0.0019579999789129943
0.08405999999376945 0.0
0.08426000000326894 0.0019529999990481883
0.08426000000326894 0.0
0.08413299999665469 0.001971000019693747
0.08413299999665469 1.00000761449337e-06
0.08427500000107102 0.0020129999902565032
0.08427500000107102 1.00000761449337e-06
0.08426299999700859 0.002027000009547919
0.08426299999700859 0.0
0.08418099998380058 0.0019829999946523458
0.08418099998380058 1.00000761449337e-06
0.0815110000257846 0.002019000006839633
0.0815110000257846 0.0
0.0826400000078138 0.0019429999811109155
0.0826400000078138 0.0
0.08170599999721162 0.0019130000146105886
0.08170599999721162 9.999785106629133e-07
0.08470599999418482 0.002047999994829297
0.08470599999418482 0.0
0.08410800001001917 0.001992999983485788
0.08410800001001917 0.0
0.08155999999144115 0.0019230000034440309
0.08155999999144115 1.00000761449337e-06
0.08120700001018122 0.0019069999980274588
0.08120700001018122 9.999785106629133e-07
0.08181599999079481 0.0019130000146105886
0.08181599999079481 1.00000761449337e-06
0.0843530000129249 0.002006000024266541
0.0843530000129249 0.0
0.08414200000697747 0.0020169999916106462
0.08414200000697747 0.0
0.0843120000208728 0.0019899999897461385
0.0843120000208728 0.0
0.08441899999161251 0.0019829999946523458
0.08441899999161251 9.999785106629133e-07
0.08391099999425933 0.0021380000107456
0.08391099999425933 0.0
0.08701200000359677 0.002080999984173104
0.08701200000359677 1.00000761449337e-06
0.08657600000151433 0.0020329999970272183
0.08657600000151433 0.0
0.08671900001354516 0.002064000000245869
0.08671900001354516 0.0
0.08681100001558661 0.0021059999999124557
0.08681100001558661 9.999785106629133e-07
0.08652000001166016 0.0020509999885689467
0.08652000001166016 0.0
0.08974400002625771 0.0021129999950062484
0.08974400002625771 0.0
0.08892000000923872 0.0021100000012665987
0.08892000000923872 0.0
0.09199200000148267 0.002219999994849786
0.09199200000148267 0.0
0.09215399998356588 0.0021800000104121864
0.09215399998356588 0.0
0.09150499998941086 0.0021419999829959124
0.09150499998941086 1.00000761449337e-06
0.09640600002603605 0.002211000013630837
0.09640600002603605 0.0
0.09790500000235625 0.00229800000670366
0.09790500000235625 0.0
0.0965849999920465 0.002482999989297241
0.0965849999920465 0.0
0.09510700000100769 0.002873999997973442
0.09510700000100769 0.0
0.10879900000873022 0.002609999995911494
0.10879900000873022 0.0
0.1180400000012014 0.0028289999754633754
0.1180400000012014 1.00000761449337e-06
0.12017000000923872 0.0028560000064317137
0.12017000000923872 1.00000761449337e-06
0.11722799998824485 0.0029300000169314444
0.11722799998824485 0.0
0.11842099999194033 0.0027920000138692558
0.11842099999194033 0.0
0.11185699998168275 0.0026910000015050173
0.11185699998168275 0.0
0.09696799999801442 0.002295999991474673
0.09696799999801442 0.0
0.09672500001033768 0.0022969999990891665
0.09672500001033768 0.0
0.0896270000084769 0.00208899998688139
0.0896270000084769 1.00000761449337e-06
0.08941799998865463 0.002123999991454184
0.08941799998865463 0.0
0.08987799999886192 0.002199999988079071
0.08987799999886192 1.00000761449337e-06
0.09168799998587929 0.002218999987235293
0.09168799998587929 1.00000761449337e-06
0.0914819999889005 0.0021410000044852495
0.0914819999889005 0.0
0.09209100002772175 0.002170000021578744
0.09209100002772175 0.0
0.0917710000067018 0.0021290000004228204
0.0917710000067018 0.0
0.0916970000253059 0.0022589999716728926
0.0916970000253059 1.00000761449337e-06
0.09189499999047257 0.0021770000166725367
0.09189499999047257 0.0
0.09233499999390915 0.0021720000077039003
0.09233499999390915 0.0
0.08889899999485351 0.00209199998062104
0.08889899999485351 0.0
0.09160300000803545 0.0021980000019539148
0.09160300000803545 0.0
0.09433699998771772 0.002283000008901581
0.09433699998771772 1.00000761449337e-06
0.09739000000990927 0.0024080000002868474
0.09739000000990927 1.00000761449337e-06
0.09490199998253956 0.0022119999921415
0.09490199998253956 0.0
0.09564700000919402 0.0023050000017974526
0.09564700000919402 0.0
0.0949910000199452 0.0023360000050161034
0.0949910000199452 0.0
0.09385300002759323 0.002189000020734966
0.09385300002759323 1.00000761449337e-06
0.0913109999964945 0.0021379999816417694
0.0913109999964945 0.0
0.09203399997204542 0.0023520000104326755
0.09203399997204542 1.00000761449337e-06
0.09280199999921024 0.0022170000011101365
0.09280199999921024 0.0
0.09163900002022274 0.002207000012276694
0.09163900002022274 9.999785106629133e-07
0.09130099997855723 0.0023410000139847398
0.09130099997855723 0.0
0.09555600001476705 0.0026240000152029097
0.09555600001476705 0.0
0.09429800001089461 0.0022230000176932663
0.09429800001089461 1.00000761449337e-06
0.09492199998931028 0.0022529999841935933
0.09492199998931028 1.00000761449337e-06
0.09194100002059713 0.0021240000205580145
0.09194100002059713 0.0
0.08890999999130145 0.002127999992808327
0.08890999999130145 0.0
0.08941600000252947 0.0020859999931417406
0.08941600000252947 1.00000761449337e-06
0.08876899999449961 0.002135999995516613
0.08876899999449961 1.00000761449337e-06
0.08894899999722838 0.002215999993495643
0.08894899999722838 1.00000761449337e-06
0.08868300000904128 0.0021050000214017928
0.08868300000904128 1.00000761449337e-06
0.08706099999835715 0.0020369999983813614
0.08706099999835715 1.00000761449337e-06
0.09131499999784864 0.002203999989433214
0.09131499999784864 0.0
0.09126200000173412 0.002175999979954213
0.09126200000173412 0.0
0.0918449999880977 0.0021920000144746155
0.0918449999880977 0.0
0.09189599999808706 0.0021410000044852495
0.09189599999808706 1.00000761449337e-06
0.09148699999786913 0.002207000012276694
0.09148699999786913 0.0
0.09382099998765625 0.0023179999843705446
0.09382099998765625 1.00000761449337e-06
0.09414400000241585 0.0022889999963808805
0.09414400000241585 0.0
0.09143900001072325 0.002162999997381121
0.09143900001072325 0.0
0.09165899999788962 0.0021650000126101077
0.09165899999788962 0.0
0.09189099998911843 0.002162999997381121
0.09189099998911843 1.00000761449337e-06
0.09153299999888986 0.002130000008037314
0.09153299999888986 0.0
0.09000100000412203 0.002119000011589378
0.09000100000412203 9.999785106629133e-07
0.09065599998575635 0.0021019999985583127
0.09065599998575635 0.0
0.08935600001132116 0.002103999984683469
0.08935600001132116 0.0
0.0888449999911245 0.0021149999811314046
0.0888449999911245 0.0
0.09174000000348315 0.002187999984016642
0.09174000000348315 0.0
0.0913050000090152 0.0021490000071935356
0.0913050000090152 0.0
0.09913000001688488 0.0022009999956935644
0.09913000001688488 0.0
0.09161900001345202 0.002171000000089407
0.09161900001345202 0.0
0.08886099999654107 0.0021419999829959124
0.08886099999654107 0.0
0.08895900001516566 0.0020730000105686486
0.08895900001516566 0.0
0.08907000001636334 0.002115999988745898
0.08907000001636334 1.00000761449337e-06
0.08893800000078045 0.0020880000083707273
0.08893800000078045 1.00000761449337e-06
0.08670899999560788 0.002007000002777204
0.08670899999560788 0.0
0.08644700000877492 0.0020459999796003103
0.08644700000877492 0.0
0.08935500000370666 0.0021059999999124557
0.08935500000370666 1.00000761449337e-06
0.08907900002668612 0.002107999986037612
0.08907900002668612 0.0
0.08862900000531226 0.002099000004818663
0.08862900000531226 1.00000761449337e-06
0.08943799999542534 0.0021100000012665987
0.08943799999542534 0.0
0.08899299998302013 0.0020880000083707273
0.08899299998302013 0.0
0.09149200000683777 0.0021450000058393925
0.09149200000683777 1.00000761449337e-06
0.09129199999733828 0.002170000021578744
0.09129199999733828 9.999785106629133e-07
0.0926599999947939 0.0022200000239536166
0.0926599999947939 1.00000761449337e-06
0.08884000001125969 0.002147999999579042
0.08884000001125969 1.00000761449337e-06
0.08973300000070594 0.0021140000026207417
0.08973300000070594 0.0
0.08980200000223704 0.0021729999862145633
0.08980200000223704 0.0
0.08879999999771826 0.0021200000192038715
0.08879999999771826 0.0
0.08941399998730049 0.0021100000012665987
0.08941399998730049 9.999785106629133e-07
0.08864699999685399 0.002119000011589378
0.08864699999685399 1.00000761449337e-06
0.08868499999516644 0.002068000001600012
0.08868499999516644 0.0
0.09157099999720231 0.0021640000049956143
0.09157099999720231 1.00000761449337e-06
0.09209600000758655 0.0021379999816417694
0.09209600000758655 0.0
0.09121699997922406 0.002154999994672835
0.09121699997922406 1.00000761449337e-06
0.09120200001052581 0.002175999979954213
0.09120200001052581 0.0
0.09465700000873767 0.0022480000043287873
0.09465700000873767 0.0
0.08876199999940582 0.0020509999885689467
0.08876199999940582 0.0
0.0917370000097435 0.002203999989433214
0.0917370000097435 0.0
0.09404300001915544 0.0022099999769125134
0.09404300001915544 9.999785106629133e-07
0.09344399999827147 0.002202000003308058
0.09344399999827147 1.00000761449337e-06
0.09799099998781458 0.002687999978661537
0.09799099998781458 0.0
0.10323199999402277 0.002601999993203208
0.10323199999402277 0.0
0.10714999999618158 0.002753000007942319
0.10714999999618158 1.00000761449337e-06
0.11233400000492111 0.0029089999734424055
0.11233400000492111 0.0
0.12429400000837632 0.003400000015972182
0.12429400000837632 1.00000761449337e-06
0.12633100000675768 0.0030430000042542815
0.12633100000675768 0.0
0.11215400000219233 0.002773999993223697
0.11215400000219233 0.0
0.10577399999601766 0.002455999987432733
0.10577399999601766 9.999785106629133e-07
0.10496500000590459 0.002525000018067658
0.10496500000590459 0.0
0.10019599998486228 0.00270100001944229
0.10019599998486228 1.00000761449337e-06
0.09693500000867061 0.0023240000009536743
0.09693500000867061 0.0
0.09770200002822094 0.002330999996047467
0.09770200002822094 0.0
0.09695899998769164 0.002366000000620261
0.09695899998769164 1.00000761449337e-06
0.09666199999628589 0.002303999994182959
0.09666199999628589 0.0
0.09703000000445172 0.0022939999762456864
0.09703000000445172 0.0
0.09101199998985976 0.002230999991297722
0.09101199998985976 0.0
0.09604000000399537 0.0025040000036824495
0.09604000000399537 1.00000761449337e-06
0.09904699999606237 0.002282000001287088
0.09904699999606237 0.0
0.09892499999841675 0.002265000017359853
0.09892499999841675 0.0
0.12537799999699928 0.002361999999266118
0.12537799999699928 1.00000761449337e-06
0.10262399999191985 0.002322999993339181
0.10262399999191985 0.0
0.09703299999819137 0.0022739999985788018
0.09703299999819137 0.0
0.09607400000095367 0.0024440000124741346
0.09607400000095367 0.0
0.09764399999403395 0.002211000013630837
0.09764399999403395 0.0
0.1004980000143405 0.0023190000210888684
0.1004980000143405 1.00000761449337e-06
0.10187099999166094 0.002355000004172325
0.10187099999166094 0.0
0.10250100001576357 0.002478999987943098
0.10250100001576357 0.0
0.15062500000931323 0.003296999988378957
0.15062500000931323 1.00000761449337e-06
0.10326800000621006 0.0024099999864120036
0.10326800000621006 0.0
0.1601479999953881 0.0039960000140126795
0.1601479999953881 1.00000761449337e-06
0.15280700000585057 0.0036660000041592866
0.15280700000585057 9.999785106629133e-07
0.12603600000147708 0.0028980000060983002
0.12603600000147708 1.00000761449337e-06
0.11259200001950376 0.0025180000229738653
0.11259200001950376 0.0
0.1086490000016056 0.002521000016713515
0.1086490000016056 9.999785106629133e-07
0.11333799999556504 0.0027669999981299043
0.11333799999556504 1.00000761449337e-06
0.11033100000349805 0.0028019999735988677
0.11033100000349805 9.999785106629133e-07
0.12957900000037625 0.002597999991849065
0.12957900000037625 0.0
0.10915400000521913 0.0026409999991301447
0.10915400000521913 1.00000761449337e-06
0.1194580000010319 0.003433999983826652
0.1194580000010319 0.0
0.1222389999893494 0.002730000007431954
0.1222389999893494 1.00000761449337e-06
0.11451200000010431 0.002630000002682209
0.11451200000010431 0.0
0.13356600000406615 0.002802000002702698
0.13356600000406615 1.00000761449337e-06
0.13466799998423085 0.0032279999868478626
0.13466799998423085 1.00000761449337e-06
0.12156999998842366 0.00305499997921288
0.12156999998842366 0.0
0.12123099999735132 0.0028640000091399997
0.12123099999735132 1.00000761449337e-06
0.12727900000754744 0.002925000007962808
0.12727900000754744 0.0
0.13807600000291131 0.0028359999996609986
0.13807600000291131 1.00000761449337e-06
0.130529000016395 0.0028870000096503645
0.130529000016395 0.0
0.1325279999873601 0.0031170000147540122
0.1325279999873601 1.00000761449337e-06
0.14294700001482852 0.0036770000006072223
0.14294700001482852 9.999785106629133e-07
0.14600599999539554 0.008104999986244366
0.14600599999539554 0.0
0.1448089999903459 0.008289999997941777
0.1448089999903459 0.0
0.13188599998829886 0.003257000003941357
0.13188599998829886 0.0
0.12122500000987202 0.0028509999974630773
0.12122500000987202 1.00000761449337e-06
0.10998999999719672 0.002594999998109415
0.10998999999719672 0.0
0.10938999999780208 0.00266100000590086
0.10938999999780208 1.00000761449337e-06
0.1126759999897331 0.0026289999950677156
0.1126759999897331 1.00000761449337e-06
0.1102439999813214 0.0026639999996405095
0.1102439999813214 0.0
0.11098400002811104 0.002582999994046986
0.11098400002811104 0.0
0.11287599999923259 0.002613999997265637
0.11287599999923259 1.00000761449337e-06
0.11144899998907931 0.0026230000075884163
0.11144899998907931 1.00000761449337e-06
0.11206499999389052 0.0027520000003278255
0.11206499999389052 1.00000761449337e-06
0.11103000000002794 0.0025510000123176724
0.11103000000002794 0.0
0.10990400001173839 0.0026020000223070383
0.10990400001173839 0.0
0.12840600000345148 0.0025120000063907355
0.12840600000345148 0.0
0.11064299999270588 0.0025529999984428287
0.11064299999270588 1.00000761449337e-06
0.11134599999058992 0.002689999993890524
0.11134599999058992 1.00000761449337e-06
0.10991400000057183 0.002572000026702881
0.10991400000057183 0.0
0.11166100000264123 0.0031109999981708825
0.11166100000264123 1.00000761449337e-06
0.11390299999038689 0.0027589999954216182
0.11390299999038689 1.00000761449337e-06
0.11596200001076795 0.0026249999937135726
0.11596200001076795 0.0
0.11584399998537265 0.0025650000025052577
0.11584399998537265 1.00000761449337e-06
0.1111490000039339 0.002398999989964068
0.1111490000039339 0.0
0.11079999999492429 0.002462999982526526
0.11079999999492429 0.0
0.11430300000938587 0.0025350000069011003
0.11430300000938587 1.00000761449337e-06
0.1032380000106059 0.0023999999975785613
0.1032380000106059 1.00000761449337e-06
0.10326699999859557 0.002503999974578619
0.10326699999859557 0.0
0.1018329999933485 0.002374000003328547
0.1018329999933485 0.0
0.09628899997915141 0.0023190000210888684
0.09628899997915141 1.00000761449337e-06
0.09907499997643754 0.0023560000117868185
0.09907499997643754 0.0
0.09954299998935312 0.002509000012651086
0.09954299998935312 0.0
0.10204899997916073 0.0024090000079013407
0.10204899997916073 0.0
0.10141100001055747 0.0024050000065471977
0.10141100001055747 1.00000761449337e-06
0.10130400001071393 0.002439000003505498
0.10130400001071393 0.0
0.10055100001045503 0.0023939999809954315
0.10055100001045503 1.00000761449337e-06
0.10134500000276603 0.0023930000024847686
0.10134500000276603 9.999785106629133e-07
0.10301199997775257 0.0024329999869223684
0.10301199997775257 0.0
0.10139200001140125 0.0023769999970681965
0.10139200001140125 0.0
0.1022639999864623 0.0023999999975785613
0.1022639999864623 9.999785106629133e-07
0.10126799999852665 0.0023999999975785613
0.10126799999852665 0.0
0.09934699998120777 0.002291000011609867
0.09934699998120777 0.0
0.10371799999848008 0.0024960000009741634
0.10371799999848008 1.00000761449337e-06
0.10365999999339692 0.002435999980662018
0.10365999999339692 0.0
0.10433599998941645 0.0024719999928493053
0.10433599998941645 1.00000761449337e-06
0.1039920000184793 0.002598999999463558
0.1039920000184793 0.0
0.10577399999601766 0.0024670000129844993
0.10577399999601766 0.0
0.10291299998061731 0.0024449999909847975
0.10291299998061731 9.999785106629133e-07
0.10141699999803677 0.002370000001974404
0.10141699999803677 1.00000761449337e-06
0.10170300002209842 0.002355999982682988
0.10170300002209842 0.0
0.10223500002757646 0.002422999998088926
0.10223500002757646 0.0
0.10154500001226552 0.0023939999809954315
0.10154500001226552 0.0
0.104356000025291 0.002474000008078292
0.104356000025291 0.0
0.10203599999658763 0.0025849999801721424
0.10203599999658763 0.0
0.1017930000089109 0.0024000000266823918
0.1017930000089109 1.00000761449337e-06
0.10174700000789016 0.0024550000089220703
0.10174700000789016 0.0
0.1016269999963697 0.0024609999964013696
0.1016269999963697 1.00000761449337e-06
0.13753800000995398 0.0028420000162441283
0.13753800000995398 9.999785106629133e-07
0.12029799999436364 0.0027159999881405383
0.12029799999436364 1.00000761449337e-06
0.10946899998816662 0.0025730000052135438
0.10946899998816662 1.00000761449337e-06
0.11101100000087172 0.003052999993087724
0.11101100000087172 1.00000761449337e-06
0.11208999998052604 0.0025920000043697655
0.11208999998052604 0.0
0.11240299997734837 0.0027169999957550317
0.11240299997734837 1.00000761449337e-06
0.12993100000312552 0.0028159999928902835
0.12993100000312552 0.0
0.12085599999409169 0.0028509999974630773
0.12085599999409169 0.0
0.14041299998643808 0.003329999977722764
0.14041299998643808 1.00000761449337e-06
0.1482910000195261 0.003716000006534159
0.1482910000195261 1.00000761449337e-06
0.1351190000132192 0.0034779999987222254
0.1351190000132192 0.0
0.13029299999470823 0.0030439999827649444
0.13029299999470823 1.00000761449337e-06
0.12639399999170564 0.002913999982411042
0.12639399999170564 0.0
0.12069300000439398 0.002833000005921349
0.12069300000439398 0.0
0.11762400000588968 0.0027030000055674464
0.11762400000588968 1.00000761449337e-06
0.11437799999839626 0.0026479999942239374
0.11437799999839626 0.0
0.11254100000951439 0.003485999972326681
0.11254100000951439 0.0
0.11197100000572391 0.0026599999982863665
0.11197100000572391 0.0
0.11282400001073256 0.0026129999896511436
0.11282400001073256 0.0
0.11058700000285171 0.0031549999839626253
0.11058700000285171 1.00000761449337e-06
0.11992600001394749 0.0025630000163801014
0.11992600001394749 0.0
0.11296800000127405 0.002562000008765608
0.11296800000127405 1.00000761449337e-06
0.10979600000428036 0.0025969999842345715
0.10979600000428036 1.00000761449337e-06
0.11213500000303611 0.0026510000170674175
0.11213500000303611 0.0
0.1112929999944754 0.0026519999955780804
0.1112929999944754 0.0
0.1262060000153724 0.0027390000177547336
0.1262060000153724 1.00000761449337e-06
0.1537170000083279 0.0037259999953676015
0.1537170000083279 9.999785106629133e-07
0.16218399998615496 0.0037650000012945384
0.16218399998615496 1.00000761449337e-06
0.14932300001964904 0.0034839999862015247
0.14932300001964904 0.0
0.14841200000955723 0.0034909999812953174
0.14841200000955723 0.0
0.11662699998123571 0.002701999997952953
0.11662699998123571 0.0
0.11705599998822436 0.0031250000174622983
0.11705599998822436 1.00000761449337e-06
0.11973800000851043 0.002769999991869554
0.11973800000851043 0.0
0.11915199999930337 0.002789999998640269
0.11915199999930337 1.00000761449337e-06
0.11954600000171922 0.002892000018619001
0.11954600000171922 0.0
0.12332600000081584 0.002873999997973442
0.12332600000081584 1.00000761449337e-06
0.12172599998302758 0.0027929999923799187
0.12172599998302758 0.0
0.12549599999329075 0.002906999987317249
0.12549599999329075 1.00000761449337e-06
0.12503300001844764 0.002925000007962808
0.12503300001844764 0.0
0.12739099998725578 0.0030829999886918813
0.12739099998725578 1.00000761449337e-06
0.12986800001817755 0.0030750000150874257
0.12986800001817755 0.0
0.12969500001054257 0.003040000010514632
0.12969500001054257 0.0
0.12603600000147708 0.0029100000101607293
0.12603600000147708 0.0
0.12457000001450069 0.002913000003900379
0.12457000001450069 1.00000761449337e-06
0.12337500002468005 0.0028910000110045075
0.12337500002468005 0.0
0.1275069999974221 0.0030590000096708536
0.1275069999974221 0.0
0.1276509999879636 0.002933000010671094
0.1276509999879636 1.00000761449337e-06
0.12854299999889918 0.0029309999954421073
0.12854299999889918 0.0
0.1263160000089556 0.0030030000198166817
0.1263160000089556 1.00000761449337e-06
0.12703800000599585 0.00298099999781698
0.12703800000599585 0.0
0.1266100000066217 0.0029820000054314733
0.1266100000066217 0.0
0.12720799999078736 0.0029449999856296927
0.12720799999078736 1.00000761449337e-06
0.1270129999902565 0.0030079999996814877
0.1270129999902565 1.00000761449337e-06
0.12719199998537078 0.002993000001879409
0.12719199998537078 0.0
0.13762799999676645 0.0032190000056289136
0.13762799999676645 0.0
0.15050200000405312 0.008603000023867935
0.15050200000405312 1.00000761449337e-06
0.15310199998202734 0.008483000012347475
0.15310199998202734 0.0
0.14488800000981428 0.003708999982336536
0.14488800000981428 1.00000761449337e-06
0.14504900001338683 0.0035709999792743474
0.14504900001338683 0.0
0.13144299999112263 0.003152000019326806
0.13144299999112263 0.0
0.12050900000031106 0.002896000019973144
0.12050900000031106 1.00000761449337e-06
0.11943299998529255 0.002810999983921647
0.11943299998529255 0.0
0.11920400001690723 0.002812000020639971
0.11920400001690723 0.0
0.11446400001295842 0.002653000003192574
0.11446400001295842 1.00000761449337e-06
0.1154159999859985 0.0026399999915156513
0.1154159999859985 1.00000761449337e-06
0.11581599997589365 0.0027750000008381903
0.11581599997589365 1.00000761449337e-06
0.11487099999794737 0.0026870000001508743
0.11487099999794737 0.0
0.11809499998344108 0.0027540000155568123
0.11809499998344108 0.0
0.11473999998997897 0.002650999987963587
0.11473999998997897 0.0
0.1136500000138767 0.0026590000197757035
0.1136500000138767 0.0
0.11929600001894869 0.0026889999862760305
0.11929600001894869 0.0
0.11648200001218356 0.002757000009296462
0.11648200001218356 9.999785106629133e-07
0.11673899999004789 0.0026889999862760305
0.11673899999004789 0.0
0.11796899998444133 0.0030350000015459955
0.11796899998444133 1.00000761449337e-06
0.11741599999368191 0.0027150000096298754
0.11741599999368191 0.0
0.118648999981815 0.0027479999989736825
0.118648999981815 0.0
0.11654600000474602 0.0027760000084526837
0.11654600000474602 1.00000761449337e-06
0.11686200002441183 0.0027830000035464764
0.11686200002441183 0.0
0.11658000000170432 0.003308999992441386
0.11658000000170432 0.0
0.11946300001000054 0.0027990000089630485
0.11946300001000054 9.999785106629133e-07
0.12059299999964423 0.0027199999894946814
0.12059299999964423 0.0
0.12025000000721775 0.0028710000042337924
0.12025000000721775 1.00000761449337e-06
0.12014000001363456 0.002798000001348555
0.12014000001363456 1.00000761449337e-06
0.11885599998640828 0.0027800000098068267
0.11885599998640828 0.0
0.11998099999618717 0.002745000005234033
0.11998099999618717 0.0
0.12132800000836141 0.0028700000257231295
0.12132800000836141 1.00000761449337e-06
0.12059000000590459 0.002825000003213063
0.12059000000590459 0.0
0.11981299999752082 0.002802000002702698
0.11981299999752082 0.0
0.11912299998220988 0.002773999993223697
0.11912299998220988 1.00000761449337e-06
0.11978599999565631 0.0028009999950882047
0.11978599999565631 0.0
0.11960999999428168 0.002818999986629933
0.11960999999428168 9.999785106629133e-07
0.11987899997620843 0.0027279999922029674
0.11987899997620843 0.0
0.12067499998374842 0.0027709999994840473
0.12067499998374842 0.0
0.11900800000876188 0.0027470000204630196
0.11900800000876188 1.00000761449337e-06
0.12175600000773557 0.002866999973775819
0.12175600000773557 0.0
0.12653100001625717 0.0029149999900255352
0.12653100001625717 1.00000761449337e-06
0.14220199998817407 0.003870999993523583
0.14220199998817407 0.0
0.12490600001183338 0.0028919999895151705
0.12490600001183338 0.0
0.12516900000628084 0.002909000002546236
0.12516900000628084 1.00000761449337e-06
0.1273650000221096 0.0029150000191293657
0.1273650000221096 0.0
0.1306709999917075 0.0031869999947957695
0.1306709999917075 9.999785106629133e-07
0.14003900001989678 0.0033939999993890524
0.14003900001989678 0.0
0.1436659999890253 0.003396999993128702
0.1436659999890253 0.0
0.1346190000185743 0.002957999997306615
0.1346190000185743 0.0
0.12455400000908412 0.003081000002566725
0.12455400000908412 1.00000761449337e-06
0.12738600000739098 0.00298099999781698
0.12738600000739098 0.0
0.12184499998693354 0.0028639999800361693
0.12184499998693354 0.0
0.12388900000951253 0.0028489999822340906
0.12388900000951253 1.00000761449337e-06
0.1225890000059735 0.0029360000044107437
0.1225890000059735 1.00000761449337e-06
0.12323199998354539 0.002882000000681728
0.12323199998354539 0.0
0.12464300001738593 0.0029230000218376517
0.12464300001738593 9.999785106629133e-07
0.12454399999114685 0.0029240000003483146
0.12454399999114685 0.0
0.11912099999608472 0.0028279999969527125
0.11912099999608472 0.0
0.12030600002617575 0.0029300000169314444
0.12030600002617575 0.0
0.12010300002293661 0.0028150000143796206
0.12010300002293661 0.0
0.1200259999895934 0.0028670000028796494
0.1200259999895934 1.00000761449337e-06
0.12264099999447353 0.002902999985963106
0.12264099999447353 9.999785106629133e-07
0.12359299999661744 0.0030029999907128513
0.12359299999661744 1.00000761449337e-06
0.12140499998349696 0.002913000003900379
0.12140499998349696 0.0
0.12145000000600703 0.0028449999808799475
0.12145000000600703 0.0
0.12261900000157766 0.0028409999795258045
0.12261900000157766 9.999785106629133e-07
0.12011399999028072 0.0027489999774843454
0.12011399999028072 1.00000761449337e-06
0.12001600000075996 0.002961999998660758
0.12001600000075996 9.999785106629133e-07
0.11950800000340678 0.0027790000021923333
0.11950800000340678 1.00000761449337e-06
0.12101499998243526 0.0027840000111609697
0.12101499998243526 0.0
0.11672200000612065 0.0027310000150464475
0.11672200000612065 0.0
0.11745600000722334 0.0027009999903384596
0.11745600000722334 9.999785106629133e-07
0.11788499998510815 0.0027199999894946814
0.11788499998510815 0.0
0.1165270000055898 0.0028230000170879066
0.1165270000055898 0.0
0.11922500000218861 0.0027700000209733844
0.11922500000218861 0.0
0.11487800002214499 0.0027209999971091747
0.11487800002214499 1.00000761449337e-06
0.11429300002055243 0.0026539999817032367
0.11429300002055243 0.0
0.1168889999971725 0.0026840000064112246
0.1168889999971725 0.0
0.11427600000752136 0.002697000018088147
0.11427600000752136 1.00000761449337e-06
0.11700800000107847 0.00273800001014024
0.11700800000107847 1.00000761449337e-06
0.11918700000387616 0.002794999978505075
0.11918700000387616 0.0
0.11748799998895265 0.0027500000142026693
0.11748799998895265 0.0
0.11707599999499507 0.0027079999854322523
0.11707599999499507 9.999785106629133e-07
0.11834000001545064 0.0027319999935571104
0.11834000001545064 0.0
0.11648399999830872 0.002745000005234033
0.11648399999830872 0.0
0.11374500000965782 0.00269799999659881
0.11374500000965782 1.00000761449337e-06
0.11618099999031983 0.0027580000169109553
0.11618099999031983 9.999785106629133e-07
0.11538599999039434 0.0026490000018384308
0.11538599999039434 1.00000761449337e-06
0.1140130000130739 0.002825000003213063
0.1140130000130739 9.999785106629133e-07
0.11563200000091456 0.002732000022660941
0.11563200000091456 9.999785106629133e-07
0.11688600000343286 0.0027969999937340617
0.11688600000343286 1.00000761449337e-06
0.11650600002030842 0.0031509999826084822
0.11650600002030842 1.00000761449337e-06
0.11800499999662861 0.002722000004723668
0.11800499999662861 0.0
0.11667300001136027 0.002761000010650605
0.11667300001136027 9.999785106629133e-07
0.11730799998622388 0.002802000002702698
0.11730799998622388 9.999785106629133e-07
0.1170249999850057 0.0027840000111609697
0.1170249999850057 1.00000761449337e-06
0.11647999999695458 0.0027390000177547336
0.11647999999695458 1.00000761449337e-06
0.11695399999734946 0.0028190000157337636
0.11695399999734946 1.00000761449337e-06
0.11698199997772463 0.00274100000387989
0.11698199997772463 0.0
0.11433599999872968 0.002705999999307096
0.11433599999872968 1.00000761449337e-06
0.11827700000139885 0.0027070000069215894
0.11827700000139885 0.0
0.11750199997914024 0.0027150000096298754
0.11750199997914024 1.00000761449337e-06
0.11928099999204278 0.0027929999923799187
0.11928099999204278 0.0
0.12204099999507889 0.0028549999988172203
0.12204099999507889 0.0
0.12202999999863096 0.0028649999876506627
0.12202999999863096 9.999785106629133e-07
0.12324899999657646 0.002798000001348555
0.12324899999657646 0.0
0.12393899998278357 0.0029790000116918236
0.12393899998278357 1.00000761449337e-06
0.12241899999207817 0.0028460000175982714
0.12241899999207817 1.00000761449337e-06
0.12523599999258295 0.0029879999929107726
0.12523599999258295 0.0
0.12435599998570979 0.0029349999967962503
0.12435599998570979 0.0
0.13276700000278652 0.00310400000307709
0.13276700000278652 9.999785106629133e-07
0.135917999985395 0.0032500000088475645
0.135917999985395 0.0
0.1509549999900628 0.003935999993700534
0.1509549999900628 9.999785106629133e-07
0.13748999999370426 0.003280999982962385
0.13748999999370426 0.0
0.1319550000189338 0.0031220000237226486
0.1319550000189338 0.0
0.1271779999951832 0.0031020000169519335
0.1271779999951832 1.00000761449337e-06
0.128006999992067 0.0030029999907128513
0.128006999992067 0.0
0.12518800000543706 0.0029280000017024577
0.12518800000543706 0.0
0.1270690000092145 0.0029240000003483146
0.1270690000092145 0.0
0.1243419999955222 0.002945000014733523
0.1243419999955222 0.0
0.12465400001383387 0.0029220000142231584
0.12465400001383387 0.0
0.12504399998579174 0.0029220000142231584
0.12504399998579174 0.0
0.12177900000824593 0.003181999985827133
0.12177900000824593 0.0
0.12335100001655519 0.0028540000203065574
0.12335100001655519 1.00000761449337e-06
0.11479399999370798 0.0028440000023692846
0.11479399999370798 1.00000761449337e-06
0.11720799998147413 0.0028030000103171915
0.11720799998147413 0.0
0.1174509999982547 0.002808000019285828
0.1174509999982547 1.00000761449337e-06
0.11676199999055825 0.0027249999984633178
0.11676199999055825 0.0
0.11970700000529177 0.002906999987317249
0.11970700000529177 1.00000761449337e-06
0.12116099998820573 0.00281800000811927
0.12116099998820573 0.0
0.11972799999057315 0.003208999987691641
0.11972799999057315 0.0
0.12288300000363961 0.002861999993911013
0.12288300000363961 9.999785106629133e-07
0.12345600000116974 0.0029169999761506915
0.12345600000116974 0.0
0.1222330000018701 0.002894000004744157
0.1222330000018701 0.0
0.1272750000061933 0.0030240000050980598
0.1272750000061933 1.00000761449337e-06
0.12506399999256246 0.002949999994598329
0.12506399999256246 0.0
0.1255599999858532 0.002961999998660758
0.1255599999858532 9.999785106629133e-07
0.12236600002506748 0.0028719999827444553
0.12236600002506748 9.999785106629133e-07
0.12411999999312684 0.002886000002035871
0.12411999999312684 0.0
0.1230599999835249 0.0029240000003483146
0.1230599999835249 9.999785106629133e-07
0.1194580000010319 0.0028520000050775707
0.1194580000010319 0.0
0.12134899999364279 0.0027959999861195683
0.12134899999364279 9.999785106629133e-07
0.11976999999023974 0.002833000005921349
0.11976999999023974 0.0
0.12013600001228042 0.0027720000070985407
0.12013600001228042 1.00000761449337e-06
0.12154799999552779 0.0028759999840985984
0.12154799999552779 0.0
0.12064000000827946 0.0027049999916926026
0.12064000000827946 0.0
0.1177109999989625 0.0027049999916926026
0.1177109999989625 0.0
0.11441300000296906 0.0026849999849218875
0.11441300000296906 0.0
0.11477100002230145 0.00281800000811927
0.11477100002230145 9.999785106629133e-07
0.11519899999257177 0.002710000000661239
0.11519899999257177 1.00000761449337e-06
0.11629000000539236 0.0027569999801926315
0.11629000000539236 1.00000761449337e-06
0.11758700001519173 0.0027569999801926315
0.11758700001519173 9.999785106629133e-07
0.11583699999027885 0.0026700000162236392
0.11583699999027885 0.0
0.11468500000773929 0.002689999993890524
0.11468500000773929 1.00000761449337e-06
0.11449000000720844 0.002722000004723668
0.11449000000720844 1.00000761449337e-06
0.1140880000020843 0.002650000009452924
0.1140880000020843 0.0
0.11469100002432242 0.002730000007431954
0.11469100002432242 1.00000761449337e-06
0.11531500000273809 0.0026499999803490937
0.11531500000273809 0.0
0.11202200001571327 0.002642999985255301
0.11202200001571327 9.999785106629133e-07
0.11154899999382906 0.0026439999928697944
0.11154899999382906 0.0
0.11133099999278784 0.002582000015536323
0.11133099999278784 0.0
0.11153599998215213 0.002662999992026016
0.11153599998215213 0.0
0.11319999999250285 0.0026289999950677156
0.11319999999250285 0.0
0.1115810000046622 0.002597999991849065
0.1115810000046622 0.0
0.11057099999743514 0.002593000011984259
0.11057099999743514 1.00000761449337e-06
0.11397199999191798 0.002679999975953251
0.11397199999191798 0.0
0.11443899999721907 0.00265499998931773
0.11443899999721907 0.0
0.1143549999978859 0.0027150000096298754
0.1143549999978859 0.0
0.11520000000018626 0.0026450000004842877
0.11520000000018626 0.0
0.11395600001560524 0.0026999999827239662
0.11395600001560524 0.0
0.1142470000195317 0.0026780000189319253
0.1142470000195317 0.0
0.11431200001970865 0.002674999996088445
0.11431200001970865 1.00000761449337e-06
0.11621499998727813 0.0026369999977760017
0.11621499998727813 0.0
0.11434299999382347 0.0026840000064112246
0.11434299999382347 9.999785106629133e-07
0.115018999989843 0.0027120000158902258
0.115018999989843 9.999785106629133e-07
0.11763599998084828 0.0028110000130254775
0.11763599998084828 1.00000761449337e-06
0.1198220000078436 0.0027460000128485262
0.1198220000078436 0.0
0.12109100000816397 0.0027219999756198376
0.12109100000816397 0.0
0.12603100002161227 0.0029060000088065863
0.12603100002161227 0.0
0.11868699998012744 0.0027209999971091747
0.11868699998012744 1.00000761449337e-06
0.1317399999825284 0.002872000011848286
0.1317399999825284 1.00000761449337e-06
0.12268100000801496 0.003324999997857958
0.12268100000801496 1.00000761449337e-06
0.11990000001969747 0.002769999991869554
0.11990000001969747 0.0
0.1248749999795109 0.0027560000016819686
0.1248749999795109 0.0
0.12355200000456534 0.002806000004056841
0.12355200000456534 0.0
0.12384700000984594 0.0027159999881405383
0.12384700000984594 0.0
0.1260910000128206 0.0029270000231917948
0.1260910000128206 0.0
0.12704999998095445 0.002833000005921349
0.12704999998095445 1.00000761449337e-06
0.12596299999859184 0.0028919999895151705
0.12596299999859184 0.0
0.12399600000935607 0.003113999991910532
0.12399600000935607 0.0
0.13754700002027676 0.0030550000083167106
0.13754700002027676 0.0
0.14719699998386204 0.004163000005064532
0.14719699998386204 1.00000761449337e-06
0.15148899998166598 0.0033469999907538295
0.15148899998166598 0.0
0.16358200000831857 0.009243000007700175
0.16358200000831857 9.999785106629133e-07
0.1649150000012014 0.009376000001793727
0.1649150000012014 1.00000761449337e-06
0.16437700000824407 0.004600999993272126
0.16437700000824407 1.00000761449337e-06
0.16474799998104572 0.003882999997586012
0.16474799998104572 0.0
0.1761629999964498 0.005451999983051792
0.1761629999964498 0.0
0.16832700002123602 0.003974000021116808
0.16832700002123602 0.0
0.15085000000544824 0.0033739999926183373
0.15085000000544824 1.00000761449337e-06
0.14101299998583272 0.0033739999926183373
0.14101299998583272 1.00000761449337e-06
0.13155299998470582 0.003025999991223216
0.13155299998470582 1.00000761449337e-06
0.1288209999911487 0.0034509999968577176
0.1288209999911487 0.0
0.12850900000194088 0.003635000000940636
0.12850900000194088 1.00000761449337e-06
0.12643699999898672 0.0029839999915566295
0.12643699999898672 1.00000761449337e-06
0.13241299998480827 0.003097000007983297
0.13241299998480827 0.0
0.13070600002538413 0.0032430000137537718
0.13070600002538413 0.0
0.12326799999573268 0.0028919999895151705
0.12326799999573268 1.00000761449337e-06
0.11780300000100397 0.0027600000030361116
0.11780300000100397 1.00000761449337e-06
0.11735300000873394 0.002734000008786097
0.11735300000873394 0.0
0.11681800000951625 0.002728000021306798
0.11681800000951625 0.0
0.11735899999621324 0.002877999999327585
0.11735899999621324 1.00000761449337e-06
0.11763500000233762 0.002754999994067475
0.11763500000233762 0.0
0.11677699998836033 0.002722000004723668
0.11677699998836033 0.0
0.11760099997627549 0.0029630000062752515
0.11760099997627549 0.0
0.14673099998617545 0.003559000004315749
0.14673099998617545 1.00000761449337e-06
0.13167999999132007 0.002953999995952472
0.13167999999132007 0.0
0.1383899999782443 0.0036010000039823353
0.1383899999782443 0.0
0.1255570000212174 0.0027460000128485262
0.1255570000212174 0.0
0.13054399998509325 0.0029349999967962503
0.13054399998509325 9.999785106629133e-07
0.1233770000108052 0.002937000012025237
0.1233770000108052 1.00000761449337e-06
0.13174199999775738 0.002964999992400408
0.13174199999775738 0.0
0.12646599998697639 0.00419300000066869
0.12646599998697639 0.0
0.14135900000110269 0.00294100001337938
0.14135900000110269 1.00000761449337e-06
0.13725100000738166 0.0031060000183060765
0.13725100000738166 0.0
0.1261989999911748 0.00285799999255687
0.1261989999911748 0.0
0.1219590000109747 0.002849000011337921
0.1219590000109747 0.0
0.11978300000191666 0.0027990000089630485
0.11978300000191666 0.0
0.1209839999792166 0.002873999997973442
0.1209839999792166 9.999785106629133e-07
0.12045600000419654 0.002804000017931685
0.12045600000419654 1.00000761449337e-06
0.12205199999152683 0.0028430000238586217
0.12205199999152683 1.00000761449337e-06
0.12364000000525266 0.0028300000121816993
0.12364000000525266 0.0
0.12175200000638142 0.002933000010671094
0.12175200000638142 1.00000761449337e-06
0.12006200000178069 0.0027720000070985407
0.12006200000178069 1.00000761449337e-06
0.12182500000926666 0.0028769999917130917
0.12182500000926666 1.00000761449337e-06
0.12257099998532794 0.0027560000016819686
0.12257099998532794 0.0
0.1232810000074096 0.003165000001899898
0.1232810000074096 0.0
0.12488700001267716 0.0029140000115148723
0.12488700001267716 1.00000761449337e-06
0.13154299999587238 0.0030789999873377383
0.13154299999587238 0.0
0.1316639999859035 0.0032359999895561486
0.1316639999859035 2.099998528137803e-05
0.1367749999917578 0.0031660000095143914
0.1367749999917578 0.0
0.14254699999582954 0.003361999988555908
0.14254699999582954 0.0
0.14558199999737553 0.0035680000146385282
0.14558199999737553 0.0
0.1460149999766145 0.0036700000055134296
0.1460149999766145 0.0
0.14243399997940287 0.003284000005805865
0.14243399997940287 0.0
0.12960000001476146 0.003066999983275309
0.12960000001476146 9.999785106629133e-07
0.13051099999574944 0.0030670000123791397
0.13051099999574944 0.0
0.12742199999047443 0.0029990000184625387
0.12742199999047443 1.00000761449337e-06
0.1337679999996908 0.003228999994462356
0.1337679999996908 0.0
0.14015099999960512 0.003041999996639788
0.14015099999960512 0.0
0.13599700000486337 0.003276999981608242
0.13599700000486337 1.00000761449337e-06
0.1332729999849107 0.0030109999934211373
0.1332729999849107 1.00000761449337e-06
0.14117099999566562 0.003259999997681007
0.14117099999566562 1.00000761449337e-06
0.13813700000173412 0.0030900000128895044
0.13813700000173412 1.00000761449337e-06
0.1312329999927897 0.003041999996639788
0.1312329999927897 0.0
0.13747099999454804 0.003304999991087243
0.13747099999454804 1.00000761449337e-06
0.13568800000939518 0.003240999998524785
0.13568800000939518 1.00000761449337e-06
0.1327889999956824 0.0030829999886918813
0.1327889999956824 0.0
0.13088000001152977 0.0030989999941084534
0.13088000001152977 0.0
0.13582200001110323 0.0031719999969936907
0.13582200001110323 0.0
0.14370200000121258 0.0036580000014510006
0.14370200000121258 9.999785106629133e-07
0.1411120000120718 0.0033930000208783895
0.1411120000120718 0.0
0.13543600001139566 0.003068999998504296
0.13543600001139566 0.0
0.1386530000017956 0.0037360000133048743
0.1386530000017956 1.00000761449337e-06
0.13332799999625422 0.003177000005962327
0.13332799999625422 0.0
0.1559420000121463 0.0031319999834522605
0.1559420000121463 0.0
0.13745099998777732 0.0031590000144205987
0.13745099998777732 0.0
0.13576400000602007 0.0031509999826084822
0.13576400000602007 0.0
0.13523499999428168 0.0031000000017229468
0.13523499999428168 1.00000761449337e-06
0.1525850000034552 0.004221000010147691
0.1525850000034552 1.00000761449337e-06
0.13892299999133684 0.002929999987827614
0.13892299999133684 0.0
0.1307610000076238 0.0030329999863170087
0.1307610000076238 1.00000761449337e-06
0.13019299998995848 0.0030580000020563602
0.13019299998995848 0.0
0.1304109999909997 0.003222999977879226
0.1304109999909997 9.999785106629133e-07
0.13116200000513345 0.002978999982587993
0.13116200000513345 0.0
0.13282699999399483 0.003200000006472692
0.13282699999399483 1.00000761449337e-06
0.1323919999995269 0.003040000010514632
0.1323919999995269 0.0
0.13649099998292513 0.0031989999988581985
0.13649099998292513 0.0
0.13827299998956732 0.003036000009160489
0.13827299998956732 0.0
0.13213199999881908 0.003807000000961125
0.13213199999881908 0.0
0.1309000000183005 0.0030829999886918813
0.1309000000183005 0.0
0.12890900002093986 0.0030879999976605177
0.12890900002093986 0.0
0.12937999999849126 0.003025999991223216
0.12937999999849126 0.0
0.13290299999061972 0.003228999994462356
0.13290299999061972 9.999785106629133e-07
0.13273599999956787 0.003052000014577061
0.13273599999956787 0.0
0.140824000001885 0.0036130000080447644
0.140824000001885 0.0
0.14481999998679385 0.0037609999999403954
0.14481999998679385 1.00000761449337e-06
0.149132999998983 0.0036610000242944807
0.149132999998983 0.0
0.13981399999465793 0.003456000005826354
0.13981399999465793 1.00000761449337e-06
0.14027799997711554 0.0032950000022538006
0.14027799997711554 0.0
0.13812700001290068 0.003249000001233071
0.13812700001290068 0.0
0.12944299998343922 0.0033629999961704016
0.12944299998343922 0.0
0.13121000002138317 0.002956000011181459
0.13121000002138317 0.0
0.12757799998507835 0.002986999985296279
0.12757799998507835 0.0
0.12181599999894388 0.0028560000064317137
0.12181599999894388 0.0
0.12393199998768978 0.0030160000023897737
0.12393199998768978 1.00000761449337e-06
0.12263399999937974 0.002921000006608665
0.12263399999937974 1.00000761449337e-06
0.12463500001467764 0.00290400002268143
0.12463500001467764 0.0
0.124971999990521 0.002961999998660758
0.124971999990521 0.0
0.12218100001337007 0.0028640000091399997
0.12218100001337007 1.00000761449337e-06
0.12469199998304248 0.002917000005254522
0.12469199998304248 0.0
0.12617400000453927 0.002921999985119328
0.12617400000453927 1.00000761449337e-06
0.12435000002733432 0.002896000019973144
0.12435000002733432 1.00000761449337e-06
0.12198999998508953 0.0027790000021923333
0.12198999998508953 9.999785106629133e-07
INFO:sc2.protocol:Client status changed to Status.ended (was Status.in_game)
INFO:sc2.protocol:Client status changed to Status.ended (was Status.in_game)
INFO:root:Result for player 1 - Bot(Race.Terran, <bots.transfer.my_bot_q.MyBot object at 0x7f4480843198>): Defeat
INFO:root:Result for player 2 - Bot(Race.Terran, <bots.Showing_bot.speedBot.MarinBot object at 0x7f446f1d40f0>): Victory
INFO:sc2.client:Saved replay to outs/2020-01-17T11-28-03/replays/transfer-showing_bot/transfer-showing_bot-0.SC2Replay
INFO:sc2.protocol:Client status changed to Status.launched (was Status.ended)
INFO:sc2.protocol:Client status changed to Status.quit (was Status.launched)
INFO:sc2.sc2process:kill_switch: Process cleanup
INFO:sc2.sc2process:Cleaning up...
INFO:sc2.sc2process:Cleanup complete
INFO:sc2.sc2process:Cleaning up...
INFO:sc2.sc2process:Cleanup complete
INFO:sc2.protocol:Client status changed to Status.launched (was Status.ended)
INFO:sc2.protocol:Cannot receive: Connection already closed.
INFO:sc2.sc2process:kill_switch: Process cleanup
INFO:sc2.sc2process:Cleaning up...
INFO:sc2.sc2process:Cleanup complete
INFO:sc2.sc2process:Cleaning up...
INFO:sc2.sc2process:Cleanup complete


## STDERR ##

Version: B75689 (SC2.4.10)
Build: Aug 12 2019 17:16:57
Command Line: '"/home/hspark8312/StarCraftII/Versions/Base75689/SC2_x64" -listen 127.0.0.1 -port 20873 -displayMode 0 -dataDir /home/hspark8312/StarCraftII -tempDir /tmp/SC2_tddlfjzy'
Starting up...
Startup Phase 1 complete
Version: B75689 (SC2.4.10)
Build: Aug 12 2019 17:16:57
Command Line: '"/home/hspark8312/StarCraftII/Versions/Base75689/SC2_x64" -listen 127.0.0.1 -port 21499 -displayMode 0 -dataDir /home/hspark8312/StarCraftII -tempDir /tmp/SC2_3plr6_on'
Starting up...
Startup Phase 1 complete
Startup Phase 2 complete
Creating stub renderer...
Listening on: 127.0.0.1:20873
Startup Phase 3 complete. Ready for commands.
Startup Phase 2 complete
Creating stub renderer...
Listening on: 127.0.0.1:21499
Startup Phase 3 complete. Ready for commands.
ConnectHandler: Request from 127.0.0.1:50718 accepted
ReadyHandler: 127.0.0.1:50718 ready
Requesting to join a multiplayer game
Configuring interface options
Configure: raw interface enabled
Configure: feature layer interface enabled
Configure: score interface enabled
Configure: render interface disabled
ConnectHandler: Request from 127.0.0.1:50719 accepted
ReadyHandler: 127.0.0.1:50719 ready
Requesting to join a multiplayer game
Configuring interface options
Configure: raw interface enabled
Configure: feature layer interface enabled
Configure: score interface enabled
Configure: render interface disabled
Create game with map path: NCFellowship-2019_m1_v6.SC2Map
Deferred error: 536936448 (0x20010000)
Deferred error details: Bad profiling data. TimeMS: 3676202.500000 Conversion: 1.000000e-03
Attempting to join a game with the map: NCFellowship-2019_m1_v6.SC2Map
Game has started.
Using default stable ids, none found at: /home/hspark8312/StarCraftII/stableid.json
Game has started.
Using default stable ids, none found at: /home/hspark8312/StarCraftII/stableid.json
Successfully loaded stable ids: GameData\stableid.json
Successfully loaded stable ids: GameData\stableid.json
Sending ResponseJoinGame
Sending ResponseJoinGame
RequestQuit command received.
Closing Application...
/home/hspark8312/anaconda3/envs/sc2/lib/python3.6/importlib/_bootstrap.py:219: RuntimeWarning: numpy.ufunc size changed, may indicate binary incompatibility. Expected 192 from C header, got 216 from PyObject
  return f(*args, **kwds)
/home/hspark8312/anaconda3/envs/sc2/lib/python3.6/importlib/_bootstrap.py:219: RuntimeWarning: numpy.ufunc size changed, may indicate binary incompatibility. Expected 192 from C header, got 216 from PyObject
  return f(*args, **kwds)
/home/hspark8312/anaconda3/envs/sc2/lib/python3.6/site-packages/tensorboard/compat/tensorflow_stub/dtypes.py:541: FutureWarning: Passing (type, 1) or '1type' as a synonym of type is deprecated; in a future version of numpy, it will be understood as (type, (1,)) / '(1,)type'.
  _np_qint8 = np.dtype([("qint8", np.int8, 1)])
/home/hspark8312/anaconda3/envs/sc2/lib/python3.6/site-packages/past/builtins/misc.py:45: DeprecationWarning: the imp module is deprecated in favour of importlib; see the module's documentation for alternative uses
  from imp import reload
/mnt/d/sc2minigame-eval-2020-01-09/bots/Showing_bot/speedBot.py:1643: RuntimeWarning: coroutine 'TerreinManager.debug' was never awaited
  self.terrein_manager.debug()
