## STDOUT ##

[[92mINFO[0m] SC2 4.9.0 용 패치 적용
패치 sc2.ids.ability_id
패치 sc2.game_state
패치 sc2.bot_ai
패치 sc2.client
패치 sc2.controller
패치 sc2.main
INFO:root:Failed to import cuda module: No module named 'caffe2.python.caffe2_pybind11_state_gpu'
INFO:root:Failed to import AMD hip module: No module named 'caffe2.python.caffe2_pybind11_state_hip'
WARNING:root:This caffe2 python run does not have GPU support. Will run in CPU only mode.
cpu
INFO:sc2.protocol:Client status changed to Status.launched (was None)
INFO:sc2.protocol:Client status changed to Status.launched (was None)
INFO:sc2_patch.sc2_patch_490.controller:Creating new game
INFO:sc2_patch.sc2_patch_490.controller:Map:     NCFellowship-2019_m1_v6
INFO:sc2_patch.sc2_patch_490.controller:Players: Bot(Race.Terran, <bots.transfer.my_bot_q.MyBot object at 0x7f62517441d0>), Bot(Race.Terran, <bots.Showing_bot.speedBot.MarinBot object at 0x7f62400d40f0>)
INFO:sc2.protocol:Client status changed to Status.init_game (was Status.launched)
INFO:sc2.protocol:Client status changed to Status.in_game (was None)
INFO:root:Player 2 - Bot(Race.Terran, <bots.Showing_bot.speedBot.MarinBot object at 0x7f62400d40f0>)
TEST: 2, <bots.Showing_bot.speedBot.MarinBot object at 0x7f62400d40f0>
load model: bots/Showing_bot/models/model-89.pt
create new model
INFO:sc2.protocol:Client status changed to Status.in_game (was None)
INFO:root:Player 1 - Bot(Race.Terran, <bots.transfer.my_bot_q.MyBot object at 0x7f62517441d0>)
TEST: 1, <bots.transfer.my_bot_q.MyBot object at 0x7f62517441d0>
model file does not exists: bots/nc_example_v7/models/model-89.pt
0.046239999996032566 0.0026870000001508743
0.046239999996032566 0.0
0.04444699999294244 0.0021370000031311065
0.04444699999294244 9.999785106629133e-07
0.045011999987764284 0.0015110000094864517
0.045011999987764284 0.0
0.044316999992588535 0.0014650000084657222
0.044316999992588535 1.00000761449337e-06
0.04448700000648387 0.0011110000195913017
0.04448700000648387 0.0
0.04452500000479631 0.0011360000062268227
0.04452500000479631 1.00000761449337e-06
0.04449599998770282 0.0012060000153724104
0.04449599998770282 0.0
0.044452000001911074 0.0011270000250078738
0.044452000001911074 0.0
0.04441799997584894 0.0011200000008102506
0.04441799997584894 0.0
0.044959999999264255 0.0011289999820291996
0.044959999999264255 1.00000761449337e-06
0.0443799999775365 0.001109000004362315
0.0443799999775365 0.0
0.04458400001749396 0.0011030000168830156
0.04458400001749396 9.999785106629133e-07
0.04495899999164976 0.0014189999783411622
0.04495899999164976 0.0
0.044501000025775284 0.001121000008424744
0.044501000025775284 0.0
0.04454000000259839 0.0012830000196117908
0.04454000000259839 0.0
0.04452699999092147 0.0011600000143516809
0.04452699999092147 9.999785106629133e-07
0.04545099998358637 0.0011230000236537308
0.04545099998358637 0.0
0.04466099999262951 0.001145999995060265
0.04466099999262951 0.0
0.0442779999866616 0.001109000004362315
0.0442779999866616 0.0
0.04469899999094196 0.0011100000119768083
0.04469899999094196 0.0
0.04699200001778081 0.001273999980185181
0.04699200001778081 0.0
0.0468070000060834 0.0012159999751020223
0.0468070000060834 0.0
0.046999999991385266 0.0013029999972786754
0.046999999991385266 9.999785106629133e-07
0.04755200000363402 0.003337000001920387
0.04755200000363402 0.0
0.04736399999819696 0.0014669999945908785
0.04736399999819696 0.0
0.04734600000665523 0.0013049999834038317
0.04734600000665523 0.0
0.047469999990426004 0.0012379999971017241
0.047469999990426004 0.0
0.04688400001032278 0.0012339999957475811
0.04688400001032278 0.0
0.0479699999850709 0.0012270000006537884
0.0479699999850709 1.00000761449337e-06
0.046846000012010336 0.0011909999884665012
0.046846000012010336 0.0
0.04745099999126978 0.001225999993039295
0.04745099999126978 1.00000761449337e-06
0.046723000006750226 0.0014490000030491501
0.046723000006750226 0.0
0.046906999981729314 0.0012290000158827752
0.046906999981729314 0.0
0.04926599998725578 0.0012599999899975955
0.04926599998725578 0.0
0.04914800002006814 0.00120599998626858
0.04914800002006814 1.00000761449337e-06
0.049830000003566965 0.0013500000059138983
0.049830000003566965 0.0
0.04942799999844283 0.0012489999935496598
0.04942799999844283 2.00001522898674e-06
0.04968399999779649 0.0012229999992996454
0.04968399999779649 0.0
0.04964100001961924 0.0012500000011641532
0.04964100001961924 0.0
0.05001700000138953 0.001289999985601753
0.05001700000138953 1.00000761449337e-06
changed strategy
0.051355999981751665 0.001217999990331009
0.051355999981751665 0.0
0.04991699999663979 0.0012710000155493617
0.04991699999663979 0.0
0.05016600000089966 0.001256000017747283
0.05016600000089966 1.00000761449337e-06
0.049261000007390976 0.0012319999805185944
0.049261000007390976 0.0
0.04945900000166148 0.0012210000131744891
0.04945900000166148 0.0
0.049774000013712794 0.0012589999823831022
0.049774000013712794 1.00000761449337e-06
0.0501079999958165 0.001281000004382804
0.0501079999958165 0.0
0.06248500000219792 0.0014810000138822943
0.06248500000219792 1.00000761449337e-06
0.049961999990046024 0.001277000003028661
0.049961999990046024 1.00000761449337e-06
0.04987700001220219 0.00125200001639314
0.04987700001220219 9.999785106629133e-07
0.052407999988645315 0.0029959999956190586
0.052407999988645315 9.999785106629133e-07
0.052201999991666526 0.0013949999993201345
0.052201999991666526 0.0
0.052564999990863726 0.0013159999798517674
0.052564999990863726 0.0
0.05170700000599027 0.0012729999725706875
0.05170700000599027 0.0
0.05260699999053031 0.0013439999893307686
0.05260699999053031 1.00000761449337e-06
0.05218499997863546 0.0013420000032056123
0.05218499997863546 0.0
0.06270000000949949 0.0018519999866839498
0.06270000000949949 0.0
0.053868999995756894 0.0013310000067576766
0.053868999995756894 0.0
0.05243500001961365 0.0013270000054035336
0.05243500001961365 0.0
0.05249900001217611 0.0013080000062473118
0.05249900001217611 1.00000761449337e-06
0.0534310000075493 0.0013139999937266111
0.0534310000075493 0.0
0.052546999999322 0.0013590000162366778
0.052546999999322 0.0
0.0723230000003241 0.0018109999946318567
0.0723230000003241 1.00000761449337e-06
0.07236599997850135 0.0017860000079963356
0.07236599997850135 1.00000761449337e-06
0.07394900001236238 0.0019219999958295375
0.07394900001236238 0.0
0.06729200002155267 0.0015100000018719584
0.06729200002155267 1.00000761449337e-06
0.07307300000684336 0.0017930000030901283
0.07307300000684336 1.00000761449337e-06
0.07272299999021925 0.0018599999893922359
0.07272299999021925 1.00000761449337e-06
0.07361699998728 0.0018700000073295087
0.07361699998728 0.0
0.07398099999409169 0.0019169999868609011
0.07398099999409169 9.999785106629133e-07
0.07567799999378622 0.0020429999858606607
0.07567799999378622 9.999785106629133e-07
0.07599400001345202 0.0019119999778922647
0.07599400001345202 1.00000761449337e-06
0.05466500000329688 0.0013169999874662608
0.05466500000329688 1.00000761449337e-06
0.055589000025065616 0.0013959999778307974
0.055589000025065616 9.999785106629133e-07
0.07608800000161864 0.0019230000034440309
0.07608800000161864 9.999785106629133e-07
0.07241399999475107 0.00201500000548549
0.07241399999475107 0.0
0.06198100000619888 0.0016199999954551458
0.06198100000619888 0.0
0.06045399999129586 0.003456999984337017
0.06045399999129586 1.00000761449337e-06
0.05962099999305792 0.005353999993531033
0.05962099999305792 0.0
0.05968599999323487 0.0014809999847784638
0.05968599999323487 0.0
0.06018100000801496 0.0014780000201426446
0.06018100000801496 1.00000761449337e-06
0.057269000011729077 0.0017090000037569553
0.057269000011729077 1.00000761449337e-06
0.05715900001814589 0.0017020000086631626
0.05715900001814589 1.00000761449337e-06
0.056905999983428046 0.001720000000204891
0.056905999983428046 0.0
0.057203999982448295 0.0016039999900385737
0.057203999982448295 1.00000761449337e-06
0.07241999998223037 0.0024320000084117055
0.07241999998223037 1.00000761449337e-06
0.07445799998822622 0.0021659999911207706
0.07445799998822622 9.999785106629133e-07
0.07599099999060854 0.0023280000023078173
0.07599099999060854 0.0
0.07529700000304729 0.0022419999877456576
0.07529700000304729 0.0
0.0560399999958463 0.0016109999851323664
0.0560399999958463 0.0
0.05206200000247918 0.0014659999869763851
0.05206200000247918 1.00000761449337e-06
0.044464999984484166 0.0013350000081118196
0.044464999984484166 0.0
0.04896400001598522 0.0014749999972991645
0.04896400001598522 0.0
0.0618300000205636 0.0021430000197142363
0.0618300000205636 0.0
0.06438799999887124 0.0016090000281110406
0.06438799999887124 0.0
0.06248699998832308 0.0020610000065062195
0.06248699998832308 9.999785106629133e-07
0.04489999997895211 0.0013770000077784061
0.04489999997895211 0.0
0.044548000005306676 0.0011649999942164868
0.044548000005306676 1.00000761449337e-06
0.04459499998483807 0.001145999995060265
0.04459499998483807 0.0
0.06179199999314733 0.0016180000093299896
0.06179199999314733 1.00000761449337e-06
0.047636000002967194 0.0012870000209659338
0.047636000002967194 1.00000761449337e-06
0.04696800000965595 0.0011910000175703317
0.04696800000965595 1.00000761449337e-06
0.06570100001408719 0.0016759999853093177
0.06570100001408719 0.0
0.06614199999603443 0.001647000026423484
0.06614199999603443 0.0
0.06525699998019263 0.0016680000117048621
0.06525699998019263 0.0
0.06571799999801442 0.001644000003580004
0.06571799999801442 1.00000761449337e-06
0.06621799999265932 0.0016980000073090196
0.06621799999265932 0.0
0.06557800000882708 0.0016820000018924475
0.06557800000882708 0.0
0.06594499998027459 0.0017220000154338777
0.06594499998027459 1.00000761449337e-06
0.06571300001814961 0.0016900000046007335
0.06571300001814961 9.999785106629133e-07
0.04744399999617599 0.001193000003695488
0.04744399999617599 1.00000761449337e-06
0.06483200000366196 0.0020019999938085675
0.06483200000366196 1.00000761449337e-06
0.0656079999753274 0.0016630000027362257
0.0656079999753274 1.00000761449337e-06
0.0652610000106506 0.0016759999853093177
0.0652610000106506 9.999785106629133e-07
0.06542100000660866 0.0016839999880176038
0.06542100000660866 1.00000761449337e-06
0.06562600002507679 0.001644000003580004
0.06562600002507679 0.0
0.06535099999746308 0.0017109999898821115
0.06535099999746308 0.0
0.06539000000339001 0.0016680000117048621
0.06539000000339001 0.0
0.06539599999086931 0.001672999991569668
0.06539599999086931 0.0
0.061639999999897555 0.0013899999903514981
0.061639999999897555 0.0
0.05126900001778267 0.0013330000219866633
0.05126900001778267 1.00000761449337e-06
0.06781199999386445 0.001715999998850748
0.06781199999386445 1.00000761449337e-06
0.06290200000512414 0.0013939999917056412
0.06290200000512414 0.0
0.06832799999392591 0.0017930000030901283
0.06832799999392591 1.00000761449337e-06
0.061855999985709786 0.0013979999930597842
0.061855999985709786 9.999785106629133e-07
0.06875100001343526 0.001724999980069697
0.06875100001343526 1.00000761449337e-06
0.06826000000000931 0.0017859999788925052
0.06826000000000931 0.0
0.06841599999461323 0.0017550000047776848
0.06841599999461323 0.0
0.0685339999909047 0.0017459999944549054
0.0685339999909047 0.0
0.06864000001223758 0.0017389999993611127
0.06864000001223758 1.00000761449337e-06
0.06880999999702908 0.0017419999931007624
0.06880999999702908 0.0
0.06696799999917857 0.0017799999914132059
0.06696799999917857 0.0
0.06951000000117347 0.0017639999859966338
0.06951000000117347 1.00000761449337e-06
0.06852999998955056 0.0017269999952986836
0.06852999998955056 1.00000761449337e-06
0.06747199999517761 0.0017560000123921782
0.06747199999517761 1.00000761449337e-06
0.0720560000045225 0.00200899998890236
0.0720560000045225 9.999785106629133e-07
0.07308100000955164 0.0018500000005587935
0.07308100000955164 0.0
0.07111500002793036 0.0018410000193398446
0.07111500002793036 1.00000761449337e-06
0.07207699998980388 0.0019339999998919666
0.07207699998980388 1.00000761449337e-06
0.0718359999882523 0.0017989999905694276
0.0718359999882523 9.999785106629133e-07
0.05319999999483116 0.001420999993570149
0.05319999999483116 0.0
0.07222499998169951 0.001816000003600493
0.07222499998169951 0.0
0.07152100000530481 0.0018299999937880784
0.07152100000530481 0.0
0.07149600001866929 0.0018400000117253512
0.07149600001866929 0.0
0.07524099998408929 0.0020369999983813614
0.07524099998408929 1.00000761449337e-06
0.07195599999977276 0.0018569999956525862
0.07195599999977276 0.0
0.07089999999152496 0.0017909999878611416
0.07089999999152496 1.00000761449337e-06
0.07107700000051409 0.0017900000093504786
0.07107700000051409 0.0
0.05180099999415688 0.0012909999932162464
0.05180099999415688 0.0
0.05156699998769909 0.001301999989664182
0.05156699998769909 0.0
0.05745100000058301 0.0016000000177882612
0.05745100000058301 0.0
0.056603999983053654 0.001385999988997355
0.056603999983053654 0.0
0.05719399999361485 0.001404000009642914
0.05719399999361485 0.0
0.05638399999588728 0.0014480000245384872
0.05638399999588728 1.00000761449337e-06
0.05739099998027086 0.001408000010997057
0.05739099998027086 1.00000761449337e-06
0.054854000016348436 0.001344000018434599
0.054854000016348436 1.00000761449337e-06
0.054041000024881214 0.0014870000013615936
0.054041000024881214 0.0
0.05415599999832921 0.0013479999906849116
0.05415599999832921 0.0
0.054183000000193715 0.0016269999905489385
0.054183000000193715 0.0
0.053961000026902184 0.0013879999751225114
0.053961000026902184 1.00000761449337e-06
0.05524799998966046 0.0017069999885279685
0.05524799998966046 1.00000761449337e-06
0.0655689999985043 0.0018390000041108578
0.0655689999985043 1.00000761449337e-06
0.07404800000949763 0.0025719999975990504
0.07404800000949763 1.00000761449337e-06
0.07494900000165217 0.002222000010078773
0.07494900000165217 0.0
0.07330499999807216 0.0027540000155568123
0.07330499999807216 0.0
0.07132700001238845 0.002826999989338219
0.07132700001238845 0.0
0.07191599998623133 0.0020420000073499978
0.07191599998623133 0.0
0.07213500002399087 0.002406000014161691
0.07213500002399087 0.0
0.05265299999155104 0.001293999986955896
0.05265299999155104 1.00000761449337e-06
0.09765599999809638 0.00559600000269711
0.09765599999809638 0.0
0.0794799999857787 0.004500999988522381
0.0794799999857787 1.00000761449337e-06
0.08805500000016764 0.004912000003969297
0.08805500000016764 1.00000761449337e-06
0.11637600001995452 0.00419600002351217
0.11637600001995452 1.00000761449337e-06
0.11725500001921318 0.002900000021327287
0.11725500001921318 0.0
0.11568399998941459 0.0029440000071190298
0.11568399998941459 9.999785106629133e-07
0.1175070000172127 0.0029309999954421073
0.1175070000172127 9.999785106629133e-07
0.10928199999034405 0.0030169999809004366
0.10928199999034405 1.00000761449337e-06
0.09483200000249781 0.0025559999921824783
0.09483200000249781 0.0
0.09660200000507757 0.0023930000024847686
0.09660200000507757 9.999785106629133e-07
0.08729299998958595 0.002162000018870458
0.08729299998958595 0.0
0.08983100001933053 0.002316999976756051
0.08983100001933053 1.00000761449337e-06
0.0968529999954626 0.0021379999816417694
0.0968529999954626 1.00000761449337e-06
0.08513200000743382 0.002019999985350296
0.08513200000743382 0.0
0.08646999998018146 0.00370400000247173
0.08646999998018146 9.999785106629133e-07
0.09781700000166893 0.0026120000111404806
0.09781700000166893 9.999785106629133e-07
0.09584599998197518 0.0031230000022333115
0.09584599998197518 1.00000761449337e-06
0.09117099997820333 0.002223999996203929
0.09117099997820333 1.00000761449337e-06
0.09063900000182912 0.002486999990651384
0.09063900000182912 0.0
0.09405799998785369 0.0024120000016409904
0.09405799998785369 0.0
0.08748700001160614 0.002162000018870458
0.08748700001160614 0.0
0.08316099998774007 0.0022689999896101654
0.08316099998774007 9.999785106629133e-07
0.08326799998758361 0.0024440000124741346
0.08326799998758361 1.00000761449337e-06
0.08312900000601076 0.0023509999737143517
0.08312900000601076 1.00000761449337e-06
0.08073300000978634 0.002227999997558072
0.08073300000978634 0.0
0.08544800002709962 0.002050000010058284
0.08544800002709962 0.0
0.09867900001700036 0.002960000012535602
0.09867900001700036 1.4999997802078724e-05
0.07728500000666827 0.0020059999951627105
0.07728500000666827 1.00000761449337e-06
0.07823199999984354 0.002314999990630895
0.07823199999984354 0.0
0.0767479999922216 0.0020979999972041696
0.0767479999922216 1.00000761449337e-06
0.07306699999026023 0.0019930000125896186
0.07306699999026023 0.0
0.07627900000079535 0.001947000011568889
0.07627900000079535 0.0
0.07800000000861473 0.0023919999948702753
0.07800000000861473 9.999785106629133e-07
0.06830499999341555 0.0018700000073295087
0.06830499999341555 0.0
0.06656000000657514 0.001900999981444329
0.06656000000657514 1.00000761449337e-06
0.0644109999993816 0.0018940000154543668
0.0644109999993816 0.0
0.061985000007553026 0.0015439999988302588
0.061985000007553026 0.0
0.061757000017678365 0.002035999990766868
0.061757000017678365 0.0
0.06420100000104867 0.0017980000120587647
0.06420100000104867 0.0
0.06427299999631941 0.0018899999849963933
0.06427299999631941 0.0
0.06585399998584762 0.002043000014964491
0.06585399998584762 0.0
0.07169599999906495 0.002242999995360151
0.07169599999906495 1.00000761449337e-06
0.0916690000158269 0.002781999995931983
0.0916690000158269 1.00000761449337e-06
0.06711199998972006 0.00181200000224635
0.06711199998972006 0.0
0.0664190000097733 0.0017299999890383333
0.0664190000097733 0.0
0.0679050000035204 0.0017530000186525285
0.0679050000035204 0.0
0.07266899998649023 0.0018970000091940165
0.07266899998649023 0.0
0.0766099999891594 0.0016969999996945262
0.0766099999891594 9.999785106629133e-07
0.07429499999852851 0.00173200000426732
0.07429499999852851 1.00000761449337e-06
0.07610399997793138 0.001875999994808808
0.07610399997793138 1.00000761449337e-06
0.06748200001311488 0.001631999999517575
0.06748200001311488 0.0
0.0655339999939315 0.0018299999937880784
0.0655339999939315 1.00000761449337e-06
0.06836199999088421 0.0016089999990072101
0.06836199999088421 1.00000761449337e-06
0.06365399999776855 0.0019000000029336661
0.06365399999776855 0.0
0.07613899998250417 0.0019400000164750963
0.07613899998250417 0.0
0.07082600001012906 0.0017209999787155539
0.07082600001012906 1.00000761449337e-06
0.06303900000057183 0.001668999990215525
0.06303900000057183 0.0
0.07448500001919456 0.0019440000178292394
0.07448500001919456 1.00000761449337e-06
0.06482100000721402 0.0016749999776948243
0.06482100000721402 0.0
0.06741899999906309 0.0018020000134129077
0.06741899999906309 1.00000761449337e-06
0.06613600000855513 0.0015919999859761447
0.06613600000855513 0.0
0.06483200000366196 0.001656999986153096
0.06483200000366196 9.999785106629133e-07
0.06147800001781434 0.001560000004246831
0.06147800001781434 0.0
0.06185399999958463 0.0016089999990072101
0.06185399999958463 0.0
0.062326000013854355 0.001541999983601272
0.062326000013854355 1.00000761449337e-06
0.062154000013833866 0.0015140000032261014
0.062154000013833866 0.0
0.06163300000480376 0.0015269999857991934
0.06163300000480376 0.0
0.059716999996453524 0.0015109999803826213
0.059716999996453524 0.0
0.05656199998338707 0.001436999998986721
0.05656199998338707 0.0
0.05424900000798516 0.0013760000001639128
0.05424900000798516 0.0
0.05462499998975545 0.0013679999974556267
0.05462499998975545 0.0
0.056466000009095296 0.0013519999920390546
0.056466000009095296 9.999785106629133e-07
0.05294100000173785 0.001293999986955896
0.05294100000173785 0.0
0.05370400001993403 0.0012910000223200768
0.05370400001993403 0.0
0.04995400001644157 0.0012679999927058816
0.04995400001644157 1.00000761449337e-06
0.04974200000287965 0.0012459999998100102
0.04974200000287965 0.0
0.05103200001758523 0.0012380000262055546
0.05103200001758523 1.00000761449337e-06
0.050324999989243224 0.0012820000119972974
0.050324999989243224 0.0
0.049297999998088926 0.0012620000052265823
0.049297999998088926 9.999785106629133e-07
0.04933700000401586 0.001256999996257946
0.04933700000401586 0.0
0.05146899999817833 0.0013120000076014549
0.05146899999817833 0.0
0.05278800000087358 0.0013469999830704182
0.05278800000087358 0.0
0.0522680000285618 0.0013590000162366778
0.0522680000285618 0.0
0.05180700001074001 0.0013329999928828329
0.05180700001074001 1.00000761449337e-06
0.05198799999197945 0.0013160000089555979
0.05198799999197945 0.0
0.05480399998486973 0.0013700000126846135
0.05480399998486973 0.0
0.05912000001990236 0.0014879999798722565
0.05912000001990236 0.0
0.05929999999352731 0.0015320000238716602
0.05929999999352731 0.0
0.05695099997683428 0.0014050000172574073
0.05695099997683428 1.00000761449337e-06
0.05699099999037571 0.0014469999878201634
0.05699099999037571 1.00000761449337e-06
0.059843000024557114 0.0015469999925699085
0.059843000024557114 1.00000761449337e-06
0.05980600000475533 0.0015399999974761158
0.05980600000475533 0.0
0.05697400000644848 0.001496000011684373
0.05697400000644848 0.0
0.05838599998969585 0.0014490000030491501
0.05838599998969585 1.00000761449337e-06
0.05927199998404831 0.0014709999959450215
0.05927199998404831 1.00000761449337e-06
0.0617179999826476 0.0015899999998509884
0.0617179999826476 0.0
0.06430599998566322 0.0016060000052675605
0.06430599998566322 0.0
0.06994200000190176 0.001939000008860603
0.06994200000190176 0.0
0.06907699999283068 0.0017560000123921782
0.06907699999283068 1.00000761449337e-06
0.07201800000621006 0.0018739999795798212
0.07201800000621006 1.00000761449337e-06
0.06939499999862164 0.0017510000034235418
0.06939499999862164 0.0
0.06671499999356456 0.0017099999822676182
0.06671499999356456 0.0
0.06718799998634495 0.0017020000086631626
0.06718799998634495 0.0
0.0654999999969732 0.0016989999858196825
0.0654999999969732 1.00000761449337e-06
0.06505699999979697 0.0017039999947883189
0.06505699999979697 1.00000761449337e-06
0.0717830000212416 0.002183000004151836
0.0717830000212416 0.0
0.06856099999276921 0.0017179999849759042
0.06856099999276921 0.0
0.07489399999030866 0.0016710000054445118
0.07489399999030866 1.00000761449337e-06
0.06011900000157766 0.0015170000260695815
0.06011900000157766 1.00000761449337e-06
0.0591429999913089 0.0014279999886639416
0.0591429999913089 0.0
0.07197499999892898 0.002230999991297722
0.07197499999892898 0.0
0.07376400000066496 0.0018300000228919089
0.07376400000066496 0.0
0.05737500000395812 0.0014700000174343586
0.05737500000395812 1.00000761449337e-06
0.05595100001664832 0.001529999979538843
0.05595100001664832 0.0
0.06322400001226924 0.0014179999998304993
0.06322400001226924 0.0
0.05886900000041351 0.0014199999859556556
0.05886900000041351 0.0
0.05582499998854473 0.001480000006267801
0.05582499998854473 0.0
0.054825999977765605 0.0014179999998304993
0.054825999977765605 9.999785106629133e-07
0.05530199999338947 0.0014139999984763563
0.05530199999338947 1.00000761449337e-06
0.05815200001234189 0.001349999976810068
0.05815200001234189 9.999785106629133e-07
0.056791999988490716 0.0013219999964348972
0.056791999988490716 1.00000761449337e-06
0.05530999999609776 0.0016720000130590051
0.05530999999609776 0.0
0.06316900000092573 0.0015469999925699085
0.06316900000092573 1.00000761449337e-06
0.0569309999991674 0.0014720000035595149
0.0569309999991674 0.0
0.05554500001017004 0.0014629999932367355
0.05554500001017004 0.0
0.05399600000237115 0.001400000008288771
0.05399600000237115 0.0
0.05646100000012666 0.0013700000126846135
0.05646100000012666 0.0
0.06172699999297038 0.001340999995591119
0.06172699999297038 0.0
0.053220000001601875 0.0013519999920390546
0.053220000001601875 0.0
0.052825999999186024 0.0015459999849554151
0.052825999999186024 1.00000761449337e-06
0.05309500001021661 0.0014319999900180846
0.05309500001021661 1.00000761449337e-06
0.06548600000678562 0.0017709999810904264
0.06548600000678562 2.300000051036477e-05
0.06379300000844523 0.001273999980185181
0.06379300000844523 9.999785106629133e-07
0.054287999984808266 0.0014359999913722277
0.054287999984808266 1.00000761449337e-06
0.051939999975729734 0.0014640000008512288
0.051939999975729734 0.0
0.06491800001822412 0.0014090000186115503
0.06491800001822412 0.0
0.05835599999409169 0.0017700000025797635
0.05835599999409169 1.00000761449337e-06
0.057597999984864146 0.0015500000154133886
0.057597999984864146 1.00000761449337e-06
0.06626999998115934 0.0014399999927263707
0.06626999998115934 0.0
0.06051499999011867 0.0015410000050906092
0.06051499999011867 0.0
0.05879599999752827 0.0014199999859556556
0.05879599999752827 0.0
0.05461799999466166 0.0013580000086221844
0.05461799999466166 9.999785106629133e-07
0.05492999998386949 0.0014589999918825924
0.05492999998386949 1.00000761449337e-06
0.05489900000975467 0.0014269999810494483
0.05489900000975467 0.0
0.05739299999549985 0.0015649999841116369
0.05739299999549985 0.0
0.05730300000868738 0.0014400000218302011
0.05730300000868738 1.00000761449337e-06
0.05733500001952052 0.0015189999830909073
0.05733500001952052 0.0
0.0552460000035353 0.0014260000025387853
0.0552460000035353 0.0
0.058216000004904345 0.0014680000022053719
0.058216000004904345 9.999785106629133e-07
0.06255000000237487 0.012065999995684251
0.06255000000237487 0.0
0.06150599999818951 0.001520999998319894
0.06150599999818951 0.0
0.07962299999780953 0.0021129999950062484
0.07962299999780953 9.999785106629133e-07
0.06227199998102151 0.0016130000003613532
0.06227199998102151 0.0
0.06482300002244301 0.0017550000047776848
0.06482300002244301 0.0
0.06418000001576729 0.0016240000259131193
0.06418000001576729 1.00000761449337e-06
0.06738699998822995 0.0018360000103712082
0.06738699998822995 0.0
0.06683900000643916 0.001887999998871237
0.06683900000643916 0.0
0.06508699999540113 0.0016370000084862113
0.06508699999540113 1.00000761449337e-06
0.06416399998124689 0.0016170000017154962
0.06416399998124689 1.00000761449337e-06
0.06605399999534711 0.001859000010881573
0.06605399999534711 1.00000761449337e-06
0.06448500000988133 0.0016759999853093177
0.06448500000988133 1.00000761449337e-06
0.06407699998817407 0.0016260000120382756
0.06407699998817407 9.999785106629133e-07
0.07986199998413213 0.0019709999905899167
0.07986199998413213 1.00000761449337e-06
0.05951200000708923 0.0015159999893512577
0.05951200000708923 1.00000761449337e-06
0.061802999989595264 0.0016290000057779253
0.061802999989595264 1.00000761449337e-06
0.05942999999388121 0.001512999995611608
0.05942999999388121 1.00000761449337e-06
0.062138999986927956 0.0015549999952781945
0.062138999986927956 1.00000761449337e-06
0.06071200000587851 0.0015869999770075083
0.06071200000587851 0.0
0.05879800001275726 0.001556000002892688
0.05879800001275726 0.0
0.057748000021092594 0.001504999992903322
0.057748000021092594 9.999785106629133e-07
0.05706300001475029 0.001459000020986423
0.05706300001475029 0.0
0.05431999999564141 0.0014599999994970858
0.05431999999564141 1.00000761449337e-06
0.054937000008067116 0.0013920000055804849
0.054937000008067116 1.00000761449337e-06
0.054382999980589375 0.0013820000167470425
0.054382999980589375 0.0
0.05431700000190176 0.001420999993570149
0.05431700000190176 1.00000761449337e-06
0.05773400000180118 0.0014979999978095293
0.05773400000180118 1.00000761449337e-06
0.05479600001126528 0.0013939999917056412
0.05479600001126528 0.0
0.05461900000227615 0.001449999981559813
0.05461900000227615 0.0
0.05473200001870282 0.0013909999979659915
0.05473200001870282 0.0
0.0546510000131093 0.0013939999917056412
0.0546510000131093 0.0
0.05227500002365559 0.0013780000153928995
0.05227500002365559 1.00000761449337e-06
0.05235499999253079 0.0013159999798517674
0.05235499999253079 0.0
0.052656999992905185 0.001352999999653548
0.052656999992905185 1.00000761449337e-06
0.05181900001480244 0.0014540000120177865
0.05181900001480244 0.0
0.05232399998931214 0.0015100000018719584
0.05232399998931214 0.0
0.052481999999145046 0.0019150000007357448
0.052481999999145046 1.00000761449337e-06
0.05489800000214018 0.001744000008329749
0.05489800000214018 0.0
0.05445800002780743 0.0015710000006947666
0.05445800002780743 0.0
0.05488599999807775 0.0014340000052470714
0.05488599999807775 0.0
0.054548999993130565 0.001808000000892207
0.054548999993130565 1.00000761449337e-06
0.05455599998822436 0.0016250000044237822
0.05455599998822436 9.999785106629133e-07
0.055552000005263835 0.0017679999873507768
0.055552000005263835 0.0
0.054708999989088625 0.0016380000161007047
0.054708999989088625 1.00000761449337e-06
0.05227099999319762 0.0015110000094864517
0.05227099999319762 0.0
0.05246700000134297 0.001533999980892986
0.05246700000134297 0.0
0.052662999980384484 0.0013319999852683395
0.052662999980384484 1.00000761449337e-06
0.05305300001055002 0.0016550000000279397
0.05305300001055002 0.0
0.05032599999685772 0.0013150000013411045
0.05032599999685772 0.0
0.050282000011065975 0.0013310000067576766
0.050282000011065975 1.00000761449337e-06
0.04951500002061948 0.001277999981539324
0.04951500002061948 1.00000761449337e-06
0.049349999986588955 0.0012679999927058816
0.049349999986588955 0.0
0.05426400000578724 0.0016969999996945262
0.05426400000578724 0.0
0.05472599997301586 0.0014340000052470714
0.05472599997301586 9.999785106629133e-07
0.05444499998702668 0.0013939999917056412
0.05444499998702668 0.0
0.056662000017240644 0.0015559999737888575
0.056662000017240644 1.00000761449337e-06
0.05697800000780262 0.001496999990195036
0.05697800000780262 1.00000761449337e-06
0.054432000004453585 0.001484000007621944
0.054432000004453585 0.0
0.05432600001222454 0.0013709999911952764
0.05432600001222454 0.0
0.057062999985646456 0.0014699999883305281
0.057062999985646456 1.00000761449337e-06
0.05761699998402037 0.0014340000052470714
0.05761699998402037 0.0
0.05706300001475029 0.001484000007621944
0.05706300001475029 1.00000761449337e-06
0.0570890000090003 0.001516999996965751
0.0570890000090003 0.0
0.056874999980209395 0.0014300000038929284
0.056874999980209395 9.999785106629133e-07
0.05737199998111464 0.0014870000013615936
0.05737199998111464 0.0
0.057192000007489696 0.0014699999883305281
0.057192000007489696 1.00000761449337e-06
0.06540500000119209 0.0020059999951627105
0.06540500000119209 9.999785106629133e-07
0.05788199999369681 0.0014389999851118773
0.05788199999369681 0.0
0.05721400000038557 0.001449999981559813
0.05721400000038557 1.00000761449337e-06
0.052204999985406175 0.0014319999900180846
0.052204999985406175 1.00000761449337e-06
0.051933999988250434 0.0013809999800287187
0.051933999988250434 9.999785106629133e-07
0.04914799999096431 0.0012719999940600246
0.04914799999096431 9.999785106629133e-07
0.050617000000784174 0.0012900000147055835
0.050617000000784174 1.00000761449337e-06
0.04933599999640137 0.0013159999798517674
0.04933599999640137 1.00000761449337e-06
0.050313000014284626 0.0013960000069346279
0.050313000014284626 0.0
0.049427000019932166 0.0012570000253617764
0.049427000019932166 1.00000761449337e-06
0.04993399998056702 0.0012670000141952187
0.04993399998056702 1.00000761449337e-06
0.05232999997679144 0.0013749999925494194
0.05232999997679144 0.0
0.051807999989250675 0.0013099999923724681
0.051807999989250675 0.0
0.049647999985609204 0.0012789999891538173
0.049647999985609204 1.00000761449337e-06
0.0496889999776613 0.0012519999872893095
0.0496889999776613 0.0
0.05256300000473857 0.0013289999915286899
0.05256300000473857 0.0
0.05083799999556504 0.0012419999984558672
0.05083799999556504 0.0
0.052425999980187044 0.0013430000108201057
0.052425999980187044 0.0
0.052309000020613894 0.001373999984934926
0.052309000020613894 0.0
0.05238999999710359 0.0013179999950807542
0.05238999999710359 0.0
0.05184100000769831 0.0013219999964348972
0.05184100000769831 0.0
0.053352000017184764 0.0013299999991431832
0.053352000017184764 0.0
0.04953399999067187 0.001281000004382804
0.04953399999067187 1.00000761449337e-06
0.04935700001078658 0.0012669999850913882
0.04935700001078658 1.00000761449337e-06
0.050067000003764406 0.00128900000709109
0.050067000003764406 9.999785106629133e-07
0.047781000001123175 0.0012940000160597265
0.047781000001123175 0.0
0.05008899999666028 0.001344000018434599
0.05008899999666028 0.0
0.04942599998321384 0.0012599999899975955
0.04942599998321384 1.00000761449337e-06
0.05067799999960698 0.0012700000079348683
0.05067799999960698 0.0
0.04978299999493174 0.001269000000320375
0.04978299999493174 1.00000761449337e-06
0.049504000024171546 0.0012580000038724393
0.049504000024171546 0.0
0.05041599998367019 0.0012789999891538173
0.05041599998367019 0.0
0.04945300001418218 0.0012670000141952187
0.04945300001418218 9.999785106629133e-07
0.049398999981349334 0.0012630000128410757
0.049398999981349334 1.00000761449337e-06
0.050340999994659796 0.0012780000106431544
0.050340999994659796 0.0
0.05187200001091696 0.001344999996945262
0.05187200001091696 1.00000761449337e-06
0.05201000001397915 0.0013460000045597553
0.05201000001397915 0.0
0.05189599998993799 0.0013170000165700912
0.05189599998993799 1.00000761449337e-06
0.05206799998995848 0.0013760000001639128
0.05206799998995848 0.0
0.052617000008467585 0.0014120000123512
0.052617000008467585 0.0
0.056031999993138015 0.0014130000199656934
0.056031999993138015 9.999785106629133e-07
0.05668899999000132 0.0014830000000074506
0.05668899999000132 0.0
0.0571570000029169 0.0014770000125281513
0.0571570000029169 1.00000761449337e-06
0.055155000009108335 0.0014029999729245901
0.055155000009108335 0.0
0.054814000002807006 0.0014070000033825636
0.054814000002807006 0.0
0.054734000004827976 0.0013909999979659915
0.054734000004827976 0.0
0.054466000001411885 0.0013730000064242631
0.054466000001411885 1.00000761449337e-06
0.05437900000833906 0.00136900000507012
0.05437900000833906 1.00000761449337e-06
0.05436600002576597 0.0013900000194553286
0.05436600002576597 0.0
0.05540499999187887 0.0013880000042263418
0.05540499999187887 0.0
0.05221500000334345 0.0013389999803621322
0.05221500000334345 0.0
0.0517239999899175 0.0013230000040493906
0.0517239999899175 9.999785106629133e-07
0.05207199999131262 0.0013230000040493906
0.05207199999131262 0.0
0.05210200001602061 0.0013150000013411045
0.05210200001602061 9.999785106629133e-07
0.05714499999885447 0.001445000001695007
0.05714499999885447 1.00000761449337e-06
0.0568910000147298 0.0014569999766536057
0.0568910000147298 1.00000761449337e-06
0.06148999999277294 0.00161500001559034
0.06148999999277294 0.0
0.058941999974194914 0.001552000001538545
0.058941999974194914 9.999785106629133e-07
0.059068000002298504 0.0016969999996945262
0.059068000002298504 1.00000761449337e-06
0.0563129999791272 0.0015530000091530383
0.0563129999791272 9.999785106629133e-07
0.054945999989286065 0.0013890000118408352
0.054945999989286065 0.0
0.05681700000423007 0.0014199999859556556
0.05681700000423007 0.0
0.05727300001308322 0.002000999986194074
0.05727300001308322 0.0
0.057269000011729077 0.001639000023715198
0.057269000011729077 0.0
0.060969000012846664 0.0015869999770075083
0.060969000012846664 1.00000761449337e-06
0.05731000000378117 0.0014549999905284494
0.05731000000378117 0.0
0.05673399998340756 0.0014570000057574362
0.05673399998340756 0.0
0.05193799998960458 0.001340999995591119
0.05193799998960458 0.0
0.05301000000326894 0.0013439999893307686
0.05301000000326894 0.0
0.05264000000897795 0.0013470000121742487
0.05264000000897795 9.999785106629133e-07
0.0545599999895785 0.0014279999886639416
0.0545599999895785 1.00000761449337e-06
0.0523080000129994 0.0015420000127051026
0.0523080000129994 1.00000761449337e-06
0.07307600000058301 0.0018330000166315585
0.07307600000058301 0.0
0.05201200000010431 0.0013190000026952475
0.05201200000010431 0.0
0.05220899998676032 0.0013179999950807542
0.05220899998676032 0.0
0.055967000022064894 0.001383000024361536
0.055967000022064894 1.00000761449337e-06
0.056641000002855435 0.0014359999913722277
0.056641000002855435 0.0
0.0580879999906756 0.0014399999927263707
0.0580879999906756 0.0
0.05641499999910593 0.0014150000060908496
0.05641499999910593 9.999785106629133e-07
0.054401000001234934 0.0013810000091325492
0.054401000001234934 9.999785106629133e-07
0.054235000017797574 0.0013849999813828617
0.054235000017797574 9.999785106629133e-07
0.05408999999053776 0.0013559999933931977
0.05408999999053776 1.00000761449337e-06
0.053634999989299104 0.0013329999928828329
0.053634999989299104 1.00000761449337e-06
0.05190399999264628 0.0013469999830704182
0.05190399999264628 0.0
0.05148400002508424 0.001348999998299405
0.05148400002508424 0.0
0.0493140000035055 0.0012660000065807253
0.0493140000035055 0.0
0.054512000002432615 0.0013620000099763274
0.054512000002432615 0.0
0.0542989999812562 0.0013620000099763274
0.0542989999812562 1.00000761449337e-06
0.054923999996390194 0.0013840000028721988
0.054923999996390194 0.0
0.05308599999989383 0.0013269999762997031
0.05308599999989383 0.0
0.05232700001215562 0.0013880000042263418
0.05232700001215562 0.0
0.054674999992130324 0.0013969999854452908
0.054674999992130324 0.0
0.056699000007938594 0.0014650000084657222
0.056699000007938594 0.0
0.05656499997712672 0.0014250000240281224
0.05656499997712672 0.0
0.05690799999865703 0.0014239999873097986
0.05690799999865703 1.00000761449337e-06
0.061603000009199604 0.001740999985486269
0.061603000009199604 9.999785106629133e-07
0.06435900001088157 0.0018689999997150153
0.06435900001088157 0.0
0.06412600001203828 0.0017880000232253224
0.06412600001203828 1.00000761449337e-06
0.06498900000588037 0.00185500000952743
0.06498900000588037 0.0
0.0650350000069011 0.0019979999924544245
0.0650350000069011 1.00000761449337e-06
0.05899399999179877 0.0015270000149030238
0.05899399999179877 1.00000761449337e-06
0.05989800000679679 0.001580000011017546
0.05989800000679679 9.999785106629133e-07
0.05752600001869723 0.0015060000005178154
0.05752600001869723 0.0
0.05426199999055825 0.0014669999945908785
0.05426199999055825 0.0
0.05952299997443333 0.0018649999983608723
0.05952299997443333 1.00000761449337e-06
0.0594379999965895 0.0017829999851528555
0.0594379999965895 0.0
0.061910999997053295 0.0020490000024437904
0.061910999997053295 9.999785106629133e-07
0.06232799999997951 0.0015660000208299607
0.06232799999997951 0.0
0.06189399998402223 0.0015790000034030527
0.06189399998402223 0.0
0.062274000025354326 0.0015940000012051314
0.062274000025354326 0.0
0.06545999998343177 0.0017389999993611127
0.06545999998343177 1.00000761449337e-06
0.062291999987792224 0.001631000021006912
0.062291999987792224 0.0
0.06267299997853115 0.0015619999903719872
0.06267299997853115 0.0
0.06197700000484474 0.00157200000830926
0.06197700000484474 0.0
0.05927500000689179 0.0015570000105071813
0.05927500000689179 1.00000761449337e-06
0.06064899999182671 0.0015829999756533653
0.06064899999182671 1.00000761449337e-06
0.05686000001151115 0.0014729999820701778
0.05686000001151115 0.0
0.057081000006292015 0.001453999982913956
0.057081000006292015 0.0
0.0557390000030864 0.0015090000233612955
0.0557390000030864 0.0
0.05270699999528006 0.0013749999925494194
0.05270699999528006 0.0
0.053130999993300065 0.0013150000013411045
0.053130999993300065 1.00000761449337e-06
0.052522000012686476 0.0013150000013411045
0.052522000012686476 1.00000761449337e-06
0.052179999998770654 0.0016119999927468598
0.052179999998770654 0.0
0.05183200002647936 0.001381999987643212
0.05183200002647936 1.00000761449337e-06
0.05218499997863546 0.001344999996945262
0.05218499997863546 0.0
0.05261300000711344 0.0013769999786745757
0.05261300000711344 1.00000761449337e-06
0.05780599999707192 0.0020859999931417406
0.05780599999707192 1.00000761449337e-06
0.05431300000054762 0.0013809999800287187
0.05431300000054762 0.0
0.05431100001442246 0.001539000018965453
0.05431100001442246 9.999785106629133e-07
0.054647999990265816 0.0017809999990276992
0.054647999990265816 0.0
0.05750900000566617 0.0018890000064857304
0.05750900000566617 0.0
0.05425000001559965 0.0019709999905899167
0.05425000001559965 1.00000761449337e-06
0.07627999997930601 0.0025880000030156225
0.07627999997930601 0.0
0.05999199999496341 0.002084999985527247
0.05999199999496341 0.0
0.06422100000781938 0.0021859999978914857
0.06422100000781938 1.00000761449337e-06
0.06197900002007373 0.006246000004466623
0.06197900002007373 1.00000761449337e-06
0.06233099999371916 0.001644000003580004
0.06233099999371916 0.0
0.059246999997412786 0.0015120000171009451
0.059246999997412786 1.00000761449337e-06
0.05946100002620369 0.0017430000007152557
0.05946100002620369 0.0
0.05911200001719408 0.004675999982282519
0.05911200001719408 0.0
0.05701499999850057 0.0015159999893512577
0.05701499999850057 0.0
0.05670200000167824 0.0014549999905284494
0.05670200000167824 0.0
0.059034000005340204 0.0015940000012051314
0.059034000005340204 0.0
0.059255999978631735 0.001476000004913658
0.059255999978631735 1.00000761449337e-06
0.060726999974576756 0.001496000011684373
0.060726999974576756 0.0
0.0601639999949839 0.0015229999844450504
0.0601639999949839 0.0
0.06031900001107715 0.0017259999876841903
0.06031900001107715 1.00000761449337e-06
0.05923000001348555 0.001543000020319596
0.05923000001348555 0.0
0.05695399999967776 0.0014780000201426446
0.05695399999967776 1.00000761449337e-06
0.05939300000318326 0.0014950000040698797
0.05939300000318326 9.999785106629133e-07
0.05931000001146458 0.0015349999885074794
0.05931000001146458 0.0
0.061542000010376796 0.0015549999952781945
0.061542000010376796 1.00000761449337e-06
0.06260999999358319 0.0015989999810699373
0.06260999999358319 9.999785106629133e-07
0.061465000006137416 0.0015539999876637012
0.061465000006137416 0.0
0.05741400000988506 0.0014599999994970858
0.05741400000988506 0.0
0.06158999999752268 0.0016340000147465616
0.06158999999752268 9.999785106629133e-07
0.061840000009397045 0.0015410000050906092
0.061840000009397045 1.00000761449337e-06
0.0589320000144653 0.0015100000018719584
0.0589320000144653 0.0
0.0595000000030268 0.0015480000001844019
0.0595000000030268 0.0
0.056723999994574115 0.0014899999951012433
0.056723999994574115 1.00000761449337e-06
0.05938100002822466 0.001508000015746802
0.05938100002822466 1.00000761449337e-06
0.05661800000234507 0.0014530000044032931
0.05661800000234507 9.999785106629133e-07
0.054601000010734424 0.0014809999847784638
0.054601000010734424 0.0
0.05404399998951703 0.0013969999854452908
0.05404399998951703 0.0
0.054875000001629815 0.0013929999840911478
0.054875000001629815 1.00000761449337e-06
0.05532300000777468 0.0014070000033825636
0.05532300000777468 0.0
0.05829400001675822 0.0015450000064447522
0.05829400001675822 0.0
0.05548599999747239 0.0014029999729245901
0.05548599999747239 0.0
0.06098700000438839 0.001572999986819923
0.06098700000438839 0.0
0.05948100000387058 0.0015690000145696104
0.05948100000387058 0.0
0.0603160000173375 0.001619000016944483
0.0603160000173375 1.00000761449337e-06
0.06149799999548122 0.0015609999827574939
0.06149799999548122 0.0
0.05926300000282936 0.0015159999893512577
0.05926300000282936 1.00000761449337e-06
0.0853730000089854 0.0027959999861195683
0.0853730000089854 0.0
0.07896999997319654 0.0020409999997355044
0.07896999997319654 1.00000761449337e-06
0.06094399999710731 0.001541999983601272
0.06094399999710731 9.999785106629133e-07
0.05757999999332242 0.0014570000057574362
0.05757999999332242 1.00000761449337e-06
0.05446799998753704 0.0014260000025387853
0.05446799998753704 1.00000761449337e-06
0.05685399999492802 0.001480000006267801
0.05685399999492802 1.00000761449337e-06
0.05886600000667386 0.001644000003580004
0.05886600000667386 1.00000761449337e-06
0.05600800001411699 0.0013749999925494194
0.05600800001411699 9.999785106629133e-07
0.05901999998604879 0.004247000004397705
0.05901999998604879 1.00000761449337e-06
0.05651900000520982 0.0016639999812468886
0.05651900000520982 0.0
0.0582740000099875 0.0018789999885484576
0.0582740000099875 9.999785106629133e-07
0.057132999994792044 0.0016680000117048621
0.057132999994792044 0.0
0.0576510000100825 0.0017769999976735562
0.0576510000100825 1.00000761449337e-06
0.05439400000614114 0.001887999998871237
0.05439400000614114 0.0
0.05675399999017827 0.001752999989548698
0.05675399999017827 0.0
0.05688899999950081 0.0015439999988302588
0.05688899999950081 9.999785106629133e-07
0.05411299999104813 0.0016860000032465905
0.05411299999104813 9.999785106629133e-07
0.05433799998718314 0.0013669999898411334
0.05433799998718314 1.00000761449337e-06
0.05207099998369813 0.001623000018298626
0.05207099998369813 0.0
0.051737000001594424 0.0014620000147260725
0.051737000001594424 0.0
0.052811000001383945 0.0013949999993201345
0.052811000001383945 0.0
0.05202400000416674 0.001336999994236976
0.05202400000416674 0.0
0.052632000006269664 0.001336000015726313
0.052632000006269664 1.00000761449337e-06
0.051925000007031485 0.001361000002361834
0.051925000007031485 0.0
0.05220999999437481 0.0015380000113509595
0.05220999999437481 0.0
0.04940899999928661 0.0012740000092890114
0.04940899999928661 1.00000761449337e-06
0.04981699999189004 0.0012470000074245036
0.04981699999189004 0.0
0.049593000003369525 0.001301999989664182
0.049593000003369525 0.0
0.05235099999117665 0.0013349999790079892
0.05235099999117665 1.00000761449337e-06
0.05211400002008304 0.0013770000077784061
0.05211400002008304 0.0
0.05214200000045821 0.0013039999757893384
0.05214200000045821 0.0
0.05263500000000931 0.0013550000148825347
0.05263500000000931 0.0
0.049553000018931925 0.0013170000165700912
0.049553000018931925 0.0
0.04708499999833293 0.0012409999908413738
0.04708499999833293 9.999785106629133e-07
0.046971999981906265 0.001213000010466203
0.046971999981906265 0.0
0.046666999987792224 0.0012510000087786466
0.046666999987792224 0.0
0.05003800001577474 0.0013190000026952475
0.05003800001577474 1.00000761449337e-06
0.04972000000998378 0.001273999980185181
0.04972000000998378 0.0
0.04929200001060963 0.0013060000201221555
0.04929200001060963 1.00000761449337e-06
0.04937399999471381 0.0012969999806955457
0.04937399999471381 0.0
0.05036000002291985 0.0013050000125076622
0.05036000002291985 0.0
0.04972300000372343 0.0012660000065807253
0.04972300000372343 0.0
0.050137000012909994 0.0012489999935496598
0.050137000012909994 0.0
0.052687999996123835 0.0013709999911952764
0.052687999996123835 0.0
0.05321600000024773 0.0019330000213813037
0.05321600000024773 0.0
0.05200900000636466 0.0016069999837782234
0.05200900000636466 1.00000761449337e-06
0.05214699998032302 0.0013640000252053142
0.05214699998032302 0.0
0.05235199999879114 0.0013500000059138983
0.05235199999879114 9.999785106629133e-07
0.04929699999047443 0.0014519999967887998
0.04929699999047443 1.00000761449337e-06
0.05193600000347942 0.0014490000030491501
0.05193600000347942 0.0
0.0517919999838341 0.0013270000054035336
0.0517919999838341 1.00000761449337e-06
0.05272399997920729 0.0014270000101532787
0.05272399997920729 1.00000761449337e-06
0.054730999981984496 0.0016670000040903687
0.054730999981984496 1.00000761449337e-06
0.059169999993173406 0.0017020000086631626
0.059169999993173406 0.0
0.06457099999533966 0.0016539999924134463
0.06457099999533966 1.00000761449337e-06
0.06523900001775473 0.0016849999956320971
0.06523900001775473 1.00000761449337e-06
0.06671399998595007 0.0016590000013820827
0.06671399998595007 0.0
0.06753200001548976 0.00172899998142384
0.06753200001548976 9.999785106629133e-07
0.07360199998947792 0.0019600000232458115
0.07360199998947792 0.0
0.07193900001584552 0.0017560000123921782
0.07193900001584552 0.0
0.06917600001906976 0.0017299999890383333
0.06917600001906976 0.0
0.06984799998463131 0.0019059999904129654
0.06984799998463131 0.0
0.06950699997832999 0.001724000001559034
0.06950699997832999 0.0
0.07002300000749528 0.0017970000044442713
0.07002300000749528 0.0
0.07150499999988824 0.0018990000244230032
0.07150499999988824 0.0
0.06314600000041537 0.00156899998546578
0.06314600000041537 1.00000761449337e-06
0.06066699998336844 0.0016260000120382756
0.06066699998336844 0.0
0.05668499998864718 0.0014669999945908785
0.05668499998864718 1.00000761449337e-06
0.059391000017058104 0.0015309999871533364
0.059391000017058104 0.0
0.059513999993214384 0.0015140000032261014
0.059513999993214384 0.0
0.05924000000231899 0.0015480000001844019
0.05924000000231899 0.0
0.0569019999820739 0.0014739999896846712
0.0569019999820739 0.0
0.059329999989131466 0.0015199999907054007
0.059329999989131466 1.00000761449337e-06
0.05987599998479709 0.0015380000113509595
0.05987599998479709 9.999785106629133e-07
0.05949099999270402 0.0015060000005178154
0.05949099999270402 1.00000761449337e-06
0.062394000007770956 0.0015629999979864806
0.062394000007770956 1.00000761449337e-06
0.06232100000488572 0.0016330000071320683
0.06232100000488572 0.0
0.062464999995427206 0.0015910000074654818
0.062464999995427206 0.0
0.05935799999861047 0.0015399999974761158
0.05935799999861047 0.0
0.05944199999794364 0.0015819999971427023
0.05944199999794364 0.0
0.06442999999853782 0.0016780000005383044
0.06442999999853782 0.0
0.06691500000306405 0.0016980000073090196
0.06691500000306405 0.0
0.06686200000694953 0.0016799999866634607
0.06686200000694953 1.00000761449337e-06
0.062476999999489635 0.0016109999851323664
0.062476999999489635 9.999785106629133e-07
0.06351499998709187 0.0016210000030696392
0.06351499998709187 0.0
0.061631000018678606 0.0017290000105276704
0.061631000018678606 0.0
0.06962100000237115 0.002043999993475154
0.06962100000237115 9.999785106629133e-07
0.0692830000189133 0.0017899999802466482
0.0692830000189133 0.0
0.06430599998566322 0.0017050000024028122
0.06430599998566322 0.0
0.06253499997546896 0.0016020000039134175
0.06253499997546896 9.999785106629133e-07
0.062154000013833866 0.0016119999927468598
0.062154000013833866 1.00000761449337e-06
0.059603999980026856 0.001524999999674037
0.059603999980026856 1.00000761449337e-06
0.060874000017065555 0.001547000021673739
0.060874000017065555 0.0
0.05941700001130812 0.0015639999764971435
0.05941700001130812 1.00000761449337e-06
0.05941799998981878 0.001568000006955117
0.05941799998981878 1.00000761449337e-06
0.054671999998390675 0.0014649999793618917
0.054671999998390675 1.00000761449337e-06
0.05491999999503605 0.001461999985622242
0.05491999999503605 0.0
0.05247500000405125 0.0013880000042263418
0.05247500000405125 1.00000761449337e-06
0.05243499999050982 0.0013869999966118485
0.05243499999050982 0.0
0.06687499998952262 0.0020129999902565032
0.06687499998952262 0.0
0.05474500000127591 0.001420000015059486
0.05474500000127591 0.0
0.05678300000727177 0.0015199999907054007
0.05678300000727177 0.0
0.05699100001947954 0.001524999999674037
0.05699100001947954 1.00000761449337e-06
0.059892999997828156 0.0016630000027362257
0.059892999997828156 1.00000761449337e-06
0.05996199999935925 0.0015180000045802444
0.05996199999935925 0.0
0.062085999990813434 0.0016790000081527978
0.062085999990813434 0.0
0.06209399999352172 0.0015990000101737678
0.06209399999352172 0.0
0.08108799997717142 0.0021390000183600932
0.08108799997717142 0.0
0.06257199999527074 0.001601999974809587
0.06257199999527074 1.00000761449337e-06
0.06459300001733936 0.001744999986840412
0.06459300001733936 0.0
0.05922299998928793 0.0018409999902360141
0.05922299998928793 0.0
0.05951300001470372 0.0017250000091735274
0.05951300001470372 0.0
0.05403700002352707 0.0016969999996945262
0.05403700002352707 1.00000761449337e-06
0.054391999990912154 0.0016680000117048621
0.054391999990912154 0.0
0.05178499998874031 0.0012910000223200768
0.05178499998874031 9.999785106629133e-07
0.05279600000358187 0.001352000021142885
0.05279600000358187 0.0
0.05183800001395866 0.0020429999858606607
0.05183800001395866 0.0
0.05248299997765571 0.0013310000067576766
0.05248299997765571 9.999785106629133e-07
0.04969800001708791 0.0014239999873097986
0.04969800001708791 0.0
0.047236000013072044 0.0012300000234972686
0.047236000013072044 1.00000761449337e-06
0.04794799999217503 0.0012620000052265823
0.04794799999217503 0.0
0.04697300001862459 0.0012109999952372164
0.04697300001862459 0.0
0.04671199998119846 0.001256000017747283
0.04671199998119846 1.00000761449337e-06
0.048632999998517334 0.00120599998626858
0.048632999998517334 9.999785106629133e-07
0.048666999995475635 0.001217999990331009
0.048666999995475635 9.999785106629133e-07
0.04959199999575503 0.0013749999925494194
0.04959199999575503 1.00000761449337e-06
0.06116199999814853 0.001980999979423359
0.06116199999814853 0.0
0.05412000001524575 0.001383000024361536
0.05412000001524575 1.00000761449337e-06
0.05951599997933954 0.0014779999910388142
0.05951599997933954 1.00000761449337e-06
0.05655700000352226 0.0016130000003613532
0.05655700000352226 0.0
0.05962399998679757 0.0016510000277776271
0.05962399998679757 0.0
0.059527000004891306 0.0015189999830909073
0.059527000004891306 0.0
0.05772899999283254 0.0014490000030491501
0.05772899999283254 9.999785106629133e-07
0.059123999992152676 0.0017459999944549054
0.059123999992152676 0.0
0.05470799998147413 0.0013789999939035624
0.05470799998147413 0.0
0.05678099999204278 0.001428999996278435
0.05678099999204278 9.999785106629133e-07
0.054379999986849725 0.0013760000001639128
0.054379999986849725 0.0
0.05434800000512041 0.0013920000055804849
0.05434800000512041 9.999785106629133e-07
0.05233200002112426 0.001340999995591119
0.05233200002112426 1.00000761449337e-06
0.0516559999960009 0.0013880000042263418
0.0516559999960009 0.0
0.055758000002242625 0.0014370000280905515
0.055758000002242625 0.0
0.049306999979307875 0.0012719999940600246
0.049306999979307875 0.0
0.04493399997591041 0.0012590000114869326
0.04493399997591041 9.999785106629133e-07
0.04683599999407306 0.001201000006403774
0.04683599999407306 0.0
0.04693400001269765 0.00120599998626858
0.04693400001269765 1.00000761449337e-06
0.04737600000225939 0.001264999998966232
0.04737600000225939 0.0
0.04699499998241663 0.00120599998626858
0.04699499998241663 0.0
0.04450000001816079 0.001150999974925071
0.04450000001816079 0.0
0.044836999994004145 0.0012620000052265823
0.044836999994004145 0.0
0.04443900001933798 0.001176000019768253
0.04443900001933798 0.0
0.04451800000970252 0.0011590000067371875
0.04451800000970252 1.00000761449337e-06
0.04451800000970252 0.0011700000031851232
0.04451800000970252 0.0
0.04683800000930205 0.0012069999938830733
0.04683800000930205 1.00000761449337e-06
0.04957600001944229 0.001305999991018325
0.04957600001944229 9.999785106629133e-07
0.04989999998360872 0.0013069999986328185
0.04989999998360872 0.0
0.0568570000177715 0.0014170000213198364
0.0568570000177715 1.00000761449337e-06
0.05130400002235547 0.001369999983580783
0.05130400002235547 1.00000761449337e-06
0.05116100001032464 0.001328000013018027
0.05116100001032464 9.999785106629133e-07
0.04969899999559857 0.001336999994236976
0.04969899999559857 0.0
0.04970299999695271 0.0012679999927058816
0.04970299999695271 9.999785106629133e-07
0.04696800000965595 0.0012749999877996743
0.04696800000965595 0.0
0.04710600001271814 0.0013639999961014837
0.04710600001271814 0.0
0.046666999987792224 0.0012750000169035047
0.046666999987792224 9.999785106629133e-07
0.04924399999435991 0.0012359999818727374
0.04924399999435991 0.0
0.04957699999795295 0.0013230000040493906
0.04957699999795295 1.00000761449337e-06
0.050760000012815 0.0013129999861121178
0.050760000012815 0.0
0.04706799998530187 0.0012140000180806965
0.04706799998530187 1.00000761449337e-06
0.0483150000218302 0.0012790000182576478
0.0483150000218302 0.0
0.044565999996848404 0.0012189999979455024
0.044565999996848404 0.0
0.045205999980680645 0.0012839999981224537
0.045205999980680645 0.0
0.045857999997679144 0.0013669999898411334
0.045857999997679144 9.999785106629133e-07
0.046556999994209036 0.001168000017059967
0.046556999994209036 0.0
0.04965400000219233 0.0012669999850913882
0.04965400000219233 1.00000761449337e-06
0.05176899998332374 0.0013270000054035336
0.05176899998332374 0.0
0.052171000017551705 0.001352000021142885
0.052171000017551705 1.00000761449337e-06
0.056868999992730096 0.0014429999864660203
0.056868999992730096 1.00000761449337e-06
0.06014000001596287 0.001541999983601272
0.06014000001596287 0.0
0.05934000000706874 0.0015359999961219728
0.05934000000706874 0.0
0.05707599999732338 0.0014470000169239938
0.05707599999732338 1.00000761449337e-06
0.05672500000218861 0.0014460000093095005
0.05672500000218861 0.0
0.05665799998678267 0.0014559999981429428
0.05665799998678267 1.00000761449337e-06
0.05779300001449883 0.0014870000013615936
0.05779300001449883 0.0
0.056872000015573576 0.0014959999825805426
0.056872000015573576 0.0
0.052438999991863966 0.001340999995591119
0.052438999991863966 0.0
0.05201600000145845 0.001328000013018027
0.05201600000145845 1.00000761449337e-06
0.0518210000009276 0.0013430000108201057
0.0518210000009276 1.00000761449337e-06
0.05194400000618771 0.0013259999977890402
0.05194400000618771 0.0
0.051565000001573935 0.001328000013018027
0.051565000001573935 0.0
0.052062999980989844 0.001365000003715977
0.052062999980989844 1.00000761449337e-06
0.054545999999390915 0.0014149999769870192
0.054545999999390915 0.0
0.05933099999674596 0.0015309999871533364
0.05933099999674596 1.00000761449337e-06
0.0594769999734126 0.0015790000034030527
0.0594769999734126 0.0
0.061359999992419034 0.0016619999951217324
0.061359999992419034 1.00000761449337e-06
0.06691599998157471 0.001879999996162951
0.06691599998157471 9.999785106629133e-07
0.06150399998296052 0.0015669999993406236
0.06150399998296052 1.00000761449337e-06
0.06318399999872781 0.0015780000248923898
0.06318399999872781 0.0
0.061852000013459474 0.0015699999930802733
0.061852000013459474 0.0
0.061439999990398064 0.001623000018298626
0.061439999990398064 0.0
0.062455000006593764 0.0016250000044237822
0.062455000006593764 9.999785106629133e-07
0.06401600001845509 0.0018700000073295087
0.06401600001845509 0.0
0.05441900002188049 0.0015579999890178442
0.05441900002188049 9.999785106629133e-07
0.0571289999934379 0.001791000016964972
0.0571289999934379 0.0
0.059320999978808686 0.001999000000068918
0.059320999978808686 0.0
0.06055600001127459 0.0018689999997150153
0.06055600001127459 0.0
0.06307900001411326 0.0015599999751430005
0.06307900001411326 0.0
0.059206999983871356 0.0018339999951422215
0.059206999983871356 9.999785106629133e-07
0.051684999983990565 0.0013580000086221844
0.051684999983990565 1.00000761449337e-06
0.05307700001867488 0.001647000026423484
0.05307700001867488 0.0
0.05211200000485405 0.001383000024361536
0.05211200000485405 0.0
0.051900000020395964 0.001547000021673739
0.051900000020395964 9.999785106629133e-07
0.049590000009629875 0.0014259999734349549
0.049590000009629875 0.0
0.046827000012854114 0.0012270000006537884
0.046827000012854114 1.00000761449337e-06
0.044904999987920746 0.0014649999793618917
0.044904999987920746 1.00000761449337e-06
0.04829700000118464 0.0012519999872893095
0.04829700000118464 9.999785106629133e-07
0.045054999995045364 0.0011550000053830445
0.045054999995045364 0.0
0.04458899999735877 0.0013010000111535192
0.04458899999735877 0.0
0.044477000017650425 0.001180999999633059
0.044477000017650425 9.999785106629133e-07
0.045117000001482666 0.0011579999991226941
0.045117000001482666 0.0
0.0443680000025779 0.0011190000222995877
0.0443680000025779 1.00000761449337e-06
0.04513899999437854 0.0011879999947268516
0.04513899999437854 9.999785106629133e-07
0.04317200000514276 0.001133999990997836
0.04317200000514276 0.0
0.04232800001045689 0.0011280000035185367
0.04232800001045689 1.00000761449337e-06
0.042473999987123534 0.0010849999962374568
0.042473999987123534 1.00000761449337e-06
0.04804099997272715 0.0012370000185910612
0.04804099997272715 0.0
0.04919399999198504 0.0012740000092890114
0.04919399999198504 0.0
0.05280400000629015 0.0014340000052470714
0.05280400000629015 1.00000761449337e-06
0.04923399997642264 0.0012590000114869326
0.04923399997642264 1.00000761449337e-06
0.052017000009072945 0.0013299999991431832
0.052017000009072945 1.00000761449337e-06
0.05270199998631142 0.0013550000148825347
0.05270199998631142 0.0
0.05361499998252839 0.0014629999932367355
0.05361499998252839 9.999785106629133e-07
0.0521149999985937 0.0015019999991636723
0.0521149999985937 0.0
0.05193899999721907 0.0015480000001844019
0.05193899999721907 1.00000761449337e-06
0.052216999989468604 0.001516999996965751
0.052216999989468604 0.0
0.05250399999204092 0.00161500001559034
0.05250399999204092 1.00000761449337e-06
0.04970899998443201 0.001229999994393438
0.04970899998443201 1.00000761449337e-06
0.05228400000487454 0.0017470000020693988
0.05228400000487454 1.00000761449337e-06
0.04996000000392087 0.0016070000128820539
0.04996000000392087 0.0
0.0496770000027027 0.0015610000118613243
0.0496770000027027 0.0
0.05163999999058433 0.0014939999964553863
0.05163999999058433 1.00000761449337e-06
0.04962000000523403 0.0015019999991636723
0.04962000000523403 1.00000761449337e-06
0.05032399998162873 0.0015690000145696104
0.05032399998162873 0.0
0.05207100001280196 0.0017050000024028122
0.05207100001280196 0.0
0.05190700001548976 0.0016089999990072101
0.05190700001548976 1.00000761449337e-06
0.04721900000004098 0.0014359999913722277
0.04721900000004098 1.00000761449337e-06
0.05295499999192543 0.002007000002777204
0.05295499999192543 0.0
0.05312399999820627 0.0015079999866429716
0.05312399999820627 0.0
0.05232099999557249 0.0013869999966118485
0.05232099999557249 0.0
0.051804999995511025 0.0013909999979659915
0.051804999995511025 0.0
0.04912899999180809 0.0012879999994765967
0.04912899999180809 0.0
0.0492460000095889 0.0012759999954141676
0.0492460000095889 1.00000761449337e-06
0.05017899998347275 0.0012960000021848828
0.05017899998347275 9.999785106629133e-07
0.05044599997927435 0.0013669999898411334
0.05044599997927435 0.0
0.04997500000172295 0.0015940000012051314
0.04997500000172295 1.00000761449337e-06
0.047094999987166375 0.0012200000055599958
0.047094999987166375 1.00000761449337e-06
0.04775800000061281 0.0013899999903514981
0.04775800000061281 1.00000761449337e-06
0.04708699998445809 0.0014010000159032643
0.04708699998445809 1.00000761449337e-06
0.06819499999983236 0.0018949999939650297
0.06819499999983236 0.0
0.04953000001842156 0.0012740000092890114
0.04953000001842156 9.999785106629133e-07
0.049924999999348074 0.0013150000013411045
0.049924999999348074 1.00000761449337e-06
0.05206200000247918 0.0014659999869763851
0.05206200000247918 0.0
0.0520130000077188 0.0013760000001639128
0.0520130000077188 0.0
0.05183399998350069 0.0013810000091325492
0.05183399998350069 0.0
0.05168000000412576 0.0013390000094659626
0.05168000000412576 0.0
0.07303300002240576 0.0018239999772049487
0.07303300002240576 0.0
0.05208299998776056 0.0013209999888204038
0.05208299998776056 0.0
0.04952299999422394 0.0012870000209659338
0.04952299999422394 0.0
0.04936400000588037 0.0013010000111535192
0.04936400000588037 1.00000761449337e-06
0.04970799997681752 0.001336000015726313
0.04970799997681752 0.0
0.0472099999897182 0.0014530000044032931
0.0472099999897182 0.0
0.047083000012207776 0.0012370000185910612
0.047083000012207776 0.0
0.04778300001635216 0.0012700000079348683
0.04778300001635216 0.0
0.046931000018958 0.001269000000320375
0.046931000018958 1.00000761449337e-06
0.04457599998568185 0.001133000012487173
0.04457599998568185 9.999785106629133e-07
0.04472999999416061 0.0011449999874457717
0.04472999999416061 9.999785106629133e-07
0.04495899999164976 0.0011769999982789159
0.04495899999164976 9.999785106629133e-07
0.044785000005504116 0.0013589999871328473
0.044785000005504116 0.0
0.04460799999651499 0.0011349999986123294
0.04460799999651499 0.0
0.04537900001741946 0.0012399999832268804
0.04537900001741946 0.0
0.046851999999489635 0.0013099999923724681
0.046851999999489635 0.0
0.04727500001899898 0.0012020000140182674
0.04727500001899898 1.00000761449337e-06
0.04667800001334399 0.0012589999823831022
0.04667800001334399 0.0
0.04769899998791516 0.001256000017747283
0.04769899998791516 0.0
0.04726799999480136 0.0012639999913517386
0.04726799999480136 1.00000761449337e-06
0.04858199998852797 0.0012339999957475811
0.04858199998852797 1.00000761449337e-06
0.04461400001309812 0.0011869999871123582
0.04461400001309812 0.0
0.0443340000056196 0.0011340000201016665
0.0443340000056196 0.0
0.041984999988926575 0.0010879999899771065
0.041984999988926575 1.00000761449337e-06
0.04222900001332164 0.0011360000062268227
0.04222900001332164 1.00000761449337e-06
0.04195199999958277 0.0010720000136643648
0.04195199999958277 0.0
0.04172899998957291 0.0010809999948833138
0.04172899998957291 0.0
0.04348500000196509 0.001154999976279214
0.04348500000196509 0.0
0.04327299998840317 0.0016739999991841614
0.04327299998840317 0.0
0.048562000010861084 0.0012940000160597265
0.048562000010861084 1.00000761449337e-06
0.049307000008411705 0.0013469999830704182
0.049307000008411705 1.00000761449337e-06
0.04367899999488145 0.001209999987622723
0.04367899999488145 1.00000761449337e-06
0.044221999996807426 0.001193000003695488
0.044221999996807426 0.0
0.042923000000882894 0.0011639999866019934
0.042923000000882894 0.0
0.04708200000459328 0.001580000011017546
0.04708200000459328 1.00000761449337e-06
0.04763399998773821 0.001117000007070601
0.04763399998773821 0.0
0.05101500000455417 0.001101000001654029
0.05101500000455417 0.0
0.048153000010643154 0.001381999987643212
0.048153000010643154 1.00000761449337e-06
0.06646199998795055 0.0015669999993406236
0.06646199998795055 1.00000761449337e-06
0.048934999998891726 0.001385999988997355
0.048934999998891726 9.999785106629133e-07
0.058804000000236556 0.0015309999871533364
0.058804000000236556 9.999785106629133e-07
0.05751899999449961 0.0015330000023823231
0.05751899999449961 0.0
0.0556429999996908 0.0014019999944139272
0.0556429999996908 0.0
0.05986700000357814 0.0016149999864865094
0.05986700000357814 0.0
0.06021699999109842 0.001500999991549179
0.06021699999109842 1.00000761449337e-06
0.054647999990265816 0.0015589999966323376
0.054647999990265816 1.00000761449337e-06
0.05327000000397675 0.0011700000031851232
0.05327000000397675 1.00000761449337e-06
0.04701899999054149 0.0012359999818727374
0.04701899999054149 0.0
0.05573100000037812 0.0014569999766536057
0.05573100000037812 0.0
0.0461549999890849 0.0017789999837987125
0.0461549999890849 1.00000761449337e-06
0.04389299999456853 0.0012390000047162175
0.04389299999456853 1.00000761449337e-06
0.043960000009974465 0.0011610000219661742
0.043960000009974465 0.0
0.049174999992828816 0.0012240000069141388
0.049174999992828816 1.00000761449337e-06
0.049861000006785616 0.001100000023143366
0.049861000006785616 0.0
0.040905000001657754 0.001213000010466203
0.040905000001657754 9.999785106629133e-07
0.042195999994874 0.001352999999653548
0.042195999994874 9.999785106629133e-07
0.04149799997685477 0.001217999990331009
0.04149799997685477 1.00000761449337e-06
0.04205099999671802 0.0011470000026747584
0.04205099999671802 1.00000761449337e-06
0.04055900001549162 0.0011319999757688493
0.04055900001549162 0.0
0.041652999992948025 0.001121999986935407
0.041652999992948025 0.0
0.04300500001409091 0.0012660000065807253
0.04300500001409091 0.0
0.05350399998133071 0.0012599999899975955
0.05350399998133071 1.00000761449337e-06
0.04347899998538196 0.0011260000173933804
0.04347899998538196 0.0
0.04961699998239055 0.0014519999967887998
0.04961699998239055 0.0
0.047940999997081235 0.001264999998966232
0.047940999997081235 1.00000761449337e-06
0.0543560000078287 0.0016509999986737967
0.0543560000078287 0.0
0.05459699998027645 0.0014390000142157078
0.05459699998027645 9.999785106629133e-07
0.05466400002478622 0.001424999994924292
0.05466400002478622 0.0
0.052165000000968575 0.0013309999776538461
0.052165000000968575 1.00000761449337e-06
0.05305200000293553 0.001328000013018027
0.05305200000293553 0.0
0.05466999998316169 0.0013990000006742775
0.05466999998316169 1.00000761449337e-06
0.05408400000305846 0.0013820000167470425
0.05408400000305846 1.00000761449337e-06
0.054352000006474555 0.0013979999930597842
0.054352000006474555 0.0
0.05451599997468293 0.001400000008288771
0.05451599997468293 0.0
0.05441000001155771 0.0014400000218302011
0.05441000001155771 0.0
0.05443399999057874 0.0013899999903514981
0.05443399999057874 0.0
0.054404000024078414 0.0014050000172574073
0.054404000024078414 0.0
0.044141999998828396 0.0015359999961219728
0.044141999998828396 0.0
0.045357000024523586 0.0011520000116433948
0.045357000024523586 0.0
0.04510600000503473 0.0012709999864455312
0.04510600000503473 1.00000761449337e-06
0.04869300001882948 0.0013159999798517674
0.04869300001882948 0.0
0.05384300000150688 0.0016049999976530671
0.05384300000150688 1.00000761449337e-06
0.04945399999269284 0.0012679999927058816
0.04945399999269284 0.0
0.05734199998551048 0.0012540000025182962
0.05734199998551048 1.00000761449337e-06
0.059444000013172626 0.0016780000005383044
0.059444000013172626 0.0
0.050952999998116866 0.00149200001033023
0.050952999998116866 1.00000761449337e-06
0.050807999999960884 0.0016940000059548765
0.050807999999960884 0.0
0.05307699998957105 0.0011200000008102506
0.05307699998957105 1.00000761449337e-06
0.04155500000342727 0.001137000013841316
0.04155500000342727 0.0
0.053309000009903684 0.0011900000099558383
0.053309000009903684 1.00000761449337e-06
0.05097900002147071 0.0012580000038724393
0.05097900002147071 0.0
0.043689000012818724 0.0012479999859351665
0.043689000012818724 0.0
0.04343299998436123 0.0012350000033620745
0.04343299998436123 0.0
0.054954999999608845 0.001348999998299405
0.054954999999608845 1.00000761449337e-06
0.05440500000258908 0.0013500000059138983
0.05440500000258908 1.00000761449337e-06
0.05581900000106543 0.0012830000196117908
0.05581900000106543 0.0
0.05437300002085976 0.0012710000155493617
0.05437300002085976 0.0
0.05446499999379739 0.0012240000069141388
0.05446499999379739 1.00000761449337e-06
0.051982999983010814 0.0013470000121742487
0.051982999983010814 1.00000761449337e-06
0.05206100002396852 0.0013279999839141965
0.05206100002396852 0.0
0.0557109999936074 0.0013279999839141965
0.0557109999936074 0.0
0.06955200000084005 0.0018149999959859997
0.06955200000084005 1.00000761449337e-06
0.04750799998873845 0.0012329999881330878
0.04750799998873845 0.0
0.05450800000107847 0.0015079999866429716
0.05450800000107847 9.999785106629133e-07
0.055126999999629334 0.0014139999984763563
0.055126999999629334 0.0
0.05231199998524971 0.0013780000153928995
0.05231199998524971 0.0
0.051881999999750406 0.0013209999888204038
0.051881999999750406 1.00000761449337e-06
0.05271499999798834 0.0013139999937266111
0.05271499999798834 0.0
0.051967999985208735 0.0013380000018514693
0.051967999985208735 0.0
0.05198699998436496 0.0013289999915286899
0.05198699998436496 1.00000761449337e-06
0.05219200000283308 0.0013949999993201345
0.05219200000283308 0.0
0.05165799998212606 0.0013330000219866633
0.05165799998212606 0.0
0.05205900000873953 0.0013599999947473407
0.05205900000873953 1.00000761449337e-06
0.05238400000962429 0.0013270000054035336
0.05238400000962429 0.0
0.05206700001144782 0.0014549999905284494
0.05206700001144782 1.00000761449337e-06
0.05172899999888614 0.0013259999977890402
0.05172899999888614 9.999785106629133e-07
0.05197899998165667 0.0013050000125076622
0.05197899998165667 0.0
0.05272000000695698 0.001336000015726313
0.05272000000695698 0.0
0.04683899998781271 0.0012160000042058527
0.04683899998781271 0.0
0.046861000009812415 0.0012940000160597265
0.046861000009812415 9.999785106629133e-07
0.04429099999833852 0.0011999999987892807
0.04429099999833852 0.0
0.04200099999434315 0.0010900000052060932
0.04200099999434315 0.0
0.041347999998833984 0.0011369999847374856
0.041347999998833984 0.0
0.03966900001978502 0.0010209999745711684
0.03966900001978502 1.00000761449337e-06
0.04076299999724142 0.001069999998435378
0.04076299999724142 0.0
0.03956000000471249 0.0010299999848939478
0.03956000000471249 0.0
0.03995700000086799 0.001117999985581264
0.03995700000086799 0.0
0.03726399998413399 0.0009769999887794256
0.03726399998413399 0.0
0.03535900000133552 0.0009769999887794256
0.03535900000133552 9.999785106629133e-07
0.03459199998178519 0.0009169999975711107
0.03459199998178519 0.0
0.032187000004341826 0.0008640000014565885
0.032187000004341826 1.00000761449337e-06
0.029599999979836866 0.0008139999990817159
0.029599999979836866 0.0
0.03015499998582527 0.0008420000085607171
0.03015499998582527 0.0
0.030437000008532777 0.0008700000180397183
0.030437000008532777 0.0
0.029540999996243045 0.0008039999811444432
0.029540999996243045 1.00000761449337e-06
0.029457999975420535 0.0008040000102482736
0.029457999975420535 1.00000761449337e-06
0.02959499999997206 0.0007999999797903001
0.02959499999997206 1.00000761449337e-06
0.029547999991336837 0.0008129999914672226
0.029547999991336837 0.0
0.029678999999305233 0.0008129999914672226
0.029678999999305233 0.0
0.029775000002700835 0.0008030000026337802
0.029775000002700835 0.0
0.03259199997410178 0.0009199999913107604
0.03259199997410178 0.0
0.03329900000244379 0.0008859999943524599
0.03329900000244379 0.0
0.03217600000789389 0.0008640000014565885
0.03217600000789389 0.0
0.03229699999792501 0.0008609999786131084
0.03229699999792501 1.00000761449337e-06
0.03206200001295656 0.0008689999813213944
0.03206200001295656 1.00000761449337e-06
0.03200599999399856 0.0008610000077169389
0.03200599999399856 0.0
0.032233000005362555 0.0008629999938420951
0.032233000005362555 0.0
0.03225600000587292 0.000881000014487654
0.03225600000587292 9.999785106629133e-07
0.032356000010622665 0.0008650000090710819
0.032356000010622665 1.00000761449337e-06
0.03264699998544529 0.0009279999940190464
0.03264699998544529 0.0
0.03210200002649799 0.000897999998414889
0.03210200002649799 0.0
0.03300699999090284 0.0008860000234562904
0.03300699999090284 0.0
0.032032999995863065 0.0008720000041648746
0.032032999995863065 0.0
0.03198900001007132 0.0008559999987483025
0.03198900001007132 0.0
0.03189199999906123 0.0008609999786131084
0.03189199999906123 0.0
0.03461500001139939 0.0009370000043418258
0.03461500001139939 0.0
0.03449200000613928 0.0009379999828524888
0.03449200000613928 0.0
0.03456999998888932 0.000910000002477318
0.03456999998888932 0.0
0.03726800001459196 0.0009730000165291131
0.03726800001459196 0.0
0.037096999993082136 0.0009760000102687627
0.037096999993082136 0.0
0.037303000019164756 0.000998999981675297
0.037303000019164756 1.00000761449337e-06
0.038040999992517754 0.0010590000019874424
0.038040999992517754 1.00000761449337e-06
0.0431490000046324 0.0011470000026747584
0.0431490000046324 0.0
0.047556000004988164 0.0013039999757893384
0.047556000004988164 0.0
0.059810000006109476 0.0013970000145491213
0.059810000006109476 1.00000761449337e-06
0.035891000006813556 0.0009760000102687627
0.035891000006813556 1.00000761449337e-06
0.04361800002516247 0.0010110000148415565
0.04361800002516247 0.0
0.03533600000082515 0.0009629999985918403
0.03533600000082515 1.00000761449337e-06
0.046159999998053536 0.0014039999805390835
0.046159999998053536 1.00000761449337e-06
0.03666700000758283 0.0010199999960605055
0.03666700000758283 0.0
0.04469900002004579 0.001348999998299405
0.04469900002004579 0.0
0.04270399999222718 0.0009499999869149178
0.04270399999222718 0.0
0.042619000014383346 0.0009499999869149178
0.042619000014383346 0.0
0.03304000000935048 0.000982999976258725
0.03304000000935048 1.00000761449337e-06
0.03319500002544373 0.0009040000149980187
0.03319500002544373 1.00000761449337e-06
0.03324600000632927 0.0009769999887794256
0.03324600000632927 9.999785106629133e-07
0.03482400000211783 0.000957000011112541
0.03482400000211783 0.0
0.03725199998007156 0.0009399999980814755
0.03725199998007156 9.999785106629133e-07
0.03249699997832067 0.0008969999908003956
0.03249699997832067 0.0
0.03470799999195151 0.0011360000062268227
0.03470799999195151 0.0
0.03298099999665283 0.0009729999874252826
0.03298099999665283 9.999785106629133e-07
0.03299499998684041 0.000982999976258725
0.03299499998684041 0.0
0.03354800000670366 0.0010289999772794545
0.03354800000670366 9.999785106629133e-07
0.03692600000067614 0.0009669999999459833
0.03692600000067614 0.0
0.03262499999254942 0.0010550000006332994
0.03262499999254942 0.0
0.03350399999180809 0.0010820000024978071
0.03350399999180809 1.00000761449337e-06
0.03418199997395277 0.0009620000200811774
0.03418199997395277 1.00000761449337e-06
0.0366210000065621 0.0012780000106431544
0.0366210000065621 0.0
0.03421500002150424 0.0009620000200811774
0.03421500002150424 1.00000761449337e-06
0.033648000011453405 0.0011820000072475523
0.033648000011453405 0.0
0.03508100000908598 0.0009530000097583979
0.03508100000908598 1.00000761449337e-06
0.03795700002228841 0.0012470000074245036
0.03795700002228841 1.00000761449337e-06
0.04306899997754954 0.0014659999869763851
0.04306899997754954 0.0
0.04581099998904392 0.0010079999919980764
0.04581099998904392 0.0
0.04145200000493787 0.0010089999996125698
0.04145200000493787 0.0
0.03624699998181313 0.0010429999965708703
0.03624699998181313 0.0
0.046731999987969175 0.0016100000066217035
0.046731999987969175 1.00000761449337e-06
0.043495999998413026 0.0010560000082477927
0.043495999998413026 1.00000761449337e-06
0.03952600000775419 0.0010809999948833138
0.03952600000775419 1.00000761449337e-06
0.03989099999307655 0.0010780000011436641
0.03989099999307655 0.0
0.03954699999303557 0.001061999995727092
0.03954699999303557 1.00000761449337e-06
0.046537999995052814 0.0014509999891743064
0.046537999995052814 1.00000761449337e-06
0.06045099999755621 0.0012999999744351953
0.06045099999755621 1.00000761449337e-06
0.05689199999324046 0.0015589999966323376
0.05689199999324046 0.0
0.05977799999527633 0.001959999994141981
0.05977799999527633 0.0
0.044476999988546595 0.0012289999867789447
0.044476999988546595 9.999785106629133e-07
0.03943100001197308 0.0010429999965708703
0.03943100001197308 9.999785106629133e-07
0.041677000001072884 0.0010990000155288726
0.041677000001072884 0.0
0.04184799999347888 0.001096000021789223
0.04184799999347888 9.999785106629133e-07
0.04157500001019798 0.0010900000052060932
0.04157500001019798 0.0
0.04722799998125993 0.0012479999859351665
0.04722799998125993 0.0
0.04171900000073947 0.0010820000024978071
0.04171900000073947 0.0
0.042096000019228086 0.0011399999784771353
0.042096000019228086 0.0
0.04164799998397939 0.001105000003008172
0.04164799998397939 0.0
0.041606999991927296 0.0010879999899771065
0.041606999991927296 1.00000761449337e-06
0.041899000003468245 0.001105000003008172
0.041899000003468245 0.0
0.04199599998537451 0.0011159999994561076
0.04199599998537451 1.00000761449337e-06
0.041880999982822686 0.0010910000128205866
0.041880999982822686 0.0
0.04190599999856204 0.0010989999864250422
0.04190599999856204 0.0
0.04193199999281205 0.0011099999828729779
0.04193199999281205 0.0
0.042453000001842156 0.0011329999833833426
0.042453000001842156 0.0
0.042378999991342425 0.001113000005716458
0.042378999991342425 0.0
0.03972900001099333 0.0011149999918416142
0.03972900001099333 1.00000761449337e-06
0.03962799999862909 0.0010759999859146774
0.03962799999862909 1.00000761449337e-06
0.03930000000400469 0.0010360000014770776
0.03930000000400469 0.0
0.03927100001601502 0.0010380000167060643
0.03927100001601502 0.0
0.039641000010306016 0.0010310000216122717
0.039641000010306016 9.999785106629133e-07
0.03963399998610839 0.001041000010445714
0.03963399998610839 0.0
0.03997099999105558 0.0012960000021848828
0.03997099999105558 9.999785106629133e-07
0.039403999981004745 0.0010520000068936497
0.039403999981004745 1.00000761449337e-06
0.04006999998819083 0.001105000003008172
0.04006999998819083 1.00000761449337e-06
0.039465000008931383 0.0010320000001229346
0.039465000008931383 1.00000761449337e-06
0.03957200000877492 0.001053999993018806
0.03957200000877492 1.00000761449337e-06
0.04049799998756498 0.0010929999989457428
0.04049799998756498 0.0
0.05020599998533726 0.0013730000064242631
0.05020599998533726 1.00000761449337e-06
0.05035499998484738 0.0013410000246949494
0.05035499998484738 0.0
0.038032000011298805 0.0009760000102687627
0.038032000011298805 1.00000761449337e-06
0.03725400002440438 0.0009759999811649323
0.03725400002440438 0.0
0.0400800000061281 0.0010309999925084412
0.0400800000061281 0.0
0.03712000002269633 0.0010159999947063625
0.03712000002269633 9.999785106629133e-07
0.03708999999798834 0.000977000017883256
0.03708999999798834 1.00000761449337e-06
0.0393200000107754 0.0010830000101123005
0.0393200000107754 1.00000761449337e-06
0.03944799999590032 0.0010360000014770776
0.03944799999590032 1.00000761449337e-06
0.03924199999892153 0.0010610000172164291
0.03924199999892153 0.0
0.039535999996587634 0.0010279999987687916
0.039535999996587634 1.00000761449337e-06
0.04653300001518801 0.0011439999798312783
0.04653300001518801 0.0
0.038090000016381964 0.0010340000153519213
0.038090000016381964 1.00000761449337e-06
0.046777999988989905 0.0014629999932367355
0.046777999988989905 1.00000761449337e-06
0.04246900000725873 0.0011480000102892518
0.04246900000725873 0.0
0.04224099998828024 0.0010760000150185078
0.04224099998828024 0.0
0.041756999999051914 0.0010780000011436641
0.041756999999051914 1.00000761449337e-06
0.04560499999206513 0.0011820000072475523
0.04560499999206513 0.0
0.04032200001529418 0.0010309999925084412
0.04032200001529418 0.0
0.040087000001221895 0.0011260000173933804
0.040087000001221895 0.0
0.039564000006066635 0.0010929999989457428
0.039564000006066635 1.00000761449337e-06
0.03952300001401454 0.0010229999898001552
0.03952300001401454 1.00000761449337e-06
0.04027399999904446 0.0010269999911542982
0.04027399999904446 0.0
0.03929800001787953 0.0010289999772794545
0.03929800001787953 0.0
0.03942600000300445 0.0010379999876022339
0.03942600000300445 1.00000761449337e-06
0.04016199999023229 0.0010980000079143792
0.04016199999023229 0.0
0.043336000002454966 0.0010999999940395355
0.043336000002454966 1.00000761449337e-06
0.04522200001520105 0.0012399999832268804
0.04522200001520105 1.00000761449337e-06
0.044892000005347654 0.001196000026538968
0.044892000005347654 0.0
0.044468000007327646 0.0011709999816957861
0.044468000007327646 0.0
0.04225100000621751 0.0010860000038519502
0.04225100000621751 1.00000761449337e-06
0.044876999978441745 0.0011280000035185367
0.044876999978441745 1.00000761449337e-06
0.044633999990765005 0.0011999999987892807
0.044633999990765005 0.0
0.045808999973814934 0.0012229999992996454
0.045808999973814934 0.0
0.04442300001392141 0.0012160000042058527
0.04442300001392141 1.00000761449337e-06
0.04218100002617575 0.001105000003008172
0.04218100002617575 1.00000761449337e-06
0.04244799999287352 0.001069999998435378
0.04244799999287352 0.0
0.04355000000214204 0.0010689999908208847
0.04355000000214204 1.00000761449337e-06
0.042114000010769814 0.0011039999953936785
0.042114000010769814 1.00000761449337e-06
0.03991300001507625 0.0010329999786335975
0.03991300001507625 1.00000761449337e-06
0.039678000001003966 0.0010229999898001552
0.039678000001003966 0.0
0.03719999999157153 0.0009560000034980476
0.03719999999157153 1.00000761449337e-06
0.03974800001014955 0.0010610000172164291
0.03974800001014955 1.00000761449337e-06
0.03988300001947209 0.0010359999723732471
0.03988300001947209 0.0
0.04425000000628643 0.0012089999800082296
0.04425000000628643 1.00000761449337e-06
0.03913700001430698 0.0010440000041853637
0.03913700001430698 1.00000761449337e-06
0.04174300000886433 0.0010890000266954303
0.04174300000886433 1.00000761449337e-06
0.044526000012410805 0.0011360000062268227
0.044526000012410805 9.999785106629133e-07
0.04480400000466034 0.0011759999906644225
0.04480400000466034 1.00000761449337e-06
0.052156000019749627 0.001488000008976087
0.052156000019749627 0.0
0.03963899999507703 0.0010769999935291708
0.03963899999507703 1.00000761449337e-06
0.036939999990863726 0.0010140000085812062
0.036939999990863726 0.0
0.037078000023029745 0.00100299998302944
0.037078000023029745 1.00000761449337e-06
0.037429000018164515 0.0009980000031646341
0.037429000018164515 9.999785106629133e-07
0.03742400000919588 0.0009830000053625554
0.03742400000919588 1.00000761449337e-06
0.03686500000185333 0.0010279999987687916
0.03686500000185333 0.0
0.032097000017529353 0.0008640000014565885
0.032097000017529353 0.0
0.03197999999974854 0.0008640000014565885
0.03197999999974854 9.999785106629133e-07
0.03226000000722706 0.0008619999862276018
0.03226000000722706 0.0
0.03199200000381097 0.0008650000090710819
0.03199200000381097 0.0
0.032872999989194795 0.0008690000104252249
0.032872999989194795 1.00000761449337e-06
0.03555999998934567 0.0009079999872483313
0.03555999998934567 0.0
0.035016999987419695 0.0009800000116229057
0.035016999987419695 0.0
0.035222999984398484 0.0009439999994356185
0.035222999984398484 0.0
0.03485200001159683 0.0009290000016335398
0.03485200001159683 9.999785106629133e-07
0.03545799999847077 0.0009000000136438757
0.03545799999847077 0.0
0.03577799999038689 0.0009279999940190464
0.03577799999038689 1.00000761449337e-06
0.034493999992264435 0.0009030000073835254
0.034493999992264435 1.00000761449337e-06
0.03489000000990927 0.0009219999774359167
0.03489000000990927 1.00000761449337e-06
0.03463499998906627 0.0009079999872483313
0.03463499998906627 0.0
0.03463499998906627 0.0009380000119563192
0.03463499998906627 1.00000761449337e-06
0.03483999997843057 0.0009040000149980187
0.03483999997843057 0.0
0.034619999991264194 0.000910000002477318
0.034619999991264194 0.0
0.03527000002213754 0.0009070000087376684
0.03527000002213754 1.00000761449337e-06
0.03574400002253242 0.0009920000156853348
0.03574400002253242 0.0
0.03560299999662675 0.0009280000231228769
0.03560299999662675 0.0
0.03796800001873635 0.0009769999887794256
0.03796800001873635 9.999785106629133e-07
0.037108999997144565 0.0009699999936856329
0.037108999997144565 0.0
0.03703300000051968 0.0009689999860711396
0.03703300000051968 0.0
0.03731400001561269 0.0009549999958835542
0.03731400001561269 0.0
0.03781100001651794 0.0009669999999459833
0.03781100001651794 0.0
0.03695099998731166 0.000977999996393919
0.03695099998731166 0.0
0.03807700000470504 0.0010229999898001552
0.03807700000470504 0.0
0.03754799999296665 0.000981999997748062
0.03754799999296665 1.00000761449337e-06
0.04957599999033846 0.0013160000089555979
0.04957599999033846 1.00000761449337e-06
0.054437999991932884 0.001480000006267801
0.054437999991932884 0.0
0.0662490000249818 0.002082999999402091
0.0662490000249818 0.0
0.074239999987185 0.0021000000124331564
0.074239999987185 1.00000761449337e-06
0.07447200000751764 0.0018519999866839498
0.07447200000751764 1.00000761449337e-06
0.07451399997808039 0.0018459999992046505
0.07451399997808039 1.00000761449337e-06
0.07652800000505522 0.0020739999890793115
0.07652800000505522 0.0
0.07728599998517893 0.00197199999820441
0.07728599998517893 1.00000761449337e-06
0.0759810000017751 0.00193500000750646
0.0759810000017751 0.0
0.07426500000292435 0.0018490000220481306
0.07426500000292435 1.00000761449337e-06
0.06924599999911152 0.0017600000137463212
0.06924599999911152 1.00000761449337e-06
0.06680100000812672 0.0016919999907258898
0.06680100000812672 9.999785106629133e-07
0.06904400000348687 0.0018359999812673777
0.06904400000348687 9.999785106629133e-07
0.0717830000212416 0.001812999980757013
0.0717830000212416 0.0
0.07192400001804344 0.001791000016964972
0.07192400001804344 0.0
0.06884100000024773 0.0017359999765176326
0.06884100000024773 1.00000761449337e-06
0.06921899999724701 0.001752999989548698
0.06921899999724701 9.999785106629133e-07
0.06907999998657033 0.0017800000205170363
0.06907999998657033 0.0
0.04266899998765439 0.0010970000002998859
0.04266899998765439 9.999785106629133e-07
0.04203000001143664 0.0010930000280495733
0.04203000001143664 1.00000761449337e-06
0.04245800001081079 0.001129999989643693
0.04245800001081079 0.0
0.04196500001125969 0.0010889999975915998
0.04196500001125969 0.0
0.04324699999415316 0.0011189999931957573
0.04324699999415316 0.0
0.04201499998453073 0.0011229999945499003
0.04201499998453073 0.0
0.04243600001791492 0.0011579999991226941
0.04243600001791492 0.0
0.04231900000013411 0.0011119999981019646
0.04231900000013411 1.00000761449337e-06
0.04230400000233203 0.0011079999967478216
0.04230400000233203 1.00000761449337e-06
0.04442600000766106 0.001166999980341643
0.04442600000766106 1.00000761449337e-06
0.04425600002286956 0.0011519999825395644
0.04425600002286956 0.0
0.04508700000587851 0.0013279999839141965
0.04508700000587851 0.0
0.04481000002124347 0.0012029999925289303
0.04481000002124347 9.999785106629133e-07
0.044996999989962205 0.0012040000001434237
0.044996999989962205 1.00000761449337e-06
0.044313999998848885 0.0011569999915082008
0.044313999998848885 9.999785106629133e-07
0.04482000001007691 0.0015149999817367643
0.04482000001007691 1.00000761449337e-06
0.044597000000067055 0.0011539999977685511
0.044597000000067055 0.0
0.046980999992229044 0.0016069999837782234
0.046980999992229044 9.999785106629133e-07
0.04689299999154173 0.0012869999918621033
0.04689299999154173 9.999785106629133e-07
0.04854799999156967 0.0012809999752789736
0.04854799999156967 1.00000761449337e-06
0.04506500001298264 0.0012670000141952187
0.04506500001298264 1.00000761449337e-06
0.04254899997613393 0.0010770000226330012
0.04254899997613393 1.00000761449337e-06
0.042071000003488734 0.0010800000163726509
0.042071000003488734 0.0
0.04258399998070672 0.0011649999942164868
0.04258399998070672 0.0
0.042353999975603074 0.0010509999992791563
0.042353999975603074 0.0
0.04208199999993667 0.001069999998435378
0.04208199999993667 0.0
0.04212900000857189 0.0010840000177267939
0.04212900000857189 0.0
0.04904300000634976 0.0012220000207889825
0.04904300000634976 0.0
0.04986299999291077 0.0013879999751225114
0.04986299999291077 0.0
0.053262999979779124 0.001408000010997057
0.053262999979779124 0.0
0.04473999998299405 0.0011440000089351088
0.04473999998299405 1.00000761449337e-06
0.04441100000985898 0.0011470000026747584
0.04441100000985898 1.00000761449337e-06
0.042301999987103045 0.0010750000074040145
0.042301999987103045 0.0
0.04305000000749715 0.001217999990331009
0.04305000000749715 0.0
0.05823300001793541 0.0015240000211633742
0.05823300001793541 1.00000761449337e-06
0.04288399999495596 0.0010849999962374568
0.04288399999495596 0.0
0.04231200000504032 0.0010689999908208847
0.04231200000504032 0.0
0.04205700001330115 0.0010800000163726509
0.04205700001330115 0.0
0.043176000006496906 0.001086999982362613
0.043176000006496906 0.0
0.041984999988926575 0.0010879999899771065
0.041984999988926575 1.00000761449337e-06
0.042453000001842156 0.0011109999904874712
0.042453000001842156 0.0
0.03921499999705702 0.0010380000167060643
0.03921499999705702 1.00000761449337e-06
0.039631999999983236 0.0009929999941959977
0.039631999999983236 0.0
INFO:sc2.protocol:Client status changed to Status.ended (was Status.in_game)
INFO:sc2.protocol:Client status changed to Status.ended (was Status.in_game)
INFO:root:Result for player 2 - Bot(Race.Terran, <bots.Showing_bot.speedBot.MarinBot object at 0x7f62400d40f0>): Defeat
INFO:root:Result for player 1 - Bot(Race.Terran, <bots.transfer.my_bot_q.MyBot object at 0x7f62517441d0>): Victory
INFO:sc2.client:Saved replay to outs/2020-01-17T11-28-03/replays/transfer-showing_bot/transfer-showing_bot-2.SC2Replay
INFO:sc2.protocol:Client status changed to Status.launched (was Status.ended)
INFO:sc2.protocol:Client status changed to Status.quit (was Status.launched)
INFO:sc2.sc2process:kill_switch: Process cleanup
INFO:sc2.sc2process:Cleaning up...
INFO:sc2.sc2process:Cleanup complete
INFO:sc2.sc2process:Cleaning up...
INFO:sc2.sc2process:Cleanup complete
INFO:sc2.protocol:Cannot receive: Connection already closed.
INFO:sc2.sc2process:kill_switch: Process cleanup
INFO:sc2.sc2process:Cleaning up...
INFO:sc2.sc2process:Cleanup complete
INFO:sc2.sc2process:Cleaning up...
INFO:sc2.sc2process:Cleanup complete


## STDERR ##

Version: B75689 (SC2.4.10)
Build: Aug 12 2019 17:16:57
Command Line: '"/home/hspark8312/StarCraftII/Versions/Base75689/SC2_x64" -listen 127.0.0.1 -port 24343 -displayMode 0 -dataDir /home/hspark8312/StarCraftII -tempDir /tmp/SC2_2g61umpj'
Starting up...
Startup Phase 1 complete
Version: B75689 (SC2.4.10)
Build: Aug 12 2019 17:16:57
Command Line: '"/home/hspark8312/StarCraftII/Versions/Base75689/SC2_x64" -listen 127.0.0.1 -port 22989 -displayMode 0 -dataDir /home/hspark8312/StarCraftII -tempDir /tmp/SC2_x6bo1kah'
Starting up...
Startup Phase 1 complete
Startup Phase 2 complete
Creating stub renderer...
Listening on: 127.0.0.1:24343
Startup Phase 3 complete. Ready for commands.
Startup Phase 2 complete
Creating stub renderer...
ConnectHandler: Request from 127.0.0.1:58462 accepted
ReadyHandler: 127.0.0.1:58462 ready
Requesting to join a multiplayer game
Configuring interface options
Configure: raw interface enabled
Configure: feature layer interface enabled
Configure: score interface enabled
Configure: render interface disabled
Listening on: 127.0.0.1:22989
Startup Phase 3 complete. Ready for commands.
ConnectHandler: Request from 127.0.0.1:58463 accepted
ReadyHandler: 127.0.0.1:58463 ready
Requesting to join a multiplayer game
Configuring interface options
Configure: raw interface enabled
Configure: feature layer interface enabled
Configure: score interface enabled
Configure: render interface disabled
Create game with map path: NCFellowship-2019_m1_v6.SC2Map
Deferred error: 536936448 (0x20010000)
Deferred error details: Bad profiling data. TimeMS: 3601502.000000 Conversion: 1.000000e-03
Attempting to join a game with the map: NCFellowship-2019_m1_v6.SC2Map
Game has started.
Using default stable ids, none found at: /home/hspark8312/StarCraftII/stableid.json
Successfully loaded stable ids: GameData\stableid.json
Sending ResponseJoinGame
Deferred error: 536936448 (0x20010000)
Deferred error details: Bad profiling data. TimeMS: 6038621.000000 Conversion: 1.000000e-03
Game has started.
Using default stable ids, none found at: /home/hspark8312/StarCraftII/stableid.json
Successfully loaded stable ids: GameData\stableid.json
Sending ResponseJoinGame
RequestQuit command received.
Closing Application...
CloseHandler: 127.0.0.1:58463 disconnected
Terminate action already called.
/home/hspark8312/anaconda3/envs/sc2/lib/python3.6/importlib/_bootstrap.py:219: RuntimeWarning: numpy.ufunc size changed, may indicate binary incompatibility. Expected 192 from C header, got 216 from PyObject
  return f(*args, **kwds)
/home/hspark8312/anaconda3/envs/sc2/lib/python3.6/importlib/_bootstrap.py:219: RuntimeWarning: numpy.ufunc size changed, may indicate binary incompatibility. Expected 192 from C header, got 216 from PyObject
  return f(*args, **kwds)
/home/hspark8312/anaconda3/envs/sc2/lib/python3.6/site-packages/tensorboard/compat/tensorflow_stub/dtypes.py:541: FutureWarning: Passing (type, 1) or '1type' as a synonym of type is deprecated; in a future version of numpy, it will be understood as (type, (1,)) / '(1,)type'.
  _np_qint8 = np.dtype([("qint8", np.int8, 1)])
/home/hspark8312/anaconda3/envs/sc2/lib/python3.6/site-packages/past/builtins/misc.py:45: DeprecationWarning: the imp module is deprecated in favour of importlib; see the module's documentation for alternative uses
  from imp import reload
/mnt/d/sc2minigame-eval-2020-01-09/bots/Showing_bot/speedBot.py:1643: RuntimeWarning: coroutine 'TerreinManager.debug' was never awaited
  self.terrein_manager.debug()
