## STDOUT ##

[[92mINFO[0m] SC2 4.9.0 용 패치 적용
패치 sc2.ids.ability_id
패치 sc2.game_state
패치 sc2.bot_ai
패치 sc2.client
패치 sc2.controller
패치 sc2.main
INFO:root:Failed to import cuda module: No module named 'caffe2.python.caffe2_pybind11_state_gpu'
INFO:root:Failed to import AMD hip module: No module named 'caffe2.python.caffe2_pybind11_state_hip'
WARNING:root:This caffe2 python run does not have GPU support. Will run in CPU only mode.
cpu
INFO:sc2.protocol:Client status changed to Status.launched (was None)
INFO:sc2.protocol:Client status changed to Status.launched (was None)
INFO:sc2_patch.sc2_patch_490.controller:Creating new game
INFO:sc2_patch.sc2_patch_490.controller:Map:     NCFellowship-2019_m1_v6
INFO:sc2_patch.sc2_patch_490.controller:Players: Bot(Race.Terran, <bots.transfer.my_bot_q.MyBot object at 0x7f898a4c4198>), Bot(Race.Terran, <bots.Showing_bot.speedBot.MarinBot object at 0x7f8978e540f0>)
INFO:sc2.protocol:Client status changed to Status.init_game (was Status.launched)
INFO:sc2.protocol:Client status changed to Status.in_game (was None)
INFO:root:Player 1 - Bot(Race.Terran, <bots.transfer.my_bot_q.MyBot object at 0x7f898a4c4198>)
TEST: 1, <bots.transfer.my_bot_q.MyBot object at 0x7f898a4c4198>
model file does not exists: bots/nc_example_v7/models/model-89.pt
INFO:sc2.protocol:Client status changed to Status.in_game (was None)
INFO:root:Player 2 - Bot(Race.Terran, <bots.Showing_bot.speedBot.MarinBot object at 0x7f8978e540f0>)
TEST: 2, <bots.Showing_bot.speedBot.MarinBot object at 0x7f8978e540f0>
load model: bots/Showing_bot/models/model-89.pt
create new model
0.04601600000751205 0.0031109999981708825
0.04601600000751205 0.0
0.04493900001398288 0.0020090000180061907
0.04493900001398288 0.0
0.046002999995835125 0.0018669999844860286
0.046002999995835125 0.0
0.0455530000035651 0.0013729999773204327
0.0455530000035651 1.00000761449337e-06
0.04482999999891035 0.0011399999784771353
0.04482999999891035 0.0
0.04466099999262951 0.0013630000175908208
0.04466099999262951 0.0
0.04559199998038821 0.001137000013841316
0.04559199998038821 9.999785106629133e-07
0.04635099999723025 0.0011999999987892807
0.04635099999723025 0.0
0.04585299998871051 0.0011240000021643937
0.04585299998871051 9.999785106629133e-07
0.04516499998862855 0.0012489999935496598
0.04516499998862855 0.0
0.04599300000700168 0.001264999998966232
0.04599300000700168 1.00000761449337e-06
0.04536200000438839 0.0010849999962374568
0.04536200000438839 1.00000761449337e-06
0.044737999996868894 0.0011609999928623438
0.044737999996868894 0.0
0.04490400000941008 0.0010889999975915998
0.04490400000941008 1.00000761449337e-06
0.04482000001007691 0.0011319999757688493
0.04482000001007691 1.00000761449337e-06
0.04563000000780448 0.0011149999918416142
0.04563000000780448 1.00000761449337e-06
0.04582900000968948 0.0011749999830499291
0.04582900000968948 1.00000761449337e-06
0.045799999992595986 0.0011779999767895788
0.045799999992595986 0.0
0.04483600001549348 0.0011660000018309802
0.04483600001549348 1.00000761449337e-06
0.04500499999267049 0.0012670000141952187
0.04500499999267049 0.0
0.04852900002151728 0.0013100000214762986
0.04852900002151728 0.0
0.047729000012623146 0.0012419999984558672
0.047729000012623146 0.0
0.04785599999013357 0.001213999988976866
0.04785599999013357 0.0
0.047503999987384304 0.0011999999987892807
0.047503999987384304 0.0
0.04775500000687316 0.0012940000160597265
0.04775500000687316 0.0
0.04781999997794628 0.0017700000025797635
0.04781999997794628 1.00000761449337e-06
0.052029000013135374 0.001416000013705343
0.052029000013135374 0.0
0.04820799999288283 0.0012669999850913882
0.04820799999288283 0.0
0.0478280000097584 0.0012989999959245324
0.0478280000097584 0.0
0.04776200000196695 0.0012550000101327896
0.04776200000196695 1.00000761449337e-06
0.048049000004539266 0.0012430000060703605
0.048049000004539266 0.0
0.049254999990807846 0.0013270000054035336
0.049254999990807846 0.0
0.0495740000042133 0.0013020000187680125
0.0495740000042133 0.0
0.06163899999228306 0.0016789999790489674
0.06163899999228306 0.0
0.04864799999631941 0.0013069999986328185
0.04864799999631941 0.0
0.0505270000139717 0.002961999998660758
0.0505270000139717 0.0
0.05176899998332374 0.0014479999954346567
0.05176899998332374 0.0
0.05053499998757616 0.0014139999984763563
0.05053499998757616 9.999785106629133e-07
0.051093999994918704 0.0013050000125076622
0.051093999994918704 1.00000761449337e-06
0.05242100000032224 0.0031159999780356884
0.05242100000032224 1.00000761449337e-06
changed strategy
0.052675999992061406 0.0016269999905489385
0.052675999992061406 0.0
0.0753240000049118 0.004967999993823469
0.0753240000049118 0.0
0.0674330000183545 0.0037299999967217445
0.0674330000183545 0.0
0.06715899999835528 0.0037789999914821237
0.06715899999835528 0.0
0.06525700000929646 0.0023999999975785613
0.06525700000929646 1.00000761449337e-06
0.06467600000905804 0.0016370000084862113
0.06467600000905804 0.0
0.06521699999575503 0.0016799999866634607
0.06521699999575503 0.0
0.06623699999181554 0.0016189999878406525
0.06623699999181554 0.0
0.06347799999639392 0.0015710000006947666
0.06347799999639392 0.0
0.062372000014875084 0.0015890000213403255
0.062372000014875084 1.00000761449337e-06
0.06535400002030656 0.0016419999883510172
0.06535400002030656 0.0
0.0677119999891147 0.0019970000139437616
0.0677119999891147 1.00000761449337e-06
0.06872900002053939 0.0017140000127255917
0.06872900002053939 1.00000761449337e-06
0.06845500000054017 0.0017140000127255917
0.06845500000054017 0.0
0.06775899999774992 0.0017510000034235418
0.06775899999774992 0.0
0.06723899999633431 0.001720000000204891
0.06723899999633431 0.0
0.0711439999868162 0.004056000005220994
0.0711439999868162 1.00000761449337e-06
0.07032400000025518 0.0018310000014025718
0.07032400000025518 1.00000761449337e-06
0.07006300002103671 0.0017769999976735562
0.07006300002103671 0.0
0.07217100000707433 0.0018490000220481306
0.07217100000707433 1.00000761449337e-06
0.07003500001155771 0.0017479999805800617
0.07003500001155771 0.0
0.07028499999432825 0.0017229999939445406
0.07028499999432825 0.0
0.06979899998987094 0.00172899998142384
0.06979899998987094 1.00000761449337e-06
0.07032599998638034 0.0017499999958090484
0.07032599998638034 9.999785106629133e-07
0.07072099999641068 0.0017650000227149576
0.07072099999641068 0.0
0.07052900001872331 0.0017940000107046217
0.07052900001872331 0.0
0.07140400001662783 0.0018649999983608723
0.07140400001662783 0.0
0.07125199999427423 0.0017670000088401139
0.07125199999427423 0.0
0.06775499999639578 0.001676999992923811
0.06775499999639578 0.0
0.06723299997975118 0.0017219999863300472
0.06723299997975118 0.0
0.0693840000021737 0.0017689999949652702
0.0693840000021737 0.0
0.07030800002394244 0.0017900000093504786
0.07030800002394244 0.0
0.07034800000838004 0.0019209999882150441
0.07034800000838004 1.00000761449337e-06
0.0714610000140965 0.0017550000047776848
0.0714610000140965 0.0
0.08605899999383837 0.0025400000158697367
0.08605899999383837 1.00000761449337e-06
0.07059400001890026 0.0017940000107046217
0.07059400001890026 0.0
0.0707129999937024 0.0017689999949652702
0.0707129999937024 1.00000761449337e-06
0.07702100000460632 0.0018470000068191439
0.07702100000460632 0.0
0.06793000001925975 0.0016550000000279397
0.06793000001925975 0.0
0.06861200000275858 0.0017389999993611127
0.06861200000275858 1.00000761449337e-06
0.065563000011025 0.0015980000025592744
0.065563000011025 9.999785106629133e-07
0.059527000004891306 0.0014999999839346856
0.059527000004891306 0.0
0.059840999980224296 0.0018259999924339354
0.059840999980224296 0.0
0.058678000001236796 0.0018189999973401427
0.058678000001236796 1.00000761449337e-06
0.05622100000618957 0.0018050000071525574
0.05622100000618957 1.00000761449337e-06
0.05731299999752082 0.001791000016964972
0.05731299999752082 1.00000761449337e-06
0.05754999999771826 0.0017010000010486692
0.05754999999771826 1.00000761449337e-06
0.05763999998453073 0.0014469999878201634
0.05763999998453073 1.00000761449337e-06
0.06373500000336207 0.0022539999918080866
0.06373500000336207 1.00000761449337e-06
0.07208899999386631 0.0019529999990481883
0.07208899999386631 9.999785106629133e-07
0.07905100000789389 0.0020469999872148037
0.07905100000789389 1.00000761449337e-06
0.07610599999316037 0.0023890000011306256
0.07610599999316037 9.999785106629133e-07
0.06617299999925308 0.001859000010881573
0.06617299999925308 1.00000761449337e-06
0.05453499997383915 0.0015319999947678298
0.05453499997383915 9.999785106629133e-07
0.04295799997635186 0.001117000007070601
0.04295799997635186 0.0
0.0526370000152383 0.0013880000042263418
0.0526370000152383 0.0
0.05571600000257604 0.0015270000149030238
0.05571600000257604 0.0
0.05546099998173304 0.0013820000167470425
0.05546099998173304 1.00000761449337e-06
0.05603000000701286 0.001416000013705343
0.05603000000701286 1.00000761449337e-06
0.05332999999518506 0.00173200000426732
0.05332999999518506 9.999785106629133e-07
0.05475399998249486 0.0013880000042263418
0.05475399998249486 0.0
0.05720000001019798 0.0015739999944344163
0.05720000001019798 1.00000761449337e-06
0.05905199999688193 0.0015140000032261014
0.05905199999688193 0.0
0.062184999987948686 0.001724000001559034
0.062184999987948686 0.0
0.05780300000333227 0.0014890000165905803
0.05780300000333227 0.0
0.057856000028550625 0.0015650000132154673
0.057856000028550625 1.00000761449337e-06
0.05559699999867007 0.0015539999876637012
0.05559699999867007 9.999785106629133e-07
0.053105999977560714 0.0014640000008512288
0.053105999977560714 0.0
0.05266699998173863 0.0015819999971427023
0.05266699998173863 0.0
0.04952699999557808 0.0016289999766740948
0.04952699999557808 0.0
0.04890600001090206 0.0013069999986328185
0.04890600001090206 9.999785106629133e-07
0.04769999999552965 0.0013949999993201345
0.04769999999552965 0.0
0.048266999976476654 0.0014589999918825924
0.048266999976476654 0.0
0.04507000002195127 0.0014979999978095293
0.04507000002195127 0.0
0.04481699998723343 0.0014089999895077199
0.04481699998723343 0.0
0.04546399999526329 0.0016999999934341758
0.04546399999526329 1.00000761449337e-06
0.04498599999351427 0.001445000001695007
0.04498599999351427 0.0
0.04566200001863763 0.0013949999993201345
0.04566200001863763 9.999785106629133e-07
0.045175000006565824 0.0012400000123307109
0.045175000006565824 1.00000761449337e-06
0.04475599998841062 0.0011700000031851232
0.04475599998841062 0.0
0.04839199999696575 0.0013009999820496887
0.04839199999696575 0.0
0.049620999983744696 0.0015220000059343874
0.049620999983744696 0.0
0.04783799999859184 0.0012590000114869326
0.04783799999859184 0.0
0.0490189999982249 0.0012780000106431544
0.0490189999982249 0.0
0.04850599999190308 0.0012399999832268804
0.04850599999190308 1.00000761449337e-06
0.046381000021938235 0.0012020000140182674
0.046381000021938235 1.00000761449337e-06
0.04621599998790771 0.0013279999839141965
0.04621599998790771 0.0
0.04553599999053404 0.0012960000021848828
0.04553599999053404 1.00000761449337e-06
0.0456220000050962 0.0012339999957475811
0.0456220000050962 0.0
0.04500499999267049 0.001189000002341345
0.04500499999267049 0.0
0.042193999979645014 0.0010650000185705721
0.042193999979645014 0.0
0.05817099998239428 0.0015549999952781945
0.05817099998239428 1.00000761449337e-06
0.05699000001186505 0.001740999985486269
0.05699000001186505 9.999785106629133e-07
0.051937000011093915 0.0016759999853093177
0.051937000011093915 0.0
0.056875000009313226 0.0016540000215172768
0.056875000009313226 0.0
0.05192599998554215 0.0016109999851323664
0.05192599998554215 9.999785106629133e-07
0.057766999991144985 0.0015149999817367643
0.057766999991144985 1.4999997802078724e-05
0.061978999990969896 0.0016949999844655395
0.061978999990969896 0.0
0.04537599999457598 0.0011660000018309802
0.04537599999457598 1.00000761449337e-06
0.04547300000558607 0.001180999999633059
0.04547300000558607 9.999785106629133e-07
0.044877000007545575 0.001209999987622723
0.044877000007545575 0.0
0.05604799999855459 0.001711000018985942
0.05604799999855459 1.00000761449337e-06
0.058428000018466264 0.0012069999938830733
0.058428000018466264 0.0
0.04530999998678453 0.0012200000055599958
0.04530999998678453 0.0
0.04552799998782575 0.0013089999847579747
0.04552799998782575 9.999785106629133e-07
0.045374999986961484 0.0012289999867789447
0.045374999986961484 0.0
0.04497600000468083 0.0012390000047162175
0.04497600000468083 0.0
0.062348000006750226 0.0017550000047776848
0.062348000006750226 0.0
0.06264899999951012 0.0018559999880380929
0.06264899999951012 1.00000761449337e-06
0.06488799999351613 0.0020969999895896763
0.06488799999351613 9.999785106629133e-07
0.053312999982154 0.002861999993911013
0.053312999982154 0.0
0.053749000013340265 0.0013669999898411334
0.053749000013340265 1.00000761449337e-06
0.054038000002037734 0.0014540000120177865
0.054038000002037734 0.0
0.05509300000267103 0.001572999986819923
0.05509300000267103 0.0
0.053890999988652766 0.0014749999972991645
0.053890999988652766 0.0
0.05339600000297651 0.0015899999998509884
0.05339600000297651 0.0
0.05532300000777468 0.0023299999884329736
0.05532300000777468 0.0
0.055954999988898635 0.001656999986153096
0.055954999988898635 1.00000761449337e-06
0.05305500002577901 0.001459000020986423
0.05305500002577901 1.00000761449337e-06
0.052946000010706484 0.0017050000024028122
0.052946000010706484 0.0
0.05342100001871586 0.0016160000232048333
0.05342100001871586 0.0
0.05260300001828 0.0018099999870173633
0.05260300001828 1.00000761449337e-06
0.05252900000778027 0.001318999973591417
0.05252900000778027 0.0
0.050450999988242984 0.0016509999986737967
0.050450999988242984 9.999785106629133e-07
0.05039200000464916 0.0013049999834038317
0.05039200000464916 1.00000761449337e-06
0.05044000002089888 0.0016969999996945262
0.05044000002089888 1.00000761449337e-06
0.04981699999189004 0.0014999999839346856
0.04981699999189004 1.00000761449337e-06
0.05063799998606555 0.0012759999954141676
0.05063799998606555 1.00000761449337e-06
0.05280400000629015 0.0014749999972991645
0.05280400000629015 1.00000761449337e-06
0.05239699999219738 0.0013390000094659626
0.05239699999219738 0.0
0.05052099999738857 0.001277999981539324
0.05052099999738857 0.0
0.050833000015700236 0.0012949999945703894
0.050833000015700236 0.0
0.05028599998331629 0.0012669999850913882
0.05028599998331629 9.999785106629133e-07
0.05043500001193024 0.0013959999778307974
0.05043500001193024 1.00000761449337e-06
0.04993899998953566 0.0012580000038724393
0.04993899998953566 0.0
0.050715999997919425 0.0012789999891538173
0.050715999997919425 0.0
0.049552999989828095 0.0012439999845810235
0.049552999989828095 0.0
0.05000700001255609 0.0013259999977890402
0.05000700001255609 9.999785106629133e-07
0.050201999983983114 0.0013760000001639128
0.050201999983983114 0.0
0.05115099999238737 0.0013050000125076622
0.05115099999238737 1.00000761449337e-06
0.050420999992638826 0.0012699999788310379
0.050420999992638826 1.00000761449337e-06
0.05070100000011735 0.0013219999964348972
0.05070100000011735 1.00000761449337e-06
0.05083799999556504 0.0012900000147055835
0.05083799999556504 0.0
0.050977000006241724 0.001340000017080456
0.050977000006241724 1.00000761449337e-06
0.04809699999168515 0.0013129999861121178
0.04809699999168515 0.0
0.048269999999320135 0.0013960000069346279
0.048269999999320135 1.00000761449337e-06
0.05392599999322556 0.0017140000127255917
0.05392599999322556 1.00000761449337e-06
0.0538059999817051 0.0014430000155698508
0.0538059999817051 0.0
0.0507379999908153 0.0013589999871328473
0.0507379999908153 0.0
0.053008000017143786 0.0016659999964758754
0.053008000017143786 0.0
0.05531299998983741 0.001500999991549179
0.05531299998983741 0.0
0.05529300001217052 0.0013630000175908208
0.05529300001217052 0.0
0.05590500001562759 0.001596999994944781
0.05590500001562759 0.0
0.05529499999829568 0.0014300000038929284
0.05529499999829568 0.0
0.05896799999754876 0.0019579999789129943
0.05896799999754876 1.00000761449337e-06
0.05710399997769855 0.0016140000079758465
0.05710399997769855 0.0
0.051493999984813854 0.0012620000052265823
0.051493999984813854 1.00000761449337e-06
0.04550499998731539 0.001205000007757917
0.04550499998731539 0.0
0.04550899998866953 0.001588000013725832
0.04550899998866953 0.0
0.045015000010607764 0.0015119999879971147
0.045015000010607764 1.00000761449337e-06
0.047442999988561496 0.0012719999940600246
0.047442999988561496 0.0
0.04900999998790212 0.0012430000060703605
0.04900999998790212 0.0
0.05084100001840852 0.001424000016413629
0.05084100001840852 0.0
0.050767999986419454 0.00133200001437217
0.050767999986419454 0.0
0.04815699998289347 0.0012660000065807253
0.04815699998289347 0.0
0.048310000012861565 0.0014030000020284206
0.048310000012861565 1.00000761449337e-06
0.04752200000802986 0.0011990000202786177
0.04752200000802986 1.00000761449337e-06
0.04789300000993535 0.0016879999893717468
0.04789300000993535 1.00000761449337e-06
0.044713999988744035 0.0011510000040289015
0.044713999988744035 1.00000761449337e-06
0.04594899999210611 0.0012310000020079315
0.04594899999210611 0.0
0.04590699999243952 0.0012379999971017241
0.04590699999243952 1.00000761449337e-06
0.045228000002680346 0.0011820000072475523
0.045228000002680346 9.999785106629133e-07
0.045301000005565584 0.0011620000004768372
0.045301000005565584 1.00000761449337e-06
0.04798900001333095 0.001277000003028661
0.04798900001333095 0.0
0.047102000011364 0.0011999999987892807
0.047102000011364 0.0
0.047612000023946166 0.0012710000155493617
0.047612000023946166 0.0
0.04863800000748597 0.0012509999796748161
0.04863800000748597 0.0
0.049116000009234995 0.0013040000048931688
0.049116000009234995 0.0
0.06682300000102259 0.0021720000077039003
0.06682300000102259 9.999785106629133e-07
0.0587799999921117 0.0018559999880380929
0.0587799999921117 0.0
0.061450999986846 0.0017039999947883189
0.061450999986846 9.999785106629133e-07
0.06029800002579577 0.001524999999674037
0.06029800002579577 0.0
0.05951200000708923 0.0015609999827574939
0.05951200000708923 0.0
0.05787099999724887 0.0016120000218506902
0.05787099999724887 1.00000761449337e-06
0.05720300000393763 0.001436999998986721
0.05720300000393763 1.00000761449337e-06
0.05706799999461509 0.0014559999981429428
0.05706799999461509 9.999785106629133e-07
0.058068000013008714 0.0015380000113509595
0.058068000013008714 0.0
0.06030000001192093 0.0014950000040698797
0.06030000001192093 9.999785106629133e-07
0.060012999980244786 0.0015030000067781657
0.060012999980244786 0.0
0.06111800001235679 0.001588999992236495
0.06111800001235679 0.0
0.05613499999162741 0.0014659999869763851
0.05613499999162741 0.0
0.055102999991504475 0.001428000017767772
0.055102999991504475 0.0
0.055683999991742894 0.001412999990861863
0.055683999991742894 1.00000761449337e-06
0.05555000001913868 0.001914000022225082
0.05555000001913868 0.0
0.05400000000372529 0.0014139999984763563
0.05400000000372529 1.00000761449337e-06
0.052995999983977526 0.0013099999923724681
0.052995999983977526 1.00000761449337e-06
0.05064899998251349 0.0013130000152159482
0.05064899998251349 0.0
0.05077800000435673 0.001408000010997057
0.05077800000435673 0.0
0.052282000018749386 0.0013750000216532499
0.052282000018749386 0.0
0.05268400002387352 0.0018540000019129366
0.05268400002387352 1.00000761449337e-06
0.052487999986624345 0.001352999999653548
0.052487999986624345 0.0
0.05534999998053536 0.007435000006807968
0.05534999998053536 1.00000761449337e-06
0.05774000001838431 0.0015770000172778964
0.05774000001838431 0.0
0.058607000013580546 0.0016199999954551458
0.058607000013580546 1.00000761449337e-06
0.05842300000949763 0.0016409999807365239
0.05842300000949763 0.0
0.058068000013008714 0.001643000025069341
0.058068000013008714 1.00000761449337e-06
0.05563400001847185 0.0015799999819137156
0.05563400001847185 9.999785106629133e-07
0.05875900000683032 0.0016339999856427312
0.05875900000683032 0.0
0.0585630000277888 0.0016420000174548477
0.0585630000277888 0.0
0.05758100000093691 0.0014910000027157366
0.05758100000093691 0.0
0.05773699999554083 0.0019150000007357448
0.05773699999554083 0.0
0.05949700000928715 0.0015399999974761158
0.05949700000928715 1.00000761449337e-06
0.05750699999043718 0.0014640000008512288
0.05750699999043718 1.00000761449337e-06
0.05789700002060272 0.001552000001538545
0.05789700002060272 9.999785106629133e-07
0.05483400000957772 0.0013820000167470425
0.05483400000957772 0.0
0.055167000013170764 0.0014009999867994338
0.055167000013170764 1.00000761449337e-06
0.05523999998695217 0.0014769999834243208
0.05523999998695217 1.00000761449337e-06
0.05509199999505654 0.001441000000340864
0.05509199999505654 1.00000761449337e-06
0.0551899999845773 0.001496000011684373
0.0551899999845773 0.0
0.05901699999230914 0.0015579999890178442
0.05901699999230914 0.0
0.05812899998272769 0.0015699999930802733
0.05812899998272769 9.999785106629133e-07
0.060304999991785735 0.00169500001356937
0.060304999991785735 1.00000761449337e-06
0.06236199999693781 0.0017869999865069985
0.06236199999693781 1.00000761449337e-06
0.06488099999842234 0.0017750000115484
0.06488099999842234 1.00000761449337e-06
0.06809799998882227 0.0018409999902360141
0.06809799998882227 0.0
0.06715299998177215 0.0017649999936111271
0.06715299998177215 1.00000761449337e-06
0.06793200000538491 0.0017669999797362834
0.06793200000538491 0.0
0.06499400001484901 0.001652999984798953
0.06499400001484901 9.999785106629133e-07
0.0654369999829214 0.0016619999951217324
0.0654369999829214 1.00000761449337e-06
0.06238599997595884 0.0016940000059548765
0.06238599997595884 1.00000761449337e-06
0.06796200000098906 0.0018179999897256494
0.06796200000098906 9.999785106629133e-07
0.07502499999827705 0.0017450000159442425
0.07502499999827705 0.0
0.06487900001229718 0.0016749999776948243
0.06487900001229718 0.0
0.06329200000618584 0.0015779999957885593
0.06329200000618584 9.999785106629133e-07
0.06546399998478591 0.0016820000018924475
0.06546399998478591 1.00000761449337e-06
0.06517300000996329 0.001799000019673258
0.06517300000996329 1.00000761449337e-06
0.06474099998013116 0.0017349999980069697
0.06474099998013116 1.00000761449337e-06
0.06502399998134933 0.0016910000122152269
0.06502399998134933 1.00000761449337e-06
0.06270799998310395 0.0016229999891947955
0.06270799998310395 1.00000761449337e-06
0.06274799999664538 0.00165200000628829
0.06274799999664538 0.0
0.06214100000215694 0.0016830000095069408
0.06214100000215694 0.0
0.06298499999684282 0.0016429999959655106
0.06298499999684282 0.0
0.06288800001493655 0.0016949999844655395
0.06288800001493655 0.0
0.0626250000204891 0.0016459999897051603
0.0626250000204891 0.0
0.06324999997741543 0.0016860000032465905
0.06324999997741543 0.0
0.0651310000102967 0.0017109999898821115
0.0651310000102967 0.0
0.06803400002536364 0.001720000000204891
0.06803400002536364 0.0
0.06577600000309758 0.0017470000020693988
0.06577600000309758 9.999785106629133e-07
0.06589299999177456 0.0017599999846424907
0.06589299999177456 0.0
0.065335999999661 0.0017840000218711793
0.065335999999661 0.0
0.06468300000415184 0.0017210000078193843
0.06468300000415184 1.00000761449337e-06
0.0685570000205189 0.001947000011568889
0.0685570000205189 1.00000761449337e-06
0.06722699999227189 0.0017680000164546072
0.06722699999227189 1.00000761449337e-06
0.07158099999651313 0.00189200000022538
0.07158099999651313 9.999785106629133e-07
0.07012699998449534 0.0018979999877046794
0.07012699998449534 0.0
0.07128900001407601 0.0018280000076629221
0.07128900001407601 9.999785106629133e-07
0.07114200000069104 0.001791999995475635
0.07114200000069104 1.00000761449337e-06
0.07096099999034777 0.0017989999905694276
0.07096099999034777 1.00000761449337e-06
0.06983100000070408 0.0017600000137463212
0.06983100000070408 0.0
0.06746900000143796 0.0017210000078193843
0.06746900000143796 0.0
0.0724820000177715 0.0021520000009331852
0.0724820000177715 0.0
0.06979199999477714 0.0018130000098608434
0.06979199999477714 0.0
0.07233100000303239 0.0018749999871943146
0.07233100000303239 0.0
0.07046399998944253 0.0019309999770484865
0.07046399998944253 0.0
0.06502099998760968 0.0016889999969862401
0.06502099998760968 9.999785106629133e-07
0.06515499998931773 0.001680999994277954
0.06515499998931773 0.0
0.06656300000031479 0.002078999998047948
0.06656300000031479 9.999785106629133e-07
0.06503699999302626 0.0016339999856427312
0.06503699999302626 0.0
0.06362800000351854 0.0016389999946113676
0.06362800000351854 0.0
0.06556099999579601 0.0020460000087041408
0.06556099999579601 1.00000761449337e-06
0.06505800000741147 0.002107000007526949
0.06505800000741147 0.0
0.06761999998707324 0.0020320000185165554
0.06761999998707324 0.0
0.06884100000024773 0.0019500000053085387
0.06884100000024773 1.00000761449337e-06
0.0695770000165794 0.0019879999745171517
0.0695770000165794 1.00000761449337e-06
0.06566799999563955 0.001984999980777502
0.06566799999563955 9.999785106629133e-07
0.06546499999240041 0.0020040000090375543
0.06546499999240041 1.00000761449337e-06
0.062430999998468906 0.0018480000144336373
0.062430999998468906 0.0
0.06032499999855645 0.0016860000032465905
0.06032499999855645 9.999785106629133e-07
0.061904999980470166 0.002202000003308058
0.061904999980470166 1.00000761449337e-06
0.06136100000003353 0.0016889999969862401
0.06136100000003353 0.0
0.06291800001054071 0.0017619999998714775
0.06291800001054071 0.0
0.06827099999645725 0.0019449999963399023
0.06827099999645725 0.0
0.06940900001791306 0.0017940000107046217
0.06940900001791306 0.0
0.06425999998464249 0.001672999991569668
0.06425999998464249 0.0
0.06335099998977967 0.0016039999900385737
0.06335099998977967 0.0
0.0627950000052806 0.0016379999869968742
0.0627950000052806 0.0
0.06298899999819696 0.0015999999886844307
0.06298899999819696 0.0
0.060156999999890104 0.0015380000113509595
0.060156999999890104 1.00000761449337e-06
0.06053999997675419 0.0015980000025592744
0.06053999997675419 9.999785106629133e-07
0.05978700000559911 0.0015359999961219728
0.05978700000559911 0.0
0.060954000015044585 0.0016739999991841614
0.060954000015044585 0.0
0.06396599998697639 0.0015790000034030527
0.06396599998697639 0.0
0.06308299998636357 0.001600999996298924
0.06308299998636357 1.00000761449337e-06
0.06425500000477768 0.0019380000012461096
0.06425500000477768 1.00000761449337e-06
0.0660339999885764 0.001640000002225861
0.0660339999885764 0.0
0.06588999999803491 0.0016910000122152269
0.06588999999803491 1.00000761449337e-06
0.07010400001308881 0.0019650000031106174
0.07010400001308881 0.0
0.0698839999968186 0.0017949999892152846
0.0698839999968186 9.999785106629133e-07
0.07316299999365583 0.0019219999958295375
0.07316299999365583 0.0
0.07253299999865703 0.0017970000044442713
0.07253299999865703 0.0
0.07529999999678694 0.004419999982928857
0.07529999999678694 0.0
0.0733829999808222 0.0019179999944753945
0.0733829999808222 0.0
0.06759799999417737 0.0017689999949652702
0.06759799999417737 1.00000761449337e-06
0.06712900000275113 0.001720000000204891
0.06712900000275113 0.0
0.06791499999235384 0.001707999996142462
0.06791499999235384 0.0
0.06468199999653734 0.0017459999944549054
0.06468199999653734 1.00000761449337e-06
0.06544599999324419 0.0017029999871738255
0.06544599999324419 9.999785106629133e-07
0.06949800002621487 0.0017820000066421926
0.06949800002621487 1.00000761449337e-06
0.06641699999454431 0.0017419999931007624
0.06641699999454431 0.0
0.06284200001391582 0.0017109999898821115
0.06284200001391582 0.0
0.06885799998417497 0.001787999994121492
0.06885799998417497 9.999785106629133e-07
0.06799700000556186 0.0016910000122152269
0.06799700000556186 1.00000761449337e-06
0.06851899999310263 0.001744000008329749
0.06851899999310263 1.00000761449337e-06
0.06840799999190494 0.0017490000172983855
0.06840799999190494 0.0
0.06824200000846758 0.001787000015610829
0.06824200000846758 1.00000761449337e-06
0.06831999999121763 0.0020309999817982316
0.06831999999121763 1.00000761449337e-06
0.06565199999022298 0.0018390000041108578
0.06565199999022298 0.0
0.0674509999807924 0.0020570000051520765
0.0674509999807924 1.00000761449337e-06
0.06733000001986511 0.002004999987548217
0.06733000001986511 9.999785106629133e-07
0.06685199998901226 0.001947000011568889
0.06685199998901226 9.999785106629133e-07
0.07106700001168065 0.0019039999751839787
0.07106700001168065 0.0
0.07498400000622496 0.002171000000089407
0.07498400000622496 1.00000761449337e-06
0.07335299998521805 0.0019120000069960952
0.07335299998521805 0.0
0.07299700001021847 0.0018239999772049487
0.07299700001021847 0.0
0.07362099998863414 0.0020280000171624124
0.07362099998863414 0.0
0.07065500001772307 0.0018339999951422215
0.07065500001772307 0.0
0.0700549999892246 0.0017700000025797635
0.0700549999892246 0.0
0.07029599999077618 0.001744999986840412
0.07029599999077618 0.0
0.06486299997777678 0.001664000010350719
0.06486299997777678 0.0
0.06494700000621378 0.001617999980226159
0.06494700000621378 0.0
0.06885599999804981 0.0017689999949652702
0.06885599999804981 0.0
0.06831999999121763 0.0017410000145900995
0.06831999999121763 0.0
0.06792699999641627 0.0016829999804031104
0.06792699999641627 0.0
0.06719500001054257 0.0018339999951422215
0.06719500001054257 9.999785106629133e-07
0.0707459999830462 0.001799999998183921
0.0707459999830462 0.0
0.06228499999269843 0.0015940000012051314
0.06228499999269843 1.00000761449337e-06
0.06089100000099279 0.0015620000194758177
0.06089100000099279 0.0
0.06070400000317022 0.0015190000121947378
0.06070400000317022 0.0
0.06018599998787977 0.001552000001538545
0.06018599998787977 0.0
0.06069500002195127 0.0015739999944344163
0.06069500002195127 0.0
0.060560000012628734 0.0015279999934136868
0.060560000012628734 1.00000761449337e-06
0.05787899999995716 0.0015619999903719872
0.05787899999995716 0.0
0.055303000001003966 0.0014700000174343586
0.055303000001003966 1.00000761449337e-06
0.05454199999803677 0.0014389999851118773
0.05454199999803677 0.0
0.055579999985639006 0.0014190000074449927
0.055579999985639006 1.00000761449337e-06
0.05840300000272691 0.0015030000067781657
0.05840300000272691 0.0
0.05942700000014156 0.0015319999947678298
0.05942700000014156 0.0
0.058139000000664964 0.0015290000010281801
0.058139000000664964 1.00000761449337e-06
0.05718999999226071 0.0014530000044032931
0.05718999999226071 0.0
0.05771600001025945 0.0017260000167880207
0.05771600001025945 0.0
0.057696000003488734 0.0014859999937471002
0.057696000003488734 0.0
0.05882000000565313 0.001552000001538545
0.05882000000565313 0.0
0.05262199998833239 0.0013850000104866922
0.05262199998833239 1.00000761449337e-06
0.05271800002083182 0.0013630000175908208
0.05271800002083182 0.0
0.05264999999781139 0.0013250000192783773
0.05264999999781139 9.999785106629133e-07
0.05322200001683086 0.0013940000208094716
0.05322200001683086 1.00000761449337e-06
0.05308599999989383 0.0015549999952781945
0.05308599999989383 0.0
0.05354100000113249 0.0014689999807160348
0.05354100000113249 0.0
0.05731000000378117 0.0017149999912362546
0.05731000000378117 1.00000761449337e-06
0.05465199999161996 0.0014709999959450215
0.05465199999161996 0.0
0.058240999991539866 0.0016309999919030815
0.058240999991539866 0.0
0.05791299999691546 0.0019299999985378236
0.05791299999691546 1.00000761449337e-06
0.05780899999081157 0.001556000002892688
0.05780899999081157 0.0
0.05861800001002848 0.001441000000340864
0.05861800001002848 0.0
0.059348000009777024 0.0015469999925699085
0.059348000009777024 0.0
0.05633599997963756 0.0014510000182781368
0.05633599997963756 0.0
0.055422999983420596 0.0014179999998304993
0.055422999983420596 9.999785106629133e-07
0.05506199999945238 0.0013780000153928995
0.05506199999945238 9.999785106629133e-07
0.05559400000493042 0.0013780000153928995
0.05559400000493042 1.00000761449337e-06
0.05526799999643117 0.0014059999957680702
0.05526799999643117 1.00000761449337e-06
0.05557199998293072 0.0014530000044032931
0.05557199998293072 1.00000761449337e-06
0.056502999999793246 0.0014660000160802156
0.056502999999793246 9.999785106629133e-07
0.05546800000593066 0.0016010000254027545
0.05546800000593066 0.0
0.05278500000713393 0.0014530000044032931
0.05278500000713393 9.999785106629133e-07
0.05293000000528991 0.0014429999864660203
0.05293000000528991 1.00000761449337e-06
0.052743000007467344 0.0013160000089555979
0.052743000007467344 1.00000761449337e-06
0.053084999992279336 0.0013599999947473407
0.053084999992279336 0.0
0.05045299997436814 0.0012550000101327896
0.05045299997436814 1.00000761449337e-06
0.050367999996524304 0.0013329999928828329
0.050367999996524304 0.0
0.05072100000688806 0.00136900000507012
0.05072100000688806 1.00000761449337e-06
0.055339999991701916 0.001420999993570149
0.055339999991701916 0.0
0.054724000015994534 0.0013990000006742775
0.054724000015994534 9.999785106629133e-07
0.05483000000822358 0.0013840000028721988
0.05483000000822358 0.0
0.05806700000539422 0.0016229999891947955
0.05806700000539422 1.00000761449337e-06
0.05764800001634285 0.0015110000094864517
0.05764800001634285 0.0
0.06121700000949204 0.0016630000027362257
0.06121700000949204 1.00000761449337e-06
0.061218999995617196 0.001636000000871718
0.061218999995617196 0.0
0.06090700000640936 0.0015779999957885593
0.06090700000640936 9.999785106629133e-07
0.060535999975400046 0.0015770000172778964
0.060535999975400046 1.00000761449337e-06
0.06031599998823367 0.0015199999907054007
0.06031599998823367 0.0
0.0594719999935478 0.0016309999919030815
0.0594719999935478 0.0
0.060379000002285466 0.0015199999907054007
0.060379000002285466 9.999785106629133e-07
0.060649999999441206 0.0015480000001844019
0.060649999999441206 1.00000761449337e-06
0.059273999999277294 0.0015629999979864806
0.059273999999277294 0.0
0.06325200002174824 0.0017570000200066715
0.06325200002174824 0.0
0.06286500001442619 0.0015719999792054296
0.06286500001442619 0.0
0.08467900002142414 0.0021880000131204724
0.08467900002142414 0.0
0.0677620000205934 0.0018570000247564167
0.0677620000205934 0.0
0.07137799999327399 0.0018789999885484576
0.07137799999327399 0.0
0.07326699999975972 0.0019540000066626817
0.07326699999975972 0.0
0.07079299999168143 0.0022699999972246587
0.07079299999168143 0.0
0.07027700002072379 0.0020170000207144767
0.07027700002072379 0.0
0.07039499998791143 0.0019730000058189034
0.07039499998791143 0.0
0.07101600000169128 0.001980000000912696
0.07101600000169128 0.0
0.06872099998872727 0.0019749999919440597
0.06872099998872727 9.999785106629133e-07
0.06986400001915172 0.0022000000171829015
0.06986400001915172 0.0
0.06755300000077114 0.0020019999938085675
0.06755300000077114 9.999785106629133e-07
0.06233299997984432 0.0016579999937675893
0.06233299997984432 1.00000761449337e-06
0.06033199999365024 0.0017170000064652413
0.06033199999365024 0.0
0.05737999998382293 0.0016469999973196536
0.05737999998382293 0.0
0.059607000002870336 0.0018140000174753368
0.059607000002870336 1.00000761449337e-06
0.06079300001147203 0.0020129999902565032
0.06079300001147203 0.0
0.05797800002619624 0.0018020000134129077
0.05797800002619624 0.0
0.05824299997766502 0.0014500000106636435
0.05824299997766502 0.0
0.05796599999302998 0.0014629999932367355
0.05796599999302998 1.00000761449337e-06
0.059861999994609505 0.0016020000039134175
0.059861999994609505 0.0
0.06353200000012293 0.0017090000037569553
0.06353200000012293 1.00000761449337e-06
0.06291200002306141 0.0018010000057984143
0.06291200002306141 0.0
0.06357500000740401 0.0016189999878406525
0.06357500000740401 1.00000761449337e-06
0.06371399998897687 0.0018860000127460808
0.06371399998897687 0.0
0.06471800000872463 0.0019249999895691872
0.06471800000872463 0.0
0.08491200002026744 0.0020590000203810632
0.08491200002026744 1.00000761449337e-06
0.06802499998593703 0.001832999987527728
0.06802499998593703 0.0
0.06974000000627711 0.0019610000017564744
0.06974000000627711 0.0
0.06788099999539554 0.0017640000151004642
0.06788099999539554 1.00000761449337e-06
0.06774299999233335 0.0017679999873507768
0.06774299999233335 0.0
0.06604599999263883 0.001820000004954636
0.06604599999263883 1.00000761449337e-06
0.06578499998431653 0.001707999996142462
0.06578499998431653 0.0
0.07978900001035072 0.0019850000098813325
0.07978900001035072 1.00000761449337e-06
0.08937400000286289 0.0024850000045262277
0.08937400000286289 1.00000761449337e-06
0.08609700002125464 0.0020650000078603625
0.08609700002125464 1.00000761449337e-06
0.07219600002281368 0.0026120000111404806
0.07219600002281368 9.999785106629133e-07
0.07243800000287592 0.0018149999959859997
0.07243800000287592 1.00000761449337e-06
0.06891800000448711 0.001871999993454665
0.06891800000448711 1.00000761449337e-06
0.0741439999837894 0.0019469999824650586
0.0741439999837894 0.0
0.07141100001172163 0.0019369999936316162
0.07141100001172163 1.00000761449337e-06
0.07192800001939759 0.0018800000252667814
0.07192800001939759 0.0
0.07032999998773448 0.0018939999863505363
0.07032999998773448 1.00000761449337e-06
0.06724999999278225 0.001736999984132126
0.06724999999278225 9.999785106629133e-07
0.07057800001348369 0.0018410000193398446
0.07057800001348369 1.00000761449337e-06
0.06237600001622923 0.0016260000120382756
0.06237600001622923 0.0
0.06584100000327453 0.00169500001356937
0.06584100000327453 0.0
0.06882000001496635 0.0018029999919235706
0.06882000001496635 0.0
0.07081599999219179 0.001783000014256686
0.07081599999219179 1.00000761449337e-06
0.07022900000447407 0.001771000010194257
0.07022900000447407 1.00000761449337e-06
0.07526399998459965 0.0021169999963603914
0.07526399998459965 0.0
0.07466899999417365 0.0018569999956525862
0.07466899999417365 0.0
0.07540600001811981 0.0018899999849963933
0.07540600001811981 1.00000761449337e-06
0.07472299999790266 0.0019279999833088368
0.07472299999790266 1.00000761449337e-06
0.07527200001641177 0.0018970000091940165
0.07527200001641177 0.0
0.07386900001438335 0.0018479999853298068
0.07386900001438335 1.00000761449337e-06
0.07079199998406693 0.001832999987527728
0.07079199998406693 0.0
0.0911529999866616 0.0019960000063292682
0.0911529999866616 0.0
0.08652300000539981 0.0025759999989531934
0.08652300000539981 0.0
0.08210400000098161 0.0017789999837987125
0.08210400000098161 1.00000761449337e-06
0.06605999998282641 0.0017669999797362834
0.06605999998282641 9.999785106629133e-07
0.06293500002357177 0.0016210000030696392
0.06293500002357177 1.00000761449337e-06
0.05822799997986294 0.0016630000027362257
0.05822799997986294 1.00000761449337e-06
0.05603399997926317 0.0021520000009331852
0.05603399997926317 0.0
0.05980300001101568 0.001552000001538545
0.05980300001101568 0.0
0.06142600000021048 0.0015870000061113387
0.06142600000021048 0.0
0.05898999999044463 0.0016089999990072101
0.05898999999044463 0.0
0.05735599997569807 0.0014950000040698797
0.05735599997569807 0.0
0.057618999999249354 0.001520999998319894
0.057618999999249354 1.00000761449337e-06
0.05737100000260398 0.0015899999998509884
0.05737100000260398 9.999785106629133e-07
0.056087000004481524 0.0014190000074449927
0.056087000004481524 0.0
0.05601400000159629 0.0014100000262260437
0.05601400000159629 1.00000761449337e-06
0.05814000000827946 0.0014599999994970858
0.05814000000827946 1.00000761449337e-06
0.0574860000051558 0.0014179999998304993
0.0574860000051558 0.0
0.05883399999584071 0.0015859999984968454
0.05883399999584071 1.00000761449337e-06
0.05759400001261383 0.001420000015059486
0.05759400001261383 0.0
0.05825800000457093 0.0019429999811109155
0.05825800000457093 0.0
0.05860599997686222 0.0014580000133719295
0.05860599997686222 0.0
0.05525599999236874 0.001377999986289069
0.05525599999236874 1.00000761449337e-06
0.058961000002454966 0.0014899999951012433
0.058961000002454966 0.0
0.05783299999893643 0.0014580000133719295
0.05783299999893643 0.0
0.057717999996384606 0.0014359999913722277
0.057717999996384606 0.0
0.057650000002468005 0.0014609999780077487
0.057650000002468005 0.0
0.05838000000221655 0.0014819999923929572
0.05838000000221655 1.00000761449337e-06
0.05690999998478219 0.001420999993570149
0.05690999998478219 1.00000761449337e-06
0.06025700000463985 0.0015490000077988952
0.06025700000463985 0.0
0.05760599998757243 0.0014490000030491501
0.05760599998757243 0.0
0.057262000016635284 0.0014349999837577343
0.057262000016635284 0.0
0.05791000000317581 0.001500999991549179
0.05791000000317581 0.0
0.05814700000337325 0.0014699999883305281
0.05814700000337325 0.0
0.05705100001068786 0.0014850000152364373
0.05705100001068786 0.0
0.057985000021290034 0.0014939999964553863
0.057985000021290034 1.00000761449337e-06
0.05790400001569651 0.0014779999910388142
0.05790400001569651 1.00000761449337e-06
0.05531700002029538 0.0014159999846015126
0.05531700002029538 0.0
0.053397000010591 0.0013780000153928995
0.053397000010591 0.0
0.056219999998575076 0.0014380000066012144
0.056219999998575076 9.999785106629133e-07
0.05273600001237355 0.0013719999988097697
0.05273600001237355 0.0
0.05055800001719035 0.0012790000182576478
0.05055800001719035 0.0
0.05110899999272078 0.0012909999932162464
0.05110899999272078 9.999785106629133e-07
0.05067200001212768 0.0012350000033620745
0.05067200001212768 0.0
0.051352999988012016 0.0013429999817162752
0.051352999988012016 1.00000761449337e-06
0.05003199999919161 0.0012970000097993761
0.05003199999919161 9.999785106629133e-07
0.050602000002982095 0.0012949999945703894
0.050602000002982095 0.0
0.05348000000230968 0.001412999990861863
0.05348000000230968 0.0
0.05148900000494905 0.001352999999653548
0.05148900000494905 9.999785106629133e-07
0.050144000008003786 0.0013029999972786754
0.050144000008003786 0.0
0.05060300001059659 0.0012620000052265823
0.05060300001059659 1.00000761449337e-06
0.04779399998369627 0.0012350000033620745
0.04779399998369627 0.0
0.04756099998485297 0.001201000006403774
0.04756099998485297 0.0
0.04758300000685267 0.001196000026538968
0.04758300000685267 0.0
0.0475789999763947 0.0012630000128410757
0.0475789999763947 1.00000761449337e-06
0.050396000006003305 0.0012549999810289592
0.050396000006003305 0.0
0.05071199999656528 0.001277000003028661
0.05071199999656528 1.00000761449337e-06
0.049621000012848526 0.001320000010309741
0.049621000012848526 0.0
0.050287999998545274 0.0013029999972786754
0.050287999998545274 1.00000761449337e-06
0.05332400000770576 0.00136599998222664
0.05332400000770576 1.00000761449337e-06
0.0593230000231415 0.002498999994713813
0.0593230000231415 1.00000761449337e-06
0.051497000007657334 0.0013460000045597553
0.051497000007657334 1.00000761449337e-06
0.051057000004220754 0.0014549999905284494
0.051057000004220754 0.0
0.05208299998776056 0.0014569999766536057
0.05208299998776056 1.00000761449337e-06
0.051115999987814575 0.0013719999988097697
0.051115999987814575 1.00000761449337e-06
0.051115999987814575 0.0013219999964348972
0.051115999987814575 1.00000761449337e-06
0.05223099997965619 0.0013709999911952764
0.05223099997965619 9.999785106629133e-07
0.05825200001709163 0.0014930000179447234
0.05825200001709163 1.00000761449337e-06
0.05281900000409223 0.001377999986289069
0.05281900000409223 1.00000761449337e-06
0.055457000009482726 0.0015279999934136868
0.055457000009482726 1.00000761449337e-06
0.05988300000899471 0.002482999989297241
0.05988300000899471 0.0
0.08429600001545623 0.0018910000217147171
0.08429600001545623 0.0
0.06427199998870492 0.0020429999858606607
0.06427199998870492 0.0
0.06137000001035631 0.0017650000227149576
0.06137000001035631 0.0
0.06467700001667254 0.0017930000030901283
0.06467700001667254 0.0
0.06525200000032783 0.0016349999932572246
0.06525200000032783 0.0
0.06562000000849366 0.0020010000152979046
0.06562000000849366 0.0
0.06516900000860915 0.0018019999843090773
0.06516900000860915 0.0
0.06537399999797344 0.001927000004798174
0.06537399999797344 1.00000761449337e-06
0.06695000000763685 0.0017069999885279685
0.06695000000763685 9.999785106629133e-07
0.06482900000992231 0.001631999999517575
0.06482900000992231 0.0
0.08401000002049841 0.0016119999927468598
0.08401000002049841 0.0
0.06109800000558607 0.001560000004246831
0.06109800000558607 0.0
0.06309400001191534 0.0016290000057779253
0.06309400001191534 0.0
0.06421399998362176 0.0016220000106841326
0.06421399998362176 0.0
0.06372099998407066 0.0016509999986737967
0.06372099998407066 0.0
0.05828600001404993 0.001476000004913658
0.05828600001404993 1.00000761449337e-06
0.05561099998885766 0.001365000003715977
0.05561099998885766 0.0
0.05622399999992922 0.0013960000069346279
0.05622399999992922 0.0
0.057893000019248575 0.0014610000071115792
0.057893000019248575 1.00000761449337e-06
0.058182000007946044 0.0014640000008512288
0.058182000007946044 9.999785106629133e-07
0.05760500000906177 0.0014060000248719007
0.05760500000906177 0.0
0.05558700000983663 0.0013869999966118485
0.05558700000983663 1.00000761449337e-06
0.05447999999159947 0.0014019999944139272
0.05447999999159947 9.999785106629133e-07
0.054277999995974824 0.0013909999979659915
0.054277999995974824 0.0
0.05251700000371784 0.0013139999937266111
0.05251700000371784 0.0
0.05265900000813417 0.0014239999873097986
0.05265900000813417 1.00000761449337e-06
0.05250099999830127 0.0014049999881535769
0.05250099999830127 1.00000761449337e-06
0.05271499999798834 0.0012910000223200768
0.05271499999798834 0.0
0.05602699998416938 0.0013810000091325492
0.05602699998416938 1.00000761449337e-06
0.057004000002052635 0.001383000024361536
0.057004000002052635 0.0
0.055543000024044886 0.0014020000235177577
0.055543000024044886 0.0
0.05539000002318062 0.0013460000045597553
0.05539000002318062 0.0
0.054872000007890165 0.0013749999925494194
0.054872000007890165 9.999785106629133e-07
0.05561099998885766 0.0013760000001639128
0.05561099998885766 0.0
0.055674999981420115 0.0014110000047367066
0.055674999981420115 1.00000761449337e-06
0.05547099999967031 0.0013790000230073929
0.05547099999967031 0.0
0.057884000008925796 0.001467000023694709
0.057884000008925796 0.0
0.08046199998352677 0.0021570000099018216
0.08046199998352677 0.0
0.05968799997936003 0.0014830000000074506
0.05968799997936003 0.0
0.060510999988764524 0.0016369999793823808
0.060510999988764524 0.0
0.060203000000910833 0.0017319999751634896
0.060203000000910833 1.00000761449337e-06
0.060584999999264255 0.0015509999939240515
0.060584999999264255 1.00000761449337e-06
0.06155499999294989 0.002027000009547919
0.06155499999294989 0.0
0.06162900000344962 0.0015279999934136868
0.06162900000344962 0.0
0.060190999996848404 0.0014999999839346856
0.060190999996848404 1.00000761449337e-06
0.06006399999023415 0.0014779999910388142
0.06006399999023415 1.00000761449337e-06
0.060071000014431775 0.0015229999844450504
0.060071000014431775 0.0
0.0572480000264477 0.001429999974789098
0.0572480000264477 0.0
0.059101999999256805 0.001428999996278435
0.059101999999256805 9.999785106629133e-07
0.05692800000542775 0.001512999995611608
0.05692800000542775 0.0
0.05764499999349937 0.0015060000005178154
0.05764499999349937 1.00000761449337e-06
0.05791099998168647 0.0014519999967887998
0.05791099998168647 0.0
0.060962999996263534 0.0015159999893512577
0.060962999996263534 0.0
0.06500799997593276 0.0016490000125486404
0.06500799997593276 0.0
0.06531200002063997 0.0016409999807365239
0.06531200002063997 0.0
0.06529800000134856 0.0016750000067986548
0.06529800000134856 1.00000761449337e-06
0.06547499998123385 0.0016300000133924186
0.06547499998123385 0.0
0.09012199999415316 0.0023259999870788306
0.09012199999415316 0.0
0.06524900000658818 0.0016170000017154962
0.06524900000658818 9.999785106629133e-07
0.0632610000029672 0.0015259999781847
0.0632610000029672 0.0
0.0663160000112839 0.0016060000052675605
0.0663160000112839 1.00000761449337e-06
0.06566799999563955 0.0016100000066217035
0.06566799999563955 0.0
0.06476099998690188 0.0016049999976530671
0.06476099998690188 0.0
0.06753199998638593 0.0017290000105276704
0.06753199998638593 1.00000761449337e-06
0.06784000000334345 0.0016450000111944973
0.06784000000334345 0.0
0.06498299998929724 0.0016309999919030815
0.06498299998929724 0.0
0.06565199999022298 0.0016030000115279108
0.06565199999022298 0.0
0.06078299999353476 0.0015420000127051026
0.06078299999353476 1.00000761449337e-06
0.05942400000640191 0.0014870000013615936
0.05942400000640191 0.0
0.05985099999816157 0.0014930000179447234
0.05985099999816157 1.00000761449337e-06
0.05967600000440143 0.0015100000018719584
0.05967600000440143 0.0
0.05922399999690242 0.001453999982913956
0.05922399999690242 0.0
0.05946999997831881 0.001508000015746802
0.05946999997831881 1.00000761449337e-06
0.06258600001456216 0.0015589999966323376
0.06258600001456216 0.0
0.06367999999201857 0.001588999992236495
0.06367999999201857 0.0
0.06361899999319576 0.0016309999919030815
0.06361899999319576 0.0
0.06290700001409277 0.0015629999979864806
0.06290700001409277 1.00000761449337e-06
0.05954400001792237 0.0018139999883715063
0.05954400001792237 0.0
0.059600000007776543 0.0015060000005178154
0.059600000007776543 0.0
0.06089399999473244 0.0015639999764971435
0.06089399999473244 1.00000761449337e-06
0.06400499999290332 0.001644000003580004
0.06400499999290332 0.0
0.06279100000392646 0.0016419999883510172
0.06279100000392646 9.999785106629133e-07
0.0633629999938421 0.001520999998319894
0.0633629999938421 1.00000761449337e-06
0.06518199999118224 0.0017060000100173056
0.06518199999118224 0.0
0.07056700001703575 0.0019610000017564744
0.07056700001703575 0.0
0.06947700001182966 0.0017370000132359564
0.06947700001182966 0.0
0.07059399998979643 0.001990000018849969
0.07059399998979643 1.00000761449337e-06
0.0776649999897927 0.0024529999936930835
0.0776649999897927 0.0
0.0816460000060033 0.001867999992100522
0.0816460000060033 0.0
0.0730899999907706 0.001912999985506758
0.0730899999907706 1.00000761449337e-06
0.07400500000221655 0.0019050000119023025
0.07400500000221655 1.00000761449337e-06
0.0754190000006929 0.001943999988725409
0.0754190000006929 0.0
0.07399100001202896 0.001883999997517094
0.07399100001202896 0.0
0.07532000000355765 0.0019789999932982028
0.07532000000355765 1.00000761449337e-06
0.06816599998273887 0.0021760000090580434
0.06816599998273887 0.0
0.06660700001521036 0.001699000014923513
0.06660700001521036 0.0
0.06579100000089966 0.0016889999969862401
0.06579100000089966 1.00000761449337e-06
0.0660900000075344 0.001703000016277656
0.0660900000075344 1.00000761449337e-06
0.06802600002265535 0.0017060000100173056
0.06802600002265535 9.999785106629133e-07
0.0677350000187289 0.0017900000093504786
0.0677350000187289 1.00000761449337e-06
0.06760899999062531 0.0017229999939445406
0.06760899999062531 0.0
0.06447499999194406 0.001640000002225861
0.06447499999194406 1.00000761449337e-06
0.06021499997586943 0.0015629999979864806
0.06021499997586943 0.0
0.06037099999957718 0.0018149999959859997
0.06037099999957718 0.0
0.061679999984335154 0.001596999994944781
0.061679999984335154 1.00000761449337e-06
0.06017100001918152 0.0015460000140592456
0.06017100001918152 1.00000761449337e-06
0.06035200000042096 0.001512999995611608
0.06035200000042096 9.999785106629133e-07
0.06109999999171123 0.0015300000086426735
0.06109999999171123 9.999785106629133e-07
0.063265999982832 0.0016110000142361969
0.063265999982832 0.0
0.061935999983688816 0.0015399999974761158
0.061935999983688816 1.00000761449337e-06
0.0629929999995511 0.0018020000134129077
0.0629929999995511 0.0
0.06230399999185465 0.0016119999927468598
0.06230399999185465 0.0
0.060036999988369644 0.0015300000086426735
0.060036999988369644 1.00000761449337e-06
0.06231300000217743 0.0015899999998509884
0.06231300000217743 1.00000761449337e-06
0.0648020000080578 0.0016289999766740948
0.0648020000080578 0.0
0.06806699998560362 0.0017480000096838921
0.06806699998560362 0.0
0.06629200000315905 0.001724999980069697
0.06629200000315905 1.00000761449337e-06
0.06623599998420104 0.0016680000117048621
0.06623599998420104 1.00000761449337e-06
0.06627499999012798 0.0016119999927468598
0.06627499999012798 0.0
0.06640099998912774 0.0017020000086631626
0.06640099998912774 0.0
0.06668700001318939 0.0016749999776948243
0.06668700001318939 1.00000761449337e-06
0.0633349999843631 0.0015810000186320394
0.0633349999843631 1.00000761449337e-06
0.0757480000029318 0.001744999986840412
0.0757480000029318 0.0
0.06555599998682737 0.0017179999849759042
0.06555599998682737 0.0
0.06553800002438948 0.0016610000166110694
0.06553800002438948 1.00000761449337e-06
0.06238899999880232 0.0016450000111944973
0.06238899999880232 9.999785106629133e-07
0.06181499999365769 0.0016389999946113676
0.06181499999365769 0.0
0.06014600000344217 0.0015530000091530383
0.06014600000344217 0.0
0.05988200000138022 0.0014749999972991645
0.05988200000138022 0.0
0.060656999994535 0.0015239999920595437
0.060656999994535 1.00000761449337e-06
0.06027300001005642 0.001537999982247129
0.06027300001005642 0.0
0.060160999972140417 0.0016170000017154962
0.060160999972140417 1.00000761449337e-06
0.060710999998264015 0.0015409999759867787
0.060710999998264015 0.0
0.06359899998642504 0.0015770000172778964
0.06359899998642504 1.00000761449337e-06
0.0625679999939166 0.0016080000204965472
0.0625679999939166 0.0
0.062494999991031364 0.0015819999971427023
0.062494999991031364 1.00000761449337e-06
0.06296500001917593 0.001592999993590638
0.06296500001917593 0.0
0.06360999998287298 0.0016499999910593033
0.06360999998287298 1.00000761449337e-06
0.06384200000320561 0.0016089999990072101
0.06384200000320561 0.0
0.0627319999912288 0.0015819999971427023
0.0627319999912288 0.0
0.06236100001842715 0.0020380000059958547
0.06236100001842715 0.0
0.0623129999730736 0.002082999999402091
0.0623129999730736 0.0
0.06416899999021553 0.001799999998183921
0.06416899999021553 0.0
0.0670269999827724 0.0018500000005587935
0.0670269999827724 9.999785106629133e-07
0.06524100000387989 0.0016630000027362257
0.06524100000387989 0.0
0.06629600000451319 0.0015850000199861825
0.06629600000451319 0.0
0.06559099999140017 0.001707999996142462
0.06559099999140017 0.0
0.06541000001016073 0.0016469999973196536
0.06541000001016073 0.0
0.06765800001448952 0.0017520000110380352
0.06765800001448952 0.0
0.09023800000431947 0.0024529999936930835
0.09023800000431947 9.999785106629133e-07
0.06801000001723878 0.0018029999919235706
0.06801000001723878 1.00000761449337e-06
0.0685689999954775 0.0017780000052880496
0.0685689999954775 1.00000761449337e-06
0.06726899999193847 0.0016780000005383044
0.06726899999193847 0.0
0.06815399997867644 0.0017170000064652413
0.06815399997867644 0.0
0.06865299999481067 0.001724000001559034
0.06865299999481067 0.0
0.0700139999971725 0.0017520000110380352
0.0700139999971725 9.999785106629133e-07
0.07339900001534261 0.0019010000105481595
0.07339900001534261 0.0
0.07290199998533353 0.0017579999985173345
0.07290199998533353 1.00000761449337e-06
0.07498299999861047 0.0019460000039543957
0.07498299999861047 1.00000761449337e-06
0.07483900000806898 0.0020450000010896474
0.07483900000806898 0.0
0.0757889999949839 0.0018709999858401716
0.0757889999949839 0.0
0.07333399998606183 0.0019179999944753945
0.07333399998606183 0.0
0.06949500000337139 0.0017550000047776848
0.06949500000337139 9.999785106629133e-07
0.07025600000633858 0.0017229999939445406
0.07025600000633858 9.999785106629133e-07
0.07003900001291186 0.0020469999872148037
0.07003900001291186 9.999785106629133e-07
0.07010300000547431 0.0018290000152774155
0.07010300000547431 1.00000761449337e-06
0.06966100001591258 0.0017419999931007624
0.06966100001591258 0.0
0.07070999999996275 0.0017660000012256205
0.07070999999996275 1.00000761449337e-06
0.07106600000406615 0.0017909999878611416
0.07106600000406615 0.0
0.06741899999906309 0.0016579999937675893
0.06741899999906309 0.0
0.06817899999441579 0.0017550000047776848
0.06817899999441579 1.00000761449337e-06
0.0686870000208728 0.0017839999927673489
0.0686870000208728 1.00000761449337e-06
0.08902499999385327 0.002378999983193353
0.08902499999385327 0.0
0.08878900000127032 0.0025059999898076057
0.08878900000127032 0.0
0.06777300001704134 0.001752999989548698
0.06777300001704134 0.0
0.06859099998837337 0.0016989999858196825
0.06859099998837337 0.0
0.0681369999947492 0.0020699999877251685
0.0681369999947492 0.0
0.06764599998132326 0.0017039999947883189
0.06764599998132326 9.999785106629133e-07
0.06739799998467788 0.0016969999996945262
0.06739799998467788 0.0
0.0676789999997709 0.0017299999890383333
0.0676789999997709 1.00000761449337e-06
0.06806099999812432 0.001664999988861382
0.06806099999812432 1.00000761449337e-06
0.0665900000021793 0.001724000001559034
0.0665900000021793 0.0
0.06772200000705197 0.001680999994277954
0.06772200000705197 0.0
0.07049399998504668 0.0018539999728091061
0.07049399998504668 0.0
0.07048399999621324 0.0018579999741632491
0.07048399999621324 1.00000761449337e-06
0.06980800000019372 0.0017430000007152557
0.06980800000019372 0.0
0.07030500000109896 0.001724000001559034
0.07030500000109896 1.00000761449337e-06
0.0705770000058692 0.0017819999775383621
0.0705770000058692 0.0
0.07052700000349432 0.0018890000064857304
0.07052700000349432 0.0
0.0709400000050664 0.0017989999905694276
0.0709400000050664 1.00000761449337e-06
0.07112000000779517 0.0018109999946318567
0.07112000000779517 0.0
0.0701100000005681 0.0017130000051110983
0.0701100000005681 0.0
0.06961299999966286 0.0017389999993611127
0.06961299999966286 0.0
0.07527800000389107 0.0018450000206939876
0.07527800000389107 0.0
0.07490500001586042 0.0018379999964963645
0.07490500001586042 1.00000761449337e-06
0.07505300000775605 0.0018669999844860286
0.07505300000775605 0.0
0.07675600002403371 0.0019040000042878091
0.07675600002403371 1.00000761449337e-06
0.07512599998153746 0.001879999996162951
0.07512599998153746 0.0
0.07705199997872114 0.0019770000071730465
0.07705199997872114 1.00000761449337e-06
0.07813500001793727 0.001939000008860603
0.07813500001793727 9.999785106629133e-07
0.09959800000069663 0.001994999998714775
0.09959800000069663 1.00000761449337e-06
0.09825000001001172 0.002697000018088147
0.09825000001001172 0.0
0.07779399998253211 0.0019399999873712659
0.07779399998253211 0.0
0.07813000000896864 0.0020099999965168536
0.07813000000896864 9.999785106629133e-07
0.07786099999793805 0.001943000010214746
0.07786099999793805 1.00000761449337e-06
0.07906700001331046 0.0020069999736733735
0.07906700001331046 0.0
0.0777210000087507 0.0019919999758712947
0.0777210000087507 0.0
0.07959199999459088 0.004545000003417954
0.07959199999459088 0.0
0.07832800000323914 0.001959999994141981
0.07832800000323914 0.0
0.07856799999717623 0.0019419999734964222
0.07856799999717623 0.0
0.07983300002524629 0.0020099999965168536
0.07983300002524629 1.00000761449337e-06
0.0772620000061579 0.0020210000220686197
0.0772620000061579 0.0
0.07769000000553206 0.0019690000044647604
0.07769000000553206 1.00000761449337e-06
0.07464299999992363 0.001879000017652288
0.07464299999992363 0.0
0.07236900000134483 0.0018280000076629221
0.07236900000134483 1.00000761449337e-06
0.09165799999027513 0.002574000012828037
0.09165799999027513 1.00000761449337e-06
0.06984000001102686 0.001787999994121492
0.06984000001102686 0.0
0.070185999997193 0.0018139999883715063
0.070185999997193 0.0
0.07287599999108352 0.0018319999799132347
0.07287599999108352 9.999785106629133e-07
0.07178399999975227 0.0018020000134129077
0.07178399999975227 1.00000761449337e-06
0.07215600000927225 0.0018199999758508056
0.07215600000927225 1.00000761449337e-06
0.07340900000417605 0.0018660000059753656
0.07340900000417605 0.0
0.07308200001716614 0.001808000000892207
0.07308200001716614 0.0
0.07201299999724142 0.0017539999971631914
0.07201299999724142 1.00000761449337e-06
0.07233100000303239 0.001791999995475635
0.07233100000303239 0.0
0.07253400000627153 0.0018189999973401427
0.07253400000627153 9.999785106629133e-07
0.07033099999534898 0.001724999980069697
0.07033099999534898 0.0
0.07041700000991113 0.0018139999883715063
0.07041700000991113 1.00000761449337e-06
0.07300599999143742 0.001820000004954636
0.07300599999143742 9.999785106629133e-07
0.0731110000051558 0.0018669999844860286
0.0731110000051558 1.00000761449337e-06
0.07339000000501983 0.0020220000005792826
0.07339000000501983 0.0
0.07369900000048801 0.0019459999748505652
0.07369900000048801 1.00000761449337e-06
0.0744319999939762 0.00185500000952743
0.0744319999939762 0.0
0.07592900001327507 0.001999000000068918
0.07592900001327507 0.0
0.0768720000050962 0.0020080000103916973
0.0768720000050962 1.00000761449337e-06
0.0755090000166092 0.0018469999777153134
0.0755090000166092 1.00000761449337e-06
0.07572799999616109 0.001947999990079552
0.07572799999616109 9.999785106629133e-07
0.077331000007689 0.0019380000012461096
0.077331000007689 9.999785106629133e-07
0.07874400002765469 0.0019230000034440309
0.07874400002765469 9.999785106629133e-07
0.07843699998920783 0.0019420000026002526
0.07843699998920783 9.999785106629133e-07
0.08018199997604825 0.0021080000151414424
0.08018199997604825 1.00000761449337e-06
0.08010900000226684 0.0019219999958295375
0.08010900000226684 0.0
0.08259999999427237 0.002033000026131049
0.08259999999427237 0.0
0.0839150000247173 0.0021600000036414713
0.0839150000247173 0.0
0.07856000002357177 0.0019659999816212803
0.07856000002357177 0.0
0.07654999999795109 0.0018579999741632491
0.07654999999795109 0.0
0.07719799998449162 0.0019460000039543957
0.07719799998449162 9.999785106629133e-07
0.07855999999446794 0.001931000006152317
0.07855999999446794 0.0
0.08084899999084882 0.0019570000004023314
0.08084899999084882 9.999785106629133e-07
0.07803299999795854 0.00197500002104789
0.07803299999795854 0.0
0.08079400000860915 0.002004999987548217
0.08079400000860915 0.0
0.07977400001254864 0.0020260000019334257
0.07977400001254864 0.0
0.08081099999253638 0.0019730000058189034
0.08081099999253638 0.0
0.08381199999712408 0.002119999990100041
0.08381199999712408 1.00000761449337e-06
0.080932999990182 0.0020209999929647893
0.080932999990182 1.00000761449337e-06
0.11031099999672733 0.0028999999922234565
0.11031099999672733 0.0
0.08110500001930632 0.0019850000098813325
0.08110500001930632 1.00000761449337e-06
0.08209700000588782 0.0021229999838396907
0.08209700000588782 0.0
0.08436199999414384 0.002068000001600012
0.08436199999414384 1.00000761449337e-06
0.0815969999821391 0.0020200000144541264
0.0815969999821391 1.00000761449337e-06
0.08261899999342859 0.0020240000158082694
0.08261899999342859 1.00000761449337e-06
0.08344300001044758 0.0021059999999124557
0.08344300001044758 1.00000761449337e-06
0.07590500000515021 0.0017860000079963356
0.07590500000515021 1.00000761449337e-06
0.07518799998797476 0.0018280000076629221
0.07518799998797476 1.00000761449337e-06
0.07642699999269098 0.0019029999966733158
0.07642699999269098 9.999785106629133e-07
0.07559799999580719 0.001863999990746379
0.07559799999580719 0.0
0.0741439999837894 0.001879999996162951
0.0741439999837894 1.00000761449337e-06
0.10174700000789016 0.002549000026192516
0.10174700000789016 1.00000761449337e-06
0.07840999998734333 0.0018909999926108867
0.07840999998734333 0.0
0.08125200000358745 0.001959000015631318
0.08125200000358745 1.00000761449337e-06
0.08124400000087917 0.0020329999970272183
0.08124400000087917 9.999785106629133e-07
0.11118700000224635 0.002888999995775521
0.11118700000224635 0.0
0.0808520000136923 0.0019069999980274588
0.0808520000136923 1.00000761449337e-06
0.08021799998823553 0.0021229999838396907
0.08021799998823553 1.00000761449337e-06
0.07873300000210293 0.0018959999724756926
0.07873300000210293 0.0
0.08479399999487214 0.0020380000059958547
0.08479399999487214 1.00000761449337e-06
0.07742699998198077 0.001892999978736043
0.07742699998198077 9.999785106629133e-07
0.07973800000036135 0.0019460000039543957
0.07973800000036135 9.999785106629133e-07
0.0830300000088755 0.0019219999958295375
0.0830300000088755 0.0
0.08332999999402091 0.0020650000078603625
0.08332999999402091 0.0
0.08724299998721108 0.0025099999911617488
0.08724299998721108 1.00000761449337e-06
0.08233199999085627 0.0020139999978709966
0.08233199999085627 0.0
0.08230099998763762 0.00200899998890236
0.08230099998763762 0.0
0.07973900000797585 0.00201500000548549
0.07973900000797585 0.0
0.0814879999961704 0.001986000017495826
0.0814879999961704 0.0
0.07827399999951012 0.0019000000029336661
0.07827399999951012 0.0
0.0795429999998305 0.001947000011568889
0.0795429999998305 1.00000761449337e-06
0.07987600000342354 0.0019289999909233302
0.07987600000342354 0.0
0.08254699999815784 0.002025999972829595
0.08254699999815784 1.00000761449337e-06
0.08113900001626462 0.0020050000166520476
0.08113900001626462 0.0
0.08331200000247918 0.0020589999912772328
0.08331200000247918 9.999785106629133e-07
0.08310299998265691 0.002064000000245869
0.08310299998265691 1.00000761449337e-06
0.07962099998258054 0.0019709999905899167
0.07962099998258054 9.999785106629133e-07
0.07992499999818392 0.0019570000004023314
0.07992499999818392 1.00000761449337e-06
0.08029499999247491 0.0020099999965168536
0.08029499999247491 1.00000761449337e-06
0.07741299999179319 0.001875000016298145
0.07741299999179319 1.00000761449337e-06
0.07946599999559112 0.0023099999816622585
0.07946599999559112 1.00000761449337e-06
0.0770030000130646 0.0018910000217147171
0.0770030000130646 0.0
0.07968799999798648 0.0019429999811109155
0.07968799999798648 0.0
0.07970000000204891 0.001999000000068918
0.07970000000204891 0.0
0.08069399997475557 0.0019690000044647604
0.08069399997475557 0.0
0.076139000011608 0.0019299999985378236
0.076139000011608 9.999785106629133e-07
0.0760770000051707 0.0019200000097043812
0.0760770000051707 1.00000761449337e-06
0.07744399999501184 0.0019040000042878091
0.07744399999501184 1.00000761449337e-06
0.0775640000065323 0.0019169999868609011
0.0775640000065323 1.00000761449337e-06
0.07818799998494796 0.0019669999892357737
0.07818799998494796 0.0
0.07777400000486523 0.001896999980090186
0.07777400000486523 9.999785106629133e-07
0.0788520000060089 0.0018819999822881073
0.0788520000060089 0.0
0.07723799999803305 0.001943999988725409
0.07723799999803305 1.00000761449337e-06
0.07802499999525025 0.001939000008860603
0.07802499999525025 0.0
0.0770079999929294 0.0018930000078398734
0.0770079999929294 1.00000761449337e-06
0.0740920000243932 0.001879999996162951
0.0740920000243932 1.00000761449337e-06
0.07662000000709668 0.0018559999880380929
0.07662000000709668 0.0
0.07741600001463667 0.0019109999993816018
0.07741600001463667 1.00000761449337e-06
0.07797100002062507 0.0019139999931212515
0.07797100002062507 1.00000761449337e-06
0.07752500000060536 0.0018430000054650009
0.07752500000060536 9.999785106629133e-07
0.07816900001489557 0.0019290000200271606
0.07816900001489557 1.00000761449337e-06
0.08130800002254546 0.001963000016985461
0.08130800002254546 1.00000761449337e-06
0.07818099998985417 0.0018699999782256782
0.07818099998985417 1.00000761449337e-06
0.0775359999970533 0.0018609999970067292
0.0775359999970533 0.0
0.07823499999358319 0.001974000013433397
0.07823499999358319 0.0
0.07901899999706075 0.0019970000139437616
0.07901899999706075 1.00000761449337e-06
0.0778920000011567 0.0020000000076834112
0.0778920000011567 9.999785106629133e-07
0.07737300000735559 0.0018949999939650297
0.07737300000735559 0.0
0.07775200001196936 0.001875000016298145
0.07775200001196936 9.999785106629133e-07
0.07856800002628006 0.0019190000020898879
0.07856800002628006 0.0
0.07702299999073148 0.0019380000012461096
0.07702299999073148 1.00000761449337e-06
0.07830900000408292 0.0018699999782256782
0.07830900000408292 9.999785106629133e-07
0.08009100001072511 0.001984000002266839
0.08009100001072511 1.00000761449337e-06
0.08450900000752881 0.0023520000104326755
0.08450900000752881 0.0
0.0813520000083372 0.001967999996850267
0.0813520000083372 0.0
0.08021800001733936 0.0019460000039543957
0.08021800001733936 0.0
0.08075300001655705 0.0019580000080168247
0.08075300001655705 0.0
0.08088300001691096 0.0020189999777358025
0.08088300001691096 0.0
0.08042600000044331 0.0019629999878816307
0.08042600000044331 0.0
0.07753300000331365 0.001947000011568889
0.07753300000331365 0.0
0.08082499998272397 0.00197199999820441
0.08082499998272397 0.0
0.08024300000397488 0.0019829999946523458
0.08024300000397488 0.0
0.0794459999888204 0.0019409999949857593
0.0794459999888204 0.0
0.08017100000870414 0.0020169999916106462
0.08017100000870414 0.0
0.07951300000422634 0.0019899999897461385
0.07951300000422634 0.0
0.078551000013249 0.0019360000151209533
0.078551000013249 1.00000761449337e-06
0.07770600001094863 0.0018579999741632491
0.07770600001094863 0.0
0.07877799999550916 0.001939000008860603
0.07877799999550916 0.0
0.07810199999948964 0.001959999994141981
0.07810199999948964 0.0
0.07880600000498816 0.001832999987527728
0.07880600000498816 0.0
0.07769099998404272 0.001871999993454665
0.07769099998404272 9.999785106629133e-07
0.0763089999963995 0.0018689999997150153
0.0763089999963995 0.0
0.07880100002512336 0.001967000018339604
0.07880100002512336 0.0
0.07877299998654053 0.001947000011568889
0.07877299998654053 0.0
0.07850499998312443 0.0018709999858401716
0.07850499998312443 0.0
0.08227799998712726 0.0019580000080168247
0.08227799998712726 0.0
0.08037000001058914 0.001992000004975125
0.08037000001058914 0.0
0.0848859999969136 0.0019819999870378524
0.0848859999969136 9.999785106629133e-07
0.08269100001780316 0.0020179999992251396
0.08269100001780316 0.0
0.08276799999293871 0.0019709999905899167
0.08276799999293871 0.0
0.08500599997933023 0.0047420000191777945
0.08500599997933023 0.0
0.08564200002001598 0.00217199997860007
0.08564200002001598 0.0
0.08614299999317154 0.0025390000082552433
0.08614299999317154 0.0
0.08739100000821054 0.0021659999911207706
0.08739100000821054 0.0
0.08764599999994971 0.0022729999909643084
0.08764599999994971 0.0
0.08763800002634525 0.002087000000756234
0.08763800002634525 1.00000761449337e-06
0.10930300000472926 0.0029289999802131206
0.10930300000472926 9.999785106629133e-07
0.09061199999996461 0.005147999996552244
0.09061199999996461 1.00000761449337e-06
0.09127099998295307 0.002355000004172325
0.09127099998295307 0.0
0.08996300000580959 0.0021450000058393925
0.08996300000580959 0.0
0.09039300002041273 0.002361999999266118
0.09039300002041273 0.0
0.08815900000627153 0.0021770000166725367
0.08815900000627153 1.00000761449337e-06
0.1078259999922011 0.0031029999954625964
0.1078259999922011 0.0
0.08826799999224022 0.002150999993318692
0.08826799999224022 1.00000761449337e-06
0.08852700001443736 0.002111000008881092
0.08852700001443736 0.0
0.0840969999844674 0.002074000018183142
0.0840969999844674 1.00000761449337e-06
0.08637100001215003 0.0021389999892562628
0.08637100001215003 9.999785106629133e-07
0.08835900001577102 0.0021690000139642507
0.08835900001577102 0.0
0.08657300000777468 0.0020939999958500266
0.08657300000777468 1.00000761449337e-06
0.08618600000045262 0.002078000019537285
0.08618600000045262 1.00000761449337e-06
0.08826099999714643 0.002139999996870756
0.08826099999714643 0.0
0.08870299998670816 0.0021889999916311353
0.08870299998670816 1.00000761449337e-06
0.08749599999282509 0.002091000002110377
0.08749599999282509 0.0
0.08713999998872168 0.0021000000124331564
0.08713999998872168 0.0
0.08834400001796894 0.0021280000219121575
0.08834400001796894 1.00000761449337e-06
0.08831900000222959 0.0025470000109635293
0.08831900000222959 0.0
0.08587599999736995 0.002130000008037314
0.08587599999736995 9.999785106629133e-07
0.08606099997996353 0.002154999994672835
0.08606099997996353 1.00000761449337e-06
0.08431999999447726 0.0020699999877251685
0.08431999999447726 1.00000761449337e-06
0.08779200000572018 0.0021370000031311065
0.08779200000572018 1.00000761449337e-06
0.0874150000163354 0.002246000018203631
0.0874150000163354 1.00000761449337e-06
0.08711700001731515 0.0021459999843500555
0.08711700001731515 0.0
0.09049199998844415 0.002234999992651865
0.09049199998844415 1.00000761449337e-06
0.08922799999709241 0.0021849999902769923
0.08922799999709241 0.0
0.09257999999681488 0.002287000010255724
0.09257999999681488 1.00000761449337e-06
0.09129800001392141 0.002255999977933243
0.09129800001392141 1.00000761449337e-06
0.08627400000113994 0.002203999989433214
0.08627400000113994 0.0
0.08896100000129081 0.0022170000011101365
0.08896100000129081 1.00000761449337e-06
0.08723100001225248 0.0021320000232663006
0.08723100001225248 1.00000761449337e-06
0.08840199999394827 0.0021810000180266798
0.08840199999394827 1.00000761449337e-06
0.08780300000216812 0.002203999989433214
0.08780300000216812 0.0
0.09259399998700246 0.002166999998735264
0.09259399998700246 9.999785106629133e-07
0.0910450000083074 0.0021269999851938337
0.0910450000083074 9.999785106629133e-07
0.11767300000065006 0.0029780000040773302
0.11767300000065006 0.0
0.09030899999197572 0.002187000005505979
0.09030899999197572 0.0
0.09134800001629628 0.002238000015495345
0.09134800001629628 0.0
0.09043500002007931 0.0022019999742042273
0.09043500002007931 1.00000761449337e-06
0.09017900002072565 0.0022210000024642795
0.09017900002072565 0.0
0.09296999999787658 0.002271000004839152
0.09296999999787658 1.00000761449337e-06
0.09735599998384714 0.0054390000004787
0.09735599998384714 0.0
0.09585500002140179 0.00249800001620315
0.09585500002140179 0.0
0.0973859999794513 0.00253800000064075
0.0973859999794513 1.00000761449337e-06
0.09510900001623668 0.0023339999897871166
0.09510900001623668 0.0
0.09416999999666587 0.002255999977933243
0.09416999999666587 0.0
0.09749499999452382 0.002470000006724149
0.09749499999452382 0.0
0.10265099999378435 0.0028049999964423478
0.10265099999378435 0.0
0.09751299998606555 0.0024440000124741346
0.09751299998606555 9.999785106629133e-07
0.10121900000376627 0.005758000013884157
0.10121900000376627 0.0
0.12431899999501184 0.003419000015128404
0.12431899999501184 1.00000761449337e-06
0.11682299998938106 0.0031639999942854047
0.11682299998938106 0.0
0.10417199999210425 0.0025650000025052577
0.10417199999210425 0.0
0.1004020000109449 0.00253800000064075
0.1004020000109449 1.00000761449337e-06
0.10082399999373592 0.002521999995224178
0.10082399999373592 9.999785106629133e-07
0.10043399999267422 0.002582999994046986
0.10043399999267422 1.00000761449337e-06
0.1005159999767784 0.0032460000074934214
0.1005159999767784 1.00000761449337e-06
0.10791500000050291 0.0026089999882970005
0.10791500000050291 1.00000761449337e-06
0.11367399999289773 0.0024240000057034194
0.11367399999289773 0.0
0.11030900001060218 0.0025070000265259296
0.11030900001060218 0.0
0.10084199998527765 0.0024850000045262277
0.10084199998527765 0.0
0.10124400001950562 0.0024280000070575625
0.10124400001950562 0.0
0.10057900001993403 0.0024670000129844993
0.10057900001993403 1.00000761449337e-06
0.09904299999470823 0.0025000000023283064
0.09904299999470823 0.0
0.09965899999951944 0.0024219999904744327
0.09965899999951944 0.0
0.1003459999919869 0.0025019999884534627
0.1003459999919869 0.0
0.10070499998982996 0.0024449999909847975
0.10070499998982996 0.0
0.10730100001092069 0.002330999996047467
0.10730100001092069 0.0
0.09785000002011657 0.0023729999957140535
0.09785000002011657 1.00000761449337e-06
0.0981339999998454 0.0024790000170469284
0.0981339999998454 1.00000761449337e-06
0.11831900000106543 0.002873999997973442
0.11831900000106543 0.0
0.12493999997968785 0.0028319999983068556
0.12493999997968785 0.0
0.12774799999897368 0.0026120000111404806
0.12774799999897368 1.00000761449337e-06
0.12102799999411218 0.00342100000125356
0.12102799999411218 0.0
0.0997790000110399 0.0024969999794848263
0.0997790000110399 9.999785106629133e-07
0.10432400001445785 0.0026199999847449362
0.10432400001445785 0.0
0.10145799999008887 0.002441999997245148
0.10145799999008887 9.999785106629133e-07
0.10078300000168383 0.0023689999943599105
0.10078300000168383 1.00000761449337e-06
0.13451099998201244 0.0033509999921079725
0.13451099998201244 9.999785106629133e-07
0.09804400001303293 0.0023090000031515956
0.09804400001303293 0.0
0.0976059999957215 0.0023219999857246876
0.0976059999957215 1.00000761449337e-06
0.09825999999884516 0.002439000003505498
0.09825999999884516 1.00000761449337e-06
0.09863100000075065 0.0023899999796412885
0.09863100000075065 1.00000761449337e-06
0.09735500000533648 0.0023529999889433384
0.09735500000533648 9.999785106629133e-07
0.1017229999997653 0.0024649999977555126
0.1017229999997653 0.0
0.10048300001653843 0.002486999990651384
0.10048300001653843 1.00000761449337e-06
0.10305100001278333 0.0024890000058803707
0.10305100001278333 0.0
0.10083799998392351 0.002470999985234812
0.10083799998392351 0.0
0.09896699999808334 0.0024520000151824206
0.09896699999808334 0.0
0.10566700002527796 0.0067860000126529485
0.10566700002527796 0.0
0.10554300001240335 0.0027359999949112535
0.10554300001240335 1.00000761449337e-06
0.10244700001203455 0.0024139999877661467
0.10244700001203455 0.0
0.10169099998893216 0.0023979999823495746
0.10169099998893216 1.00000761449337e-06
0.10337700002128258 0.0024160000029951334
0.10337700002128258 0.0
0.10455600000568666 0.002510999998776242
0.10455600000568666 0.0
0.10280799999600276 0.002429000014672056
0.10280799999600276 1.00000761449337e-06
0.10521499998867512 0.0027110000082757324
0.10521499998867512 9.999785106629133e-07
0.10591899999417365 0.0025929999828804284
0.10591899999417365 9.999785106629133e-07
0.10829899998498149 0.002657000004546717
0.10829899998498149 0.0
0.11279199999989942 0.006380000006174669
0.11279199999989942 0.0
0.1090109999931883 0.002769999991869554
0.1090109999931883 1.00000761449337e-06
0.11009000000194646 0.002650000009452924
0.11009000000194646 0.0
0.11020799999823794 0.0027600000030361116
0.11020799999823794 9.999785106629133e-07
0.11201400001300499 0.002693999995244667
0.11201400001300499 0.0
0.10994200001005083 0.0025790000217966735
0.10994200001005083 1.00000761449337e-06
0.11205200001131743 0.0027399999962653965
0.11205200001131743 1.00000761449337e-06
0.11364599998341873 0.005258000019239262
0.11364599998341873 0.0
0.12336500000674278 0.0027279999922029674
0.12336500000674278 0.0
0.11244900000747293 0.0027039999840781093
0.11244900000747293 0.0
0.14137399999890476 0.004444000020157546
0.14137399999890476 1.00000761449337e-06
0.13898099999642 0.0033910000056494027
0.13898099999642 1.00000761449337e-06
0.14564800000516698 0.002917000005254522
0.14564800000516698 0.0
0.11863899999298155 0.0031669999880250543
0.11863899999298155 1.00000761449337e-06
0.11481800000183284 0.0031599999929312617
0.11481800000183284 0.0
0.11591399999451824 0.006633999990299344
0.11591399999451824 9.999785106629133e-07
0.11861700000008568 0.003132999991066754
0.11861700000008568 9.999785106629133e-07
0.11616700000013225 0.0028049999964423478
0.11616700000013225 0.0
0.11270700002205558 0.0026750000251922756
0.11270700002205558 0.0
0.11267300002509728 0.002737000002525747
0.11267300002509728 0.0
0.1142299999773968 0.002877999999327585
0.1142299999773968 1.00000761449337e-06
0.11301499998080544 0.0026840000064112246
0.11301499998080544 1.00000761449337e-06
0.11180000001331791 0.0026740000175777823
0.11180000001331791 1.00000761449337e-06
0.11062500000116415 0.002769999991869554
0.11062500000116415 0.0
0.11009199998807162 0.002650999987963587
0.11009199998807162 9.999785106629133e-07
0.11507900001015514 0.0027319999935571104
0.11507900001015514 0.0
0.11289200000464916 0.0027350000164005905
0.11289200000464916 0.0
0.11533800000324845 0.0027439999976195395
0.11533800000324845 1.00000761449337e-06
0.11522199999308214 0.0028230000170879066
0.11522199999308214 1.00000761449337e-06
0.11382600001525134 0.0028590000001713634
0.11382600001525134 0.0
0.11279699997976422 0.0026800000050570816
0.11279699997976422 1.00000761449337e-06
0.11354500000015832 0.0030439999827649444
0.11354500000015832 9.999785106629133e-07
0.11393299998599105 0.002666999993380159
0.11393299998599105 1.00000761449337e-06
0.11071300000185147 0.0026439999928697944
0.11071300000185147 0.0
0.11017299999366514 0.0026110000035259873
0.11017299999366514 1.00000761449337e-06
0.11455500000738539 0.0026660000148694962
0.11455500000738539 0.0
0.1132190000207629 0.0026450000004842877
0.1132190000207629 1.00000761449337e-06
0.1129310000105761 0.0027279999922029674
0.1129310000105761 0.0
0.11266899999463931 0.0026599999982863665
0.11266899999463931 9.999785106629133e-07
0.1133210000116378 0.0026700000162236392
0.1133210000116378 0.0
0.11624400000437163 0.0027700000209733844
0.11624400000437163 1.00000761449337e-06
0.11579499999061227 0.0028609999862965196
0.11579499999061227 1.00000761449337e-06
0.11499200001708232 0.0027660000196192414
0.11499200001708232 1.00000761449337e-06
0.11810600000899285 0.002972999995108694
0.11810600000899285 1.00000761449337e-06
0.11716599998180754 0.0028509999974630773
0.11716599998180754 0.0
0.11858400001074187 0.0029780000040773302
0.11858400001074187 0.0
0.11769000001368113 0.0027910000062547624
0.11769000001368113 0.0
0.11466400002245791 0.0030269999988377094
0.11466400002245791 0.0
0.11453500000061467 0.0029289999802131206
0.11453500000061467 1.00000761449337e-06
0.11514099998748861 0.002681000012671575
0.11514099998748861 0.0
0.1173549999948591 0.002825000003213063
0.1173549999948591 0.0
0.11820699999225326 0.0029020000074524432
0.11820699999225326 0.0
0.11793299997225404 0.002833000005921349
0.11793299997225404 0.0
0.11464600000181235 0.002798000001348555
0.11464600000181235 0.0
0.11672099999850616 0.0027800000098068267
0.11672099999850616 1.00000761449337e-06
0.1179779999947641 0.0030519999854732305
0.1179779999947641 0.0
0.11858300000312738 0.002841999987140298
0.11858300000312738 1.00000761449337e-06
0.11819500001729466 0.002878999977838248
0.11819500001729466 0.0
0.11712400001124479 0.0027620000182650983
0.11712400001124479 0.0
0.11387799997464754 0.0027969999937340617
0.11387799997464754 1.00000761449337e-06
0.11852600000565872 0.002801000024192035
0.11852600000565872 1.00000761449337e-06
0.1177740000130143 0.0027390000177547336
0.1177740000130143 1.00000761449337e-06
0.11891300001298077 0.0029269999940879643
0.11891300001298077 0.0
0.1178760000038892 0.002877999999327585
0.1178760000038892 1.00000761449337e-06
0.11685200000647455 0.002777000016067177
0.11685200000647455 0.0
0.11789199998020194 0.0028239999955985695
0.11789199998020194 9.999785106629133e-07
0.12098799998057075 0.006993999995756894
0.12098799998057075 9.999785106629133e-07
0.12155699997674674 0.003136000013910234
0.12155699997674674 0.0
0.12144300001091324 0.002933000010671094
0.12144300001091324 1.00000761449337e-06
0.12103899999056011 0.0029590000049211085
0.12103899999056011 1.00000761449337e-06
0.12102300001424737 0.0029980000108480453
0.12102300001424737 1.00000761449337e-06
0.11792699998477474 0.0029039999935775995
0.11792699998477474 0.0
0.11954600000171922 0.0029159999976400286
0.11954600000171922 0.0
0.12020499998470768 0.0028670000028796494
0.12020499998470768 1.00000761449337e-06
0.12060799999744631 0.0028400000010151416
0.12060799999744631 1.00000761449337e-06
0.12231099998462014 0.003052000014577061
0.12231099998462014 0.0
0.12317400000756606 0.0029349999967962503
0.12317400000756606 9.999785106629133e-07
0.12057499997899868 0.0031029999954625964
0.12057499997899868 0.0
0.12461900000926107 0.0029529999883379787
0.12461900000926107 0.0
0.12309899998945184 0.003025999991223216
0.12309899998945184 1.00000761449337e-06
0.12291700000059791 0.002917999983765185
0.12291700000059791 0.0
0.12403099998482503 0.002966000000014901
0.12403099998482503 0.0
0.12229299999307841 0.002921000006608665
0.12229299999307841 1.00000761449337e-06
0.12166199999046512 0.0028839999868068844
0.12166199999046512 0.0
0.12136600000667386 0.0028609999862965196
0.12136600000667386 9.999785106629133e-07
0.11968899998464622 0.0027950000076089054
0.11968899998464622 0.0
0.12036900001112372 0.0028489999822340906
0.12036900001112372 0.0
0.12048900002264418 0.00290400002268143
0.12048900002264418 1.00000761449337e-06
0.12360700001590885 0.0036649999965447932
0.12360700001590885 1.00000761449337e-06
0.1204450000077486 0.002833000005921349
0.1204450000077486 0.0
0.12221599998883903 0.0029020000074524432
0.12221599998883903 1.00000761449337e-06
0.12470200000097975 0.0030049999768380076
0.12470200000097975 0.0
0.12466899998253211 0.00302100001135841
0.12466899998253211 0.0
0.12123299998347647 0.002825000003213063
0.12123299998347647 1.00000761449337e-06
0.12375800000154413 0.003204000007826835
0.12375800000154413 0.0
0.12177999998675659 0.003005000005941838
0.12177999998675659 0.0
0.12512700000661425 0.006991000002017245
0.12512700000661425 9.999785106629133e-07
0.12177999998675659 0.0029470000008586794
0.12177999998675659 0.0
0.12454799999250099 0.003049999999348074
0.12454799999250099 9.999785106629133e-07
0.12662500000442378 0.0030430000042542815
0.12662500000442378 1.00000761449337e-06
0.12801700001000427 0.003113000013399869
0.12801700001000427 1.00000761449337e-06
0.1304999999993015 0.003097000007983297
0.1304999999993015 1.00000761449337e-06
0.12708599999314174 0.00301799998851493
0.12708599999314174 1.00000761449337e-06
0.12659100000746548 0.002921999985119328
0.12659100000746548 0.0
0.1305409999913536 0.007432999991578981
0.1305409999913536 9.999785106629133e-07
0.13029800000367686 0.003192000003764406
0.13029800000367686 1.00000761449337e-06
0.13008100001025014 0.0030839999963063747
0.13008100001025014 0.0
0.12738099999842234 0.0030350000015459955
0.12738099999842234 1.00000761449337e-06
0.1296370000054594 0.0030450000194832683
0.1296370000054594 1.00000761449337e-06
0.12798400002066046 0.003085000003920868
0.12798400002066046 0.0
0.13128699999651872 0.003068000019993633
0.13128699999651872 9.999785106629133e-07
0.12717700001667254 0.0030109999934211373
0.12717700001667254 0.0
0.12783300000592135 0.0031509999826084822
0.12783300000592135 1.00000761449337e-06
0.12774799999897368 0.0030610000248998404
0.12774799999897368 0.0
0.127892000018619 0.003493999975034967
0.127892000018619 0.0
0.13244399998802692 0.003177000005962327
0.13244399998802692 1.00000761449337e-06
0.13001100000110455 0.003029999992577359
0.13001100000110455 1.00000761449337e-06
0.1268020000134129 0.003038999973796308
0.1268020000134129 1.00000761449337e-06
0.12828799997805618 0.003142999979900196
0.12828799997805618 0.0
0.12801600000238977 0.0029400000057648867
0.12801600000238977 0.0
0.12831299999379553 0.0030580000020563602
0.12831299999379553 0.0
0.12716299999738112 0.0029710000089835376
0.12716299999738112 0.0
0.122363000002224 0.0029389999981503934
0.122363000002224 1.00000761449337e-06
0.12262700000428595 0.0028959999908693135
0.12262700000428595 0.0
0.1229239999956917 0.002886000002035871
0.1229239999956917 1.00000761449337e-06
0.12472699998761527 0.0030660000047646463
0.12472699998761527 1.00000761449337e-06
0.12762499999371357 0.0029320000030566007
0.12762499999371357 0.0
0.12405700000817887 0.0029959999956190586
0.12405700000817887 0.0
0.12486500001978129 0.002913000003900379
0.12486500001978129 1.00000761449337e-06
0.1250669999863021 0.0029409999842755497
0.1250669999863021 9.999785106629133e-07
0.12622400000691414 0.0030240000050980598
0.12622400000691414 1.00000761449337e-06
0.12521200001356192 0.0031660000095143914
0.12521200001356192 1.00000761449337e-06
0.12524100000155158 0.0030590000096708536
0.12524100000155158 1.00000761449337e-06
0.12527600000612438 0.0030340000230353326
0.12527600000612438 0.0
0.12608399998862296 0.003013999987160787
0.12608399998862296 9.999785106629133e-07
0.12886799999978393 0.0029959999956190586
0.12886799999978393 1.00000761449337e-06
0.12705700000515208 0.0030749999859835953
0.12705700000515208 0.0
0.12708999999449588 0.0031510000117123127
0.12708999999449588 0.0
0.12686099999700673 0.002984999999171123
0.12686099999700673 0.0
0.1272119999921415 0.0030329999863170087
0.1272119999921415 0.0
0.13002899999264628 0.003132000012556091
0.13002899999264628 1.00000761449337e-06
0.1313220000010915 0.0032210000208579004
0.1313220000010915 0.0
0.13039199999184348 0.0030430000042542815
0.13039199999184348 1.00000761449337e-06
0.1301720000046771 0.003153999976348132
0.1301720000046771 0.0
0.13294500001939014 0.0031639999942854047
0.13294500001939014 0.0
0.13041100002010353 0.003142999979900196
0.13041100002010353 1.00000761449337e-06
0.12995999999111518 0.0030630000110249966
0.12995999999111518 1.00000761449337e-06
0.13059400001657195 0.003099000023212284
0.13059400001657195 1.00000761449337e-06
0.12930299999425188 0.0030870000191498548
0.12930299999425188 1.00000761449337e-06
0.13248299999395385 0.0031339999986812472
0.13248299999395385 0.0
0.13199600001098588 0.003412999998545274
0.13199600001098588 0.0
0.1323229999979958 0.0031559999915771186
0.1323229999979958 0.0
0.1323800000245683 0.0032210000208579004
0.1323800000245683 0.0
0.13283300001057796 0.0030870000191498548
0.13283300001057796 0.0
0.1318019999889657 0.0031700000108685344
0.1318019999889657 0.0
0.13367999999900348 0.003136999992420897
0.13367999999900348 9.999785106629133e-07
0.13029999998980202 0.003017000010004267
0.13029999998980202 9.999785106629133e-07
0.13111600000411272 0.0030869999900460243
0.13111600000411272 0.0
0.12699099999736063 0.0030029999907128513
0.12699099999736063 0.0
0.12722799999755807 0.0033890000195242465
0.12722799999755807 1.00000761449337e-06
0.1307600000000093 0.003061999974306673
0.1307600000000093 0.0
0.13286800001515076 0.0031519999902229756
0.13286800001515076 9.999785106629133e-07
0.12880100001348183 0.003081000002566725
0.12880100001348183 0.0
0.1317879999987781 0.003093999985139817
0.1317879999987781 1.00000761449337e-06
0.1305469999788329 0.0032230000069830567
0.1305469999788329 0.0
0.13113900000462309 0.0031949999975040555
0.13113900000462309 1.00000761449337e-06
0.13436799999908544 0.0032190000056289136
0.13436799999908544 0.0
0.130273999995552 0.003028000006452203
0.130273999995552 1.00000761449337e-06
0.14038100000470877 0.0033420000108890235
0.14038100000470877 0.0
0.1316309999965597 0.003359000023920089
0.1316309999965597 1.00000761449337e-06
0.13276599999517202 0.003440000000409782
0.13276599999517202 1.00000761449337e-06
0.1425030000100378 0.0034690000175032765
0.1425030000100378 0.0
0.14991700000246055 0.003224999993108213
0.14991700000246055 0.0
0.1291849999979604 0.00310700002592057
0.1291849999979604 1.00000761449337e-06
INFO:sc2.protocol:Client status changed to Status.ended (was Status.in_game)
INFO:sc2.protocol:Client status changed to Status.ended (was Status.in_game)
INFO:root:Result for player 1 - Bot(Race.Terran, <bots.transfer.my_bot_q.MyBot object at 0x7f898a4c4198>): Defeat
INFO:root:Result for player 2 - Bot(Race.Terran, <bots.Showing_bot.speedBot.MarinBot object at 0x7f8978e540f0>): Victory
INFO:sc2.client:Saved replay to outs/2020-01-17T11-28-03/replays/transfer-showing_bot/transfer-showing_bot-1.SC2Replay
INFO:sc2.protocol:Client status changed to Status.launched (was Status.ended)
INFO:sc2.protocol:Client status changed to Status.quit (was Status.launched)
INFO:sc2.sc2process:kill_switch: Process cleanup
INFO:sc2.sc2process:Cleaning up...
INFO:sc2.sc2process:Cleanup complete
INFO:sc2.sc2process:Cleaning up...
INFO:sc2.sc2process:Cleanup complete
INFO:sc2.protocol:Client status changed to Status.launched (was Status.ended)
INFO:sc2.protocol:Cannot receive: Connection already closed.
INFO:sc2.sc2process:kill_switch: Process cleanup
INFO:sc2.sc2process:Cleaning up...
INFO:sc2.sc2process:Cleanup complete
INFO:sc2.sc2process:Cleaning up...
INFO:sc2.sc2process:Cleanup complete


## STDERR ##

Version: B75689 (SC2.4.10)
Build: Aug 12 2019 17:16:57
Command Line: '"/home/hspark8312/StarCraftII/Versions/Base75689/SC2_x64" -listen 127.0.0.1 -port 16215 -displayMode 0 -dataDir /home/hspark8312/StarCraftII -tempDir /tmp/SC2_s64hi2ff'
Starting up...
Startup Phase 1 complete
Version: B75689 (SC2.4.10)
Build: Aug 12 2019 17:16:57
Command Line: '"/home/hspark8312/StarCraftII/Versions/Base75689/SC2_x64" -listen 127.0.0.1 -port 17435 -displayMode 0 -dataDir /home/hspark8312/StarCraftII -tempDir /tmp/SC2_h7mfmgju'
Starting up...
Startup Phase 1 complete
Startup Phase 2 complete
Creating stub renderer...
Listening on: 127.0.0.1:16215
Startup Phase 3 complete. Ready for commands.
Startup Phase 2 complete
Creating stub renderer...
ConnectHandler: Request from 127.0.0.1:54576 accepted
ReadyHandler: 127.0.0.1:54576 ready
Listening on: 127.0.0.1:17435
Startup Phase 3 complete. Ready for commands.
Requesting to join a multiplayer game
Configuring interface options
Configure: raw interface enabled
Configure: feature layer interface enabled
Configure: score interface enabled
Configure: render interface disabled
ConnectHandler: Request from 127.0.0.1:54578 accepted
ReadyHandler: 127.0.0.1:54578 ready
Requesting to join a multiplayer game
Configuring interface options
Configure: raw interface enabled
Configure: feature layer interface enabled
Configure: score interface enabled
Configure: render interface disabled
Create game with map path: NCFellowship-2019_m1_v6.SC2Map
Attempting to join a game with the map: NCFellowship-2019_m1_v6.SC2Map
Game has started.
Using default stable ids, none found at: /home/hspark8312/StarCraftII/stableid.json
Successfully loaded stable ids: GameData\stableid.json
Sending ResponseJoinGame
Game has started.
Using default stable ids, none found at: /home/hspark8312/StarCraftII/stableid.json
Successfully loaded stable ids: GameData\stableid.json
Sending ResponseJoinGame
RequestQuit command received.
Closing Application...
/home/hspark8312/anaconda3/envs/sc2/lib/python3.6/importlib/_bootstrap.py:219: RuntimeWarning: numpy.ufunc size changed, may indicate binary incompatibility. Expected 192 from C header, got 216 from PyObject
  return f(*args, **kwds)
/home/hspark8312/anaconda3/envs/sc2/lib/python3.6/importlib/_bootstrap.py:219: RuntimeWarning: numpy.ufunc size changed, may indicate binary incompatibility. Expected 192 from C header, got 216 from PyObject
  return f(*args, **kwds)
/home/hspark8312/anaconda3/envs/sc2/lib/python3.6/site-packages/tensorboard/compat/tensorflow_stub/dtypes.py:541: FutureWarning: Passing (type, 1) or '1type' as a synonym of type is deprecated; in a future version of numpy, it will be understood as (type, (1,)) / '(1,)type'.
  _np_qint8 = np.dtype([("qint8", np.int8, 1)])
/home/hspark8312/anaconda3/envs/sc2/lib/python3.6/site-packages/past/builtins/misc.py:45: DeprecationWarning: the imp module is deprecated in favour of importlib; see the module's documentation for alternative uses
  from imp import reload
/mnt/d/sc2minigame-eval-2020-01-09/bots/Showing_bot/speedBot.py:1643: RuntimeWarning: coroutine 'TerreinManager.debug' was never awaited
  self.terrein_manager.debug()
