## STDOUT ##

[[92mINFO[0m] SC2 4.9.0 용 패치 적용
패치 sc2.ids.ability_id
패치 sc2.game_state
패치 sc2.bot_ai
패치 sc2.client
패치 sc2.controller
패치 sc2.main
INFO:root:Failed to import cuda module: No module named 'caffe2.python.caffe2_pybind11_state_gpu'
INFO:root:Failed to import AMD hip module: No module named 'caffe2.python.caffe2_pybind11_state_hip'
WARNING:root:This caffe2 python run does not have GPU support. Will run in CPU only mode.
cpu
INFO:sc2.protocol:Client status changed to Status.launched (was None)
INFO:sc2.protocol:Client status changed to Status.launched (was None)
INFO:sc2_patch.sc2_patch_490.controller:Creating new game
INFO:sc2_patch.sc2_patch_490.controller:Map:     NCFellowship-2019_m1_v6
INFO:sc2_patch.sc2_patch_490.controller:Players: Bot(Race.Terran, <bots.keai.inho_bot_final.ReaperBot object at 0x7fdb52928f28>), Bot(Race.Terran, <bots.Showing_bot.speedBot.MarinBot object at 0x7fdb54fbf5f8>)
INFO:sc2.protocol:Client status changed to Status.init_game (was Status.launched)
INFO:sc2.protocol:Client status changed to Status.in_game (was None)
INFO:root:Player 2 - Bot(Race.Terran, <bots.Showing_bot.speedBot.MarinBot object at 0x7fdb54fbf5f8>)
TEST: 2, <bots.Showing_bot.speedBot.MarinBot object at 0x7fdb54fbf5f8>
load model: bots/Showing_bot/models/model-89.pt
create new model
INFO:sc2.protocol:Client status changed to Status.in_game (was None)
INFO:root:Player 1 - Bot(Race.Terran, <bots.keai.inho_bot_final.ReaperBot object at 0x7fdb52928f28>)
TEST: 1, <bots.keai.inho_bot_final.ReaperBot object at 0x7fdb52928f28>
0.04506299999775365 0.0027119999867863953
0.04506299999775365 0.0
0.04484200000297278 0.0021209999977145344
0.04484200000297278 0.0
0.044664999993983656 0.0012639999913517386
0.044664999993983656 1.00000761449337e-06
0.04507799999555573 0.0015239999920595437
0.04507799999555573 0.0
0.04461700000683777 0.0011019999801646918
0.04461700000683777 1.00000761449337e-06
0.04475299999467097 0.0011099999828729779
0.04475299999467097 1.00000761449337e-06
0.04501000000163913 0.0013249999901745468
0.04501000000163913 0.0
0.04472400000668131 0.0011149999918416142
0.04472400000668131 0.0
0.04480399997555651 0.0011750000121537596
0.04480399997555651 0.0
0.04435199999716133 0.0013290000206325203
0.04435199999716133 1.00000761449337e-06
0.044885999988764524 0.0011159999994561076
0.044885999988764524 0.0
0.05029899999499321 0.0012029999925289303
0.05029899999499321 9.999785106629133e-07
0.044802999997045845 0.0011410000151954591
0.044802999997045845 9.999785106629133e-07
0.04499500000383705 0.0011490000179037452
0.04499500000383705 1.00000761449337e-06
0.044454999995650724 0.0011550000053830445
0.044454999995650724 0.0
0.04477799998130649 0.001125000009778887
0.04477799998130649 9.999785106629133e-07
0.044572000013431534 0.0011229999945499003
0.044572000013431534 0.0
0.04459499998483807 0.0011149999918416142
0.04459499998483807 1.00000761449337e-06
0.0447590000112541 0.0011359999771229923
0.0447590000112541 0.0
0.044673999975202605 0.001113000005716458
0.044673999975202605 0.0
0.047389999992446974 0.0012959999730810523
0.047389999992446974 0.0
0.047061000019311905 0.0012419999984558672
0.047061000019311905 1.00000761449337e-06
0.04724099999293685 0.0013150000013411045
0.04724099999293685 1.00000761449337e-06
0.04704800000763498 0.001213999988976866
0.04704800000763498 1.00000761449337e-06
0.047135000000707805 0.00128900000709109
0.047135000000707805 0.0
0.04706599999917671 0.001344000018434599
0.04706599999917671 0.0
0.04703299998072907 0.001256999996257946
0.04703299998072907 0.0
0.047055000002728775 0.0013719999988097697
0.047055000002728775 1.00000761449337e-06
0.047092000022530556 0.0013150000013411045
0.047092000022530556 1.00000761449337e-06
0.0471079999988433 0.0012829999905079603
0.0471079999988433 1.00000761449337e-06
0.04769900001701899 0.0012329999881330878
0.04769900001701899 1.00000761449337e-06
0.046972000011010095 0.0012820000119972974
0.046972000011010095 0.0
0.04687099999864586 0.002789999998640269
0.04687099999864586 0.0
0.047297999990405515 0.0014730000111740083
0.047297999990405515 0.0
0.047243000008165836 0.0011749999830499291
0.047243000008165836 0.0
0.04971200000727549 0.0013420000032056123
0.04971200000727549 0.0
0.04972900002030656 0.001293000008445233
0.04972900002030656 9.999785106629133e-07
0.04968699999153614 0.0012419999984558672
0.04968699999153614 0.0
0.04960000002756715 0.0012320000096224248
0.04960000002756715 9.999785106629133e-07
0.05001900001661852 0.0012840000272262841
0.05001900001661852 1.00000761449337e-06
changed strategy
0.05511899999692105 0.0016070000128820539
0.05511899999692105 0.0
0.049884999985806644 0.0013150000013411045
0.049884999985806644 1.00000761449337e-06
0.04990600000019185 0.0012750000169035047
0.04990600000019185 1.00000761449337e-06
0.0692879999987781 0.001787000015610829
0.0692879999987781 0.0
0.04980300000170246 0.0012970000097993761
0.04980300000170246 0.0
0.06893999999738298 0.00173200000426732
0.06893999999738298 0.0
0.05094600000302307 0.0014030000020284206
0.05094600000302307 0.0
0.05428599999868311 0.0013470000121742487
0.05428599999868311 1.00000761449337e-06
0.04973400000017136 0.0012260000221431255
0.04973400000017136 0.0
0.0688009999867063 0.0017420000222045928
0.0688009999867063 1.00000761449337e-06
0.0710970000072848 0.004128000000491738
0.0710970000072848 1.00000761449337e-06
0.07526899999356829 0.0019289999909233302
0.07526899999356829 0.0
0.0745910000114236 0.0018059999856632203
0.0745910000114236 0.0
0.05223800000385381 0.0013230000040493906
0.05223800000385381 0.0
0.07199599998421036 0.001904999982798472
0.07199599998421036 0.0
0.07283900000038557 0.0019170000159647316
0.07283900000038557 1.00000761449337e-06
0.05211099999723956 0.001293000008445233
0.05211099999723956 0.0
0.07211599999573082 0.0017680000164546072
0.07211599999573082 0.0
0.07426800002576783 0.0018260000215377659
0.07426800002576783 0.0
0.06588899999042042 0.0014669999945908785
0.06588899999042042 0.0
0.05190200000652112 0.001277000003028661
0.05190200000652112 0.0
0.05261300000711344 0.001289999985601753
0.05261300000711344 0.0
0.05227300000842661 0.0012989999959245324
0.05227300000842661 9.999785106629133e-07
0.052318999980343506 0.0012960000021848828
0.052318999980343506 0.0
0.05220100001315586 0.0012920000008307397
0.05220100001315586 1.00000761449337e-06
0.05237200000556186 0.001297999988310039
0.05237200000556186 9.999785106629133e-07
0.05216900000232272 0.0013089999847579747
0.05216900000232272 0.0
0.051940000004833564 0.0012869999918621033
0.051940000004833564 0.0
0.05384199999389239 0.0013580000086221844
0.05384199999389239 1.00000761449337e-06
0.05324999999720603 0.0014540000120177865
0.05324999999720603 1.00000761449337e-06
0.05446499999379739 0.001441000000340864
0.05446499999379739 0.0
0.0545879999990575 0.001336999994236976
0.0545879999990575 0.0
0.056886999984271824 0.0013900000194553286
0.056886999984271824 1.00000761449337e-06
0.05464500002563 0.001385999988997355
0.05464500002563 9.999785106629133e-07
0.055281000008108094 0.0013540000072680414
0.055281000008108094 1.00000761449337e-06
0.05456200000480749 0.0013809999800287187
0.05456200000480749 0.0
0.05466100000194274 0.0013559999933931977
0.05466100000194274 0.0
0.060394000000087544 0.003361999988555908
0.060394000000087544 0.0
0.05973500001709908 0.001707000017631799
0.05973500001709908 0.0
0.059750999993411824 0.0014910000027157366
0.059750999993411824 1.00000761449337e-06
0.05974699999205768 0.0014119999832473695
0.05974699999205768 0.0
0.057213000021874905 0.0014430000155698508
0.057213000021874905 0.0
0.05741499998839572 0.0015319999947678298
0.05741499998839572 0.0
0.0546959999774117 0.001867999992100522
0.0546959999774117 0.0
0.054777000012109056 0.0017719999887049198
0.054777000012109056 0.0
0.057486999983666465 0.0017780000052880496
0.057486999983666465 9.999785106629133e-07
0.057311999989906326 0.0016559999785386026
0.057311999989906326 0.0
0.05725199999869801 0.0014090000186115503
0.05725199999869801 0.0
0.05296699999598786 0.0015750000020489097
0.05296699999598786 0.0
0.05256700000609271 0.0015429999912157655
0.05256700000609271 0.0
0.04979800002183765 0.0016170000017154962
0.04979800002183765 0.0
0.049648000014713034 0.0014709999959450215
0.049648000014713034 9.999785106629133e-07
0.04739100000006147 0.0013460000045597553
0.04739100000006147 0.0
0.04757100000279024 0.0021689999848604202
0.04757100000279024 0.0
0.047534999990602955 0.0011919999960809946
0.047534999990602955 0.0
0.04782499998691492 0.0011919999960809946
0.04782499998691492 0.0
0.0476290000078734 0.0011839999933727086
0.0476290000078734 1.00000761449337e-06
0.047529000003123656 0.001193000003695488
0.047529000003123656 0.0
0.04721099999733269 0.001189000002341345
0.04721099999733269 1.00000761449337e-06
0.04784499999368563 0.001217999990331009
0.04784499999368563 1.00000761449337e-06
0.04996699999901466 0.0013249999901745468
0.04996699999901466 0.0
0.049568000016734004 0.0012670000141952187
0.049568000016734004 0.0
0.049919000011868775 0.0012500000011641532
0.049919000011868775 9.999785106629133e-07
0.049673000001348555 0.0012459999998100102
0.049673000001348555 0.0
0.050377999985357746 0.0012289999867789447
0.050377999985357746 0.0
0.05030500001157634 0.001248000015038997
0.05030500001157634 1.00000761449337e-06
0.04962000000523403 0.001260000019101426
0.04962000000523403 9.999785106629133e-07
0.049540999985765666 0.0012620000052265823
0.049540999985765666 1.00000761449337e-06
0.04997199997887947 0.0012759999954141676
0.04997199997887947 0.0
0.0497449999966193 0.0012540000025182962
0.0497449999966193 0.0
0.049687999999150634 0.0012449999921955168
0.049687999999150634 1.00000761449337e-06
0.049707000027410686 0.0012360000109765679
0.049707000027410686 1.00000761449337e-06
0.04981699999189004 0.0012290000158827752
0.04981699999189004 0.0
0.049641999998129904 0.0012459999998100102
0.049641999998129904 1.00000761449337e-06
0.04987099999561906 0.001349999976810068
0.04987099999561906 0.0
0.0498690000094939 0.0012700000079348683
0.0498690000094939 1.00000761449337e-06
0.05004899998311885 0.0012449999921955168
0.05004899998311885 1.00000761449337e-06
0.04992000001948327 0.0012380000262055546
0.04992000001948327 1.00000761449337e-06
0.049934000009670854 0.0012459999998100102
0.049934000009670854 0.0
0.04950900000403635 0.0012490000226534903
0.04950900000403635 0.0
0.05282499999157153 0.001361999980872497
0.05282499999157153 0.0
0.052383000002009794 0.001293000008445233
0.052383000002009794 1.00000761449337e-06
0.052767999994102865 0.0013390000094659626
0.052767999994102865 0.0
0.05242399999406189 0.0013170000165700912
0.05242399999406189 0.0
0.05235700000775978 0.0013660000113304704
0.05235700000775978 1.00000761449337e-06
0.052602000010665506 0.0013340000004973263
0.052602000010665506 0.0
0.052109999989625067 0.0012839999981224537
0.052109999989625067 0.0
0.052725000015925616 0.0013429999817162752
0.052725000015925616 0.0
0.05233000000589527 0.0013000000035390258
0.05233000000589527 1.00000761449337e-06
0.052281999989645556 0.001293000008445233
0.052281999989645556 0.0
0.05328900000313297 0.0013329999928828329
0.05328900000313297 0.0
0.052429000003030524 0.0013089999847579747
0.052429000003030524 0.0
0.05241500001284294 0.001348999998299405
0.05241500001284294 0.0
0.05303300000377931 0.00136599998222664
0.05303300000377931 0.0
0.053102999983821064 0.0013210000179242343
0.053102999983821064 1.00000761449337e-06
0.054908999998588115 0.0014870000013615936
0.054908999998588115 0.0
0.0547190000070259 0.0013439999893307686
0.0547190000070259 0.0
0.05486499998369254 0.0013719999988097697
0.05486499998369254 0.0
0.055263000016566366 0.0014019999944139272
0.055263000016566366 0.0
0.054638000001432374 0.0013789999939035624
0.054638000001432374 1.00000761449337e-06
0.05504000000655651 0.0013509999844245613
0.05504000000655651 0.0
0.05493899999419227 0.0013719999988097697
0.05493899999419227 0.0
0.05524499999592081 0.0013439999893307686
0.05524499999592081 1.00000761449337e-06
0.05533199998899363 0.0013719999988097697
0.05533199998899363 0.0
0.05527899999287911 0.0013389999803621322
0.05527899999287911 0.0
0.05604799999855459 0.0016130000003613532
0.05604799999855459 0.0
0.05680300001404248 0.0014179999998304993
0.05680300001404248 1.00000761449337e-06
0.05706000002101064 0.001529999979538843
0.05706000002101064 1.00000761449337e-06
0.058644000004278496 0.0014699999883305281
0.058644000004278496 0.0
0.058542000013403594 0.0014420000079553574
0.058542000013403594 0.0
0.06003800002508797 0.0016669999749865383
0.06003800002508797 0.0
0.05855600000359118 0.001896999980090186
0.05855600000359118 9.999785106629133e-07
0.05795299998135306 0.001445000001695007
0.05795299998135306 0.0
0.05813499999931082 0.0014830000000074506
0.05813499999931082 1.00000761449337e-06
0.05829400001675822 0.0014550000196322799
0.05829400001675822 0.0
0.059431000001495704 0.0014150000060908496
0.059431000001495704 9.999785106629133e-07
0.05959699998493306 0.0016159999941010028
0.05959699998493306 1.00000761449337e-06
0.05660000001080334 0.0016580000228714198
0.05660000001080334 1.00000761449337e-06
0.05698499997379258 0.0016550000000279397
0.05698499997379258 0.0
0.05830999999307096 0.001656000007642433
0.05830999999307096 1.00000761449337e-06
0.056622999982209876 0.001672999991569668
0.056622999982209876 0.0
0.05659699998795986 0.001357999979518354
0.05659699998795986 0.0
0.05538700000033714 0.001352999999653548
0.05538700000033714 0.0
0.055346000008285046 0.0013519999920390546
0.055346000008285046 0.0
0.055232000013347715 0.001369999983580783
0.055232000013347715 1.00000761449337e-06
0.057308999996166676 0.0014979999978095293
0.057308999996166676 1.00000761449337e-06
0.06065800000214949 0.0014699999883305281
0.06065800000214949 1.00000761449337e-06
0.05874899998889305 0.001449999981559813
0.05874899998889305 0.0
0.06032099999720231 0.001488000008976087
0.06032099999720231 0.0
0.05869100001291372 0.0014550000196322799
0.05869100001291372 1.00000761449337e-06
0.06040400001802482 0.0014939999964553863
0.06040400001802482 0.0
0.06579100000089966 0.003808999987086281
0.06579100000089966 0.0
0.06536599999526516 0.004038999992189929
0.06536599999526516 0.0
0.06607199998688884 0.0018699999782256782
0.06607199998688884 0.0
0.06561499999952503 0.001724000001559034
0.06561499999952503 0.0
0.06470099999569356 0.0016170000017154962
0.06470099999569356 1.00000761449337e-06
0.06545800002641045 0.0016260000120382756
0.06545800002641045 0.0
0.0646380000107456 0.0016140000079758465
0.0646380000107456 0.0
0.06492400000570342 0.0015830000047571957
0.06492400000570342 0.0
0.06482199998572469 0.0016049999976530671
0.06482199998572469 0.0
0.06845799999427982 0.001779000012902543
0.06845799999427982 0.0
0.0677529999811668 0.0017130000051110983
0.0677529999811668 0.0
0.06783699998049997 0.0017100000113714486
0.06783699998049997 0.0
0.06974300000001676 0.0017090000037569553
0.06974300000001676 0.0
0.06876399999600835 0.0016999999934341758
0.06876399999600835 0.0
0.06795100000454113 0.0017040000238921493
0.06795100000454113 0.0
0.06750400000601076 0.0016900000046007335
0.06750400000601076 1.00000761449337e-06
0.0694249999942258 0.0017670000088401139
0.0694249999942258 1.00000761449337e-06
0.06734000000869855 0.0016889999969862401
0.06734000000869855 0.0
0.06852099997922778 0.0016429999959655106
0.06852099997922778 1.00000761449337e-06
0.07022899997537024 0.004179000010481104
0.07022899997537024 0.0
0.0698510000074748 0.0018339999951422215
0.0698510000074748 0.0
0.0701169999956619 0.0017050000024028122
0.0701169999956619 0.0
0.07019500000751577 0.0017439999792259187
0.07019500000751577 0.0
0.06984900002134964 0.0017039999947883189
0.06984900002134964 0.0
0.06955300000845455 0.001724999980069697
0.06955300000845455 0.0
0.0699179999937769 0.001720000000204891
0.0699179999937769 1.00000761449337e-06
0.0701050000207033 0.0017660000012256205
0.0701050000207033 0.0
0.06993800000054762 0.0016760000144131482
0.06993800000054762 0.0
0.06994499999564141 0.0017599999846424907
0.06994499999564141 9.999785106629133e-07
0.07024400000227615 0.00173200000426732
0.07024400000227615 9.999785106629133e-07
0.06963600000017323 0.0017380000208504498
0.06963600000017323 0.0
0.0696569999854546 0.0017330000118818134
0.0696569999854546 0.0
0.06956400000490248 0.0017229999939445406
0.06956400000490248 0.0
0.0945380000048317 0.0024890000058803707
0.0945380000048317 1.00000761449337e-06
0.07230600001639687 0.0018410000193398446
0.07230600001639687 1.00000761449337e-06
0.0747339999943506 0.004344999993918464
0.0747339999943506 0.0
0.07737399998586625 0.004450999986147508
0.07737399998586625 1.00000761449337e-06
0.08461600000737235 0.010569000005489215
0.08461600000737235 9.999785106629133e-07
0.08483499998692423 0.0025519999908283353
0.08483499998692423 0.0
0.08465000000433065 0.002099999983329326
0.08465000000433065 1.00000761449337e-06
0.08512599999085069 0.002156999980797991
0.08512599999085069 1.00000761449337e-06
0.08469200000399724 0.0020619999850168824
0.08469200000399724 0.0
0.08430000001681037 0.002074999996693805
0.08430000001681037 0.0
0.08259899998665787 0.00200899998890236
0.08259899998665787 0.0
0.08496799998101778 0.0020549999899230897
0.08496799998101778 0.0
0.08520600001793355 0.0021129999950062484
0.08520600001793355 0.0
0.08424899997771718 0.0020819999917875975
0.08424899997771718 0.0
0.08207299999776296 0.002123999991454184
0.08207299999776296 0.0
0.07452799999737181 0.0018119999731425196
0.07452799999737181 0.0
0.07466100002056919 0.0018130000098608434
0.07466100002056919 1.00000761449337e-06
0.07451400000718422 0.0018330000166315585
0.07451400000718422 0.0
0.07448400001158006 0.0018570000247564167
0.07448400001158006 0.0
0.07503000000724569 0.0018090000085067004
0.07503000000724569 0.0
0.07500299997627735 0.0019500000053085387
0.07500299997627735 1.00000761449337e-06
0.07468900000094436 0.0018609999970067292
0.07468900000094436 0.0
0.07439100000192411 0.0018069999932777137
0.07439100000192411 1.00000761449337e-06
0.07531499999458902 0.0018819999822881073
0.07531499999458902 0.0
0.07558199999039061 0.0018339999951422215
0.07558199999039061 9.999785106629133e-07
0.0750850000185892 0.0018439999839756638
0.0750850000185892 0.0
0.0771449999883771 0.0018810000037774444
0.0771449999883771 0.0
0.07964799998444505 0.0019179999944753945
0.07964799998444505 0.0
0.0775920000160113 0.001871000014944002
0.0775920000160113 0.0
0.07730499998433515 0.0018890000064857304
0.07730499998433515 0.0
0.07784099999116734 0.001931000006152317
0.07784099999116734 1.00000761449337e-06
0.07476600000518374 0.0018840000266209245
0.07476600000518374 1.00000761449337e-06
0.07467500001075678 0.0018119999731425196
0.07467500001075678 0.0
0.07495699997525662 0.0018050000071525574
0.07495699997525662 1.00000761449337e-06
0.07536700001219288 0.0018070000223815441
0.07536700001219288 0.0
0.07467999999062158 0.001803000021027401
0.07467999999062158 0.0
0.07811200001742691 0.0018760000239126384
0.07811200001742691 0.0
0.07727400001022033 0.0018620000046212226
0.07727400001022033 0.0
0.07728600001428276 0.0018669999844860286
0.07728600001428276 1.00000761449337e-06
0.07731100000091828 0.0018939999863505363
0.07731100000091828 1.00000761449337e-06
0.07716899999650195 0.001879999996162951
0.07716899999650195 9.999785106629133e-07
0.07735700000193901 0.0018829999899026006
0.07735700000193901 0.0
0.07758900002227165 0.0018730000010691583
0.07758900002227165 0.0
0.07714300000225194 0.0018859999836422503
0.07714300000225194 0.0
0.07815600000321865 0.0020010000152979046
0.07815600000321865 1.00000761449337e-06
0.0770300000149291 0.0018940000154543668
0.0770300000149291 1.00000761449337e-06
0.07719300000462681 0.0018740000086836517
0.07719300000462681 1.00000761449337e-06
0.07734899999923073 0.0018569999956525862
0.07734899999923073 1.00000761449337e-06
0.07800300000235438 0.0019000000029336661
0.07800300000235438 1.00000761449337e-06
0.07719899999210611 0.001867999992100522
0.07719899999210611 0.0
0.07808199999271892 0.0019080000056419522
0.07808199999271892 1.00000761449337e-06
0.07992499999818392 0.0019460000039543957
0.07992499999818392 0.0
0.08038400000077672 0.001959999994141981
0.08038400000077672 0.0
0.07988299999851733 0.0019259999971836805
0.07988299999851733 0.0
0.08236999998916872 0.0020260000019334257
0.08236999998916872 0.0
0.08256099998834543 0.0020619999850168824
0.08256099998834543 1.00000761449337e-06
0.0819199999968987 0.0020289999956730753
0.0819199999968987 1.00000761449337e-06
0.08516799999051727 0.00213199999416247
0.08516799999051727 1.00000761449337e-06
0.08794100000523031 0.0022579999931622297
0.08794100000523031 1.00000761449337e-06
0.08676800000830553 0.0021640000049956143
0.08676800000830553 0.0
0.08944599999813363 0.00865699999849312
0.08944599999813363 0.0
0.10515699998359196 0.006057999999029562
0.10515699998359196 1.00000761449337e-06
0.10243800000171177 0.0029940000094939023
0.10243800000171177 0.0
0.10426900000311434 0.002673000009963289
0.10426900000311434 0.0
0.10948099999222904 0.006254000007174909
0.10948099999222904 9.999785106629133e-07
0.11257800000021234 0.00640199999907054
0.11257800000021234 0.0
0.1094769999908749 0.0028849999944213778
0.1094769999908749 0.0
0.10851099999854341 0.0026319999888073653
0.10851099999854341 1.00000761449337e-06
0.10675100001390092 0.002670999994734302
0.10675100001390092 0.0
0.10715799999888986 0.0026550000184215605
0.10715799999888986 0.0
0.10708999997586943 0.0026319999888073653
0.10708999997586943 0.0
0.1025060000247322 0.0025169999862555414
0.1025060000247322 0.0
0.09009499999228865 0.002150999993318692
0.09009499999228865 0.0
0.08968000000459142 0.0021949999791104347
0.08968000000459142 9.999785106629133e-07
0.08734699999331497 0.0021800000104121864
0.08734699999331497 0.0
0.08780700000352226 0.002203000010922551
0.08780700000352226 0.0
0.08925299998372793 0.002234000014141202
0.08925299998372793 1.00000761449337e-06
0.09007299999939278 0.0021980000019539148
0.09007299999939278 0.0
0.08961200001067482 0.0022350000217556953
0.08961200001067482 0.0
0.08924999998998828 0.0021840000117663294
0.08924999998998828 1.00000761449337e-06
0.08998199997586198 0.0022049999970477074
0.08998199997586198 0.0
0.0896480000228621 0.0021960000158287585
0.0896480000228621 0.0
0.09449799999129027 0.002425000013317913
0.09449799999129027 1.00000761449337e-06
0.09430900000734255 0.0023529999889433384
0.09430900000734255 0.0
0.09840700001223013 0.0024169999815057963
0.09840700001223013 9.999785106629133e-07
0.09554499998921528 0.0025409999943803996
0.09554499998921528 0.0
0.09764900000300258 0.002681999991182238
0.09764900000300258 1.00000761449337e-06
0.10052300000097603 0.0024049999774433672
0.10052300000097603 0.0
0.10041400001500733 0.002361999999266118
0.10041400001500733 1.00000761449337e-06
0.11019999999552965 0.002913000003900379
0.11019999999552965 0.0
0.10030400002142414 0.0025010000099428
0.10030400002142414 0.0
0.09944099999847822 0.0030490000208374113
0.09944099999847822 1.00000761449337e-06
0.10058099997695535 0.0023930000024847686
0.10058099997695535 1.00000761449337e-06
0.09946900000795722 0.002363000006880611
0.09946900000795722 1.00000761449337e-06
0.09957600000780076 0.0023729999957140535
0.09957600000780076 1.00000761449337e-06
0.09913499999674968 0.0023369999835267663
0.09913499999674968 0.0
0.09776000000420026 0.0023440000077243894
0.09776000000420026 1.00000761449337e-06
0.09709900000598282 0.002521000016713515
0.09709900000598282 1.00000761449337e-06
0.09826900000916794 0.0027630000258795917
0.09826900000916794 9.999785106629133e-07
0.09721200002240948 0.0023250000085681677
0.09721200002240948 9.999785106629133e-07
0.09715800001868047 0.0023059999803081155
0.09715800001868047 0.0
0.09870800000499003 0.0023419999924954027
0.09870800000499003 9.999785106629133e-07
0.1064429999969434 0.0023999999975785613
0.1064429999969434 0.0
0.10082999998121522 0.0024510000075679272
0.10082999998121522 0.0
0.09989499999210238 0.0025639999948907644
0.09989499999210238 9.999785106629133e-07
0.10021699999924749 0.002422999998088926
0.10021699999924749 1.00000761449337e-06
0.09988399999565445 0.0023529999889433384
0.09988399999565445 0.0
0.09474000000045635 0.0023199999995995313
0.09474000000045635 0.0
0.09455100001650862 0.002445999998599291
0.09455100001650862 1.00000761449337e-06
0.09446100000059232 0.002355000004172325
0.09446100000059232 9.999785106629133e-07
0.09510600002249703 0.002287000010255724
0.09510600002249703 0.0
0.0970509999897331 0.0023959999962244183
0.0970509999897331 1.00000761449337e-06
0.09701200001291 0.002365000022109598
0.09701200001291 9.999785106629133e-07
0.09889100000145845 0.0024240000057034194
0.09889100000145845 9.999785106629133e-07
0.09710699997958727 0.0024489999923389405
0.09710699997958727 0.0
0.09712099999887869 0.002570000011473894
0.09712099999887869 0.0
0.10169700000551529 0.0024839999969117343
0.10169700000551529 0.0
0.10955599998123944 0.0025739999837242067
0.10955599998123944 0.0
0.10461400001076981 0.002502999996067956
0.10461400001076981 0.0
0.10711899999296293 0.0025759999989531934
0.10711899999296293 0.0
0.10517299998900853 0.002710000000661239
0.10517299998900853 1.00000761449337e-06
0.10629100000369363 0.0024649999977555126
0.10629100000369363 1.00000761449337e-06
0.1080480000237003 0.002529999997932464
0.1080480000237003 1.00000761449337e-06
0.11174900000332855 0.00245499997981824
0.11174900000332855 0.0
0.12475200000335462 0.0026020000223070383
0.12475200000335462 1.00000761449337e-06
0.10798700002487749 0.0025320000131614506
0.10798700002487749 0.0
0.10672799998428673 0.002582999994046986
0.10672799998428673 0.0
0.10740899998927489 0.002546000003349036
0.10740899998927489 1.00000761449337e-06
0.10685999999986961 0.002750999992713332
0.10685999999986961 0.0
0.10707200001343153 0.002869999996619299
0.10707200001343153 1.00000761449337e-06
0.10685699997702613 0.002529000019421801
0.10685699997702613 1.00000761449337e-06
0.10700000001816079 0.0024870000197552145
0.10700000001816079 1.00000761449337e-06
0.10532800000510179 0.0025289999903179705
0.10532800000510179 0.0
0.10678199998801574 0.0025249999889638275
0.10678199998801574 0.0
0.12008500000229105 0.0034860000014305115
0.12008500000229105 0.0
0.11268300001393072 0.0025899999891407788
0.11268300001393072 0.0
0.1097940000181552 0.0028039999888278544
0.1097940000181552 0.0
0.11191899998812005 0.002605999994557351
0.11191899998812005 1.00000761449337e-06
0.11723600002005696 0.0029190000204835087
0.11723600002005696 0.0
0.10733099997742102 0.002845000009983778
0.10733099997742102 0.0
0.11188899999251589 0.0026490000018384308
0.11188899999251589 0.0
0.10908500000368804 0.002678999997442588
0.10908500000368804 1.00000761449337e-06
0.11115700000664219 0.0026700000162236392
0.11115700000664219 9.999785106629133e-07
0.12551699997857213 0.0025960000057239085
0.12551699997857213 0.0
0.11142900001141243 0.002638000005390495
0.11142900001141243 1.00000761449337e-06
0.10188299999572337 0.0025519999908283353
0.10188299999572337 9.999785106629133e-07
0.10177700000349432 0.002515000000130385
0.10177700000349432 0.0
0.10286499999347143 0.0024719999928493053
0.10286499999347143 0.0
0.10237700000288896 0.002486000012140721
0.10237700000288896 0.0
0.10166300000855699 0.00249499999335967
0.10166300000855699 9.999785106629133e-07
0.10256099997786805 0.0024750000156927854
0.10256099997786805 1.00000761449337e-06
0.10207200000877492 0.0024810000031720847
0.10207200000877492 0.0
0.10269699999480508 0.0024930000072345138
0.10269699999480508 0.0
0.10197100002551451 0.002537000022130087
0.10197100002551451 0.0
0.10183600001619197 0.0024610000255052
0.10183600001619197 0.0
0.10259799999766983 0.00253199998405762
0.10259799999766983 1.00000761449337e-06
0.10256600001594052 0.00241499999538064
0.10256600001594052 1.00000761449337e-06
0.10258800000883639 0.002490999992005527
0.10258800000883639 0.0
0.10185700000147335 0.002482000010786578
0.10185700000147335 1.00000761449337e-06
0.10327399999368936 0.0025099999911617488
0.10327399999368936 9.999785106629133e-07
0.10251500000595115 0.0024879999982658774
0.10251500000595115 0.0
0.1039990000135731 0.0025929999828804284
0.1039990000135731 0.0
0.1048890000092797 0.002562000008765608
0.1048890000092797 0.0
0.10515200000372715 0.002577000006567687
0.10515200000372715 0.0
0.1054839999997057 0.0026289999950677156
0.1054839999997057 1.00000761449337e-06
0.1047590000089258 0.002609999995911494
0.1047590000089258 0.0
0.10666099999798462 0.002662999992026016
0.10666099999798462 0.0
0.11035999999148771 0.0027039999840781093
0.11035999999148771 0.0
0.107164000015473 0.00262100002146326
0.107164000015473 0.0
0.10743600002024323 0.0025840000016614795
0.10743600002024323 1.00000761449337e-06
0.1083080000244081 0.0027520000003278255
0.1083080000244081 0.0
0.11417499999515712 0.002789000020129606
0.11417499999515712 1.00000761449337e-06
0.11815600001136772 0.002785999997286126
0.11815600001136772 1.00000761449337e-06
0.12699399999110028 0.0027339999796822667
0.12699399999110028 9.999785106629133e-07
0.12192900001537055 0.0028220000094734132
0.12192900001537055 0.0
0.11353999999118969 0.0026929999876301736
0.11353999999118969 1.00000761449337e-06
0.11024999999790452 0.0026860000216402113
0.11024999999790452 1.00000761449337e-06
0.1101630000048317 0.0026150000048801303
0.1101630000048317 0.0
0.1098059999931138 0.002701999997952953
0.1098059999931138 1.00000761449337e-06
0.10920899998745881 0.00270100001944229
0.10920899998745881 1.00000761449337e-06
0.11174700001720339 0.002749000006588176
0.11174700001720339 0.0
0.10979099999531172 0.002642999985255301
0.10979099999531172 1.00000761449337e-06
0.10942700001760386 0.002670999994734302
0.10942700001760386 1.00000761449337e-06
0.1103339999972377 0.0026800000050570816
0.1103339999972377 1.00000761449337e-06
0.10965699999360368 0.0027009999903384596
0.10965699999360368 1.00000761449337e-06
0.11011500001768582 0.002693999995244667
0.11011500001768582 0.0
0.1121770000027027 0.0028110000130254775
0.1121770000027027 0.0
0.11166999998386018 0.0027110000082757324
0.11166999998386018 9.999785106629133e-07
0.11262500000884756 0.002812000020639971
0.11262500000884756 1.00000761449337e-06
0.11174900000332855 0.002730999985942617
0.11174900000332855 1.00000761449337e-06
0.11209799998323433 0.0026990000042133033
0.11209799998323433 0.0
0.11196899999049492 0.0027239999908488244
0.11196899999049492 0.0
0.11147299999720417 0.00273499998729676
0.11147299999720417 0.0
0.1094829999783542 0.0026160000124946237
0.1094829999783542 0.0
0.10929399999440648 0.00274100000387989
0.10929399999440648 0.0
0.11019000000669621 0.002599999977974221
0.11019000000669621 9.999785106629133e-07
0.11052400001790375 0.002570000011473894
0.11052400001790375 1.00000761449337e-06
0.1098970000166446 0.002678999997442588
0.1098970000166446 1.00000761449337e-06
0.11133500002324581 0.002877999999327585
0.11133500002324581 0.0
0.10899499998777173 0.00265499998931773
0.10899499998777173 0.0
0.10950799999409355 0.0026740000175777823
0.10950799999409355 0.0
0.11213599998154677 0.0027399999962653965
0.11213599998154677 0.0
0.1121419999981299 0.002710999979171902
0.1121419999981299 0.0
0.11179500000434928 0.002734000008786097
0.11179500000434928 0.0
0.11200799999642186 0.0027669999981299043
0.11200799999642186 0.0
0.1147169999894686 0.0066340000194031745
0.1147169999894686 1.00000761449337e-06
0.12000200001057237 0.006778999988455325
0.12000200001057237 9.999785106629133e-07
0.12214500000118278 0.007012999994913116
0.12214500000118278 1.00000761449337e-06
0.1220669999893289 0.0032589999900665134
0.1220669999893289 0.0
0.12142000001040287 0.0030030000198166817
0.12142000001040287 1.00000761449337e-06
0.15689000001293607 0.0038659999845549464
0.15689000001293607 9.999785106629133e-07
0.13058500000624917 0.0074810000078286976
0.13058500000624917 0.0
0.14144300000043586 0.008261000009952113
0.14144300000043586 1.00000761449337e-06
0.13219599999138154 0.003647000005003065
0.13219599999138154 0.0
0.13899599999422207 0.00382399998488836
0.13899599999422207 0.0
0.1393779999925755 0.00349799997638911
0.1393779999925755 0.0
0.137365000002319 0.003292999987024814
0.137365000002319 0.0
0.1317739999794867 0.0033009999897331
0.1317739999794867 0.0
0.1318180000234861 0.003272000001743436
0.1318180000234861 0.0
0.13012499999604188 0.003204000007826835
0.13012499999604188 1.00000761449337e-06
0.12160600000061095 0.0030189999961294234
0.12160600000061095 1.00000761449337e-06
0.11423700000159442 0.0028219999803695828
0.11423700000159442 0.0
0.11695500000496395 0.002898999984608963
0.11695500000496395 0.0
0.11923500002012588 0.0029260000155773014
0.11923500002012588 1.00000761449337e-06
0.11990699998568743 0.002913000003900379
0.11990699998568743 1.00000761449337e-06
0.1242119999951683 0.003113000013399869
0.1242119999951683 0.0
0.13637899997411296 0.0033509999921079725
0.13637899997411296 9.999785106629133e-07
0.13938500001677312 0.0034509999968577176
0.13938500001677312 0.0
0.15437599999131635 0.00889699999243021
0.15437599999131635 1.00000761449337e-06
0.1605390000040643 0.01002600000356324
0.1605390000040643 1.00000761449337e-06
0.15993699998944066 0.0047039999917615205
0.15993699998944066 0.0
0.1542069999850355 0.004236999986460432
0.1542069999850355 0.0
0.1547580000187736 0.003859999997075647
0.1547580000187736 0.0
0.14546500000869855 0.0037739999825134873
0.14546500000869855 0.0
0.14048599998932332 0.0035450000141281635
0.14048599998932332 1.00000761449337e-06
0.1353370000142604 0.0033409999741706997
0.1353370000142604 1.00000761449337e-06
0.13738100000773557 0.0036639999889303
0.13738100000773557 9.999785106629133e-07
0.13697300001513213 0.0035559999814722687
0.13697300001513213 0.0
0.13197000001673587 0.003552000009221956
0.13197000001673587 1.00000761449337e-06
0.1270949999743607 0.006961000006413087
0.1270949999743607 0.0
0.12212899999576621 0.0031780000135768205
0.12212899999576621 1.00000761449337e-06
0.12020899998606183 0.0033509999921079725
0.12020899998606183 9.999785106629133e-07
0.1263780000153929 0.0034960000193677843
0.1263780000153929 0.0
0.12174400000367314 0.0030550000083167106
0.12174400000367314 0.0
0.11748899999656714 0.0032099999953061342
0.11748899999656714 0.0
0.11467600002652034 0.0030919999990146607
0.11467600002652034 9.999785106629133e-07
0.11281999998027459 0.003148000017972663
0.11281999998027459 1.00000761449337e-06
0.10471499999403022 0.0026249999937135726
0.10471499999403022 0.0
0.10241999998106621 0.002646999986609444
0.10241999998106621 0.0
0.10006099997553974 0.0029949999880045652
0.10006099997553974 1.00000761449337e-06
0.10288399999262765 0.0026359999901615083
0.10288399999262765 1.00000761449337e-06
0.10218799998983741 0.002535999985411763
0.10218799998983741 0.0
0.10455600000568666 0.0025650000025052577
0.10455600000568666 1.00000761449337e-06
0.10193800000706688 0.0025529999984428287
0.10193800000706688 0.0
0.09964500000933185 0.002529000019421801
0.09964500000933185 0.0
0.09990400000242516 0.0024120000016409904
0.09990400000242516 0.0
0.09725999998045154 0.0024320000084117055
0.09725999998045154 0.0
0.09746600000653416 0.0023640000144951046
0.09746600000653416 0.0
0.0975320000143256 0.0024280000070575625
0.0975320000143256 1.00000761449337e-06
0.0977650000131689 0.0023769999970681965
0.0977650000131689 0.0
0.09703500001342036 0.0024640000192448497
0.09703500001342036 1.00000761449337e-06
0.09993100000428967 0.002441000018734485
0.09993100000428967 0.0
0.0995859999966342 0.0024730000004637986
0.0995859999966342 9.999785106629133e-07
0.09962200000882149 0.002406999992672354
0.09962200000882149 0.0
0.09963199999765493 0.002435000002151355
0.09963199999765493 0.0
0.09982100001070648 0.0024429999757558107
0.09982100001070648 9.999785106629133e-07
0.09963599999900907 0.0023930000024847686
0.09963599999900907 0.0
0.10159199999179691 0.002439999982016161
0.10159199999179691 1.00000761449337e-06
0.10073400000692345 0.002511999977286905
0.10073400000692345 1.00000761449337e-06
0.09968800001661293 0.002523999981349334
0.09968800001661293 1.00000761449337e-06
0.09959600001457147 0.0024870000197552145
0.09959600001457147 9.999785106629133e-07
0.10037399997236207 0.0024420000263489783
0.10037399997236207 1.00000761449337e-06
0.09948500001337379 0.002449999999953434
0.09948500001337379 9.999785106629133e-07
0.09959699999308214 0.0024960000009741634
0.09959699999308214 1.00000761449337e-06
0.09921899999608286 0.002454000001307577
0.09921899999608286 0.0
0.09939200000371784 0.0024510000075679272
0.09939200000371784 0.0
0.10027399999671616 0.002410999994026497
0.10027399999671616 0.0
0.10041599997202866 0.0025080000050365925
0.10041599997202866 1.00000761449337e-06
0.10450400001718663 0.0025220000243280083
0.10450400001718663 9.999785106629133e-07
0.10987400001613423 0.002566000010119751
0.10987400001613423 0.0
0.11881600000197068 0.0029470000008586794
0.11881600000197068 0.0
0.10737499999231659 0.002510999998776242
0.10737499999231659 1.00000761449337e-06
0.10480999998981133 0.0024890000058803707
0.10480999998981133 0.0
0.10560700000496581 0.0025960000057239085
0.10560700000496581 9.999785106629133e-07
0.10452900000382215 0.002652000024681911
0.10452900000382215 0.0
0.11014299999806099 0.00342100000125356
0.11014299999806099 0.0
0.11826400001882575 0.0025459999742452055
0.11826400001882575 1.00000761449337e-06
0.10741099997540005 0.002546000003349036
0.10741099997540005 0.0
0.10721499999635853 0.00266100000590086
0.10721499999635853 1.00000761449337e-06
0.10565000001224689 0.00257800001418218
0.10565000001224689 0.0
0.10221300000557676 0.0024819999816827476
0.10221300000557676 0.0
0.10234899999340996 0.00249499999335967
0.10234899999340996 0.0
0.10210299998288974 0.002502999996067956
0.10210299998288974 0.0
0.10209999998915009 0.0025099999911617488
0.10209999998915009 1.00000761449337e-06
0.1027790000080131 0.002533000020775944
0.1027790000080131 0.0
0.10249399999156594 0.002638999983901158
0.10249399999156594 0.0
0.10200999997323379 0.002710000000661239
0.10200999997323379 0.0
0.10421199997654185 0.0026740000175777823
0.10421199997654185 0.0
0.10715500000515021 0.0027159999881405383
0.10715500000515021 9.999785106629133e-07
0.10930499999085441 0.0027870000049006194
0.10930499999085441 9.999785106629133e-07
0.11243999999715015 0.0029079999949317425
0.11243999999715015 0.0
0.11694000000716187 0.003048999991733581
0.11694000000716187 0.0
0.11744499998167157 0.0030759999935980886
0.11744499998167157 1.00000761449337e-06
0.11762400000588968 0.0028750000055879354
0.11762400000588968 1.00000761449337e-06
0.11751799998455681 0.002909000002546236
0.11751799998455681 1.00000761449337e-06
0.11935399999492802 0.0032389999832957983
0.11935399999492802 0.0
0.11998499999754131 0.002888000017264858
0.11998499999754131 0.0
0.11996700000599958 0.003025000012712553
0.11996700000599958 1.00000761449337e-06
0.11976800000411458 0.0029319999739527702
0.11976800000411458 1.00000761449337e-06
0.12032899999758229 0.0030300000216811895
0.12032899999758229 1.00000761449337e-06
0.11685299998498522 0.0028429999947547913
0.11685299998498522 0.0
0.1187600000121165 0.0029470000008586794
0.1187600000121165 0.0
0.11440699998638593 0.0028230000170879066
0.11440699998638593 0.0
0.11243899998953566 0.0027790000021923333
0.11243899998953566 0.0
0.11282799998298287 0.0029630000062752515
0.11282799998298287 0.0
0.11152299999957904 0.002673999988473952
0.11152299999957904 1.00000761449337e-06
0.1126360000052955 0.0029500000237021595
0.1126360000052955 0.0
0.12038700000266545 0.002626000001328066
0.12038700000266545 0.0
0.1095950000162702 0.0026990000042133033
0.1095950000162702 0.0
0.10971199997584336 0.0026490000018384308
0.10971199997584336 0.0
0.10951300000306219 0.0026439999928697944
0.10951300000306219 0.0
0.1091420000011567 0.0026350000116508454
0.1091420000011567 1.00000761449337e-06
0.10709299999871291 0.0026409999991301447
0.10709299999871291 0.0
0.10680400001001544 0.0026419999776408076
0.10680400001001544 1.00000761449337e-06
0.10859600000549108 0.0026800000050570816
0.10859600000549108 1.00000761449337e-06
0.1072590000112541 0.0025310000055469573
0.1072590000112541 0.0
0.10962099998141639 0.0026519999955780804
0.10962099998141639 0.0
0.1096479999832809 0.00270100001944229
0.1096479999832809 0.0
0.1092569999746047 0.0027289999998174608
0.1092569999746047 1.00000761449337e-06
0.11174799999571405 0.002749000006588176
0.11174799999571405 0.0
0.11196200002450496 0.002796000015223399
0.11196200002450496 0.0
0.1123070000030566 0.0027129999944008887
0.1123070000030566 0.0
0.11315600000671111 0.002714000002015382
0.11315600000671111 1.00000761449337e-06
0.11226799999712966 0.002742000011494383
0.11226799999712966 0.0
0.11277999999583699 0.002761000010650605
0.11277999999583699 0.0
0.10686400000122376 0.0026000000070780516
0.10686400000122376 0.0
0.10964800001238473 0.0027159999881405383
0.10964800001238473 1.00000761449337e-06
0.10930799998459406 0.0026510000170674175
0.10930799998459406 0.0
0.11007399999652989 0.002656000026036054
0.11007399999652989 1.00000761449337e-06
0.10981100000208244 0.002685999992536381
0.10981100000208244 0.0
0.11056800000369549 0.0026740000175777823
0.11056800000369549 0.0
0.10896400001365691 0.002630000002682209
0.10896400001365691 1.00000761449337e-06
0.1101059999782592 0.0027560000016819686
0.1101059999782592 0.0
0.10950200000661425 0.002634000004036352
0.10950200000661425 0.0
0.11023500000010245 0.0026659999857656658
0.11023500000010245 1.00000761449337e-06
0.10933800000930205 0.002626999979838729
0.10933800000930205 1.00000761449337e-06
0.10993900001631118 0.0027239999908488244
0.10993900001631118 0.0
0.10949499998241663 0.002657000004546717
0.10949499998241663 0.0
0.11172099999384955 0.0026870000001508743
0.11172099999384955 0.0
0.10945200000423938 0.002621999999973923
0.10945200000423938 0.0
0.10951400001067668 0.002673000009963289
0.10951400001067668 9.999785106629133e-07
0.11321099998895079 0.002773999993223697
0.11321099998895079 0.0
0.11792000001878478 0.0028879999881610274
0.11792000001878478 0.0
0.12340000001131557 0.0030089999781921506
0.12340000001131557 0.0
0.12359099998138845 0.0028799999854527414
0.12359099998138845 0.0
0.12603600000147708 0.0029719999874942005
0.12603600000147708 0.0
0.12762199999997392 0.002829999983077869
0.12762199999997392 0.0
0.134898999996949 0.003044999990379438
0.134898999996949 1.00000761449337e-06
0.12551600000006147 0.0032079999800771475
0.12551600000006147 1.00000761449337e-06
0.12165700001060031 0.0028719999827444553
0.12165700001060031 0.0
0.11980600000242703 0.002905999979702756
0.11980600000242703 0.0
0.125170999992406 0.0029309999954421073
0.125170999992406 1.00000761449337e-06
0.1259999999892898 0.0030540000007022172
0.1259999999892898 9.999785106629133e-07
0.12603200000012293 0.003089999983785674
0.12603200000012293 9.999785106629133e-07
0.1253310000174679 0.003062999981921166
0.1253310000174679 0.0
0.12520899999071844 0.0030289999849628657
0.12520899999071844 9.999785106629133e-07
0.12509899999713525 0.0036939999845344573
0.12509899999713525 0.0
0.12921800001640804 0.003328999999212101
0.12921800001640804 0.0
0.1259600000048522 0.003156999999191612
0.1259600000048522 0.0
0.1292329999851063 0.0030809999734628946
0.1292329999851063 1.00000761449337e-06
0.12808600001153536 0.0034580000210553408
0.12808600001153536 1.00000761449337e-06
0.12993899997672997 0.0031510000117123127
0.12993899997672997 0.0
0.1255210000090301 0.0029959999956190586
0.1255210000090301 0.0
0.1225830000184942 0.0029349999967962503
0.1225830000184942 0.0
0.12399700001697056 0.0028870000096503645
0.12399700001697056 0.0
0.12872899998910725 0.002953000017441809
0.12872899998910725 0.0
0.12289900000905618 0.002898999984608963
0.12289900000905618 1.00000761449337e-06
0.12209999997867271 0.002966000000014901
0.12209999997867271 0.0
0.12204499999643303 0.002933999989181757
0.12204499999643303 0.0
0.12453000000095926 0.0030940000142436475
0.12453000000095926 1.00000761449337e-06
0.1272270000190474 0.0031390000076498836
0.1272270000190474 0.0
0.12761199998203665 0.0031559999915771186
0.12761199998203665 1.00000761449337e-06
0.12671700000646524 0.0030620000034105033
0.12671700000646524 0.0
0.13036499998997897 0.0035559999814722687
0.13036499998997897 1.00000761449337e-06
0.13425200001802295 0.0031460000027436763
0.13425200001802295 1.00000761449337e-06
0.13374400002066977 0.0033130000228993595
0.13374400002066977 1.00000761449337e-06
0.13698300000396557 0.003683999995701015
0.13698300000396557 0.0
0.1366400000115391 0.0033780000230763108
0.1366400000115391 1.00000761449337e-06
0.13503100001253188 0.0032340000034309924
0.13503100001253188 1.00000761449337e-06
0.13681399999768473 0.003300000011222437
0.13681399999768473 0.0
0.13752000001841225 0.0033020000264514238
0.13752000001841225 0.0
0.13646499998867512 0.003216999990399927
0.13646499998867512 9.999785106629133e-07
0.13485299999592826 0.003236999997170642
0.13485299999592826 0.0
0.13347099997918122 0.0031700000108685344
0.13347099997918122 0.0
0.13567099999636412 0.0031390000076498836
0.13567099999636412 0.0
0.13426600000821054 0.003152999997837469
0.13426600000821054 0.0
0.13827900000615045 0.0033210000256076455
0.13827900000615045 0.0
0.14651900000171736 0.0037090000114403665
0.14651900000171736 0.0
0.14495899999747053 0.003587999992305413
0.14495899999747053 0.0
0.1431579999916721 0.003333000000566244
0.1431579999916721 9.999785106629133e-07
0.16475299999001436 0.0035349999961908907
0.16475299999001436 0.0
0.14441000000806525 0.004199999995762482
0.14441000000806525 0.0
0.16026000000420026 0.0033400000247638673
0.16026000000420026 1.00000761449337e-06
0.14207899998291396 0.0034949999826494604
0.14207899998291396 0.0
0.14701299997977912 0.0033319999929517508
0.14701299997977912 0.0
0.13678500000969507 0.003280000004451722
0.13678500000969507 0.0
0.14699199999449775 0.0032709999941289425
0.14699199999449775 0.0
0.1333440000016708 0.003361999988555908
0.1333440000016708 0.0
0.13382200000341982 0.003220000013243407
0.13382200000341982 0.0
0.128828999993857 0.0031000000017229468
0.128828999993857 1.00000761449337e-06
0.1240410000027623 0.0030209999822545797
0.1240410000027623 0.0
0.12490100000286475 0.0030109999934211373
0.12490100000286475 0.0
0.12482999998610467 0.0030069999920669943
0.12482999998610467 1.00000761449337e-06
0.12614499998744577 0.0030409999890252948
0.12614499998744577 0.0
0.12428300001192838 0.0030069999920669943
0.12428300001192838 9.999785106629133e-07
0.12495800000033341 0.0029149999900255352
0.12495800000033341 1.00000761449337e-06
0.12504499999340624 0.0029799999902024865
0.12504499999340624 9.999785106629133e-07
0.12488800002029166 0.003076000022701919
0.12488800002029166 1.00000761449337e-06
0.12486500001978129 0.0033030000049620867
0.12486500001978129 0.0
0.12558899997384287 0.0029820000054314733
0.12558899997384287 1.00000761449337e-06
0.12512499999138527 0.0030390000029001385
0.12512499999138527 0.0
0.12481700000353158 0.003081000002566725
0.12481700000353158 1.00000761449337e-06
0.12556299997959286 0.0031149999995250255
0.12556299997959286 0.0
0.12489799998002127 0.0030329999863170087
0.12489799998002127 1.00000761449337e-06
0.12455500001669861 0.0029910000157542527
0.12455500001669861 0.0
0.12471599999116734 0.0030209999822545797
0.12471599999116734 0.0
0.128632000007201 0.0031270000035874546
0.128632000007201 0.0
0.12836900001275353 0.0030750000150874257
0.12836900001275353 0.0
0.12859799998113886 0.0032620000129099935
0.12859799998113886 0.0
0.1288520000234712 0.003025000012712553
0.1288520000234712 1.00000761449337e-06
0.12675500000477768 0.003040000010514632
0.12675500000477768 0.0
0.1267799999914132 0.003048999991733581
0.1267799999914132 0.0
0.12745500000892207 0.003072999999858439
0.12745500000892207 0.0
0.1295070000051055 0.0031009999802336097
0.1295070000051055 9.999785106629133e-07
0.12654299999121577 0.0031430000090040267
0.12654299999121577 0.0
0.1283580000163056 0.0030790000164415687
0.1283580000163056 0.0
0.1325479999941308 0.0030660000047646463
0.1325479999941308 1.00000761449337e-06
0.1327889999956824 0.0031900000176392496
0.1327889999956824 0.0
0.13217600001371466 0.003189999988535419
0.13217600001371466 1.00000761449337e-06
0.1313910000026226 0.003265000006649643
0.1313910000026226 0.0
0.13279800000600517 0.0033059999987017363
0.13279800000600517 0.0
0.13122300000395626 0.0031719999969936907
0.13122300000395626 0.0
0.13012000001617707 0.0030319999787025154
0.13012000001617707 0.0
0.1295869999739807 0.003109000012045726
0.1295869999739807 0.0
0.12937400001101196 0.0031129999842960387
0.12937400001101196 0.0
0.12948299999698065 0.0031860000162851065
0.12948299999698065 1.00000761449337e-06
0.12933100000373088 0.0034879999875556678
0.12933100000373088 1.00000761449337e-06
0.13461099998676218 0.0032179999980144203
0.13461099998676218 0.0
0.13177499998710118 0.00318100000731647
0.13177499998710118 1.00000761449337e-06
0.13538699998753145 0.0032469999860040843
0.13538699998753145 0.0
0.13745499998913147 0.003479000006336719
0.13745499998913147 1.00000761449337e-06
0.14196000000811182 0.0036560000153258443
0.14196000000811182 0.0
0.14434699999401346 0.003719000000273809
0.14434699999401346 0.0
0.14038900000741705 0.0034010000235866755
0.14038900000741705 1.00000761449337e-06
0.13959400000749156 0.0033610000100452453
0.13959400000749156 0.0
0.14658899998175912 0.003496999997878447
0.14658899998175912 0.0
0.14204700000118464 0.003441999986534938
0.14204700000118464 9.999785106629133e-07
0.14381300000241026 0.0034589999995660037
0.14381300000241026 1.00000761449337e-06
0.1424729999853298 0.0034140000061597675
0.1424729999853298 0.0
0.14307499999995343 0.0034839999862015247
0.14307499999995343 1.00000761449337e-06
0.14183499998762272 0.003456999984337017
0.14183499998762272 1.00000761449337e-06
0.14543699999921955 0.003480999992461875
0.14543699999921955 0.0
0.1417199999850709 0.0034429999941494316
0.1417199999850709 9.999785106629133e-07
0.14244399999734014 0.0034509999968577176
0.14244399999734014 0.0
0.13959099998464808 0.003404999995836988
0.13959099998464808 0.0
0.13670500001171604 0.0032780000183265656
0.13670500001171604 0.0
0.137789000000339 0.0033059999987017363
0.137789000000339 0.0
0.13396799998008646 0.0032260000007227063
0.13396799998008646 0.0
0.13190099998610094 0.0031639999942854047
0.13190099998610094 1.00000761449337e-06
0.13388999999733642 0.003196000005118549
0.13388999999733642 1.00000761449337e-06
0.1321499999903608 0.0031700000108685344
0.1321499999903608 1.00000761449337e-06
0.1345980000041891 0.0032090000167954713
0.1345980000041891 1.00000761449337e-06
0.1332819999952335 0.003169999981764704
0.1332819999952335 0.0
0.1318289999908302 0.0032469999860040843
0.1318289999908302 0.0
0.13326999999117106 0.0031399999861605465
0.13326999999117106 0.0
0.13177200002246536 0.0031410000228788704
0.13177200002246536 0.0
0.13489900002605282 0.0031350000062957406
0.13489900002605282 1.00000761449337e-06
0.13398600000073202 0.003280999982962385
0.13398600000073202 0.0
0.13747300000977702 0.003285999991931021
0.13747300000977702 1.00000761449337e-06
0.13669399998616427 0.003304999991087243
0.13669399998616427 0.0
0.13747899999725632 0.0037090000114403665
0.13747899999725632 1.00000761449337e-06
0.14593900000909343 0.003440999978920445
0.14593900000909343 0.0
0.1371180000132881 0.003339999995660037
0.1371180000132881 1.00000761449337e-06
0.1345300000102725 0.003259999997681007
0.1345300000102725 1.00000761449337e-06
0.13357200002064928 0.0032020000217016786
0.13357200002064928 0.0
0.1326929999922868 0.0031970000127330422
0.1326929999922868 0.0
0.13452500000130385 0.003208000009180978
0.13452500000130385 9.999785106629133e-07
0.1346600000106264 0.0032479999936185777
0.1346600000106264 1.00000761449337e-06
0.13444200000958517 0.003261999983806163
0.13444200000958517 0.0
0.13613199998508207 0.0032239999854937196
0.13613199998508207 0.0
0.13637600000947714 0.0032219999993685633
0.13637600000947714 1.00000761449337e-06
0.1344669999962207 0.0032789999968372285
0.1344669999962207 1.00000761449337e-06
0.13561500000650994 0.0032359999895561486
0.13561500000650994 0.0
0.13434499999857508 0.003247000015107915
0.13434499999857508 0.0
0.13507200000458397 0.003173999983118847
0.13507200000458397 0.0
0.13592999998945743 0.003244999999878928
0.13592999998945743 0.0
0.13451000000350177 0.0032479999936185777
0.13451000000350177 0.0
0.13537000000360422 0.0032119999814312905
0.13537000000360422 1.00000761449337e-06
0.13494299998274073 0.003236999997170642
0.13494299998274073 9.999785106629133e-07
0.1363640000054147 0.0033690000127535313
0.1363640000054147 1.00000761449337e-06
0.13910900001064874 0.0033629999961704016
0.13910900001064874 1.00000761449337e-06
0.1619080000091344 0.004068999987794086
0.1619080000091344 1.00000761449337e-06
0.17448699998203665 0.010673000011593103
0.17448699998203665 0.0
0.17889899999136105 0.010436000011395663
0.17889899999136105 1.00000761449337e-06
0.18484299999545328 0.01111500000115484
0.18484299999545328 0.0
0.18950899998890236 0.005628999992040917
0.18950899998890236 0.0
0.18296700000064448 0.0045940000272821635
0.18296700000064448 1.00000761449337e-06
0.17550099999061786 0.004382000013720244
0.17550099999061786 0.0
0.18151699998998083 0.004428999993251637
0.18151699998998083 0.0
0.17679800000041723 0.004371999995782971
0.17679800000041723 1.00000761449337e-06
0.16960500000277534 0.00411300000268966
0.16960500000277534 1.00000761449337e-06
0.1740200000058394 0.004362000006949529
0.1740200000058394 1.00000761449337e-06
0.16796700001577847 0.004138000018429011
0.16796700001577847 1.00000761449337e-06
0.171675999998115 0.004439000011188909
0.171675999998115 0.0
0.15650000001187436 0.0037700000102631748
0.15650000001187436 0.0
0.15202799998223782 0.0036780000082217157
0.15202799998223782 0.0
0.15317900001537055 0.003628999984357506
0.15317900001537055 0.0
0.1499070000136271 0.004310999996960163
0.1499070000136271 0.0
0.14459199999691918 0.003568999993149191
0.14459199999691918 9.999785106629133e-07
0.14488700000219978 0.0038080000085756183
0.14488700000219978 0.0
0.14209000000846572 0.0034380000142846256
0.14209000000846572 1.00000761449337e-06
0.1425699999963399 0.0035050000005867332
0.1425699999963399 1.00000761449337e-06
0.13526999999885447 0.0033050000201910734
0.13526999999885447 0.0
0.12931200000457466 0.003161999979056418
0.12931200000457466 9.999785106629133e-07
0.1269159999792464 0.0031250000174622983
0.1269159999792464 0.0
0.13036799998371862 0.0031709999893791974
0.13036799998371862 0.0
0.12907699999050237 0.0031390000076498836
0.12907699999050237 0.0
0.1313699999882374 0.0032300000020768493
0.1313699999882374 1.00000761449337e-06
0.13022600000840612 0.00313499997719191
0.13022600000840612 1.00000761449337e-06
0.12930999998934567 0.0031869999947957695
0.12930999998934567 0.0
0.1303980000084266 0.003033000015420839
0.1303980000084266 1.00000761449337e-06
0.12728800001787022 0.0030820000101812184
0.12728800001787022 9.999785106629133e-07
0.13015700000687502 0.0031430000090040267
0.13015700000687502 0.0
0.12966000000596978 0.003204000007826835
0.12966000000596978 9.999785106629133e-07
0.12932100001489744 0.0031420000013895333
0.12932100001489744 0.0
0.1298559999850113 0.00318400000105612
0.1298559999850113 1.00000761449337e-06
0.13224400000763126 0.0031669999880250543
0.13224400000763126 0.0
0.13227699999697506 0.003224999993108213
0.13227699999697506 1.00000761449337e-06
0.1299719999951776 0.0031589999853167683
0.1299719999951776 0.0
0.13088199999765493 0.0032230000069830567
0.13088199999765493 0.0
0.12998999998671934 0.0030679999908898026
0.12998999998671934 1.00000761449337e-06
0.13017999997828156 0.0031380000000353903
0.13017999997828156 0.0
0.13309600000502542 0.0032099999953061342
0.13309600000502542 0.0
0.1294460000062827 0.0031909999961499125
0.1294460000062827 0.0
0.13108200000715442 0.0032119999814312905
0.13108200000715442 1.00000761449337e-06
0.13518400001339614 0.003272000001743436
0.13518400001339614 1.00000761449337e-06
0.13668799999868497 0.00334100000327453
0.13668799999868497 0.0
0.13914799998747185 0.0033279999915976077
0.13914799998747185 9.999785106629133e-07
0.1375830000033602 0.0033549999934621155
0.1375830000033602 0.0
0.1337550000171177 0.0032890000147745013
0.1337550000171177 0.0
0.13731600000755861 0.003320999996503815
0.13731600000755861 0.0
0.14308700000401586 0.003448000003118068
0.14308700000401586 0.0
0.13930599999730475 0.003403000009711832
0.13930599999730475 0.0
0.1461880000133533 0.0037569999985862523
0.1461880000133533 1.00000761449337e-06
0.14647900001727976 0.004254999978002161
0.14647900001727976 0.0
0.1496530000003986 0.0037269999738782644
0.1496530000003986 1.00000761449337e-06
0.16134500000043772 0.003859999997075647
0.16134500000043772 0.0
0.148734999995213 0.003708000003825873
0.148734999995213 1.00000761449337e-06
0.1460580000129994 0.0035949999873992056
0.1460580000129994 9.999785106629133e-07
0.14202800000202842 0.003392999991774559
0.14202800000202842 0.0
0.13880200000130571 0.0033429999893996865
0.13880200000130571 0.0
0.18926700000884011 0.004436999995959923
0.18926700000884011 0.0
0.13681000002543442 0.003268000000389293
0.13681000002543442 0.0
0.13462900000740774 0.003320000017993152
0.13462900000740774 1.00000761449337e-06
0.13558800000464544 0.003261999983806163
0.13558800000464544 9.999785106629133e-07
0.13694200001191348 0.0033629999961704016
0.13694200001191348 9.999785106629133e-07
0.1367690000042785 0.0032899999932851642
0.1367690000042785 0.0
0.13821599999209866 0.003339999995660037
0.13821599999209866 0.0
0.13636799997766502 0.0032910000008996576
0.13636799997766502 0.0
0.1384130000078585 0.0033340000081807375
0.1384130000078585 0.0
0.13685499998973683 0.0036309999995864928
0.13685499998973683 0.0
0.13586599999689497 0.003268000000389293
0.13586599999689497 1.00000761449337e-06
0.13412800000514835 0.0033009999897331
0.13412800000514835 0.0
0.13527699999394827 0.0032359999895561486
0.13527699999394827 1.00000761449337e-06
0.13497399998595938 0.0032479999936185777
0.13497399998595938 0.0
0.13693599999533035 0.0032319999882020056
0.13693599999533035 9.999785106629133e-07
0.13787999999476597 0.0033260000054724514
0.13787999999476597 1.00000761449337e-06
0.13662800000747666 0.0032519999949727207
0.13662800000747666 1.00000761449337e-06
0.1431670000019949 0.003304999991087243
0.1431670000019949 9.999785106629133e-07
0.13735099998302758 0.003575999988242984
0.13735099998302758 0.0
0.13811400000122376 0.0033010000188369304
0.13811400000122376 0.0
0.136966999998549 0.003759999992325902
0.136966999998549 0.0
0.13762100000167266 0.0033229999826289713
0.13762100000167266 0.0
0.13642599998274818 0.00334100000327453
0.13642599998274818 0.0
0.14011199999367818 0.0033589999948162585
0.14011199999367818 1.00000761449337e-06
0.13679399999091402 0.003312000015284866
0.13679399999091402 0.0
0.1398099999933038 0.0033770000154618174
0.1398099999933038 0.0
0.13969800001359545 0.0033540000149514526
0.13969800001359545 0.0
0.13971400001901202 0.0035410000127740204
0.13971400001901202 9.999785106629133e-07
0.14040899998508394 0.0033730000141076744
0.14040899998508394 1.00000761449337e-06
0.14037100001587532 0.0034189999860245734
0.14037100001587532 0.0
0.13928100001066923 0.0033100000000558794
0.13928100001066923 1.00000761449337e-06
0.13966300000902265 0.003380000009201467
0.13966300000902265 9.999785106629133e-07
0.14222500001778826 0.0033949999778997153
0.14222500001778826 0.0
0.13914700000896119 0.0034309999900870025
0.13914700000896119 1.00000761449337e-06
0.13568199999281205 0.0033019999973475933
0.13568199999281205 1.00000761449337e-06
0.13473900000099093 0.0030919999990146607
0.13473900000099093 9.999785106629133e-07
0.13678800000343472 0.0033530000073369592
0.13678800000343472 1.00000761449337e-06
0.13695800001733005 0.0033349999866914004
0.13695800001733005 0.0
0.13929299998562783 0.0033629999961704016
0.13929299998562783 0.0
0.13896400001249276 0.0033589999948162585
0.13896400001249276 0.0
0.14666200001374818 0.003966999996919185
0.14666200001374818 9.999785106629133e-07
0.14776600000914186 0.0035330000100657344
0.14776600000914186 0.0
0.14675300000817515 0.00394399999640882
0.14675300000817515 0.0
0.14411500000278465 0.003523000021232292
0.14411500000278465 9.999785106629133e-07
0.1478380000044126 0.0035659999994095415
0.1478380000044126 0.0
0.14464400001452304 0.0037069999962113798
0.14464400001452304 0.0
0.14545900002121925 0.0035330000100657344
0.14545900002121925 1.00000761449337e-06
0.1441239999840036 0.003564999991795048
0.1441239999840036 0.0
0.14986199999111705 0.0036299999919719994
0.14986199999111705 9.999785106629133e-07
0.1492609999841079 0.003591999993659556
0.1492609999841079 0.0
0.14855499999248423 0.003572999994503334
0.14855499999248423 9.999785106629133e-07
0.14999899998656474 0.0036140000156592578
0.14999899998656474 0.0
0.1433229999965988 0.003732999990461394
0.1433229999965988 1.00000761449337e-06
0.14412800001446158 0.0035220000136177987
0.14412800001446158 0.0
0.14221200000611134 0.003425000002607703
0.14221200000611134 0.0
0.1410199999809265 0.0034119999909307808
0.1410199999809265 0.0
0.14237999997567385 0.0034530000120867044
0.14237999997567385 1.00000761449337e-06
0.1364119999925606 0.0038409999979194254
0.1364119999925606 0.0
0.13530999998329207 0.0032319999882020056
0.13530999998329207 0.0
0.13749599998118356 0.0032999999821186066
0.13749599998118356 9.999785106629133e-07
0.13477599999168888 0.0032789999968372285
0.13477599999168888 1.00000761449337e-06
0.1342949999962002 0.003212999989045784
0.1342949999962002 0.0
0.1343909999995958 0.0033620000176597387
0.1343909999995958 1.00000761449337e-06
0.13453999999910593 0.0033079999848268926
0.13453999999910593 0.0
0.1337760000023991 0.0032460000074934214
0.1337760000023991 0.0
0.1375580000167247 0.0033340000081807375
0.1375580000167247 0.0
0.13591599999926984 0.0033090000215452164
0.13591599999926984 1.00000761449337e-06
0.14294399999198504 0.0032950000022538006
0.14294399999198504 0.0
0.13695700000971556 0.0032629999914206564
0.13695700000971556 1.00000761449337e-06
0.13817399999243207 0.003312999993795529
0.13817399999243207 1.00000761449337e-06
0.1374000000068918 0.003324999997857958
0.1374000000068918 9.999785106629133e-07
0.13688899998669513 0.003284000005805865
0.13688899998669513 1.00000761449337e-06
0.1375160000170581 0.0032430000137537718
0.1375160000170581 1.00000761449337e-06
0.13712299999315292 0.0032950000022538006
0.13712299999315292 0.0
0.13630700000794604 0.003265000006649643
0.13630700000794604 0.0
0.14010800002142787 0.0033709999988786876
0.14010800002142787 0.0
0.1411460000090301 0.00338400001055561
0.1411460000090301 1.00000761449337e-06
0.13945600000442937 0.0034820000000763685
0.13945600000442937 0.0
0.14193599999998696 0.003448999981628731
0.14193599999998696 0.0
0.14175199999590404 0.00390700000571087
0.14175199999590404 0.0
0.14320900000166148 0.003407000011065975
0.14320900000166148 1.00000761449337e-06
0.1453779999865219 0.0035210000060033053
0.1453779999865219 0.0
0.1441800000029616 0.0035240000288467854
0.1441800000029616 1.00000761449337e-06
0.1437549999973271 0.003648999991128221
0.1437549999973271 0.0
0.14845599999534898 0.003495000011753291
0.14845599999534898 1.00000761449337e-06
0.14776000002166256 0.0035680000146385282
0.14776000002166256 0.0
0.14667799999006093 0.003488000016659498
0.14667799999006093 0.0
0.13946500001475215 0.00341799997841008
0.13946500001475215 1.00000761449337e-06
0.14086200000019744 0.003384999989066273
0.14086200000019744 0.0
0.1363509999937378 0.003333999979076907
0.1363509999937378 9.999785106629133e-07
0.140425999998115 0.003415999992284924
0.140425999998115 0.0
0.1393720000050962 0.0033490000059828162
0.1393720000050962 1.00000761449337e-06
0.13577199997962452 0.003328999999212101
0.13577199997962452 9.999785106629133e-07
0.1336639999935869 0.003339999995660037
0.1336639999935869 0.0
0.1337970000167843 0.0035730000236071646
0.1337970000167843 0.0
0.14733700000215322 0.003655000007711351
0.14733700000215322 0.0
0.1436519999988377 0.0035579999967012554
0.1436519999988377 1.00000761449337e-06
0.14535599999362603 0.0037240000092424452
0.14535599999362603 0.0
0.14749300002586097 0.0034429999941494316
0.14749300002586097 0.0
0.1518660000001546 0.0037529999972321093
0.1518660000001546 1.00000761449337e-06
0.15428300001076423 0.003759999992325902
0.15428300001076423 0.0
0.15585900002042763 0.003655000007711351
0.15585900002042763 1.00000761449337e-06
0.15268400000059046 0.003903000004356727
0.15268400000059046 1.00000761449337e-06
0.1536519999790471 0.003675999992992729
0.1536519999790471 9.999785106629133e-07
0.1500579999992624 0.003624999983003363
0.1500579999992624 0.0
0.14664900000207126 0.003659999987576157
0.14664900000207126 9.999785106629133e-07
0.14661100000375882 0.0036269999982323498
0.14661100000375882 1.00000761449337e-06
0.14566799998283386 0.003663000010419637
0.14566799998283386 1.00000761449337e-06
0.14326599999913014 0.0034579999919515103
0.14326599999913014 0.0
0.1407970000000205 0.0033719999773893505
0.1407970000000205 1.00000761449337e-06
0.13502600000356324 0.0033349999866914004
0.13502600000356324 0.0
0.14155700002447702 0.0034450000093784183
0.14155700002447702 0.0
0.13728599998285063 0.003368999983649701
0.13728599998285063 0.0
0.14690300001529977 0.0033679999760352075
0.14690300001529977 9.999785106629133e-07
0.13938800001051277 0.003675000014482066
0.13938800001051277 0.0
0.14032099998439662 0.003165000001899898
0.14032099998439662 1.00000761449337e-06
0.15633100000559352 0.003276999981608242
0.15633100000559352 0.0
0.1508529999991879 0.0034050000249408185
0.1508529999991879 9.999785106629133e-07
0.14103200001409277 0.0033009999897331
0.14103200001409277 1.00000761449337e-06
0.13986300001852214 0.003288000007160008
0.13986300001852214 0.0
0.14228000000002794 0.003355000022565946
0.14228000000002794 0.0
0.14169600000604987 0.003618000017013401
0.14169600000604987 9.999785106629133e-07
0.14284099999349564 0.0034459999878890812
0.14284099999349564 1.00000761449337e-06
0.14294600000721402 0.003647999983513728
0.14294600000721402 1.00000761449337e-06
0.14218999998411164 0.0035060000082012266
0.14218999998411164 0.0
0.14327199998660944 0.0035479999787639827
0.14327199998660944 0.0
0.14021800001501106 0.0032709999941289425
0.14021800001501106 1.00000761449337e-06
0.1363710000005085 0.0032600000267848372
0.1363710000005085 1.00000761449337e-06
0.137845000019297 0.0032460000074934214
0.137845000019297 1.00000761449337e-06
0.13735999999335036 0.003249000001233071
0.13735999999335036 0.0
0.13631799997529015 0.0032350000110454857
0.13631799997529015 0.0
0.1368230000080075 0.0033429999893996865
0.1368230000080075 1.00000761449337e-06
0.1372970000084024 0.003355000022565946
0.1372970000084024 9.999785106629133e-07
0.14117399998940527 0.0035749999806284904
0.14117399998940527 0.0
0.14561999999568798 0.0036859999818261713
0.14561999999568798 0.0
0.14926600002218038 0.003380000009201467
0.14926600002218038 1.00000761449337e-06
0.14388099999632686 0.003412999998545274
0.14388099999632686 1.00000761449337e-06
0.13908900000387803 0.003308000013930723
0.13908900000387803 0.0
0.137137999990955 0.00326399999903515
0.137137999990955 9.999785106629133e-07
0.13742799998726696 0.0034960000193677843
0.13742799998726696 1.00000761449337e-06
0.1414820000063628 0.003591999993659556
0.1414820000063628 0.0
0.14017699999385513 0.00333799998043105
0.14017699999385513 0.0
0.13949099997989833 0.003327000013086945
0.13949099997989833 1.00000761449337e-06
0.13893700001062825 0.003333999979076907
0.13893700001062825 0.0
0.140255000005709 0.0033220000041183084
0.140255000005709 0.0
0.13955399999395013 0.003368999983649701
0.13955399999395013 0.0
0.13973100000293925 0.003364999982295558
0.13973100000293925 9.999785106629133e-07
0.1449690000154078 0.0035149999894201756
0.1449690000154078 1.00000761449337e-06
0.1451390000001993 0.0035470000002533197
0.1451390000001993 1.00000761449337e-06
0.14433999999891967 0.003971999976783991
0.14433999999891967 1.00000761449337e-06
0.15071799998986535 0.003575000009732321
0.15071799998986535 1.00000761449337e-06
0.15189599999575876 0.0036949999921489507
0.15189599999575876 1.00000761449337e-06
0.1522510000213515 0.00398099998710677
0.1522510000213515 0.0
0.15311099999235012 0.0036069999914616346
0.15311099999235012 9.999785106629133e-07
0.15039500000420958 0.0035619999980553985
0.15039500000420958 0.0
0.1531459999969229 0.0035490000154823065
0.1531459999969229 1.00000761449337e-06
0.15282300001126714 0.0036319999780971557
0.15282300001126714 1.00000761449337e-06
0.15217799998936243 0.003659000009065494
0.15217799998936243 0.0
0.15664899998228066 0.0038099999947007746
0.15664899998228066 0.0
0.15021900000283495 0.003712000005180016
0.15021900000283495 1.00000761449337e-06
0.20609999998123385 0.004772000014781952
0.20609999998123385 0.0
0.15244700000039302 0.0036509999772533774
0.15244700000039302 0.0
0.15260999999009073 0.0037069999962113798
0.15260999999009073 1.00000761449337e-06
0.14962999999988824 0.003636999987065792
0.14962999999988824 9.999785106629133e-07
0.15476699999999255 0.003640999988419935
0.15476699999999255 0.0
0.1529269999882672 0.0036740000068675727
0.1529269999882672 0.0
0.15308800002094358 0.003823000006377697
0.15308800002094358 0.0
0.1524009999993723 0.003639000002294779
0.1524009999993723 0.0
0.15039399999659508 0.003618000017013401
0.15039399999659508 9.999785106629133e-07
0.15304200001992285 0.00390700000571087
0.15304200001992285 4.0000013541430235e-06
0.1523999999917578 0.003652999992482364
0.1523999999917578 1.00000761449337e-06
0.15580499998759478 0.0037829999928362668
0.15580499998759478 1.00000761449337e-06
0.15014300000621006 0.003616000001784414
0.15014300000621006 0.0
0.14987500000279397 0.003910999977961183
0.14987500000279397 0.0
0.15214900000137277 0.003599999996367842
0.15214900000137277 0.0
0.15199099999153987 0.003671999991638586
0.15199099999153987 0.0
0.14983400001074187 0.004018000006908551
0.14983400001074187 0.0
0.1530979999806732 0.003683999995701015
0.1530979999806732 9.999785106629133e-07
0.1504209999984596 0.0036299999919719994
0.1504209999984596 1.00000761449337e-06
0.15093199998955242 0.004121000005397946
0.15093199998955242 1.00000761449337e-06
0.1503450000018347 0.003556999989086762
0.1503450000018347 0.0
0.1498790000041481 0.003571999986888841
0.1498790000041481 0.0
0.15362999998615123 0.0036219999892637134
0.15362999998615123 9.999785106629133e-07
0.15604800000437535 0.003739000007044524
0.15604800000437535 1.00000761449337e-06
0.1498319999955129 0.0035659999994095415
0.1498319999955129 0.0
0.15268999998806976 0.003679999994346872
0.15268999998806976 9.999785106629133e-07
0.15494400000898167 0.003867999999783933
0.15494400000898167 0.0
0.15809099999023601 0.0039370000013150275
0.15809099999023601 0.0
0.1555250000092201 0.003784999978961423
0.1555250000092201 1.00000761449337e-06
0.1567510000022594 0.0037360000133048743
0.1567510000022594 0.0
0.15776900001219474 0.0039360000228043646
0.15776900001219474 0.0
0.158605999982683 0.0037939999892842025
0.158605999982683 1.00000761449337e-06
0.15643599999020807 0.003811000002315268
0.15643599999020807 0.0
0.15863000001991168 0.003874000016367063
0.15863000001991168 1.00000761449337e-06
0.15890199999557808 0.003819000005023554
0.15890199999557808 9.999785106629133e-07
0.1574479999835603 0.003620000003138557
0.1574479999835603 0.0
0.15852700002142228 0.003867999999783933
0.15852700002142228 0.0
0.1586810000007972 0.0038619999832008034
0.1586810000007972 0.0
0.15946799999801442 0.003802999999606982
0.15946799999801442 9.999785106629133e-07
0.15330299999914132 0.003692999976919964
0.15330299999914132 1.00000761449337e-06
0.15570800000568852 0.003695999999763444
0.15570800000568852 1.00000761449337e-06
0.15451400002348237 0.0036530000215861946
0.15451400002348237 0.0
0.15447199999471195 0.00398099998710677
0.15447199999471195 0.0
0.15700700000161305 0.003728999989107251
0.15700700000161305 0.0
0.15607600001385435 0.0036480000126175582
0.15607600001385435 0.0
0.15387700000428595 0.0037650000012945384
0.15387700000428595 0.0
0.1556389999750536 0.003732999990461394
0.1556389999750536 1.00000761449337e-06
0.15451399999437854 0.003771999996388331
0.15451399999437854 1.00000761449337e-06
0.1573320000024978 0.0037850000080652535
0.1573320000024978 1.00000761449337e-06
0.15161900001112372 0.003759999992325902
0.15161900001112372 0.0
0.15425500000128523 0.0036339999933261424
0.15425500000128523 1.00000761449337e-06
0.15360699998564087 0.003632000007200986
0.15360699998564087 1.00000761449337e-06
0.15309700000216253 0.003639000002294779
0.15309700000216253 0.0
0.15159399999538437 0.003607000020565465
0.15159399999538437 0.0
0.15252100001089275 0.0036560000153258443
0.15252100001089275 0.0
0.15460400001029484 0.0036720000207424164
0.15460400001029484 1.00000761449337e-06
0.1550649999990128 0.0036620000028051436
0.1550649999990128 0.0
0.15612999998847954 0.003647000005003065
0.15612999998847954 0.0
0.15497999999206513 0.003735000005690381
0.15497999999206513 0.0
0.15495799999916926 0.003771999996388331
0.15495799999916926 1.00000761449337e-06
0.1602089999942109 0.0037669999874196947
0.1602089999942109 1.00000761449337e-06
0.16503400000510737 0.0038890000141691417
0.16503400000510737 0.0
0.16512900000088848 0.0037789999914821237
0.16512900000088848 0.0
0.15698700002394617 0.0037330000195652246
0.15698700002394617 0.0
0.157017999998061 0.0037700000102631748
0.157017999998061 1.00000761449337e-06
0.1620790000015404 0.003960999980336055
0.1620790000015404 0.0
0.15935300002456643 0.003819000005023554
0.15935300002456643 0.0
0.15919199999189004 0.003883999976096675
0.15919199999189004 9.999785106629133e-07
0.1596750000026077 0.003847999993013218
0.1596750000026077 0.0
0.15743200000724755 0.003716000006534159
0.15743200000724755 0.0
0.15923399999155663 0.0037629999860655516
0.15923399999155663 0.0
0.15911700000287965 0.0038420000055339187
0.15911700000287965 0.0
0.16023999999742955 0.003803999978117645
0.16023999999742955 1.00000761449337e-06
0.16312599999946542 0.0038610000046901405
0.16312599999946542 0.0
0.1598070000181906 0.003914999979315326
0.1598070000181906 0.0
0.16044599999440834 0.003720999986398965
0.16044599999440834 1.00000761449337e-06
0.15685999998822808 0.003851999994367361
0.15685999998822808 0.0
0.15753199998289347 0.003667999990284443
0.15753199998289347 0.0
0.1576659999846015 0.0036459999973885715
0.1576659999846015 1.00000761449337e-06
0.15687499998603016 0.0038260000001173466
0.15687499998603016 1.00000761449337e-06
0.16110299999127164 0.004053999989992008
0.16110299999127164 0.0
0.16013000000384636 0.004003999987617135
0.16013000000384636 0.0
0.16174700000556186 0.004188999999314547
0.16174700000556186 1.3999990187585354e-05
0.1597360000014305 0.003802999999606982
0.1597360000014305 1.00000761449337e-06
0.16065900001558475 0.0039019999967422336
0.16065900001558475 9.999785106629133e-07
0.1600670000188984 0.003814000025158748
0.1600670000188984 0.0
0.16148099998827092 0.0040720000106375664
0.16148099998827092 0.0
0.16293299998505972 0.004702000005636364
0.16293299998505972 0.0
0.16237099998397753 0.004362000006949529
0.16237099998397753 0.0
0.17710699999588542 0.004355000011855736
0.17710699999588542 0.0
0.1768609999853652 0.004423999984283
0.1768609999853652 9.999785106629133e-07
0.18715199999860488 0.004259000008460134
0.18715199999860488 0.0
0.1693700000178069 0.004602999979397282
0.1693700000178069 9.999785106629133e-07
0.16323299999930896 0.003859999997075647
0.16323299999930896 0.0
0.16420400000060908 0.0042440000106580555
0.16420400000060908 1.00000761449337e-06
0.16422099998453632 0.0038800000038463622
0.16422099998453632 1.00000761449337e-06
0.16308800000115298 0.0038739999872632325
0.16308800000115298 1.00000761449337e-06
0.1617919999989681 0.003922999982023612
0.1617919999989681 9.999785106629133e-07
0.1645579999894835 0.0040089999965857714
0.1645579999894835 0.0
0.15918399998918176 0.003847000014502555
0.15918399998918176 0.0
0.1601399999926798 0.0037500000034924597
0.1601399999926798 0.0
0.1595730000117328 0.003876000002492219
0.1595730000117328 1.00000761449337e-06
0.15975399999297224 0.003843999991659075
0.15975399999297224 1.00000761449337e-06
0.16036000000895 0.0037869999941904098
0.16036000000895 9.999785106629133e-07
0.16094500001054257 0.003891000000294298
0.16094500001054257 1.00000761449337e-06
0.16178699998999946 0.0039019999967422336
0.16178699998999946 0.0
0.16219899998395704 0.003914000000804663
0.16219899998395704 1.00000761449337e-06
0.16221199999563396 0.0038589999894611537
0.16221199999563396 0.0
0.16139799999655224 0.0038619999832008034
0.16139799999655224 1.00000761449337e-06
0.16252600000007078 0.0038890000141691417
0.16252600000007078 1.00000761449337e-06
0.16527199998381548 0.0040880000160541385
0.16527199998381548 0.0
0.16725399999995716 0.004011000011814758
0.16725399999995716 0.0
0.16253599998890422 0.0038389999826904386
0.16253599998890422 0.0
0.16295699999318458 0.003872000001138076
0.16295699999318458 1.00000761449337e-06
0.162573000008706 0.003934999986086041
0.162573000008706 1.00000761449337e-06
0.16579400000046007 0.003882999997586012
0.16579400000046007 0.0
0.16524799997569062 0.004228999983752146
0.16524799997569062 9.999785106629133e-07
0.16376799999852665 0.003915999986929819
0.16376799999852665 0.0
0.1642219999921508 0.003942999988794327
0.1642219999921508 1.00000761449337e-06
0.16507799999089912 0.0038899999926798046
0.16507799999089912 0.0
0.1651750000019092 0.003956000000471249
0.1651750000019092 0.0
0.16522300001815893 0.0040089999965857714
0.16522300001815893 0.0
0.16652199998497963 0.0039490000053774565
0.16652199998497963 0.0
0.1681209999951534 0.003979000000981614
0.1681209999951534 0.0
0.16500800001085736 0.0039049999904818833
0.16500800001085736 1.00000761449337e-06
0.16407200001413003 0.004076999990502372
0.16407200001413003 9.999785106629133e-07
0.16455700001097284 0.004003999987617135
0.16455700001097284 0.0
0.16513000000850298 0.0039059999980963767
0.16513000000850298 0.0
0.21915799999260344 0.005395000014686957
0.21915799999260344 0.0
0.16632899999967776 0.004007000010460615
0.16632899999967776 1.00000761449337e-06
0.17177700001047924 0.004505999997491017
0.17177700001047924 1.00000761449337e-06
0.17281700001331046 0.004114999988814816
0.17281700001331046 0.0
0.17157599999336526 0.004058999998960644
0.17157599999336526 9.999785106629133e-07
0.17379000000073574 0.004115999996429309
0.17379000000073574 0.0
0.1678869999886956 0.00394699999014847
0.1678869999886956 0.0
0.17389899998670444 0.004289000004064292
0.17389899998670444 0.0
0.17070600000442937 0.004118999990168959
0.17070600000442937 0.0
0.16931999998632818 0.004049999988637865
0.16931999998632818 0.0
0.17015099999844097 0.0040290000033564866
0.17015099999844097 0.0
0.1706259999773465 0.004044000001158565
0.1706259999773465 0.0
0.16685599999618717 0.004006000002846122
0.16685599999618717 0.0
0.16862300000502728 0.003995000006398186
0.16862300000502728 1.00000761449337e-06
0.1687450000026729 0.0040250000020023435
0.1687450000026729 0.0
0.16410500000347383 0.0039280000200960785
0.16410500000347383 1.00000761449337e-06
0.16447499999776483 0.003850000008242205
0.16447499999776483 0.0
0.16507600000477396 0.0038939999940339476
0.16507600000477396 1.00000761449337e-06
0.1693700000178069 0.0039870000036899
0.1693700000178069 0.0
0.16895200000726618 0.00415000002249144
0.16895200000726618 0.0
0.1687369999999646 0.003951000020606443
0.1687369999999646 0.0
0.17050199999357574 0.003928999998606741
0.17050199999357574 0.0
0.16750799998408183 0.004118000011658296
0.16750799998408183 0.0
0.1641210000088904 0.0039530000067316
0.1641210000088904 1.00000761449337e-06
0.168729999975767 0.0040840000146999955
0.168729999975767 0.0
0.16783000002033077 0.003976000007241964
0.16783000002033077 0.0
0.16536199999973178 0.0039049999904818833
0.16536199999973178 0.0
0.20946800001547672 0.005727999989176169
0.20946800001547672 0.0
0.1705519999959506 0.003950999991502613
0.1705519999959506 0.0
0.18761100000119768 0.004335000005085021
0.18761100000119768 0.0
0.17839399998774752 0.004170000000158325
0.17839399998774752 0.0
0.17226699998718686 0.0042449999891687185
0.17226699998718686 1.00000761449337e-06
0.17403200000990182 0.004347999987658113
0.17403200000990182 0.0
0.1748690000094939 0.00411300000268966
0.1748690000094939 0.0
0.172865999978967 0.004171999986283481
0.172865999978967 1.00000761449337e-06
0.17177299998002127 0.004015999991679564
0.17177299998002127 1.00000761449337e-06
0.1694689999858383 0.004109000001335517
0.1694689999858383 0.0
0.16845500000636093 0.004003000009106472
0.16845500000636093 0.0
0.1709090000076685 0.0041520000086165965
0.1709090000076685 0.0
0.1712470000202302 0.004538000008324161
0.1712470000202302 0.0
0.17152800000621937 0.004010000004200265
0.17152800000621937 9.999785106629133e-07
0.17183100001420826 0.004142999998293817
0.17183100001420826 0.0
0.16685499998857267 0.004014000005554408
0.16685499998857267 0.0
0.16854500002227724 0.0040080000180751085
0.16854500002227724 0.0
0.16822400002274662 0.003966000018408522
0.16822400002274662 0.0
0.16787699999986216 0.003954999992856756
0.16787699999986216 1.00000761449337e-06
0.16606200000387616 0.003854000009596348
0.16606200000387616 1.00000761449337e-06
0.16698000000906177 0.003970999998273328
0.16698000000906177 1.00000761449337e-06
0.16924300001119263 0.004080999991856515
0.16924300001119263 0.0
0.17147899998235516 0.004095999989658594
0.17147899998235516 0.0
0.1666759999934584 0.003979999979492277
0.1666759999934584 0.0
0.16931100000510924 0.0040129999979399145
0.16931100000510924 0.0
0.1703620000043884 0.004161000018939376
0.1703620000043884 0.0
0.16986999998334795 0.004071000003023073
0.16986999998334795 1.00000761449337e-06
0.17009699999471195 0.004213000007439405
0.17009699999471195 0.0
0.17395500000566244 0.004089999973075464
0.17395500000566244 0.0
0.17087200001697056 0.004035999998450279
0.17087200001697056 0.0
0.17002099999808706 0.004095999989658594
0.17002099999808706 0.0
0.1703929999785032 0.004052000003866851
0.1703929999785032 0.0
0.16920599999139085 0.004014000005554408
0.16920599999139085 0.0
0.1711559999966994 0.004095999989658594
0.1711559999966994 0.0
0.17056400000001304 0.004010000004200265
0.17056400000001304 0.0
0.17180999999982305 0.004111999995075166
0.17180999999982305 9.999785106629133e-07
0.17206899999291636 0.00410399999236688
0.17206899999291636 0.0
0.1728000000002794 0.0040290000033564866
0.1728000000002794 0.0
0.1726339999877382 0.004119999997783452
0.1726339999877382 0.0
0.1720410000125412 0.004109000001335517
0.1720410000125412 1.00000761449337e-06
0.17244900000514463 0.0040250000020023435
0.17244900000514463 0.0
0.1694230000139214 0.003916999994544312
0.1694230000139214 0.0
0.17156599997542799 0.004119999997783452
0.17156599997542799 0.0
0.1820890000090003 0.004723999998532236
0.1820890000090003 1.00000761449337e-06
0.18806600000243634 0.011100000003352761
0.18806600000243634 1.00000761449337e-06
0.18962600000668317 0.004665000014938414
0.18962600000668317 1.00000761449337e-06
0.19101799998315983 0.010864999989280477
0.19101799998315983 1.00000761449337e-06
0.19378199998755008 0.01143800001591444
0.19378199998755008 0.0
0.20142899997881614 0.011376000009477139
0.20142899997881614 0.0
0.20508799998788163 0.011832999996840954
0.20508799998788163 0.0
0.20650600001681596 0.0055259999935515225
0.20650600001681596 9.999785106629133e-07
0.19792200002120808 0.005785000015748665
0.19792200002120808 9.999785106629133e-07
0.19702899997355416 0.004806000011740252
0.19702899997355416 1.00000761449337e-06
0.19034699999610893 0.0046910000091884285
0.19034699999610893 0.0
0.18769600000814535 0.004499000002397224
0.18769600000814535 0.0
0.18817800001124851 0.004596999991917983
0.18817800001124851 0.0
0.1810330000007525 0.004375999997137114
0.1810330000007525 0.0
0.17833199998131022 0.004526000004261732
0.17833199998131022 1.00000761449337e-06
0.18058899999596179 0.004133999987971038
0.18058899999596179 1.00000761449337e-06
0.18096100000548176 0.004248000012012199
0.18096100000548176 0.0
0.18382000000565313 0.004438000003574416
0.18382000000565313 1.00000761449337e-06
0.18426400001044385 0.004280000022845343
0.18426400001044385 1.00000761449337e-06
0.19161099998746067 0.004522999981418252
0.19161099998746067 0.0
0.18695699999807402 0.004903000022750348
0.18695699999807402 0.0
0.19131999998353422 0.00458700000308454
0.19131999998353422 1.00000761449337e-06
0.1917539999994915 0.0049230000004172325
0.1917539999994915 0.0
0.1891040000191424 0.0044510000152513385
0.1891040000191424 0.0
0.1857869999948889 0.004337999998824671
0.1857869999948889 1.00000761449337e-06
0.17812700002104975 0.004277000000001863
0.17812700002104975 9.999785106629133e-07
0.17791800000122748 0.004301000008126721
0.17791800000122748 0.0
0.17877300002146512 0.004401999991387129
0.17877300002146512 1.00000761449337e-06
0.1783080000022892 0.0041849999979604036
0.1783080000022892 1.00000761449337e-06
0.178568000002997 0.0044800000032410026
0.178568000002997 0.0
0.18383400002494454 0.004413999995449558
0.18383400002494454 0.0
0.18824200000381097 0.004577000014251098
0.18824200000381097 1.00000761449337e-06
0.1887830000196118 0.004753999994136393
0.1887830000196118 9.999785106629133e-07
0.18843500001821667 0.004356999997980893
0.18843500001821667 9.999785106629133e-07
0.18592799999169074 0.004278999986127019
0.18592799999169074 1.00000761449337e-06
0.18864599999506027 0.00427299999864772
0.18864599999506027 0.0
0.17544200000702403 0.004677999997511506
0.17544200000702403 1.00000761449337e-06
0.1804429999901913 0.0041520000086165965
0.1804429999901913 0.0
0.17706400001770817 0.0043289999885018915
0.17706400001770817 0.0
0.17951699998229742 0.004211999999824911
0.17951699998229742 1.00000761449337e-06
0.1767870000039693 0.004253999999491498
0.1767870000039693 0.0
0.180809000012232 0.004366999986814335
0.180809000012232 1.00000761449337e-06
0.18243100002291612 0.004369000002043322
0.18243100002291612 9.999785106629133e-07
0.18106000000261702 0.00434700000914745
0.18106000000261702 9.999785106629133e-07
0.18369299999903888 0.004478000017115846
0.18369299999903888 0.0
0.1829440000001341 0.004442000004928559
0.1829440000001341 0.0
0.18106199998874217 0.0043200000072829425
0.18106199998874217 9.999785106629133e-07
0.18333299999358132 0.00446699999156408
0.18333299999358132 0.0
0.18648900001426227 0.004537000000709668
0.18648900001426227 0.0
0.18574399998760782 0.004492000007303432
0.18574399998760782 9.999785106629133e-07
0.1758599999884609 0.004262000002199784
0.1758599999884609 1.00000761449337e-06
0.18398699999670498 0.004508000012720004
0.18398699999670498 0.0
0.19355799999902956 0.004570999997667968
0.19355799999902956 0.0
0.19812099999398924 0.004833999992115423
0.19812099999398924 1.00000761449337e-06
0.1970619999920018 0.004646999994292855
0.1970619999920018 0.0
0.19635099999140948 0.004726999992271885
0.19635099999140948 0.0
0.19794099999126047 0.0047529999865219
0.19794099999126047 9.999785106629133e-07
0.2193109999934677 0.007386999990558252
0.2193109999934677 0.0
0.20155300002079457 0.004840000008698553
0.20155300002079457 1.00000761449337e-06
0.202954000007594 0.005217999976594001
0.202954000007594 1.00000761449337e-06
0.19922000000951812 0.004893000004813075
0.19922000000951812 1.00000761449337e-06
0.21727799999644049 0.006178000010550022
0.21727799999644049 0.0
0.19810000000870787 0.004920999985188246
0.19810000000870787 1.00000761449337e-06
0.19840100000146776 0.004822999995667487
0.19840100000146776 1.00000761449337e-06
0.1965560000098776 0.004853000020375475
0.1965560000098776 9.999785106629133e-07
0.1993839999777265 0.005193999997572973
0.1993839999777265 9.999785106629133e-07
0.1996260000159964 0.004725999984657392
0.1996260000159964 0.0
0.20356300001731142 0.005037999973865226
0.20356300001731142 1.00000761449337e-06
0.20411399999284185 0.005059999995864928
0.20411399999284185 0.0
0.20247800002107397 0.005436999985249713
0.20247800002107397 1.00000761449337e-06
0.20500600000377744 0.004973000002792105
0.20500600000377744 0.0
0.20367399998940527 0.004959999991115183
0.20367399998940527 0.0
0.20323400001507252 0.00498999998671934
0.20323400001507252 0.0
0.20535299999755807 0.005005999992135912
0.20535299999755807 1.00000761449337e-06
0.20307600000523962 0.005062999989604577
0.20307600000523962 0.0
0.20624799997312948 0.004897000006167218
0.20624799997312948 0.0
INFO:sc2.protocol:Client status changed to Status.ended (was Status.in_game)
INFO:sc2.protocol:Client status changed to Status.ended (was Status.in_game)
INFO:root:Result for player 1 - Bot(Race.Terran, <bots.keai.inho_bot_final.ReaperBot object at 0x7fdb52928f28>): Defeat
INFO:root:Result for player 2 - Bot(Race.Terran, <bots.Showing_bot.speedBot.MarinBot object at 0x7fdb54fbf5f8>): Victory
INFO:sc2.client:Saved replay to outs/2020-01-17T11-28-03/replays/keai-showing_bot/keai-showing_bot-2.SC2Replay
INFO:sc2.protocol:Client status changed to Status.launched (was Status.ended)
INFO:sc2.protocol:Client status changed to Status.quit (was Status.launched)
INFO:sc2.sc2process:kill_switch: Process cleanup
INFO:sc2.sc2process:Cleaning up...
INFO:sc2.sc2process:Cleanup complete
INFO:sc2.sc2process:Cleaning up...
INFO:sc2.sc2process:Cleanup complete
INFO:sc2.protocol:Client status changed to Status.launched (was Status.ended)
INFO:sc2.protocol:Cannot receive: Connection already closed.
INFO:sc2.sc2process:kill_switch: Process cleanup
INFO:sc2.sc2process:Cleaning up...
INFO:sc2.sc2process:Cleanup complete
INFO:sc2.sc2process:Cleaning up...
INFO:sc2.sc2process:Cleanup complete


## STDERR ##

Version: B75689 (SC2.4.10)
Build: Aug 12 2019 17:16:57
Command Line: '"/home/hspark8312/StarCraftII/Versions/Base75689/SC2_x64" -listen 127.0.0.1 -port 20832 -displayMode 0 -dataDir /home/hspark8312/StarCraftII -tempDir /tmp/SC2_ixqbesg1'
Starting up...
Startup Phase 1 complete
Version: B75689 (SC2.4.10)
Build: Aug 12 2019 17:16:57
Command Line: '"/home/hspark8312/StarCraftII/Versions/Base75689/SC2_x64" -listen 127.0.0.1 -port 21945 -displayMode 0 -dataDir /home/hspark8312/StarCraftII -tempDir /tmp/SC2_wq2ico6v'
Starting up...
Startup Phase 1 complete
Startup Phase 2 complete
Creating stub renderer...
Listening on: 127.0.0.1:20832
Startup Phase 3 complete. Ready for commands.
Startup Phase 2 complete
Creating stub renderer...
Listening on: 127.0.0.1:21945
Startup Phase 3 complete. Ready for commands.
ConnectHandler: Request from 127.0.0.1:56835 accepted
ReadyHandler: 127.0.0.1:56835 ready
Requesting to join a multiplayer game
Configuring interface options
Configure: raw interface enabled
Configure: feature layer interface enabled
Configure: score interface enabled
Configure: render interface disabled
ConnectHandler: Request from 127.0.0.1:56836 accepted
ReadyHandler: 127.0.0.1:56836 ready
Requesting to join a multiplayer game
Configuring interface options
Configure: raw interface enabled
Configure: feature layer interface enabled
Configure: score interface enabled
Configure: render interface disabled
Create game with map path: NCFellowship-2019_m1_v6.SC2Map
Attempting to join a game with the map: NCFellowship-2019_m1_v6.SC2Map
Game has started.
Using default stable ids, none found at: /home/hspark8312/StarCraftII/stableid.json
Successfully loaded stable ids: GameData\stableid.json
Sending ResponseJoinGame
Game has started.
Using default stable ids, none found at: /home/hspark8312/StarCraftII/stableid.json
Successfully loaded stable ids: GameData\stableid.json
Sending ResponseJoinGame
RequestQuit command received.
Closing Application...
/home/hspark8312/anaconda3/envs/sc2/lib/python3.6/importlib/_bootstrap.py:219: RuntimeWarning: numpy.ufunc size changed, may indicate binary incompatibility. Expected 192 from C header, got 216 from PyObject
  return f(*args, **kwds)
/home/hspark8312/anaconda3/envs/sc2/lib/python3.6/importlib/_bootstrap.py:219: RuntimeWarning: numpy.ufunc size changed, may indicate binary incompatibility. Expected 192 from C header, got 216 from PyObject
  return f(*args, **kwds)
/home/hspark8312/anaconda3/envs/sc2/lib/python3.6/site-packages/tensorboard/compat/tensorflow_stub/dtypes.py:541: FutureWarning: Passing (type, 1) or '1type' as a synonym of type is deprecated; in a future version of numpy, it will be understood as (type, (1,)) / '(1,)type'.
  _np_qint8 = np.dtype([("qint8", np.int8, 1)])
/home/hspark8312/anaconda3/envs/sc2/lib/python3.6/site-packages/past/builtins/misc.py:45: DeprecationWarning: the imp module is deprecated in favour of importlib; see the module's documentation for alternative uses
  from imp import reload
/mnt/d/sc2minigame-eval-2020-01-09/bots/Showing_bot/speedBot.py:1643: RuntimeWarning: coroutine 'TerreinManager.debug' was never awaited
  self.terrein_manager.debug()
