## STDOUT ##

[[92mINFO[0m] SC2 4.9.0 용 패치 적용
패치 sc2.ids.ability_id
패치 sc2.game_state
패치 sc2.bot_ai
패치 sc2.client
패치 sc2.controller
패치 sc2.main
INFO:root:Failed to import cuda module: No module named 'caffe2.python.caffe2_pybind11_state_gpu'
INFO:root:Failed to import AMD hip module: No module named 'caffe2.python.caffe2_pybind11_state_hip'
WARNING:root:This caffe2 python run does not have GPU support. Will run in CPU only mode.
cpu
INFO:sc2.protocol:Client status changed to Status.launched (was None)
INFO:sc2.protocol:Client status changed to Status.launched (was None)
INFO:sc2_patch.sc2_patch_490.controller:Creating new game
INFO:sc2_patch.sc2_patch_490.controller:Map:     NCFellowship-2019_m1_v6
INFO:sc2_patch.sc2_patch_490.controller:Players: Bot(Race.Terran, <bots.keai.inho_bot_final.ReaperBot object at 0x7f0364508eb8>), Bot(Race.Terran, <bots.Showing_bot.speedBot.MarinBot object at 0x7f0366b208d0>)
INFO:sc2.protocol:Client status changed to Status.init_game (was Status.launched)
INFO:sc2.protocol:Client status changed to Status.in_game (was None)
INFO:root:Player 1 - Bot(Race.Terran, <bots.keai.inho_bot_final.ReaperBot object at 0x7f0364508eb8>)
TEST: 1, <bots.keai.inho_bot_final.ReaperBot object at 0x7f0364508eb8>
INFO:sc2.protocol:Client status changed to Status.in_game (was None)
INFO:root:Player 2 - Bot(Race.Terran, <bots.Showing_bot.speedBot.MarinBot object at 0x7f0366b208d0>)
TEST: 2, <bots.Showing_bot.speedBot.MarinBot object at 0x7f0366b208d0>
load model: bots/Showing_bot/models/model-89.pt
create new model
0.04594899999210611 0.002882000000681728
0.04594899999210611 1.00000761449337e-06
0.045922999997856095 0.0020380000059958547
0.045922999997856095 0.0
0.0455249999940861 0.001293000008445233
0.0455249999940861 1.00000761449337e-06
0.044938000006368384 0.0015410000050906092
0.044938000006368384 0.0
0.045314000017242506 0.0011449999874457717
0.045314000017242506 0.0
0.044861999980639666 0.0010919999913312495
0.044861999980639666 1.00000761449337e-06
0.0461710000236053 0.0012120000028517097
0.0461710000236053 0.0
0.05187200001091696 0.0011829999857582152
0.05187200001091696 0.0
0.045071000000461936 0.0011280000035185367
0.045071000000461936 0.0
0.04533999998238869 0.0011590000067371875
0.04533999998238869 9.999785106629133e-07
0.04689100000541657 0.0011780000058934093
0.04689100000541657 0.0
0.046574999985750765 0.001096000021789223
0.046574999985750765 9.999785106629133e-07
0.04483299999265 0.0010889999975915998
0.04483299999265 9.999785106629133e-07
0.045741000009002164 0.0011200000008102506
0.045741000009002164 0.0
0.04522900001029484 0.0013790000230073929
0.04522900001029484 0.0
0.04576800001086667 0.001100000023143366
0.04576800001086667 1.00000761449337e-06
0.04578399998717941 0.0011289999820291996
0.04578399998717941 0.0
0.04566499998327345 0.0011780000058934093
0.04566499998327345 0.0
0.0451959999918472 0.0011360000062268227
0.0451959999918472 0.0
0.04530500000691973 0.0013510000135283917
0.04530500000691973 0.0
0.0474079999839887 0.0013249999901745468
0.0474079999839887 0.0
0.047928999993018806 0.0013399999879766256
0.047928999993018806 0.0
0.04784700000891462 0.001209999987622723
0.04784700000891462 0.0
0.047789999982342124 0.0012860000133514404
0.047789999982342124 0.0
0.04798900001333095 0.0012489999935496598
0.04798900001333095 1.00000761449337e-06
0.04733599998871796 0.0012250000145286322
0.04733599998871796 0.0
0.0473970000166446 0.0012120000028517097
0.0473970000166446 1.00000761449337e-06
0.04763899999670684 0.0012789999891538173
0.04763899999670684 1.00000761449337e-06
0.04860800001188181 0.0012119999737478793
0.04860800001188181 0.0
0.04712699999799952 0.0012799999967683107
0.04712699999799952 1.00000761449337e-06
0.047636000002967194 0.0012759999954141676
0.047636000002967194 0.0
0.04726500000106171 0.0012540000025182962
0.04726500000106171 0.0
0.04763799998909235 0.0012390000047162175
0.04763799998909235 0.0
0.04746199998771772 0.0012040000001434237
0.04746199998771772 9.999785106629133e-07
0.048202999983914196 0.0011729999969247729
0.048202999983914196 9.999785106629133e-07
0.04995200000121258 0.002886000002035871
0.04995200000121258 0.0
0.050463999999919906 0.0013639999961014837
0.050463999999919906 0.0
0.050715999997919425 0.0013990000006742775
0.050715999997919425 0.0
0.05079200002364814 0.0012079999723937362
0.05079200002364814 0.0
0.050030000013066456 0.0012320000096224248
0.050030000013066456 0.0
changed strategy
0.06926799999200739 0.0017640000151004642
0.06926799999200739 1.00000761449337e-06
0.06330999999772757 0.00169500001356937
0.06330999999772757 1.00000761449337e-06
0.059317999985069036 0.0017550000047776848
0.059317999985069036 0.0
0.06359299999894574 0.001867000013589859
0.06359299999894574 0.0
0.06707900000037625 0.0016719999839551747
0.06707900000037625 0.0
0.06854199999361299 0.0013519999920390546
0.06854199999361299 0.0
0.06895600000279956 0.0017520000110380352
0.06895600000279956 0.0
0.06750400000601076 0.0014940000255592167
0.06750400000601076 0.0
0.07050400000298396 0.0018029999919235706
0.07050400000298396 0.0
0.06758999999146909 0.0017349999980069697
0.06758999999146909 0.0
0.07145899999886751 0.001975999999558553
0.07145899999886751 1.00000761449337e-06
0.07008400000631809 0.0019019999890588224
0.07008400000631809 1.00000761449337e-06
0.07255199999781325 0.001914000022225082
0.07255199999781325 1.00000761449337e-06
0.06279200001154095 0.0017330000118818134
0.06279200001154095 0.0
0.07262200000695884 0.0017749999824445695
0.07262200000695884 0.0
0.07192400001804344 0.0018189999973401427
0.07192400001804344 1.00000761449337e-06
0.07367500002146699 0.004165999998804182
0.07367500002146699 0.0
0.0729460000002291 0.0018910000217147171
0.0729460000002291 0.0
0.07365700000082143 0.0018390000041108578
0.07365700000082143 0.0
0.07098899999982677 0.0019549999851733446
0.07098899999982677 9.999785106629133e-07
0.05352500002481975 0.0016699999978300184
0.05352500002481975 1.00000761449337e-06
0.05302399999345653 0.0012639999913517386
0.05302399999345653 0.0
0.05381500002113171 0.001383000024361536
0.05381500002113171 1.00000761449337e-06
0.053247999981977046 0.0012829999905079603
0.053247999981977046 0.0
0.05283099997905083 0.0013500000059138983
0.05283099997905083 0.0
0.05332200002158061 0.001408000010997057
0.05332200002158061 1.00000761449337e-06
0.057192000007489696 0.0012829999905079603
0.057192000007489696 0.0
0.053703000012319535 0.0012849999766331166
0.053703000012319535 0.0
0.07250899999053217 0.001883999997517094
0.07250899999053217 9.999785106629133e-07
0.07113399999798276 0.0019039999751839787
0.07113399999798276 9.999785106629133e-07
0.05512999999336898 0.0014429999864660203
0.05512999999336898 0.0
0.0553760000038892 0.0013760000001639128
0.0553760000038892 0.0
0.07635899999877438 0.001884999976027757
0.07635899999877438 0.0
0.07489599997643381 0.0019930000125896186
0.07489599997643381 1.00000761449337e-06
0.05663099998491816 0.0018730000010691583
0.05663099998491816 9.999785106629133e-07
0.05638399999588728 0.0013389999803621322
0.05638399999588728 0.0
0.055668999993940815 0.0013810000091325492
0.055668999993940815 0.0
0.06019000001833774 0.003659000009065494
0.06019000001833774 1.00000761449337e-06
0.06048400001600385 0.001736000005621463
0.06048400001600385 9.999785106629133e-07
0.06079799999133684 0.0015300000086426735
0.06079799999133684 1.00000761449337e-06
0.0614449999993667 0.0015110000094864517
0.0614449999993667 0.0
0.05833699999493547 0.001680999994277954
0.05833699999493547 0.0
0.058400999987497926 0.0017210000078193843
0.058400999987497926 0.0
0.055435000016586855 0.001520999998319894
0.055435000016586855 0.0
0.05677500000456348 0.0015790000034030527
0.05677500000456348 0.0
0.05835700000170618 0.001648000004934147
0.05835700000170618 0.0
0.058604000019840896 0.0018890000064857304
0.058604000019840896 1.00000761449337e-06
0.057778999995207414 0.0019040000042878091
0.057778999995207414 0.0
0.05425299998023547 0.001436999998986721
0.05425299998023547 0.0
0.05273799999849871 0.0015509999939240515
0.05273799999849871 0.0
0.05049699998926371 0.0013279999839141965
0.05049699998926371 0.0
0.05043500001193024 0.0017819999775383621
0.05043500001193024 0.0
0.048522000026423484 0.0013210000179242343
0.048522000026423484 0.0
0.04806299999472685 0.0011769999982789159
0.04806299999472685 0.0
0.04848700002185069 0.0012239999778103083
0.04848700002185069 0.0
0.0479699999850709 0.001269000000320375
0.0479699999850709 0.0
0.0480880000104662 0.0012069999938830733
0.0480880000104662 0.0
0.048515999980736524 0.001412999990861863
0.048515999980736524 0.0
0.047623999998904765 0.001184000022476539
0.047623999998904765 0.0
0.048029999976279214 0.0012160000042058527
0.048029999976279214 0.0
0.05038800000329502 0.0013470000121742487
0.05038800000329502 0.0
0.05017199998837896 0.001293999986955896
0.05017199998837896 9.999785106629133e-07
0.05068300000857562 0.0014449999725911766
0.05068300000857562 0.0
0.051110000000335276 0.0011950000189244747
0.051110000000335276 9.999785106629133e-07
0.05101299998932518 0.0012540000025182962
0.05101299998932518 1.00000761449337e-06
0.05068899999605492 0.0011999999987892807
0.05068899999605492 0.0
0.049820999993244186 0.0011940000113099813
0.049820999993244186 0.0
0.05071400001179427 0.0012189999979455024
0.05071400001179427 9.999785106629133e-07
0.050454000011086464 0.0012419999984558672
0.050454000011086464 1.00000761449337e-06
0.05045999999856576 0.001260999997612089
0.05045999999856576 0.0
0.05036599998129532 0.0012379999971017241
0.05036599998129532 9.999785106629133e-07
0.05157799998414703 0.0012329999881330878
0.05157799998414703 0.0
0.05000700001255609 0.0012240000069141388
0.05000700001255609 0.0
0.05038300002343021 0.0012470000074245036
0.05038300002343021 0.0
0.050367999996524304 0.0012379999971017241
0.050367999996524304 1.00000761449337e-06
0.04991200001677498 0.0012920000008307397
0.04991200001677498 0.0
0.050642000016523525 0.0012639999913517386
0.050642000016523525 0.0
0.04988700000103563 0.0015189999830909073
0.04988700000103563 0.0
0.05056300002615899 0.00125200001639314
0.05056300002615899 0.0
0.05009299999801442 0.0012029999925289303
0.05009299999801442 1.00000761449337e-06
0.05301499998313375 0.0013730000064242631
0.05301499998313375 9.999785106629133e-07
0.05302399999345653 0.001336999994236976
0.05302399999345653 0.0
0.053364999999757856 0.0013020000187680125
0.053364999999757856 1.00000761449337e-06
0.05357800002093427 0.0013670000189449638
0.05357800002093427 0.0
0.05733499999041669 0.001596999994944781
0.05733499999041669 0.0
0.05391099999542348 0.0012989999959245324
0.05391099999542348 0.0
0.053442000003997236 0.0013020000187680125
0.053442000003997236 0.0
0.05259600002318621 0.0013329999928828329
0.05259600002318621 9.999785106629133e-07
0.05376199999591336 0.001336000015726313
0.05376199999591336 0.0
0.07164599999669008 0.0018820000113919377
0.07164599999669008 0.0
0.07237300000269897 0.0018660000059753656
0.07237300000269897 9.999785106629133e-07
0.054226000007474795 0.0013430000108201057
0.054226000007474795 0.0
0.052973999991081655 0.0013279999839141965
0.052973999991081655 1.00000761449337e-06
0.05277800001204014 0.0013100000214762986
0.05277800001204014 1.00000761449337e-06
0.05356600001687184 0.0013349999790079892
0.05356600001687184 1.00000761449337e-06
0.05543000000761822 0.001441000000340864
0.05543000000761822 0.0
0.055601000000024214 0.0013429999817162752
0.055601000000024214 0.0
0.055640999984461814 0.0013100000214762986
0.055640999984461814 1.00000761449337e-06
0.05594099999871105 0.0013909999979659915
0.05594099999871105 0.0
0.055647000001044944 0.0013540000072680414
0.055647000001044944 0.0
0.054826000006869435 0.0013140000228304416
0.054826000006869435 1.00000761449337e-06
0.05491099998471327 0.0013679999974556267
0.05491099998471327 0.0
0.05614499998046085 0.0013929999840911478
0.05614499998046085 1.00000761449337e-06
0.05553599999984726 0.0013230000040493906
0.05553599999984726 1.00000761449337e-06
0.0555529999837745 0.00133200001437217
0.0555529999837745 0.0
0.05565399999613874 0.0013399999879766256
0.05565399999613874 1.00000761449337e-06
0.055330000002868474 0.0013999999791849405
0.055330000002868474 0.0
0.05520999999134801 0.0013459999754559249
0.05520999999134801 0.0
0.055317999998806044 0.001340999995591119
0.055317999998806044 0.0
0.05523399999947287 0.0014010000159032643
0.05523399999947287 1.00000761449337e-06
0.058507999987341464 0.0015469999925699085
0.058507999987341464 1.00000761449337e-06
0.05832899999222718 0.0013970000145491213
0.05832899999222718 0.0
0.058290000015404075 0.001424999994924292
0.058290000015404075 0.0
0.0583090000145603 0.0013949999993201345
0.0583090000145603 0.0
0.058881000004475936 0.0013949999993201345
0.058881000004475936 9.999785106629133e-07
0.05753099999856204 0.0013880000042263418
0.05753099999856204 0.0
0.05829200000152923 0.0014070000033825636
0.05829200000152923 1.00000761449337e-06
0.05769499999587424 0.0014070000033825636
0.05769499999587424 1.00000761449337e-06
0.05888799999956973 0.00165200000628829
0.05888799999956973 1.00000761449337e-06
0.05814900001860224 0.0016490000125486404
0.05814900001860224 0.0
0.05836599998292513 0.0016469999973196536
0.05836599998292513 0.0
0.05809499998576939 0.0016079999913927168
0.05809499998576939 1.00000761449337e-06
0.05946999997831881 0.0016429999959655106
0.05946999997831881 1.00000761449337e-06
0.058701999980257824 0.0017480000096838921
0.058701999980257824 0.0
0.05873699998483062 0.0016260000120382756
0.05873699998483062 1.00000761449337e-06
0.05824200002825819 0.0019230000034440309
0.05824200002825819 9.999785106629133e-07
0.057715000002644956 0.001428999996278435
0.057715000002644956 1.00000761449337e-06
0.057766999991144985 0.0018379999964963645
0.057766999991144985 1.00000761449337e-06
0.05801499998779036 0.0019420000026002526
0.05801499998779036 0.0
0.057490000006509945 0.0014859999937471002
0.057490000006509945 1.00000761449337e-06
0.058932999992975965 0.0016490000125486404
0.058932999992975965 0.0
0.06258399999933317 0.003593999979784712
0.06258399999933317 1.00000761449337e-06
0.06639299998641945 0.0036829999880865216
0.06639299998641945 1.00000761449337e-06
0.06575499998871237 0.0025690000038594007
0.06575499998871237 0.0
0.06513299999642186 0.0015490000077988952
0.06513299999642186 0.0
0.06573099998058751 0.0016860000032465905
0.06573099998058751 1.00000761449337e-06
0.06612699999823235 0.0017210000078193843
0.06612699999823235 0.0
0.07319799999822862 0.0016960000211838633
0.07319799999822862 1.00000761449337e-06
0.078776000009384 0.002406999992672354
0.078776000009384 0.0
0.06870899998466484 0.001631999999517575
0.06870899998466484 1.00000761449337e-06
0.07148300000699237 0.0020369999983813614
0.07148300000699237 0.0
0.06904699999722652 0.0018979999877046794
0.06904699999722652 0.0
0.07128099998226389 0.0018430000054650009
0.07128099998226389 0.0
0.07241500000236556 0.001970000012079254
0.07241500000236556 0.0
0.0702529999834951 0.0016719999839551747
0.0702529999834951 0.0
0.07382400002097711 0.0029380000196397305
0.07382400002097711 1.00000761449337e-06
0.0918610000226181 0.00217500000144355
0.0918610000226181 0.0
0.09038999999756925 0.0017210000078193843
0.09038999999756925 0.0
0.09162599997944199 0.0025289999903179705
0.09162599997944199 0.0
0.0885779999953229 0.0024859999830368906
0.0885779999953229 0.0
0.07017600000835955 0.002443000004859641
0.07017600000835955 0.0
0.07276899999123998 0.004155000002356246
0.07276899999123998 0.0
0.07154799997806549 0.002078999998047948
0.07154799997806549 1.00000761449337e-06
0.0701520000002347 0.0017399999778717756
0.0701520000002347 0.0
0.06816699999035336 0.0016679999826010317
0.06816699999035336 0.0
0.07117999999900348 0.002283999987412244
0.07117999999900348 0.0
0.07188400000450201 0.0017389999993611127
0.07188400000450201 0.0
0.07055500001297332 0.0017109999898821115
0.07055500001297332 0.0
0.07061799999792129 0.0016879999893717468
0.07061799999792129 0.0
0.07050199998775497 0.0018240000063087791
0.07050199998775497 1.00000761449337e-06
0.07073199999285862 0.0016500000201631337
0.07073199999285862 1.00000761449337e-06
0.0702410000085365 0.0017129999760072678
0.0702410000085365 1.00000761449337e-06
0.07094999999389984 0.001736999984132126
0.07094999999389984 1.00000761449337e-06
0.07016699999803677 0.0016750000067986548
0.07016699999803677 0.0
0.07232399997883476 0.0017759999900590628
0.07232399997883476 0.0
0.074097000004258 0.004351000010501593
0.074097000004258 1.00000761449337e-06
0.08497699999134056 0.002793999999994412
0.08497699999134056 0.0
0.09212999997544102 0.0020800000056624413
0.09212999997544102 0.0
0.0777210000087507 0.001824999984819442
0.0777210000087507 1.00000761449337e-06
0.08226799999829382 0.0019200000097043812
0.08226799999829382 1.00000761449337e-06
0.07643000001553446 0.0018609999970067292
0.07643000001553446 9.999785106629133e-07
0.07648299998254515 0.00193500000750646
0.07648299998254515 9.999785106629133e-07
0.08552100000088103 0.005161999986739829
0.08552100000088103 0.0
0.08936700000776909 0.003339999995660037
0.08936700000776909 0.0
0.11637900001369417 0.005592000001342967
0.11637900001369417 1.00000761449337e-06
0.10173500000382774 0.00257800001418218
0.10173500000382774 0.0
0.10220799999660812 0.002961999998660758
0.10220799999660812 1.00000761449337e-06
0.10832899998058565 0.0022769999923184514
0.10832899998058565 0.0
0.09340700000757352 0.0024839999969117343
0.09340700000757352 1.00000761449337e-06
0.09173200000077486 0.0022499999904539436
0.09173200000077486 0.0
0.09164199998485856 0.0024600000178907067
0.09164199998485856 0.0
0.08995799999684095 0.002211000013630837
0.08995799999684095 0.0
0.07857300000614487 0.0018379999964963645
0.07857300000614487 0.0
0.07734800002072006 0.0017890000017359853
0.07734800002072006 1.00000761449337e-06
0.07558299999800511 0.0018309999722987413
0.07558299999800511 1.00000761449337e-06
0.07599800001480617 0.001808000000892207
0.07599800001480617 1.00000761449337e-06
0.0757259999809321 0.0018430000054650009
0.0757259999809321 1.00000761449337e-06
0.0749999999825377 0.0018219999910797924
0.0749999999825377 0.0
0.07540999999037012 0.0018609999970067292
0.07540999999037012 9.999785106629133e-07
0.07597099998383783 0.001828999986173585
0.07597099998383783 0.0
0.07859700001426972 0.001896000001579523
0.07859700001426972 9.999785106629133e-07
0.07799799999338575 0.0019219999958295375
0.07799799999338575 0.0
0.07842299999902025 0.0019400000164750963
0.07842299999902025 1.00000761449337e-06
0.07849200000055134 0.001879999996162951
0.07849200000055134 1.00000761449337e-06
0.07975699999951757 0.0021089999936521053
0.07975699999951757 0.0
0.07708899999852292 0.00189200000022538
0.07708899999852292 0.0
0.07659499999135733 0.0018280000076629221
0.07659499999135733 0.0
0.07725400000344962 0.0019120000069960952
0.07725400000344962 0.0
0.07625199999893084 0.0018489999929443002
0.07625199999893084 0.0
0.07584600002155639 0.0018780000100377947
0.07584600002155639 0.0
0.07547700000577606 0.001787000015610829
0.07547700000577606 1.00000761449337e-06
0.07744399999501184 0.0018409999902360141
0.07744399999501184 0.0
0.0775359999970533 0.0018290000152774155
0.0775359999970533 0.0
0.07719899999210611 0.002035999990766868
0.07719899999210611 1.00000761449337e-06
0.07640400002128445 0.0018419999978505075
0.07640400002128445 0.0
0.08022899998468347 0.0019359999860171229
0.08022899998468347 0.0
0.07863200001884252 0.0018640000198502094
0.07863200001884252 0.0
0.07893999997759238 0.0018569999956525862
0.07893999997759238 0.0
0.08121200001914985 0.0019109999993816018
0.08121200001914985 0.0
0.07846800002153032 0.0020360000198706985
0.07846800002153032 0.0
0.0825710000062827 0.002003000001423061
0.0825710000062827 0.0
0.07859399999142624 0.001963000016985461
0.07859399999142624 1.00000761449337e-06
0.0777220000163652 0.001904999982798472
0.0777220000163652 1.00000761449337e-06
0.0785909999976866 0.0018820000113919377
0.0785909999976866 0.0
0.07813700000406243 0.0018259999924339354
0.07813700000406243 0.0
0.08184999998775311 0.001992999983485788
0.08184999998775311 9.999785106629133e-07
0.08158199998433702 0.001984000002266839
0.08158199998433702 9.999785106629133e-07
0.08143500000005588 0.001884999976027757
0.08143500000005588 1.00000761449337e-06
0.08420799998566508 0.0020770000119227916
0.08420799998566508 1.00000761449337e-06
0.0829680000024382 0.0019789999932982028
0.0829680000024382 0.0
0.08428399998228997 0.001990999997360632
0.08428399998228997 9.999785106629133e-07
0.08658999999170192 0.0022529999841935933
0.08658999999170192 0.0
0.0957580000103917 0.0031129999842960387
0.0957580000103917 0.0
0.08809199999086559 0.0021129999950062484
0.08809199999086559 1.00000761449337e-06
0.08961399999679998 0.0021989999804645777
0.08961399999679998 0.0
0.09271199998329394 0.0022299999836832285
0.09271199998329394 1.00000761449337e-06
0.09254499999224208 0.002218999987235293
0.09254499999224208 0.0
0.09209099999861792 0.002203999989433214
0.09209099999861792 9.999785106629133e-07
0.09313900000415742 0.002226000011432916
0.09313900000415742 1.00000761449337e-06
0.09189099998911843 0.0022190000163391232
0.09189099998911843 1.00000761449337e-06
0.09517300000879914 0.002342000021599233
0.09517300000879914 1.00000761449337e-06
0.09290799999143928 0.0022659999958705157
0.09290799999143928 0.0
0.09560900001088157 0.0023640000144951046
0.09560900001088157 0.0
0.09509099999559112 0.0024099999864120036
0.09509099999559112 9.999785106629133e-07
0.09417699999175966 0.0023280000023078173
0.09417699999175966 1.00000761449337e-06
0.09389799999189563 0.002306999987922609
0.09389799999189563 0.0
0.09449500002665445 0.002382000006036833
0.09449500002665445 1.00000761449337e-06
0.09426000001258217 0.0023499999952036887
0.09426000001258217 0.0
0.09429199999431148 0.0023299999884329736
0.09429199999431148 1.00000761449337e-06
0.09485299998777919 0.002379999990807846
0.09485299998777919 9.999785106629133e-07
0.09792899998137727 0.005355000001145527
0.09792899998137727 0.0
0.096557999990182 0.00237800000468269
0.096557999990182 1.00000761449337e-06
0.0964100000273902 0.002326999994693324
0.0964100000273902 0.0
0.09519699998782016 0.0023360000050161034
0.09519699998782016 0.0
0.0953729999891948 0.002299999992828816
0.0953729999891948 0.0
0.09484700000029989 0.00233199997455813
0.09484700000029989 0.0
0.111812999995891 0.0026240000152029097
0.111812999995891 0.0
0.10031200002413243 0.0055810000048950315
0.10031200002413243 0.0
0.11341900000115857 0.0065619999950286
0.11341900000115857 0.0
0.1056710000266321 0.0028469999961089343
0.1056710000266321 1.00000761449337e-06
0.11680899999919347 0.006370999995851889
0.11680899999919347 9.999785106629133e-07
0.11513300001388416 0.0031580000068061054
0.11513300001388416 1.00000761449337e-06
0.11443499999586493 0.0027790000021923333
0.11443499999586493 1.00000761449337e-06
0.11153600001125596 0.0027289999998174608
0.11153600001125596 0.0
0.10932899999897927 0.002665000007255003
0.10932899999897927 1.00000761449337e-06
0.1121360000106506 0.0026849999849218875
0.1121360000106506 9.999785106629133e-07
0.12278199999127537 0.003064999997150153
0.12278199999127537 1.00000761449337e-06
0.11620200000470504 0.0028729999903589487
0.11620200000470504 0.0
0.11871800001244992 0.006693000002996996
0.11871800001244992 0.0
0.11867600001278333 0.002953999995952472
0.11867600001278333 0.0
0.11890900001162663 0.002894000004744157
0.11890900001162663 1.00000761449337e-06
0.11843000000226311 0.0028559999773278832
0.11843000000226311 9.999785106629133e-07
0.11725099998875521 0.0029489999869838357
0.11725099998875521 1.00000761449337e-06
0.11827100001391955 0.002812000020639971
0.11827100001391955 0.0
0.11646200000541285 0.002937000012025237
0.11646200000541285 0.0
0.11743399998522364 0.00285799999255687
0.11743399998522364 0.0
0.1102880000253208 0.0026900000229943544
0.1102880000253208 0.0
0.1005730000033509 0.002398999989964068
0.1005730000033509 1.00000761449337e-06
0.09762400001636706 0.0023649999930057675
0.09762400001636706 0.0
0.09924099998897873 0.002291000011609867
0.09924099998897873 0.0
0.09851200002594851 0.0024280000070575625
0.09851200002594851 0.0
0.09882199999992736 0.002361000020755455
0.09882199999992736 0.0
0.10141699999803677 0.002312999975401908
0.10141699999803677 1.00000761449337e-06
0.09822300000814721 0.0024019999837037176
0.09822300000814721 0.0
0.0995800000091549 0.0023859999782871455
0.0995800000091549 0.0
0.09897400002228096 0.002310999989276752
0.09897400002228096 1.00000761449337e-06
0.09842100000241771 0.0025569999997969717
0.09842100000241771 9.999785106629133e-07
0.09909599999082275 0.0024409999896306545
0.09909599999082275 0.0
0.10041699997964315 0.002402000012807548
0.10041699997964315 0.0
0.09901000000536442 0.0024280000070575625
0.09901000000536442 0.0
0.10107500001322478 0.002454000001307577
0.10107500001322478 1.00000761449337e-06
0.10374099999899045 0.0024950000224635005
0.10374099999899045 1.00000761449337e-06
0.10392099997261539 0.0024950000224635005
0.10392099997261539 0.0
0.10378500001388602 0.0025750000204425305
0.10378500001388602 1.00000761449337e-06
0.11130499999853782 0.0029309999954421073
0.11130499999853782 0.0
0.10312099999282509 0.0024810000031720847
0.10312099999282509 1.00000761449337e-06
0.10417799997958355 0.002470999985234812
0.10417799997958355 0.0
0.10563200002070516 0.002658999990671873
0.10563200002070516 0.0
0.11084500001743436 0.002642000006744638
0.11084500001743436 0.0
0.1030109999992419 0.0024259999918285757
0.1030109999992419 0.0
0.10651000001234934 0.0025240000104531646
0.10651000001234934 0.0
0.10664499999256805 0.0025289999903179705
0.10664499999256805 0.0
0.10701199999311939 0.0026129999896511436
0.10701199999311939 0.0
0.10809600001084618 0.00253800000064075
0.10809600001084618 0.0
0.1073550000146497 0.002570999989984557
0.1073550000146497 9.999785106629133e-07
0.10826700000325218 0.0028990000137127936
0.10826700000325218 0.0
0.10390899999765679 0.0024689999991096556
0.10390899999765679 1.00000761449337e-06
0.1048259999952279 0.002710000000661239
0.1048259999952279 0.0
0.10353200000827201 0.0025350000069011003
0.10353200000827201 9.999785106629133e-07
0.11720499998773448 0.002814000006765127
0.11720499998773448 1.00000761449337e-06
0.13480599998729303 0.007662999996682629
0.13480599998729303 9.999785106629133e-07
0.11749999999301508 0.0027969999937340617
0.11749999999301508 9.999785106629133e-07
0.1250550000113435 0.003425000002607703
0.1250550000113435 0.0
0.131494000001112 0.0034140000061597675
0.131494000001112 0.0
0.1339260000095237 0.00334100000327453
0.1339260000095237 9.999785106629133e-07
0.13695200000074692 0.0033709999988786876
0.13695200000074692 0.0
0.12874499999452382 0.003068999998504296
0.12874499999452382 1.00000761449337e-06
0.12979300000006333 0.0032239999854937196
0.12979300000006333 9.999785106629133e-07
0.12639900000067428 0.0030799999949522316
0.12639900000067428 1.00000761449337e-06
0.12318699999013916 0.0030240000050980598
0.12318699999013916 0.0
0.11854299998958595 0.0028919999895151705
0.11854299998958595 0.0
0.10209400000167079 0.0025040000036824495
0.10209400000167079 0.0
0.09682500001508743 0.002320999978110194
0.09682500001508743 0.0
0.09581800000160001 0.002347000001464039
0.09581800000160001 9.999785106629133e-07
0.0956339999975171 0.0024110000231303275
0.0956339999975171 0.0
0.09853000001749024 0.002379999990807846
0.09853000001749024 1.00000761449337e-06
0.09818200001609512 0.002554000006057322
0.09818200001609512 9.999785106629133e-07
0.09907900000689551 0.002271999983349815
0.09907900000689551 0.0
0.09889100000145845 0.002322999993339181
0.09889100000145845 0.0
0.1030789999931585 0.002365000022109598
0.1030789999931585 0.0
0.12799599999561906 0.003062999981921166
0.12799599999561906 1.00000761449337e-06
0.09875399997690693 0.0023529999889433384
0.09875399997690693 1.00000761449337e-06
0.09874499999568798 0.0023090000031515956
0.09874499999568798 1.00000761449337e-06
0.0981620000093244 0.002320999978110194
0.0981620000093244 0.0
0.09857600001851097 0.0024440000124741346
0.09857600001851097 0.0
0.09791699997731484 0.0023010000004433095
0.09791699997731484 0.0
0.09975199998007156 0.002402000012807548
0.09975199998007156 0.0
0.09893700000247918 0.0023589999764226377
0.09893700000247918 0.0
0.10035500000230968 0.0023910000163596123
0.10035500000230968 0.0
0.0988950000028126 0.002366000000620261
0.0988950000028126 1.00000761449337e-06
0.10134800002560951 0.0024160000029951334
0.10134800002560951 0.0
0.10222100000828505 0.0026110000035259873
0.10222100000828505 1.00000761449337e-06
0.10185200002160855 0.002430000022286549
0.10185200002160855 1.00000761449337e-06
0.10111700001289137 0.0024129999801516533
0.10111700001289137 9.999785106629133e-07
0.10230599998612888 0.0023970000038389117
0.10230599998612888 0.0
0.10258500001509674 0.0024249999842140824
0.10258500001509674 9.999785106629133e-07
0.10152399999788031 0.00245499997981824
0.10152399999788031 9.999785106629133e-07
0.10229499998968095 0.0024750000156927854
0.10229499998968095 0.0
0.10166400001617149 0.002445000020088628
0.10166400001617149 0.0
0.10198700000182725 0.0023970000038389117
0.10198700000182725 0.0
0.10356399999000132 0.002431000000797212
0.10356399999000132 1.00000761449337e-06
0.10418900000513531 0.0025009999808389693
0.10418900000513531 0.0
0.10424799998872913 0.002521000016713515
0.10424799998872913 0.0
0.10474799998337403 0.002441999997245148
0.10474799998337403 1.00000761449337e-06
0.10517300001811236 0.0027209999971091747
0.10517300001811236 0.0
0.10492099999100901 0.00253800000064075
0.10492099999100901 1.00000761449337e-06
0.10414899999159388 0.0024489999923389405
0.10414899999159388 0.0
0.10381500000949018 0.002499999973224476
0.10381500000949018 0.0
0.10410500000580214 0.0025619999796617776
0.10410500000580214 0.0
0.10766400001011789 0.0024720000219531357
0.10766400001011789 0.0
0.10656400001607835 0.0025329999916721135
0.10656400001607835 0.0
0.10941100001218729 0.0026880000077653676
0.10941100001218729 0.0
0.12017700000433251 0.0027089999930467457
0.12017700000433251 0.0
0.11480600002687424 0.0026519999955780804
0.11480600002687424 0.0
0.11464599997270852 0.0027150000096298754
0.11464599997270852 9.999785106629133e-07
0.11782100002164952 0.002793000021483749
0.11782100002164952 0.0
0.1157670000102371 0.002793000021483749
0.1157670000102371 1.00000761449337e-06
0.11314999999012798 0.002638000005390495
0.11314999999012798 0.0
0.11407100001815706 0.002781999995931983
0.11407100001815706 0.0
0.11438099999213591 0.002785999997286126
0.11438099999213591 1.00000761449337e-06
0.11440599997877143 0.002693000016734004
0.11440599997877143 1.00000761449337e-06
0.11514499998884276 0.0026150000048801303
0.11514499998884276 1.00000761449337e-06
0.1133399999816902 0.0026840000064112246
0.1133399999816902 0.0
0.11545499999192543 0.0027459999837446958
0.11545499999192543 1.00000761449337e-06
0.11432200000854209 0.002653000003192574
0.11432200000854209 1.00000761449337e-06
0.11688799998955801 0.002726999984588474
0.11688799998955801 0.0
0.11738199999672361 0.0027449999761302024
0.11738199999672361 1.00000761449337e-06
0.11748200000147335 0.0029860000067856163
0.11748200000147335 0.0
0.11736000000382774 0.0027840000111609697
0.11736000000382774 0.0
0.11713100000633858 0.002738999988650903
0.11713100000633858 0.0
0.11415999999735504 0.0027600000030361116
0.11415999999735504 1.00000761449337e-06
0.11259000000427477 0.0026809999835677445
0.11259000000427477 1.00000761449337e-06
0.11411999998381361 0.0027840000111609697
0.11411999998381361 0.0
0.11456099999486469 0.00273800001014024
0.11456099999486469 0.0
0.15484900001320057 0.003718000021763146
0.15484900001320057 0.0
0.11793599999509752 0.0027079999854322523
0.11793599999509752 0.0
0.1224709999805782 0.002970000001369044
0.1224709999805782 0.0
0.12375900000915863 0.002985999977681786
0.12375900000915863 0.0
0.13570899999467656 0.003269000008003786
0.13570899999467656 0.0
0.13764000000082888 0.007569000008516014
0.13764000000082888 0.0
0.1421379999956116 0.0035900000075343996
0.1421379999956116 0.0
0.13648799998918548 0.0033140000014100224
0.13648799998918548 0.0
0.13212900000507943 0.003056000015931204
0.13212900000507943 0.0
0.13309600000502542 0.003160000022035092
0.13309600000502542 1.00000761449337e-06
0.13110499997856095 0.003093000006629154
0.13110499997856095 0.0
0.13129900000058115 0.003173999983118847
0.13129900000058115 1.00000761449337e-06
0.12914800000726245 0.003859000018564984
0.12914800000726245 1.00000761449337e-06
0.12045499999658205 0.0028599999786820263
0.12045499999658205 1.00000761449337e-06
0.11921100001200102 0.0029269999940879643
0.11921100001200102 0.0
0.12005300002056174 0.002845000009983778
0.12005300002056174 0.0
0.13056199997663498 0.003052999993087724
0.13056199997663498 1.00000761449337e-06
0.13770999998087063 0.0033750000002328306
0.13770999998087063 0.0
0.1432009999989532 0.008064999972702935
0.1432009999989532 0.0
0.15874399998574518 0.008815000008326024
0.15874399998574518 1.00000761449337e-06
0.15996799999265932 0.009240999992471188
0.15996799999265932 9.999785106629133e-07
0.16448700000182725 0.008904000016627833
0.16448700000182725 1.00000761449337e-06
0.15852199998334982 0.0047119999944698066
0.15852199998334982 9.999785106629133e-07
0.15615000002435409 0.004294000013032928
0.15615000002435409 0.0
0.14446199999656528 0.003596999973524362
0.14446199999656528 1.00000761449337e-06
0.1477630000154022 0.0040210000006482005
0.1477630000154022 9.999785106629133e-07
0.14218400002573617 0.003427999996347353
0.14218400002573617 0.0
0.13684500000090338 0.003460000007180497
0.13684500000090338 0.0
0.1325760000036098 0.0034370000066701323
0.1325760000036098 0.0
0.13216099998680875 0.003468999988399446
0.13216099998680875 0.0
0.1257810000097379 0.0029070000164210796
0.1257810000097379 1.00000761449337e-06
0.12538700000732206 0.0034670000022742897
0.12538700000732206 1.00000761449337e-06
0.1203889999887906 0.0031709999893791974
0.1203889999887906 0.0
0.11418699999921955 0.002785999997286126
0.11418699999921955 0.0
0.1128119999775663 0.003001000004587695
0.1128119999775663 9.999785106629133e-07
0.1113140000088606 0.003068999998504296
0.1113140000088606 0.0
0.10877799999434501 0.002818999986629933
0.10877799999434501 0.0
0.10530999998445623 0.002654000010807067
0.10530999998445623 1.00000761449337e-06
0.10300900001311675 0.0028369999781716615
0.10300900001311675 0.0
0.10448800001177005 0.0030009999754838645
0.10448800001177005 0.0
0.0962569999974221 0.002365000022109598
0.0962569999974221 0.0
0.09767600000486709 0.0025679999962449074
0.09767600000486709 0.0
0.09573999998974614 0.0024859999830368906
0.09573999998974614 0.0
0.09879299998283386 0.002542000001994893
0.09879299998283386 0.0
0.09281499998178333 0.002263000002130866
0.09281499998178333 0.0
0.09178000001702458 0.0021729999862145633
0.09178000001702458 1.00000761449337e-06
0.08829399998649023 0.0021809999889228493
0.08829399998649023 9.999785106629133e-07
0.08871199999703094 0.002550999983213842
0.08871199999703094 0.0
0.08785100001841784 0.002193000022089109
0.08785100001841784 0.0
0.09032000001752749 0.0022120000212453306
0.09032000001752749 1.00000761449337e-06
0.08903500001179054 0.002127000014297664
0.08903500001179054 1.00000761449337e-06
0.08846700002322905 0.0021570000099018216
0.08846700002322905 9.999785106629133e-07
0.08771799999522045 0.002287999988766387
0.08771799999522045 0.0
0.08794099997612648 0.0020880000083707273
0.08794099997612648 0.0
0.09152200000244193 0.002359999984037131
0.09152200000244193 0.0
0.0912990000215359 0.002262000023620203
0.0912990000215359 0.0
0.08746399998199195 0.0020969999895896763
0.08746399998199195 1.00000761449337e-06
0.08694999999715947 0.002023000008193776
0.08694999999715947 0.0
0.08499900001334026 0.0020929999882355332
0.08499900001334026 0.0
0.08731599999009632 0.0021040000137872994
0.08731599999009632 0.0
0.08939099998679012 0.0021800000104121864
0.08939099998679012 0.0
0.08892899999045767 0.0022339999850373715
0.08892899999045767 1.00000761449337e-06
0.08658299999660812 0.0021049999922979623
0.08658299999660812 0.0
0.08533100000931881 0.00213199999416247
0.08533100000931881 9.999785106629133e-07
0.08818399999290705 0.0020380000059958547
0.08818399999290705 1.00000761449337e-06
0.09205300000030547 0.00209500000346452
0.09205300000030547 9.999785106629133e-07
0.11377299999003299 0.0030100000149104744
0.11377299999003299 0.0
0.11858799998299219 0.0031210000161081553
0.11858799998299219 0.0
0.11193100002128631 0.002650000009452924
0.11193100002128631 1.00000761449337e-06
0.12049900001147762 0.0032730000093579292
0.12049900001147762 0.0
0.08853799998178147 0.0022640000097453594
0.08853799998178147 0.0
0.08850099999108352 0.002238000015495345
0.08850099999108352 0.0
0.08882400000584312 0.0023560000117868185
0.08882400000584312 0.0
0.0888509999786038 0.002187000005505979
0.0888509999786038 0.0
0.08864100000937469 0.0020760000043082982
0.08864100000937469 0.0
0.08863799998653121 0.002166999998735264
0.08863799998653121 9.999785106629133e-07
0.08859800000209361 0.0021560000022873282
0.08859800000209361 1.00000761449337e-06
0.08887499998672865 0.0020960000110790133
0.08887499998672865 1.00000761449337e-06
0.0895520000194665 0.0021920000144746155
0.0895520000194665 0.0
0.09420600000885315 0.0029389999981503934
0.09420600000885315 1.00000761449337e-06
0.13351799998781644 0.0025200000090990216
0.13351799998781644 0.0
0.10406999997212552 0.003778000012971461
0.10406999997212552 0.0
0.10254900000290945 0.002445999998599291
0.10254900000290945 1.00000761449337e-06
0.10353099997155368 0.0026409999991301447
0.10353099997155368 1.00000761449337e-06
0.10228199997800402 0.0024170000106096268
0.10228199997800402 0.0
0.10051400001975708 0.0025529999984428287
0.10051400001975708 0.0
0.1051560000050813 0.002873000019462779
0.1051560000050813 1.00000761449337e-06
0.10573399998247623 0.0025610000011511147
0.10573399998247623 1.00000761449337e-06
0.13361499999882653 0.0031589999853167683
0.13361499999882653 0.0
0.140425999998115 0.003368999983649701
0.140425999998115 9.999785106629133e-07
0.13123900000937283 0.0032090000167954713
0.13123900000937283 0.0
0.10636500001419336 0.002633000025525689
0.10636500001419336 0.0
0.10516700000152923 0.0025129999849013984
0.10516700000152923 0.0
0.1060400000133086 0.002513999992515892
0.1060400000133086 0.0
0.10521999999764375 0.0025510000123176724
0.10521999999764375 0.0
0.103731000010157 0.0025539999769534916
0.103731000010157 0.0
0.10420599998906255 0.0024710000143386424
0.10420599998906255 0.0
0.10383900001761504 0.0025520000199321657
0.10383900001761504 0.0
0.1047019999823533 0.0024160000029951334
0.1047019999823533 0.0
0.10097699999460019 0.0033429999893996865
0.10097699999460019 1.00000761449337e-06
0.10208499999134801 0.0024449999909847975
0.10208499999134801 0.0
0.10254799999529496 0.002382999984547496
0.10254799999529496 0.0
0.10052199999336153 0.0026430000143591315
0.10052199999336153 9.999785106629133e-07
0.10123400000156835 0.0025559999921824783
0.10123400000156835 1.00000761449337e-06
0.09856899999431334 0.0023769999970681965
0.09856899999431334 0.0
0.1009360000025481 0.002502999996067956
0.1009360000025481 1.00000761449337e-06
0.1007429999881424 0.0026359999901615083
0.1007429999881424 0.0
0.1096360000083223 0.002960000012535602
0.1096360000083223 0.0
0.12832699998398311 0.0029870000144001096
0.12832699998398311 1.00000761449337e-06
0.1017699999792967 0.0027040000131819397
0.1017699999792967 0.0
0.10209800000302494 0.0024080000002868474
0.10209800000302494 0.0
0.1333009999943897 0.003284000005805865
0.1333009999943897 0.0
0.09820499998750165 0.0023809999984223396
0.09820499998750165 1.00000761449337e-06
0.09991700001410209 0.002402999991318211
0.09991700001410209 0.0
0.09817300000577234 0.00237800000468269
0.09817300000577234 0.0
0.09636200001114048 0.0023419999924954027
0.09636200001114048 1.00000761449337e-06
0.09849000000394881 0.002406000014161691
0.09849000000394881 0.0
0.09829699998954311 0.0024289999855682254
0.09829699998954311 0.0
0.09846099998685531 0.0023369999835267663
0.09846099998685531 0.0
0.10067300000810064 0.002282000001287088
0.10067300000810064 0.0
0.10016000000177883 0.0023769999970681965
0.10016000000177883 9.999785106629133e-07
0.10119799998938106 0.0024930000072345138
0.10119799998938106 0.0
0.10073599999304861 0.002357999997911975
0.10073599999304861 0.0
0.10050800000317395 0.002382000006036833
0.10050800000317395 0.0
0.1013600000005681 0.002441000018734485
0.1013600000005681 1.00000761449337e-06
0.10148400001344271 0.0023979999823495746
0.10148400001344271 0.0
0.09543899999698624 0.002346000022953376
0.09543899999698624 0.0
0.09577499999431893 0.002374000003328547
0.09577499999431893 0.0
0.0937380000250414 0.0023090000031515956
0.0937380000250414 0.0
0.09352099997340702 0.0022729999909643084
0.09352099997340702 0.0
0.09392300000763498 0.002191000006860122
0.09392300000763498 0.0
0.10097400000086054 0.002361999999266118
0.10097400000086054 1.00000761449337e-06
0.09638900001300499 0.0023910000163596123
0.09638900001300499 1.00000761449337e-06
0.09528700000373647 0.0023879999935161322
0.09528700000373647 0.0
0.09607100000721402 0.002373000024817884
0.09607100000721402 0.0
0.09587600000668317 0.002347000001464039
0.09587600000668317 0.0
0.09559399998397566 0.0022789999784436077
0.09559399998397566 0.0
0.09606800001347438 0.0023499999952036887
0.09606800001347438 1.00000761449337e-06
0.09585800001514144 0.0022949999838601798
0.09585800001514144 0.0
0.09562899998854846 0.0023210000072140247
0.09562899998854846 0.0
0.09522800002014264 0.0023040000232867897
0.09522800002014264 1.00000761449337e-06
0.0988200000138022 0.002638000005390495
0.0988200000138022 0.0
0.09823899998445995 0.0024050000065471977
0.09823899998445995 0.0
0.09845499999937601 0.0023290000099223107
0.09845499999937601 0.0
0.09872599999653175 0.002299999992828816
0.09872599999653175 0.0
0.10899499998777173 0.002379999990807846
0.10899499998777173 1.00000761449337e-06
0.09793299998273142 0.0022370000078808516
0.09793299998273142 0.0
0.09858499999972992 0.0024340000236406922
0.09858499999972992 0.0
0.09894900000654161 0.0024289999855682254
0.09894900000654161 0.0
0.09792199998628348 0.00233499999740161
0.09792199998628348 0.0
0.09947200000169687 0.0024130000092554837
0.09947200000169687 1.00000761449337e-06
0.09865800000261515 0.0023480000090785325
0.09865800000261515 0.0
0.10432000001310371 0.002607999980682507
0.10432000001310371 0.0
0.10524999999324791 0.0026339999749325216
0.10524999999324791 0.0
0.10598799999570474 0.0025329999916721135
0.10598799999570474 1.00000761449337e-06
0.10661200000322424 0.0024759999942034483
0.10661200000322424 0.0
0.10876800000551157 0.002740000025369227
0.10876800000551157 1.00000761449337e-06
0.11204400000860915 0.002777000016067177
0.11204400000860915 0.0
0.10979499999666587 0.0026200000138487667
0.10979499999666587 0.0
0.11044600000604987 0.0029519999807234854
0.11044600000604987 9.999785106629133e-07
0.11422300001140684 0.0028959999908693135
0.11422300001140684 9.999785106629133e-07
0.11355599999660626 0.0026590000197757035
0.11355599999660626 0.0
0.11327200001687743 0.0027079999854322523
0.11327200001687743 0.0
0.11425099999178201 0.0029870000144001096
0.11425099999178201 1.00000761449337e-06
0.11432500000228174 0.003089000005275011
0.11432500000228174 9.999785106629133e-07
0.1181479999795556 0.0027790000021923333
0.1181479999795556 0.0
0.1163689999957569 0.003116000007139519
0.1163689999957569 0.0
0.11724299998604693 0.0027640000043902546
0.11724299998604693 1.00000761449337e-06
0.11794199998257682 0.0028110000130254775
0.11794199998257682 0.0
0.11594099999638274 0.0027239999908488244
0.11594099999638274 0.0
0.1152109999966342 0.0032150000042747706
0.1152109999966342 1.00000761449337e-06
0.11428799998247996 0.0027000000118277967
0.11428799998247996 1.00000761449337e-06
0.11489100000471808 0.0026720000023487955
0.11489100000471808 0.0
0.1150179999822285 0.0027479999989736825
0.1150179999822285 9.999785106629133e-07
0.11300299997674301 0.0026490000018384308
0.11300299997674301 9.999785106629133e-07
0.11373499999172054 0.002742000011494383
0.11373499999172054 1.00000761449337e-06
0.11359899997478351 0.0026599999982863665
0.11359899997478351 0.0
0.11344899999676272 0.0026999999827239662
0.11344899999676272 0.0
0.11414799999329261 0.0026740000175777823
0.11414799999329261 1.00000761449337e-06
0.11334400001214817 0.0032559999963268638
0.11334400001214817 0.0
0.11289499999838881 0.00265800001216121
0.11289499999838881 1.00000761449337e-06
0.11585400000330992 0.0027700000209733844
0.11585400000330992 0.0
0.11457799997879192 0.002750999992713332
0.11457799997879192 0.0
0.11743000001297332 0.002798000001348555
0.11743000001297332 1.00000761449337e-06
0.11513000002014451 0.002710000000661239
0.11513000002014451 1.00000761449337e-06
0.11506499999086373 0.002793999999994412
0.11506499999086373 9.999785106629133e-07
0.11612799999420531 0.0026929999876301736
0.11612799999420531 0.0
0.11599399999249727 0.002746999991359189
0.11599399999249727 9.999785106629133e-07
0.11375399999087676 0.0031009999802336097
0.11375399999087676 1.00000761449337e-06
0.11604399999487214 0.0027929999923799187
0.11604399999487214 0.0
0.11333300001570024 0.002613999997265637
0.11333300001570024 0.0
0.11705699999583885 0.0028670000028796494
0.11705699999583885 9.999785106629133e-07
0.1164649999991525 0.002873999997973442
0.1164649999991525 1.00000761449337e-06
0.11607300001196563 0.0027409999747760594
0.11607300001196563 1.00000761449337e-06
0.116861999995308 0.0028030000103171915
0.116861999995308 0.0
0.12074499999289401 0.0027990000089630485
0.12074499999289401 0.0
0.11604999998235144 0.0026950000028591603
0.11604999998235144 0.0
0.11625799999455921 0.002733000001171604
0.11625799999455921 0.0
0.11663100001169369 0.0028799999854527414
0.11663100001169369 1.00000761449337e-06
0.1142649999819696 0.00273800001014024
0.1142649999819696 0.0
0.11233999999240041 0.002670999994734302
0.11233999999240041 0.0
0.11392100001103245 0.002718999981880188
0.11392100001103245 0.0
0.11411500000394881 0.0026999999827239662
0.11411500000394881 0.0
0.11400999999023043 0.0028609999862965196
0.11400999999023043 9.999785106629133e-07
0.1128290000197012 0.0026840000064112246
0.1128290000197012 9.999785106629133e-07
0.11275300002307631 0.002781999995931983
0.11275300002307631 0.0
0.11539399999310263 0.0028039999888278544
0.11539399999310263 0.0
0.11609200001112185 0.0027049999916926026
0.11609200001112185 1.00000761449337e-06
0.11705299999448471 0.0027769999869633466
0.11705299999448471 0.0
0.11646799999289215 0.0027199999894946814
0.11646799999289215 0.0
0.1165949999995064 0.0029229999927338213
0.1165949999995064 1.00000761449337e-06
0.13108699998701923 0.0030390000029001385
0.13108699998701923 0.0
0.12125700002070516 0.002808999997796491
0.12125700002070516 0.0
0.11622399999760091 0.002713000023504719
0.11622399999760091 0.0
0.1165259999979753 0.0027500000142026693
0.1165259999979753 0.0
0.1157379999931436 0.0026599999982863665
0.1157379999931436 0.0
0.11848099998314865 0.0030590000096708536
0.11848099998314865 0.0
0.11829999997280538 0.0027929999923799187
0.11829999997280538 1.00000761449337e-06
0.1192039999878034 0.0028670000028796494
0.1192039999878034 1.00000761449337e-06
0.11931199999526143 0.002921999985119328
0.11931199999526143 0.0
0.11831300001358613 0.002810000005410984
0.11831300001358613 0.0
0.11851400000159629 0.0028240000247024
0.11851400000159629 0.0
0.11734899997827597 0.002804000017931685
0.11734899997827597 0.0
0.11921500001335517 0.002767999976640567
0.11921500001335517 0.0
0.11786900000879541 0.002830999990692362
0.11786900000879541 9.999785106629133e-07
0.12260399997467175 0.002837000007275492
0.12260399997467175 0.0
0.13661999997566454 0.003807000000961125
0.13661999997566454 9.999785106629133e-07
0.11868400001549162 0.0028569999849423766
0.11868400001549162 1.00000761449337e-06
0.12194099999032915 0.0029079999949317425
0.12194099999032915 0.0
0.1210119999886956 0.0027790000021923333
0.1210119999886956 1.00000761449337e-06
0.12107699998887256 0.002886000002035871
0.12107699998887256 0.0
0.12441400001989678 0.0030109999934211373
0.12441400001989678 1.00000761449337e-06
0.12592400002176873 0.0029790000116918236
0.12592400002176873 0.0
0.12338699999963865 0.0028980000060983002
0.12338699999963865 0.0
0.12247400000342168 0.002957999997306615
0.12247400000342168 1.00000761449337e-06
0.12023199998657219 0.0029039999935775995
0.12023199998657219 0.0
0.1244730000034906 0.0029440000071190298
0.1244730000034906 0.0
0.12474299999303184 0.003052999993087724
0.12474299999303184 1.00000761449337e-06
0.12263800000073388 0.0029189999913796782
0.12263800000073388 0.0
0.1220610000018496 0.003191000025253743
0.1220610000018496 1.00000761449337e-06
0.1208770000084769 0.002917000005254522
0.1208770000084769 9.999785106629133e-07
0.11933500002487563 0.0027540000155568123
0.11933500002487563 0.0
0.11792099999729544 0.00285799999255687
0.11792099999729544 1.00000761449337e-06
0.11523200001101941 0.002849000011337921
0.11523200001101941 0.0
0.11764199999743141 0.0028980000060983002
0.11764199999743141 0.0
0.1110880000051111 0.002586999995401129
0.1110880000051111 0.0
0.14714899999671616 0.003571999986888841
0.14714899999671616 0.0
0.11331300000892952 0.0026150000048801303
0.11331300000892952 1.00000761449337e-06
0.11128400001325645 0.0026680000009946525
0.11128400001325645 0.0
0.11305399998673238 0.0026439999928697944
0.11305399998673238 1.00000761449337e-06
0.11445399999502115 0.0026870000001508743
0.11445399999502115 0.0
0.11358599999221042 0.00273800001014024
0.11358599999221042 0.0
0.10857199999736622 0.002533999999286607
0.10857199999736622 0.0
0.1105880000104662 0.0025099999911617488
0.1105880000104662 9.999785106629133e-07
0.10644000000320375 0.002517999993870035
0.10644000000320375 0.0
0.14128500001970679 0.003356000001076609
0.14128500001970679 1.00000761449337e-06
0.11059100000420585 0.0025369999930262566
0.11059100000420585 0.0
0.10633899999083951 0.0024640000192448497
0.10633899999083951 1.00000761449337e-06
0.10535099997650832 0.002880000014556572
0.10535099997650832 1.00000761449337e-06
0.10575899999821559 0.002482000010786578
0.10575899999821559 0.0
0.1059780000068713 0.0025920000043697655
0.1059780000068713 0.0
0.10616799999843352 0.0025440000172238797
0.10616799999843352 0.0
0.10749999998370185 0.0025089999835472554
0.10749999998370185 0.0
0.10512399999424815 0.0025160000077448785
0.10512399999424815 0.0
0.10615199999301694 0.002466000005370006
0.10615199999301694 0.0
0.10616199998185039 0.00258100000792183
0.10616199998185039 0.0
0.10877699998673052 0.002650999987963587
0.10877699998673052 1.00000761449337e-06
0.10862500002258457 0.0024839999969117343
0.10862500002258457 0.0
0.10843399999430403 0.002626000001328066
0.10843399999430403 0.0
0.10912199999438599 0.002519000001484528
0.10912199999438599 1.00000761449337e-06
0.10989100000006147 0.002599999977974221
0.10989100000006147 0.0
0.1073949999990873 0.0025480000185780227
0.1073949999990873 0.0
0.10922100002062507 0.0026009999855887145
0.10922100002062507 1.00000761449337e-06
0.10768899999675341 0.0025360000145155936
0.10768899999675341 0.0
0.10783300001639873 0.0026369999977760017
0.10783300001639873 0.0
0.10910999999032356 0.0025569999997969717
0.10910999999032356 0.0
0.10823600000003353 0.0025749999913387
0.10823600000003353 0.0
0.14161600000807084 0.003608999977586791
0.14161600000807084 9.999785106629133e-07
0.10842699999921024 0.0025510000123176724
0.10842699999921024 9.999785106629133e-07
0.11999400000786409 0.002972000016598031
0.11999400000786409 0.0
0.11231799999950454 0.0026720000023487955
0.11231799999950454 0.0
0.12176900001941249 0.002988000022014603
0.12176900001941249 0.0
0.12085500001558103 0.0028930000262334943
0.12085500001558103 9.999785106629133e-07
0.12132299999939278 0.002996000024722889
0.12132299999939278 0.0
0.12695000000530854 0.002917000005254522
0.12695000000530854 1.00000761449337e-06
0.11599200000637211 0.002829000004567206
0.11599200000637211 1.00000761449337e-06
0.11580900000990368 0.0027359999949112535
0.11580900000990368 0.0
0.11557200000970624 0.002790999977150932
0.11557200000970624 0.0
0.11707100001513027 0.002726000006077811
0.11707100001513027 1.00000761449337e-06
0.11610899999504909 0.0027190000109840184
0.11610899999504909 0.0
0.10914099999354221 0.0027359999949112535
0.10914099999354221 0.0
0.11186899998574518 0.0025480000185780227
0.11186899998574518 1.00000761449337e-06
0.11361099997884594 0.002929999987827614
0.11361099997884594 0.0
0.10993499998585321 0.0027720000070985407
0.10993499998585321 1.00000761449337e-06
0.10935100002097897 0.0026829999987967312
0.10935100002097897 0.0
0.11008899999433197 0.0025539999769534916
0.11008899999433197 1.00000761449337e-06
0.10844000001088716 0.0025610000011511147
0.10844000001088716 9.999785106629133e-07
0.10932700001285411 0.002678999997442588
0.10932700001285411 1.00000761449337e-06
0.11199800000758842 0.0026439999928697944
0.11199800000758842 0.0
0.10810400001355447 0.002546999981859699
0.10810400001355447 0.0
0.10895600001094863 0.002615999983390793
0.10895600001094863 1.00000761449337e-06
0.10885099999723025 0.0026180000277236104
0.10885099999723025 1.00000761449337e-06
0.10834400000749156 0.0026020000223070383
0.10834400000749156 1.00000761449337e-06
0.10863999999128282 0.0025800000003073364
0.10863999999128282 0.0
0.1082870000100229 0.0026120000111404806
0.1082870000100229 0.0
0.10850599998957478 0.0025759999989531934
0.10850599998957478 1.00000761449337e-06
0.12894399999640882 0.0036170000093989074
0.12894399999640882 1.00000761449337e-06
0.11144199999398552 0.0026470000157132745
0.11144199999398552 1.00000761449337e-06
0.11241199998767115 0.0026000000070780516
0.11241199998767115 1.00000761449337e-06
0.11080799999763258 0.0026790000265464187
0.11080799999763258 1.00000761449337e-06
0.11177699998370372 0.0026359999901615083
0.11177699998370372 0.0
0.11070800002198666 0.0025590000150259584
0.11070800002198666 1.00000761449337e-06
0.11135099999955855 0.002594999998109415
0.11135099999955855 9.999785106629133e-07
0.1123749999969732 0.0026270000089425594
0.1123749999969732 0.0
0.11313199999858625 0.0026490000018384308
0.11313199999858625 0.0
0.11224699998274446 0.002646000008098781
0.11224699998274446 1.00000761449337e-06
0.11436199999297969 0.002630000002682209
0.11436199999297969 0.0
0.11292399998637848 0.002657000004546717
0.11292399998637848 1.00000761449337e-06
0.11385200000950135 0.002693999995244667
0.11385200000950135 0.0
0.1173479999997653 0.0030069999920669943
0.1173479999997653 1.00000761449337e-06
0.11637299999711104 0.0026840000064112246
0.11637299999711104 1.00000761449337e-06
0.11595700000179932 0.002886000002035871
0.11595700000179932 0.0
0.1167130000249017 0.0027150000096298754
0.1167130000249017 1.00000761449337e-06
0.11963299999479204 0.002968000015243888
0.11963299999479204 1.00000761449337e-06
0.11587599999620579 0.002818999986629933
0.11587599999620579 0.0
0.11787200000253506 0.002845000009983778
0.11787200000253506 1.00000761449337e-06
0.1207249999861233 0.0028549999988172203
0.1207249999861233 0.0
0.11832100001629442 0.002870999975129962
0.11832100001629442 1.00000761449337e-06
0.12065699999220669 0.0028689999890048057
0.12065699999220669 0.0
0.12467400002060458 0.002952000009827316
0.12467400002060458 0.0
0.12102299998514354 0.0030590000096708536
0.12102299998514354 0.0
0.1263760000001639 0.0031580000068061054
0.1263760000001639 1.00000761449337e-06
0.1229590000002645 0.0033679999760352075
0.1229590000002645 1.00000761449337e-06
0.12330899998778477 0.0029489999869838357
0.12330899998778477 1.00000761449337e-06
0.12368099999730475 0.00310400000307709
0.12368099999730475 1.00000761449337e-06
0.12335700000403449 0.0028849999944213778
0.12335700000403449 0.0
0.12505800000508316 0.002966000000014901
0.12505800000508316 1.00000761449337e-06
0.12540099999750964 0.0033189999812748283
0.12540099999750964 1.00000761449337e-06
0.12395499998820014 0.003351999999722466
0.12395499998820014 9.999785106629133e-07
0.12118200000259094 0.002970000001369044
0.12118200000259094 1.00000761449337e-06
0.12418400001479313 0.002877999999327585
0.12418400001479313 0.0
0.12389099999563769 0.0029180000128690153
0.12389099999563769 9.999785106629133e-07
0.12723199999891222 0.0031069999968167394
0.12723199999891222 0.0
0.1320080000150483 0.0030100000149104744
0.1320080000150483 1.00000761449337e-06
0.12655800001812167 0.0030300000216811895
0.12655800001812167 0.0
0.12001199999940582 0.0028630000015255064
0.12001199999940582 0.0
0.1242449999845121 0.0027999999874737114
0.1242449999845121 1.00000761449337e-06
0.12483899999642745 0.003029999992577359
0.12483899999642745 0.0
0.12237900000764057 0.002818999986629933
0.12237900000764057 1.00000761449337e-06
0.12321200000587851 0.002906999987317249
0.12321200000587851 0.0
0.1249779999780003 0.00301799998851493
0.1249779999780003 1.00000761449337e-06
0.12445299999671988 0.0028990000137127936
0.12445299999671988 9.999785106629133e-07
0.12384400001610629 0.002892999997129664
0.12384400001610629 1.00000761449337e-06
0.12296599999535829 0.002888000017264858
0.12296599999535829 1.00000761449337e-06
0.12324899999657646 0.002917999983765185
0.12324899999657646 1.00000761449337e-06
0.12363399998866953 0.002892000018619001
0.12363399998866953 0.0
0.12551199999870732 0.002976999996462837
0.12551199999870732 0.0
0.13088799998513423 0.002925000007962808
0.13088799998513423 0.0
0.12797100000898354 0.0030829999886918813
0.12797100000898354 9.999785106629133e-07
0.12615299999015406 0.002970000001369044
0.12615299999015406 0.0
0.12827700001071207 0.0029670000076293945
0.12827700001071207 1.00000761449337e-06
0.12887500002398156 0.0029940000094939023
0.12887500002398156 0.0
0.1295889999892097 0.003228000015951693
0.1295889999892097 9.999785106629133e-07
0.13371499997447245 0.0034549999982118607
0.13371499997447245 1.00000761449337e-06
0.13438299999688752 0.0031949999975040555
0.13438299999688752 0.0
0.13395399998989888 0.003240999998524785
0.13395399998989888 1.00000761449337e-06
0.13443600002210587 0.003316000016639009
0.13443600002210587 9.999785106629133e-07
0.13682299997890368 0.003220000013243407
0.13682299997890368 0.0
0.1433320000069216 0.003169000003254041
0.1433320000069216 1.00000761449337e-06
0.13668600001255982 0.0033030000049620867
0.13668600001255982 9.999785106629133e-07
0.13447799999266863 0.003333999979076907
0.13447799999266863 0.0
0.13636699999915436 0.0033730000141076744
0.13636699999915436 0.0
0.1356390000146348 0.0032130000181496143
0.1356390000146348 0.0
0.1362960000114981 0.003283000027295202
0.1362960000114981 1.00000761449337e-06
0.13570299997809343 0.003140000015264377
0.13570299997809343 1.00000761449337e-06
0.13810000001103617 0.003259999997681007
0.13810000001103617 0.0
0.13470200001029298 0.003129999997327104
0.13470200001029298 1.00000761449337e-06
0.1462900000042282 0.004283999995095655
0.1462900000042282 0.0
0.15231899998616427 0.005139999993843958
0.15231899998616427 0.0
0.1587580000050366 0.0032039999787230045
0.1587580000050366 0.0
0.17020900000352412 0.004889000003458932
0.17020900000352412 1.00000761449337e-06
0.15837600000668317 0.004046999994898215
0.15837600000668317 0.0
0.15773899998748675 0.0035619999980553985
0.15773899998748675 0.0
0.17416399999638088 0.003728999989107251
0.17416399999638088 1.00000761449337e-06
0.15112500000395812 0.003708000003825873
0.15112500000395812 1.00000761449337e-06
0.13645800002268516 0.003244000021368265
0.13645800002268516 1.00000761449337e-06
0.14703200000803918 0.0035090000019408762
0.14703200000803918 0.0
0.1406299999798648 0.0033939999993890524
0.1406299999798648 0.0
0.12994199999957345 0.003523000021232292
0.12994199999957345 0.0
0.1321159999934025 0.0031339999986812472
0.1321159999934025 0.0
0.1330959999759216 0.0032099999953061342
0.1330959999759216 0.0
0.13610199998947792 0.0031639999942854047
0.13610199998947792 1.00000761449337e-06
0.13517399999545887 0.0031439999875146896
0.13517399999545887 0.0
0.13517500000307336 0.003205999993951991
0.13517500000307336 0.0
0.13127699997858144 0.003109000012045726
0.13127699997858144 1.00000761449337e-06
0.13740099998540245 0.002972000016598031
0.13740099998540245 9.999785106629133e-07
0.12884799999301322 0.0030679999908898026
0.12884799999301322 0.0
0.16824800000176765 0.0041049999999813735
0.16824800000176765 0.0
0.13334100000793114 0.003113000013399869
0.13334100000793114 1.00000761449337e-06
0.13845100000617094 0.0031989999988581985
0.13845100000617094 1.00000761449337e-06
0.14249299999210052 0.0033899999980349094
0.14249299999210052 1.00000761449337e-06
0.144596999976784 0.0036440000112634152
0.144596999976784 1.00000761449337e-06
0.14552800002275035 0.0036600000166799873
0.14552800002275035 1.00000761449337e-06
0.1466239999863319 0.003647000005003065
0.1466239999863319 0.0
0.1439810000010766 0.0034229999873787165
0.1439810000010766 9.999785106629133e-07
0.13908800002536736 0.0033610000100452453
0.13908800002536736 1.00000761449337e-06
0.14101099999970756 0.00334399999701418
0.14101099999970756 0.0
0.14126400000532158 0.0034410000080242753
0.14126400000532158 0.0
0.14160699999774806 0.003331000014441088
0.14160699999774806 0.0
0.1298170000081882 0.002997000003233552
0.1298170000081882 0.0
0.1331429999845568 0.0034039999882224947
0.1331429999845568 9.999785106629133e-07
0.12757799998507835 0.0030160000023897737
0.12757799998507835 0.0
0.13005400000838563 0.0029730000242125243
0.13005400000838563 0.0
0.1320819999964442 0.0032139999966602772
0.1320819999964442 0.0
0.13199800002621487 0.0031909999961499125
0.13199800002621487 0.0
0.1324390000081621 0.0031169999856501818
0.1324390000081621 1.00000761449337e-06
0.1348790000192821 0.0031170000147540122
0.1348790000192821 0.0
0.13303399999858811 0.0032190000056289136
0.13303399999858811 0.0
0.13447900000028312 0.0031829999934416264
0.13447900000028312 0.0
0.13429200000246055 0.0031809999782126397
0.13429200000246055 0.0
0.13531699997838587 0.0033950000070035458
0.13531699997838587 0.0
0.14285299999755807 0.0031460000027436763
0.14285299999755807 0.0
0.1344939999980852 0.0033109999785665423
0.1344939999980852 0.0
0.13728999998420477 0.0032460000074934214
0.13728999998420477 0.0
0.13642199998139404 0.003216000011889264
0.13642199998139404 0.0
0.13342299999203533 0.0032620000129099935
0.13342299999203533 1.00000761449337e-06
0.13468799999100156 0.003101999987848103
0.13468799999100156 0.0
0.13263700000243261 0.0031500000040978193
0.13263700000243261 1.00000761449337e-06
0.13359400001354516 0.00313499997719191
0.13359400001354516 0.0
0.13381999998819083 0.003132999991066754
0.13381999998819083 1.00000761449337e-06
0.13377200000104494 0.003125999995972961
0.13377200000104494 0.0
0.1388509999960661 0.0032789999968372285
0.1388509999960661 9.999785106629133e-07
0.13842699999804609 0.0033100000000558794
0.13842699999804609 9.999785106629133e-07
0.13822700001765043 0.0032250000222120434
0.13822700001765043 0.0
0.137419000006048 0.0032689999788999557
0.137419000006048 0.0
0.13699100000667386 0.003253999981097877
0.13699100000667386 1.00000761449337e-06
0.13734099999419414 0.0031410000228788704
0.13734099999419414 1.00000761449337e-06
0.1358219999819994 0.0031590000144205987
0.1358219999819994 0.0
0.13813100001425482 0.00322099999175407
0.13813100001425482 1.00000761449337e-06
0.14016900002025068 0.003284000005805865
0.14016900002025068 0.0
0.13873499998589978 0.003185000008670613
0.13873499998589978 1.00000761449337e-06
0.1452339999959804 0.0035100000095553696
0.1452339999959804 1.00000761449337e-06
0.14152599999215454 0.0033799999800976366
0.14152599999215454 0.0
0.13881299999775365 0.0032950000022538006
0.13881299999775365 0.0
0.1391310000035446 0.0033239999902434647
0.1391310000035446 1.00000761449337e-06
0.13846199997351505 0.0033150000090245157
0.13846199997351505 0.0
0.14746599999489263 0.0033389999880455434
0.14746599999489263 0.0
0.14836699998704717 0.0051509999902918935
0.14836699998704717 9.999785106629133e-07
0.18339299998478964 0.005112000013468787
0.18339299998478964 0.0
0.167591999983415 0.003999000007752329
0.167591999983415 9.999785106629133e-07
0.15494800001033582 0.0036269999982323498
0.15494800001033582 1.00000761449337e-06
0.15695199999026954 0.0033980000007431954
0.15695199999026954 0.0
0.14431100001093 0.0035290000087115914
0.14431100001093 1.00000761449337e-06
0.14494600001489744 0.0033830000029411167
0.14494600001489744 1.00000761449337e-06
0.1415149999957066 0.0033660000190138817
0.1415149999957066 1.00000761449337e-06
0.156702000007499 0.0037240000092424452
0.156702000007499 1.00000761449337e-06
0.14253300000564195 0.003337000001920387
0.14253300000564195 0.0
0.14351900000474416 0.003353999985847622
0.14351900000474416 1.4999997802078724e-05
0.1437889999942854 0.003655999986222014
0.1437889999942854 0.0
0.1431260000099428 0.0033939999993890524
0.1431260000099428 0.0
0.14437399999587797 0.003468000009888783
0.14437399999587797 0.0
0.14447800000198185 0.003479000006336719
0.14447800000198185 1.00000761449337e-06
0.14070899999933317 0.003320999996503815
0.14070899999933317 1.00000761449337e-06
0.14222799998242408 0.003388999990420416
0.14222799998242408 0.0
0.14458300001570024 0.0034890000242739916
0.14458300001570024 1.00000761449337e-06
0.14169799999217503 0.003415000013774261
0.14169799999217503 1.00000761449337e-06
0.14341099999728613 0.003356999979587272
0.14341099999728613 0.0
0.14523300001746975 0.003523000021232292
0.14523300001746975 1.00000761449337e-06
0.14563600000110455 0.0035060000082012266
0.14563600000110455 0.0
0.15145999999367632 0.003888999985065311
0.15145999999367632 1.00000761449337e-06
0.16576000000350177 0.0040379999845754355
0.16576000000350177 0.0
0.17217400000663474 0.009504000016022474
0.17217400000663474 0.0
0.1748420000076294 0.010072999983094633
0.1748420000076294 9.999785106629133e-07
0.18081900000106543 0.010203999991063029
0.18081900000106543 0.0
0.19084300001850352 0.010845000011613593
0.19084300001850352 9.999785106629133e-07
0.1869719999958761 0.005456000013509765
0.1869719999958761 0.0
0.17250200000125915 0.0042529999918770045
0.17250200000125915 0.0
0.16460999997798353 0.003960000001825392
0.16460999997798353 1.00000761449337e-06
0.1610099999816157 0.004071000003023073
0.1610099999816157 0.0
0.1625330000242684 0.0039050000195857137
0.1625330000242684 0.0
0.16116999997757375 0.0038409999979194254
0.16116999997757375 0.0
0.16309099999489263 0.0038289999938569963
0.16309099999489263 1.00000761449337e-06
0.16610499998205341 0.003972000005887821
0.16610499998205341 0.0
0.17051600001286715 0.004645000008167699
0.17051600001286715 0.0
0.15172100000199862 0.0036149999941699207
0.15172100000199862 1.00000761449337e-06
0.15439100001822226 0.003480999992461875
0.15439100001822226 0.0
0.1683480000065174 0.0035349999961908907
0.1683480000065174 9.999785106629133e-07
0.180863000015961 0.004137000010814518
0.180863000015961 1.00000761449337e-06
0.15623799999593757 0.0035060000082012266
0.15623799999593757 0.0
0.16988699999637902 0.004845999996177852
0.16988699999637902 1.00000761449337e-06
0.16894900001352653 0.0037629999860655516
0.16894900001352653 0.0
0.15678200000547804 0.0036480000126175582
0.15678200000547804 0.0
0.14797299998463131 0.003540000005159527
0.14797299998463131 0.0
0.14925899999798276 0.0035290000087115914
0.14925899999798276 0.0
0.15015800000401214 0.003624999983003363
0.15015800000401214 1.00000761449337e-06
0.15441600000485778 0.003615000023273751
0.15441600000485778 0.0
0.1501210000133142 0.0036459999973885715
0.1501210000133142 0.0
0.14812500000698492 0.003476999991107732
0.14812500000698492 0.0
0.14894899999490008 0.00398999999742955
0.14894899999490008 1.00000761449337e-06
0.14905099998577498 0.003560999990440905
0.14905099998577498 0.0
0.14586099999723956 0.003499000013107434
0.14586099999723956 1.00000761449337e-06
0.1457990000199061 0.0036020000115968287
0.1457990000199061 0.0
0.14579999999841675 0.003548000007867813
0.14579999999841675 0.0
0.142835999984527 0.003372000006493181
0.142835999984527 1.00000761449337e-06
0.1432630000053905 0.0033180000027641654
0.1432630000053905 9.999785106629133e-07
0.14384000000427477 0.0037019999872427434
0.14384000000427477 1.00000761449337e-06
0.14782199999899603 0.003298999974504113
0.14782199999899603 0.0
0.1483179999922868 0.0035259999858681113
0.1483179999922868 0.0
0.14689800000633113 0.0034499999892432243
0.14689800000633113 0.0
0.15086399999563582 0.003536000003805384
0.15086399999563582 0.0
0.14888599998084828 0.0034410000080242753
0.14888599998084828 0.0
0.14851100000669248 0.003539000026648864
0.14851100000669248 0.0
0.14865000001736917 0.0035090000019408762
0.14865000001736917 9.999785106629133e-07
0.15176799998153 0.00354400000651367
0.15176799998153 1.00000761449337e-06
0.15965600000345148 0.0035229999921284616
0.15965600000345148 1.00000761449337e-06
0.15084899999783374 0.0036140000156592578
0.15084899999783374 0.0
0.15542299998924136 0.0036099999852012843
0.15542299998924136 0.0
0.18631699998513795 0.004732000001240522
0.18631699998513795 9.999785106629133e-07
0.1572570000134874 0.0037330000195652246
0.1572570000134874 0.0
0.16040299998712726 0.003851999994367361
0.16040299998712726 1.00000761449337e-06
0.15131899999687448 0.003511999995680526
0.15131899999687448 0.0
0.15298700000857934 0.0037730000040028244
0.15298700000857934 0.0
0.15052500000456348 0.003779999999096617
0.15052500000456348 1.00000761449337e-06
0.14890999998897314 0.0034589999995660037
0.14890999998897314 0.0
0.14885399999911897 0.0035530000168364495
0.14885399999911897 0.0
0.1500839999935124 0.0034739999973680824
0.1500839999935124 0.0
0.14809400000376627 0.003419999993639067
0.14809400000376627 0.0
0.14466200000606477 0.0033669999975245446
0.14466200000606477 0.0
0.14659100002609193 0.0034500000183470547
0.14659100002609193 0.0
0.14377799999783747 0.0037899999879300594
0.14377799999783747 0.0
0.14234900000155903 0.003408999997191131
0.14234900000155903 0.0
0.14405900001293048 0.0034469999955035746
0.14405900001293048 1.00000761449337e-06
0.13968900000327267 0.0032380000047851354
0.13968900000327267 1.00000761449337e-06
0.14059400002588518 0.003331000014441088
0.14059400002588518 0.0
0.14299300001584925 0.003400000015972182
0.14299300001584925 1.00000761449337e-06
0.1365630000072997 0.0032310000096913427
0.1365630000072997 0.0
0.14267800000379793 0.0033620000176597387
0.14267800000379793 1.00000761449337e-06
0.1477149999991525 0.0036069999914616346
0.1477149999991525 0.0
0.14281900000059977 0.0032950000022538006
0.14281900000059977 1.00000761449337e-06
0.1404949999996461 0.0033319999929517508
0.1404949999996461 1.00000761449337e-06
0.13964999999734573 0.0032629999914206564
0.13964999999734573 9.999785106629133e-07
0.14072899997700006 0.0033850000181701034
0.14072899997700006 0.0
0.14145300001837313 0.0033819999953266233
0.14145300001837313 1.00000761449337e-06
0.14199899998493493 0.003244999999878928
0.14199899998493493 0.0
0.1443779999972321 0.0033870000042952597
0.1443779999972321 0.0
0.14215100000728853 0.0035749999806284904
0.14215100000728853 9.999785106629133e-07
0.1441659999836702 0.0033159999875351787
0.1441659999836702 0.0
0.14431400000466965 0.003483000007690862
0.14431400000466965 1.00000761449337e-06
0.1541399999987334 0.003476000012597069
0.1541399999987334 1.00000761449337e-06
0.1451169999781996 0.003484999993816018
0.1451169999781996 0.0
0.14304699999047443 0.003388999990420416
0.14304699999047443 1.00000761449337e-06
0.14682900000480004 0.003495000011753291
0.14682900000480004 1.00000761449337e-06
0.1469750000105705 0.0035340000176802278
0.1469750000105705 1.00000761449337e-06
0.15310900000622496 0.0038589999894611537
0.15310900000622496 0.0
0.15243600000394508 0.003749999974388629
0.15243600000394508 9.999785106629133e-07
0.15339500000118278 0.003648999991128221
0.15339500000118278 0.0
0.15140199998859316 0.003675999992992729
0.15140199998859316 0.0
0.14940000002388842 0.003472000011242926
0.14940000002388842 0.0
0.13721499999519438 0.0032629999914206564
0.13721499999519438 9.999785106629133e-07
0.13864199997624382 0.0034180000075139105
0.13864199997624382 1.00000761449337e-06
0.13955900000291876 0.003288000007160008
0.13955900000291876 0.0
0.13827799999853596 0.0032620000129099935
0.13827799999853596 0.0
0.14478100000997074 0.0033629999961704016
0.14478100000997074 0.0
0.13695600000210106 0.0033039999834727496
0.13695600000210106 9.999785106629133e-07
0.13550099998246878 0.003292999987024814
0.13550099998246878 0.0
0.13280399999348447 0.003085999982431531
0.13280399999348447 0.0
0.13275900000007823 0.0031129999842960387
0.13275900000007823 0.0
0.13086599999223836 0.0031559999915771186
0.13086599999223836 9.999785106629133e-07
0.13217100000474602 0.0031039999739732593
0.13217100000474602 0.0
0.13279200001852587 0.003120000008493662
0.13279200001852587 1.00000761449337e-06
0.17354899999918416 0.0037890000094193965
0.17354899999918416 1.00000761449337e-06
0.15824399999110028 0.0034330000053159893
0.15824399999110028 1.00000761449337e-06
0.13612300000386313 0.0032260000007227063
0.13612300000386313 9.999785106629133e-07
0.13495200002216734 0.003189000010024756
0.13495200002216734 1.00000761449337e-06
0.13905799997155555 0.0033580000163055956
0.13905799997155555 1.00000761449337e-06
0.13388300000224262 0.0031719999969936907
0.13388300000224262 0.0
0.1366769999731332 0.003236999997170642
0.1366769999731332 0.0
0.13358500000322238 0.0031869999947957695
0.13358500000322238 0.0
0.135664999979781 0.003296000009868294
0.135664999979781 1.00000761449337e-06
0.13620399998035282 0.0031970000127330422
0.13620399998035282 1.00000761449337e-06
0.13754100000369363 0.003205999993951991
0.13754100000369363 0.0
0.14291900000534952 0.003636000008555129
0.14291900000534952 0.0
0.1413159999938216 0.003441999986534938
0.1413159999938216 0.0
0.13644300002488308 0.0033150000090245157
0.13644300002488308 0.0
0.14226700001745485 0.003476999991107732
0.14226700001745485 9.999785106629133e-07
0.13917000000947155 0.003448000003118068
0.13917000000947155 0.0
0.1435920000076294 0.003356000001076609
0.1435920000076294 0.0
0.1462900000042282 0.004295999999158084
0.1462900000042282 1.00000761449337e-06
0.1425689999887254 0.0033180000027641654
0.1425689999887254 1.00000761449337e-06
0.13888699997914955 0.0033420000108890235
0.13888699997914955 0.0
0.13905900000827387 0.0033309999853372574
0.13905900000827387 0.0
0.14127799999550916 0.003407000011065975
0.14127799999550916 1.00000761449337e-06
0.14028500000131316 0.003364000003784895
0.14028500000131316 0.0
0.14470000000437722 0.0035470000002533197
0.14470000000437722 0.0
0.14310200000181794 0.0034290000039618462
0.14310200000181794 0.0
0.14350700000068173 0.00346400000853464
0.14350700000068173 1.00000761449337e-06
0.14313700000639074 0.0034220000088680536
0.14313700000639074 1.00000761449337e-06
0.14549799999804236 0.0034389999927952886
0.14549799999804236 1.00000761449337e-06
0.1429820000194013 0.0034200000227428973
0.1429820000194013 1.00000761449337e-06
0.14429900000686757 0.0034140000061597675
0.14429900000686757 0.0
0.13893200000165962 0.0031849999795667827
0.13893200000165962 0.0
0.14353199998731725 0.003448000003118068
0.14353199998731725 1.00000761449337e-06
0.14125400001648813 0.003335000015795231
0.14125400001648813 0.0
0.1408850000007078 0.0033359999943058938
0.1408850000007078 9.999785106629133e-07
0.14095000000088476 0.003349999984493479
0.14095000000088476 0.0
0.14348299999255687 0.0034309999900870025
0.14348299999255687 0.0
0.14033900000504218 0.0033730000141076744
0.14033900000504218 1.00000761449337e-06
0.1407290000061039 0.0033490000059828162
0.1407290000061039 1.00000761449337e-06
0.13808700002846308 0.0032380000047851354
0.13808700002846308 1.00000761449337e-06
0.13918699999339879 0.003265999985160306
0.13918699999339879 9.999785106629133e-07
0.1411239999870304 0.003388999990420416
0.1411239999870304 1.00000761449337e-06
0.14424800002598204 0.0034860000014305115
0.14424800002598204 0.0
0.153160999994725 0.0034180000075139105
0.153160999994725 1.00000761449337e-06
0.14394599999650382 0.0033999999868683517
0.14394599999650382 1.00000761449337e-06
0.14177399998879991 0.0033530000073369592
0.14177399998879991 1.00000761449337e-06
0.13999799999874085 0.003304999991087243
0.13999799999874085 0.0
0.13973199998144992 0.0033199999888893217
0.13973199998144992 9.999785106629133e-07
0.13928100001066923 0.0032319999882020056
0.13928100001066923 1.00000761449337e-06
0.1432210000057239 0.0033279999915976077
0.1432210000057239 0.0
0.1415850000048522 0.003341999981785193
0.1415850000048522 0.0
0.14074299999629147 0.003288000007160008
0.14074299999629147 0.0
0.1452139999892097 0.0034710000036284328
0.1452139999892097 0.0
0.14076900001964532 0.0034420000156387687
0.14076900001964532 1.00000761449337e-06
0.14329300000099465 0.003483000007690862
0.14329300000099465 0.0
0.1406569999817293 0.0033739999926183373
0.1406569999817293 0.0
0.1415430000051856 0.0034060000034514815
0.1415430000051856 0.0
0.1413810000231024 0.0033059999987017363
0.1413810000231024 0.0
0.13897199998609722 0.0033140000014100224
0.13897199998609722 1.00000761449337e-06
0.1422819999861531 0.0037569999985862523
0.1422819999861531 1.00000761449337e-06
0.13893200000165962 0.003283000027295202
0.13893200000165962 0.0
0.1431319999974221 0.0032740000169724226
0.1431319999974221 1.00000761449337e-06
0.1454399999929592 0.0034149999846704304
0.1454399999929592 0.0
0.1438800000178162 0.003328999999212101
0.1438800000178162 0.0
0.14808099999208935 0.0034710000036284328
0.14808099999208935 1.00000761449337e-06
0.14809600001899526 0.0036370000161696225
0.14809600001899526 0.0
0.14805200000409968 0.003595000016503036
0.14805200000409968 1.00000761449337e-06
0.14712300000246614 0.003544999985024333
0.14712300000246614 1.00000761449337e-06
0.15576900000451133 0.003558000025805086
0.15576900000451133 0.0
0.18484100000932813 0.004333000018959865
0.18484100000932813 1.00000761449337e-06
0.1529480000026524 0.003767999995034188
0.1529480000026524 0.0
0.15240600000834092 0.0035720000159926713
0.15240600000834092 1.00000761449337e-06
0.15546999999787658 0.003751999989617616
0.15546999999787658 1.00000761449337e-06
0.15554399997927248 0.0036780000082217157
0.15554399997927248 9.999785106629133e-07
0.15380200001527555 0.0036780000082217157
0.15380200001527555 0.0
0.15154700001585297 0.003679000015836209
0.15154700001585297 0.0
0.13838300001225434 0.0033319999929517508
0.13838300001225434 1.00000761449337e-06
0.13975000000209548 0.0033070000063162297
0.13975000000209548 0.0
0.1351169999979902 0.0032939999946393073
0.1351169999979902 0.0
0.13092200001119636 0.003241999977035448
0.13092200001119636 9.999785106629133e-07
0.12800399999832734 0.0030369999876711518
0.12800399999832734 0.0
0.12395799998193979 0.003037999995285645
0.12395799998193979 9.999785106629133e-07
0.1186640000087209 0.0028199999942444265
0.1186640000087209 0.0
0.12118200000259094 0.0028640000091399997
0.12118200000259094 0.0
0.12399699998786673 0.0029590000049211085
0.12399699998786673 1.00000761449337e-06
0.12081599998055026 0.002849999989848584
0.12081599998055026 1.00000761449337e-06
0.1236849999986589 0.0029249999788589776
0.1236849999986589 1.00000761449337e-06
0.12411900001461618 0.0029489999869838357
0.12411900001461618 9.999785106629133e-07
0.12643000000389293 0.0030160000023897737
0.12643000000389293 0.0
0.1236790000111796 0.0029230000218376517
0.1236790000111796 0.0
0.12609800000791438 0.0030200000037439167
0.12609800000791438 0.0
0.12482999998610467 0.0029590000049211085
0.12482999998610467 0.0
0.12350400001741946 0.003033000015420839
0.12350400001741946 1.00000761449337e-06
0.12987799997790717 0.0028049999964423478
0.12987799997790717 0.0
0.12286200001835823 0.002964000013889745
0.12286200001835823 9.999785106629133e-07
0.12321499999961816 0.0030479999841190875
0.12321499999961816 0.0
0.12390799997956492 0.0029989999893587083
0.12390799997956492 0.0
0.1261930000036955 0.0029159999976400286
0.1261930000036955 1.00000761449337e-06
0.12465599999995902 0.002997000003233552
0.12465599999995902 1.00000761449337e-06
0.12587899999925867 0.003109999990556389
0.12587899999925867 0.0
0.1296720000100322 0.003056999994441867
0.1296720000100322 9.999785106629133e-07
0.16207099999883212 0.0036749999853782356
0.16207099999883212 0.0
0.12936300001456402 0.0031000000017229468
0.12936300001456402 9.999785106629133e-07
0.1307129999913741 0.0030700000061187893
0.1307129999913741 1.00000761449337e-06
0.13221800001338124 0.0031879999733064324
0.13221800001338124 1.00000761449337e-06
0.1356499999819789 0.0032789999968372285
0.1356499999819789 0.0
0.13026399997761473 0.0031230000022333115
0.13026399997761473 0.0
0.12874499999452382 0.0030129999795462936
0.12874499999452382 0.0
0.13135199999669567 0.003161999979056418
0.13135199999669567 1.00000761449337e-06
0.12988799999584444 0.0031190000008791685
0.12988799999584444 1.00000761449337e-06
0.17042900001979433 0.004107999993721023
0.17042900001979433 0.0
0.15391699998872355 0.005311999993864447
0.15391699998872355 0.0
0.13454400000046007 0.003109999990556389
0.13454400000046007 0.0
0.1307939999969676 0.00322400001459755
0.1307939999969676 0.0
0.13919200000236742 0.0037119999760761857
0.13919200000236742 1.00000761449337e-06
0.17524699997738935 0.0051340000063646585
0.17524699997738935 9.999785106629133e-07
0.1280010000045877 0.0030639999895356596
0.1280010000045877 0.0
0.13674800001899712 0.00423000002047047
0.13674800001899712 1.00000761449337e-06
0.1321860000025481 0.0030079999996814877
0.1321860000025481 0.0
0.13390200000139885 0.00310400000307709
0.13390200000139885 1.00000761449337e-06
0.12778400001116097 0.002929999987827614
0.12778400001116097 0.0
0.12631099999998696 0.003173000004608184
0.12631099999998696 0.0
0.13348200000473298 0.0032150000042747706
0.13348200000473298 0.0
0.13621900000725873 0.0032239999854937196
0.13621900000725873 0.0
0.12995000000228174 0.003148999996483326
0.12995000000228174 0.0
0.14175199999590404 0.0038690000073984265
0.14175199999590404 0.0
0.18136000001686625 0.004146000021137297
0.18136000001686625 1.00000761449337e-06
0.1875700000091456 0.003224999993108213
0.1875700000091456 1.00000761449337e-06
0.1583190000092145 0.00535599997965619
0.1583190000092145 0.0
0.14628600000287406 0.0034020000020973384
0.14628600000287406 0.0
0.1373590000148397 0.0032420000061392784
0.1373590000148397 9.999785106629133e-07
0.1322459999937564 0.0031949999975040555
0.1322459999937564 0.0
0.13867299997946247 0.0035210000060033053
0.13867299997946247 0.0
0.17123300000093877 0.005225000000791624
0.17123300000093877 1.00000761449337e-06
0.15820400000666268 0.0032730000093579292
0.15820400000666268 1.00000761449337e-06
0.14212699999916367 0.003244000021368265
0.14212699999916367 0.0
0.1355420000036247 0.0031350000062957406
0.1355420000036247 1.00000761449337e-06
0.13777500001015142 0.0031039999739732593
0.13777500001015142 0.0
0.13560399998095818 0.0031510000117123127
0.13560399998095818 0.0
0.13329800000065006 0.0031530000269412994
0.13329800000065006 0.0
0.1320689999847673 0.0031009999802336097
0.1320689999847673 0.0
0.1343639999977313 0.0032110000029206276
0.1343639999977313 1.00000761449337e-06
0.13343499999609776 0.0032239999854937196
0.13343499999609776 1.00000761449337e-06
0.16463199999998324 0.0057369999994989485
0.16463199999998324 9.999785106629133e-07
0.15514099999563769 0.004668999987188727
0.15514099999563769 0.0
0.13726399998995475 0.0031140000210143626
0.13726399998995475 0.0
0.13451299999724142 0.0031170000147540122
0.13451299999724142 1.00000761449337e-06
0.1367339999997057 0.003269000008003786
0.1367339999997057 0.0
0.1383450000139419 0.00338400001055561
0.1383450000139419 0.0
0.13867800001753494 0.003224999993108213
0.13867800001753494 9.999785106629133e-07
0.13407199998619035 0.003412999998545274
0.13407199998619035 0.0
0.12989199999719858 0.0030109999934211373
0.12989199999719858 9.999785106629133e-07
0.13690899999346584 0.003200999984983355
0.13690899999346584 0.0
0.13558100000955164 0.0031479999888688326
0.13558100000955164 0.0
0.13280299998586997 0.003117999993264675
0.13280299998586997 9.999785106629133e-07
0.1380969999881927 0.003491000010399148
0.1380969999881927 9.999785106629133e-07
0.1360430000058841 0.0031239999807439744
0.1360430000058841 0.0
0.13428000002750196 0.0031740000122226775
0.13428000002750196 0.0
0.1291639999835752 0.0031589999853167683
0.1291639999835752 9.999785106629133e-07
0.12717000002157874 0.0030260000203270465
0.12717000002157874 9.999785106629133e-07
0.13388900001882575 0.003275000024586916
0.13388900001882575 0.0
0.12723600000026636 0.0029590000049211085
0.12723600000026636 1.00000761449337e-06
0.13367400001152419 0.0031500000040978193
0.13367400001152419 1.00000761449337e-06
0.1314130000246223 0.0030630000110249966
0.1314130000246223 0.0
0.1321870000101626 0.003148999996483326
0.1321870000101626 0.0
0.13436799999908544 0.003136000013910234
0.13436799999908544 1.00000761449337e-06
0.13091100001474842 0.0031169999856501818
0.13091100001474842 0.0
0.14136400001007132 0.003989000018918887
0.14136400001007132 0.0
0.1372599999886006 0.0031359999848064035
0.1372599999886006 1.00000761449337e-06
0.1339379999844823 0.0034100000048056245
0.1339379999844823 0.0
0.13786300001083873 0.0032500000088475645
0.13786300001083873 0.0
0.13075900002149865 0.0031140000210143626
0.13075900002149865 0.0
0.13114700000733137 0.0031509999826084822
0.13114700000733137 9.999785106629133e-07
0.13358499997411855 0.0032669999927747995
0.13358499997411855 0.0
0.1310339999909047 0.0031949999975040555
0.1310339999909047 0.0
0.13647900000796653 0.003236000018659979
0.13647900000796653 9.999785106629133e-07
0.13336599999456666 0.0031439999875146896
0.13336599999456666 0.0
0.13497899999492802 0.003196999983629212
0.13497899999492802 0.0
0.13385899999411777 0.003089999983785674
0.13385899999411777 1.00000761449337e-06
0.13127699997858144 0.003144999995129183
0.13127699997858144 0.0
0.13177199999336153 0.003196999983629212
0.13177199999336153 0.0
0.13551799999549985 0.003224999993108213
0.13551799999549985 0.0
0.1366989999951329 0.0032749999954830855
0.1366989999951329 0.0
0.13486900000134483 0.0030960000003688037
0.13486900000134483 1.00000761449337e-06
0.1367729999765288 0.0031989999988581985
0.1367729999765288 0.0
0.13641999999526888 0.0032810000120662153
0.13641999999526888 0.0
0.14249100000597537 0.003292000008514151
0.14249100000597537 0.0
0.15626099999644794 0.003743000008398667
0.15626099999644794 1.00000761449337e-06
0.15563499997369945 0.003790999995544553
0.15563499997369945 9.999785106629133e-07
0.21116199999232776 0.005099000001791865
0.21116199999232776 0.0
0.13792999999714084 0.0032399999909102917
0.13792999999714084 1.00000761449337e-06
0.1425349999917671 0.0033039999834727496
0.1425349999917671 0.0
0.14441000000806525 0.003548000007867813
0.14441000000806525 1.00000761449337e-06
0.14868799998657778 0.0035140000109095126
0.14868799998657778 0.0
0.14598600001772866 0.004621000000042841
0.14598600001772866 0.0
0.14164799998980016 0.003396000014618039
0.14164799998980016 0.0
0.14020900000468828 0.003347999998368323
0.14020900000468828 0.0
0.1391859999857843 0.003259999997681007
0.1391859999857843 0.0
0.14013700000941753 0.003204999986337498
0.14013700000941753 9.999785106629133e-07
0.13737400001264177 0.003279000025941059
0.13737400001264177 9.999785106629133e-07
0.14201799998409115 0.003345999983139336
0.14201799998409115 0.0
0.13532600001781248 0.003244999999878928
0.13532600001781248 9.999785106629133e-07
0.13884599998709746 0.003959000023314729
0.13884599998709746 1.00000761449337e-06
0.13803200001711957 0.0032090000167954713
0.13803200001711957 0.0
0.14144500001566485 0.003249999979743734
0.14144500001566485 0.0
0.138187000004109 0.0033639999746810645
0.138187000004109 9.999785106629133e-07
0.13954900001408532 0.0032939999946393073
0.13954900001408532 0.0
0.13633999999728985 0.0031749999907333404
0.13633999999728985 1.00000761449337e-06
0.1383110000169836 0.003204000007826835
0.1383110000169836 0.0
0.1363310000160709 0.0032709999941289425
0.1363310000160709 0.0
0.1367020000179764 0.00325799998245202
0.1367020000179764 1.00000761449337e-06
0.13691999998991378 0.003292000008514151
0.13691999998991378 0.0
0.14163399999961257 0.003347999998368323
0.14163399999961257 0.0
0.1395710000069812 0.003222999977879226
0.1395710000069812 1.00000761449337e-06
0.13940900002489798 0.0032460000074934214
0.13940900002489798 0.0
0.13880499999504536 0.0035130000032950193
0.13880499999504536 0.0
INFO:sc2.protocol:Client status changed to Status.ended (was Status.in_game)
INFO:sc2.protocol:Client status changed to Status.ended (was Status.in_game)
INFO:root:Result for player 1 - Bot(Race.Terran, <bots.keai.inho_bot_final.ReaperBot object at 0x7f0364508eb8>): Defeat
INFO:root:Result for player 2 - Bot(Race.Terran, <bots.Showing_bot.speedBot.MarinBot object at 0x7f0366b208d0>): Victory
INFO:sc2.client:Saved replay to outs/2020-01-17T11-28-03/replays/keai-showing_bot/keai-showing_bot-1.SC2Replay
INFO:sc2.protocol:Client status changed to Status.launched (was Status.ended)
INFO:sc2.protocol:Client status changed to Status.quit (was Status.launched)
INFO:sc2.sc2process:kill_switch: Process cleanup
INFO:sc2.sc2process:Cleaning up...
INFO:sc2.sc2process:Cleanup complete
INFO:sc2.sc2process:Cleaning up...
INFO:sc2.sc2process:Cleanup complete
INFO:sc2.protocol:Cannot receive: Connection already closed.
INFO:sc2.sc2process:kill_switch: Process cleanup
INFO:sc2.sc2process:Cleaning up...
INFO:sc2.sc2process:Cleanup complete
INFO:sc2.sc2process:Cleaning up...
INFO:sc2.sc2process:Cleanup complete


## STDERR ##

Version: B75689 (SC2.4.10)
Build: Aug 12 2019 17:16:57
Command Line: '"/home/hspark8312/StarCraftII/Versions/Base75689/SC2_x64" -listen 127.0.0.1 -port 18098 -displayMode 0 -dataDir /home/hspark8312/StarCraftII -tempDir /tmp/SC2_rv1pe73n'
Starting up...
Startup Phase 1 complete
Version: B75689 (SC2.4.10)
Build: Aug 12 2019 17:16:57
Command Line: '"/home/hspark8312/StarCraftII/Versions/Base75689/SC2_x64" -listen 127.0.0.1 -port 23317 -displayMode 0 -dataDir /home/hspark8312/StarCraftII -tempDir /tmp/SC2_ivcqe3b2'
Starting up...
Startup Phase 1 complete
Startup Phase 2 complete
Creating stub renderer...
Listening on: 127.0.0.1:18098
Startup Phase 3 complete. Ready for commands.
Startup Phase 2 complete
Creating stub renderer...
ConnectHandler: Request from 127.0.0.1:52937 accepted
ReadyHandler: 127.0.0.1:52937 ready
Requesting to join a multiplayer game
Configuring interface options
Configure: raw interface enabled
Configure: feature layer interface enabled
Configure: score interface enabled
Configure: render interface disabled
Listening on: 127.0.0.1:23317
Startup Phase 3 complete. Ready for commands.
ConnectHandler: Request from 127.0.0.1:52938 accepted
ReadyHandler: 127.0.0.1:52938 ready
Requesting to join a multiplayer game
Configuring interface options
Configure: raw interface enabled
Configure: feature layer interface enabled
Configure: score interface enabled
Configure: render interface disabled
Create game with map path: NCFellowship-2019_m1_v6.SC2Map
Attempting to join a game with the map: NCFellowship-2019_m1_v6.SC2Map
Game has started.
Using default stable ids, none found at: /home/hspark8312/StarCraftII/stableid.json
Successfully loaded stable ids: GameData\stableid.json
Sending ResponseJoinGame
Game has started.
Using default stable ids, none found at: /home/hspark8312/StarCraftII/stableid.json
Successfully loaded stable ids: GameData\stableid.json
Sending ResponseJoinGame
RequestQuit command received.
Closing Application...
CloseHandler: 127.0.0.1:52938 disconnected
Terminate action already called.
/home/hspark8312/anaconda3/envs/sc2/lib/python3.6/importlib/_bootstrap.py:219: RuntimeWarning: numpy.ufunc size changed, may indicate binary incompatibility. Expected 192 from C header, got 216 from PyObject
  return f(*args, **kwds)
/home/hspark8312/anaconda3/envs/sc2/lib/python3.6/importlib/_bootstrap.py:219: RuntimeWarning: numpy.ufunc size changed, may indicate binary incompatibility. Expected 192 from C header, got 216 from PyObject
  return f(*args, **kwds)
/home/hspark8312/anaconda3/envs/sc2/lib/python3.6/site-packages/tensorboard/compat/tensorflow_stub/dtypes.py:541: FutureWarning: Passing (type, 1) or '1type' as a synonym of type is deprecated; in a future version of numpy, it will be understood as (type, (1,)) / '(1,)type'.
  _np_qint8 = np.dtype([("qint8", np.int8, 1)])
/home/hspark8312/anaconda3/envs/sc2/lib/python3.6/site-packages/past/builtins/misc.py:45: DeprecationWarning: the imp module is deprecated in favour of importlib; see the module's documentation for alternative uses
  from imp import reload
/mnt/d/sc2minigame-eval-2020-01-09/bots/Showing_bot/speedBot.py:1643: RuntimeWarning: coroutine 'TerreinManager.debug' was never awaited
  self.terrein_manager.debug()
