## STDOUT ##

[[92mINFO[0m] SC2 4.9.0 용 패치 적용
패치 sc2.ids.ability_id
패치 sc2.game_state
패치 sc2.bot_ai
패치 sc2.client
패치 sc2.controller
패치 sc2.main
INFO:root:Failed to import cuda module: No module named 'caffe2.python.caffe2_pybind11_state_gpu'
INFO:root:Failed to import AMD hip module: No module named 'caffe2.python.caffe2_pybind11_state_hip'
WARNING:root:This caffe2 python run does not have GPU support. Will run in CPU only mode.
cpu
INFO:sc2.protocol:Client status changed to Status.launched (was None)
INFO:sc2.protocol:Client status changed to Status.launched (was None)
INFO:sc2_patch.sc2_patch_490.controller:Creating new game
INFO:sc2_patch.sc2_patch_490.controller:Map:     NCFellowship-2019_m1_v6
INFO:sc2_patch.sc2_patch_490.controller:Players: Bot(Race.Terran, <bots.keai.inho_bot_final.ReaperBot object at 0x7f1173318f60>), Bot(Race.Terran, <bots.Showing_bot.speedBot.MarinBot object at 0x7f11759aeb70>)
INFO:sc2.protocol:Client status changed to Status.init_game (was Status.launched)
INFO:sc2.protocol:Client status changed to Status.in_game (was None)
INFO:root:Player 2 - Bot(Race.Terran, <bots.Showing_bot.speedBot.MarinBot object at 0x7f11759aeb70>)
TEST: 2, <bots.Showing_bot.speedBot.MarinBot object at 0x7f11759aeb70>
load model: bots/Showing_bot/models/model-89.pt
create new model
INFO:sc2.protocol:Client status changed to Status.in_game (was None)
INFO:root:Player 1 - Bot(Race.Terran, <bots.keai.inho_bot_final.ReaperBot object at 0x7f1173318f60>)
TEST: 1, <bots.keai.inho_bot_final.ReaperBot object at 0x7f1173318f60>
0.04494100000010803 0.002822999987984076
0.04494100000010803 1.00000761449337e-06
0.04466600000159815 0.002084999985527247
0.04466600000159815 0.0
0.04446299999835901 0.0015060000005178154
0.04446299999835901 1.00000761449337e-06
0.044522999989567325 0.0013909999979659915
0.044522999989567325 0.0
0.04430700000375509 0.0013420000032056123
0.04430700000375509 1.00000761449337e-06
0.0447930000082124 0.0013470000121742487
0.0447930000082124 9.999785106629133e-07
0.045129000005545095 0.0011639999866019934
0.045129000005545095 0.0
0.04460500000277534 0.0011570000206120312
0.04460500000277534 0.0
0.044363000022713095 0.0010910000128205866
0.044363000022713095 0.0
0.04435000001103617 0.0010989999864250422
0.04435000001103617 0.0
0.04427499999292195 0.0010860000038519502
0.04427499999292195 0.0
0.04490300000179559 0.0011329999833833426
0.04490300000179559 1.00000761449337e-06
0.04444399999920279 0.0010999999940395355
0.04444399999920279 1.00000761449337e-06
0.04479200000059791 0.0012069999938830733
0.04479200000059791 0.0
0.044316999992588535 0.0011079999967478216
0.044316999992588535 0.0
0.044652000011410564 0.001176000019768253
0.044652000011410564 0.0
0.044891999976243824 0.0011039999953936785
0.044891999976243824 0.0
0.04424700001254678 0.0010910000128205866
0.04424700001254678 0.0
0.04436500000883825 0.001086999982362613
0.04436500000883825 0.0
0.04428500001085922 0.0010950000141747296
0.04428500001085922 0.0
0.04636199999367818 0.0013279999839141965
0.04636199999367818 0.0
0.04701000000932254 0.0013470000121742487
0.04701000000932254 0.0
0.04693599999882281 0.0013210000179242343
0.04693599999882281 0.0
0.04664399998728186 0.0012129999813623726
0.04664399998728186 0.0
0.04699599999003112 0.0012330000172369182
0.04699599999003112 1.00000761449337e-06
0.04705599998123944 0.001193000003695488
0.04705599998123944 0.0
0.046506999991834164 0.0011820000072475523
0.046506999991834164 0.0
0.04666900000302121 0.001184000022476539
0.04666900000302121 1.00000761449337e-06
0.047055000002728775 0.0012419999984558672
0.047055000002728775 0.0
0.04759100000956096 0.0012449999921955168
0.04759100000956096 9.999785106629133e-07
0.04729899999802001 0.0012379999971017241
0.04729899999802001 0.0
0.047036999982083216 0.0013709999911952764
0.047036999982083216 0.0
0.04673899998306297 0.0013120000076014549
0.04673899998306297 0.0
0.04704999999376014 0.0011529999901540577
0.04704999999376014 0.0
0.046747000014875084 0.001229999994393438
0.046747000014875084 0.0
0.049469999998109415 0.00282100000185892
0.049469999998109415 0.0
0.049457999994046986 0.0013340000004973263
0.049457999994046986 1.00000761449337e-06
0.04890500000328757 0.0012419999984558672
0.04890500000328757 0.0
0.04946199999540113 0.001320000010309741
0.04946199999540113 1.00000761449337e-06
0.04899700000532903 0.0012160000042058527
0.04899700000532903 0.0
changed strategy
0.05000999997719191 0.0012029999925289303
0.05000999997719191 0.0
0.054103000002214685 0.0013069999986328185
0.054103000002214685 0.0
0.0661639999889303 0.0017609999922569841
0.0661639999889303 0.0
0.06992999999783933 0.001799999998183921
0.06992999999783933 9.999785106629133e-07
0.07082500000251457 0.0017719999887049198
0.07082500000251457 1.00000761449337e-06
0.07198300000163727 0.001740999985486269
0.07198300000163727 9.999785106629133e-07
0.07070099998963997 0.0018290000152774155
0.07070099998963997 1.00000761449337e-06
0.0697529999888502 0.0017169999773614109
0.0697529999888502 1.4999997802078724e-05
0.06891599998925813 0.0017100000113714486
0.06891599998925813 1.00000761449337e-06
0.06891800000448711 0.0017490000172983855
0.06891800000448711 0.0
0.07212799999979325 0.0019449999963399023
0.07212799999979325 0.0
0.07238999998662621 0.0018470000068191439
0.07238999998662621 0.0
0.07257899999967776 0.0018609999970067292
0.07257899999967776 9.999785106629133e-07
0.07276300000376068 0.0017939999816007912
0.07276300000376068 1.00000761449337e-06
0.07253600002150051 0.0018489999929443002
0.07253600002150051 1.00000761449337e-06
0.0725559999991674 0.001787999994121492
0.0725559999991674 0.0
0.07215100000030361 0.0019950000278186053
0.07215100000030361 0.0
0.05963800000608899 0.0014389999851118773
0.05963800000608899 1.00000761449337e-06
0.07221100002061576 0.0018950000230688602
0.07221100002061576 1.00000761449337e-06
0.07209400000283495 0.0018739999795798212
0.07209400000283495 0.0
0.05150800000410527 0.0012860000133514404
0.05150800000410527 0.0
0.05169200000818819 0.0012599999899975955
0.05169200000818819 1.00000761449337e-06
0.051764999981969595 0.0013099999923724681
0.051764999981969595 1.00000761449337e-06
0.051872999989427626 0.0012759999954141676
0.051872999989427626 0.0
0.05158500000834465 0.0013000000035390258
0.05158500000834465 1.00000761449337e-06
0.05179500000667758 0.0012790000182576478
0.05179500000667758 0.0
0.05237299998407252 0.0013509999844245613
0.05237299998407252 0.0
0.05723599999328144 0.0013959999778307974
0.05723599999328144 0.0
0.07197700001415797 0.0018310000014025718
0.07197700001415797 0.0
0.05225899998913519 0.001277999981539324
0.05225899998913519 1.00000761449337e-06
0.05450200001359917 0.0031190000008791685
0.05450200001359917 0.0
0.059944999986328185 0.0016149999864865094
0.059944999986328185 1.00000761449337e-06
0.05855200000223704 0.0013939999917056412
0.05855200000223704 1.00000761449337e-06
0.060261999984504655 0.0014789999986533076
0.060261999984504655 0.0
0.0543840000173077 0.0013380000018514693
0.0543840000173077 0.0
0.05447600001934916 0.0013259999977890402
0.05447600001934916 0.0
0.05404200000339188 0.0013359999866224825
0.05404200000339188 1.00000761449337e-06
0.05937400000402704 0.0034730000188574195
0.05937400000402704 1.00000761449337e-06
0.059221999981673434 0.0016530000139027834
0.059221999981673434 1.00000761449337e-06
0.05888900000718422 0.0014689999807160348
0.05888900000718422 1.00000761449337e-06
0.05934899998828769 0.001424999994924292
0.05934899998828769 0.0
0.05658500001300126 0.0014149999769870192
0.05658500001300126 0.0
0.05425800001830794 0.0015060000005178154
0.05425800001830794 0.0
0.05437599998549558 0.001871999993454665
0.05437599998549558 0.0
0.05471100000431761 0.0014469999878201634
0.05471100000431761 0.0
0.05713199998717755 0.001875999994808808
0.05713199998717755 0.0
0.058250000001862645 0.0017090000037569553
0.058250000001862645 0.0
0.0539989999961108 0.0016069999837782234
0.0539989999961108 0.0
0.0519170000043232 0.0014589999918825924
0.0519170000043232 9.999785106629133e-07
0.051915999996708706 0.00173200000426732
0.051915999996708706 0.0
0.051909999980125576 0.0013029999972786754
0.051909999980125576 0.0
0.04710900000645779 0.0015039999852888286
0.04710900000645779 1.00000761449337e-06
0.04742600000463426 0.001412999990861863
0.04742600000463426 0.0
0.046629999997094274 0.0014650000084657222
0.046629999997094274 0.0
0.046849000005749986 0.0012339999957475811
0.046849000005749986 0.0
0.04713300001458265 0.0014740000187885016
0.04713300001458265 0.0
0.046912999998312443 0.0016130000003613532
0.046912999998312443 9.999785106629133e-07
0.046679999999469146 0.001193000003695488
0.046679999999469146 0.0
0.04669899999862537 0.0012580000038724393
0.04669899999862537 0.0
0.04675200002384372 0.0011629999789875
0.04675200002384372 0.0
0.04957899998407811 0.0013840000028721988
0.04957899998407811 0.0
0.04908900000737049 0.0012159999751020223
0.04908900000737049 1.00000761449337e-06
0.049885000014910474 0.0012200000055599958
0.049885000014910474 1.00000761449337e-06
0.04932999997981824 0.0012340000248514116
0.04932999997981824 1.00000761449337e-06
0.04997399999410845 0.0014439999940805137
0.04997399999410845 0.0
0.0493199999909848 0.00120900000911206
0.0493199999909848 0.0
0.04942299998947419 0.001221999991685152
0.04942299998947419 0.0
0.04974599997512996 0.00125200001639314
0.04974599997512996 0.0
0.04972099998849444 0.0012540000025182962
0.04972099998849444 1.00000761449337e-06
0.0490470000077039 0.0012199999764561653
0.0490470000077039 1.00000761449337e-06
0.04933199999504723 0.001213000010466203
0.04933199999504723 0.0
0.04938000001129694 0.0012080000014975667
0.04938000001129694 0.0
0.04929699999047443 0.0012200000055599958
0.04929699999047443 1.00000761449337e-06
0.04889999999431893 0.001213000010466203
0.04889999999431893 1.00000761449337e-06
0.049399000010453165 0.0012149999965913594
0.049399000010453165 9.999785106629133e-07
0.049522000015713274 0.0012459999998100102
0.049522000015713274 0.0
0.0515319999831263 0.0015300000086426735
0.0515319999831263 1.00000761449337e-06
0.049414999986765906 0.0012310000020079315
0.049414999986765906 0.0
0.04933199999504723 0.001213000010466203
0.04933199999504723 0.0
0.04914600000483915 0.0012220000207889825
0.04914600000483915 1.00000761449337e-06
0.053026000008685514 0.0014720000035595149
0.053026000008685514 9.999785106629133e-07
0.051937000011093915 0.0013040000048931688
0.051937000011093915 9.999785106629133e-07
0.07147399999666959 0.0018110000237356871
0.07147399999666959 9.999785106629133e-07
0.0521500000031665 0.0012970000097993761
0.0521500000031665 0.0
0.051909999980125576 0.0013010000111535192
0.051909999980125576 0.0
0.051436000008834526 0.0012700000079348683
0.051436000008834526 0.0
0.05619000000297092 0.0014300000038929284
0.05619000000297092 9.999785106629133e-07
0.051752999977907166 0.0012869999918621033
0.051752999977907166 0.0
0.05609100000583567 0.001420999993570149
0.05609100000583567 1.00000761449337e-06
0.05718100001104176 0.0015019999991636723
0.05718100001104176 1.00000761449337e-06
0.05151999997906387 0.0013029999972786754
0.05151999997906387 0.0
0.05193499999586493 0.0013500000059138983
0.05193499999586493 0.0
0.05197499998030253 0.0012749999877996743
0.05197499998030253 0.0
0.05200699999113567 0.0015370000037364662
0.05200699999113567 0.0
0.05180399998789653 0.001285000005736947
0.05180399998789653 1.00000761449337e-06
0.054059999994933605 0.0014530000044032931
0.054059999994933605 1.00000761449337e-06
0.054446000023745 0.001320000010309741
0.054446000023745 1.00000761449337e-06
0.05434199998853728 0.0013390000094659626
0.05434199998853728 0.0
0.05440299998736009 0.001340999995591119
0.05440299998736009 1.00000761449337e-06
0.05420199999934994 0.0013639999961014837
0.05420199999934994 0.0
0.054272000008495525 0.0013740000140387565
0.054272000008495525 9.999785106629133e-07
0.054044999997131526 0.0013649999746121466
0.054044999997131526 1.00000761449337e-06
0.05396600000676699 0.001344999996945262
0.05396600000676699 0.0
0.05371000000741333 0.0013380000018514693
0.05371000000741333 9.999785106629133e-07
0.054761000006692484 0.0013589999871328473
0.054761000006692484 1.00000761449337e-06
0.054945999989286065 0.0013679999974556267
0.054945999989286065 0.0
0.05404300001100637 0.0013469999830704182
0.05404300001100637 1.00000761449337e-06
0.05420199999934994 0.0013730000064242631
0.05420199999934994 0.0
0.05419300001813099 0.0013310000067576766
0.05419300001813099 9.999785106629133e-07
0.05434699999750592 0.0013380000018514693
0.05434699999750592 0.0
0.0570389999775216 0.0014890000165905803
0.0570389999775216 0.0
0.056595000001834705 0.00136900000507012
0.056595000001834705 1.00000761449337e-06
0.0565049999859184 0.0014420000079553574
0.0565049999859184 1.00000761449337e-06
0.05725099999108352 0.0013829999952577055
0.05725099999108352 1.00000761449337e-06
0.056326999998418614 0.0014470000169239938
0.056326999998418614 0.0
0.05682399999932386 0.0013880000042263418
0.05682399999932386 1.00000761449337e-06
0.05655599999590777 0.0013749999925494194
0.05655599999590777 0.0
0.05677799999830313 0.001408000010997057
0.05677799999830313 0.0
0.05675099999643862 0.0014050000172574073
0.05675099999643862 9.999785106629133e-07
0.05663700000150129 0.001648000004934147
0.05663700000150129 0.0
0.05748499999754131 0.0014070000033825636
0.05748499999754131 1.00000761449337e-06
0.05641200000536628 0.0017109999898821115
0.05641200000536628 0.0
0.05685200000880286 0.0017099999822676182
0.05685200000880286 1.00000761449337e-06
0.05654700001468882 0.0016419999883510172
0.05654700001468882 1.00000761449337e-06
0.05690100000356324 0.0019040000042878091
0.05690100000356324 9.999785106629133e-07
0.05676899998798035 0.0014570000057574362
0.05676899998798035 0.0
0.05641399999149144 0.0018139999883715063
0.05641399999149144 1.00000761449337e-06
0.05682100000558421 0.0017210000078193843
0.05682100000558421 0.0
0.05683300000964664 0.0014349999837577343
0.05683300000964664 0.0
0.05688799999188632 0.0018310000014025718
0.05688799999188632 9.999785106629133e-07
0.05664299998898059 0.0016030000115279108
0.05664299998898059 0.0
0.08531999998376705 0.0049270000017713755
0.08531999998376705 0.0
0.06411800000932999 0.003607999999076128
0.06411800000932999 0.0
0.0803029999951832 0.004325999994762242
0.0803029999951832 1.00000761449337e-06
0.07884299999568611 0.004435000009834766
0.07884299999568611 0.0
0.08188699997845106 0.004610000003594905
0.08188699997845106 0.0
0.08163199998671189 0.0034579999919515103
0.08163199998671189 0.0
0.08135500000207685 0.002003000001423061
0.08135500000207685 0.0
0.08090800000354648 0.002019999985350296
0.08090800000354648 0.0
0.07846099999733269 0.0019280000124126673
0.07846099999733269 0.0
0.08111599998665042 0.0020129999902565032
0.08111599998665042 1.00000761449337e-06
0.08153300001868047 0.0022560000070370734
0.08153300001868047 0.0
0.08148100000107661 0.001992000004975125
0.08148100000107661 0.0
0.0814249999821186 0.0020490000024437904
0.0814249999821186 0.0
0.07101200000033714 0.001824999984819442
0.07101200000033714 0.0
0.06634200000553392 0.001631999999517575
0.06634200000553392 0.0
0.0666390000260435 0.0016720000130590051
0.0666390000260435 1.00000761449337e-06
0.06654600001638755 0.0016250000044237822
0.06654600001638755 9.999785106629133e-07
0.06685500001185574 0.0016239999968092889
0.06685500001185574 1.00000761449337e-06
0.06661599999642931 0.001707999996142462
0.06661599999642931 1.00000761449337e-06
0.06661999999778345 0.001832999987527728
0.06661999999778345 0.0
0.0689999999885913 0.0016959999920800328
0.0689999999885913 9.999785106629133e-07
0.0666229999915231 0.0016349999932572246
0.0666229999915231 1.00000761449337e-06
0.06659600001876242 0.0019240000110585243
0.06659600001876242 0.0
0.06651200001942925 0.0016999999934341758
0.06651200001942925 1.00000761449337e-06
0.06967799999983981 0.0018180000188294798
0.06967799999983981 1.00000761449337e-06
0.06864000001223758 0.0016730000206734985
0.06864000001223758 0.0
0.06896400000550784 0.001664999988861382
0.06896400000550784 1.00000761449337e-06
0.06916699997964315 0.0017140000127255917
0.06916699997964315 0.0
0.06883100001141429 0.00173200000426732
0.06883100001141429 0.0
0.08937800000421703 0.002250999998068437
0.08937800000421703 9.999785106629133e-07
0.06904100000974722 0.0016909999831113964
0.06904100000974722 0.0
0.06901500001549721 0.0017099999822676182
0.06901500001549721 1.00000761449337e-06
0.06891100000939332 0.001693999976851046
0.06891100000939332 0.0
0.06873500000801869 0.0017129999760072678
0.06873500000801869 1.00000761449337e-06
0.07113500000559725 0.0018709999858401716
0.07113500000559725 1.00000761449337e-06
0.07164099998772144 0.001720000000204891
0.07164099998772144 0.0
0.07171099999686703 0.0017570000200066715
0.07171099999686703 0.0
0.07136199998785742 0.0017300000181421638
0.07136199998785742 9.999785106629133e-07
0.07141999999294057 0.0017339999903924763
0.07141999999294057 1.00000761449337e-06
0.07215700001688674 0.0017579999985173345
0.07215700001688674 0.0
0.07151500001782551 0.0017719999887049198
0.07151500001782551 9.999785106629133e-07
0.07148799998685718 0.001771000010194257
0.07148799998685718 1.00000761449337e-06
0.07174700000905432 0.001748999988194555
0.07174700000905432 0.0
0.07117300000390969 0.0017430000007152557
0.07117300000390969 0.0
0.07920700000249781 0.0019319999846629798
0.07920700000249781 1.00000761449337e-06
0.07118500000797212 0.0017299999890383333
0.07118500000797212 0.0
0.07683400000678375 0.0020880000083707273
0.07683400000678375 0.0
0.0969360000162851 0.007164000009652227
0.0969360000162851 1.00000761449337e-06
0.09279900000547059 0.005437999992864206
0.09279900000547059 0.0
0.10699600001680665 0.008097999991150573
0.10699600001680665 0.0
0.10390499999630265 0.0024130000092554837
0.10390499999630265 9.999785106629133e-07
0.10338700001011603 0.002523000002838671
0.10338700001011603 0.0
0.11881799998809583 0.0023010000004433095
0.11881799998809583 0.0
0.09334900000249036 0.002605000016046688
0.09334900000249036 0.0
0.09277899999869987 0.00245800000266172
0.09277899999869987 1.00000761449337e-06
0.10122000001138076 0.0026310000102967024
0.10122000001138076 0.0
0.09387899999273941 0.0022760000138077885
0.09387899999273941 1.00000761449337e-06
0.0835289999959059 0.0019850000098813325
0.0835289999959059 0.0
0.07650399999693036 0.0019659999816212803
0.07650399999693036 0.0
0.08825199998682365 0.002004999987548217
0.08825199998682365 1.00000761449337e-06
0.08859599998686463 0.00197199999820441
0.08859599998686463 1.00000761449337e-06
0.08643600001232699 0.001910000020870939
0.08643600001232699 1.00000761449337e-06
0.08261700000730343 0.0019480000191833824
0.08261700000730343 1.00000761449337e-06
0.08833400000003166 0.0019960000063292682
0.08833400000003166 0.0
0.08080100000370294 0.001974000013433397
0.08080100000370294 0.0
0.0877370000234805 0.0019330000213813037
0.0877370000234805 9.999785106629133e-07
0.0833779999811668 0.0018609999970067292
0.0833779999811668 0.0
0.08544299998902716 0.0021579999884124845
0.08544299998902716 0.0
0.07852900002035312 0.0018649999983608723
0.07852900002035312 9.999785106629133e-07
0.07692600000882521 0.00217500000144355
0.07692600000882521 0.0
0.0857370000157971 0.001896000001579523
0.0857370000157971 1.00000761449337e-06
0.07831399998394772 0.0019420000026002526
0.07831399998394772 1.00000761449337e-06
0.07764400000451133 0.0021129999950062484
0.07764400000451133 9.999785106629133e-07
0.07750300000770949 0.0018479999853298068
0.07750300000770949 0.0
0.08098699999391101 0.0022270000190474093
0.08098699999391101 0.0
0.08728000000701286 0.0026950000028591603
0.08728000000701286 0.0
0.0803019999875687 0.00200899998890236
0.0803019999875687 0.0
0.07981000002473593 0.001963000016985461
0.07981000002473593 0.0
0.09595200000330806 0.002343000000109896
0.09595200000330806 1.00000761449337e-06
0.07745100001920946 0.0020459999796003103
0.07745100001920946 1.00000761449337e-06
0.08167699998011813 0.0019249999895691872
0.08167699998011813 0.0
0.09541700000409037 0.002066000015474856
0.09541700000409037 1.00000761449337e-06
0.08297200000379235 0.0019120000069960952
0.08297200000379235 9.999785106629133e-07
0.08236400000168942 0.0020610000065062195
0.08236400000168942 0.0
0.09084099999745376 0.002394000010099262
0.09084099999745376 0.0
0.08685299998614937 0.002294000005349517
0.08685299998614937 0.0
0.08277099998667836 0.001988000003620982
0.08277099998667836 9.999785106629133e-07
0.08483099998557009 0.002031000010902062
0.08483099998557009 1.00000761449337e-06
0.08562600001459941 0.002230000012787059
0.08562600001459941 1.00000761449337e-06
0.08811499999137595 0.0021209999977145344
0.08811499999137595 9.999785106629133e-07
0.08706700001494028 0.002072999981464818
0.08706700001494028 0.0
0.08612399999401532 0.0020960000110790133
0.08612399999401532 1.00000761449337e-06
0.08664399999543093 0.0020880000083707273
0.08664399999543093 0.0
0.08668300000135787 0.0021330000017769635
0.08668300000135787 1.00000761449337e-06
0.08888599998317659 0.0021969999943394214
0.08888599998317659 9.999785106629133e-07
0.08982399999513291 0.00233800002024509
0.08982399999513291 0.0
0.08882499998435378 0.0022520000056829304
0.08882499998435378 9.999785106629133e-07
0.08928200000082143 0.002322000014828518
0.08928200000082143 0.0
0.08926599999540485 0.002590999996755272
0.08926599999540485 1.00000761449337e-06
0.09142400001292117 0.005111999984364957
0.09142400001292117 0.0
0.09477999998489395 0.002956000011181459
0.09477999998489395 1.00000761449337e-06
0.1280759999935981 0.003208000009180978
0.1280759999935981 0.0
0.13068300002487376 0.003559000004315749
0.13068300002487376 0.0
0.12588599999435246 0.0056650000042282045
0.12588599999435246 9.999785106629133e-07
0.10818499999004416 0.005680000002030283
0.10818499999004416 0.0
0.11521499999798834 0.005971000005956739
0.11521499999798834 1.00000761449337e-06
0.1117789999989327 0.0030550000083167106
0.1117789999989327 0.0
0.12026399999740534 0.0029149999900255352
0.12026399999740534 0.0
0.10560199999599718 0.002605999994557351
0.10560199999599718 0.0
0.10798800000338815 0.002574000012828037
0.10798800000338815 1.00000761449337e-06
0.10698400001274422 0.0026720000023487955
0.10698400001274422 0.0
0.11067500000353903 0.0025289999903179705
0.11067500000353903 0.0
0.11164700001245365 0.0032460000074934214
0.11164700001245365 0.0
0.10853599998517893 0.0025519999908283353
0.10853599998517893 0.0
0.09611300000688061 0.002509000012651086
0.09611300000688061 0.0
0.0996199999935925 0.0023910000163596123
0.0996199999935925 0.0
0.10857599999872036 0.00415300001623109
0.10857599999872036 9.999785106629133e-07
0.11348800000268966 0.0024200000043492764
0.11348800000268966 1.00000761449337e-06
0.09744900002260692 0.0023170000058598816
0.09744900002260692 0.0
0.09538400001474656 0.0023600000131409615
0.09538400001474656 0.0
0.10151399997994304 0.0025920000043697655
0.10151399997994304 1.00000761449337e-06
0.09739199999603443 0.002506999997422099
0.09739199999603443 0.0
0.11316699997405522 0.0024139999877661467
0.11316699997405522 0.0
0.12876900000264868 0.003755999990971759
0.12876900000264868 1.00000761449337e-06
0.11021699997945689 0.00245800000266172
0.11021699997945689 1.00000761449337e-06
0.10717299999669194 0.0025249999889638275
0.10717299999669194 1.00000761449337e-06
0.11185499999555759 0.006181999982800335
0.11185499999555759 9.999785106629133e-07
0.1268700000073295 0.006673999974736944
0.1268700000073295 1.00000761449337e-06
0.12445400000433438 0.007003999984590337
0.12445400000433438 1.00000761449337e-06
0.13136200001463294 0.003818000026512891
0.13136200001463294 0.0
0.12837799999397248 0.0032610000052955
0.12837799999397248 9.999785106629133e-07
0.12007400000584312 0.002888000017264858
0.12007400000584312 0.0
0.12376099999528378 0.0028959999908693135
0.12376099999528378 0.0
0.13045100000454113 0.0029309999954421073
0.13045100000454113 1.00000761449337e-06
0.12478199999895878 0.002892999997129664
0.12478199999895878 0.0
0.11761199997272342 0.002957000018795952
0.11761199997272342 0.0
0.10579199998755939 0.002558000007411465
0.10579199998755939 1.00000761449337e-06
0.09620599998743273 0.0023539999965578318
0.09620599998743273 0.0
0.09578199998941272 0.002435000002151355
0.09578199998941272 1.00000761449337e-06
0.0962230000004638 0.0023790000122971833
0.0962230000004638 0.0
0.09604799997759983 0.002422999998088926
0.09604799997759983 1.00000761449337e-06
0.09818400000222027 0.002422999998088926
0.09818400000222027 9.999785106629133e-07
0.09625299999606796 0.0023979999823495746
0.09625299999606796 1.00000761449337e-06
0.09704300001612864 0.0026470000157132745
0.09704300001612864 1.00000761449337e-06
0.10275900000124238 0.0025519999908283353
0.10275900000124238 1.00000761449337e-06
0.10257599997567013 0.0024160000029951334
0.10257599997567013 9.999785106629133e-07
0.1038449999759905 0.0026080000097863376
0.1038449999759905 1.00000761449337e-06
0.11069299999508075 0.0031230000022333115
0.11069299999508075 1.00000761449337e-06
0.10173500000382774 0.0024529999936930835
0.10173500000382774 1.00000761449337e-06
0.10386600001947954 0.0024670000129844993
0.10386600001947954 0.0
0.11076199999661185 0.0024810000031720847
0.11076199999661185 1.00000761449337e-06
0.10781800001859665 0.0026559999969322234
0.10781800001859665 9.999785106629133e-07
0.10717999999178573 0.0025840000016614795
0.10717999999178573 0.0
0.1070200000249315 0.00258100000792183
0.1070200000249315 1.00000761449337e-06
0.11013299998012371 0.0025350000069011003
0.11013299998012371 1.00000761449337e-06
0.1015709999774117 0.002494000014849007
0.1015709999774117 0.0
0.10118199998396449 0.002466999983880669
0.10118199998396449 1.00000761449337e-06
0.10163700001430698 0.002506000018911436
0.10163700001430698 0.0
0.10085200000321493 0.0024240000057034194
0.10085200000321493 1.00000761449337e-06
0.10535199998412281 0.0024890000058803707
0.10535199998412281 1.00000761449337e-06
0.10306399999535643 0.002482999989297241
0.10306399999535643 0.0
0.10332900000503287 0.002502000017557293
0.10332900000503287 0.0
0.10378800000762567 0.002509000012651086
0.10378800000762567 0.0
0.10355200001504272 0.002521000016713515
0.10355200001504272 0.0
0.10359099999186583 0.0025000000023283064
0.10359099999186583 1.00000761449337e-06
0.1034079999953974 0.0025080000050365925
0.1034079999953974 1.00000761449337e-06
0.09909099998185411 0.002422999998088926
0.09909099998185411 0.0
0.13619699998525903 0.0034269999887328595
0.13619699998525903 9.999785106629133e-07
0.11608700000215322 0.0027919999847654253
0.11608700000215322 0.0
0.11060600000200793 0.002726999984588474
0.11060600000200793 0.0
0.10637799999676645 0.0025649999734014273
0.10637799999676645 0.0
0.10788699999102391 0.0025929999828804284
0.10788699999102391 1.00000761449337e-06
0.10312399998656474 0.002490000013494864
0.10312399998656474 0.0
0.1063459999859333 0.0026359999901615083
0.1063459999859333 0.0
0.10657900001388043 0.0025800000003073364
0.10657900001388043 0.0
0.10604899999452755 0.0025529999984428287
0.10604899999452755 0.0
0.10596099999384023 0.002546000003349036
0.10596099999384023 9.999785106629133e-07
0.10579400000278838 0.0025779999850783497
0.10579400000278838 0.0
0.1060109999962151 0.0026399999915156513
0.1060109999962151 1.00000761449337e-06
0.10608399999910034 0.0027969999937340617
0.10608399999910034 1.00000761449337e-06
0.1082170000008773 0.0026270000089425594
0.1082170000008773 1.00000761449337e-06
0.10387900000205263 0.0025249999889638275
0.10387900000205263 0.0
0.1038620000181254 0.002574000012828037
0.1038620000181254 1.00000761449337e-06
0.10389800000120886 0.002510999998776242
0.10389800000120886 0.0
0.10583899999619462 0.0025679999962449074
0.10583899999619462 0.0
0.1057499999878928 0.002558999985922128
0.1057499999878928 0.0
0.10626299999421462 0.0025439999881200492
0.10626299999421462 9.999785106629133e-07
0.10308300002361648 0.0034469999955035746
0.10308300002361648 1.00000761449337e-06
0.1033410000090953 0.0029349999967962503
0.1033410000090953 0.0
0.10485000000335276 0.0024810000031720847
0.10485000000335276 1.00000761449337e-06
0.10430999999516644 0.002529999997932464
0.10430999999516644 0.0
0.10422599999583326 0.002510999998776242
0.10422599999583326 0.0
0.10326800000621006 0.0025220000243280083
0.10326800000621006 0.0
0.10398900002473965 0.0025790000217966735
0.10398900002473965 0.0
0.1047870000184048 0.0024929999781306833
0.1047870000184048 9.999785106629133e-07
0.10330200000316836 0.0025310000055469573
0.10330200000316836 0.0
0.10377499999594875 0.0025519999908283353
0.10377499999594875 1.00000761449337e-06
0.10653399999137037 0.002613000018754974
0.10653399999137037 1.00000761449337e-06
0.10797000001184642 0.002613999997265637
0.10797000001184642 1.00000761449337e-06
0.11064800000167452 0.0027249999984633178
0.11064800000167452 0.0
0.11332199999014847 0.0027790000021923333
0.11332199999014847 0.0
0.1136679999763146 0.0028220000094734132
0.1136679999763146 0.0
0.1132870000146795 0.0027870000049006194
0.1132870000146795 0.0
0.11328599997796118 0.0027729999856092036
0.11328599997796118 1.00000761449337e-06
0.11475499998778105 0.0028809999930672348
0.11475499998778105 1.00000761449337e-06
0.1150859999761451 0.0027889999910257757
0.1150859999761451 1.00000761449337e-06
0.11407999999937601 0.002870999975129962
0.11407999999937601 0.0
0.11355700000422075 0.0027729999856092036
0.11355700000422075 0.0
0.11500099999830127 0.0028049999964423478
0.11500099999830127 0.0
0.11352899999474175 0.002765999990515411
0.11352899999474175 9.999785106629133e-07
0.11386499999207444 0.0028049999964423478
0.11386499999207444 0.0
0.11367000002064742 0.002992000023368746
0.11367000002064742 0.0
0.11795299997902475 0.0028520000050775707
0.11795299997902475 0.0
0.11460800000349991 0.002806000004056841
0.11460800000349991 1.00000761449337e-06
0.11313099999097176 0.002761000010650605
0.11313099999097176 0.0
0.11294599997927435 0.002746999991359189
0.11294599997927435 1.00000761449337e-06
0.11372100000153296 0.0028319999983068556
0.11372100000153296 1.00000761449337e-06
0.11401099999784492 0.002749000006588176
0.11401099999784492 1.00000761449337e-06
0.11433099998976104 0.0027459999837446958
0.11433099998976104 9.999785106629133e-07
0.11336999997729436 0.0027709999994840473
0.11336999997729436 0.0
0.11317500000586733 0.002769000013358891
0.11317500000586733 0.0
0.11353500001132488 0.0027700000209733844
0.11353500001132488 1.00000761449337e-06
0.11402999999700114 0.0027910000062547624
0.11402999999700114 9.999785106629133e-07
0.11289999997825362 0.002749000006588176
0.11289999997825362 1.00000761449337e-06
0.11559900001157075 0.002845999988494441
0.11559900001157075 0.0
0.11513299998478033 0.002817000000504777
0.11513299998478033 9.999785106629133e-07
0.11383600000408478 0.0029320000030566007
0.11383600000408478 1.00000761449337e-06
0.11369900000863709 0.002785999997286126
0.11369900000863709 1.00000761449337e-06
0.1150809999962803 0.0028839999868068844
0.1150809999962803 1.00000761449337e-06
0.11373300000559539 0.0027889999910257757
0.11373300000559539 0.0
0.11359599998104386 0.0027279999922029674
0.11359599998104386 1.00000761449337e-06
0.11413100000936538 0.0027640000043902546
0.11413100000936538 9.999785106629133e-07
0.11384800000814721 0.002730000007431954
0.11384800000814721 0.0
0.11355700000422075 0.00277799999457784
0.11355700000422075 0.0
0.1178199999849312 0.002876000013202429
0.1178199999849312 0.0
0.11564400000497699 0.0028409999795258045
0.11564400000497699 0.0
0.11684699999750592 0.0028769999917130917
0.11684699999750592 0.0
0.11806700000306591 0.002886000002035871
0.11806700000306591 1.00000761449337e-06
0.11813200000324287 0.002952000009827316
0.11813200000324287 1.00000761449337e-06
0.1152120000042487 0.002773999993223697
0.1152120000042487 0.0
0.11511600000085309 0.0027359999949112535
0.11511600000085309 0.0
0.11360700000659563 0.0027110000082757324
0.11360700000659563 0.0
0.1164029999927152 0.0027529999788384885
0.1164029999927152 0.0
0.11358599999221042 0.0027190000109840184
0.11358599999221042 0.0
0.12425200000870973 0.007043000019621104
0.12425200000870973 1.00000761449337e-06
0.13322299998253584 0.00753400000394322
0.13322299998253584 0.0
0.12300900000263937 0.0031359999848064035
0.12300900000263937 0.0
0.1407830000098329 0.00804499999503605
0.1407830000098329 9.999785106629133e-07
0.2054280000156723 0.011754000006476417
0.2054280000156723 1.00000761449337e-06
0.1693620000150986 0.009535000019241124
0.1693620000150986 0.0
0.171875 0.00997399998595938
0.171875 0.0
0.1731580000196118 0.005646000005071983
0.1731580000196118 0.0
0.16915199998766184 0.004197000002022833
0.16915199998766184 0.0
0.15811799999210052 0.00398999999742955
0.15811799999210052 1.00000761449337e-06
0.15849299999536015 0.0038899999926798046
0.15849299999536015 1.00000761449337e-06
0.15935000000172295 0.0038899999926798046
0.15935000000172295 9.999785106629133e-07
0.15914999999222346 0.0040269999881275
0.15914999999222346 0.0
0.16115799997351132 0.004360999999335036
0.16115799997351132 1.00000761449337e-06
0.1345500000170432 0.0035519999801181257
0.1345500000170432 9.999785106629133e-07
0.11615699998219498 0.002802000002702698
0.11615699998219498 0.0
0.1230080000241287 0.002961999998660758
0.1230080000241287 0.0
0.12584700001752935 0.003117999993264675
0.12584700001752935 0.0
0.13988199998857453 0.003392000013263896
0.13988199998857453 1.00000761449337e-06
0.1483029999944847 0.0036970000073779374
0.1483029999944847 0.0
0.1556480000144802 0.0038260000001173466
0.1556480000144802 0.0
0.16112400000565685 0.003926000004867092
0.16112400000565685 9.999785106629133e-07
0.15366000001085922 0.00390700000571087
0.15366000001085922 1.00000761449337e-06
0.14503399998648092 0.0035970000026281923
0.14503399998648092 9.999785106629133e-07
0.13839200002257712 0.0033610000100452453
0.13839200002257712 1.00000761449337e-06
0.1335689999978058 0.003259999997681007
0.1335689999978058 0.0
0.12509099999442697 0.00306099999579601
0.12509099999442697 0.0
0.12896400000317954 0.0032519999949727207
0.12896400000317954 0.0
0.1229919999896083 0.003129999997327104
0.1229919999896083 9.999785106629133e-07
0.12014199999975972 0.0036330000148154795
0.12014199999975972 9.999785106629133e-07
0.167593999998644 0.004133999987971038
0.167593999998644 0.0
0.12025999999605119 0.003021999989869073
0.12025999999605119 0.0
0.11597499999334104 0.0028359999996609986
0.11597499999334104 0.0
0.11786000002757646 0.003259000019170344
0.11786000002757646 0.0
0.118705000000773 0.004370999988168478
0.118705000000773 9.999785106629133e-07
0.11565100000007078 0.0030079999996814877
0.11565100000007078 0.0
0.11614100000588223 0.003093000006629154
0.11614100000588223 0.0
0.11312699998961762 0.0029839999915566295
0.11312699998961762 0.0
0.10747600000468083 0.002685999992536381
0.10747600000468083 9.999785106629133e-07
0.10876100001041777 0.0029610000201500952
0.10876100001041777 0.0
0.10556600001291372 0.00262100002146326
0.10556600001291372 0.0
0.10559999998076819 0.0030160000023897737
0.10559999998076819 9.999785106629133e-07
0.10628000000724569 0.002533999999286607
0.10628000000724569 0.0
0.10375399998156354 0.0025630000163801014
0.10375399998156354 0.0
0.10561800000141375 0.002826999989338219
0.10561800000141375 1.00000761449337e-06
0.10114300000714138 0.002470999985234812
0.10114300000714138 0.0
0.1009630000044126 0.0024219999904744327
0.1009630000044126 1.00000761449337e-06
0.10393400001339614 0.0025099999911617488
0.10393400001339614 0.0
0.1007650000101421 0.0025599999935366213
0.1007650000101421 0.0
0.10388400001102127 0.0025280000118073076
0.10388400001102127 0.0
0.09895099999266677 0.002510999998776242
0.09895099999266677 0.0
0.09631799999624491 0.0024039999989327043
0.09631799999624491 0.0
0.09815700000035577 0.002410999994026497
0.09815700000035577 1.00000761449337e-06
0.0982089999888558 0.002406000014161691
0.0982089999888558 1.00000761449337e-06
0.09867800000938587 0.0024329999869223684
0.09867800000938587 1.00000761449337e-06
0.10072200000286102 0.0025169999862555414
0.10072200000286102 0.0
0.10193000000435859 0.0024929999781306833
0.10193000000435859 0.0
0.1013729999831412 0.0025099999911617488
0.1013729999831412 0.0
0.10958000001846813 0.0027640000043902546
0.10958000001846813 0.0
0.1097099999897182 0.0027009999903384596
0.1097099999897182 1.00000761449337e-06
0.09847100000479259 0.002435000002151355
0.09847100000479259 9.999785106629133e-07
0.10079600001336075 0.0024449999909847975
0.10079600001336075 9.999785106629133e-07
0.10052199999336153 0.0024679999914951622
0.10052199999336153 0.0
0.09960600000340492 0.002435000002151355
0.09960600000340492 0.0
0.09891399997286499 0.0024259999918285757
0.09891399997286499 0.0
0.10625000001164153 0.002478000009432435
0.10625000001164153 0.0
0.11872299999231473 0.0035889999999199063
0.11872299999231473 0.0
0.10119800001848489 0.0024889999767765403
0.10119800001848489 1.00000761449337e-06
0.10993299999972805 0.0028230000170879066
0.10993299999972805 0.0
0.10790100001031533 0.002638000005390495
0.10790100001031533 0.0
0.09820200002286583 0.002394000010099262
0.09820200002286583 0.0
0.13351200000033714 0.003269999986514449
0.13351200000033714 1.00000761449337e-06
0.09834099997533485 0.0023999999975785613
0.09834099997533485 0.0
0.09903400001348928 0.0024409999896306545
0.09903400001348928 1.00000761449337e-06
0.09875199999078177 0.002513999992515892
0.09875199999078177 0.0
0.0983319999941159 0.002366000000620261
0.0983319999941159 0.0
0.09854400000767782 0.0024080000002868474
0.09854400000767782 0.0
0.09888400000636466 0.002394000010099262
0.09888400000636466 0.0
0.09868100000312552 0.002394999988609925
0.09868100000312552 0.0
0.09805200001574121 0.0023830000136513263
0.09805200001574121 0.0
0.10062199999811128 0.002443000004859641
0.10062199999811128 0.0
0.10054799998761155 0.00242100001196377
0.10054799998761155 1.00000761449337e-06
0.10275900000124238 0.0027390000177547336
0.10275900000124238 9.999785106629133e-07
0.10510600000270642 0.00245800000266172
0.10510600000270642 0.0
0.10141999999177642 0.002546000003349036
0.10141999999177642 1.00000761449337e-06
0.10355400000116788 0.0026910000015050173
0.10355400000116788 0.0
0.10507399999187328 0.0025289999903179705
0.10507399999187328 9.999785106629133e-07
0.10540299999411218 0.002525999996578321
0.10540299999411218 9.999785106629133e-07
0.10609499999554828 0.0026479999942239374
0.10609499999554828 0.0
0.10790500001166947 0.0027430000191088766
0.10790500001166947 0.0
0.11096499999985099 0.002789999998640269
0.11096499999985099 0.0
0.11380700001609512 0.002892999997129664
0.11380700001609512 1.00000761449337e-06
0.10947000002488494 0.002834999992046505
0.10947000002488494 0.0
0.11469700001180172 0.0028199999942444265
0.11469700001180172 0.0
0.11095599998952821 0.002677000011317432
0.11095599998952821 1.00000761449337e-06
0.10904099998879246 0.002654000010807067
0.10904099998879246 0.0
0.10830500000156462 0.002593000011984259
0.10830500000156462 1.00000761449337e-06
0.10828300000866875 0.0026209999923594296
0.10828300000866875 1.00000761449337e-06
0.10983899998245761 0.002693999995244667
0.10983899998245761 1.00000761449337e-06
0.11191400000825524 0.0026710000238381326
0.11191400000825524 1.4999997802078724e-05
0.11086600000271574 0.0026990000042133033
0.11086600000271574 0.0
0.11146700000972487 0.0027110000082757324
0.11146700000972487 0.0
0.11232200000085868 0.0026920000091195107
0.11232200000085868 0.0
0.1079969999846071 0.0026559999969322234
0.1079969999846071 0.0
0.10809800002607517 0.0026350000116508454
0.10809800002607517 0.0
0.10885899999993853 0.0025759999989531934
0.10885899999993853 0.0
0.1119440000038594 0.002773000014713034
0.1119440000038594 0.0
0.1112919999868609 0.0027439999976195395
0.1112919999868609 9.999785106629133e-07
0.1112250000005588 0.002722000004723668
0.1112250000005588 1.00000761449337e-06
0.11054400002467446 0.002789999998640269
0.11054400002467446 0.0
0.11237899999832734 0.0027030000055674464
0.11237899999832734 0.0
0.1104289999930188 0.0028790000069420785
0.1104289999930188 0.0
0.11077400000067428 0.0027350000164005905
0.11077400000067428 9.999785106629133e-07
0.10616100000333972 0.0027209999971091747
0.10616100000333972 0.0
0.10698300000512972 0.002638000005390495
0.10698300000512972 9.999785106629133e-07
0.1082520000054501 0.0025849999801721424
0.1082520000054501 1.00000761449337e-06
0.10620399998151697 0.002589000010630116
0.10620399998151697 0.0
0.10634800000116229 0.0027079999854322523
0.10634800000116229 1.00000761449337e-06
0.15290299998014234 0.003472000011242926
0.15290299998014234 0.0
0.10623000000487082 0.0025980000209528953
0.10623000000487082 0.0
0.11121599999023601 0.0027049999916926026
0.11121599999023601 0.0
0.11095000000204891 0.002677000011317432
0.11095000000204891 9.999785106629133e-07
0.10892900000908412 0.0026659999857656658
0.10892900000908412 1.00000761449337e-06
0.1067089999851305 0.0026000000070780516
0.1067089999851305 0.0
0.1068119999836199 0.002601999993203208
0.1068119999836199 9.999785106629133e-07
0.10611100000096485 0.0025590000150259584
0.10611100000096485 0.0
0.10829400000511669 0.0026519999955780804
0.10829400000511669 1.00000761449337e-06
0.10805599999730475 0.0029079999949317425
0.10805599999730475 0.0
0.11069800000404939 0.002880000014556572
0.11069800000404939 0.0
0.10581099998671561 0.002566000010119751
0.10581099998671561 9.999785106629133e-07
0.10630899999523535 0.002578999992692843
0.10630899999523535 0.0
0.10638300000573508 0.0028239999955985695
0.10638300000573508 0.0
0.10622500002500601 0.0026310000102967024
0.10622500002500601 0.0
0.10802399998647161 0.0027079999854322523
0.10802399998647161 0.0
0.14698700001463294 0.003708000003825873
0.14698700001463294 0.0
0.11308000001008622 0.002769999991869554
0.11308000001008622 1.00000761449337e-06
0.10578399998485111 0.002533000020775944
0.10578399998485111 0.0
0.10793100000591949 0.0026359999901615083
0.10793100000591949 0.0
0.10880099999485537 0.0026150000048801303
0.10880099999485537 1.00000761449337e-06
0.11346400002366863 0.0027249999984633178
0.11346400002366863 0.0
0.11411599998245947 0.002800000016577542
0.11411599998245947 0.0
0.11370799998985603 0.0031660000095143914
0.11370799998985603 1.00000761449337e-06
0.11464200000045821 0.002746999991359189
0.11464200000045821 0.0
0.11115200002677739 0.0027000000118277967
0.11115200002677739 9.999785106629133e-07
0.11065999997663312 0.0026960000104736537
0.11065999997663312 1.00000761449337e-06
0.11059799999929965 0.0026490000018384308
0.11059799999929965 0.0
0.10927800001809373 0.0026639999996405095
0.10927800001809373 1.00000761449337e-06
0.11090400000102818 0.0026940000243484974
0.11090400000102818 1.00000761449337e-06
0.10554200000478886 0.002562000008765608
0.10554200000478886 1.00000761449337e-06
0.10785799997393042 0.002601000014692545
0.10785799997393042 0.0
0.1056150000076741 0.0025929999828804284
0.1056150000076741 1.00000761449337e-06
0.10561800000141375 0.0025889999815262854
0.10561800000141375 1.00000761449337e-06
0.10560300000361167 0.002560000022640452
0.10560300000361167 0.0
0.10638899999321438 0.002593000011984259
0.10638899999321438 1.00000761449337e-06
0.10642299999017268 0.0026030000008177012
0.10642299999017268 1.00000761449337e-06
0.11091599997598678 0.002745000005234033
0.11091599997598678 9.999785106629133e-07
0.110339999984717 0.0026910000015050173
0.110339999984717 0.0
0.11071599999559112 0.0027080000145360827
0.11071599999559112 0.0
0.1159089999855496 0.0029750000103376806
0.1159089999855496 0.0
0.10591300000669435 0.002589000010630116
0.10591300000669435 0.0
0.10804399999324232 0.0026310000102967024
0.10804399999324232 1.00000761449337e-06
0.11119799999869429 0.00273499998729676
0.11119799999869429 0.0
0.10599799998453818 0.0025940000195987523
0.10599799998453818 0.0
0.10588399998960085 0.002586000016890466
0.10588399998960085 0.0
0.10340500000165775 0.0026320000179111958
0.10340500000165775 1.00000761449337e-06
0.10836300000664778 0.0026760000037029386
0.10836300000664778 1.00000761449337e-06
0.11101399999461137 0.00294100001337938
0.11101399999461137 0.0
0.11331800001789816 0.002769000013358891
0.11331800001789816 1.00000761449337e-06
0.11216600000625476 0.0027049999916926026
0.11216600000625476 0.0
0.10848599998280406 0.0026579999830573797
0.10848599998280406 0.0
0.10843599998042919 0.0028159999928902835
0.10843599998042919 9.999785106629133e-07
0.10850500001106411 0.0027039999840781093
0.10850500001106411 0.0
0.10883100001956336 0.002980000019306317
0.10883100001956336 0.0
0.11025600001448765 0.002657000004546717
0.11025600001448765 0.0
0.10891800001263618 0.0027080000145360827
0.10891800001263618 0.0
0.10847300000023097 0.0026539999817032367
0.10847300000023097 0.0
0.10640699998475611 0.002845999988494441
0.10640699998475611 1.00000761449337e-06
0.15426800001296215 0.0036899999831803143
0.15426800001296215 9.999785106629133e-07
0.10630899999523535 0.002570999989984557
0.10630899999523535 1.00000761449337e-06
0.11160600002040155 0.0027920000138692558
0.11160600002040155 0.0
0.11306499998318031 0.0027169999957550317
0.11306499998318031 0.0
0.11299500000313856 0.002749000006588176
0.11299500000313856 1.00000761449337e-06
0.11770000000251457 0.002921999985119328
0.11770000000251457 0.0
0.11346799999591894 0.0027990000089630485
0.11346799999591894 1.00000761449337e-06
0.1139569999941159 0.00282100000185892
0.1139569999941159 9.999785106629133e-07
0.1111220000020694 0.0026599999982863665
0.1111220000020694 0.0
0.1111549999914132 0.002718000003369525
0.1111549999914132 0.0
0.10873200002242811 0.002625000022817403
0.10873200002242811 0.0
0.11130700001376681 0.0027009999903384596
0.11130700001376681 0.0
0.10837400000309572 0.0027020000270567834
0.10837400000309572 0.0
0.11048000000300817 0.0027969999937340617
0.11048000000300817 0.0
0.11090500000864267 0.0027520000003278255
0.11090500000864267 0.0
0.10887100000400096 0.0026369999977760017
0.10887100000400096 0.0
0.11107100002118386 0.002714999980526045
0.11107100002118386 1.00000761449337e-06
0.11255200000596233 0.002687999978661537
0.11255200000596233 0.0
0.12538300000596792 0.002964999992400408
0.12538300000596792 0.0
0.11844200000632554 0.0027849999896716326
0.11844200000632554 0.0
0.11977900000056252 0.00286100001540035
0.11977900000056252 1.00000761449337e-06
0.11463599998387508 0.0027129999944008887
0.11463599998387508 0.0
0.11826099999598227 0.0026980000257026404
0.11826099999598227 0.0
0.1200490000192076 0.002865000016754493
0.1200490000192076 1.00000761449337e-06
0.11647199999424629 0.0028590000001713634
0.11647199999424629 0.0
0.11466399999335408 0.002810999983921647
0.11466399999335408 0.0
0.12100300000747666 0.0031439999875146896
0.12100300000747666 0.0
0.1135950000025332 0.003073999978369102
0.1135950000025332 1.00000761449337e-06
0.11568399998941459 0.0027880000125151128
0.11568399998941459 0.0
0.1266909999831114 0.0028590000001713634
0.1266909999831114 0.0
0.12466299999505281 0.004458000010345131
0.12466299999505281 9.999785106629133e-07
0.11974500000360422 0.004290999990189448
0.11974500000360422 9.999785106629133e-07
0.12301700000534765 0.002985999977681786
0.12301700000534765 0.0
0.11649599997326732 0.0028380000148899853
0.11649599997326732 1.00000761449337e-06
0.11794699999154545 0.002806999982567504
0.11794699999154545 0.0
0.12367699999595061 0.0028409999795258045
0.12367699999595061 1.00000761449337e-06
0.11627900000894442 0.0032010000140871853
0.11627900000894442 0.0
0.11755000002449378 0.002802000002702698
0.11755000002449378 9.999785106629133e-07
0.12236399998073466 0.002781999995931983
0.12236399998073466 0.0
0.12046000000555068 0.002773999993223697
0.12046000000555068 1.00000761449337e-06
0.11864800000330433 0.003081999981077388
0.11864800000330433 0.0
0.12386100000003353 0.0028729999903589487
0.12386100000003353 0.0
0.12447599999723025 0.0029240000003483146
0.12447599999723025 1.00000761449337e-06
0.12729499998386018 0.002832000027410686
0.12729499998386018 1.00000761449337e-06
0.1200200000021141 0.002845999988494441
0.1200200000021141 1.00000761449337e-06
0.12013199998182245 0.0031970000127330422
0.12013199998182245 1.00000761449337e-06
0.11936400001286529 0.0027720000070985407
0.11936400001286529 1.00000761449337e-06
0.11346899997442961 0.002742000011494383
0.11346899997442961 0.0
0.11657400001422502 0.002769000013358891
0.11657400001422502 0.0
0.11583299998892471 0.0027959999861195683
0.11583299998892471 0.0
0.11536600001272745 0.0027839999820571393
0.11536600001272745 1.00000761449337e-06
0.11389799998141825 0.0027669999981299043
0.11389799998141825 9.999785106629133e-07
0.1132250000082422 0.0027520000003278255
0.1132250000082422 0.0
0.11798400001134723 0.002954999974463135
0.11798400001134723 0.0
0.1246359999931883 0.0032389999832957983
0.1246359999931883 0.0
0.12490200001047924 0.0030670000123791397
0.12490200001047924 1.00000761449337e-06
0.12488700001267716 0.003040000010514632
0.12488700001267716 0.0
0.12134800001513213 0.003173999983118847
0.12134800001513213 1.00000761449337e-06
0.1259790000040084 0.0032730000093579292
0.1259790000040084 0.0
0.14723000000230968 0.003153999976348132
0.14723000000230968 0.0
0.13358500000322238 0.0033490000059828162
0.13358500000322238 0.0
0.12466800000402145 0.002984999999171123
0.12466800000402145 0.0
0.12166299999807961 0.002989000000525266
0.12166299999807961 0.0
0.1273430000001099 0.00314099999377504
0.1273430000001099 9.999785106629133e-07
0.12759099999675527 0.0031380000000353903
0.12759099999675527 0.0
0.12911999999778345 0.003017000010004267
0.12911999999778345 1.00000761449337e-06
0.13253800000529736 0.0030070000211708248
0.13253800000529736 1.00000761449337e-06
0.13147100000060163 0.0029550000035669655
0.13147100000060163 0.0
0.13318999999319203 0.0028839999868068844
0.13318999999319203 1.00000761449337e-06
0.12801200000103563 0.002890000003390014
0.12801200000103563 9.999785106629133e-07
0.12354899998172186 0.0032179999980144203
0.12354899998172186 0.0
0.12943500000983477 0.003333000000566244
0.12943500000983477 1.00000761449337e-06
0.12837700001546182 0.0028509999974630773
0.12837700001546182 0.0
0.14314200001535937 0.00297499998123385
0.14314200001535937 1.00000761449337e-06
0.13121300001512282 0.003052000014577061
0.13121300001512282 0.0
0.12523399997735396 0.00294100001337938
0.12523399997735396 1.00000761449337e-06
0.1290900000021793 0.0030790000164415687
0.1290900000021793 0.0
0.12346499998238869 0.0030799999949522316
0.12346499998238869 0.0
0.18631700001424178 0.00422699999762699
0.18631700001424178 1.00000761449337e-06
0.1358020000043325 0.0034459999878890812
0.1358020000043325 1.00000761449337e-06
0.13103599997702986 0.0030079999996814877
0.13103599997702986 0.0
0.13650700001744553 0.004194999986793846
0.13650700001744553 1.00000761449337e-06
0.1305710000160616 0.0030269999988377094
0.1305710000160616 0.0
0.13139399999636225 0.0030839999963063747
0.13139399999636225 0.0
0.12755799997830763 0.003496999997878447
0.12755799997830763 1.00000761449337e-06
0.1378160000022035 0.0028660000243689865
0.1378160000022035 0.0
0.1258269999816548 0.0030069999920669943
0.1258269999816548 0.0
0.12633900000946596 0.0030009999754838645
0.12633900000946596 0.0
0.12569600000279024 0.002964999992400408
0.12569600000279024 0.0
0.12149799999315292 0.002896999998483807
0.12149799999315292 0.0
0.12072700000135228 0.002912000025389716
0.12072700000135228 1.00000761449337e-06
0.1207400000130292 0.002892999997129664
0.1207400000130292 0.0
0.12023599998792633 0.002892000018619001
0.12023599998792633 0.0
0.12214799999492243 0.003056000015931204
0.12214799999492243 1.00000761449337e-06
0.12034699998912401 0.0029240000003483146
0.12034699998912401 9.999785106629133e-07
0.12078399999882095 0.0028990000137127936
0.12078399999882095 1.00000761449337e-06
0.12056999999913387 0.002869999996619299
0.12056999999913387 1.00000761449337e-06
0.12140499998349696 0.0029260000155773014
0.12140499998349696 1.00000761449337e-06
0.12177199998404831 0.0029420000209938735
0.12177199998404831 1.00000761449337e-06
0.16300800000317395 0.004026000009616837
0.16300800000317395 9.999785106629133e-07
0.12118200000259094 0.0029159999976400286
0.12118200000259094 1.00000761449337e-06
0.12813900000764988 0.0032869999995455146
0.12813900000764988 1.00000761449337e-06
0.12570800000685267 0.003065999975660816
0.12570800000685267 1.00000761449337e-06
0.14272500001243316 0.004048999981023371
0.14272500001243316 1.00000761449337e-06
0.14756400001351722 0.00382399998488836
0.14756400001351722 1.00000761449337e-06
0.14391000001342036 0.0036600000166799873
0.14391000001342036 0.0
0.13842400000430644 0.003452000004472211
0.13842400000430644 1.00000761449337e-06
0.13583399998606183 0.003300000011222437
0.13583399998606183 0.0
0.12652300001354888 0.0030329999863170087
0.12652300001354888 0.0
0.1251769999798853 0.0030960000003688037
0.1251769999798853 1.00000761449337e-06
0.13701499998569489 0.00463300000410527
0.13701499998569489 9.999785106629133e-07
0.13593600000604056 0.0032700000156182796
0.13593600000604056 1.00000761449337e-06
0.1244849999784492 0.002876000013202429
0.1244849999784492 1.00000761449337e-06
0.1188749999855645 0.002906999987317249
0.1188749999855645 0.0
0.11792799999238923 0.0028230000170879066
0.11792799999238923 0.0
0.11749900001450442 0.002960000012535602
0.11749900001450442 0.0
0.12016600000788458 0.0029079999949317425
0.12016600000788458 0.0
0.12303800001973286 0.002961999998660758
0.12303800001973286 0.0
0.12078600001404993 0.0029919999942649156
0.12078600001404993 0.0
0.12357500000507571 0.0030200000037439167
0.12357500000507571 0.0
0.12351199999102391 0.0030120000010356307
0.12351199999102391 1.00000761449337e-06
0.12035800001467578 0.002892999997129664
0.12035800001467578 1.00000761449337e-06
0.12045300001045689 0.002877999999327585
0.12045300001045689 0.0
0.11776199997984804 0.0028549999988172203
0.11776199997984804 1.00000761449337e-06
0.12304400000721216 0.0030519999854732305
0.12304400000721216 1.00000761449337e-06
0.12159900000551715 0.0032850000134203583
0.12159900000551715 1.00000761449337e-06
0.1186980000056792 0.003005999984452501
0.1186980000056792 9.999785106629133e-07
0.11868399998638779 0.002841999987140298
0.11868399998638779 9.999785106629133e-07
0.12351200002012774 0.002877999999327585
0.12351200002012774 1.00000761449337e-06
0.1249309999984689 0.002964000013889745
0.1249309999984689 0.0
0.12276500000734814 0.003044000011868775
0.12276500000734814 0.0
0.12337600000319071 0.002968000015243888
0.12337600000319071 1.00000761449337e-06
0.12270400000852533 0.0029940000094939023
0.12270400000852533 9.999785106629133e-07
0.12373500000103377 0.003021999989869073
0.12373500000103377 1.00000761449337e-06
0.12121599999954924 0.0030889999761711806
0.12121599999954924 9.999785106629133e-07
0.12102199997752905 0.0029159999976400286
0.12102199997752905 0.0
0.12247699999716133 0.0029269999940879643
0.12247699999716133 1.00000761449337e-06
0.12022199999773875 0.0029119999962858856
0.12022199999773875 0.0
0.12314200002583675 0.002925000007962808
0.12314200002583675 1.00000761449337e-06
0.12438399999518879 0.002921000006608665
0.12438399999518879 0.0
0.12403700000140816 0.0030039999983273447
0.12403700000140816 0.0
0.1238149999990128 0.0029389999981503934
0.1238149999990128 9.999785106629133e-07
0.12382600002456456 0.002952000009827316
0.12382600002456456 9.999785106629133e-07
0.12023999998928048 0.003269000008003786
0.12023999998928048 0.0
0.12373799999477342 0.0029719999874942005
0.12373799999477342 9.999785106629133e-07
0.12349700002232566 0.003001999983098358
0.12349700002232566 0.0
0.12517399998614565 0.002949000016087666
0.12517399998614565 0.0
0.12297799999942072 0.0029799999902024865
0.12297799999942072 1.00000761449337e-06
0.12360300001455471 0.002894000004744157
0.12360300001455471 1.00000761449337e-06
0.12558199997874908 0.003060000017285347
0.12558199997874908 0.0
0.12310200001229532 0.0029630000062752515
0.12310200001229532 1.00000761449337e-06
0.12342099999659695 0.0029400000057648867
0.12342099999659695 1.00000761449337e-06
0.12286899998434819 0.002966000000014901
0.12286899998434819 9.999785106629133e-07
0.1254999999946449 0.0030120000010356307
0.1254999999946449 0.0
0.12758100000792183 0.003032000007806346
0.12758100000792183 1.00000761449337e-06
0.1261909999884665 0.0030789999873377383
0.1261909999884665 0.0
0.12491499999305233 0.003109000012045726
0.12491499999305233 0.0
0.12575599999399856 0.0029750000103376806
0.12575599999399856 0.0
0.12733099999604747 0.0030700000061187893
0.12733099999604747 1.00000761449337e-06
0.12772399999084882 0.003048000013222918
0.12772399999084882 0.0
0.1283629999961704 0.003108000004431233
0.1283629999961704 0.0
0.12587999997776933 0.0030240000050980598
0.12587999997776933 1.00000761449337e-06
0.12911899999016896 0.003120000008493662
0.12911899999016896 0.0
0.1309000000183005 0.003116000007139519
0.1309000000183005 9.999785106629133e-07
0.13027699998929165 0.0031639999942854047
0.13027699998929165 1.00000761449337e-06
0.1303360000019893 0.0031719999969936907
0.1303360000019893 0.0
0.13044999999692664 0.0032099999953061342
0.13044999999692664 0.0
0.13156800001161173 0.003192000003764406
0.13156800001161173 0.0
0.17801500001223758 0.004208999976981431
0.17801500001223758 0.0
0.128234000003431 0.0030879999976605177
0.128234000003431 0.0
0.12821000002440996 0.003013000008650124
0.12821000002440996 0.0
0.12825199999497272 0.0031929999822750688
0.12825199999497272 0.0
0.12924400001065806 0.00309799998649396
0.12924400001065806 0.0
0.12814899999648333 0.0031430000090040267
0.12814899999648333 0.0
0.12947200000053272 0.0030960000003688037
0.12947200000053272 0.0
0.1257589999877382 0.003056000015931204
0.1257589999877382 0.0
0.12974400000530295 0.003109999990556389
0.12974400000530295 0.0
0.12761600001249462 0.003089999983785674
0.12761600001249462 0.0
0.1304600000148639 0.0031549999839626253
0.1304600000148639 0.0
0.12746900002821349 0.0030799999949522316
0.12746900002821349 1.00000761449337e-06
0.13146800000686198 0.0031129999842960387
0.13146800000686198 0.0
0.13669299997854978 0.00334100000327453
0.13669299997854978 0.0
0.1358759999857284 0.00326399999903515
0.1358759999857284 0.0
0.13827100000344217 0.003437999985180795
0.13827100000344217 1.00000761449337e-06
0.13154199998825788 0.0031660000095143914
0.13154199998825788 0.0
0.12832700001308694 0.0030700000061187893
0.12832700001308694 9.999785106629133e-07
0.12752500001806766 0.003033000015420839
0.12752500001806766 1.00000761449337e-06
0.1282999999821186 0.0031559999915771186
0.1282999999821186 9.999785106629133e-07
0.1302819999982603 0.0031230000022333115
0.1302819999982603 1.00000761449337e-06
0.13075800001388416 0.0030980000155977905
0.13075800001388416 1.00000761449337e-06
0.13074399999459274 0.0030820000101812184
0.13074399999459274 0.0
0.12972500000614673 0.0031500000040978193
0.12972500000614673 0.0
0.13165199998184107 0.003244000021368265
0.13165199998184107 1.00000761449337e-06
0.13059999997494742 0.003093000006629154
0.13059999997494742 9.999785106629133e-07
0.13221800001338124 0.003148000017972663
0.13221800001338124 1.00000761449337e-06
0.12991499999770895 0.003064999997150153
0.12991499999770895 0.0
0.1312679999973625 0.0031629999866709113
0.1312679999973625 0.0
0.13092599998344667 0.0031310000049415976
0.13092599998344667 1.00000761449337e-06
0.12996999997994862 0.0030869999900460243
0.12996999997994862 0.0
0.13038000001688488 0.0031500000040978193
0.13038000001688488 0.0
0.13497499999357387 0.003157999977702275
0.13497499999357387 9.999785106629133e-07
0.13934799999697134 0.0034370000066701323
0.13934799999697134 0.0
0.14656100000138395 0.0036309999995864928
0.14656100000138395 0.0
0.15191800001775846 0.0038300000014714897
0.15191800001775846 0.0
0.15542199998162687 0.004003999987617135
0.15542199998162687 0.0
0.1608600000035949 0.004159000003710389
0.1608600000035949 0.0
0.16420999998808838 0.0040889999945648015
0.16420999998808838 1.00000761449337e-06
0.16501500000595115 0.004121000005397946
0.16501500000595115 0.0
0.1731500000169035 0.004647000023396686
0.1731500000169035 1.00000761449337e-06
0.16398099999059923 0.004039999999804422
0.16398099999059923 0.0
0.16070900001795962 0.0038920000079087913
0.16070900001795962 9.999785106629133e-07
0.1575359999842476 0.0037749999901279807
0.1575359999842476 9.999785106629133e-07
0.1522079999849666 0.003710999997565523
0.1522079999849666 0.0
0.1523719999822788 0.003778000012971461
0.1523719999822788 0.0
0.15643000000272878 0.004461999982595444
0.15643000000272878 0.0
0.15506099999765866 0.004216999979689717
0.15506099999765866 1.00000761449337e-06
0.18633799999952316 0.005034000001614913
0.18633799999952316 1.00000761449337e-06
0.15759099999559112 0.003859000018564984
0.15759099999559112 0.0
0.15077999999630265 0.003947999997762963
0.15077999999630265 1.00000761449337e-06
0.14461700001265854 0.0035069999867118895
0.14461700001265854 1.00000761449337e-06
0.1461309999867808 0.0038920000079087913
0.1461309999867808 0.0
0.1429540000099223 0.003499000013107434
0.1429540000099223 0.0
0.14643100000103004 0.003559000004315749
0.14643100000103004 0.0
0.14590800000587478 0.0035140000109095126
0.14590800000587478 0.0
0.15091200001188554 0.0036749999853782356
0.15091200001188554 9.999785106629133e-07
0.1425359999993816 0.003552000009221956
0.1425359999993816 0.0
0.17688000001362525 0.0045729999837931246
0.17688000001362525 0.0
0.1552500000107102 0.0036179999879095703
0.1552500000107102 1.00000761449337e-06
0.14286400002310984 0.003603000019211322
0.14286400002310984 0.0
0.17844600000535138 0.004418999975314364
0.17844600000535138 0.0
0.1468190000159666 0.0035930000012740493
0.1468190000159666 0.0
0.14532200002577156 0.003532000002451241
0.14532200002577156 0.0
0.1408180000144057 0.0033580000163055956
0.1408180000144057 0.0
0.14007399999536574 0.003325999976368621
0.14007399999536574 0.0
0.13629799999762326 0.003192000003764406
0.13629799999762326 0.0
0.14084899998852052 0.0033859999966807663
0.14084899998852052 1.00000761449337e-06
0.13881899998523295 0.003372000006493181
0.13881899998523295 1.00000761449337e-06
0.1376379999855999 0.003269999986514449
0.1376379999855999 0.0
0.13957600001594983 0.0033349999866914004
0.13957600001594983 0.0
0.14011899998877198 0.0036109999928157777
0.14011899998877198 0.0
0.13885300001129508 0.003268000000389293
0.13885300001129508 0.0
0.14023099999758415 0.0033119999861810356
0.14023099999758415 0.0
0.14036300001316704 0.0033739999926183373
0.14036300001316704 1.00000761449337e-06
0.14600500001688488 0.0035170000046491623
0.14600500001688488 0.0
0.1478810000116937 0.00354099998367019
0.1478810000116937 0.0
0.14562299998942763 0.003603000019211322
0.14562299998942763 1.00000761449337e-06
0.14548499998636544 0.0034300000115763396
0.14548499998636544 1.00000761449337e-06
0.13988000000244938 0.0033460000122431666
0.13988000000244938 1.00000761449337e-06
0.14074899998377077 0.003388999990420416
0.14074899998377077 1.00000761449337e-06
0.14401699998416007 0.003532000002451241
0.14401699998416007 0.0
0.17238000000361353 0.0043200000072829425
0.17238000000361353 1.00000761449337e-06
0.1798529999796301 0.004680999991251156
0.1798529999796301 1.00000761449337e-06
0.18511099999886937 0.0044720000005327165
0.18511099999886937 0.0
0.1647800000209827 0.0035050000005867332
0.1647800000209827 0.0
0.1565660000196658 0.004564000002574176
0.1565660000196658 0.0
0.13954800000647083 0.0032990000036079437
0.13954800000647083 0.0
0.1416519999911543 0.0033830000029411167
0.1416519999911543 0.0
0.13927299997885711 0.0034079999895766377
0.13927299997885711 0.0
0.13519700002507307 0.003232999995816499
0.13519700002507307 1.00000761449337e-06
0.13081400000373833 0.0032260000007227063
0.13081400000373833 1.00000761449337e-06
0.13082799999392591 0.003073999978369102
0.13082799999392591 0.0
0.1329509999777656 0.0034450000093784183
0.1329509999777656 0.0
0.13095099999918602 0.003081000002566725
0.13095099999918602 0.0
0.13232599999173544 0.003201999992597848
0.13232599999173544 0.0
0.1345279999950435 0.0031660000095143914
0.1345279999950435 0.0
0.13645200000610203 0.0032110000029206276
0.13645200000610203 0.0
0.1349239999835845 0.0032119999814312905
0.1349239999835845 0.0
0.13515600000391714 0.003296999988378957
0.13515600000391714 0.0
0.13762799999676645 0.00325799998245202
0.13762799999676645 0.0
0.1357000000134576 0.003240999998524785
0.1357000000134576 0.0
0.13376199998310767 0.003185000008670613
0.13376199998310767 0.0
0.1358909999835305 0.003189999988535419
0.1358909999835305 1.00000761449337e-06
0.13718300001346506 0.003259999997681007
0.13718300001346506 0.0
0.13549700001021847 0.003619000024627894
0.13549700001021847 0.0
0.13584600001922809 0.0033109999785665423
0.13584600001922809 0.0
0.13557499999296851 0.003268000000389293
0.13557499999296851 0.0
0.13505699997767806 0.0032669999927747995
0.13505699997767806 1.00000761449337e-06
0.13945899999816902 0.0032959999807644635
0.13945899999816902 1.00000761449337e-06
0.14083700001356192 0.003353999985847622
0.14083700001356192 0.0
0.14156300001195632 0.0035399999760556966
0.14156300001195632 0.0
0.14141299997572787 0.0033380000095348805
0.14141299997572787 0.0
0.14252100000157952 0.003411000012420118
0.14252100000157952 0.0
0.14169799999217503 0.0033059999987017363
0.14169799999217503 1.00000761449337e-06
0.13810199999716133 0.0033039999834727496
0.13810199999716133 0.0
0.13814200001070276 0.003320999996503815
0.13814200001070276 0.0
0.1385819999850355 0.0033750000002328306
0.1385819999850355 0.0
0.13897100000758655 0.0033549999934621155
0.13897100000758655 1.00000761449337e-06
0.13841600000159815 0.0032669999927747995
0.13841600000159815 9.999785106629133e-07
0.14004600001499057 0.0032390000123996288
0.14004600001499057 1.00000761449337e-06
0.14515100000426173 0.0034900000027846545
0.14515100000426173 9.999785106629133e-07
0.14101599997957237 0.0035900000075343996
0.14101599997957237 0.0
0.14180499999201857 0.0033490000059828162
0.14180499999201857 0.0
0.14289699998334982 0.003404000017326325
0.14289699998334982 0.0
0.14076800001203083 0.0033019999973475933
0.14076800001203083 0.0
0.1443730000173673 0.0034189999860245734
0.1443730000173673 0.0
0.1402339999913238 0.0033279999915976077
0.1402339999913238 0.0
0.14107899999362417 0.003356000001076609
0.14107899999362417 0.0
0.1409049999783747 0.0033260000054724514
0.1409049999783747 0.0
0.1411800000059884 0.0032829999981913716
0.1411800000059884 1.00000761449337e-06
0.13990900001954287 0.0033380000095348805
0.13990900001954287 9.999785106629133e-07
0.1413440000033006 0.003412999998545274
0.1413440000033006 0.0
0.14390699999057688 0.0035090000019408762
0.14390699999057688 0.0
0.1418520000006538 0.0034060000034514815
0.1418520000006538 0.0
0.14211500002420507 0.003790999995544553
0.14211500002420507 0.0
0.14573799999197945 0.00350700001581572
0.14573799999197945 0.0
0.1429270000080578 0.003483000007690862
0.1429270000080578 0.0
0.14300499999080785 0.003419000015128404
0.14300499999080785 0.0
0.13975899998331442 0.003380000009201467
0.13975899998331442 1.00000761449337e-06
0.14584000001195818 0.003714000020409003
0.14584000001195818 1.00000761449337e-06
0.14434499997878447 0.0038300000014714897
0.14434499997878447 0.0
0.14559499997994862 0.0036100000143051147
0.14559499997994862 1.00000761449337e-06
0.14274899999145418 0.0033899999980349094
0.14274899999145418 1.00000761449337e-06
0.1441670000203885 0.003511999995680526
0.1441670000203885 0.0
0.1475030000146944 0.0037699999811593443
0.1475030000146944 0.0
0.1481109999876935 0.0040089999965857714
0.1481109999876935 0.0
0.14716700001736172 0.0038040000072214752
0.14716700001736172 1.00000761449337e-06
0.14958800000022165 0.0035949999873992056
0.14958800000022165 0.0
0.14450600001146086 0.003495999990263954
0.14450600001146086 1.00000761449337e-06
0.1483310000039637 0.0035780000034719706
0.1483310000039637 0.0
0.14463399999658577 0.0035559999814722687
0.14463399999658577 0.0
0.14582700000028126 0.0036580000014510006
0.14582700000028126 0.0
0.14484799999627285 0.0035189999907743186
0.14484799999627285 1.00000761449337e-06
0.14541100000496954 0.0036229999968782067
0.14541100000496954 0.0
0.14543099998263642 0.0036259999906178564
0.14543099998263642 0.0
0.1479259999759961 0.003591999993659556
0.1479259999759961 0.0
0.1454560000274796 0.0035330000100657344
0.1454560000274796 1.00000761449337e-06
0.14700299999094568 0.003523999999742955
0.14700299999094568 9.999785106629133e-07
0.1431579999916721 0.0038000000058673322
0.1431579999916721 0.0
0.15393000000040047 0.0036140000156592578
0.15393000000040047 0.0
0.18492900001001544 0.0047550000017508864
0.18492900001001544 9.999785106629133e-07
0.1450390000245534 0.0034630000009201467
0.1450390000245534 0.0
0.15083100000629202 0.0036419999960344285
0.15083100000629202 0.0
0.15144700001110323 0.0036549999786075205
0.15144700001110323 1.00000761449337e-06
0.1508390000090003 0.003771999996388331
0.1508390000090003 0.0
0.15288400001008995 0.003567000007024035
0.15288400001008995 0.0
0.14829099999042228 0.0035379999899305403
0.14829099999042228 0.0
0.1527559999958612 0.0037440000160131603
0.1527559999958612 0.0
0.1465570000000298 0.0034810000215657055
0.1465570000000298 1.00000761449337e-06
0.15371900002355687 0.0037360000133048743
0.15371900002355687 0.0
0.1982549999956973 0.0049439999856986105
0.1982549999956973 0.0
0.15355999997700565 0.003712000005180016
0.15355999997700565 0.0
0.15488200000254437 0.0038409999979194254
0.15488200000254437 0.0
0.15864000000874512 0.0038340000028256327
0.15864000000874512 0.0
0.1574900000123307 0.00371000001905486
0.1574900000123307 0.0
0.1590530000103172 0.003925999975763261
0.1590530000103172 0.0
0.16253400000277907 0.004167999984929338
0.16253400000277907 9.999785106629133e-07
0.16566599998623133 0.004095000011147931
0.16566599998623133 0.0
0.16380099998787045 0.004010000004200265
0.16380099998787045 9.999785106629133e-07
0.16312399998423643 0.004011000011814758
0.16312399998423643 1.00000761449337e-06
0.1629559999855701 0.003972000005887821
0.1629559999855701 0.0
0.1660179999889806 0.0040169999992940575
0.1660179999889806 0.0
0.1659489999874495 0.003934999986086041
0.1659489999874495 9.999785106629133e-07
0.16718699998455122 0.004431000008480623
0.16718699998455122 0.0
0.1732250000059139 0.004454999987501651
0.1732250000059139 0.0
0.1682460000156425 0.004163000005064532
0.1682460000156425 0.0
0.16524800000479445 0.0039619999879505485
0.16524800000479445 0.0
0.16472399997292086 0.00390700000571087
0.16472399997292086 0.0
0.1648529999947641 0.00403300000471063
0.1648529999947641 0.0
0.1652839999878779 0.003996999992523342
0.1652839999878779 0.0
0.16546699998434633 0.004027999995741993
0.16546699998434633 0.0
0.16340299998410046 0.004293000005418435
0.16340299998410046 1.00000761449337e-06
0.17217299999902025 0.003935999993700534
0.17217299999902025 1.00000761449337e-06
0.1476459999976214 0.0035909999860450625
0.1476459999976214 0.0
0.15252800000598654 0.0038219999987632036
0.15252800000598654 1.00000761449337e-06
0.17121499998029321 0.004081999999471009
0.17121499998029321 9.999785106629133e-07
0.1644559999986086 0.003995999984908849
0.1644559999986086 1.00000761449337e-06
0.17182000001776032 0.003735999984201044
0.17182000001776032 0.0
0.1578250000020489 0.0038800000038463622
0.1578250000020489 0.0
0.15844400000059977 0.003903000004356727
0.15844400000059977 0.0
0.15831699999398552 0.0040269999881275
0.15831699999398552 1.00000761449337e-06
0.15513200001441874 0.003988000011304393
0.15513200001441874 0.0
0.16928400000324473 0.0037170000141486526
0.16928400000324473 1.00000761449337e-06
0.1657089999935124 0.0038610000046901405
0.1657089999935124 0.0
0.15967800002545118 0.0039870000036899
0.15967800002545118 0.0
0.15596800000639632 0.003807999979471788
0.15596800000639632 0.0
0.1588259999989532 0.0036890000046696514
0.1588259999989532 0.0
0.16315999999642372 0.003735000005690381
0.16315999999642372 1.00000761449337e-06
0.15673499999684282 0.0038419999764300883
0.15673499999684282 0.0
0.1633999999903608 0.004026000009616837
0.1633999999903608 0.0
0.16281100001651794 0.003651999984867871
0.16281100001651794 1.00000761449337e-06
0.1527009999845177 0.0036930000060237944
0.1527009999845177 0.0
0.15226000000257045 0.003691999998409301
0.15226000000257045 0.0
0.155456000007689 0.004095999989658594
0.155456000007689 0.0
0.15416199999162927 0.0037050000100862235
0.15416199999162927 9.999785106629133e-07
0.1533789999957662 0.003687999997055158
0.1533789999957662 0.0
0.15368600000510924 0.003802999999606982
0.15368600000510924 9.999785106629133e-07
0.16252000001259148 0.003955000021960586
0.16252000001259148 1.00000761449337e-06
0.1595530000049621 0.003926999983377755
0.1595530000049621 0.0
0.172867999994196 0.0040840000146999955
0.172867999994196 0.0
0.16647900000680238 0.0038000000058673322
0.16647900000680238 0.0
0.17870799999218434 0.0040169999992940575
0.17870799999218434 0.0
0.1634710000071209 0.003862000012304634
0.1634710000071209 0.0
0.15592399999150075 0.003788999980315566
0.15592399999150075 0.0
0.15791199999512173 0.003683000017190352
0.15791199999512173 1.00000761449337e-06
0.15506199997616932 0.003886000020429492
0.15506199997616932 9.999785106629133e-07
0.15548499999567866 0.003724999987753108
0.15548499999567866 1.00000761449337e-06
0.15593000000808388 0.0037010000087320805
0.15593000000808388 1.00000761449337e-06
0.1552619999856688 0.00374700000975281
0.1552619999856688 9.999785106629133e-07
0.15580200002295896 0.0038139999960549176
0.15580200002295896 0.0
0.15718899999046698 0.003800999984377995
0.15718899999046698 0.0
0.1569829999934882 0.003796999983023852
0.1569829999934882 0.0
0.15577000001212582 0.0037749999901279807
0.15577000001212582 1.00000761449337e-06
0.15512500001932494 0.0038340000028256327
0.15512500001932494 0.0
0.1579339999880176 0.003759000013815239
0.1579339999880176 0.0
0.16019399999640882 0.0038779999886173755
0.16019399999640882 0.0
0.1588179999962449 0.0038160000112839043
0.1588179999962449 0.0
0.15811800002120435 0.003872000001138076
0.15811800002120435 0.0
0.15896000000066124 0.003872000001138076
0.15896000000066124 0.0
0.156816999980947 0.0037210000155027956
0.156816999980947 1.00000761449337e-06
0.1577660000184551 0.0037620000075548887
0.1577660000184551 0.0
0.15840400001616217 0.003763999993680045
0.15840400001616217 0.0
0.16213900002185255 0.003874000016367063
0.16213900002185255 9.999785106629133e-07
0.16503000000375323 0.004054999997606501
0.16503000000375323 0.0
0.17475299999932759 0.0039530000067316
0.17475299999932759 9.999785106629133e-07
0.17360100001678802 0.004149000014876947
0.17360100001678802 1.00000761449337e-06
0.17755900000338443 0.003976000007241964
0.17755900000338443 0.0
0.17277500001364388 0.003867999999783933
0.17277500001364388 0.0
0.170031999994535 0.004133000009460375
0.170031999994535 0.0
0.17295500001637265 0.003985999996075407
0.17295500001637265 0.0
0.17313700000522658 0.0039490000053774565
0.17313700000522658 1.00000761449337e-06
0.17455100000370294 0.004119000019272789
0.17455100000370294 0.0
0.16555999999400228 0.00414999999338761
0.16555999999400228 1.00000761449337e-06
0.16906899999594316 0.004217000008793548
0.16906899999594316 0.0
0.1689089999999851 0.004039999999804422
0.1689089999999851 9.999785106629133e-07
0.1770830000168644 0.004049000010127202
0.1770830000168644 1.00000761449337e-06
0.16652100000646897 0.004125000006752089
0.16652100000646897 1.00000761449337e-06
0.18525200002477504 0.003926000004867092
0.18525200002477504 9.999785106629133e-07
0.1693000000086613 0.003914000000804663
0.1693000000086613 0.0
0.17212899998412468 0.004077999998116866
0.17212899998412468 1.00000761449337e-06
0.1860459999879822 0.004086999979335815
0.1860459999879822 1.00000761449337e-06
0.17496899998513982 0.004132000001845881
0.17496899998513982 0.0
0.16607599999406375 0.0038420000055339187
0.16607599999406375 9.999785106629133e-07
0.16212600001017563 0.0039829999732319266
0.16212600001017563 9.999785106629133e-07
0.16415900000720285 0.003940000024158508
0.16415900000720285 1.00000761449337e-06
0.16171899999608286 0.0039490000053774565
0.16171899999608286 1.00000761449337e-06
0.16341799998190254 0.0038850000128149986
0.16341799998190254 0.0
0.16281100001651794 0.003910999977961183
0.16281100001651794 9.999785106629133e-07
0.16307299997424707 0.003930999984731898
0.16307299997424707 9.999785106629133e-07
0.16406799998367205 0.003903000004356727
0.16406799998367205 1.00000761449337e-06
0.16312899999320507 0.0038859999913256615
0.16312899999320507 0.0
0.1623540000000503 0.003866000013658777
0.1623540000000503 9.999785106629133e-07
0.1629139999859035 0.003876000002492219
0.1629139999859035 1.00000761449337e-06
0.16164499998558313 0.003939999995054677
0.16164499998558313 9.999785106629133e-07
0.16275999997742474 0.0038530000019818544
0.16275999997742474 1.00000761449337e-06
0.162289999978384 0.004180000018095598
0.162289999978384 0.0
0.16372800001408905 0.003928999998606741
0.16372800001408905 1.00000761449337e-06
0.16365000000223517 0.004191999993054196
0.16365000000223517 0.0
0.16546099999686703 0.004155999980866909
0.16546099999686703 1.00000761449337e-06
0.1653200000000652 0.0038570000033359975
0.1653200000000652 1.00000761449337e-06
0.1637310000078287 0.003920999995898455
0.1637310000078287 9.999785106629133e-07
0.16189699998358265 0.0038819999899715185
0.16189699998358265 0.0
0.1632429999881424 0.0038420000055339187
0.1632429999881424 1.00000761449337e-06
0.16313099997933023 0.003927000012481585
0.16313099997933023 0.0
0.16598699998576194 0.0040000000153668225
0.16598699998576194 1.00000761449337e-06
0.16526499998872168 0.003960000001825392
0.16526499998872168 0.0
0.16598099999828264 0.0039659999893046916
0.16598099999828264 0.0
0.16463199999998324 0.003947999997762963
0.16463199999998324 0.0
0.1656409999995958 0.003942999988794327
0.1656409999995958 0.0
0.16524800000479445 0.004094000003533438
0.16524800000479445 1.00000761449337e-06
0.1653760000190232 0.003954000014346093
0.1653760000190232 0.0
0.21769200000562705 0.0052859999996144325
0.21769200000562705 0.0
0.18547500000568107 0.010493999987374991
0.18547500000568107 9.999785106629133e-07
0.20215999998617917 0.011529999988852069
0.20215999998617917 0.0
0.19305900001199916 0.0052900000009685755
0.19305900001199916 0.0
0.20759399997768924 0.011827000009361655
0.20759399997768924 0.0
0.20564099997864105 0.00547599999117665
0.20564099997864105 0.0
0.20456399998511188 0.005036999995354563
0.20456399998511188 0.0
0.20120199999655597 0.004890000011073425
0.20120199999655597 0.0
0.20056800000020303 0.004944999993313104
0.20056800000020303 0.0
0.1988169999967795 0.004806999990250915
0.1988169999967795 0.0
0.20379800000227988 0.004976999975042418
0.20379800000227988 0.0
0.19258699999772944 0.004727999999886379
0.19258699999772944 1.00000761449337e-06
0.1855890000006184 0.004844000010052696
0.1855890000006184 0.0
0.2051400000054855 0.005124999996041879
0.2051400000054855 0.0
0.2095299999928102 0.004928000009385869
0.2095299999928102 0.0
0.2181900000141468 0.005215999990468845
0.2181900000141468 0.0
0.1989940000057686 0.004729999986011535
0.1989940000057686 1.00000761449337e-06
0.19628400000510737 0.005403999995905906
0.19628400000510737 0.0
0.18483500002184883 0.004561000008834526
0.18483500002184883 9.999785106629133e-07
0.19107400000211783 0.00462699998752214
0.19107400000211783 0.0
0.18818699999246746 0.004700000019511208
0.18818699999246746 0.0
0.1909600000071805 0.004751000000396743
0.1909600000071805 0.0
0.19331900001270697 0.00487600002088584
0.19331900001270697 0.0
0.19710799999302253 0.005255000025499612
0.19710799999302253 0.0
0.1970959999889601 0.004951999988406897
0.1970959999889601 0.0
0.20183299999916926 0.006246000004466623
0.20183299999916926 0.0
0.20216300000902265 0.004956999997375533
0.20216300000902265 0.0
0.20155600001453422 0.005071000021416694
0.20155600001453422 1.00000761449337e-06
0.19621300001745112 0.004618000006303191
0.19621300001745112 0.0
0.20151199999963865 0.004940000013448298
0.20151199999963865 1.00000761449337e-06
0.2052010000043083 0.005198999977437779
0.2052010000043083 0.0
0.20034900002065115 0.004949000023771077
0.20034900002065115 0.0
0.1927140000043437 0.004852999991271645
0.1927140000043437 1.00000761449337e-06
0.19395800001802854 0.004738999996334314
0.19395800001802854 0.0
0.18710000001010485 0.0045519999985117465
0.18710000001010485 0.0
0.19233900000108406 0.0047289999783970416
0.19233900000108406 9.999785106629133e-07
0.18943999998737127 0.0046159999910742044
0.18943999998737127 0.0
0.19017399998847395 0.00454699998954311
0.19017399998847395 0.0
0.1855329999816604 0.004583000001730397
0.1855329999816604 0.0
0.19217299998854287 0.0047119999944698066
0.19217299998854287 9.999785106629133e-07
0.19015000000945292 0.00454999998328276
0.19015000000945292 0.0
0.18657900000107475 0.00446699999156408
0.18657900000107475 1.00000761449337e-06
0.18728799998643808 0.004485999990720302
0.18728799998643808 0.0
0.19073500001104549 0.004803000018000603
0.19073500001104549 9.999785106629133e-07
0.19180999998934567 0.004618000006303191
0.19180999998934567 0.0
0.18953599999076687 0.004554999992251396
0.18953599999076687 0.0
0.1899449999909848 0.004565999988699332
0.1899449999909848 0.0
0.19082700001308694 0.004561000008834526
0.19082700001308694 1.00000761449337e-06
0.18805199998314492 0.00454999998328276
0.18805199998314492 1.00000761449337e-06
0.18084100002306513 0.004549000004772097
0.18084100002306513 0.0
0.17913999999291264 0.004202000010991469
0.17913999999291264 0.0
0.17719200000283308 0.004298999992897734
0.17719200000283308 1.00000761449337e-06
0.17351199997938238 0.004155000002356246
0.17351199997938238 1.00000761449337e-06
0.17524199999752454 0.004109000001335517
0.17524199999752454 0.0
0.1747660000110045 0.004141999990679324
0.1747660000110045 0.0
0.17478299999493174 0.004094000003533438
0.17478299999493174 0.0
0.17470300002605654 0.004182999982731417
0.17470300002605654 0.0
0.17560100002447143 0.004481000010855496
0.17560100002447143 0.0
0.17565499999909662 0.004194000008283183
0.17565499999909662 1.00000761449337e-06
0.17605599999660626 0.0042910000192932785
0.17605599999660626 1.00000761449337e-06
0.17558199999621138 0.004216000001179054
0.17558199999621138 0.0
0.17466600000625476 0.004205999983241782
0.17466600000625476 0.0
0.174343000020599 0.004161000018939376
0.174343000020599 0.0
0.17526799999177456 0.004541000002063811
0.17526799999177456 0.0
0.17591799999354407 0.004174999980023131
0.17591799999354407 0.0
0.17477599999983795 0.004274999984772876
0.17477599999983795 9.999785106629133e-07
0.1747449999966193 0.004137999989325181
0.1747449999966193 0.0
0.1748960000113584 0.0041520000086165965
0.1748960000113584 9.999785106629133e-07
0.17670099998940714 0.0041009999986272305
0.17670099998940714 1.00000761449337e-06
0.17665300000226125 0.004203999997116625
0.17665300000226125 0.0
0.17673300000024028 0.004213999985950068
0.17673300000024028 9.999785106629133e-07
0.17779099999461323 0.004167000006418675
0.17779099999461323 1.00000761449337e-06
0.17839399998774752 0.004141000012168661
0.17839399998774752 0.0
0.17777599999681115 0.004191999993054196
0.17777599999681115 0.0
0.17734500000369735 0.0043040000018663704
0.17734500000369735 0.0
0.17746999999508262 0.004163000005064532
0.17746999999508262 0.0
0.1767600000021048 0.004171000007772818
0.1767600000021048 0.0
0.17751700000371784 0.004165999998804182
0.17751700000371784 1.00000761449337e-06
0.18227699998533353 0.004248000012012199
0.18227699998533353 0.0
0.18087999999988824 0.004237000015564263
0.18087999999988824 0.0
0.18042799999238923 0.004737999988719821
0.18042799999238923 0.0
0.18079100002069026 0.004315999976824969
0.18079100002069026 0.0
0.17894799998612143 0.004323000001022592
0.17894799998612143 9.999785106629133e-07
0.180638000019826 0.004270999983418733
0.180638000019826 0.0
0.18182999998680316 0.004256000014720485
0.18182999998680316 0.0
0.17964700001175515 0.004217999987304211
0.17964700001175515 0.0
0.17993899999419227 0.004209000006085262
0.17993899999419227 1.00000761449337e-06
0.17968700002529658 0.004243000003043562
0.17968700002529658 0.0
0.18173700000625104 0.00443299999460578
0.18173700000625104 0.0
0.1851500000047963 0.004425000021001324
0.1851500000047963 0.0
0.1850630000117235 0.004414999973960221
0.1850630000117235 0.0
0.18462700000964105 0.004420999990543351
0.18462700000964105 0.0
0.19499000001815148 0.005304999998770654
0.19499000001815148 1.00000761449337e-06
0.19750700000440702 0.00490699999500066
0.19750700000440702 0.0
0.20131400000536814 0.004895999998552725
0.20131400000536814 0.0
0.1990570000198204 0.004761000018334016
0.1990570000198204 1.00000761449337e-06
0.19722500001080334 0.004774999979417771
0.19722500001080334 1.00000761449337e-06
0.2024410000012722 0.004855000006500632
0.2024410000012722 1.00000761449337e-06
0.19686799999908544 0.004928999987896532
0.19686799999908544 1.00000761449337e-06
0.19813999999314547 0.0051159999857191
0.19813999999314547 0.0
0.20060099998954684 0.0047759999870322645
0.20060099998954684 0.0
0.20061299999360926 0.004772999993292615
0.20061299999360926 0.0
0.1998299999977462 0.005262999999104068
0.1998299999977462 1.00000761449337e-06
0.20290999999269843 0.004966999986208975
0.20290999999269843 9.999785106629133e-07
0.2016709999879822 0.004798999987542629
0.2016709999879822 0.0
0.19931399999768473 0.004818999994313344
0.19931399999768473 0.0
0.20109500002581626 0.004864999995334074
0.20109500002581626 1.00000761449337e-06
0.20370799998636357 0.005124000017531216
0.20370799998636357 1.00000761449337e-06
0.20252500000060536 0.0047759999870322645
0.20252500000060536 0.0
0.20134199998574331 0.004951000009896234
0.20134199998574331 1.00000761449337e-06
0.20403799999621697 0.004860000015469268
0.20403799999621697 0.0
0.20346900000004098 0.0053619999962393194
0.20346900000004098 1.00000761449337e-06
0.21543700000620447 0.005147000018041581
0.21543700000620447 1.00000761449337e-06
0.27912900000228547 0.007184999994933605
0.27912900000228547 1.00000761449337e-06
0.2156130000075791 0.005386000004364178
0.2156130000075791 1.00000761449337e-06
0.21815000000060536 0.0050159999809693545
0.21815000000060536 0.0
0.2177959999826271 0.0049909999943338335
0.2177959999826271 1.00000761449337e-06
0.20994899998186156 0.00499600000330247
0.20994899998186156 0.0
0.21817700000246987 0.006773999979486689
0.21817700000246987 0.0
0.23204999999143183 0.005291999987093732
0.23204999999143183 1.00000761449337e-06
0.3081030000175815 0.0065839999879244715
0.3081030000175815 1.00000761449337e-06
0.1991390000039246 0.00482699999702163
0.1991390000039246 1.00000761449337e-06
0.1991940000152681 0.004744000005302951
0.1991940000152681 9.999785106629133e-07
0.19605699999374337 0.004768999991938472
0.19605699999374337 9.999785106629133e-07
0.19837600001483224 0.004856999992625788
0.19837600001483224 0.0
0.1952129999990575 0.005803999985801056
0.1952129999990575 0.0
0.2050759999838192 0.004867000010563061
0.2050759999838192 9.999785106629133e-07
0.20042799998191185 0.0046199999924283475
0.20042799998191185 1.00000761449337e-06
0.21065900000394322 0.004825999989407137
0.21065900000394322 1.00000761449337e-06
0.20670999999856576 0.005606999999145046
0.20670999999856576 1.00000761449337e-06
0.21020500001031905 0.004683999984990805
0.21020500001031905 0.0
0.21418300000368617 0.0050069999997504056
0.21418300000368617 9.999785106629133e-07
0.20746199999121018 0.0049310000031255186
0.20746199999121018 9.999785106629133e-07
0.20253300000331365 0.004734000016469508
0.20253300000331365 9.999785106629133e-07
0.21688399999402463 0.004653999989386648
0.21688399999402463 0.0
0.1989189999876544 0.004664999985834584
0.1989189999876544 1.00000761449337e-06
0.2266129999770783 0.004805000004125759
0.2266129999770783 0.0
0.2024039999814704 0.0054250000102911144
0.2024039999814704 1.00000761449337e-06
0.19954699999652803 0.004845999996177852
0.19954699999652803 0.0
0.19861600000876933 0.00495900001260452
0.19861600000876933 0.0
0.19776300000376068 0.005111999984364957
0.19776300000376068 1.00000761449337e-06
0.20359900000039488 0.004625999979907647
0.20359900000039488 1.00000761449337e-06
0.1999869999999646 0.0046190000139176846
0.1999869999999646 1.00000761449337e-06
0.19705099999555387 0.0047529999865219
0.19705099999555387 0.0
0.19345000002067536 0.004592000012053177
0.19345000002067536 1.00000761449337e-06
0.19144399999640882 0.0046239999937824905
0.19144399999640882 0.0
0.19267700001364574 0.004969000001437962
0.19267700001364574 1.00000761449337e-06
INFO:sc2.protocol:Client status changed to Status.ended (was Status.in_game)
INFO:sc2.protocol:Client status changed to Status.ended (was Status.in_game)
INFO:root:Result for player 1 - Bot(Race.Terran, <bots.keai.inho_bot_final.ReaperBot object at 0x7f1173318f60>): Defeat
INFO:root:Result for player 2 - Bot(Race.Terran, <bots.Showing_bot.speedBot.MarinBot object at 0x7f11759aeb70>): Victory
INFO:sc2.client:Saved replay to outs/2020-01-17T11-28-03/replays/keai-showing_bot/keai-showing_bot-3.SC2Replay
INFO:sc2.protocol:Client status changed to Status.launched (was Status.ended)
INFO:sc2.protocol:Client status changed to Status.quit (was Status.launched)
INFO:sc2.sc2process:kill_switch: Process cleanup
INFO:sc2.sc2process:Cleaning up...
INFO:sc2.sc2process:Cleanup complete
INFO:sc2.sc2process:Cleaning up...
INFO:sc2.sc2process:Cleanup complete
INFO:sc2.protocol:Client status changed to Status.launched (was Status.ended)
INFO:sc2.protocol:Cannot receive: Connection already closed.
INFO:sc2.sc2process:kill_switch: Process cleanup
INFO:sc2.sc2process:Cleaning up...
INFO:sc2.sc2process:Cleanup complete
INFO:sc2.sc2process:Cleaning up...
INFO:sc2.sc2process:Cleanup complete


## STDERR ##

Version: B75689 (SC2.4.10)
Build: Aug 12 2019 17:16:57
Command Line: '"/home/hspark8312/StarCraftII/Versions/Base75689/SC2_x64" -listen 127.0.0.1 -port 23980 -displayMode 0 -dataDir /home/hspark8312/StarCraftII -tempDir /tmp/SC2_v8rr53ms'
Starting up...
Startup Phase 1 complete
Version: B75689 (SC2.4.10)
Build: Aug 12 2019 17:16:57
Command Line: '"/home/hspark8312/StarCraftII/Versions/Base75689/SC2_x64" -listen 127.0.0.1 -port 16721 -displayMode 0 -dataDir /home/hspark8312/StarCraftII -tempDir /tmp/SC2_6590u7dk'
Starting up...
Startup Phase 1 complete
Startup Phase 2 complete
Creating stub renderer...
Listening on: 127.0.0.1:23980
Startup Phase 3 complete. Ready for commands.
Startup Phase 2 complete
Creating stub renderer...
ConnectHandler: Request from 127.0.0.1:60627 accepted
ReadyHandler: 127.0.0.1:60627 ready
Requesting to join a multiplayer game
Configuring interface options
Configure: raw interface enabled
Configure: feature layer interface enabled
Configure: score interface enabled
Configure: render interface disabled
Listening on: 127.0.0.1:16721
Startup Phase 3 complete. Ready for commands.
ConnectHandler: Request from 127.0.0.1:60628 accepted
ReadyHandler: 127.0.0.1:60628 ready
Requesting to join a multiplayer game
Configuring interface options
Configure: raw interface enabled
Configure: feature layer interface enabled
Configure: score interface enabled
Configure: render interface disabled
Create game with map path: NCFellowship-2019_m1_v6.SC2Map
Attempting to join a game with the map: NCFellowship-2019_m1_v6.SC2Map
Game has started.
Using default stable ids, none found at: /home/hspark8312/StarCraftII/stableid.json
Successfully loaded stable ids: GameData\stableid.json
Sending ResponseJoinGame
Game has started.
Using default stable ids, none found at: /home/hspark8312/StarCraftII/stableid.json
Successfully loaded stable ids: GameData\stableid.json
Sending ResponseJoinGame
RequestQuit command received.
Closing Application...
/home/hspark8312/anaconda3/envs/sc2/lib/python3.6/importlib/_bootstrap.py:219: RuntimeWarning: numpy.ufunc size changed, may indicate binary incompatibility. Expected 192 from C header, got 216 from PyObject
  return f(*args, **kwds)
/home/hspark8312/anaconda3/envs/sc2/lib/python3.6/importlib/_bootstrap.py:219: RuntimeWarning: numpy.ufunc size changed, may indicate binary incompatibility. Expected 192 from C header, got 216 from PyObject
  return f(*args, **kwds)
/home/hspark8312/anaconda3/envs/sc2/lib/python3.6/site-packages/tensorboard/compat/tensorflow_stub/dtypes.py:541: FutureWarning: Passing (type, 1) or '1type' as a synonym of type is deprecated; in a future version of numpy, it will be understood as (type, (1,)) / '(1,)type'.
  _np_qint8 = np.dtype([("qint8", np.int8, 1)])
/home/hspark8312/anaconda3/envs/sc2/lib/python3.6/site-packages/past/builtins/misc.py:45: DeprecationWarning: the imp module is deprecated in favour of importlib; see the module's documentation for alternative uses
  from imp import reload
/mnt/d/sc2minigame-eval-2020-01-09/bots/Showing_bot/speedBot.py:1643: RuntimeWarning: coroutine 'TerreinManager.debug' was never awaited
  self.terrein_manager.debug()
