## STDOUT ##

[[92mINFO[0m] SC2 4.9.0 용 패치 적용
패치 sc2.ids.ability_id
패치 sc2.game_state
패치 sc2.bot_ai
패치 sc2.client
패치 sc2.controller
패치 sc2.main
INFO:root:Failed to import cuda module: No module named 'caffe2.python.caffe2_pybind11_state_gpu'
INFO:root:Failed to import AMD hip module: No module named 'caffe2.python.caffe2_pybind11_state_hip'
WARNING:root:This caffe2 python run does not have GPU support. Will run in CPU only mode.
cpu
INFO:sc2.protocol:Client status changed to Status.launched (was None)
INFO:sc2.protocol:Client status changed to Status.launched (was None)
INFO:sc2_patch.sc2_patch_490.controller:Creating new game
INFO:sc2_patch.sc2_patch_490.controller:Map:     NCFellowship-2019_m1_v6
INFO:sc2_patch.sc2_patch_490.controller:Players: Bot(Race.Terran, <bots.Showing_bot.speedBot.MarinBot object at 0x7fdbc4f08f28>), Bot(Race.Terran, <bots.transfer.my_bot_q.MyBot object at 0x7fdbb5eb0f60>)
INFO:sc2.protocol:Client status changed to Status.init_game (was Status.launched)
INFO:sc2.protocol:Client status changed to Status.in_game (was None)
INFO:root:Player 2 - Bot(Race.Terran, <bots.transfer.my_bot_q.MyBot object at 0x7fdbb5eb0f60>)
TEST: 2, <bots.transfer.my_bot_q.MyBot object at 0x7fdbb5eb0f60>
model file does not exists: bots/nc_example_v7/models/model-89.pt
INFO:sc2.protocol:Client status changed to Status.in_game (was None)
INFO:root:Player 1 - Bot(Race.Terran, <bots.Showing_bot.speedBot.MarinBot object at 0x7fdbc4f08f28>)
TEST: 1, <bots.Showing_bot.speedBot.MarinBot object at 0x7fdbc4f08f28>
load model: bots/Showing_bot/models/model-89.pt
create new model
0.04425400000764057 0.002718000003369525
0.04425400000764057 0.0
0.04353100000298582 0.002207999990787357
0.04353100000298582 0.0
0.04367499999352731 0.0013889999827370048
0.04367499999352731 9.999785106629133e-07
0.043648999999277294 0.0010809999948833138
0.043648999999277294 0.0
0.04379899997729808 0.0013460000045597553
0.04379899997729808 9.999785106629133e-07
0.043479999992996454 0.0010889999975915998
0.043479999992996454 0.0
0.043596999981673434 0.0010870000114664435
0.043596999981673434 0.0
0.0436139999947045 0.0010650000185705721
0.0436139999947045 1.00000761449337e-06
0.04387000002316199 0.0010870000114664435
0.04387000002316199 0.0
0.043819000013172626 0.0010919999913312495
0.043819000013172626 9.999785106629133e-07
0.043659000017214566 0.0010859999747481197
0.043659000017214566 0.0
0.04404200002318248 0.0013219999964348972
0.04404200002318248 0.0
0.04354899999452755 0.0010799999872688204
0.04354899999452755 0.0
0.04348499997286126 0.0010820000024978071
0.04348499997286126 0.0
0.043982999981381 0.001137000013841316
0.043982999981381 1.00000761449337e-06
0.04364700001315214 0.0011089999752584845
0.04364700001315214 0.0
0.043397000001277775 0.0010830000101123005
0.043397000001277775 0.0
0.044028000003891066 0.001101000001654029
0.044028000003891066 0.0
0.04366900000604801 0.0010840000177267939
0.04366900000604801 0.0
0.04406000001472421 0.0010840000177267939
0.04406000001472421 0.0
0.04590800000005402 0.0012080000014975667
0.04590800000005402 0.0
0.046280000009573996 0.0011470000026747584
0.046280000009573996 0.0
0.04595500000868924 0.001185000000987202
0.04595500000868924 9.999785106629133e-07
0.04613000000244938 0.0012109999952372164
0.04613000000244938 0.0
0.04623599999467842 0.0011309999972581863
0.04623599999467842 0.0
0.046073999983491376 0.0011430000013206154
0.046073999983491376 0.0
0.045842999999877065 0.0011440000089351088
0.045842999999877065 0.0
0.046360000007553026 0.0011740000045392662
0.046360000007553026 0.0
0.04624100000364706 0.0012660000065807253
0.04624100000364706 0.0
0.04687700001522899 0.0012379999971017241
0.04687700001522899 9.999785106629133e-07
0.046193999995011836 0.0011400000075809658
0.046193999995011836 1.00000761449337e-06
0.04625300000770949 0.0012169999827165157
0.04625300000770949 9.999785106629133e-07
0.0467449999996461 0.0012419999984558672
0.0467449999996461 9.999785106629133e-07
0.04846600000746548 0.0012799999967683107
0.04846600000746548 9.999785106629133e-07
0.060034000023733824 0.0012550000101327896
0.060034000023733824 1.00000761449337e-06
0.06233700001030229 0.0013340000004973263
0.06233700001030229 1.00000761449337e-06
0.057576000021072105 0.0015190000121947378
0.057576000021072105 0.0
0.05901799999992363 0.0035889999999199063
0.05901799999992363 0.0
0.06300500000361353 0.0036689999978989363
0.06300500000361353 0.0
0.06288800001493655 0.0019170000159647316
0.06288800001493655 1.00000761449337e-06
changed strategy
0.06209300001501106 0.0017010000010486692
0.06209300001501106 0.0
0.06332499999552965 0.0016040000191424042
0.06332499999552965 1.00000761449337e-06
0.0632610000029672 0.001693999976851046
0.0632610000029672 1.00000761449337e-06
0.06381300001521595 0.0016760000144131482
0.06381300001521595 0.0
0.07253299999865703 0.002146000013453886
0.07253299999865703 0.0
0.06129199999850243 0.0015780000248923898
0.06129199999850243 1.00000761449337e-06
0.07157400000141934 0.001656999986153096
0.07157400000141934 1.00000761449337e-06
0.06717399999615736 0.001432999997632578
0.06717399999615736 1.00000761449337e-06
0.05637599999317899 0.0013909999979659915
0.05637599999317899 1.999997766688466e-05
0.066527999995742 0.002055999997537583
0.066527999995742 0.0
0.06346400000620633 0.0017069999885279685
0.06346400000620633 1.00000761449337e-06
0.05919800000265241 0.002043000014964491
0.05919800000265241 1.00000761449337e-06
0.06755700000212528 0.0014950000040698797
0.06755700000212528 0.0
0.06857000000309199 0.0014850000152364373
0.06857000000309199 1.00000761449337e-06
0.05700600001728162 0.0014550000196322799
0.05700600001728162 1.00000761449337e-06
0.06098999999812804 0.0014439999940805137
0.06098999999812804 1.00000761449337e-06
0.06812599999830127 0.0014420000079553574
0.06812599999830127 0.0
0.06225300001096912 0.0015540000167675316
0.06225300001096912 0.0
0.05919200001517311 0.0014870000013615936
0.05919200001517311 0.0
0.07431599998380989 0.002171000000089407
0.07431599998380989 0.0
0.061202999990200624 0.0015269999857991934
0.061202999990200624 0.0
0.07734600000549108 0.0019739999843295664
0.07734600000549108 1.00000761449337e-06
0.07914700001128949 0.0020059999951627105
0.07914700001128949 1.00000761449337e-06
0.07628300000214949 0.0019210000173188746
0.07628300000214949 1.00000761449337e-06
0.07707299999310635 0.001967000018339604
0.07707299999310635 0.0
0.07724899999448098 0.001984000002266839
0.07724899999448098 0.0
0.07868299999972805 0.0020249999943189323
0.07868299999972805 1.00000761449337e-06
0.08033899997826666 0.002068000001600012
0.08033899997826666 0.0
0.07728800000040792 0.0019859999883919954
0.07728800000040792 0.0
0.07670400000642985 0.0019239999819546938
0.07670400000642985 0.0
0.08091799999237992 0.002135999995516613
0.08091799999237992 0.0
0.08370000001741573 0.0023270000237971544
0.08370000001741573 0.0
0.08008200000040233 0.001960999972652644
0.08008200000040233 0.0
0.08190200000535697 0.002019000006839633
0.08190200000535697 0.0
0.06500299999606796 0.0015659999917261302
0.06500299999606796 0.0
0.08422399999108166 0.002043000014964491
0.08422399999108166 1.00000761449337e-06
0.0589040000049863 0.0014610000071115792
0.0589040000049863 0.0
0.07362700000521727 0.001931000006152317
0.07362700000521727 0.0
0.06060399999842048 0.0014640000008512288
0.06060399999842048 0.0
0.05634200002532452 0.0014230000087991357
0.05634200002532452 9.999785106629133e-07
0.056031999993138015 0.001365000003715977
0.056031999993138015 0.0
0.055878000013763085 0.0013909999979659915
0.055878000013763085 0.0
0.05334800001583062 0.0013590000162366778
0.05334800001583062 0.0
0.05325200001243502 0.0015079999866429716
0.05325200001243502 0.0
0.05362200000672601 0.0014389999851118773
0.05362200000672601 1.00000761449337e-06
0.055770000006305054 0.0016260000120382756
0.055770000006305054 9.999785106629133e-07
0.05583999998634681 0.0016299999842885882
0.05583999998634681 0.0
0.05330400000093505 0.0015539999876637012
0.05330400000093505 1.00000761449337e-06
0.05377599998610094 0.0019789999932982028
0.05377599998610094 0.0
0.06887499999720603 0.002263999980641529
0.06887499999720603 0.0
0.0648700000019744 0.0018780000100377947
0.0648700000019744 1.00000761449337e-06
0.06606499999179505 0.002082999999402091
0.06606499999179505 1.00000761449337e-06
0.06694300001254305 0.0017880000232253224
0.06694300001254305 0.0
0.06711400000494905 0.0018139999883715063
0.06711400000494905 0.0
0.04722199999378063 0.001121000008424744
0.04722199999378063 0.0
0.04926299999351613 0.0012799999967683107
0.04926299999351613 0.0
0.048624000017298386 0.001707000017631799
0.048624000017298386 1.00000761449337e-06
0.04840400000102818 0.0012030000216327608
0.04840400000102818 0.0
0.0522740000160411 0.0014139999984763563
0.0522740000160411 9.999785106629133e-07
0.05113000000710599 0.001580000011017546
0.05113000000710599 0.0
0.05320700001902878 0.0014050000172574073
0.05320700001902878 1.00000761449337e-06
0.053297000005841255 0.0013709999911952764
0.053297000005841255 0.0
0.053377000003820285 0.001324000011663884
0.053377000003820285 0.0
0.0536359999969136 0.0012960000021848828
0.0536359999969136 0.0
0.07213300000876188 0.001836999988881871
0.07213300000876188 9.999785106629133e-07
0.06928699999116361 0.001931000006152317
0.06928699999116361 1.00000761449337e-06
0.07088399998610839 0.0018890000064857304
0.07088399998610839 1.00000761449337e-06
0.07157500000903383 0.0017549999756738544
0.07157500000903383 1.00000761449337e-06
0.07342599998810329 0.0017530000186525285
0.07342599998810329 1.00000761449337e-06
0.07102000000304542 0.0017960000259336084
0.07102000000304542 0.0
0.0731800000066869 0.0017820000066421926
0.0731800000066869 1.00000761449337e-06
0.07087399999727495 0.0017740000039339066
0.07087399999727495 9.999785106629133e-07
0.0688629999931436 0.0017050000024028122
0.0688629999931436 0.0
0.04868300000089221 0.0011959999974351376
0.04868300000089221 0.0
0.04841000001761131 0.0011999999987892807
0.04841000001761131 0.0
0.051023999985773116 0.0012459999998100102
0.051023999985773116 1.00000761449337e-06
0.051139999995939434 0.0012869999918621033
0.051139999995939434 9.999785106629133e-07
0.050962000008439645 0.0012439999845810235
0.050962000008439645 0.0
0.050927999982377514 0.0012820000119972974
0.050927999982377514 0.0
0.051192999992053956 0.0013029999972786754
0.051192999992053956 0.0
0.054248000000370666 0.0013340000004973263
0.054248000000370666 0.0
0.0539299999945797 0.0013380000018514693
0.0539299999945797 0.0
0.05612300001666881 0.0014990000054240227
0.05612300001666881 0.0
0.05598499998450279 0.0013979999930597842
0.05598499998450279 0.0
0.05608000000938773 0.0013580000086221844
0.05608000000938773 1.00000761449337e-06
0.05598999999347143 0.0013899999903514981
0.05598999999347143 9.999785106629133e-07
0.05642999999690801 0.0013709999911952764
0.05642999999690801 0.0
0.05606499998248182 0.0013760000001639128
0.05606499998248182 0.0
0.05623699998250231 0.0013620000099763274
0.05623699998250231 0.0
0.05573500000173226 0.001357999979518354
0.05573500000173226 0.0
0.055786000011721626 0.001348999998299405
0.055786000011721626 1.00000761449337e-06
0.056012999993981794 0.0013669999898411334
0.056012999993981794 0.0
0.05589100002544001 0.0013700000126846135
0.05589100002544001 0.0
0.05632899998454377 0.001445000001695007
0.05632899998454377 0.0
0.05607300001429394 0.0013990000006742775
0.05607300001429394 0.0
0.05823299998883158 0.0015180000045802444
0.05823299998883158 9.999785106629133e-07
0.05826900000101887 0.0014399999927263707
0.05826900000101887 0.0
0.058262000005925074 0.0014380000066012144
0.058262000005925074 0.0
0.05822099998476915 0.0014460000093095005
0.05822099998476915 1.00000761449337e-06
0.05821100002503954 0.0014090000186115503
0.05821100002503954 1.00000761449337e-06
0.058548000000882894 0.001453999982913956
0.058548000000882894 1.00000761449337e-06
0.05810699998983182 0.0014549999905284494
0.05810699998983182 0.0
0.059164000005694106 0.0014360000204760581
0.059164000005694106 1.00000761449337e-06
0.0585469999932684 0.0014669999945908785
0.0585469999932684 0.0
0.05991199999698438 0.001461999985622242
0.05991199999698438 1.00000761449337e-06
0.05823100000270642 0.0014270000101532787
0.05823100000270642 0.0
0.05572499998379499 0.0013890000118408352
0.05572499998379499 9.999785106629133e-07
0.059210000006714836 0.001459000020986423
0.059210000006714836 0.0
0.06076200000825338 0.0016180000093299896
0.06076200000825338 0.0
0.05819900002097711 0.001449999981559813
0.05819900002097711 0.0
0.061273999977856874 0.001500000013038516
0.061273999977856874 1.00000761449337e-06
0.060679999995045364 0.0014779999910388142
0.060679999995045364 0.0
0.060434000013628975 0.0014930000179447234
0.060434000013628975 0.0
0.06040899999788962 0.001744000008329749
0.06040899999788962 1.00000761449337e-06
0.05831200000829995 0.001640000002225861
0.05831200000829995 0.0
0.05822700000135228 0.001720000000204891
0.05822700000135228 9.999785106629133e-07
0.05817699999897741 0.0017189999925903976
0.05817699999897741 1.00000761449337e-06
0.058056000008946285 0.0018509999790694565
0.058056000008946285 9.999785106629133e-07
0.058118000015383586 0.001636000000871718
0.058118000015383586 1.00000761449337e-06
0.0559439999924507 0.0015980000025592744
0.0559439999924507 1.00000761449337e-06
0.056268999993335456 0.0014030000020284206
0.056268999993335456 1.00000761449337e-06
0.05582999999751337 0.001707000017631799
0.05582999999751337 0.0
0.06230299998424016 0.0017940000107046217
0.06230299998424016 0.0
0.061649000010220334 0.002802000002702698
0.061649000010220334 0.0
0.07923999999184161 0.0022640000097453594
0.07923999999184161 0.0
0.07698099999106489 0.0026199999847449362
0.07698099999106489 9.999785106629133e-07
0.07599899999331683 0.0019050000119023025
0.07599899999331683 0.0
0.07154199999058619 0.0018599999893922359
0.07154199999058619 0.0
0.0782830000098329 0.0022330000065267086
0.0782830000098329 1.00000761449337e-06
0.07520700001623482 0.002439000003505498
0.07520700001623482 0.0
0.08226300001842901 0.0026140000263694674
0.08226300001842901 9.999785106629133e-07
0.07989599998109043 0.0028340000135358423
0.07989599998109043 1.00000761449337e-06
0.07973200001288205 0.0020059999951627105
0.07973200001288205 0.0
0.08892799998284318 0.005172000004677102
0.08892799998284318 0.0
0.06821899997885339 0.003882999997586012
0.06821899997885339 0.0
0.07065700000384822 0.008318000007420778
0.07065700000384822 0.0
0.08675399998901412 0.003934999986086041
0.08675399998901412 0.0
0.07309600000735372 0.004151000001002103
0.07309600000735372 0.0
0.09869700000854209 0.005847000022185966
0.09869700000854209 2.3999979021027684e-05
0.0710689999978058 0.002509000012651086
0.0710689999978058 1.00000761449337e-06
0.06957099999999627 0.001880999974673614
0.06957099999999627 0.0
0.07368299999507144 0.002281000022776425
0.07368299999507144 9.999785106629133e-07
0.07332100000348873 0.002082999999402091
0.07332100000348873 0.0
0.07781399998930283 0.004405000014230609
0.07781399998930283 0.0
0.07810099999187514 0.002603999979328364
0.07810099999187514 1.00000761449337e-06
0.08008800001698546 0.004561999987345189
0.08008800001698546 1.00000761449337e-06
0.09884799999417737 0.0029289999802131206
0.09884799999417737 0.0
0.10573700000531971 0.002653000003192574
0.10573700000531971 0.0
0.10684200000832789 0.002657000004546717
0.10684200000832789 1.00000761449337e-06
0.10580099999788217 0.0029100000101607293
0.10580099999788217 0.0
0.0993319999834057 0.0025220000243280083
0.0993319999834057 9.999785106629133e-07
0.09969199998886324 0.0024420000263489783
0.09969199998886324 1.00000761449337e-06
0.10209499998018146 0.002773999993223697
0.10209499998018146 0.0
0.07391800000914373 0.0017629999783821404
0.07391800000914373 1.00000761449337e-06
0.07293900000513531 0.0017510000034235418
0.07293900000513531 1.00000761449337e-06
0.08701200000359677 0.002146999991964549
0.08701200000359677 0.0
0.08249900001101196 0.001994999998714775
0.08249900001101196 1.00000761449337e-06
0.08171300002140924 0.0020409999997355044
0.08171300002140924 0.0
0.08154699997976422 0.0020420000073499978
0.08154699997976422 1.00000761449337e-06
0.10131899997941218 0.002433000016026199
0.10131899997941218 1.00000761449337e-06
0.07376999998814426 0.001715999998850748
0.07376999998814426 0.0
0.07283200000529177 0.0018430000054650009
0.07283200000529177 1.00000761449337e-06
0.0737749999971129 0.0018409999902360141
0.0737749999971129 0.0
0.07195599999977276 0.0018229999986942858
0.07195599999977276 1.00000761449337e-06
0.07331900001736358 0.001771000010194257
0.07331900001736358 1.00000761449337e-06
0.07588400001986884 0.0018149999959859997
0.07588400001986884 0.0
0.07316800000262447 0.001787000015610829
0.07316800000262447 1.00000761449337e-06
0.07844099999056198 0.0023330000112764537
0.07844099999056198 0.0
0.07665199998882599 0.0018889999773819
0.07665199998882599 1.00000761449337e-06
0.07307799998670816 0.0017980000120587647
0.07307799998670816 0.0
0.0755339999741409 0.0018449999915901572
0.0755339999741409 0.0
0.0753580000018701 0.0018370000179857016
0.0753580000018701 0.0
0.07523600000422448 0.0021330000017769635
0.07523600000422448 0.0
0.07535400000051595 0.0019289999909233302
0.07535400000051595 1.00000761449337e-06
0.07294800001545809 0.001812999980757013
0.07294800001545809 0.0
0.07299400001647882 0.0017809999990276992
0.07299400001647882 9.999785106629133e-07
0.07138099998701364 0.00173200000426732
0.07138099998701364 0.0
0.07074499997543171 0.0016969999996945262
0.07074499997543171 0.0
0.06794200002332218 0.0016940000059548765
0.06794200002332218 0.0
0.06839999998919666 0.0016670000040903687
0.06839999998919666 0.0
0.07059300001128577 0.001728000002913177
0.07059300001128577 0.0
0.07045699999434873 0.0017520000110380352
0.07045699999434873 1.00000761449337e-06
0.07098399999085814 0.001724000001559034
0.07098399999085814 1.00000761449337e-06
0.07045300002209842 0.0017250000091735274
0.07045300002209842 0.0
0.06879599997773767 0.001744000008329749
0.06879599997773767 0.0
0.06799400001182221 0.001680999994277954
0.06799400001182221 1.00000761449337e-06
0.06859999999869615 0.0017029999871738255
0.06859999999869615 9.999785106629133e-07
0.07065900001907721 0.001715000020340085
0.07065900001907721 0.0
0.07029499998316169 0.001720000000204891
0.07029499998316169 0.0
0.07009299998753704 0.0017069999885279685
0.07009299998753704 9.999785106629133e-07
0.07041299997945316 0.00173200000426732
0.07041299997945316 1.00000761449337e-06
0.07039999999688007 0.001740000006975606
0.07039999999688007 0.0
0.07025300001259893 0.0017450000159442425
0.07025300001259893 0.0
0.06883100001141429 0.0018100000161211938
0.06883100001141429 0.0
0.06897700001718476 0.0016929999983403832
0.06897700001718476 0.0
0.07112300000153482 0.001728000002913177
0.07112300000153482 0.0
0.07078599999658763 0.0018540000019129366
0.07078599999658763 0.0
0.07047099998453632 0.001719000021694228
0.07047099998453632 0.0
0.07180399997741915 0.0017689999949652702
0.07180399997741915 1.00000761449337e-06
0.06815400000778027 0.001715999998850748
0.06815400000778027 1.00000761449337e-06
0.06567899999208748 0.0015750000020489097
0.06567899999208748 1.00000761449337e-06
0.07045699999434873 0.0017300000181421638
0.07045699999434873 0.0
0.07033600000431761 0.0017539999971631914
0.07033600000431761 1.00000761449337e-06
0.07008499998482876 0.0017339999903924763
0.07008499998482876 0.0
0.07053999998606741 0.0017890000017359853
0.07053999998606741 0.0
0.0751369999779854 0.002043999993475154
0.0751369999779854 1.00000761449337e-06
0.0755850000132341 0.0018760000239126384
0.0755850000132341 1.00000761449337e-06
0.07051600000704639 0.0017139999836217612
0.07051600000704639 1.00000761449337e-06
0.07105400000000373 0.001756999990902841
0.07105400000000373 0.0
0.07038600000669248 0.0017210000078193843
0.07038600000669248 1.00000761449337e-06
0.0706509999872651 0.0017499999958090484
0.0706509999872651 0.0
0.07057999999960884 0.001799999998183921
0.07057999999960884 0.0
0.0702809999929741 0.0017050000024028122
0.0702809999929741 9.999785106629133e-07
0.06571299998904578 0.0016409999807365239
0.06571299998904578 0.0
0.06543800001963973 0.0016630000027362257
0.06543800001963973 0.0
0.06596099998569116 0.0016100000066217035
0.06596099998569116 0.0
0.06811799999559298 0.0016469999973196536
0.06811799999559298 0.0
0.07066299999132752 0.001736000005621463
0.07066299999132752 1.00000761449337e-06
0.07365799997933209 0.0017860000079963356
0.07365799997933209 0.0
0.07263300000340678 0.0017980000120587647
0.07263300000340678 0.0
0.07513199999812059 0.0018970000091940165
0.07513199999812059 0.0
0.07814600001438521 0.0020299999741837382
0.07814600001438521 0.0
0.08068299997830763 0.0021100000012665987
0.08068299997830763 0.0
0.07580299998517148 0.0018949999939650297
0.07580299998517148 0.0
0.07263000000966713 0.0018029999919235706
0.07263000000966713 1.00000761449337e-06
0.07281099999090657 0.0018189999973401427
0.07281099999090657 0.0
0.07521099998848513 0.0018649999983608723
0.07521099998848513 0.0
0.07525300001725554 0.001887999998871237
0.07525300001725554 0.0
0.07533200000762008 0.0019139999931212515
0.07533200000762008 1.00000761449337e-06
0.07046499999705702 0.0018130000098608434
0.07046499999705702 0.0
0.07280399999581277 0.0018270000000484288
0.07280399999581277 0.0
0.07332200001110323 0.0018439999839756638
0.07332200001110323 1.00000761449337e-06
0.07409599999664351 0.0018609999970067292
0.07409599999664351 0.0
0.07292900001630187 0.0018319999799132347
0.07292900001630187 0.0
0.07326199999079108 0.0017890000017359853
0.07326199999079108 0.0
0.07360299999709241 0.0018069999932777137
0.07360299999709241 0.0
0.0732420000131242 0.00180899997940287
0.0732420000131242 0.0
0.07333600000129081 0.0018170000112149864
0.07333600000129081 1.00000761449337e-06
0.07280300001730211 0.001758000027621165
0.07280300001730211 1.00000761449337e-06
0.0740479999803938 0.0019230000034440309
0.0740479999803938 1.00000761449337e-06
0.07315300000482239 0.0017780000052880496
0.07315300000482239 0.0
0.0729410000203643 0.0017840000218711793
0.0729410000203643 1.00000761449337e-06
0.07558299999800511 0.0021299999789334834
0.07558299999800511 1.00000761449337e-06
0.08886400001938455 0.0020610000065062195
0.08886400001938455 1.00000761449337e-06
0.07586000001174398 0.002286000002641231
0.07586000001174398 0.0
0.0795209999778308 0.0021570000099018216
0.0795209999778308 1.00000761449337e-06
0.07833499999833293 0.0019629999878816307
0.07833499999833293 0.0
0.08066800000960939 0.0020010000152979046
0.08066800000960939 1.00000761449337e-06
0.08025200001429766 0.0020090000180061907
0.08025200001429766 0.0
0.08021600000211038 0.001980999979423359
0.08021600000211038 1.00000761449337e-06
0.07840700002270751 0.0019770000071730465
0.07840700002270751 9.999785106629133e-07
0.10579800000414252 0.0027470000204630196
0.10579800000414252 0.0
0.08038500000839122 0.0020269999804440886
0.08038500000839122 0.0
0.07626699999673292 0.001883999997517094
0.07626699999673292 9.999785106629133e-07
0.07621499997912906 0.0018930000078398734
0.07621499997912906 0.0
0.07660699999541976 0.00189200000022538
0.07660699999541976 1.00000761449337e-06
0.07600899998215027 0.0018780000100377947
0.07600899998215027 0.0
0.07533600000897422 0.0019050000119023025
0.07533600000897422 0.0
0.07430800001020543 0.001867000013589859
0.07430800001020543 1.00000761449337e-06
0.07081500001368113 0.0017229999939445406
0.07081500001368113 0.0
0.07490700000198558 0.0018310000014025718
0.07490700000198558 0.0
0.08242500000051223 0.002070000016828999
0.08242500000051223 0.0
0.08553399998345412 0.004871000011917204
0.08553399998345412 1.00000761449337e-06
0.08816899999510497 0.005009999993490055
0.08816899999510497 0.0
0.08763299998827279 0.002402999991318211
0.08763299998827279 1.00000761449337e-06
0.08822000000509433 0.0022769999923184514
0.08822000000509433 0.0
0.08719799999380484 0.0021280000219121575
0.08719799999380484 0.0
0.08715499998652376 0.002175999979954213
0.08715499998652376 0.0
0.08534400002099574 0.0020800000056624413
0.08534400002099574 9.999785106629133e-07
0.0848859999969136 0.002142999990610406
0.0848859999969136 0.0
0.11133899999549612 0.0028529999835882336
0.11133899999549612 0.0
0.08592599999974482 0.002154999994672835
0.08592599999974482 1.00000761449337e-06
0.08735700001125224 0.0021699999924749136
0.08735700001125224 0.0
0.08765499998116866 0.0022610000160057098
0.08765499998116866 0.0
0.08744799997657537 0.0021590000251308084
0.08744799997657537 1.00000761449337e-06
0.08248899999307469 0.0020490000024437904
0.08248899999307469 0.0
0.08230300000286661 0.002011000004131347
0.08230300000286661 1.00000761449337e-06
0.08268299998599105 0.0020380000059958547
0.08268299998599105 0.0
0.0802620000031311 0.0020139999978709966
0.0802620000031311 0.0
0.07542899998952635 0.001931000006152317
0.07542899998952635 1.00000761449337e-06
0.08175799998571165 0.001943999988725409
0.08175799998571165 0.0
0.07994600001256913 0.0020179999992251396
0.07994600001256913 0.0
0.08043000000179745 0.00209500000346452
0.08043000000179745 1.00000761449337e-06
0.07755899999756366 0.0019709999905899167
0.07755899999756366 1.00000761449337e-06
0.07515000001876615 0.0018389999750070274
0.07515000001876615 1.00000761449337e-06
0.07778299998608418 0.0019829999946523458
0.07778299998608418 1.00000761449337e-06
0.07798000000184402 0.0019460000039543957
0.07798000000184402 0.0
0.07535700002335943 0.001900999981444329
0.07535700002335943 0.0
0.07523499999660999 0.001879999996162951
0.07523499999660999 1.00000761449337e-06
0.0773769999796059 0.00205199999618344
0.0773769999796059 1.00000761449337e-06
0.07748499998706393 0.0019109999993816018
0.07748499998706393 0.0
0.07877399999415502 0.0019570000004023314
0.07877399999415502 1.00000761449337e-06
0.07783900000504218 0.0019399999873712659
0.07783900000504218 1.00000761449337e-06
0.0784869999915827 0.0019899999897461385
0.0784869999915827 1.00000761449337e-06
0.07810799998696893 0.002003000001423061
0.07810799998696893 1.00000761449337e-06
0.08365499999490567 0.002062000014120713
0.08365499999490567 0.0
0.08082600001944229 0.0021840000117663294
0.08082600001944229 0.0
0.08009299999685027 0.001992000004975125
0.08009299999685027 0.0
0.07986199998413213 0.0020080000103916973
0.07986199998413213 0.0
0.07770900000468828 0.0019250000186730176
0.07770900000468828 0.0
0.07789499999489635 0.0019620000093709677
0.07789499999489635 0.0
0.07824399997480214 0.001971000019693747
0.07824399997480214 1.00000761449337e-06
0.07808899998781271 0.0019460000039543957
0.07808899998781271 1.00000761449337e-06
0.0927300000039395 0.0025980000209528953
0.0927300000039395 0.0
0.07837399997515604 0.0019380000012461096
0.07837399997515604 0.0
0.07741399999940768 0.0019190000020898879
0.07741399999940768 0.0
0.07820599997648969 0.001959999994141981
0.07820599997648969 9.999785106629133e-07
0.07824199998867698 0.0019179999944753945
0.07824199998867698 1.00000761449337e-06
0.07794600000488572 0.0019319999846629798
0.07794600000488572 9.999785106629133e-07
0.07807899999897927 0.0019139999931212515
0.07807899999897927 1.00000761449337e-06
0.08231399999931455 0.0020260000019334257
0.08231399999931455 0.0
0.08237099999678321 0.0020329999970272183
0.08237099999678321 9.999785106629133e-07
0.08512800000607967 0.0021220000053290278
0.08512800000607967 0.0
0.08018599997740239 0.0019810000085271895
0.08018599997740239 0.0
0.0809669999871403 0.002078999998047948
0.0809669999871403 1.00000761449337e-06
0.07757799999671988 0.0019449999963399023
0.07757799999671988 0.0
0.07817200000863522 0.0018989999953191727
0.07817200000863522 1.00000761449337e-06
0.07823300000745803 0.0019459999748505652
0.07823300000745803 1.00000761449337e-06
0.0776719999848865 0.001955000014277175
0.0776719999848865 1.00000761449337e-06
0.07319899997673929 0.0018210000125691295
0.07319899997673929 1.00000761449337e-06
0.07581300000310875 0.0018580000032670796
0.07581300000310875 0.0
0.07814900000812486 0.0019159999792464077
0.07814900000812486 0.0
0.08168299999670126 0.002179000002797693
0.08168299999670126 9.999785106629133e-07
0.07541099999798462 0.0018560000171419233
0.07541099999798462 9.999785106629133e-07
0.07518499999423511 0.0018659999768715352
0.07518499999423511 0.0
0.07524100001319312 0.0018970000091940165
0.07524100001319312 0.0
0.0762350000150036 0.0019549999851733446
0.0762350000150036 0.0
0.07325100002344698 0.0018320000090170652
0.07325100002344698 1.00000761449337e-06
0.07310599999618717 0.0017989999905694276
0.07310599999618717 1.00000761449337e-06
0.07279800000833347 0.001795999996829778
0.07279800000833347 1.00000761449337e-06
0.07550499998615123 0.0019160000083502382
0.07550499998615123 0.0
0.07559799999580719 0.0018950000230688602
0.07559799999580719 0.0
0.07666500000050291 0.0019469999824650586
0.07666500000050291 9.999785106629133e-07
0.07865499999024905 0.002078999998047948
0.07865499999024905 9.999785106629133e-07
0.0809999999764841 0.0021980000019539148
0.0809999999764841 1.00000761449337e-06
0.08097599999746308 0.0023480000090785325
0.08097599999746308 1.00000761449337e-06
0.09056400001281872 0.0020369999983813614
0.09056400001281872 0.0
0.08544300001813099 0.0021760000090580434
0.08544300001813099 0.0
0.0936199999996461 0.0022160000225994736
0.0936199999996461 1.00000761449337e-06
0.08436599999549799 0.002064000000245869
0.08436599999549799 0.0
0.08914799999911338 0.002004999987548217
0.08914799999911338 0.0
0.08711500000208616 0.0019709999905899167
0.08711500000208616 1.00000761449337e-06
0.07829299999866635 0.001900999981444329
0.07829299999866635 1.00000761449337e-06
0.07487000001128763 0.001863999990746379
0.07487000001128763 1.00000761449337e-06
0.0755150000040885 0.0018599999893922359
0.0755150000040885 0.0
0.07808000000659376 0.0019580000080168247
0.07808000000659376 0.0
0.07818300000508316 0.0019489999976940453
0.07818300000508316 0.0
0.07821899998816662 0.001947000011568889
0.07821899998816662 0.0
0.07781000001705252 0.0019280000124126673
0.07781000001705252 9.999785106629133e-07
0.07628499998827465 0.0019690000044647604
0.07628499998827465 9.999785106629133e-07
0.07458899999619462 0.00197199999820441
0.07458899999619462 0.0
0.07337299999198876 0.0018379999964963645
0.07337299999198876 0.0
0.07550000000628643 0.0018789999885484576
0.07550000000628643 9.999785106629133e-07
0.0753580000018701 0.0018789999885484576
0.0753580000018701 0.0
0.07520500000100583 0.0019299999985378236
0.07520500000100583 9.999785106629133e-07
0.07523499999660999 0.0018520000157877803
0.07523499999660999 0.0
0.07518699998036027 0.0019090000132564455
0.07518699998036027 1.00000761449337e-06
0.07549899999867193 0.0018810000037774444
0.07549899999867193 0.0
0.07818500002031215 0.001959999994141981
0.07818500002031215 0.0
0.07806600001640618 0.0019259999971836805
0.07806600001640618 0.0
0.07807099999627098 0.0019280000124126673
0.07807099999627098 1.00000761449337e-06
0.0802280000061728 0.0019890000112354755
0.0802280000061728 0.0
0.07986599998548627 0.002035999990766868
0.07986599998548627 9.999785106629133e-07
0.07988800000748597 0.00197199999820441
0.07988800000748597 0.0
0.08190499999909662 0.004152999987127259
0.08190499999909662 1.00000761449337e-06
0.08066300000064075 0.0020260000019334257
0.08066300000064075 0.0
0.07995499999378808 0.0019829999946523458
0.07995499999378808 9.999785106629133e-07
0.07625300000654534 0.0019540000066626817
0.07625300000654534 1.00000761449337e-06
0.0735479999857489 0.0018730000010691583
0.0735479999857489 0.0
0.0829970000195317 0.0026160000124946237
0.0829970000195317 1.00000761449337e-06
0.07803000000421889 0.0021100000012665987
0.07803000000421889 0.0
0.08036599998013116 0.002003000001423061
0.08036599998013116 0.0
0.08638599998084828 0.002174000022932887
0.08638599998084828 1.00000761449337e-06
0.07720400000107475 0.001959000015631318
0.07720400000107475 9.999785106629133e-07
0.07769100001314655 0.001967999996850267
0.07769100001314655 0.0
0.07580799999414012 0.0018880000279750675
0.07580799999414012 0.0
0.08020199998281896 0.002019999985350296
0.08020199998281896 1.00000761449337e-06
0.0816869999980554 0.00209199998062104
0.0816869999980554 0.0
0.08265799999935552 0.002187999984016642
0.08265799999935552 0.0
0.08319000000483356 0.0021019999985583127
0.08319000000483356 0.0
0.08085299999220297 0.0020419999782461673
0.08085299999220297 0.0
0.08007399999769405 0.0020240000158082694
0.08007399999769405 0.0
0.10047299999860115 0.0027479999989736825
0.10047299999860115 0.0
0.08368300000438467 0.0021010000200476497
0.08368300000438467 1.00000761449337e-06
0.08265399999800138 0.002031999989412725
0.08265399999800138 0.0
0.08258899999782443 0.0020300000032875687
0.08258899999782443 1.00000761449337e-06
0.08250799999223091 0.0020260000019334257
0.08250799999223091 0.0
0.08296500000869855 0.002076999982818961
0.08296500000869855 0.0
0.08252600001287647 0.0020589999912772328
0.08252600001287647 0.0
0.08076800001435913 0.001988999982131645
0.08076800001435913 0.0
0.08034700001007877 0.0020099999965168536
0.08034700001007877 1.00000761449337e-06
0.08042699997895397 0.0019570000004023314
0.08042699997895397 9.999785106629133e-07
0.08248400001320988 0.002047999994829297
0.08248400001320988 0.0
0.08249400000204332 0.002082999999402091
0.08249400000204332 1.00000761449337e-06
0.0854080000135582 0.0022319999989122152
0.0854080000135582 0.0
0.08511600000201724 0.0021370000031311065
0.08511600000201724 1.00000761449337e-06
0.08560200000647455 0.0020650000078603625
0.08560200000647455 1.00000761449337e-06
0.08594399999128655 0.00213199999416247
0.08594399999128655 9.999785106629133e-07
0.08493300000554882 0.002135999995516613
0.08493300000554882 0.0
0.08361000000149943 0.0020760000043082982
0.08361000000149943 0.0
0.10343299998203292 0.0027709999994840473
0.10343299998203292 1.00000761449337e-06
0.08377800000016578 0.0020209999929647893
0.08377800000016578 1.00000761449337e-06
0.0823390000150539 0.0020630000217352062
0.0823390000150539 1.00000761449337e-06
0.08536500000627711 0.0020819999917875975
0.08536500000627711 0.0
0.08911700002499856 0.0022290000051725656
0.08911700002499856 0.0
0.09686799999326468 0.005185999994864687
0.09686799999326468 9.999785106629133e-07
0.08824299997650087 0.0022560000070370734
0.08824299997650087 0.0
0.08511000001453795 0.002147999999579042
0.08511000001453795 9.999785106629133e-07
0.08513299998594448 0.0021610000112559646
0.08513299998594448 1.00000761449337e-06
0.08523499997681938 0.002127999992808327
0.08523499997681938 0.0
0.08774499999708496 0.0021779999951831996
0.08774499999708496 0.0
0.08354599997983314 0.0022609999869018793
0.08354599997983314 0.0
0.08226100000320002 0.0020389999845065176
0.08226100000320002 0.0
0.0824799999827519 0.0020260000019334257
0.0824799999827519 0.0
0.07786300001316704 0.001943000010214746
0.07786300001316704 0.0
0.07836799998767674 0.0019329999922774732
0.07836799998767674 1.00000761449337e-06
0.07505899999523535 0.001828999986173585
0.07505899999523535 0.0
0.0757549999980256 0.0018909999926108867
0.0757549999980256 0.0
0.07528999997884966 0.0018430000054650009
0.07528999997884966 0.0
0.07372200000099838 0.001803000021027401
0.07372200000099838 9.999785106629133e-07
0.07628599999588914 0.0018440000130794942
0.07628599999588914 1.00000761449337e-06
0.07578299997840077 0.0018850000051315874
0.07578299997840077 1.00000761449337e-06
0.07325600000331178 0.0018949999939650297
0.07325600000331178 0.0
0.07362300000386313 0.001812999980757013
0.07362300000386313 9.999785106629133e-07
0.07263999999850057 0.0018310000014025718
0.07263999999850057 1.00000761449337e-06
0.0757549999980256 0.0019659999816212803
0.0757549999980256 0.0
0.07562899999902584 0.0019109999993816018
0.07562899999902584 0.0
0.07523799999034964 0.0018730000010691583
0.07523799999034964 0.0
0.07612599999993108 0.0019469999824650586
0.07612599999993108 0.0
0.07581300000310875 0.0018730000010691583
0.07581300000310875 0.0
0.07360000000335276 0.0018520000157877803
0.07360000000335276 0.0
0.0709060000081081 0.001820999983465299
0.0709060000081081 1.00000761449337e-06
0.07072899999911897 0.0017300000181421638
0.07072899999911897 0.0
0.07111600000644103 0.0017940000107046217
0.07111600000644103 9.999785106629133e-07
0.07053100000484847 0.0017740000039339066
0.07053100000484847 9.999785106629133e-07
0.07338600000366569 0.001816999982111156
0.07338600000366569 0.0
0.07305400000768714 0.0017800000205170363
0.07305400000768714 1.00000761449337e-06
0.080335999984527 0.002003000001423061
0.080335999984527 0.0
0.08259100001305342 0.0020300000032875687
0.08259100001305342 0.0
0.08316600002581254 0.00209500000346452
0.08316600002581254 0.0
0.08538699999917299 0.002062000014120713
0.08538699999917299 0.0
0.0902559999958612 0.0023609999916516244
0.0902559999958612 1.00000761449337e-06
0.09063799999421462 0.0022929999977350235
0.09063799999421462 1.00000761449337e-06
0.08946399998967536 0.002226000011432916
0.08946399998967536 1.00000761449337e-06
0.09046599999419414 0.002218999987235293
0.09046599999419414 1.00000761449337e-06
0.09011600000667386 0.0022290000051725656
0.09011600000667386 0.0
0.08544900000561029 0.002115000010235235
0.08544900000561029 0.0
0.08383899999898858 0.0020929999882355332
0.08383899999898858 0.0
0.08028799999738112 0.0019570000004023314
0.08028799999738112 1.00000761449337e-06
0.07288299998617731 0.0017989999905694276
0.07288299998617731 0.0
0.07532000000355765 0.0018559999880380929
0.07532000000355765 0.0
0.07483100000536069 0.0018430000054650009
0.07483100000536069 1.00000761449337e-06
0.0729529999953229 0.0018090000085067004
0.0729529999953229 0.0
0.07319200001074933 0.0017769999976735562
0.07319200001074933 1.00000761449337e-06
0.07338600000366569 0.001799999998183921
0.07338600000366569 0.0
0.07325800001854077 0.0019160000083502382
0.07325800001854077 1.00000761449337e-06
0.07299400001647882 0.0017539999971631914
0.07299400001647882 1.00000761449337e-06
0.07263899999088608 0.001820000004954636
0.07263899999088608 9.999785106629133e-07
0.0730150000017602 0.0018229999986942858
0.0730150000017602 0.0
0.0744600000034552 0.0019090000132564455
0.0744600000034552 0.0
0.07894899998791516 0.0019570000004023314
0.07894899998791516 0.0
0.07569200001307763 0.001896000001579523
0.07569200001307763 1.00000761449337e-06
0.0761449999990873 0.001851000008173287
0.0761449999990873 1.00000761449337e-06
0.07567399999243207 0.0018640000198502094
0.07567399999243207 0.0
0.07496500000706874 0.0018149999959859997
0.07496500000706874 0.0
0.07527000000118278 0.0018569999956525862
0.07527000000118278 1.00000761449337e-06
0.07572899997467175 0.001883999997517094
0.07572899997467175 0.0
0.0757819999998901 0.0018469999777153134
0.0757819999998901 0.0
0.07546200000797398 0.0018130000098608434
0.07546200000797398 0.0
0.07559799999580719 0.0018649999983608723
0.07559799999580719 1.00000761449337e-06
0.07525900000473484 0.0018760000239126384
0.07525900000473484 0.0
0.07343300001230091 0.0018620000046212226
0.07343300001230091 1.00000761449337e-06
0.07350399999995716 0.0018390000041108578
0.07350399999995716 0.0
0.07333799998741597 0.0017860000079963356
0.07333799998741597 9.999785106629133e-07
0.07302799998433329 0.0017700000025797635
0.07302799998433329 0.0
0.07555999999749474 0.0018480000144336373
0.07555999999749474 0.0
0.07509900000877678 0.0018459999992046505
0.07509900000877678 1.00000761449337e-06
0.07327799999620765 0.0017860000079963356
0.07327799999620765 1.00000761449337e-06
0.07512699998915195 0.0018529999942984432
0.07512699998915195 1.00000761449337e-06
0.07554300001356751 0.0019109999993816018
0.07554300001356751 0.0
0.07588899999973364 0.0018470000068191439
0.07588899999973364 1.00000761449337e-06
0.07510099999490194 0.0019120000069960952
0.07510099999490194 0.0
0.07500199999776669 0.0018479999853298068
0.07500199999776669 0.0
0.07268399998429231 0.0017850000003818423
0.07268399998429231 1.00000761449337e-06
0.0752269999939017 0.0019399999873712659
0.0752269999939017 0.0
0.07837200001813471 0.0019000000029336661
0.07837200001813471 0.0
0.07854399998905137 0.001972999976715073
0.07854399998905137 1.00000761449337e-06
0.07835499997599982 0.0019090000132564455
0.07835499997599982 0.0
0.07686900001135655 0.001964999974006787
0.07686900001135655 0.0
0.07626499998150393 0.001931000006152317
0.07626499998150393 0.0
0.07332700002007186 0.0017979999829549342
0.07332700002007186 0.0
0.0754259999957867 0.0020779999904334545
0.0754259999957867 9.999785106629133e-07
0.07400800002506003 0.0018400000117253512
0.07400800002506003 0.0
0.07347800000570714 0.0017949999892152846
0.07347800000570714 1.00000761449337e-06
0.07305599999381229 0.0017719999887049198
0.07305599999381229 0.0
0.0732529999804683 0.001863000012235716
0.0732529999804683 1.00000761449337e-06
0.07508599999709986 0.001879999996162951
0.07508599999709986 1.00000761449337e-06
0.07383599999593571 0.001871999993454665
0.07383599999593571 0.0
0.07296799999312498 0.0018619999755173922
0.07296799999312498 0.0
0.07287899998482317 0.0018140000174753368
0.07287899998482317 1.00000761449337e-06
0.07289300000411458 0.0017769999976735562
0.07289300000411458 0.0
0.07300500001292676 0.0018140000174753368
0.07300500001292676 0.0
0.07298999998602085 0.0018050000071525574
0.07298999998602085 1.00000761449337e-06
0.07320300000719726 0.001824999984819442
0.07320300000719726 0.0
0.07299099999363534 0.001787000015610829
0.07299099999363534 1.00000761449337e-06
0.07616300001973286 0.0018959999724756926
0.07616300001973286 1.00000761449337e-06
0.07656999997561797 0.0018600000184960663
0.07656999997561797 9.999785106629133e-07
0.07302300000446849 0.0017829999851528555
0.07302300000446849 0.0
0.07282699999632314 0.0018770000024233013
0.07282699999632314 0.0
0.07353599998168647 0.0017650000227149576
0.07353599998168647 0.0
0.07553800000459887 0.0018649999983608723
0.07553800000459887 0.0
0.07521599999745376 0.0018580000032670796
0.07521599999745376 0.0
0.07520999998087063 0.0018360000103712082
0.07520999998087063 0.0
0.07516300000133924 0.0018399999826215208
0.07516300000133924 1.00000761449337e-06
0.07535600001574494 0.0018479999853298068
0.07535600001574494 1.00000761449337e-06
0.07492900002398528 0.0018569999956525862
0.07492900002398528 0.0
0.0759820000093896 0.0018409999902360141
0.0759820000093896 0.0
0.07292299999971874 0.0018280000076629221
0.07292299999971874 1.00000761449337e-06
0.07276199999614619 0.0017610000213608146
0.07276199999614619 1.00000761449337e-06
0.07319799999822862 0.0017740000039339066
0.07319799999822862 0.0
0.07536799999070354 0.001799999998183921
0.07536799999070354 0.0
0.10533700001542456 0.002964000013889745
0.10533700001542456 0.0
0.10504599998239428 0.0026030000008177012
0.10504599998239428 1.00000761449337e-06
0.10721600000397302 0.0025699999823700637
0.10721600000397302 0.0
0.0781239999923855 0.0018939999863505363
0.0781239999923855 1.00000761449337e-06
0.07741399999940768 0.0018699999782256782
0.07741399999940768 0.0
0.07763299997895956 0.0019160000083502382
0.07763299997895956 0.0
0.0802620000031311 0.0019829999946523458
0.0802620000031311 0.0
0.08061299999826588 0.002023000008193776
0.08061299999826588 0.0
0.09042900000349618 0.002283999987412244
0.09042900000349618 0.0
0.09741799999028444 0.005587999999988824
0.09741799999028444 0.0
0.09825000001001172 0.0027720000070985407
0.09825000001001172 9.999785106629133e-07
0.09726800001226366 0.002478999987943098
0.09726800001226366 1.00000761449337e-06
0.09662199998274446 0.0025559999921824783
0.09662199998274446 0.0
0.0985930000024382 0.0024139999877661467
0.0985930000024382 1.00000761449337e-06
0.10085100002470426 0.0030430000042542815
0.10085100002470426 0.0
0.09982100001070648 0.0024369999882765114
0.09982100001070648 1.00000761449337e-06
0.09480099999927916 0.0023910000163596123
0.09480099999927916 0.0
0.09442199999466538 0.0024000000266823918
0.09442199999466538 0.0
0.09282800002256408 0.002238000015495345
0.09282800002256408 0.0
0.09441499999957159 0.002398999989964068
0.09441499999957159 0.0
0.0947829999786336 0.0027600000030361116
0.0947829999786336 0.0
0.09179700000095181 0.0023250000085681677
0.09179700000095181 0.0
0.08714300001156516 0.0022570000146515667
0.08714300001156516 0.0
0.09010800000396557 0.0025819999864324927
0.09010800000396557 9.999785106629133e-07
0.0901610000000801 0.002673999988473952
0.0901610000000801 9.999785106629133e-07
0.08568399999057874 0.0021779999951831996
0.08568399999057874 0.0
0.08526599998003803 0.0021209999977145344
0.08526599998003803 1.00000761449337e-06
0.08441199999651872 0.002126000006683171
0.08441199999651872 1.00000761449337e-06
0.08480499999132007 0.0020859999931417406
0.08480499999132007 1.00000761449337e-06
0.08472899999469519 0.0021610000112559646
0.08472899999469519 1.00000761449337e-06
0.08200399999623187 0.0020530000037979335
0.08200399999623187 0.0
0.08220999999321066 0.0020329999970272183
0.08220999999321066 0.0
0.08240200000000186 0.0021840000117663294
0.08240200000000186 0.0
0.08295199999702163 0.002068000001600012
0.08295199999702163 0.0
0.08519100002013147 0.002550000004703179
0.08519100002013147 0.0
0.08325100000365637 0.002445999998599291
0.08325100000365637 0.0
0.11149800001294352 0.002810999983921647
0.11149800001294352 1.00000761449337e-06
0.08427400002256036 0.002418999996734783
0.08427400002256036 9.999785106629133e-07
0.0826799999922514 0.0020179999992251396
0.0826799999922514 0.0
0.08587600002647378 0.002171000000089407
0.08587600002647378 0.0
0.08780099998693913 0.0021980000019539148
0.08780099998693913 0.0
0.08727599997655489 0.0021520000009331852
0.08727599997655489 0.0
0.08775100001366809 0.002195999986724928
0.08775100001366809 0.0
0.08754799998132512 0.0022410000092349946
0.08754799998132512 1.00000761449337e-06
0.08819499998935498 0.002166999998735264
0.08819499998935498 0.0
0.12138600001344457 0.0032110000029206276
0.12138600001344457 0.0
0.11297499999636784 0.002849000011337921
0.11297499999636784 0.0
0.08397100001457147 0.002003000001423061
0.08397100001457147 9.999785106629133e-07
0.08308700000634417 0.002007000002777204
0.08308700000634417 0.0
0.10692700001527555 0.003009999985806644
0.10692700001527555 1.00000761449337e-06
0.11456400001770817 0.0027169999957550317
0.11456400001770817 0.0
0.08383200000389479 0.0020610000065062195
0.08383200000389479 0.0
0.0935569999855943 0.002717000024858862
0.0935569999855943 9.999785106629133e-07
0.08337700000265613 0.0020240000158082694
0.08337700000265613 1.00000761449337e-06
0.08299199998145923 0.002006000024266541
0.08299199998145923 0.0
0.11381199999595992 0.0028469999961089343
0.11381199999595992 0.0
0.08363999999710359 0.0019810000085271895
0.08363999999710359 0.0
0.08279200000106357 0.0019789999932982028
0.08279200000106357 0.0
0.08285000000614673 0.0021080000151414424
0.08285000000614673 0.0
0.08490000001620501 0.002103999984683469
0.08490000001620501 9.999785106629133e-07
0.08536399999866262 0.0020920000097248703
0.08536399999866262 1.00000761449337e-06
0.08633600000757724 0.002127000014297664
0.08633600000757724 0.0
0.08645599998999387 0.002095999981975183
0.08645599998999387 0.0
0.08591399999568239 0.0020800000056624413
0.08591399999568239 0.0
0.08846999998786487 0.002154999994672835
0.08846999998786487 9.999785106629133e-07
0.08749599999282509 0.0021290000004228204
0.08749599999282509 0.0
0.08762800000840798 0.0021269999851938337
0.08762800000840798 0.0
0.08764400001382455 0.0021240000205580145
0.08764400001382455 1.00000761449337e-06
0.08819899999070913 0.002303999994182959
0.08819899999070913 0.0
0.08736900001531467 0.002146999991964549
0.08736900001531467 1.00000761449337e-06
0.08489599998574704 0.002087000000756234
0.08489599998574704 1.00000761449337e-06
0.08512699999846518 0.0021109999797772616
0.08512699999846518 0.0
0.08509899998898618 0.00265800001216121
0.08509899998898618 0.0
0.08504199999151751 0.002054000011412427
0.08504199999151751 1.00000761449337e-06
0.0874199999962002 0.0021769999875687063
0.0874199999962002 9.999785106629133e-07
0.0848519999999553 0.0021040000137872994
0.0848519999999553 0.0
0.08500600000843406 0.00209500000346452
0.08500600000843406 9.999785106629133e-07
0.08517899998696521 0.0020409999997355044
0.08517899998696521 1.00000761449337e-06
0.08493700000690296 0.002035000012256205
0.08493700000690296 1.00000761449337e-06
0.0846179999934975 0.00205199999618344
0.0846179999934975 1.00000761449337e-06
0.08509799998137169 0.0020179999992251396
0.08509799998137169 0.0
0.08498600000166334 0.0021290000004228204
0.08498600000166334 1.00000761449337e-06
0.08310400001937523 0.002031000010902062
0.08310400001937523 9.999785106629133e-07
0.08464099999400787 0.0020509999885689467
0.08464099999400787 0.0
0.08866500001749955 0.0021339999802876264
0.08866500001749955 0.0
0.08799199998611584 0.002150999993318692
0.08799199998611584 0.0
0.08769200000097044 0.0021410000044852495
0.08769200000097044 1.00000761449337e-06
0.08783999999286607 0.00213199999416247
0.08783999999286607 0.0
0.08742899997741915 0.002171000000089407
0.08742899997741915 0.0
0.08864199998788536 0.002139999996870756
0.08864199998788536 1.00000761449337e-06
0.08732200000667945 0.0021299999789334834
0.08732200000667945 0.0
0.08778600001824088 0.0021859999978914857
0.08778600001824088 0.0
0.09031100000720471 0.0022170000011101365
0.09031100000720471 0.0
0.08971999998902902 0.002363000006880611
0.08971999998902902 0.0
0.08553899999242276 0.00205199999618344
0.08553899999242276 1.00000761449337e-06
0.08560099999886006 0.002019000006839633
0.08560099999886006 0.0
0.0876070000231266 0.002070000016828999
0.0876070000231266 1.00000761449337e-06
0.09933799999998882 0.0023990000190678984
0.09933799999998882 0.0
0.10169199999654666 0.005963000003248453
0.10169199999654666 0.0
0.10449500000686385 0.00599899998633191
0.10449500000686385 0.0
0.10458899999503046 0.002769000013358891
0.10458899999503046 0.0
0.10546700001577847 0.0025590000150259584
0.10546700001577847 1.00000761449337e-06
0.10463600000366569 0.0025550000136718154
0.10463600000366569 0.0
0.10423900000751019 0.00253800000064075
0.10423900000751019 1.00000761449337e-06
0.09959900000831112 0.0025169999862555414
0.09959900000831112 1.00000761449337e-06
0.09979000000748783 0.002443999983370304
0.09979000000748783 0.0
0.09996300001512282 0.002449000021442771
0.09996300001512282 0.0
0.09730100000160746 0.0024039999989327043
0.09730100000160746 0.0
0.09857900001225062 0.0023899999796412885
0.09857900001225062 0.0
0.09445799997774884 0.0023400000063702464
0.09445799997774884 1.00000761449337e-06
0.08796599999186583 0.0021530000085476786
0.08796599999186583 9.999785106629133e-07
0.08748399998876266 0.0021089999936521053
0.08748399998876266 1.00000761449337e-06
0.08522400000947528 0.002064000000245869
0.08522400000947528 0.0
0.08469600000535138 0.002035999990766868
0.08469600000535138 0.0
0.08789500000420958 0.0021220000053290278
0.08789500000420958 1.00000761449337e-06
0.08720500001800247 0.0020739999890793115
0.08720500001800247 0.0
0.08767800001078285 0.0020610000065062195
0.08767800001078285 0.0
0.08707699997466989 0.0021040000137872994
0.08707699997466989 1.00000761449337e-06
0.08798499999102205 0.0021539999870583415
0.08798499999102205 1.00000761449337e-06
0.088675000006333 0.0021390000183600932
0.088675000006333 0.0
0.12235900000086986 0.0031799999997019768
0.12235900000086986 0.0
0.09263999998802319 0.0022410000092349946
0.09263999998802319 0.0
0.09245399999781512 0.002306999987922609
0.09245399999781512 1.00000761449337e-06
0.09582399998907931 0.0024609999964013696
0.09582399998907931 0.0
0.09742000000551343 0.002382000006036833
0.09742000000551343 1.00000761449337e-06
0.09902200000942685 0.002443999983370304
0.09902200000942685 9.999785106629133e-07
0.09235999998054467 0.0023280000023078173
0.09235999998054467 0.0
0.0926329999929294 0.0022400000016205013
0.0926329999929294 0.0
0.09335000001010485 0.002310000010766089
0.09335000001010485 1.00000761449337e-06
0.0925310000020545 0.0022259999823290855
0.0925310000020545 0.0
0.09037399999215268 0.0021659999911207706
0.09037399999215268 1.00000761449337e-06
0.09022900002310053 0.0021380000107456
0.09022900002310053 0.0
0.08984299999428913 0.0022119999921415
0.08984299999428913 0.0
0.08985200000461191 0.002191000006860122
0.08985200000461191 1.00000761449337e-06
0.09234400000423193 0.0022569999855477363
0.09234400000423193 0.0
0.09231999999610707 0.0021819999965373427
0.09231999999610707 1.00000761449337e-06
0.09554300000309013 0.00237800000468269
0.09554300000309013 0.0
0.09493299998575822 0.0023529999889433384
0.09493299998575822 0.0
0.09266399999614805 0.0022360000002663583
0.09266399999614805 1.00000761449337e-06
0.11104299998260103 0.003112000005785376
0.11104299998260103 1.00000761449337e-06
0.13646300000254996 0.003324999997857958
0.13646300000254996 0.0
0.11281099999905564 0.006553000013809651
0.11281099999905564 1.00000761449337e-06
0.11187900000368245 0.00301799998851493
0.11187900000368245 1.00000761449337e-06
0.13250300000072457 0.0036979999858886003
0.13250300000072457 1.00000761449337e-06
0.11316000000806525 0.00274100000387989
0.11316000000806525 1.00000761449337e-06
0.11179399999673478 0.0027339999796822667
0.11179399999673478 0.0
0.11205399999744259 0.0026929999876301736
0.11205399999744259 1.00000761449337e-06
0.11173000000417233 0.0027870000049006194
0.11173000000417233 1.00000761449337e-06
0.10975999999209307 0.0028030000103171915
0.10975999999209307 0.0
0.11265899997670203 0.0027560000016819686
0.11265899997670203 0.0
0.1070719999843277 0.0026479999942239374
0.1070719999843277 0.0
0.10476000001654029 0.002582000015536323
0.10476000001654029 0.0
0.10434799999347888 0.002570999989984557
0.10434799999347888 0.0
0.10356899999896996 0.0026490000018384308
0.10356899999896996 0.0
0.1031760000041686 0.0024930000072345138
0.1031760000041686 0.0
0.1020120000175666 0.0024440000124741346
0.1020120000175666 1.00000761449337e-06
0.10666499999933876 0.0024449999909847975
0.10666499999933876 9.999785106629133e-07
0.09690599999157712 0.00233499999740161
0.09690599999157712 0.0
0.11314699999638833 0.003487000009045005
0.11314699999638833 0.0
0.09796299997833557 0.002279999986058101
0.09796299997833557 0.0
0.09898900002008304 0.0024879999982658774
0.09898900002008304 0.0
0.10824899998260662 0.002338999998755753
0.10824899998260662 0.0
0.13483300001826137 0.0034630000009201467
0.13483300001826137 0.0
0.10547499998938292 0.002593999990494922
0.10547499998938292 0.0
0.10193000000435859 0.002431000000797212
0.10193000000435859 0.0
0.10880899999756366 0.002506999997422099
0.10880899999756366 0.0
0.1161359999969136 0.0027800000098068267
0.1161359999969136 0.0
0.10974900002474897 0.0023689999943599105
0.10974900002474897 0.0
0.10985700000310317 0.0024919999996200204
0.10985700000310317 0.0
0.10329900000942871 0.0024719999928493053
0.10329900000942871 0.0
0.10130999999819323 0.0025000000023283064
0.10130999999819323 0.0
0.101321000023745 0.0025449999957345426
0.101321000023745 1.00000761449337e-06
0.10290999998687766 0.002550000004703179
0.10290999998687766 0.0
0.09921300000860356 0.002310999989276752
0.09921300000860356 1.00000761449337e-06
0.09720600000582635 0.0023099999816622585
0.09720600000582635 1.00000761449337e-06
0.10024800000246614 0.002431000000797212
0.10024800000246614 9.999785106629133e-07
0.10049599999911152 0.0024409999896306545
0.10049599999911152 9.999785106629133e-07
0.10036400001263246 0.0024569999950472265
0.10036400001263246 0.0
0.10092299999087118 0.00241499999538064
0.10092299999087118 0.0
0.09971899999072775 0.002375999989453703
0.09971899999072775 0.0
0.10496500000590459 0.002502999996067956
0.10496500000590459 0.0
0.10231499999645166 0.00265499998931773
0.10231499999645166 1.00000761449337e-06
0.11404299997957423 0.002558999985922128
0.11404299997957423 1.00000761449337e-06
0.11937699999543838 0.0026310000102967024
0.11937699999543838 9.999785106629133e-07
0.12043400001130067 0.002678999997442588
0.12043400001130067 0.0
0.12751700001535937 0.007765999995172024
0.12751700001535937 9.999785106629133e-07
0.13242700000409968 0.0033930000208783895
0.13242700000409968 0.0
0.12767700001131743 0.003240000020014122
0.12767700001131743 0.0
0.12802199998986907 0.003112000005785376
0.12802199998986907 0.0
0.1382700000249315 0.003060000017285347
0.1382700000249315 0.0
0.12715499999467283 0.0031140000210143626
0.12715499999467283 0.0
0.13557400001445785 0.0031149999995250255
0.13557400001445785 0.0
0.14264500001445413 0.0034050000249408185
0.14264500001445413 9.999785106629133e-07
0.1282690000080038 0.002997999981744215
0.1282690000080038 0.0
0.13005799998063594 0.0029389999981503934
0.13005799998063594 0.0
0.11627900000894442 0.0028670000028796494
0.11627900000894442 0.0
0.11534000001847744 0.00273800001014024
0.11534000001847744 1.00000761449337e-06
0.11169499999959953 0.0027289999998174608
0.11169499999959953 0.0
0.10968399999546818 0.002597999991849065
0.10968399999546818 1.00000761449337e-06
0.10825000001932494 0.0025269999750889838
0.10825000001932494 9.999785106629133e-07
0.10408299998380244 0.0025200000090990216
0.10408299998380244 1.00000761449337e-06
0.1041960000002291 0.0024810000031720847
0.1041960000002291 0.0
0.10500599999795668 0.002554999984567985
0.10500599999795668 0.0
0.10492299997713417 0.0024750000156927854
0.10492299997713417 0.0
0.10684699998819269 0.002517000015359372
0.10684699998819269 1.00000761449337e-06
0.10749900000519119 0.002662000013515353
0.10749900000519119 0.0
0.10786100002587773 0.0025470000109635293
0.10786100002587773 0.0
0.10715299998992123 0.0025929999828804284
0.10715299998992123 0.0
0.10732599999755621 0.0025169999862555414
0.10732599999755621 9.999785106629133e-07
0.1457409999857191 0.0034690000175032765
0.1457409999857191 0.0
0.10826199999428354 0.002521999995224178
0.10826199999428354 0.0
0.1068410000007134 0.002530999976443127
0.1068410000007134 1.00000761449337e-06
0.10962800000561401 0.0027289999998174608
0.10962800000561401 0.0
0.1482339999929536 0.002961999998660758
0.1482339999929536 0.0
0.11063099998864345 0.0027279999922029674
0.11063099998864345 0.0
0.1093529999780003 0.0025840000016614795
0.1093529999780003 0.0
0.11376099998597056 0.002745000005234033
0.11376099998597056 0.0
0.11399800001527183 0.0027439999976195395
0.11399800001527183 0.0
0.11419200000818819 0.002677999989828095
0.11419200000818819 1.00000761449337e-06
0.11904099999810569 0.002837999985786155
0.11904099999810569 0.0
0.11608899998827837 0.002830999990692362
0.11608899998827837 1.00000761449337e-06
0.1283969999931287 0.002929000009316951
0.1283969999931287 1.00000761449337e-06
0.1332330000004731 0.0029199999989941716
0.1332330000004731 1.00000761449337e-06
0.12171100001432933 0.0028139999776612967
0.12171100001432933 1.00000761449337e-06
0.12795200000982732 0.0032610000052955
0.12795200000982732 1.00000761449337e-06
0.1339250000019092 0.0029289999802131206
0.1339250000019092 1.00000761449337e-06
0.12791899999137968 0.003013000008650124
0.12791899999137968 1.00000761449337e-06
0.1324480000184849 0.0030780000088270754
0.1324480000184849 0.0
0.1388499999884516 0.007959999988088384
0.1388499999884516 0.0
0.14569000000483356 0.008855000021867454
0.14569000000483356 1.00000761449337e-06
0.1599630000127945 0.005486999987624586
0.1599630000127945 1.00000761449337e-06
0.16703599999891594 0.0035930000012740493
0.16703599999891594 1.00000761449337e-06
0.13451699999859557 0.0033509999921079725
0.13451699999859557 9.999785106629133e-07
0.12892400001874194 0.003128000011201948
0.12892400001874194 0.0
0.1455089999944903 0.0032950000022538006
0.1455089999944903 0.0
0.14436800000839867 0.0031860000162851065
0.14436800000839867 0.0
0.1329719999921508 0.003237999975681305
0.1329719999921508 1.00000761449337e-06
0.13199700001860037 0.0032070000015664846
0.13199700001860037 1.00000761449337e-06
0.12381700001424178 0.004132000001845881
0.12381700001424178 1.00000761449337e-06
0.14351799999712966 0.0028630000015255064
0.14351799999712966 0.0
0.11980399998719804 0.0031620000081602484
0.11980399998719804 1.00000761449337e-06
0.12793000001693144 0.0030450000194832683
0.12793000001693144 0.0
0.1224999999976717 0.0028420000162441283
0.1224999999976717 0.0
0.1119849999959115 0.003105000010691583
0.1119849999959115 0.0
0.11800499999662861 0.0029429999995045364
0.11800499999662861 1.00000761449337e-06
0.1306779999868013 0.0027910000062547624
0.1306779999868013 1.00000761449337e-06
0.10484300000825897 0.0026000000070780516
0.10484300000825897 1.00000761449337e-06
0.10417799997958355 0.002546000003349036
0.10417799997958355 1.00000761449337e-06
0.10497899999609217 0.0025539999769534916
0.10497899999609217 1.00000761449337e-06
0.10146199999144301 0.0024480000138282776
0.10146199999144301 0.0
0.10170499997911975 0.002486000012140721
0.10170499997911975 1.00000761449337e-06
0.10203999999794178 0.0024919999996200204
0.10203999999794178 0.0
0.09905099999741651 0.002382000006036833
0.09905099999741651 1.00000761449337e-06
0.09998300002189353 0.0024299999931827188
0.09998300002189353 0.0
0.10211199999321252 0.0025249999889638275
0.10211199999321252 1.00000761449337e-06
0.10150799999246374 0.002454000001307577
0.10150799999246374 0.0
0.10240299999713898 0.0024960000009741634
0.10240299999713898 0.0
0.1025239999871701 0.0024550000089220703
0.1025239999871701 1.00000761449337e-06
0.10260899999411777 0.002590999996755272
0.10260899999411777 0.0
0.10441800000262447 0.0024809999740682542
0.10441800000262447 0.0
0.1057520000031218 0.002523000002838671
0.1057520000031218 1.00000761449337e-06
0.10158600000431761 0.0024019999837037176
0.10158600000431761 1.00000761449337e-06
0.10182800001348369 0.002394999988609925
0.10182800001348369 9.999785106629133e-07
0.10289900001953356 0.00253800000064075
0.10289900001953356 0.0
0.10249399999156594 0.0024590000102762133
0.10249399999156594 1.00000761449337e-06
0.10285799999837764 0.0024730000004637986
0.10285799999837764 1.00000761449337e-06
0.10207399999490008 0.002431000000797212
0.10207399999490008 0.0
0.10195500002009794 0.002441000018734485
0.10195500002009794 1.00000761449337e-06
0.09967299998970702 0.0023879999935161322
0.09967299998970702 1.00000761449337e-06
0.10251500000595115 0.002515999978641048
0.10251500000595115 9.999785106629133e-07
0.10154400000465102 0.0024219999904744327
0.10154400000465102 0.0
0.10366600000998005 0.0024320000084117055
0.10366600000998005 1.00000761449337e-06
0.10265700001036748 0.0024890000058803707
0.10265700001036748 0.0
0.10295100000803359 0.0024759999942034483
0.10295100000803359 0.0
0.0998130000079982 0.0024129999801516533
0.0998130000079982 9.999785106629133e-07
0.10195999999996275 0.0024659999762661755
0.10195999999996275 0.0
0.10205499999574386 0.0024429999757558107
0.10205499999574386 1.00000761449337e-06
0.10220299998763949 0.00245800000266172
0.10220299998763949 0.0
0.10391700000036508 0.0025630000163801014
0.10391700000036508 0.0
0.11856600001920015 0.002785999997286126
0.11856600001920015 0.0
0.11970300000393763 0.002888000017264858
0.11970300000393763 0.0
0.12221599998883903 0.0032589999900665134
0.12221599998883903 0.0
0.12481800001114607 0.0030750000150874257
0.12481800001114607 0.0
0.12380700002540834 0.003032000007806346
0.12380700002540834 0.0
0.15028099998016842 0.004153999994741753
0.15028099998016842 0.0
0.16876900001079775 0.0041899999778252095
0.16876900001079775 1.00000761449337e-06
0.16614299998036586 0.004394999996293336
0.16614299998036586 0.0
0.1679780000122264 0.004360999999335036
0.1679780000122264 9.999785106629133e-07
0.17045899998629466 0.004191999993054196
0.17045899998629466 0.0
0.13138499998603947 0.0031889999809209257
0.13138499998603947 0.0
0.12875800000620075 0.0031339999986812472
0.12875800000620075 1.00000761449337e-06
0.12895600000047125 0.0031100000196602196
0.12895600000047125 0.0
0.12871499999891967 0.0031900000176392496
0.12871499999891967 0.0
0.1267140000127256 0.003038999973796308
0.1267140000127256 0.0
0.12142400001175702 0.003041999996639788
0.12142400001175702 1.00000761449337e-06
0.12087199999950826 0.002841999987140298
0.12087199999950826 0.0
0.11640699999406934 0.0028049999964423478
0.11640699999406934 0.0
0.11602799998945557 0.002806000004056841
0.11602799998945557 1.00000761449337e-06
0.11580400000093505 0.0027249999984633178
0.11580400000093505 0.0
0.11414700001478195 0.0027150000096298754
0.11414700001478195 0.0
0.11462499998742715 0.0027500000142026693
0.11462499998742715 0.0
0.11596700001973659 0.0027110000082757324
0.11596700001973659 1.00000761449337e-06
0.11405699999886565 0.0027289999998174608
0.11405699999886565 0.0
0.11476799999945797 0.0027179999742656946
0.11476799999945797 1.00000761449337e-06
0.1166230000089854 0.0027929999923799187
0.1166230000089854 0.0
0.11539900000207126 0.002814000006765127
0.11539900000207126 1.00000761449337e-06
0.1143549999978859 0.0027870000049006194
0.1143549999978859 1.00000761449337e-06
0.11404100002255291 0.002750999992713332
0.11404100002255291 1.00000761449337e-06
0.1155620000208728 0.002685999992536381
0.1155620000208728 1.00000761449337e-06
0.1169860000081826 0.0028079999901819974
0.1169860000081826 0.0
0.1167249999998603 0.0030269999988377094
0.1167249999998603 9.999785106629133e-07
0.11536200001137331 0.002714000002015382
0.11536200001137331 9.999785106629133e-07
0.11151100002462044 0.0028230000170879066
0.11151100002462044 0.0
0.112040000007255 0.0026910000015050173
0.112040000007255 0.0
0.11292300000786781 0.0027020000270567834
0.11292300000786781 9.999785106629133e-07
0.10760600000503473 0.002637000026879832
0.10760600000503473 9.999785106629133e-07
0.10457399999722838 0.002546000003349036
0.10457399999722838 0.0
0.10206899998593144 0.00241800001822412
0.10206899998593144 0.0
0.10336400000960566 0.0024360000097658485
0.10336400000960566 0.0
0.11004400000092573 0.002577000006567687
0.11004400000092573 1.00000761449337e-06
0.10950400002184324 0.0026280000165570527
0.10950400002184324 1.00000761449337e-06
0.10964899999089539 0.0025599999935366213
0.10964899999089539 0.0
0.10961499999393709 0.002653000003192574
0.10961499999393709 0.0
0.11973100001341663 0.0029349999967962503
0.11973100001341663 1.00000761449337e-06
0.12687099998584017 0.0030759999935980886
0.12687099998584017 0.0
0.12923099999898113 0.0031540000054519624
0.12923099999898113 1.00000761449337e-06
0.12890599999809638 0.003185999987181276
0.12890599999809638 9.999785106629133e-07
0.12950400001136586 0.0031230000022333115
0.12950400001136586 0.0
0.1074240000161808 0.002591999975265935
0.1074240000161808 0.0
0.10968500000308268 0.0028350000211503357
0.10968500000308268 0.0
0.10926399999880232 0.0029020000074524432
0.10926399999880232 0.0
0.10964000000967644 0.0026599999982863665
0.10964000000967644 0.0
0.10927399998763576 0.0026599999982863665
0.10927399998763576 0.0
0.10967900001560338 0.002642000006744638
0.10967900001560338 0.0
0.10953000001609325 0.002642000006744638
0.10953000001609325 0.0
0.10963399999309331 0.002646000008098781
0.10963399999309331 1.00000761449337e-06
0.10850500001106411 0.0026279999874532223
0.10850500001106411 0.0
0.10733900000923313 0.002640000020619482
0.10733900000923313 1.00000761449337e-06
0.10800999999628402 0.00261799999861978
0.10800999999628402 1.00000761449337e-06
0.10719699997571297 0.002586000016890466
0.10719699997571297 1.00000761449337e-06
0.10669300000881776 0.002673999988473952
0.10669300000881776 0.0
0.10740700000314973 0.0026270000089425594
0.10740700000314973 0.0
0.10473799999454059 0.0025440000172238797
0.10473799999454059 0.0
0.10692700001527555 0.0025880000030156225
0.10692700001527555 0.0
0.11993000001530163 0.002761000010650605
0.11993000001530163 1.00000761449337e-06
0.1257190000033006 0.002681999991182238
0.1257190000033006 0.0
0.11321700000553392 0.0026450000004842877
0.11321700000553392 0.0
0.12448200001381338 0.0036540000000968575
0.12448200001381338 0.0
0.11408999998820946 0.0027080000145360827
0.11408999998820946 1.00000761449337e-06
0.11517299999832176 0.0027289999998174608
0.11517299999832176 0.0
0.12196200000471435 0.0028099999763071537
0.12196200000471435 0.0
0.11199800000758842 0.002749999985098839
0.11199800000758842 0.0
0.1119499999913387 0.003032000007806346
0.1119499999913387 0.0
0.10470699999132194 0.0025479999894741923
0.10470699999132194 0.0
0.10783500000252388 0.002666999993380159
0.10783500000252388 0.0
0.10724799998570234 0.0026049999869428575
0.10724799998570234 1.00000761449337e-06
0.1069419999839738 0.0025900000182446092
0.1069419999839738 1.00000761449337e-06
0.1066630000132136 0.0025849999801721424
0.1066630000132136 0.0
0.10760899999877438 0.0025900000182446092
0.10760899999877438 0.0
0.10977000001003034 0.002570999989984557
0.10977000001003034 0.0
0.11024400001042522 0.0026390000130049884
0.11024400001042522 0.0
0.11027400000602938 0.0026439999928697944
0.11027400000602938 0.0
0.10731699998723343 0.002621999999973923
0.10731699998723343 0.0
0.10715200001141056 0.0025769999774638563
0.10715200001141056 0.0
0.10731200000736862 0.0026030000008177012
0.10731200000736862 1.00000761449337e-06
0.10686499997973442 0.0025610000011511147
0.10686499997973442 0.0
0.10776100002112798 0.002613999997265637
0.10776100002112798 1.00000761449337e-06
0.10827999998582527 0.0027520000003278255
0.10827999998582527 0.0
0.10733499997877516 0.002609999995911494
0.10733499997877516 0.0
0.1093809999874793 0.0026639999996405095
0.1093809999874793 9.999785106629133e-07
0.11025800000061281 0.0027190000109840184
0.11025800000061281 0.0
0.11057499999878928 0.0027049999916926026
0.11057499999878928 0.0
0.11020500000449829 0.0026950000028591603
0.11020500000449829 1.00000761449337e-06
0.10912899998947978 0.0026720000023487955
0.10912899998947978 0.0
0.10991299999295734 0.0026289999950677156
0.10991299999295734 0.0
0.10948100002133287 0.00261199998203665
0.10948100002133287 9.999785106629133e-07
0.11074599999119528 0.002657000004546717
0.11074599999119528 0.0
0.10755700001027435 0.002633000025525689
0.10755700001027435 0.0
0.10773099999642 0.0025980000209528953
0.10773099999642 1.00000761449337e-06
0.10945399999036454 0.0025960000057239085
0.10945399999036454 1.00000761449337e-06
0.10928599999169819 0.0026129999896511436
0.10928599999169819 0.0
0.10990000001038425 0.0026750000251922756
0.10990000001038425 9.999785106629133e-07
0.11142500001005828 0.002687999978661537
0.11142500001005828 1.00000761449337e-06
0.11173399997642264 0.002634000004036352
0.11173399997642264 0.0
0.11449799998081289 0.002834999992046505
0.11449799998081289 1.00000761449337e-06
0.11387599998852238 0.002781999995931983
0.11387599998852238 0.0
0.13365100001101382 0.003695000021252781
0.13365100001101382 0.0
0.11478699999861419 0.0027359999949112535
0.11478699999861419 0.0
0.13970199998584576 0.0039000000106170774
0.13970199998584576 9.999785106629133e-07
0.15489599999273196 0.003724999987753108
0.15489599999273196 1.00000761449337e-06
0.12166299999807961 0.0028569999849423766
0.12166299999807961 0.0
0.11950100000831299 0.002865999995265156
0.11950100000831299 0.0
0.121227000025101 0.0029270000231917948
0.121227000025101 0.0
0.12318800002685748 0.0028910000110045075
0.12318800002685748 0.0
0.12392899999395013 0.0029630000062752515
0.12392899999395013 0.0
0.12108499999158084 0.003204000007826835
0.12108499999158084 0.0
0.1246930000197608 0.0029380000196397305
0.1246930000197608 1.00000761449337e-06
0.12619499998982064 0.002966999978525564
0.12619499998982064 0.0
0.12623900000471622 0.0030639999895356596
0.12623900000471622 0.0
0.12593700000434183 0.002956000011181459
0.12593700000434183 1.00000761449337e-06
0.13657099998090416 0.0033770000154618174
0.13657099998090416 1.00000761449337e-06
0.14609500000369735 0.008639999985462055
0.14609500000369735 0.0
0.14587500001653098 0.0038920000079087913
0.14587500001653098 1.00000761449337e-06
0.14817699999548495 0.003640999988419935
0.14817699999548495 0.0
0.14812299999175593 0.00370400000247173
0.14812299999175593 1.00000761449337e-06
0.1482970000070054 0.003576999995857477
0.1482970000070054 0.0
0.14859199998318218 0.0035659999994095415
0.14859199998318218 0.0
0.1494910000183154 0.003607999999076128
0.1494910000183154 0.0
0.14604099999996834 0.0034940000041387975
0.14604099999996834 0.0
0.14930800002184696 0.0035840000200551003
0.14930800002184696 1.00000761449337e-06
0.14597899999353103 0.0035579999967012554
0.14597899999353103 1.00000761449337e-06
0.14515799999935552 0.00358399999095127
0.14515799999935552 0.0
0.14636899999459274 0.003575999988242984
0.14636899999459274 0.0
0.14399899999261834 0.0036609999951906502
0.14399899999261834 9.999785106629133e-07
0.1315900000045076 0.0030630000110249966
0.1315900000045076 1.00000761449337e-06
0.17601699999067932 0.004129999986616895
0.17601699999067932 0.0
0.12165700001060031 0.002894000004744157
0.12165700001060031 1.00000761449337e-06
0.11921400000574067 0.0028489999822340906
0.11921400000574067 1.00000761449337e-06
0.12156599998706952 0.0029349999967962503
0.12156599998706952 0.0
0.12200600001960993 0.0029240000003483146
0.12200600001960993 0.0
0.12149699998553842 0.002913999982411042
0.12149699998553842 0.0
0.1218819999776315 0.002949999994598329
0.1218819999776315 9.999785106629133e-07
0.12281900001107715 0.0030070000211708248
0.12281900001107715 0.0
0.12270700000226498 0.0029199999989941716
0.12270700000226498 0.0
0.12079699998139404 0.0029349999967962503
0.12079699998139404 0.0
0.12129599999752827 0.002882000000681728
0.12129599999752827 1.00000761449337e-06
0.12699499999871477 0.0029910000157542527
0.12699499999871477 0.0
0.12365799999679439 0.002921999985119328
0.12365799999679439 9.999785106629133e-07
0.12672500000917353 0.0030740000074729323
0.12672500000917353 0.0
0.12934599997242913 0.0031860000162851065
0.12934599997242913 0.0
0.1285550000029616 0.0031000000017229468
0.1285550000029616 0.0
0.12351099998340942 0.0030519999854732305
0.12351099998340942 9.999785106629133e-07
0.12804899999173358 0.002972999995108694
0.12804899999173358 9.999785106629133e-07
0.12346800000523217 0.0029180000128690153
0.12346800000523217 0.0
0.12351800000760704 0.0029630000062752515
0.12351800000760704 0.0
0.12396500000613742 0.002953999995952472
0.12396500000613742 0.0
0.12196300001232885 0.0029280000017024577
0.12196300001232885 0.0
0.1167029999778606 0.002845000009983778
0.1167029999778606 1.00000761449337e-06
0.11376700000255369 0.0027529999788384885
0.11376700000255369 1.00000761449337e-06
0.11655299999983981 0.0026659999857656658
0.11655299999983981 0.0
0.11716399999568239 0.0027640000043902546
0.11716399999568239 1.00000761449337e-06
0.11617900000419468 0.002834999992046505
0.11617900000419468 0.0
0.11594099999638274 0.0028429999947547913
0.11594099999638274 1.00000761449337e-06
0.11670600000070408 0.002909000002546236
0.11670600000070408 0.0
0.1257949999999255 0.0029919999942649156
0.1257949999999255 0.0
0.14054799999576062 0.003507999994326383
0.14054799999576062 0.0
0.14403300001868047 0.0036170000093989074
0.14403300001868047 0.0
0.1444550000014715 0.0036319999780971557
0.1444550000014715 0.0
0.1446120000036899 0.003636000008555129
0.1446120000036899 1.00000761449337e-06
0.14325900000403635 0.0036149999941699207
0.14325900000403635 0.0
0.15086900000460446 0.0035770000249613076
0.15086900000460446 1.00000761449337e-06
0.14345699999830686 0.0036149999941699207
0.14345699999830686 1.00000761449337e-06
0.14140599998063408 0.003345000004628673
0.14140599998063408 0.0
0.14145600001211278 0.003411000012420118
0.14145600001211278 1.00000761449337e-06
0.14139300002716482 0.003431000019190833
0.14139300002716482 0.0
0.13985999999567866 0.0033190000103786588
0.13985999999567866 9.999785106629133e-07
0.13831500001833774 0.0033150000090245157
0.13831500001833774 0.0
0.13560800001141615 0.003288999985670671
0.13560800001141615 1.00000761449337e-06
0.1167319999949541 0.002794999978505075
0.1167319999949541 9.999785106629133e-07
0.11886600000434555 0.00285799999255687
0.11886600000434555 9.999785106629133e-07
0.11885699999402277 0.0028520000050775707
0.11885699999402277 0.0
0.11970899999141693 0.002825000003213063
0.11970899999141693 0.0
0.11874299999908544 0.0028199999942444265
0.11874299999908544 0.0
0.1186710000038147 0.002812999999150634
0.1186710000038147 0.0
0.11842099999194033 0.0028729999903589487
0.11842099999194033 0.0
0.11941499999375083 0.0028409999795258045
0.11941499999375083 0.0
0.1194250000116881 0.0028400000010151416
0.1194250000116881 0.0
0.1167999999888707 0.0027800000098068267
0.1167999999888707 0.0
0.11617700001806952 0.00273800001014024
0.11617700001806952 1.00000761449337e-06
0.11895000000367872 0.002812000020639971
0.11895000000367872 0.0
0.12290700001176447 0.002925999986473471
0.12290700001176447 9.999785106629133e-07
0.124121999979252 0.003259000019170344
0.124121999979252 0.0
0.12685800000326708 0.003025999991223216
0.12685800000326708 1.00000761449337e-06
0.12762000001384877 0.003496999997878447
0.12762000001384877 9.999785106629133e-07
0.1277340000087861 0.0030660000047646463
0.1277340000087861 0.0
0.12604000000283122 0.0030630000110249966
0.12604000000283122 0.0
0.12650499999290332 0.0029919999942649156
0.12650499999290332 0.0
0.12511100000119768 0.0029950000171083957
0.12511100000119768 1.00000761449337e-06
0.12604499998269603 0.003013999987160787
0.12604499998269603 0.0
0.12432600001920946 0.0028590000001713634
0.12432600001920946 0.0
0.12442100001499057 0.0030149999947752804
0.12442100001499057 9.999785106629133e-07
0.12161299999570474 0.0028870000096503645
0.12161299999570474 0.0
0.12140000000363216 0.0029240000003483146
0.12140000000363216 1.00000761449337e-06
0.12124300000141375 0.0028640000091399997
0.12124300000141375 0.0
0.12394699998549186 0.002933999989181757
0.12394699998549186 0.0
0.12150199999450706 0.002957999997306615
0.12150199999450706 0.0
0.12253799999598414 0.002873999997973442
0.12253799999598414 1.00000761449337e-06
0.12246099999174476 0.0029329999815672636
0.12246099999174476 0.0
0.12498900000355206 0.0030870000191498548
0.12498900000355206 0.0
0.15300600000773557 0.0034459999878890812
0.15300600000773557 1.00000761449337e-06
0.15468300000065938 0.00382399998488836
0.15468300000065938 0.0
0.1544479999865871 0.004123999999137595
0.1544479999865871 1.00000761449337e-06
0.15609200001927093 0.0038289999938569963
0.15609200001927093 1.00000761449337e-06
0.1584699999948498 0.0043080000032205135
0.1584699999948498 0.0
0.15404799999669194 0.008661999978357926
0.15404799999669194 0.0
0.14873899999656714 0.0035579999967012554
0.14873899999656714 1.00000761449337e-06
0.143290000007255 0.003607999999076128
0.143290000007255 1.00000761449337e-06
0.144283000001451 0.003706000017700717
0.144283000001451 0.0
0.14353699999628589 0.003767000016523525
0.14353699999628589 9.999785106629133e-07
0.1435650000057649 0.0037050000100862235
0.1435650000057649 9.999785106629133e-07
0.14137099997606128 0.00370400000247173
0.14137099997606128 0.0
0.12632700000540353 0.0030599999881815165
0.12632700000540353 0.0
0.1191920000128448 0.002837000007275492
0.1191920000128448 0.0
0.11938000001828186 0.0031319999834522605
0.11938000001828186 0.0
0.12260500001139008 0.002877999999327585
0.12260500001139008 0.0
0.12165200000163168 0.002837999985786155
0.12165200000163168 0.0
0.12276699999347329 0.002913000003900379
0.12276699999347329 0.0
0.11866700000246055 0.002818999986629933
0.11866700000246055 0.0
0.12152300000889227 0.0029039999935775995
0.12152300000889227 0.0
0.12440699999569915 0.0029309999954421073
0.12440699999569915 0.0
0.12375600001541898 0.0029349999967962503
0.12375600001541898 1.00000761449337e-06
0.12394400002085604 0.0029320000030566007
0.12394400002085604 0.0
0.12450199999148026 0.003052999993087724
0.12450199999148026 0.0
0.12334599997848272 0.0029510000022128224
0.12334599997848272 0.0
0.1255900000105612 0.002921000006608665
0.1255900000105612 1.00000761449337e-06
0.1239859999914188 0.002913999982411042
0.1239859999914188 0.0
0.12422999998671003 0.002960000012535602
0.12422999998671003 0.0
0.12347800002316944 0.002929000009316951
0.12347800002316944 1.00000761449337e-06
0.12492800000472926 0.0030879999976605177
0.12492800000472926 0.0
0.12596199999097735 0.0028560000064317137
0.12596199999097735 0.0
0.12482299999101087 0.0029860000067856163
0.12482299999101087 0.0
0.1234569999796804 0.002880000014556572
0.1234569999796804 1.00000761449337e-06
0.12408599999616854 0.002993000001879409
0.12408599999616854 9.999785106629133e-07
0.1236720000160858 0.0029550000035669655
0.1236720000160858 0.0
0.1259309999877587 0.0030329999863170087
0.1259309999877587 1.00000761449337e-06
0.1272809999936726 0.0030750000150874257
0.1272809999936726 9.999785106629133e-07
0.12432299999636598 0.0029820000054314733
0.12432299999636598 1.00000761449337e-06
0.12450500001432374 0.0029870000144001096
0.12450500001432374 0.0
0.12919800000963733 0.003077000001212582
0.12919800000963733 9.999785106629133e-07
0.13171799998963252 0.0031430000090040267
0.13171799998963252 1.00000761449337e-06
0.13208599999779835 0.003185000008670613
0.13208599999779835 0.0
0.13150000001769513 0.0030809999734628946
0.13150000001769513 9.999785106629133e-07
0.1392409999971278 0.003249000001233071
0.1392409999971278 0.0
0.15310399999725632 0.009048999985679984
0.15310399999725632 0.0
0.15860699999029748 0.009048999985679984
0.15860699999029748 1.00000761449337e-06
0.16024100000504404 0.009239999984856695
0.16024100000504404 1.00000761449337e-06
0.1608999999880325 0.004302999994251877
0.1608999999880325 1.00000761449337e-06
0.13375199999427423 0.003169000003254041
0.13375199999427423 0.0
0.13146700002835132 0.0031339999986812472
0.13146700002835132 0.0
0.13358799999696203 0.0031580000068061054
0.13358799999696203 1.00000761449337e-06
0.13692099999752827 0.0033019999973475933
0.13692099999752827 0.0
0.13888199999928474 0.00338099998771213
0.13888199999928474 0.0
0.13474000000860542 0.003189999988535419
0.13474000000860542 9.999785106629133e-07
0.1338910000049509 0.0032190000056289136
0.1338910000049509 1.00000761449337e-06
0.13375400000950322 0.003296000009868294
0.13375400000950322 0.0
0.13335899999947287 0.0032260000007227063
0.13335899999947287 1.00000761449337e-06
0.13111600000411272 0.003201999992597848
0.13111600000411272 1.00000761449337e-06
0.12933799999882467 0.0030829999886918813
0.12933799999882467 0.0
0.1290630000003148 0.0030750000150874257
0.1290630000003148 1.00000761449337e-06
0.1284520000044722 0.003065999975660816
0.1284520000044722 1.00000761449337e-06
0.12863299998571165 0.0030719999922439456
0.12863299998571165 0.0
0.12940400000661612 0.0031540000054519624
0.12940400000661612 0.0
0.12890200002584606 0.0030740000074729323
0.12890200002584606 1.00000761449337e-06
0.12750299999606796 0.003072999999858439
0.12750299999606796 0.0
0.1301149999781046 0.0031350000062957406
0.1301149999781046 1.00000761449337e-06
0.12948900001356378 0.003169000003254041
0.12948900001356378 1.00000761449337e-06
0.12666200002422556 0.0030310000001918525
0.12666200002422556 1.00000761449337e-06
0.1268080000008922 0.003265000006649643
0.1268080000008922 0.0
0.12823000000207685 0.003056999994441867
0.12823000000207685 0.0
0.1296779999975115 0.0030710000137332827
0.1296779999975115 9.999785106629133e-07
0.1279600000125356 0.003025000012712553
0.1279600000125356 1.00000761449337e-06
0.12607800000114366 0.003019000025233254
0.12607800000114366 0.0
0.12747100001433864 0.0030949999927543104
0.12747100001433864 1.00000761449337e-06
0.12697000001207925 0.003072999999858439
0.12697000001207925 1.00000761449337e-06
0.12601800000993535 0.002985999977681786
0.12601800000993535 0.0
0.1244040000019595 0.002984999999171123
0.1244040000019595 0.0
0.12448199998470955 0.0029280000017024577
0.12448199998470955 0.0
0.1238819999853149 0.0030200000037439167
0.1238819999853149 0.0
0.12229599998681806 0.0029309999954421073
0.12229599998681806 1.00000761449337e-06
0.12450099998386577 0.0029999999969732016
0.12450099998386577 0.0
0.124632000020938 0.0029389999981503934
0.124632000020938 0.0
0.1190000000060536 0.002837999985786155
0.1190000000060536 9.999785106629133e-07
0.12009799998486415 0.0028799999854527414
0.12009799998486415 0.0
0.1194699999759905 0.0028319999983068556
0.1194699999759905 0.0
0.11918200002401136 0.002833000005921349
0.11918200002401136 0.0
0.12021399999503046 0.0028139999776612967
0.12021399999503046 0.0
0.11899999997694977 0.002826999989338219
0.11899999997694977 0.0
0.1192389999923762 0.002773999993223697
0.1192389999923762 1.00000761449337e-06
0.11845300000277348 0.0027999999874737114
0.11845300000277348 0.0
0.1218970000045374 0.0028449999808799475
0.1218970000045374 0.0
0.12176599999656901 0.0028950000123586506
0.12176599999656901 0.0
0.12162900000112131 0.002886000002035871
0.12162900000112131 0.0
0.1216030000068713 0.0028520000050775707
0.1216030000068713 1.00000761449337e-06
0.11911599998711608 0.0028079999901819974
0.11911599998711608 9.999785106629133e-07
0.12125399999786168 0.002857000014046207
0.12125399999786168 0.0
0.12169999998877756 0.0028380000148899853
0.12169999998877756 1.00000761449337e-06
0.12316799999098293 0.002933000010671094
0.12316799999098293 9.999785106629133e-07
0.1220739999844227 0.0028509999974630773
0.1220739999844227 1.00000761449337e-06
0.12149900000076741 0.002896999998483807
0.12149900000076741 0.0
0.12145199999213219 0.0029119999962858856
0.12145199999213219 1.00000761449337e-06
0.12191100002382882 0.0028980000060983002
0.12191100002382882 0.0
0.12174699999741279 0.002905000001192093
0.12174699999741279 1.00000761449337e-06
0.12204400001792237 0.0028389999934006482
0.12204400001792237 0.0
0.11887500001466833 0.0028590000001713634
0.11887500001466833 0.0
0.12239899998530746 0.002937000012025237
0.12239899998530746 0.0
0.12132700000074692 0.002905999979702756
0.12132700000074692 1.00000761449337e-06
0.1251019999908749 0.0029949999880045652
0.1251019999908749 0.0
0.12408599999616854 0.0029790000116918236
0.12408599999616854 1.00000761449337e-06
0.12494500001776032 0.0030530000221915543
0.12494500001776032 0.0
0.12380500001017936 0.0028630000015255064
0.12380500001017936 9.999785106629133e-07
0.13964700000360608 0.003276000003097579
0.13964700000360608 0.0
0.15129499998874962 0.0038000000058673322
0.15129499998874962 0.0
0.15662600001087412 0.003788000001804903
0.15662600001087412 0.0
0.15800699999090284 0.003918000002158806
0.15800699999090284 0.0
0.16075099998852238 0.003930999984731898
0.16075099998852238 9.999785106629133e-07
0.1640299999853596 0.004141000012168661
0.1640299999853596 0.0
0.15742899998440407 0.003867999999783933
0.15742899998440407 1.00000761449337e-06
0.15514499999699183 0.003823000006377697
0.15514499999699183 0.0
0.1495649999997113 0.003640000009909272
0.1495649999997113 1.00000761449337e-06
0.1459939999913331 0.0036179999879095703
0.1459939999913331 1.00000761449337e-06
0.1447139999945648 0.003738000028533861
0.1447139999945648 0.0
0.14197200001217425 0.0034180000075139105
0.14197200001217425 9.999785106629133e-07
0.13598700001602992 0.00322099999175407
0.13598700001602992 1.00000761449337e-06
0.12630699999863282 0.0029839999915566295
0.12630699999863282 0.0
0.12665600000764243 0.002966999978525564
0.12665600000764243 1.00000761449337e-06
0.12555199998314492 0.0029990000184625387
0.12555199998314492 9.999785106629133e-07
0.12161199998809025 0.0028469999961089343
0.12161199998809025 1.00000761449337e-06
0.1214320000144653 0.0029110000177752227
0.1214320000144653 1.00000761449337e-06
0.11880700002075173 0.0028049999964423478
0.11880700002075173 0.0
0.12165600000298582 0.0029220000142231584
0.12165600000298582 0.0
0.12113300000783056 0.0030269999988377094
0.12113300000783056 1.00000761449337e-06
0.12146499997470528 0.0029220000142231584
0.12146499997470528 1.00000761449337e-06
0.12111199999344535 0.0028729999903589487
0.12111199999344535 1.00000761449337e-06
0.12155700000585057 0.0028389999934006482
0.12155700000585057 1.00000761449337e-06
0.11877499998081475 0.002913000003900379
0.11877499998081475 1.00000761449337e-06
0.12170300001162104 0.0029630000062752515
0.12170300001162104 0.0
0.12113000001409091 0.0028799999854527414
0.12113000001409091 1.00000761449337e-06
0.12433399999281392 0.0030390000029001385
0.12433399999281392 1.00000761449337e-06
0.12261399999260902 0.00289499998325482
0.12261399999260902 0.0
0.12352500000270084 0.0029980000108480453
0.12352500000270084 1.00000761449337e-06
0.1257249999907799 0.0029489999869838357
0.1257249999907799 9.999785106629133e-07
0.1237189999956172 0.0029999999969732016
0.1237189999956172 0.0
0.12405600000056438 0.003037000016774982
0.12405600000056438 0.0
0.1216710000007879 0.0029320000030566007
0.1216710000007879 1.00000761449337e-06
0.12433500000042841 0.0029750000103376806
0.12433500000042841 0.0
0.12392999997246079 0.0036189999955240637
0.12392999997246079 9.999785106629133e-07
0.126248000015039 0.0030430000042542815
0.126248000015039 0.0
0.12390299999970011 0.0029630000062752515
0.12390299999970011 0.0
INFO:sc2.protocol:Client status changed to Status.ended (was Status.in_game)
INFO:sc2.protocol:Client status changed to Status.ended (was Status.in_game)
INFO:root:Result for player 2 - Bot(Race.Terran, <bots.transfer.my_bot_q.MyBot object at 0x7fdbb5eb0f60>): Defeat
INFO:root:Result for player 1 - Bot(Race.Terran, <bots.Showing_bot.speedBot.MarinBot object at 0x7fdbc4f08f28>): Victory
INFO:sc2.client:Saved replay to outs/2020-01-17T11-28-03/replays/showing_bot-transfer/showing_bot-transfer-2.SC2Replay
INFO:sc2.protocol:Client status changed to Status.launched (was Status.ended)
INFO:sc2.protocol:Client status changed to Status.quit (was Status.launched)
INFO:sc2.sc2process:kill_switch: Process cleanup
INFO:sc2.sc2process:Cleaning up...
INFO:sc2.sc2process:Cleanup complete
INFO:sc2.sc2process:Cleaning up...
INFO:sc2.sc2process:Cleanup complete
INFO:sc2.protocol:Client status changed to Status.launched (was Status.ended)
INFO:sc2.protocol:Cannot receive: Connection already closed.
INFO:sc2.sc2process:kill_switch: Process cleanup
INFO:sc2.sc2process:Cleaning up...
INFO:sc2.sc2process:Cleanup complete
INFO:sc2.sc2process:Cleaning up...
INFO:sc2.sc2process:Cleanup complete


## STDERR ##

Version: B75689 (SC2.4.10)
Build: Aug 12 2019 17:16:57
Command Line: '"/home/hspark8312/StarCraftII/Versions/Base75689/SC2_x64" -listen 127.0.0.1 -port 24934 -displayMode 0 -dataDir /home/hspark8312/StarCraftII -tempDir /tmp/SC2_bjpc0z1p'
Starting up...
Startup Phase 1 complete
Version: B75689 (SC2.4.10)
Build: Aug 12 2019 17:16:57
Command Line: '"/home/hspark8312/StarCraftII/Versions/Base75689/SC2_x64" -listen 127.0.0.1 -port 15603 -displayMode 0 -dataDir /home/hspark8312/StarCraftII -tempDir /tmp/SC2_cfdi7orr'
Starting up...
Startup Phase 1 complete
Startup Phase 2 complete
Creating stub renderer...
Listening on: 127.0.0.1:24934
Startup Phase 3 complete. Ready for commands.
Startup Phase 2 complete
Creating stub renderer...
ConnectHandler: Request from 127.0.0.1:59043 accepted
ReadyHandler: 127.0.0.1:59043 ready
Listening on: 127.0.0.1:15603
Startup Phase 3 complete. Ready for commands.
Requesting to join a multiplayer game
Configuring interface options
Configure: raw interface enabled
Configure: feature layer interface enabled
Configure: score interface enabled
Configure: render interface disabled
ConnectHandler: Request from 127.0.0.1:59044 accepted
ReadyHandler: 127.0.0.1:59044 ready
Requesting to join a multiplayer game
Configuring interface options
Configure: raw interface enabled
Configure: feature layer interface enabled
Configure: score interface enabled
Configure: render interface disabled
Create game with map path: NCFellowship-2019_m1_v6.SC2Map
Attempting to join a game with the map: NCFellowship-2019_m1_v6.SC2Map
Game has started.
Using default stable ids, none found at: /home/hspark8312/StarCraftII/stableid.json
Successfully loaded stable ids: GameData\stableid.json
Sending ResponseJoinGame
Game has started.
Using default stable ids, none found at: /home/hspark8312/StarCraftII/stableid.json
Successfully loaded stable ids: GameData\stableid.json
Sending ResponseJoinGame
RequestQuit command received.
Closing Application...
/home/hspark8312/anaconda3/envs/sc2/lib/python3.6/importlib/_bootstrap.py:219: RuntimeWarning: numpy.ufunc size changed, may indicate binary incompatibility. Expected 192 from C header, got 216 from PyObject
  return f(*args, **kwds)
/home/hspark8312/anaconda3/envs/sc2/lib/python3.6/importlib/_bootstrap.py:219: RuntimeWarning: numpy.ufunc size changed, may indicate binary incompatibility. Expected 192 from C header, got 216 from PyObject
  return f(*args, **kwds)
/home/hspark8312/anaconda3/envs/sc2/lib/python3.6/site-packages/tensorboard/compat/tensorflow_stub/dtypes.py:541: FutureWarning: Passing (type, 1) or '1type' as a synonym of type is deprecated; in a future version of numpy, it will be understood as (type, (1,)) / '(1,)type'.
  _np_qint8 = np.dtype([("qint8", np.int8, 1)])
/home/hspark8312/anaconda3/envs/sc2/lib/python3.6/site-packages/past/builtins/misc.py:45: DeprecationWarning: the imp module is deprecated in favour of importlib; see the module's documentation for alternative uses
  from imp import reload
/mnt/d/sc2minigame-eval-2020-01-09/bots/Showing_bot/speedBot.py:1643: RuntimeWarning: coroutine 'TerreinManager.debug' was never awaited
  self.terrein_manager.debug()
