## STDOUT ##

[[92mINFO[0m] SC2 4.9.0 용 패치 적용
패치 sc2.ids.ability_id
패치 sc2.game_state
패치 sc2.bot_ai
패치 sc2.client
패치 sc2.controller
패치 sc2.main
INFO:root:Failed to import cuda module: No module named 'caffe2.python.caffe2_pybind11_state_gpu'
INFO:root:Failed to import AMD hip module: No module named 'caffe2.python.caffe2_pybind11_state_hip'
WARNING:root:This caffe2 python run does not have GPU support. Will run in CPU only mode.
cpu
INFO:sc2.protocol:Client status changed to Status.launched (was None)
INFO:sc2.protocol:Client status changed to Status.launched (was None)
INFO:sc2_patch.sc2_patch_490.controller:Creating new game
INFO:sc2_patch.sc2_patch_490.controller:Map:     NCFellowship-2019_m1_v6
INFO:sc2_patch.sc2_patch_490.controller:Players: Bot(Race.Terran, <bots.Showing_bot.speedBot.MarinBot object at 0x7fa2b9e48f28>), Bot(Race.Terran, <bots.transfer.my_bot_q.MyBot object at 0x7fa2aadf0f60>)
INFO:sc2.protocol:Client status changed to Status.init_game (was Status.launched)
INFO:sc2.protocol:Client status changed to Status.in_game (was None)
INFO:root:Player 2 - Bot(Race.Terran, <bots.transfer.my_bot_q.MyBot object at 0x7fa2aadf0f60>)
TEST: 2, <bots.transfer.my_bot_q.MyBot object at 0x7fa2aadf0f60>
INFO:sc2.protocol:Client status changed to Status.in_game (was None)
INFO:root:Player 1 - Bot(Race.Terran, <bots.Showing_bot.speedBot.MarinBot object at 0x7fa2b9e48f28>)
TEST: 1, <bots.Showing_bot.speedBot.MarinBot object at 0x7fa2b9e48f28>
model file does not exists: bots/nc_example_v7/models/model-89.pt
load model: bots/Showing_bot/models/model-89.pt
create new model
0.04454400000395253 0.0026900000229943544
0.04454400000395253 1.00000761449337e-06
0.04448799998499453 0.0020460000087041408
0.04448799998499453 0.0
0.044120000005932525 0.0014890000165905803
0.044120000005932525 0.0
0.04398599997512065 0.001141999993706122
0.04398599997512065 0.0
0.044716999982483685 0.0013670000189449638
0.044716999982483685 1.00000761449337e-06
0.04400799999712035 0.001149999996414408
0.04400799999712035 0.0
0.04446599999209866 0.001217999990331009
0.04446599999209866 0.0
0.04440400001476519 0.0011369999847374856
0.04440400001476519 1.00000761449337e-06
0.044248999998671934 0.0011149999918416142
0.044248999998671934 0.0
0.04393099999288097 0.0013510000135283917
0.04393099999288097 0.0
0.04422000001068227 0.001209999987622723
0.04422000001068227 1.00000761449337e-06
0.04400700001860969 0.0011199999717064202
0.04400700001860969 0.0
0.044169000000692904 0.0011620000004768372
0.044169000000692904 9.999785106629133e-07
0.043993999977828935 0.0011490000179037452
0.043993999977828935 0.0
0.043839999998454005 0.0011139999842271209
0.043839999998454005 0.0
0.04448100001900457 0.001109000004362315
0.04448100001900457 0.0
0.044074000004911795 0.0011039999953936785
0.044074000004911795 1.00000761449337e-06
0.04373299999861047 0.0011150000209454447
0.04373299999861047 9.999785106629133e-07
0.04389199998695403 0.001121000008424744
0.04389199998695403 0.0
0.04410600001574494 0.0011249999806750566
0.04410600001574494 0.0
0.04653699998743832 0.001336999994236976
0.04653699998743832 0.0
0.0465799999947194 0.001273999980185181
0.0465799999947194 1.00000761449337e-06
0.046701000013854355 0.0012220000207889825
0.046701000013854355 0.0
0.046803000004729256 0.0012820000119972974
0.046803000004729256 0.0
0.04649700000300072 0.0012240000069141388
0.04649700000300072 1.00000761449337e-06
0.04675899998983368 0.0012669999850913882
0.04675899998983368 0.0
0.046086000016657636 0.0012719999940600246
0.046086000016657636 0.0
0.046501000004354864 0.0012519999872893095
0.046501000004354864 0.0
0.04706199999782257 0.0013080000062473118
0.04706199999782257 0.0
0.04653700001654215 0.0012350000033620745
0.04653700001654215 0.0
0.046257999987574294 0.0012409999908413738
0.046257999987574294 0.0
0.04627600000821985 0.0012799999967683107
0.04627600000821985 1.00000761449337e-06
0.04608999998890795 0.0012529999949038029
0.04608999998890795 0.0
0.04658799999742769 0.0012660000065807253
0.04658799999742769 1.00000761449337e-06
0.04625300000770949 0.0012529999949038029
0.04625300000770949 1.00000761449337e-06
0.04908399999840185 0.002849999989848584
0.04908399999840185 0.0
0.04904699997860007 0.001357000001007691
0.04904699997860007 0.0
0.04954499998711981 0.0012989999959245324
0.04954499998711981 0.0
0.04944100001011975 0.001269000000320375
0.04944100001011975 0.0
0.0516339999740012 0.0014350000128615648
0.0516339999740012 1.00000761449337e-06
changed strategy
0.052062999980989844 0.0013559999933931977
0.052062999980989844 0.0
0.053718000010121614 0.0031479999888688326
0.053718000010121614 1.00000761449337e-06
0.0612470000050962 0.0034900000027846545
0.0612470000050962 1.00000761449337e-06
0.06617799997911789 0.003870999993523583
0.06617799997911789 9.999785106629133e-07
0.06610200001159683 0.0021490000071935356
0.06610200001159683 0.0
0.06583099998533726 0.0017100000113714486
0.06583099998533726 9.999785106629133e-07
0.06555800000205636 0.0016799999866634607
0.06555800000205636 0.0
0.06615700002294034 0.0017349999980069697
0.06615700002294034 9.999785106629133e-07
0.06566299998667091 0.001676999992923811
0.06566299998667091 0.0
0.0637070000229869 0.001707999996142462
0.0637070000229869 1.00000761449337e-06
0.06651999999303371 0.0016999999934341758
0.06651999999303371 1.00000761449337e-06
0.06681200000457466 0.001711000018985942
0.06681200000457466 1.00000761449337e-06
0.06574299998464994 0.0016750000067986548
0.06574299998464994 0.0
0.08451300000888295 0.0024190000258386135
0.08451300000888295 0.0
0.08955899998545647 0.0023330000112764537
0.08955899998545647 0.0
0.09174900001380593 0.0023409999848809093
0.09174900001380593 1.00000761449337e-06
0.0920719999994617 0.0024340000236406922
0.0920719999994617 0.0
0.09482500000740401 0.0025679999962449074
0.09482500000740401 0.0
0.09581599998637103 0.002437000017380342
0.09581599998637103 0.0
0.08964400002150796 0.0023849999997764826
0.08964400002150796 1.00000761449337e-06
0.06649300002027303 0.0017060000100173056
0.06649300002027303 0.0
0.06614799998351373 0.0017010000010486692
0.06614799998351373 9.999785106629133e-07
0.0665830000070855 0.0016780000005383044
0.0665830000070855 0.0
0.06610699999146163 0.0016980000073090196
0.06610699999146163 0.0
0.08338399999774992 0.0023250000085681677
0.08338399999774992 1.00000761449337e-06
0.09127899998566136 0.002437999995891005
0.09127899998566136 9.999785106629133e-07
0.08700599998701364 0.002435000002151355
0.08700599998701364 1.00000761449337e-06
0.08789900000556372 0.002394000010099262
0.08789900000556372 1.00000761449337e-06
0.09657599998172373 0.0022009999956935644
0.09657599998172373 0.0
0.09590899999602698 0.002605999994557351
0.09590899999602698 0.0
0.10232900001574308 0.0029240000003483146
0.10232900001574308 0.0
0.08731699999771081 0.001992000004975125
0.08731699999771081 9.999785106629133e-07
0.09118899999884889 0.0024289999855682254
0.09118899999884889 1.00000761449337e-06
0.06915399999707006 0.0017869999865069985
0.06915399999707006 0.0
0.06832900000154041 0.001720000000204891
0.06832900000154041 1.00000761449337e-06
0.0787830000044778 0.002150999993318692
0.0787830000044778 1.00000761449337e-06
0.0695830000040587 0.0017780000052880496
0.0695830000040587 0.0
0.0682340000057593 0.0017639999859966338
0.0682340000057593 0.0
0.06590099999448285 0.0017170000064652413
0.06590099999448285 1.00000761449337e-06
0.06135199998971075 0.001576999988174066
0.06135199998971075 1.00000761449337e-06
0.06158400001004338 0.0015119999879971147
0.06158400001004338 1.00000761449337e-06
0.05867900000885129 0.0015410000050906092
0.05867900000885129 1.00000761449337e-06
0.05902899999637157 0.0015650000132154673
0.05902899999637157 1.00000761449337e-06
0.05644899999606423 0.0016309999919030815
0.05644899999606423 1.00000761449337e-06
0.056191999989096075 0.001867000013589859
0.056191999989096075 0.0
0.058419000008143485 0.0017590000061318278
0.058419000008143485 1.00000761449337e-06
0.05638200000976212 0.0015460000140592456
0.05638200000976212 0.0
0.05675699998391792 0.0016370000084862113
0.05675699998391792 0.0
0.0536009999923408 0.0014179999998304993
0.0536009999923408 0.0
0.07213700001011603 0.002295999991474673
0.07213700001011603 1.00000761449337e-06
0.07633899999200366 0.002003000001423061
0.07633899999200366 0.0
0.07378100001369603 0.0020280000171624124
0.07378100001369603 0.0
0.04966300001251511 0.0013020000187680125
0.04966300001251511 1.00000761449337e-06
0.038782999996328726 0.0010320000001229346
0.038782999996328726 0.0
0.039102999988244846 0.0010149999870918691
0.039102999988244846 1.00000761449337e-06
0.038969999994151294 0.0010400000028312206
0.038969999994151294 1.00000761449337e-06
0.03898199999821372 0.0010550000006332994
0.03898199999821372 0.0
0.039323999983025715 0.0010400000028312206
0.039323999983025715 0.0
0.038976000010734424 0.0010389999952167273
0.038976000010734424 0.0
0.03960299998288974 0.0010720000136643648
0.03960299998288974 0.0
0.04151199999614619 0.0010839999886229634
0.04151199999614619 0.0
0.04277800000272691 0.0012390000047162175
0.04277800000272691 1.00000761449337e-06
0.042305000009946525 0.001129999989643693
0.042305000009946525 0.0
0.041646999976364896 0.0010889999975915998
0.041646999976364896 0.0
0.04146300000138581 0.00109200002043508
0.04146300000138581 1.00000761449337e-06
0.041652999992948025 0.001158999977633357
0.041652999992948025 0.0
0.04142000002320856 0.0010929999989457428
0.04142000002320856 9.999785106629133e-07
0.05325900000752881 0.0013500000059138983
0.05325900000752881 0.0
0.06074600000283681 0.0015220000059343874
0.06074600000283681 0.0
0.06152699998347089 0.001640000002225861
0.06152699998347089 0.0
0.060132999991765246 0.0015509999939240515
0.060132999991765246 9.999785106629133e-07
0.060425000003306195 0.0015500000154133886
0.060425000003306195 1.00000761449337e-06
0.042610000004060566 0.0010999999940395355
0.042610000004060566 0.0
0.04131599998800084 0.0010870000114664435
0.04131599998800084 0.0
0.05199499998707324 0.0012430000060703605
0.05199499998707324 0.0
0.05976900001405738 0.0015410000050906092
0.05976900001405738 0.0
0.058010000007925555 0.0015499999863095582
0.058010000007925555 1.00000761449337e-06
0.0583889999834355 0.0015530000091530383
0.0583889999834355 0.0
0.05873099999735132 0.0015850000199861825
0.05873099999735132 0.0
0.05697500001406297 0.0013370000233408064
0.05697500001406297 9.999785106629133e-07
0.04493900001398288 0.0011759999906644225
0.04493900001398288 1.00000761449337e-06
0.044074000004911795 0.0011579999991226941
0.044074000004911795 0.0
0.048780999990412965 0.0012250000145286322
0.048780999990412965 1.00000761449337e-06
0.044036999985110015 0.001137000013841316
0.044036999985110015 9.999785106629133e-07
0.05254899998544715 0.0011569999915082008
0.05254899998544715 1.00000761449337e-06
0.05929800000740215 0.0015619999903719872
0.05929800000740215 0.0
0.05924599998979829 0.0015280000225175172
0.05924599998979829 0.0
0.05836200001067482 0.0016670000040903687
0.05836200001067482 0.0
0.0424850000126753 0.0010639999818522483
0.0424850000126753 0.0
0.042625000001862645 0.0011020000092685223
0.042625000001862645 0.0
0.041649999999208376 0.0010999999940395355
0.041649999999208376 1.00000761449337e-06
0.041570000001229346 0.0010780000011436641
0.041570000001229346 0.0
0.04154899998684414 0.0010919999913312495
0.04154899998684414 0.0
0.041616000002250075 0.0010879999899771065
0.041616000002250075 0.0
0.041539000027114525 0.0010790000087581575
0.041539000027114525 1.00000761449337e-06
0.04408100000000559 0.0011600000143516809
0.04408100000000559 0.0
0.04461899999296293 0.0012669999850913882
0.04461899999296293 0.0
0.044082999986130744 0.0011230000236537308
0.044082999986130744 0.0
0.04172199999447912 0.0010970000002998859
0.04172199999447912 1.00000761449337e-06
0.04182900002342649 0.0010849999962374568
0.04182900002342649 9.999785106629133e-07
0.04179299998213537 0.0011999999987892807
0.04179299998213537 0.0
0.04160299999057315 0.0011309999972581863
0.04160299999057315 0.0
0.04139200001372956 0.001090999983716756
0.04139200001372956 1.00000761449337e-06
0.04138000000966713 0.0010860000038519502
0.04138000000966713 0.0
0.041816000011749566 0.0010719999845605344
0.041816000011749566 0.0
0.0419289999990724 0.0010979999788105488
0.0419289999990724 1.00000761449337e-06
0.041659000009531155 0.0011189999931957573
0.041659000009531155 0.0
0.04159800001070835 0.0011069999891333282
0.04159800001070835 9.999785106629133e-07
0.0472099999897182 0.0012479999859351665
0.0472099999897182 0.0
0.054131000011693686 0.0013929999840911478
0.054131000011693686 1.00000761449337e-06
0.06413499999325722 0.0019369999936316162
0.06413499999325722 0.0
0.06608000001870096 0.0017829999851528555
0.06608000001870096 0.0
0.07099400000879541 0.004094000003533438
0.07099400000879541 1.00000761449337e-06
0.06841900001745671 0.0020369999983813614
0.06841900001745671 0.0
0.06842699999106117 0.001812999980757013
0.06842699999106117 0.0
0.06899800000246614 0.0019549999851733446
0.06899800000246614 0.0
0.06679300000541843 0.0020970000186935067
0.06679300000541843 0.0
0.06623699999181554 0.0017629999783821404
0.06623699999181554 0.0
0.06686799999442883 0.0021180000039748847
0.06686799999442883 0.0
0.06378199998289347 0.0016499999910593033
0.06378199998289347 9.999785106629133e-07
0.06654400000115857 0.0017309999966528267
0.06654400000115857 0.0
0.06630700000096112 0.0019449999963399023
0.06630700000096112 9.999785106629133e-07
0.06891199998790398 0.0019469999824650586
0.06891199998790398 0.0
0.06653100001858547 0.0016999999934341758
0.06653100001858547 0.0
0.06897399999434128 0.002099999983329326
0.06897399999434128 0.0
0.06925099997897632 0.002263000002130866
0.06925099997897632 0.0
0.06660200000624172 0.0017130000051110983
0.06660200000624172 0.0
0.06368900000234134 0.0017000000225380063
0.06368900000234134 0.0
0.06135299999732524 0.001664999988861382
0.06135299999732524 1.00000761449337e-06
0.07657300002756529 0.0028270000184420496
0.07657300002756529 0.0
0.06908700001076795 0.0024089999787975103
0.06908700001076795 0.0
0.08303300000261515 0.0023280000023078173
0.08303300000261515 1.00000761449337e-06
0.06439799998770468 0.0016340000147465616
0.06439799998770468 1.00000761449337e-06
0.07879500000854023 0.002070999995339662
0.07879500000854023 0.0
0.06613600000855513 0.0018649999983608723
0.06613600000855513 0.0
0.07040399999823421 0.0019930000125896186
0.07040399999823421 0.0
0.06818000000203028 0.0017709999810904264
0.06818000000203028 0.0
0.09118499999749474 0.0024200000043492764
0.09118499999749474 1.00000761449337e-06
0.06953799998154864 0.0017740000039339066
0.06953799998154864 0.0
0.06624399998690933 0.0017210000078193843
0.06624399998690933 1.00000761449337e-06
0.06648300000233576 0.0016919999907258898
0.06648300000233576 0.0
0.06105000001844019 0.0015919999859761447
0.06105000001844019 0.0
0.058615999994799495 0.0014919999812263995
0.058615999994799495 0.0
0.05412099999375641 0.0014059999957680702
0.05412099999375641 0.0
0.05848300000070594 0.001541999983601272
0.05848300000070594 0.0
0.06350999997812323 0.0021680000063497573
0.06350999997812323 1.00000761449337e-06
0.06083600001875311 0.0017479999805800617
0.06083600001875311 1.00000761449337e-06
0.04888000001665205 0.0012470000074245036
0.04888000001665205 1.00000761449337e-06
0.04706900002202019 0.001260000019101426
0.04706900002202019 0.0
0.046583999996073544 0.002742000011494383
0.046583999996073544 0.0
0.0464159999974072 0.0012749999877996743
0.0464159999974072 0.0
0.04662199999438599 0.0015220000059343874
0.04662199999438599 1.00000761449337e-06
0.04644800000824034 0.0012470000074245036
0.04644800000824034 0.0
0.04401099999086 0.0011569999915082008
0.04401099999086 0.0
0.0438750000030268 0.001145999995060265
0.0438750000030268 0.0
0.043808999995235354 0.0011439999798312783
0.043808999995235354 0.0
0.04622800002107397 0.0012419999984558672
0.04622800002107397 0.0
0.04654899999150075 0.0012170000118203461
0.04654899999150075 0.0
0.044209000014234334 0.0011600000143516809
0.044209000014234334 9.999785106629133e-07
0.043811999988975 0.0011360000062268227
0.043811999988975 9.999785106629133e-07
0.047534999990602955 0.001201000006403774
0.047534999990602955 0.0
0.04402999999001622 0.0013629999884869903
0.04402999999001622 9.999785106629133e-07
0.04895200001192279 0.0013429999817162752
0.04895200001192279 0.0
0.04147199998260476 0.0010889999975915998
0.04147199998260476 0.0
0.03927300000214018 0.001045000011799857
0.03927300000214018 0.0
0.03975599998375401 0.0010950000141747296
0.03975599998375401 1.00000761449337e-06
0.03663699998287484 0.001029000006383285
0.03663699998287484 1.00000761449337e-06
0.03680699999677017 0.000990000000456348
0.03680699999677017 1.00000761449337e-06
0.03662400000030175 0.0009609999833628535
0.03662400000030175 0.0
0.036508999997749925 0.0010070000134874135
0.036508999997749925 0.0
0.03660300001502037 0.0009769999887794256
0.03660300001502037 0.0
0.03670500000589527 0.0010360000014770776
0.03670500000589527 1.00000761449337e-06
0.036690999986603856 0.0009730000165291131
0.036690999986603856 0.0
0.036674999981187284 0.0009580000187270343
0.036674999981187284 1.00000761449337e-06
0.03678700001910329 0.0010079999919980764
0.03678700001910329 9.999785106629133e-07
0.036499999987427145 0.0009720000089146197
0.036499999987427145 1.00000761449337e-06
0.0369559999962803 0.0010060000058729202
0.0369559999962803 0.0
0.03690400000778027 0.0009790000040084124
0.03690400000778027 0.0
0.036391999979969114 0.0009950000094249845
0.036391999979969114 0.0
0.03684000001521781 0.0009710000013001263
0.03684000001521781 0.0
0.03940599999623373 0.0011559999838937074
0.03940599999623373 0.0
0.04025499999988824 0.0011999999987892807
0.04025499999988824 0.0
0.03921099999570288 0.0010139999794773757
0.03921099999570288 1.00000761449337e-06
0.03870400000596419 0.0010259999835398048
0.03870400000596419 1.00000761449337e-06
0.03890399998635985 0.001180999999633059
0.03890399998635985 1.00000761449337e-06
0.03901999999652617 0.0010299999848939478
0.03901999999652617 0.0
0.039022000011755154 0.001061999995727092
0.039022000011755154 0.0
0.03926499999943189 0.001029000006383285
0.03926499999943189 1.00000761449337e-06
0.03899900001124479 0.001025000005029142
0.03899900001124479 0.0
0.03884799999650568 0.001074999978300184
0.03884799999650568 0.0
0.039166999980807304 0.001049999991664663
0.039166999980807304 0.0
0.03898800001479685 0.0010219999821856618
0.03898800001479685 0.0
0.03895099999499507 0.0010349999938625842
0.03895099999499507 0.0
0.03920300002209842 0.0010610000172164291
0.03920300002209842 0.0
0.0389230000146199 0.0010239999974146485
0.0389230000146199 1.00000761449337e-06
0.04144299999461509 0.0010729999921750277
0.04144299999461509 1.00000761449337e-06
0.0414640000090003 0.0012250000145286322
0.0414640000090003 9.999785106629133e-07
0.04154899998684414 0.0013470000121742487
0.04154899998684414 0.0
0.04128600002150051 0.0013010000111535192
0.04128600002150051 0.0
0.04413299998850562 0.001260999997612089
0.04413299998850562 0.0
0.04223500000080094 0.0011409999860916287
0.04223500000080094 9.999785106629133e-07
0.04117800001404248 0.0010809999948833138
0.04117800001404248 0.0
0.04112899999017827 0.001117000007070601
0.04112899999017827 0.0
0.04422599999816157 0.0011719999893102795
0.04422599999816157 0.0
0.045471000019460917 0.0013069999986328185
0.045471000019460917 1.00000761449337e-06
0.0437439999950584 0.001141999993706122
0.0437439999950584 0.0
0.04389400000218302 0.0011940000113099813
0.04389400000218302 0.0
0.04379900000640191 0.0012360000109765679
0.04379900000640191 9.999785106629133e-07
0.04420199999003671 0.0012629999837372452
0.04420199999003671 1.00000761449337e-06
0.04418100000475533 0.001180999999633059
0.04418100000475533 0.0
0.046381000021938235 0.001301999989664182
0.046381000021938235 0.0
0.04657700000097975 0.0012040000001434237
0.04657700000097975 0.0
0.0464899999788031 0.0011879999947268516
0.0464899999788031 0.0
0.04649300000164658 0.0012069999938830733
0.04649300000164658 0.0
0.046329000004334375 0.00120900000911206
0.046329000004334375 0.0
0.04656099999556318 0.0011949999898206443
0.04656099999556318 0.0
0.046463999984553084 0.0012120000028517097
0.046463999984553084 1.00000761449337e-06
0.0388669999956619 0.0010270000202581286
0.0388669999956619 0.0
0.039043999975547194 0.001049000013154
0.039043999975547194 0.0
0.038816000014776364 0.0010349999938625842
0.038816000014776364 0.0
0.03931699998793192 0.0010970000002998859
0.03931699998793192 0.0
0.04435599999851547 0.0011579999991226941
0.04435599999851547 0.0
0.046507000020937994 0.0012989999959245324
0.046507000020937994 0.0
0.04652699999860488 0.0012449999921955168
0.04652699999860488 0.0
0.05165300000226125 0.001516999996965751
0.05165300000226125 0.0
0.049138000002130866 0.0013020000187680125
0.049138000002130866 1.00000761449337e-06
0.0537659999972675 0.00149200001033023
0.0537659999972675 0.0
0.05153599998448044 0.0013430000108201057
0.05153599998448044 0.0
0.056351999985054135 0.0015870000061113387
0.056351999985054135 1.00000761449337e-06
0.055930000002263114 0.0014620000147260725
0.055930000002263114 9.999785106629133e-07
0.06326799999806099 0.0018910000217147171
0.06326799999806099 1.00000761449337e-06
0.06120500000542961 0.0015619999903719872
0.06120500000542961 0.0
0.05624900001566857 0.0014580000133719295
0.05624900001566857 0.0
0.053576999984215945 0.0014439999940805137
0.053576999984215945 0.0
0.05382699999609031 0.0014380000066012144
0.05382699999609031 0.0
0.05406500000390224 0.0015140000032261014
0.05406500000390224 1.00000761449337e-06
0.05370800002128817 0.0014300000038929284
0.05370800002128817 1.00000761449337e-06
0.05408400000305846 0.0015410000050906092
0.05408400000305846 1.00000761449337e-06
0.05362099999911152 0.0016160000232048333
0.05362099999911152 0.0
0.05392700000084005 0.0016750000067986548
0.05392700000084005 1.00000761449337e-06
0.05620900000212714 0.0017219999863300472
0.05620900000212714 9.999785106629133e-07
0.0561079999897629 0.0018649999983608723
0.0561079999897629 1.00000761449337e-06
0.056641000002855435 0.0016590000013820827
0.056641000002855435 1.00000761449337e-06
0.055917999998200685 0.0016900000046007335
0.055917999998200685 9.999785106629133e-07
0.05621700000483543 0.001711999997496605
0.05621700000483543 0.0
0.0540379999729339 0.0014550000196322799
0.0540379999729339 1.00000761449337e-06
0.05617500000516884 0.0020139999978709966
0.05617500000516884 0.0
0.05436700000427663 0.001437999977497384
0.05436700000427663 1.00000761449337e-06
0.05354200000874698 0.001436999998986721
0.05354200000874698 0.0
0.05444700000225566 0.0016079999913927168
0.05444700000225566 0.0
0.05135699998936616 0.001361000002361834
0.05135699998936616 9.999785106629133e-07
0.0488939999777358 0.001303000026382506
0.0488939999777358 1.00000761449337e-06
0.048678999999538064 0.0012869999918621033
0.048678999999538064 0.0
0.04906500002834946 0.0012789999891538173
0.04906500002834946 0.0
0.048815000016475096 0.001293999986955896
0.048815000016475096 0.0
0.04892599998856895 0.0013479999906849116
0.04892599998856895 0.0
0.04923999999300577 0.0013639999961014837
0.04923999999300577 0.0
0.04879399997298606 0.0015270000149030238
0.04879399997298606 1.00000761449337e-06
0.046667000016896054 0.0015039999852888286
0.046667000016896054 1.00000761449337e-06
0.046237000002292916 0.0015570000105071813
0.046237000002292916 0.0
0.0486679999739863 0.0015739999944344163
0.0486679999739863 1.00000761449337e-06
0.04912400001194328 0.0016789999790489674
0.04912400001194328 0.0
0.04874800000106916 0.001524999999674037
0.04874800000106916 9.999785106629133e-07
0.04907999999704771 0.0015019999991636723
0.04907999999704771 0.0
0.048490999994101 0.001509999972768128
0.048490999994101 0.0
0.04921299999114126 0.0015629999979864806
0.04921299999114126 0.0
0.04937700001755729 0.0015909999783616513
0.04937700001755729 9.999785106629133e-07
0.04922499999520369 0.0017330000118818134
0.04922499999520369 9.999785106629133e-07
0.04884400000446476 0.0015090000233612955
0.04884400000446476 0.0
0.04905999999027699 0.0015090000233612955
0.04905999999027699 0.0
0.04873400001088157 0.0016910000122152269
0.04873400001088157 0.0
0.04884599999058992 0.0015490000077988952
0.04884599999058992 0.0
0.04876299999887124 0.0015269999857991934
0.04876299999887124 0.0
0.048879000009037554 0.0014950000040698797
0.048879000009037554 0.0
0.046640000015031546 0.001445000001695007
0.046640000015031546 0.0
0.04695200000423938 0.001500999991549179
0.04695200000423938 0.0
0.04634799997438677 0.0017450000159442425
0.04634799997438677 0.0
0.04670199999236502 0.007968999998411164
0.04670199999236502 1.00000761449337e-06
0.04649599999538623 0.00136900000507012
0.04649599999538623 1.00000761449337e-06
0.04643499999656342 0.0012250000145286322
0.04643499999656342 0.0
0.049097999988589436 0.0015999999886844307
0.049097999988589436 0.0
0.04912899999180809 0.0015269999857991934
0.04912899999180809 1.00000761449337e-06
0.04880300001241267 0.0013620000099763274
0.04880300001241267 0.0
0.04897699999855831 0.0013150000013411045
0.04897699999855831 0.0
0.04899499999010004 0.0013210000179242343
0.04899499999010004 1.00000761449337e-06
0.049713000014889985 0.0013000000035390258
0.049713000014889985 0.0
0.048804999998537824 0.001301999989664182
0.048804999998537824 0.0
0.04900100000668317 0.0012700000079348683
0.04900100000668317 0.0
0.04932399999233894 0.0013190000026952475
0.04932399999233894 0.0
0.04642200001399033 0.001281999982893467
0.04642200001399033 0.0
0.046220999996876344 0.0014359999913722277
0.046220999996876344 1.00000761449337e-06
0.046606000018073246 0.0013599999947473407
0.046606000018073246 0.0
0.04633899999316782 0.0013029999972786754
0.04633899999316782 0.0
0.04361700001754798 0.0011650000233203173
0.04361700001754798 0.0
0.043888999993214384 0.0011630000080913305
0.043888999993214384 0.0
0.04685099999187514 0.00128599998424761
0.04685099999187514 1.00000761449337e-06
0.046414999989792705 0.0012489999935496598
0.046414999989792705 1.00000761449337e-06
0.04664399998728186 0.0013150000013411045
0.04664399998728186 9.999785106629133e-07
0.04646500002127141 0.001353999978164211
0.04646500002127141 0.0
0.04617400001734495 0.0012639999913517386
0.04617400001734495 1.00000761449337e-06
0.04631500001414679 0.0013119999784976244
0.04631500001414679 1.00000761449337e-06
0.04656799999065697 0.0012920000008307397
0.04656799999065697 0.0
0.046520000003511086 0.0013000000035390258
0.046520000003511086 0.0
0.04629700002260506 0.0012789999891538173
0.04629700002260506 1.00000761449337e-06
0.046677000005729496 0.0012120000028517097
0.046677000005729496 9.999785106629133e-07
0.04622599997674115 0.001256999996257946
0.04622599997674115 0.0
0.04666299998643808 0.0012120000028517097
0.04666299998643808 0.0
0.04639400000451133 0.0012990000250283629
0.04639400000451133 0.0
0.04626800000551157 0.001256000017747283
0.04626800000551157 0.0
0.04913099997793324 0.001476000004913658
0.04913099997793324 9.999785106629133e-07
0.05367700001806952 0.0018870000203605741
0.05367700001806952 0.0
0.059899000014411286 0.0014300000038929284
0.059899000014411286 0.0
0.05131700000492856 0.0013559999933931977
0.05131700000492856 9.999785106629133e-07
0.05186899998807348 0.0013909999979659915
0.05186899998807348 9.999785106629133e-07
0.05141299997922033 0.0013679999974556267
0.05141299997922033 0.0
0.04879499998060055 0.0012839999981224537
0.04879499998060055 0.0
0.04936599999200553 0.0013069999986328185
0.04936599999200553 0.0
0.048932000005152076 0.0013259999977890402
0.048932000005152076 0.0
0.049614999996265396 0.0013330000219866633
0.049614999996265396 0.0
0.04897899998468347 0.0013010000111535192
0.04897899998468347 9.999785106629133e-07
0.051802000001771376 0.0013800000015180558
0.051802000001771376 0.0
0.04906000001938082 0.001281000004382804
0.04906000001938082 1.00000761449337e-06
0.044076999998651445 0.0011830000148620456
0.044076999998651445 0.0
0.0447709999862127 0.0012459999998100102
0.0447709999862127 1.00000761449337e-06
0.04422400001203641 0.0012670000141952187
0.04422400001203641 9.999785106629133e-07
0.04403000001912005 0.0012479999859351665
0.04403000001912005 0.0
0.04411000001709908 0.0012579999747686088
0.04411000001709908 1.00000761449337e-06
0.04161400001612492 0.0011069999891333282
0.04161400001612492 1.00000761449337e-06
0.041541999991750345 0.0011189999931957573
0.041541999991750345 0.0
0.041778999991947785 0.0011729999969247729
0.041778999991947785 1.00000761449337e-06
0.0439489999844227 0.0011510000040289015
0.0439489999844227 0.0
0.04396400001132861 0.0011670000094454736
0.04396400001132861 0.0
0.04352100001415238 0.0011620000004768372
0.04352100001415238 1.00000761449337e-06
0.043811999988975 0.0011949999898206443
0.043811999988975 1.00000761449337e-06
0.04717899998649955 0.0014340000052470714
0.04717899998649955 0.0
0.04640500000095926 0.0013820000167470425
0.04640500000095926 0.0
0.046740999998291954 0.0012500000011641532
0.046740999998291954 0.0
0.04663500000606291 0.0012529999949038029
0.04663500000606291 0.0
0.04654199999640696 0.0012679999927058816
0.04654199999640696 0.0
0.04684799999813549 0.0013079999771434814
0.04684799999813549 0.0
0.046617999993031844 0.0013559999933931977
0.046617999993031844 0.0
0.04647400000249036 0.0013390000094659626
0.04647400000249036 1.00000761449337e-06
0.046747000014875084 0.0017740000039339066
0.046747000014875084 0.0
0.046603000024333596 0.0013430000108201057
0.046603000024333596 0.0
0.04648500002804212 0.0017020000086631626
0.04648500002804212 0.0
0.049239000014495105 0.0018100000161211938
0.049239000014495105 0.0
0.049956000002566725 0.0013920000055804849
0.049956000002566725 1.00000761449337e-06
0.04936400000588037 0.0016959999920800328
0.04936400000588037 1.00000761449337e-06
0.046381000021938235 0.0014550000196322799
0.046381000021938235 0.0
0.047011999995447695 0.0015540000167675316
0.047011999995447695 9.999785106629133e-07
0.0465060000133235 0.0017010000010486692
0.0465060000133235 1.00000761449337e-06
0.046572000021114945 0.0014669999945908785
0.046572000021114945 9.999785106629133e-07
0.04663200001232326 0.0012330000172369182
0.04663200001232326 1.00000761449337e-06
0.04886899999110028 0.0017689999949652702
0.04886899999110028 1.00000761449337e-06
0.050675999984377995 0.0013209999888204038
0.050675999984377995 0.0
0.05221199998049997 0.0014950000040698797
0.05221199998049997 0.0
0.054162999993423 0.0015380000113509595
0.054162999993423 1.00000761449337e-06
0.0746870000148192 0.002107000007526949
0.0746870000148192 0.0
0.05403100000694394 0.0014479999954346567
0.05403100000694394 9.999785106629133e-07
0.05402400001185015 0.001424000016413629
0.05402400001185015 0.0
0.05645899998489767 0.001568000006955117
0.05645899998489767 1.00000761449337e-06
0.05513100000098348 0.0014820000214967877
0.05513100000098348 1.00000761449337e-06
0.0563689999980852 0.001459000020986423
0.0563689999980852 1.00000761449337e-06
0.056366999982856214 0.0014490000030491501
0.056366999982856214 0.0
0.058741999993799254 0.0016879999893717468
0.058741999993799254 0.0
0.05620300001464784 0.0015120000171009451
0.05620300001464784 1.00000761449337e-06
0.0564429999794811 0.0014580000133719295
0.0564429999794811 0.0
0.06356399998185225 0.0018390000041108578
0.06356399998185225 0.0
0.06072399998083711 0.0016080000204965472
0.06072399998083711 0.0
0.061197000002721325 0.001588999992236495
0.061197000002721325 1.00000761449337e-06
0.060880000004544854 0.0015859999984968454
0.060880000004544854 1.00000761449337e-06
0.07092900000861846 0.0023139999830164015
0.07092900000861846 1.00000761449337e-06
0.0819420000188984 0.004654000018490478
0.0819420000188984 0.0
0.08064999998896383 0.004618000006303191
0.08064999998896383 0.0
0.07817900000372902 0.002267999981995672
0.07817900000372902 0.0
0.0804739999875892 0.0021560000022873282
0.0804739999875892 9.999785106629133e-07
0.08683499999460764 0.004915999976219609
0.08683499999460764 0.0
0.0785899999900721 0.002059999998891726
0.0785899999900721 0.0
0.07803500001318753 0.0020929999882355332
0.07803500001318753 1.00000761449337e-06
0.07543600001372397 0.001999000000068918
0.07543600001372397 0.0
0.0806999999913387 0.00213500001700595
0.0806999999913387 0.0
0.07560900002135895 0.0019660000107251108
0.07560900002135895 9.999785106629133e-07
0.07389299999340437 0.0019489999976940453
0.07389299999340437 0.0
0.05623699998250231 0.0014899999951012433
0.05623699998250231 0.0
0.05471700002090074 0.0015060000005178154
0.05471700002090074 0.0
0.0552800000004936 0.0014599999994970858
0.0552800000004936 0.0
0.05359399999724701 0.0014260000025387853
0.05359399999724701 0.0
0.05384599999524653 0.0014099999971222132
0.05384599999524653 0.0
0.052263000019593164 0.0013890000118408352
0.052263000019593164 9.999785106629133e-07
0.051463000010699034 0.001373999984934926
0.051463000010699034 0.0
0.04901699998299591 0.0012879999994765967
0.04901699998299591 0.0
0.04911699998774566 0.0013219999964348972
0.04911699998774566 0.0
0.048944000009214506 0.0013099999923724681
0.048944000009214506 0.0
0.04885900000226684 0.0013069999986328185
0.04885900000226684 1.00000761449337e-06
0.04870899999514222 0.0013099999923724681
0.04870899999514222 0.0
0.05380399999557994 0.001433999976143241
0.05380399999557994 1.00000761449337e-06
0.05355300000519492 0.0014139999984763563
0.05355300000519492 1.00000761449337e-06
0.05400400000507943 0.0014230000087991357
0.05400400000507943 0.0
0.056198000005679205 0.001488000008976087
0.056198000005679205 9.999785106629133e-07
0.05689800000982359 0.0015119999879971147
0.05689800000982359 1.00000761449337e-06
0.054425999987870455 0.0014640000008512288
0.054425999987870455 0.0
0.05375300001469441 0.0014139999984763563
0.05375300001469441 0.0
0.0540550000150688 0.0014610000071115792
0.0540550000150688 0.0
0.05401599998003803 0.0014490000030491501
0.05401599998003803 0.0
0.0542530000093393 0.0014030000020284206
0.0542530000093393 9.999785106629133e-07
0.05416999998851679 0.0014340000052470714
0.05416999998851679 0.0
0.0536759999813512 0.0014059999957680702
0.0536759999813512 1.00000761449337e-06
0.05405600002268329 0.0014519999967887998
0.05405600002268329 1.00000761449337e-06
0.05375900000217371 0.0014549999905284494
0.05375900000217371 0.0
0.051429999992251396 0.0014050000172574073
0.051429999992251396 1.00000761449337e-06
0.05154899999615736 0.0013660000113304704
0.05154899999615736 1.00000761449337e-06
0.05160400000750087 0.001352999999653548
0.05160400000750087 0.0
0.051342999999178573 0.0013680000265594572
0.051342999999178573 0.0
0.0517579999868758 0.0015439999988302588
0.0517579999868758 0.0
0.05123800001456402 0.0013669999898411334
0.05123800001456402 0.0
0.05160700000124052 0.0014669999945908785
0.05160700000124052 0.0
0.04886300000362098 0.0013120000076014549
0.04886300000362098 1.00000761449337e-06
0.0489850000012666 0.0013079999771434814
0.0489850000012666 0.0
0.049256999976933 0.0013259999977890402
0.049256999976933 1.00000761449337e-06
0.048752999980933964 0.0013669999898411334
0.048752999980933964 0.0
0.0493599999754224 0.0013620000099763274
0.0493599999754224 0.0
0.04899499999010004 0.001369999983580783
0.04899499999010004 0.0
0.05131999999866821 0.001369999983580783
0.05131999999866821 1.00000761449337e-06
0.05097800001385622 0.0014170000213198364
0.05097800001385622 1.00000761449337e-06
0.05121200002031401 0.0013760000001639128
0.05121200002031401 0.0
0.051395999995293096 0.0014229999796953052
0.051395999995293096 1.00000761449337e-06
0.0529499999829568 0.001484000007621944
0.0529499999829568 1.00000761449337e-06
0.05198799999197945 0.001420000015059486
0.05198799999197945 0.0
0.05174900000565685 0.0013639999961014837
0.05174900000565685 1.00000761449337e-06
0.051256999984616414 0.0013719999988097697
0.051256999984616414 0.0
0.05144000001018867 0.0013959999778307974
0.05144000001018867 9.999785106629133e-07
0.05095799997798167 0.0013920000055804849
0.05095799997798167 1.00000761449337e-06
0.05107699998188764 0.0014059999957680702
0.05107699998188764 0.0
0.05199400000856258 0.0014149999769870192
0.05199400000856258 1.00000761449337e-06
0.05185899999924004 0.0014189999783411622
0.05185899999924004 0.0
0.05120899999747053 0.0013880000042263418
0.05120899999747053 0.0
0.05111699999542907 0.001381999987643212
0.05111699999542907 0.0
0.05134599999291822 0.00136599998222664
0.05134599999291822 0.0
0.0538220000162255 0.001457999984268099
0.0538220000162255 0.0
0.05359299998963252 0.0015359999961219728
0.05359299998963252 0.0
0.051555999991251156 0.0014260000025387853
0.051555999991251156 0.0
0.04873300000326708 0.001344999996945262
0.04873300000326708 1.00000761449337e-06
0.0487579999899026 0.0013340000004973263
0.0487579999899026 0.0
0.04894600002444349 0.001305999991018325
0.04894600002444349 0.0
0.04658500000368804 0.0012459999998100102
0.04658500000368804 0.0
0.049104000005172566 0.0013209999888204038
0.049104000005172566 0.0
0.046242999989772215 0.0012849999766331166
0.046242999989772215 0.0
0.04646300000604242 0.001361999980872497
0.04646300000604242 1.00000761449337e-06
0.04674900000100024 0.0013230000040493906
0.04674900000100024 0.0
0.046328999975230545 0.0012370000185910612
0.046328999975230545 9.999785106629133e-07
0.04654799998388626 0.0014580000133719295
0.04654799998388626 0.0
0.046826999983750284 0.001524999999674037
0.046826999983750284 0.0
0.04408100000000559 0.0013230000040493906
0.04408100000000559 0.0
0.043944999983068556 0.00136900000507012
0.043944999983068556 0.0
0.04442899997229688 0.0014479999954346567
0.04442899997229688 1.00000761449337e-06
0.04389400000218302 0.0013820000167470425
0.04389400000218302 0.0
0.04401300000608899 0.001572999986819923
0.04401300000608899 0.0
0.04410400000051595 0.0014559999981429428
0.04410400000051595 0.0
0.044165999977849424 0.0014230000087991357
0.044165999977849424 0.0
0.043965999997453764 0.0013909999979659915
0.043965999997453764 0.0
0.04727899999124929 0.0013800000015180558
0.04727899999124929 9.999785106629133e-07
0.046154000010574237 0.0013139999937266111
0.046154000010574237 0.0
0.04670600002282299 0.001293999986955896
0.04670600002282299 1.00000761449337e-06
0.046769000007770956 0.0012829999905079603
0.046769000007770956 0.0
0.046411999996053055 0.0013049999834038317
0.046411999996053055 0.0
0.04613999999128282 0.0013069999986328185
0.04613999999128282 0.0
0.046317000000271946 0.00128900000709109
0.046317000000271946 1.00000761449337e-06
0.04623199999332428 0.0013169999874662608
0.04623199999332428 0.0
0.04634999998961575 0.0012740000092890114
0.04634999998961575 0.0
0.04606200000853278 0.0013100000214762986
0.04606200000853278 1.00000761449337e-06
0.04619600001024082 0.0013099999923724681
0.04619600001024082 9.999785106629133e-07
0.046279999980470166 0.001328000013018027
0.046279999980470166 0.0
0.04638500002329238 0.0012799999967683107
0.04638500002329238 9.999785106629133e-07
0.04629599998588674 0.0012829999905079603
0.04629599998588674 0.0
0.046183999977074564 0.001324000011663884
0.046183999977074564 1.00000761449337e-06
0.04907199999433942 0.0014740000187885016
0.04907199999433942 0.0
0.04860400001052767 0.0013109999999869615
0.04860400001052767 0.0
0.05162499999278225 0.00156899998546578
0.05162499999278225 0.0
0.05119800000102259 0.0014119999832473695
0.05119800000102259 1.00000761449337e-06
0.0510260000010021 0.0013709999911952764
0.0510260000010021 0.0
0.05415599999832921 0.0015830000047571957
0.05415599999832921 1.00000761449337e-06
0.0540389999805484 0.001445000001695007
0.0540389999805484 0.0
0.056081000017002225 0.0016109999851323664
0.056081000017002225 0.0
0.05418700000154786 0.0014469999878201634
0.05418700000154786 0.0
0.053989000007277355 0.0014179999998304993
0.053989000007277355 9.999785106629133e-07
0.056677999993553385 0.0015330000023823231
0.056677999993553385 1.00000761449337e-06
0.05633399999351241 0.0015629999979864806
0.05633399999351241 0.0
0.056437999999616295 0.0014950000040698797
0.056437999999616295 0.0
0.05850300000747666 0.0016389999946113676
0.05850300000747666 0.0
0.06031599998823367 0.001808000000892207
0.06031599998823367 0.0
0.05404800001997501 0.001432999997632578
0.05404800001997501 1.00000761449337e-06
0.05407899999408983 0.0014830000000074506
0.05407899999408983 0.0
0.05638700001873076 0.0015030000067781657
0.05638700001873076 1.00000761449337e-06
0.05654099999810569 0.0015239999920595437
0.05654099999810569 0.0
0.0536580000189133 0.0015349999885074794
0.0536580000189133 0.0
0.05647000001044944 0.0016279999981634319
0.05647000001044944 0.0
0.05635099997743964 0.0015380000113509595
0.05635099997743964 0.0
0.05697999999392778 0.0015159999893512577
0.05697999999392778 1.00000761449337e-06
0.056188999995356426 0.001488000008976087
0.056188999995356426 0.0
0.05850000001373701 0.001652999984798953
0.05850000001373701 0.0
0.058625000005122274 0.0015589999966323376
0.058625000005122274 1.00000761449337e-06
0.061156999989179894 0.0017789999837987125
0.061156999989179894 0.0
0.05907600000500679 0.001640000002225861
0.05907600000500679 1.00000761449337e-06
0.05619400000432506 0.001500000013038516
0.05619400000432506 0.0
0.05665899999439716 0.001516999996965751
0.05665899999439716 1.00000761449337e-06
0.05451000001630746 0.0014919999812263995
0.05451000001630746 1.00000761449337e-06
0.051599000027636066 0.001520999998319894
0.051599000027636066 0.0
0.05371700000250712 0.0016110000142361969
0.05371700000250712 0.0
0.06688699999358505 0.0024810000031720847
0.06688699999358505 0.0
0.05394699997850694 0.0015910000074654818
0.05394699997850694 9.999785106629133e-07
0.06916100002126768 0.002621999999973923
0.06916100002126768 0.0
0.057665000000270084 0.001740999985486269
0.057665000000270084 1.00000761449337e-06
0.05700500000966713 0.0017819999775383621
0.05700500000966713 0.0
0.05366100001265295 0.0015910000074654818
0.05366100001265295 0.0
0.05452600002172403 0.0019280000124126673
0.05452600002172403 1.00000761449337e-06
0.053727999998955056 0.001676999992923811
0.053727999998955056 0.0
0.053727999998955056 0.0017000000225380063
0.053727999998955056 0.0
0.054093999991891906 0.0014979999978095293
0.054093999991891906 9.999785106629133e-07
0.05212999999639578 0.0016109999851323664
0.05212999999639578 1.00000761449337e-06
0.05141899999580346 0.0014139999984763563
0.05141899999580346 0.0
0.051611000002594665 0.0016199999954551458
0.051611000002594665 9.999785106629133e-07
0.05192699999315664 0.0017829999851528555
0.05192699999315664 0.0
0.05160599999362603 0.0016219999815803021
0.05160599999362603 9.999785106629133e-07
0.049190000019734725 0.0014720000035595149
0.049190000019734725 0.0
0.0488199999963399 0.0014079999818932265
0.0488199999963399 1.00000761449337e-06
0.04635799999232404 0.0012470000074245036
0.04635799999232404 0.0
0.041696000000229105 0.0011320000048726797
0.041696000000229105 0.0
0.04186299999128096 0.0012120000028517097
0.04186299999128096 1.00000761449337e-06
0.0413399999961257 0.0011579999991226941
0.0413399999961257 0.0
0.04149100001086481 0.0011140000133309513
0.04149100001086481 9.999785106629133e-07
0.04618599999230355 0.0013469999830704182
0.04618599999230355 0.0
0.04650500000570901 0.0012500000011641532
0.04650500000570901 0.0
0.04869100000360049 0.0013080000062473118
0.04869100000360049 9.999785106629133e-07
0.051524999988032505 0.001539000018965453
0.051524999988032505 0.0
0.052303000004030764 0.0013990000006742775
0.052303000004030764 1.00000761449337e-06
0.0590399999928195 0.0018520000157877803
0.0590399999928195 0.0
0.05883399999584071 0.0015539999876637012
0.05883399999584071 0.0
0.0613430000084918 0.0016959999920800328
0.0613430000084918 0.0
0.07134599998244084 0.0023649999930057675
0.07134599998244084 9.999785106629133e-07
0.07564200001070276 0.0021859999978914857
0.07564200001070276 0.0
0.05470100001548417 0.0014629999932367355
0.05470100001548417 0.0
0.051367999985814095 0.0013810000091325492
0.051367999985814095 9.999785106629133e-07
0.05185000001802109 0.001398999971570447
0.05185000001802109 0.0
0.04637100000400096 0.0013350000081118196
0.04637100000400096 9.999785106629133e-07
0.04404400000930764 0.0012240000069141388
0.04404400000930764 9.999785106629133e-07
0.04158999997889623 0.0011280000035185367
0.04158999997889623 0.0
0.04301000002305955 0.0012290000158827752
0.04301000002305955 1.00000761449337e-06
0.04415599998901598 0.0012500000011641532
0.04415599998901598 0.0
0.04379200001130812 0.001197000005049631
0.04379200001130812 0.0
0.043796999991172925 0.001193000003695488
0.043796999991172925 0.0
0.04636400000890717 0.0012510000087786466
0.04636400000890717 0.0
0.04689899997902103 0.0013340000004973263
0.04689899997902103 9.999785106629133e-07
0.0461889999860432 0.0013120000076014549
0.0461889999860432 1.00000761449337e-06
0.04650899997795932 0.0012830000196117908
0.04650899997795932 9.999785106629133e-07
0.043922999990172684 0.0011990000202786177
0.043922999990172684 0.0
0.044039000000339 0.0011629999789875
0.044039000000339 0.0
0.04408799999509938 0.0011799999920185655
0.04408799999509938 1.00000761449337e-06
0.04422899999190122 0.0011679999879561365
0.04422899999190122 0.0
0.04386599999270402 0.0011790000135079026
0.04386599999270402 0.0
0.04379200001130812 0.0012049999786540866
0.04379200001130812 0.0
0.0447930000082124 0.001221999991685152
0.0447930000082124 1.00000761449337e-06
0.04439799999818206 0.0012470000074245036
0.04439799999818206 0.0
0.044359999999869615 0.0011719999893102795
0.044359999999869615 0.0
0.04416100002708845 0.0012120000028517097
0.04416100002708845 0.0
0.04228900000452995 0.0011590000067371875
0.04228900000452995 1.00000761449337e-06
0.041584999999031425 0.0011780000058934093
0.041584999999031425 1.00000761449337e-06
0.041570000001229346 0.0011530000192578882
0.041570000001229346 0.0
0.039412999991327524 0.0010480000055395067
0.039412999991327524 1.00000761449337e-06
0.03936900000553578 0.0010989999864250422
0.03936900000553578 1.00000761449337e-06
0.0392920000012964 0.0010710000060498714
0.0392920000012964 0.0
0.0389689999865368 0.0010820000024978071
0.0389689999865368 0.0
0.03907999998773448 0.0010610000172164291
0.03907999998773448 1.00000761449337e-06
0.03909399997792207 0.0010609999881125987
0.03909399997792207 0.0
0.03943299999809824 0.0010650000185705721
0.03943299999809824 0.0
0.0391620000009425 0.0010670000046957284
0.0391620000009425 1.00000761449337e-06
0.04469799998332746 0.0014660000160802156
0.04469799998332746 0.0
0.04912300000432879 0.0012589999823831022
0.04912300000432879 0.0
0.05608599999686703 0.0012989999959245324
0.05608599999686703 0.0
0.05512000000453554 0.001248000015038997
0.05512000000453554 0.0
0.052287999977124855 0.0013800000015180558
0.052287999977124855 9.999785106629133e-07
0.05373000001418404 0.0013670000189449638
0.05373000001418404 1.00000761449337e-06
0.0488140000088606 0.0013179999950807542
0.0488140000088606 0.0
0.051718999980948865 0.0013350000081118196
0.051718999980948865 0.0
0.045608999993419275 0.001281000004382804
0.045608999993419275 0.0
0.04670000000623986 0.001264999998966232
0.04670000000623986 0.0
0.05473800000618212 0.0013069999986328185
0.05473800000618212 0.0
0.05315399999381043 0.0013820000167470425
0.05315399999381043 0.0
0.053887999994913116 0.0014519999967887998
0.053887999994913116 1.00000761449337e-06
0.04640500000095926 0.0012790000182576478
0.04640500000095926 0.0
0.05528299999423325 0.0012419999984558672
0.05528299999423325 0.0
0.0522460000065621 0.0012669999850913882
0.0522460000065621 0.0
0.04479200000059791 0.001260999997612089
0.04479200000059791 1.00000761449337e-06
0.04379799999878742 0.0011820000072475523
0.04379799999878742 0.0
0.04382099999929778 0.0012109999952372164
0.04382099999929778 0.0
0.04392999998526648 0.001185000000987202
0.04392999998526648 9.999785106629133e-07
0.043815999990329146 0.001166999980341643
0.043815999990329146 0.0
0.04190300000482239 0.0011510000040289015
0.04190300000482239 0.0
0.04147799999918789 0.0011879999947268516
0.04147799999918789 1.00000761449337e-06
0.04401799998595379 0.0011799999920185655
0.04401799998595379 0.0
0.043728999997256324 0.0011710000107996166
0.043728999997256324 9.999785106629133e-07
0.04178299999330193 0.0011480000102892518
0.04178299999330193 9.999785106629133e-07
0.04164899999159388 0.0011639999866019934
0.04164899999159388 0.0
0.04188100001192652 0.00117200001841411
0.04188100001192652 0.0
0.041427999996813014 0.0011289999820291996
0.041427999996813014 1.00000761449337e-06
0.03885400001308881 0.001090999983716756
0.03885400001308881 1.00000761449337e-06
0.036545999988447875 0.0010600000096019357
0.036545999988447875 9.999785106629133e-07
0.03667400000267662 0.0010150000161956996
0.03667400000267662 9.999785106629133e-07
0.034165000019129366 0.0009519999730400741
0.034165000019129366 0.0
0.03412999998545274 0.000965000013820827
0.03412999998545274 9.999785106629133e-07
0.03429599999799393 0.0009549999958835542
0.03429599999799393 0.0
0.03397499999846332 0.0009539999882690609
0.03397499999846332 0.0
0.03402900000219233 0.001016000023810193
0.03402900000219233 1.00000761449337e-06
0.034081999998306856 0.0009509999945294112
0.034081999998306856 1.00000761449337e-06
0.03576900000916794 0.0010520000068936497
0.03576900000916794 1.00000761449337e-06
0.03436299998429604 0.000994000001810491
0.03436299998429604 1.00000761449337e-06
0.03493300001719035 0.0009870000067166984
0.03493300001719035 0.0
0.03446100000292063 0.001008000021101907
0.03446100000292063 0.0
0.03408099999069236 0.0009699999936856329
0.03408099999069236 1.00000761449337e-06
0.03448100000969134 0.0009589999972376972
0.03448100000969134 0.0
0.03418399998918176 0.0009330000029876828
0.03418399998918176 0.0
0.03687000001082197 0.0010389999952167273
0.03687000001082197 1.00000761449337e-06
0.03672499998356216 0.0010270000202581286
0.03672499998356216 1.00000761449337e-06
0.03726099999039434 0.001053999993018806
0.03726099999039434 1.00000761449337e-06
0.036770999984582886 0.001025000005029142
0.036770999984582886 0.0
0.036481000017374754 0.0010299999848939478
0.036481000017374754 0.0
0.03669800001080148 0.0010320000001229346
0.03669800001080148 0.0
0.036890999996103346 0.001073999999789521
0.036890999996103346 0.0
0.03688499997952022 0.0010049999982584268
0.03688499997952022 0.0
0.036560999986249954 0.0009999999892897904
0.036560999986249954 0.0
0.03686500000185333 0.0010380000167060643
0.03686500000185333 9.999785106629133e-07
0.03643099998589605 0.0010150000161956996
0.03643099998589605 9.999785106629133e-07
0.036650999973062426 0.0010110000148415565
0.036650999973062426 0.0
0.03642700001364574 0.0010089999996125698
0.03642700001364574 0.0
0.036651000002166256 0.0010009999969042838
0.036651000002166256 0.0
0.03659099998185411 0.0010320000001229346
0.03659099998185411 0.0
0.0365929999970831 0.001016000023810193
0.0365929999970831 0.0
0.03423399999155663 0.001029000006383285
0.03423399999155663 0.0
0.03433600001153536 0.0009619999909773469
0.03433600001153536 0.0
0.034214000013889745 0.0009429999918211251
0.034214000013889745 1.00000761449337e-06
0.034382999991066754 0.0009629999985918403
0.034382999991066754 0.0
0.034546000009868294 0.0010020000045187771
0.034546000009868294 0.0
0.03442199999699369 0.0010020000045187771
0.03442199999699369 0.0
0.03447199999936856 0.0009699999936856329
0.03447199999936856 0.0
0.0344209999893792 0.0009580000187270343
0.0344209999893792 0.0
0.03456400000141002 0.0010039999906439334
0.03456400000141002 0.0
0.03483799999230541 0.0009699999936856329
0.03483799999230541 0.0
0.03450199999497272 0.0010210000036749989
0.03450199999497272 1.00000761449337e-06
0.034285000001545995 0.0009480000007897615
0.034285000001545995 1.00000761449337e-06
0.035420000000158325 0.0010590000019874424
0.035420000000158325 1.00000761449337e-06
0.034199000016087666 0.000961000012466684
0.034199000016087666 1.00000761449337e-06
0.034333999996306375 0.000981000019237399
0.034333999996306375 1.00000761449337e-06
0.03435000000172295 0.0009560000034980476
0.03435000000172295 0.0
0.0343179999908898 0.0009589999972376972
0.0343179999908898 0.0
0.03449000002001412 0.0009699999936856329
0.03449000002001412 0.0
0.03434099999140017 0.0009569999820087105
0.03434099999140017 0.0
0.034168000012869015 0.0009980000031646341
0.034168000012869015 0.0
0.03459300001850352 0.0010529999854043126
0.03459300001850352 0.0
0.03418099999544211 0.0009929999941959977
0.03418099999544211 0.0
0.03459700001985766 0.0009449999779462814
0.03459700001985766 0.0
0.03436699998565018 0.0009380000119563192
0.03436699998565018 0.0
0.03429300000425428 0.000994999980321154
0.03429300000425428 0.0
0.03418700001202524 0.0009710000013001263
0.03418700001202524 1.00000761449337e-06
0.03419000000576489 0.0010350000229664147
0.03419000000576489 1.00000761449337e-06
0.03406500001437962 0.0009509999945294112
0.03406500001437962 1.00000761449337e-06
0.03406899998662993 0.0009530000097583979
0.03406899998662993 0.0
0.03435100000933744 0.0009299999801442027
0.03435100000933744 0.0
0.034272000018972903 0.0009639999771025032
0.034272000018972903 0.0
0.03452399998786859 0.0009439999994356185
0.03452399998786859 0.0
0.03416000001016073 0.0009490000084042549
0.03416000001016073 9.999785106629133e-07
0.03436699998565018 0.0009589999972376972
0.03436699998565018 1.00000761449337e-06
0.03686200000811368 0.0011069999891333282
0.03686200000811368 0.0
0.036634999996749684 0.0010099999781232327
0.036634999996749684 0.0
0.036758000002009794 0.0009999999892897904
0.036758000002009794 1.00000761449337e-06
0.03702099999645725 0.0010070000134874135
0.03702099999645725 1.00000761449337e-06
0.03664999999455176 0.0010079999919980764
0.03664999999455176 0.0
0.03655700001399964 0.0010380000167060643
0.03655700001399964 1.00000761449337e-06
0.03696699999272823 0.0010759999859146774
0.03696699999272823 0.0
0.03722100000595674 0.001074999978300184
0.03722100000595674 1.00000761449337e-06
0.037056999979540706 0.001057999994372949
0.037056999979540706 1.00000761449337e-06
0.036690999986603856 0.0010060000058729202
0.036690999986603856 0.0
0.036995000002207235 0.0010130000009667128
0.036995000002207235 1.00000761449337e-06
0.03678999998373911 0.000990000000456348
0.03678999998373911 1.00000761449337e-06
0.037191999988863245 0.0010009999969042838
0.037191999988863245 0.0
0.03660999998101033 0.0009790000040084124
0.03660999998101033 0.0
0.03675400000065565 0.001010999985737726
0.03675400000065565 0.0
0.036611000017728657 0.0010439999750815332
0.036611000017728657 0.0
0.03652600001078099 0.0009980000031646341
0.03652600001078099 0.0
0.03702200000407174 0.0010139999794773757
0.03702200000407174 0.0
0.03677500001504086 0.0010360000014770776
0.03677500001504086 1.00000761449337e-06
0.036748999991687015 0.0010140000085812062
0.036748999991687015 1.00000761449337e-06
0.03664800000842661 0.0013380000018514693
0.03664800000842661 0.0
0.0343179999908898 0.0010270000202581286
0.0343179999908898 9.999785106629133e-07
0.034601999999722466 0.0011060000106226653
0.034601999999722466 1.00000761449337e-06
0.035548999992897734 0.0018390000041108578
0.035548999992897734 1.00000761449337e-06
0.035035000008065253 0.0011060000106226653
0.035035000008065253 1.00000761449337e-06
0.03429499999037944 0.0010269999911542982
0.03429499999037944 0.0
0.034608000016305596 0.0012200000055599958
0.034608000016305596 1.00000761449337e-06
0.03411399998003617 0.001193000003695488
0.03411399998003617 0.0
0.03465200000209734 0.0009569999820087105
0.03465200000209734 0.0
0.0342380000220146 0.001189000002341345
0.0342380000220146 1.00000761449337e-06
0.034149000013712794 0.0009839999838732183
0.034149000013712794 0.0
0.034285000001545995 0.0009359999967273325
0.034285000001545995 0.0
0.03437300000223331 0.0009620000200811774
0.03437300000223331 9.999785106629133e-07
0.03410900000017136 0.0009409999765921384
0.03410900000017136 1.00000761449337e-06
0.034263000008650124 0.0009390000195708126
0.034263000008650124 1.00000761449337e-06
0.03425200001220219 0.0009290000016335398
0.03425200001220219 0.0
0.034260000014910474 0.0009380000119563192
0.034260000014910474 0.0
0.03428100000019185 0.000977999996393919
0.03428100000019185 0.0
0.03496700001414865 0.0010569999867584556
0.03496700001414865 1.00000761449337e-06
0.03415799999493174 0.0009820000268518925
0.03415799999493174 0.0
0.034253999998327345 0.000985999999102205
0.034253999998327345 0.0
0.034042000013869256 0.0009560000034980476
0.034042000013869256 0.0
0.03425500000594184 0.0009600000048521906
0.03425500000594184 0.0
0.03422400000272319 0.0009549999958835542
0.03422400000272319 0.0
0.0343470000079833 0.0009489999793004245
0.0343470000079833 1.00000761449337e-06
0.03443199998582713 0.0009480000007897615
0.03443199998582713 1.00000761449337e-06
0.034303000022191554 0.0009439999994356185
0.034303000022191554 1.00000761449337e-06
0.03435400000307709 0.000977999996393919
0.03435400000307709 1.00000761449337e-06
0.034832000004826114 0.0009799999825190753
0.034832000004826114 0.0
0.03439800001797266 0.0009399999980814755
0.03439800001797266 1.00000761449337e-06
0.03810400000656955 0.001149999996414408
0.03810400000656955 0.0
0.036613999982364476 0.0010180000099353492
0.036613999982364476 1.00000761449337e-06
0.03692499999306165 0.0010119999933522195
0.03692499999306165 1.00000761449337e-06
0.03663399998913519 0.0010389999952167273
0.03663399998913519 0.0
0.036617000005207956 0.0010360000014770776
0.036617000005207956 1.00000761449337e-06
0.03659699999843724 0.0013089999847579747
0.03659699999843724 1.00000761449337e-06
0.03690999999525957 0.001041000010445714
0.03690999999525957 0.0
0.03653800001484342 0.00128900000709109
0.03653800001484342 0.0
0.036745999997947365 0.0015309999871533364
0.036745999997947365 0.0
0.03745600002002902 0.0012069999938830733
0.03745600002002902 0.0
0.03682700000354089 0.0011959999974351376
0.03682700000354089 0.0
0.03680699999677017 0.0012719999940600246
0.03680699999677017 1.00000761449337e-06
0.03660299998591654 0.0010760000150185078
0.03660299998591654 0.0
0.03671600000234321 0.0015279999934136868
0.03671600000234321 0.0
0.03670699999202043 0.0015300000086426735
0.03670699999202043 0.0
0.03681200000573881 0.0010560000082477927
0.03681200000573881 0.0
0.03689799999119714 0.0013109999999869615
0.03689799999119714 0.0
0.0367850000038743 0.001424999994924292
0.0367850000038743 0.0
0.03683299999102019 0.0010399999737273902
0.03683299999102019 0.0
0.03654699999606237 0.001104000024497509
0.03654699999606237 0.0
0.037007999984780326 0.001416000013705343
0.037007999984780326 9.999785106629133e-07
0.036610999988624826 0.0012620000052265823
0.036610999988624826 1.00000761449337e-06
0.036586000001989305 0.001264999998966232
0.036586000001989305 1.00000761449337e-06
0.03684000001521781 0.0010939999774564058
0.03684000001521781 0.0
0.03675700002349913 0.0017839999927673489
0.03675700002349913 1.00000761449337e-06
0.036499999987427145 0.0010379999876022339
0.036499999987427145 0.0
0.036583000008249655 0.001189000002341345
0.036583000008249655 0.0
0.03434800001559779 0.0011369999847374856
0.03434800001559779 0.0
0.03416899999137968 0.0010220000112894922
0.03416899999137968 0.0
0.03438800000003539 0.0015750000020489097
0.03438800000003539 0.0
0.03419499998562969 0.0010220000112894922
0.03419499998562969 0.0
0.03430199998547323 0.0009669999999459833
0.03430199998547323 9.999785106629133e-07
0.03403999999864027 0.0015090000233612955
0.03403999999864027 0.0
0.034293999982764944 0.0011660000018309802
0.034293999982764944 1.00000761449337e-06
0.034149999992223457 0.0011430000013206154
0.034149999992223457 0.0
0.034189999976661056 0.0013540000072680414
0.034189999976661056 1.00000761449337e-06
0.034337000019149855 0.0011959999974351376
0.034337000019149855 0.0
0.03419199999189004 0.001164000015705824
0.03419199999189004 0.0
0.034290999989025295 0.0009560000034980476
0.034290999989025295 1.00000761449337e-06
0.03427999999257736 0.001336999994236976
0.03427999999257736 9.999785106629133e-07
0.03461500001139939 0.0011639999866019934
0.03461500001139939 9.999785106629133e-07
0.034524999995483086 0.0015100000018719584
0.034524999995483086 1.00000761449337e-06
0.03428299998631701 0.0011550000053830445
0.03428299998631701 1.00000761449337e-06
0.03448400000343099 0.0011600000143516809
0.03448400000343099 1.00000761449337e-06
0.03460399998584762 0.0011759999906644225
0.03460399998584762 0.0
0.03431499999715015 0.0011980000126641244
0.03431499999715015 1.00000761449337e-06
0.034315999975660816 0.0013460000045597553
0.034315999975660816 0.0
0.03452099999412894 0.0011769999982789159
0.03452099999412894 0.0
0.0339889999886509 0.0011579999991226941
0.0339889999886509 0.0
0.03414100001100451 0.0011569999915082008
0.03414100001100451 0.0
0.03672499998356216 0.0013160000089555979
0.03672499998356216 0.0
0.03661200002534315 0.0012279999791644514
0.03661200002534315 0.0
0.03690999999525957 0.0014599999994970858
0.03690999999525957 0.0
0.038219999987632036 0.0010610000172164291
0.038219999987632036 0.0
0.0366269999940414 0.0013949999993201345
0.0366269999940414 0.0
0.03669000000809319 0.0012489999935496598
0.03669000000809319 0.0
0.036499999987427145 0.0012390000047162175
0.036499999987427145 0.0
0.03701500000897795 0.0012390000047162175
0.03701500000897795 1.00000761449337e-06
0.036542999994708225 0.0014079999818932265
0.036542999994708225 1.00000761449337e-06
0.037294000008841977 0.0010879999899771065
0.037294000008841977 9.999785106629133e-07
0.036503000010270625 0.0013380000018514693
0.036503000010270625 0.0
0.03733300001476891 0.0012929999793414026
0.03733300001476891 1.00000761449337e-06
0.03677499998593703 0.0011480000102892518
0.03677499998593703 0.0
0.03676399998948909 0.0014150000060908496
0.03676399998948909 0.0
0.03657799999928102 0.001273000001674518
0.03657799999928102 0.0
0.03668299998389557 0.0012820000119972974
0.03668299998389557 0.0
0.036511999991489574 0.0010689999908208847
0.036511999991489574 1.00000761449337e-06
0.036626000015530735 0.0014479999954346567
0.036626000015530735 1.00000761449337e-06
0.03686999998171814 0.0014399999927263707
0.03686999998171814 0.0
0.03675400000065565 0.004450999986147508
0.03675400000065565 0.0
0.03680599998915568 0.0012369999894872308
0.03680599998915568 0.0
0.03700500002014451 0.0014170000213198364
0.03700500002014451 0.0
0.03686999998171814 0.0012660000065807253
0.03686999998171814 1.00000761449337e-06
0.03709200001321733 0.0010590000019874424
0.03709200001321733 0.0
0.0367009999754373 0.0014380000066012144
0.0367009999754373 1.00000761449337e-06
0.03785700001753867 0.0012789999891538173
0.03785700001753867 0.0
0.036825999995926395 0.0012049999786540866
0.036825999995926395 0.0
0.036573999997926876 0.0012449999921955168
0.036573999997926876 0.0
0.036697000003186986 0.0011069999891333282
0.036697000003186986 1.00000761449337e-06
0.036717999988468364 0.0014079999818932265
0.036717999988468364 0.0
0.03713499999139458 0.002466999983880669
0.03713499999139458 0.0
0.03687999999965541 0.0009960000170394778
0.03687999999965541 0.0
0.03684499999508262 0.0010149999870918691
0.03684499999508262 0.0
0.03911599999992177 0.002398999989964068
0.03911599999992177 1.00000761449337e-06
0.03930199999012984 0.0010599999804981053
0.03930199999012984 1.00000761449337e-06
0.039037999988067895 0.0010680000123102218
0.039037999988067895 9.999785106629133e-07
0.04132300001219846 0.0012399999832268804
0.04132300001219846 1.00000761449337e-06
0.041507999994792044 0.001141999993706122
0.041507999994792044 0.0
0.04147299999021925 0.0011280000035185367
0.04147299999021925 1.00000761449337e-06
0.04162599999108352 0.0011309999972581863
0.04162599999108352 1.00000761449337e-06
0.03906199999619275 0.001057999994372949
0.03906199999619275 0.0
0.03970100000151433 0.0011480000102892518
0.03970100000151433 1.00000761449337e-06
0.05606100001023151 0.0017430000007152557
0.05606100001023151 1.00000761449337e-06
0.04213700001128018 0.0012080000014975667
0.04213700001128018 1.00000761449337e-06
0.03941099997609854 0.001073999999789521
0.03941099997609854 1.00000761449337e-06
0.041538999998010695 0.0011159999994561076
0.041538999998010695 0.0
0.041658999980427325 0.0011590000067371875
0.041658999980427325 1.00000761449337e-06
0.0414240000245627 0.0011240000021643937
0.0414240000245627 1.00000761449337e-06
0.05012400000123307 0.0014390000142157078
0.05012400000123307 9.999785106629133e-07
0.03942099999403581 0.001061999995727092
0.03942099999403581 1.00000761449337e-06
0.04132300001219846 0.0011229999945499003
0.04132300001219846 0.0
0.04404500001692213 0.0028469999961089343
0.04404500001692213 1.00000761449337e-06
0.04391899998881854 0.0013080000062473118
0.04391899998881854 1.00000761449337e-06
0.04399800000828691 0.0012229999992996454
0.04399800000828691 0.0
0.04383300000336021 0.0011820000072475523
0.04383300000336021 0.0
0.04400399999576621 0.001217999990331009
0.04400399999576621 0.0
0.04403599997749552 0.0013170000165700912
0.04403599997749552 9.999785106629133e-07
0.04429100002744235 0.0013259999977890402
0.04429100002744235 0.0
0.04421900000306778 0.0012170000118203461
0.04421900000306778 0.0
0.043858999997610226 0.0013329999928828329
0.043858999997610226 9.999785106629133e-07
0.04414899999392219 0.0012250000145286322
0.04414899999392219 9.999785106629133e-07
0.041461999993771315 0.00112900001113303
0.041461999993771315 0.0
0.041333000001031905 0.0011750000121537596
0.041333000001031905 0.0
0.04140600000391714 0.0011749999830499291
0.04140600000391714 1.00000761449337e-06
0.04175299999769777 0.0013230000040493906
0.04175299999769777 1.00000761449337e-06
0.04138700000476092 0.001133000012487173
0.04138700000476092 9.999785106629133e-07
0.04119200000423007 0.0011200000008102506
0.04119200000423007 0.0
0.041409999976167455 0.0011260000173933804
0.041409999976167455 1.00000761449337e-06
0.038942999992286786 0.0010799999872688204
0.038942999992286786 1.00000761449337e-06
0.03908200000296347 0.0010809999948833138
0.03908200000296347 0.0
0.03943400000571273 0.0010780000011436641
0.03943400000571273 9.999785106629133e-07
0.03921200000331737 0.0010600000096019357
0.03921200000331737 0.0
0.03953400001046248 0.0011389999999664724
0.03953400001046248 0.0
0.03942600000300445 0.0011029999877791852
0.03942600000300445 0.0
0.03904499998316169 0.001201000006403774
0.03904499998316169 0.0
0.04109799998695962 0.0010680000123102218
0.04109799998695962 0.0
0.03643300000112504 0.0010189999884460121
0.03643300000112504 0.0
0.037798000004841015 0.0010729999921750277
0.037798000004841015 0.0
0.037687000003643334 0.001069999998435378
0.037687000003643334 0.0
0.03731699998024851 0.001133000012487173
0.03731699998024851 1.00000761449337e-06
0.03638400000636466 0.0010639999818522483
0.03638400000636466 0.0
0.03635700000450015 0.0010440000041853637
0.03635700000450015 9.999785106629133e-07
0.03697299998020753 0.0011480000102892518
0.03697299998020753 0.0
0.03530200000386685 0.001041999988956377
0.03530200000386685 9.999785106629133e-07
0.03487199998926371 0.0010440000041853637
0.03487199998926371 9.999785106629133e-07
0.03624700001091696 0.0011740000045392662
0.03624700001091696 1.00000761449337e-06
0.0357990000047721 0.0010950000141747296
0.0357990000047721 1.00000761449337e-06
0.036921000020811334 0.0011260000173933804
0.036921000020811334 1.00000761449337e-06
0.044055000005755574 0.0010550000006332994
0.044055000005755574 1.00000761449337e-06
0.0400579999841284 0.0010879999899771065
0.0400579999841284 0.0
0.03779000000213273 0.0010780000011436641
0.03779000000213273 9.999785106629133e-07
0.03878499998245388 0.0010710000060498714
0.03878499998245388 0.0
0.038976000010734424 0.0010929999989457428
0.038976000010734424 9.999785106629133e-07
0.04558500001439825 0.0011240000021643937
0.04558500001439825 0.0
0.037979999993694946 0.0010719999845605344
0.037979999993694946 0.0
0.04456800001207739 0.0011020000092685223
0.04456800001207739 0.0
0.03750700000091456 0.0012229999992996454
0.03750700000091456 1.00000761449337e-06
0.04400100000202656 0.0011109999904874712
0.04400100000202656 1.00000761449337e-06
0.03614800001378171 0.0013109999999869615
0.03614800001378171 1.00000761449337e-06
0.04060000000754371 0.0009620000200811774
0.04060000000754371 0.0
0.035749000002397224 0.0010269999911542982
0.035749000002397224 0.0
0.04308500001206994 0.0009960000170394778
0.04308500001206994 0.0
0.04186399999889545 0.0009879999852273613
0.04186399999889545 1.00000761449337e-06
0.042876999999862164 0.0009720000089146197
0.042876999999862164 0.0
0.04569400000036694 0.0009960000170394778
0.04569400000036694 0.0
0.03674700000556186 0.0010439999750815332
0.03674700000556186 1.00000761449337e-06
0.03505200002109632 0.0010199999960605055
0.03505200002109632 0.0
0.03539499998441897 0.0010389999952167273
0.03539499998441897 0.0
0.03894199998467229 0.0010970000002998859
0.03894199998467229 9.999785106629133e-07
0.03943599999183789 0.0014070000033825636
0.03943599999183789 1.00000761449337e-06
0.04160899997805245 0.0013660000113304704
0.04160899997805245 2.00001522898674e-06
0.04483200001413934 0.001636000000871718
0.04483200001413934 0.0
0.038373000017600134 0.0010949999850708991
0.038373000017600134 0.0
0.038732999993953854 0.0010910000128205866
0.038732999993953854 1.00000761449337e-06
0.03855599998496473 0.001029000006383285
0.03855599998496473 0.0
0.038459999981569126 0.00112900001113303
0.038459999981569126 0.0
0.04524399997899309 0.0017330000118818134
0.04524399997899309 1.00000761449337e-06
0.041976000007707626 0.0010559999791439623
0.041976000007707626 1.00000761449337e-06
0.046209000021917745 0.0010820000024978071
0.046209000021917745 0.0
0.0514639999892097 0.0012529999949038029
0.0514639999892097 0.0
0.038893000019015744 0.0011270000250078738
0.038893000019015744 1.00000761449337e-06
0.03833500001928769 0.0010340000153519213
0.03833500001928769 1.00000761449337e-06
0.036788999976124614 0.0010750000074040145
0.036788999976124614 9.999785106629133e-07
0.03674400001182221 0.001033000007737428
0.03674400001182221 0.0
0.03682199999457225 0.0010030000121332705
0.03682199999457225 0.0
0.0366210000065621 0.0010030000121332705
0.0366210000065621 1.00000761449337e-06
0.03664000000571832 0.0010030000121332705
0.03664000000571832 1.00000761449337e-06
0.03673200000775978 0.0009969999955501407
0.03673200000775978 0.0
0.03667600001790561 0.0010219999821856618
0.03667600001790561 0.0
0.03737100001308136 0.0010770000226330012
0.03737100001308136 0.0
0.037671999976737425 0.001057999994372949
0.037671999976737425 0.0
0.03663300001062453 0.000994000001810491
0.03663300001062453 1.00000761449337e-06
0.034524999995483086 0.0022000000171829015
0.034524999995483086 0.0
0.03441799999563955 0.0009640000062063336
0.03441799999563955 0.0
0.034457000001566485 0.0009930000232998282
0.034457000001566485 1.00000761449337e-06
0.03407699998933822 0.000961000012466684
0.03407699998933822 0.0
0.03407200000947341 0.000985999999102205
0.03407200000947341 1.00000761449337e-06
0.034469000005628914 0.0009560000034980476
0.034469000005628914 0.0
0.03401500001200475 0.0009839999838732183
0.03401500001200475 1.00000761449337e-06
0.03415099999983795 0.0009520000021439046
0.03415099999983795 0.0
0.034331000002566725 0.0010400000028312206
0.034331000002566725 0.0
0.03475999998045154 0.0010049999982584268
0.03475999998045154 0.0
0.03545900000608526 0.0011410000151954591
0.03545900000608526 0.0
0.0449019999941811 0.0010390000243205577
0.0449019999941811 1.00000761449337e-06
0.03599999999278225 0.0009640000062063336
0.03599999999278225 0.0
0.05029899999499321 0.0017170000064652413
0.05029899999499321 0.0
0.04454599999007769 0.0012829999905079603
0.04454599999007769 0.0
0.04226400001789443 0.001433999976143241
0.04226400001789443 0.0
0.03618799999821931 0.0010239999974146485
0.03618799999821931 0.0
0.03917100001126528 0.0012920000008307397
0.03917100001126528 0.0
0.04816000000573695 0.001512999995611608
0.04816000000573695 1.00000761449337e-06
0.043547999986913055 0.0011020000092685223
0.043547999986913055 0.0
0.039469000010285527 0.0010679999832063913
0.039469000010285527 9.999785106629133e-07
0.045436999993398786 0.0011039999953936785
0.045436999993398786 0.0
0.039814000017941 0.0011020000092685223
0.039814000017941 0.0
0.039661999995587394 0.0010950000141747296
0.039661999995587394 1.00000761449337e-06
0.03784299999824725 0.0010569999867584556
0.03784299999824725 0.0
0.04614799999399111 0.0011629999789875
0.04614799999399111 0.0
0.04742899999837391 0.0010509999992791563
0.04742899999837391 9.999785106629133e-07
0.049238999985391274 0.0014059999957680702
0.049238999985391274 0.0
0.041021999990334734 0.0012949999945703894
0.041021999990334734 0.0
0.04798900001333095 0.0016820000018924475
0.04798900001333095 0.0
0.040967000008095056 0.0010839999886229634
0.040967000008095056 0.0
0.04069100000197068 0.0011300000187475234
0.04069100000197068 1.00000761449337e-06
0.04635499999858439 0.001105000003008172
0.04635499999858439 0.0
0.03783600000315346 0.001061999995727092
0.03783600000315346 1.00000761449337e-06
0.04631900001550093 0.001117000007070601
0.04631900001550093 0.0
0.0451619999948889 0.0010719999845605344
0.0451619999948889 0.0
0.04505399998743087 0.0014779999910388142
0.04505399998743087 1.00000761449337e-06
0.03829100000439212 0.001065999997081235
0.03829100000439212 1.00000761449337e-06
0.03813100000843406 0.0010809999948833138
0.03813100000843406 0.0
0.040864999988116324 0.0025880000030156225
0.040864999988116324 1.00000761449337e-06
0.04148499999428168 0.0011729999969247729
0.04148499999428168 9.999785106629133e-07
0.03974900001776405 0.001104000024497509
0.03974900001776405 1.00000761449337e-06
0.039963999995961785 0.0011049999739043415
0.039963999995961785 1.00000761449337e-06
0.039010000007692724 0.0011230000236537308
0.039010000007692724 9.999785106629133e-07
0.04155500000342727 0.001225999993039295
0.04155500000342727 0.0
0.03690800000913441 0.0010859999747481197
0.03690800000913441 0.0
0.03651399997761473 0.001053000014508143
0.03651399997761473 1.00000761449337e-06
0.03670999998576008 0.001025000005029142
0.03670999998576008 0.0
0.03650700001162477 0.0010219999821856618
0.03650700001162477 0.0
0.03637200000230223 0.0010089999996125698
0.03637200000230223 0.0
0.0367170000099577 0.0010039999906439334
0.0367170000099577 0.0
0.036508999997749925 0.0010130000009667128
0.036508999997749925 9.999785106629133e-07
0.03699000002234243 0.0011270000250078738
0.03699000002234243 0.0
0.03644500000518747 0.0010070000134874135
0.03644500000518747 0.0
0.03653799998573959 0.0010170000023208559
0.03653799998573959 1.00000761449337e-06
0.03658399998676032 0.0010039999906439334
0.03658399998676032 0.0
0.036503000010270625 0.0009980000031646341
0.036503000010270625 9.999785106629133e-07
0.03657299999031238 0.0010180000099353492
0.03657299999031238 9.999785106629133e-07
0.03680900001199916 0.000998999981675297
0.03680900001199916 1.00000761449337e-06
0.0365250000031665 0.0010079999919980764
0.0365250000031665 1.00000761449337e-06
0.03654100000858307 0.0010100000072270632
0.03654100000858307 9.999785106629133e-07
0.036579999985406175 0.0010360000014770776
0.036579999985406175 0.0
0.03664599999319762 0.002382000006036833
0.03664599999319762 0.0
0.036564000009093434 0.0010529999854043126
0.036564000009093434 1.00000761449337e-06
0.03662999998778105 0.0010100000072270632
0.03662999998778105 0.0
0.03493600001093 0.0010039999906439334
0.03493600001093 0.0
0.03400700000929646 0.0009549999958835542
0.03400700000929646 0.0
0.03403999999864027 0.0009530000097583979
0.03403999999864027 0.0
0.036493999999947846 0.001037000009091571
0.036493999999947846 0.0
0.03694499999983236 0.0011620000004768372
0.03694499999983236 0.0
0.03670500000589527 0.0010049999982584268
0.03670500000589527 0.0
0.037080999987665564 0.0010210000036749989
0.037080999987665564 0.0
0.03688199998578057 0.0009929999941959977
0.03688199998578057 0.0
0.03667000000132248 0.0010440000041853637
0.03667000000132248 0.0
0.03667400000267662 0.002470000006724149
0.03667400000267662 0.0
0.03655700001399964 0.001045000011799857
0.03655700001399964 1.00000761449337e-06
0.0366890000004787 0.0010350000229664147
0.0366890000004787 0.0
0.03655599997728132 0.001006999984383583
0.03655599997728132 0.0
0.036552000005031005 0.0010199999960605055
0.036552000005031005 0.0
0.036666999978479 0.0010260000126436353
0.036666999978479 0.0
0.03701100000762381 0.001069999998435378
0.03701100000762381 9.999785106629133e-07
0.03670200001215562 0.001049999991664663
0.03670200001215562 1.00000761449337e-06
0.04059500002767891 0.0011140000133309513
0.04059500002767891 1.00000761449337e-06
0.03663600000436418 0.0010150000161956996
0.03663600000436418 0.0
0.037173999997321516 0.0010940000065602362
0.037173999997321516 1.00000761449337e-06
0.03676200000336394 0.0010220000112894922
0.03676200000336394 0.0
0.03669799998169765 0.0010520000068936497
0.03669799998169765 1.00000761449337e-06
0.037000999989686534 0.001057999994372949
0.037000999989686534 0.0
0.03670799999963492 0.0010389999952167273
0.03670799999963492 0.0
0.03704699999070726 0.0010559999791439623
0.03704699999070726 0.0
0.034340000012889504 0.000973999995039776
0.034340000012889504 0.0
0.03402599997934885 0.0009809999901335686
0.03402599997934885 0.0
0.034057999990182 0.000981999997748062
0.034057999990182 0.0
0.03419500001473352 0.0009520000021439046
0.03419500001473352 0.0
0.034171000006608665 0.0010000000183936208
0.034171000006608665 9.999785106629133e-07
0.034096999996108934 0.0009640000062063336
0.034096999996108934 0.0
0.03417200001422316 0.0009649999847169966
0.03417200001422316 0.0
0.03424000000813976 0.000982999976258725
0.03424000000813976 0.0
0.03454100000089966 0.0009639999771025032
0.03454100000089966 0.0
0.03420399999595247 0.000981999997748062
0.03420399999595247 0.0
0.03423200000543147 0.0009480000007897615
0.03423200000543147 1.00000761449337e-06
0.0343869999924209 0.0009579999896232039
0.0343869999924209 9.999785106629133e-07
0.03383800000301562 0.0009750000026542693
0.03383800000301562 0.0
0.034512999991420656 0.0010170000023208559
0.034512999991420656 0.0
0.03417899998021312 0.0009640000062063336
0.03417899998021312 0.0
0.035042000003159046 0.0009830000053625554
0.035042000003159046 0.0
0.03876000002492219 0.001073999999789521
0.03876000002492219 1.00000761449337e-06
0.036238000000594184 0.001006999984383583
0.036238000000594184 0.0
0.04168900000513531 0.0013080000062473118
0.04168900000513531 0.0
0.03609499998856336 0.0010159999947063625
0.03609499998856336 0.0
0.03588599999784492 0.0011119999981019646
0.03588599999784492 1.00000761449337e-06
0.04092899998067878 0.0010210000036749989
0.04092899998067878 0.0
0.04423500000848435 0.0010339999862480909
0.04423500000848435 1.00000761449337e-06
0.042053000011947006 0.0011119999981019646
0.042053000011947006 0.0
0.035847999999532476 0.0010809999948833138
0.035847999999532476 0.0
0.038505999982589856 0.0010389999952167273
0.038505999982589856 0.0
0.0360930000024382 0.0010099999781232327
0.0360930000024382 1.00000761449337e-06
0.03573200001846999 0.000973999995039776
0.03573200001846999 9.999785106629133e-07
0.053031999996164814 0.0029020000074524432
0.053031999996164814 0.0
0.054674999992130324 0.003411000012420118
0.054674999992130324 1.00000761449337e-06
0.06643400000757538 0.0035619999980553985
0.06643400000757538 0.0
0.06675900000846013 0.0015959999873302877
0.06675900000846013 9.999785106629133e-07
0.058206999994581565 0.0015399999974761158
0.058206999994581565 1.00000761449337e-06
0.062150999990990385 0.001904999982798472
0.062150999990990385 0.0
0.060412999999243766 0.0018700000073295087
0.060412999999243766 0.0
0.05857100000139326 0.0015799999819137156
0.05857100000139326 0.0
0.0660269999934826 0.0016959999920800328
0.0660269999934826 0.0
0.0732420000131242 0.0019449999963399023
0.0732420000131242 1.00000761449337e-06
0.05997400000342168 0.0016419999883510172
0.05997400000342168 0.0
0.07425999999395572 0.0015790000034030527
0.07425999999395572 0.0
0.06495899998117238 0.0015699999930802733
0.06495899998117238 1.00000761449337e-06
0.06691699998918921 0.0017300000181421638
0.06691699998918921 0.0
0.0614730000088457 0.0016229999891947955
0.0614730000088457 9.999785106629133e-07
0.06108399998629466 0.001636000000871718
0.06108399998629466 0.0
0.07040299999061972 0.0037959999754093587
0.07040299999061972 1.00000761449337e-06
0.07703699998091906 0.0017210000078193843
0.07703699998091906 1.00000761449337e-06
0.07023599999956787 0.0017310000257566571
0.07023599999956787 0.0
0.06382299997494556 0.0016630000027362257
0.06382299997494556 0.0
0.06508199998643249 0.0016429999959655106
0.06508199998643249 0.0
0.06384700001217425 0.0016369999793823808
0.06384700001217425 0.0
0.08794100000523031 0.00229800000670366
0.08794100000523031 1.00000761449337e-06
0.06804899999406189 0.002271999983349815
0.06804899999406189 0.0
0.07554099999833852 0.0016999999934341758
0.07554099999833852 1.00000761449337e-06
0.06194400001550093 0.0016619999951217324
0.06194400001550093 1.00000761449337e-06
0.06574900000123307 0.0017760000191628933
0.06574900000123307 1.00000761449337e-06
0.05944599999929778 0.0019339999998919666
0.05944599999929778 0.0
0.06148800000664778 0.0016300000133924186
0.06148800000664778 0.0
0.0706779999891296 0.002459999988786876
0.0706779999891296 1.00000761449337e-06
0.0638780000153929 0.0016999999934341758
0.0638780000153929 0.0
0.056692999991355464 0.001668999990215525
0.056692999991355464 0.0
0.04385400001774542 0.001269000000320375
0.04385400001774542 0.0
0.04351899999892339 0.0011999999987892807
0.04351899999892339 0.0
0.04339500001515262 0.0012709999864455312
0.04339500001515262 0.0
0.05042499999399297 0.0012759999954141676
0.05042499999399297 0.0
0.04857399998581968 0.0014019999944139272
0.04857399998581968 0.0
0.043317000003298745 0.0012510000087786466
0.043317000003298745 0.0
0.051112999994074926 0.0012449999921955168
0.051112999994074926 0.0
0.04372099999454804 0.0011729999969247729
0.04372099999454804 9.999785106629133e-07
0.04297500001848675 0.0013209999888204038
0.04297500001848675 0.0
0.05180000001564622 0.0014120000123512
0.05180000001564622 0.0
0.04349399998318404 0.0012630000128410757
0.04349399998318404 1.00000761449337e-06
0.05034600000362843 0.0013760000001639128
0.05034600000362843 0.0
0.04342300002463162 0.0012140000180806965
0.04342300002463162 0.0
0.04332199998316355 0.0013259999977890402
0.04332199998316355 1.00000761449337e-06
0.05086500002653338 0.0011830000148620456
0.05086500002653338 1.00000761449337e-06
0.047414999979082495 0.001385999988997355
0.047414999979082495 0.0
0.04344100001617335 0.0015160000184550881
0.04344100001617335 0.0
0.041633999993791804 0.0011689999955706298
0.041633999993791804 1.00000761449337e-06
0.04427499999292195 0.0012780000106431544
0.04427499999292195 1.00000761449337e-06
0.043965999997453764 0.0011900000099558383
0.043965999997453764 0.0
0.04379600001266226 0.0012229999992996454
0.04379600001266226 0.0
0.04406099999323487 0.0011879999947268516
0.04406099999323487 0.0
0.04511500001535751 0.0012089999800082296
0.04511500001535751 9.999785106629133e-07
0.043910999986110255 0.0011719999893102795
0.043910999986110255 0.0
0.0438750000030268 0.0011780000058934093
0.0438750000030268 0.0
0.04398400001809932 0.0011729999969247729
0.04398400001809932 0.0
0.04362599999876693 0.0012160000042058527
0.04362599999876693 0.0
0.043888999993214384 0.0012240000069141388
0.043888999993214384 1.00000761449337e-06
0.04392100000404753 0.0012659999774768949
0.04392100000404753 1.00000761449337e-06
0.04407200001878664 0.0012870000209659338
0.04407200001878664 0.0
0.0438410000060685 0.0012459999998100102
0.0438410000060685 1.00000761449337e-06
0.04424800002016127 0.0012380000262055546
0.04424800002016127 0.0
0.04151300000376068 0.0011530000192578882
0.04151300000376068 0.0
0.041357000009156764 0.0011329999833833426
0.041357000009156764 1.00000761449337e-06
0.041535999975167215 0.0012350000033620745
0.041535999975167215 1.00000761449337e-06
0.0420940000039991 0.0012270000006537884
0.0420940000039991 1.00000761449337e-06
0.04140499999630265 0.0011449999874457717
0.04140499999630265 0.0
0.04143900002236478 0.001121000008424744
0.04143900002236478 1.00000761449337e-06
0.041567000007489696 0.0011430000013206154
0.041567000007489696 0.0
0.04153699998278171 0.0011600000143516809
0.04153699998278171 9.999785106629133e-07
0.041384999989531934 0.0011710000107996166
0.041384999989531934 0.0
0.03942400001687929 0.0011089999752584845
0.03942400001687929 0.0
0.039259000011952594 0.0010929999989457428
0.039259000011952594 0.0
0.03887899999972433 0.0010849999962374568
0.03887899999972433 0.0
0.03889100000378676 0.0010970000002998859
0.03889100000378676 0.0
0.03871600001002662 0.001113000005716458
0.03871600001002662 0.0
0.039092999999411404 0.0010950000141747296
0.039092999999411404 9.999785106629133e-07
0.038967000000411645 0.0010890000266954303
0.038967000000411645 1.00000761449337e-06
0.0389290000020992 0.0010750000074040145
0.0389290000020992 0.0
0.03961400000844151 0.001297999988310039
0.03961400000844151 0.0
0.040735999995376915 0.0011110000195913017
0.040735999995376915 1.00000761449337e-06
0.03880599999683909 0.0012790000182576478
0.03880599999683909 0.0
0.03915300001972355 0.0010949999850708991
0.03915300001972355 1.00000761449337e-06
0.03902499997639097 0.0010900000052060932
0.03902499997639097 1.00000761449337e-06
0.039204000000609085 0.0010640000109560788
0.039204000000609085 9.999785106629133e-07
0.03912599998875521 0.00108299998100847
0.03912599998875521 0.0
0.03877199999988079 0.001073999999789521
0.03877199999988079 0.0
0.039394999999785796 0.0011159999994561076
0.039394999999785796 0.0
0.039206999994348735 0.0010790000087581575
0.039206999994348735 0.0
0.041548000008333474 0.0011360000062268227
0.041548000008333474 0.0
0.041603999998187646 0.0012189999979455024
0.041603999998187646 0.0
0.03886000000056811 0.0010820000024978071
0.03886000000056811 9.999785106629133e-07
0.03891599999042228 0.0010830000101123005
0.03891599999042228 0.0
0.03878800000529736 0.0010910000128205866
0.03878800000529736 0.0
0.03896000000531785 0.001137000013841316
0.03896000000531785 9.999785106629133e-07
0.03654799997457303 0.0010590000019874424
0.03654799997457303 1.00000761449337e-06
0.03916899999603629 0.0010839999886229634
0.03916899999603629 0.0
0.03893199999583885 0.0010689999908208847
0.03893199999583885 0.0
0.04210099999909289 0.0011229999945499003
0.04210099999909289 0.0
0.04207200001110323 0.0012030000216327608
0.04207200001110323 0.0
0.04166399998939596 0.0011349999986123294
0.04166399998939596 0.0
0.041354000015417114 0.0011590000067371875
0.041354000015417114 1.00000761449337e-06
0.04365199999301694 0.001189000002341345
0.04365199999301694 1.00000761449337e-06
0.04564500000560656 0.0012169999827165157
0.04564500000560656 1.00000761449337e-06
0.04431499997735955 0.0012580000038724393
0.04431499997735955 0.0
0.046647999988636 0.001260999997612089
0.046647999988636 0.0
0.04623199999332428 0.0012599999899975955
0.04623199999332428 1.00000761449337e-06
0.04650899997795932 0.0012590000114869326
0.04650899997795932 9.999785106629133e-07
0.04399000000557862 0.0012869999918621033
0.04399000000557862 9.999785106629133e-07
0.041136000014375895 0.001137999992351979
0.041136000014375895 0.0
0.04214600002160296 0.0011570000206120312
0.04214600002160296 1.00000761449337e-06
0.04139899997971952 0.0011389999999664724
0.04139899997971952 1.00000761449337e-06
0.04157699999632314 0.0011359999771229923
0.04157699999632314 0.0
0.041410000005271286 0.0011439999798312783
0.041410000005271286 0.0
0.03933500000857748 0.0010750000074040145
0.03933500000857748 0.0
0.03883900001528673 0.0010679999832063913
0.03883900001528673 0.0
0.04025700001511723 0.0011349999986123294
0.04025700001511723 0.0
0.03927300000214018 0.0010999999940395355
0.03927300000214018 0.0
0.03949200001079589 0.0011320000048726797
0.03949200001079589 0.0
0.03889699999126606 0.001101000001654029
0.03889699999126606 0.0
0.03923299998859875 0.0010860000038519502
0.03923299998859875 0.0
0.03910100000211969 0.0010770000226330012
0.03910100000211969 1.00000761449337e-06
0.039201000006869435 0.0010929999989457428
0.039201000006869435 1.00000761449337e-06
0.03964899998391047 0.0011140000133309513
0.03964899998391047 1.00000761449337e-06
0.03920599998673424 0.0011020000092685223
0.03920599998673424 0.0
0.03898399998433888 0.0010760000150185078
0.03898399998433888 0.0
0.03930400000535883 0.0011529999901540577
0.03930400000535883 0.0
0.03885899999295361 0.0010870000114664435
0.03885899999295361 9.999785106629133e-07
0.0388950000051409 0.0010999999940395355
0.0388950000051409 0.0
0.03973200000473298 0.0013889999827370048
0.03973200000473298 9.999785106629133e-07
0.03900000001885928 0.0011069999891333282
0.03900000001885928 1.00000761449337e-06
0.03897100000176579 0.0011030000168830156
0.03897100000176579 1.00000761449337e-06
0.03888899998855777 0.0010770000226330012
0.03888899998855777 1.00000761449337e-06
0.03887399999075569 0.0010729999921750277
0.03887399999075569 0.0
0.03887600000598468 0.0011020000092685223
0.03887600000598468 0.0
0.03901499998755753 0.0010759999859146774
0.03901499998755753 1.00000761449337e-06
0.04198599999654107 0.0012260000221431255
0.04198599999654107 1.00000761449337e-06
INFO:sc2.protocol:Client status changed to Status.ended (was Status.in_game)
INFO:sc2.protocol:Client status changed to Status.ended (was Status.in_game)
INFO:root:Result for player 1 - Bot(Race.Terran, <bots.Showing_bot.speedBot.MarinBot object at 0x7fa2b9e48f28>): Defeat
INFO:root:Result for player 2 - Bot(Race.Terran, <bots.transfer.my_bot_q.MyBot object at 0x7fa2aadf0f60>): Victory
INFO:sc2.client:Saved replay to outs/2020-01-17T11-28-03/replays/showing_bot-transfer/showing_bot-transfer-0.SC2Replay
INFO:sc2.protocol:Client status changed to Status.launched (was Status.ended)
INFO:sc2.protocol:Client status changed to Status.quit (was Status.launched)
INFO:sc2.sc2process:kill_switch: Process cleanup
INFO:sc2.sc2process:Cleaning up...
INFO:sc2.sc2process:Cleanup complete
INFO:sc2.sc2process:Cleaning up...
INFO:sc2.sc2process:Cleanup complete
INFO:sc2.protocol:Client status changed to Status.launched (was Status.ended)
INFO:sc2.protocol:Cannot receive: Connection already closed.
INFO:sc2.sc2process:kill_switch: Process cleanup
INFO:sc2.sc2process:Cleaning up...
INFO:sc2.sc2process:Cleanup complete
INFO:sc2.sc2process:Cleaning up...
INFO:sc2.sc2process:Cleanup complete


## STDERR ##

Version: B75689 (SC2.4.10)
Build: Aug 12 2019 17:16:57
Command Line: '"/home/hspark8312/StarCraftII/Versions/Base75689/SC2_x64" -listen 127.0.0.1 -port 21890 -displayMode 0 -dataDir /home/hspark8312/StarCraftII -tempDir /tmp/SC2_ihn9q5jf'
Starting up...
Startup Phase 1 complete
Version: B75689 (SC2.4.10)
Build: Aug 12 2019 17:16:57
Command Line: '"/home/hspark8312/StarCraftII/Versions/Base75689/SC2_x64" -listen 127.0.0.1 -port 18046 -displayMode 0 -dataDir /home/hspark8312/StarCraftII -tempDir /tmp/SC2_r67rpj13'
Starting up...
Startup Phase 1 complete
Startup Phase 2 complete
Creating stub renderer...
Listening on: 127.0.0.1:21890
Startup Phase 3 complete. Ready for commands.
Startup Phase 2 complete
Creating stub renderer...
ConnectHandler: Request from 127.0.0.1:51447 accepted
ReadyHandler: 127.0.0.1:51447 ready
Listening on: 127.0.0.1:18046
Startup Phase 3 complete. Ready for commands.
Requesting to join a multiplayer game
Configuring interface options
Configure: raw interface enabled
Configure: feature layer interface enabled
Configure: score interface enabled
Configure: render interface disabled
ConnectHandler: Request from 127.0.0.1:51448 accepted
ReadyHandler: 127.0.0.1:51448 ready
Requesting to join a multiplayer game
Configuring interface options
Configure: raw interface enabled
Configure: feature layer interface enabled
Configure: score interface enabled
Configure: render interface disabled
Create game with map path: NCFellowship-2019_m1_v6.SC2Map
Deferred error: 536936448 (0x20010000)
Deferred error details: Bad profiling data. TimeMS: 3719206.750000 Conversion: 1.000000e-03
Attempting to join a game with the map: NCFellowship-2019_m1_v6.SC2Map
Game has started.
Using default stable ids, none found at: /home/hspark8312/StarCraftII/stableid.json
Successfully loaded stable ids: GameData\stableid.json
Sending ResponseJoinGame
Game has started.
Using default stable ids, none found at: /home/hspark8312/StarCraftII/stableid.json
Successfully loaded stable ids: GameData\stableid.json
Sending ResponseJoinGame
RequestQuit command received.
Closing Application...
/home/hspark8312/anaconda3/envs/sc2/lib/python3.6/importlib/_bootstrap.py:219: RuntimeWarning: numpy.ufunc size changed, may indicate binary incompatibility. Expected 192 from C header, got 216 from PyObject
  return f(*args, **kwds)
/home/hspark8312/anaconda3/envs/sc2/lib/python3.6/importlib/_bootstrap.py:219: RuntimeWarning: numpy.ufunc size changed, may indicate binary incompatibility. Expected 192 from C header, got 216 from PyObject
  return f(*args, **kwds)
/home/hspark8312/anaconda3/envs/sc2/lib/python3.6/site-packages/tensorboard/compat/tensorflow_stub/dtypes.py:541: FutureWarning: Passing (type, 1) or '1type' as a synonym of type is deprecated; in a future version of numpy, it will be understood as (type, (1,)) / '(1,)type'.
  _np_qint8 = np.dtype([("qint8", np.int8, 1)])
/home/hspark8312/anaconda3/envs/sc2/lib/python3.6/site-packages/past/builtins/misc.py:45: DeprecationWarning: the imp module is deprecated in favour of importlib; see the module's documentation for alternative uses
  from imp import reload
/mnt/d/sc2minigame-eval-2020-01-09/bots/Showing_bot/speedBot.py:1643: RuntimeWarning: coroutine 'TerreinManager.debug' was never awaited
  self.terrein_manager.debug()
