## STDOUT ##

[[92mINFO[0m] SC2 4.9.0 용 패치 적용
패치 sc2.ids.ability_id
패치 sc2.game_state
패치 sc2.bot_ai
패치 sc2.client
패치 sc2.controller
패치 sc2.main
INFO:root:Failed to import cuda module: No module named 'caffe2.python.caffe2_pybind11_state_gpu'
INFO:root:Failed to import AMD hip module: No module named 'caffe2.python.caffe2_pybind11_state_hip'
WARNING:root:This caffe2 python run does not have GPU support. Will run in CPU only mode.
cpu
INFO:sc2.protocol:Client status changed to Status.launched (was None)
INFO:sc2.protocol:Client status changed to Status.launched (was None)
INFO:sc2_patch.sc2_patch_490.controller:Creating new game
INFO:sc2_patch.sc2_patch_490.controller:Map:     NCFellowship-2019_m1_v6
INFO:sc2_patch.sc2_patch_490.controller:Players: Bot(Race.Terran, <bots.Showing_bot.speedBot.MarinBot object at 0x7f58fb168f60>), Bot(Race.Terran, <bots.transfer.my_bot_q.MyBot object at 0x7f58ec110f60>)
INFO:sc2.protocol:Client status changed to Status.init_game (was Status.launched)
INFO:sc2.protocol:Client status changed to Status.in_game (was None)
INFO:root:Player 2 - Bot(Race.Terran, <bots.transfer.my_bot_q.MyBot object at 0x7f58ec110f60>)
TEST: 2, <bots.transfer.my_bot_q.MyBot object at 0x7f58ec110f60>
INFO:sc2.protocol:Client status changed to Status.in_game (was None)
INFO:root:Player 1 - Bot(Race.Terran, <bots.Showing_bot.speedBot.MarinBot object at 0x7f58fb168f60>)
TEST: 1, <bots.Showing_bot.speedBot.MarinBot object at 0x7f58fb168f60>
model file does not exists: bots/nc_example_v7/models/model-89.pt
load model: bots/Showing_bot/models/model-89.pt
create new model
0.04502200000570156 0.0027289999998174608
0.04502200000570156 0.0
0.04659199999878183 0.001992000004975125
0.04659199999878183 0.0
0.045920000004116446 0.001779000012902543
0.045920000004116446 0.0
0.04518999997526407 0.0012339999957475811
0.04518999997526407 1.00000761449337e-06
0.04591899999650195 0.0012960000021848828
0.04591899999650195 0.0
0.04653299998608418 0.00112599998828955
0.04653299998608418 0.0
0.04566699999850243 0.0011229999945499003
0.04566699999850243 1.00000761449337e-06
0.04682800002046861 0.0011599999852478504
0.04682800002046861 0.0
0.046903000009479 0.0011919999960809946
0.046903000009479 1.00000761449337e-06
0.04547800001455471 0.0011060000106226653
0.04547800001455471 1.00000761449337e-06
0.04609099999652244 0.0011329999833833426
0.04609099999652244 0.0
0.046037000021897256 0.0011570000206120312
0.046037000021897256 0.0
0.04627200000686571 0.0011349999986123294
0.04627200000686571 0.0
0.04647899998235516 0.0012290000158827752
0.04647899998235516 0.0
0.04646799998590723 0.00112900001113303
0.04646799998590723 9.999785106629133e-07
0.046647999988636 0.0011430000013206154
0.046647999988636 1.00000761449337e-06
0.04590599998482503 0.0010959999926853925
0.04590599998482503 0.0
0.046126000001095235 0.0012500000011641532
0.046126000001095235 0.0
0.04988000000594184 0.0020589999912772328
0.04988000000594184 1.00000761449337e-06
0.047003000014228746 0.001166999980341643
0.047003000014228746 1.00000761449337e-06
0.048777999996673316 0.0014399999927263707
0.048777999996673316 1.00000761449337e-06
0.04929200001060963 0.002765999990515411
0.04929200001060963 0.0
0.04868599999463186 0.0014159999846015126
0.04868599999463186 0.0
0.04969699998036958 0.0011600000143516809
0.04969699998036958 0.0
0.04918000000179745 0.0011830000148620456
0.04918000000179745 0.0
0.049549999996088445 0.0011830000148620456
0.049549999996088445 9.999785106629133e-07
0.04863199999090284 0.0011799999920185655
0.04863199999090284 1.00000761449337e-06
0.04949000000488013 0.0012320000096224248
0.04949000000488013 0.0
0.048749999987194315 0.001273000001674518
0.048749999987194315 1.00000761449337e-06
0.049541000014869496 0.0012660000065807253
0.049541000014869496 1.00000761449337e-06
0.04895499997655861 0.001201000006403774
0.04895499997655861 0.0
0.048986999987391755 0.0012170000118203461
0.048986999987391755 1.00000761449337e-06
0.048704000015277416 0.0012209999840706587
0.048704000015277416 0.0
0.048510000022361055 0.00120599998626858
0.048510000022361055 0.0
0.051666000013938174 0.0029159999976400286
0.051666000013938174 0.0
0.054594999994151294 0.0032220000284723938
0.054594999994151294 1.00000761449337e-06
0.05629800001042895 0.0032610000052955
0.05629800001042895 0.0
0.05932299999403767 0.003280000004451722
0.05932299999403767 0.0
0.06404099997598678 0.0035020000068470836
0.06404099997598678 0.0
0.06405000001541339 0.002027999988058582
0.06405000001541339 9.999785106629133e-07
changed strategy
0.06304700000328012 0.0015199999907054007
0.06304700000328012 1.00000761449337e-06
0.06307299999753013 0.001588000013725832
0.06307299999753013 1.00000761449337e-06
0.06083299999590963 0.0015149999817367643
0.06083299999590963 1.00000761449337e-06
0.06501800002297387 0.0015910000074654818
0.06501800002297387 0.0
0.061908000003313646 0.0014729999820701778
0.061908000003313646 9.999785106629133e-07
0.059194000001298264 0.0014139999984763563
0.059194000001298264 0.0
0.05969500000355765 0.001408000010997057
0.05969500000355765 0.0
0.0798030000005383 0.0020659999863710254
0.0798030000005383 9.999785106629133e-07
0.06008299998939037 0.0014019999944139272
0.06008299998939037 9.999785106629133e-07
0.056484000000637025 0.0013679999974556267
0.056484000000637025 0.0
0.05854299999191426 0.0014199999859556556
0.05854299999191426 9.999785106629133e-07
0.05970699997851625 0.0014300000038929284
0.05970699997851625 0.0
0.06888700000126846 0.0014679999731015414
0.06888700000126846 1.00000761449337e-06
0.07684600001084618 0.002164999983506277
0.07684600001084618 1.00000761449337e-06
0.07777500001247972 0.002039999992121011
0.07777500001247972 1.00000761449337e-06
0.07355199998710304 0.00157200000830926
0.07355199998710304 9.999785106629133e-07
0.07738299999618903 0.0019099999917671084
0.07738299999618903 1.00000761449337e-06
0.08294500000192784 0.002189000020734966
0.08294500000192784 0.0
0.0838709999807179 0.0018949999939650297
0.0838709999807179 0.0
0.07118999998783693 0.002066999993985519
0.07118999998783693 9.999785106629133e-07
0.06003500000224449 0.0015220000059343874
0.06003500000224449 1.00000761449337e-06
0.05921999999554828 0.0014030000020284206
0.05921999999554828 1.00000761449337e-06
0.05974600001354702 0.0014640000008512288
0.05974600001354702 0.0
0.05899000001954846 0.0014020000235177577
0.05899000001954846 1.00000761449337e-06
0.05836299998918548 0.0014420000079553574
0.05836299998918548 0.0
0.058187999995425344 0.0013930000131949782
0.058187999995425344 0.0
0.05944300000555813 0.0014279999886639416
0.05944300000555813 0.0
0.05816899999626912 0.0014099999971222132
0.05816899999626912 0.0
0.05948100000387058 0.0014729999820701778
0.05948100000387058 9.999785106629133e-07
0.05800000001909211 0.001432999997632578
0.05800000001909211 0.0
0.08010799999465235 0.0021849999902769923
0.08010799999465235 1.00000761449337e-06
0.08032700000330806 0.002115999988745898
0.08032700000330806 0.0
0.0808240000042133 0.0020340000046417117
0.0808240000042133 1.00000761449337e-06
0.0800699999963399 0.001521999976830557
0.0800699999963399 0.0
0.08517499998561107 0.002158999996026978
0.08517499998561107 1.00000761449337e-06
0.08651700001792051 0.00213500001700595
0.08651700001792051 1.00000761449337e-06
0.07834200002253056 0.0020210000220686197
0.07834200002253056 9.999785106629133e-07
0.0734130000055302 0.002144999976735562
0.0734130000055302 0.0
0.062000000005355105 0.0014919999812263995
0.062000000005355105 0.0
0.058642999996664 0.0014439999940805137
0.058642999996664 1.00000761449337e-06
0.058213000011164695 0.0013710000202991068
0.058213000011164695 0.0
0.058351000014226884 0.0014350000128615648
0.058351000014226884 0.0
0.07803699999931268 0.0020019999938085675
0.07803699999931268 1.00000761449337e-06
0.07677800001692958 0.0019500000053085387
0.07677800001692958 0.0
0.06555599998682737 0.002035000012256205
0.06555599998682737 1.00000761449337e-06
0.07676100000389852 0.0026450000004842877
0.07676100000389852 0.0
0.056776000012177974 0.0014480000245384872
0.056776000012177974 1.00000761449337e-06
0.07462999998824671 0.0026950000028591603
0.07462999998824671 1.00000761449337e-06
0.06597500000498258 0.002158999996026978
0.06597500000498258 0.0
0.07799099999829195 0.0023250000085681677
0.07799099999829195 0.0
0.07305199999245815 0.0017970000044442713
0.07305199999245815 1.00000761449337e-06
0.06735999998636544 0.002183000004151836
0.06735999998636544 0.0
0.06900600000517443 0.0017510000034235418
0.06900600000517443 0.0
0.06927500001620501 0.0023170000058598816
0.06927500001620501 1.00000761449337e-06
0.06774200001382269 0.0012270000006537884
0.06774200001382269 1.00000761449337e-06
0.06850900000426918 0.0016590000013820827
0.06850900000426918 0.0
0.067150999995647 0.0013730000064242631
0.067150999995647 1.00000761449337e-06
0.058797999983653426 0.0018609999970067292
0.058797999983653426 0.0
0.06739700000616722 0.0016100000066217035
0.06739700000616722 0.0
0.0624320000060834 0.0017519999819342047
0.0624320000060834 0.0
0.05158699999446981 0.0013349999790079892
0.05158699999446981 0.0
0.0686870000208728 0.0016800000157672912
0.0686870000208728 1.00000761449337e-06
0.0712399999902118 0.0017170000064652413
0.0712399999902118 0.0
0.0621709999977611 0.0012970000097993761
0.0621709999977611 0.0
0.06796099999337457 0.0017719999887049198
0.06796099999337457 9.999785106629133e-07
0.06806999997934327 0.001724000001559034
0.06806999997934327 0.0
0.05147800000850111 0.001221999991685152
0.05147800000850111 1.00000761449337e-06
0.06217999997898005 0.0016840000171214342
0.06217999997898005 1.00000761449337e-06
0.06781599999521859 0.0018069999932777137
0.06781599999521859 1.00000761449337e-06
0.0709670000069309 0.001867000013589859
0.0709670000069309 1.00000761449337e-06
0.06837099997210316 0.0012679999927058816
0.06837099997210316 0.0
0.07194699998944998 0.0018020000134129077
0.07194699998944998 0.0
0.07065199999487959 0.0017869999865069985
0.07065199999487959 0.0
0.07043199997860938 0.0017530000186525285
0.07043199997860938 0.0
0.070071000023745 0.0017470000020693988
0.070071000023745 0.0
0.07276700000511482 0.0018399999826215208
0.07276700000511482 0.0
0.06878699999651872 0.001736000005621463
0.06878699999651872 0.0
0.07088700000895187 0.001348999998299405
0.07088700000895187 1.00000761449337e-06
0.07019699999364093 0.0017890000017359853
0.07019699999364093 1.00000761449337e-06
0.06992100001662038 0.0017780000052880496
0.06992100001662038 9.999785106629133e-07
0.053527999989455566 0.002119000011589378
0.053527999989455566 1.00000761449337e-06
0.05401600000914186 0.001264999998966232
0.05401600000914186 1.00000761449337e-06
0.05444300000090152 0.0013119999784976244
0.05444300000090152 0.0
0.0723230000003241 0.001896000001579523
0.0723230000003241 0.0
0.07468599997810088 0.001867999992100522
0.07468599997810088 0.0
0.0685290000110399 0.0013700000126846135
0.0685290000110399 1.00000761449337e-06
0.058806999993976206 0.0014349999837577343
0.058806999993976206 0.0
0.06342100002802908 0.001986000017495826
0.06342100002802908 0.0
0.07514100000844337 0.0017769999976735562
0.07514100000844337 0.0
0.0707119999860879 0.0017470000020693988
0.0707119999860879 1.00000761449337e-06
0.07359799998812377 0.0018360000103712082
0.07359799998812377 0.0
0.07368700002552941 0.0018860000127460808
0.07368700002552941 9.999785106629133e-07
0.070553999976255 0.0013219999964348972
0.070553999976255 0.0
0.07183899998199195 0.001832999987527728
0.07183899998199195 0.0
0.07709599999361672 0.0018259999924339354
0.07709599999361672 1.00000761449337e-06
0.0564029999950435 0.0019449999963399023
0.0564029999950435 0.0
0.057410000008530915 0.0016300000133924186
0.057410000008530915 1.00000761449337e-06
0.055789000005461276 0.0016089999990072101
0.055789000005461276 1.00000761449337e-06
0.05674600001657382 0.0013460000045597553
0.05674600001657382 0.0
0.07000999999581836 0.0019529999990481883
0.07000999999581836 0.0
0.05869999999413267 0.0015260000072885305
0.05869999999413267 1.00000761449337e-06
0.059394000010797754 0.0014239999873097986
0.059394000010797754 0.0
0.061359999992419034 0.0015819999971427023
0.061359999992419034 0.0
0.05895899998722598 0.001436999998986721
0.05895899998722598 9.999785106629133e-07
0.05675299998256378 0.001404000009642914
0.05675299998256378 0.0
0.06345600000349805 0.001373999984934926
0.06345600000349805 0.0
0.07744399999501184 0.0019690000044647604
0.07744399999501184 0.0
0.05699699997785501 0.001420000015059486
0.05699699997785501 0.0
0.06803100000252016 0.001879999996162951
0.06803100000252016 0.0
0.05953500000759959 0.001449999981559813
0.05953500000759959 1.00000761449337e-06
0.0643160000036005 0.001584999990882352
0.0643160000036005 0.0
0.06472599998232909 0.001524999999674037
0.06472599998232909 9.999785106629133e-07
0.06397799999103881 0.001596999994944781
0.06397799999103881 0.0
0.06396600001608022 0.001516999996965751
0.06396600001608022 0.0
0.06401900001219474 0.001842000026954338
0.06401900001219474 0.0
0.0618700000050012 0.0016339999856427312
0.0618700000050012 1.00000761449337e-06
0.0620350000099279 0.0015370000037364662
0.0620350000099279 1.00000761449337e-06
0.06121099999290891 0.0017639999859966338
0.06121099999290891 1.00000761449337e-06
0.06058699998538941 0.001584999990882352
0.06058699998538941 1.00000761449337e-06
0.06215000001247972 0.0017700000025797635
0.06215000001247972 0.0
0.061083000007783994 0.0019859999883919954
0.061083000007783994 9.999785106629133e-07
0.08101299998816103 0.002418999996734783
0.08101299998816103 1.00000761449337e-06
0.08088699998916127 0.0025000000023283064
0.08088699998916127 0.0
0.08332299999892712 0.0027239999908488244
0.08332299999892712 0.0
0.08600700000533834 0.002888000017264858
0.08600700000533834 0.0
0.07710800002678297 0.0020240000158082694
0.07710800002678297 0.0
0.05929200001992285 0.001795999996829778
0.05929200001992285 0.0
0.05922599998302758 0.0015270000149030238
0.05922599998302758 0.0
0.07721499999752268 0.0026880000077653676
0.07721499999752268 1.00000761449337e-06
0.07684200000949204 0.0021619999897666276
0.07684200000949204 0.0
0.08252599998377264 0.0024520000151824206
0.08252599998377264 1.00000761449337e-06
0.06100700001115911 0.0017050000024028122
0.06100700001115911 1.00000761449337e-06
0.062368999992031604 0.0017419999931007624
0.062368999992031604 0.0
0.06320899998536333 0.0017340000194963068
0.06320899998536333 1.00000761449337e-06
0.09077099998830818 0.00406700000166893
0.09077099998830818 0.0
0.07249099999899045 0.002806999982567504
0.07249099999899045 0.0
0.07336699997540563 0.004264000017428771
0.07336699997540563 9.999785106629133e-07
0.072623999993084 0.0023689999943599105
0.072623999993084 0.0
0.09137000000919215 0.0026889999862760305
0.09137000000919215 0.0
0.07574199998634867 0.00426700001116842
0.07574199998634867 0.0
0.07502100002602674 0.002282000001287088
0.07502100002602674 9.999785106629133e-07
0.07411100002354942 0.0018930000078398734
0.07411100002354942 0.0
0.07342599998810329 0.001736999984132126
0.07342599998810329 0.0
0.07102000000304542 0.0018210000125691295
0.07102000000304542 1.00000761449337e-06
0.0695959999866318 0.001791999995475635
0.0695959999866318 9.999785106629133e-07
0.068624000006821 0.002035999990766868
0.068624000006821 9.999785106629133e-07
0.06584999998449348 0.0020499999809544533
0.06584999998449348 0.0
0.0664519999991171 0.002039000013610348
0.0664519999991171 1.00000761449337e-06
0.060914000001503155 0.0018320000090170652
0.060914000001503155 9.999785106629133e-07
0.06033799998112954 0.0015629999979864806
0.06033799998112954 1.00000761449337e-06
0.06075500001315959 0.0017980000120587647
0.06075500001315959 0.0
0.06130299999495037 0.00201500000548549
0.06130299999495037 9.999785106629133e-07
0.0605210000067018 0.0015810000186320394
0.0605210000067018 0.0
0.061252000014064834 0.001800999976694584
0.061252000014064834 0.0
0.06094699999084696 0.0017970000044442713
0.06094699999084696 0.0
0.06057999999029562 0.0018379999964963645
0.06057999999029562 1.00000761449337e-06
0.058710999990580603 0.0016949999844655395
0.058710999990580603 0.0
0.05857100000139326 0.0016909999831113964
0.05857100000139326 1.00000761449337e-06
0.058616000023903325 0.0017170000064652413
0.058616000023903325 1.00000761449337e-06
0.08053300000028685 0.005379000009270385
0.08053300000028685 0.0
0.062065000005532056 0.0018330000166315585
0.062065000005532056 0.0
0.06089100000099279 0.0020800000056624413
0.06089100000099279 1.00000761449337e-06
0.05944599999929778 0.0017460000235587358
0.05944599999929778 0.0
0.058652999985497445 0.0014939999964553863
0.058652999985497445 1.00000761449337e-06
0.059919000021182 0.0014849999861326069
0.059919000021182 1.00000761449337e-06
0.05845199999748729 0.001432999997632578
0.05845199999748729 0.0
0.059689999994589016 0.0014999999839346856
0.059689999994589016 0.0
0.056889999978011474 0.001496999990195036
0.056889999978011474 0.0
0.053551999997580424 0.0013039999757893384
0.053551999997580424 0.0
0.05401600000914186 0.0012709999864455312
0.05401600000914186 0.0
0.054173999989870936 0.001344999996945262
0.054173999989870936 0.0
0.053392000001622364 0.0013450000260490924
0.053392000001622364 0.0
0.05353000000468455 0.0014610000071115792
0.05353000000468455 0.0
0.05376399998203851 0.0013709999911952764
0.05376399998203851 0.0
0.054096999985631555 0.0012949999945703894
0.054096999985631555 0.0
0.05757500001345761 0.0014990000054240227
0.05757500001345761 9.999785106629133e-07
0.05660899999202229 0.0013809999800287187
0.05660899999202229 1.00000761449337e-06
0.05550200000288896 0.0017370000132359564
0.05550200000288896 0.0
0.055686999985482544 0.0014229999796953052
0.055686999985482544 0.0
0.05828800000017509 0.001623000018298626
0.05828800000017509 0.0
0.0586089999997057 0.001369999983580783
0.0586089999997057 0.0
0.05879000001004897 0.0015309999871533364
0.05879000001004897 1.00000761449337e-06
0.05877100001089275 0.00144599998020567
0.05877100001089275 0.0
0.058250000001862645 0.0014500000106636435
0.058250000001862645 0.0
0.07937600000877865 0.0020530000037979335
0.07937600000877865 1.00000761449337e-06
0.06056199999875389 0.001500000013038516
0.06056199999875389 1.00000761449337e-06
0.06365399999776855 0.00193500000750646
0.06365399999776855 1.00000761449337e-06
0.05945500000962056 0.001453999982913956
0.05945500000962056 0.0
0.06202599999960512 0.0014979999978095293
0.06202599999960512 1.00000761449337e-06
0.06137999999918975 0.001508999994257465
0.06137999999918975 1.00000761449337e-06
0.06332600000314415 0.0015240000211633742
0.06332600000314415 1.00000761449337e-06
0.06340899999486282 0.0015329999732784927
0.06340899999486282 0.0
0.06299499998567626 0.0015610000118613243
0.06299499998567626 1.00000761449337e-06
0.06175799999618903 0.001555000024382025
0.06175799999618903 0.0
0.06354400000418536 0.0015570000105071813
0.06354400000418536 9.999785106629133e-07
0.05822900001658127 0.001441000000340864
0.05822900001658127 0.0
0.05589400001917966 0.0013550000148825347
0.05589400001917966 0.0
0.05428000001120381 0.0013290000206325203
0.05428000001120381 0.0
0.05339600000297651 0.001352999999653548
0.05339600000297651 0.0
0.05386700000963174 0.001344999996945262
0.05386700000963174 0.0
0.0559099999954924 0.0013509999844245613
0.0559099999954924 0.0
0.05921199999283999 0.001476000004913658
0.05921199999283999 0.0
0.059173000016016886 0.0014179999998304993
0.059173000016016886 1.00000761449337e-06
0.059557000000495464 0.0014519999967887998
0.059557000000495464 1.00000761449337e-06
0.059225000004516914 0.0014470000169239938
0.059225000004516914 1.00000761449337e-06
0.060526000015670434 0.0013980000221636146
0.060526000015670434 0.0
0.05951300001470372 0.001445000001695007
0.05951300001470372 0.0
0.05675600000540726 0.0013909999979659915
0.05675600000540726 0.0
0.05599999998230487 0.0013639999961014837
0.05599999998230487 1.00000761449337e-06
0.05673999999999069 0.0013700000126846135
0.05673999999999069 1.00000761449337e-06
0.05561199999647215 0.0013469999830704182
0.05561199999647215 0.0
0.05710600002203137 0.0013829999952577055
0.05710600002203137 0.0
0.05528500000946224 0.0014189999783411622
0.05528500000946224 0.0
0.05324699997436255 0.0013519999920390546
0.05324699997436255 1.00000761449337e-06
0.05326800001785159 0.0012940000160597265
0.05326800001785159 0.0
0.05684800000744872 0.0013970000145491213
0.05684800000744872 0.0
0.056626000005053356 0.0013809999800287187
0.056626000005053356 0.0
0.058209999988321215 0.0014070000033825636
0.058209999988321215 1.00000761449337e-06
0.07610199999180622 0.002210000006016344
0.07610199999180622 0.0
0.07568799998261966 0.0019040000042878091
0.07568799998261966 0.0
0.0827700000081677 0.0045689999824389815
0.0827700000081677 0.0
0.08950999999069609 0.005141000001458451
0.08950999999069609 0.0
0.08827000000746921 0.002478999987943098
0.08827000000746921 9.999785106629133e-07
0.08721800000057556 0.0021380000107456
0.08721800000057556 0.0
0.08790400001453236 0.00217500000144355
0.08790400001453236 1.00000761449337e-06
0.09206399999675341 0.002410999994026497
0.09206399999675341 0.0
0.08991400001104921 0.0021539999870583415
0.08991400001104921 0.0
0.08898599998792633 0.002158000017516315
0.08898599998792633 0.0
0.0885499999858439 0.0021539999870583415
0.0885499999858439 0.0
0.09400199999799952 0.0023919999948702753
0.09400199999799952 0.0
0.07428400000208057 0.0018099999870173633
0.07428400000208057 0.0
0.07295900001190603 0.0017639999859966338
0.07295900001190603 0.0
0.0690969999996014 0.00164899998344481
0.0690969999996014 0.0
0.08015100000193343 0.0017309999966528267
0.08015100000193343 0.0
0.06774999998742715 0.0016029999824240804
0.06774999998742715 1.00000761449337e-06
0.06628600001567975 0.0015830000047571957
0.06628600001567975 9.999785106629133e-07
0.0670269999827724 0.0016379999869968742
0.0670269999827724 0.0
0.06667800000286661 0.0016089999990072101
0.06667800000286661 0.0
0.06512800001655705 0.001576000009663403
0.06512800001655705 0.0
0.0643440000130795 0.0016650000179652125
0.0643440000130795 0.0
0.0659250000026077 0.0016490000125486404
0.0659250000026077 1.00000761449337e-06
0.06844599999021739 0.0016949999844655395
0.06844599999021739 9.999785106629133e-07
0.06967100000474602 0.001711999997496605
0.06967100000474602 0.0
0.06972100000712089 0.001707999996142462
0.06972100000712089 1.00000761449337e-06
0.06861000001663342 0.0022610000160057098
0.06861000001663342 1.00000761449337e-06
0.06851400001323782 0.0016539999924134463
0.06851400001323782 0.0
0.06946999998763204 0.0017299999890383333
0.06946999998763204 0.0
0.06935099998372607 0.0016590000013820827
0.06935099998372607 0.0
0.06169700002647005 0.001520999998319894
0.06169700002647005 0.0
0.06104400000185706 0.0014910000027157366
0.06104400000185706 0.0
0.06440000000293367 0.0016119999927468598
0.06440000000293367 0.0
0.0639519999967888 0.0016089999990072101
0.0639519999967888 9.999785106629133e-07
0.06308600000920705 0.0015290000010281801
0.06308600000920705 1.00000761449337e-06
0.07059700001263991 0.0017630000074859709
0.07059700001263991 1.00000761449337e-06
0.07131400000071153 0.0017700000025797635
0.07131400000071153 1.00000761449337e-06
0.0709050000004936 0.0017499999958090484
0.0709050000004936 1.00000761449337e-06
0.07402400000137277 0.0019000000029336661
0.07402400000137277 0.0
0.07653799999388866 0.0018480000144336373
0.07653799999388866 0.0
0.0769739999959711 0.0020289999956730753
0.0769739999959711 9.999785106629133e-07
0.07373299999744631 0.0017670000088401139
0.07373299999744631 0.0
0.07667599999695085 0.0018409999902360141
0.07667599999695085 1.00000761449337e-06
0.0916000000142958 0.005124999996041879
0.0916000000142958 0.0
0.09880300000077114 0.005491000018082559
0.09880300000077114 0.0
0.10063000000081956 0.003113999991910532
0.10063000000081956 1.00000761449337e-06
0.1031760000041686 0.002585000009275973
0.1031760000041686 9.999785106629133e-07
0.10526599999866448 0.005809999973280355
0.10526599999866448 1.00000761449337e-06
0.10533900000154972 0.002650000009452924
0.10533900000154972 0.0
0.10540000000037253 0.0025639999948907644
0.10540000000037253 9.999785106629133e-07
0.10540099997888319 0.0025489999970886856
0.10540099997888319 0.0
0.08693200000561774 0.002123000012943521
0.08693200000561774 0.0
0.08665200002724305 0.0022049999970477074
0.08665200002724305 0.0
0.08776300001773052 0.0023879999935161322
0.08776300001773052 1.00000761449337e-06
0.07698699997854419 0.0018820000113919377
0.07698699997854419 1.00000761449337e-06
0.07370699997409247 0.0017940000107046217
0.07370699997409247 1.00000761449337e-06
0.0736670000187587 0.001795999996829778
0.0736670000187587 1.00000761449337e-06
0.07367099999100901 0.0017940000107046217
0.07367099999100901 0.0
0.07621599998674355 0.001820000004954636
0.07621599998674355 1.00000761449337e-06
0.069420000014361 0.0016750000067986548
0.069420000014361 0.0
0.07122799998614937 0.0017269999952986836
0.07122799998614937 0.0
0.07308500001090579 0.0017930000030901283
0.07308500001090579 9.999785106629133e-07
0.07322200000635348 0.0017900000093504786
0.07322200000635348 1.00000761449337e-06
0.07669600000372157 0.002060999977402389
0.07669600000372157 9.999785106629133e-07
0.07753799998317845 0.0019019999890588224
0.07753799998317845 1.00000761449337e-06
0.07596000001649372 0.0019179999944753945
0.07596000001649372 0.0
0.07865099998889491 0.0019360000151209533
0.07865099998889491 0.0
0.07656799998949282 0.001931000006152317
0.07656799998949282 9.999785106629133e-07
0.07950000002165325 0.001986999996006489
0.07950000002165325 0.0
0.07443900001817383 0.0018250000139232725
0.07443900001817383 0.0
0.07472799997776747 0.0017970000044442713
0.07472799997776747 1.00000761449337e-06
0.07129100000020117 0.0017450000159442425
0.07129100000020117 1.00000761449337e-06
0.07434999998076819 0.001740000006975606
0.07434999998076819 1.00000761449337e-06
0.07382799999322742 0.0017850000003818423
0.07382799999322742 0.0
0.0742409999947995 0.0018090000085067004
0.0742409999947995 0.0
0.07192899999790825 0.0019109999993816018
0.07192899999790825 1.00000761449337e-06
0.07132399998954497 0.002127000014297664
0.07132399998954497 0.0
0.07197600000654347 0.0018629999831318855
0.07197600000654347 1.00000761449337e-06
0.07097500000963919 0.001732999982777983
0.07097500000963919 1.00000761449337e-06
0.07185799998114817 0.0018130000098608434
0.07185799998114817 9.999785106629133e-07
0.07034199999179691 0.0017970000044442713
0.07034199999179691 9.999785106629133e-07
0.07208799998625182 0.0017619999998714775
0.07208799998625182 1.00000761449337e-06
0.07433099998161197 0.0017799999914132059
0.07433099998161197 1.00000761449337e-06
0.07477899998775683 0.001812999980757013
0.07477899998775683 0.0
0.09339900000486523 0.002414000016869977
0.09339900000486523 0.0
0.06959199998527765 0.0016780000005383044
0.06959199998527765 0.0
0.07197399999131449 0.001744999986840412
0.07197399999131449 9.999785106629133e-07
0.07196900001144968 0.001795000018319115
0.07196900001144968 1.00000761449337e-06
0.0743920000095386 0.0018529999942984432
0.0743920000095386 0.0
0.07671500000287779 0.0018810000037774444
0.07671500000287779 9.999785106629133e-07
0.07689600001322106 0.0018909999926108867
0.07689600001322106 0.0
0.07584499998483807 0.001883999997517094
0.07584499998483807 1.00000761449337e-06
0.07623899998725392 0.0018709999858401716
0.07623899998725392 1.00000761449337e-06
0.07781299998168834 0.0019130000146105886
0.07781299998168834 1.00000761449337e-06
0.07890699998824857 0.0019610000017564744
0.07890699998824857 1.00000761449337e-06
0.07815499999560416 0.0019150000007357448
0.07815499999560416 0.0
0.07074600001215003 0.0017769999976735562
0.07074600001215003 0.0
0.07796500000404194 0.0023130000045057386
0.07796500000404194 0.0
0.0744039999844972 0.0018850000051315874
0.0744039999844972 1.00000761449337e-06
0.07439199998043478 0.0018649999983608723
0.07439199998043478 1.00000761449337e-06
0.06924400001298636 0.0016929999983403832
0.06924400001298636 0.0
0.06853600000613369 0.001724000001559034
0.06853600000613369 0.0
0.06811100000049919 0.0016199999954551458
0.06811100000049919 0.0
0.07070099998963997 0.001744000008329749
0.07070099998963997 0.0
0.06876599998213351 0.0016830000095069408
0.06876599998213351 0.0
0.06866600000648759 0.001672999991569668
0.06866600000648759 1.00000761449337e-06
0.06871600000886247 0.0017039999947883189
0.06871600000886247 1.00000761449337e-06
0.07084599998779595 0.001707999996142462
0.07084599998779595 0.0
0.07114500002353452 0.0017890000017359853
0.07114500002353452 1.00000761449337e-06
0.0700360000191722 0.0017470000020693988
0.0700360000191722 1.00000761449337e-06
0.06941399999777786 0.0017039999947883189
0.06941399999777786 1.00000761449337e-06
0.06910000002244487 0.0016929999983403832
0.06910000002244487 0.0
0.08970300000510179 0.00237499998183921
0.08970300000510179 9.999785106629133e-07
0.07248400000389665 0.001719000021694228
0.07248400000389665 1.00000761449337e-06
0.0708489999815356 0.0018099999870173633
0.0708489999815356 0.0
0.06903800001600757 0.0016490000125486404
0.06903800001600757 0.0
0.07104900002013892 0.0017610000213608146
0.07104900002013892 1.00000761449337e-06
0.07296499999938533 0.0017269999952986836
0.07296499999938533 1.00000761449337e-06
0.07150200000614859 0.0017309999966528267
0.07150200000614859 9.999785106629133e-07
0.07110500000999309 0.0017490000172983855
0.07110500000999309 0.0
0.07185999999637716 0.0017490000172983855
0.07185999999637716 1.00000761449337e-06
0.06822699998156168 0.0017410000145900995
0.06822699998156168 1.00000761449337e-06
0.06898499999078922 0.0016449999820906669
0.06898499999078922 0.0
0.06885099998908117 0.0016849999956320971
0.06885099998908117 0.0
0.0693559999926947 0.0016849999956320971
0.0693559999926947 1.00000761449337e-06
0.0691250000090804 0.0016539999924134463
0.0691250000090804 0.0
0.06887300001108088 0.0016989999858196825
0.06887300001108088 0.0
0.06972200001473539 0.001715999998850748
0.06972200001473539 9.999785106629133e-07
0.06910400002379902 0.001648000004934147
0.06910400002379902 1.00000761449337e-06
0.07185000000754371 0.0017619999998714775
0.07185000000754371 1.00000761449337e-06
0.07145200000377372 0.0017829999851528555
0.07145200000377372 1.00000761449337e-06
0.07104399998206645 0.0017590000061318278
0.07104399998206645 9.999785106629133e-07
0.07374799999524839 0.0018449999915901572
0.07374799999524839 0.0
0.07494200000655837 0.001820999983465299
0.07494200000655837 0.0
0.07469499998842366 0.0017930000030901283
0.07469499998842366 0.0
0.074893000011798 0.0017989999905694276
0.074893000011798 9.999785106629133e-07
0.07408399999258108 0.001791999995475635
0.07408399999258108 0.0
0.07399000000441447 0.0018219999910797924
0.07399000000441447 1.00000761449337e-06
0.07379699999000877 0.0018020000134129077
0.07379699999000877 1.00000761449337e-06
0.07365299999946728 0.0018139999883715063
0.07365299999946728 0.0
0.07440900002256967 0.001808000000892207
0.07440900002256967 1.00000761449337e-06
0.07506400000420399 0.0017839999927673489
0.07506400000420399 0.0
0.07069900000351481 0.0017860000079963356
0.07069900000351481 1.00000761449337e-06
0.07537599999341182 0.0017179999849759042
0.07537599999341182 0.0
0.06716000000596978 0.0016670000040903687
0.06716000000596978 1.7000013031065464e-05
0.06611000001430511 0.002055999997537583
0.06611000001430511 0.0
0.0672179999819491 0.0018709999858401716
0.0672179999819491 0.0
0.06957600000896491 0.0018189999973401427
0.06957600000896491 0.0
0.07010199999785982 0.0019170000159647316
0.07010199999785982 0.0
0.06631199998082593 0.0017470000020693988
0.06631199998082593 1.00000761449337e-06
0.06584899997687899 0.0015990000101737678
0.06584899997687899 1.00000761449337e-06
0.06848699998226948 0.0018299999937880784
0.06848699998226948 0.0
0.06924899999285117 0.0017059999809134752
0.06924899999285117 9.999785106629133e-07
0.06917599998996593 0.0017259999876841903
0.06917599998996593 0.0
0.06929300000774674 0.0017019999795593321
0.06929300000774674 0.0
0.07125100001576357 0.0017820000066421926
0.07125100001576357 0.0
0.06857000000309199 0.0016690000193193555
0.06857000000309199 0.0
0.06718899999395944 0.001588999992236495
0.06718899999395944 1.00000761449337e-06
0.06594100000802428 0.00172899998142384
0.06594100000802428 0.0
0.06646900001214817 0.0016539999924134463
0.06646900001214817 0.0
0.06358499999623746 0.0015940000012051314
0.06358499999623746 0.0
0.06502599999657832 0.0015879999846220016
0.06502599999657832 0.0
0.06770399998640642 0.0017550000047776848
0.06770399998640642 0.0
0.0639130000199657 0.0018309999722987413
0.0639130000199657 0.0
0.06339299998944625 0.0015710000006947666
0.06339299998944625 9.999785106629133e-07
0.06456199998501688 0.0015359999961219728
0.06456199998501688 1.00000761449337e-06
0.06398400000762194 0.0015199999907054007
0.06398400000762194 0.0
0.061756999988574535 0.0015259999781847
0.061756999988574535 1.00000761449337e-06
0.062273999996250495 0.0014899999951012433
0.062273999996250495 9.999785106629133e-07
0.06136700001661666 0.0014779999910388142
0.06136700001661666 0.0
0.07842400000663474 0.0014999999839346856
0.07842400000663474 9.999785106629133e-07
0.0635889999975916 0.001644000003580004
0.0635889999975916 0.0
0.06963700000778772 0.0017379999917466193
0.06963700000778772 0.0
0.06873500000801869 0.0017229999939445406
0.06873500000801869 0.0
0.06731399998534471 0.001596999994944781
0.06731399998534471 0.0
0.06952400002046488 0.0016889999969862401
0.06952400002046488 0.0
0.06887600000482053 0.001736000005621463
0.06887600000482053 1.00000761449337e-06
0.06913700001314282 0.0016619999951217324
0.06913700001314282 0.0
0.06844000000273809 0.001676999992923811
0.06844000000273809 0.0
0.07764299999689683 0.002147999999579042
0.07764299999689683 0.0
0.08971299999393523 0.002601999993203208
0.08971299999393523 0.0
0.10377899999730289 0.002984999999171123
0.10377899999730289 0.0
0.10560099998838268 0.0025749999913387
0.10560099998838268 0.0
0.10923699999693781 0.00632499999483116
0.10923699999693781 0.0
0.10985300000174902 0.0029630000062752515
0.10985300000174902 0.0
0.11483700000098906 0.0064910000073723495
0.11483700000098906 0.0
0.11528200001339428 0.0029479999793693423
0.11528200001339428 0.0
0.1208489999989979 0.0027889999910257757
0.1208489999989979 0.0
0.09483700001146644 0.0025440000172238797
0.09483700001146644 0.0
0.09356000000843778 0.0023150000197347254
0.09356000000843778 1.00000761449337e-06
0.09428699998534285 0.002402999991318211
0.09428699998534285 1.00000761449337e-06
0.07388199999695644 0.0018359999812673777
0.07388199999695644 0.0
0.07441200001630932 0.0019139999931212515
0.07441200001630932 0.0
0.07131100000697188 0.001724000001559034
0.07131100000697188 1.00000761449337e-06
0.07199799999943934 0.0018419999978505075
0.07199799999943934 1.00000761449337e-06
0.06669700000202283 0.0016020000039134175
0.06669700000202283 1.00000761449337e-06
0.06623799999943003 0.0016079999913927168
0.06623799999943003 0.0
0.0918729999975767 0.0023999999975785613
0.0918729999975767 9.999785106629133e-07
0.06656000000657514 0.0016860000032465905
0.06656000000657514 1.00000761449337e-06
0.08374699999694712 0.0016790000081527978
0.08374699999694712 0.0
0.06696299999020994 0.001636000000871718
0.06696299999020994 0.0
0.0791060000192374 0.0020409999997355044
0.0791060000192374 9.999785106629133e-07
0.06631499997456558 0.0015779999957885593
0.06631499997456558 0.0
0.06742800000938587 0.001576000009663403
0.06742800000938587 1.00000761449337e-06
0.06608799999230541 0.0017599999846424907
0.06608799999230541 9.999785106629133e-07
0.06577099999412894 0.0015790000034030527
0.06577099999412894 1.00000761449337e-06
0.06965499999932945 0.001660999987507239
0.06965499999932945 0.0
0.068994000001112 0.0015839999832678586
0.068994000001112 0.0
0.09122500001103617 0.002242999995360151
0.09122500001103617 1.00000761449337e-06
0.0695220000052359 0.0016869999817572534
0.0695220000052359 9.999785106629133e-07
0.07175199998891912 0.001887999998871237
0.07175199998891912 0.0
0.07151999999769032 0.0016419999883510172
0.07151999999769032 0.0
0.07224399998085573 0.0017480000096838921
0.07224399998085573 1.00000761449337e-06
0.0731519999972079 0.001699000014923513
0.0731519999972079 0.0
0.07038200000533834 0.0016639999812468886
0.07038200000533834 0.0
0.0696849999949336 0.0017730000254232436
0.0696849999949336 0.0
0.07034099998418242 0.0015950000088196248
0.07034099998418242 0.0
0.07230800000252202 0.002035999990766868
0.07230800000252202 0.0
0.07164799998281524 0.0017210000078193843
0.07164799998281524 0.0
0.07175699999788776 0.0016720000130590051
0.07175699999788776 0.0
0.07109099999070168 0.0018029999919235706
0.07109099999070168 0.0
0.0726180000056047 0.0016869999817572534
0.0726180000056047 0.0
0.07147699999040924 0.0016639999812468886
0.07147699999040924 0.0
0.07183299999451265 0.0017080000252462924
0.07183299999451265 1.00000761449337e-06
0.07227699999930337 0.0016789999790489674
0.07227699999930337 0.0
0.07458800001768395 0.0017459999944549054
0.07458800001768395 0.0
0.07452100000227802 0.0017619999998714775
0.07452100000227802 0.0
0.07541999997920357 0.0017660000012256205
0.07541999997920357 0.0
0.07451599999330938 0.0020659999863710254
0.07451599999330938 1.00000761449337e-06
0.0718289999931585 0.0018219999910797924
0.0718289999931585 0.0
0.07141199999023229 0.001680999994277954
0.07141199999023229 0.0
0.0733380000165198 0.0017000000225380063
0.0733380000165198 1.00000761449337e-06
0.07479500002227724 0.0018180000188294798
0.07479500002227724 1.00000761449337e-06
0.07375199999660254 0.0017389999993611127
0.07375199999660254 0.0
0.0733440000039991 0.0017769999976735562
0.0733440000039991 1.00000761449337e-06
0.07513899999321438 0.0017829999851528555
0.07513899999321438 0.0
0.07354000001214445 0.0017809999990276992
0.07354000001214445 0.0
0.07205400001839735 0.0016720000130590051
0.07205400001839735 1.00000761449337e-06
0.06858200000715442 0.0016389999946113676
0.06858200000715442 0.0
0.06820999999763444 0.0016380000161007047
0.06820999999763444 0.0
0.06857199998921715 0.0016339999856427312
0.06857199998921715 0.0
0.06889499997487292 0.0016590000013820827
0.06889499997487292 9.999785106629133e-07
0.07186100000399165 0.00169500001356937
0.07186100000399165 0.0
0.07096300000557676 0.0017470000020693988
0.07096300000557676 0.0
0.07159900001715869 0.0017039999947883189
0.07159900001715869 0.0
0.0726289999729488 0.001756999990902841
0.0726289999729488 0.0
0.071263000019826 0.001724000001559034
0.071263000019826 0.0
0.07247299997834489 0.001720000000204891
0.07247299997834489 9.999785106629133e-07
0.07073199999285862 0.00172899998142384
0.07073199999285862 0.0
0.07180999999400228 0.0017220000154338777
0.07180999999400228 0.0
0.0684449999826029 0.0016259999829344451
0.0684449999826029 0.0
0.069645000010496 0.001584000012371689
0.069645000010496 0.0
0.07217299999319948 0.0017050000024028122
0.07217299999319948 0.0
0.08554600001662038 0.0023050000017974526
0.08554600001662038 1.00000761449337e-06
0.07373800000641495 0.0017649999936111271
0.07373800000641495 0.0
0.07580000002053566 0.0018020000134129077
0.07580000002053566 0.0
0.07630299997981638 0.0017820000066421926
0.07630299997981638 1.00000761449337e-06
0.07902800000738353 0.001896999980090186
0.07902800000738353 1.00000761449337e-06
0.07715699999243952 0.0018139999883715063
0.07715699999243952 9.999785106629133e-07
0.07714599999599159 0.0018019999843090773
0.07714599999599159 0.0
0.07694300002185628 0.001883999997517094
0.07694300002185628 1.00000761449337e-06
0.07608100000652485 0.0018359999812673777
0.07608100000652485 0.0
0.07371399999829009 0.001727000024402514
0.07371399999829009 0.0
0.07637399999657646 0.0018600000184960663
0.07637399999657646 0.0
0.07655700002214871 0.002242999995360151
0.07655700002214871 9.999785106629133e-07
0.07791600000928156 0.0018419999978505075
0.07791600000928156 0.0
0.07775999998557381 0.0018459999992046505
0.07775999998557381 0.0
0.07913800000096671 0.0018299999937880784
0.07913800000096671 0.0
0.07913399999961257 0.001988000003620982
0.07913399999961257 0.0
0.07572200000868179 0.001787999994121492
0.07572200000868179 1.00000761449337e-06
0.07726000002003275 0.0018490000220481306
0.07726000002003275 0.0
0.07752799999434501 0.0017930000030901283
0.07752799999434501 0.0
0.07678800000576302 0.0018459999992046505
0.07678800000576302 0.0
0.07419299997854978 0.0017970000044442713
0.07419299997854978 0.0
0.0740010000008624 0.0017480000096838921
0.0740010000008624 9.999785106629133e-07
0.07069200000842102 0.0016759999853093177
0.07069200000842102 1.00000761449337e-06
0.07827200001338497 0.001816999982111156
0.07827200001338497 1.00000761449337e-06
0.07414799998514354 0.001779000012902543
0.07414799998514354 9.999785106629133e-07
0.0729929999797605 0.0017809999990276992
0.0729929999797605 1.00000761449337e-06
0.07627900000079535 0.0018689999997150153
0.07627900000079535 0.0
0.07594399998197332 0.0018400000117253512
0.07594399998197332 0.0
0.07654999999795109 0.001836999988881871
0.07654999999795109 1.00000761449337e-06
0.0793660000199452 0.0019489999976940453
0.0793660000199452 0.0
0.07858699999633245 0.0018979999877046794
0.07858699999633245 1.00000761449337e-06
0.0792879999789875 0.001859000010881573
0.0792879999789875 1.00000761449337e-06
0.07702700002118945 0.00185500000952743
0.07702700002118945 0.0
0.07909199999994598 0.0018779999809339643
0.07909199999994598 0.0
0.08089000001200475 0.0019580000080168247
0.08089000001200475 1.00000761449337e-06
0.07957000000169501 0.0018850000051315874
0.07957000000169501 0.0
0.0811719999765046 0.0019890000112354755
0.0811719999765046 1.00000761449337e-06
0.0820899999816902 0.00201500000548549
0.0820899999816902 0.0
0.07863699999870732 0.0018660000059753656
0.07863699999870732 0.0
0.07856200000969693 0.0019469999824650586
0.07856200000969693 1.00000761449337e-06
0.09498799999710172 0.0029189999913796782
0.09498799999710172 0.0
0.11733999999705702 0.002966999978525564
0.11733999999705702 0.0
0.09108199999900535 0.001947000011568889
0.09108199999900535 0.0
0.09532799999578856 0.0019120000069960952
0.09532799999578856 1.00000761449337e-06
0.07747099999687634 0.0018599999893922359
0.07747099999687634 9.999785106629133e-07
0.08255099999951199 0.001986999996006489
0.08255099999951199 0.0
0.0763509999960661 0.002023999986704439
0.0763509999960661 0.0
0.07781499999691732 0.001863999990746379
0.07781499999691732 0.0
0.07398600000306033 0.0018509999790694565
0.07398600000306033 9.999785106629133e-07
0.07507599997916259 0.0019190000020898879
0.07507599997916259 0.0
0.07686000000103377 0.0020229999790899456
0.07686000000103377 1.00000761449337e-06
0.07694100000662729 0.0019620000093709677
0.07694100000662729 0.0
0.0810009999840986 0.0020409999997355044
0.0810009999840986 0.0
0.07830100000137463 0.0019209999882150441
0.07830100000137463 0.0
0.08055499999318272 0.0022059999755583704
0.08055499999318272 0.0
0.07991499998024665 0.0019570000004023314
0.07991499998024665 0.0
0.07939200001419522 0.001980000000912696
0.07939200001419522 0.0
0.07810199999948964 0.0019040000042878091
0.07810199999948964 9.999785106629133e-07
0.0772119999746792 0.0019010000105481595
0.0772119999746792 0.0
0.07658799999626353 0.0020249999943189323
0.07658799999626353 0.0
0.07706700000562705 0.0019159999792464077
0.07706700000562705 0.0
0.0737809999845922 0.00181200000224635
0.0737809999845922 1.00000761449337e-06
0.07356599997729063 0.0019109999993816018
0.07356599997729063 0.0
0.07147300001815893 0.0017180000140797347
0.07147300001815893 0.0
0.07675099998596124 0.002082000020891428
0.07675099998596124 0.0
0.07570300000952557 0.0018470000068191439
0.07570300000952557 0.0
0.10276600002544001 0.002993000001879409
0.10276600002544001 0.0
0.08568099999683909 0.0018099999870173633
0.08568099999683909 0.0
0.07720999998855405 0.0018659999768715352
0.07720999998855405 1.00000761449337e-06
0.08599099999992177 0.0017349999980069697
0.08599099999992177 0.0
0.08638100000098348 0.0026169999910052866
0.08638100000098348 1.00000761449337e-06
0.08217899998999201 0.0018179999897256494
0.08217899998999201 0.0
0.07377699998323806 0.0020530000037979335
0.07377699998323806 0.0
0.07160599998314865 0.0017010000010486692
0.07160599998314865 0.0
0.07416699998429976 0.0017909999878611416
0.07416699998429976 0.0
0.07387399999424815 0.0017679999873507768
0.07387399999424815 9.999785106629133e-07
0.07347899998421781 0.0017660000012256205
0.07347899998421781 9.999785106629133e-07
0.07359300000825897 0.0017860000079963356
0.07359300000825897 9.999785106629133e-07
0.07138499998836778 0.0017029999871738255
0.07138499998836778 0.0
0.07376199998543598 0.0017379999917466193
0.07376199998543598 1.00000761449337e-06
0.0748299999977462 0.0017149999912362546
0.0748299999977462 0.0
0.0740749999822583 0.0017829999851528555
0.0740749999822583 0.0
0.07444600001326762 0.0018320000090170652
0.07444600001326762 0.0
0.07401500002015382 0.0017689999949652702
0.07401500002015382 0.0
0.07524700000067241 0.0017820000066421926
0.07524700000067241 9.999785106629133e-07
0.07400299998698756 0.0018660000059753656
0.07400299998698756 0.0
0.07405200001085177 0.0017330000118818134
0.07405200001085177 0.0
0.07547599999816157 0.0017140000127255917
0.07547599999816157 0.0
0.07516300000133924 0.0017820000066421926
0.07516300000133924 0.0
0.07537499998579733 0.0018229999986942858
0.07537499998579733 0.0
0.08784700001706369 0.0024019999837037176
0.08784700001706369 1.00000761449337e-06
0.08101100000203587 0.0019210000173188746
0.08101100000203587 0.0
0.07939900000928901 0.0019019999890588224
0.07939900000928901 0.0
0.0802069999917876 0.0019210000173188746
0.0802069999917876 1.00000761449337e-06
0.0777339999913238 0.001875999994808808
0.0777339999913238 9.999785106629133e-07
0.07972899999003857 0.0020450000010896474
0.07972899999003857 1.00000761449337e-06
0.07708999997703359 0.0018419999978505075
0.07708999997703359 0.0
0.07583099999465048 0.001863000012235716
0.07583099999465048 0.0
0.07537100001354702 0.002187000005505979
0.07537100001354702 0.0
0.0781659999920521 0.001863999990746379
0.0781659999920521 9.999785106629133e-07
0.07890500000212342 0.001875999994808808
0.07890500000212342 9.999785106629133e-07
0.07952400000067428 0.001904999982798472
0.07952400000067428 1.00000761449337e-06
0.0760219999938272 0.0017820000066421926
0.0760219999938272 1.00000761449337e-06
0.07867299998179078 0.0019050000119023025
0.07867299998179078 0.0
0.081384999997681 0.0019359999860171229
0.081384999997681 0.0
0.08232600000337698 0.0019650000031106174
0.08232600000337698 0.0
0.08190299998386763 0.0019580000080168247
0.08190299998386763 0.0
0.08879300000262447 0.0019529999990481883
0.08879300000262447 1.00000761449337e-06
0.08174700001836754 0.001947999990079552
0.08174700001836754 1.00000761449337e-06
0.0818450000078883 0.0019420000026002526
0.0818450000078883 0.0
0.08276800002204254 0.002119000011589378
0.08276800002204254 0.0
0.08258099999511614 0.0019369999936316162
0.08258099999511614 1.00000761449337e-06
0.11255699998582713 0.0021269999851938337
0.11255699998582713 0.0
0.10217400002875365 0.0031149999995250255
0.10217400002875365 0.0
0.09512600000016391 0.0020800000056624413
0.09512600000016391 0.0
0.10269700002390891 0.0028839999868068844
0.10269700002390891 9.999785106629133e-07
0.08895699999993667 0.002035000012256205
0.08895699999993667 1.00000761449337e-06
0.0956949999963399 0.002014000026974827
0.0956949999963399 0.0
0.0927300000039395 0.002166999998735264
0.0927300000039395 0.0
0.085867000016151 0.001927000004798174
0.085867000016151 0.0
0.08172799999010749 0.001980999979423359
0.08172799999010749 0.0
0.08108199998969212 0.001963999995496124
0.08108199998969212 0.0
0.0810920000076294 0.0019960000063292682
0.0810920000076294 1.00000761449337e-06
0.08466399999451824 0.0020859999931417406
0.08466399999451824 1.00000761449337e-06
0.08616999999503605 0.002135999995516613
0.08616999999503605 0.0
0.09412699998938479 0.002163999975891784
0.09412699998938479 1.00000761449337e-06
0.08427000002120622 0.001986999996006489
0.08427000002120622 0.0
0.07901500002481043 0.0018489999929443002
0.07901500002481043 0.0
0.08103600001777522 0.0019369999936316162
0.08103600001777522 0.0
0.0838299999886658 0.0019540000066626817
0.0838299999886658 1.00000761449337e-06
0.08412399998633191 0.002027999988058582
0.08412399998633191 1.00000761449337e-06
0.08732900000177324 0.0020120000117458403
0.08732900000177324 0.0
0.08753699998487718 0.0024280000070575625
0.08753699998487718 0.0
0.08648500000708736 0.002043999993475154
0.08648500000708736 0.0
0.08712399998330511 0.0021330000017769635
0.08712399998330511 9.999785106629133e-07
0.08566599999903701 0.002043999993475154
0.08566599999903701 9.999785106629133e-07
0.0889690000039991 0.0021810000180266798
0.0889690000039991 1.00000761449337e-06
0.08934999999473803 0.002529999997932464
0.08934999999473803 0.0
0.08625299998675473 0.00205199999618344
0.08625299998675473 0.0
0.09544800000730902 0.002351999981328845
0.09544800000730902 0.0
0.09965300001204014 0.0024170000106096268
0.09965300001204014 0.0
0.12342599997646175 0.007226999994600192
0.12342599997646175 9.999785106629133e-07
0.13164800000959076 0.007440999994287267
0.13164800000959076 9.999785106629133e-07
0.08619900001212955 0.002082999999402091
0.08619900001212955 0.0
0.0936539999966044 0.0022990000143181533
0.0936539999966044 0.0
0.08716299998923205 0.002099999983329326
0.08716299998923205 0.0
0.08384400000795722 0.002111999987391755
0.08384400000795722 1.00000761449337e-06
0.08715500001562759 0.0020520000252872705
0.08715500001562759 0.0
0.08649799998966046 0.0021019999985583127
0.08649799998966046 9.999785106629133e-07
0.08859500000835396 0.0021080000151414424
0.08859500000835396 0.0
0.08817299999645911 0.002147999999579042
0.08817299999645911 0.0
0.088277000002563 0.0020800000056624413
0.088277000002563 0.0
0.08426200001849793 0.002007999981287867
0.08426200001849793 0.0
0.0840699999826029 0.0020209999929647893
0.0840699999826029 0.0
0.08671200001845136 0.0020290000247769058
0.08671200001845136 0.0
0.09061500002280809 0.0020930000173393637
0.09061500002280809 0.0
0.08927699999185279 0.0021969999943394214
0.08927699999185279 1.00000761449337e-06
0.08791000000201166 0.002060999977402389
0.08791000000201166 0.0
0.08651799999643117 0.00205199999618344
0.08651799999643117 0.0
0.08579299997654743 0.002070000016828999
0.08579299997654743 1.00000761449337e-06
0.08820600001490675 0.002123000012943521
0.08820600001490675 1.00000761449337e-06
0.08383299998240545 0.002064000000245869
0.08383299998240545 0.0
0.08159600000362843 0.0019529999990481883
0.08159600000362843 0.0
0.08138199997483753 0.0019480000191833824
0.08138199997483753 0.0
0.08137700002407655 0.0019970000139437616
0.08137700002407655 0.0
0.08198100002482533 0.0019339999998919666
0.08198100002482533 0.0
0.08110800001304597 0.001904999982798472
0.08110800001304597 0.0
0.08219799998914823 0.0020309999817982316
0.08219799998914823 0.0
0.08177900000009686 0.002051000017672777
0.08177900000009686 1.00000761449337e-06
0.08361900001182221 0.0019319999846629798
0.08361900001182221 9.999785106629133e-07
0.08417800001916476 0.00201199998264201
0.08417800001916476 9.999785106629133e-07
0.08433100002002902 0.0021309999865479767
0.08433100002002902 0.0
0.0839620000042487 0.002027999988058582
0.0839620000042487 0.0
0.08198800001991913 0.0019829999946523458
0.08198800001991913 0.0
0.08488900001975708 0.002055999997537583
0.08488900001975708 0.0
0.0840510000125505 0.001986999996006489
0.0840510000125505 0.0
0.08340999999199994 0.001994000020204112
0.08340999999199994 0.0
0.0847160000121221 0.0019910000264644623
0.0847160000121221 1.00000761449337e-06
0.0806999999913387 0.0018909999926108867
0.0806999999913387 0.0
0.08373699997900985 0.0019930000125896186
0.08373699997900985 1.00000761449337e-06
0.07858000000123866 0.0018739999795798212
0.07858000000123866 0.0
0.07864100000006147 0.0018239999772049487
0.07864100000006147 1.00000761449337e-06
0.08885400000144728 0.002066000015474856
0.08885400000144728 0.0
0.10735399997793138 0.002817000000504777
0.10735399997793138 1.00000761449337e-06
0.11229299998376518 0.003025999991223216
0.11229299998376518 9.999785106629133e-07
0.12604400000418536 0.0036149999941699207
0.12604400000418536 1.00000761449337e-06
0.1325420000066515 0.003462000022409484
0.1325420000066515 0.0
0.13331699999980628 0.003161000000545755
0.13331699999980628 0.0
0.13138700000126846 0.0032119999814312905
0.13138700000126846 9.999785106629133e-07
0.12738099999842234 0.0030409999890252948
0.12738099999842234 0.0
0.12786399998003617 0.00310100000933744
0.12786399998003617 0.0
0.12710499999229796 0.0030719999922439456
0.12710499999229796 0.0
0.12494599999627098 0.0029630000062752515
0.12494599999627098 0.0
0.1270290000247769 0.002997000003233552
0.1270290000247769 0.0
0.13148500001989305 0.003120000008493662
0.13148500001989305 9.999785106629133e-07
0.12719199998537078 0.0029839999915566295
0.12719199998537078 0.0
0.1254019999760203 0.002964000013889745
0.1254019999760203 1.00000761449337e-06
0.12337799998931587 0.002921000006608665
0.12337799998931587 0.0
0.12173700000857934 0.002869999996619299
0.12173700000857934 1.00000761449337e-06
0.10708699998212978 0.002777000016067177
0.10708699998212978 0.0
0.08713800000259653 0.002047999994829297
0.08713800000259653 1.00000761449337e-06
0.08143599997856654 0.0018949999939650297
0.08143599997856654 0.0
0.08223699999507517 0.0019330000213813037
0.08223699999507517 1.00000761449337e-06
0.0846519999904558 0.0019610000017564744
0.0846519999904558 1.00000761449337e-06
0.08346399999572895 0.0021290000004228204
0.08346399999572895 1.00000761449337e-06
0.08519599999999627 0.0019469999824650586
0.08519599999999627 0.0
0.08776900000520982 0.0020129999902565032
0.08776900000520982 0.0
0.08468199998605996 0.002043999993475154
0.08468199998605996 9.999785106629133e-07
0.08499500001198612 0.001943999988725409
0.08499500001198612 0.0
0.08424600001308136 0.001951000012923032
0.08424600001308136 0.0
0.08378600000287406 0.0020260000019334257
0.08378600000287406 9.999785106629133e-07
0.08083799999440089 0.0023540000256616622
0.08083799999440089 1.00000761449337e-06
0.0822479999915231 0.001996999984839931
0.0822479999915231 0.0
0.08282000001054257 0.0019560000218916684
0.08282000001054257 1.00000761449337e-06
0.08159700001124293 0.0019389999797567725
0.08159700001124293 0.0
0.08112800001981668 0.0018910000217147171
0.08112800001981668 1.00000761449337e-06
0.08785499999066815 0.0019540000066626817
0.08785499999066815 0.0
0.08170999999856576 0.0019399999873712659
0.08170999999856576 0.0
0.08163299999432638 0.00189200000022538
0.08163299999432638 1.00000761449337e-06
0.08533400000305846 0.0020269999804440886
0.08533400000305846 0.0
0.08473600001889281 0.001963000016985461
0.08473600001889281 1.00000761449337e-06
0.08394700000644661 0.0020349999831523746
0.08394700000644661 1.00000761449337e-06
0.08519499999238178 0.0020059999951627105
0.08519499999238178 0.0
0.08484699999098666 0.001955000014277175
0.08484699999098666 1.00000761449337e-06
0.08364299999084324 0.002171000000089407
0.08364299999084324 0.0
0.08437399999820627 0.001992000004975125
0.08437399999820627 0.0
0.08466600000974722 0.002039000013610348
0.08466600000974722 9.999785106629133e-07
0.08410100001492538 0.002025999972829595
0.08410100001492538 0.0
0.08573399999295361 0.002062999992631376
0.08573399999295361 0.0
0.08991899999091402 0.0023330000112764537
0.08991899999091402 0.0
0.08795200000167824 0.0020619999850168824
0.08795200000167824 0.0
0.09286399997654371 0.0023350000265054405
0.09286399997654371 1.00000761449337e-06
0.09413400001358241 0.002433000016026199
0.09413400001358241 0.0
0.09370500000659376 0.002227999997558072
0.09370500000659376 0.0
0.09525199999916367 0.0027030000055674464
0.09525199999916367 0.0
0.09930099998018704 0.002657000004546717
0.09930099998018704 0.0
0.1263420000032056 0.00563599998713471
0.1263420000032056 9.999785106629133e-07
0.13260000001173466 0.0032979999959934503
0.13260000001173466 9.999785106629133e-07
0.08761299998150207 0.0020739999890793115
0.08761299998150207 1.00000761449337e-06
0.09070800000336021 0.0020979999972041696
0.09070800000336021 0.0
0.0892630000016652 0.0021180000039748847
0.0892630000016652 0.0
0.08971400000154972 0.002134000009391457
0.08971400000154972 1.00000761449337e-06
0.08893200001330115 0.0021889999916311353
0.08893200001330115 9.999785106629133e-07
0.08913100001518615 0.0021380000107456
0.08913100001518615 1.00000761449337e-06
0.08875500000431202 0.0021339999802876264
0.08875500000431202 0.0
0.08919900000910275 0.002084999985527247
0.08919900000910275 0.0
0.08648999998695217 0.0020610000065062195
0.08648999998695217 0.0
0.08607300001312979 0.0021120000164955854
0.08607300001312979 0.0
0.08775299999979325 0.0020249999943189323
0.08775299999979325 9.999785106629133e-07
0.08674299999256618 0.002084999985527247
0.08674299999256618 0.0
0.08681499998783693 0.0020659999863710254
0.08681499998783693 0.0
0.08666999998968095 0.0019699999829754233
0.08666999998968095 1.00000761449337e-06
0.08753799999249168 0.002068000001600012
0.08753799999249168 0.0
0.0869959999981802 0.0026319999888073653
0.0869959999981802 0.0
0.09290200000395998 0.0021490000071935356
0.09290200000395998 1.00000761449337e-06
0.08922599998186342 0.0020960000110790133
0.08922599998186342 1.00000761449337e-06
0.09003000002121553 0.002494000014849007
0.09003000002121553 0.0
0.0949360000086017 0.0022489999828394502
0.0949360000086017 1.00000761449337e-06
0.09091800000169314 0.0020899999944958836
0.09091800000169314 9.999785106629133e-07
0.09073399999761023 0.0021010000200476497
0.09073399999761023 0.0
0.0868649999902118 0.0019789999932982028
0.0868649999902118 9.999785106629133e-07
0.08687800000188872 0.0019979999924544245
0.08687800000188872 0.0
0.08802900000591762 0.0020460000087041408
0.08802900000591762 9.999785106629133e-07
0.08632599998963997 0.0020459999796003103
0.08632599998963997 0.0
0.08922700001858175 0.0021220000053290278
0.08922700001858175 9.999785106629133e-07
0.08850099999108352 0.002074999996693805
0.08850099999108352 1.00000761449337e-06
0.08996499999193475 0.0021059999999124557
0.08996499999193475 1.00000761449337e-06
0.08998600000631995 0.0020570000051520765
0.08998600000631995 0.0
0.08978799998294562 0.0020289999956730753
0.08978799998294562 0.0
0.08911400000215508 0.0021520000009331852
0.08911400000215508 0.0
0.08924199998728 0.0020409999997355044
0.08924199998728 0.0
0.09006600000429899 0.002162999997381121
0.09006600000429899 1.00000761449337e-06
0.0907090000109747 0.002043000014964491
0.0907090000109747 1.00000761449337e-06
0.09049400000367314 0.002578999992692843
0.09049400000367314 0.0
0.09147799998754635 0.002150999993318692
0.09147799998754635 0.0
0.09178499999688938 0.0021810000180266798
0.09178499999688938 0.0
0.09587900000042282 0.0023199999995995313
0.09587900000042282 0.0
0.10355599998729303 0.002470000006724149
0.10355599998729303 1.00000761449337e-06
0.12897900000098161 0.0030839999963063747
0.12897900000098161 0.0
0.11422099999617785 0.00269199998001568
0.11422099999617785 0.0
0.10538700001779944 0.0024830000184010714
0.10538700001779944 1.00000761449337e-06
0.1076339999854099 0.002517999993870035
0.1076339999854099 1.00000761449337e-06
0.11177200000383891 0.002670999994734302
0.11177200000383891 0.0
0.1012990000017453 0.002398999989964068
0.1012990000017453 0.0
0.09927599999355152 0.0023600000131409615
0.09927599999355152 1.00000761449337e-06
0.09930400000303052 0.0023370000126305968
0.09930400000303052 9.999785106629133e-07
0.0999500000034459 0.0023050000017974526
0.0999500000034459 0.0
0.09914999999455176 0.002562999987276271
0.09914999999455176 1.00000761449337e-06
0.10258099998463877 0.0023710000095888972
0.10258099998463877 0.0
0.10160299998824485 0.00245199998607859
0.10160299998824485 0.0
0.10461099998792633 0.0024160000029951334
0.10461099998792633 0.0
0.09903300000587478 0.002361999999266118
0.09903300000587478 0.0
0.09983600000850856 0.0023459999938495457
0.09983600000850856 0.0
0.0991890000004787 0.0023649999930057675
0.0991890000004787 0.0
0.09940399997867644 0.0024219999904744327
0.09940399997867644 0.0
0.09953300000051968 0.002306999987922609
0.09953300000051968 1.00000761449337e-06
0.09973399998852983 0.0023339999897871166
0.09973399998852983 0.0
0.10039899998810142 0.0023090000031515956
0.10039899998810142 0.0
0.10129099999903701 0.002357999997911975
0.10129099999903701 0.0
0.10014399999636225 0.002410999994026497
0.10014399999636225 0.0
0.10018900001887232 0.0024440000124741346
0.10018900001887232 0.0
0.09682500001508743 0.0023560000117868185
0.09682500001508743 0.0
0.0972990000154823 0.002378999983193353
0.0972990000154823 1.00000761449337e-06
0.13727599999401718 0.0041560000099707395
0.13727599999401718 0.0
0.14149300000281073 0.0036370000161696225
0.14149300000281073 9.999785106629133e-07
0.12873900000704452 0.0024569999950472265
0.12873900000704452 1.00000761449337e-06
0.11464900002465583 0.002366000000620261
0.11464900002465583 9.999785106629133e-07
0.1296429999929387 0.0033589999948162585
0.1296429999929387 0.0
0.1029219999909401 0.0025099999911617488
0.1029219999909401 0.0
0.10125199999311008 0.0024520000151824206
0.10125199999311008 0.0
0.10185899998759851 0.0025470000109635293
0.10185899998759851 1.00000761449337e-06
0.10096700000576675 0.00237800000468269
0.10096700000576675 0.0
0.10052000000723638 0.002363000006880611
0.10052000000723638 1.00000761449337e-06
0.09968600000138395 0.002345000015338883
0.09968600000138395 0.0
0.10542599999462254 0.0025569999997969717
0.10542599999462254 0.0
0.10521300000254996 0.0024850000045262277
0.10521300000254996 1.00000761449337e-06
0.10486300001502968 0.0023689999943599105
0.10486300001502968 0.0
0.13816199998836964 0.0032230000069830567
0.13816199998836964 1.00000761449337e-06
0.10501200001453981 0.002454000001307577
0.10501200001453981 9.999785106629133e-07
0.14060100002097897 0.0034949999826494604
0.14060100002097897 0.0
0.13896099998964928 0.0032829999981913716
0.13896099998964928 0.0
0.13544799998635426 0.0036229999968782067
0.13544799998635426 0.0
0.11318600000231527 0.0027009999903384596
0.11318600000231527 0.0
0.11847600000328384 0.0027359999949112535
0.11847600000328384 0.0
0.11877500000991859 0.002810000005410984
0.11877500000991859 0.0
0.11955900001339614 0.0027969999937340617
0.11955900001339614 0.0
0.12848300000769086 0.0029879999929107726
0.12848300000769086 0.0
0.1378839999961201 0.007528999994974583
0.1378839999961201 0.0
0.1503779999911785 0.008312999998452142
0.1503779999911785 1.00000761449337e-06
0.1580800000228919 0.008507999998982996
0.1580800000228919 9.999785106629133e-07
0.17039699997985736 0.00963200000114739
0.17039699997985736 9.999785106629133e-07
0.17530400000396185 0.009604000020772219
0.17530400000396185 1.00000761449337e-06
0.17157800000859424 0.005147999996552244
0.17157800000859424 0.0
0.1715179999882821 0.004068000009283423
0.1715179999882821 1.00000761449337e-06
0.16747500002384186 0.004478000017115846
0.16747500002384186 1.00000761449337e-06
0.17238999999244697 0.004690000001573935
0.17238999999244697 0.0
0.16804399999091402 0.004634000011719763
0.16804399999091402 0.0
0.1678929999761749 0.00450999999884516
0.1678929999761749 0.0
0.1661360000143759 0.004086999979335815
0.1661360000143759 9.999785106629133e-07
0.16784300000290386 0.004027999995741993
0.16784300000290386 1.00000761449337e-06
0.15958199999295175 0.004034999990835786
0.15958199999295175 0.0
0.13569100000313483 0.003189999988535419
0.13569100000313483 9.999785106629133e-07
0.1239859999914188 0.002913999982411042
0.1239859999914188 1.00000761449337e-06
0.12232500000391155 0.002902999985963106
0.12232500000391155 0.0
0.12514600000577047 0.0027660000196192414
0.12514600000577047 0.0
0.11988700000802055 0.002730000007431954
0.11988700000802055 0.0
0.12135599998873658 0.0028139999776612967
0.12135599998873658 0.0
0.12599100000807084 0.0035599999828264117
0.12599100000807084 0.0
0.11818900000071153 0.0027889999910257757
0.11818900000071153 0.0
0.11405200001900084 0.002646000008098781
0.11405200001900084 0.0
0.11180899999453686 0.0025690000038594007
0.11180899999453686 0.0
0.11118300000089221 0.0025759999989531934
0.11118300000089221 0.0
0.11058000000775792 0.0025800000003073364
0.11058000000775792 0.0
0.10908199998084456 0.0025859999877866358
0.10908199998084456 0.0
0.1101360000029672 0.002558000007411465
0.1101360000029672 1.00000761449337e-06
0.11041199997998774 0.002574000012828037
0.11041199997998774 0.0
0.10822500000358559 0.0024950000224635005
0.10822500000358559 0.0
0.10830399999395013 0.0030550000083167106
0.10830399999395013 0.0
0.10737700000754558 0.0024539999722037464
0.10737700000754558 0.0
0.10996199998771772 0.002542000001994893
0.10996199998771772 0.0
0.11095900001237169 0.0025180000229738653
0.11095900001237169 1.00000761449337e-06
0.10857900002156384 0.0025980000209528953
0.10857900002156384 1.00000761449337e-06
0.10966299998108298 0.0025599999935366213
0.10966299998108298 9.999785106629133e-07
0.10863900001277216 0.0025000000023283064
0.10863900001277216 9.999785106629133e-07
0.1094710000033956 0.0025240000104531646
0.1094710000033956 0.0
0.10813099998631515 0.0026030000008177012
0.10813099998631515 0.0
0.11441300000296906 0.0026379999762866646
0.11441300000296906 1.00000761449337e-06
0.11156299998401664 0.0026129999896511436
0.11156299998401664 0.0
0.11208500000066124 0.0026089999882970005
0.11208500000066124 0.0
0.11210299999220297 0.002613999997265637
0.11210299999220297 1.00000761449337e-06
0.13069000001996756 0.003046999976504594
0.13069000001996756 1.00000761449337e-06
0.1389389999967534 0.0032899999932851642
0.1389389999967534 1.00000761449337e-06
0.15191800001775846 0.003655000007711351
0.15191800001775846 0.0
0.15632099998765625 0.003724999987753108
0.15632099998765625 0.0
0.17413200001465157 0.004201999981887639
0.17413200001465157 1.00000761449337e-06
0.17109100002562627 0.004167999984929338
0.17109100002562627 0.0
0.13968900000327267 0.0033150000090245157
0.13968900000327267 1.00000761449337e-06
0.13864099999773316 0.0035379999899305403
0.13864099999773316 0.0
0.1400850000209175 0.0034389999927952886
0.1400850000209175 0.0
0.141873000015039 0.0033770000154618174
0.141873000015039 0.0
0.1301120000134688 0.0031069999968167394
0.1301120000134688 0.0
0.11599500000011176 0.0026599999982863665
0.11599500000011176 0.0
0.11361599998781458 0.0026550000184215605
0.11361599998781458 0.0
0.1123760000045877 0.002546000003349036
0.1123760000045877 9.999785106629133e-07
0.11339099999167956 0.002615999983390793
0.11339099999167956 0.0
0.11085900000762194 0.0025779999850783497
0.11085900000762194 0.0
0.11213399999542162 0.0026150000048801303
0.11213399999542162 1.00000761449337e-06
0.11334599999827333 0.0029959999956190586
0.11334599999827333 0.0
0.11194200001773424 0.00254100002348423
0.11194200001773424 0.0
0.11331899999640882 0.0025730000052135438
0.11331899999640882 9.999785106629133e-07
0.11141499999212101 0.0026000000070780516
0.11141499999212101 1.00000761449337e-06
0.11364399999729358 0.0025960000057239085
0.11364399999729358 1.00000761449337e-06
0.11339400001452304 0.002605999994557351
0.11339400001452304 0.0
0.11215800000354648 0.0026659999857656658
0.11215800000354648 0.0
0.11209300000336953 0.002626000001328066
0.11209300000336953 0.0
0.11208900000201538 0.0025569999997969717
0.11208900000201538 0.0
0.11242900000070222 0.002597999991849065
0.11242900000070222 0.0
0.11229900000034831 0.002960000012535602
0.11229900000034831 0.0
0.11278899997705594 0.002598999999463558
0.11278899997705594 0.0
0.11563300000852905 0.0026249999937135726
0.11563300000852905 0.0
0.11613900001975708 0.002657000004546717
0.11613900001975708 0.0
0.11493700000573881 0.0026519999955780804
0.11493700000573881 1.00000761449337e-06
0.11526000002049841 0.0027419999823905528
0.11526000002049841 0.0
0.12211300001945347 0.0026230000075884163
0.12211300001945347 0.0
0.11679900001036003 0.002753999986452982
0.11679900001036003 0.0
0.11443200000212528 0.0026270000089425594
0.11443200000212528 1.00000761449337e-06
0.11658500001067296 0.0027649999829009175
0.11658500001067296 9.999785106629133e-07
0.1142519999993965 0.0027600000030361116
0.1142519999993965 0.0
0.11469100002432242 0.0026599999982863665
0.11469100002432242 1.00000761449337e-06
0.11649600000237115 0.002683999977307394
0.11649600000237115 0.0
0.11540700000477955 0.002720000018598512
0.11540700000477955 1.00000761449337e-06
0.11465600001974963 0.0026490000018384308
0.11465600001974963 0.0
0.11421500000869855 0.0025849999801721424
0.11421500000869855 0.0
0.11754699997254647 0.0027190000109840184
0.11754699997254647 0.0
0.11827799997990951 0.0028999999922234565
0.11827799997990951 0.0
0.11909699998795986 0.002865999995265156
0.11909699998795986 0.0
0.15484200001810677 0.0036339999933261424
0.15484200001810677 9.999785106629133e-07
0.15133500000229105 0.0030260000203270465
0.15133500000229105 0.0
0.15880100001231767 0.00378099997760728
0.15880100001231767 1.00000761449337e-06
0.12145400000736117 0.002769999991869554
0.12145400000736117 0.0
0.11963400000240654 0.0027969999937340617
0.11963400000240654 1.00000761449337e-06
0.12273999999160878 0.002905000001192093
0.12273999999160878 0.0
0.12131200000294484 0.00281800000811927
0.12131200000294484 0.0
0.1215809999848716 0.002800000016577542
0.1215809999848716 1.00000761449337e-06
0.1238370000210125 0.0028639999800361693
0.1238370000210125 1.00000761449337e-06
0.12350899999728426 0.0028750000055879354
0.12350899999728426 1.00000761449337e-06
0.12396100000478327 0.002921999985119328
0.12396100000478327 0.0
0.12361800001235679 0.0029119999962858856
0.12361800001235679 0.0
0.1250059999874793 0.0029280000017024577
0.1250059999874793 0.0
0.12920500000473112 0.0028649999876506627
0.12920500000473112 0.0
0.1250339999969583 0.0028870000096503645
0.1250339999969583 0.0
0.1346450000128243 0.003001999983098358
0.1346450000128243 1.00000761449337e-06
0.12454600000637583 0.003025999991223216
0.12454600000637583 0.0
0.12501099999644794 0.002873999997973442
0.12501099999644794 1.00000761449337e-06
0.12726899998961017 0.002917000005254522
0.12726899998961017 0.0
0.1267130000051111 0.0029449999856296927
0.1267130000051111 0.0
0.12645800001337193 0.002921000006608665
0.12645800001337193 9.999785106629133e-07
0.12804399998276494 0.0028380000148899853
0.12804399998276494 1.00000761449337e-06
0.12778599999728613 0.0029550000035669655
0.12778599999728613 1.00000761449337e-06
0.12691800002357922 0.002929000009316951
0.12691800002357922 1.00000761449337e-06
0.12792100000660866 0.0029710000089835376
0.12792100000660866 0.0
0.12705599999753758 0.002888999995775521
0.12705599999753758 0.0
0.12679000000935048 0.0029159999976400286
0.12679000000935048 0.0
0.1277129999944009 0.0028930000262334943
0.1277129999944009 1.00000761449337e-06
0.12818800000241026 0.0029529999883379787
0.12818800000241026 0.0
0.12843800001428463 0.002976999996462837
0.12843800001428463 0.0
0.12642700001015328 0.0029209999775048345
0.12642700001015328 0.0
0.1290549999976065 0.003037000016774982
0.1290549999976065 1.00000761449337e-06
0.13009400002192706 0.0031949999975040555
0.13009400002192706 0.0
0.13203699997393414 0.0030799999949522316
0.13203699997393414 0.0
0.14662200000020675 0.0035419999912846833
0.14662200000020675 0.0
0.17255300001124851 0.004369999980553985
0.17255300001124851 1.00000761449337e-06
0.1804849999898579 0.010264000011375174
0.1804849999898579 0.0
0.18058899999596179 0.005012999987229705
0.18058899999596179 0.0
0.18102000001817942 0.0044639999978244305
0.18102000001817942 9.999785106629133e-07
0.1808690000034403 0.0044720000005327165
0.1808690000034403 0.0
0.1807600000174716 0.004091000009793788
0.1807600000174716 0.0
0.17110499998671003 0.004068999987794086
0.17110499998671003 9.999785106629133e-07
0.17159700000775047 0.004086000000825152
0.17159700000775047 0.0
0.17052899999544024 0.00414999999338761
0.17052899999544024 1.00000761449337e-06
0.15545199997723103 0.004281000001356006
0.15545199997723103 0.0
0.13905699999304488 0.00321499997517094
0.13905699999304488 0.0
0.1356579999846872 0.003220000013243407
0.1356579999846872 1.00000761449337e-06
0.12526400000206195 0.0029980000108480453
0.12526400000206195 9.999785106629133e-07
0.1257179999956861 0.0028660000243689865
0.1257179999956861 1.00000761449337e-06
0.12740499997744337 0.002894000004744157
0.12740499997744337 0.0
0.12466599998879246 0.0028609999862965196
0.12466599998879246 1.00000761449337e-06
0.12556999997468665 0.0030510000069625676
0.12556999997468665 0.0
0.12728400001651607 0.003371000027982518
0.12728400001651607 9.999785106629133e-07
0.12749199999962002 0.0028609999862965196
0.12749199999962002 1.00000761449337e-06
0.12880600002245046 0.002945000014733523
0.12880600002245046 0.0
0.13323599999421276 0.0030069999920669943
0.13323599999421276 0.0
0.12857899998198263 0.002913999982411042
0.12857899998198263 0.0
0.125793999992311 0.002909000002546236
0.125793999992311 0.0
0.12854999999399297 0.0029329999815672636
0.12854999999399297 9.999785106629133e-07
0.12878299999283627 0.0029470000008586794
0.12878299999283627 9.999785106629133e-07
0.13038600000436418 0.0029650000215042382
0.13038600000436418 0.0
0.12862699999823235 0.002921000006608665
0.12862699999823235 0.0
0.12922800000524148 0.0029199999989941716
0.12922800000524148 0.0
0.13064099999610335 0.002970999979879707
0.13064099999610335 9.999785106629133e-07
0.12739300000248477 0.002953000017441809
0.12739300000248477 0.0
0.12673399999039248 0.0030900000128895044
0.12673399999039248 1.00000761449337e-06
0.13484499999321997 0.003029999992577359
0.13484499999321997 0.0
0.1278230000170879 0.003064999997150153
0.1278230000170879 0.0
0.13140199999907054 0.00310400000307709
0.13140199999907054 1.00000761449337e-06
0.12939600000390783 0.0029989999893587083
0.12939600000390783 9.999785106629133e-07
0.13053900000522844 0.0031469999812543392
0.13053900000522844 1.00000761449337e-06
0.13009699998656288 0.003025999991223216
0.13009699998656288 0.0
0.12991700001293793 0.003046999976504594
0.12991700001293793 0.0
0.13075599999865517 0.003009000007295981
0.13075599999865517 1.00000761449337e-06
0.13022699998691678 0.002989000000525266
0.13022699998691678 1.00000761449337e-06
0.13055999999050982 0.0030989999941084534
0.13055999999050982 0.0
0.13034900001366623 0.002968999993754551
0.13034900001366623 1.00000761449337e-06
0.131240999995498 0.0030660000047646463
0.131240999995498 0.0
0.13654599999426864 0.0031700000108685344
0.13654599999426864 1.00000761449337e-06
0.13370800000848249 0.003072999999858439
0.13370800000848249 0.0
0.13158700001076795 0.003165999980410561
0.13158700001076795 0.0
0.1332179999735672 0.003109999990556389
0.1332179999735672 1.00000761449337e-06
0.13359799998579547 0.003196000005118549
0.13359799998579547 0.0
0.13276599999517202 0.0030700000061187893
0.13276599999517202 1.00000761449337e-06
0.1298229999956675 0.002966999978525564
0.1298229999956675 1.00000761449337e-06
0.1297830000112299 0.0030189999961294234
0.1297830000112299 9.999785106629133e-07
0.13009799999417737 0.003120999987004325
0.13009799999417737 9.999785106629133e-07
0.1310059999814257 0.003041999996639788
0.1310059999814257 0.0
0.1322480000089854 0.0030900000128895044
0.1322480000089854 0.0
0.13023100001737475 0.002957000018795952
0.13023100001737475 1.00000761449337e-06
0.12989300000481308 0.003001999983098358
0.12989300000481308 1.00000761449337e-06
0.13075799998478033 0.003021999989869073
0.13075799998478033 9.999785106629133e-07
0.129451999993762 0.0029820000054314733
0.129451999993762 0.0
0.1411460000090301 0.0031149999995250255
0.1411460000090301 0.0
0.1338099999993574 0.0030630000110249966
0.1338099999993574 1.00000761449337e-06
0.13356000001658686 0.0030380000243894756
0.13356000001658686 0.0
0.13444100000197068 0.0030919999990146607
0.13444100000197068 1.00000761449337e-06
0.13364400001592003 0.0032060000230558217
0.13364400001592003 0.0
0.1338419999810867 0.003452000004472211
0.1338419999810867 1.00000761449337e-06
0.13330700001097284 0.0031829999934416264
0.13330700001097284 1.00000761449337e-06
0.1319319999893196 0.0030580000020563602
0.1319319999893196 1.00000761449337e-06
0.1334470000001602 0.0030319999787025154
0.1334470000001602 0.0
0.13398899999447167 0.0030020000122021884
0.13398899999447167 0.0
0.13553199998568743 0.003121999994618818
0.13553199998568743 0.0
0.13614699998288415 0.0031999999773688614
0.13614699998288415 9.999785106629133e-07
0.13491399999475107 0.0031469999812543392
0.13491399999475107 9.999785106629133e-07
0.13640800002031028 0.0032150000042747706
0.13640800002031028 0.0
0.1342910000239499 0.003173999983118847
0.1342910000239499 0.0
0.13451999999233522 0.003085000003920868
0.13451999999233522 0.0
0.13645200000610203 0.0030969999788794667
0.13645200000610203 1.00000761449337e-06
0.1357060000009369 0.003148999996483326
0.1357060000009369 0.0
0.13513100001728162 0.0030490000208374113
0.13513100001728162 1.00000761449337e-06
0.13564299998688512 0.003056999994441867
0.13564299998688512 0.0
0.13681399999768473 0.0031129999842960387
0.13681399999768473 9.999785106629133e-07
0.13842700002714992 0.0030960000003688037
0.13842700002714992 0.0
0.1402609999931883 0.003304999991087243
0.1402609999931883 0.0
0.13875600000028498 0.0031759999983478338
0.13875600000028498 0.0
0.13747799998964183 0.00322400001459755
0.13747799998964183 0.0
0.14362799999071285 0.003335000015795231
0.14362799999071285 1.00000761449337e-06
0.1656700000166893 0.0037130000127945095
0.1656700000166893 1.00000761449337e-06
0.17144499998539686 0.004035999998450279
0.17144499998539686 0.0
0.1908079999848269 0.010467000014614314
0.1908079999848269 0.0
0.19516200001817197 0.01092400000197813
0.19516200001817197 0.0
0.2004540000052657 0.010892999998759478
0.2004540000052657 0.0
0.20233400000142865 0.011301999998977408
0.20233400000142865 0.0
0.18871700001182035 0.004769999999552965
0.18871700001182035 1.00000761449337e-06
0.19021699999575503 0.004564000002574176
0.19021699999575503 0.0
0.18936299998313189 0.004490999999688938
0.18936299998313189 9.999785106629133e-07
0.18900500002200715 0.004343000007793307
0.18900500002200715 1.00000761449337e-06
0.1790529999998398 0.004266000003553927
0.1790529999998398 0.0
0.15705999999772757 0.003963000024668872
0.15705999999772757 9.999785106629133e-07
0.14712099998723716 0.003396000014618039
0.14712099998723716 0.0
0.14306000000215136 0.003312999993795529
0.14306000000215136 0.0
0.13760899999761023 0.003540000005159527
0.13760899999761023 1.00000761449337e-06
0.13748500001383945 0.0032159999827854335
0.13748500001383945 0.0
0.13748500001383945 0.003125999995972961
0.13748500001383945 0.0
0.13681600001291372 0.003687000018544495
0.13681600001291372 1.00000761449337e-06
0.1366099999868311 0.003196999983629212
0.1366099999868311 9.999785106629133e-07
0.13961399998515844 0.00342399999499321
0.13961399998515844 0.0
0.1414199999999255 0.0032270000083371997
0.1414199999999255 0.0
0.15064400000846945 0.003316999995149672
0.15064400000846945 1.00000761449337e-06
0.13902699999744073 0.0032219999993685633
0.13902699999744073 0.0
0.13958600000478327 0.003196000005118549
0.13958600000478327 1.00000761449337e-06
0.1423509999876842 0.0031629999866709113
0.1423509999876842 1.00000761449337e-06
0.13983900001039729 0.003431999997701496
0.13983900001039729 0.0
0.14120199999888428 0.0032380000047851354
0.14120199999888428 0.0
0.14085999998496845 0.0032749999954830855
0.14085999998496845 0.0
0.14045599999371916 0.0033810000168159604
0.14045599999371916 0.0
0.14572400000179186 0.0033669999975245446
0.14572400000179186 0.0
0.14355600002454594 0.00334399999701418
0.14355600002454594 0.0
0.14280600001802668 0.0033140000014100224
0.14280600001802668 0.0
0.14245399998617359 0.0032829999981913716
0.14245399998617359 0.0
0.14166799999657087 0.0037069999962113798
0.14166799999657087 0.0
0.1426449999853503 0.003192000003764406
0.1426449999853503 1.00000761449337e-06
0.1435910000000149 0.0033790000015869737
0.1435910000000149 1.00000761449337e-06
0.14238200002000667 0.0032820000196807086
0.14238200002000667 0.0
0.14250000001629815 0.0032559999963268638
0.14250000001629815 1.00000761449337e-06
0.1438919999927748 0.0033069999772123992
0.1438919999927748 9.999785106629133e-07
0.14331099999253638 0.003378999972483143
0.14331099999253638 9.999785106629133e-07
0.14341799999237992 0.0032939999946393073
0.14341799999237992 0.0
0.14414200000464916 0.0035849999985657632
0.14414200000464916 0.0
0.14353400000254624 0.003308000013930723
0.14353400000254624 0.0
0.14437999998335727 0.0033549999934621155
0.14437999998335727 0.0
0.14626599999610335 0.0034549999982118607
0.14626599999610335 1.00000761449337e-06
0.14645299999392591 0.003411000012420118
0.14645299999392591 0.0
0.1535450000083074 0.003419999993639067
0.1535450000083074 0.0
0.14727200000197627 0.0034309999900870025
0.14727200000197627 1.00000761449337e-06
0.14526599997770973 0.003408999997191131
0.14526599997770973 9.999785106629133e-07
0.14498399998410605 0.003476999991107732
0.14498399998410605 0.0
0.14455300002009608 0.003468000009888783
0.14455300002009608 0.0
0.14552600000752136 0.003452000004472211
0.14552600000752136 1.00000761449337e-06
0.1467420000117272 0.0034690000175032765
0.1467420000117272 0.0
0.1454399999929592 0.0034719999821390957
0.1454399999929592 9.999785106629133e-07
0.14800800001830794 0.0033910000056494027
0.14800800001830794 0.0
0.1480440000013914 0.003496999997878447
0.1480440000013914 0.0
0.14733199999318458 0.0035100000095553696
0.14733199999318458 0.0
0.14683300000615418 0.003496999997878447
0.14683300000615418 0.0
0.14840900001581758 0.0034749999758787453
0.14840900001581758 0.0
0.15003900000010617 0.0034579999919515103
0.15003900000010617 0.0
0.1484360000176821 0.003448000003118068
0.1484360000176821 9.999785106629133e-07
0.1490240000130143 0.003388999990420416
0.1490240000130143 0.0
0.14856699999654666 0.003511000017169863
0.14856699999654666 0.0
0.14687600001343526 0.0034739999973680824
0.14687600001343526 1.00000761449337e-06
0.15214299998478964 0.003555000002961606
0.15214299998478964 1.00000761449337e-06
0.15114800000446849 0.0036250000121071935
0.15114800000446849 1.00000761449337e-06
0.15080100001068786 0.003407000011065975
0.15080100001068786 1.00000761449337e-06
0.1500499999965541 0.0033750000002328306
0.1500499999965541 9.999785106629133e-07
0.15164500000537373 0.003484999993816018
0.15164500000537373 1.00000761449337e-06
0.15047100000083447 0.0034589999995660037
0.15047100000083447 0.0
0.15564199999789707 0.004042999993544072
0.15564199999789707 0.0
0.1517900000035297 0.0035090000019408762
0.1517900000035297 0.0
0.1517619999940507 0.003447000024607405
0.1517619999940507 0.0
0.15007699999841861 0.0035410000127740204
0.15007699999841861 1.00000761449337e-06
0.15413800001260825 0.0033970000222325325
0.15413800001260825 0.0
0.1539970000158064 0.0035539999953471124
0.1539970000158064 1.00000761449337e-06
0.15489099998376332 0.0036299999919719994
0.15489099998376332 0.0
0.15309999999590218 0.0035949999873992056
0.15309999999590218 1.00000761449337e-06
0.15240799999446608 0.003647999983513728
0.15240799999446608 1.00000761449337e-06
0.156022999988636 0.0036850000033155084
0.156022999988636 0.0
0.15692700000363402 0.0035979999811388552
0.15692700000363402 9.999785106629133e-07
0.15517499999259599 0.0035399999760556966
0.15517499999259599 1.00000761449337e-06
0.15659299999242648 0.0036139999865554273
0.15659299999242648 0.0
0.15768400000524707 0.003567000007024035
0.15768400000524707 0.0
0.1574339999933727 0.003556999989086762
0.1574339999933727 1.00000761449337e-06
0.1546999999845866 0.0035599999828264117
0.1546999999845866 9.999785106629133e-07
0.15449899999657646 0.00358700001379475
0.15449899999657646 0.0
0.1547560000035446 0.0036100000143051147
0.1547560000035446 1.00000761449337e-06
0.1550989999959711 0.0035410000127740204
0.1550989999959711 9.999785106629133e-07
0.1537759999919217 0.0035100000095553696
0.1537759999919217 0.0
0.15260100000887178 0.003564000013284385
0.15260100000887178 0.0
0.15126100002089515 0.0036939999845344573
0.15126100002089515 0.0
0.15213699999731034 0.0036059999838471413
0.15213699999731034 1.00000761449337e-06
0.15376000001560897 0.0038490000006277114
0.15376000001560897 0.0
0.16257499999483116 0.003732999990461394
0.16257499999483116 1.00000761449337e-06
0.1555800000205636 0.0036189999955240637
0.1555800000205636 9.999785106629133e-07
0.15722399999503978 0.00362099998164922
0.15722399999503978 1.00000761449337e-06
0.15585499998996966 0.004006000002846122
0.15585499998996966 0.0
0.15544299999601208 0.0035530000168364495
0.15544299999601208 0.0
0.15524900000309572 0.0036210000107530504
0.15524900000309572 0.0
0.15772200000355951 0.0036069999914616346
0.15772200000355951 0.0
0.15388099997653626 0.0036689999978989363
0.15388099997653626 1.00000761449337e-06
0.15678099999786355 0.0036290000134613365
0.15678099999786355 1.00000761449337e-06
0.15477399999508634 0.0035330000100657344
0.15477399999508634 1.00000761449337e-06
0.15756200000760145 0.0036290000134613365
0.15756200000760145 0.0
0.15987800000584684 0.00403300000471063
0.15987800000584684 0.0
0.1589910000038799 0.0036109999928157777
0.1589910000038799 0.0
0.15812199999345466 0.003680999972857535
0.15812199999345466 9.999785106629133e-07
0.15738000001874752 0.003688999975565821
0.15738000001874752 0.0
0.1580320000066422 0.003659999987576157
0.1580320000066422 1.00000761449337e-06
0.15853399998741224 0.0035930000012740493
0.15853399998741224 1.00000761449337e-06
0.15979299999889918 0.0037709999887738377
0.15979299999889918 0.0
0.16408200000296347 0.0037320000119507313
0.16408200000296347 0.0
0.1648949999944307 0.0037629999860655516
0.1648949999944307 9.999785106629133e-07
0.16154800000367686 0.003704999980982393
0.16154800000367686 0.0
0.1610240000009071 0.0036609999951906502
0.1610240000009071 1.00000761449337e-06
0.17685699998401105 0.003988999989815056
0.17685699998401105 1.00000761449337e-06
0.19387499999720603 0.004818999994313344
0.19387499999720603 0.0
0.21943599998485297 0.011777999985497445
0.21943599998485297 0.0
0.2184830000041984 0.01280100000440143
0.2184830000041984 1.00000761449337e-06
0.22383699999772944 0.012176999996881932
0.22383699999772944 0.0
0.21721400000387803 0.005750999989686534
0.21721400000387803 0.0
0.2209009999933187 0.0052989999821875244
0.2209009999933187 1.00000761449337e-06
0.20366299999295734 0.004992000001948327
0.20366299999295734 0.0
0.20712199999252334 0.004958000004990026
0.20712199999252334 0.0
0.20676900001126342 0.00479300000006333
0.20676900001126342 0.0
0.20634799997787923 0.004890000011073425
0.20634799997787923 1.00000761449337e-06
0.19445599999744445 0.004698000004282221
0.19445599999744445 0.0
0.17824900001869537 0.004264999995939434
0.17824900001869537 0.0
0.16951899998821318 0.0038899999926798046
0.16951899998821318 0.0
0.1677579999959562 0.003831000009085983
0.1677579999959562 1.00000761449337e-06
0.1595800000068266 0.0036749999853782356
0.1595800000068266 1.00000761449337e-06
0.16046099999221042 0.003639000002294779
0.16046099999221042 9.999785106629133e-07
0.1594069999991916 0.003683999995701015
0.1594069999991916 0.0
0.16051200000219978 0.003872000001138076
0.16051200000219978 0.0
0.1690529999905266 0.003647000005003065
0.1690529999905266 0.0
0.16089900000952184 0.0035800000187009573
0.16089900000952184 0.0
0.159481999988202 0.003603999997721985
0.159481999988202 1.00000761449337e-06
0.1593750000174623 0.0036540000000968575
0.1593750000174623 0.0
0.16324600001098588 0.003767000016523525
0.16324600001098588 0.0
0.16467100000591017 0.0037250000168569386
0.16467100000591017 0.0
0.16289200002211146 0.0037240000092424452
0.16289200002211146 0.0
0.16045100000337698 0.0037609999999403954
0.16045100000337698 0.0
0.1629079999984242 0.003812999988440424
0.1629079999984242 1.00000761449337e-06
0.16155599997728132 0.003731000004336238
0.16155599997728132 0.0
0.16219299999647774 0.0036649999965447932
0.16219299999647774 0.0
0.1632439999957569 0.003747999988263473
0.1632439999957569 0.0
0.16328699997393414 0.003695999999763444
0.16328699997393414 0.0
0.16297400000621565 0.003798999998252839
0.16297400000621565 0.0
0.1652909999829717 0.003939999995054677
0.1652909999829717 0.0
0.16512600000714883 0.0037700000102631748
0.16512600000714883 0.0
0.16624099999899045 0.00379000001703389
0.16624099999899045 0.0
0.16411300000618212 0.0038229999772738665
0.16411300000618212 0.0
INFO:sc2.protocol:Client status changed to Status.ended (was Status.in_game)
INFO:sc2.protocol:Client status changed to Status.ended (was Status.in_game)
INFO:root:Result for player 2 - Bot(Race.Terran, <bots.transfer.my_bot_q.MyBot object at 0x7f58ec110f60>): Defeat
INFO:root:Result for player 1 - Bot(Race.Terran, <bots.Showing_bot.speedBot.MarinBot object at 0x7f58fb168f60>): Victory
INFO:sc2.client:Saved replay to outs/2020-01-17T11-28-03/replays/showing_bot-transfer/showing_bot-transfer-1.SC2Replay
INFO:sc2.protocol:Client status changed to Status.launched (was Status.ended)
INFO:sc2.protocol:Client status changed to Status.quit (was Status.launched)
INFO:sc2.sc2process:kill_switch: Process cleanup
INFO:sc2.sc2process:Cleaning up...
INFO:sc2.sc2process:Cleanup complete
INFO:sc2.sc2process:Cleaning up...
INFO:sc2.sc2process:Cleanup complete
INFO:sc2.protocol:Client status changed to Status.launched (was Status.ended)
INFO:sc2.protocol:Cannot receive: Connection already closed.
INFO:sc2.sc2process:kill_switch: Process cleanup
INFO:sc2.sc2process:Cleaning up...
INFO:sc2.sc2process:Cleanup complete
INFO:sc2.sc2process:Cleaning up...
INFO:sc2.sc2process:Cleanup complete


## STDERR ##

Version: B75689 (SC2.4.10)
Build: Aug 12 2019 17:16:57
Command Line: '"/home/hspark8312/StarCraftII/Versions/Base75689/SC2_x64" -listen 127.0.0.1 -port 15751 -displayMode 0 -dataDir /home/hspark8312/StarCraftII -tempDir /tmp/SC2_2g7g_a5t'
Starting up...
Startup Phase 1 complete
Version: B75689 (SC2.4.10)
Build: Aug 12 2019 17:16:57
Command Line: '"/home/hspark8312/StarCraftII/Versions/Base75689/SC2_x64" -listen 127.0.0.1 -port 24913 -displayMode 0 -dataDir /home/hspark8312/StarCraftII -tempDir /tmp/SC2_er7g8q6s'
Starting up...
Startup Phase 1 complete
Startup Phase 2 complete
Creating stub renderer...
Listening on: 127.0.0.1:15751
Startup Phase 3 complete. Ready for commands.
Startup Phase 2 complete
Creating stub renderer...
ConnectHandler: Request from 127.0.0.1:55226 accepted
ReadyHandler: 127.0.0.1:55226 ready
Listening on: 127.0.0.1:24913
Startup Phase 3 complete. Ready for commands.
Requesting to join a multiplayer game
Configuring interface options
Configure: raw interface enabled
Configure: feature layer interface enabled
Configure: score interface enabled
Configure: render interface disabled
ConnectHandler: Request from 127.0.0.1:55227 accepted
ReadyHandler: 127.0.0.1:55227 ready
Requesting to join a multiplayer game
Configuring interface options
Configure: raw interface enabled
Configure: feature layer interface enabled
Configure: score interface enabled
Configure: render interface disabled
Create game with map path: NCFellowship-2019_m1_v6.SC2Map
Attempting to join a game with the map: NCFellowship-2019_m1_v6.SC2Map
Game has started.
Using default stable ids, none found at: /home/hspark8312/StarCraftII/stableid.json
Successfully loaded stable ids: GameData\stableid.json
Sending ResponseJoinGame
Game has started.
Using default stable ids, none found at: /home/hspark8312/StarCraftII/stableid.json
Successfully loaded stable ids: GameData\stableid.json
Sending ResponseJoinGame
RequestQuit command received.
Closing Application...
/home/hspark8312/anaconda3/envs/sc2/lib/python3.6/importlib/_bootstrap.py:219: RuntimeWarning: numpy.ufunc size changed, may indicate binary incompatibility. Expected 192 from C header, got 216 from PyObject
  return f(*args, **kwds)
/home/hspark8312/anaconda3/envs/sc2/lib/python3.6/importlib/_bootstrap.py:219: RuntimeWarning: numpy.ufunc size changed, may indicate binary incompatibility. Expected 192 from C header, got 216 from PyObject
  return f(*args, **kwds)
/home/hspark8312/anaconda3/envs/sc2/lib/python3.6/site-packages/tensorboard/compat/tensorflow_stub/dtypes.py:541: FutureWarning: Passing (type, 1) or '1type' as a synonym of type is deprecated; in a future version of numpy, it will be understood as (type, (1,)) / '(1,)type'.
  _np_qint8 = np.dtype([("qint8", np.int8, 1)])
/home/hspark8312/anaconda3/envs/sc2/lib/python3.6/site-packages/past/builtins/misc.py:45: DeprecationWarning: the imp module is deprecated in favour of importlib; see the module's documentation for alternative uses
  from imp import reload
/mnt/d/sc2minigame-eval-2020-01-09/bots/Showing_bot/speedBot.py:1643: RuntimeWarning: coroutine 'TerreinManager.debug' was never awaited
  self.terrein_manager.debug()
