## STDOUT ##

[[92mINFO[0m] SC2 4.9.0 용 패치 적용
패치 sc2.ids.ability_id
패치 sc2.game_state
패치 sc2.bot_ai
패치 sc2.client
패치 sc2.controller
패치 sc2.main
INFO:sc2.protocol:Client status changed to Status.launched (was None)
INFO:sc2_patch.sc2_patch_490.controller:Creating new game
INFO:sc2_patch.sc2_patch_490.controller:Map:     NCFellowship-2019_m1_v6
INFO:sc2_patch.sc2_patch_490.controller:Players: Bot(Race.Terran, <bots.keai.inho_bot_final.ReaperBot object at 0x7f7112bb8f60>), Bot(Race.Terran, <bots.ggg.KeyBot.KeyBot object at 0x7f711524eb38>)
INFO:sc2.protocol:Client status changed to Status.init_game (was Status.launched)
INFO:sc2.protocol:Client status changed to Status.launched (was None)
INFO:sc2.protocol:Client status changed to Status.in_game (was None)
INFO:root:Player 1 - Bot(Race.Terran, <bots.keai.inho_bot_final.ReaperBot object at 0x7f7112bb8f60>)
TEST: 1, <bots.keai.inho_bot_final.ReaperBot object at 0x7f7112bb8f60>
INFO:sc2.protocol:Client status changed to Status.in_game (was None)
INFO:root:Player 2 - Bot(Race.Terran, <bots.ggg.KeyBot.KeyBot object at 0x7f711524eb38>)
TEST: 2, <bots.ggg.KeyBot.KeyBot object at 0x7f711524eb38>
INFO:sc2.protocol:Client status changed to Status.ended (was Status.in_game)
INFO:root:Result for player 1 - Bot(Race.Terran, <bots.keai.inho_bot_final.ReaperBot object at 0x7f7112bb8f60>): Defeat
INFO:sc2.protocol:Client status changed to Status.ended (was Status.in_game)
INFO:root:Result for player 2 - Bot(Race.Terran, <bots.ggg.KeyBot.KeyBot object at 0x7f711524eb38>): Victory
INFO:sc2.client:Saved replay to outs/2020-01-17T11-28-03/replays/keai-ggg/keai-ggg-2.SC2Replay
INFO:sc2.protocol:Client status changed to Status.launched (was Status.ended)
INFO:sc2.protocol:Client status changed to Status.quit (was Status.launched)
INFO:sc2.sc2process:kill_switch: Process cleanup
INFO:sc2.sc2process:Cleaning up...
INFO:sc2.sc2process:Cleanup complete
INFO:sc2.sc2process:Cleaning up...
INFO:sc2.sc2process:Cleanup complete
INFO:sc2.protocol:Client status changed to Status.launched (was Status.ended)
INFO:sc2.protocol:Cannot receive: Connection already closed.
INFO:sc2.sc2process:kill_switch: Process cleanup
INFO:sc2.sc2process:Cleaning up...
INFO:sc2.sc2process:Cleanup complete
INFO:sc2.sc2process:Cleaning up...
INFO:sc2.sc2process:Cleanup complete


## STDERR ##

Version: B75689 (SC2.4.10)
Build: Aug 12 2019 17:16:57
Command Line: '"/home/hspark8312/StarCraftII/Versions/Base75689/SC2_x64" -listen 127.0.0.1 -port 16781 -displayMode 0 -dataDir /home/hspark8312/StarCraftII -tempDir /tmp/SC2_j1dk_a2f'
Starting up...
Startup Phase 1 complete
Version: B75689 (SC2.4.10)
Build: Aug 12 2019 17:16:57
Command Line: '"/home/hspark8312/StarCraftII/Versions/Base75689/SC2_x64" -listen 127.0.0.1 -port 15784 -displayMode 0 -dataDir /home/hspark8312/StarCraftII -tempDir /tmp/SC2_0qj8v646'
Starting up...
Startup Phase 1 complete
Startup Phase 2 complete
Creating stub renderer...
Listening on: 127.0.0.1:16781
Startup Phase 3 complete. Ready for commands.
Startup Phase 2 complete
Creating stub renderer...
Listening on: 127.0.0.1:15784
Startup Phase 3 complete. Ready for commands.
ConnectHandler: Request from 127.0.0.1:56676 accepted
ReadyHandler: 127.0.0.1:56676 ready
Requesting to join a multiplayer game
Configuring interface options
Configure: raw interface enabled
Configure: feature layer interface enabled
Configure: score interface enabled
Configure: render interface disabled
Create game with map path: NCFellowship-2019_m1_v6.SC2Map
ConnectHandler: Request from 127.0.0.1:56677 accepted
ReadyHandler: 127.0.0.1:56677 ready
Requesting to join a multiplayer game
Configuring interface options
Configure: raw interface enabled
Configure: feature layer interface enabled
Configure: score interface enabled
Configure: render interface disabled
Deferred error: 536936448 (0x20010000)
Deferred error details: Bad profiling data. TimeMS: 4186294.750000 Conversion: 1.000000e-03
Attempting to join a game with the map: NCFellowship-2019_m1_v6.SC2Map
Game has started.
Using default stable ids, none found at: /home/hspark8312/StarCraftII/stableid.json
Successfully loaded stable ids: GameData\stableid.json
Sending ResponseJoinGame
Game has started.
Using default stable ids, none found at: /home/hspark8312/StarCraftII/stableid.json
Successfully loaded stable ids: GameData\stableid.json
Sending ResponseJoinGame
RequestQuit command received.
Closing Application...
