## STDOUT ##

[[92mINFO[0m] SC2 4.9.0 용 패치 적용
패치 sc2.ids.ability_id
패치 sc2.game_state
패치 sc2.bot_ai
패치 sc2.client
패치 sc2.controller
패치 sc2.main
INFO:root:Failed to import cuda module: No module named 'caffe2.python.caffe2_pybind11_state_gpu'
INFO:root:Failed to import AMD hip module: No module named 'caffe2.python.caffe2_pybind11_state_hip'
WARNING:root:This caffe2 python run does not have GPU support. Will run in CPU only mode.
cpu
INFO:sc2.protocol:Client status changed to Status.launched (was None)
INFO:sc2_patch.sc2_patch_490.controller:Creating new game
INFO:sc2_patch.sc2_patch_490.controller:Map:     NCFellowship-2019_m1_v6
INFO:sc2_patch.sc2_patch_490.controller:Players: Bot(Race.Terran, <bots.Showing_bot.speedBot.MarinBot object at 0x7fddf1498f28>), Bot(Race.Terran, <bots.__examples__.nc_example_v6.drop_bot.DropBot object at 0x7fdde2440f60>)
INFO:sc2.protocol:Client status changed to Status.init_game (was Status.launched)
INFO:sc2.protocol:Client status changed to Status.launched (was None)
INFO:sc2.protocol:Client status changed to Status.in_game (was None)
INFO:root:Player 2 - Bot(Race.Terran, <bots.__examples__.nc_example_v6.drop_bot.DropBot object at 0x7fdde2440f60>)
TEST: 2, <bots.__examples__.nc_example_v6.drop_bot.DropBot object at 0x7fdde2440f60>
INFO:sc2.protocol:Client status changed to Status.in_game (was None)
INFO:root:Player 1 - Bot(Race.Terran, <bots.Showing_bot.speedBot.MarinBot object at 0x7fddf1498f28>)
TEST: 1, <bots.Showing_bot.speedBot.MarinBot object at 0x7fddf1498f28>
load model: bots/Showing_bot/models/model-89.pt
create new model
0.04457700002240017 0.002746999991359189
0.04457700002240017 1.00000761449337e-06
0.044396999990567565 0.0020570000051520765
0.044396999990567565 0.0
0.04406999997445382 0.0015190000121947378
0.04406999997445382 9.999785106629133e-07
0.044113999989349395 0.0010889999975915998
0.044113999989349395 0.0
0.04432099999394268 0.00133200001437217
0.04432099999394268 0.0
0.0447930000082124 0.0011439999798312783
0.0447930000082124 0.0
0.04427300000679679 0.00136599998222664
0.04427300000679679 0.0
0.044148000015411526 0.0011279999744147062
0.044148000015411526 0.0
0.04405799999949522 0.0013270000054035336
0.04405799999949522 1.00000761449337e-06
0.044400000013411045 0.0011169999779667705
0.044400000013411045 0.0
0.044557000015629455 0.0011260000173933804
0.044557000015629455 0.0
0.04502900000079535 0.0011119999981019646
0.04502900000079535 1.00000761449337e-06
0.04417900001863018 0.0010979999788105488
0.04417900001863018 1.00000761449337e-06
0.04420699999900535 0.0011079999967478216
0.04420699999900535 0.0
0.044476999988546595 0.0011020000092685223
0.044476999988546595 0.0
0.044169000000692904 0.001105000003008172
0.044169000000692904 0.0
0.044809000013628975 0.0011679999879561365
0.044809000013628975 0.0
0.04510700001264922 0.0012310000020079315
0.04510700001264922 0.0
0.04644800000824034 0.001432999997632578
0.04644800000824034 1.00000761449337e-06
0.04720200001611374 0.0012180000194348395
0.04720200001611374 9.999785106629133e-07
0.04900699999416247 0.0013719999988097697
0.04900699999416247 0.0
0.04974600000423379 0.0012759999954141676
0.04974600000423379 0.0
0.04921599998488091 0.0013909999979659915
0.04921599998488091 0.0
0.047999000002164394 0.0011999999987892807
0.047999000002164394 0.0
0.04903500000364147 0.001324000011663884
0.04903500000364147 0.0
0.04823499999474734 0.0012029999925289303
0.04823499999474734 0.0
0.04767400000127964 0.0012659999774768949
0.04767400000127964 0.0
0.04890199998044409 0.0012869999918621033
0.04890199998044409 1.00000761449337e-06
0.049331000016536564 0.0012430000060703605
0.049331000016536564 1.00000761449337e-06
0.0490470000077039 0.0012929999793414026
0.0490470000077039 0.0
0.04992900000070222 0.0013470000121742487
0.04992900000070222 1.00000761449337e-06
0.04985200002556667 0.001225999993039295
0.04985200002556667 0.0
0.05150500001036562 0.0012960000021848828
0.05150500001036562 0.0
0.04959700000472367 0.0012519999872893095
0.04959700000472367 0.0
0.0485939999925904 0.0012249999854248017
0.0485939999925904 0.0
0.05060299998149276 0.0029870000144001096
0.05060299998149276 1.00000761449337e-06
0.05098800000268966 0.0013909999979659915
0.05098800000268966 1.00000761449337e-06
0.05140899997786619 0.0013290000206325203
0.05140899997786619 9.999785106629133e-07
0.05299600001308136 0.0016100000066217035
0.05299600001308136 0.0
0.0516840000054799 0.0016330000071320683
0.0516840000054799 1.00000761449337e-06
changed strategy
0.05067699999199249 0.001264999998966232
0.05067699999199249 0.0
0.05291300002136268 0.0013380000018514693
0.05291300002136268 0.0
0.05191099998774007 0.001281999982893467
0.05191099998774007 1.00000761449337e-06
0.06831400000373833 0.0016100000066217035
0.06831400000373833 1.00000761449337e-06
0.05762000000686385 0.001715999998850748
0.05762000000686385 1.00000761449337e-06
0.06350600000587292 0.001289999985601753
0.06350600000587292 0.0
0.0689530000090599 0.001740999985486269
0.0689530000090599 0.0
0.05031699998653494 0.001277000003028661
0.05031699998653494 9.999785106629133e-07
0.06923200000892393 0.001740999985486269
0.06923200000892393 0.0
0.06887499999720603 0.0017859999788925052
0.06887499999720603 1.00000761449337e-06
0.06439800001680851 0.0014570000057574362
0.06439800001680851 0.0
0.07250100001692772 0.001955000014277175
0.07250100001692772 0.0
0.06684800001676194 0.001453999982913956
0.06684800001676194 9.999785106629133e-07
0.07230800000252202 0.0018370000179857016
0.07230800000252202 1.00000761449337e-06
0.07482499998877756 0.0018179999897256494
0.07482499998877756 9.999785106629133e-07
0.06369000000995584 0.0018829999899026006
0.06369000000995584 0.0
0.07248400000389665 0.0018320000090170652
0.07248400000389665 9.999785106629133e-07
0.07357400000910275 0.0018350000027567148
0.07357400000910275 1.00000761449337e-06
0.07317499999771826 0.0018349999736528844
0.07317499999771826 1.00000761449337e-06
0.07375599999795668 0.0018980000168085098
0.07375599999795668 9.999785106629133e-07
0.05225900001823902 0.001273999980185181
0.05225900001823902 1.00000761449337e-06
0.051596000004792586 0.0012679999927058816
0.051596000004792586 0.0
0.05369199998676777 0.0013669999898411334
0.05369199998676777 0.0
0.05315100000007078 0.0013160000089555979
0.05315100000007078 0.0
0.051881999999750406 0.0012969999806955457
0.051881999999750406 0.0
0.05228100001113489 0.0013020000187680125
0.05228100001113489 0.0
0.051921999984188005 0.0012719999940600246
0.051921999984188005 0.0
0.05154600000241771 0.001277000003028661
0.05154600000241771 0.0
0.051758999994490296 0.0013199999812059104
0.051758999994490296 0.0
0.05240099999355152 0.001273000001674518
0.05240099999355152 0.0
0.054422999994130805 0.0031470000103581697
0.054422999994130805 1.00000761449337e-06
0.05451700001140125 0.0014599999994970858
0.05451700001140125 0.0
0.05436999999801628 0.0013599999947473407
0.05436999999801628 0.0
0.05482499999925494 0.0013709999911952764
0.05482499999925494 0.0
0.05468000000109896 0.001357000001007691
0.05468000000109896 9.999785106629133e-07
0.054715000005671754 0.0013639999961014837
0.054715000005671754 0.0
0.054102999973110855 0.001324000011663884
0.054102999973110855 0.0
0.059087000001454726 0.0034699999960139394
0.059087000001454726 0.0
0.059427999978652224 0.0016900000046007335
0.059427999978652224 0.0
0.056649999984074384 0.0014629999932367355
0.056649999984074384 1.00000761449337e-06
0.057354999997187406 0.0014140000275801867
0.057354999997187406 0.0
0.056952000013552606 0.0014179999998304993
0.056952000013552606 0.0
0.054540000011911616 0.0013760000001639128
0.054540000011911616 0.0
0.05426699999952689 0.001361000002361834
0.05426699999952689 0.0
0.07016099998145364 0.0018250000139232725
0.07016099998145364 0.0
0.07508300000336021 0.002431000000797212
0.07508300000336021 0.0
0.07504200001130812 0.0022119999921415
0.07504200001130812 0.0
0.07158999997773208 0.002238000015495345
0.07158999997773208 1.00000761449337e-06
0.07466300000669435 0.0025089999835472554
0.07466300000669435 9.999785106629133e-07
0.06958599999779835 0.002146000013453886
0.06958599999779835 1.00000761449337e-06
0.05348000000230968 0.0013500000059138983
0.05348000000230968 1.00000761449337e-06
0.04958200000692159 0.0016499999910593033
0.04958200000692159 0.0
0.047424000018509105 0.001269000000320375
0.047424000018509105 0.0
0.04440100002102554 0.0014230000087991357
0.04440100002102554 0.0
0.044154000002890825 0.0013460000045597553
0.044154000002890825 0.0
0.04487300000619143 0.0011440000089351088
0.04487300000619143 0.0
0.04470600001513958 0.0011060000106226653
0.04470600001513958 1.00000761449337e-06
0.04449299999396317 0.0011320000048726797
0.04449299999396317 0.0
0.04424799999105744 0.0010980000079143792
0.04424799999105744 1.00000761449337e-06
0.04455900000175461 0.0011539999977685511
0.04455900000175461 1.00000761449337e-06
0.049152999999932945 0.0013000000035390258
0.049152999999932945 0.0
0.046823999990010634 0.0012350000033620745
0.046823999990010634 0.0
0.047615000017685816 0.0011769999982789159
0.047615000017685816 0.0
0.04860799998277798 0.001476000004913658
0.04860799998277798 0.0
0.04746800000430085 0.0011989999911747873
0.04746800000430085 0.0
0.04731900000479072 0.001180999999633059
0.04731900000479072 0.0
0.047362999990582466 0.0011620000004768372
0.047362999990582466 0.0
0.04715500000747852 0.0011569999915082008
0.04715500000747852 0.0
0.046888999990187585 0.001166999980341643
0.046888999990187585 0.0
0.047744000010425225 0.001217999990331009
0.047744000010425225 0.0
0.0472439999866765 0.001180999999633059
0.0472439999866765 1.00000761449337e-06
0.04738600002019666 0.0012270000006537884
0.04738600002019666 1.00000761449337e-06
0.04712400000425987 0.0011799999920185655
0.04712400000425987 0.0
0.04716399998869747 0.001168000017059967
0.04716399998869747 9.999785106629133e-07
0.04729699998279102 0.0011770000273827463
0.04729699998279102 9.999785106629133e-07
0.04714200002490543 0.0011959999974351376
0.04714200002490543 0.0
0.04714800001238473 0.0011750000121537596
0.04714800001238473 1.00000761449337e-06
0.04706599999917671 0.0011709999816957861
0.04706599999917671 9.999785106629133e-07
0.04701999999815598 0.0011519999825395644
0.04701999999815598 9.999785106629133e-07
0.04673400000319816 0.00125200001639314
0.04673400000319816 1.00000761449337e-06
0.049888000008650124 0.001268000021809712
0.049888000008650124 0.0
0.058822000020882115 0.0014019999944139272
0.058822000020882115 0.0
0.07108399999560788 0.0017630000074859709
0.07108399999560788 1.00000761449337e-06
0.06899800000246614 0.0017510000034235418
0.06899800000246614 0.0
0.06964299999526702 0.0017820000066421926
0.06964299999526702 0.0
0.06857500001206063 0.0017979999829549342
0.06857500001206063 0.0
0.07097800000337884 0.0017050000024028122
0.07097800000337884 0.0
0.05655000000842847 0.0012710000155493617
0.05655000000842847 1.00000761449337e-06
0.06796099999337457 0.0013169999874662608
0.06796099999337457 0.0
0.06966999999713153 0.00205199999618344
0.06966999999713153 0.0
0.06907200001296587 0.0018149999959859997
0.06907200001296587 1.00000761449337e-06
0.06959800000186078 0.0017759999900590628
0.06959800000186078 1.00000761449337e-06
0.06848000001627952 0.0018100000161211938
0.06848000001627952 9.999785106629133e-07
0.07071699999505654 0.001711999997496605
0.07071699999505654 0.0
0.06742900001700036 0.001791000016964972
0.06742900001700036 0.0
0.0732199999911245 0.0019650000031106174
0.0732199999911245 0.0
0.0707350000157021 0.0019380000012461096
0.0707350000157021 9.999785106629133e-07
0.06789999999455176 0.0018500000005587935
0.06789999999455176 0.0
0.07386400000541471 0.0018400000117253512
0.07386400000541471 9.999785106629133e-07
0.0730440000188537 0.001871000014944002
0.0730440000188537 1.00000761449337e-06
0.07246300001861528 0.0019199999806005508
0.07246300001861528 9.999785106629133e-07
0.07192300001042895 0.0017979999829549342
0.07192300001042895 1.00000761449337e-06
0.07502099999692291 0.0018559999880380929
0.07502099999692291 0.0
0.05156700001680292 0.0013010000111535192
0.05156700001680292 0.0
0.07154400000581518 0.0018139999883715063
0.07154400000581518 9.999785106629133e-07
0.07165199998416938 0.0018409999902360141
0.07165199998416938 1.00000761449337e-06
0.07286700000986457 0.0018399999826215208
0.07286700000986457 0.0
0.07197399999131449 0.0018889999773819
0.07197399999131449 0.0
0.07195699997828342 0.0018250000139232725
0.07195699997828342 1.4999997802078724e-05
0.07155400002375245 0.0018170000112149864
0.07155400002375245 0.0
0.05448999998043291 0.0014310000115074217
0.05448999998043291 0.0
0.07513300000573508 0.0019010000105481595
0.07513300000573508 1.00000761449337e-06
0.07655100000556558 0.002064000000245869
0.07655100000556558 0.0
0.07548299999325536 0.001884999976027757
0.07548299999325536 0.0
0.05439299999852665 0.0013219999964348972
0.05439299999852665 0.0
0.05383700001402758 0.0013879999751225114
0.05383700001402758 0.0
0.05585099998279475 0.0014279999886639416
0.05585099998279475 1.00000761449337e-06
0.05717499999445863 0.0015189999830909073
0.05717499999445863 0.0
0.05920300001162104 0.0015480000001844019
0.05920300001162104 1.00000761449337e-06
0.05928200000198558 0.0014629999932367355
0.05928200000198558 1.00000761449337e-06
0.06034699999145232 0.0014859999937471002
0.06034699999145232 9.999785106629133e-07
0.05971200001658872 0.0016599999798927456
0.05971200001658872 0.0
0.06003600000985898 0.0016839999880176038
0.06003600000985898 0.0
0.08035100001143292 0.002426999999443069
0.08035100001143292 0.0
0.07367399998474866 0.0022539999918080866
0.07367399998474866 0.0
0.07660499998019077 0.002470000006724149
0.07660499998019077 0.0
0.07756100001279265 0.002162999997381121
0.07756100001279265 1.00000761449337e-06
0.07442799999262206 0.0023919999948702753
0.07442799999262206 0.0
0.07683900001575239 0.002218999987235293
0.07683900001575239 0.0
0.0764680000138469 0.0023409999848809093
0.0764680000138469 0.0
0.08151400001952425 0.002349000016693026
0.08151400001952425 0.0
0.05953699999372475 0.001984000002266839
0.05953699999372475 0.0
0.07726700001512654 0.0021169999963603914
0.07726700001512654 1.00000761449337e-06
0.07679699998698197 0.002478000009432435
0.07679699998698197 0.0
0.08412899999530055 0.004558000015094876
0.08412899999530055 9.999785106629133e-07
0.08726400000159629 0.005187000002479181
0.08726400000159629 0.0
0.08419799999683164 0.005017999996198341
0.08419799999683164 0.0
0.0840920000046026 0.0035979999811388552
0.0840920000046026 0.0
0.12056199999642558 0.007221000007120892
0.12056199999642558 0.0
0.10860799998044968 0.006247999990591779
0.10860799998044968 0.0
0.09624799998709932 0.0028560000064317137
0.09624799998709932 0.0
0.12765500001842156 0.003108000004431233
0.12765500001842156 0.0
0.08167799998773262 0.0020019999938085675
0.08167799998773262 1.00000761449337e-06
0.08190299998386763 0.001986999996006489
0.08190299998386763 1.00000761449337e-06
0.11169400002108887 0.002785999997286126
0.11169400002108887 0.0
0.1159359999874141 0.002945999993244186
0.1159359999874141 0.0
0.10570600000210106 0.0027040000131819397
0.10570600000210106 9.999785106629133e-07
0.08917600000859238 0.0022170000011101365
0.08917600000859238 1.00000761449337e-06
0.09164600001531653 0.0022619999945163727
0.09164600001531653 0.0
0.08887999999569729 0.0023030000156722963
0.08887999999569729 1.00000761449337e-06
0.08821700001135468 0.0022649999882560223
0.08821700001135468 0.0
0.0797069999971427 0.001752999989548698
0.0797069999971427 0.0
0.08795899999677204 0.002150000014808029
0.08795899999677204 9.999785106629133e-07
0.09017700000549667 0.0021829999750480056
0.09017700000549667 0.0
0.09002599999075755 0.0021849999902769923
0.09002599999075755 0.0
0.09456399999908172 0.0023090000031515956
0.09456399999908172 0.0
0.09192500001518056 0.0022729999909643084
0.09192500001518056 1.3999990187585354e-05
0.09623999998439103 0.0024280000070575625
0.09623999998439103 0.0
0.0934830000041984 0.0022929999977350235
0.0934830000041984 0.0
0.09403499998734333 0.0022849999950267375
0.09403499998734333 0.0
0.08793000000878237 0.0021989999804645777
0.08793000000878237 1.00000761449337e-06
0.0669859999907203 0.0016610000166110694
0.0669859999907203 0.0
0.09140899998601526 0.0022779999999329448
0.09140899998601526 0.0
0.06688100000610575 0.0018829999899026006
0.06688100000610575 1.2999982573091984e-05
0.08934700000099838 0.002214000007370487
0.08934700000099838 0.0
0.0957979999948293 0.0022480000043287873
0.0957979999948293 0.0
0.07705699998768978 0.001592999993590638
0.07705699998768978 0.0
0.09366400001454167 0.0024609999964013696
0.09366400001454167 1.00000761449337e-06
0.09011900000041351 0.0022619999945163727
0.09011900000041351 0.0
0.07916500000283122 0.0022929999977350235
0.07916500000283122 0.0
0.07263200002489612 0.0017740000039339066
0.07263200002489612 9.999785106629133e-07
0.08940199998323806 0.0017970000044442713
0.08940199998323806 0.0
0.09317400000873022 0.0026200000138487667
0.09317400000873022 0.0
0.10313800000585616 0.013451000006170943
0.10313800000585616 0.0
0.10509799999999814 0.006105999986175448
0.10509799999999814 1.00000761449337e-06
0.10489799999049865 0.003212999989045784
0.10489799999049865 0.0
0.09927199999219738 0.0024870000197552145
0.09927199999219738 1.00000761449337e-06
0.09926499999710359 0.0024529999936930835
0.09926499999710359 9.999785106629133e-07
0.10036599999875762 0.0024639999901410192
0.10036599999875762 9.999785106629133e-07
0.09981800001696683 0.0024099999864120036
0.09981800001696683 0.0
0.09933799999998882 0.002454000001307577
0.09933799999998882 0.0
0.09397899999748915 0.002286000002641231
0.09397899999748915 1.00000761449337e-06
0.06907100000535138 0.0017389999993611127
0.06907100000535138 1.00000761449337e-06
0.06887499999720603 0.0017260000167880207
0.06887499999720603 9.999785106629133e-07
0.09447899999213405 0.002361999999266118
0.09447899999213405 0.0
0.0837910000118427 0.0018050000071525574
0.0837910000118427 0.0
0.09628299999167211 0.0024130000092554837
0.09628299999167211 0.0
0.09045599997625686 0.002326999994693324
0.09045599997625686 0.0
0.09294099998078309 0.0022319999989122152
0.09294099998078309 9.999785106629133e-07
0.066724999982398 0.0016260000120382756
0.066724999982398 0.0
0.06684399998630397 0.001647000026423484
0.06684399998630397 1.00000761449337e-06
0.06690199999138713 0.0016330000071320683
0.06690199999138713 0.0
0.06763100001262501 0.0016530000139027834
0.06763100001262501 0.0
0.06690000000526197 0.0016260000120382756
0.06690000000526197 0.0
0.06714599998667836 0.001795000018319115
0.06714599998667836 0.0
0.07074999998440035 0.0017619999998714775
0.07074999998440035 0.0
0.06927199999336153 0.0016829999804031104
0.06927199999336153 1.00000761449337e-06
0.06973499999730848 0.0017029999871738255
0.06973499999730848 9.999785106629133e-07
0.06904200001736172 0.0017019999795593321
0.06904200001736172 1.00000761449337e-06
0.06935400000656955 0.001728000002913177
0.06935400000656955 0.0
0.0696120000211522 0.001636000000871718
0.0696120000211522 1.00000761449337e-06
0.06905300001380965 0.0016460000188089907
0.06905300001380965 9.999785106629133e-07
0.09497200002078898 0.0024420000263489783
0.09497200002078898 1.00000761449337e-06
0.0952709999983199 0.0022689999896101654
0.0952709999983199 1.00000761449337e-06
0.09711600001901388 0.0025679999962449074
0.09711600001901388 0.0
0.0970390000147745 0.0023890000011306256
0.0970390000147745 0.0
0.09960099999443628 0.0023930000024847686
0.09960099999443628 0.0
0.10806800000136718 0.0027000000118277967
0.10806800000136718 0.0
0.10561200001393445 0.0026450000004842877
0.10561200001393445 1.00000761449337e-06
0.10555900001781993 0.002607999980682507
0.10555900001781993 9.999785106629133e-07
0.10896199999842793 0.0026929999876301736
0.10896199999842793 9.999785106629133e-07
0.08134000000427477 0.0019540000066626817
0.08134000000427477 9.999785106629133e-07
0.11181800000485964 0.002753999986452982
0.11181800000485964 0.0
0.08156200000667013 0.002007000002777204
0.08156200000667013 1.00000761449337e-06
0.08171599998604506 0.0020040000090375543
0.08171599998604506 1.00000761449337e-06
0.10765699998592027 0.002742000011494383
0.10765699998592027 0.0
0.11255900000105612 0.0027439999976195395
0.11255900000105612 0.0
0.10054400001536123 0.002853999991202727
0.10054400001536123 0.0
0.10573899999144487 0.002283000008901581
0.10573899999144487 0.0
0.10909499999252148 0.0022410000092349946
0.10909499999252148 1.00000761449337e-06
0.11459700000705197 0.00253199998405762
0.11459700000705197 0.0
0.11282499998924322 0.0027969999937340617
0.11282499998924322 0.0
0.11185099999420345 0.002214000007370487
0.11185099999420345 1.00000761449337e-06
0.11280299999634735 0.0027759999793488532
0.11280299999634735 0.0
0.11166900000534952 0.002733000001171604
0.11166900000534952 0.0
0.11219499999424443 0.0028049999964423478
0.11219499999424443 1.00000761449337e-06
0.11203700001351535 0.0027750000008381903
0.11203700001351535 1.00000761449337e-06
0.10683800000697374 0.0021640000049956143
0.10683800000697374 0.0
0.11248899999191053 0.002829999983077869
0.11248899999191053 1.00000761449337e-06
0.11081399998511188 0.002769000013358891
0.11081399998511188 0.0
0.08866400000988506 0.002119999990100041
0.08866400000988506 9.999785106629133e-07
0.08640299999387935 0.0021100000012665987
0.08640299999387935 0.0
0.08571200000005774 0.00205199999618344
0.08571200000005774 1.00000761449337e-06
0.0847219999996014 0.002059999998891726
0.0847219999996014 0.0
0.0865300000004936 0.002078999998047948
0.0865300000004936 0.0
0.08627400000113994 0.0021000000124331564
0.08627400000113994 1.00000761449337e-06
0.08742299998993985 0.0021769999875687063
0.08742299998993985 0.0
0.0861950000107754 0.002043999993475154
0.0861950000107754 1.00000761449337e-06
0.08901500000501983 0.0021530000085476786
0.08901500000501983 0.0
0.08895299999858253 0.0021539999870583415
0.08895299999858253 1.00000761449337e-06
0.1181139999825973 0.0028710000042337924
0.1181139999825973 0.0
0.08874999999534339 0.0021769999875687063
0.08874999999534339 9.999785106629133e-07
0.09142700000666082 0.0022960000205785036
0.09142700000666082 0.0
0.09127599999192171 0.0022139999782666564
0.09127599999192171 0.0
0.09169699999620207 0.0022290000051725656
0.09169699999620207 0.0
0.09411999999429099 0.002431999979307875
0.09411999999429099 0.0
0.09418600000208244 0.002318000013474375
0.09418600000208244 1.00000761449337e-06
0.12510399997700006 0.003036000009160489
0.12510399997700006 0.0
0.12420799999381416 0.0030759999935980886
0.12420799999381416 0.0
0.12620800000149757 0.003072999999858439
0.12620800000149757 0.0
0.09169699999620207 0.0022330000065267086
0.09169699999620207 0.0
0.09135499998228624 0.002205000026151538
0.09135499998228624 0.0
0.08892499998910353 0.002115000010235235
0.08892499998910353 0.0
0.12229900000966154 0.0029559999820776284
0.12229900000966154 0.0
0.12363300001015887 0.0029940000094939023
0.12363300001015887 0.0
0.12534800000139512 0.0032420000061392784
0.12534800000139512 0.0
0.12362700002267957 0.0031000000017229468
0.12362700002267957 0.0
0.12039799999911338 0.002964000013889745
0.12039799999911338 1.00000761449337e-06
0.12155000001075678 0.0030069999920669943
0.12155000001075678 9.999785106629133e-07
0.12063200000557117 0.0029750000103376806
0.12063200000557117 1.00000761449337e-06
0.09173799998825416 0.0021849999902769923
0.09173799998825416 0.0
0.09090500001912005 0.002189000020734966
0.09090500001912005 9.999785106629133e-07
0.09438500000396743 0.002601000014692545
0.09438500000396743 0.0
0.09618299998692237 0.002550000004703179
0.09618299998692237 0.0
0.13233900000341237 0.003300000011222437
0.13233900000341237 0.0
0.12650300000677817 0.0032469999860040843
0.12650300000677817 0.0
0.09760600002482533 0.0023739999742247164
0.09760600002482533 1.00000761449337e-06
0.09601999999722466 0.00241499999538064
0.09601999999722466 0.0
0.13055000000167638 0.0032970000174827874
0.13055000000167638 1.00000761449337e-06
0.12799700000323355 0.0032159999827854335
0.12799700000323355 9.999785106629133e-07
0.12877199999638833 0.0031270000035874546
0.12877199999638833 0.0
0.09151800000108778 0.002250000019557774
0.09151800000108778 0.0
0.09199000001535751 0.002255999977933243
0.09199000001535751 1.00000761449337e-06
0.12545099999988452 0.003161000000545755
0.12545099999988452 0.0
0.12428099999669939 0.003116000007139519
0.12428099999669939 0.0
0.12537600001087412 0.003091000020503998
0.12537600001087412 1.00000761449337e-06
0.1260070000134874 0.00314099999377504
0.1260070000134874 0.0
0.1323499999998603 0.003185000008670613
0.1323499999998603 0.0
0.12823000000207685 0.003355000022565946
0.12823000000207685 0.0
0.09699999997974373 0.002515000000130385
0.09699999997974373 0.0
0.09886600001482293 0.002486000012140721
0.09886600001482293 9.999785106629133e-07
0.13028599999961443 0.003643000003648922
0.13028599999961443 9.999785106629133e-07
0.09897099999943748 0.0025489999970886856
0.09897099999943748 1.00000761449337e-06
0.09883500001160428 0.002426999999443069
0.09883500001160428 0.0
0.09891000000061467 0.002375999989453703
0.09891000000061467 0.0
0.10177100001601502 0.0025980000209528953
0.10177100001601502 0.0
0.09939000001759268 0.002449999999953434
0.09939000001759268 1.00000761449337e-06
0.13523700000951067 0.0033910000056494027
0.13523700000951067 0.0
0.13381400000071153 0.003333000000566244
0.13381400000071153 0.0
0.13494200000423007 0.0033839999814517796
0.13494200000423007 0.0
0.12858099999721162 0.007312000001547858
0.12858099999721162 9.999785106629133e-07
0.10040000002481975 0.002466000005370006
0.10040000002481975 0.0
0.12764599997899495 0.0033540000149514526
0.12764599997899495 0.0
0.13446500001009554 0.0033429999893996865
0.13446500001009554 0.0
0.133112000010442 0.003356000001076609
0.133112000010442 0.0
0.13951500001712702 0.0034300000115763396
0.13951500001712702 0.0
0.13591100001940504 0.0033980000007431954
0.13591100001940504 0.0
0.13653899999917485 0.003328999999212101
0.13653899999917485 0.0
0.13619700001436286 0.0033939999993890524
0.13619700001436286 0.0
0.1331089999875985 0.0032589999900665134
0.1331089999875985 0.0
0.13278500002343208 0.003380000009201467
0.13278500002343208 9.999785106629133e-07
0.13387499999953434 0.0032439999922644347
0.13387499999953434 9.999785106629133e-07
0.1328229999926407 0.0033659999899100512
0.1328229999926407 0.0
0.13351400001556613 0.003345999983139336
0.13351400001556613 1.00000761449337e-06
0.11937600001692772 0.003157999977702275
0.11937600001692772 0.0
0.13504399999510497 0.0032460000074934214
0.13504399999510497 1.00000761449337e-06
0.1346510000003036 0.003280000004451722
0.1346510000003036 9.999785106629133e-07
0.13427300000330433 0.003356000001076609
0.13427300000330433 0.0
0.13286499999230728 0.0033150000090245157
0.13286499999230728 0.0
0.13293599997996353 0.0033229999826289713
0.13293599997996353 0.0
0.13271000000531785 0.0033109999785665423
0.13271000000531785 9.999785106629133e-07
0.13296300001093186 0.003345999983139336
0.13296300001093186 1.00000761449337e-06
0.1280759999935981 0.0031479999888688326
0.1280759999935981 0.0
0.1296149999834597 0.0032629999914206564
0.1296149999834597 0.0
0.12935400000424124 0.0032649999775458127
0.12935400000424124 0.0
0.13037899998016655 0.0033429999893996865
0.13037899998016655 0.0
0.12781500001437962 0.003196000005118549
0.12781500001437962 1.00000761449337e-06
0.1293549999827519 0.0032420000061392784
0.1293549999827519 9.999785106629133e-07
0.12963300000410527 0.003240999998524785
0.12963300000410527 1.00000761449337e-06
0.12843100001919083 0.0031270000035874546
0.12843100001919083 1.00000761449337e-06
0.09671300000627525 0.0024409999896306545
0.09671300000627525 0.0
0.13229099998716265 0.0032340000034309924
0.13229099998716265 0.0
0.132569000008516 0.0032430000137537718
0.132569000008516 0.0
0.13186699998914264 0.003333000000566244
0.13186699998914264 0.0
0.12900799998897128 0.003144999995129183
0.12900799998897128 0.0
0.12947800001711585 0.0032270000083371997
0.12947800001711585 0.0
0.12925800000084564 0.003269999986514449
0.12925800000084564 1.00000761449337e-06
0.12339399999473244 0.0030149999947752804
0.12339399999473244 0.0
0.12233099999139085 0.0030160000023897737
0.12233099999139085 0.0
0.1218069999886211 0.002993999980390072
0.1218069999886211 0.0
0.12481900001876056 0.0029830000130459666
0.12481900001876056 9.999785106629133e-07
0.13145800001802854 0.0031989999988581985
0.13145800001802854 1.00000761449337e-06
0.12908499999321066 0.003120000008493662
0.12908499999321066 0.0
0.1318780000146944 0.002665000007255003
0.1318780000146944 1.00000761449337e-06
0.13364300000830553 0.0032860000210348517
0.13364300000830553 0.0
0.13528299998142757 0.003357999987201765
0.13528299998142757 0.0
0.13370199999189936 0.003392999991774559
0.13370199999189936 0.0
0.13449799999943934 0.003257000003941357
0.13449799999943934 0.0
0.09939699998358265 0.0024080000002868474
0.09939699998358265 0.0
0.13517600001068786 0.003425000002607703
0.13517600001068786 1.00000761449337e-06
0.10384600001270883 0.002737000002525747
0.10384600001270883 1.00000761449337e-06
0.12658800001372583 0.0033669999975245446
0.12658800001372583 0.0
0.11820100000477396 0.002966999978525564
0.11820100000477396 1.00000761449337e-06
0.12653000000864267 0.002921000006608665
0.12653000000864267 9.999785106629133e-07
0.14048199998796917 0.003747999988263473
0.14048199998796917 1.00000761449337e-06
0.13029199998709373 0.003296999988378957
0.13029199998709373 0.0
0.10828300000866875 0.003025999991223216
0.10828300000866875 1.00000761449337e-06
0.10670800000661984 0.0026910000015050173
0.10670800000661984 0.0
0.12443899997742847 0.002657000004546717
0.12443899997742847 0.0
0.10868499998468906 0.003476000012597069
0.10868499998468906 9.999785106629133e-07
0.10387099999934435 0.0026000000070780516
0.10387099999934435 0.0
0.10000900001614355 0.002355000004172325
0.10000900001614355 1.00000761449337e-06
0.09697899999446236 0.0024339999945368618
0.09697899999446236 0.0
0.09343599999556318 0.0022729999909643084
0.09343599999556318 0.0
0.09349699999438599 0.002275000006193295
0.09349699999438599 0.0
0.09642100002383813 0.0023409999848809093
0.09642100002383813 9.999785106629133e-07
0.09661599999526516 0.0024329999869223684
0.09661599999526516 0.0
0.09664999999222346 0.002320999978110194
0.09664999999222346 0.0
0.09568699999363162 0.0023330000112764537
0.09568699999363162 0.0
0.09591899998486042 0.0024750000156927854
0.09591899998486042 0.0
0.13344199999119155 0.00301799998851493
0.13344199999119155 0.0
0.10305100001278333 0.002709000022150576
0.10305100001278333 0.0
0.10367899999255314 0.002812999999150634
0.10367899999255314 1.00000761449337e-06
0.10226300000795163 0.002598999999463558
0.10226300000795163 1.00000761449337e-06
0.10431500000413507 0.0024810000031720847
0.10431500000413507 0.0
0.10287599998991936 0.00241499999538064
0.10287599998991936 9.999785106629133e-07
0.09941300001810305 0.002388999972026795
0.09941300001810305 0.0
0.13422199999331497 0.003324999997857958
0.13422199999331497 0.0
0.09736300000804476 0.0024129999801516533
0.09736300000804476 0.0
0.09623100000317208 0.0023090000031515956
0.09623100000317208 0.0
0.13740100001450628 0.0033690000127535313
0.13740100001450628 0.0
0.1518660000001546 0.004429000022355467
0.1518660000001546 1.00000761449337e-06
0.13209600001573563 0.007440000015776604
0.13209600001573563 0.0
0.10186399999656714 0.002427999977953732
0.10186399999656714 1.00000761449337e-06
0.1375170000246726 0.0033620000176597387
0.1375170000246726 0.0
0.13523899999563582 0.003333000000566244
0.13523899999563582 0.0
0.13882599998032674 0.003452000004472211
0.13882599998032674 0.0
0.13863299999502487 0.0034370000066701323
0.13863299999502487 1.00000761449337e-06
0.13148199999704957 0.0032119999814312905
0.13148199999704957 0.0
0.13275900000007823 0.0032030000002123415
0.13275900000007823 9.999785106629133e-07
0.09849000000394881 0.0023330000112764537
0.09849000000394881 0.0
0.09936299998662435 0.002343000000109896
0.09936299998662435 9.999785106629133e-07
0.09932800001115538 0.0023750000109430403
0.09932800001115538 9.999785106629133e-07
0.0990649999876041 0.002454000001307577
0.0990649999876041 1.00000761449337e-06
0.09911800001282245 0.002349000016693026
0.09911800001282245 0.0
0.09887399998842739 0.0023569999902974814
0.09887399998842739 1.00000761449337e-06
0.09881699999095872 0.0023339999897871166
0.09881699999095872 0.0
0.09921499999472871 0.002355000004172325
0.09921499999472871 1.00000761449337e-06
0.15270299999974668 0.0040669999725651
0.15270299999974668 1.00000761449337e-06
0.13083899999037385 0.003815999982180074
0.13083899999037385 0.0
0.10319700001855381 0.0024750000156927854
0.10319700001855381 0.0
0.10372300000744872 0.002423999976599589
0.10372300000744872 0.0
0.10801500000525266 0.002595999976620078
0.10801500000525266 1.00000761449337e-06
0.10942299998714589 0.002689000015379861
0.10942299998714589 0.0
0.10715899997740053 0.0025610000011511147
0.10715899997740053 0.0
0.11214500002097338 0.002713000023504719
0.11214500002097338 1.00000761449337e-06
0.1188409999886062 0.002917000005254522
0.1188409999886062 1.00000761449337e-06
0.11366900001303293 0.0026740000175777823
0.11366900001303293 1.00000761449337e-06
0.14659600000595674 0.0034900000027846545
0.14659600000595674 0.0
0.13383099998463877 0.0035259999858681113
0.13383099998463877 0.0
0.11832700000377372 0.0026369999977760017
0.11832700000377372 1.00000761449337e-06
0.13492799998493865 0.0033490000059828162
0.13492799998493865 0.0
0.1263360000157263 0.0033629999961704016
0.1263360000157263 0.0
0.12116700000478886 0.0033669999975245446
0.12116700000478886 0.0
0.11251999999512918 0.002886999980546534
0.11251999999512918 1.00000761449337e-06
0.12761600001249462 0.0027169999957550317
0.12761600001249462 1.00000761449337e-06
0.14862299998640083 0.0036810000019613653
0.14862299998640083 1.00000761449337e-06
0.14802500000223517 0.0036339999933261424
0.14802500000223517 1.00000761449337e-06
0.14813399998820387 0.0036909999907948077
0.14813399998820387 9.999785106629133e-07
0.14920899999560788 0.0036589999799616635
0.14920899999560788 1.00000761449337e-06
0.11198899999726564 0.0027289999998174608
0.11198899999726564 0.0
0.11114700001780875 0.0027279999922029674
0.11114700001780875 1.00000761449337e-06
0.10962000000290573 0.002685999992536381
0.10962000000290573 0.0
0.11270299999159761 0.002705999999307096
0.11270299999159761 9.999785106629133e-07
0.11205100000370294 0.0026800000050570816
0.11205100000370294 1.00000761449337e-06
0.10903600000892766 0.002590999996755272
0.10903600000892766 0.0
0.10414300000411458 0.0024609999964013696
0.10414300000411458 0.0
0.10128000000258908 0.0024320000084117055
0.10128000000258908 0.0
0.10174300000653602 0.0025960000057239085
0.10174300000653602 9.999785106629133e-07
0.10154000000329688 0.0024779999803286046
0.10154000000329688 1.00000761449337e-06
0.10384100000374019 0.002439000003505498
0.10384100000374019 0.0
0.10448499998892657 0.002486000012140721
0.10448499998892657 1.00000761449337e-06
0.10390800001914613 0.002494000014849007
0.10390800001914613 1.00000761449337e-06
0.10349300000234507 0.0024489999923389405
0.10349300000234507 1.00000761449337e-06
0.10473900000215508 0.0025369999930262566
0.10473900000215508 0.0
0.1049009999842383 0.0024850000045262277
0.1049009999842383 9.999785106629133e-07
0.10347099998034537 0.002509000012651086
0.10347099998034537 0.0
0.10435999999754131 0.0027769999869633466
0.10435999999754131 0.0
0.10336399998050183 0.0025080000050365925
0.10336399998050183 0.0
0.10426100000040606 0.0025270000041928142
0.10426100000040606 1.00000761449337e-06
0.10641199999372475 0.0024930000072345138
0.10641199999372475 0.0
0.10613500000908971 0.0024910000211093575
0.10613500000908971 0.0
0.10644500001217239 0.0025160000077448785
0.10644500001217239 0.0
0.10585000002174638 0.0024919999996200204
0.10585000002174638 0.0
0.10615199999301694 0.0025470000109635293
0.10615199999301694 0.0
0.10704600001918152 0.0025899999891407788
0.10704600001918152 0.0
0.10956599999917671 0.0026359999901615083
0.10956599999917671 9.999785106629133e-07
0.1082800000149291 0.0028119999915361404
0.1082800000149291 0.0
0.10872599997674115 0.002566999988630414
0.10872599997674115 1.00000761449337e-06
0.14753200000268407 0.003628999984357506
0.14753200000268407 0.0
0.11000099999364465 0.002562000008765608
0.11000099999364465 1.00000761449337e-06
0.1468590000004042 0.003703000023961067
0.1468590000004042 0.0
0.14576499999384396 0.003603999997721985
0.14576499999384396 0.0
0.14561000000685453 0.0035679999855346978
0.14561000000685453 0.0
0.13907199999084696 0.0035370000114198774
0.13907199999084696 0.0
0.15121100001852028 0.003731999982846901
0.15121100001852028 0.0
0.11211600000387989 0.002710000000661239
0.11211600000387989 0.0
0.1508800000010524 0.0037019999872427434
0.1508800000010524 0.0
0.11394400001154281 0.002749000006588176
0.11394400001154281 9.999785106629133e-07
0.1144629999762401 0.0027800000098068267
0.1144629999762401 1.00000761449337e-06
0.1511319999990519 0.0037819999852217734
0.1511319999990519 0.0
0.14890800000284798 0.003520999976899475
0.14890800000284798 1.00000761449337e-06
0.14936300000408664 0.0035619999980553985
0.14936300000408664 0.0
0.1502619999810122 0.004042999993544072
0.1502619999810122 0.0
0.15434300000197254 0.0037320000119507313
0.15434300000197254 0.0
0.15798099999665283 0.0038800000038463622
0.15798099999665283 1.00000761449337e-06
0.15840200000093319 0.0037930000107735395
0.15840200000093319 0.0
0.15704799999366514 0.0038120000099297613
0.15704799999366514 0.0
0.1612520000198856 0.0040379999845754355
0.1612520000198856 0.0
0.16074500000104308 0.003964000003179535
0.16074500000104308 0.0
0.1596410000056494 0.0039370000013150275
0.1596410000056494 0.0
0.16071699999156408 0.0038739999872632325
0.16071699999156408 0.0
0.16035599997849204 0.003993999998783693
0.16035599997849204 0.0
0.11846399999922141 0.0029100000101607293
0.11846399999922141 0.0
0.1595439999946393 0.0038799999747425318
0.1595439999946393 0.0
0.15958999999566004 0.0038099999947007746
0.15958999999566004 0.0
0.1567849999992177 0.0031000000017229468
0.1567849999992177 0.0
0.15725099999690428 0.003891000000294298
0.15725099999690428 1.00000761449337e-06
0.15626799999154173 0.0036989999935030937
0.15626799999154173 0.0
0.1560590000008233 0.0038090000161901116
0.1560590000008233 1.00000761449337e-06
0.11909200000809506 0.0028449999808799475
0.11909200000809506 1.00000761449337e-06
0.11906599998474121 0.0029140000115148723
0.11906599998474121 0.0
0.11884599999757484 0.0028260000108275563
0.11884599999757484 9.999785106629133e-07
0.1186429999943357 0.002878999977838248
0.1186429999943357 1.00000761449337e-06
0.11803100001998246 0.002806000004056841
0.11803100001998246 0.0
0.11935100000118837 0.0027929999923799187
0.11935100000118837 0.0
0.11983100001816638 0.0029229999927338213
0.11983100001816638 0.0
0.11922100000083447 0.0027840000111609697
0.11922100000083447 1.00000761449337e-06
0.11652799998410046 0.00274100000387989
0.11652799998410046 9.999785106629133e-07
0.15962200000649318 0.003724999987753108
0.15962200000649318 1.00000761449337e-06
0.1621140000061132 0.006699999998090789
0.1621140000061132 1.00000761449337e-06
0.16321600001538172 0.003105000010691583
0.16321600001538172 0.0
0.16319099999964237 0.003946000011637807
0.16319099999964237 0.0
0.1614500000141561 0.0031759999983478338
0.1614500000141561 1.00000761449337e-06
0.16374600000563078 0.004018000006908551
0.16374600000563078 1.00000761449337e-06
0.16183500000624917 0.004014999984065071
0.16183500000624917 1.00000761449337e-06
0.16180100000929087 0.003923000011127442
0.16180100000929087 0.0
0.15307599998777732 0.003839999990304932
0.15307599998777732 0.0
0.16643199999816716 0.004011000011814758
0.16643199999816716 0.0
0.16315099998610094 0.003924999997252598
0.16315099998610094 0.0
0.16267099999822676 0.003878999996231869
0.16267099999822676 0.0
0.1642660000070464 0.003886999998940155
0.1642660000070464 1.00000761449337e-06
0.17681499998434447 0.0046999999904073775
0.17681499998434447 0.0
0.15134700000635348 0.008559999987483025
0.15134700000635348 0.0
0.14634300000034273 0.0040339999832212925
0.14634300000034273 9.999785106629133e-07
0.1285970000026282 0.00310100000933744
0.1285970000026282 1.00000761449337e-06
0.12905799999134615 0.0031310000049415976
0.12905799999134615 0.0
0.12866899999789894 0.003084000025410205
0.12866899999789894 1.00000761449337e-06
0.12884600000688806 0.003120000008493662
0.12884600000688806 9.999785106629133e-07
0.12637300000642426 0.003044999990379438
0.12637300000642426 1.00000761449337e-06
0.12345499999355525 0.0029780000040773302
0.12345499999355525 0.0
0.12366500002099201 0.0029269999940879643
0.12366500002099201 9.999785106629133e-07
0.1220059999905061 0.0028910000110045075
0.1220059999905061 0.0
0.12133200000971556 0.0029839999915566295
0.12133200000971556 0.0
0.12157800002023578 0.0028240000247024
0.12157800002023578 1.00000761449337e-06
0.12346699999761768 0.002929000009316951
0.12346699999761768 0.0
0.12358900002436712 0.0029260000155773014
0.12358900002436712 0.0
0.12410199997248128 0.002948000008473173
0.12410199997248128 0.0
0.12851099998806603 0.003052000014577061
0.12851099998806603 0.0
0.13133199998992495 0.0031599999929312617
0.13133199998992495 0.0
0.14343500000541098 0.0035459999926388264
0.14343500000541098 1.00000761449337e-06
0.15608899999642745 0.008968999987700954
0.15608899999642745 0.0
0.16339100000914186 0.009313999995356426
0.16339100000914186 1.00000761449337e-06
0.16444700001738966 0.004692999995313585
0.16444700001738966 1.00000761449337e-06
0.1645909999788273 0.004027999995741993
0.1645909999788273 0.0
0.16364499999326654 0.00422999999136664
0.16364499999326654 0.0
0.14827400000649504 0.003575000009732321
0.14827400000649504 1.00000761449337e-06
0.15024100002483465 0.0035940000088885427
0.15024100002483465 1.00000761449337e-06
0.14376499998616055 0.0036100000143051147
0.14376499998616055 0.0
0.13948000001255423 0.003724999987753108
0.13948000001255423 1.00000761449337e-06
0.1395090000005439 0.0035149999894201756
0.1395090000005439 1.00000761449337e-06
0.14064800000051036 0.0034589999995660037
0.14064800000051036 0.0
0.1365479999803938 0.0038300000014714897
0.1365479999803938 1.00000761449337e-06
0.13328399998135865 0.003208000009180978
0.13328399998135865 0.0
0.12817999999970198 0.003360000002430752
0.12817999999970198 1.00000761449337e-06
0.12657400002353825 0.0032050000154413283
0.12657400002353825 1.00000761449337e-06
0.12624299997696653 0.003089000005275011
0.12624299997696653 1.00000761449337e-06
0.12410399998771027 0.0029679999861400574
0.12410399998771027 1.00000761449337e-06
0.12648400000762194 0.0030919999990146607
0.12648400000762194 0.0
0.1251979999942705 0.0030009999754838645
0.1251979999942705 0.0
0.1265770000172779 0.00334399999701418
0.1265770000172779 0.0
0.12728300000890158 0.0030719999922439456
0.12728300000890158 0.0
0.12273100001038983 0.0030470000056084245
0.12273100001038983 0.0
0.123384000005899 0.0029070000164210796
0.123384000005899 1.00000761449337e-06
0.12112500000512227 0.002890999981900677
0.12112500000512227 1.00000761449337e-06
0.1565779999946244 0.003966999996919185
0.1565779999946244 0.0
0.1603379999869503 0.003870999993523583
0.1603379999869503 1.00000761449337e-06
0.16326199998729862 0.004041000007418916
0.16326199998729862 1.00000761449337e-06
0.16150800001923926 0.004068999987794086
0.16150800001923926 0.0
0.12026999998488463 0.002817000000504777
0.12026999998488463 0.0
0.16142499999841675 0.0040459999872837216
0.16142499999841675 0.0
0.1601020000234712 0.003995999984908849
0.1601020000234712 0.0
0.11909900000318885 0.0028549999988172203
0.11909900000318885 0.0
0.11592199999722652 0.0027709999994840473
0.11592199999722652 0.0
0.11615600000368431 0.002826999989338219
0.11615600000368431 0.0
0.12289999998756684 0.002917999983765185
0.12289999998756684 0.0
0.11872200001380406 0.0028039999888278544
0.11872200001380406 0.0
0.16206000000238419 0.00390700000571087
0.16206000000238419 0.0
0.16211399997700937 0.004003000009106472
0.16211399997700937 0.0
0.16233000002102926 0.003911000007065013
0.16233000002102926 9.999785106629133e-07
0.16389400002663024 0.003931000013835728
0.16389400002663024 1.00000761449337e-06
0.16038499999558553 0.0038340000028256327
0.16038499999558553 1.00000761449337e-06
0.16226199999800883 0.003914000000804663
0.16226199999800883 1.00000761449337e-06
0.160926999989897 0.00414400000590831
0.160926999989897 9.999785106629133e-07
0.11818300001323223 0.0028009999950882047
0.11818300001323223 0.0
0.11845700000412762 0.0028039999888278544
0.11845700000412762 0.0
0.11967400001594797 0.0027870000049006194
0.11967400001594797 0.0
0.11884800001280382 0.002829999983077869
0.11884800001280382 0.0
0.11590699999942444 0.002817000000504777
0.11590699999942444 1.00000761449337e-06
0.11666600001626648 0.002769999991869554
0.11666600001626648 1.00000761449337e-06
0.16169700000318699 0.003831999987596646
0.16169700000318699 0.0
0.12215400001150556 0.0029190000204835087
0.12215400001150556 0.0
0.12084099999628961 0.002937000012025237
0.12084099999628961 0.0
0.12362600001506507 0.0029199999989941716
0.12362600001506507 1.00000761449337e-06
0.1440230000007432 0.0040089999965857714
0.1440230000007432 9.999785106629133e-07
0.1627110000117682 0.00394699999014847
0.1627110000117682 0.0
0.1645229999849107 0.003888999985065311
0.1645229999849107 0.0
0.16408499999670312 0.0038449999992735684
0.16408499999670312 0.0
0.16742499999236315 0.004018999985419214
0.16742499999236315 0.0
0.16300499998033047 0.003912000014679506
0.16300499998033047 1.00000761449337e-06
0.16457399999490008 0.003914999979315326
0.16457399999490008 1.00000761449337e-06
0.1640379999880679 0.0037919999740552157
0.1640379999880679 0.0
0.14888500000233762 0.003899000003002584
0.14888500000233762 0.0
0.1632730000128504 0.004175000009126961
0.1632730000128504 9.999785106629133e-07
0.16668500000378117 0.003928999998606741
0.16668500000378117 0.0
0.1604739999747835 0.004109000001335517
0.1604739999747835 0.0
0.16588899999624118 0.0038969999877735972
0.16588899999624118 1.00000761449337e-06
0.16434499999741092 0.004041000007418916
0.16434499999741092 0.0
0.16500300000188872 0.003998999978648499
0.16500300000188872 0.0
0.16492599999764934 0.004046000016387552
0.16492599999764934 0.0
0.16632099999696948 0.004170000000158325
0.16632099999696948 1.00000761449337e-06
0.1690810000000056 0.004002000001491979
0.1690810000000056 0.0
0.1218360000057146 0.0028670000028796494
0.1218360000057146 0.0
0.12187699999776669 0.002908000024035573
0.12187699999776669 1.00000761449337e-06
0.12052200001198798 0.0029039999935775995
0.12052200001198798 1.00000761449337e-06
0.16887599998153746 0.0041689999925438315
0.16887599998153746 0.0
0.1717050000152085 0.004035000019939616
0.1717050000152085 1.00000761449337e-06
0.1698319999850355 0.004342000000178814
0.1698319999850355 0.0
0.1722109999973327 0.004126999992877245
0.1722109999973327 0.0
0.17057699998258613 0.004107999993721023
0.17057699998258613 9.999785106629133e-07
0.1233549999888055 0.0029229999927338213
0.1233549999888055 0.0
0.17069900000933558 0.004086000000825152
0.17069900000933558 1.00000761449337e-06
0.1696689999953378 0.0041219999839086086
0.1696689999953378 0.0
0.1710130000137724 0.0040290000033564866
0.1710130000137724 0.0
0.1732170000032056 0.004251999984262511
0.1732170000032056 0.0
0.1504560000030324 0.003710999997565523
0.1504560000030324 0.0
0.16584600001806393 0.0033300000068265945
0.16584600001806393 0.0
0.1718430000182707 0.004134000017074868
0.1718430000182707 0.0
0.1724759999779053 0.004657000012230128
0.1724759999779053 1.00000761449337e-06
0.17355000000679865 0.004071000003023073
0.17355000000679865 1.00000761449337e-06
0.17610899999272078 0.004014999984065071
0.17610899999272078 0.0
0.17824300000211224 0.004110999987460673
0.17824300000211224 9.999785106629133e-07
0.1756419999874197 0.004402000020490959
0.1756419999874197 0.0
0.1736629999941215 0.004213999985950068
0.1736629999941215 0.0
0.17457000000285916 0.0042320000065956265
0.17457000000285916 1.00000761449337e-06
0.14640700002200902 0.0034920000180136412
0.14640700002200902 0.0
0.17440499999793246 0.004220000002533197
0.17440499999793246 0.0
0.17335699999239296 0.004213999985950068
0.17335699999239296 9.999785106629133e-07
0.14726600001449697 0.003675000014482066
0.14726600001449697 0.0
0.16596099999151193 0.004128000000491738
0.16596099999151193 0.0
0.18116700000246055 0.0046319999964907765
0.18116700000246055 1.00000761449337e-06
0.18247100000735372 0.004511000006459653
0.18247100000735372 0.0
0.1858790000260342 0.004421999998157844
0.1858790000260342 9.999785106629133e-07
0.19160699998610653 0.004608999995980412
0.19160699998610653 9.999785106629133e-07
0.18664499997976236 0.004455999995116144
0.18664499997976236 1.00000761449337e-06
0.14047499999287538 0.0037259999953676015
0.14047499999287538 1.00000761449337e-06
0.13414899999042973 0.003148999996483326
0.13414899999042973 0.0
0.134301999991294 0.0031909999961499125
0.134301999991294 0.0
0.1835680000076536 0.004606000002240762
0.1835680000076536 0.0
0.1830529999861028 0.004608000017469749
0.1830529999861028 9.999785106629133e-07
0.13640800002031028 0.0033059999987017363
0.13640800002031028 1.00000761449337e-06
0.17035800000303425 0.00374700000975281
0.17035800000303425 0.0
0.17929699999513105 0.004347999987658113
0.17929699999513105 1.00000761449337e-06
0.1823210000002291 0.004335999983595684
0.1823210000002291 9.999785106629133e-07
0.16999299998860806 0.0037379999994300306
0.16999299998860806 0.0
0.16820700000971556 0.003384999989066273
0.16820700000971556 1.00000761449337e-06
0.17014299999573268 0.0033839999814517796
0.17014299999573268 0.0
0.15267799998400733 0.0039459999825339764
0.15267799998400733 0.0
0.15621200000168756 0.003755000012461096
0.15621200000168756 0.0
0.16159699999843724 0.004325999994762242
0.16159699999843724 1.00000761449337e-06
0.16820699998061173 0.0038610000046901405
0.16820699998061173 0.0
0.15100000001257285 0.0040969999972730875
0.15100000001257285 0.0
0.16124999997555278 0.003992999991169199
0.16124999997555278 0.0
0.17175300000235438 0.004546000011032447
0.17175300000235438 1.00000761449337e-06
0.18161100000725128 0.004368000023532659
0.18161100000725128 0.0
0.18768800000543706 0.004652000003261492
0.18768800000543706 0.0
0.1352619999961462 0.003281999990576878
0.1352619999961462 1.00000761449337e-06
0.13587199998437427 0.0032010000140871853
0.13587199998437427 0.0
0.13626199998543598 0.0032709999941289425
0.13626199998543598 0.0
0.15912799999932759 0.0035519999801181257
0.15912799999932759 0.0
0.15608800001791678 0.00458700000308454
0.15608800001791678 1.00000761449337e-06
0.1855339999892749 0.0042489999905228615
0.1855339999892749 0.0
0.1753199999802746 0.0046239999937824905
0.1753199999802746 0.0
0.18676000001141801 0.004600999993272126
0.18676000001141801 0.0
0.18519399999058805 0.004442999983439222
0.18519399999058805 9.999785106629133e-07
0.13823899999260902 0.0033319999929517508
0.13823899999260902 1.00000761449337e-06
0.1868689999973867 0.004516999993938953
0.1868689999973867 0.0
0.19194900000002235 0.004595000005792826
0.19194900000002235 0.0
0.1386519999941811 0.003380000009201467
0.1386519999941811 9.999785106629133e-07
0.13845599998603575 0.003288000007160008
0.13845599998603575 1.00000761449337e-06
0.13872700001229532 0.0032629999914206564
0.13872700001229532 0.0
0.1391390000062529 0.0033190000103786588
0.1391390000062529 0.0
0.18267000000923872 0.0046489999804180115
0.18267000000923872 0.0
0.18503900000359863 0.004493000014917925
0.18503900000359863 1.00000761449337e-06
0.18836000000010245 0.004550999990897253
0.18836000000010245 9.999785106629133e-07
0.1847309999866411 0.004570999997667968
0.1847309999866411 0.0
0.18897699998342432 0.004732000001240522
0.18897699998342432 9.999785106629133e-07
0.19699200001196004 0.004891999997198582
0.19699200001196004 0.0
0.19335899999714456 0.00479900001664646
0.19335899999714456 0.0
0.1919740000157617 0.004769000021042302
0.1919740000157617 1.00000761449337e-06
0.19667000000481494 0.004961999977240339
0.19667000000481494 1.00000761449337e-06
0.18711400000029244 0.004966999986208975
0.18711400000029244 0.0
0.18415299998014234 0.004681999998865649
0.18415299998014234 0.0
0.18888100000913255 0.004791000013938174
0.18888100000913255 1.00000761449337e-06
0.17796699999598786 0.004395000025397167
0.17796699999598786 0.0
0.17505099999834783 0.004125999985262752
0.17505099999834783 0.0
0.16206199998850934 0.004394999996293336
0.16206199998850934 0.0
0.1831829999864567 0.004882999986875802
0.1831829999864567 1.00000761449337e-06
0.17870200000470504 0.004928999987896532
0.17870200000470504 0.0
0.1838149999966845 0.004381999984616414
0.1838149999966845 0.0
0.13896500002010725 0.0033140000014100224
0.13896500002010725 1.00000761449337e-06
0.13788300001760945 0.003276999981608242
0.13788300001760945 9.999785106629133e-07
0.13550099998246878 0.0032179999980144203
0.13550099998246878 0.0
0.18168399998103268 0.004421999998157844
0.18168399998103268 0.0
0.18257400000584312 0.004458000010345131
0.18257400000584312 9.999785106629133e-07
0.16711800001212396 0.004022999986773357
0.16711800001212396 1.00000761449337e-06
0.17460899997968227 0.00430699999560602
0.17460899997968227 1.4999997802078724e-05
0.1415850000048522 0.003556999989086762
0.1415850000048522 0.0
0.14361699999426492 0.0033389999880455434
0.14361699999426492 1.00000761449337e-06
0.17929499997990206 0.0040760000119917095
0.17929499997990206 1.00000761449337e-06
0.14724800002295524 0.0033180000027641654
0.14724800002295524 0.0
0.1425100000051316 0.003556000010576099
0.1425100000051316 0.0
0.14383800001814961 0.0041849999979604036
0.14383800001814961 0.0
0.14166799999657087 0.0034459999878890812
0.14166799999657087 1.00000761449337e-06
0.14293499998166226 0.0033830000029411167
0.14293499998166226 0.0
0.14381500001763925 0.003989000018918887
0.14381500001763925 9.999785106629133e-07
0.14525500001036562 0.0037529999972321093
0.14525500001036562 0.0
0.14007600001059473 0.003356000001076609
0.14007600001059473 0.0
0.13885799999115989 0.003228999994462356
0.13885799999115989 0.0
0.1368979999970179 0.0032850000134203583
0.1368979999970179 1.00000761449337e-06
0.13491100000101142 0.003272000001743436
0.13491100000101142 0.0
0.13752499999827705 0.003244000021368265
0.13752499999827705 0.0
0.13683400000445545 0.003249000001233071
0.13683400000445545 0.0
0.14413800000329502 0.0034340000129304826
0.14413800000329502 9.999785106629133e-07
0.14624299999559298 0.0038099999947007746
0.14624299999559298 0.0
0.14892300000065006 0.003655999986222014
0.14892300000065006 0.0
0.14824200002476573 0.0035060000082012266
0.14824200002476573 1.00000761449337e-06
0.16077399998903275 0.0035419999912846833
0.16077399998903275 0.0
0.1529539999901317 0.004262000002199784
0.1529539999901317 0.0
0.15131399998790585 0.003659000009065494
0.15131399998790585 0.0
0.15169800000148825 0.0035259999858681113
0.15169800000148825 9.999785106629133e-07
0.15933299998869188 0.003735000005690381
0.15933299998869188 0.0
0.1537829999870155 0.00386399999842979
0.1537829999870155 9.999785106629133e-07
0.14887100001215003 0.0037070000253152102
0.14887100001215003 0.0
0.1956590000190772 0.0043710000172723085
0.1956590000190772 1.00000761449337e-06
0.17276200000196695 0.0041689999925438315
0.17276200000196695 0.0
0.17293299999437295 0.004584999987855554
0.17293299999437295 0.0
0.20021300000371411 0.0049230000004172325
0.20021300000371411 0.0
0.20023099999525584 0.00466999999480322
0.20023099999525584 0.0
0.20076899998821318 0.004696000018157065
0.20076899998821318 1.00000761449337e-06
0.15241700000478886 0.0037019999872427434
0.15241700000478886 0.0
0.15095999999903142 0.003671000013127923
0.15095999999903142 9.999785106629133e-07
0.14705299999332055 0.003519999998388812
0.14705299999332055 0.0
0.19116200000280514 0.004773000022396445
0.19116200000280514 1.00000761449337e-06
0.19057400000747293 0.004987000022083521
0.19057400000747293 0.0
0.16272100000060163 0.004140000004554167
0.16272100000060163 0.0
0.18996399999014102 0.004654999997001141
0.18996399999014102 0.0
0.14531200000783429 0.003571999986888841
0.14531200000783429 1.00000761449337e-06
0.19972899998538196 0.004558999993605539
0.19972899998538196 1.00000761449337e-06
0.18093299999600276 0.0047119999944698066
0.18093299999600276 1.00000761449337e-06
0.14858199999434873 0.0034100000048056245
0.14858199999434873 0.0
0.147488999995403 0.003472000011242926
0.147488999995403 0.0
0.15002800000365824 0.003483000007690862
0.15002800000365824 0.0
0.14883499999996275 0.003616000001784414
0.14883499999996275 0.0
0.14829599999939092 0.0035789999819826335
0.14829599999939092 0.0
0.15071400001761504 0.0035989999887533486
0.15071400001761504 0.0
0.15060999998240732 0.0036780000082217157
0.15060999998240732 0.0
0.14940799999749288 0.0035349999961908907
0.14940799999749288 0.0
0.1490320000157226 0.0035499999939929694
0.1490320000157226 0.0
0.19695700000738725 0.0048220000171568245
0.19695700000738725 1.00000761449337e-06
0.2003310000000056 0.005118000000948086
0.2003310000000056 9.999785106629133e-07
0.20445799999288283 0.004948999994667247
0.20445799999288283 1.00000761449337e-06
0.20025299998815171 0.004845999996177852
0.20025299998815171 1.00000761449337e-06
0.1988640000054147 0.004760999989230186
0.1988640000054147 1.00000761449337e-06
0.19983399999910034 0.004928999987896532
0.19983399999910034 1.00000761449337e-06
0.20806099998299032 0.004946000000927597
0.20806099998299032 1.00000761449337e-06
0.2027259999886155 0.004917999991448596
0.2027259999886155 9.999785106629133e-07
0.20627199998125434 0.004940999991958961
0.20627199998125434 1.00000761449337e-06
0.2072409999964293 0.005353999993531033
0.2072409999964293 0.0
0.20417000001179986 0.005077000008895993
0.20417000001179986 0.0
0.15153999999165535 0.00358099999721162
0.15153999999165535 0.0
0.15082200002507307 0.00358399999095127
0.15082200002507307 0.0
0.15080699999816716 0.0036419999960344285
0.15080699999816716 1.00000761449337e-06
0.1524879999924451 0.003556999989086762
0.1524879999924451 0.0
0.15075400000205263 0.003628000005846843
0.15075400000205263 0.0
0.20059900000342168 0.004920999985188246
0.20059900000342168 0.0
0.20212200001697056 0.004811999999219552
0.20212200001697056 1.00000761449337e-06
0.20569399997475557 0.004890000011073425
0.20569399997475557 1.00000761449337e-06
0.20617099999799393 0.004871999990427867
0.20617099999799393 0.0
0.20684599998639897 0.004891999997198582
0.20684599998639897 9.999785106629133e-07
0.20735599999898113 0.004958000004990026
0.20735599999898113 0.0
0.20843200001399964 0.005022999976063147
0.20843200001399964 9.999785106629133e-07
0.2064210000098683 0.0048679999890737236
0.2064210000098683 1.00000761449337e-06
0.2094830000132788 0.005005000013625249
0.2094830000132788 0.0
0.18348800000967458 0.003956000000471249
0.18348800000967458 1.00000761449337e-06
0.20494299998972565 0.0049940000171773136
0.20494299998972565 0.0
0.2099599999783095 0.00498699999297969
0.2099599999783095 0.0
0.20778300001984462 0.0052389999909792095
0.20778300001984462 1.00000761449337e-06
0.19438000000081956 0.0046790000051259995
0.19438000000081956 1.00000761449337e-06
0.20230200001969934 0.004937000019708648
0.20230200001969934 1.00000761449337e-06
0.21066199999768287 0.005094000021927059
0.21066199999768287 1.00000761449337e-06
0.21398400000180118 0.005450999975437298
0.21398400000180118 1.00000761449337e-06
0.21176600002218038 0.004997000010916963
0.21176600002218038 1.00000761449337e-06
0.179558999981964 0.004290000011678785
0.179558999981964 1.00000761449337e-06
0.21363600000040606 0.005034999980125576
0.21363600000040606 1.00000761449337e-06
0.21475299997837283 0.0052220000070519745
0.21475299997837283 1.00000761449337e-06
0.213501999998698 0.005044999998062849
0.213501999998698 0.0
0.21175300001050346 0.005395000014686957
0.21175300001050346 0.0
0.2118709999776911 0.005054999986896291
0.2118709999776911 1.00000761449337e-06
0.21224899997469038 0.005196999991312623
0.21224899997469038 0.0
0.15861600000062026 0.0038090000161901116
0.15861600000062026 1.00000761449337e-06
0.18986699997913092 0.005071999999927357
0.18986699997913092 0.0
0.21205600001849234 0.005028999992646277
0.21205600001849234 0.0
0.2104119999858085 0.005012000008719042
0.2104119999858085 0.0
0.21409299998776987 0.005120999994687736
0.21409299998776987 9.999785106629133e-07
0.21192500001052395 0.005709999997634441
0.21192500001052395 0.0
0.16619899999932386 0.009439999994356185
0.16619899999932386 1.00000761449337e-06
0.16519400000106543 0.00422699999762699
0.16519400000106543 0.0
0.2088999999978114 0.01083199999993667
0.2088999999978114 9.999785106629133e-07
0.22570800001267344 0.005865000013727695
0.22570800001267344 1.00000761449337e-06
0.17055900002014823 0.004103000013856217
0.17055900002014823 1.00000761449337e-06
0.23394000000553206 0.005543000006582588
0.23394000000553206 0.0
0.23333399998955429 0.0056770000082906336
0.23333399998955429 1.00000761449337e-06
0.22857900001690723 0.005411999998614192
0.22857900001690723 1.00000761449337e-06
0.230037999979686 0.0056019999901764095
0.230037999979686 0.0
0.22450199999730103 0.00548200000775978
0.22450199999730103 1.00000761449337e-06
0.17835000000195578 0.00431300001218915
0.17835000000195578 1.00000761449337e-06
0.21167600000626408 0.005471000011311844
0.21167600000626408 0.0
0.21296200001961552 0.005118000000948086
0.21296200001961552 0.0
0.20983399997930974 0.005059999995864928
0.20983399997930974 9.999785106629133e-07
0.18263999998453073 0.004241999995429069
0.18263999998453073 0.0
0.2129469999927096 0.005426999996416271
0.2129469999927096 0.0
0.21322299999883398 0.005081999988760799
0.21322299999883398 9.999785106629133e-07
0.21651999998721294 0.005005999992135912
0.21651999998721294 1.00000761449337e-06
0.21521200001006946 0.005265999992843717
0.21521200001006946 0.0
0.21836699999403208 0.005101999995531514
0.21836699999403208 0.0
0.2233379999815952 0.005323000019416213
0.2233379999815952 0.0
0.1930560000182595 0.004194000008283183
0.1930560000182595 0.0
0.21934199999668635 0.005350999999791384
0.21934199999668635 0.0
0.2194630000158213 0.005263999977614731
0.2194630000158213 1.00000761449337e-06
0.1612590000149794 0.0039010000182315707
0.1612590000149794 0.0
0.16107000000192784 0.0038380000041797757
0.16107000000192784 0.0
0.15916600002674386 0.0036900000122841448
0.15916600002674386 1.00000761449337e-06
0.15867200001957826 0.00378400000045076
0.15867200001957826 9.999785106629133e-07
0.1589770000136923 0.00378400000045076
0.1589770000136923 0.0
0.158462999999756 0.0036609999951906502
0.158462999999756 0.0
0.15589000002364628 0.003710999997565523
0.15589000002364628 0.0
0.15654699999140576 0.0036850000033155084
0.15654699999140576 0.0
0.1579910000145901 0.0036810000019613653
0.1579910000145901 0.0
0.1563140000216663 0.003718000021763146
0.1563140000216663 0.0
0.16013900001416914 0.0037739999825134873
0.16013900001416914 9.999785106629133e-07
0.1614009999902919 0.0037899999879300594
0.1614009999902919 0.0
0.16190399997867644 0.0037460000021383166
0.16190399997867644 1.00000761449337e-06
0.16194099999847822 0.0038659999845549464
0.16194099999847822 0.0
0.16186700001708232 0.0037660000089090317
0.16186700001708232 9.999785106629133e-07
0.16332699998747557 0.003915000008419156
0.16332699998747557 0.0
0.16377899999497458 0.003859000018564984
0.16377899999497458 1.00000761449337e-06
0.16301700001349673 0.003878000017721206
0.16301700001349673 0.0
0.1650540000118781 0.00391000002855435
0.1650540000118781 0.0
0.16378199998871423 0.003851999994367361
0.16378199998871423 9.999785106629133e-07
0.16604099998949096 0.004013999976450577
0.16604099998949096 0.0
0.16428399999858811 0.003851000015856698
0.16428399999858811 0.0
0.16117899998789653 0.0038340000028256327
0.16117899998789653 1.00000761449337e-06
0.1624160000064876 0.0038369999965652823
0.1624160000064876 1.00000761449337e-06
0.16004300001077354 0.003811999980825931
0.16004300001077354 1.00000761449337e-06
0.16160799999488518 0.00398099998710677
0.16160799999488518 0.0
0.16083600002457388 0.003899000003002584
0.16083600002457388 1.00000761449337e-06
0.16058900000643916 0.00374399998690933
0.16058900000643916 9.999785106629133e-07
0.22049400000832975 0.005367000005207956
0.22049400000832975 0.0
0.21986199999810196 0.005287000007228926
0.21986199999810196 2.00001522898674e-06
0.16214099997887388 0.0042150000226683915
0.16214099997887388 0.0
0.16393799998331815 0.003876999981002882
0.16393799998331815 0.0
0.162146999995457 0.003788000001804903
0.162146999995457 0.0
0.1606679999968037 0.0038120000099297613
0.1606679999968037 0.0
0.16067800001474097 0.003792000003159046
0.16067800001474097 9.999785106629133e-07
0.1659769999969285 0.00386399999842979
0.1659769999969285 1.00000761449337e-06
0.16193299999576993 0.003779999999096617
0.16193299999576993 0.0
0.16116600000532344 0.003855000017210841
0.16116600000532344 1.00000761449337e-06
0.1613260000012815 0.003819000005023554
0.1613260000012815 1.00000761449337e-06
0.16131100000347942 0.003767000016523525
0.16131100000347942 1.00000761449337e-06
0.1605449999915436 0.0038219999987632036
0.1605449999915436 9.999785106629133e-07
0.16192600000067614 0.0037210000155027956
0.16192600000067614 0.0
0.1623820000095293 0.003878999996231869
0.1623820000095293 0.0
0.1637940000218805 0.0038210000202525407
0.1637940000218805 0.0
0.16039599999203347 0.0037869999941904098
0.16039599999203347 0.0
0.16704800000297837 0.00411300000268966
0.16704800000297837 0.0
0.16751899998052977 0.003912999993190169
0.16751899998052977 1.00000761449337e-06
0.16551000002073124 0.004068999987794086
0.16551000002073124 0.0
0.1682779999973718 0.0040800000133458525
0.1682779999973718 0.0
0.1699240000161808 0.004006000002846122
0.1699240000161808 0.0
0.16488999998546205 0.003927999990992248
0.16488999998546205 0.0
0.1660730000003241 0.0039410000026691705
0.1660730000003241 1.00000761449337e-06
0.1669769999862183 0.003970999998273328
0.1669769999862183 1.00000761449337e-06
0.16578099998878315 0.003928999998606741
0.16578099998878315 1.00000761449337e-06
0.16292999999132007 0.00386699999216944
0.16292999999132007 0.0
0.1632099999987986 0.003841000027023256
0.1632099999987986 1.00000761449337e-06
0.16366399999242276 0.003926000004867092
0.16366399999242276 0.0
0.21876100002555177 0.00523900002008304
0.21876100002555177 0.0
0.1630239999794867 0.003915000008419156
0.1630239999794867 0.0
0.1634769999946002 0.003944000025512651
0.1634769999946002 0.0
0.16565500001888722 0.003907999984221533
0.16565500001888722 0.0
0.16617300000507385 0.0040299999818671495
0.16617300000507385 0.0
0.16718299998319708 0.003916999994544312
0.16718299998319708 0.0
0.16791300001204945 0.0038970000168774277
0.16791300001204945 1.00000761449337e-06
0.1625849999836646 0.003908999991836026
0.1625849999836646 0.0
0.16286799998488277 0.0038200000126380473
0.16286799998488277 1.00000761449337e-06
0.1628789999813307 0.00394699999014847
0.1628789999813307 1.00000761449337e-06
0.1619080000091344 0.0037779999838676304
0.1619080000091344 0.0
0.16217399999732152 0.003939999995054677
0.16217399999732152 0.0
0.16128199998638593 0.0038169999897945672
0.16128199998638593 1.00000761449337e-06
0.1622730000235606 0.0038010000134818256
0.1622730000235606 1.00000761449337e-06
0.16414199999417178 0.00390999999945052
0.16414199999417178 0.0
0.16431799999554642 0.003972999984398484
0.16431799999554642 0.0
0.16448100001434796 0.0037749999901279807
0.16448100001434796 0.0
0.16391699999803677 0.0038260000001173466
0.16391699999803677 0.0
0.16255599999567494 0.003831000009085983
0.16255599999567494 0.0
0.163762999989558 0.003807999979471788
0.163762999989558 0.0
0.16261599998688325 0.0037899999879300594
0.16261599998688325 0.0
0.16417200001887977 0.004096000018762425
0.16417200001887977 0.0
0.16160699998727068 0.0037259999953676015
0.16160699998727068 0.0
0.1612569999997504 0.003628000005846843
0.1612569999997504 0.0
0.16118500000447966 0.003819999983534217
0.16118500000447966 0.0
0.16056300001218915 0.0038570000033359975
0.16056300001218915 9.999785106629133e-07
0.16181999997934327 0.003702000016346574
0.16181999997934327 0.0
0.16186199997900985 0.003807000000961125
0.16186199997900985 1.00000761449337e-06
0.16384100000141189 0.0038219999987632036
0.16384100000141189 0.0
0.164982999995118 0.004293000005418435
0.164982999995118 1.00000761449337e-06
0.16390500002307817 0.003831000009085983
0.16390500002307817 0.0
0.16381699999328703 0.0038380000041797757
0.16381699999328703 0.0
0.22477999998955056 0.005183000001125038
0.22477999998955056 0.0
0.16315000000759028 0.0038169999897945672
0.16315000000759028 1.00000761449337e-06
0.19464699999662116 0.005232000024989247
0.19464699999662116 0.0
0.2214420000091195 0.005323999997926876
0.2214420000091195 1.00000761449337e-06
0.22009099999559112 0.005323000019416213
0.22009099999559112 1.00000761449337e-06
0.2197040000173729 0.005169000010937452
0.2197040000173729 1.00000761449337e-06
0.23817700002109632 0.005898000003071502
0.23817700002109632 1.00000761449337e-06
0.18639399998937733 0.010553999978583306
0.18639399998937733 0.0
0.185685000004014 0.004897000006167218
0.185685000004014 9.999785106629133e-07
0.1928780000016559 0.004399999976158142
0.1928780000016559 1.00000761449337e-06
0.24570199998561293 0.00615599998855032
0.24570199998561293 1.00000761449337e-06
0.24648699999670498 0.005878000025404617
0.24648699999670498 0.0
0.24926300000515766 0.006060000014258549
0.24926300000515766 1.00000761449337e-06
0.24439999999594875 0.005902000004425645
0.24439999999594875 0.0
0.22489899999345653 0.0053450000123120844
0.22489899999345653 0.0
0.2258809999912046 0.005375999986426905
0.2258809999912046 9.999785106629133e-07
0.22811600001296028 0.005252999981166795
0.22811600001296028 9.999785106629133e-07
0.22638399997958913 0.005330999993020669
0.22638399997958913 0.0
0.20841300001484342 0.00519600001280196
0.20841300001484342 0.0
0.22593299997970462 0.0052900000009685755
0.22593299997970462 1.00000761449337e-06
0.22542699999758042 0.005455999984405935
0.22542699999758042 0.0
0.22937500002444722 0.005414000013843179
0.22937500002444722 1.00000761449337e-06
0.19202499999664724 0.004585999995470047
0.19202499999664724 0.0
0.22966599999926984 0.005384999996749684
0.22966599999926984 1.00000761449337e-06
0.23026000001118518 0.0054579999996349216
0.23026000001118518 9.999785106629133e-07
0.23311200001626275 0.005726000003051013
0.23311200001626275 1.00000761449337e-06
0.23084600002039224 0.005483000015374273
0.23084600002039224 0.0
0.23551600001519546 0.005502000014530495
0.23551600001519546 1.00000761449337e-06
0.23375600000144914 0.005619000003207475
0.23375600000144914 0.0
0.23068899998907 0.005620999989332631
0.23068899998907 0.0
0.2322299999941606 0.005720999994082376
0.2322299999941606 9.999785106629133e-07
0.17599000001791865 0.004001000022981316
0.17599000001791865 1.00000761449337e-06
0.17588399999658577 0.004114000010304153
0.17588399999658577 0.0
0.17481599998427555 0.004245999996783212
0.17481599998427555 1.00000761449337e-06
0.1745670000091195 0.004044000001158565
0.1745670000091195 0.0
0.17464700000709854 0.004275000013876706
0.17464700000709854 0.0
0.17320499999914318 0.004114999988814816
0.17320499999914318 0.0
0.17332600001827814 0.004157999996095896
0.17332600001827814 0.0
0.17012399999657646 0.004005000024335459
0.17012399999657646 0.0
0.22754699998768046 0.005344999983208254
0.22754699998768046 0.0
0.22498699999414384 0.00542999999015592
0.22498699999414384 0.0
0.22740400000475347 0.005377000023145229
0.22740400000475347 0.0
0.22736400002031587 0.005437999992864206
0.22736400002031587 1.00000761449337e-06
0.21962300001177937 0.005311000015353784
0.21962300001177937 1.00000761449337e-06
0.19703999999910593 0.004274999984772876
0.19703999999910593 0.0
0.22210799998720177 0.0055890000076033175
0.22210799998720177 0.0
0.2307239999936428 0.004461000004084781
0.2307239999936428 1.00000761449337e-06
0.22919300000648946 0.005623999983072281
0.22919300000648946 1.00000761449337e-06
0.23063999999430962 0.005543000006582588
0.23063999999430962 0.0
0.23080799999297597 0.005531000002520159
0.23080799999297597 9.999785106629133e-07
0.23313999999663793 0.005647000012686476
0.23313999999663793 9.999785106629133e-07
0.2310519999882672 0.005590999993728474
0.2310519999882672 1.00000761449337e-06
0.2248050000052899 0.005376000015530735
0.2248050000052899 0.0
0.2332460000179708 0.005569999979343265
0.2332460000179708 1.00000761449337e-06
0.23180300000240095 0.005562999984249473
0.23180300000240095 1.00000761449337e-06
0.2349759999779053 0.005671999999321997
0.2349759999779053 1.00000761449337e-06
0.17622900000424124 0.004132000001845881
0.17622900000424124 1.00000761449337e-06
0.17496499998378567 0.004068000009283423
0.17496499998378567 0.0
0.1788360000064131 0.0041979999805334955
0.1788360000064131 1.00000761449337e-06
0.23894199999631383 0.005693999992217869
0.23894199999631383 0.0
0.24022199999308214 0.005671999999321997
0.24022199999308214 0.0
0.1757250000082422 0.004195999994408339
0.1757250000082422 0.0
0.24009700000169687 0.006123999977717176
0.24009700000169687 1.00000761449337e-06
0.23833300001570024 0.005629000021144748
0.23833300001570024 1.00000761449337e-06
0.21757899998920038 0.004882000008365139
0.21757899998920038 1.00000761449337e-06
0.23867900000186637 0.005414999992353842
0.23867900000186637 1.00000761449337e-06
0.17930899999919347 0.004077999998116866
0.17930899999919347 0.0
0.2348960000090301 0.005577000003540888
0.2348960000090301 9.999785106629133e-07
0.2405399999988731 0.005726000003051013
0.2405399999988731 0.0
0.2386619999888353 0.005766999995103106
0.2386619999888353 1.00000761449337e-06
0.23761099998955615 0.005746999988332391
0.23761099998955615 0.0
0.23847300000488758 0.005648999998811632
0.23847300000488758 1.00000761449337e-06
0.24116800000774674 0.005780000006780028
0.24116800000774674 9.999785106629133e-07
0.2424530000134837 0.005774999997811392
0.2424530000134837 1.00000761449337e-06
0.24087899998994544 0.005857000011019409
0.24087899998994544 1.00000761449337e-06
0.24240299998200499 0.006127000000560656
0.24240299998200499 1.00000761449337e-06
0.2388630000059493 0.006052000011550263
0.2388630000059493 0.0
0.24413799998001195 0.00563900000997819
0.24413799998001195 1.00000761449337e-06
0.24422400002367795 0.005885999999009073
0.24422400002367795 0.0
0.24226100000669248 0.005738999985624105
0.24226100000669248 9.999785106629133e-07
0.23994100000709295 0.0058760000101756305
0.23994100000709295 0.0
0.23459599999478087 0.004893000004813075
0.23459599999478087 0.0
0.24457199999596924 0.005787999980384484
0.24457199999596924 1.00000761449337e-06
0.24665499999537133 0.0058760000101756305
0.24665499999537133 9.999785106629133e-07
0.24450500000966713 0.005826000007800758
0.24450500000966713 9.999785106629133e-07
0.2458129999868106 0.0059729999920818955
0.2458129999868106 0.0
0.24603800001204945 0.005945999990217388
0.24603800001204945 0.0
0.24569899999187328 0.005852000002050772
0.24569899999187328 0.0
0.24482399999396876 0.006095999997342005
0.24482399999396876 1.00000761449337e-06
0.24477900000056252 0.006108999979915097
0.24477900000056252 0.0
0.24425200000405312 0.005577999982051551
0.24425200000405312 9.999785106629133e-07
0.1820049999805633 0.004282000008970499
0.1820049999805633 9.999785106629133e-07
0.17960400000447407 0.004218000016408041
0.17960400000447407 1.00000761449337e-06
0.1812099999806378 0.004478000017115846
0.1812099999806378 1.00000761449337e-06
0.1829730000172276 0.0042760000214912
0.1829730000172276 1.00000761449337e-06
0.18063200000324287 0.004218999994918704
0.18063200000324287 0.0
0.18473700000322424 0.004241999995429069
0.18473700000322424 0.0
0.18367299999226816 0.004282000008970499
0.18367299999226816 9.999785106629133e-07
0.1825529999914579 0.0042449999891687185
0.1825529999914579 0.0
0.18263600001228042 0.004255999985616654
0.18263600001228042 1.00000761449337e-06
0.184834999992745 0.00427000000490807
0.184834999992745 0.0
0.18189199999324046 0.004358000005595386
0.18189199999324046 0.0
0.1818700000003446 0.004314999998314306
0.1818700000003446 9.999785106629133e-07
0.18182600001455285 0.004301999986637384
0.18182600001455285 0.0
0.18204399998649023 0.004360999999335036
0.18204399998649023 0.0
0.18124299999908544 0.0041729999938979745
0.18124299999908544 0.0
0.18280799998319708 0.004278000007616356
0.18280799998319708 0.0
0.184209999977611 0.0042280000052414834
0.184209999977611 0.0
0.1842340000148397 0.004203999997116625
0.1842340000148397 0.0
0.18424099998082966 0.004259999986970797
0.18424099998082966 1.00000761449337e-06
0.18383200000971556 0.004580000007990748
0.18383200000971556 1.00000761449337e-06
0.19375900001614355 0.004184000019449741
0.19375900001614355 0.0
0.1836909999838099 0.004378999990876764
0.1836909999838099 0.0
0.18381600000429899 0.004362999985460192
0.18381600000429899 1.00000761449337e-06
0.18390599999111146 0.004323000001022592
0.18390599999111146 1.00000761449337e-06
0.1832130000111647 0.004295999999158084
0.1832130000111647 0.0
0.18374799998127855 0.0042529999918770045
0.18374799998127855 1.00000761449337e-06
0.24849399999948218 0.005868000007467344
0.24849399999948218 9.999785106629133e-07
0.25002199999289587 0.00588199999765493
0.25002199999289587 0.0
0.24996500002453104 0.006037000013748184
0.24996500002453104 0.0
0.24722099999780767 0.005964999989373609
0.24722099999780767 0.0
0.18738799999118783 0.004279999993741512
0.18738799999118783 0.0
0.1863090000115335 0.00434399998630397
0.1863090000115335 1.00000761449337e-06
0.18828999999095686 0.004583000001730397
0.18828999999095686 0.0
0.18928900000173599 0.004431000008480623
0.18928900000173599 0.0
0.1889929999888409 0.004369000002043322
0.1889929999888409 0.0
0.19256299998960458 0.011108000006061047
0.19256299998960458 1.00000761449337e-06
0.19141299999319017 0.0046279999951366335
0.19141299999319017 0.0
0.19000999999116175 0.004803999996511266
0.19000999999116175 0.0
0.18914000000222586 0.004500000010011718
0.18914000000222586 1.00000761449337e-06
0.18828999999095686 0.004482999996980652
0.18828999999095686 0.0
0.19023900001775473 0.004428000014740974
0.19023900001775473 0.0
0.1903699999966193 0.004499000002397224
0.1903699999966193 1.00000761449337e-06
0.18931099999463186 0.004508999991230667
0.18931099999463186 0.0
0.1926439999951981 0.004471999971428886
0.1926439999951981 0.0
0.19027599997934885 0.004425999999511987
0.19027599997934885 1.00000761449337e-06
0.19041999999899417 0.004493000014917925
0.19041999999899417 1.00000761449337e-06
0.1909719999821391 0.0044760000018868595
0.1909719999821391 1.00000761449337e-06
0.18983099999604747 0.004494999971939251
0.18983099999604747 0.0
0.1927109999815002 0.004458999988855794
0.1927109999815002 0.0
0.19028700000490062 0.004423999984283
0.19028700000490062 0.0
0.19182999999611638 0.004633999982615933
0.19182999999611638 0.0
0.19426300001214258 0.004590999975334853
0.19426300001214258 9.999785106629133e-07
0.1940150000154972 0.004529999976512045
0.1940150000154972 9.999785106629133e-07
0.19429799998761155 0.004971999995177612
0.19429799998761155 1.00000761449337e-06
0.192375999991782 0.004451999993762001
0.192375999991782 1.00000761449337e-06
0.25980699999490753 0.01498499998706393
0.25980699999490753 1.00000761449337e-06
0.26166799999191426 0.006220000010216609
0.26166799999191426 0.0
0.2615479999803938 0.006139000004623085
0.2615479999803938 0.0
0.23004599998239428 0.005139999993843958
0.23004599998239428 0.0
0.1945850000192877 0.00463300000410527
0.1945850000192877 1.00000761449337e-06
0.19641299999784678 0.0044929999858140945
0.19641299999784678 0.0
0.19715999998152256 0.004618000006303191
0.19715999998152256 1.00000761449337e-06
0.1960739999776706 0.004545000003417954
0.1960739999776706 0.0
0.19654699999955483 0.004662999999709427
0.19654699999955483 0.0
0.1963429999887012 0.00466999999480322
0.1963429999887012 1.00000761449337e-06
0.197310000017751 0.004820999980438501
0.197310000017751 0.0
0.25703099998645484 0.006171999993966892
0.25703099998645484 0.0
0.26752800002577715 0.006354000011924654
0.26752800002577715 0.0
0.26387600001180544 0.00635899999178946
0.26387600001180544 1.00000761449337e-06
0.26611999998567626 0.006336999998893589
0.26611999998567626 1.00000761449337e-06
0.262473000009777 0.006307000003289431
0.262473000009777 0.0
0.26550399998086505 0.006144000013591722
0.26550399998086505 1.00000761449337e-06
0.2633790000109002 0.006232999992789701
0.2633790000109002 1.00000761449337e-06
0.2655350000131875 0.0063390000141225755
0.2655350000131875 1.00000761449337e-06
0.2020020000054501 0.011742000002413988
0.2020020000054501 0.0
0.19923100000596605 0.004645000008167699
0.19923100000596605 0.0
0.19782800000393763 0.004754999972647056
0.19782800000393763 0.0
0.19797900001867674 0.005173000012291595
0.19797900001867674 1.00000761449337e-06
0.25885899999411777 0.0061249999853316694
0.25885899999411777 1.00000761449337e-06
0.26213700001244433 0.006316000013612211
0.26213700001244433 0.0
0.2680790000013076 0.006301999994320795
0.2680790000013076 0.0
0.25662699999520555 0.006290999997872859
0.25662699999520555 1.00000761449337e-06
0.27016899999580346 0.006471000000601634
0.27016899999580346 9.999785106629133e-07
0.26771099999314174 0.0064150000107474625
0.26771099999314174 0.0
0.2698230000096373 0.006131999980425462
0.2698230000096373 9.999785106629133e-07
0.2020749999792315 0.004714999988209456
0.2020749999792315 1.00000761449337e-06
0.2795449999975972 0.0062089999846648425
0.2795449999975972 1.00000761449337e-06
0.2694670000055339 0.006101999984821305
0.2694670000055339 0.0
0.2012490000051912 0.004725000006146729
0.2012490000051912 0.0
0.2656960000167601 0.006329999974695966
0.2656960000167601 1.00000761449337e-06
0.20019000000320375 0.004656000004615635
0.20019000000320375 0.0
0.27069699999992736 0.00648499999078922
0.27069699999992736 1.400001929141581e-05
0.2722590000194032 0.00640800001565367
0.2722590000194032 0.0
0.2709640000248328 0.006460999982664362
0.2709640000248328 1.00000761449337e-06
0.2705629999982193 0.006557999993674457
0.2705629999982193 1.300001167692244e-05
0.2743690000206698 0.007029000000329688
0.2743690000206698 0.0
0.20329299999866635 0.004748000006657094
0.20329299999866635 1.00000761449337e-06
0.2809860000270419 0.006304000009549782
0.2809860000270419 9.999785106629133e-07
0.26742199997534044 0.00628199998755008
0.26742199997534044 0.0
0.2680699999909848 0.006335999991279095
0.2680699999909848 0.0
0.22653800001717173 0.00515599999926053
0.22653800001717173 9.999785106629133e-07
0.27063600000110455 0.006458000018028542
0.27063600000110455 9.999785106629133e-07
0.2703429999819491 0.006472000008216128
0.2703429999819491 0.0
0.2712030000111554 0.006519000016851351
0.2712030000111554 9.999785106629133e-07
0.2721200000087265 0.006428000022424385
0.2721200000087265 0.0
0.2710899999947287 0.015934999973978847
0.2710899999947287 0.0
0.2736389999918174 0.006828999990830198
0.2736389999918174 1.00000761449337e-06
0.2726669999829028 0.006752000015694648
0.2726669999829028 0.0
0.27427899997564964 0.006675000011455268
0.27427899997564964 0.0
0.2723120000155177 0.006458999996539205
0.2723120000155177 1.00000761449337e-06
0.2769360000093002 0.0064359999960288405
0.2769360000093002 9.999785106629133e-07
0.25721800001338124 0.005392000020947307
0.25721800001338124 1.00000761449337e-06
0.28233000001637265 0.01616699999431148
0.28233000001637265 9.999785106629133e-07
0.2852460000140127 0.01597899998887442
0.2852460000140127 0.0
0.27544399999896996 0.006724000006215647
0.27544399999896996 0.0
0.2878199999977369 0.01659099999233149
0.2878199999977369 9.999785106629133e-07
0.292306000017561 0.01743700000224635
0.292306000017561 0.0
0.22825199997168966 0.013054000010015443
0.22825199997168966 9.999785106629133e-07
0.2226900000241585 0.005621000018436462
0.2226900000241585 0.0
0.21931499999482185 0.005254999996395782
0.21931499999482185 0.0
0.21735699998680502 0.005061000003479421
0.21735699998680502 1.00000761449337e-06
0.21663100001751445 0.005217000027187169
0.21663100001751445 9.999785106629133e-07
0.2880320000112988 0.006497999973362312
0.2880320000112988 0.0
0.28134300000965595 0.006879000022308901
0.28134300000965595 0.0
0.27376700000604615 0.006618999992497265
0.27376700000604615 0.0
0.25902999998652376 0.006274999992456287
0.25902999998652376 0.0
0.2614659999962896 0.006312999990768731
0.2614659999962896 1.00000761449337e-06
0.2611460000043735 0.006320999993477017
0.2611460000043735 1.00000761449337e-06
0.2618509999883827 0.0063479999953415245
0.2618509999883827 0.0
0.2605279999843333 0.006133999995654449
0.2605279999843333 0.0
0.26500299997860566 0.006301999994320795
0.26500299997860566 0.0
0.2633920000225771 0.00636200001463294
0.2633920000225771 0.0
0.2652399999788031 0.0064199999906122684
0.2652399999788031 0.0
0.2641369999910239 0.006303999980445951
0.2641369999910239 0.0
0.24004199999035336 0.006323999987216666
0.24004199999035336 0.0
0.26479400001699105 0.006384000007528812
0.26479400001699105 1.00000761449337e-06
0.26486100000329316 0.006316999992122874
0.26486100000329316 0.0
0.24502900001243688 0.00555899998289533
0.24502900001243688 0.0
0.2625700000207871 0.006232999992789701
0.2625700000207871 1.00000761449337e-06
0.19797900001867674 0.004726999992271885
0.19797900001867674 0.0
0.20209599999361672 0.004644000000553206
0.20209599999361672 1.00000761449337e-06
0.2585559999861289 0.006299000000581145
0.2585559999861289 0.0
0.2664890000014566 0.006312999990768731
0.2664890000014566 1.00000761449337e-06
0.26618799997959286 0.006511000014143065
0.26618799997959286 0.0
0.2653940000163857 0.006215999979758635
0.2653940000163857 0.0
0.26019100000848994 0.006300999986706302
0.26019100000848994 1.00000761449337e-06
0.26780699999653734 0.0064319999946746975
0.26780699999653734 0.0
0.2678070000256412 0.00644500000635162
0.2678070000256412 1.00000761449337e-06
0.2680320000217762 0.006410000001778826
0.2680320000217762 0.0
0.26550599999609403 0.006502000003820285
0.26550599999609403 9.999785106629133e-07
0.19944500000565313 0.004701999976532534
0.19944500000565313 1.00000761449337e-06
0.2026929999992717 0.0048390000010840595
0.2026929999992717 1.00000761449337e-06
0.23909799999091774 0.01409300000523217
0.23909799999091774 1.00000761449337e-06
0.2497550000261981 0.01425900001777336
0.2497550000261981 1.00000761449337e-06
0.24421000000438653 0.006844000017736107
0.24421000000438653 0.0
0.24965700000757352 0.006453999987570569
0.24965700000757352 0.0
0.2474930000025779 0.006295999977737665
0.2474930000025779 0.0
0.2364839999936521 0.00567599997157231
0.2364839999936521 9.999785106629133e-07
0.23759699999936856 0.005774999997811392
0.23759699999936856 0.0
0.23631200002273545 0.0057200000155717134
0.23631200002273545 0.0
0.23563300000387244 0.005696000007446855
0.23563300000387244 0.0
0.23294300000998192 0.005670999991707504
0.23294300000998192 0.0
0.20370099999126978 0.005124000017531216
0.20370099999126978 1.00000761449337e-06
0.20813600000110455 0.004917999991448596
0.20813600000110455 1.00000761449337e-06
0.21043399997870438 0.004965000000083819
0.21043399997870438 0.0
0.21122299999115057 0.004920000006677583
0.21122299999115057 1.00000761449337e-06
0.2194149999995716 0.005147999996552244
0.2194149999995716 1.00000761449337e-06
0.2152559999958612 0.005211000010604039
0.2152559999958612 9.999785106629133e-07
0.21304800000507385 0.005090000020572916
0.21304800000507385 0.0
0.20722300000488758 0.004924999986542389
0.20722300000488758 0.0
0.2113379999937024 0.005051999993156642
0.2113379999937024 0.0
0.21395899998606183 0.005103999981656671
0.21395899998606183 0.0
0.21148299999185838 0.005145999981323257
0.21148299999185838 1.00000761449337e-06
0.218522999988636 0.005112000013468787
0.218522999988636 0.0
0.21767099999124184 0.006194000015966594
0.21767099999124184 1.00000761449337e-06
0.2741039999818895 0.006664000015007332
0.2741039999818895 9.999785106629133e-07
0.20771099999547005 0.004905999987386167
0.20771099999547005 0.0
0.2131680000165943 0.005115000007208437
0.2131680000165943 0.0
0.26835399999981746 0.006613999983528629
0.26835399999981746 9.999785106629133e-07
INFO:sc2.protocol:Client status changed to Status.ended (was Status.in_game)
INFO:sc2.protocol:Client status changed to Status.ended (was Status.in_game)
INFO:root:Result for player 2 - Bot(Race.Terran, <bots.__examples__.nc_example_v6.drop_bot.DropBot object at 0x7fdde2440f60>): Defeat
INFO:root:Result for player 1 - Bot(Race.Terran, <bots.Showing_bot.speedBot.MarinBot object at 0x7fddf1498f28>): Victory
INFO:sc2.client:Saved replay to outs/2020-01-17T11-28-03/replays/showing_bot-drop_bot/showing_bot-drop_bot-2.SC2Replay
INFO:sc2.protocol:Client status changed to Status.launched (was Status.ended)
INFO:sc2.protocol:Client status changed to Status.quit (was Status.launched)
INFO:sc2.sc2process:kill_switch: Process cleanup
INFO:sc2.sc2process:Cleaning up...
INFO:sc2.sc2process:Cleanup complete
INFO:sc2.sc2process:Cleaning up...
INFO:sc2.sc2process:Cleanup complete
INFO:sc2.protocol:Client status changed to Status.launched (was Status.ended)
INFO:sc2.protocol:Cannot receive: Connection already closed.
INFO:sc2.sc2process:kill_switch: Process cleanup
INFO:sc2.sc2process:Cleaning up...
INFO:sc2.sc2process:Cleanup complete
INFO:sc2.sc2process:Cleaning up...
INFO:sc2.sc2process:Cleanup complete


## STDERR ##

Version: B75689 (SC2.4.10)
Build: Aug 12 2019 17:16:57
Command Line: '"/home/hspark8312/StarCraftII/Versions/Base75689/SC2_x64" -listen 127.0.0.1 -port 22239 -displayMode 0 -dataDir /home/hspark8312/StarCraftII -tempDir /tmp/SC2_gygg5at7'
Starting up...
Startup Phase 1 complete
Version: B75689 (SC2.4.10)
Build: Aug 12 2019 17:16:57
Command Line: '"/home/hspark8312/StarCraftII/Versions/Base75689/SC2_x64" -listen 127.0.0.1 -port 21898 -displayMode 0 -dataDir /home/hspark8312/StarCraftII -tempDir /tmp/SC2_s5dk7l0m'
Starting up...
Startup Phase 1 complete
Startup Phase 2 complete
Creating stub renderer...
Listening on: 127.0.0.1:22239
Startup Phase 3 complete. Ready for commands.
Startup Phase 2 complete
Creating stub renderer...
ConnectHandler: Request from 127.0.0.1:58516 accepted
ReadyHandler: 127.0.0.1:58516 ready
Requesting to join a multiplayer game
Configuring interface options
Configure: raw interface enabled
Configure: feature layer interface enabled
Configure: score interface enabled
Configure: render interface disabled
Create game with map path: NCFellowship-2019_m1_v6.SC2Map
Listening on: 127.0.0.1:21898
Startup Phase 3 complete. Ready for commands.
ConnectHandler: Request from 127.0.0.1:58517 accepted
ReadyHandler: 127.0.0.1:58517 ready
Requesting to join a multiplayer game
Configuring interface options
Configure: raw interface enabled
Configure: feature layer interface enabled
Configure: score interface enabled
Configure: render interface disabled
Attempting to join a game with the map: NCFellowship-2019_m1_v6.SC2Map
Game has started.
Using default stable ids, none found at: /home/hspark8312/StarCraftII/stableid.json
Successfully loaded stable ids: GameData\stableid.json
Sending ResponseJoinGame
Game has started.
Using default stable ids, none found at: /home/hspark8312/StarCraftII/stableid.json
Successfully loaded stable ids: GameData\stableid.json
Sending ResponseJoinGame
RequestQuit command received.
Closing Application...
/home/hspark8312/anaconda3/envs/sc2/lib/python3.6/importlib/_bootstrap.py:219: RuntimeWarning: numpy.ufunc size changed, may indicate binary incompatibility. Expected 192 from C header, got 216 from PyObject
  return f(*args, **kwds)
/home/hspark8312/anaconda3/envs/sc2/lib/python3.6/importlib/_bootstrap.py:219: RuntimeWarning: numpy.ufunc size changed, may indicate binary incompatibility. Expected 192 from C header, got 216 from PyObject
  return f(*args, **kwds)
/home/hspark8312/anaconda3/envs/sc2/lib/python3.6/site-packages/tensorboard/compat/tensorflow_stub/dtypes.py:541: FutureWarning: Passing (type, 1) or '1type' as a synonym of type is deprecated; in a future version of numpy, it will be understood as (type, (1,)) / '(1,)type'.
  _np_qint8 = np.dtype([("qint8", np.int8, 1)])
/home/hspark8312/anaconda3/envs/sc2/lib/python3.6/site-packages/past/builtins/misc.py:45: DeprecationWarning: the imp module is deprecated in favour of importlib; see the module's documentation for alternative uses
  from imp import reload
/mnt/d/sc2minigame-eval-2020-01-09/bots/Showing_bot/speedBot.py:1643: RuntimeWarning: coroutine 'TerreinManager.debug' was never awaited
  self.terrein_manager.debug()
