## STDOUT ##

[[92mINFO[0m] SC2 4.9.0 용 패치 적용
패치 sc2.ids.ability_id
패치 sc2.game_state
패치 sc2.bot_ai
패치 sc2.client
패치 sc2.controller
패치 sc2.main
INFO:root:Failed to import cuda module: No module named 'caffe2.python.caffe2_pybind11_state_gpu'
INFO:root:Failed to import AMD hip module: No module named 'caffe2.python.caffe2_pybind11_state_hip'
WARNING:root:This caffe2 python run does not have GPU support. Will run in CPU only mode.
cpu
INFO:sc2.protocol:Client status changed to Status.launched (was None)
INFO:sc2_patch.sc2_patch_490.controller:Creating new game
INFO:sc2_patch.sc2_patch_490.controller:Map:     NCFellowship-2019_m1_v6
INFO:sc2_patch.sc2_patch_490.controller:Players: Bot(Race.Terran, <bots.Showing_bot.speedBot.MarinBot object at 0x7f39d7e08f28>), Bot(Race.Terran, <bots.__examples__.nc_example_v6.drop_bot.DropBot object at 0x7f39c8daff60>)
INFO:sc2.protocol:Client status changed to Status.init_game (was Status.launched)
INFO:sc2.protocol:Client status changed to Status.launched (was None)
INFO:sc2.protocol:Client status changed to Status.in_game (was None)
INFO:root:Player 2 - Bot(Race.Terran, <bots.__examples__.nc_example_v6.drop_bot.DropBot object at 0x7f39c8daff60>)
TEST: 2, <bots.__examples__.nc_example_v6.drop_bot.DropBot object at 0x7f39c8daff60>
INFO:sc2.protocol:Client status changed to Status.in_game (was None)
INFO:root:Player 1 - Bot(Race.Terran, <bots.Showing_bot.speedBot.MarinBot object at 0x7f39d7e08f28>)
TEST: 1, <bots.Showing_bot.speedBot.MarinBot object at 0x7f39d7e08f28>
load model: bots/Showing_bot/models/model-89.pt
create new model
0.044794000015826896 0.002925999986473471
0.044794000015826896 0.0
0.045445999974617735 0.002183000004151836
0.045445999974617735 9.999785106629133e-07
0.04431600001407787 0.0013829999952577055
0.04431600001407787 0.0
0.04481599997961894 0.001512999995611608
0.04481599997961894 0.0
0.045221000007586554 0.0011200000008102506
0.045221000007586554 1.00000761449337e-06
0.045049000007566065 0.0012409999908413738
0.045049000007566065 0.0
0.045018000004347414 0.0011700000031851232
0.045018000004347414 0.0
0.045228000002680346 0.0011030000168830156
0.045228000002680346 9.999785106629133e-07
0.044406000000890344 0.0010999999940395355
0.044406000000890344 0.0
0.04560099999071099 0.001213999988976866
0.04560099999071099 0.0
0.04459199999109842 0.0011300000187475234
0.04459199999109842 0.0
0.044680000020889565 0.0011159999994561076
0.044680000020889565 1.00000761449337e-06
0.04534300000523217 0.0011620000004768372
0.04534300000523217 0.0
0.044885999988764524 0.0011069999891333282
0.044885999988764524 0.0
0.044565999996848404 0.0011139999842271209
0.044565999996848404 0.0
0.044572000013431534 0.0011349999986123294
0.044572000013431534 9.999785106629133e-07
0.04482099998858757 0.00112900001113303
0.04482099998858757 0.0
0.045228000002680346 0.0013040000048931688
0.045228000002680346 0.0
0.04552099999273196 0.001201999984914437
0.04552099999273196 0.0
0.04456199999549426 0.0011719999893102795
0.04456199999549426 0.0
0.04709099998581223 0.0013920000055804849
0.04709099998581223 0.0
0.04782000000705011 0.001193000003695488
0.04782000000705011 0.0
0.04780199998640455 0.001225999993039295
0.04780199998640455 0.0
0.047519999992800876 0.0011510000040289015
0.047519999992800876 9.999785106629133e-07
0.047869999980321154 0.0011820000072475523
0.047869999980321154 0.0
0.04725400000461377 0.0011889999732375145
0.04725400000461377 1.00000761449337e-06
0.047935000009601936 0.001192000025184825
0.047935000009601936 9.999785106629133e-07
0.04770200001075864 0.0012069999938830733
0.04770200001075864 0.0
0.04870300000766292 0.0012270000006537884
0.04870300000766292 1.00000761449337e-06
0.048953000019537285 0.0027709999994840473
0.048953000019537285 0.0
0.048632999998517334 0.0014380000066012144
0.048632999998517334 0.0
0.04749699999229051 0.001404000009642914
0.04749699999229051 9.999785106629133e-07
0.04729699998279102 0.0011790000135079026
0.04729699998279102 0.0
0.047495000006165355 0.001264999998966232
0.047495000006165355 0.0
0.04746800000430085 0.0013050000125076622
0.04746800000430085 9.999785106629133e-07
0.050057999993441626 0.0013999999791849405
0.050057999993441626 0.0
0.049682000011671335 0.0012489999935496598
0.049682000011671335 0.0
0.04947499997797422 0.0012449999921955168
0.04947499997797422 0.0
0.04981999998562969 0.002961999998660758
0.04981999998562969 1.00000761449337e-06
0.05065499999909662 0.0014300000038929284
0.05065499999909662 0.0
changed strategy
0.06010999999125488 0.0012430000060703605
0.06010999999125488 0.0
0.060729999997420236 0.0017979999829549342
0.060729999997420236 9.999785106629133e-07
0.06796899999608286 0.0018909999926108867
0.06796899999608286 0.0
0.06701899998006411 0.0017450000159442425
0.06701899998006411 1.00000761449337e-06
0.06118299998342991 0.0014049999881535769
0.06118299998342991 0.0
0.06815800000913441 0.0017560000123921782
0.06815800000913441 0.0
0.06880700000328943 0.001556000002892688
0.06880700000328943 1.00000761449337e-06
0.06631500000366941 0.0018780000100377947
0.06631500000366941 1.00000761449337e-06
0.0656650000018999 0.0017600000137463212
0.0656650000018999 0.0
0.06709900000714697 0.0017689999949652702
0.06709900000714697 1.00000761449337e-06
0.07216500001959503 0.0021370000031311065
0.07216500001959503 0.0
0.061126000015065074 0.0019019999890588224
0.061126000015065074 0.0
0.05281200000899844 0.001273000001674518
0.05281200000899844 9.999785106629133e-07
0.05275699999765493 0.0012749999877996743
0.05275699999765493 0.0
0.07209999999031425 0.001863999990746379
0.07209999999031425 0.0
0.07271700000273995 0.001851000008173287
0.07271700000273995 1.00000761449337e-06
0.07033599997521378 0.0013850000104866922
0.07033599997521378 9.999785106629133e-07
0.07226399998762645 0.0013509999844245613
0.07226399998762645 0.0
0.06811699998797849 0.001967999996850267
0.06811699998797849 0.0
0.07255500002065673 0.0018360000103712082
0.07255500002065673 9.999785106629133e-07
0.05245000001741573 0.0013710000202991068
0.05245000001741573 0.0
0.052771000016946346 0.001432999997632578
0.052771000016946346 0.0
0.05325499997707084 0.0014830000000074506
0.05325499997707084 1.00000761449337e-06
0.0527730000030715 0.001352000021142885
0.0527730000030715 0.0
0.0522579999815207 0.001344999996945262
0.0522579999815207 0.0
0.0525130000023637 0.003005000005941838
0.0525130000023637 9.999785106629133e-07
0.05361000000266358 0.0014839999785181135
0.05361000000266358 1.00000761449337e-06
0.052924999996321276 0.00128599998424761
0.052924999996321276 1.00000761449337e-06
0.05256400001235306 0.0013060000201221555
0.05256400001235306 0.0
0.05255499997292645 0.0013380000018514693
0.05255499997292645 0.0
0.05541900001117028 0.001445000001695007
0.05541900001117028 1.00000761449337e-06
0.05503399998997338 0.0013930000131949782
0.05503399998997338 0.0
0.054906000004848465 0.0013840000028721988
0.054906000004848465 0.0
0.05418400000780821 0.0013630000175908208
0.05418400000780821 0.0
0.05812599998898804 0.0016929999983403832
0.05812599998898804 1.00000761449337e-06
0.059751000022515655 0.0014220000011846423
0.059751000022515655 0.0
0.05539600001065992 0.001416000013705343
0.05539600001065992 9.999785106629133e-07
0.05983300000661984 0.003416999999899417
0.05983300000661984 1.00000761449337e-06
0.06026900000870228 0.0017130000051110983
0.06026900000870228 0.0
0.05761199997505173 0.001432999997632578
0.05761199997505173 0.0
0.07287699999869801 0.0018239999772049487
0.07287699999869801 0.0
0.05814599999575876 0.0014039999805390835
0.05814599999575876 0.0
0.05447599999024533 0.001357000001007691
0.05447599999024533 9.999785106629133e-07
0.054887000005692244 0.001432000019121915
0.054887000005692244 0.0
0.068371000001207 0.0017430000007152557
0.068371000001207 0.0
0.0673440000100527 0.00205199999618344
0.0673440000100527 1.00000761449337e-06
0.06242000000202097 0.002084999985527247
0.06242000000202097 0.0
0.07175100001040846 0.0022410000092349946
0.07175100001040846 0.0
0.05223499998101033 0.0014090000186115503
0.05223499998101033 0.0
0.06951299999491312 0.0025200000090990216
0.06951299999491312 0.0
0.05308899999363348 0.001484000007621944
0.05308899999363348 0.0
0.05215699999826029 0.0015410000050906092
0.05215699999826029 0.0
0.05018900000141002 0.0014540000120177865
0.05018900000141002 0.0
0.045011999987764284 0.0014059999957680702
0.045011999987764284 1.00000761449337e-06
0.04497399998945184 0.0014190000074449927
0.04497399998945184 0.0
0.045511000003898516 0.0013880000042263418
0.045511000003898516 0.0
0.0446970000048168 0.00112900001113303
0.0446970000048168 1.00000761449337e-06
0.045012000016868114 0.001428999996278435
0.045012000016868114 1.00000761449337e-06
0.044578000000910833 0.0011539999977685511
0.044578000000910833 1.00000761449337e-06
0.04517299999133684 0.0012900000147055835
0.04517299999133684 0.0
0.047432999999728054 0.0012540000025182962
0.047432999999728054 0.0
0.047617999982321635 0.0012189999979455024
0.047617999982321635 0.0
0.04694800000288524 0.0011950000189244747
0.04694800000288524 0.0
0.04736100000445731 0.0011939999822061509
0.04736100000445731 1.00000761449337e-06
0.04782199999317527 0.0012100000167265534
0.04782199999317527 9.999785106629133e-07
0.047888999979477376 0.0012390000047162175
0.047888999979477376 1.00000761449337e-06
0.04762600001413375 0.0011989999911747873
0.04762600001413375 0.0
0.04659300000639632 0.0012809999752789736
0.04659300000639632 0.0
0.048417999991215765 0.0013399999879766256
0.048417999991215765 1.00000761449337e-06
0.04880799999227747 0.001256999996257946
0.04880799999227747 1.00000761449337e-06
0.04734799999278039 0.001336999994236976
0.04734799999278039 0.0
0.04770799999823794 0.0014390000142157078
0.04770799999823794 0.0
0.04752200000802986 0.0011819999781437218
0.04752200000802986 0.0
0.04744500000379048 0.0011980000126641244
0.04744500000379048 0.0
0.04743199999211356 0.0012320000096224248
0.04743199999211356 1.00000761449337e-06
0.0495799999916926 0.0011839999933727086
0.0495799999916926 0.0
0.051700000010896474 0.001273999980185181
0.051700000010896474 0.0
0.04852400001254864 0.0012109999952372164
0.04852400001254864 1.00000761449337e-06
0.05886999997892417 0.0012370000185910612
0.05886999997892417 0.0
0.06307299999753013 0.0017290000105276704
0.06307299999753013 0.0
0.0498410000000149 0.0013509999844245613
0.0498410000000149 0.0
0.05040000000735745 0.001256000017747283
0.05040000000735745 1.00000761449337e-06
0.04944899998372421 0.0012229999992996454
0.04944899998372421 0.0
0.05066499998793006 0.0012239999778103083
0.05066499998793006 1.00000761449337e-06
0.049956000002566725 0.0012519999872893095
0.049956000002566725 1.00000761449337e-06
0.04958200000692159 0.0012120000028517097
0.04958200000692159 0.0
0.04945099999895319 0.0012260000221431255
0.04945099999895319 9.999785106629133e-07
0.049595999997109175 0.0012280000082682818
0.049595999997109175 0.0
0.05024099998991005 0.0012740000092890114
0.05024099998991005 0.0
0.05000099999597296 0.0013020000187680125
0.05000099999597296 0.0
0.049878999998327345 0.0012519999872893095
0.049878999998327345 0.0
0.050559000024804845 0.001320000010309741
0.050559000024804845 1.00000761449337e-06
0.050537000002805144 0.0012080000014975667
0.050537000002805144 9.999785106629133e-07
0.049789999990025535 0.0012550000101327896
0.049789999990025535 0.0
0.04996299999766052 0.0012310000020079315
0.04996299999766052 0.0
0.052002000011270866 0.001424999994924292
0.052002000011270866 0.0
0.05275299999630079 0.0013519999920390546
0.05275299999630079 0.0
0.053515000006882474 0.00128599998424761
0.053515000006882474 0.0
0.05226999998558313 0.0013210000179242343
0.05226999998558313 1.00000761449337e-06
0.05284899999969639 0.0013139999937266111
0.05284899999969639 0.0
0.052254000009270385 0.0012759999954141676
0.052254000009270385 1.00000761449337e-06
0.053408000007038936 0.0012909999932162464
0.053408000007038936 0.0
0.05263500000000931 0.001260999997612089
0.05263500000000931 0.0
0.05283499998040497 0.0012879999994765967
0.05283499998040497 0.0
0.052905999997165054 0.0013270000054035336
0.052905999997165054 0.0
0.052312999992864206 0.0012970000097993761
0.052312999992864206 0.0
0.07020200000260957 0.0018260000215377659
0.07020200000260957 0.0
0.07118499997886829 0.0020200000144541264
0.07118499997886829 0.0
0.0725279999896884 0.001871000014944002
0.0725279999896884 1.00000761449337e-06
0.07119799999054521 0.0019059999904129654
0.07119799999054521 1.00000761449337e-06
0.05541500000981614 0.001524999999674037
0.05541500000981614 0.0
0.06830500002251938 0.0018580000032670796
0.06830500002251938 0.0
0.07182299997657537 0.001951999991433695
0.07182299997657537 0.0
0.07499300001654774 0.0018890000064857304
0.07499300001654774 0.0
0.0749379999761004 0.0018060000147670507
0.0749379999761004 9.999785106629133e-07
0.05481600001803599 0.00136900000507012
0.05481600001803599 1.00000761449337e-06
0.07229400001233444 0.0018310000014025718
0.07229400001233444 0.0
0.05762599999434315 0.00149200001033023
0.05762599999434315 1.00000761449337e-06
0.06008199998177588 0.0015890000213403255
0.06008199998177588 1.00000761449337e-06
0.0594769999734126 0.0014650000084657222
0.0594769999734126 0.0
0.0761919999786187 0.0018620000046212226
0.0761919999786187 0.0
0.07337500000721775 0.0015620000194758177
0.07337500000721775 0.0
0.07920600002398714 0.002330000017536804
0.07920600002398714 9.999785106629133e-07
0.07980199999292381 0.0023210000072140247
0.07980199999292381 0.0
0.062243000022135675 0.0020210000220686197
0.062243000022135675 0.0
0.05832800001371652 0.0015500000154133886
0.05832800001371652 9.999785106629133e-07
0.070609999995213 0.002367000008234754
0.070609999995213 0.0
0.0754190000006929 0.002326999994693324
0.0754190000006929 0.0
0.07438200002070516 0.002210000006016344
0.07438200002070516 1.00000761449337e-06
0.07162200001766905 0.0024889999767765403
0.07162200001766905 0.0
0.07693100001779385 0.0022120000212453306
0.07693100001779385 0.0
0.0735139999887906 0.0021909999777562916
0.0735139999887906 0.0
0.07718000002205372 0.002430000022286549
0.07718000002205372 0.0
0.05727999997907318 0.001951999991433695
0.05727999997907318 0.0
0.08618100002058782 0.005075000022770837
0.08618100002058782 0.0
0.06973899999866262 0.00406400000792928
0.06973899999866262 0.0
0.09232399999746121 0.0053530000150203705
0.09232399999746121 0.0
0.09323599998606369 0.0043249999871477485
0.09323599998606369 0.0
0.10004999997909181 0.0056690000055823475
0.10004999997909181 0.0
0.09967900000629015 0.004340000014053658
0.09967900000629015 0.0
0.08721999998670071 0.002207999990787357
0.08721999998670071 1.00000761449337e-06
0.09038500001770444 0.002457000024151057
0.09038500001770444 0.0
0.08775700000114739 0.002398000011453405
0.08775700000114739 0.0
0.08808099999441765 0.0024449999909847975
0.08808099999441765 0.0
0.08812800000305288 0.0022569999855477363
0.08812800000305288 9.999785106629133e-07
0.07235000000218861 0.001816000003600493
0.07235000000218861 9.999785106629133e-07
0.06761500000720844 0.001803999999538064
0.06761500000720844 0.0
0.06781300000147894 0.0018489999929443002
0.06781300000147894 0.0
0.06754300001193769 0.0022849999950267375
0.06754300001193769 9.999785106629133e-07
0.06820100001641549 0.0017729999963194132
0.06820100001641549 1.00000761449337e-06
0.06496600000537 0.0017090000037569553
0.06496600000537 0.0
0.06476000000839122 0.0017419999931007624
0.06476000000839122 0.0
0.08691900002304465 0.0030490000208374113
0.08691900002304465 0.0
0.08110499999020249 0.002135999995516613
0.08110499999020249 9.999785106629133e-07
0.08180099999299273 0.0020309999817982316
0.08180099999299273 0.0
0.08138200000394136 0.002259000000776723
0.08138200000394136 0.0
0.08692899998277426 0.0022400000016205013
0.08692899998277426 1.00000761449337e-06
0.08778800000436604 0.002302000008057803
0.08778800000436604 0.0
0.08113800000865012 0.0023840000212658197
0.08113800000865012 0.0
0.08688799999072216 0.0023930000024847686
0.08688799999072216 0.0
0.09007999999448657 0.0024569999950472265
0.09007999999448657 0.0
0.06791199999861419 0.0017460000235587358
0.06791199999861419 0.0
0.09000399999786168 0.0025809999788179994
0.09000399999786168 0.0
0.08901300001889467 0.0023019999789539725
0.08901300001889467 1.00000761449337e-06
0.08934999999473803 0.0023280000023078173
0.08934999999473803 0.0
0.08973700000206009 0.0020610000065062195
0.08973700000206009 1.00000761449337e-06
0.06925000000046566 0.0017769999976735562
0.06925000000046566 1.00000761449337e-06
0.06798500000149943 0.001779000012902543
0.06798500000149943 0.0
0.0922359999967739 0.0024249999842140824
0.0922359999967739 0.0
0.09526100000948645 0.002638999983901158
0.09526100000948645 0.0
0.07690899999579415 0.00221800000872463
0.07690899999579415 9.999785106629133e-07
0.07274699999834411 0.0018240000063087791
0.07274699999834411 0.0
0.07467000000178814 0.0019539999775588512
0.07467000000178814 0.0
0.07517500000540167 0.0019210000173188746
0.07517500000540167 9.999785106629133e-07
0.0760430000082124 0.0019299999985378236
0.0760430000082124 0.0
0.10058699999353848 0.0025749999913387
0.10058699999353848 0.0
0.08851900001172908 0.0025519999908283353
0.08851900001172908 0.0
0.10797399998409674 0.006053999997675419
0.10797399998409674 1.00000761449337e-06
0.10438299999805167 0.0030650000262539834
0.10438299999805167 0.0
0.10495900001842529 0.0026329999964218587
0.10495900001842529 1.00000761449337e-06
0.10342299999319948 0.0025880000030156225
0.10342299999319948 0.0
0.09585900002275594 0.0024610000255052
0.09585900002275594 0.0
0.0916350000188686 0.0022720000124536455
0.0916350000188686 0.0
0.09021300001768395 0.0024870000197552145
0.09021300001768395 0.0
0.08904900000197813 0.0025619999796617776
0.08904900000197813 0.0
0.0891789999732282 0.0024810000031720847
0.0891789999732282 1.00000761449337e-06
0.06667699999525212 0.00173200000426732
0.06667699999525212 9.999785106629133e-07
0.06456500000786036 0.0016349999932572246
0.06456500000786036 1.00000761449337e-06
0.0626029999984894 0.001588999992236495
0.0626029999984894 0.0
0.06206599998404272 0.0016140000079758465
0.06206599998404272 0.0
0.06288899999344721 0.0017069999885279685
0.06288899999344721 0.0
0.062556000018958 0.0019040000042878091
0.062556000018958 0.0
0.0589380000019446 0.001832999987527728
0.0589380000019446 1.00000761449337e-06
0.05943899997510016 0.0015650000132154673
0.05943899997510016 1.00000761449337e-06
0.0597319999942556 0.0022949999838601798
0.0597319999942556 0.0
0.061562999995658174 0.0019409999949857593
0.061562999995658174 0.0
0.06019899999955669 0.0019650000031106174
0.06019899999955669 1.00000761449337e-06
0.057701999990968034 0.003651999984867871
0.057701999990968034 1.00000761449337e-06
0.057779000024311244 0.0016030000115279108
0.057779000024311244 9.999785106629133e-07
0.056893000000854954 0.0017419999931007624
0.056893000000854954 0.0
0.07514100000844337 0.0026559999969322234
0.07514100000844337 0.0
0.05822899998747744 0.0014749999972991645
0.05822899998747744 9.999785106629133e-07
0.058003999991342425 0.0016739999991841614
0.058003999991342425 0.0
0.05780300000333227 0.0014889999874867499
0.05780300000333227 1.00000761449337e-06
0.05710400000680238 0.001416000013705343
0.05710400000680238 0.0
0.057192000007489696 0.0014529999752994627
0.057192000007489696 0.0
0.05783700000029057 0.0014389999851118773
0.05783700000029057 0.0
0.05703900000662543 0.0017769999976735562
0.05703900000662543 1.00000761449337e-06
0.05715000000782311 0.001436999998986721
0.05715000000782311 1.00000761449337e-06
0.05787600000621751 0.001492999988840893
0.05787600000621751 0.0
0.06967600001371466 0.002193000022089109
0.06967600001371466 0.0
0.067179000005126 0.0016969999996945262
0.067179000005126 1.00000761449337e-06
0.06733099999837577 0.00165200000628829
0.06733099999837577 0.0
0.06794400000944734 0.0017459999944549054
0.06794400000944734 0.0
0.07069300001603551 0.0018640000198502094
0.07069300001603551 1.00000761449337e-06
0.06910799999604933 0.0018029999919235706
0.06910799999604933 1.00000761449337e-06
0.06900000001769513 0.0016770000220276415
0.06900000001769513 0.0
0.06901799998013303 0.0017780000052880496
0.06901799998013303 0.0
0.07035600001108833 0.0017539999971631914
0.07035600001108833 1.00000761449337e-06
0.07006800000090152 0.0017649999936111271
0.07006800000090152 0.0
0.07275699998717755 0.0019059999904129654
0.07275699998717755 9.999785106629133e-07
0.07305800000904128 0.0018459999992046505
0.07305800000904128 1.00000761449337e-06
0.0723240000079386 0.001799999998183921
0.0723240000079386 0.0
0.07192400001804344 0.0017740000039339066
0.07192400001804344 1.00000761449337e-06
0.07238699999288656 0.0017979999829549342
0.07238699999288656 1.00000761449337e-06
0.0727150000166148 0.0018180000188294798
0.0727150000166148 1.00000761449337e-06
0.07341400001314469 0.0018740000086836517
0.07341400001314469 1.00000761449337e-06
0.07280399999581277 0.0018310000014025718
0.07280399999581277 1.00000761449337e-06
0.0715069999860134 0.0017840000218711793
0.0715069999860134 0.0
0.09558799999649636 0.0020819999917875975
0.09558799999649636 9.999785106629133e-07
0.07443000000785105 0.00196899997536093
0.07443000000785105 1.00000761449337e-06
0.07227199999033473 0.0017740000039339066
0.07227199999033473 0.0
0.07019300002139062 0.0017680000164546072
0.07019300002139062 0.0
0.06981799998902716 0.0017339999903924763
0.06981799998902716 1.00000761449337e-06
0.06718099999125116 0.0017309999966528267
0.06718099999125116 0.0
0.06970500000170432 0.00173200000426732
0.06970500000170432 0.0
0.08452900001429953 0.0024630000116303563
0.08452900001429953 1.00000761449337e-06
0.09251000001677312 0.0025520000199321657
0.09251000001677312 1.00000761449337e-06
0.0884749999968335 0.002441999997245148
0.0884749999968335 0.0
0.07013899998855777 0.001787999994121492
0.07013899998855777 0.0
0.07381299999542534 0.0023899999796412885
0.07381299999542534 9.999785106629133e-07
0.07243499998003244 0.001914000022225082
0.07243499998003244 1.00000761449337e-06
0.0729120000032708 0.0017700000025797635
0.0729120000032708 0.0
0.09382799998275004 0.002143999998224899
0.09382799998275004 0.0
0.09642499999608845 0.002462000004015863
0.09642499999608845 0.0
0.10037499997997656 0.0026390000130049884
0.10037499997997656 1.00000761449337e-06
0.09992599999532104 0.002662999992026016
0.09992599999532104 0.0
0.07494600000791252 0.0019000000029336661
0.07494600000791252 0.0
0.10078400000929832 0.0025849999801721424
0.10078400000929832 1.00000761449337e-06
0.09721100001479499 0.002521000016713515
0.09721100001479499 0.0
0.09885599999688566 0.002812000020639971
0.09885599999688566 0.0
0.09501600000658073 0.002326999994693324
0.09501600000658073 0.0
0.07684599998174235 0.0019230000034440309
0.07684599998174235 0.0
0.09431600000243634 0.0023489999875891954
0.09431600000243634 1.00000761449337e-06
0.0999149999988731 0.0025849999801721424
0.0999149999988731 1.00000761449337e-06
0.09774999998626299 0.0024529999936930835
0.09774999998626299 0.0
0.07322200000635348 0.0018459999992046505
0.07322200000635348 0.0
0.09120600001187995 0.002506999997422099
0.09120600001187995 0.0
0.09157700001378544 0.002841999987140298
0.09157700001378544 0.0
0.087878999998793 0.00258100000792183
0.087878999998793 9.999785106629133e-07
0.07636199999251403 0.0020129999902565032
0.07636199999251403 0.0
0.08884800001396798 0.0019389999797567725
0.08884800001396798 9.999785106629133e-07
0.09191300001111813 0.002363999985391274
0.09191300001111813 0.0
0.08304500000667758 0.0023699999728705734
0.08304500000667758 0.0
0.08308800001395866 0.002238000015495345
0.08308800001395866 0.0
0.08178099998622201 0.0023320000036619604
0.08178099998622201 0.0
0.08136000001104549 0.002143999998224899
0.08136000001104549 1.00000761449337e-06
0.07572399999480695 0.0019059999904129654
0.07572399999480695 0.0
0.07715000002644956 0.0019420000026002526
0.07715000002644956 9.999785106629133e-07
0.07876599999144673 0.0021109999797772616
0.07876599999144673 0.0
0.07923400000436231 0.002035000012256205
0.07923400000436231 0.0
0.0770360000024084 0.0020800000056624413
0.0770360000024084 1.00000761449337e-06
0.07796299998881295 0.0020699999877251685
0.07796299998881295 0.0
0.07800200002384372 0.0020650000078603625
0.07800200002384372 0.0
0.07757100000162609 0.001980999979423359
0.07757100000162609 0.0
0.07761999999638647 0.002079999976558611
0.07761999999638647 0.0
0.07773499999893829 0.0020499999809544533
0.07773499999893829 0.0
0.08007600001292303 0.0021120000164955854
0.08007600001292303 0.0
0.0802620000031311 0.002031999989412725
0.0802620000031311 0.0
0.10375700000440702 0.002074999996693805
0.10375700000440702 0.0
0.10939999998663552 0.0029150000191293657
0.10939999998663552 0.0
0.0826670000096783 0.0020129999902565032
0.0826670000096783 0.0
0.10308899998199195 0.002449000021442771
0.10308899998199195 1.00000761449337e-06
0.09179000000585802 0.0028849999944213778
0.09179000000585802 0.0
0.09866700001293793 0.0027580000169109553
0.09866700001293793 0.0
0.11270900000818074 0.0029609999910462648
0.11270900000818074 0.0
0.10237800001050346 0.002398000011453405
0.10237800001050346 1.00000761449337e-06
0.08837099999072962 0.002150999993318692
0.08837099999072962 9.999785106629133e-07
0.07950399999390356 0.0020760000043082982
0.07950399999390356 0.0
0.07798299999558367 0.0020650000078603625
0.07798299999558367 1.00000761449337e-06
0.07725299999583513 0.0019019999890588224
0.07725299999583513 0.0
0.08543999999528751 0.0020300000032875687
0.08543999999528751 0.0
0.09007500001462176 0.002568000025348738
0.09007500001462176 1.00000761449337e-06
0.08232300000963733 0.0026689999795053154
0.08232300000963733 0.0
0.09928300001774915 0.002925000007962808
0.09928300001774915 0.0
0.10092200001236051 0.001990000018849969
0.10092200001236051 0.0
0.09945799998240545 0.0027110000082757324
0.09945799998240545 0.0
0.10116099999868311 0.002638000005390495
0.10116099999868311 1.00000761449337e-06
0.09960400001727976 0.0024299999931827188
0.09960400001727976 0.0
0.09727000002749264 0.002533999999286607
0.09727000002749264 0.0
0.09577899999567308 0.002705999999307096
0.09577899999567308 0.0
0.1017639999918174 0.002650999987963587
0.1017639999918174 1.00000761449337e-06
0.10048100000130944 0.002593999990494922
0.10048100000130944 0.0
0.1004980000143405 0.002247999975224957
0.1004980000143405 0.0
0.09877700000652112 0.0026120000111404806
0.09877700000652112 0.0
0.09752000001026317 0.0025800000003073364
0.09752000001026317 0.0
0.10082799999509007 0.0025719999975990504
0.10082799999509007 0.0
0.10550999999395572 0.002782999974442646
0.10550999999395572 1.00000761449337e-06
0.10421400002087466 0.00265800001216121
0.10421400002087466 0.0
0.07790000000386499 0.0018680000212043524
0.07790000000386499 0.0
0.07925899999099784 0.0020099999965168536
0.07925899999099784 0.0
0.07894899998791516 0.0019829999946523458
0.07894899998791516 0.0
0.07938699997612275 0.0021470000210683793
0.07938699997612275 0.0
0.08027099998435006 0.0020539999823085964
0.08027099998435006 0.0
0.09505999999237247 0.0025010000099428
0.09505999999237247 0.0
0.10243699999409728 0.002634999982547015
0.10243699999409728 0.0
0.10404799997922964 0.0026590000197757035
0.10404799997922964 0.0
0.10319599998183548 0.0023760000185575336
0.10319599998183548 1.00000761449337e-06
0.10034400000586174 0.002781999995931983
0.10034400000586174 1.00000761449337e-06
0.10444699999061413 0.002861999993911013
0.10444699999061413 9.999785106629133e-07
0.07965500000864267 0.002394999988609925
0.07965500000864267 0.0
0.08219700001063757 0.002059999998891726
0.08219700001063757 0.0
0.08479699998861179 0.002450999978464097
0.08479699998861179 1.00000761449337e-06
0.08400400000391528 0.0020929999882355332
0.08400400000391528 1.00000761449337e-06
0.07973200001288205 0.00200899998890236
0.07973200001288205 0.0
0.07999300002120435 0.002035000012256205
0.07999300002120435 0.0
0.07897900001262315 0.0020209999929647893
0.07897900001262315 0.0
0.07914799998980016 0.002226999989943579
0.07914799998980016 0.0
0.08465800000703894 0.0024160000029951334
0.08465800000703894 1.00000761449337e-06
0.07734099999652244 0.0019239999819546938
0.07734099999652244 0.0
0.07763600000180304 0.0019429999811109155
0.07763600000180304 0.0
0.07822399999713525 0.0019540000066626817
0.07822399999713525 0.0
0.09926099999574944 0.002550000004703179
0.09926099999574944 1.00000761449337e-06
0.07532500001252629 0.0018649999983608723
0.07532500001252629 1.00000761449337e-06
0.07422300000325777 0.0018170000112149864
0.07422300000325777 1.00000761449337e-06
0.10295699999551289 0.0026120000111404806
0.10295699999551289 1.00000761449337e-06
0.09813599998597056 0.0026279999874532223
0.09813599998597056 0.0
0.09849999999278225 0.002626000001328066
0.09849999999278225 0.0
0.1027730000205338 0.0027249999984633178
0.1027730000205338 0.0
0.10222100000828505 0.0025610000011511147
0.10222100000828505 0.0
0.07748700000229292 0.0018390000041108578
0.07748700000229292 0.0
0.07739399999263696 0.0018599999893922359
0.07739399999263696 0.0
0.09417599998414516 0.0026070000021718442
0.09417599998414516 9.999785106629133e-07
0.10329199998523109 0.002598999999463558
0.10329199998523109 0.0
0.09884399999282323 0.0025840000016614795
0.09884399999282323 1.00000761449337e-06
0.08175899999332614 0.001975999999558553
0.08175899999332614 1.00000761449337e-06
0.10370199999306351 0.0026319999888073653
0.10370199999306351 9.999785106629133e-07
0.07957199998782016 0.0019179999944753945
0.07957199998782016 1.00000761449337e-06
0.10693199999514036 0.0025880000030156225
0.10693199999514036 0.0
0.10655699999188073 0.0027419999823905528
0.10655699999188073 1.00000761449337e-06
0.08214399998541921 0.0021140000026207417
0.08214399998541921 0.0
0.08249000000068918 0.002027000009547919
0.08249000000068918 1.00000761449337e-06
0.08370499999728054 0.002214000007370487
0.08370499999728054 0.0
0.08524800001760013 0.0020840000070165843
0.08524800001760013 1.00000761449337e-06
0.08505200000945479 0.0020659999863710254
0.08505200000945479 0.0
0.0850780000037048 0.002126000006683171
0.0850780000037048 0.0
0.08537199997226708 0.002068000001600012
0.08537199997226708 0.0
0.08434400000260212 0.0020699999877251685
0.08434400000260212 0.0
0.08412200000020675 0.0020610000065062195
0.08412200000020675 0.0
0.08487599997897632 0.0020610000065062195
0.08487599997897632 0.0
0.11111300002085045 0.002933000010671094
0.11111300002085045 0.0
0.08546000000205822 0.002673000009963289
0.08546000000205822 9.999785106629133e-07
0.10979799999040551 0.002837000007275492
0.10979799999040551 0.0
0.08423599999514408 0.002303999994182959
0.08423599999514408 0.0
0.09449499999755062 0.0024050000065471977
0.09449499999755062 1.00000761449337e-06
0.08724500000244007 0.0023050000017974526
0.08724500000244007 1.00000761449337e-06
0.09127899998566136 0.0022000000171829015
0.09127899998566136 0.0
0.08645100001012906 0.002162999997381121
0.08645100001012906 0.0
0.09218999999575317 0.005711999983759597
0.09218999999575317 1.00000761449337e-06
0.1181990000186488 0.0031500000040978193
0.1181990000186488 9.999785106629133e-07
0.09502900001825765 0.0024930000072345138
0.09502900001825765 0.0
0.0940450000052806 0.0025129999849013984
0.0940450000052806 0.0
0.09504499999457039 0.0024080000002868474
0.09504499999457039 0.0
0.09422100000665523 0.0024039999989327043
0.09422100000665523 1.00000761449337e-06
0.09358200000133365 0.0024689999991096556
0.09358200000133365 9.999785106629133e-07
0.12491899999440648 0.003089000005275011
0.12491899999440648 0.0
0.11861900001531467 0.0030310000001918525
0.11861900001531467 0.0
0.1190389999828767 0.0029919999942649156
0.1190389999828767 9.999785106629133e-07
0.09326399999554269 0.002286000002641231
0.09326399999554269 0.0
0.12281100000836886 0.0031319999834522605
0.12281100000836886 0.0
0.09589799999957904 0.002355000004172325
0.09589799999957904 1.00000761449337e-06
0.12494599999627098 0.00318400000105612
0.12494599999627098 0.0
0.12103200002457015 0.0032390000123996288
0.12103200002457015 1.00000761449337e-06
0.11863799998536706 0.0032460000074934214
0.11863799998536706 0.0
0.11396300001069903 0.0029429999995045364
0.11396300001069903 0.0
0.11903900001198053 0.0029020000074524432
0.11903900001198053 0.0
0.09386399999493733 0.0022619999945163727
0.09386399999493733 0.0
0.08973400000832044 0.0022219999809749424
0.08973400000832044 0.0
0.11868099999264814 0.0027669999981299043
0.11868099999264814 9.999785106629133e-07
0.11584700000821613 0.0029349999967962503
0.11584700000821613 0.0
0.11767300000065006 0.003011000022524968
0.11767300000065006 0.0
0.12091399999917485 0.0031999999773688614
0.12091399999917485 1.00000761449337e-06
0.11885699999402277 0.0030789999873377383
0.11885699999402277 0.0
0.1198560000048019 0.0032479999936185777
0.1198560000048019 9.999785106629133e-07
0.11983499999041669 0.0031069999968167394
0.11983499999041669 9.999785106629133e-07
0.1189650000014808 0.0033750000002328306
0.1189650000014808 0.0
0.11262900001020171 0.003152000019326806
0.11262900001020171 0.0
0.11926200002199039 0.002398000011453405
0.11926200002199039 9.999785106629133e-07
0.11673400001018308 0.003142999979900196
0.11673400001018308 9.999785106629133e-07
0.1259520000021439 0.0030709999846294522
0.1259520000021439 0.0
0.11934600002132356 0.002957000018795952
0.11934600002132356 0.0
0.12126200000056997 0.0029609999910462648
0.12126200000056997 0.0
0.1281380000000354 0.0032050000154413283
0.1281380000000354 0.0
0.12387199999648146 0.003165000001899898
0.12387199999648146 1.00000761449337e-06
0.11833800000022165 0.002363999985391274
0.11833800000022165 0.0
0.12566900000092573 0.002346000022953376
0.12566900000092573 1.00000761449337e-06
0.12521399999968708 0.0033530000073369592
0.12521399999968708 9.999785106629133e-07
0.12154799999552779 0.0024489999923389405
0.12154799999552779 1.00000761449337e-06
0.09576500000548549 0.0024839999969117343
0.09576500000548549 0.0
0.12615600001299754 0.003124999988358468
0.12615600001299754 0.0
0.10139300001901574 0.0027120000158902258
0.10139300001901574 0.0
0.10205800001858734 0.0025529999984428287
0.10205800001858734 0.0
0.10136400000192225 0.0023879999935161322
0.10136400000192225 9.999785106629133e-07
0.0992850000038743 0.002347999979974702
0.0992850000038743 1.00000761449337e-06
0.11399700000765733 0.0031169999856501818
0.11399700000765733 1.00000761449337e-06
0.1256580000044778 0.003037999995285645
0.1256580000044778 0.0
0.1252929999900516 0.003142999979900196
0.1252929999900516 1.00000761449337e-06
0.12307500001043081 0.0032199999841395766
0.12307500001043081 0.0
0.12860599998384714 0.003081000002566725
0.12860599998384714 1.00000761449337e-06
0.12934099999256432 0.0032429999846499413
0.12934099999256432 0.0
0.12905899999896064 0.0032269999792333692
0.12905899999896064 1.00000761449337e-06
0.12534900000900961 0.0030949999927543104
0.12534900000900961 0.0
0.13062900002114475 0.0033019999973475933
0.13062900002114475 0.0
0.13146299999789335 0.0025470000109635293
0.13146299999789335 1.00000761449337e-06
0.12356599999475293 0.003607999999076128
0.12356599999475293 1.00000761449337e-06
0.13003599998774007 0.0031399999861605465
0.13003599998774007 0.0
0.11388500002794899 0.0025200000090990216
0.11388500002794899 1.00000761449337e-06
0.12867199999163859 0.00338400001055561
0.12867199999163859 0.0
0.13216199999442324 0.0033839999814517796
0.13216199999442324 0.0
0.12556000001495704 0.0033309999853372574
0.12556000001495704 9.999785106629133e-07
0.1400310000171885 0.003687000018544495
0.1400310000171885 0.0
0.14057399999001063 0.003416999999899417
0.14057399999001063 0.0
0.13279699999839067 0.0032959999807644635
0.13279699999839067 0.0
0.1372620000038296 0.0035339999885763973
0.1372620000038296 0.0
0.13415700002224185 0.0035260000149719417
0.13415700002224185 1.00000761449337e-06
0.1405549999908544 0.003571000008378178
0.1405549999908544 1.00000761449337e-06
0.13129799999296665 0.0035290000087115914
0.13129799999296665 1.00000761449337e-06
0.13886300000012852 0.0035149999894201756
0.13886300000012852 0.0
0.13960599998245016 0.003431999997701496
0.13960599998245016 9.999785106629133e-07
0.14075099999899976 0.0033980000007431954
0.14075099999899976 0.0
0.13995700000668876 0.00334100000327453
0.13995700000668876 1.00000761449337e-06
0.13342499997816049 0.0037529999972321093
0.13342499997816049 0.0
0.12920199998188764 0.003399000008357689
0.12920199998188764 1.00000761449337e-06
0.13917100001708604 0.0034479999740142375
0.13917100001708604 1.00000761449337e-06
0.13606499999877997 0.0034039999882224947
0.13606499999877997 0.0
0.14154599999892525 0.003511000017169863
0.14154599999892525 1.00000761449337e-06
0.12883899998269044 0.003480999992461875
0.12883899998269044 0.0
0.14317100000334904 0.003448000003118068
0.14317100000334904 0.0
0.13779800001066178 0.003587999992305413
0.13779800001066178 0.0
0.14046600001165643 0.0032749999954830855
0.14046600001165643 1.00000761449337e-06
0.14333400002215058 0.003472000011242926
0.14333400002215058 1.00000761449337e-06
0.13961600000038743 0.0034349999914411455
0.13961600000038743 0.0
0.12741499999538064 0.002806000004056841
0.12741499999538064 9.999785106629133e-07
0.13651400001253933 0.0034519999753683805
0.13651400001253933 0.0
0.13229700000374578 0.003361999988555908
0.13229700000374578 0.0
0.13470900000538677 0.003253000002587214
0.13470900000538677 0.0
0.13238699999055825 0.003236999997170642
0.13238699999055825 9.999785106629133e-07
0.13667500001611188 0.0034100000048056245
0.13667500001611188 0.0
0.12607800000114366 0.003355000022565946
0.12607800000114366 0.0
0.11869699999806471 0.0033019999973475933
0.11869699999806471 0.0
0.13816400000359863 0.003437999985180795
0.13816400000359863 9.999785106629133e-07
0.13518300000578165 0.0035389999975450337
0.13518300000578165 0.0
0.13766799998120405 0.003412999998545274
0.13766799998120405 0.0
0.1395290000073146 0.0033279999915976077
0.1395290000073146 0.0
0.13045699999202043 0.0032869999995455146
0.13045699999202043 0.0
0.1347589999786578 0.003372000006493181
0.1347589999786578 1.00000761449337e-06
0.1237869999895338 0.0034909999812953174
0.1237869999895338 0.0
0.10319399999571033 0.002410999994026497
0.10319399999571033 1.00000761449337e-06
0.1273759999894537 0.0035090000019408762
0.1273759999894537 0.0
0.1349649999756366 0.0033420000108890235
0.1349649999756366 0.0
0.10467900001094677 0.0024919999996200204
0.10467900001094677 0.0
0.12816799999563955 0.002586999995401129
0.12816799999563955 0.0
0.13088399998378009 0.0035849999985657632
0.13088399998378009 1.00000761449337e-06
0.12257500001578592 0.0035659999994095415
0.12257500001578592 0.0
0.13721699998131953 0.003472999989753589
0.13721699998131953 9.999785106629133e-07
0.1283370000019204 0.003400999994482845
0.1283370000019204 1.00000761449337e-06
0.13203999999677762 0.0033119999861810356
0.13203999999677762 0.0
0.1357129999960307 0.0033810000168159604
0.1357129999960307 0.0
0.13002899999264628 0.0033540000149514526
0.13002899999264628 1.00000761449337e-06
0.10199499997543171 0.002506999997422099
0.10199499997543171 0.0
0.1255959999980405 0.0033069999772123992
0.1255959999980405 0.0
0.1379869999946095 0.0033950000070035458
0.1379869999946095 1.00000761449337e-06
0.13696899998467416 0.003515000018524006
0.13696899998467416 1.00000761449337e-06
0.13216799998190254 0.0034220000088680536
0.13216799998190254 0.0
0.1379400000150781 0.003564000013284385
0.1379400000150781 0.0
0.1430289999989327 0.0035659999994095415
0.1430289999989327 1.00000761449337e-06
0.1463369999837596 0.003767000016523525
0.1463369999837596 1.00000761449337e-06
0.14515799999935552 0.003640000009909272
0.14515799999935552 0.0
0.15044000002671964 0.008207000006223097
0.15044000002671964 0.0
0.14621899998746812 0.0038920000079087913
0.14621899998746812 1.00000761449337e-06
0.14908299999660812 0.0037669999874196947
0.14908299999660812 0.0
0.1514339999994263 0.004043000022647902
0.1514339999994263 0.0
0.14201999999932013 0.003640000009909272
0.14201999999932013 0.0
0.14415599999483675 0.0037050000100862235
0.14415599999483675 1.00000761449337e-06
0.14921800000593066 0.003640999988419935
0.14921800000593066 0.0
0.15188600000692531 0.003810000023804605
0.15188600000692531 1.00000761449337e-06
0.141475000011269 0.003360000002430752
0.141475000011269 0.0
0.15112000002409332 0.004048000002512708
0.15112000002409332 1.00000761449337e-06
0.14775299999746494 0.0037829999928362668
0.14775299999746494 0.0
0.11423900001682341 0.002882000000681728
0.11423900001682341 0.0
0.11480700000538491 0.0029159999976400286
0.11480700000538491 0.0
0.11705000000074506 0.0028159999928902835
0.11705000000074506 1.00000761449337e-06
0.11527399998158216 0.0028440000023692846
0.11527399998158216 0.0
0.11547999997856095 0.002884000015910715
0.11547999997856095 0.0
0.11523799999849871 0.0028959999908693135
0.11523799999849871 9.999785106629133e-07
0.11798200002522208 0.004259000008460134
0.11798200002522208 9.999785106629133e-07
0.11315799999283627 0.002720000018598512
0.11315799999283627 1.00000761449337e-06
0.11113000000477768 0.002750999992713332
0.11113000000477768 1.00000761449337e-06
0.10946099998545833 0.002677000011317432
0.10946099998545833 1.00000761449337e-06
0.11036599997896701 0.002685000014025718
0.11036599997896701 0.0
0.1152789999905508 0.0028529999835882336
0.1152789999905508 0.0
0.1148420000099577 0.002798000001348555
0.1148420000099577 0.0
0.12261799999396317 0.006973999988986179
0.12261799999396317 0.0
0.13133799997740425 0.0072290000098291785
0.13133799997740425 0.0
0.13780699999188073 0.007825000007869676
0.13780699999188073 1.00000761449337e-06
0.14018099999520928 0.008017999993171543
0.14018099999520928 9.999785106629133e-07
0.15333699999609962 0.00869099999545142
0.15333699999609962 0.0
0.1514819999865722 0.0046359999978449196
0.1514819999865722 0.0
0.15790299998479895 0.00898300000699237
0.15790299998479895 1.00000761449337e-06
0.15939200000138953 0.009381999989273027
0.15939200000138953 1.00000761449337e-06
0.17724599997745827 0.0047919999924488366
0.17724599997745827 1.00000761449337e-06
0.15008599997963756 0.003735999984201044
0.15008599997963756 0.0
0.1441800000029616 0.0035639999841805547
0.1441800000029616 9.999785106629133e-07
0.13354999999864958 0.0033659999899100512
0.13354999999864958 9.999785106629133e-07
0.13454299999284558 0.003415999992284924
0.13454299999284558 0.0
0.17377699998905882 0.004832000005990267
0.17377699998905882 0.0
0.12642800001776777 0.0034340000129304826
0.12642800001776777 1.00000761449337e-06
0.12479900001198985 0.0032179999980144203
0.12479900001198985 0.0
0.12475600000470877 0.0034739999973680824
0.12475600000470877 1.00000761449337e-06
0.15848299997742288 0.0041769999952521175
0.15848299997742288 9.999785106629133e-07
0.12639199997647665 0.0035380000190343708
0.12639199997647665 0.0
0.12137899998924695 0.0029320000030566007
0.12137899998924695 0.0
0.12149099999805912 0.003153999976348132
0.12149099999805912 0.0
0.12048800001502968 0.0033879999828059226
0.12048800001502968 0.0
0.1199520000081975 0.002982999983942136
0.1199520000081975 1.00000761449337e-06
0.120519999996759 0.0030160000023897737
0.120519999996759 0.0
0.1190000000060536 0.00318400000105612
0.1190000000060536 0.0
0.12052900000708178 0.002892999997129664
0.12052900000708178 0.0
0.14528500000596978 0.003400999994482845
0.14528500000596978 0.0
0.11560499999905005 0.002785000018775463
0.11560499999905005 1.00000761449337e-06
0.1408989999908954 0.003716999985044822
0.1408989999908954 9.999785106629133e-07
0.11109200000646524 0.002675999974599108
0.11109200000646524 0.0
0.13780999998562038 0.003519999998388812
0.13780999998562038 1.00000761449337e-06
0.1394940000027418 0.0034060000034514815
0.1394940000027418 1.00000761449337e-06
0.1399970000202302 0.0035429999988991767
0.1399970000202302 0.0
0.15654300001915544 0.003886000020429492
0.15654300001915544 0.0
0.15154099999926984 0.0039050000195857137
0.15154099999926984 1.00000761449337e-06
0.1485320000210777 0.0038340000028256327
0.1485320000210777 0.0
0.1533939999935683 0.003719000000273809
0.1533939999935683 0.0
0.14429799999925308 0.0036520000139717013
0.14429799999925308 0.0
0.14144499998656102 0.003751000011106953
0.14144499998656102 0.0
0.14046199998119846 0.003783000021940097
0.14046199998119846 0.0
0.14004399999976158 0.00358399999095127
0.14004399999976158 0.0
0.1355090000142809 0.003536000003805384
0.1355090000142809 0.0
0.12415600000531413 0.003296000009868294
0.12415600000531413 0.0
0.12557500001275912 0.0033239999902434647
0.12557500001275912 0.0
0.11723199998959899 0.003496999997878447
0.11723199998959899 0.0
0.13309899999876507 0.003116000007139519
0.13309899999876507 1.00000761449337e-06
0.1329750000149943 0.0032219999993685633
0.1329750000149943 0.0
0.12470099999336526 0.0035450000141281635
0.12470099999336526 0.0
0.1178479999944102 0.0033119999861810356
0.1178479999944102 0.0
0.13055199998780154 0.0032899999932851642
0.13055199998780154 1.00000761449337e-06
0.13351799998781644 0.003392999991774559
0.13351799998781644 1.00000761449337e-06
0.09961599999223836 0.0023970000038389117
0.09961599999223836 1.00000761449337e-06
0.13430300002801232 0.003204000007826835
0.13430300002801232 0.0
0.13103300001239404 0.003247000015107915
0.13103300001239404 0.0
0.13150899999891408 0.0033830000029411167
0.13150899999891408 1.00000761449337e-06
0.13525900000240654 0.0032860000210348517
0.13525900000240654 0.0
0.12721100001363084 0.0025950000272132456
0.12721100001363084 1.00000761449337e-06
0.11276899999938905 0.0033719999773893505
0.11276899999938905 1.00000761449337e-06
0.13295500000822358 0.0032829999981913716
0.13295500000822358 0.0
0.13742899999488145 0.003591000015148893
0.13742899999488145 0.0
0.13398300000699237 0.003399000008357689
0.13398300000699237 0.0
0.13498500001151115 0.003272000001743436
0.13498500001151115 1.00000761449337e-06
0.13319399999454618 0.0033260000054724514
0.13319399999454618 1.00000761449337e-06
0.13006500000483356 0.0036829999880865216
0.13006500000483356 0.0
0.10648899999796413 0.002683999977307394
0.10648899999796413 1.00000761449337e-06
0.10720500000752509 0.0026959999813698232
0.10720500000752509 1.00000761449337e-06
0.1078329999872949 0.0026599999982863665
0.1078329999872949 1.00000761449337e-06
0.10679300001356751 0.002609000017400831
0.10679300001356751 1.00000761449337e-06
0.10845200001494959 0.0026479999942239374
0.10845200001494959 1.00000761449337e-06
0.10799000001861714 0.0026710000238381326
0.10799000001861714 0.0
0.10835400002542883 0.0026800000050570816
0.10835400002542883 9.999785106629133e-07
0.10623199999099597 0.0025449999957345426
0.10623199999099597 0.0
0.10547000000951812 0.0024890000058803707
0.10547000000951812 0.0
0.1094499999890104 0.0025049999821931124
0.1094499999890104 0.0
0.10280900000361726 0.0024609999964013696
0.10280900000361726 9.999785106629133e-07
0.10318399997777306 0.0024790000170469284
0.10318399997777306 0.0
0.1025460000091698 0.002515000000130385
0.1025460000091698 0.0
0.1052180000115186 0.0024939999857451767
0.1052180000115186 0.0
0.1019840000080876 0.002658999990671873
0.1019840000080876 0.0
0.13579199998639524 0.003388999990420416
0.13579199998639524 1.00000761449337e-06
0.13509200001135468 0.0032620000129099935
0.13509200001135468 0.0
0.13736699998844415 0.0035170000046491623
0.13736699998844415 1.7000013031065464e-05
0.13128400000277907 0.0029030000150669366
0.13128400000277907 9.999785106629133e-07
0.1366730000008829 0.003539000026648864
0.1366730000008829 1.00000761449337e-06
0.13634600001387298 0.0034650000161491334
0.13634600001387298 0.0
0.13760099999490194 0.003415999992284924
0.13760099999490194 0.0
0.1271370000031311 0.003405999974347651
0.1271370000031311 1.00000761449337e-06
0.13970199998584576 0.0034060000034514815
0.13970199998584576 0.0
0.1315210000029765 0.003399000008357689
0.1315210000029765 9.999785106629133e-07
0.13969900002120994 0.0035370000114198774
0.13969900002120994 9.999785106629133e-07
0.1414119999972172 0.0035549999738577753
0.1414119999972172 1.00000761449337e-06
0.14413899998180568 0.003448000003118068
0.14413899998180568 1.00000761449337e-06
0.13945100002456456 0.0035170000046491623
0.13945100002456456 0.0
0.13768899999558926 0.0036869999894406646
0.13768899999558926 9.999785106629133e-07
0.1403660000069067 0.0036680000193882734
0.1403660000069067 1.00000761449337e-06
0.1465629999875091 0.0036660000041592866
0.1465629999875091 1.00000761449337e-06
0.14677900000242516 0.0032300000020768493
0.14677900000242516 0.0
0.13705200000549667 0.0036859999818261713
0.13705200000549667 0.0
0.14523599998210557 0.0033899999980349094
0.14523599998210557 0.0
0.15202199999475852 0.0035979999811388552
0.15202199999475852 0.0
0.1331439999921713 0.003731000004336238
0.1331439999921713 0.0
0.13423900000634603 0.003532000002451241
0.13423900000634603 1.00000761449337e-06
0.14764799998374656 0.003472000011242926
0.14764799998374656 0.0
0.15362399999867193 0.0038690000073984265
0.15362399999867193 1.00000761449337e-06
0.11583299998892471 0.0033159999875351787
0.11583299998892471 0.0
0.114224999997532 0.0027990000089630485
0.114224999997532 0.0
0.15108599999803118 0.003888999985065311
0.15108599999803118 0.0
0.15024099999573082 0.003808999987086281
0.15024099999573082 1.00000761449337e-06
0.11714399998891167 0.002909999981056899
0.11714399998891167 0.0
0.11721600001328625 0.0028389999934006482
0.11721600001328625 0.0
0.1167039999854751 0.002810000005410984
0.1167039999854751 1.00000761449337e-06
0.11688000001595356 0.002773999993223697
0.11688000001595356 0.0
0.11761200000182725 0.0029039999935775995
0.11761200000182725 0.0
0.11520699999528006 0.0027969999937340617
0.11520699999528006 0.0
0.1153070000000298 0.0027500000142026693
0.1153070000000298 0.0
0.11398799999733455 0.0027359999949112535
0.11398799999733455 0.0
0.1492570000118576 0.0036779999791178852
0.1492570000118576 9.999785106629133e-07
0.15182699999422766 0.003914000000804663
0.15182699999422766 0.0
0.12473900002078153 0.0033730000141076744
0.12473900002078153 0.0
0.1519020000123419 0.0036770000006072223
0.1519020000123419 1.00000761449337e-06
0.12535899999784306 0.0031220000237226486
0.12535899999784306 0.0
0.16239300000597723 0.004053999989992008
0.16239300000597723 9.999785106629133e-07
0.1630239999794867 0.004006000002846122
0.1630239999794867 0.0
0.15922699999646284 0.004157999996095896
0.15922699999646284 0.0
0.15797099997871555 0.0036649999965447932
0.15797099997871555 0.0
0.16055599998799153 0.004049999988637865
0.16055599998799153 0.0
0.15221500000916421 0.003992999991169199
0.15221500000916421 9.999785106629133e-07
0.16236000001663342 0.003966999996919185
0.16236000001663342 0.0
0.14272400000481866 0.0039579999865964055
0.14272400000481866 9.999785106629133e-07
0.16313200001604855 0.004336000012699515
0.16313200001604855 0.0
0.14343699999153614 0.0038629999908152968
0.14343699999153614 0.0
0.15380499997991137 0.0037139999913051724
0.15380499997991137 9.999785106629133e-07
0.1519560000160709 0.0037810000067111105
0.1519560000160709 0.0
0.15558399999281392 0.004120999976294115
0.15558399999281392 1.00000761449337e-06
0.15645099998801015 0.003895000001648441
0.15645099998801015 0.0
0.14573300001211464 0.0037569999985862523
0.14573300001211464 1.00000761449337e-06
0.1575979999906849 0.0031239999807439744
0.1575979999906849 0.0
0.1606970000138972 0.002997000003233552
0.1606970000138972 0.0
0.1191300000064075 0.0029830000130459666
0.1191300000064075 1.00000761449337e-06
0.11991000000853091 0.002984999999171123
0.11991000000853091 0.0
0.12001499999314547 0.0029269999940879643
0.12001499999314547 1.00000761449337e-06
0.15592399999150075 0.003965000010794029
0.15592399999150075 0.0
0.14928900002269074 0.003954000014346093
0.14928900002269074 1.00000761449337e-06
0.12547800000174902 0.0030710000137332827
0.12547800000174902 1.00000761449337e-06
0.13642799999797717 0.003616999980295077
0.13642799999797717 0.0
0.1337950000015553 0.0033119999861810356
0.1337950000015553 1.00000761449337e-06
0.13427900001988746 0.0033059999987017363
0.13427900001988746 0.0
0.17508000001544133 0.004408000007970259
0.17508000001544133 0.0
0.17858999999589287 0.004784999997355044
0.17858999999589287 9.999785106629133e-07
0.13669700000900775 0.0032979999959934503
0.13669700000900775 0.0
0.13418100000126287 0.0032279999868478626
0.13418100000126287 1.00000761449337e-06
0.13107699999818578 0.003228000015951693
0.13107699999818578 0.0
0.12731999999959953 0.0031069999968167394
0.12731999999959953 1.00000761449337e-06
0.12450900001567788 0.0030049999768380076
0.12450900001567788 0.0
0.12441000001854263 0.0034010000235866755
0.12441000001854263 9.999785106629133e-07
0.12567400000989437 0.003337000001920387
0.12567400000989437 0.0
0.16021699999691918 0.004085000022314489
0.16021699999691918 0.0
0.15824700001394376 0.0038389999826904386
0.15824700001394376 1.00000761449337e-06
0.15168399998219684 0.004042000015033409
0.15168399998219684 0.0
0.15771199998562224 0.003839000011794269
0.15771199998562224 9.999785106629133e-07
0.11757000000216067 0.0029020000074524432
0.11757000000216067 0.0
0.11773499997798353 0.002869999996619299
0.11773499997798353 9.999785106629133e-07
0.11675799998920411 0.0029119999962858856
0.11675799998920411 0.0
0.13924499999848194 0.0035889999999199063
0.13924499999848194 0.0
0.12082599999848753 0.002953999995952472
0.12082599999848753 9.999785106629133e-07
0.12400599999818951 0.0029500000237021595
0.12400599999818951 0.0
0.12441400001989678 0.003156999999191612
0.12441400001989678 1.00000761449337e-06
0.11999499998637475 0.0031820000149309635
0.11999499998637475 0.0
0.12317899998743087 0.0029719999874942005
0.12317899998743087 0.0
0.12251300000934862 0.0030160000023897737
0.12251300000934862 0.0
0.12511799999629147 0.0029870000144001096
0.12511799999629147 1.00000761449337e-06
0.127494000014849 0.0031550000130664557
0.127494000014849 1.00000761449337e-06
0.1744159999943804 0.004614999983459711
0.1744159999943804 0.0
0.1445289999828674 0.004004999995231628
0.1445289999828674 9.999785106629133e-07
0.14417000001412816 0.004300000000512227
0.14417000001412816 1.00000761449337e-06
0.14620700001250952 0.003732999990461394
0.14620700001250952 1.00000761449337e-06
0.14996999999857508 0.003384999989066273
0.14996999999857508 0.0
0.1436249999969732 0.0036149999941699207
0.1436249999969732 0.0
0.14496700000017881 0.0035880000214092433
0.14496700000017881 1.00000761449337e-06
0.1394459999864921 0.0033589999948162585
0.1394459999864921 0.0
0.139575999986846 0.0033359999943058938
0.139575999986846 1.00000761449337e-06
0.1434249999874737 0.0036709999840240926
0.1434249999874737 0.0
0.1446750000177417 0.003535000025294721
0.1446750000177417 1.00000761449337e-06
0.14108699999633245 0.0034779999987222254
0.14108699999633245 9.999785106629133e-07
0.14299200000823475 0.0037770000053569674
0.14299200000823475 1.00000761449337e-06
0.13396900001680478 0.00338400001055561
0.13396900001680478 0.0
0.13256500000716187 0.003284000005805865
0.13256500000716187 1.00000761449337e-06
0.1272859999735374 0.0031470000103581697
0.1272859999735374 0.0
0.12218999999458902 0.0029519999807234854
0.12218999999458902 0.0
0.12232599998242222 0.0029320000030566007
0.12232599998242222 1.00000761449337e-06
0.11902300000656396 0.002935000025900081
0.11902300000656396 0.0
0.1193689999927301 0.0028809999930672348
0.1193689999927301 0.0
0.11931800001184456 0.002861999993911013
0.11931800001184456 0.0
0.11776199997984804 0.002853999991202727
0.11776199997984804 0.0
0.11768799999845214 0.0028059999749530107
0.11768799999845214 1.00000761449337e-06
0.11743099999148399 0.0028279999969527125
0.11743099999148399 0.0
0.12130999998771586 0.002869999996619299
0.12130999998771586 0.0
0.11731699999654666 0.002855000027921051
0.11731699999654666 1.00000761449337e-06
0.12497399997664616 0.0033589999948162585
0.12497399997664616 0.0
0.1336240000091493 0.003388999990420416
0.1336240000091493 1.00000761449337e-06
0.14109000001917593 0.0034750000049825758
0.14109000001917593 9.999785106629133e-07
0.1270070000027772 0.0029529999883379787
0.1270070000027772 1.00000761449337e-06
0.1397360000119079 0.0031310000049415976
0.1397360000119079 1.00000761449337e-06
0.1399049999890849 0.0030700000061187893
0.1399049999890849 1.00000761449337e-06
0.13019699999131262 0.002892999997129664
0.13019699999131262 0.0
0.13341700000455603 0.003966999996919185
0.13341700000455603 0.0
0.13120300002628937 0.00310400000307709
0.13120300002628937 1.00000761449337e-06
0.12989999999990687 0.0031549999839626253
0.12989999999990687 0.0
0.15806300000986084 0.003644999989774078
0.15806300000986084 0.0
0.1487429999979213 0.002929000009316951
0.1487429999979213 0.0
0.13495000000693835 0.002849999989848584
0.13495000000693835 0.0
0.1358699999982491 0.0029750000103376806
0.1358699999982491 1.00000761449337e-06
0.12225200000102632 0.002974000002723187
0.12225200000102632 0.0
0.12251399998785928 0.003125999995972961
0.12251399998785928 9.999785106629133e-07
0.12392600000021048 0.0029470000008586794
0.12392600000021048 1.00000761449337e-06
0.12339900000370108 0.0028999999922234565
0.12339900000370108 0.0
0.1245749999943655 0.0029229999927338213
0.1245749999943655 0.0
0.12928700001793914 0.0033050000201910734
0.12928700001793914 0.0
0.12744899999233894 0.0029959999956190586
0.12744899999233894 1.00000761449337e-06
0.1261909999884665 0.0029710000089835376
0.1261909999884665 0.0
0.12610399999539368 0.0031660000095143914
0.12610399999539368 1.00000761449337e-06
0.1276429999852553 0.003112000005785376
0.1276429999852553 9.999785106629133e-07
0.1342960000038147 0.0032430000137537718
0.1342960000038147 1.00000761449337e-06
0.1431999999913387 0.0035510000016074628
0.1431999999913387 0.0
0.12818800000241026 0.0030580000020563602
0.12818800000241026 0.0
0.12801499999477528 0.003005999984452501
0.12801499999477528 1.00000761449337e-06
0.12838000000920147 0.003045999997993931
0.12838000000920147 9.999785106629133e-07
0.16714000000501983 0.003996999992523342
0.16714000000501983 9.999785106629133e-07
0.12472399999387562 0.0030029999907128513
0.12472399999387562 0.0
0.16486700001405552 0.004071999981533736
0.16486700001405552 0.0
0.16922800001339056 0.004178000002866611
0.16922800001339056 0.0
0.1672919999982696 0.004308999981731176
0.1672919999982696 0.0
0.17080699998768978 0.004118000011658296
0.17080699998768978 1.00000761449337e-06
0.17493699997430667 0.00427000000490807
0.17493699997430667 1.00000761449337e-06
0.17375600000377744 0.004309000010835007
0.17375600000377744 0.0
0.17182300001149997 0.004653999989386648
0.17182300001149997 1.00000761449337e-06
0.1746409999905154 0.0043880000011995435
0.1746409999905154 0.0
0.1450300000142306 0.004114000010304153
0.1450300000142306 1.00000761449337e-06
0.15049999998882413 0.0034579999919515103
0.15049999998882413 0.0
0.14581899999757297 0.0037690000026486814
0.14581899999757297 0.0
0.15298700000857934 0.004057999991346151
0.15298700000857934 0.0
0.1538179999915883 0.004056000005220994
0.1538179999915883 1.00000761449337e-06
0.15374000000883825 0.004131999972742051
0.15374000000883825 0.0
0.17356299998937175 0.004570999997667968
0.17356299998937175 1.00000761449337e-06
0.16829200001666322 0.004764000012073666
0.16829200001666322 0.0
0.1585120000236202 0.003472000011242926
0.1585120000236202 0.0
0.14137999998638406 0.003591999993659556
0.14137999998638406 0.0
0.14146899999468587 0.0034659999946597964
0.14146899999468587 1.00000761449337e-06
0.14096399999107234 0.003356000001076609
0.14096399999107234 1.00000761449337e-06
0.1348920000018552 0.0038269999786280096
0.1348920000018552 0.0
0.13609300000825897 0.003576999995857477
0.13609300000825897 1.00000761449337e-06
0.1386239999847021 0.003400000015972182
0.1386239999847021 0.0
0.1399410000012722 0.0035970000026281923
0.1399410000012722 1.00000761449337e-06
0.13714800000889227 0.0035940000088885427
0.13714800000889227 9.999785106629133e-07
0.14246400000411086 0.003416999999899417
0.14246400000411086 1.00000761449337e-06
0.1418439999979455 0.0038019999919924885
0.1418439999979455 0.0
0.16380500001832843 0.004698000004282221
0.16380500001832843 0.0
0.18907199997920543 0.004442000004928559
0.18907199997920543 0.0
0.15029799999319948 0.0035149999894201756
0.15029799999319948 0.0
0.14264900001580827 0.0038449999992735684
0.14264900001580827 9.999785106629133e-07
0.19655399999464862 0.005108999990625307
0.19655399999464862 0.0
0.20684699999401346 0.005089999991469085
0.20684699999401346 1.00000761449337e-06
0.18490799999563023 0.004465000005438924
0.18490799999563023 0.0
0.18534600001294166 0.0044599999964702874
0.18534600001294166 0.0
0.17791800000122748 0.0044769999803975224
0.17791800000122748 9.999785106629133e-07
0.17596900000353344 0.0046830000064801425
0.17596900000353344 1.00000761449337e-06
0.14855199999874458 0.0037090000114403665
0.14855199999874458 0.0
0.14618499999050982 0.003728999989107251
0.14618499999050982 1.00000761449337e-06
0.1831569999922067 0.004499999980907887
0.1831569999922067 0.0
0.18714599998202175 0.004656000004615635
0.18714599998202175 0.0
0.1429260000004433 0.003536999982316047
0.1429260000004433 9.999785106629133e-07
0.1831160000001546 0.0044679999991785735
0.1831160000001546 0.0
0.1382560000056401 0.0032749999954830855
0.1382560000056401 0.0
0.1569809999782592 0.004886000009719282
0.1569809999782592 0.0
0.2115699999849312 0.0056819999881554395
0.2115699999849312 0.0
0.15750100000877865 0.0035949999873992056
0.15750100000877865 1.00000761449337e-06
0.1698129999858793 0.0037829999928362668
0.1698129999858793 0.0
0.15869900002144277 0.0045399999944493175
0.15869900002144277 1.00000761449337e-06
0.16276199999265373 0.004514000000199303
0.16276199999265373 0.0
0.1730249999964144 0.004125999985262752
0.1730249999964144 1.00000761449337e-06
0.170313000009628 0.004271000012522563
0.170313000009628 0.0
0.1637310000078287 0.005625000019790605
0.1637310000078287 1.00000761449337e-06
0.1623109999927692 0.0038449999992735684
0.1623109999927692 1.00000761449337e-06
0.21986899999319576 0.005890999978873879
0.21986899999319576 9.999785106629133e-07
0.16295600001467392 0.003722000023117289
0.16295600001467392 1.00000761449337e-06
0.19096099998569116 0.004580000007990748
0.19096099998569116 0.0
0.19502800001646392 0.00486699998145923
0.19502800001646392 0.0
0.18946299998788163 0.004844999988563359
0.18946299998788163 1.00000761449337e-06
0.183247000008123 0.004600000014761463
0.183247000008123 1.00000761449337e-06
0.15271699998993427 0.0036749999853782356
0.15271699998993427 0.0
0.17440000001806766 0.011569999973289669
0.17440000001806766 0.0
0.17884599999524653 0.004824000003281981
0.17884599999524653 0.0
0.17303500001435168 0.00411600002553314
0.17303500001435168 1.00000761449337e-06
0.22050500000477768 0.005323999997926876
0.22050500000477768 0.0
0.21846800000639632 0.005386000004364178
0.21846800000639632 0.0
0.21866000001318753 0.0054880000243429095
0.21866000001318753 0.0
0.15773999999510124 0.004042999993544072
0.15773999999510124 0.0
0.15527400001883507 0.003771999996388331
0.15527400001883507 9.999785106629133e-07
0.15732100000604987 0.0038449999992735684
0.15732100000604987 1.00000761449337e-06
0.15755199998966418 0.003878999996231869
0.15755199998966418 0.0
0.15228300000308082 0.003663000010419637
0.15228300000308082 1.00000761449337e-06
0.14473500000895 0.003720999986398965
0.14473500000895 9.999785106629133e-07
0.1405440000235103 0.00334100000327453
0.1405440000235103 0.0
0.14247099999920465 0.003495000011753291
0.14247099999920465 0.0
0.14275199998519383 0.003552000009221956
0.14275199998519383 1.00000761449337e-06
0.18413300000247546 0.004545999981928617
0.18413300000247546 0.0
0.18140900001162663 0.0047420000191777945
0.18140900001162663 0.0
0.18395500001497567 0.004453000001376495
0.18395500001497567 1.00000761449337e-06
0.18920100000104867 0.004734999994980171
0.18920100000104867 0.0
0.1907280000159517 0.004499999980907887
0.1907280000159517 0.0
0.18936799999210052 0.004690000001573935
0.18936799999210052 1.00000761449337e-06
0.18813500000396743 0.0047670000058133155
0.18813500000396743 0.0
0.1403040000004694 0.0033730000141076744
0.1403040000004694 0.0
0.1538239999790676 0.003728999989107251
0.1538239999790676 1.00000761449337e-06
0.192944999987958 0.004661999992094934
0.192944999987958 0.0
0.19312599999830127 0.003775999997742474
0.19312599999830127 0.0
0.14034499999252148 0.003440000000409782
0.14034499999252148 0.0
0.19081899998127483 0.004816000000573695
0.19081899998127483 1.00000761449337e-06
0.14051200001267716 0.003351999999722466
0.14051200001267716 9.999785106629133e-07
0.13696199998958036 0.003288000007160008
0.13696199998958036 0.0
0.1365479999803938 0.003236999997170642
0.1365479999803938 1.00000761449337e-06
0.13436699999147095 0.003167000017128885
0.13436699999147095 0.0
0.13875199999893084 0.003268000000389293
0.13875199999893084 1.00000761449337e-06
0.13517500000307336 0.0031940000189933926
0.13517500000307336 0.0
0.1350160000147298 0.0031780000135768205
0.1350160000147298 0.0
0.1351730000169482 0.0032099999953061342
0.1351730000169482 0.0
0.1359879999945406 0.003224999993108213
0.1359879999945406 0.0
0.13538100000005215 0.0032230000069830567
0.13538100000005215 0.0
0.18729900001198985 0.00430699999560602
0.18729900001198985 0.0
0.13572799999383278 0.0033360000234097242
0.13572799999383278 0.0
0.18385699999635108 0.004382999992230907
0.18385699999635108 1.00000761449337e-06
0.13994500000262633 0.0033810000168159604
0.13994500000262633 1.00000761449337e-06
0.1420219999854453 0.0033659999899100512
0.1420219999854453 0.0
0.1518089999735821 0.003618000017013401
0.1518089999735821 1.00000761449337e-06
0.15894500000285916 0.003958999994210899
0.15894500000285916 1.00000761449337e-06
0.16251700001885183 0.003923000011127442
0.16251700001885183 1.00000761449337e-06
0.16844499998842366 0.004080999991856515
0.16844499998842366 1.00000761449337e-06
0.1626430000178516 0.0040760000119917095
0.1626430000178516 0.0
0.16561700002057478 0.004123999999137595
0.16561700002057478 0.0
0.15762499999254942 0.0038739999872632325
0.15762499999254942 0.0
0.15700599999399856 0.003767999995034188
0.15700599999399856 9.999785106629133e-07
0.15729999999166466 0.003727999981492758
0.15729999999166466 1.00000761449337e-06
0.1478519999946002 0.0038570000033359975
0.1478519999946002 1.00000761449337e-06
0.14122499999939464 0.0033309999853372574
0.14122499999939464 9.999785106629133e-07
0.1403250000148546 0.0032930000161286443
0.1403250000148546 0.0
0.14193499999237247 0.0033420000108890235
0.14193499999237247 0.0
0.1407840000174474 0.0033740000217221677
0.1407840000174474 0.0
0.1923909999895841 0.004421999998157844
0.1923909999895841 0.0
0.14491599999018945 0.0036439999821595848
0.14491599999018945 0.0
0.14615200000116602 0.0036309999995864928
0.14615200000116602 1.00000761449337e-06
0.14551200001733378 0.003607000020565465
0.14551200001733378 1.00000761449337e-06
0.14562799999839626 0.0036130000080447644
0.14562799999839626 0.0
0.14443300000857562 0.0035149999894201756
0.14443300000857562 1.00000761449337e-06
0.145076999993762 0.003492999996524304
0.145076999993762 0.0
0.14646499999798834 0.003560000011930242
0.14646499999798834 0.0
0.18873500000336207 0.004690000001573935
0.18873500000336207 0.0
0.1507479999854695 0.003519999998388812
0.1507479999854695 9.999785106629133e-07
0.16244000001461245 0.003972000005887821
0.16244000001461245 9.999785106629133e-07
0.22429700000793673 0.01240400000824593
0.22429700000793673 1.00000761449337e-06
0.22826899998472072 0.005836000025738031
0.22826899998472072 0.0
0.2310670000151731 0.005601000011665747
0.2310670000151731 9.999785106629133e-07
0.22779999999329448 0.0055050000082701445
0.22779999999329448 1.00000761449337e-06
0.21934999999939464 0.005191999982343987
0.21934999999939464 0.0
0.2167440000048373 0.005320999975083396
0.2167440000048373 0.0
0.2202030000044033 0.00551600000471808
0.2202030000044033 0.0
0.2211200000019744 0.005207999987760559
0.2211200000019744 0.0
0.21538900001905859 0.0051930000190623105
0.21538900001905859 1.00000761449337e-06
0.19810900001903065 0.004717999981949106
0.19810900001903065 0.0
0.20379100000718608 0.0048300000198651105
0.20379100000718608 1.00000761449337e-06
0.2018110000062734 0.004665000014938414
0.2018110000062734 0.0
0.2012749999994412 0.004941999999573454
0.2012749999994412 9.999785106629133e-07
0.2004179999930784 0.004817999986698851
0.2004179999930784 1.00000761449337e-06
0.20194500000798143 0.004845999996177852
0.20194500000798143 0.0
0.20416500000283122 0.004821999988052994
0.20416500000283122 0.0
0.15777399999205954 0.0037629999860655516
0.15777399999205954 9.999785106629133e-07
0.1872739999962505 0.00487000000430271
0.1872739999962505 1.00000761449337e-06
0.20453200000338256 0.004850000026635826
0.20453200000338256 1.00000761449337e-06
0.20545300000230782 0.005258000019239262
0.20545300000230782 1.00000761449337e-06
0.15502100001322106 0.0036279999767430127
0.15502100001322106 0.0
0.18023899997933768 0.004828000004636124
0.18023899997933768 0.0
0.20085900000412948 0.004740000003948808
0.20085900000412948 0.0
0.20325699998647906 0.004902999993646517
0.20325699998647906 0.0
0.20085300001665018 0.0046999999904073775
0.20085300001665018 0.0
0.23039599999901839 0.005543999985093251
0.23039599999901839 0.0
0.18607799999881536 0.01059200000599958
0.18607799999881536 0.0
0.23543900001095608 0.005696999985957518
0.23543900001095608 9.999785106629133e-07
0.2403770000091754 0.00628800000413321
0.2403770000091754 0.0
0.17479600000660866 0.004225999990012497
0.17479600000660866 0.0
0.23421299998881295 0.005464999994728714
0.23421299998881295 0.0
0.2199430000036955 0.0056019999901764095
0.2199430000036955 1.00000761449337e-06
0.2260670000105165 0.005414999992353842
0.2260670000105165 1.00000761449337e-06
0.1894869999960065 0.004367999994428828
0.1894869999960065 1.00000761449337e-06
0.2032069999841042 0.0049189999990630895
0.2032069999841042 0.0
0.19884699999238364 0.00482699999702163
0.19884699999238364 1.00000761449337e-06
0.20146699997712858 0.0050029999983962625
0.20146699997712858 0.0
0.20314999998663552 0.0048349999997299165
0.20314999998663552 1.00000761449337e-06
0.19777599998633377 0.004885999980615452
0.19777599998633377 9.999785106629133e-07
0.19620099998428486 0.004646999994292855
0.19620099998428486 0.0
0.200263000006089 0.004864000016823411
0.200263000006089 1.00000761449337e-06
0.20399300000281073 0.004855000006500632
0.20399300000281073 9.999785106629133e-07
0.2033839999930933 0.004820000001927838
0.2033839999930933 1.00000761449337e-06
0.20201700000325218 0.004891000018687919
0.20201700000325218 0.0
0.16998700000112876 0.004004999995231628
0.16998700000112876 1.00000761449337e-06
0.18005900000571273 0.005309000000124797
0.18005900000571273 0.0
0.2057700000004843 0.004959999991115183
0.2057700000004843 1.00000761449337e-06
0.21037600000272505 0.005311000015353784
0.21037600000272505 0.0
0.20312200000626035 0.004925999994156882
0.20312200000626035 0.0
0.20039800001541153 0.004878000007010996
0.20039800001541153 9.999785106629133e-07
0.20774800001527183 0.004917000012937933
0.20774800001527183 0.0
0.15246700000716373 0.003669999976409599
0.15246700000716373 1.00000761449337e-06
0.1525649999966845 0.003796999983023852
0.1525649999966845 0.0
0.15122999998857267 0.0035189999907743186
0.15122999998857267 1.00000761449337e-06
0.1525440000114031 0.0036050000053364784
0.1525440000114031 0.0
0.15062100000795908 0.0035269999934826046
0.15062100000795908 0.0
0.15034199997899123 0.0035539999953471124
0.15034199997899123 0.0
0.15079299997887574 0.003542000020388514
0.15079299997887574 0.0
0.14730199999758042 0.0038779999886173755
0.14730199999758042 1.00000761449337e-06
0.14761399998678826 0.003480999992461875
0.14761399998678826 1.00000761449337e-06
0.15091900000697933 0.0035530000168364495
0.15091900000697933 0.0
0.1497899999958463 0.003552000009221956
0.1497899999958463 0.0
0.15056100001675077 0.003984999988460913
0.15056100001675077 1.00000761449337e-06
0.15000100000179373 0.003619000024627894
0.15000100000179373 1.00000761449337e-06
0.15046499998425134 0.00354400000651367
0.15046499998425134 9.999785106629133e-07
0.1527279999863822 0.003618000017013401
0.1527279999863822 0.0
0.15000699998927303 0.0036309999995864928
0.15000699998927303 0.0
0.1513799999956973 0.003511999995680526
0.1513799999956973 1.00000761449337e-06
0.1498810000193771 0.003946000011637807
0.1498810000193771 1.00000761449337e-06
0.15084099999512546 0.004099999991012737
0.15084099999512546 1.00000761449337e-06
0.1509119999827817 0.0036330000148154795
0.1509119999827817 1.00000761449337e-06
0.1494910000183154 0.00358399999095127
0.1494910000183154 0.0
0.15006700000958517 0.0035290000087115914
0.15006700000958517 0.0
0.14975099998991936 0.0035259999858681113
0.14975099998991936 0.0
0.18337899999460205 0.005188999988604337
0.18337899999460205 0.0
0.17233000000123866 0.004197000002022833
0.17233000000123866 0.0
0.15742599999066442 0.003811000002315268
0.15742599999066442 9.999785106629133e-07
0.15699999997741543 0.003724999987753108
0.15699999997741543 1.00000761449337e-06
0.21806699997978285 0.004956999997375533
0.21806699997978285 1.00000761449337e-06
0.19198400000459515 0.005149000004166737
0.19198400000459515 0.0
0.15842999998130836 0.0037779999838676304
0.15842999998130836 0.0
0.1969319999916479 0.0042449999891687185
0.1969319999916479 0.0
0.20707099998253398 0.004891000018687919
0.20707099998253398 9.999785106629133e-07
0.2002490000159014 0.004975999996531755
0.2002490000159014 1.00000761449337e-06
0.20182700001168996 0.004747999977553263
0.20182700001168996 9.999785106629133e-07
0.2034750000166241 0.004788000020198524
0.2034750000166241 0.0
0.2021109999914188 0.004813000006834045
0.2021109999914188 0.0
0.20494399999734014 0.004811999999219552
0.20494399999734014 9.999785106629133e-07
0.20122200000332668 0.004813000006834045
0.20122200000332668 0.0
0.19843200000468642 0.004785000026458874
0.19843200000468642 0.0
0.2056389999925159 0.004848000011406839
0.2056389999925159 0.0
0.17999599999166094 0.004960999998729676
0.17999599999166094 0.0
0.21176499998546205 0.004891999997198582
0.21176499998546205 0.0
0.20732200000202283 0.004928999987896532
0.20732200000202283 9.999785106629133e-07
0.20709499999065883 0.004958000004990026
0.20709499999065883 1.00000761449337e-06
0.20620300000882708 0.005204000015510246
0.20620300000882708 1.00000761449337e-06
0.2071939999877941 0.005031000007875264
0.2071939999877941 0.0
0.1553249999997206 0.0036379999946802855
0.1553249999997206 1.00000761449337e-06
0.20548299999791197 0.004940999991958961
0.20548299999791197 0.0
0.20569100001011975 0.0050029999983962625
0.20569100001011975 0.0
0.20810599997639656 0.005170000018551946
0.20810599997639656 0.0
0.20921800000360236 0.005010000022593886
0.20921800000360236 0.0
0.21122299999115057 0.005124999996041879
0.21122299999115057 0.0
0.20834899999317713 0.004297000006772578
0.20834899999317713 1.00000761449337e-06
0.20987099999911152 0.005188000010093674
0.20987099999911152 1.00000761449337e-06
0.21491800001240335 0.0051210000237915665
0.21491800001240335 0.0
0.20966699998825788 0.004974999988917261
0.20966699998825788 0.0
0.1872330000041984 0.004256000014720485
0.1872330000041984 9.999785106629133e-07
0.1685460000007879 0.004136000003200024
0.1685460000007879 0.0
0.19871499997680075 0.00479900001664646
0.19871499997680075 0.0
0.15210100001422688 0.0036439999821595848
0.15210100001422688 0.0
0.15538399998331442 0.0036370000161696225
0.15538399998331442 0.0
0.15214799999375828 0.003647000005003065
0.15214799999375828 1.00000761449337e-06
0.15233400001307018 0.0036979999858886003
0.15233400001307018 0.0
0.1485310000134632 0.0035920000227633864
0.1485310000134632 1.00000761449337e-06
0.14980499999364838 0.003568999993149191
0.14980499999364838 0.0
0.14983599999686703 0.0035090000019408762
0.14983599999686703 1.00000761449337e-06
0.14983999999822117 0.0036259999906178564
0.14983999999822117 1.00000761449337e-06
0.21474599998327903 0.0051890000177081674
0.21474599998327903 1.00000761449337e-06
0.16968600000836886 0.004089000023668632
0.16968600000836886 0.0
0.15334900000016205 0.0036780000082217157
0.15334900000016205 9.999785106629133e-07
0.15299099998082966 0.0037090000114403665
0.15299099998082966 0.0
0.15293899999232963 0.0037409999931696802
0.15293899999232963 0.0
0.19661199999973178 0.00491300001158379
0.19661199999973178 0.0
0.20248899998841807 0.004895999998552725
0.20248899998841807 1.00000761449337e-06
0.17158700001891702 0.0038340000028256327
0.17158700001891702 0.0
0.19909099998767488 0.004751000000396743
0.19909099998767488 1.00000761449337e-06
0.19931799999903888 0.004830999998375773
0.19931799999903888 0.0
0.20385299998451956 0.004876999999396503
0.20385299998451956 9.999785106629133e-07
0.18714500000351109 0.003859999997075647
0.18714500000351109 1.00000761449337e-06
0.19868800000404008 0.004659000027459115
0.19868800000404008 1.00000761449337e-06
0.19870199999422766 0.005001999990781769
0.19870199999422766 0.0
0.20059399999445304 0.00479599999380298
0.20059399999445304 1.00000761449337e-06
0.20004499997594394 0.005181000014999881
0.20004499997594394 1.00000761449337e-06
0.20031599997309968 0.004714000009698793
0.20031599997309968 0.0
0.19701800000621006 0.004706000006990507
0.19701800000621006 0.0
0.19623300002422184 0.004638000013073906
0.19623300002422184 0.0
0.18505200001527555 0.0037730000040028244
0.18505200001527555 1.00000761449337e-06
0.19515399998635985 0.0046730000176467
0.19515399998635985 0.0
0.14765500000794418 0.0034900000027846545
0.14765500000794418 1.00000761449337e-06
0.15076699998462573 0.0036210000107530504
0.15076699998462573 1.00000761449337e-06
0.15087499999208376 0.0035889999999199063
0.15087499999208376 0.0
0.2030899999954272 0.00491600000532344
0.2030899999954272 0.0
0.16788600001018494 0.0040969999972730875
0.16788600001018494 1.00000761449337e-06
0.1520380000001751 0.003622000018367544
0.1520380000001751 1.00000761449337e-06
0.15285000001313165 0.003656999993836507
0.15285000001313165 9.999785106629133e-07
0.1516950000077486 0.0036339999933261424
0.1516950000077486 1.00000761449337e-06
0.15263799999956973 0.0036669999826699495
0.15263799999956973 1.00000761449337e-06
0.1527920000080485 0.003727999981492758
0.1527920000080485 0.0
0.15157600000384264 0.003673999977763742
0.15157600000384264 1.00000761449337e-06
0.1502370000234805 0.0035499999939929694
0.1502370000234805 1.00000761449337e-06
0.15034900000318885 0.003556999989086762
0.15034900000318885 0.0
0.1496579999802634 0.003503000014461577
0.1496579999802634 0.0
0.15116300000227056 0.003576999995857477
0.15116300000227056 0.0
0.14979900000616908 0.0035109999880660325
0.14979900000616908 0.0
0.15031299999100156 0.0036290000134613365
0.15031299999100156 1.00000761449337e-06
0.14987100000143982 0.003603999997721985
0.14987100000143982 0.0
0.14982400002190843 0.003599999996367842
0.14982400002190843 0.0
0.1494970000057947 0.0036010000039823353
0.1494970000057947 0.0
0.14966299998923205 0.003607999999076128
0.14966299998923205 9.999785106629133e-07
0.15172600001096725 0.0036269999982323498
0.15172600001096725 0.0
0.15093399997567758 0.0035730000236071646
0.15093399997567758 0.0
0.14996899999096058 0.0035869999846909195
0.14996899999096058 1.00000761449337e-06
0.15073399999528192 0.0035260000149719417
0.15073399999528192 0.0
0.1501189999980852 0.003559000004315749
0.1501189999980852 0.0
0.15264499999466352 0.0036189999955240637
0.15264499999466352 0.0
0.15274399999179877 0.0035800000187009573
0.15274399999179877 0.0
0.18526800000108778 0.00483299998450093
0.18526800000108778 0.0
0.20468299998901784 0.004038999992189929
0.20468299998901784 1.00000761449337e-06
0.15567900001769885 0.0036689999978989363
0.15567900001769885 0.0
0.20657399998162873 0.004837999993469566
0.20657399998162873 0.0
0.17712499998742715 0.004935000004479662
0.17712499998742715 1.00000761449337e-06
0.20106900000246242 0.0046830000064801425
0.20106900000246242 1.00000761449337e-06
0.19888000001083128 0.004727000021375716
0.19888000001083128 1.00000761449337e-06
0.19902600001660176 0.004895000020042062
0.19902600001660176 9.999785106629133e-07
0.1525229999970179 0.0035800000187009573
0.1525229999970179 0.0
0.20566400000825524 0.004819000023417175
0.20566400000825524 9.999785106629133e-07
0.2073089999903459 0.005248000001301989
0.2073089999903459 0.0
0.20673700000043027 0.004902999993646517
0.20673700000043027 0.0
0.17590500001097098 0.004282999987481162
0.17590500001097098 0.0
0.18242800000007264 0.004664999985834584
0.18242800000007264 1.00000761449337e-06
0.2091659999859985 0.004965000000083819
0.2091659999859985 0.0
0.2088029999868013 0.005123000009916723
0.2088029999868013 0.0
0.20929299999261275 0.004902999993646517
0.20929299999261275 1.00000761449337e-06
0.20835000000079162 0.004902999993646517
0.20835000000079162 0.0
0.2086060000001453 0.00499600000330247
0.2086060000001453 0.0
0.17863799998303875 0.005016000010073185
0.17863799998303875 0.0
0.2093170000007376 0.004969000001437962
0.2093170000007376 1.00000761449337e-06
0.2097160000121221 0.004947000008542091
0.2097160000121221 9.999785106629133e-07
0.17738800001097843 0.004356999997980893
0.17738800001097843 1.00000761449337e-06
0.21536999999079853 0.005184000008739531
0.21536999999079853 1.00000761449337e-06
0.2103449999995064 0.005051999993156642
0.2103449999995064 1.00000761449337e-06
0.211658999993233 0.005065000004833564
0.211658999993233 1.00000761449337e-06
0.21226000000024214 0.005038000002969056
0.21226000000024214 0.0
0.21150800000759773 0.004973000002792105
0.21150800000759773 0.0
0.21227999997790903 0.0050760000012815
0.21227999997790903 9.999785106629133e-07
0.21574600000167266 0.005077999987406656
0.21574600000167266 0.0
0.1630120000045281 0.003912999993190169
0.1630120000045281 1.00000761449337e-06
0.16498800000408664 0.003899000003002584
0.16498800000408664 9.999785106629133e-07
0.16776499999105 0.005138999986229464
0.16776499999105 1.3999990187585354e-05
0.17226299998583272 0.00407300001825206
0.17226299998583272 1.00000761449337e-06
0.16433500000857748 0.00390999999945052
0.16433500000857748 9.999785106629133e-07
0.16468199997325428 0.003899000003002584
0.16468199997325428 1.00000761449337e-06
0.165210000006482 0.003987999982200563
0.165210000006482 9.999785106629133e-07
0.1651010000205133 0.003919999988283962
0.1651010000205133 9.999785106629133e-07
0.16434600000502542 0.0038859999913256615
0.16434600000502542 0.0
0.165605999995023 0.003976000007241964
0.165605999995023 0.0
0.16341500001726672 0.004038000013679266
0.16341500001726672 0.0
0.21785499999532476 0.0051300000050105155
0.21785499999532476 0.0
0.21441899999626912 0.005122000002302229
0.21441899999626912 0.0
0.21736300000338815 0.0050069999997504056
0.21736300000338815 0.0
0.21901400000206195 0.005264999985229224
0.21901400000206195 1.00000761449337e-06
0.21709299998474307 0.005130999983521178
0.21709299998474307 0.0
0.2223529999901075 0.005202000000281259
0.2223529999901075 9.999785106629133e-07
0.2175110000243876 0.005188000010093674
0.2175110000243876 0.0
0.22107400000095367 0.005559999990509823
0.22107400000095367 1.00000761449337e-06
0.2219479999912437 0.0052890000224579126
0.2219479999912437 0.0
0.2214479999965988 0.005128999997396022
0.2214479999965988 9.999785106629133e-07
0.21856400000979193 0.005139999993843958
0.21856400000979193 1.00000761449337e-06
0.21516399999381974 0.004322999971918762
0.21516399999381974 0.0
0.2183810000133235 0.005256000004010275
0.2183810000133235 0.0
0.21663000000989996 0.005185999994864687
0.21663000000989996 0.0
0.21622800000477582 0.005170000018551946
0.21622800000477582 0.0
0.21562199998879805 0.005257000011624768
0.21562199998879805 1.00000761449337e-06
0.21517199999652803 0.005161000008229166
0.21517199999652803 1.00000761449337e-06
0.22037699999054894 0.005217999976594001
0.22037699999054894 0.0
0.22211099998094141 0.005211000010604039
0.22211099998094141 1.00000761449337e-06
0.22280699998373166 0.005295999988447875
0.22280699998373166 9.999785106629133e-07
0.22340899999835528 0.0052180000056978315
0.22340899999835528 1.00000761449337e-06
0.22191100000054576 0.005334999994374812
0.22191100000054576 1.00000761449337e-06
0.22195400000782683 0.005299000011291355
0.22195400000782683 0.0
0.22311700001591817 0.005278999975416809
0.22311700001591817 0.0
0.16723700001602992 0.003903000004356727
0.16723700001602992 0.0
0.20001400000182912 0.005281999998260289
0.20001400000182912 0.0
0.2241259999864269 0.005329999985406175
0.2241259999864269 0.0
0.22404000000096858 0.005388999998103827
0.22404000000096858 9.999785106629133e-07
0.2201960000093095 0.00535600000876002
0.2201960000093095 9.999785106629133e-07
0.21939899999415502 0.005258000019239262
0.21939899999415502 0.0
0.2197290000040084 0.005261999991489574
0.2197290000040084 1.00000761449337e-06
0.21836999998777173 0.005174999998416752
0.21836999998777173 1.00000761449337e-06
0.2160779999976512 0.004346000001532957
0.2160779999976512 0.0
0.22558800000115298 0.005415999999968335
0.22558800000115298 0.0
0.22469999999157153 0.005346999998437241
0.22469999999157153 9.999785106629133e-07
0.22804200000246055 0.005401999980676919
0.22804200000246055 0.0
0.22457099999883212 0.005300999997416511
0.22457099999883212 0.0
0.22667600002023391 0.005354000022634864
0.22667600002023391 1.00000761449337e-06
0.2252030000090599 0.005355000001145527
0.2252030000090599 9.999785106629133e-07
0.22559499999624677 0.005336000001989305
0.22559499999624677 0.0
0.22541799998725764 0.005311999993864447
0.22541799998725764 0.0
0.22466100001474842 0.005246000015176833
0.22466100001474842 0.0
0.21812899998622015 0.005398000008426607
0.21812899998622015 9.999785106629133e-07
0.2240579999925103 0.005352000007405877
0.2240579999925103 1.00000761449337e-06
0.23226300001260825 0.0054370000143535435
0.23226300001260825 0.0
0.2269910000031814 0.005329999985406175
0.2269910000031814 0.0
0.2257499999832362 0.005295000009937212
0.2257499999832362 0.0
0.22239799998351373 0.0051340000063646585
0.22239799998351373 1.00000761449337e-06
0.22911400001612492 0.005292999994708225
0.22911400001612492 1.00000761449337e-06
0.22575899999355897 0.005588999978499487
0.22575899999355897 9.999785106629133e-07
0.22648899999330752 0.005376999994041398
0.22648899999330752 1.00000761449337e-06
0.22379700001329184 0.005386000004364178
0.22379700001329184 1.00000761449337e-06
0.17192799999611452 0.0039920000126585364
0.17192799999611452 0.0
0.2393750000046566 0.005773000011686236
0.2393750000046566 0.0
0.20665599999483675 0.01170899998396635
0.20665599999483675 0.0
0.17537100001936778 0.004183000011835247
0.17537100001936778 0.0
0.17538400000194088 0.0042150000226683915
0.17538400000194088 0.0
0.17898999998578802 0.004583000001730397
0.17898999998578802 0.0
0.17863999999826774 0.00418699998408556
0.17863999999826774 0.0
0.17897300000186078 0.004309000010835007
0.17897300000186078 2.00001522898674e-06
0.1750620000238996 0.0041480000072624534
0.1750620000238996 0.0
0.17397499998332933 0.0047839999897405505
0.17397499998332933 1.00000761449337e-06
0.17293800000334159 0.004099000012502074
0.17293800000334159 1.00000761449337e-06
0.23466399998869747 0.0054390000004787
0.23466399998869747 0.0
0.22532599998521619 0.005348999984562397
0.22532599998521619 0.0
0.2255400000140071 0.00540200000978075
0.2255400000140071 0.0
0.22522900000330992 0.00544500001706183
0.22522900000330992 1.00000761449337e-06
0.2315070000186097 0.005496999976458028
0.2315070000186097 9.999785106629133e-07
0.2309769999992568 0.005628999992040917
0.2309769999992568 0.0
0.22940999999991618 0.005497999984072521
0.22940999999991618 9.999785106629133e-07
0.22757999997702427 0.0054419999942183495
0.22757999997702427 0.0
0.22831000000587665 0.005467000009957701
0.22831000000587665 0.0
0.20194900000933558 0.004574999999022111
0.20194900000933558 1.00000761449337e-06
0.2286090000125114 0.005372999992687255
0.2286090000125114 0.0
0.22381199998199008 0.005726999981561676
0.22381199998199008 1.00000761449337e-06
0.22675299999536946 0.0055970000103116035
0.22675299999536946 1.00000761449337e-06
0.23054799999226816 0.0055129999818746
0.23054799999226816 0.0
0.22896100001526065 0.005463000008603558
0.22896100001526065 0.0
0.22825500002363697 0.005430999997770414
0.22825500002363697 1.00000761449337e-06
0.22659599999315105 0.005284999991999939
0.22659599999315105 0.0
0.22756500000832602 0.00531300000147894
0.22756500000832602 0.0
INFO:sc2.protocol:Client status changed to Status.ended (was Status.in_game)
INFO:sc2.protocol:Client status changed to Status.ended (was Status.in_game)
INFO:root:Result for player 2 - Bot(Race.Terran, <bots.__examples__.nc_example_v6.drop_bot.DropBot object at 0x7f39c8daff60>): Defeat
INFO:root:Result for player 1 - Bot(Race.Terran, <bots.Showing_bot.speedBot.MarinBot object at 0x7f39d7e08f28>): Victory
INFO:sc2.client:Saved replay to outs/2020-01-17T11-28-03/replays/showing_bot-drop_bot/showing_bot-drop_bot-1.SC2Replay
INFO:sc2.protocol:Client status changed to Status.launched (was Status.ended)
INFO:sc2.protocol:Client status changed to Status.quit (was Status.launched)
INFO:sc2.sc2process:kill_switch: Process cleanup
INFO:sc2.sc2process:Cleaning up...
INFO:sc2.sc2process:Cleanup complete
INFO:sc2.sc2process:Cleaning up...
INFO:sc2.sc2process:Cleanup complete
INFO:sc2.protocol:Cannot receive: Connection already closed.
INFO:sc2.sc2process:kill_switch: Process cleanup
INFO:sc2.sc2process:Cleaning up...
INFO:sc2.sc2process:Cleanup complete
INFO:sc2.sc2process:Cleaning up...
INFO:sc2.sc2process:Cleanup complete


## STDERR ##

Version: B75689 (SC2.4.10)
Build: Aug 12 2019 17:16:57
Command Line: '"/home/hspark8312/StarCraftII/Versions/Base75689/SC2_x64" -listen 127.0.0.1 -port 18885 -displayMode 0 -dataDir /home/hspark8312/StarCraftII -tempDir /tmp/SC2_ay4rhkd3'
Starting up...
Startup Phase 1 complete
Version: B75689 (SC2.4.10)
Build: Aug 12 2019 17:16:57
Command Line: '"/home/hspark8312/StarCraftII/Versions/Base75689/SC2_x64" -listen 127.0.0.1 -port 22139 -displayMode 0 -dataDir /home/hspark8312/StarCraftII -tempDir /tmp/SC2_izdpkjcr'
Starting up...
Startup Phase 1 complete
Startup Phase 2 complete
Creating stub renderer...
Listening on: 127.0.0.1:18885
Startup Phase 3 complete. Ready for commands.
Startup Phase 2 complete
Creating stub renderer...
ConnectHandler: Request from 127.0.0.1:54639 accepted
ReadyHandler: 127.0.0.1:54639 ready
Listening on: 127.0.0.1:22139
Startup Phase 3 complete. Ready for commands.
Requesting to join a multiplayer game
Configuring interface options
Configure: raw interface enabled
Configure: feature layer interface enabled
Configure: score interface enabled
Configure: render interface disabled
Create game with map path: NCFellowship-2019_m1_v6.SC2Map
ConnectHandler: Request from 127.0.0.1:54640 accepted
ReadyHandler: 127.0.0.1:54640 ready
Requesting to join a multiplayer game
Configuring interface options
Configure: raw interface enabled
Configure: feature layer interface enabled
Configure: score interface enabled
Configure: render interface disabled
Attempting to join a game with the map: NCFellowship-2019_m1_v6.SC2Map
Game has started.
Using default stable ids, none found at: /home/hspark8312/StarCraftII/stableid.json
Successfully loaded stable ids: GameData\stableid.json
Sending ResponseJoinGame
Game has started.
Using default stable ids, none found at: /home/hspark8312/StarCraftII/stableid.json
Successfully loaded stable ids: GameData\stableid.json
Sending ResponseJoinGame
RequestQuit command received.
Closing Application...
CloseHandler: 127.0.0.1:54640 disconnected
Terminate action already called.
/home/hspark8312/anaconda3/envs/sc2/lib/python3.6/importlib/_bootstrap.py:219: RuntimeWarning: numpy.ufunc size changed, may indicate binary incompatibility. Expected 192 from C header, got 216 from PyObject
  return f(*args, **kwds)
/home/hspark8312/anaconda3/envs/sc2/lib/python3.6/importlib/_bootstrap.py:219: RuntimeWarning: numpy.ufunc size changed, may indicate binary incompatibility. Expected 192 from C header, got 216 from PyObject
  return f(*args, **kwds)
/home/hspark8312/anaconda3/envs/sc2/lib/python3.6/site-packages/tensorboard/compat/tensorflow_stub/dtypes.py:541: FutureWarning: Passing (type, 1) or '1type' as a synonym of type is deprecated; in a future version of numpy, it will be understood as (type, (1,)) / '(1,)type'.
  _np_qint8 = np.dtype([("qint8", np.int8, 1)])
/home/hspark8312/anaconda3/envs/sc2/lib/python3.6/site-packages/past/builtins/misc.py:45: DeprecationWarning: the imp module is deprecated in favour of importlib; see the module's documentation for alternative uses
  from imp import reload
/mnt/d/sc2minigame-eval-2020-01-09/bots/Showing_bot/speedBot.py:1643: RuntimeWarning: coroutine 'TerreinManager.debug' was never awaited
  self.terrein_manager.debug()
