## STDOUT ##

[[92mINFO[0m] SC2 4.9.0 용 패치 적용
패치 sc2.ids.ability_id
패치 sc2.game_state
패치 sc2.bot_ai
패치 sc2.client
패치 sc2.controller
패치 sc2.main
INFO:root:Failed to import cuda module: No module named 'caffe2.python.caffe2_pybind11_state_gpu'
INFO:root:Failed to import AMD hip module: No module named 'caffe2.python.caffe2_pybind11_state_hip'
WARNING:root:This caffe2 python run does not have GPU support. Will run in CPU only mode.
cpu
INFO:sc2.protocol:Client status changed to Status.launched (was None)
INFO:sc2_patch.sc2_patch_490.controller:Creating new game
INFO:sc2_patch.sc2_patch_490.controller:Map:     NCFellowship-2019_m1_v6
INFO:sc2_patch.sc2_patch_490.controller:Players: Bot(Race.Terran, <bots.Showing_bot.speedBot.MarinBot object at 0x7ffb03c58f28>), Bot(Race.Terran, <bots.__examples__.nc_example_v6.drop_bot.DropBot object at 0x7ffaf4c00f60>)
INFO:sc2.protocol:Client status changed to Status.init_game (was Status.launched)
INFO:sc2.protocol:Client status changed to Status.launched (was None)
INFO:sc2.protocol:Client status changed to Status.in_game (was None)
INFO:root:Player 2 - Bot(Race.Terran, <bots.__examples__.nc_example_v6.drop_bot.DropBot object at 0x7ffaf4c00f60>)
TEST: 2, <bots.__examples__.nc_example_v6.drop_bot.DropBot object at 0x7ffaf4c00f60>
INFO:sc2.protocol:Client status changed to Status.in_game (was None)
INFO:root:Player 1 - Bot(Race.Terran, <bots.Showing_bot.speedBot.MarinBot object at 0x7ffb03c58f28>)
TEST: 1, <bots.Showing_bot.speedBot.MarinBot object at 0x7ffb03c58f28>
load model: bots/Showing_bot/models/model-89.pt
create new model
0.04618000000482425 0.0028239999955985695
0.04618000000482425 9.999785106629133e-07
0.04591499999514781 0.0021640000049956143
0.04591499999514781 1.00000761449337e-06
0.0459499999997206 0.0016039999900385737
0.0459499999997206 1.00000761449337e-06
0.04576400000951253 0.0011449999874457717
0.04576400000951253 0.0
0.045796999998856336 0.0013259999977890402
0.045796999998856336 0.0
0.04656700001214631 0.0012210000131744891
0.04656700001214631 0.0
0.0465120000008028 0.001348999998299405
0.0465120000008028 9.999785106629133e-07
0.04591799998888746 0.0011550000053830445
0.04591799998888746 1.00000761449337e-06
0.046762999991187826 0.0014059999957680702
0.046762999991187826 0.0
0.04715900000883266 0.0011200000008102506
0.04715900000883266 0.0
0.04714499998954125 0.0011709999816957861
0.04714499998954125 0.0
0.04560100001981482 0.0011070000182371587
0.04560100001981482 0.0
0.0456959999864921 0.001109000004362315
0.0456959999864921 0.0
0.046931999997468665 0.001180999999633059
0.046931999997468665 0.0
0.04640399999334477 0.0012189999979455024
0.04640399999334477 1.00000761449337e-06
0.04607199999736622 0.0012430000060703605
0.04607199999736622 1.00000761449337e-06
0.04615800001192838 0.00120599998626858
0.04615800001192838 0.0
0.04640699998708442 0.0011660000018309802
0.04640699998708442 0.0
0.045777999999700114 0.0011029999877791852
0.045777999999700114 0.0
0.04574899998260662 0.001176000019768253
0.04574899998260662 0.0
0.04921999998623505 0.001424999994924292
0.04921999998623505 0.0
0.052838999981759116 0.0029320000030566007
0.052838999981759116 0.0
0.04833300001337193 0.0012419999984558672
0.04833300001337193 9.999785106629133e-07
0.04856000002473593 0.0012250000145286322
0.04856000002473593 9.999785106629133e-07
0.04966200000490062 0.0012390000047162175
0.04966200000490062 0.0
0.04905999999027699 0.0011789999844040722
0.04905999999027699 0.0
0.04840799997327849 0.001201000006403774
0.04840799997327849 0.0
0.04853400000138208 0.001180000021122396
0.04853400000138208 0.0
0.04834300000220537 0.0011719999893102795
0.04834300000220537 1.00000761449337e-06
0.048993000003974885 0.001213999988976866
0.048993000003974885 0.0
0.04990000001271255 0.0012940000160597265
0.04990000001271255 1.00000761449337e-06
0.05045599999721162 0.0013749999925494194
0.05045599999721162 0.0
0.051196000014897436 0.0012149999965913594
0.051196000014897436 0.0
0.0511570000089705 0.0013309999776538461
0.0511570000089705 1.00000761449337e-06
0.053785999974934384 0.0012830000196117908
0.053785999974934384 1.00000761449337e-06
0.06536599999526516 0.0019810000085271895
0.06536599999526516 0.0
0.06737399997655302 0.0013709999911952764
0.06737399997655302 0.0
0.05433799998718314 0.0015910000074654818
0.05433799998718314 0.0
0.05368099999031983 0.0012679999927058816
0.05368099999031983 0.0
0.054162999993423 0.0013559999933931977
0.054162999993423 0.0
changed strategy
0.07665400000405498 0.001504000014392659
0.07665400000405498 1.00000761449337e-06
0.0679439999803435 0.001947999990079552
0.0679439999803435 1.00000761449337e-06
0.07155699998838827 0.0017989999905694276
0.07155699998838827 0.0
0.07200499999453314 0.0017759999900590628
0.07200499999453314 9.999785106629133e-07
0.07007400001748465 0.0018620000046212226
0.07007400001748465 1.00000761449337e-06
0.06439899999531917 0.0021749999723397195
0.06439899999531917 0.0
0.0581160000001546 0.0013190000026952475
0.0581160000001546 0.0
0.05557200001203455 0.0013730000064242631
0.05557200001203455 1.00000761449337e-06
0.059944999986328185 0.0018139999883715063
0.059944999986328185 0.0
0.061431000009179115 0.001437999977497384
0.061431000009179115 1.00000761449337e-06
0.05956300001707859 0.003380000009201467
0.05956300001707859 0.0
0.05702999999630265 0.0015309999871533364
0.05702999999630265 0.0
0.06324700001277961 0.001990999997360632
0.06324700001277961 0.0
0.06870900001376867 0.0018819999822881073
0.06870900001376867 0.0
0.0654670000076294 0.0017819999775383621
0.0654670000076294 0.0
0.07100599998375401 0.002187000005505979
0.07100599998375401 0.0
0.07563400000799447 0.0021040000137872994
0.07563400000799447 0.0
0.0701909999770578 0.0014610000071115792
0.0701909999770578 1.00000761449337e-06
0.07447000002139248 0.0018400000117253512
0.07447000002139248 1.00000761449337e-06
0.07413600001018494 0.0018410000193398446
0.07413600001018494 0.0
0.07614200000534765 0.002003999979933724
0.07614200000534765 1.00000761449337e-06
0.054407000017818063 0.0014850000152364373
0.054407000017818063 0.0
0.05423000000882894 0.0013519999920390546
0.05423000000882894 9.999785106629133e-07
0.054545999999390915 0.0013249999901745468
0.054545999999390915 9.999785106629133e-07
0.05364200001349673 0.0013220000255387276
0.05364200001349673 1.00000761449337e-06
0.05400599999120459 0.0013550000148825347
0.05400599999120459 0.0
0.05517100001452491 0.0012710000155493617
0.05517100001452491 1.00000761449337e-06
0.054077999986475334 0.001277000003028661
0.054077999986475334 0.0
0.05356099997879937 0.001293000008445233
0.05356099997879937 0.0
0.05420300000696443 0.0012789999891538173
0.05420300000696443 1.00000761449337e-06
0.05747700002393685 0.0014690000098198652
0.05747700002393685 0.0
0.05673399998340756 0.001357000001007691
0.05673399998340756 0.0
0.05626699997810647 0.0013800000015180558
0.05626699997810647 0.0
0.05867900000885129 0.0014469999878201634
0.05867900000885129 0.0
0.05941099999472499 0.0014150000060908496
0.05941099999472499 0.0
0.059428000007756054 0.0017679999873507768
0.059428000007756054 1.00000761449337e-06
0.05897099999128841 0.0014350000128615648
0.05897099999128841 0.0
0.06458100001327693 0.003638000023784116
0.06458100001327693 1.00000761449337e-06
0.06315299999550916 0.0017899999802466482
0.06315299999550916 0.0
0.06126000001677312 0.001720000000204891
0.06126000001677312 0.0
0.06284100000630133 0.0016199999954551458
0.06284100000630133 0.0
0.06097999998019077 0.001736000005621463
0.06097999998019077 0.0
0.056799999991199 0.0013730000064242631
0.056799999991199 0.0
0.05619999999180436 0.0013990000006742775
0.05619999999180436 0.0
0.07523099999525584 0.0024630000116303563
0.07523099999525584 0.0
0.07075399998575449 0.002445999998599291
0.07075399998575449 0.0
0.07271700000273995 0.002070999995339662
0.07271700000273995 0.0
0.062288999994052574 0.0019659999816212803
0.062288999994052574 1.00000761449337e-06
0.07592299999669194 0.0022640000097453594
0.07592299999669194 9.999785106629133e-07
0.07287400000495836 0.002271000004839152
0.07287400000495836 0.0
0.0512589999998454 0.0013970000145491213
0.0512589999998454 0.0
0.04892999998992309 0.0015499999863095582
0.04892999998992309 1.00000761449337e-06
0.04870499999378808 0.0014610000071115792
0.04870499999378808 0.0
0.046981000021332875 0.0012020000140182674
0.046981000021332875 0.0
0.045968999998876825 0.001500000013038516
0.045968999998876825 0.0
0.04621600001701154 0.0012119999737478793
0.04621600001701154 0.0
0.0459850000042934 0.0011919999960809946
0.0459850000042934 0.0
0.04687099999864586 0.0011560000129975379
0.04687099999864586 0.0
0.046452000009594485 0.0011769999982789159
0.046452000009594485 0.0
0.04702500000712462 0.0011949999898206443
0.04702500000712462 0.0
0.04928900001686998 0.001449999981559813
0.04928900001686998 0.0
0.04913100000703707 0.0011590000067371875
0.04913100000703707 0.0
0.04884600001969375 0.0014370000280905515
0.04884600001969375 0.0
0.04847799998242408 0.001476000004913658
0.04847799998242408 0.0
0.04875699998228811 0.0012200000055599958
0.04875699998228811 1.00000761449337e-06
0.04830899997614324 0.0012290000158827752
0.04830899997614324 0.0
0.04875800001900643 0.0012060000153724104
0.04875800001900643 0.0
0.04884499998297542 0.00117200001841411
0.04884499998297542 9.999785106629133e-07
0.0484969999815803 0.0011910000175703317
0.0484969999815803 0.0
0.049746999982744455 0.0012229999992996454
0.049746999982744455 0.0
0.048441999999340624 0.0011769999982789159
0.048441999999340624 0.0
0.04839199999696575 0.0011989999911747873
0.04839199999696575 0.0
0.048282000003382564 0.0012109999952372164
0.048282000003382564 0.0
0.04867999997804873 0.001180999999633059
0.04867999997804873 0.0
0.04870200000004843 0.001180000021122396
0.04870200000004843 9.999785106629133e-07
0.04848299999139272 0.0011829999857582152
0.04848299999139272 0.0
0.04843999998411164 0.001184000022476539
0.04843999998411164 0.0
0.06717500000377186 0.0017050000024028122
0.06717500000377186 0.0
0.0667410000169184 0.001656000007642433
0.0667410000169184 0.0
0.0664810000162106 0.0017090000037569553
0.0664810000162106 0.0
0.06079600000521168 0.0014540000120177865
0.06079600000521168 0.0
0.05079199999454431 0.0012350000033620745
0.05079199999454431 1.00000761449337e-06
0.05112099999678321 0.0012570000253617764
0.05112099999678321 0.0
0.05100899998797104 0.0012589999823831022
0.05100899998797104 1.00000761449337e-06
0.05159000001731329 0.0012500000011641532
0.05159000001731329 0.0
0.05237900000065565 0.0012379999971017241
0.05237900000065565 9.999785106629133e-07
0.051570999989053234 0.0012450000212993473
0.051570999989053234 0.0
0.05161500000394881 0.0012709999864455312
0.05161500000394881 0.0
0.05219799999031238 0.0012409999908413738
0.05219799999031238 1.00000761449337e-06
0.05266799998935312 0.0012759999954141676
0.05266799998935312 9.999785106629133e-07
0.051214000006439164 0.0012510000087786466
0.051214000006439164 9.999785106629133e-07
0.051497999986168 0.00128599998424761
0.051497999986168 0.0
0.052325000026030466 0.0013100000214762986
0.052325000026030466 0.0
0.054577000002609566 0.0013230000040493906
0.054577000002609566 0.0
0.0558479999890551 0.0019299999985378236
0.0558479999890551 9.999785106629133e-07
0.05637899998691864 0.0014190000074449927
0.05637899998691864 0.0
0.05661400000099093 0.0014270000101532787
0.05661400000099093 1.00000761449337e-06
0.05752300002495758 0.0013760000001639128
0.05752300002495758 0.0
0.05696200000238605 0.0014530000044032931
0.05696200000238605 1.00000761449337e-06
0.05509599999641068 0.0013420000032056123
0.05509599999641068 0.0
0.05566199999884702 0.0013459999754559249
0.05566199999884702 1.00000761449337e-06
0.05711300001712516 0.0013840000028721988
0.05711300001712516 0.0
0.057800999988103285 0.001416999992216006
0.057800999988103285 9.999785106629133e-07
0.05617799999890849 0.0014039999805390835
0.05617799999890849 0.0
0.05561899999156594 0.0013709999911952764
0.05561899999156594 1.00000761449337e-06
0.05580899998312816 0.0014919999812263995
0.05580899998312816 0.0
0.07829899998614565 0.0021370000031311065
0.07829899998614565 1.00000761449337e-06
0.07880700001260266 0.0019280000124126673
0.07880700001260266 0.0
0.06856499999412335 0.001516999996965751
0.06856499999412335 0.0
0.05468499998096377 0.0013740000140387565
0.05468499998096377 0.0
0.058698999986518174 0.0015819999971427023
0.058698999986518174 0.0
0.0697199999995064 0.001580000011017546
0.0697199999995064 1.00000761449337e-06
0.06013100000564009 0.0015469999925699085
0.06013100000564009 0.0
0.06399200001033023 0.0019600000232458115
0.06399200001033023 0.0
0.07607000001007691 0.0016750000067986548
0.07607000001007691 0.0
0.05902899999637157 0.0015050000220071524
0.05902899999637157 0.0
0.06031000000075437 0.0015359999961219728
0.06031000000075437 0.0
0.06711799997719936 0.0016279999981634319
0.06711799997719936 0.0
0.06243300001369789 0.00165200000628829
0.06243300001369789 1.00000761449337e-06
0.06202599999960512 0.001520999998319894
0.06202599999960512 0.0
0.06207899999571964 0.001517999975476414
0.06207899999571964 9.999785106629133e-07
0.061430999980075285 0.00173200000426732
0.061430999980075285 0.0
0.059148000000277534 0.0018470000068191439
0.059148000000277534 0.0
0.05874999999650754 0.0014420000079553574
0.05874999999650754 0.0
0.05908000000636093 0.001680999994277954
0.05908000000636093 0.0
0.05908800000906922 0.0016849999956320971
0.05908800000906922 9.999785106629133e-07
0.05841499997768551 0.0017370000132359564
0.05841499997768551 9.999785106629133e-07
0.058646999998018146 0.001804999978048727
0.058646999998018146 1.00000761449337e-06
0.058686999982455745 0.001652999984798953
0.058686999982455745 0.0
0.078719999990426 0.002570999989984557
0.078719999990426 0.0
0.08378999997512437 0.002314999990630895
0.08378999997512437 0.0
0.06181100002140738 0.0016989999858196825
0.06181100002140738 1.00000761449337e-06
0.08052099999622442 0.002291000011609867
0.08052099999622442 0.0
0.0591769999882672 0.0016820000018924475
0.0591769999882672 9.999785106629133e-07
0.08618600000045262 0.004997999989427626
0.08618600000045262 1.00000761449337e-06
0.07184699998470023 0.004171000007772818
0.07184699998470023 0.0
0.0922650000138674 0.0052140000043436885
0.0922650000138674 0.0
0.09248900000238791 0.004248000012012199
0.09248900000238791 0.0
0.1284999999916181 0.007435999985318631
0.1284999999916181 1.00000761449337e-06
0.12970099999802187 0.003882999997586012
0.12970099999802187 0.0
0.08388900000136346 0.0020450000010896474
0.08388900000136346 0.0
0.0845850000041537 0.0020810000132769346
0.0845850000041537 0.0
0.1146030000236351 0.00282100000185892
0.1146030000236351 9.999785106629133e-07
0.11484599998220801 0.0027969999937340617
0.11484599998220801 0.0
0.08475100001669489 0.002079999976558611
0.08475100001669489 1.00000761449337e-06
0.0924970000050962 0.0022049999970477074
0.0924970000050962 1.00000761449337e-06
0.09174400000483729 0.002351999981328845
0.09174400000483729 0.0
0.07853199998498894 0.0017689999949652702
0.07853199998498894 0.0
0.06626700001652353 0.0016149999864865094
0.06626700001652353 9.999785106629133e-07
0.09097499999916181 0.0022600000083912164
0.09097499999916181 0.0
0.09452000001328997 0.00229800000670366
0.09452000001328997 0.0
0.0912720000196714 0.002410000015515834
0.0912720000196714 1.00000761449337e-06
0.09243200000491925 0.0021969999943394214
0.09243200000491925 9.999785106629133e-07
0.09559099999023601 0.0024890000058803707
0.09559099999023601 0.0
0.090262999990955 0.0022270000190474093
0.090262999990955 0.0
0.09361099998932332 0.0022579999931622297
0.09361099998932332 1.00000761449337e-06
0.09585099999094382 0.00229199999012053
0.09585099999094382 0.0
0.09348000001045875 0.0024150000244844705
0.09348000001045875 1.00000761449337e-06
0.06904500001110137 0.0016710000054445118
0.06904500001110137 1.00000761449337e-06
0.09317099998588674 0.002290000003995374
0.09317099998588674 1.00000761449337e-06
0.09461400000145659 0.0022849999950267375
0.09461400000145659 1.00000761449337e-06
0.0943120000010822 0.0022499999904539436
0.0943120000010822 9.999785106629133e-07
0.06934000001638196 0.0017709999810904264
0.06934000001638196 0.0
0.06892599997809157 0.0017290000105276704
0.06892599997809157 0.0
0.0687210000178311 0.0016710000054445118
0.0687210000178311 1.00000761449337e-06
0.09257900001830421 0.002283999987412244
0.09257900001830421 1.00000761449337e-06
0.06650700001046062 0.0016279999981634319
0.06650700001046062 1.00000761449337e-06
0.06724499998381361 0.0016220000106841326
0.06724499998381361 9.999785106629133e-07
0.08955099998274818 0.0021929999929852784
0.08955099998274818 0.0
0.08988500002305955 0.002127000014297664
0.08988500002305955 1.00000761449337e-06
0.06961399997817352 0.0016590000013820827
0.06961399997817352 1.00000761449337e-06
0.07584800000768155 0.0018019999843090773
0.07584800000768155 9.999785106629133e-07
0.07886999999755062 0.0019040000042878091
0.07886999999755062 0.0
0.09627400001045316 0.002961999998660758
0.09627400001045316 0.0
0.10413100000005215 0.005921000003581867
0.10413100000005215 0.0
0.10477899998659268 0.002869999996619299
0.10477899998659268 9.999785106629133e-07
0.09675799999968149 0.0024320000084117055
0.09675799999968149 0.0
0.09911599999759346 0.002402999991318211
0.09911599999759346 0.0
0.09938500000862405 0.0023970000038389117
0.09938500000862405 1.00000761449337e-06
0.09994900002493523 0.0024890000058803707
0.09994900002493523 0.0
0.10141000000294298 0.002517000015359372
0.10141000000294298 0.0
0.09440000000176951 0.002322000014828518
0.09440000000176951 0.0
0.07721800002036616 0.0018709999858401716
0.07721800002036616 0.0
0.07642000002670102 0.0018940000154543668
0.07642000002670102 0.0
0.07632500000181608 0.0018660000059753656
0.07632500000181608 9.999785106629133e-07
0.07416899999952875 0.001816000003600493
0.07416899999952875 0.0
0.09792000000015832 0.0025679999962449074
0.09792000000015832 9.999785106629133e-07
0.0982979999971576 0.0023710000095888972
0.0982979999971576 0.0
0.07177100001717918 0.0017380000208504498
0.07177100001717918 1.00000761449337e-06
0.06864399998448789 0.0020460000087041408
0.06864399998448789 0.0
0.06946400000015274 0.0016879999893717468
0.06946400000015274 0.0
0.06879699998535216 0.0016499999910593033
0.06879699998535216 0.0
0.0684659999969881 0.0016590000013820827
0.0684659999969881 0.0
0.06972400000086054 0.0017430000007152557
0.06972400000086054 1.00000761449337e-06
0.07244200000423007 0.0017389999993611127
0.07244200000423007 1.00000761449337e-06
0.07101699998020194 0.00173200000426732
0.07101699998020194 1.00000761449337e-06
0.07142500000190921 0.0017660000012256205
0.07142500000190921 0.0
0.07157100000767969 0.0017109999898821115
0.07157100000767969 1.00000761449337e-06
0.07128099998226389 0.0017140000127255917
0.07128099998226389 0.0
0.07150199997704476 0.0017170000064652413
0.07150199997704476 0.0
0.07918699999572709 0.0023050000017974526
0.07918699999572709 0.0
0.07190800001262687 0.0017490000172983855
0.07190800001262687 1.00000761449337e-06
0.09678800002438948 0.002353000018047169
0.09678800002438948 0.0
0.09721999999601394 0.002375999989453703
0.09721999999601394 0.0
0.07205800001975149 0.0017099999822676182
0.07205800001975149 0.0
0.0736439999891445 0.0017210000078193843
0.0736439999891445 0.0
0.07405199998174794 0.0017720000178087503
0.07405199998174794 0.0
0.09993399999802932 0.0024400000111199915
0.09993399999802932 1.00000761449337e-06
0.07500100001925603 0.001756999990902841
0.07500100001925603 0.0
0.10710300001665018 0.0026200000138487667
0.10710300001665018 0.0
0.09943699999712408 0.002197000023443252
0.09943699999712408 0.0
0.11232499999459833 0.002722999983234331
0.11232499999459833 1.00000761449337e-06
0.11201700000674464 0.002650000009452924
0.11201700000674464 0.0
0.11621899998863228 0.002793999999994412
0.11621899998863228 1.00000761449337e-06
0.08405199999106117 0.0020380000059958547
0.08405199999106117 0.0
0.08348200001637451 0.002031999989412725
0.08348200001637451 0.0
0.11398799999733455 0.0027600000030361116
0.11398799999733455 1.00000761449337e-06
0.11282700000447221 0.0027589999954216182
0.11282700000447221 0.0
0.11271899999701418 0.0027750000008381903
0.11271899999701418 1.00000761449337e-06
0.11433800001395866 0.0028260000108275563
0.11433800001395866 1.00000761449337e-06
0.11596299998927861 0.002906999987317249
0.11596299998927861 0.0
0.11758399999234825 0.00285799999255687
0.11758399999234825 0.0
0.11855499999364838 0.0028790000069420785
0.11855499999364838 9.999785106629133e-07
0.11687999998684973 0.002841999987140298
0.11687999998684973 9.999785106629133e-07
0.10318400000687689 0.002291000011609867
0.10318400000687689 1.00000761449337e-06
0.11572000000160187 0.002862999972421676
0.11572000000160187 0.0
0.10504799999762326 0.002437000017380342
0.10504799999762326 1.00000761449337e-06
0.11959400001796894 0.002993000001879409
0.11959400001796894 1.00000761449337e-06
0.12234400000306778 0.0029710000089835376
0.12234400000306778 0.0
0.11933200000203215 0.002519000001484528
0.11933200000203215 0.0
0.09555399999953806 0.002449999999953434
0.09555399999953806 0.0
0.09600200000568293 0.0022779999999329448
0.09600200000568293 0.0
0.09422800000174902 0.002271999983349815
0.09422800000174902 9.999785106629133e-07
0.09543899999698624 0.0024470000062137842
0.09543899999698624 1.00000761449337e-06
0.09203599998727441 0.0021610000112559646
0.09203599998727441 0.0
0.09181700000772253 0.002271999983349815
0.09181700000772253 9.999785106629133e-07
0.0918379999930039 0.002263999980641529
0.0918379999930039 1.00000761449337e-06
0.09419900001375936 0.0021730000153183937
0.09419900001375936 0.0
0.0890779999899678 0.0021859999978914857
0.0890779999899678 0.0
0.12320699999690987 0.0029079999949317425
0.12320699999690987 0.0
0.12171700000180863 0.0028939999756403267
0.12171700000180863 0.0
0.12165099999401718 0.002905000001192093
0.12165099999401718 1.00000761449337e-06
0.08983499999158084 0.0022009999956935644
0.08983499999158084 0.0
0.09022700000787154 0.0021800000104121864
0.09022700000787154 0.0
0.12155499999062158 0.0029189999913796782
0.12155499999062158 0.0
0.1272400000016205 0.003049999999348074
0.1272400000016205 0.0
0.0949079999991227 0.0023629999777767807
0.0949079999991227 1.00000761449337e-06
0.09530000001541339 0.002374000003328547
0.09530000001541339 0.0
0.12528199999360368 0.003009000007295981
0.12528199999360368 1.00000761449337e-06
0.12872099998639897 0.00310700002592057
0.12872099998639897 1.00000761449337e-06
0.11298299999907613 0.002630999981192872
0.11298299999907613 0.0
0.10322600000654347 0.0026599999982863665
0.10322600000654347 1.00000761449337e-06
0.12719400000059977 0.0030410000181291252
0.12719400000059977 1.00000761449337e-06
0.12509400001727045 0.0030820000101812184
0.12509400001727045 0.0
0.09158599999500439 0.002134000009391457
0.09158599999500439 1.00000761449337e-06
0.10886200002278201 0.0028300000121816993
0.10886200002278201 0.0
0.13993499998468906 0.003388000011909753
0.13993499998468906 0.0
0.1166860000230372 0.007210000010672957
0.1166860000230372 0.0
0.11888400002499111 0.003244999999878928
0.11888400002499111 1.00000761449337e-06
0.16135099998791702 0.009451999998418614
0.16135099998791702 1.00000761449337e-06
0.13219800000661053 0.007278000004589558
0.13219800000661053 0.0
0.12754499999573454 0.00349799997638911
0.12754499999573454 0.0
0.11570899997605011 0.0027669999981299043
0.11570899997605011 1.00000761449337e-06
0.11583900000550784 0.0027800000098068267
0.11583900000550784 0.0
0.1142519999993965 0.0028230000170879066
0.1142519999993965 0.0
0.10957699999562465 0.002693999995244667
0.10957699999562465 9.999785106629133e-07
0.1089219999848865 0.0027289999998174608
0.1089219999848865 9.999785106629133e-07
0.09540999997989275 0.0024510000075679272
0.09540999997989275 0.0
0.11301699999603443 0.003099000023212284
0.11301699999603443 1.00000761449337e-06
0.12591000000247732 0.0030120000010356307
0.12591000000247732 0.0
0.11378200000035577 0.0028239999955985695
0.11378200000035577 0.0
0.12462799999048002 0.0030670000123791397
0.12462799999048002 1.00000761449337e-06
0.12474900000961497 0.0030359999800566584
0.12474900000961497 1.00000761449337e-06
0.12661400000797585 0.0029389999981503934
0.12661400000797585 1.00000761449337e-06
0.12822300000698306 0.003240000020014122
0.12822300000698306 0.0
0.12540600000647828 0.003105000010691583
0.12540600000647828 2.300000051036477e-05
0.09194799998658709 0.0022129999997559935
0.09194799998658709 9.999785106629133e-07
0.12729800000670366 0.002993000001879409
0.12729800000670366 0.0
0.1275080000050366 0.003015000023879111
0.1275080000050366 0.0
0.1268770000024233 0.0030310000001918525
0.1268770000024233 0.0
0.1265410000050906 0.0030310000001918525
0.1265410000050906 1.00000761449337e-06
0.1272099999769125 0.0031820000149309635
0.1272099999769125 1.00000761449337e-06
0.13079699999070726 0.0030439999827649444
0.13079699999070726 9.999785106629133e-07
0.12788300000829622 0.003195000026607886
0.12788300000829622 1.00000761449337e-06
0.13008999999146909 0.0030310000001918525
0.13008999999146909 0.0
0.11376199999358505 0.0025270000041928142
0.11376199999358505 0.0
0.12882399998488836 0.003037999995285645
0.12882399998488836 1.00000761449337e-06
0.1284670000022743 0.003112000005785376
0.1284670000022743 9.999785106629133e-07
0.12843000001157634 0.003321999975014478
0.12843000001157634 0.0
0.09593099998892285 0.0024689999991096556
0.09593099998892285 1.00000761449337e-06
0.09446799999568611 0.0024200000043492764
0.09446799999568611 0.0
0.0948109999881126 0.002375999989453703
0.0948109999881126 0.0
0.1293780000123661 0.0030780000088270754
0.1293780000123661 1.00000761449337e-06
0.11313399998471141 0.0025639999948907644
0.11313399998471141 0.0
0.1267050000024028 0.0026889999862760305
0.1267050000024028 0.0
0.13084800000069663 0.003244999999878928
0.13084800000069663 1.00000761449337e-06
0.12010100000770763 0.0027030000055674464
0.12010100000770763 1.00000761449337e-06
0.11704100001952611 0.0032060000230558217
0.11704100001952611 1.00000761449337e-06
0.13782000000355765 0.0033999999868683517
0.13782000000355765 0.0
0.10029400000348687 0.002670999994734302
0.10029400000348687 0.0
0.10031400001025759 0.0024750000156927854
0.10031400001025759 1.00000761449337e-06
0.10465199997997843 0.0025369999930262566
0.10465199997997843 0.0
0.13399199998821132 0.0032260000007227063
0.13399199998821132 1.00000761449337e-06
0.128376999986358 0.0031500000040978193
0.128376999986358 0.0
0.12856100001954474 0.0030310000001918525
0.12856100001954474 0.0
0.13314099999843165 0.003188000002410263
0.13314099999843165 0.0
0.13259799999650568 0.0031849999795667827
0.13259799999650568 0.0
0.12878600001567975 0.002817000000504777
0.12878600001567975 0.0
0.13647100000525825 0.007902000012109056
0.13647100000525825 0.0
0.0964840000087861 0.002482999989297241
0.0964840000087861 1.00000761449337e-06
0.0981749999918975 0.002330999996047467
0.0981749999918975 0.0
0.09458200001972727 0.0022739999985788018
0.09458200001972727 0.0
0.1276450000004843 0.0030829999886918813
0.1276450000004843 1.00000761449337e-06
0.12992100001429208 0.0031069999968167394
0.12992100001429208 0.0
0.1272469999967143 0.003044999990379438
0.1272469999967143 1.00000761449337e-06
0.12825900001917034 0.003038999973796308
0.12825900001917034 1.00000761449337e-06
0.12451900000451133 0.0031410000228788704
0.12451900000451133 1.00000761449337e-06
0.12658399998326786 0.002984999999171123
0.12658399998326786 0.0
0.12224199998308904 0.003128000011201948
0.12224199998308904 0.0
0.1273090000031516 0.002966000000014901
0.1273090000031516 1.00000761449337e-06
0.11732300001312979 0.003045999997993931
0.11732300001312979 9.999785106629133e-07
0.09428499999921769 0.0022579999931622297
0.09428499999921769 0.0
0.09398000000510365 0.0022440000029746443
0.09398000000510365 0.0
0.09554100001696497 0.0023010000004433095
0.09554100001696497 0.0
0.09407000002101995 0.0022760000138077885
0.09407000002101995 0.0
0.09795699999085627 0.0023410000139847398
0.09795699999085627 0.0
0.09734799998113886 0.00241499999538064
0.09734799998113886 0.0
0.0976410000002943 0.0023199999995995313
0.0976410000002943 1.00000761449337e-06
0.09792400000151247 0.002353000018047169
0.09792400000151247 9.999785106629133e-07
0.09954100000322796 0.0023589999764226377
0.09954100000322796 0.0
0.09939899999881163 0.0023830000136513263
0.09939899999881163 0.0
0.1022909999883268 0.002435000002151355
0.1022909999883268 0.0
0.10231600000406615 0.0027030000055674464
0.10231600000406615 0.0
0.1052860000054352 0.0025310000055469573
0.1052860000054352 0.0
0.1041220000188332 0.0025599999935366213
0.1041220000188332 0.0
0.1069149999821093 0.002598999999463558
0.1069149999821093 0.0
0.1044629999960307 0.002533999999286607
0.1044629999960307 0.0
0.10439799999585375 0.002482000010786578
0.10439799999585375 1.00000761449337e-06
0.1044230000115931 0.0025229999737348408
0.1044230000115931 0.0
0.10683699999935925 0.0025400000158697367
0.10683699999935925 1.00000761449337e-06
0.10226300000795163 0.002426999999443069
0.10226300000795163 1.00000761449337e-06
0.10236099999747239 0.0024850000045262277
0.10236099999747239 0.0
0.1035390000033658 0.0024899999843910336
0.1035390000033658 0.0
0.1025919999810867 0.0024679999914951622
0.1025919999810867 9.999785106629133e-07
0.10207699998863973 0.0024489999923389405
0.10207699998863973 0.0
0.10700099999667145 0.0025690000038594007
0.10700099999667145 0.0
0.10722700000042096 0.0026450000004842877
0.10722700000042096 1.00000761449337e-06
0.10684600000968203 0.0026110000035259873
0.10684600000968203 1.00000761449337e-06
0.14396100002340972 0.0034340000129304826
0.14396100002340972 1.00000761449337e-06
0.1463289999810513 0.00358700001379475
0.1463289999810513 0.0
0.10748999999486841 0.0025880000030156225
0.10748999999486841 9.999785106629133e-07
0.10786899999948218 0.0026609999767970294
0.10786899999948218 1.00000761449337e-06
0.10811100000864826 0.002570999989984557
0.10811100000864826 0.0
0.10788199998205528 0.0025840000016614795
0.10788199998205528 0.0
0.10720600001513958 0.002593999990494922
0.10720600001513958 0.0
0.10980499998549931 0.0026230000075884163
0.10980499998549931 1.00000761449337e-06
0.11084100001608022 0.0026329999964218587
0.11084100001608022 0.0
0.11092000000644475 0.002674999996088445
0.11092000000644475 0.0
0.11167199999908917 0.0026350000116508454
0.11167199999908917 1.00000761449337e-06
0.11203200000454672 0.0027110000082757324
0.11203200000454672 1.00000761449337e-06
0.15461100000538863 0.003132000012556091
0.15461100000538863 0.0
0.12327999999979511 0.0030189999961294234
0.12327999999979511 1.00000761449337e-06
0.1229520000051707 0.0029940000094939023
0.1229520000051707 1.00000761449337e-06
0.11996999999973923 0.0032309999805875123
0.11996999999973923 0.0
0.11729100000229664 0.002910999988671392
0.11729100000229664 1.00000761449337e-06
0.1692590000166092 0.003859999997075647
0.1692590000166092 1.00000761449337e-06
0.15511500000138767 0.0037609999999403954
0.15511500000138767 1.00000761449337e-06
0.11157199999433942 0.002810000005410984
0.11157199999433942 0.0
0.14704100001836196 0.003081000002566725
0.14704100001836196 0.0
0.1476189999957569 0.003516999975545332
0.1476189999957569 0.0
0.15323999998508953 0.0037219999940134585
0.15323999998508953 9.999785106629133e-07
0.1594160000095144 0.004123999999137595
0.1594160000095144 0.0
0.1410100000211969 0.008237000001827255
0.1410100000211969 0.0
0.15332899999339134 0.008884000009857118
0.15332899999339134 0.0
0.21328699999139644 0.01208399998722598
0.21328699999139644 0.0
0.20214799998211674 0.006127000000560656
0.20214799998211674 0.0
0.14347400001133792 0.0034549999982118607
0.14347400001133792 0.0
0.19431900000199676 0.00467600001138635
0.19431900000199676 0.0
0.19394100000499748 0.004736000002594665
0.19394100000499748 0.0
0.19104700000025332 0.004798999987542629
0.19104700000025332 0.0
0.119527000002563 0.0029349999967962503
0.119527000002563 0.0
0.11006499998620711 0.0026390000130049884
0.11006499998620711 1.00000761449337e-06
0.10972499998752028 0.002669000008609146
0.10972499998752028 0.0
0.10974000001442619 0.0026870000001508743
0.10974000001442619 0.0
0.11136999999871477 0.0026510000170674175
0.11136999999871477 1.00000761449337e-06
0.11022100000991486 0.0026169999910052866
0.11022100000991486 0.0
0.11097999999765307 0.002666999993380159
0.11097999999765307 0.0
0.11041300001670606 0.0026639999996405095
0.11041300001670606 1.00000761449337e-06
0.11309199998504482 0.0027629999967757612
0.11309199998504482 0.0
0.11327000000164844 0.0027169999957550317
0.11327000000164844 0.0
0.11305200000060722 0.0027600000030361116
0.11305200000060722 0.0
0.11288299999432638 0.002677999989828095
0.11288299999432638 0.0
0.11004800000227988 0.0026800000050570816
0.11004800000227988 1.00000761449337e-06
0.10964899999089539 0.002613999997265637
0.10964899999089539 0.0
0.10982799998600967 0.002678999997442588
0.10982799998600967 1.00000761449337e-06
0.11234500000136904 0.0027199999894946814
0.11234500000136904 0.0
0.11336499999742955 0.0027070000069215894
0.11336499999742955 1.00000761449337e-06
0.11190800002077594 0.0026740000175777823
0.11190800002077594 0.0
0.11400699999649078 0.0027359999949112535
0.11400699999649078 1.00000761449337e-06
0.12497100001201034 0.002812999999150634
0.12497100001201034 0.0
0.11914699999033473 0.0027919999847654253
0.11914699999033473 1.00000761449337e-06
0.1193290000082925 0.002785000018775463
0.1193290000082925 0.0
0.11980100002256222 0.002913000003900379
0.11980100002256222 1.00000761449337e-06
0.122164000000339 0.003036000009160489
0.122164000000339 1.00000761449337e-06
0.1305350000038743 0.003169000003254041
0.1305350000038743 9.999785106629133e-07
0.1331179999979213 0.0030350000015459955
0.1331179999979213 0.0
0.13313400000333786 0.003364000003784895
0.13313400000333786 0.0
0.1318829999945592 0.00326700002187863
0.1318829999945592 1.00000761449337e-06
0.17336399998748675 0.003548000007867813
0.17336399998748675 1.00000761449337e-06
0.1268909999926109 0.002970999979879707
0.1268909999926109 0.0
0.12485400002333336 0.003097000007983297
0.12485400002333336 1.00000761449337e-06
0.1374540000106208 0.0030279999773483723
0.1374540000106208 9.999785106629133e-07
0.12605200000689365 0.0029220000142231584
0.12605200000689365 0.0
0.1206110000202898 0.002929000009316951
0.1206110000202898 0.0
0.11682900000596419 0.002825999981723726
0.11682900000596419 9.999785106629133e-07
0.11798199999611825 0.0028190000157337636
0.11798199999611825 0.0
0.11876400001347065 0.0027969999937340617
0.11876400001347065 1.00000761449337e-06
0.11744900001212955 0.0028809999930672348
0.11744900001212955 0.0
0.11466000002110377 0.0028030000103171915
0.11466000002110377 0.0
0.11517500001355074 0.0027750000008381903
0.11517500001355074 0.0
0.12059500001487322 0.002941999991890043
0.12059500001487322 0.0
0.12207300000591204 0.002888999995775521
0.12207300000591204 1.00000761449337e-06
0.12444200000027195 0.003077000001212582
0.12444200000027195 0.0
0.12277099999482743 0.0029590000049211085
0.12277099999482743 0.0
0.12338399997679517 0.003036000009160489
0.12338399997679517 9.999785106629133e-07
0.12143299999297597 0.0032860000210348517
0.12143299999297597 0.0
0.13672599999699742 0.002929999987827614
0.13672599999699742 1.00000761449337e-06
0.12385500001255423 0.0029799999902024865
0.12385500001255423 9.999785106629133e-07
0.12328900001011789 0.0031420000013895333
0.12328900001011789 1.00000761449337e-06
0.11780599999474362 0.0027760000084526837
0.11780599999474362 1.00000761449337e-06
0.11866700000246055 0.0028449999808799475
0.11866700000246055 9.999785106629133e-07
0.11813899999833666 0.002825000003213063
0.11813899999833666 0.0
0.1183199999795761 0.002785999997286126
0.1183199999795761 0.0
0.11741399997845292 0.002804000017931685
0.11741399997845292 0.0
0.1213770000031218 0.0027889999910257757
0.1213770000031218 1.00000761449337e-06
0.11763500000233762 0.00281800000811927
0.11763500000233762 0.0
0.11801099998410791 0.0028950000123586506
0.11801099998410791 1.00000761449337e-06
0.11750900000333786 0.0027830000035464764
0.11750900000333786 0.0
0.16207200000644661 0.003800999984377995
0.16207200000644661 1.00000761449337e-06
0.16056899999966845 0.003775000019231811
0.16056899999966845 1.00000761449337e-06
0.1551669999898877 0.0037090000114403665
0.1551669999898877 0.0
0.12002499998197891 0.002882000000681728
0.12002499998197891 9.999785106629133e-07
0.11929000000236556 0.002902999985963106
0.11929000000236556 1.00000761449337e-06
0.12023500000941567 0.0028930000262334943
0.12023500000941567 0.0
0.12356100001488812 0.0029980000108480453
0.12356100001488812 0.0
0.12515300000086427 0.003081000002566725
0.12515300000086427 1.00000761449337e-06
0.1234519999998156 0.0029429999995045364
0.1234519999998156 1.00000761449337e-06
0.12589300001855008 0.0029780000040773302
0.12589300001855008 0.0
0.12664599998970516 0.0031929999822750688
0.12664599998970516 0.0
0.1250059999874793 0.0030580000020563602
0.1250059999874793 1.00000761449337e-06
0.12767499999608845 0.003072999999858439
0.12767499999608845 0.0
0.13039000000571832 0.003272000001743436
0.13039000000571832 0.0
0.14464799998677336 0.003723000001627952
0.14464799998677336 1.00000761449337e-06
0.16228799999225885 0.005326999991666526
0.16228799999225885 1.00000761449337e-06
0.16526799998246133 0.004071000003023073
0.16526799998246133 0.0
0.1640379999880679 0.009921999997459352
0.1640379999880679 0.0
0.18121499998960644 0.010819000017363578
0.18121499998960644 0.0
0.18171599999186583 0.010964999994030222
0.18171599999186583 0.0
0.19209999998565763 0.007247000001370907
0.19209999998565763 1.00000761449337e-06
0.17439000000013039 0.0044630000193137676
0.17439000000013039 1.00000761449337e-06
0.17579700000351295 0.004137999989325181
0.17579700000351295 0.0
0.17294800002127886 0.004339000006439164
0.17294800002127886 9.999785106629133e-07
0.16925400000764057 0.004300000000512227
0.16925400000764057 0.0
0.162516999989748 0.004073999996762723
0.162516999989748 9.999785106629133e-07
0.15854100001160987 0.004022999986773357
0.15854100001160987 9.999785106629133e-07
0.14282300000195391 0.0035510000016074628
0.14282300000195391 0.0
0.13824599998770282 0.003640000009909272
0.13824599998770282 1.00000761449337e-06
0.13466100001824088 0.0033149999799206853
0.13466100001824088 1.00000761449337e-06
0.13164899998810142 0.003476999991107732
0.13164899998810142 0.0
0.12841299999854527 0.0034909999812953174
0.12841299999854527 0.0
0.13049599999794737 0.003519000019878149
0.13049599999794737 0.0
0.13074399999459274 0.0034229999873787165
0.13074399999459274 9.999785106629133e-07
0.13266299999668263 0.004607999988365918
0.13266299999668263 9.999785106629133e-07
0.13194300001487136 0.0030780000088270754
0.13194300001487136 0.0
0.12827499999548309 0.00358399999095127
0.12827499999548309 1.00000761449337e-06
0.12483400001656264 0.0034630000009201467
0.12483400001656264 9.999785106629133e-07
0.12236800001119263 0.00298099999781698
0.12236800001119263 0.0
0.13473600000725128 0.0032979999959934503
0.13473600000725128 0.0
0.12069300000439398 0.0029790000116918236
0.12069300000439398 1.00000761449337e-06
0.16711399998166598 0.004351000010501593
0.16711399998166598 0.0
0.1589220000023488 0.00487000000430271
0.1589220000023488 0.0
0.15667900000698864 0.004091000009793788
0.15667900000698864 0.0
0.1487699999997858 0.004247999982908368
0.1487699999997858 0.0
0.1616329999815207 0.0038409999979194254
0.1616329999815207 1.3999990187585354e-05
0.17061299999477342 0.0046190000139176846
0.17061299999477342 0.0
0.15262099998653866 0.003851999994367361
0.15262099998653866 0.0
0.13244699998176657 0.0033140000014100224
0.13244699998176657 0.0
0.1214380000019446 0.0029429999995045364
0.1214380000019446 0.0
0.12489400000777096 0.002886999980546534
0.12489400000777096 9.999785106629133e-07
0.14740200000233017 0.003632000007200986
0.14740200000233017 1.00000761449337e-06
0.11036399999284185 0.0027680000057443976
0.11036399999284185 1.00000761449337e-06
0.11222599999746308 0.0026740000175777823
0.11222599999746308 0.0
0.14616099998238496 0.003771999996388331
0.14616099998238496 0.0
0.1472829999984242 0.003564000013284385
0.1472829999984242 0.0
0.14841600001091138 0.003520999976899475
0.14841600001091138 1.4999997802078724e-05
0.11040800000773743 0.0027119999867863953
0.11040800000773743 0.0
0.15954100000089966 0.003979000000981614
0.15954100000089966 1.00000761449337e-06
0.12405899999430403 0.002769999991869554
0.12405899999430403 0.0
0.1374340000038501 0.0036010000039823353
0.1374340000038501 0.0
0.13298899997607805 0.0029360000044107437
0.13298899997607805 1.00000761449337e-06
0.11968599999090657 0.0030279999773483723
0.11968599999090657 0.0
0.11962700000731274 0.0030960000003688037
0.11962700000731274 1.00000761449337e-06
0.11665399998310022 0.0028389999934006482
0.11665399998310022 0.0
0.12540600000647828 0.0028030000103171915
0.12540600000647828 0.0
0.13193999999202788 0.003429999982472509
0.13193999999202788 0.0
0.1581280000100378 0.0044720000005327165
0.1581280000100378 9.999785106629133e-07
0.11634100001538172 0.002945999993244186
0.11634100001538172 0.0
0.12406600001850165 0.004006000002846122
0.12406600001850165 1.00000761449337e-06
0.12031100000604056 0.002869999996619299
0.12031100000604056 0.0
0.14521200000308454 0.0036499999987427145
0.14521200000308454 1.00000761449337e-06
0.12145000000600703 0.002974000002723187
0.12145000000600703 1.00000761449337e-06
0.11414000001968816 0.002705000020796433
0.11414000001968816 0.0
0.1130680000060238 0.002761999989161268
0.1130680000060238 9.999785106629133e-07
0.1126759999897331 0.002750999992713332
0.1126759999897331 0.0
0.11281099999905564 0.00270100001944229
0.11281099999905564 0.0
0.11240799998631701 0.002685000014025718
0.11240799998631701 0.0
0.11286399999517016 0.002761000010650605
0.11286399999517016 1.00000761449337e-06
0.11265599998296238 0.0027070000069215894
0.11265599998296238 0.0
0.11522100001457147 0.002957999997306615
0.11522100001457147 1.00000761449337e-06
0.12587499999790452 0.002869999996619299
0.12587499999790452 0.0
0.16336299999966286 0.003679999994346872
0.16336299999966286 0.0
0.1343310000083875 0.00306400001863949
0.1343310000083875 1.00000761449337e-06
0.12316300001111813 0.0032239999854937196
0.12316300001111813 0.0
0.13816800000495277 0.003149999974993989
0.13816800000495277 0.0
0.12714799999957904 0.0030839999963063747
0.12714799999957904 1.00000761449337e-06
0.12619499998982064 0.002892000018619001
0.12619499998982064 1.00000761449337e-06
0.13495700000203215 0.0031149999995250255
0.13495700000203215 1.00000761449337e-06
0.12192999999388121 0.0028750000055879354
0.12192999999388121 1.00000761449337e-06
0.12284900000668131 0.003025999991223216
0.12284900000668131 0.0
0.12263800000073388 0.002921000006608665
0.12263800000073388 0.0
0.12886599998455495 0.0032479999936185777
0.12886599998455495 0.0
0.12858600000618026 0.003073999978369102
0.12858600000618026 0.0
0.12726899998961017 0.0029949999880045652
0.12726899998961017 1.00000761449337e-06
0.12546800001291558 0.003008000028785318
0.12546800001291558 0.0
0.12723000001278706 0.0030140000162646174
0.12723000001278706 0.0
0.1246359999931883 0.003025000012712553
0.1246359999931883 1.00000761449337e-06
0.12320899998303503 0.003272000001743436
0.12320899998303503 0.0
0.12317999999504536 0.0029550000035669655
0.12317999999504536 1.00000761449337e-06
0.12194500002078712 0.0030020000122021884
0.12194500002078712 1.00000761449337e-06
0.12432799997623079 0.002953000017441809
0.12432799997623079 9.999785106629133e-07
0.12478099999134429 0.0030310000001918525
0.12478099999134429 0.0
0.1200820000085514 0.0028440000023692846
0.1200820000085514 1.00000761449337e-06
0.12109900001087226 0.002970000001369044
0.12109900001087226 0.0
0.11994899998535402 0.002888000017264858
0.11994899998535402 0.0
0.12362500000745058 0.0028560000064317137
0.12362500000745058 1.00000761449337e-06
0.12425500000244938 0.0030220000189729035
0.12425500000244938 0.0
0.12550900000496767 0.003300000011222437
0.12550900000496767 1.00000761449337e-06
0.1259309999877587 0.0030789999873377383
0.1259309999877587 9.999785106629133e-07
0.12470700000994839 0.0030069999920669943
0.12470700000994839 1.00000761449337e-06
0.1256629999843426 0.003072999999858439
0.1256629999843426 0.0
0.12474100000690669 0.0030369999876711518
0.12474100000690669 1.00000761449337e-06
0.169835000007879 0.004090000002179295
0.169835000007879 0.0
0.12647200000355951 0.002964000013889745
0.12647200000355951 1.00000761449337e-06
0.12713799998164177 0.0031420000013895333
0.12713799998164177 0.0
0.12689699998009019 0.002976999996462837
0.12689699998009019 0.0
0.18638800000189804 0.004282000008970499
0.18638800000189804 1.00000761449337e-06
0.1725659999938216 0.003995000006398186
0.1725659999938216 1.00000761449337e-06
0.12513999998918734 0.003005000005941838
0.12513999998918734 0.0
0.12524200000916608 0.002982999983942136
0.12524200000916608 0.0
0.12555599998449907 0.0029940000094939023
0.12555599998449907 1.00000761449337e-06
0.12774799999897368 0.0030949999927543104
0.12774799999897368 0.0
0.13004499999806285 0.0030329999863170087
0.13004499999806285 0.0
0.12825800001155585 0.003188000002410263
0.12825800001155585 0.0
0.13072200000169687 0.0030149999947752804
0.13072200000169687 0.0
0.12874600000213832 0.0030820000101812184
0.12874600000213832 1.00000761449337e-06
0.12765400001080707 0.003050999977858737
0.12765400001080707 0.0
0.12800399999832734 0.003052999993087724
0.12800399999832734 0.0
0.12812199999461882 0.003040000010514632
0.12812199999461882 0.0
0.12722500000381842 0.0030620000034105033
0.12722500000381842 0.0
0.12791899999137968 0.0030749999859835953
0.12791899999137968 0.0
0.131863999995403 0.0032139999966602772
0.131863999995403 1.00000761449337e-06
0.12997600002563559 0.0031350000062957406
0.12997600002563559 9.999785106629133e-07
0.13167000000248663 0.0031679999956395477
0.13167000000248663 1.00000761449337e-06
0.1303209999750834 0.003148000017972663
0.1303209999750834 0.0
0.13367700000526384 0.003364000003784895
0.13367700000526384 0.0
0.17362499999580905 0.0033110000076703727
0.17362499999580905 1.00000761449337e-06
0.17112899999483489 0.004167999984929338
0.17112899999483489 1.00000761449337e-06
0.15469899997697212 0.0032850000134203583
0.15469899997697212 0.0
0.17137100000400096 0.00414999999338761
0.17137100000400096 9.999785106629133e-07
0.17307900000014342 0.004099999991012737
0.17307900000014342 0.0
0.17887999999220483 0.0044000000052619725
0.17887999999220483 0.0
0.17955599998822436 0.004253999999491498
0.17955599998822436 1.00000761449337e-06
0.15000100000179373 0.0034630000009201467
0.15000100000179373 0.0
0.1506480000098236 0.0035229999921284616
0.1506480000098236 1.00000761449337e-06
0.1760270000086166 0.004278000007616356
0.1760270000086166 1.00000761449337e-06
0.17766200000187382 0.004239000001689419
0.17766200000187382 9.999785106629133e-07
0.15346100000897422 0.003472999989753589
0.15346100000897422 1.00000761449337e-06
0.17775400000391528 0.0042609999945852906
0.17775400000391528 1.00000761449337e-06
0.18146300001535565 0.004300000000512227
0.18146300001535565 0.0
0.1430769999860786 0.0033650000113993883
0.1430769999860786 1.00000761449337e-06
0.1279169999761507 0.003081000002566725
0.1279169999761507 0.0
0.1753399999870453 0.004692999995313585
0.1753399999870453 0.0
0.17591799999354407 0.004274999984772876
0.17591799999354407 9.999785106629133e-07
0.17818000001716428 0.004268000018782914
0.17818000001716428 0.0
0.14622600001166575 0.003647000005003065
0.14622600001166575 0.0
0.1828269999823533 0.004537000000709668
0.1828269999823533 0.0
0.18094200000632554 0.004287999996449798
0.18094200000632554 0.0
0.18254199999500997 0.004156999988481402
0.18254199999500997 0.0
0.1852200000139419 0.004301999986637384
0.1852200000139419 1.00000761449337e-06
0.1809369999973569 0.00418700001318939
0.1809369999973569 0.0
0.17835299999569543 0.003415999992284924
0.17835299999569543 0.0
0.17746400000760332 0.004226000019116327
0.17746400000760332 1.00000761449337e-06
0.18009100001654588 0.0042529999918770045
0.18009100001654588 1.00000761449337e-06
0.14495400001760572 0.003714999998919666
0.14495400001760572 9.999785106629133e-07
0.17841500000213273 0.0043030000233557075
0.17841500000213273 0.0
0.18249700000160374 0.0043240000086370856
0.18249700000160374 0.0
0.18080700002610683 0.004291999997803941
0.18080700002610683 0.0
0.19041199999628589 0.004286999988835305
0.19041199999628589 1.00000761449337e-06
0.18257000000448897 0.004305999987991527
0.18257000000448897 0.0
0.17424900000332855 0.003539000026648864
0.17424900000332855 1.00000761449337e-06
0.18290600000182167 0.004593999998178333
0.18290600000182167 1.4999997802078724e-05
0.18414900000789203 0.004329999996116385
0.18414900000789203 1.00000761449337e-06
0.18336999998427927 0.004266000003553927
0.18336999998427927 0.0
0.15795900000375696 0.003855000017210841
0.15795900000375696 0.0
0.18048099998850375 0.004462999990209937
0.18048099998850375 0.0
0.1759779999847524 0.003300000011222437
0.1759779999847524 0.0
0.13303999998606741 0.003185000008670613
0.13303999998606741 0.0
0.13278600000194274 0.003161999979056418
0.13278600000194274 0.0
0.185230999981286 0.004305000009480864
0.185230999981286 1.00000761449337e-06
0.18082499998854473 0.004317000013543293
0.18082499998854473 1.00000761449337e-06
0.13893499999539927 0.0034679999807849526
0.13893499999539927 1.00000761449337e-06
0.13869599997997284 0.0033190000103786588
0.13869599997997284 1.00000761449337e-06
0.1887049999786541 0.004516999993938953
0.1887049999786541 0.0
0.1934060000057798 0.004697999975178391
0.1934060000057798 1.00000761449337e-06
0.14107300000614487 0.0033770000154618174
0.14107300000614487 1.00000761449337e-06
0.19856799999251962 0.004729000007500872
0.19856799999251962 1.00000761449337e-06
0.14252500000293367 0.003403000009711832
0.14252500000293367 0.0
0.1450429999968037 0.0034810000215657055
0.1450429999968037 0.0
0.14696899999398738 0.0040299999818671495
0.14696899999398738 1.00000761449337e-06
0.1482430000032764 0.0035549999738577753
0.1482430000032764 9.999785106629133e-07
0.14891000001807697 0.0036820000095758587
0.14891000001807697 0.0
0.19922499998938292 0.004841999994823709
0.19922499998938292 1.00000761449337e-06
0.19794400001410395 0.0047039999917615205
0.19794400001410395 0.0
0.19989600000553764 0.004863000009208918
0.19989600000553764 0.0
0.19948899999144487 0.0048679999890737236
0.19948899999144487 0.0
0.1922410000115633 0.004717000003438443
0.1922410000115633 9.999785106629133e-07
0.14063100001658313 0.0034140000061597675
0.14063100001658313 0.0
0.13997300001210533 0.003404000017326325
0.13997300001210533 1.00000761449337e-06
0.1896710000000894 0.004616999998688698
0.1896710000000894 9.999785106629133e-07
0.14178700000047684 0.003460000007180497
0.14178700000047684 0.0
0.18926700000884011 0.004483000026084483
0.18926700000884011 0.0
0.1849029999866616 0.0038939999940339476
0.1849029999866616 0.0
0.18580399997881614 0.00458999999682419
0.18580399997881614 0.0
0.15928699998767115 0.0035210000060033053
0.15928699998767115 0.0
0.1853580000170041 0.004547000018646941
0.1853580000170041 0.0
0.19407300002058037 0.00466700000106357
0.19407300002058037 0.0
0.19316900000558235 0.004611999989720061
0.19316900000558235 9.999785106629133e-07
0.15971999999601394 0.0038819999899715185
0.15971999999601394 0.0
0.1956179999979213 0.0046070000098552555
0.1956179999979213 1.00000761449337e-06
0.1951239999907557 0.004761999996844679
0.1951239999907557 0.0
0.14412199999787845 0.0035130000032950193
0.14412199999787845 1.00000761449337e-06
0.18917600001441315 0.004765000019688159
0.18917600001441315 0.0
0.1427679999906104 0.003448000003118068
0.1427679999906104 0.0
0.19443699999828823 0.004894999990938231
0.19443699999828823 0.0
0.18165099999168888 0.00487900001462549
0.18165099999168888 0.0
0.20781299998634495 0.005220999999437481
0.20781299998634495 1.00000761449337e-06
0.20086499999160878 0.004734999994980171
0.20086499999160878 1.00000761449337e-06
0.19996600001468323 0.004873999976553023
0.19996600001468323 9.999785106629133e-07
0.20164400001522154 0.004864999995334074
0.20164400001522154 0.0
0.20521099999314174 0.00506999998469837
0.20521099999314174 0.0
0.19924499999615364 0.004889999981969595
0.19924499999615364 1.00000761449337e-06
0.20536799999536015 0.004837999993469566
0.20536799999536015 1.00000761449337e-06
0.20837500001653098 0.004282999987481162
0.20837500001653098 0.0
0.20766699998057447 0.004889000003458932
0.20766699998057447 0.0
0.18231699999887496 0.005223999993177131
0.18231699999887496 0.0
0.21187599998665974 0.005013999994844198
0.21187599998665974 9.999785106629133e-07
0.20605499998782761 0.00427000000490807
0.20605499998782761 0.0
0.19760200000018813 0.00506999998469837
0.19760200000018813 1.00000761449337e-06
0.19589599999017082 0.004821000009542331
0.19589599999017082 9.999785106629133e-07
0.15701600001193583 0.0036900000122841448
0.15701600001193583 1.00000761449337e-06
0.1589209999947343 0.003779999999096617
0.1589209999947343 1.00000761449337e-06
0.16178400002536364 0.003792000003159046
0.16178400002536364 0.0
0.21172399999340996 0.005437999992864206
0.21172399999340996 1.00000761449337e-06
0.15621899999678135 0.0036660000041592866
0.15621899999678135 9.999785106629133e-07
0.15643000000272878 0.003716000006534159
0.15643000000272878 9.999785106629133e-07
0.15673799999058247 0.004572000005282462
0.15673799999058247 0.0
0.15234699999564327 0.0038059999933466315
0.15234699999564327 0.0
0.20409899999503978 0.004920999985188246
0.20409899999503978 0.0
0.20227700000395998 0.004956999997375533
0.20227700000395998 1.00000761449337e-06
0.20064199998159893 0.005016999988583848
0.20064199998159893 0.0
0.19814300001598895 0.0047469999990426
0.19814300001598895 0.0
0.15107600000919774 0.0036440000112634152
0.15107600000919774 1.00000761449337e-06
0.15286200001719408 0.0036419999960344285
0.15286200001719408 1.00000761449337e-06
0.1515310000104364 0.0036229999968782067
0.1515310000104364 1.00000761449337e-06
0.15020699999877252 0.0036530000215861946
0.15020699999877252 0.0
0.15421199999400415 0.004065999994054437
0.15421199999400415 0.0
0.1542030000127852 0.0037299999967217445
0.1542030000127852 9.999785106629133e-07
0.15432599998894148 0.003683999995701015
0.15432599998894148 0.0
0.15113700000802055 0.0037690000026486814
0.15113700000802055 0.0
0.15128099999856204 0.0036029999901074916
0.15128099999856204 0.0
0.14916400000220165 0.0035539999953471124
0.14916400000220165 1.00000761449337e-06
0.14960100001189858 0.003515999997034669
0.14960100001189858 1.00000761449337e-06
0.14627199998358265 0.0037130000127945095
0.14627199998358265 0.0
0.14649899999494664 0.0035170000046491623
0.14649899999494664 0.0
0.14441200002329424 0.003559000004315749
0.14441200002329424 0.0
0.15116399998078123 0.0036689999978989363
0.15116399998078123 0.0
0.15043599999626167 0.003624999983003363
0.15043599999626167 0.0
0.1512079999956768 0.0035780000034719706
0.1512079999956768 1.00000761449337e-06
0.15138799999840558 0.0036309999995864928
0.15138799999840558 0.0
0.15385699999751523 0.0036319999780971557
0.15385699999751523 0.0
0.1504819999972824 0.003591999993659556
0.1504819999972824 0.0
0.15009700000518933 0.0035479999787639827
0.15009700000518933 9.999785106629133e-07
0.1993230000080075 0.0047670000058133155
0.1993230000080075 0.0
0.14947699999902397 0.00387000001501292
0.14947699999902397 0.0
0.14940600001136772 0.0035299999872222543
0.14940600001136772 1.00000761449337e-06
0.1999989999749232 0.004849999997531995
0.1999989999749232 0.0
0.1889859999937471 0.004818999994313344
0.1889859999937471 0.0
0.16941999999107793 0.00410399999236688
0.16941999999107793 0.0
0.19103200000245124 0.00479000000632368
0.19103200000245124 1.00000761449337e-06
0.20123199999216013 0.004788999998709187
0.20123199999216013 0.0
0.1537310000276193 0.003661999973701313
0.1537310000276193 1.00000761449337e-06
0.15514400001848117 0.0036499999987427145
0.15514400001848117 0.0
0.1536680000135675 0.0037019999872427434
0.1536680000135675 0.0
0.15244100001291372 0.0036090000066906214
0.15244100001291372 0.0
0.15157999997609295 0.00358099999721162
0.15157999997609295 0.0
0.1969249999965541 0.004682999977376312
0.1969249999965541 0.0
0.2012399999948684 0.004723999998532236
0.2012399999948684 1.00000761449337e-06
0.20724499999778345 0.004876999999396503
0.20724499999778345 0.0
0.1634699999995064 0.0037500000034924597
0.1634699999995064 0.0
0.20254999998724088 0.005034000001614913
0.20254999998724088 0.0
0.19906600000103936 0.004597000021021813
0.19906600000103936 0.0
0.2037189999828115 0.004820000001927838
0.2037189999828115 1.00000761449337e-06
0.201762000011513 0.004739999974844977
0.201762000011513 0.0
0.2014729999937117 0.004821000009542331
0.2014729999937117 0.0
0.20131500001298264 0.004753999994136393
0.20131500001298264 0.0
0.20597700000507757 0.00474999999278225
0.20597700000507757 1.00000761449337e-06
0.20251400000415742 0.0046870000078342855
0.20251400000415742 0.0
0.20209199999226257 0.004885000002104789
0.20209199999226257 0.0
0.20070899999700487 0.004751000000396743
0.20070899999700487 0.0
0.19992099999217317 0.00479599999380298
0.19992099999217317 0.0
0.20836199997575022 0.004908000002615154
0.20836199997575022 0.0
0.20793100001174025 0.0049109999963548034
0.20793100001174025 0.0
0.20885600001201965 0.004970000009052455
0.20885600001201965 0.0
0.20692399999825284 0.004966999986208975
0.20692399999825284 0.0
0.20704100001603365 0.004977999982656911
0.20704100001603365 0.0
0.20868099998915568 0.004887999995844439
0.20868099998915568 1.00000761449337e-06
0.2010700000100769 0.004140000004554167
0.2010700000100769 0.0
0.2101540000003297 0.0050119999796152115
0.2101540000003297 0.0
0.20791500000632368 0.004912000003969297
0.20791500000632368 0.0
0.2106330000096932 0.005398000008426607
0.2106330000096932 1.00000761449337e-06
0.15595099999336526 0.003751999989617616
0.15595099999336526 0.0
0.15665700001409277 0.004035000019939616
0.15665700001409277 0.0
0.15593100001569837 0.00390700000571087
0.15593100001569837 9.999785106629133e-07
0.1573950000165496 0.0037890000094193965
0.1573950000165496 1.00000761449337e-06
0.15726599999470636 0.0036509999772533774
0.15726599999470636 0.0
0.1626459999824874 0.004428999993251637
0.1626459999824874 0.0
0.16173700001672842 0.0038160000112839043
0.16173700001672842 1.00000761449337e-06
0.16102299999329261 0.0038300000014714897
0.16102299999329261 1.00000761449337e-06
0.1627990000124555 0.003886999998940155
0.1627990000124555 0.0
0.1603799999866169 0.003854000009596348
0.1603799999866169 1.00000761449337e-06
0.17196899998816662 0.004087000008439645
0.17196899998816662 0.0
0.21023399999830872 0.005042999982833862
0.21023399999830872 0.0
0.20865800001774915 0.004940000013448298
0.20865800001774915 0.0
0.21251799998572096 0.005057000002125278
0.21251799998572096 1.00000761449337e-06
0.2181890000065323 0.005322999990312383
0.2181890000065323 0.0
0.2125860000087414 0.0050829999963752925
0.2125860000087414 0.0
0.2132100000162609 0.005122000002302229
0.2132100000162609 0.0
0.2131820000067819 0.0052389999909792095
0.2131820000067819 0.0
0.16586400000960566 0.004191999993054196
0.16586400000960566 0.0
0.16369099999428727 0.0037770000053569674
0.16369099999428727 0.0
0.22949499997776002 0.013073000009171665
0.22949499997776002 0.0
0.22902999998768792 0.012611000012839213
0.22902999998768792 0.0
0.23463099999935366 0.006461000011768192
0.23463099999935366 0.0
0.23903399999835528 0.005646000005071983
0.23903399999835528 1.00000761449337e-06
0.19147499999962747 0.011453999992227182
0.19147499999962747 1.00000761449337e-06
0.2391840000054799 0.005547000007936731
0.2391840000054799 9.999785106629133e-07
0.17743999999947846 0.004281000001356006
0.17743999999947846 0.0
0.22179999999934807 0.005486000009113923
0.22179999999934807 9.999785106629133e-07
0.23157000000355765 0.005417000007582828
0.23157000000355765 0.0
0.21181899998919107 0.005068999977083877
0.21181899998919107 0.0
0.16084300001966767 0.003960000001825392
0.16084300001966767 0.0
0.16164600002230145 0.00387000001501292
0.16164600002230145 0.0
0.16430400000535883 0.003867999999783933
0.16430400000535883 0.0
0.16217299998970702 0.0041729999938979745
0.16217299998970702 0.0
0.23616699999547563 0.005550000001676381
0.23616699999547563 0.0
0.17667699998128228 0.004374000011011958
0.17667699998128228 1.00000761449337e-06
0.17513699998380616 0.004194000008283183
0.17513699998380616 0.0
0.15979399997740984 0.003739000007044524
0.15979399997740984 0.0
0.1609020000032615 0.0038219999987632036
0.1609020000032615 1.00000761449337e-06
0.15606000000843778 0.00370400000247173
0.15606000000843778 1.00000761449337e-06
0.1617649999971036 0.0038939999940339476
0.1617649999971036 0.0
0.15883999998914078 0.0037979999906383455
0.15883999998914078 0.0
0.20964399998774752 0.005127000011270866
0.20964399998774752 0.0
0.2084280000126455 0.004298000014387071
0.2084280000126455 9.999785106629133e-07
0.17892000000574626 0.004235000000335276
0.17892000000574626 0.0
0.21212799998465925 0.005099000001791865
0.21212799998465925 0.0
0.1768220000085421 0.004207000019960105
0.1768220000085421 0.0
0.20788600001833402 0.004947999987052754
0.20788600001833402 1.00000761449337e-06
0.2073390000150539 0.004918000020552427
0.2073390000150539 0.0
0.20435600000200793 0.00474999999278225
0.20435600000200793 0.0
0.20589499999186955 0.005042000004323199
0.20589499999186955 0.0
0.20822199998656288 0.00490999998874031
0.20822199998656288 9.999785106629133e-07
0.20680600000196137 0.004818999994313344
0.20680600000196137 1.00000761449337e-06
0.21123400001670234 0.004845999996177852
0.21123400001670234 1.00000761449337e-06
0.20529099999112077 0.0048559999850112945
0.20529099999112077 0.0
0.2090580000076443 0.0053149999876040965
0.2090580000076443 0.0
0.17504500001086853 0.004331000003730878
0.17504500001086853 0.0
0.209422000014456 0.005074000015156344
0.209422000014456 1.00000761449337e-06
0.2084949999989476 0.004954000003635883
0.2084949999989476 0.0
0.18872099998407066 0.0037449999945238233
0.18872099998407066 0.0
0.15639800002099946 0.003640000009909272
0.15639800002099946 0.0
0.17433499998878688 0.004188999999314547
0.17433499998878688 0.0
0.20867600000929087 0.004862999980105087
0.20867600000929087 0.0
0.21005700001842342 0.0049949999956879765
0.21005700001842342 1.00000761449337e-06
0.174230999982683 0.004245000018272549
0.174230999982683 0.0
0.2144759999937378 0.0049860000144690275
0.2144759999937378 1.00000761449337e-06
0.20920599999953993 0.005077999987406656
0.20920599999953993 0.0
0.21382900001481175 0.005025999998906627
0.21382900001481175 9.999785106629133e-07
0.21347899999818765 0.005057000002125278
0.21347899999818765 1.00000761449337e-06
0.20887399997445755 0.004230999998981133
0.20887399997445755 0.0
0.21133499999996275 0.005108000012114644
0.21133499999996275 9.999785106629133e-07
0.18987199998809956 0.005215999990468845
0.18987199998809956 1.00000761449337e-06
0.1742810000141617 0.0040269999881275
0.1742810000141617 1.00000761449337e-06
0.21328600001288578 0.005077000008895993
0.21328600001288578 0.0
0.21665899999788962 0.00503000000026077
0.21665899999788962 0.0
0.2123649999848567 0.005107000004500151
0.2123649999848567 0.0
0.1786980000033509 0.004067999980179593
0.1786980000033509 1.00000761449337e-06
0.21118199999909848 0.004952000017510727
0.21118199999909848 1.00000761449337e-06
0.18239900001208298 0.00401799997780472
0.18239900001208298 9.999785106629133e-07
0.20642500001122244 0.005425999988801777
0.20642500001122244 0.0
0.21661200001835823 0.005557999975280836
0.21661200001835823 0.0
0.21668599999975413 0.004963000013958663
0.21668599999975413 1.00000761449337e-06
0.21557699999539182 0.0051420000090729445
0.21557699999539182 0.0
0.21185500000137836 0.005192000011447817
0.21185500000137836 0.0
0.2107020000112243 0.0050159999809693545
0.2107020000112243 1.00000761449337e-06
0.19249700001091696 0.004354000004241243
0.19249700001091696 0.0
0.1940290000056848 0.005323000019416213
0.1940290000056848 0.0
0.1597360000014305 0.0039539999852422625
0.1597360000014305 0.0
0.22278899999218993 0.005057999980635941
0.22278899999218993 0.0
0.21212999999988824 0.005208999995375052
0.21212999999988824 9.999785106629133e-07
0.16015999999945052 0.003790999995544553
0.16015999999945052 9.999785106629133e-07
0.16298699998878874 0.0038329999952111393
0.16298699998878874 0.0
0.16064700001152232 0.003763999993680045
0.16064700001152232 0.0
0.16262200000346638 0.0038059999933466315
0.16262200000346638 0.0
0.16132900002412498 0.0038139999960549176
0.16132900002412498 1.00000761449337e-06
0.16228699998464435 0.0038040000072214752
0.16228699998464435 0.0
0.16088599999784492 0.004126999992877245
0.16088599999784492 1.00000761449337e-06
0.1623529999924358 0.00386699999216944
0.1623529999924358 9.999785106629133e-07
0.16222100000595674 0.0038859999913256615
0.16222100000595674 0.0
0.16274100000737235 0.003851000015856698
0.16274100000737235 1.00000761449337e-06
0.16056200000457466 0.003620000003138557
0.16056200000457466 0.0
0.16107100000954233 0.003876000002492219
0.16107100000954233 1.00000761449337e-06
0.16154299999470823 0.003815000003669411
0.16154299999470823 0.0
0.1616480000084266 0.003839000011794269
0.1616480000084266 1.00000761449337e-06
0.16082200000528246 0.0038340000028256327
0.16082200000528246 0.0
0.1689360000018496 0.003887999977450818
0.1689360000018496 9.999785106629133e-07
0.17225599999073893 0.0039410000026691705
0.17225599999073893 0.0
0.16682199999922886 0.003939000016544014
0.16682199999922886 9.999785106629133e-07
0.1694980000029318 0.004086000000825152
0.1694980000029318 0.0
0.17177700001047924 0.0040929999959189445
0.17177700001047924 0.0
0.16982399998232722 0.003988999989815056
0.16982399998232722 1.00000761449337e-06
0.17183199999271892 0.00403300000471063
0.17183199999271892 1.00000761449337e-06
0.16820999997435138 0.003995000006398186
0.16820999997435138 0.0
0.21306100001675077 0.005327999999281019
0.21306100001675077 0.0
0.20544300001347438 0.004795000015292317
0.20544300001347438 0.0
0.22820599999977276 0.005471999989822507
0.22820599999977276 1.00000761449337e-06
0.22671200000331737 0.005313999979989603
0.22671200000331737 0.0
0.2239889999909792 0.005237000004854053
0.2239889999909792 1.00000761449337e-06
0.22659700000076555 0.00518999999621883
0.22659700000076555 0.0
0.22313800000119954 0.005220999999437481
0.22313800000119954 0.0
0.17038299998966977 0.004123999999137595
0.17038299998966977 0.0
0.17098699999041855 0.004111999995075166
0.17098699999041855 0.0
0.1707180000084918 0.004063000000314787
0.1707180000084918 0.0
0.17267299999366514 0.004021999979158863
0.17267299999366514 0.0
0.17251500001293607 0.004052000003866851
0.17251500001293607 1.00000761449337e-06
0.1724969999922905 0.004151000001002103
0.1724969999922905 0.0
0.17216499999631196 0.0041179999825544655
0.17216499999631196 0.0
0.1710800000000745 0.004114999988814816
0.1710800000000745 0.0
0.17101100002764724 0.003970999998273328
0.17101100002764724 0.0
0.17102100001648068 0.004082999977981672
0.17102100001648068 0.0
0.17302900002687238 0.004130999994231388
0.17302900002687238 0.0
0.17370499999378808 0.004095000011147931
0.17370499999378808 1.00000761449337e-06
0.17484999998123385 0.00410399999236688
0.17484999998123385 1.00000761449337e-06
0.17347000000881962 0.004099999991012737
0.17347000000881962 1.00000761449337e-06
0.17212799997651018 0.004141999990679324
0.17212799997651018 0.0
0.17348299999139272 0.004014000005554408
0.17348299999139272 0.0
0.22770600000512786 0.005308000021614134
0.22770600000512786 9.999785106629133e-07
0.21725099999457598 0.004449000000022352
0.21725099999457598 1.00000761449337e-06
0.2325249999994412 0.005667999997967854
0.2325249999994412 1.00000761449337e-06
0.22687600000062957 0.005380999995395541
0.22687600000062957 1.00000761449337e-06
0.21841000000131316 0.0054459999955724925
0.21841000000131316 0.0
0.2325789999740664 0.005474000005051494
0.2325789999740664 0.0
0.23624699999345466 0.005424000002676621
0.23624699999345466 1.4999997802078724e-05
0.23410399997374043 0.005647000012686476
0.23410399997374043 0.0
0.2344829999783542 0.005587999999988824
0.2344829999783542 9.999785106629133e-07
0.23111700001754798 0.005800999992061406
0.23111700001754798 0.0
0.2357239999982994 0.005560000019613653
0.2357239999982994 0.0
0.23534100002143532 0.0055720000236760825
0.23534100002143532 9.999785106629133e-07
0.2331199999898672 0.0054370000143535435
0.2331199999898672 1.00000761449337e-06
0.23154199999407865 0.005416999978478998
0.23154199999407865 0.0
0.23155799999949522 0.005401999980676919
0.23155799999949522 0.0
0.232077999971807 0.004293000005418435
0.232077999971807 1.00000761449337e-06
0.22990100001334213 0.005385999975260347
0.22990100001334213 0.0
0.23360599999432452 0.005502999993041158
0.23360599999432452 1.00000761449337e-06
0.2343410000030417 0.005659000016748905
0.2343410000030417 0.0
0.24209300000802614 0.005838000011863187
0.24209300000802614 1.00000761449337e-06
0.1888420000032056 0.004670999973313883
0.1888420000032056 1.00000761449337e-06
0.19417599998996593 0.004794999986188486
0.19417599998996593 1.00000761449337e-06
0.2502690000110306 0.014320999995106831
0.2502690000110306 1.00000761449337e-06
0.26194900000700727 0.014082999987294897
0.26194900000700727 0.0
0.21120400002109818 0.004947000008542091
0.21120400002109818 0.0
0.2511219999869354 0.006150000001071021
0.2511219999869354 0.0
0.24677300002076663 0.006006000010529533
0.24677300002076663 1.00000761449337e-06
0.24474100000225008 0.005956999986665323
0.24474100000225008 1.00000761449337e-06
0.24374900001566857 0.005750999989686534
0.24374900001566857 0.0
0.227712000021711 0.004896999977063388
0.227712000021711 9.999785106629133e-07
0.235367999994196 0.005648999998811632
0.235367999994196 0.0
0.23758600000292063 0.005696000007446855
0.23758600000292063 9.999785106629133e-07
0.23558300000149757 0.005629999999655411
0.23558300000149757 0.0
0.23739500000374392 0.005602999997790903
0.23739500000374392 0.0
0.23773600001004525 0.005711000005248934
0.23773600001004525 0.0
0.24055900002713315 0.005616000009467825
0.24055900002713315 0.0
0.24065300001529977 0.0056730000069364905
0.24065300001529977 0.0
0.24542400002246723 0.005792000010842457
0.24542400002246723 1.00000761449337e-06
0.23969499999657273 0.006143999984487891
0.23969499999657273 0.0
0.242231999989599 0.005662000010488555
0.242231999989599 0.0
0.22654199998942204 0.004725000006146729
0.22654199998942204 9.999785106629133e-07
0.23841200000606477 0.005699000001186505
0.23841200000606477 1.00000761449337e-06
0.2418279999983497 0.006313999998383224
0.2418279999983497 1.00000761449337e-06
0.23978999999235384 0.005663999996613711
0.23978999999235384 9.999785106629133e-07
0.2033839999930933 0.004646000015782192
0.2033839999930933 0.0
0.18367999998736195 0.004438999982085079
0.18367999998736195 0.0
0.18427800000063144 0.004271000012522563
0.18427800000063144 1.00000761449337e-06
0.18004899998777546 0.004263000009814277
0.18004899998777546 1.00000761449337e-06
0.1792810000188183 0.004246000025887042
0.1792810000188183 0.0
0.1823830000066664 0.0043880000011995435
0.1823830000066664 0.0
0.18102200000430457 0.004238000023178756
0.18102200000430457 1.00000761449337e-06
0.17769099998986349 0.004210999992210418
0.17769099998986349 0.0
0.17654000001493841 0.0041809999966062605
0.17654000001493841 1.00000761449337e-06
0.1775539999944158 0.0040889999945648015
0.1775539999944158 0.0
0.18259799998486415 0.004262000002199784
0.18259799998486415 0.0
0.18314199999440461 0.00418699998408556
0.18314199999440461 9.999785106629133e-07
0.18181499998900108 0.004367999994428828
0.18181499998900108 1.00000761449337e-06
0.18166699999710545 0.004360999999335036
0.18166699999710545 0.0
0.18317600002046674 0.004360000020824373
0.18317600002046674 0.0
0.18851199999335222 0.004458999988855794
0.18851199999335222 0.0
0.18758200001320802 0.004348000016761944
0.18758200001320802 1.00000761449337e-06
0.18429399997694418 0.004301000008126721
0.18429399997694418 0.0
0.18340000000898726 0.004351000010501593
0.18340000000898726 9.999785106629133e-07
0.18480600000475533 0.00434699998004362
0.18480600000475533 0.0
0.1849029999866616 0.004405999992741272
0.1849029999866616 0.0
0.17884300000150688 0.004237000015564263
0.17884300000150688 1.00000761449337e-06
0.17921999999089167 0.004339000006439164
0.17921999999089167 1.00000761449337e-06
0.17921299999579787 0.004264999995939434
0.17921299999579787 1.00000761449337e-06
0.17987500000162981 0.004174999980023131
0.17987500000162981 0.0
0.18503700001747347 0.004367999994428828
0.18503700001747347 9.999785106629133e-07
0.1833300000289455 0.0043710000172723085
0.1833300000289455 0.0
0.18497599998954684 0.0043750000186264515
0.18497599998954684 1.00000761449337e-06
0.25330700000631623 0.006051000003935769
0.25330700000631623 0.0
0.24700299999676645 0.005910999985644594
0.24700299999676645 1.00000761449337e-06
0.18515199999092147 0.0043040000018663704
0.18515199999092147 0.0
0.24257299999590032 0.006297000014455989
0.24257299999590032 1.00000761449337e-06
0.2308189999894239 0.004806999990250915
0.2308189999894239 9.999785106629133e-07
0.2455060000065714 0.005889000021852553
0.2455060000065714 9.999785106629133e-07
0.24506399998790585 0.005803999985801056
0.24506399998790585 0.0
0.24902200000360608 0.005734000005759299
0.24902200000360608 1.00000761449337e-06
0.2506549999816343 0.00616200000513345
0.2506549999816343 0.0
0.24507299999822862 0.005797000019811094
0.24507299999822862 0.0
0.25070999999297783 0.006240999995497987
0.25070999999297783 0.0
0.24883100000442937 0.0059689999907277524
0.24883100000442937 1.00000761449337e-06
0.20868799998424947 0.004951000009896234
0.20868799998424947 0.0
0.24622800000361167 0.005846999993082136
0.24622800000361167 9.999785106629133e-07
0.25190800000564195 0.005797999998321757
0.25190800000564195 9.999785106629133e-07
0.219600000011269 0.005080000002635643
0.219600000011269 0.0
0.24875699999392964 0.006020999979227781
0.24875699999392964 1.00000761449337e-06
0.22423500000149943 0.005883000005269423
0.22423500000149943 0.0
0.24987999998847954 0.006152999994810671
0.24987999998847954 0.0
0.25017600000137463 0.006365999986883253
0.25017600000137463 0.0
0.24071600000024773 0.005850999994436279
0.24071600000024773 0.0
0.2497799999837298 0.0065039999899454415
0.2497799999837298 1.00000761449337e-06
0.22540600001229905 0.005107000004500151
0.22540600001229905 9.999785106629133e-07
0.2530599999881815 0.005903999990550801
0.2530599999881815 0.0
0.2531899999885354 0.005875000002561137
0.2531899999885354 9.999785106629133e-07
0.23725499998545274 0.005229000002145767
0.23725499998545274 0.0
0.250677000003634 0.0060019999800715595
0.250677000003634 0.0
0.2510830000101123 0.006148999993456528
0.2510830000101123 1.00000761449337e-06
0.25672400000621565 0.005887999985134229
0.25672400000621565 0.0
0.21078900000429712 0.004924000008031726
0.21078900000429712 1.00000761449337e-06
0.2539859999960754 0.006003999995300546
0.2539859999960754 1.00000761449337e-06
0.24917999998433515 0.0058880000142380595
0.24917999998433515 0.0
0.19206299999495968 0.0046239999937824905
0.19206299999495968 0.0
0.1924869999929797 0.0046030000085011125
0.1924869999929797 0.0
0.19410100000095554 0.004596999991917983
0.19410100000095554 0.0
0.1969530000060331 0.004937999998219311
0.1969530000060331 1.00000761449337e-06
0.1952469999960158 0.00495000000228174
0.1952469999960158 0.0
0.1919740000157617 0.004603999987011775
0.1919740000157617 0.0
0.18656999999075197 0.004449999978533015
0.18656999999075197 0.0
0.19033199999830686 0.0044169999891892076
0.19033199999830686 0.0
0.18557000000146218 0.00443000000086613
0.18557000000146218 0.0
0.18719399999827147 0.004438999982085079
0.18719399999827147 0.0
0.1868360000080429 0.004439999989699572
0.1868360000080429 9.999785106629133e-07
0.18559300000197254 0.004446999984793365
0.18559300000197254 0.0
0.19104899998637848 0.004799999995157123
0.19104899998637848 0.0
0.18856599999708124 0.0046359999978449196
0.18856599999708124 1.00000761449337e-06
0.18793400001595728 0.004462000011699274
0.18793400001595728 0.0
0.19124099999316968 0.0045519999985117465
0.19124099999316968 0.0
0.19255300000077114 0.004842999973334372
0.19255300000077114 0.0
0.19403600000077859 0.00478999997721985
0.19403600000077859 1.00000761449337e-06
0.1926569999777712 0.004577000014251098
0.1926569999777712 0.0
0.19399100000737235 0.004748999985167757
0.19399100000737235 0.0
0.2522469999967143 0.0058759999810718
0.2522469999967143 9.999785106629133e-07
0.19599000000744127 0.004690000001573935
0.19599000000744127 0.0
0.1916849999979604 0.004805000004125759
0.1916849999979604 0.0
0.19536799998604693 0.004616999998688698
0.19536799998604693 1.00000761449337e-06
0.19465499999932945 0.004676999989897013
0.19465499999932945 0.0
0.19532699999399483 0.005306000006385148
0.19532699999399483 0.0
0.1967010000080336 0.004764000012073666
0.1967010000080336 1.00000761449337e-06
0.19516400000429712 0.004721000004792586
0.19516400000429712 1.00000761449337e-06
0.2559799999871757 0.0064110000093933195
0.2559799999871757 0.0
0.1944929999881424 0.004782000003615394
0.1944929999881424 1.00000761449337e-06
0.19779400000697933 0.004890000011073425
0.19779400000697933 0.0
0.20215299999108538 0.004976999975042418
0.20215299999108538 0.0
0.27079300000332296 0.006349000002956018
0.27079300000332296 1.00000761449337e-06
0.20633200000156648 0.011454999999841675
0.20633200000156648 0.0
0.21442400000523776 0.012314000021433458
0.21442400000523776 0.0
0.22620500001357868 0.012943000008817762
0.22620500001357868 0.0
0.23013799998443574 0.01297599999816157
0.23013799998443574 1.300001167692244e-05
0.2184889999916777 0.005756999977165833
0.2184889999916777 1.00000761449337e-06
0.21878200001083314 0.005781999992905185
0.21878200001083314 1.00000761449337e-06
0.22065599999041297 0.00543599997763522
0.22065599999041297 9.999785106629133e-07
0.21886900000390597 0.005327000020770356
0.21886900000390597 9.999785106629133e-07
0.21937499998603016 0.005315000016707927
0.21937499998603016 0.0
0.2079700000176672 0.005009000014979392
0.2079700000176672 0.0
0.19275099999504164 0.004580999986501411
0.19275099999504164 9.999785106629133e-07
0.19125099998200312 0.004608000017469749
0.19125099998200312 0.0
0.19487999999546446 0.004668999987188727
0.19487999999546446 1.00000761449337e-06
0.1947550000040792 0.00463000001036562
0.1947550000040792 1.00000761449337e-06
0.1929999999993015 0.004591999982949346
0.1929999999993015 1.00000761449337e-06
0.19206000000122003 0.004590999975334853
0.19206000000122003 1.00000761449337e-06
0.1937880000041332 0.0046030000085011125
0.1937880000041332 1.00000761449337e-06
0.1971239999984391 0.0047839999897405505
0.1971239999984391 0.0
0.19950700001209043 0.004832000005990267
0.19950700001209043 9.999785106629133e-07
0.19642900000326335 0.004774000000907108
0.19642900000326335 0.0
0.19583400001283735 0.004839999979594722
0.19583400001283735 0.0
0.19832699999096803 0.0047039999917615205
0.19832699999096803 1.00000761449337e-06
0.1966729999985546 0.004803999996511266
0.1966729999985546 0.0
0.2603349999990314 0.006143999984487891
0.2603349999990314 9.999785106629133e-07
0.22068399999989197 0.005211000010604039
0.22068399999989197 1.00000761449337e-06
0.213023999996949 0.004969999979948625
0.213023999996949 0.0
0.2613520000013523 0.006560999987414107
0.2613520000013523 0.0
0.21844299999065697 0.005108000012114644
0.21844299999065697 9.999785106629133e-07
0.1965339999878779 0.00491600000532344
0.1965339999878779 9.999785106629133e-07
0.19783200000529177 0.004740000003948808
0.19783200000529177 0.0
0.19400199997471645 0.004774000000907108
0.19400199997471645 0.0
0.26279899998917244 0.00612199999159202
0.26279899998917244 0.0
0.2245939999993425 0.0056570000015199184
0.2245939999993425 0.0
0.23267800000030547 0.013514999998733401
0.23267800000030547 1.00000761449337e-06
0.23939100001007318 0.01354500002344139
0.23939100001007318 0.0
0.2404030000034254 0.006158000003779307
0.2404030000034254 1.00000761449337e-06
0.23152999999001622 0.005586000013863668
0.23152999999001622 1.00000761449337e-06
0.3032439999806229 0.007360999996308237
0.3032439999806229 0.0
0.30738800001563504 0.007665999990422279
0.30738800001563504 1.00000761449337e-06
0.3022369999962393 0.007352999993599951
0.3022369999962393 9.999785106629133e-07
0.2428760000038892 0.013466999982483685
0.2428760000038892 0.0
0.309746000013547 0.007886000006692484
0.309746000013547 0.0
0.3188829999999143 0.017835000006016344
0.3188829999999143 0.0
0.22973399999318644 0.005650000006426126
0.22973399999318644 0.0
0.3051780000096187 0.007312000001547858
0.3051780000096187 0.0
0.2931850000168197 0.007043999998131767
0.2931850000168197 0.0
0.25424899999052286 0.006215000001247972
0.25424899999052286 9.999785106629133e-07
0.22264399999403395 0.005526999972062185
0.22264399999403395 9.999785106629133e-07
0.23429699998814613 0.005329999985406175
0.23429699998814613 0.0
0.2012549999926705 0.004861000023083761
0.2012549999926705 0.0
0.20861999999033287 0.004967999993823469
0.20861999999033287 1.00000761449337e-06
0.20864300001994707 0.0049109999963548034
0.20864300001994707 0.0
0.2145159999781754 0.0055010000069160014
0.2145159999781754 0.0
0.21183800001745112 0.005459000007249415
0.21183800001745112 0.0
0.21270599999115802 0.005527000001166016
0.21270599999115802 1.00000761449337e-06
0.2178929999936372 0.005227999994531274
0.2178929999936372 0.0
0.21490900000208057 0.005493000004207715
0.21490900000208057 1.00000761449337e-06
0.21385299999383278 0.005143999995198101
0.21385299999383278 0.0
0.2136350000218954 0.005350000021280721
0.2136350000218954 1.00000761449337e-06
0.21286900000995956 0.005084000003989786
0.21286900000995956 0.0
0.2672510000120383 0.006391000002622604
0.2672510000120383 1.00000761449337e-06
0.2684739999822341 0.006400999991456047
0.2684739999822341 0.0
0.21250200000940822 0.005084999982500449
0.21250200000940822 1.00000761449337e-06
0.27664999998523854 0.00676200000452809
0.27664999998523854 0.0
0.2671810000028927 0.006380000006174669
0.2671810000028927 1.00000761449337e-06
0.2670499999949243 0.006395000003976747
0.2670499999949243 1.00000761449337e-06
0.2615300000179559 0.005678000015905127
0.2615300000179559 0.0
0.27447800000663847 0.00653100002091378
0.27447800000663847 0.0
0.27626000001328066 0.006559999979799613
0.27626000001328066 0.0
0.23576099998899736 0.006518000009236857
0.23576099998899736 0.0
0.2733200000075158 0.0066430000006221235
0.2733200000075158 1.00000761449337e-06
0.27276599998003803 0.006610999989788979
0.27276599998003803 0.0
0.2782059999881312 0.0068109999992884696
0.2782059999881312 9.999785106629133e-07
0.27686300000641495 0.006466999999247491
0.27686300000641495 9.999785106629133e-07
0.27539100000285544 0.006450000015320256
0.27539100000285544 0.0
0.2710150000057183 0.006869000004371628
0.2710150000057183 1.00000761449337e-06
0.2647999999753665 0.006442999991122633
0.2647999999753665 0.0
0.2686589999939315 0.006303000001935288
0.2686589999939315 0.0
0.2671870000194758 0.006377999990945682
0.2671870000194758 0.0
0.2344089999969583 0.005563999991863966
0.2344089999969583 0.0
0.24671400000806898 0.006458999996539205
0.24671400000806898 0.0
0.2690069999953266 0.00639899997622706
0.2690069999953266 9.999785106629133e-07
0.26630800002021715 0.006396000011591241
0.26630800002021715 0.0
0.2704090000188444 0.0064359999960288405
0.2704090000188444 1.00000761449337e-06
0.27392600002349354 0.006397999997716397
0.27392600002349354 9.999785106629133e-07
0.2702539999736473 0.006443999998737127
0.2702539999736473 0.0
0.2681680000096094 0.0068109999992884696
0.2681680000096094 0.0
0.2028450000216253 0.004850999976042658
0.2028450000216253 1.00000761449337e-06
0.21906699999817647 0.005085999990114942
0.21906699999817647 9.999785106629133e-07
0.19968200000585057 0.004828000004636124
0.19968200000585057 0.0
0.2687079999886919 0.006232000014279038
0.2687079999886919 1.00000761449337e-06
0.2574880000029225 0.006162999983644113
0.2574880000029225 0.0
0.25722500000847504 0.006072999996831641
0.25722500000847504 1.00000761449337e-06
0.19338499999139458 0.004683999984990805
0.19338499999139458 0.0
0.2201010000135284 0.005360999988624826
0.2201010000135284 1.00000761449337e-06
0.2601089999952819 0.006459999975049868
0.2601089999952819 1.00000761449337e-06
0.2543089999817312 0.006106999993789941
0.2543089999817312 0.0
0.2585839999956079 0.006177999981446192
0.2585839999956079 0.0
0.18896500000846572 0.004495000001043081
0.18896500000846572 0.0
0.25246099999640137 0.005934999993769452
0.25246099999640137 1.00000761449337e-06
0.25230600000941195 0.0059859999746549875
0.25230600000941195 0.0
0.2568860000174027 0.0060019999800715595
0.2568860000174027 0.0
0.2546990000118967 0.006061000021873042
0.2546990000118967 9.999785106629133e-07
0.2548170000081882 0.006106999993789941
0.2548170000081882 1.00000761449337e-06
0.19297599999117665 0.004549000004772097
0.19297599999117665 0.0
0.25648799998452887 0.0058800000115297735
0.25648799998452887 9.999785106629133e-07
0.2538070000009611 0.005907999991904944
0.2538070000009611 1.00000761449337e-06
0.237665000022389 0.004932000010740012
0.237665000022389 0.0
0.2566530000185594 0.006733000016538426
0.2566530000185594 0.0
0.2583969999977853 0.006397999997716397
0.2583969999977853 1.00000761449337e-06
0.25966999999945983 0.00692200000048615
0.25966999999945983 0.0
0.2396909999952186 0.004852000012760982
0.2396909999952186 1.00000761449337e-06
0.254172999993898 0.005942999996477738
0.254172999993898 1.00000761449337e-06
0.25510700000450015 0.005933999986154959
0.25510700000450015 1.00000761449337e-06
0.21465100001660176 0.004832000005990267
0.21465100001660176 1.00000761449337e-06
0.2533209999965038 0.005922999989707023
0.2533209999965038 0.0
0.24463799997465685 0.004810000013094395
0.24463799997465685 0.0
0.19183799999882467 0.004477000009501353
0.19183799999882467 9.999785106629133e-07
0.19724500001757406 0.004751000000396743
0.19724500001757406 0.0
0.2608440000039991 0.006096000026445836
0.2608440000039991 0.0
0.196827999985544 0.004698000004282221
0.196827999985544 1.00000761449337e-06
0.20092299999669194 0.004755999980261549
0.20092299999669194 0.0
0.20112099999096245 0.0047799999883864075
0.20112099999096245 9.999785106629133e-07
0.20451199999661185 0.004917000012937933
0.20451199999661185 0.0
0.20189699999173172 0.004784000018844381
0.20189699999173172 1.00000761449337e-06
0.2015780000074301 0.004797000001417473
0.2015780000074301 0.0
0.2598510000098031 0.006122999999206513
0.2598510000098031 9.999785106629133e-07
0.263161000009859 0.006154000002425164
0.263161000009859 0.0
0.24948600001516752 0.005252000002656132
0.24948600001516752 1.00000761449337e-06
0.2630000000062864 0.006116999982623383
0.2630000000062864 0.0
0.2586639999935869 0.006062000000383705
0.2586639999935869 1.00000761449337e-06
0.2592820000136271 0.0064230000134557486
0.2592820000136271 0.0
0.22337799999513663 0.004970000009052455
0.22337799999513663 0.0
0.26548400000319816 0.006214000022737309
0.26548400000319816 1.00000761449337e-06
0.27415800001472235 0.006286000018008053
0.27415800001472235 0.0
0.2639010000275448 0.006217000016476959
0.2639010000275448 0.0
0.26428000000305474 0.0061249999853316694
0.26428000000305474 0.0
0.19863499997882172 0.004786000004969537
0.19863499997882172 0.0
0.2664560000121128 0.006231000006664544
0.2664560000121128 0.0
0.2639369999815244 0.006166000006487593
0.2639369999815244 1.00000761449337e-06
0.26749599998584017 0.006266999989748001
0.26749599998584017 1.00000761449337e-06
0.2667399999918416 0.00572200000169687
0.2667399999918416 1.00000761449337e-06
0.26180100001511164 0.006300999986706302
0.26180100001511164 9.999785106629133e-07
0.26714400001219474 0.006110999995144084
0.26714400001219474 9.999785106629133e-07
0.2662079999863636 0.0061080000014044344
0.2662079999863636 0.0
0.2647589999833144 0.006412999995518476
0.2647589999833144 0.0
INFO:sc2.protocol:Client status changed to Status.ended (was Status.in_game)
INFO:sc2.protocol:Client status changed to Status.ended (was Status.in_game)
INFO:root:Result for player 2 - Bot(Race.Terran, <bots.__examples__.nc_example_v6.drop_bot.DropBot object at 0x7ffaf4c00f60>): Defeat
INFO:root:Result for player 1 - Bot(Race.Terran, <bots.Showing_bot.speedBot.MarinBot object at 0x7ffb03c58f28>): Victory
INFO:sc2.client:Saved replay to outs/2020-01-17T11-28-03/replays/showing_bot-drop_bot/showing_bot-drop_bot-0.SC2Replay
INFO:sc2.protocol:Client status changed to Status.launched (was Status.ended)
INFO:sc2.protocol:Client status changed to Status.quit (was Status.launched)
INFO:sc2.sc2process:kill_switch: Process cleanup
INFO:sc2.sc2process:Cleaning up...
INFO:sc2.sc2process:Cleanup complete
INFO:sc2.sc2process:Cleaning up...
INFO:sc2.sc2process:Cleanup complete
INFO:sc2.protocol:Cannot receive: Connection already closed.
INFO:sc2.sc2process:kill_switch: Process cleanup
INFO:sc2.sc2process:Cleaning up...
INFO:sc2.sc2process:Cleanup complete
INFO:sc2.sc2process:Cleaning up...
INFO:sc2.sc2process:Cleanup complete


## STDERR ##

Version: B75689 (SC2.4.10)
Build: Aug 12 2019 17:16:57
Command Line: '"/home/hspark8312/StarCraftII/Versions/Base75689/SC2_x64" -listen 127.0.0.1 -port 23143 -displayMode 0 -dataDir /home/hspark8312/StarCraftII -tempDir /tmp/SC2_705m6wmx'
Starting up...
Startup Phase 1 complete
Version: B75689 (SC2.4.10)
Build: Aug 12 2019 17:16:57
Command Line: '"/home/hspark8312/StarCraftII/Versions/Base75689/SC2_x64" -listen 127.0.0.1 -port 20552 -displayMode 0 -dataDir /home/hspark8312/StarCraftII -tempDir /tmp/SC2_hemoqjrt'
Starting up...
Startup Phase 1 complete
Startup Phase 2 complete
Creating stub renderer...
Listening on: 127.0.0.1:23143
Startup Phase 3 complete. Ready for commands.
Startup Phase 2 complete
Creating stub renderer...
Listening on: 127.0.0.1:20552
Startup Phase 3 complete. Ready for commands.
ConnectHandler: Request from 127.0.0.1:50803 accepted
ReadyHandler: 127.0.0.1:50803 ready
Requesting to join a multiplayer game
Configuring interface options
Configure: raw interface enabled
Configure: feature layer interface enabled
Configure: score interface enabled
Configure: render interface disabled
Create game with map path: NCFellowship-2019_m1_v6.SC2Map
ConnectHandler: Request from 127.0.0.1:50804 accepted
ReadyHandler: 127.0.0.1:50804 ready
Requesting to join a multiplayer game
Configuring interface options
Configure: raw interface enabled
Configure: feature layer interface enabled
Configure: score interface enabled
Configure: render interface disabled
Attempting to join a game with the map: NCFellowship-2019_m1_v6.SC2Map
Game has started.
Using default stable ids, none found at: /home/hspark8312/StarCraftII/stableid.json
Successfully loaded stable ids: GameData\stableid.json
Sending ResponseJoinGame
Game has started.
Using default stable ids, none found at: /home/hspark8312/StarCraftII/stableid.json
Successfully loaded stable ids: GameData\stableid.json
Sending ResponseJoinGame
RequestQuit command received.
Closing Application...
CloseHandler: 127.0.0.1:50804 disconnected
Terminate action already called.
/home/hspark8312/anaconda3/envs/sc2/lib/python3.6/importlib/_bootstrap.py:219: RuntimeWarning: numpy.ufunc size changed, may indicate binary incompatibility. Expected 192 from C header, got 216 from PyObject
  return f(*args, **kwds)
/home/hspark8312/anaconda3/envs/sc2/lib/python3.6/importlib/_bootstrap.py:219: RuntimeWarning: numpy.ufunc size changed, may indicate binary incompatibility. Expected 192 from C header, got 216 from PyObject
  return f(*args, **kwds)
/home/hspark8312/anaconda3/envs/sc2/lib/python3.6/site-packages/tensorboard/compat/tensorflow_stub/dtypes.py:541: FutureWarning: Passing (type, 1) or '1type' as a synonym of type is deprecated; in a future version of numpy, it will be understood as (type, (1,)) / '(1,)type'.
  _np_qint8 = np.dtype([("qint8", np.int8, 1)])
/home/hspark8312/anaconda3/envs/sc2/lib/python3.6/site-packages/past/builtins/misc.py:45: DeprecationWarning: the imp module is deprecated in favour of importlib; see the module's documentation for alternative uses
  from imp import reload
/mnt/d/sc2minigame-eval-2020-01-09/bots/Showing_bot/speedBot.py:1643: RuntimeWarning: coroutine 'TerreinManager.debug' was never awaited
  self.terrein_manager.debug()
