## STDOUT ##

[[92mINFO[0m] SC2 4.9.0 용 패치 적용
패치 sc2.ids.ability_id
패치 sc2.game_state
패치 sc2.bot_ai
패치 sc2.client
패치 sc2.controller
패치 sc2.main
INFO:root:Failed to import cuda module: No module named 'caffe2.python.caffe2_pybind11_state_gpu'
INFO:root:Failed to import AMD hip module: No module named 'caffe2.python.caffe2_pybind11_state_hip'
WARNING:root:This caffe2 python run does not have GPU support. Will run in CPU only mode.
cpu
INFO:sc2.protocol:Client status changed to Status.launched (was None)
INFO:sc2_patch.sc2_patch_490.controller:Creating new game
INFO:sc2_patch.sc2_patch_490.controller:Map:     NCFellowship-2019_m1_v6
INFO:sc2_patch.sc2_patch_490.controller:Players: Bot(Race.Terran, <bots.Showing_bot.speedBot.MarinBot object at 0x7fc5e4ad8f28>), Bot(Race.Terran, <bots.maru.q_bot.QBot object at 0x7fc5d5a80f60>)
INFO:sc2.protocol:Client status changed to Status.init_game (was Status.launched)
INFO:sc2.protocol:Client status changed to Status.launched (was None)
INFO:sc2.protocol:Client status changed to Status.in_game (was None)
INFO:root:Player 2 - Bot(Race.Terran, <bots.maru.q_bot.QBot object at 0x7fc5d5a80f60>)
TEST: 2, <bots.maru.q_bot.QBot object at 0x7fc5d5a80f60>
model file does not exists: bots/nc_example_v7/models/model-89.pt
INFO:sc2.protocol:Client status changed to Status.in_game (was None)
INFO:root:Player 1 - Bot(Race.Terran, <bots.Showing_bot.speedBot.MarinBot object at 0x7fc5e4ad8f28>)
TEST: 1, <bots.Showing_bot.speedBot.MarinBot object at 0x7fc5e4ad8f28>
load model: bots/Showing_bot/models/model-89.pt
create new model
0.04514200001722202 0.0027350000164005905
0.04514200001722202 1.00000761449337e-06
0.0444019999995362 0.0020419999782461673
0.0444019999995362 0.0
0.043852000002516434 0.001361000002361834
0.043852000002516434 0.0
0.043999999994412065 0.0013350000081118196
0.043999999994412065 0.0
0.044191000022692606 0.0010980000079143792
0.044191000022692606 0.0
0.04398899999796413 0.0010759999859146774
0.04398899999796413 1.00000761449337e-06
0.043984999996609986 0.001336999994236976
0.043984999996609986 0.0
0.044030999997630715 0.001105000003008172
0.044030999997630715 0.0
0.0445039999904111 0.0011169999779667705
0.0445039999904111 0.0
0.04415500001050532 0.0011209999793209136
0.04415500001050532 0.0
0.04397600001539104 0.0010719999845605344
0.04397600001539104 0.0
0.04396199999609962 0.0012909999932162464
0.04396199999609962 9.999785106629133e-07
0.04433599999174476 0.0010800000163726509
0.04433599999174476 0.0
0.04497700001229532 0.0011529999901540577
0.04497700001229532 1.00000761449337e-06
0.04389000000082888 0.0010630000033415854
0.04389000000082888 0.0
0.044135000003734604 0.0010759999859146774
0.044135000003734604 0.0
0.04405300001963042 0.00108299998100847
0.04405300001963042 0.0
0.04401399998459965 0.0010809999948833138
0.04401399998459965 9.999785106629133e-07
0.04425999999511987 0.0011639999866019934
0.04425999999511987 0.0
0.04427000001305714 0.0011229999945499003
0.04427000001305714 0.0
0.04662000000826083 0.0012170000118203461
0.04662000000826083 0.0
0.04634899998200126 0.00117200001841411
0.04634899998200126 1.00000761449337e-06
0.04663399999844842 0.0011449999874457717
0.04663399999844842 0.0
0.04686000000219792 0.0011349999986123294
0.04686000000219792 0.0
0.0465740000072401 0.001188000023830682
0.0465740000072401 1.00000761449337e-06
0.04661700001452118 0.0012470000074245036
0.04661700001452118 1.00000761449337e-06
0.04687200000626035 0.001217999990331009
0.04687200000626035 0.0
0.04662900001858361 0.0011570000206120312
0.04662900001858361 0.0
0.046772000001510605 0.001133000012487173
0.046772000001510605 0.0
0.04635300001245923 0.001117000007070601
0.04635300001245923 9.999785106629133e-07
0.046774999995250255 0.0011670000094454736
0.046774999995250255 9.999785106629133e-07
0.04674900000100024 0.001121000008424744
0.04674900000100024 1.00000761449337e-06
0.04664499999489635 0.0012320000096224248
0.04664499999489635 1.00000761449337e-06
0.04652999999234453 0.001193000003695488
0.04652999999234453 1.00000761449337e-06
0.046513999986927956 0.0011269999959040433
0.046513999986927956 0.0
0.04916100000264123 0.003085000003920868
0.04916100000264123 1.00000761449337e-06
0.04906900000059977 0.0013000000035390258
0.04906900000059977 1.00000761449337e-06
0.0488539999932982 0.0012489999935496598
0.0488539999932982 0.0
0.049143999989610165 0.001197999983560294
0.049143999989610165 0.0
0.05130099999951199 0.0014230000087991357
0.05130099999951199 0.0
changed strategy
0.05385200001182966 0.003185999987181276
0.05385200001182966 1.00000761449337e-06
0.06138600001577288 0.003864999976940453
0.06138600001577288 0.0
0.06570099998498335 0.004069000016897917
0.06570099998498335 1.00000761449337e-06
0.06648300000233576 0.0020730000105686486
0.06648300000233576 0.0
0.06600799999432638 0.0016780000005383044
0.06600799999432638 0.0
0.06574700001510791 0.0016189999878406525
0.06574700001510791 0.0
0.06572499999310821 0.0016020000039134175
0.06572499999310821 0.0
0.06713599999784492 0.0017510000034235418
0.06713599999784492 0.0
0.06422100000781938 0.0016379999869968742
0.06422100000781938 0.0
0.06432799997855909 0.0015910000074654818
0.06432799997855909 1.00000761449337e-06
0.06640199999674223 0.0016630000027362257
0.06640199999674223 0.0
0.06682899998850189 0.0016260000120382756
0.06682899998850189 1.00000761449337e-06
0.06608699998469092 0.0016460000188089907
0.06608699998469092 0.0
0.06669700000202283 0.0016380000161007047
0.06669700000202283 1.00000761449337e-06
0.06588499998906627 0.001656999986153096
0.06588499998906627 0.0
0.0662480000173673 0.0016450000111944973
0.0662480000173673 0.0
0.08997199998702854 0.0023370000126305968
0.08997199998702854 1.00000761449337e-06
0.0889399999869056 0.0022299999836832285
0.0889399999869056 1.00000761449337e-06
0.08618399998522364 0.0022029999818187207
0.08618399998522364 0.0
0.0865240000130143 0.002224999974714592
0.0865240000130143 0.0
0.08677799999713898 0.0021680000063497573
0.08677799999713898 0.0
0.0864609999989625 0.0021899999992456287
0.0864609999989625 0.0
0.08639700000640005 0.0021680000063497573
0.08639700000640005 0.0
0.08608999999705702 0.0021889999916311353
0.08608999999705702 0.0
0.08580199998687021 0.0021650000126101077
0.08580199998687021 0.0
0.08569000000716187 0.00213500001700595
0.08569000000716187 0.0
0.08623200000147335 0.002175999979954213
0.08623200000147335 0.0
0.08675699998275377 0.002197000023443252
0.08675699998275377 1.00000761449337e-06
0.08607399999164045 0.002202000003308058
0.08607399999164045 0.0
0.06658799998695031 0.0016060000052675605
0.06658799998695031 9.999785106629133e-07
0.07498699999996461 0.0018910000217147171
0.07498699999996461 0.0
0.06864700000733137 0.0017839999927673489
0.06864700000733137 0.0
0.09336300002178177 0.0025439999881200492
0.09336300002178177 0.0
0.09364400000777096 0.002343000000109896
0.09364400000777096 0.0
0.09456800000043586 0.0023130000045057386
0.09456800000043586 0.0
0.09444899999652989 0.002383999992161989
0.09444899999652989 0.0
0.06855100000393577 0.0017309999966528267
0.06855100000393577 9.999785106629133e-07
0.09225399998831563 0.0023360000050161034
0.09225399998831563 0.0
0.06669700000202283 0.0016410000098403543
0.06669700000202283 0.0
0.06600300001446158 0.001636000000871718
0.06600300001446158 1.00000761449337e-06
0.06420399999478832 0.0015679999778512865
0.06420399999478832 9.999785106629133e-07
0.06356999999843538 0.0015739999944344163
0.06356999999843538 0.0
0.06452699998044409 0.0016530000139027834
0.06452699998044409 0.0
0.061199999996460974 0.0016709999763406813
0.061199999996460974 0.0
0.05641799999284558 0.0018189999973401427
0.05641799999284558 0.0
0.05889399998704903 0.0017060000100173056
0.05889399998704903 9.999785106629133e-07
0.056290000007720664 0.009377999987918884
0.056290000007720664 1.00000761449337e-06
0.056480999977793545 0.0013909999979659915
0.056480999977793545 0.0
0.07619799999520183 0.001999999978579581
0.07619799999520183 0.0
0.054093999991891906 0.00136900000507012
0.054093999991891906 0.0
0.07432599997264333 0.0019190000020898879
0.07432599997264333 0.0
0.07660699999541976 0.0019230000034440309
0.07660699999541976 0.0
0.07448400001158006 0.001892999978736043
0.07448400001158006 1.00000761449337e-06
0.07457399999839254 0.0019210000173188746
0.07457399999839254 0.0
0.07403099999646656 0.0017820000066421926
0.07403099999646656 1.00000761449337e-06
0.06793499999912456 0.001795999996829778
0.06793499999912456 0.0
0.05326099999365397 0.0014490000030491501
0.05326099999365397 9.999785106629133e-07
0.051610999973490834 0.0013050000125076622
0.051610999973490834 1.00000761449337e-06
0.07455900000059046 0.002326999994693324
0.07455900000059046 1.00000761449337e-06
0.053832000005058944 0.0013479999906849116
0.053832000005058944 0.0
0.056795000011334196 0.0017389999993611127
0.056795000011334196 1.00000761449337e-06
0.056210000009741634 0.0014669999945908785
0.056210000009741634 9.999785106629133e-07
0.056351999985054135 0.0014300000038929284
0.056351999985054135 0.0
0.05418100001406856 0.001365000003715977
0.05418100001406856 0.0
0.07143800001358613 0.0018689999997150153
0.07143800001358613 1.00000761449337e-06
0.07138500001747161 0.0018429999763611704
0.07138500001747161 0.0
0.05442699999548495 0.0013559999933931977
0.05442699999548495 0.0
0.05419600001187064 0.001377999986289069
0.05419600001187064 1.00000761449337e-06
0.05413800000678748 0.0013270000054035336
0.05413800000678748 0.0
0.0540669999900274 0.0013510000135283917
0.0540669999900274 0.0
0.05417499999748543 0.0015380000113509595
0.05417499999748543 0.0
0.05372099997475743 0.001596999994944781
0.05372099997475743 1.00000761449337e-06
0.05364900000859052 0.0015359999961219728
0.05364900000859052 0.0
0.05359100000350736 0.0016330000071320683
0.05359100000350736 0.0
0.05420899999444373 0.0015980000025592744
0.05420899999444373 0.0
0.05120399998850189 0.0015439999988302588
0.05120399998850189 1.00000761449337e-06
0.051414000015938655 0.0016780000005383044
0.051414000015938655 1.00000761449337e-06
0.051439000002574176 0.0015290000010281801
0.051439000002574176 0.0
0.046417999983532354 0.0011729999969247729
0.046417999983532354 0.0
0.04632699998910539 0.0016039999900385737
0.04632699998910539 1.00000761449337e-06
0.054754999990109354 0.0016670000040903687
0.054754999990109354 9.999785106629133e-07
0.049850999988848343 0.0013789999939035624
0.049850999988848343 1.00000761449337e-06
0.046907000010833144 0.0017069999885279685
0.046907000010833144 0.0
0.04608499997993931 0.0012400000123307109
0.04608499997993931 0.0
0.04623199999332428 0.0012589999823831022
0.04623199999332428 1.00000761449337e-06
0.04678299999795854 0.00128900000709109
0.04678299999795854 9.999785106629133e-07
0.046346999995876104 0.0012580000038724393
0.046346999995876104 0.0
0.04616200001328252 0.001318999973591417
0.04616200001328252 1.00000761449337e-06
0.04659400001401082 0.0012889999779872596
0.04659400001401082 1.00000761449337e-06
0.04677299998002127 0.0011900000099558383
0.04677299998002127 0.0
0.046744000021135435 0.0011789999844040722
0.046744000021135435 0.0
0.04474400001345202 0.0014170000213198364
0.04474400001345202 1.00000761449337e-06
0.04435000001103617 0.001432000019121915
0.04435000001103617 0.0
0.04397800000151619 0.0013809999800287187
0.04397800000151619 0.0
0.04167899998719804 0.0010820000024978071
0.04167899998719804 0.0
0.043879999982891604 0.0011079999967478216
0.043879999982891604 0.0
0.043965999997453764 0.0011149999918416142
0.043965999997453764 0.0
0.041381999995792285 0.0010509999992791563
0.041381999995792285 9.999785106629133e-07
0.04144200001610443 0.0010320000001229346
0.04144200001610443 1.00000761449337e-06
0.042338999977800995 0.0010780000011436641
0.042338999977800995 0.0
0.041953999985707924 0.001073999999789521
0.041953999985707924 1.00000761449337e-06
0.04318000000785105 0.0010980000079143792
0.04318000000785105 9.999785106629133e-07
0.043689000012818724 0.0011249999806750566
0.043689000012818724 0.0
0.04716499999631196 0.0015010000206530094
0.04716499999631196 0.0
0.05716199998278171 0.0014890000165905803
0.05716199998278171 0.0
0.05707099998835474 0.0014690000098198652
0.05707099998835474 0.0
0.05728000000817701 0.0014729999820701778
0.05728000000817701 1.00000761449337e-06
0.05735999997705221 0.0015160000184550881
0.05735999997705221 0.0
0.05716799999936484 0.0015260000072885305
0.05716799999936484 0.0
0.05694199999561533 0.001541999983601272
0.05694199999561533 0.0
0.04833399999188259 0.0011519999825395644
0.04833399999188259 0.0
0.043830999988131225 0.001149999996414408
0.043830999988131225 0.0
0.04436400000122376 0.001168000017059967
0.04436400000122376 0.0
0.043750999990152195 0.0011119999981019646
0.043750999990152195 0.0
0.0438750000030268 0.0010970000002998859
0.0438750000030268 0.0
0.04400699998950586 0.0010870000114664435
0.04400699998950586 9.999785106629133e-07
0.04422399998293258 0.0011410000151954591
0.04422399998293258 0.0
0.04419200000120327 0.0011199999717064202
0.04419200000120327 0.0
0.04439499997533858 0.0011570000206120312
0.04439499997533858 0.0
0.04680999999982305 0.001248000015038997
0.04680999999982305 9.999785106629133e-07
0.047086000005947426 0.0011439999798312783
0.047086000005947426 1.00000761449337e-06
0.05395299999509007 0.0016300000133924186
0.05395299999509007 9.999785106629133e-07
0.054422999994130805 0.0013729999773204327
0.054422999994130805 0.0
0.053749000013340265 0.001320000010309741
0.053749000013340265 0.0
0.05142599999089725 0.0012740000092890114
0.05142599999089725 0.0
0.051370999979553744 0.0014910000027157366
0.051370999979553744 0.0
0.04894599999533966 0.0012540000025182962
0.04894599999533966 9.999785106629133e-07
0.049464000010630116 0.0014749999972991645
0.049464000010630116 0.0
0.0626019999908749 0.002123999991454184
0.0626019999908749 0.0
0.05907899999874644 0.0015629999979864806
0.05907899999874644 0.0
0.04668699999456294 0.0016119999927468598
0.04668699999456294 9.999785106629133e-07
0.04631599999265745 0.0014810000138822943
0.04631599999265745 9.999785106629133e-07
0.0491829999955371 0.0014010000159032643
0.0491829999955371 0.0
0.05422699998598546 0.0017210000078193843
0.05422699998598546 1.00000761449337e-06
0.051623000006657094 0.0013010000111535192
0.051623000006657094 1.00000761449337e-06
0.04684200001065619 0.001197000005049631
0.04684200001065619 1.00000761449337e-06
0.04891400001361035 0.0012430000060703605
0.04891400001361035 1.00000761449337e-06
0.05400699999881908 0.0013559999933931977
0.05400699999881908 1.00000761449337e-06
0.05333499997504987 0.0015629999979864806
0.05333499997504987 1.00000761449337e-06
0.05159199997433461 0.0013270000054035336
0.05159199997433461 1.00000761449337e-06
0.05170199999702163 0.0012999999744351953
0.05170199999702163 1.00000761449337e-06
0.05176100000971928 0.001301999989664182
0.05176100000971928 0.0
0.05312399999820627 0.0013460000045597553
0.05312399999820627 0.0
0.049338000011630356 0.0012370000185910612
0.049338000011630356 0.0
0.04673999999067746 0.0011780000058934093
0.04673999999067746 1.00000761449337e-06
0.046457999997073784 0.001189000002341345
0.046457999997073784 0.0
0.046666999987792224 0.0011980000126641244
0.046666999987792224 0.0
0.04692799999611452 0.001336999994236976
0.04692799999611452 1.00000761449337e-06
0.04643400001805276 0.0011999999987892807
0.04643400001805276 9.999785106629133e-07
0.04654199999640696 0.0011630000080913305
0.04654199999640696 0.0
0.04659099999116734 0.0011510000040289015
0.04659099999116734 0.0
0.04666900000302121 0.0012060000153724104
0.04666900000302121 1.00000761449337e-06
0.04714500001864508 0.0012320000096224248
0.04714500001864508 0.0
0.04926599998725578 0.001269000000320375
0.04926599998725578 0.0
0.04918000000179745 0.0012229999992996454
0.04918000000179745 9.999785106629133e-07
0.04926500000874512 0.0012630000128410757
0.04926500000874512 0.0
0.0488480000058189 0.0012189999979455024
0.0488480000058189 0.0
0.04900499997893348 0.0012320000096224248
0.04900499997893348 0.0
0.04907700000330806 0.0012310000020079315
0.04907700000330806 0.0
0.04719199999817647 0.0011879999947268516
0.04719199999817647 0.0
0.047550000017508864 0.0011910000175703317
0.047550000017508864 0.0
0.0441069999942556 0.0012339999957475811
0.0441069999942556 0.0
0.07000300000072457 0.0017940000107046217
0.07000300000072457 9.999785106629133e-07
0.054739999992307276 0.0014530000044032931
0.054739999992307276 1.00000761449337e-06
0.05138499999884516 0.0013069999986328185
0.05138499999884516 1.00000761449337e-06
0.0537999999942258 0.001361999980872497
0.0537999999942258 1.00000761449337e-06
0.056118000007700175 0.0015559999737888575
0.056118000007700175 0.0
0.07883300000685267 0.0021699999924749136
0.07883300000685267 0.0
0.05685399999492802 0.0015899999998509884
0.05685399999492802 9.999785106629133e-07
0.05615099999704398 0.0014199999859556556
0.05615099999704398 0.0
0.05553099999087863 0.0014359999913722277
0.05553099999087863 0.0
0.05373800001689233 0.001365000003715977
0.05373800001689233 0.0
0.05118400001083501 0.0012920000008307397
0.05118400001083501 1.00000761449337e-06
0.048841999989235774 0.001248000015038997
0.048841999989235774 0.0
0.06291700000292622 0.0016650000179652125
0.06291700000292622 0.0
0.06324299998232163 0.0016929999983403832
0.06324299998232163 0.0
0.0630679999885615 0.0017520000110380352
0.0630679999885615 1.00000761449337e-06
0.06312099998467602 0.0016980000073090196
0.06312099998467602 0.0
0.04641700000502169 0.0011769999982789159
0.04641700000502169 0.0
0.04388799998559989 0.001180999999633059
0.04388799998559989 0.0
0.046186999999918044 0.0011990000202786177
0.046186999999918044 0.0
0.04657899998710491 0.0012920000008307397
0.04657899998710491 0.0
0.06339999998454005 0.0017229999939445406
0.06339999998454005 1.00000761449337e-06
0.04652699999860488 0.0012120000028517097
0.04652699999860488 0.0
0.04639499998302199 0.0011869999871123582
0.04639499998302199 9.999785106629133e-07
0.048925000010058284 0.0012319999805185944
0.048925000010058284 1.00000761449337e-06
0.05355599999893457 0.0012630000128410757
0.05355599999893457 0.0
0.0490929999796208 0.0012510000087786466
0.0490929999796208 0.0
0.04888700001174584 0.0012510000087786466
0.04888700001174584 1.00000761449337e-06
0.051611000002594665 0.0014190000074449927
0.051611000002594665 1.00000761449337e-06
0.05157300000428222 0.0013710000202991068
0.05157300000428222 0.0
0.05213500000536442 0.001404000009642914
0.05213500000536442 0.0
0.0514580000017304 0.0013109999999869615
0.0514580000017304 0.0
0.05130600000848062 0.0012969999806955457
0.05130600000848062 0.0
0.04887499997857958 0.0012550000101327896
0.04887499997857958 0.0
0.05137299999478273 0.0012889999779872596
0.05137299999478273 0.0
0.0514639999892097 0.0012909999932162464
0.0514639999892097 0.0
0.048861000017495826 0.0012330000172369182
0.048861000017495826 0.0
0.0487579999899026 0.0013239999825600535
0.0487579999899026 0.0
0.04904399998486042 0.0012489999935496598
0.04904399998486042 1.00000761449337e-06
0.06493100000079721 0.0019299999985378236
0.06493100000079721 0.0
0.049189999990630895 0.0012639999913517386
0.049189999990630895 0.0
0.04656099999556318 0.0012200000055599958
0.04656099999556318 0.0
0.04669599997578189 0.0012459999998100102
0.04669599997578189 0.0
0.04731499997433275 0.001225999993039295
0.04731499997433275 0.0
0.04654699997627176 0.0013160000089555979
0.04654699997627176 1.00000761449337e-06
0.046593999984906986 0.00120900000911206
0.046593999984906986 0.0
0.046707000001333654 0.0014749999972991645
0.046707000001333654 0.0
0.048706999979913235 0.0013820000167470425
0.048706999979913235 0.0
0.04862600000342354 0.0012630000128410757
0.04862600000342354 0.0
0.051107000006595626 0.0014300000038929284
0.051107000006595626 0.0
0.054379999986849725 0.0014500000106636435
0.054379999986849725 0.0
0.05418499998631887 0.001357000001007691
0.05418499998631887 0.0
0.05122600001050159 0.001281000004382804
0.05122600001050159 0.0
0.05137299999478273 0.0013089999847579747
0.05137299999478273 0.0
0.051576999976532534 0.0013329999928828329
0.051576999976532534 0.0
0.051986000005854294 0.0013029999972786754
0.051986000005854294 0.0
0.04895099997520447 0.0012830000196117908
0.04895099997520447 0.0
0.048675999976694584 0.0012710000155493617
0.048675999976694584 0.0
0.04896600000211038 0.0012370000185910612
0.04896600000211038 0.0
0.04890499997418374 0.0012989999959245324
0.04890499997418374 0.0
0.05385900000692345 0.0013430000108201057
0.05385900000692345 0.0
0.054487000015797094 0.0013800000015180558
0.054487000015797094 1.00000761449337e-06
0.051296999998157844 0.0012920000008307397
0.051296999998157844 0.0
0.05136899999342859 0.0013029999972786754
0.05136899999342859 1.00000761449337e-06
0.05203799999435432 0.0012940000160597265
0.05203799999435432 9.999785106629133e-07
0.052097000007051975 0.0013089999847579747
0.052097000007051975 0.0
0.051207999989856035 0.0012789999891538173
0.051207999989856035 1.00000761449337e-06
0.05424699999275617 0.0015899999998509884
0.05424699999275617 1.00000761449337e-06
0.054690999997546896 0.0018010000057984143
0.054690999997546896 1.00000761449337e-06
0.06701899998006411 0.0018440000130794942
0.06701899998006411 0.0
0.0699190000013914 0.0021520000009331852
0.0699190000013914 1.00000761449337e-06
0.06697600000188686 0.0020899999944958836
0.06697600000188686 1.00000761449337e-06
0.06743299998925067 0.002310999989276752
0.06743299998925067 1.00000761449337e-06
0.06807999999728054 0.0017340000194963068
0.06807999999728054 0.0
0.059256000007735565 0.0016980000073090196
0.059256000007735565 1.00000761449337e-06
0.0642130000051111 0.0017689999949652702
0.0642130000051111 0.0
0.06453999999212101 0.0016739999991841614
0.06453999999212101 9.999785106629133e-07
0.04657899998710491 0.0011829999857582152
0.04657899998710491 0.0
0.04930899999453686 0.0012329999881330878
0.04930899999453686 0.0
0.04928300000028685 0.0012699999788310379
0.04928300000028685 0.0
0.04904399998486042 0.0012719999940600246
0.04904399998486042 1.00000761449337e-06
0.048913000005995855 0.0012379999971017241
0.048913000005995855 9.999785106629133e-07
0.048703999986173585 0.001305999991018325
0.048703999986173585 0.0
0.049270000017713755 0.001264999998966232
0.049270000017713755 0.0
0.051294000004418194 0.0013990000006742775
0.051294000004418194 0.0
0.05345300000044517 0.0014819999923929572
0.05345300000044517 1.00000761449337e-06
0.05352300000959076 0.001336000015726313
0.05352300000959076 0.0
0.05408400000305846 0.0013589999871328473
0.05408400000305846 9.999785106629133e-07
0.05425799998920411 0.0014179999998304993
0.05425799998920411 9.999785106629133e-07
0.05114900000626221 0.0013010000111535192
0.05114900000626221 0.0
0.05143800002406351 0.0012750000169035047
0.05143800002406351 0.0
0.05431000000680797 0.0013629999884869903
0.05431000000680797 1.00000761449337e-06
0.05387299999711104 0.001357000001007691
0.05387299999711104 0.0
0.05398200001218356 0.0013429999817162752
0.05398200001218356 0.0
0.05388899997342378 0.0013970000145491213
0.05388899997342378 0.0
0.05399600000237115 0.0014109999756328762
0.05399600000237115 0.0
0.05374699999811128 0.0013590000162366778
0.05374699999811128 0.0
0.05543599999509752 0.00165200000628829
0.05543599999509752 1.00000761449337e-06
0.056546000007074326 0.0015319999947678298
0.056546000007074326 0.0
0.05571899999631569 0.001428999996278435
0.05571899999631569 0.0
0.05624899998656474 0.0015340000099968165
0.05624899998656474 0.0
0.052927999990060925 0.0013389999803621322
0.052927999990060925 0.0
0.06849700000020675 0.002003000001423061
0.06849700000020675 0.0
0.07547499999054708 0.0021140000026207417
0.07547499999054708 0.0
0.05350700000417419 0.0014380000066012144
0.05350700000417419 9.999785106629133e-07
0.05471100000431761 0.001400000008288771
0.05471100000431761 1.00000761449337e-06
0.05471299999044277 0.0013800000015180558
0.05471299999044277 0.0
0.053405000013299286 0.0013389999803621322
0.053405000013299286 1.00000761449337e-06
0.07237800001166761 0.0018660000059753656
0.07237800001166761 0.0
0.05651899997610599 0.0016119999927468598
0.05651899997610599 0.0
0.05658699999912642 0.0020570000051520765
0.05658699999912642 0.0
0.05626499999198131 0.001896000001579523
0.05626499999198131 0.0
0.05652799998642877 0.0014589999918825924
0.05652799998642877 0.0
0.05373899999540299 0.001357000001007691
0.05373899999540299 0.0
0.05620300001464784 0.0015330000023823231
0.05620300001464784 0.0
0.05634999999892898 0.0015719999792054296
0.05634999999892898 0.0
0.058951000013621524 0.0015999999886844307
0.058951000013621524 0.0
0.058573000016622245 0.0014959999825805426
0.058573000016622245 0.0
0.05857799999648705 0.0014789999986533076
0.05857799999648705 0.0
0.061910999997053295 0.0018349999736528844
0.061910999997053295 0.0
0.05865399999311194 0.0014699999883305281
0.05865399999311194 1.00000761449337e-06
0.05869800000800751 0.0020409999997355044
0.05869800000800751 1.00000761449337e-06
0.05962899999576621 0.0016800000157672912
0.05962899999576621 1.00000761449337e-06
0.05977799999527633 0.001744999986840412
0.05977799999527633 0.0
0.07637699999031611 0.0024710000143386424
0.07637699999031611 0.0
0.056478000013157725 0.0016739999991841614
0.056478000013157725 0.0
0.05201499999384396 0.001365000003715977
0.05201499999384396 9.999785106629133e-07
0.05140299999038689 0.0015439999988302588
0.05140299999038689 0.0
0.05147499998565763 0.0016830000095069408
0.05147499998565763 0.0
0.05131999999866821 0.001724000001559034
0.05131999999866821 1.00000761449337e-06
0.05181199999060482 0.0012889999779872596
0.05181199999060482 0.0
0.05552299998817034 0.0016710000054445118
0.05552299998817034 0.0
0.07052599999587983 0.001859000010881573
0.07052599999587983 0.0
0.0709740000020247 0.0021779999951831996
0.0709740000020247 0.0
0.04675199999473989 0.0012189999979455024
0.04675199999473989 0.0
0.06043599999975413 0.0016269999905489385
0.06043599999975413 0.0
0.06051000001025386 0.0016000000177882612
0.06051000001025386 0.0
0.059895999991567805 0.0015930000226944685
0.059895999991567805 1.00000761449337e-06
0.05982699999003671 0.0016330000071320683
0.05982699999003671 1.00000761449337e-06
0.06064399998285808 0.0018259999924339354
0.06064399998285808 1.00000761449337e-06
0.05736900001647882 0.0016160000232048333
0.05736900001647882 0.0
0.06052900000941008 0.0016069999837782234
0.06052900000941008 1.00000761449337e-06
0.04709599999478087 0.0013169999874662608
0.04709599999478087 1.00000761449337e-06
0.04659300000639632 0.0011879999947268516
0.04659300000639632 1.00000761449337e-06
0.04388499999186024 0.0011559999838937074
0.04388499999186024 1.00000761449337e-06
0.04415299999527633 0.001229999994393438
0.04415299999527633 9.999785106629133e-07
0.04422300000442192 0.0013700000126846135
0.04422300000442192 1.00000761449337e-06
0.04454900001292117 0.0011919999960809946
0.04454900001292117 1.00000761449337e-06
0.044238000002224 0.0011139999842271209
0.044238000002224 1.00000761449337e-06
0.04256800000439398 0.0011240000021643937
0.04256800000439398 0.0
0.04166700001223944 0.0010630000033415854
0.04166700001223944 1.00000761449337e-06
0.04393399998662062 0.0012829999905079603
0.04393399998662062 1.00000761449337e-06
0.04188400000566617 0.0010590000019874424
0.04188400000566617 0.0
0.03915299999061972 0.0009969999955501407
0.03915299999061972 0.0
0.04166600000462495 0.0010630000033415854
0.04166600000462495 9.999785106629133e-07
0.04158900000038557 0.0011349999986123294
0.04158900000038557 0.0
0.03900300001259893 0.0010119999933522195
0.03900300001259893 0.0
0.039441000000806525 0.0010760000150185078
0.039441000000806525 1.00000761449337e-06
0.039262000005692244 0.0011769999982789159
0.039262000005692244 1.00000761449337e-06
0.04211199999554083 0.0012069999938830733
0.04211199999554083 0.0
0.04380200000014156 0.0012370000185910612
0.04380200000014156 0.0
0.044037000014213845 0.0011309999972581863
0.044037000014213845 0.0
0.04629699999350123 0.001404000009642914
0.04629699999350123 0.0
0.0463129999989178 0.0011999999987892807
0.0463129999989178 0.0
0.04666799999540672 0.0012789999891538173
0.04666799999540672 0.0
0.04657700000097975 0.0012040000001434237
0.04657700000097975 0.0
0.04933000000892207 0.001441000000340864
0.04933000000892207 1.00000761449337e-06
0.04905699999653734 0.0012479999859351665
0.04905699999653734 1.00000761449337e-06
0.04891799998586066 0.0014740000187885016
0.04891799998586066 0.0
0.049226999981328845 0.0014519999967887998
0.049226999981328845 1.00000761449337e-06
0.04405799999949522 0.0014120000123512
0.04405799999949522 9.999785106629133e-07
0.04150899997330271 0.001244000013684854
0.04150899997330271 9.999785106629133e-07
0.0416399999812711 0.0012869999918621033
0.0416399999812711 0.0
0.0414359999995213 0.0010720000136643648
0.0414359999995213 9.999785106629133e-07
0.04147199998260476 0.0010730000212788582
0.04147199998260476 0.0
0.03934799999115057 0.0010919999913312495
0.03934799999115057 1.00000761449337e-06
0.03982400000677444 0.0011980000126641244
0.03982400000677444 0.0
0.039102000009734184 0.001045000011799857
0.039102000009734184 1.00000761449337e-06
0.03906700000516139 0.001285000005736947
0.03906700000516139 0.0
0.04143500002101064 0.001184000022476539
0.04143500002101064 0.0
0.04165800000191666 0.0010590000019874424
0.04165800000191666 0.0
0.04216100001940504 0.0010830000101123005
0.04216100001940504 0.0
0.03893399998196401 0.0010460000194143504
0.03893399998196401 0.0
0.039419000007910654 0.0010000000183936208
0.039419000007910654 9.999785106629133e-07
0.039213000010931864 0.0010130000009667128
0.039213000010931864 0.0
0.03926400002092123 0.0010310000216122717
0.03926400002092123 0.0
0.04081400000723079 0.0012839999981224537
0.04081400000723079 1.00000761449337e-06
0.039487000001827255 0.0010300000139977783
0.039487000001827255 0.0
0.03986099999747239 0.0010159999947063625
0.03986099999747239 9.999785106629133e-07
0.03917100001126528 0.001057999994372949
0.03917100001126528 0.0
0.03909200002090074 0.00101200002245605
0.03909200002090074 0.0
0.038969999994151294 0.0010149999870918691
0.038969999994151294 1.00000761449337e-06
0.03944500000216067 0.0011100000119768083
0.03944500000216067 0.0
0.039458999992348254 0.0010480000055395067
0.039458999992348254 1.00000761449337e-06
0.03892599997925572 0.0010009999969042838
0.03892599997925572 0.0
0.039315000001806766 0.001065999997081235
0.039315000001806766 0.0
0.03891299999668263 0.0010260000126436353
0.03891299999668263 0.0
0.03929700001026504 0.0010339999862480909
0.03929700001026504 1.00000761449337e-06
0.038906000001588836 0.0010239999974146485
0.038906000001588836 0.0
0.03955099999438971 0.0010580000234767795
0.03955099999438971 0.0
0.037176999991061166 0.0009910000080708414
0.037176999991061166 9.999785106629133e-07
0.03694799999357201 0.0009629999985918403
0.03694799999357201 0.0
0.034469000005628914 0.0009039999858941883
0.034469000005628914 0.0
0.03427699999883771 0.000910000002477318
0.03427699999883771 0.0
0.034303000022191554 0.0009380000119563192
0.034303000022191554 0.0
0.03433799999766052 0.0008990000060293823
0.03433799999766052 0.0
0.03415500000119209 0.0009250000002793968
0.03415500000119209 9.999785106629133e-07
0.03443100000731647 0.000910999980987981
0.03443100000731647 0.0
0.034186000004410744 0.0009029999782796949
0.034186000004410744 0.0
0.03419500001473352 0.000901999999769032
0.03419500001473352 0.0
0.03660200000740588 0.0009679999784566462
0.03660200000740588 0.0
0.03990900001372211 0.0010889999975915998
0.03990900001372211 0.0
0.04021699997247197 0.0011020000092685223
0.04021699997247197 0.0
0.03986799999256618 0.0010509999992791563
0.03986799999256618 0.0
0.04023600000073202 0.0011260000173933804
0.04023600000073202 1.00000761449337e-06
0.04160600001341663 0.0011180000146850944
0.04160600001341663 9.999785106629133e-07
0.04188200001954101 0.0010899999761022627
0.04188200001954101 0.0
0.04151300000376068 0.0010780000011436641
0.04151300000376068 1.00000761449337e-06
0.04170000000158325 0.001069999998435378
0.04170000000158325 0.0
0.044437000004108995 0.0012529999949038029
0.044437000004108995 1.00000761449337e-06
0.044062000000849366 0.0015290000010281801
0.044062000000849366 0.0
0.039189000002807006 0.001053999993018806
0.039189000002807006 0.0
0.036641000013332814 0.0009619999909773469
0.036641000013332814 1.00000761449337e-06
0.03672500001266599 0.0009750000026542693
0.03672500001266599 0.0
0.03670100000454113 0.0009999999892897904
0.03670100000454113 0.0
0.03686500000185333 0.000965000013820827
0.03686500000185333 0.0
0.03664999999455176 0.0009800000116229057
0.03664999999455176 1.00000761449337e-06
0.03422699999646284 0.000901999999769032
0.03422699999646284 0.0
0.03668999997898936 0.0009520000021439046
0.03668999997898936 1.00000761449337e-06
0.0374209999863524 0.0010210000036749989
0.0374209999863524 1.00000761449337e-06
0.036825999995926395 0.0009499999869149178
0.036825999995926395 0.0
0.03703400000813417 0.0010289999772794545
0.03703400000813417 0.0
0.053798000008100644 0.0013250000192783773
0.053798000008100644 0.0
0.03914199999417178 0.0010409999813418835
0.03914199999417178 0.0
0.036783000017749146 0.0009410000056959689
0.036783000017749146 0.0
0.03693599998950958 0.0009910000080708414
0.03693599998950958 0.0
0.03664999999455176 0.0009500000160187483
0.03664999999455176 0.0
0.036792000028071925 0.0009880000143311918
0.036792000028071925 0.0
0.03677899998729117 0.0009699999936856329
0.03677899998729117 0.0
0.037041000003227964 0.0009629999985918403
0.037041000003227964 0.0
0.03668600000673905 0.0009679999784566462
0.03668600000673905 1.00000761449337e-06
0.036703000019770116 0.0009600000048521906
0.036703000019770116 9.999785106629133e-07
0.03659000000334345 0.0009589999972376972
0.03659000000334345 1.00000761449337e-06
0.03735400000005029 0.0010360000014770776
0.03735400000005029 1.00000761449337e-06
0.03677100001368672 0.0009530000097583979
0.03677100001368672 1.00000761449337e-06
0.03900499999872409 0.0010079999919980764
0.03900499999872409 0.0
0.03942000001552515 0.0010220000112894922
0.03942000001552515 1.00000761449337e-06
0.03897100000176579 0.0010110000148415565
0.03897100000176579 0.0
0.03926400002092123 0.0010140000085812062
0.03926400002092123 0.0
0.03951599998981692 0.0010170000023208559
0.03951599998981692 1.00000761449337e-06
0.03922499998589046 0.0010379999876022339
0.03922499998589046 0.0
0.03952299998491071 0.0010520000068936497
0.03952299998491071 0.0
0.0390649999899324 0.0010079999919980764
0.0390649999899324 1.00000761449337e-06
0.03660299998591654 0.0009579999896232039
0.03660299998591654 1.00000761449337e-06
0.03683300002012402 0.0009349999891128391
0.03683300002012402 0.0
0.03672800000640564 0.0009539999882690609
0.03672800000640564 0.0
0.0370460000121966 0.0009750000026542693
0.0370460000121966 0.0
0.03703300000051968 0.000965000013820827
0.03703300000051968 0.0
0.03653300000587478 0.0009889999928418547
0.03653300000587478 0.0
0.03422800000407733 0.0009600000048521906
0.03422800000407733 0.0
0.03173000001697801 0.0008590000215917826
0.03173000001697801 0.0
0.03170899997348897 0.0008390000148210675
0.03170899997348897 1.00000761449337e-06
0.03293600000324659 0.0009279999940190464
0.03293600000324659 1.00000761449337e-06
0.03255100001115352 0.0009549999958835542
0.03255100001115352 0.0
0.03186899999855086 0.0008879999804776162
0.03186899999855086 9.999785106629133e-07
0.03164599998854101 0.0008559999987483025
0.03164599998854101 0.0
0.03433299998869188 0.0009209999989252537
0.03433299998869188 0.0
0.036672000016551465 0.0009669999999459833
0.036672000016551465 0.0
0.03646699999808334 0.0009699999936856329
0.03646699999808334 0.0
0.04404400000930764 0.001180999999633059
0.04404400000930764 0.0
0.048718999983975664 0.001476000004913658
0.048718999983975664 0.0
0.05407400001422502 0.001580000011017546
0.05407400001422502 0.0
0.05904900000314228 0.001724000001559034
0.05904900000314228 0.0
0.06108800001675263 0.0016330000071320683
0.06108800001675263 0.0
0.06097999998019077 0.0015380000113509595
0.06097999998019077 1.00000761449337e-06
0.061188000021502376 0.0015300000086426735
0.061188000021502376 0.0
0.06113300001015887 0.0015180000045802444
0.06113300001015887 9.999785106629133e-07
0.06170299998484552 0.0015539999876637012
0.06170299998484552 0.0
0.06098300000303425 0.0017929999739862978
0.06098300000303425 0.0
0.05428599999868311 0.0013990000006742775
0.05428599999868311 0.0
0.05400000000372529 0.0015859999984968454
0.05400000000372529 0.0
0.053718000010121614 0.0016189999878406525
0.053718000010121614 0.0
0.0535669999953825 0.0015950000088196248
0.0535669999953825 1.00000761449337e-06
0.049375000002328306 0.0012829999905079603
0.049375000002328306 0.0
0.03708300000289455 0.0009980000031646341
0.03708300000289455 0.0
0.036997999995946884 0.000957000011112541
0.036997999995946884 0.0
0.03667100000893697 0.0009919999865815043
0.03667100000893697 0.0
0.034174000000348315 0.0009419999842066318
0.034174000000348315 0.0
0.03409899998223409 0.0009539999882690609
0.03409899998223409 0.0
0.034687999985180795 0.0009299999801442027
0.034687999985180795 1.00000761449337e-06
0.03434499999275431 0.0009399999980814755
0.03434499999275431 0.0
0.03459600001224317 0.0009160000190604478
0.03459600001224317 0.0
0.034275999991223216 0.0009119999886024743
0.034275999991223216 1.00000761449337e-06
0.0344030000269413 0.0008859999943524599
0.0344030000269413 1.00000761449337e-06
0.034149999992223457 0.0009420000133104622
0.034149999992223457 9.999785106629133e-07
0.03423099999781698 0.0008950000046752393
0.03423099999781698 1.00000761449337e-06
0.03418700001202524 0.0009129999962169677
0.03418700001202524 0.0
0.03431399998953566 0.000901999999769032
0.03431399998953566 0.0
0.03439400001661852 0.0008920000109355897
0.03439400001661852 1.00000761449337e-06
0.03413899999577552 0.0008819999929983169
0.03413899999577552 0.0
0.03423400002066046 0.0008780000207480043
0.03423400002066046 0.0
0.03416999999899417 0.0008920000109355897
0.03416999999899417 0.0
0.03470099999685772 0.0009450000070501119
0.03470099999685772 0.0
0.03424300000187941 0.0009169999975711107
0.03424300000187941 1.00000761449337e-06
0.03448100000969134 0.0009390000195708126
0.03448100000969134 0.0
0.03450199999497272 0.0009259999787900597
0.03450199999497272 0.0
0.03417800000170246 0.0008910000033210963
0.03417800000170246 1.00000761449337e-06
0.03428000002168119 0.0008840000082273036
0.03428000002168119 0.0
0.036694000009447336 0.0009459999855607748
0.036694000009447336 0.0
0.03680900001199916 0.0009730000165291131
0.03680900001199916 0.0
0.03716500001610257 0.000990999978967011
0.03716500001610257 1.00000761449337e-06
0.03669000000809319 0.0009700000227894634
0.03669000000809319 0.0
0.03657300001941621 0.000977999996393919
0.03657300001941621 0.0
0.03693000000203028 0.0009600000048521906
0.03693000000203028 0.0
0.037314999994123355 0.0009669999999459833
0.037314999994123355 9.999785106629133e-07
0.031872999999905005 0.0008550000202376395
0.031872999999905005 0.0
0.03190599998924881 0.0008540000126231462
0.03190599998924881 9.999785106629133e-07
0.031962000008206815 0.0008519999973941594
0.031962000008206815 9.999785106629133e-07
0.032085000013466924 0.0009509999945294112
0.032085000013466924 0.0
0.03455499999108724 0.0009220000065397471
0.03455499999108724 1.00000761449337e-06
0.034509000019170344 0.0009469999931752682
0.034509000019170344 1.00000761449337e-06
0.03494400001363829 0.0009490000084042549
0.03494400001363829 0.0
0.034097000025212765 0.0009160000190604478
0.034097000025212765 0.0
0.034282000007806346 0.0009239999926649034
0.034282000007806346 0.0
0.0345450000022538 0.0009590000263415277
0.0345450000022538 1.00000761449337e-06
0.034214000013889745 0.0009489999793004245
0.034214000013889745 0.0
0.036900000006426126 0.0009720000089146197
0.036900000006426126 0.0
0.03908499999670312 0.0010429999965708703
0.03908499999670312 0.0
0.039335999987088144 0.0010079999919980764
0.039335999987088144 0.0
0.039262000005692244 0.0010560000082477927
0.039262000005692244 1.00000761449337e-06
0.04144100000848994 0.0010889999975915998
0.04144100000848994 0.0
0.04143300000578165 0.0010750000074040145
0.04143300000578165 0.0
0.04170600001816638 0.001113000005716458
0.04170600001816638 1.00000761449337e-06
0.04200300000957213 0.0010860000038519502
0.04200300000957213 0.0
0.04358999998657964 0.0011679999879561365
0.04358999998657964 0.0
0.042141999991144985 0.0010860000038519502
0.042141999991144985 0.0
0.0418610000051558 0.0011089999752584845
0.0418610000051558 0.0
0.04146700000273995 0.0010670000046957284
0.04146700000273995 0.0
0.041490000003250316 0.0010999999940395355
0.041490000003250316 0.0
0.04167899998719804 0.0010780000011436641
0.04167899998719804 0.0
0.04153400001814589 0.001137000013841316
0.04153400001814589 0.0
0.04147699999157339 0.0010970000002998859
0.04147699999157339 0.0
0.041957000008551404 0.0010650000185705721
0.041957000008551404 0.0
0.04174099999363534 0.0011189999931957573
0.04174099999363534 0.0
0.04156800001510419 0.0010859999747481197
0.04156800001510419 1.00000761449337e-06
0.041794000018853694 0.001069999998435378
0.041794000018853694 1.00000761449337e-06
0.041487000009510666 0.0011029999877791852
0.041487000009510666 0.0
0.04171699998551048 0.0011639999866019934
0.04171699998551048 0.0
0.041618999995989725 0.001070999976946041
0.041618999995989725 9.999785106629133e-07
0.041498999984469265 0.0010910000128205866
0.041498999984469265 1.00000761449337e-06
0.041419000015594065 0.0010809999948833138
0.041419000015594065 0.0
0.04447300001629628 0.0013399999879766256
0.04447300001629628 1.00000761449337e-06
0.03414199998951517 0.0009499999869149178
0.03414199998951517 0.0
0.034179999987827614 0.0009290000016335398
0.034179999987827614 1.00000761449337e-06
0.03429900002083741 0.0009450000070501119
0.03429900002083741 1.00000761449337e-06
0.03449900000123307 0.0009089999948628247
0.03449900000123307 0.0
0.03432100001373328 0.0009029999782796949
0.03432100001373328 0.0
0.034527999989222735 0.0009220000065397471
0.034527999989222735 0.0
0.03577300001052208 0.0011149999918416142
0.03577300001052208 0.0
0.034955999988596886 0.0009589999972376972
0.034955999988596886 1.00000761449337e-06
0.034239000000525266 0.0009209999989252537
0.034239000000525266 0.0
0.03466100001242012 0.0009469999931752682
0.03466100001242012 0.0
0.03476599999703467 0.0009540000173728913
0.03476599999703467 1.00000761449337e-06
0.03437599999597296 0.0009319999953731894
0.03437599999597296 0.0
0.034453999978723004 0.0009509999945294112
0.034453999978723004 1.00000761449337e-06
0.03472100000362843 0.000910999980987981
0.03472100000362843 1.00000761449337e-06
0.034465999982785434 0.0009230000141542405
0.034465999982785434 0.0
0.03405000001657754 0.0009069999796338379
0.03405000001657754 0.0
0.03444600000511855 0.0009270000155083835
0.03444600000511855 9.999785106629133e-07
0.03701199998613447 0.0009540000173728913
0.03701199998613447 0.0
0.03680600001825951 0.0010049999982584268
0.03680600001825951 0.0
0.036774000007426366 0.000994000001810491
0.036774000007426366 1.00000761449337e-06
0.03659000000334345 0.0009720000089146197
0.03659000000334345 1.00000761449337e-06
0.0369160000118427 0.0010119999933522195
0.0369160000118427 0.0
0.03696500000660308 0.0009809999901335686
0.03696500000660308 1.00000761449337e-06
0.03662999998778105 0.0009689999860711396
0.03662999998778105 0.0
0.03661300000385381 0.0009689999860711396
0.03661300000385381 0.0
0.03669799998169765 0.0009800000116229057
0.03669799998169765 0.0
0.03663099999539554 0.0009730000165291131
0.03663099999539554 0.0
0.03701599998748861 0.0010100000072270632
0.03701599998748861 0.0
0.03675899998052046 0.0009809999901335686
0.03675899998052046 1.00000761449337e-06
0.036557999992510304 0.000982999976258725
0.036557999992510304 1.00000761449337e-06
0.03667299999506213 0.0009640000062063336
0.03667299999506213 0.0
0.03674700000556186 0.0010569999867584556
0.03674700000556186 1.00000761449337e-06
0.03655400002025999 0.0009759999811649323
0.03655400002025999 1.00000761449337e-06
0.03677599999355152 0.0009889999928418547
0.03677599999355152 0.0
0.036617000005207956 0.000961000012466684
0.036617000005207956 1.00000761449337e-06
0.03710499999579042 0.0009540000173728913
0.03710499999579042 0.0
0.03681600000709295 0.0009680000075604767
0.03681600000709295 0.0
0.03649299999233335 0.0009680000075604767
0.03649299999233335 1.00000761449337e-06
0.03669199999421835 0.0009769999887794256
0.03669199999421835 0.0
0.036595000012312084 0.0010009999969042838
0.036595000012312084 0.0
0.03664499998558313 0.000990000000456348
0.03664499998558313 9.999785106629133e-07
0.03656599999521859 0.0009820000268518925
0.03656599999521859 1.00000761449337e-06
0.03665899997577071 0.0010010000260081142
0.03665899997577071 0.0
0.03659699999843724 0.0009830000053625554
0.03659699999843724 0.0
0.03666700000758283 0.0009669999999459833
0.03666700000758283 1.00000761449337e-06
0.036554999998770654 0.0009669999999459833
0.036554999998770654 1.00000761449337e-06
0.03679900002316572 0.0009680000075604767
0.03679900002316572 0.0
0.03680000000167638 0.0009769999887794256
0.03680000000167638 0.0
0.03695699997479096 0.0009520000021439046
0.03695699997479096 1.00000761449337e-06
0.037077999993925914 0.0010599999804981053
0.037077999993925914 0.0
0.036936999997124076 0.0009439999994356185
0.036936999997124076 0.0
0.036632000003010035 0.0009619999909773469
0.036632000003010035 1.00000761449337e-06
0.03683600001386367 0.000961000012466684
0.03683600001386367 0.0
0.0367170000099577 0.0012120000028517097
0.0367170000099577 0.0
0.03668499999912456 0.0013639999961014837
0.03668499999912456 1.00000761449337e-06
0.03670799999963492 0.0009520000021439046
0.03670799999963492 0.0
0.04029199999058619 0.0014659999869763851
0.04029199999058619 0.0
0.038982999976724386 0.0014559999981429428
0.038982999976724386 0.0
0.03921799999079667 0.0010670000046957284
0.03921799999079667 9.999785106629133e-07
0.03914499998791143 0.001432999997632578
0.03914499998791143 0.0
0.03894500000751577 0.0012189999979455024
0.03894500000751577 0.0
0.039309000014327466 0.0012449999921955168
0.039309000014327466 0.0
0.0395250000001397 0.0013299999991431832
0.0395250000001397 1.00000761449337e-06
0.036552000005031005 0.0011819999781437218
0.036552000005031005 1.00000761449337e-06
0.03644299998995848 0.0012170000118203461
0.03644299998995848 1.00000761449337e-06
0.03668000001925975 0.0013599999947473407
0.03668000001925975 0.0
0.03663700001197867 0.0012029999925289303
0.03663700001197867 1.00000761449337e-06
0.037314999994123355 0.0010309999925084412
0.037314999994123355 1.00000761449337e-06
0.036862999986624345 0.0014300000038929284
0.036862999986624345 0.0
0.0369100000243634 0.001260000019101426
0.0369100000243634 0.0
0.036540000000968575 0.0012120000028517097
0.036540000000968575 0.0
0.036659999983385205 0.0013930000131949782
0.036659999983385205 0.0
0.03683300002012402 0.0012489999935496598
0.03683300002012402 1.00000761449337e-06
0.03642699998454191 0.0011740000045392662
0.03642699998454191 1.00000761449337e-06
0.036619999998947605 0.0012379999971017241
0.036619999998947605 1.00000761449337e-06
0.03686799999559298 0.0012180000194348395
0.03686799999559298 0.0
0.03695700000389479 0.0009589999972376972
0.03695700000389479 0.0
0.0368130000133533 0.0012160000042058527
0.0368130000133533 1.00000761449337e-06
0.03650400001788512 0.0014019999944139272
0.03650400001788512 0.0
0.036699999996926636 0.0012660000065807253
0.036699999996926636 0.0
0.03656800001044758 0.0011959999974351376
0.03656800001044758 0.0
0.036610999988624826 0.0012660000065807253
0.036610999988624826 0.0
0.03676899999845773 0.0012570000253617764
0.03676899999845773 0.0
0.03755000000819564 0.001476000004913658
0.03755000000819564 0.0
0.036924000014550984 0.0011449999874457717
0.036924000014550984 1.00000761449337e-06
0.037859999982174486 0.0016340000147465616
0.037859999982174486 1.00000761449337e-06
0.03661900002043694 0.0014089999895077199
0.03661900002043694 1.00000761449337e-06
0.03684900002554059 0.0012240000069141388
0.03684900002554059 1.00000761449337e-06
0.03776000000652857 0.0010119999933522195
0.03776000000652857 1.00000761449337e-06
0.036586000001989305 0.0010019999754149467
0.036586000001989305 1.00000761449337e-06
0.03686799999559298 0.0009540000173728913
0.03686799999559298 0.0
0.036880999978166074 0.0009699999936856329
0.036880999978166074 0.0
0.03642699998454191 0.0009999999892897904
0.03642699998454191 1.00000761449337e-06
0.03659699999843724 0.0009589999972376972
0.03659699999843724 0.0
0.03659599999082275 0.001201999984914437
0.03659599999082275 0.0
0.037043999996967614 0.000990999978967011
0.037043999996967614 0.0
0.037043999996967614 0.0009589999972376972
0.037043999996967614 0.0
0.039069000020390376 0.0011150000209454447
0.039069000020390376 0.0
0.03905500000109896 0.0010769999935291708
0.03905500000109896 0.0
0.036527000018395483 0.0009629999985918403
0.036527000018395483 1.00000761449337e-06
0.036656999989645556 0.0009619999909773469
0.036656999989645556 1.00000761449337e-06
0.03659100001095794 0.0009729999874252826
0.03659100001095794 1.00000761449337e-06
0.03701000000000931 0.0009890000219456851
0.03701000000000931 0.0
0.036760999995749444 0.0009589999972376972
0.036760999995749444 0.0
0.03670100000454113 0.0009970000246539712
0.03670100000454113 0.0
0.0365870000096038 0.0009459999855607748
0.0365870000096038 0.0
0.037149000010685995 0.0009959999879356474
0.037149000010685995 1.00000761449337e-06
0.03690400000778027 0.0013460000045597553
0.03690400000778027 0.0
0.034592999989399686 0.0012439999845810235
0.034592999989399686 0.0
0.034266000002389774 0.0011769999982789159
0.034266000002389774 1.00000761449337e-06
0.034051000024192035 0.0012270000006537884
0.034051000024192035 0.0
0.03423999997903593 0.0009110000100918114
0.03423999997903593 0.0
0.03406700000050478 0.0011579999991226941
0.03406700000050478 0.0
0.03442899999208748 0.0011860000086016953
0.03442899999208748 0.0
0.0339840000087861 0.0009800000116229057
0.0339840000087861 9.999785106629133e-07
0.034239000000525266 0.0009530000097583979
0.034239000000525266 0.0
0.03438899997854605 0.0008840000082273036
0.03438899997854605 0.0
0.03653899999335408 0.0010769999935291708
0.03653899999335408 1.00000761449337e-06
0.03662800000165589 0.0009649999847169966
0.03662800000165589 0.0
0.03739899999345653 0.000981000019237399
0.03739899999345653 0.0
0.03677499998593703 0.0010060000058729202
0.03677499998593703 1.00000761449337e-06
0.03664299999945797 0.0009480000007897615
0.03664299999945797 0.0
0.03677599999355152 0.0009370000043418258
0.03677599999355152 0.0
0.036491000006208196 0.0009619999909773469
0.036491000006208196 0.0
0.03656700000283308 0.0009500000160187483
0.03656700000283308 0.0
0.03672500001266599 0.0009769999887794256
0.03672500001266599 0.0
0.036840999993728474 0.0009569999820087105
0.036840999993728474 1.00000761449337e-06
0.03689000001759268 0.0009800000116229057
0.03689000001759268 0.0
0.03687899999204092 0.000981999997748062
0.03687899999204092 0.0
0.03680199998780154 0.000985999999102205
0.03680199998780154 1.00000761449337e-06
0.03654800000367686 0.0010180000099353492
0.03654800000367686 1.00000761449337e-06
0.040305000002263114 0.0010269999911542982
0.040305000002263114 0.0
0.03697300000931136 0.0009680000075604767
0.03697300000931136 1.00000761449337e-06
0.0364899999985937 0.0009969999955501407
0.0364899999985937 0.0
0.03719599999021739 0.0010520000068936497
0.03719599999021739 0.0
0.03715699998429045 0.0010130000009667128
0.03715699998429045 0.0
0.03650700001162477 0.0009889999928418547
0.03650700001162477 0.0
0.036668999993707985 0.0009539999882690609
0.036668999993707985 1.00000761449337e-06
0.037014000001363456 0.000981000019237399
0.037014000001363456 0.0
0.03641299999435432 0.0009640000062063336
0.03641299999435432 1.00000761449337e-06
0.03901899998891167 0.0011309999972581863
0.03901899998891167 1.00000761449337e-06
0.041880000004312024 0.0011630000080913305
0.041880000004312024 0.0
0.04153699998278171 0.001117000007070601
0.04153699998278171 0.0
0.04408799999509938 0.001297999988310039
0.04408799999509938 0.0
0.051176999986637384 0.001555000024382025
0.051176999986637384 0.0
0.06077199999708682 0.0018599999893922359
0.06077199999708682 0.0
0.06561300001339987 0.0018479999853298068
0.06561300001339987 9.999785106629133e-07
0.07835599998361431 0.004806000011740252
0.07835599998361431 1.00000761449337e-06
0.08767899998929352 0.00535599997965619
0.08767899998929352 0.0
0.08316499998909421 0.0025960000057239085
0.08316499998909421 9.999785106629133e-07
0.08630799999809824 0.002246000018203631
0.08630799999809824 0.0
0.04199900000821799 0.0011399999784771353
0.04199900000821799 1.00000761449337e-06
0.04137799999443814 0.0011610000219661742
0.04137799999443814 0.0
0.041369999991729856 0.001073999999789521
0.041369999991729856 0.0
0.0414640000090003 0.0010840000177267939
0.0414640000090003 0.0
0.041920000017853454 0.0010719999845605344
0.041920000017853454 0.0
0.039373000006889924 0.0010509999992791563
0.039373000006889924 1.00000761449337e-06
0.03692500002216548 0.000957000011112541
0.03692500002216548 9.999785106629133e-07
0.04386599999270402 0.0011410000151954591
0.04386599999270402 0.0
0.05146899999817833 0.0013770000077784061
0.05146899999817833 0.0
0.08082000000285916 0.002003000001423061
0.08082000000285916 0.0
0.06844299999647774 0.0016790000081527978
0.06844299999647774 1.00000761449337e-06
0.08326200000010431 0.0021180000039748847
0.08326200000010431 0.0
0.09502099998644553 0.005621000018436462
0.09502099998644553 1.00000761449337e-06
0.09797899998375215 0.005803000007290393
0.09797899998375215 9.999785106629133e-07
0.09762200000113808 0.003200999984983355
0.09762200000113808 9.999785106629133e-07
0.09746900000027381 0.0024609999964013696
0.09746900000027381 0.0
0.09980999998515472 0.002658999990671873
0.09980999998515472 0.0
0.10014700001920573 0.0023899999796412885
0.10014700001920573 1.00000761449337e-06
0.07564100000308827 0.0018600000184960663
0.07564100000308827 1.00000761449337e-06
0.07133299999986775 0.0017660000012256205
0.07133299999986775 0.0
0.05866099998820573 0.0014990000054240227
0.05866099998820573 1.00000761449337e-06
0.03930199999012984 0.0010229999898001552
0.03930199999012984 0.0
0.0368929999822285 0.0009950000094249845
0.0368929999822285 1.00000761449337e-06
0.034543000016128644 0.0009269999864045531
0.034543000016128644 9.999785106629133e-07
0.034964999998919666 0.0009760000102687627
0.034964999998919666 0.0
0.04497899999842048 0.0013190000026952475
0.04497899999842048 0.0
0.04716000001644716 0.0012669999850913882
0.04716000001644716 0.0
0.04381100001046434 0.001225999993039295
0.04381100001046434 0.0
0.0413059999991674 0.001105000003008172
0.0413059999991674 0.0
0.04183799997554161 0.0010800000163726509
0.04183799997554161 1.00000761449337e-06
0.041381999995792285 0.0010959999926853925
0.041381999995792285 1.00000761449337e-06
0.03921200000331737 0.0010170000023208559
0.03921200000331737 0.0
0.03662199998507276 0.0009580000187270343
0.03662199998507276 1.00000761449337e-06
0.03418899999815039 0.0009160000190604478
0.03418899999815039 9.999785106629133e-07
0.03587600000901148 0.0009660000214353204
0.03587600000901148 0.0
0.0342499999969732 0.0009089999948628247
0.0342499999969732 0.0
0.03445900001679547 0.0009279999940190464
0.03445900001679547 9.999785106629133e-07
0.034186000004410744 0.0009000000136438757
0.034186000004410744 0.0
0.03438099997583777 0.0009279999940190464
0.03438099997583777 9.999785106629133e-07
0.034186000004410744 0.000893999997060746
0.034186000004410744 0.0
0.034525000024586916 0.0010149999870918691
0.034525000024586916 0.0
0.0380109999969136 0.0010979999788105488
0.0380109999969136 0.0
0.04319799999939278 0.0010420000180602074
0.04319799999939278 0.0
0.03953800001181662 0.0010379999876022339
0.03953800001181662 0.0
0.04421600000932813 0.0017180000140797347
0.04421600000932813 1.00000761449337e-06
0.04067899999790825 0.0010799999872688204
0.04067899999790825 9.999785106629133e-07
0.04961900002672337 0.0013770000077784061
0.04961900002672337 9.999785106629133e-07
0.04514400000334717 0.001029000006383285
0.04514400000334717 9.999785106629133e-07
0.0460190000012517 0.0011689999955706298
0.0460190000012517 0.0
0.04495799998403527 0.001037000009091571
0.04495799998403527 1.00000761449337e-06
0.03852299999562092 0.0010310000216122717
0.03852299999562092 1.00000761449337e-06
0.03877400001510978 0.0010300000139977783
0.03877400001510978 0.0
0.045772000012220815 0.001053999993018806
0.045772000012220815 9.999785106629133e-07
0.03310400000191294 0.0009469999931752682
0.03310400000191294 0.0
0.04237499998998828 0.0010729999921750277
0.04237499998998828 0.0
0.033085000002756715 0.0008749999979045242
0.033085000002756715 9.999785106629133e-07
0.03244599999743514 0.0009529999806545675
0.03244599999743514 0.0
0.032519000000320375 0.0009870000067166984
0.032519000000320375 0.0
0.03282500000204891 0.0009959999879356474
0.03282500000204891 0.0
0.04079199998523109 0.0009129999962169677
0.04079199998523109 1.00000761449337e-06
0.03411399998003617 0.0009790000040084124
0.03411399998003617 1.00000761449337e-06
0.03659599999082275 0.0009049999935086817
0.03659599999082275 0.0
0.04068500001449138 0.0010300000139977783
0.04068500001449138 1.00000761449337e-06
0.032734000007621944 0.0010060000058729202
0.032734000007621944 1.00000761449337e-06
0.039738999999826774 0.0009269999864045531
0.039738999999826774 9.999785106629133e-07
0.03668199997628108 0.0009509999945294112
0.03668199997628108 9.999785106629133e-07
0.03540999998222105 0.0011100000119768083
0.03540999998222105 0.0
0.03580400001374073 0.0010590000019874424
0.03580400001374073 0.0
0.04225199998472817 0.0011740000045392662
0.04225199998472817 0.0
0.042144999984884635 0.0010179999808315188
0.042144999984884635 0.0
0.036629000009270385 0.0015189999830909073
0.036629000009270385 0.0
0.03927000000840053 0.001025000005029142
0.03927000000840053 0.0
0.04529599999659695 0.001037000009091571
0.04529599999659695 1.00000761449337e-06
0.035391999990679324 0.0010179999808315188
0.035391999990679324 0.0
0.036334000003989786 0.0009619999909773469
0.036334000003989786 1.00000761449337e-06
0.038720999989891425 0.0009889999928418547
0.038720999989891425 0.0
0.04210900000180118 0.0010000000183936208
0.04210900000180118 0.0
0.04129799999645911 0.0009560000034980476
0.04129799999645911 0.0
0.03609000000869855 0.0009959999879356474
0.03609000000869855 0.0
0.035831999994115904 0.0009790000040084124
0.035831999994115904 0.0
0.03987099998630583 0.001041999988956377
0.03987099998630583 1.00000761449337e-06
0.035210999980336055 0.0009410000056959689
0.035210999980336055 1.00000761449337e-06
0.035115000006044284 0.0010289999772794545
0.035115000006044284 1.00000761449337e-06
0.043099000002257526 0.0010089999996125698
0.043099000002257526 9.999785106629133e-07
0.0412720000022091 0.0010309999925084412
0.0412720000022091 0.0
0.03487499998300336 0.0009129999962169677
0.03487499998300336 1.00000761449337e-06
0.03456599998753518 0.0008329999982379377
0.03456599998753518 0.0
0.0351129999908153 0.0014269999810494483
0.0351129999908153 0.0
0.03078199998708442 0.0008739999902900308
0.03078199998708442 0.0
0.033365000010235235 0.0010919999913312495
0.033365000010235235 0.0
0.03168300000834279 0.0008420000085607171
0.03168300000834279 0.0
0.031673000019509345 0.0008450000023003668
0.031673000019509345 1.00000761449337e-06
0.03171400001156144 0.0008580000139772892
0.03171400001156144 0.0
0.03190499998163432 0.0008660000166855752
0.03190499998163432 0.0
0.03212099999655038 0.0008910000033210963
0.03212099999655038 0.0
0.0320660000143107 0.0008670000243000686
0.0320660000143107 1.00000761449337e-06
0.0318799999949988 0.0008619999862276018
0.0318799999949988 0.0
0.03161700000055134 0.0008590000215917826
0.03161700000055134 0.0
0.03164000000106171 0.0008620000153314322
0.03164000000106171 9.999785106629133e-07
0.03155499999411404 0.000893999997060746
0.03155499999411404 0.0
0.032331000023987144 0.0009300000092480332
0.032331000023987144 1.00000761449337e-06
0.032328000001143664 0.0009259999787900597
0.032328000001143664 1.00000761449337e-06
0.03160899999784306 0.0008589999924879521
0.03160899999784306 1.00000761449337e-06
0.031848000013269484 0.0008710000256542116
0.031848000013269484 0.0
0.0314829999988433 0.0008550000202376395
0.0314829999988433 1.00000761449337e-06
0.0316469999961555 0.0008849999867379665
0.0316469999961555 0.0
0.031950000004144385 0.0008509999897796661
0.031950000004144385 1.00000761449337e-06
0.031814000016311184 0.0009209999989252537
0.031814000016311184 0.0
0.03216699999757111 0.0008819999929983169
0.03216699999757111 0.0
0.03218799998285249 0.0009319999953731894
0.03218799998285249 0.0
0.03296299997600727 0.0009160000190604478
0.03296299997600727 1.00000761449337e-06
0.03772599998046644 0.001168000017059967
0.03772599998046644 1.00000761449337e-06
0.03473299997858703 0.0009270000155083835
0.03473299997858703 1.00000761449337e-06
0.03716000000713393 0.0015730000159237534
0.03716000000713393 1.00000761449337e-06
0.03388000000268221 0.0009470000222790986
0.03388000000268221 1.00000761449337e-06
0.039859000011347234 0.0009199999913107604
0.039859000011347234 0.0
0.03528000001097098 0.0009349999891128391
0.03528000001097098 0.0
0.0353109999850858 0.0009410000056959689
0.0353109999850858 0.0
0.03957200000877492 0.0011909999884665012
0.03957200000877492 0.0
0.04035300001851283 0.001305999991018325
0.04035300001851283 0.0
0.0387250000203494 0.0013230000040493906
0.0387250000203494 0.0
0.043264999985694885 0.0013960000069346279
0.043264999985694885 1.00000761449337e-06
0.035696999984793365 0.0011740000045392662
0.035696999984793365 1.00000761449337e-06
0.034856999991461635 0.0011900000099558383
0.034856999991461635 0.0
0.041468000010354444 0.001225999993039295
0.041468000010354444 0.0
0.03626500000245869 0.0011959999974351376
0.03626500000245869 0.0
0.040776000008918345 0.001260999997612089
0.040776000008918345 0.0
0.03547900001285598 0.0012579999747686088
0.03547900001285598 0.0
0.04125500001828186 0.001404000009642914
0.04125500001828186 0.0
0.03615599998738617 0.0011450000165496022
0.03615599998738617 0.0
0.03632899999502115 0.0013340000004973263
0.03632899999502115 1.00000761449337e-06
0.04355800000485033 0.0013169999874662608
0.04355800000485033 9.999785106629133e-07
0.03597799999988638 0.0012820000119972974
0.03597799999988638 0.0
0.03567899999325164 0.0017930000030901283
0.03567899999325164 9.999785106629133e-07
0.035811000008834526 0.0012789999891538173
0.035811000008834526 9.999785106629133e-07
0.04251299999305047 0.0009870000067166984
0.04251299999305047 0.0
0.03596700000343844 0.0014380000066012144
0.03596700000343844 1.00000761449337e-06
0.03600999998161569 0.001381999987643212
0.03600999998161569 1.00000761449337e-06
0.03583000000799075 0.001480000006267801
0.03583000000799075 0.0
0.03423499999917112 0.001189000002341345
0.03423499999917112 1.00000761449337e-06
0.0345789999992121 0.0011150000209454447
0.0345789999992121 0.0
0.03674800001317635 0.0012849999766331166
0.03674800001317635 1.00000761449337e-06
0.03676600000471808 0.0014349999837577343
0.03676600000471808 0.0
0.03675700002349913 0.0012249999854248017
0.03675700002349913 1.00000761449337e-06
0.03682500001741573 0.0012109999952372164
0.03682500001741573 0.0
0.036777000001166016 0.0011940000113099813
0.036777000001166016 0.0
0.036804000003030524 0.001205000007757917
0.036804000003030524 0.0
0.03914999999688007 0.001512999995611608
0.03914999999688007 0.0
0.03677799997967668 0.0011489999887999147
0.03677799997967668 0.0
0.036893999989842996 0.0012369999894872308
0.036893999989842996 0.0
0.03895399998873472 0.001348999998299405
0.03895399998873472 0.0
0.03648700000485405 0.0011639999866019934
0.03648700000485405 1.00000761449337e-06
0.03667400000267662 0.0011990000202786177
0.03667400000267662 0.0
0.03665899997577071 0.0014110000047367066
0.03665899997577071 1.00000761449337e-06
0.034171000006608665 0.0010640000109560788
0.034171000006608665 0.0
0.03665600001113489 0.0012789999891538173
0.03665600001113489 0.0
0.039148999989265576 0.0024320000084117055
0.039148999989265576 1.00000761449337e-06
0.04415199998766184 0.002650000009452924
0.04415199998766184 9.999785106629133e-07
0.041490000003250316 0.0011560000129975379
0.041490000003250316 1.00000761449337e-06
0.041338999988511205 0.0010860000038519502
0.041338999988511205 0.0
0.041610000014770776 0.0012839999981224537
0.041610000014770776 1.00000761449337e-06
0.042058999999426305 0.0011440000089351088
0.042058999999426305 0.0
0.036737000016728416 0.000978999974904582
0.036737000016728416 1.00000761449337e-06
0.03429300000425428 0.0009039999858941883
0.03429300000425428 0.0
0.03455499999108724 0.0009120000177063048
0.03455499999108724 0.0
0.03161599999293685 0.0008669999951962382
0.03161599999293685 1.00000761449337e-06
0.032044999999925494 0.0008709999965503812
0.032044999999925494 0.0
0.031747000000905246 0.0008519999973941594
0.031747000000905246 0.0
0.029271000006701797 0.0007820000173524022
0.029271000006701797 0.0
0.027801999996881932 0.0008190000080503523
0.027801999996881932 0.0
0.02696400001877919 0.001812999980757013
0.02696400001877919 0.0
0.03003200000966899 0.0009639999771025032
0.03003200000966899 9.999785106629133e-07
0.029566000011982396 0.0009269999864045531
0.029566000011982396 0.0
0.030171999998856336 0.000846999988425523
0.030171999998856336 0.0
0.029513000015867874 0.0008150000066962093
0.029513000015867874 1.00000761449337e-06
0.026911000022664666 0.0007580000092275441
0.026911000022664666 0.0
0.02734000000054948 0.0007390000100713223
0.02734000000054948 0.0
0.02694899999187328 0.000758999987738207
0.02694899999187328 0.0
0.026759999978821725 0.0007470000127796084
0.026759999978821725 1.00000761449337e-06
0.02681400001165457 0.0007329999934881926
0.02681400001165457 0.0
0.026972999999998137 0.0007400000176858157
0.026972999999998137 9.999785106629133e-07
0.026826999994227663 0.0007820000173524022
0.026826999994227663 0.0
0.026765999995404854 0.0007660000119358301
0.026765999995404854 1.00000761449337e-06
0.027292999991914257 0.0007929999846965075
0.027292999991914257 1.00000761449337e-06
0.026907000021310523 0.0007340000011026859
0.026907000021310523 1.00000761449337e-06
0.02699199999915436 0.0007519999926444143
0.02699199999915436 1.00000761449337e-06
0.026855000003706664 0.0007399999885819852
0.026855000003706664 0.0
0.026824000000488013 0.0007409999961964786
0.026824000000488013 1.00000761449337e-06
0.0269059999845922 0.0008099999977275729
0.0269059999845922 1.00000761449337e-06
0.0268320000031963 0.0007439999899361283
0.0268320000031963 0.0
0.026707999990321696 0.000733000022592023
0.026707999990321696 9.999785106629133e-07
0.02684100001351908 0.0007430000114254653
0.02684100001351908 0.0
0.026714000006904826 0.0007369999948423356
0.026714000006904826 0.0
0.02702300000237301 0.000742000003810972
0.02702300000237301 9.999785106629133e-07
0.026815999997779727 0.0007329999934881926
0.026815999997779727 1.00000761449337e-06
0.02688400002080016 0.0007570000016130507
0.02688400002080016 0.0
0.026764000009279698 0.0007539999787695706
0.026764000009279698 0.0
0.026989999983925372 0.0007960000075399876
0.026989999983925372 0.0
0.027024999988498166 0.0007280000136233866
0.027024999988498166 9.999785106629133e-07
0.02688200000557117 0.0007349999796133488
0.02688200000557117 1.00000761449337e-06
0.02925299998605624 0.0007850000110920519
0.02925299998605624 1.00000761449337e-06
0.029522999975597486 0.0008020000241231173
0.029522999975597486 1.00000761449337e-06
0.029356000013649464 0.0007990000012796372
0.029356000013649464 1.00000761449337e-06
0.03185400000074878 0.002087000000756234
0.03185400000074878 9.999785106629133e-07
0.03204900000127964 0.0008840000082273036
0.03204900000127964 1.00000761449337e-06
0.03143800000543706 0.0008340000058524311
0.03143800000543706 0.0
0.031878999987384304 0.0009129999962169677
0.031878999987384304 0.0
0.042959999991580844 0.0012869999918621033
0.042959999991580844 9.999785106629133e-07
0.04059699998470023 0.001137999992351979
0.04059699998470023 0.0
0.038437999988673255 0.0009209999989252537
0.038437999988673255 9.999785106629133e-07
0.04098599997814745 0.0009239999926649034
0.04098599997814745 1.3999990187585354e-05
0.03763599999365397 0.0008369999995920807
0.03763599999365397 0.0
0.03066200000466779 0.0008400000224355608
0.03066200000466779 1.00000761449337e-06
0.037706000002799556 0.0008779999916441739
0.037706000002799556 0.0
0.030627000000094995 0.0008629999938420951
0.030627000000094995 0.0
0.03677599999355152 0.001025000005029142
0.03677599999355152 1.00000761449337e-06
0.03087200000300072 0.0008730000117793679
0.03087200000300072 0.0
0.037456999998539686 0.000965000013820827
0.037456999998539686 0.0
0.03182299999753013 0.0008959999831859022
0.03182299999753013 9.999785106629133e-07
0.0388329999987036 0.0009079999872483313
0.0388329999987036 0.0
0.02973900001961738 0.0009030000073835254
0.02973900001961738 0.0
0.032481999980518594 0.0012310000020079315
0.032481999980518594 9.999785106629133e-07
0.03737299999920651 0.0010469999979250133
0.03737299999920651 0.0
0.03572399998665787 0.0009699999936856329
0.03572399998665787 1.00000761449337e-06
0.03256099999998696 0.0009340000106021762
0.03256099999998696 1.00000761449337e-06
0.03245800000149757 0.0010000000183936208
0.03245800000149757 9.999785106629133e-07
0.03227800002787262 0.002162999997381121
0.03227800002787262 0.0
0.033448000001953915 0.0010409999813418835
0.033448000001953915 0.0
0.0339269999822136 0.0009410000056959689
0.0339269999822136 9.999785106629133e-07
0.03419700000085868 0.0022410000092349946
0.03419700000085868 0.0
0.033499999990453944 0.001029000006383285
0.033499999990453944 1.00000761449337e-06
0.032961999997496605 0.0010119999933522195
0.032961999997496605 1.00000761449337e-06
0.03300599998328835 0.0009190000128000975
0.03300599998328835 0.0
0.0330870000179857 0.0009490000084042549
0.0330870000179857 0.0
0.03367699999944307 0.0023499999952036887
0.03367699999944307 0.0
0.0336210000095889 0.0009840000129770488
0.0336210000095889 0.0
0.03282799999578856 0.0009929999941959977
0.03282799999578856 1.00000761449337e-06
0.030161999980919063 0.0008410000009462237
0.030161999980919063 0.0
0.02953299999353476 0.0019320000137668103
0.02953299999353476 0.0
0.02925300001516007 0.0008129999914672226
0.02925300001516007 0.0
0.02933299998403527 0.000818000000435859
0.02933299998403527 0.0
0.029780999990180135 0.0009169999975711107
0.029780999990180135 1.00000761449337e-06
0.029341999994358048 0.0007939999923110008
0.029341999994358048 0.0
0.029406999994535 0.0020579999836627394
0.029406999994535 0.0
0.02934900001855567 0.001073999999789521
0.02934900001855567 9.999785106629133e-07
0.029605000017909333 0.0008390000148210675
0.029605000017909333 1.00000761449337e-06
0.029047999996691942 0.0007890000124461949
0.029047999996691942 1.00000761449337e-06
0.029482999991159886 0.0020530000037979335
0.029482999991159886 1.00000761449337e-06
0.029255000001285225 0.0008359999919775873
0.029255000001285225 0.0
0.02925300001516007 0.0007979999936651438
0.02925300001516007 1.00000761449337e-06
0.029158999997889623 0.0019299999985378236
0.029158999997889623 0.0
0.02929600002244115 0.0008089999901130795
0.02929600002244115 0.0
0.029194000002462417 0.0007949999999254942
0.029194000002462417 0.0
0.0292990000161808 0.0007909999985713512
0.0292990000161808 1.00000761449337e-06
0.030499999993480742 0.0008519999973941594
0.030499999993480742 0.0
0.02946600000723265 0.0019650000031106174
0.02946600000723265 0.0
0.029677000013180077 0.0008689999813213944
0.029677000013180077 0.0
0.029424000007566065 0.0008640000014565885
0.029424000007566065 1.00000761449337e-06
0.029460999998264015 0.0008000000088941306
0.029460999998264015 0.0
0.029144000000087544 0.0019899999897461385
0.029144000000087544 9.999785106629133e-07
0.029184999992139637 0.0008350000134669244
0.029184999992139637 9.999785106629133e-07
0.02926899999147281 0.0008169999928213656
0.02926899999147281 0.0
0.029183999984525144 0.0008089999901130795
0.029183999984525144 0.0
0.02910899999551475 0.0008110000053420663
0.02910899999551475 0.0
0.02936399998725392 0.0008410000009462237
0.02936399998725392 0.0
0.029387000016868114 0.0008410000009462237
0.029387000016868114 0.0
0.029150999995181337 0.000801000016508624
0.029150999995181337 9.999785106629133e-07
0.03918600000906736 0.0011269999959040433
0.03918600000906736 0.0
0.02954300001147203 0.0008410000009462237
0.02954300001147203 0.0
0.029221000004326925 0.0008329999982379377
0.029221000004326925 1.00000761449337e-06
0.029313000006368384 0.0008040000102482736
0.029313000006368384 0.0
0.032027000008383766 0.0009560000034980476
0.032027000008383766 0.0
0.03165600000647828 0.0008550000202376395
0.03165600000647828 0.0
0.032119000010425225 0.0008779999916441739
0.032119000010425225 0.0
0.0317090000025928 0.0008600000001024455
0.0317090000025928 1.00000761449337e-06
0.031562000018311664 0.0008539999835193157
0.031562000018311664 0.0
0.03398800001014024 0.0022040000185370445
0.03398800001014024 0.0
0.034048000001348555 0.0009399999980814755
0.034048000001348555 0.0
0.03400600000168197 0.0009370000043418258
0.03400600000168197 0.0
0.03684899999643676 0.0010649999894667417
0.03684899999643676 1.00000761449337e-06
0.03646099998150021 0.0009640000062063336
0.03646099998150021 0.0
0.037180000013904646 0.000977999996393919
0.037180000013904646 9.999785106629133e-07
0.0366269999940414 0.0010970000002998859
0.0366269999940414 0.0
0.03664199999184348 0.000973999995039776
0.03664199999184348 1.00000761449337e-06
0.034130999993067235 0.0009029999782796949
0.034130999993067235 0.0
0.0349020000139717 0.0009200000204145908
0.0349020000139717 0.0
0.03415700001642108 0.0009140000038314611
0.03415700001642108 0.0
0.03417500000796281 0.0009560000034980476
0.03417500000796281 0.0
0.03480999998282641 0.0009209999989252537
0.03480999998282641 0.0
0.03421200002776459 0.0009089999948628247
0.03421200002776459 1.00000761449337e-06
0.034019999991869554 0.0009190000128000975
0.034019999991869554 9.999785106629133e-07
0.034325000015087426 0.0009070000087376684
0.034325000015087426 1.00000761449337e-06
0.034226000017952174 0.0009139999747276306
0.034226000017952174 0.0
0.03443199998582713 0.0009110000100918114
0.03443199998582713 1.00000761449337e-06
0.03441200000816025 0.0009200000204145908
0.03441200000816025 9.999785106629133e-07
0.03442199999699369 0.0009619999909773469
0.03442199999699369 0.0
0.034582999971462414 0.0013850000104866922
0.034582999971462414 0.0
0.03180599998449907 0.0008340000058524311
0.03180599998449907 0.0
0.03208000000449829 0.0008509999897796661
0.03208000000449829 0.0
0.03139800002099946 0.002066000015474856
0.03139800002099946 0.0
0.03150499999173917 0.0008680000028107315
0.03150499999173917 0.0
0.03148599999258295 0.0008580000139772892
0.03148599999258295 9.999785106629133e-07
0.03245699999388307 0.0009169999975711107
0.03245699999388307 0.0
0.0314829999988433 0.0008570000063627958
0.0314829999988433 0.0
0.031654999998863786 0.002055999997537583
0.031654999998863786 1.00000761449337e-06
0.031558999995468184 0.0008500000112690032
0.031558999995468184 0.0
0.03177599998889491 0.0008600000001024455
0.03177599998889491 9.999785106629133e-07
0.03171999999904074 0.0008489999745506793
0.03171999999904074 0.0
0.029397000005701557 0.0008099999977275729
0.029397000005701557 0.0
0.02911200001835823 0.0007920000061858445
0.02911200001835823 0.0
0.029084999987389892 0.0019409999949857593
0.029084999987389892 1.00000761449337e-06
0.029470000008586794 0.000822000001790002
0.029470000008586794 0.0
0.02916700000059791 0.0008720000041648746
0.02916700000059791 9.999785106629133e-07
0.029513999994378537 0.0007960000075399876
0.029513999994378537 0.0
0.02924400000483729 0.0007930000138003379
0.02924400000483729 9.999785106629133e-07
0.029129000002285466 0.0007899999909568578
0.029129000002285466 1.00000761449337e-06
0.03161700000055134 0.0009509999945294112
0.03161700000055134 0.0
0.031718999991426244 0.0008650000090710819
0.031718999991426244 1.00000761449337e-06
0.031718999991426244 0.0008530000050086528
0.031718999991426244 0.0
0.03173399998922832 0.000846999988425523
0.03173399998922832 0.0
0.031940999993821606 0.0008540000126231462
0.031940999993821606 0.0
0.031549999985145405 0.0008550000202376395
0.031549999985145405 1.00000761449337e-06
0.03164999998989515 0.0008519999973941594
0.03164999998989515 0.0
0.03150300000561401 0.0008619999862276018
0.03150300000561401 0.0
0.03192700000363402 0.0009070000087376684
0.03192700000363402 0.0
0.03163100001984276 0.0008760000055190176
0.03163100001984276 0.0
0.031851000007009134 0.000846999988425523
0.031851000007009134 9.999785106629133e-07
0.031477000011364 0.0008580000139772892
0.031477000011364 1.00000761449337e-06
0.03168600000208244 0.0008590000215917826
0.03168600000208244 0.0
0.03158300000359304 0.0008570000063627958
0.03158300000359304 0.0
0.03154200001154095 0.0008519999973941594
0.03154200001154095 1.00000761449337e-06
0.0316189999866765 0.0008550000202376395
0.0316189999866765 0.0
0.031592999992426485 0.0008500000112690032
0.031592999992426485 1.00000761449337e-06
0.03173099999548867 0.0008539999835193157
0.03173099999548867 0.0
0.03171399998245761 0.0008559999987483025
0.03171399998245761 0.0
0.031604999996488914 0.0008870000019669533
0.031604999996488914 9.999785106629133e-07
0.03210199999739416 0.0009140000038314611
0.03210199999739416 0.0
0.032202000002143905 0.0008960000122897327
0.032202000002143905 1.00000761449337e-06
0.0318680000200402 0.0008729999826755375
0.0318680000200402 0.0
0.03186899999855086 0.0008550000202376395
0.03186899999855086 0.0
0.03165399999124929 0.0008769999840296805
0.03165399999124929 0.0
0.03425500000594184 0.002179000002797693
0.03425500000594184 9.999785106629133e-07
0.03407200000947341 0.0008990000060293823
0.03407200000947341 0.0
0.03420999998343177 0.000910000002477318
0.03420999998343177 0.0
0.03390299997408874 0.0009160000190604478
0.03390299997408874 1.00000761449337e-06
0.03400700000929646 0.0009919999865815043
0.03400700000929646 1.00000761449337e-06
0.03408099999069236 0.000901999999769032
0.03408099999069236 0.0
0.034635999996680766 0.0008970000199042261
0.034635999996680766 0.0
0.0341199999966193 0.000901999999769032
0.0341199999966193 0.0
0.03448999999091029 0.0009999999892897904
0.03448999999091029 0.0
0.03419000000576489 0.0009039999858941883
0.03419000000576489 0.0
0.03664299999945797 0.0010670000046957284
0.03664299999945797 0.0
0.03660199997830205 0.0009640000062063336
0.03660199997830205 1.00000761449337e-06
0.036317999998573214 0.0010110000148415565
0.036317999998573214 9.999785106629133e-07
0.03660300001502037 0.0009639999771025032
0.03660300001502037 0.0
0.0391679999884218 0.0024859999830368906
0.0391679999884218 0.0
0.03912000000127591 0.001025000005029142
0.03912000000127591 0.0
0.04643199997371994 0.002905000001192093
0.04643199997371994 1.00000761449337e-06
0.05632500001229346 0.003347999998368323
0.05632500001229346 0.0
0.05135199998039752 0.0013639999961014837
0.05135199998039752 9.999785106629133e-07
0.05180899999686517 0.0013250000192783773
0.05180899999686517 0.0
0.05167000001529232 0.0013679999974556267
0.05167000001529232 0.0
0.05132600001525134 0.0014690000098198652
0.05132600001525134 9.999785106629133e-07
0.05125299998326227 0.0013890000118408352
0.05125299998326227 9.999785106629133e-07
0.051356000010855496 0.0013160000089555979
0.051356000010855496 9.999785106629133e-07
0.05122200000914745 0.0013460000045597553
0.05122200000914745 0.0
0.05397599999560043 0.0013390000094659626
0.05397599999560043 1.00000761449337e-06
0.053758000023663044 0.0013580000086221844
0.053758000023663044 0.0
0.053768000012496486 0.0013679999974556267
0.053768000012496486 9.999785106629133e-07
0.05399099999340251 0.001349999976810068
0.05399099999340251 1.00000761449337e-06
0.05374400000437163 0.0013970000145491213
0.05374400000437163 9.999785106629133e-07
0.05382999998982996 0.0013770000077784061
0.05382999998982996 0.0
0.05400999999255873 0.0013559999933931977
0.05400999999255873 0.0
0.05385500000556931 0.0013479999906849116
0.05385500000556931 0.0
0.05373000001418404 0.0014050000172574073
0.05373000001418404 1.00000761449337e-06
0.05395299999509007 0.0014319999900180846
0.05395299999509007 0.0
0.05438200000207871 0.0013869999966118485
0.05438200000207871 0.0
0.05401500000152737 0.0013669999898411334
0.05401500000152737 1.00000761449337e-06
0.05468000000109896 0.0014059999957680702
0.05468000000109896 1.00000761449337e-06
0.053748999984236434 0.001408000010997057
0.053748999984236434 0.0
0.05380899997544475 0.0013660000113304704
0.05380899997544475 0.0
0.05364299999200739 0.0013809999800287187
0.05364299999200739 1.00000761449337e-06
0.05396900000050664 0.0013580000086221844
0.05396900000050664 1.00000761449337e-06
0.05404700001236051 0.0013620000099763274
0.05404700001236051 9.999785106629133e-07
0.05384599999524653 0.001432000019121915
0.05384599999524653 1.00000761449337e-06
0.053746000019600615 0.0013979999930597842
0.053746000019600615 0.0
0.05619400000432506 0.0015220000059343874
0.05619400000432506 0.0
0.05663300000014715 0.001445000001695007
0.05663300000014715 0.0
0.05608000000938773 0.0014300000038929284
0.05608000000938773 0.0
0.056764000008115545 0.0015070000081323087
0.056764000008115545 1.00000761449337e-06
0.05574700000579469 0.001432000019121915
0.05574700000579469 0.0
0.05834400001913309 0.001623000018298626
0.05834400001913309 1.00000761449337e-06
0.060877000010805205 0.0036789999867323786
0.060877000010805205 1.00000761449337e-06
0.06399399999645539 0.0017499999958090484
0.06399399999645539 9.999785106629133e-07
0.0632249999907799 0.0016020000039134175
0.0632249999907799 0.0
0.06319400001666509 0.001596999994944781
0.06319400001666509 1.00000761449337e-06
0.06368200000724755 0.0017229999939445406
0.06368200000724755 0.0
0.06841600002371706 0.001664000010350719
0.06841600002371706 0.0
0.06344100000569597 0.001644000003580004
0.06344100000569597 0.0
0.05844200000865385 0.0015269999857991934
0.05844200000865385 0.0
0.058538999990560114 0.0015620000194758177
0.058538999990560114 1.00000761449337e-06
0.056130000011762604 0.001529999979538843
0.056130000011762604 0.0
0.05613099999027327 0.0015990000101737678
0.05613099999027327 1.00000761449337e-06
0.05614400000195019 0.0015350000176113099
0.05614400000195019 0.0
0.05587399998330511 0.001636000000871718
0.05587399998330511 1.00000761449337e-06
0.055813000013586134 0.0015279999934136868
0.055813000013586134 0.0
0.05611999999382533 0.001580999989528209
0.05611999999382533 1.00000761449337e-06
0.0392299999948591 0.0011569999915082008
0.0392299999948591 0.0
0.0388550000207033 0.0010620000248309225
0.0388550000207033 0.0
0.03894999998738058 0.001164000015705824
0.03894999998738058 1.00000761449337e-06
0.03907700002309866 0.0010000000183936208
0.03907700002309866 9.999785106629133e-07
0.03938299999572337 0.001037000009091571
0.03938299999572337 9.999785106629133e-07
0.038702999998349696 0.001024000026518479
0.038702999998349696 0.0
0.03894800000125542 0.0010340000153519213
0.03894800000125542 0.0
0.03899299999466166 0.0010760000150185078
0.03899299999466166 1.00000761449337e-06
0.038963999977568164 0.0010189999884460121
0.038963999977568164 0.0
0.04162700002780184 0.0010800000163726509
0.04162700002780184 1.00000761449337e-06
0.041459000000031665 0.0010940000065602362
0.041459000000031665 0.0
0.04232499998761341 0.0011759999906644225
0.04232499998761341 0.0
0.04165699999430217 0.0010769999935291708
0.04165699999430217 0.0
0.041284000006271526 0.0010689999908208847
0.041284000006271526 1.00000761449337e-06
0.04133099998580292 0.001117000007070601
0.04133099998580292 0.0
0.04146000000764616 0.0010809999948833138
0.04146000000764616 1.00000761449337e-06
0.041880000004312024 0.0010759999859146774
0.041880000004312024 0.0
0.04136000000289641 0.0010839999886229634
0.04136000000289641 1.00000761449337e-06
0.04132200000458397 0.0011079999967478216
0.04132200000458397 0.0
0.04126899997936562 0.0010750000074040145
0.04126899997936562 0.0
0.041634000022895634 0.0010840000177267939
0.041634000022895634 0.0
0.041364000004250556 0.0011079999967478216
0.041364000004250556 0.0
0.04391799998120405 0.001133000012487173
0.04391799998120405 1.00000761449337e-06
0.04369700001552701 0.0011779999767895788
0.04369700001552701 0.0
0.043898999982047826 0.001141999993706122
0.043898999982047826 0.0
0.04389799997443333 0.0011740000045392662
0.04389799997443333 0.0
0.0438690000155475 0.0013620000099763274
0.0438690000155475 1.00000761449337e-06
0.044148000015411526 0.0012969999806955457
0.044148000015411526 1.00000761449337e-06
0.04391199999372475 0.0012550000101327896
0.04391199999372475 9.999785106629133e-07
0.04160900000715628 0.0010910000128205866
0.04160900000715628 0.0
0.04142999998293817 0.0010809999948833138
0.04142999998293817 1.00000761449337e-06
0.038822999980766326 0.0010389999952167273
0.038822999980766326 0.0
0.039373000006889924 0.0011409999860916287
0.039373000006889924 0.0
0.03905500000109896 0.0010229999898001552
0.03905500000109896 9.999785106629133e-07
0.04153499999665655 0.001061999995727092
0.04153499999665655 0.0
0.04168199998093769 0.0011320000048726797
0.04168199998093769 0.0
0.041234000003896654 0.0010679999832063913
0.041234000003896654 1.00000761449337e-06
0.04138700000476092 0.0011079999967478216
0.04138700000476092 9.999785106629133e-07
0.04132299998309463 0.001100000023143366
0.04132299998309463 0.0
0.041317000024719164 0.0010729999921750277
0.041317000024719164 0.0
0.04145799999241717 0.0010799999872688204
0.04145799999241717 0.0
0.041305000020656735 0.001066999975591898
0.041305000020656735 0.0
0.04132299998309463 0.0010640000109560788
0.04132299998309463 0.0
0.04166400001849979 0.0010939999774564058
0.04166400001849979 1.00000761449337e-06
0.04156800001510419 0.0011349999986123294
0.04156800001510419 0.0
0.04141199999139644 0.0010989999864250422
0.04141199999139644 0.0
0.04165699999430217 0.0010809999948833138
0.04165699999430217 1.00000761449337e-06
0.04154100001323968 0.0010630000033415854
0.04154100001323968 0.0
0.04111200000625104 0.0010609999881125987
0.04111200000625104 0.0
0.04273200000170618 0.001205000007757917
0.04273200000170618 0.0
0.04424799999105744 0.0012660000065807253
0.04424799999105744 0.0
0.04148800001712516 0.0010769999935291708
0.04148800001712516 9.999785106629133e-07
0.041492999996989965 0.0010750000074040145
0.041492999996989965 1.00000761449337e-06
0.0415610000200104 0.001101000001654029
0.0415610000200104 1.00000761449337e-06
0.04135000001406297 0.0010999999940395355
0.04135000001406297 1.00000761449337e-06
0.04610599999432452 0.0011309999972581863
0.04610599999432452 0.0
0.041793999989749864 0.0010910000128205866
0.041793999989749864 0.0
0.04130400001304224 0.0011139999842271209
0.04130400001304224 1.00000761449337e-06
0.04167599999345839 0.0011019999801646918
0.04167599999345839 1.00000761449337e-06
0.043768999981693923 0.0011280000035185367
0.043768999981693923 1.00000761449337e-06
0.04406400001607835 0.0011730000260286033
0.04406400001607835 0.0
0.044147999986307696 0.001260999997612089
0.044147999986307696 0.0
0.04659100002027117 0.001348999998299405
0.04659100002027117 0.0
0.04646799998590723 0.0011989999911747873
0.04646799998590723 0.0
0.04639900001347996 0.001205000007757917
0.04639900001347996 0.0
0.04646899999352172 0.001197000005049631
0.04646899999352172 1.00000761449337e-06
0.04653699998743832 0.0012149999965913594
0.04653699998743832 1.00000761449337e-06
0.046380999992834404 0.0011980000126641244
0.046380999992834404 0.0
0.04674000001978129 0.0012750000169035047
0.04674000001978129 0.0
0.046107000001939014 0.0012529999949038029
0.046107000001939014 0.0
0.04395600000862032 0.0012869999918621033
0.04395600000862032 0.0
0.044105000008130446 0.0013050000125076622
0.044105000008130446 1.00000761449337e-06
0.043910999986110255 0.0011860000086016953
0.043910999986110255 0.0
0.04385800001909956 0.0011349999986123294
0.04385800001909956 1.00000761449337e-06
0.043689000012818724 0.0011239999730605632
0.043689000012818724 0.0
0.04401499999221414 0.001217999990331009
0.04401499999221414 0.0
0.043802999978652224 0.0012120000028517097
0.043802999978652224 0.0
0.04409300000406802 0.0012500000011641532
0.04409300000406802 9.999785106629133e-07
0.04395799999474548 0.0012249999854248017
0.04395799999474548 1.2999982573091984e-05
0.04465100000379607 0.0013420000032056123
0.04465100000379607 0.0
0.043670999992173165 0.0012489999935496598
0.043670999992173165 1.00000761449337e-06
0.043929000006755814 0.0012229999992996454
0.043929000006755814 1.00000761449337e-06
0.04411500002606772 0.001197000005049631
0.04411500002606772 9.999785106629133e-07
0.044071000011172146 0.001184000022476539
0.044071000011172146 1.00000761449337e-06
0.046858000016072765 0.0012229999992996454
0.046858000016072765 0.0
0.046701000013854355 0.001213999988976866
0.046701000013854355 0.0
0.046322999987751245 0.0011959999974351376
0.046322999987751245 0.0
0.04713599997921847 0.0012529999949038029
0.04713599997921847 1.00000761449337e-06
INFO:sc2.protocol:Client status changed to Status.ended (was Status.in_game)
INFO:sc2.protocol:Client status changed to Status.ended (was Status.in_game)
INFO:root:Result for player 1 - Bot(Race.Terran, <bots.Showing_bot.speedBot.MarinBot object at 0x7fc5e4ad8f28>): Defeat
INFO:root:Result for player 2 - Bot(Race.Terran, <bots.maru.q_bot.QBot object at 0x7fc5d5a80f60>): Victory
INFO:sc2.client:Saved replay to outs/2020-01-17T11-28-03/replays/showing_bot-maru/showing_bot-maru-0.SC2Replay
INFO:sc2.protocol:Client status changed to Status.launched (was Status.ended)
INFO:sc2.protocol:Client status changed to Status.quit (was Status.launched)
INFO:sc2.sc2process:kill_switch: Process cleanup
INFO:sc2.sc2process:Cleaning up...
INFO:sc2.sc2process:Cleanup complete
INFO:sc2.sc2process:Cleaning up...
INFO:sc2.sc2process:Cleanup complete
INFO:sc2.protocol:Cannot receive: Connection already closed.
INFO:sc2.sc2process:kill_switch: Process cleanup
INFO:sc2.sc2process:Cleaning up...
INFO:sc2.sc2process:Cleanup complete
INFO:sc2.sc2process:Cleaning up...
INFO:sc2.sc2process:Cleanup complete


## STDERR ##

Version: B75689 (SC2.4.10)
Build: Aug 12 2019 17:16:57
Command Line: '"/home/hspark8312/StarCraftII/Versions/Base75689/SC2_x64" -listen 127.0.0.1 -port 17033 -displayMode 0 -dataDir /home/hspark8312/StarCraftII -tempDir /tmp/SC2_gxdrgpjq'
Starting up...
Startup Phase 1 complete
Version: B75689 (SC2.4.10)
Build: Aug 12 2019 17:16:57
Command Line: '"/home/hspark8312/StarCraftII/Versions/Base75689/SC2_x64" -listen 127.0.0.1 -port 22442 -displayMode 0 -dataDir /home/hspark8312/StarCraftII -tempDir /tmp/SC2_j540_s8n'
Starting up...
Startup Phase 1 complete
Startup Phase 2 complete
Creating stub renderer...
Listening on: 127.0.0.1:17033
Startup Phase 3 complete. Ready for commands.
Startup Phase 2 complete
Creating stub renderer...
ConnectHandler: Request from 127.0.0.1:51311 accepted
ReadyHandler: 127.0.0.1:51311 ready
Listening on: 127.0.0.1:22442
Startup Phase 3 complete. Ready for commands.
Requesting to join a multiplayer game
Configuring interface options
Configure: raw interface enabled
Configure: feature layer interface enabled
Configure: score interface enabled
Configure: render interface disabled
Create game with map path: NCFellowship-2019_m1_v6.SC2Map
ConnectHandler: Request from 127.0.0.1:51312 accepted
ReadyHandler: 127.0.0.1:51312 ready
Requesting to join a multiplayer game
Configuring interface options
Configure: raw interface enabled
Configure: feature layer interface enabled
Configure: score interface enabled
Configure: render interface disabled
Attempting to join a game with the map: NCFellowship-2019_m1_v6.SC2Map
Game has started.
Using default stable ids, none found at: /home/hspark8312/StarCraftII/stableid.json
Successfully loaded stable ids: GameData\stableid.json
Sending ResponseJoinGame
Game has started.
Using default stable ids, none found at: /home/hspark8312/StarCraftII/stableid.json
Successfully loaded stable ids: GameData\stableid.json
Sending ResponseJoinGame
RequestQuit command received.
Closing Application...
/home/hspark8312/anaconda3/envs/sc2/lib/python3.6/importlib/_bootstrap.py:219: RuntimeWarning: numpy.ufunc size changed, may indicate binary incompatibility. Expected 192 from C header, got 216 from PyObject
  return f(*args, **kwds)
/home/hspark8312/anaconda3/envs/sc2/lib/python3.6/importlib/_bootstrap.py:219: RuntimeWarning: numpy.ufunc size changed, may indicate binary incompatibility. Expected 192 from C header, got 216 from PyObject
  return f(*args, **kwds)
/home/hspark8312/anaconda3/envs/sc2/lib/python3.6/site-packages/tensorboard/compat/tensorflow_stub/dtypes.py:541: FutureWarning: Passing (type, 1) or '1type' as a synonym of type is deprecated; in a future version of numpy, it will be understood as (type, (1,)) / '(1,)type'.
  _np_qint8 = np.dtype([("qint8", np.int8, 1)])
/home/hspark8312/anaconda3/envs/sc2/lib/python3.6/site-packages/past/builtins/misc.py:45: DeprecationWarning: the imp module is deprecated in favour of importlib; see the module's documentation for alternative uses
  from imp import reload
/mnt/d/sc2minigame-eval-2020-01-09/bots/Showing_bot/speedBot.py:1643: RuntimeWarning: coroutine 'TerreinManager.debug' was never awaited
  self.terrein_manager.debug()
