## STDOUT ##

[[92mINFO[0m] SC2 4.9.0 용 패치 적용
패치 sc2.ids.ability_id
패치 sc2.game_state
패치 sc2.bot_ai
패치 sc2.client
패치 sc2.controller
패치 sc2.main
INFO:root:Failed to import cuda module: No module named 'caffe2.python.caffe2_pybind11_state_gpu'
INFO:root:Failed to import AMD hip module: No module named 'caffe2.python.caffe2_pybind11_state_hip'
WARNING:root:This caffe2 python run does not have GPU support. Will run in CPU only mode.
cpu
INFO:sc2.protocol:Client status changed to Status.launched (was None)
INFO:sc2_patch.sc2_patch_490.controller:Creating new game
INFO:sc2_patch.sc2_patch_490.controller:Map:     NCFellowship-2019_m1_v6
INFO:sc2_patch.sc2_patch_490.controller:Players: Bot(Race.Terran, <bots.Showing_bot.speedBot.MarinBot object at 0x7fea83a48f28>), Bot(Race.Terran, <bots.maru.q_bot.QBot object at 0x7fea749f0f60>)
INFO:sc2.protocol:Client status changed to Status.init_game (was Status.launched)
INFO:sc2.protocol:Client status changed to Status.launched (was None)
INFO:sc2.protocol:Client status changed to Status.in_game (was None)
INFO:root:Player 2 - Bot(Race.Terran, <bots.maru.q_bot.QBot object at 0x7fea749f0f60>)
TEST: 2, <bots.maru.q_bot.QBot object at 0x7fea749f0f60>
model file does not exists: bots/nc_example_v7/models/model-89.pt
INFO:sc2.protocol:Client status changed to Status.in_game (was None)
INFO:root:Player 1 - Bot(Race.Terran, <bots.Showing_bot.speedBot.MarinBot object at 0x7fea83a48f28>)
TEST: 1, <bots.Showing_bot.speedBot.MarinBot object at 0x7fea83a48f28>
load model: bots/Showing_bot/models/model-89.pt
create new model
0.04573000001255423 0.006535999971674755
0.04573000001255423 0.0
0.04548800000338815 0.002287000010255724
0.04548800000338815 0.0
0.045842999999877065 0.0017480000096838921
0.045842999999877065 1.00000761449337e-06
0.045759999979054555 0.0013439999893307686
0.045759999979054555 0.0
0.045852000010199845 0.0013009999820496887
0.045852000010199845 9.999785106629133e-07
0.045763000001898035 0.001277999981539324
0.045763000001898035 1.00000761449337e-06
0.046740999998291954 0.001533999980892986
0.046740999998291954 0.0
0.046264000004157424 0.0012240000069141388
0.046264000004157424 0.0
0.044797000009566545 0.001264999998966232
0.044797000009566545 1.00000761449337e-06
0.045314000017242506 0.0012749999877996743
0.045314000017242506 0.0
0.04469000000972301 0.0012489999935496598
0.04469000000972301 1.00000761449337e-06
0.045968999998876825 0.001520999998319894
0.045968999998876825 1.00000761449337e-06
0.045611999987158924 0.0012620000052265823
0.045611999987158924 0.0
0.04485400000703521 0.0015120000171009451
0.04485400000703521 1.00000761449337e-06
0.045326000021304935 0.001273999980185181
0.045326000021304935 1.00000761449337e-06
0.044800000003306195 0.001213000010466203
0.044800000003306195 0.0
0.0454850000096485 0.0011660000018309802
0.0454850000096485 1.00000761449337e-06
0.04476399999111891 0.0011249999806750566
0.04476399999111891 0.0
0.044932000018889084 0.0012959999730810523
0.044932000018889084 1.00000761449337e-06
0.045080000010784715 0.0010970000002998859
0.045080000010784715 1.00000761449337e-06
0.04826000001048669 0.0029100000101607293
0.04826000001048669 0.0
0.04785999999148771 0.0014939999964553863
0.04785999999148771 9.999785106629133e-07
0.047896000003675 0.001189000002341345
0.047896000003675 0.0
0.04711499999393709 0.0011750000121537596
0.04711499999393709 0.0
0.04743500001495704 0.0012220000207889825
0.04743500001495704 1.00000761449337e-06
0.048639000015100464 0.001189000002341345
0.048639000015100464 0.0
0.049455000000307336 0.0014950000040698797
0.049455000000307336 0.0
0.04801299999235198 0.0012549999810289592
0.04801299999235198 0.0
0.04830900000524707 0.0011740000045392662
0.04830900000524707 1.00000761449337e-06
0.04883200000040233 0.001185000000987202
0.04883200000040233 0.0
0.048202000005403534 0.0012100000167265534
0.048202000005403534 0.0
0.048756000003777444 0.0011949999898206443
0.048756000003777444 9.999785106629133e-07
0.04848800000036135 0.0012679999927058816
0.04848800000036135 0.0
0.05211699998471886 0.001260999997612089
0.05211699998471886 0.0
0.05027500001597218 0.0013129999861121178
0.05027500001597218 9.999785106629133e-07
0.05305000001681037 0.0029599999834317714
0.05305000001681037 0.0
0.05628499999875203 0.0032199999841395766
0.05628499999875203 1.00000761449337e-06
0.05843600002117455 0.003360000002430752
0.05843600002117455 1.00000761449337e-06
0.06325899998773821 0.0036660000041592866
0.06325899998773821 0.0
0.05999599999631755 0.001795999996829778
0.05999599999631755 0.0
changed strategy
0.05765800000517629 0.0014260000025387853
0.05765800000517629 9.999785106629133e-07
0.058388000004924834 0.0014660000160802156
0.058388000004924834 9.999785106629133e-07
0.06316099999821745 0.0016329999780282378
0.06316099999821745 0.0
0.06184499998926185 0.0015150000108405948
0.06184499998926185 0.0
0.06150599999818951 0.0015110000094864517
0.06150599999818951 1.00000761449337e-06
0.06018299999414012 0.001524999999674037
0.06018299999414012 1.00000761449337e-06
0.058864999999059364 0.001445000001695007
0.058864999999059364 1.00000761449337e-06
0.05889099999330938 0.0015109999803826213
0.05889099999330938 9.999785106629133e-07
0.059225000004516914 0.0014050000172574073
0.059225000004516914 0.0
0.05941800001892261 0.0014120000123512
0.05941800001892261 0.0
0.06007200002204627 0.0014830000000074506
0.06007200002204627 0.0
0.06085800001164898 0.001459000020986423
0.06085800001164898 0.0
0.05977999998140149 0.0014699999883305281
0.05977999998140149 0.0
0.059947999980067834 0.0016459999897051603
0.059947999980067834 0.0
0.060957000008784235 0.0015029999776743352
0.060957000008784235 0.0
0.06063500000163913 0.0017660000012256205
0.06063500000163913 0.0
0.06063600000925362 0.0015100000018719584
0.06063600000925362 0.0
0.06084399999235757 0.0014999999839346856
0.06084399999235757 0.0
0.05775700000231154 0.0014649999793618917
0.05775700000231154 1.00000761449337e-06
0.05875800002831966 0.001457999984268099
0.05875800002831966 1.00000761449337e-06
0.05772899999283254 0.0016290000057779253
0.05772899999283254 0.0
0.05767700000433251 0.0014939999964553863
0.05767700000433251 0.0
0.058976000000257045 0.0014399999927263707
0.058976000000257045 0.0
0.057744999998249114 0.0014870000013615936
0.057744999998249114 0.0
0.057926999987103045 0.001416999992216006
0.057926999987103045 0.0
0.0594719999935478 0.0014420000079553574
0.0594719999935478 1.00000761449337e-06
0.058161000022664666 0.0014060000248719007
0.058161000022664666 0.0
0.05839099999866448 0.001428999996278435
0.05839099999866448 1.00000761449337e-06
0.05908300000010058 0.0014210000226739794
0.05908300000010058 0.0
0.05845799998496659 0.0014220000011846423
0.05845799998496659 0.0
0.06059800001094118 0.0015609999827574939
0.06059800001094118 1.00000761449337e-06
0.06090299997595139 0.0016699999978300184
0.06090299997595139 9.999785106629133e-07
0.060987999982899055 0.001524999999674037
0.060987999982899055 0.0
0.059859000000869855 0.0014469999878201634
0.059859000000869855 0.0
0.06026900000870228 0.0015230000135488808
0.06026900000870228 0.0
0.060584999999264255 0.0014500000106636435
0.060584999999264255 0.0
0.060882999998284504 0.0014939999964553863
0.060882999998284504 1.00000761449337e-06
0.061077000020304695 0.0014830000000074506
0.061077000020304695 0.0
0.060243000014452264 0.0014669999945908785
0.060243000014452264 0.0
0.05790899999556132 0.0014490000030491501
0.05790899999556132 1.00000761449337e-06
0.05836500000441447 0.0014070000033825636
0.05836500000441447 0.0
0.058129999990342185 0.0014680000022053719
0.058129999990342185 0.0
0.055115000024670735 0.001441000000340864
0.055115000024670735 9.999785106629133e-07
0.05501499999081716 0.0013430000108201057
0.05501499999081716 1.00000761449337e-06
0.053140000003622845 0.0013210000179242343
0.053140000003622845 0.0
0.056505999993532896 0.0017090000037569553
0.056505999993532896 0.0
0.05601800000295043 0.0016100000066217035
0.05601800000295043 1.00000761449337e-06
0.06145799998193979 0.0017869999865069985
0.06145799998193979 0.0
0.05536199998459779 0.0014359999913722277
0.05536199998459779 9.999785106629133e-07
0.052142999978968874 0.0015980000025592744
0.052142999978968874 9.999785106629133e-07
0.05009199999039993 0.0016250000044237822
0.05009199999039993 0.0
0.04976600001100451 0.0015039999852888286
0.04976600001100451 0.0
0.04827400000067428 0.001428999996278435
0.04827400000067428 0.0
0.04859200000646524 0.001429999974789098
0.04859200000646524 0.0
0.05253600000287406 0.0017590000061318278
0.05253600000287406 0.0
0.058267999993404374 0.0017259999876841903
0.058267999993404374 1.00000761449337e-06
0.058896000002278015 0.0017319999751634896
0.058896000002278015 0.0
0.05903299999772571 0.0017940000107046217
0.05903299999772571 0.0
0.043145000003278255 0.001057999994372949
0.043145000003278255 9.999785106629133e-07
0.04284399998141453 0.0010620000248309225
0.04284399998141453 0.0
0.060618999996222556 0.0016799999866634607
0.060618999996222556 0.0
0.059636999998474494 0.0016149999864865094
0.059636999998474494 0.0
0.06209900000249036 0.0017379999917466193
0.06209900000249036 0.0
0.052420000021811575 0.0016380000161007047
0.052420000021811575 0.0
0.061279999994440004 0.0016149999864865094
0.061279999994440004 0.0
0.05347600000095554 0.001180999999633059
0.05347600000095554 1.00000761449337e-06
0.04579000000376254 0.001328000013018027
0.04579000000376254 9.999785106629133e-07
0.04497000001720153 0.0011940000113099813
0.04497000001720153 1.00000761449337e-06
0.0453550000092946 0.001180999999633059
0.0453550000092946 1.00000761449337e-06
0.05388900000252761 0.0013340000004973263
0.05388900000252761 0.0
0.04815999997663312 0.0012240000069141388
0.04815999997663312 0.0
0.05158400000073016 0.001664999988861382
0.05158400000073016 0.0
0.05815100000472739 0.0017109999898821115
0.05815100000472739 1.00000761449337e-06
0.04983400000492111 0.0011740000045392662
0.04983400000492111 0.0
0.05627599998842925 0.0016259999829344451
0.05627599998842925 0.0
0.05720799998380244 0.0018789999885484576
0.05720799998380244 0.0
0.06161699999938719 0.001609999977517873
0.06161699999938719 0.0
0.06357800000114366 0.0016900000046007335
0.06357800000114366 1.00000761449337e-06
0.05951500000082888 0.0016349999932572246
0.05951500000082888 0.0
0.06108499999390915 0.0018260000215377659
0.06108499999390915 0.0
0.04760399999213405 0.0012989999959245324
0.04760399999213405 0.0
0.05440299998736009 0.0016940000059548765
0.05440299998736009 0.0
0.06473399998503737 0.00169500001356937
0.06473399998503737 2.19999928958714e-05
0.06683499997598119 0.0016610000166110694
0.06683499997598119 0.0
0.055137000017566606 0.0018100000161211938
0.055137000017566606 1.00000761449337e-06
0.06857200001832098 0.001880999974673614
0.06857200001832098 1.00000761449337e-06
0.06406400000560097 0.001828999986173585
0.06406400000560097 9.999785106629133e-07
0.06619399998453446 0.0017010000010486692
0.06619399998453446 1.00000761449337e-06
0.0657950000022538 0.0016989999858196825
0.0657950000022538 0.0
0.06443600001512095 0.0016109999851323664
0.06443600001512095 1.00000761449337e-06
0.0659190000151284 0.0012229999992996454
0.0659190000151284 1.00000761449337e-06
0.06322899999213405 0.0012369999894872308
0.06322899999213405 1.00000761449337e-06
0.048088999988976866 0.0022809999936725944
0.048088999988976866 0.0
0.04767500000889413 0.001225999993039295
0.04767500000889413 1.00000761449337e-06
0.04794899999978952 0.0011790000135079026
0.04794899999978952 9.999785106629133e-07
0.0668780000123661 0.0019269999756943434
0.0668780000123661 0.0
0.050263999990420416 0.0013829999952577055
0.050263999990420416 0.0
0.05088900000555441 0.001373999984934926
0.05088900000555441 1.00000761449337e-06
0.05042200000025332 0.001301999989664182
0.05042200000025332 1.00000761449337e-06
0.0521889999799896 0.001260000019101426
0.0521889999799896 0.0
0.06959600001573563 0.0018390000041108578
0.06959600001573563 0.0
0.05066299997270107 0.0012290000158827752
0.05066299997270107 9.999785106629133e-07
0.06789299999945797 0.0017220000154338777
0.06789299999945797 0.0
0.05065299998386763 0.001293000008445233
0.05065299998386763 0.0
0.06726899999193847 0.001879999996162951
0.06726899999193847 0.0
0.0642400000069756 0.0018320000090170652
0.0642400000069756 0.0
0.06694099999731407 0.0016849999956320971
0.06694099999731407 0.0
0.06686500000068918 0.00181200000224635
0.06686500000068918 9.999785106629133e-07
0.06894200001261197 0.0017519999819342047
0.06894200001261197 0.0
0.06685400000424124 0.0012790000182576478
0.06685400000424124 0.0
0.07006299999193288 0.0018390000041108578
0.07006299999193288 0.0
0.07104700000490993 0.0017029999871738255
0.07104700000490993 0.0
0.07222900001215748 0.0019199999806005508
0.07222900001215748 1.00000761449337e-06
0.07062300000688992 0.0018540000019129366
0.07062300000688992 0.0
0.07263700000476092 0.0018139999883715063
0.07263700000476092 0.0
0.07173799999873154 0.001879000017652288
0.07173799999873154 0.0
0.06920999998692423 0.0017749999824445695
0.06920999998692423 0.0
0.06803100000252016 0.0018419999978505075
0.06803100000252016 0.0
0.072453000000678 0.0017860000079963356
0.072453000000678 0.0
0.05258700001286343 0.0013190000026952475
0.05258700001286343 1.00000761449337e-06
0.07167499998467974 0.0018399999826215208
0.07167499998467974 0.0
0.07046500002616085 0.0018210000125691295
0.07046500002616085 0.0
0.05298699997365475 0.0013210000179242343
0.05298699997365475 1.00000761449337e-06
0.06780600000638515 0.002166000020224601
0.06780600000638515 1.00000761449337e-06
0.06690799997886643 0.001988000003620982
0.06690799997886643 0.0
0.07118200001423247 0.0019029999966733158
0.07118200001423247 1.00000761449337e-06
0.07338499999605119 0.0023609999916516244
0.07338499999605119 1.00000761449337e-06
0.07246700001996942 0.0019529999990481883
0.07246700001996942 0.0
0.06133100000442937 0.0023529999889433384
0.06133100000442937 0.0
0.059458999981870875 0.0021169999963603914
0.059458999981870875 0.0
0.07025700001395307 0.0019449999963399023
0.07025700001395307 0.0
0.06944999998086132 0.001871999993454665
0.06944999998086132 9.999785106629133e-07
0.07374500000150874 0.001863999990746379
0.07374500000150874 0.0
0.07233600001200102 0.001947000011568889
0.07233600001200102 1.00000761449337e-06
0.060330000007525086 0.001720000000204891
0.060330000007525086 9.999785106629133e-07
0.08801600002334453 0.004816000000573695
0.08801600002334453 0.0
0.07375300000421703 0.004186000005574897
0.07375300000421703 0.0
0.0749200000136625 0.0021600000036414713
0.0749200000136625 0.0
0.09551600000122562 0.002429000014672056
0.09551600000122562 0.0
0.09877800001413561 0.002525999996578321
0.09877800001413561 0.0
0.09558300001663156 0.0025390000082552433
0.09558300001663156 0.0
0.09296599999652244 0.002345000015338883
0.09296599999652244 1.00000761449337e-06
0.09320800000568852 0.0023440000077243894
0.09320800000568852 9.999785106629133e-07
0.08126300000003539 0.0022899999748915434
0.08126300000003539 0.0
0.08723100001225248 0.002330999996047467
0.08723100001225248 1.00000761449337e-06
0.0849410000082571 0.00237800000468269
0.0849410000082571 0.0
0.08294299998669885 0.002406000014161691
0.08294299998669885 0.0
0.08876199999940582 0.0023119999968912452
0.08876199999940582 9.999785106629133e-07
0.07828000001609325 0.001680999994277954
0.07828000001609325 1.00000761449337e-06
0.0867500000167638 0.002267000003485009
0.0867500000167638 0.0
0.08871500001987442 0.002346000022953376
0.08871500001987442 1.00000761449337e-06
0.06599599999026395 0.0016279999981634319
0.06599599999026395 1.00000761449337e-06
0.08819800001219846 0.0023890000011306256
0.08819800001219846 1.00000761449337e-06
0.08728700000210665 0.0023320000036619604
0.08728700000210665 0.0
0.06380499998340383 0.0015899999998509884
0.06380499998340383 1.00000761449337e-06
0.06326799999806099 0.0015110000094864517
0.06326799999806099 9.999785106629133e-07
0.06353899999521673 0.001588999992236495
0.06353899999521673 0.0
0.06360900000436231 0.0015690000145696104
0.06360900000436231 1.00000761449337e-06
0.07901300000958145 0.0020850000146310776
0.07901300000958145 0.0
0.06072899998980574 0.0014999999839346856
0.06072899998980574 0.0
0.0636289999820292 0.0017970000044442713
0.0636289999820292 0.0
0.06362200001603924 0.0017850000003818423
0.06362200001603924 1.00000761449337e-06
0.06427199998870492 0.0017579999985173345
0.06427199998870492 1.00000761449337e-06
0.06335199999739416 0.001851000008173287
0.06335199999739416 1.00000761449337e-06
0.06458599999314174 0.0016820000018924475
0.06458599999314174 0.0
0.06545699998969212 0.001715999998850748
0.06545699998969212 0.0
0.06418400001712143 0.001539000018965453
0.06418400001712143 1.00000761449337e-06
0.06450799998128787 0.0016119999927468598
0.06450799998128787 0.0
0.060649999999441206 0.0015190000121947378
0.060649999999441206 0.0
0.061239999980898574 0.0014899999951012433
0.061239999980898574 0.0
0.06062699999893084 0.0015070000081323087
0.06062699999893084 0.0
0.060997000022325665 0.0016049999976530671
0.060997000022325665 0.0
0.05567700002575293 0.0013380000018514693
0.05567700002575293 1.00000761449337e-06
0.07366599998204038 0.0019120000069960952
0.07366599998204038 0.0
0.05628299998352304 0.0013920000055804849
0.05628299998352304 0.0
0.0775910000083968 0.001992000004975125
0.0775910000083968 9.999785106629133e-07
0.07890200000838377 0.0020300000032875687
0.07890200000838377 0.0
0.061732000001939014 0.0015229999844450504
0.061732000001939014 0.0
0.06026699999347329 0.0015539999876637012
0.06026699999347329 0.0
0.06093500001588836 0.0014490000030491501
0.06093500001588836 0.0
0.06185299999197014 0.0015119999879971147
0.06185299999197014 9.999785106629133e-07
0.061535999993793666 0.0015159999893512577
0.061535999993793666 0.0
0.06079499999759719 0.0015439999988302588
0.06079499999759719 9.999785106629133e-07
0.06016799999633804 0.0014990000054240227
0.06016799999633804 0.0
0.060587999993003905 0.0014599999994970858
0.060587999993003905 0.0
0.059787999984109774 0.0014460000093095005
0.059787999984109774 0.0
0.062265000015031546 0.0015669999993406236
0.062265000015031546 0.0
0.05853800001204945 0.0014260000025387853
0.05853800001204945 0.0
0.05914700002176687 0.0013760000001639128
0.05914700002176687 1.00000761449337e-06
0.0592729999916628 0.0014019999944139272
0.0592729999916628 0.0
0.060996999993221834 0.0015389999898616225
0.060996999993221834 0.0
0.05879900002037175 0.001420000015059486
0.05879900002037175 1.00000761449337e-06
0.05915899999672547 0.0014389999851118773
0.05915899999672547 1.00000761449337e-06
0.0780899999954272 0.002007000002777204
0.0780899999954272 1.00000761449337e-06
0.06448299999465235 0.0019619999802671373
0.06448299999465235 1.00000761449337e-06
0.07730000000447035 0.0015330000023823231
0.07730000000447035 0.0
0.06594899998162873 0.0014770000125281513
0.06594899998162873 9.999785106629133e-07
0.05902400001650676 0.0013909999979659915
0.05902400001650676 1.00000761449337e-06
0.05833200001507066 0.0013970000145491213
0.05833200001507066 1.00000761449337e-06
0.05809099998441525 0.0015450000064447522
0.05809099998441525 0.0
0.07760100002633408 0.0017880000232253224
0.07760100002633408 0.0
0.07817599998088554 0.002347000001464039
0.07817599998088554 9.999785106629133e-07
0.08069599998998456 0.0020939999958500266
0.08069599998998456 0.0
0.083342999976594 0.002111000008881092
0.083342999976594 9.999785106629133e-07
0.08055299997795373 0.001520999998319894
0.08055299997795373 0.0
0.07488099997863173 0.001504999992903322
0.07488099997863173 0.0
0.07968500000424683 0.002031000010902062
0.07968500000424683 0.0
0.082548999984283 0.002070999995339662
0.082548999984283 0.0
0.07204600001568906 0.002144999976735562
0.07204600001568906 1.00000761449337e-06
0.0760889999801293 0.001990999997360632
0.0760889999801293 0.0
0.07872600000700913 0.0022809999936725944
0.07872600000700913 1.00000761449337e-06
0.08272600002237596 0.0020250000234227628
0.08272600002237596 0.0
0.09630800000741147 0.0028279999969527125
0.09630800000741147 0.0
0.10579400000278838 0.005848000000696629
0.10579400000278838 0.0
0.09774599998490885 0.006238000001758337
0.09774599998490885 0.0
0.08629300000029616 0.0048349999997299165
0.08629300000029616 1.00000761449337e-06
0.0937899999844376 0.005375000007916242
0.0937899999844376 1.00000761449337e-06
0.09337200000300072 0.003001000004587695
0.09337200000300072 1.00000761449337e-06
0.09161499998299405 0.002357000019401312
0.09161499998299405 0.0
0.09004700000514276 0.0022049999970477074
0.09004700000514276 0.0
0.09112700002151541 0.002227999997558072
0.09112700002151541 1.00000761449337e-06
0.09371200000168756 0.002398999989964068
0.09371200000168756 0.0
0.09102799999527633 0.002238999994006008
0.09102799999527633 1.00000761449337e-06
0.09157000001869164 0.0023529999889433384
0.09157000001869164 0.0
0.0851070000207983 0.002131000015651807
0.0851070000207983 1.00000761449337e-06
0.1031420000072103 0.0026249999937135726
0.1031420000072103 9.999785106629133e-07
0.09585800001514144 0.002519000001484528
0.09585800001514144 0.0
0.0951620000123512 0.0024609999964013696
0.0951620000123512 0.0
0.09096800000406802 0.0024449999909847975
0.09096800000406802 0.0
0.09647199997561984 0.002482000010786578
0.09647199997561984 1.00000761449337e-06
0.06848499999614432 0.0017260000167880207
0.06848499999614432 9.999785106629133e-07
0.08859700002358295 0.0024560000165365636
0.08859700002358295 0.0
0.0700760000036098 0.0018099999870173633
0.0700760000036098 0.0
0.08181500001228414 0.002462000004015863
0.08181500001228414 0.0
0.10182399998302571 0.003244999999878928
0.10182399998302571 0.0
0.06993900000816211 0.0017519999819342047
0.06993900000816211 0.0
0.06933800000115298 0.0018010000057984143
0.06933800000115298 9.999785106629133e-07
0.06846499998937361 0.0018360000103712082
0.06846499998937361 0.0
0.06862299999920651 0.001803999999538064
0.06862299999920651 1.00000761449337e-06
0.07055999999283813 0.0017989999905694276
0.07055999999283813 1.00000761449337e-06
0.07028399998671375 0.0017689999949652702
0.07028399998671375 1.00000761449337e-06
0.0707399999955669 0.0018099999870173633
0.0707399999955669 0.0
0.07236200000625104 0.0018760000239126384
0.07236200000625104 0.0
0.07292999999481253 0.00201199998264201
0.07292999999481253 1.00000761449337e-06
0.07319900000584312 0.0020059999951627105
0.07319900000584312 0.0
0.0700139999971725 0.0017749999824445695
0.0700139999971725 0.0
0.06911799998488277 0.0021059999999124557
0.06911799998488277 0.0
0.08020500000566244 0.0025670000177342445
0.08020500000566244 1.00000761449337e-06
0.09167700001853518 0.002572000026702881
0.09167700001853518 0.0
0.09471199999097735 0.002326999994693324
0.09471199999097735 0.0
0.0972489999840036 0.0026070000021718442
0.0972489999840036 0.0
0.09476199999335222 0.0023769999970681965
0.09476199999335222 0.0
0.0958939999982249 0.002449000021442771
0.0958939999982249 1.00000761449337e-06
0.0961480000114534 0.0026000000070780516
0.0961480000114534 0.0
0.0962569999974221 0.0025610000011511147
0.0962569999974221 0.0
0.09169999998994172 0.0024299999931827188
0.09169999998994172 0.0
0.10843500000191852 0.0028369999781716615
0.10843500000191852 1.00000761449337e-06
0.12603000001399778 0.007440999994287267
0.12603000001399778 0.0
0.1056150000076741 0.005914999986998737
0.1056150000076741 0.0
0.10851099999854341 0.003001999983098358
0.10851099999854341 0.0
0.10867200000211596 0.002750999992713332
0.10867200000211596 1.00000761449337e-06
0.10940000001573935 0.0030209999822545797
0.10940000001573935 0.0
0.10597299999790266 0.0025679999962449074
0.10597299999790266 1.00000761449337e-06
0.10412199998972937 0.002757999987807125
0.10412199998972937 0.0
0.10476300001027994 0.0028219999803695828
0.10476300001027994 9.999785106629133e-07
0.10650200000964105 0.0025849999801721424
0.10650200000964105 0.0
0.10302199999568984 0.00258100000792183
0.10302199999568984 1.00000761449337e-06
0.10404199999175034 0.002902999985963106
0.10404199999175034 0.0
0.0997569999890402 0.0024289999855682254
0.0997569999890402 0.0
0.1242389999970328 0.0023110000183805823
0.1242389999970328 0.0
0.10691400000359863 0.002877999999327585
0.10691400000359863 0.0
0.10542400000849739 0.002781999995931983
0.10542400000849739 0.0
0.07309999997960404 0.002078000019537285
0.07309999997960404 0.0
0.09317200002260506 0.0024960000009741634
0.09317200002260506 0.0
0.09247699999832548 0.002215999993495643
0.09247699999832548 9.999785106629133e-07
0.0899269999936223 0.0023930000024847686
0.0899269999936223 1.00000761449337e-06
0.09853499999735504 0.002126000006683171
0.09853499999735504 0.0
0.08281900000292808 0.0018810000037774444
0.08281900000292808 0.0
0.10120999999344349 0.0025560000212863088
0.10120999999344349 0.0
0.09807599999476224 0.002685999992536381
0.09807599999476224 9.999785106629133e-07
0.07603399999788962 0.0017909999878611416
0.07603399999788962 0.0
0.09066399998846464 0.0025010000099428
0.09066399998846464 1.00000761449337e-06
0.0946469999908004 0.002458999981172383
0.0946469999908004 9.999785106629133e-07
0.09506900000269525 0.0025449999957345426
0.09506900000269525 1.00000761449337e-06
0.0743030000012368 0.0017860000079963356
0.0743030000012368 0.0
0.0961539999989327 0.002533999999286607
0.0961539999989327 1.00000761449337e-06
0.09112300002016127 0.0023339999897871166
0.09112300002016127 0.0
0.09399399999529123 0.002091000002110377
0.09399399999529123 0.0
0.09378200001083314 0.0019370000227354467
0.09378200001083314 0.0
0.08833100000629202 0.0024839999969117343
0.08833100000629202 1.00000761449337e-06
0.09307400000398047 0.002250999998068437
0.09307400000398047 0.0
0.0767980000237003 0.0018720000225584954
0.0767980000237003 0.0
0.07520900000235997 0.0018370000179857016
0.07520900000235997 1.00000761449337e-06
0.10673900000983849 0.0026490000018384308
0.10673900000983849 0.0
0.0990299999830313 0.002550999983213842
0.0990299999830313 0.0
0.09871900000143796 0.0026659999857656658
0.09871900000143796 0.0
0.10547399998176843 0.002673999988473952
0.10547399998176843 0.0
0.10579800000414252 0.0020300000032875687
0.10579800000414252 0.0
0.08099400001810864 0.0019560000218916684
0.08099400001810864 1.00000761449337e-06
0.0822770000086166 0.002035999990766868
0.0822770000086166 0.0
0.08845700000529177 0.002143999998224899
0.08845700000529177 9.999785106629133e-07
0.10132899999734946 0.002431000000797212
0.10132899999734946 0.0
0.07582700002240017 0.0018559999880380929
0.07582700002240017 1.00000761449337e-06
0.0777900000102818 0.0019549999851733446
0.0777900000102818 0.0
0.08131600002525374 0.00200899998890236
0.08131600002525374 9.999785106629133e-07
0.08166799999889918 0.0019219999958295375
0.08166799999889918 0.0
0.1036819999862928 0.0027350000164005905
0.1036819999862928 0.0
0.09521400000085123 0.0027129999944008887
0.09521400000085123 0.0
0.09416599999531172 0.002615999983390793
0.09416599999531172 1.00000761449337e-06
0.10002400001394562 0.002913000003900379
0.10002400001394562 0.0
0.10433500001090579 0.0025969999842345715
0.10433500001090579 9.999785106629133e-07
0.10635399998864159 0.002833999984432012
0.10635399998864159 0.0
0.10110199998598546 0.002837999985786155
0.10110199998598546 1.00000761449337e-06
0.10110700002405792 0.0026980000257026404
0.10110700002405792 0.0
0.10591799998655915 0.002742000011494383
0.10591799998655915 0.0
0.10676399999647401 0.002705000020796433
0.10676399999647401 0.0
0.081555999990087 0.0020000000076834112
0.081555999990087 0.0
0.10456999999587424 0.0027640000043902546
0.10456999999587424 0.0
0.10724800001480617 0.002570999989984557
0.10724800001480617 0.0
0.10732300000381656 0.002777000016067177
0.10732300000381656 0.0
0.0783850000007078 0.001887999998871237
0.0783850000007078 0.0
0.07883300000685267 0.001984000002266839
0.07883300000685267 0.0
0.07863199998973869 0.0019120000069960952
0.07863199998973869 0.0
0.07797099999152124 0.0019369999936316162
0.07797099999152124 1.00000761449337e-06
0.08085699999355711 0.0019890000112354755
0.08085699999355711 1.00000761449337e-06
0.11229099999764003 0.002877999999327585
0.11229099999764003 0.0
0.10607800001162104 0.0027070000069215894
0.10607800001162104 0.0
0.10203499998897314 0.0028380000148899853
0.10203499998897314 0.0
0.10524599999189377 0.002653000003192574
0.10524599999189377 1.00000761449337e-06
0.10504699999000877 0.002673999988473952
0.10504699999000877 9.999785106629133e-07
0.1048270000028424 0.002769999991869554
0.1048270000028424 0.0
0.10520499999984168 0.00273800001014024
0.10520499999984168 0.0
0.09518600002047606 0.0025790000217966735
0.09518600002047606 1.00000761449337e-06
0.10061399999540299 0.002622999978484586
0.10061399999540299 0.0
0.10135300000547431 0.0026150000048801303
0.10135300000547431 0.0
0.10128899998380803 0.0025900000182446092
0.10128899998380803 0.0
0.1006059999926947 0.0025710000190883875
0.1006059999926947 0.0
0.10161200002767146 0.002502999996067956
0.10161200002767146 1.00000761449337e-06
0.09211699999286793 0.0026009999855887145
0.09211699999286793 1.00000761449337e-06
0.07581199999549426 0.001875000016298145
0.07581199999549426 0.0
0.10914699998102151 0.002761999989161268
0.10914699998102151 0.0
0.10741400002734736 0.002829000004567206
0.10741400002734736 0.0
0.09426900002290495 0.0023649999930057675
0.09426900002290495 1.00000761449337e-06
0.10250799998175353 0.0026249999937135726
0.10250799998175353 0.0
0.1090130000084173 0.0027350000164005905
0.1090130000084173 1.00000761449337e-06
0.10884999998961575 0.0029389999981503934
0.10884999998961575 0.0
0.11470599999302067 0.0030229999974835664
0.11470599999302067 0.0
0.12450199999148026 0.0031149999995250255
0.12450199999148026 0.0
0.1352529999858234 0.0036440000112634152
0.1352529999858234 0.0
0.1665330000105314 0.009678999980678782
0.1665330000105314 1.00000761449337e-06
0.12502999999560416 0.003595999995013699
0.12502999999560416 1.00000761449337e-06
0.13147900000330992 0.0074779999849852175
0.13147900000330992 9.999785106629133e-07
0.1347959999984596 0.007588000007672235
0.1347959999984596 1.00000761449337e-06
0.13620300000184216 0.0036819999804720283
0.13620300000184216 0.0
0.13473300001351163 0.003280000004451722
0.13473300001351163 0.0
0.1725709999736864 0.004134999995585531
0.1725709999736864 1.00000761449337e-06
0.12834600001224317 0.0031799999997019768
0.12834600001224317 9.999785106629133e-07
0.13256999998702668 0.003216999990399927
0.13256999998702668 0.0
0.13540699999430217 0.0034570000134408474
0.13540699999430217 0.0
0.13498499998240732 0.00333799998043105
0.13498499998240732 9.999785106629133e-07
0.12817700000596233 0.003403000009711832
0.12817700000596233 0.0
0.1329039999982342 0.0032950000022538006
0.1329039999982342 1.00000761449337e-06
0.12171700000180863 0.0030079999996814877
0.12171700000180863 0.0
0.12240700001711957 0.003021999989869073
0.12240700001711957 0.0
0.11169699998572469 0.0027419999823905528
0.11169699998572469 0.0
0.11038599998573773 0.0027889999910257757
0.11038599998573773 0.0
0.1221990000049118 0.0027169999957550317
0.1221990000049118 1.00000761449337e-06
0.10349000000860542 0.00249499999335967
0.10349000000860542 0.0
0.0947829999786336 0.002478999987943098
0.0947829999786336 0.0
0.09550600001239218 0.00265499998931773
0.09550600001239218 0.0
0.08915799998794682 0.00217500000144355
0.08915799998794682 0.0
0.08807000002707355 0.002154000016162172
0.08807000002707355 0.0
0.08973999999579974 0.0021730000153183937
0.08973999999579974 0.0
0.08552100000088103 0.002080999984173104
0.08552100000088103 0.0
0.08852900000056252 0.002191000006860122
0.08852900000056252 0.0
0.08716400002595037 0.002187000005505979
0.08716400002595037 0.0
0.09080100001301616 0.002187000005505979
0.09080100001301616 0.0
0.08679499998106621 0.0020899999944958836
0.08679499998106621 9.999785106629133e-07
0.08637999999336898 0.002066000015474856
0.08637999999336898 0.0
0.08488700000452809 0.002072000002954155
0.08488700000452809 0.0
0.08848999999463558 0.002095999981975183
0.08848999999463558 1.00000761449337e-06
0.08855099999345839 0.0021560000022873282
0.08855099999345839 0.0
0.09195299999555573 0.0023409999848809093
0.09195299999555573 0.0
0.11560699998517521 0.002917000005254522
0.11560699998517521 1.00000761449337e-06
0.0891739999933634 0.002171000000089407
0.0891739999933634 1.00000761449337e-06
0.08984100000816397 0.0021899999992456287
0.08984100000816397 0.0
0.09353800001554191 0.0023990000190678984
0.09353800001554191 0.0
0.09348499999032356 0.0022459999890998006
0.09348499999032356 1.00000761449337e-06
0.1033869999810122 0.0028480000037234277
0.1033869999810122 0.0
0.10654500001692213 0.0026190000062342733
0.10654500001692213 0.0
0.11405500001274049 0.0030749999859835953
0.11405500001274049 9.999785106629133e-07
0.11311599999316968 0.0030399999814108014
0.11311599999316968 0.0
0.11437799999839626 0.002718000003369525
0.11437799999839626 1.00000761449337e-06
0.10984299998381175 0.0027030000055674464
0.10984299998381175 0.0
0.10310900001786649 0.0025730000052135438
0.10310900001786649 0.0
0.09565200001816265 0.0024049999774433672
0.09565200001816265 9.999785106629133e-07
0.09493099999963306 0.0023059999803081155
0.09493099999963306 0.0
0.09488499999861233 0.0024080000002868474
0.09488499999861233 0.0
0.08923699997831136 0.0021610000112559646
0.08923699997831136 0.0
0.11693999997805804 0.003878999996231869
0.11693999997805804 1.00000761449337e-06
0.0869269999966491 0.002143999998224899
0.0869269999966491 0.0
0.08769799998844974 0.002585000009275973
0.08769799998844974 0.0
0.10841499999514781 0.003048999991733581
0.10841499999514781 9.999785106629133e-07
0.08846599998651072 0.002303999994182959
0.08846599998651072 1.00000761449337e-06
0.092956000007689 0.002478999987943098
0.092956000007689 0.0
0.08863799998653121 0.002386000007390976
0.08863799998653121 0.0
0.08568799999193288 0.0020409999997355044
0.08568799999193288 1.00000761449337e-06
0.11522799998056144 0.002853000012692064
0.11522799998056144 0.0
0.10992600000463426 0.0028959999908693135
0.10992600000463426 0.0
0.10989799999515526 0.003049999999348074
0.10989799999515526 1.00000761449337e-06
0.0988260000012815 0.0027529999788384885
0.0988260000012815 1.00000761449337e-06
0.10636599999270402 0.0027520000003278255
0.10636599999270402 1.00000761449337e-06
0.10949500001152046 0.0028380000148899853
0.10949500001152046 0.0
0.10862199999974109 0.002202000003308058
0.10862199999974109 0.0
0.10615199999301694 0.002794999978505075
0.10615199999301694 1.00000761449337e-06
0.11395599998650141 0.0028959999908693135
0.11395599998650141 0.0
0.08872500000870787 0.0022049999970477074
0.08872500000870787 0.0
0.11552699998719618 0.0029159999976400286
0.11552699998719618 9.999785106629133e-07
0.08854699999210425 0.0021009999909438193
0.08854699999210425 1.00000761449337e-06
0.09870600001886487 0.002808999997796491
0.09870600001886487 1.00000761449337e-06
0.08582800001022406 0.0021459999843500555
0.08582800001022406 0.0
0.1175189999921713 0.0031420000013895333
0.1175189999921713 0.0
0.10665800000424497 0.00298400002066046
0.10665800000424497 1.00000761449337e-06
0.10746800000197254 0.0028590000001713634
0.10746800000197254 9.999785106629133e-07
0.10864500000025146 0.0029609999910462648
0.10864500000025146 0.0
0.09852299999329261 0.002749000006588176
0.09852299999329261 1.00000761449337e-06
0.10583300000871532 0.0027920000138692558
0.10583300000871532 0.0
0.10714100001496263 0.002730999985942617
0.10714100001496263 0.0
0.1062040000106208 0.0032319999882020056
0.1062040000106208 0.0
0.1054440000152681 0.0033970000222325325
0.1054440000152681 1.00000761449337e-06
0.11227599999983795 0.003025000012712553
0.11227599999983795 0.0
0.10369899999932386 0.0029320000030566007
0.10369899999932386 0.0
0.11183999999775551 0.0029169999761506915
0.11183999999775551 0.0
0.1133960000006482 0.003171000018483028
0.1133960000006482 0.0
0.11499999999068677 0.003351999999722466
0.11499999999068677 0.0
0.11091499999747612 0.002872000011848286
0.11091499999747612 1.00000761449337e-06
0.09367800000472926 0.00237499998183921
0.09367800000472926 0.0
0.10151599999517202 0.002681000012671575
0.10151599999517202 9.999785106629133e-07
0.11090100000728853 0.002845000009983778
0.11090100000728853 0.0
0.10956400001305155 0.002086000022245571
0.10956400001305155 0.0
0.08644000001368113 0.0021019999985583127
0.08644000001368113 1.00000761449337e-06
0.11717399998451583 0.0028159999928902835
0.11717399998451583 0.0
0.08433400001376867 0.0021610000112559646
0.08433400001376867 0.0
0.10927600000286475 0.002905000001192093
0.10927600000286475 0.0
0.1079510000126902 0.003156999999191612
0.1079510000126902 0.0
0.11397400000714697 0.002761000010650605
0.11397400000714697 0.0
0.0976739999896381 0.0027620000182650983
0.0976739999896381 0.0
0.089099000004353 0.0021889999916311353
0.089099000004353 0.0
0.11337199999252334 0.0026409999991301447
0.11337199999252334 1.00000761449337e-06
0.11217899998882785 0.0031799999997019768
0.11217899998882785 1.00000761449337e-06
0.1029160000034608 0.002640000020619482
0.1029160000034608 1.00000761449337e-06
0.10232099998393096 0.00289499998325482
0.10232099998393096 0.0
0.10344500001519918 0.0029639999847859144
0.10344500001519918 9.999785106629133e-07
0.11245400001644157 0.0027430000191088766
0.11245400001644157 0.0
0.10747499999706633 0.0029710000089835376
0.10747499999706633 0.0
0.08667000001878478 0.0021739999938290566
0.08667000001878478 1.00000761449337e-06
0.0855710000032559 0.0021619999897666276
0.0855710000032559 0.0
0.0843989999848418 0.0021640000049956143
0.0843989999848418 9.999785106629133e-07
0.0954570000176318 0.0025249999889638275
0.0954570000176318 1.00000761449337e-06
0.09354999999050051 0.0024010000051930547
0.09354999999050051 0.0
0.08543700000154786 0.0021980000019539148
0.08543700000154786 1.00000761449337e-06
0.09287500000209548 0.002066999993985519
0.09287500000209548 0.0
0.08504799997899681 0.0020899999944958836
0.08504799997899681 1.00000761449337e-06
0.08410500001627952 0.0020969999895896763
0.08410500001627952 0.0
0.10494799999287352 0.0025639999948907644
0.10494799999287352 1.00000761449337e-06
0.10383800001000054 0.003731999982846901
0.10383800001000054 0.0
0.10177399998065084 0.002283000008901581
0.10177399998065084 1.00000761449337e-06
0.09289800000260584 0.003448000003118068
0.09289800000260584 0.0
0.08770000000367872 0.0022430000244639814
0.08770000000367872 0.0
0.08804199998849072 0.0026680000009946525
0.08804199998849072 0.0
0.11012500000651926 0.002154999994672835
0.11012500000651926 9.999785106629133e-07
0.09897199997794814 0.002952000009827316
0.09897199997794814 1.00000761449337e-06
0.1126360000052955 0.002246999996714294
0.1126360000052955 0.0
0.11556599999312311 0.0027990000089630485
0.11556599999312311 1.00000761449337e-06
0.11018099999637343 0.002431999979307875
0.11018099999637343 1.00000761449337e-06
0.11145600001327693 0.0028689999890048057
0.11145600001327693 0.0
0.11298299999907613 0.002892999997129664
0.11298299999907613 1.00000761449337e-06
0.10108399999444373 0.0027500000142026693
0.10108399999444373 0.0
0.08504599999287166 0.0021520000009331852
0.08504599999287166 9.999785106629133e-07
0.08417700001155026 0.0021510000224225223
0.08417700001155026 1.00000761449337e-06
0.08587099998840131 0.00209500000346452
0.08587099998840131 0.0
0.08738399998401292 0.0023520000104326755
0.08738399998401292 0.0
0.0885720000078436 0.002219999994849786
0.0885720000078436 0.0
0.08749700000043958 0.002210000006016344
0.08749700000043958 0.0
0.1136230000120122 0.0027589999954216182
0.1136230000120122 1.00000761449337e-06
0.11645000000135042 0.0028369999781716615
0.11645000000135042 0.0
0.12005200001294725 0.0034690000175032765
0.12005200001294725 0.0
0.11973100001341663 0.0033309999853372574
0.11973100001341663 0.0
0.11665599999832921 0.003431000019190833
0.11665599999832921 0.0
0.1139510000066366 0.003376999986357987
0.1139510000066366 0.0
0.12016900000162423 0.0028689999890048057
0.12016900000162423 0.0
0.12469799999962561 0.0032340000034309924
0.12469799999962561 1.00000761449337e-06
0.129309000010835 0.0033150000090245157
0.129309000010835 0.0
0.12858600000618026 0.0032110000029206276
0.12858600000618026 0.0
0.13010199999553151 0.0034610000147949904
0.13010199999553151 1.00000761449337e-06
0.09861600000294857 0.0024759999942034483
0.09861600000294857 0.0
0.09909600001992658 0.0024010000051930547
0.09909600001992658 0.0
0.09843099999125116 0.0023440000077243894
0.09843099999125116 0.0
0.09842600001138635 0.002454000001307577
0.09842600001138635 0.0
0.09873999998671934 0.0023959999962244183
0.09873999998671934 0.0
0.10081400000490248 0.0024950000224635005
0.10081400000490248 0.0
0.10172800000873394 0.0024480000138282776
0.10172800000873394 0.0
0.10204800000065006 0.003523999999742955
0.10204800000065006 1.00000761449337e-06
0.09874600000330247 0.002455999987432733
0.09874600000330247 1.00000761449337e-06
0.09633600001689047 0.002374000003328547
0.09633600001689047 1.00000761449337e-06
0.09785400002147071 0.0023990000190678984
0.09785400002147071 1.00000761449337e-06
0.09557799997855909 0.002429000014672056
0.09557799997855909 0.0
0.09669499998562969 0.0023090000031515956
0.09669499998562969 1.00000761449337e-06
0.09584299998823553 0.002345000015338883
0.09584299998823553 1.00000761449337e-06
0.09886300002108328 0.002426000020932406
0.09886300002108328 1.00000761449337e-06
0.09725799999432638 0.0023480000090785325
0.09725799999432638 0.0
0.10569799999939278 0.002593000011984259
0.10569799999939278 1.00000761449337e-06
0.12488499999744818 0.0035619999980553985
0.12488499999744818 1.00000761449337e-06
0.13109799998346716 0.004817000008188188
0.13109799998346716 0.0
0.1107590000028722 0.003056000015931204
0.1107590000028722 1.00000761449337e-06
0.10946700000204146 0.0024249999842140824
0.10946700000204146 0.0
0.10395599997718818 0.002670999994734302
0.10395599997718818 1.00000761449337e-06
0.09888199999113567 0.0024299999931827188
0.09888199999113567 0.0
0.09936899997410364 0.002445000020088628
0.09936899997410364 0.0
0.09923399999388494 0.0025749999913387
0.09923399999388494 9.999785106629133e-07
0.0988309999811463 0.0023499999952036887
0.0988309999811463 1.00000761449337e-06
0.1182730000000447 0.003253000002587214
0.1182730000000447 0.0
0.11295199999585748 0.0033260000054724514
0.11295199999585748 0.0
0.1208770000084769 0.0026780000189319253
0.1208770000084769 0.0
0.13262099999701604 0.003156999999191612
0.13262099999701604 1.00000761449337e-06
0.1331509999872651 0.003425000002607703
0.1331509999872651 0.0
0.13193000000319444 0.003129999997327104
0.13193000000319444 0.0
0.1242400000046473 0.003316000016639009
0.1242400000046473 9.999785106629133e-07
0.13292299999739043 0.0032549999887123704
0.13292299999739043 0.0
0.13279699999839067 0.00334399999701418
0.13279699999839067 0.0
0.1356190000078641 0.0033220000041183084
0.1356190000078641 0.0
0.13404599999194033 0.0025209999876096845
0.13404599999194033 1.00000761449337e-06
0.12317000000621192 0.0032959999807644635
0.12317000000621192 0.0
0.13563599999179132 0.0033300000068265945
0.13563599999179132 0.0
0.10064300001249649 0.0023899999796412885
0.10064300001249649 0.0
0.10018499998841435 0.002390000008745119
0.10018499998841435 1.00000761449337e-06
0.09971799998311326 0.002449999999953434
0.09971799998311326 1.00000761449337e-06
0.09985599998617545 0.002677999989828095
0.09985599998617545 0.0
0.101660999993328 0.002406999992672354
0.101660999993328 9.999785106629133e-07
0.12086300001828931 0.0028560000064317137
0.12086300001828931 0.0
0.10543799999868497 0.0026310000102967024
0.10543799999868497 0.0
0.13868199998978525 0.003683999995701015
0.13868199998978525 0.0
0.1464820000110194 0.0036789999867323786
0.1464820000110194 0.0
0.14453099999809638 0.0032310000096913427
0.14453099999809638 1.00000761449337e-06
0.1442760000063572 0.0036609999951906502
0.1442760000063572 1.00000761449337e-06
0.1456389999948442 0.0034530000120867044
0.1456389999948442 1.00000761449337e-06
0.14448800001991913 0.0034690000175032765
0.14448800001991913 0.0
0.14887800000724383 0.00386399999842979
0.14887800000724383 1.00000761449337e-06
0.13918199998443015 0.004048000002512708
0.13918199998443015 1.00000761449337e-06
0.13986200001090765 0.003847000014502555
0.13986200001090765 0.0
0.15909100000862963 0.00430699999560602
0.15909100000862963 0.0
0.11984400000073947 0.0028710000042337924
0.11984400000073947 1.00000761449337e-06
0.14634999999543652 0.003472999989753589
0.14634999999543652 9.999785106629133e-07
0.154236000002129 0.0036259999906178564
0.154236000002129 9.999785106629133e-07
0.1520920000039041 0.0037179999926593155
0.1520920000039041 0.0
0.1467500000144355 0.003691999998409301
0.1467500000144355 0.0
0.1154439999954775 0.002681999991182238
0.1154439999954775 0.0
0.15252900001360103 0.003671999991638586
0.15252900001360103 1.00000761449337e-06
0.11431300002732314 0.002849000011337921
0.11431300002732314 9.999785106629133e-07
0.14358499998343177 0.003632000007200986
0.14358499998343177 0.0
0.11557699998957105 0.0027169999957550317
0.11557699998957105 0.0
0.11339399998541921 0.002733000001171604
0.11339399998541921 1.00000761449337e-06
0.11365299997851253 0.0027520000003278255
0.11365299997851253 0.0
0.1105329999991227 0.0026439999928697944
0.1105329999991227 0.0
0.11015100000076927 0.0025819999864324927
0.11015100000076927 0.0
0.11215000000083819 0.0027609999815467745
0.11215000000083819 0.0
0.11299600001075305 0.0026619999844115227
0.11299600001075305 9.999785106629133e-07
0.1563950000272598 0.0037700000102631748
0.1563950000272598 0.0
0.1438369999814313 0.003663000010419637
0.1438369999814313 1.00000761449337e-06
0.15202599999611266 0.0036099999852012843
0.15202599999611266 0.0
0.1480429999937769 0.003419000015128404
0.1480429999937769 1.00000761449337e-06
0.15390199999092147 0.003798999998252839
0.15390199999092147 1.00000761449337e-06
0.15454899999895133 0.0038289999938569963
0.15454899999895133 1.00000761449337e-06
0.14651899997261353 0.003368000005139038
0.14651899997261353 0.0
0.14206300000660121 0.003683999995701015
0.14206300000660121 0.0
0.153781999979401 0.003831000009085983
0.153781999979401 0.0
0.14931400000932626 0.0037489999958779663
0.14931400000932626 0.0
0.15711100000771694 0.003687999997055158
0.15711100000771694 0.0
0.1570079999801237 0.0038650000060442835
0.1570079999801237 9.999785106629133e-07
0.15194400001200847 0.002845999988494441
0.15194400001200847 1.00000761449337e-06
0.1187659999995958 0.0027910000062547624
0.1187659999995958 1.00000761449337e-06
0.11863799998536706 0.002785999997286126
0.11863799998536706 1.00000761449337e-06
0.11879300000146031 0.00290099999983795
0.11879300000146031 1.00000761449337e-06
0.12008699998841621 0.0027750000008381903
0.12008699998841621 0.0
0.11882599999080412 0.002817000000504777
0.11882599999080412 0.0
0.12513399997260422 0.002961999998660758
0.12513399997260422 0.0
0.15870800000266172 0.0038309999799821526
0.15870800000266172 0.0
0.1579009999986738 0.003930000006221235
0.1579009999986738 1.00000761449337e-06
0.15310500000487082 0.0037500000034924597
0.15310500000487082 0.0
0.1546399999933783 0.0037309999752324075
0.1546399999933783 0.0
0.15908799998578615 0.003759000013815239
0.15908799998578615 1.00000761449337e-06
0.15679100001580082 0.0037829999928362668
0.15679100001580082 1.00000761449337e-06
0.15363200000138022 0.003698000014992431
0.15363200000138022 1.00000761449337e-06
0.1580660000036005 0.0039619999879505485
0.1580660000036005 9.999785106629133e-07
0.1629069999908097 0.004641000006813556
0.1629069999908097 0.0
0.1607650000078138 0.004174000001512468
0.1607650000078138 0.0
0.1639279999944847 0.0041849999979604036
0.1639279999944847 1.00000761449337e-06
0.16776000001118518 0.003957000008085743
0.16776000001118518 1.00000761449337e-06
0.16833399998722598 0.004091999988304451
0.16833399998722598 0.0
0.16760499999509193 0.0040419999859295785
0.16760499999509193 0.0
0.13086699999985285 0.0032279999868478626
0.13086699999985285 1.00000761449337e-06
0.1529959999897983 0.0044760000018868595
0.1529959999897983 0.0
0.16817900000023656 0.004264000017428771
0.16817900000023656 9.999785106629133e-07
0.1732320000010077 0.00446999998530373
0.1732320000010077 9.999785106629133e-07
0.17348400002811104 0.0041560000099707395
0.17348400002811104 0.0
0.17351500000222586 0.004331000003730878
0.17351500000222586 0.0
0.13253900001291186 0.003080000024056062
0.13253900001291186 1.00000761449337e-06
0.13883699997677468 0.003105000010691583
0.13883699997677468 0.0
0.1720050000003539 0.004149000014876947
0.1720050000003539 1.00000761449337e-06
0.1324939999904018 0.0031550000130664557
0.1324939999904018 0.0
0.1696210000081919 0.004141999990679324
0.1696210000081919 0.0
0.17185800001607276 0.004344000015407801
0.17185800001607276 1.00000761449337e-06
0.1569069999968633 0.0031129999842960387
0.1569069999968633 0.0
0.16962299999431707 0.004188999999314547
0.16962299999431707 0.0
0.1739499999966938 0.004154999973252416
0.1739499999966938 9.999785106629133e-07
0.17832599999383092 0.004270999983418733
0.17832599999383092 0.0
0.17825699999229982 0.0044339999731164426
0.17825699999229982 0.0
0.1736770000134129 0.004329999996116385
0.1736770000134129 0.0
0.13296000001719221 0.0031279999820981175
0.13296000001719221 0.0
0.1725929999956861 0.003927999990992248
0.1725929999956861 0.0
0.1598729999968782 0.004727999999886379
0.1598729999968782 1.00000761449337e-06
0.17732700001215562 0.004787000012584031
0.17732700001215562 0.0
0.17300800001248717 0.004454000008990988
0.17300800001248717 1.00000761449337e-06
0.13690400001360103 0.007437000022036955
0.13690400001360103 0.0
0.1351100000028964 0.004297000006772578
0.1351100000028964 0.0
0.17926199999055825 0.004344999993918464
0.17926199999055825 0.0
0.16745300000184216 0.0041009999986272305
0.16745300000184216 9.999785106629133e-07
0.17959899999550544 0.004021999979158863
0.17959899999550544 0.0
0.17700299998978153 0.0034860000014305115
0.17700299998978153 9.999785106629133e-07
0.17647899998701178 0.004489000013563782
0.17647899998701178 9.999785106629133e-07
0.1835830000054557 0.004566000017803162
0.1835830000054557 0.0
0.18586599998525344 0.004486999998334795
0.18586599998525344 0.0
0.18243499999516644 0.004494000022532418
0.18243499999516644 0.0
0.17832300000009127 0.0043080000032205135
0.17832300000009127 0.0
0.18102099999669008 0.0047039999917615205
0.18102099999669008 0.0
0.1752179999893997 0.004432000016095117
0.1752179999893997 9.999785106629133e-07
0.18483100002049468 0.004584000009344891
0.18483100002049468 1.00000761449337e-06
0.18140900001162663 0.004473999986657873
0.18140900001162663 1.00000761449337e-06
0.17819599999347702 0.004446000006282702
0.17819599999347702 0.0
0.18534999998519197 0.004420000012032688
0.18534999998519197 0.0
0.18139199999859557 0.004375999997137114
0.18139199999859557 0.0
0.18621000001439825 0.004290000011678785
0.18621000001439825 9.999785106629133e-07
0.18201600000611506 0.004378999990876764
0.18201600000611506 1.00000761449337e-06
0.13689199998043478 0.003171000018483028
0.13689199998043478 1.00000761449337e-06
0.1890259999781847 0.004557000007480383
0.1890259999781847 1.00000761449337e-06
0.19062499998835847 0.010932999983197078
0.19062499998835847 0.0
0.17663199998787604 0.004937999998219311
0.17663199998787604 1.00000761449337e-06
0.18995800000266172 0.004650000017136335
0.18995800000266172 1.00000761449337e-06
0.1810070000065025 0.004027999995741993
0.1810070000065025 0.0
0.1801759999943897 0.00446699999156408
0.1801759999943897 0.0
0.19649099998059683 0.011044999992009252
0.19649099998059683 9.999785106629133e-07
0.1972949999908451 0.004904000001261011
0.1972949999908451 0.0
0.19719599999370985 0.004924999986542389
0.19719599999370985 0.0
0.1912609999999404 0.004704999999376014
0.1912609999999404 0.0
0.1934320000000298 0.00462999998126179
0.1934320000000298 0.0
0.19522200000938028 0.004719999997178093
0.19522200000938028 0.0
0.1968240000132937 0.00474399997619912
0.1968240000132937 1.00000761449337e-06
0.19853900000452995 0.0049109999963548034
0.19853900000452995 1.00000761449337e-06
0.19773099999292754 0.004737999988719821
0.19773099999292754 1.00000761449337e-06
0.1977269999915734 0.004514000000199303
0.1977269999915734 0.0
0.19309799998882227 0.004665999993449077
0.19309799998882227 1.00000761449337e-06
0.19656700000632554 0.004591999982949346
0.19656700000632554 1.00000761449337e-06
0.19701000000350177 0.004562000016449019
0.19701000000350177 1.00000761449337e-06
0.1915679999801796 0.004748999985167757
0.1915679999801796 0.0
0.18913899999461137 0.004574999999022111
0.18913899999461137 0.0
0.18886600001133047 0.004723999998532236
0.18886600001133047 0.0
0.19797499998821877 0.004899999999906868
0.19797499998821877 0.0
0.1860410000081174 0.004653999989386648
0.1860410000081174 0.0
0.18350999997346662 0.004585000016959384
0.18350999997346662 0.0
0.18874499999219552 0.004541000002063811
0.18874499999219552 0.0
0.19473099999595433 0.004545000003417954
0.19473099999595433 9.999785106629133e-07
0.19727199999033473 0.005008999985875562
0.19727199999033473 1.00000761449337e-06
0.18368099999497645 0.0045399999944493175
0.18368099999497645 0.0
0.18076400001882575 0.0046820000279694796
0.18076400001882575 0.0
0.20017100000404753 0.004776999994646758
0.20017100000404753 0.0
0.19521599999279715 0.004479999974137172
0.19521599999279715 0.0
0.19698000000789762 0.004733000008855015
0.19698000000789762 0.0
0.18651599998702295 0.004768000013427809
0.18651599998702295 1.00000761449337e-06
0.17686000000685453 0.0041179999825544655
0.17686000000685453 0.0
0.1763599999831058 0.004829000012250617
0.1763599999831058 1.00000761449337e-06
0.19381399999838322 0.00498699999297969
0.19381399999838322 0.0
0.20105400000466034 0.004729999986011535
0.20105400000466034 1.00000761449337e-06
0.20048199998564087 0.004881000000750646
0.20048199998564087 0.0
0.18739899998763576 0.004465999983949587
0.18739899998763576 1.00000761449337e-06
0.2008569999889005 0.004825999989407137
0.2008569999889005 0.0
0.19716100001824088 0.011593000002903864
0.19716100001824088 1.00000761449337e-06
0.17585200001485646 0.004876999999396503
0.17585200001485646 0.0
0.1974239999835845 0.004650999995646998
0.1974239999835845 1.00000761449337e-06
0.20355299999937415 0.004461000004084781
0.20355299999937415 0.0
0.19430000000284053 0.0047469999990426
0.19430000000284053 9.999785106629133e-07
0.201535000000149 0.0049230000004172325
0.201535000000149 1.00000761449337e-06
0.20372600000700913 0.00483300001360476
0.20372600000700913 9.999785106629133e-07
0.19929799999226816 0.004870999982813373
0.19929799999226816 9.999785106629133e-07
0.20383700000820681 0.00466999999480322
0.20383700000820681 1.00000761449337e-06
0.19693599999300204 0.0043249999871477485
0.19693599999300204 0.0
0.19048400002066046 0.0038330000243149698
0.19048400002066046 0.0
0.16421099999570288 0.0037810000067111105
0.16421099999570288 9.999785106629133e-07
0.16678200001479127 0.003716000006534159
0.16678200001479127 9.999785106629133e-07
0.20113000000128523 0.004941999999573454
0.20113000000128523 1.00000761449337e-06
0.18428999997559004 0.004921000014292076
0.18428999997559004 0.0
0.20522400000481866 0.011747999989893287
0.20522400000481866 0.0
0.20914799999445677 0.005409000004874542
0.20914799999445677 0.0
0.20720999999321066 0.005019000003812835
0.20720999999321066 0.0
0.20778500000596978 0.0050360000168439
0.20778500000596978 9.999785106629133e-07
0.2149830000125803 0.004779000009875745
0.2149830000125803 0.0
0.1964000000152737 0.0049279999802820385
0.1964000000152737 1.00000761449337e-06
0.21423900002264418 0.004987000022083521
0.21423900002264418 1.00000761449337e-06
0.21074000000953674 0.004956999997375533
0.21074000000953674 1.00000761449337e-06
0.2143530000175815 0.0046359999978449196
0.2143530000175815 0.0
0.21305399999255314 0.004997999989427626
0.21305399999255314 0.0
0.21374600002309307 0.005132999998750165
0.21374600002309307 0.0
0.21231500001158565 0.004933999996865168
0.21231500001158565 0.0
0.2114630000141915 0.00515299997641705
0.2114630000141915 1.00000761449337e-06
0.19926999998278916 0.004929000017000362
0.19926999998278916 0.0
0.2045769999967888 0.0049610000278335065
0.2045769999967888 0.0
0.1566949999833014 0.0036339999933261424
0.1566949999833014 0.0
0.19809499999973923 0.0050370000244583935
0.19809499999973923 0.0
0.20515999998315237 0.004890000011073425
0.20515999998315237 0.0
0.2061939999985043 0.00495000000228174
0.2061939999985043 0.0
0.2059949999966193 0.004853999998886138
0.2059949999966193 9.999785106629133e-07
0.15894100000150502 0.003515999997034669
0.15894100000150502 0.0
0.20667600000160746 0.004985000006854534
0.20667600000160746 1.00000761449337e-06
0.20392100000754 0.004602000000886619
0.20392100000754 1.00000761449337e-06
0.2134090000181459 0.005105999996885657
0.2134090000181459 1.00000761449337e-06
0.21167700001387857 0.00515599999926053
0.21167700001387857 0.0
0.2107370000157971 0.005141000001458451
0.2107370000157971 9.999785106629133e-07
0.2077409999910742 0.005090999999083579
0.2077409999910742 0.0
0.20465100000728853 0.005329999985406175
0.20465100000728853 9.999785106629133e-07
0.2119539999985136 0.0051099999982398
0.2119539999985136 0.0
0.20587899998645298 0.005063000018708408
0.20587899998645298 1.00000761449337e-06
0.1588999999803491 0.0037810000067111105
0.1588999999803491 0.0
0.15965699998196214 0.003620000003138557
0.15965699998196214 0.0
0.1585239999985788 0.0036309999995864928
0.1585239999985788 0.0
0.1608249999990221 0.003965000010794029
0.1608249999990221 0.0
0.15979600002174266 0.0035980000102426857
0.15979600002174266 1.00000761449337e-06
0.1619150000042282 0.008790000021690503
0.1619150000042282 1.00000761449337e-06
0.1613669999933336 0.0038170000188983977
0.1613669999933336 1.00000761449337e-06
0.1620169999951031 0.0037660000089090317
0.1620169999951031 1.00000761449337e-06
0.16099500001291744 0.0037529999972321093
0.16099500001291744 0.0
0.16085800001746975 0.0037930000107735395
0.16085800001746975 0.0
0.162146999995457 0.003741999971680343
0.162146999995457 0.0
0.17398900000262074 0.0038010000134818256
0.17398900000262074 1.00000761449337e-06
0.1969389999867417 0.0038979999953880906
0.1969389999867417 9.999785106629133e-07
0.20037400000728667 0.005218999984208494
0.20037400000728667 1.00000761449337e-06
0.20180599999730475 0.004170000000158325
0.20180599999730475 0.0
0.20244299998739734 0.005522999999811873
0.20244299998739734 9.999785106629133e-07
0.21862600001622923 0.005188000010093674
0.21862600001622923 1.00000761449337e-06
0.2175159999751486 0.00519900000654161
0.2175159999751486 0.0
0.22028000000864267 0.005329999985406175
0.22028000000864267 0.0
0.20986699999775738 0.00435299999662675
0.20986699999775738 0.0
0.2236620000039693 0.012583000003360212
0.2236620000039693 1.00000761449337e-06
0.22350100000039674 0.012478999997256324
0.22350100000039674 1.00000761449337e-06
0.22318800000357442 0.00508200001786463
0.22318800000357442 0.0
0.22232600001734681 0.0055170000123325735
0.22232600001734681 1.00000761449337e-06
0.20572399999946356 0.005031000007875264
0.20572399999946356 0.0
0.23042200002237223 0.012953000026755035
0.23042200002237223 9.999785106629133e-07
0.21999300000607036 0.0056269999768119305
0.21999300000607036 9.999785106629133e-07
0.21426499998779036 0.00548200000775978
0.21426499998779036 1.00000761449337e-06
0.22726700000930578 0.005166999995708466
0.22726700000930578 0.0
0.21994999999878928 0.005468999996082857
0.21994999999878928 1.00000761449337e-06
0.17528799999854527 0.004158999974606559
0.17528799999854527 0.0
0.17379200001596473 0.00407300001825206
0.17379200001596473 1.00000761449337e-06
0.1725739999965299 0.0039659999893046916
0.1725739999965299 0.0
0.17470099998172373 0.004022999986773357
0.17470099998172373 0.0
0.17318699997849762 0.0040840000146999955
0.17318699997849762 1.00000761449337e-06
0.1761220000043977 0.004185000027064234
0.1761220000043977 9.999785106629133e-07
0.17571300000417978 0.003979000000981614
0.17571300000417978 1.00000761449337e-06
0.1742169999924954 0.0040929999959189445
0.1742169999924954 9.999785106629133e-07
0.2215439999999944 0.005428000004030764
0.2215439999999944 0.0
0.22277000002213754 0.005227999994531274
0.22277000002213754 0.0
0.23344700000598095 0.012305999989621341
0.23344700000598095 0.0
0.23388400001567788 0.0056730000069364905
0.23388400001567788 1.00000761449337e-06
0.23409800001536496 0.005644999997457489
0.23409800001536496 0.0
0.2287099999957718 0.005709999997634441
0.2287099999957718 1.00000761449337e-06
0.23251699999673292 0.005570999986957759
0.23251699999673292 0.0
0.22826000000350177 0.00539899998693727
0.22826000000350177 0.0
0.22486099999514408 0.005463000008603558
0.22486099999514408 9.999785106629133e-07
0.20799200001056306 0.005472999997437
0.20799200001056306 1.00000761449337e-06
0.2369790000084322 0.00547600002028048
0.2369790000084322 0.0
0.22782899998128414 0.005338999995728955
0.22782899998128414 0.0
0.2342519999947399 0.0058759999810718
0.2342519999947399 0.0
0.23370799998519942 0.005806000001030043
0.23370799998519942 1.00000761449337e-06
0.23206900001969188 0.005575000017415732
0.23206900001969188 1.00000761449337e-06
0.21088500000769272 0.005617999995592982
0.21088500000769272 1.00000761449337e-06
0.23499299999093637 0.0058359999966342
0.23499299999093637 0.0
0.23337000000174157 0.013556999998399988
0.23337000000174157 0.0
0.2457460000005085 0.005946999997831881
0.2457460000005085 1.00000761449337e-06
0.21174800000153482 0.005483000015374273
0.21174800000153482 9.999785106629133e-07
0.2291609999956563 0.006033999990904704
0.2291609999956563 1.00000761449337e-06
0.22031800000695512 0.004235000000335276
0.22031800000695512 0.0
0.23256099998252466 0.005704000010155141
0.23256099998252466 0.0
0.2380940000002738 0.005743999994592741
0.2380940000002738 1.00000761449337e-06
0.24011900002369657 0.005674000014550984
0.24011900002369657 0.0
0.23248100001364946 0.0056730000069364905
0.23248100001364946 1.3999990187585354e-05
0.23326300000189804 0.004967000015312806
0.23326300000189804 0.0
0.24197600001934916 0.006167999992612749
0.24197600001934916 1.00000761449337e-06
0.24295000001438893 0.0056650000042282045
0.24295000001438893 1.00000761449337e-06
0.24678500002482906 0.006015999999362975
0.24678500002482906 9.999785106629133e-07
0.23155900000710972 0.005897000024560839
0.23155900000710972 0.0
0.2341489999962505 0.005937000008998439
0.2341489999962505 0.0
0.18734800000675023 0.01035499997669831
0.18734800000675023 0.0
0.18712899999809451 0.004497999994782731
0.18712899999809451 9.999785106629133e-07
0.1876779999874998 0.004300000000512227
0.1876779999874998 0.0
0.18616700000711717 0.004362000006949529
0.18616700000711717 0.0
0.240669999999227 0.005898000003071502
0.240669999999227 9.999785106629133e-07
0.1893160000036005 0.004422999976668507
0.1893160000036005 0.0
0.188890999997966 0.0043209999857936054
0.188890999997966 0.0
0.2442610000143759 0.005443000001832843
0.2442610000143759 1.00000761449337e-06
0.23136500001419336 0.006071000010706484
0.23136500001419336 0.0
0.19223700001020916 0.005118999979458749
0.19223700001020916 1.00000761449337e-06
0.1896699999924749 0.004419000004418194
0.1896699999924749 0.0
0.1893829999899026 0.004435000009834766
0.1893829999899026 0.0
0.19128600001567975 0.004529999976512045
0.19128600001567975 0.0
0.18989000000874512 0.004370999988168478
0.18989000000874512 0.0
0.18943399999989197 0.0043200000072829425
0.18943399999989197 1.00000761449337e-06
0.188691999996081 0.004282999987481162
0.188691999996081 1.00000761449337e-06
0.18959300001733936 0.004591999982949346
0.18959300001733936 1.00000761449337e-06
0.19031500001437962 0.005080999981146306
0.19031500001437962 0.0
0.189457999978913 0.004381999984616414
0.189457999978913 0.0
0.1889929999888409 0.004565000010188669
0.1889929999888409 0.0
0.19221700000343844 0.010447999986354262
0.19221700000343844 1.00000761449337e-06
0.1955080000043381 0.004764000012073666
0.1955080000043381 0.0
0.1934049999981653 0.004698000004282221
0.1934049999981653 1.00000761449337e-06
0.19160099999862723 0.004438000003574416
0.19160099999862723 1.00000761449337e-06
0.19331299999612384 0.004473999986657873
0.19331299999612384 0.0
0.1910959999950137 0.004727999999886379
0.1910959999950137 0.0
0.19162800000049174 0.004514000000199303
0.19162800000049174 0.0
0.1927129999967292 0.0044760000018868595
0.1927129999967292 0.0
0.2001379999855999 0.004680000012740493
0.2001379999855999 0.0
0.19108699998469092 0.004534000006970018
0.19108699998469092 0.0
0.19316100000287406 0.004744000005302951
0.19316100000287406 1.00000761449337e-06
0.19324600000982173 0.004578000021865591
0.19324600000982173 9.999785106629133e-07
0.19374600000446662 0.0046279999951366335
0.19374600000446662 0.0
0.19419700000435114 0.004625000001396984
0.19419700000435114 0.0
0.19529400000465102 0.0046870000078342855
0.19529400000465102 9.999785106629133e-07
0.19669800001429394 0.010712999996030703
0.19669800001429394 0.0
0.19555100001161918 0.004707000014605001
0.19555100001161918 1.00000761449337e-06
0.19735600001877174 0.004600000014761463
0.19735600001877174 0.0
0.19673900000634603 0.004584999987855554
0.19673900000634603 0.0
0.19629399999394082 0.004641000006813556
0.19629399999394082 1.00000761449337e-06
0.1988730000157375 0.004576000006636605
0.1988730000157375 0.0
0.19585099999676459 0.004580999986501411
0.19585099999676459 1.00000761449337e-06
0.196377999993274 0.004626000009011477
0.196377999993274 9.999785106629133e-07
0.19532499997876585 0.004727999999886379
0.19532499997876585 0.0
0.19765600000391714 0.005067999998573214
0.19765600000391714 0.0
0.1980209999892395 0.004719999997178093
0.1980209999892395 9.999785106629133e-07
0.19974599999841303 0.004604999994626269
0.19974599999841303 1.00000761449337e-06
0.20929600001545623 0.0044800000032410026
0.20929600001545623 0.0
0.19842199998674914 0.004557999985991046
0.19842199998674914 1.00000761449337e-06
0.20074599998770282 0.004576000006636605
0.20074599998770282 0.0
0.2010199999785982 0.010914000013144687
0.2010199999785982 1.00000761449337e-06
0.19949599998653866 0.0049909999943338335
0.19949599998653866 0.0
0.20248999999603257 0.004778000002261251
0.20248999999603257 9.999785106629133e-07
0.20415800000773743 0.004602000000886619
0.20415800000773743 0.0
0.20311400000355206 0.004786000004969537
0.20311400000355206 0.0
0.20279199999640696 0.004837999993469566
0.20279199999640696 0.0
0.20402000000467524 0.0046959999890532345
0.20402000000467524 0.0
0.20582100001047365 0.005030999978771433
0.20582100001047365 0.0
0.20478400000138208 0.004722999990917742
0.20478400000138208 1.00000761449337e-06
0.20650400000158697 0.004693000024417415
0.20650400000158697 1.00000761449337e-06
0.20277900001383387 0.004700000019511208
0.20277900001383387 0.0
0.19806000002427027 0.0046449999790638685
0.19806000002427027 0.0
0.2495700000145007 0.006543000024976209
0.2495700000145007 1.00000761449337e-06
0.2553429999970831 0.006229999999050051
0.2553429999970831 0.0
0.2442890000238549 0.006076999998185784
0.2442890000238549 1.00000761449337e-06
0.2604390000051353 0.0061200000054668635
0.2604390000051353 0.0
0.2600209999945946 0.005891999986488372
0.2600209999945946 0.0
0.26222899998538196 0.0062840000027790666
0.26222899998538196 0.0
0.2626030000101309 0.006108999979915097
0.2626030000101309 1.00000761449337e-06
0.2560749999829568 0.006193000008352101
0.2560749999829568 0.0
0.24969500000588596 0.006345000001601875
0.24969500000588596 0.0
0.2540070000104606 0.00631599998450838
0.2540070000104606 1.00000761449337e-06
0.25353799998993054 0.004774000000907108
0.25353799998993054 0.0
0.25713400001404807 0.006154000002425164
0.25713400001404807 1.00000761449337e-06
0.26663700002245605 0.006140000012237579
0.26663700002245605 1.00000761449337e-06
0.25383999999030493 0.006393999996362254
0.25383999999030493 9.999785106629133e-07
0.2001450000097975 0.004604999994626269
0.2001450000097975 0.0
0.19907800000510179 0.004657999990740791
0.19907800000510179 1.00000761449337e-06
0.19912299999850802 0.004573999991407618
0.19912299999850802 1.00000761449337e-06
0.203776000009384 0.00487000000430271
0.203776000009384 0.0
0.20116900000721216 0.004491999978199601
0.20116900000721216 1.00000761449337e-06
0.2536380000237841 0.0062590000161435455
0.2536380000237841 1.3999990187585354e-05
0.2659659999771975 0.006009000004269183
0.2659659999771975 0.0
0.2666589999862481 0.006315000005997717
0.2666589999862481 1.00000761449337e-06
0.24081200000364333 0.005421000008936971
0.24081200000364333 1.00000761449337e-06
0.2696439999854192 0.006712000002153218
0.2696439999854192 1.00000761449337e-06
0.25966699997661635 0.006424999999580905
0.25966699997661635 1.00000761449337e-06
0.26857899999595247 0.006392000010237098
0.26857899999595247 0.0
0.2684400000143796 0.00628199998755008
0.2684400000143796 0.0
0.2612200000148732 0.004808000026969239
0.2612200000148732 9.999785106629133e-07
0.2748049999936484 0.006538000016007572
0.2748049999936484 0.0
0.2690300000249408 0.006104000000050291
0.2690300000249408 0.0
0.2678569999989122 0.014857000001939014
0.2678569999989122 0.0
0.2669060000043828 0.006300000008195639
0.2669060000043828 1.00000761449337e-06
0.2678390000073705 0.006380000006174669
0.2678390000073705 1.00000761449337e-06
0.27148500000475906 0.006565999996382743
0.27148500000475906 1.00000761449337e-06
0.27225300000282004 0.006454999995185062
0.27225300000282004 1.00000761449337e-06
0.27541100000962615 0.006395000003976747
0.27541100000962615 0.0
0.26200199997401796 0.006301000015810132
0.26200199997401796 1.00000761449337e-06
0.27698800002690405 0.006350999989081174
0.27698800002690405 0.0
0.27453399999649264 0.006453000009059906
0.27453399999649264 1.00000761449337e-06
0.26692299998831004 0.006393999996362254
0.26692299998831004 0.0
0.2646539999986999 0.006514000007882714
0.2646539999986999 0.0
0.27164199997787364 0.006461000011768192
0.27164199997787364 0.0
0.27032100001815706 0.006506000005174428
0.27032100001815706 1.00000761449337e-06
0.20739100000355393 0.004830999998375773
0.20739100000355393 0.0
0.20851799999945797 0.004763999982969835
0.20851799999945797 9.999785106629133e-07
0.2657420000177808 0.006179999996675178
0.2657420000177808 0.0
0.2501629999896977 0.00660200000857003
0.2501629999896977 0.0
0.2693530000105966 0.00645100002293475
0.2693530000105966 9.999785106629133e-07
0.2729939999990165 0.006656999990809709
0.2729939999990165 0.0
0.27806699997745454 0.006534000014653429
0.27806699997745454 0.0
0.27709499999764375 0.006406999978935346
0.27709499999764375 0.0
0.2603860000090208 0.006380999984685332
0.2603860000090208 0.0
0.2708509999793023 0.006640000006882474
0.2708509999793023 0.0
0.2778740000212565 0.006456000002799556
0.2778740000212565 1.00000761449337e-06
0.2773779999988619 0.0063649999792687595
0.2773779999988619 9.999785106629133e-07
0.27796100001432933 0.006556000007549301
0.27796100001432933 9.999785106629133e-07
0.2683719999913592 0.0064319999946746975
0.2683719999913592 0.0
0.27004399997531436 0.006357000005664304
0.27004399997531436 0.0
0.2614200000243727 0.01553900001454167
0.2614200000243727 9.999785106629133e-07
0.26847799998358823 0.01592700000037439
0.26847799998358823 0.0
0.21513399999821559 0.005140000022947788
0.21513399999821559 0.0
0.2753099999972619 0.006873000005725771
0.2753099999972619 9.999785106629133e-07
0.2765110000036657 0.006618999992497265
0.2765110000036657 1.00000761449337e-06
0.27726399997482076 0.006506000005174428
0.27726399997482076 0.0
0.27054699999280274 0.006828999990830198
0.27054699999280274 0.0
0.2802969999902416 0.0066019999794662
0.2802969999902416 0.0
0.28411400000914 0.006695000018225983
0.28411400000914 0.0
0.28035399998771027 0.006884000002173707
0.28035399998771027 1.00000761449337e-06
0.2875380000041332 0.006613999983528629
0.2875380000041332 0.0
0.2806490000220947 0.00684800001909025
0.2806490000220947 0.0
0.28722200001357123 0.006617999984882772
0.28722200001357123 1.00000761449337e-06
0.28111700000590645 0.006913999997777864
0.28111700000590645 0.0
0.27772600000025705 0.005339000024832785
0.27772600000025705 1.00000761449337e-06
0.2883940000028815 0.01587400000425987
0.2883940000028815 0.0
0.2687689999875147 0.0072499999951105565
0.2687689999875147 9.999785106629133e-07
0.2811119999969378 0.006977999990340322
0.2811119999969378 0.0
0.28719099998124875 0.006980000005569309
0.28719099998124875 1.00000761449337e-06
0.28743200001190417 0.006851999991340563
0.28743200001190417 0.0
0.2882670000253711 0.00669100001687184
0.2882670000253711 9.999785106629133e-07
0.2539239999896381 0.00530999997863546
0.2539239999896381 0.0
0.23616999998921528 0.006986000022152439
0.23616999998921528 0.0
0.28686500000185333 0.006900999986100942
0.28686500000185333 0.0
0.2867639999894891 0.0068510000128299
0.2867639999894891 9.999785106629133e-07
0.23268399998778477 0.005421000008936971
0.23268399998778477 1.00000761449337e-06
0.2600760000059381 0.007283999992068857
0.2600760000059381 0.0
0.280629000015324 0.007249000016599894
0.280629000015324 0.0
0.26799699998809956 0.007041000004392117
0.26799699998809956 0.0
0.2914640000090003 0.006129999994300306
0.2914640000090003 0.0
0.29029100001207553 0.016027000005124137
0.29029100001207553 0.0
0.28525400001672097 0.0072539999964646995
0.28525400001672097 1.00000761449337e-06
0.2823740000021644 0.007076999987475574
0.2823740000021644 0.0
0.29748700000345707 0.0070349999878089875
0.29748700000345707 1.3999990187585354e-05
0.29361299998709 0.006836000015027821
0.29361299998709 0.0
0.2959350000019185 0.007513000018661842
0.2959350000019185 1.00000761449337e-06
0.2954899999895133 0.007087000005412847
0.2954899999895133 0.0
0.2972859999863431 0.007156999985454604
0.2972859999863431 0.0
0.3004380000056699 0.0071020000032149255
0.3004380000056699 0.0
0.2936580000096001 0.0065799999865703285
0.2936580000096001 0.0
0.2298119999759365 0.012214000016683713
0.2298119999759365 0.0
0.23553800000809133 0.005416999978478998
0.23553800000809133 0.0
0.2890170000027865 0.0068700000119861215
0.2890170000027865 0.0
0.2847380000166595 0.0068540000065695494
0.2847380000166595 0.0
0.291715999977896 0.006843999988632277
0.291715999977896 0.0
0.2843939999875147 0.006695999996736646
0.2843939999875147 1.00000761449337e-06
0.2989370000141207 0.006909000017913058
0.2989370000141207 0.0
0.29309799999464303 0.005239999998593703
0.29309799999464303 9.999785106629133e-07
0.28421899999375455 0.0072539999964646995
0.28421899999375455 1.00000761449337e-06
0.2948259999975562 0.0068069999979343265
0.2948259999975562 1.00000761449337e-06
0.302097000007052 0.007232999982079491
0.302097000007052 9.999785106629133e-07
0.30204099998809397 0.007234999997308478
0.30204099998809397 0.0
0.29933000000892207 0.006656999990809709
0.29933000000892207 0.0
0.2908459999889601 0.006202999997185543
0.2908459999889601 0.0
0.2804350000224076 0.007314000016776845
0.2804350000224076 0.0
0.2861749999865424 0.007184999994933605
0.2861749999865424 0.0
0.2927639999834355 0.00700199999846518
0.2927639999834355 1.00000761449337e-06
0.29199700002209283 0.005485000001499429
0.29199700002209283 0.0
0.29796100000385195 0.006736000010278076
0.29796100000385195 0.0
0.29873599999700673 0.006293000013101846
0.29873599999700673 9.999785106629133e-07
0.30127100000390783 0.0071229999884963036
0.30127100000390783 0.0
0.30299500000546686 0.007647000020369887
0.30299500000546686 9.999785106629133e-07
0.3023399999947287 0.00736499999766238
0.3023399999947287 1.00000761449337e-06
0.30053100001532584 0.007406999997328967
0.30053100001532584 1.00000761449337e-06
0.2929989999975078 0.006751999986590818
0.2929989999975078 9.999785106629133e-07
0.28730200001155026 0.0072539999964646995
0.28730200001155026 0.0
0.2942709999915678 0.006434000009903684
0.2942709999915678 9.999785106629133e-07
0.30530899998848327 0.0071530000132042915
0.30530899998848327 9.999785106629133e-07
0.29630300001008436 0.0072920000238809735
0.29630300001008436 0.0
0.3036699999938719 0.007322999997995794
0.3036699999938719 1.00000761449337e-06
0.3064050000102725 0.0073880000272765756
0.3064050000102725 1.400001929141581e-05
0.30429699999513105 0.007488999981433153
0.30429699999513105 1.00000761449337e-06
0.30716100000427105 0.005485999980010092
0.30716100000427105 1.00000761449337e-06
0.29346600000280887 0.007494999998016283
0.29346600000280887 9.999785106629133e-07
0.28899400000227615 0.007496000005630776
0.28899400000227615 0.0
0.30529100002604537 0.01699699999880977
0.30529100002604537 0.0
0.3039310000021942 0.007199000014225021
0.3039310000021942 1.00000761449337e-06
0.3092490000126418 0.007318999996641651
0.3092490000126418 0.0
0.3038209999795072 0.007003000006079674
0.3038209999795072 0.0
0.29306300001917407 0.006880000000819564
0.29306300001917407 1.00000761449337e-06
0.23528900000383146 0.005178999999770895
0.23528900000383146 9.999785106629133e-07
0.3008339999942109 0.007452999998349696
0.3008339999942109 1.00000761449337e-06
0.30499399997643195 0.007252000010339543
0.30499399997643195 0.0
0.3072319999919273 0.007125999982235953
0.3072319999919273 0.0
0.3018080000183545 0.007423000002745539
0.3018080000183545 9.999785106629133e-07
0.311956999998074 0.007530000002589077
0.311956999998074 0.0
0.3003669999889098 0.0073130000091623515
0.3003669999889098 0.0
0.2999030000064522 0.006101999984821305
0.2999030000064522 0.0
0.30727800002205186 0.0074560000211931765
0.30727800002205186 0.0
0.31797000000369735 0.01792600000044331
0.31797000000369735 0.0
0.31977900001220405 0.01625299997976981
0.31977900001220405 1.00000761449337e-06
0.30355700000654906 0.007224000000860542
0.30355700000654906 9.999785106629133e-07
0.31631100000231527 0.007655000023078173
0.31631100000231527 1.00000761449337e-06
0.3122410000069067 0.007631999993463978
0.3122410000069067 0.0
0.31837299998733215 0.007358000002568588
0.31837299998733215 0.0
0.2420280000078492 0.00550999998813495
0.2420280000078492 1.00000761449337e-06
0.24318800002220087 0.005961000017123297
0.24318800002220087 0.0
0.2385880000074394 0.005522999999811873
0.2385880000074394 0.0
0.24052300001494586 0.005566000007092953
0.24052300001494586 1.00000761449337e-06
0.23777000000700355 0.005422000016551465
0.23777000000700355 1.00000761449337e-06
0.23787899999297224 0.0055469999788329005
0.23787899999297224 0.0
0.2963659999950323 0.0064359999960288405
0.2963659999950323 1.00000761449337e-06
0.3115209999959916 0.007701000024098903
0.3115209999959916 0.0
0.299881999992067 0.007703999988734722
0.299881999992067 0.0
0.30205699999351054 0.007387999998172745
0.30205699999351054 9.999785106629133e-07
0.30686000001151115 0.007506000023568049
0.30686000001151115 0.0
0.305497999972431 0.007110000005923212
0.305497999972431 0.0
0.31272200000239536 0.007618000003276393
0.31272200000239536 0.0
0.27251500001875684 0.005826000007800758
0.27251500001875684 0.0
0.2697359999874607 0.0075360000191722065
0.2697359999874607 0.0
0.31053100002463907 0.007382999989204109
0.31053100002463907 1.00000761449337e-06
0.30282499999157153 0.007144999981392175
0.30282499999157153 0.0
0.2906279999879189 0.0076800000097136945
0.2906279999879189 0.0
0.30594799999380484 0.007574999995995313
0.30594799999380484 0.0
0.31476899998961017 0.006819000001996756
0.31476899998961017 0.0
0.31484599999384955 0.007320999982766807
0.31484599999384955 1.00000761449337e-06
0.30749800000921823 0.007409000012557954
0.30749800000921823 0.0
0.29828099999576807 0.007280000019818544
0.29828099999576807 1.00000761449337e-06
0.3158170000242535 0.007059000025037676
0.3158170000242535 0.0
0.29723999998532236 0.0072579999978188425
0.29723999998532236 1.00000761449337e-06
0.2861120000015944 0.006910999974934384
0.2861120000015944 9.999785106629133e-07
0.30346799999824725 0.007544000021880493
0.30346799999824725 0.0
0.313518999988446 0.007549999980255961
0.313518999988446 9.999785106629133e-07
0.3002109999943059 0.0074269999749958515
0.3002109999943059 1.00000761449337e-06
0.31710000001476146 0.007559999998193234
0.31710000001476146 1.00000761449337e-06
0.3086110000149347 0.007308000000193715
0.3086110000149347 0.0
0.3152180000033695 0.007366999983787537
0.3152180000033695 0.0
0.31464699999196455 0.007344999990891665
0.31464699999196455 1.00000761449337e-06
0.30810500000370666 0.0076849999895785
0.30810500000370666 0.0
0.3068630000052508 0.0073930000071413815
0.3068630000052508 9.999785106629133e-07
0.31254600000102073 0.007615000009536743
0.31254600000102073 0.0
0.3145749999966938 0.007608999992953613
0.3145749999966938 1.00000761449337e-06
0.31377199999406 0.007740000000922009
0.31377199999406 0.0
0.3226569999824278 0.007903999998234212
0.3226569999824278 0.0
0.3125430000072811 0.007559999998193234
0.3125430000072811 1.00000761449337e-06
0.31137899999157526 0.0073970000084955245
0.31137899999157526 0.0
0.3199109999986831 0.007467999996151775
0.3199109999986831 1.00000761449337e-06
0.31737500001327135 0.007496000005630776
0.31737500001327135 0.0
0.29955200001131743 0.007407000026432797
0.29955200001131743 0.0
0.31706500001018867 0.007286999985808507
0.31706500001018867 1.00000761449337e-06
0.314371000014944 0.007592999987537041
0.314371000014944 1.00000761449337e-06
0.31503800000064075 0.007516999990912154
0.31503800000064075 0.0
0.31177800000295974 0.0071860000025480986
0.31177800000295974 9.999785106629133e-07
0.3047939999960363 0.007228000002214685
0.3047939999960363 0.0
0.3053780000191182 0.007511000003432855
0.3053780000191182 0.0
0.30949000001419336 0.005583999998634681
0.30949000001419336 0.0
0.309268000011798 0.007332999986829236
0.309268000011798 0.0
0.3101089999836404 0.007673999993130565
0.3101089999836404 0.0
0.304640999995172 0.00741100002778694
0.304640999995172 0.0
0.31210399998235516 0.007595000002766028
0.31210399998235516 0.0
0.3116229999868665 0.0070429999905172735
0.3116229999868665 1.00000761449337e-06
0.3123849999974482 0.007230999995954335
0.3123849999974482 0.0
0.29807799999252893 0.007721000001765788
0.29807799999252893 0.0
0.31214200000977144 0.007597000017995015
0.31214200000977144 0.0
0.3112679999903776 0.007406999997328967
0.3112679999903776 9.999785106629133e-07
0.3166940000082832 0.007698000001255423
0.3166940000082832 1.00000761449337e-06
0.3086310000217054 0.007290000008651987
0.3086310000217054 0.0
0.31654500000877306 0.007274000003235415
0.31654500000877306 0.0
0.3158699999912642 0.007669000013265759
0.3158699999912642 0.0
0.318680000025779 0.007578000018838793
0.318680000025779 0.0
0.2734000000054948 0.007168999989517033
0.2734000000054948 9.999785106629133e-07
0.3034709999919869 0.00712500000372529
0.3034709999919869 0.0
0.3152659999905154 0.007581999991089106
0.3152659999905154 1.00000761449337e-06
0.317204999999376 0.007323999976506457
0.317204999999376 0.0
0.3080339999869466 0.007383999996818602
0.3080339999869466 1.00000761449337e-06
0.3019300000160001 0.005557000025874004
0.3019300000160001 0.0
0.2872880000213627 0.006898999999975786
0.2872880000213627 0.0
0.3104379999858793 0.007332999986829236
0.3104379999858793 1.00000761449337e-06
0.3156920000037644 0.0071869999810587615
0.3156920000037644 1.00000761449337e-06
0.3090760000050068 0.006973000010475516
0.3090760000050068 0.0
0.23950500000501052 0.005360999988624826
0.23950500000501052 1.00000761449337e-06
0.23877100000390783 0.005456000013509765
0.23877100000390783 0.0
0.23765100000309758 0.0055800000263843685
0.23765100000309758 0.0
0.24001599999610335 0.005499999999301508
0.24001599999610335 1.00000761449337e-06
0.2392859999963548 0.005629999999655411
0.2392859999963548 0.0
0.3114610000047833 0.007735999999567866
0.3114610000047833 1.00000761449337e-06
0.23886700000730343 0.005494999990332872
0.23886700000730343 0.0
0.23679399999673478 0.005472000018926337
0.23679399999673478 0.0
0.24370799999451265 0.005546000000322238
0.24370799999451265 9.999785106629133e-07
0.23842599999625236 0.005531999981030822
0.23842599999625236 1.00000761449337e-06
0.2403409999969881 0.00608200000715442
0.2403409999969881 1.00000761449337e-06
0.24130299998796545 0.005494999990332872
0.24130299998796545 0.0
0.31345100002363324 0.007349000021349639
0.31345100002363324 0.0
0.31043299997691065 0.007136000000173226
0.31043299997691065 0.0
0.31694900000002235 0.007307000021683052
0.31694900000002235 0.0
0.23928199999500066 0.005616000009467825
0.23928199999500066 9.999785106629133e-07
0.30880999998771586 0.007726999989245087
0.30880999998771586 0.0
0.24461599998176098 0.0058250000001862645
0.24461599998176098 0.0
0.23957700000028126 0.00551600000471808
0.23957700000028126 1.00000761449337e-06
0.3166049999999814 0.00744499999564141
0.3166049999999814 0.0
0.3016020000213757 0.007845000014640391
0.3016020000213757 9.999785106629133e-07
0.30398100000456907 0.007539999991422519
0.30398100000456907 0.0
0.24089900002582 0.005659999995259568
0.24089900002582 1.00000761449337e-06
0.24032899999292567 0.005735000013373792
0.24032899999292567 9.999785106629133e-07
0.3161530000215862 0.0076209999970160425
0.3161530000215862 1.00000761449337e-06
0.31581299999379553 0.007551999995484948
0.31581299999379553 1.00000761449337e-06
0.24181699997279793 0.00551600000471808
0.24181699997279793 0.0
0.24017299999832176 0.0058759999810718
0.24017299999832176 1.00000761449337e-06
0.30333799999789335 0.007790000003296882
0.30333799999789335 0.0
0.24094599997624755 0.005590999993728474
0.24094599997624755 0.0
0.24181900001713075 0.005410999990999699
0.24181900001713075 0.0
0.23999000000185333 0.005587999999988824
0.23999000000185333 0.0
0.2412309999926947 0.0055930000089574605
0.2412309999926947 0.0
0.2419530000188388 0.005587000021478161
0.2419530000188388 0.0
0.24211299998569302 0.005751999997301027
0.24211299998569302 9.999785106629133e-07
0.24583400000119582 0.006239999987883493
0.24583400000119582 0.0
0.2403430000122171 0.005682999995769933
0.2403430000122171 0.0
0.2408339999965392 0.005666999990353361
0.2408339999965392 0.0
0.24158199998782948 0.00535900000249967
0.24158199998782948 1.00000761449337e-06
0.2375999999931082 0.005581999983405694
0.2375999999931082 0.0
0.24026399999274872 0.005600000004051253
0.24026399999274872 1.00000761449337e-06
0.3011189999815542 0.007585999992443249
0.3011189999815542 0.0
0.23823600000469014 0.005524999985937029
0.23823600000469014 0.0
0.23713399999542162 0.005368999991333112
0.23713399999542162 0.0
0.24008000001776963 0.005376999994041398
0.24008000001776963 1.00000761449337e-06
0.2399710000026971 0.005551000009290874
0.2399710000026971 1.00000761449337e-06
0.2397800000035204 0.005498999991687015
0.2397800000035204 1.00000761449337e-06
0.2878740000014659 0.006533000007038936
0.2878740000014659 0.0
0.3052480000187643 0.008029000018723309
0.3052480000187643 1.00000761449337e-06
0.3027320000110194 0.005391000013332814
0.3027320000110194 0.0
0.2524429999757558 0.005738000007113442
0.2524429999757558 0.0
0.23924799999804236 0.005728999996790662
0.23924799999804236 0.0
0.24398900000960566 0.005923999997321516
0.24398900000960566 1.00000761449337e-06
0.31398899998748675 0.007634000008692965
0.31398899998748675 0.0
0.24132599998847581 0.005682999995769933
0.24132599998847581 0.0
0.24066799998399802 0.005658999987645075
0.24066799998399802 0.0
0.24487099997350015 0.005991000012727454
0.24487099997350015 9.999785106629133e-07
0.24169500000425614 0.01349300000583753
0.24169500000425614 0.0
0.24163299999781884 0.006383999978424981
0.24163299999781884 0.0
0.24537299998337403 0.005621999996947125
0.24537299998337403 0.0
0.3064159999776166 0.008331999997608364
0.3064159999776166 0.0
0.32774999999674037 0.00838900002418086
0.32774999999674037 0.0
0.24744400000781752 0.009824999986449257
0.24744400000781752 0.0
0.24687999999150634 0.006114999996498227
0.24687999999150634 0.0
0.25030600000172853 0.006132000009529293
0.25030600000172853 1.00000761449337e-06
0.2459569999773521 0.006305000017164275
0.2459569999773521 0.0
0.24974999998812564 0.005758000013884157
0.24974999998812564 0.0
0.2472340000094846 0.006177000002935529
0.2472340000094846 1.00000761449337e-06
0.24771700002020225 0.0059560000081546605
0.24771700002020225 0.0
INFO:sc2.protocol:Client status changed to Status.ended (was Status.in_game)
INFO:sc2.protocol:Client status changed to Status.ended (was Status.in_game)
INFO:root:Result for player 2 - Bot(Race.Terran, <bots.maru.q_bot.QBot object at 0x7fea749f0f60>): Defeat
INFO:root:Result for player 1 - Bot(Race.Terran, <bots.Showing_bot.speedBot.MarinBot object at 0x7fea83a48f28>): Victory
INFO:sc2.client:Saved replay to outs/2020-01-17T11-28-03/replays/showing_bot-maru/showing_bot-maru-1.SC2Replay
INFO:sc2.protocol:Client status changed to Status.launched (was Status.ended)
INFO:sc2.protocol:Client status changed to Status.quit (was Status.launched)
INFO:sc2.sc2process:kill_switch: Process cleanup
INFO:sc2.sc2process:Cleaning up...
INFO:sc2.sc2process:Cleanup complete
INFO:sc2.sc2process:Cleaning up...
INFO:sc2.sc2process:Cleanup complete
INFO:sc2.protocol:Cannot receive: Connection already closed.
INFO:sc2.sc2process:kill_switch: Process cleanup
INFO:sc2.sc2process:Cleaning up...
INFO:sc2.sc2process:Cleanup complete
INFO:sc2.sc2process:Cleaning up...
INFO:sc2.sc2process:Cleanup complete


## STDERR ##

Version: B75689 (SC2.4.10)
Build: Aug 12 2019 17:16:57
Command Line: '"/home/hspark8312/StarCraftII/Versions/Base75689/SC2_x64" -listen 127.0.0.1 -port 16300 -displayMode 0 -dataDir /home/hspark8312/StarCraftII -tempDir /tmp/SC2_5uyrc_uy'
Starting up...
Startup Phase 1 complete
Version: B75689 (SC2.4.10)
Build: Aug 12 2019 17:16:57
Command Line: '"/home/hspark8312/StarCraftII/Versions/Base75689/SC2_x64" -listen 127.0.0.1 -port 18044 -displayMode 0 -dataDir /home/hspark8312/StarCraftII -tempDir /tmp/SC2_2r5_vrbi'
Starting up...
Startup Phase 1 complete
Startup Phase 2 complete
Creating stub renderer...
Listening on: 127.0.0.1:16300
Startup Phase 3 complete. Ready for commands.
Startup Phase 2 complete
Creating stub renderer...
ConnectHandler: Request from 127.0.0.1:55022 accepted
ReadyHandler: 127.0.0.1:55022 ready
Requesting to join a multiplayer game
Configuring interface options
Configure: raw interface enabled
Configure: feature layer interface enabled
Configure: score interface enabled
Configure: render interface disabled
Create game with map path: NCFellowship-2019_m1_v6.SC2Map
Listening on: 127.0.0.1:18044
Startup Phase 3 complete. Ready for commands.
ConnectHandler: Request from 127.0.0.1:55024 accepted
ReadyHandler: 127.0.0.1:55024 ready
Requesting to join a multiplayer game
Configuring interface options
Configure: raw interface enabled
Configure: feature layer interface enabled
Configure: score interface enabled
Configure: render interface disabled
Attempting to join a game with the map: NCFellowship-2019_m1_v6.SC2Map
Game has started.
Using default stable ids, none found at: /home/hspark8312/StarCraftII/stableid.json
Successfully loaded stable ids: GameData\stableid.json
Sending ResponseJoinGame
Game has started.
Using default stable ids, none found at: /home/hspark8312/StarCraftII/stableid.json
Successfully loaded stable ids: GameData\stableid.json
Sending ResponseJoinGame
RequestQuit command received.
Closing Application...
CloseHandler: 127.0.0.1:55024 disconnected
Terminate action already called.
/home/hspark8312/anaconda3/envs/sc2/lib/python3.6/importlib/_bootstrap.py:219: RuntimeWarning: numpy.ufunc size changed, may indicate binary incompatibility. Expected 192 from C header, got 216 from PyObject
  return f(*args, **kwds)
/home/hspark8312/anaconda3/envs/sc2/lib/python3.6/importlib/_bootstrap.py:219: RuntimeWarning: numpy.ufunc size changed, may indicate binary incompatibility. Expected 192 from C header, got 216 from PyObject
  return f(*args, **kwds)
/home/hspark8312/anaconda3/envs/sc2/lib/python3.6/site-packages/tensorboard/compat/tensorflow_stub/dtypes.py:541: FutureWarning: Passing (type, 1) or '1type' as a synonym of type is deprecated; in a future version of numpy, it will be understood as (type, (1,)) / '(1,)type'.
  _np_qint8 = np.dtype([("qint8", np.int8, 1)])
/home/hspark8312/anaconda3/envs/sc2/lib/python3.6/site-packages/past/builtins/misc.py:45: DeprecationWarning: the imp module is deprecated in favour of importlib; see the module's documentation for alternative uses
  from imp import reload
/mnt/d/sc2minigame-eval-2020-01-09/bots/Showing_bot/speedBot.py:1643: RuntimeWarning: coroutine 'TerreinManager.debug' was never awaited
  self.terrein_manager.debug()
