## STDOUT ##

[[92mINFO[0m] SC2 4.9.0 용 패치 적용
패치 sc2.ids.ability_id
패치 sc2.game_state
패치 sc2.bot_ai
패치 sc2.client
패치 sc2.controller
패치 sc2.main
INFO:root:Failed to import cuda module: No module named 'caffe2.python.caffe2_pybind11_state_gpu'
INFO:root:Failed to import AMD hip module: No module named 'caffe2.python.caffe2_pybind11_state_hip'
WARNING:root:This caffe2 python run does not have GPU support. Will run in CPU only mode.
cpu
INFO:sc2.protocol:Client status changed to Status.launched (was None)
INFO:sc2.protocol:Client status changed to Status.launched (was None)
INFO:sc2_patch.sc2_patch_490.controller:Creating new game
INFO:sc2_patch.sc2_patch_490.controller:Map:     NCFellowship-2019_m1_v6
INFO:sc2_patch.sc2_patch_490.controller:Players: Bot(Race.Terran, <bots.kinai.test_bot.TestBot object at 0x7ff7790a4198>), Bot(Race.Terran, <bots.Showing_bot.speedBot.MarinBot object at 0x7ff7790a65f8>)
INFO:sc2.protocol:Client status changed to Status.init_game (was Status.launched)
INFO:sc2.protocol:Client status changed to Status.in_game (was None)
INFO:root:Player 2 - Bot(Race.Terran, <bots.Showing_bot.speedBot.MarinBot object at 0x7ff7790a65f8>)
TEST: 2, <bots.Showing_bot.speedBot.MarinBot object at 0x7ff7790a65f8>
load model: bots/Showing_bot/models/model-89.pt
create new model
INFO:sc2.protocol:Client status changed to Status.in_game (was None)
INFO:root:Player 1 - Bot(Race.Terran, <bots.kinai.test_bot.TestBot object at 0x7ff7790a4198>)
TEST: 1, <bots.kinai.test_bot.TestBot object at 0x7ff7790a4198>
0.044655000005150214 0.002674999996088445
0.044655000005150214 9.999785106629133e-07
0.04417099998681806 0.0020349999831523746
0.04417099998681806 0.0
0.04423899998073466 0.001508999994257465
0.04423899998073466 0.0
0.04472199999145232 0.0011389999999664724
0.04472199999145232 0.0
0.04435899999225512 0.001340000017080456
0.04435899999225512 1.00000761449337e-06
0.0444990000105463 0.001112000027205795
0.0444990000105463 0.0
0.04424200000357814 0.0011780000058934093
0.04424200000357814 9.999785106629133e-07
0.044163000013213605 0.0013420000032056123
0.044163000013213605 0.0
0.04423500000848435 0.001113000005716458
0.04423500000848435 0.0
0.04432499999529682 0.001328000013018027
0.04432499999529682 9.999785106629133e-07
0.04439799999818206 0.0011189999931957573
0.04439799999818206 0.0
0.044193999987328425 0.001113000005716458
0.044193999987328425 0.0
0.044335000013234094 0.0011309999972581863
0.044335000013234094 1.00000761449337e-06
0.044408999994629994 0.0011559999838937074
0.044408999994629994 1.00000761449337e-06
0.04693099998985417 0.0031239999807439744
0.04693099998985417 0.0
0.046800000010989606 0.0015399999974761158
0.046800000010989606 0.0
0.04665100001147948 0.0012270000006537884
0.04665100001147948 0.0
0.0479860000195913 0.0012809999752789736
0.0479860000195913 0.0
0.04681300002266653 0.0012509999796748161
0.04681300002266653 0.0
0.047193000005790964 0.0012870000209659338
0.047193000005790964 1.00000761449337e-06
0.05136000001220964 0.0016300000133924186
0.05136000001220964 1.00000761449337e-06
0.0497169999871403 0.001301999989664182
0.0497169999871403 1.00000761449337e-06
0.049949999985983595 0.0012679999927058816
0.049949999985983595 0.0
0.049658000003546476 0.0012639999913517386
0.049658000003546476 0.0
0.04987699998309836 0.0012660000065807253
0.04987699998309836 0.0
0.05040999999619089 0.001273999980185181
0.05040999999619089 1.00000761449337e-06
0.05072699999436736 0.0012879999994765967
0.05072699999436736 1.00000761449337e-06
0.04946499998914078 0.0012719999940600246
0.04946499998914078 1.00000761449337e-06
0.04963199998019263 0.0012670000141952187
0.04963199998019263 1.00000761449337e-06
0.04959800001233816 0.0012989999959245324
0.04959800001233816 1.00000761449337e-06
0.049353000009432435 0.001277000003028661
0.049353000009432435 0.0
0.04711899999529123 0.001432999997632578
0.04711899999529123 9.999785106629133e-07
0.047125999990385026 0.0013179999950807542
0.047125999990385026 1.00000761449337e-06
0.046713000017916784 0.0013029999972786754
0.046713000017916784 0.0
0.04695799999171868 0.0012660000065807253
0.04695799999171868 0.0
0.0492519999970682 0.001260999997612089
0.0492519999970682 0.0
0.049507000017911196 0.0013379999727476388
0.049507000017911196 1.00000761449337e-06
0.050087999989045784 0.0012929999793414026
0.050087999989045784 9.999785106629133e-07
0.04999500000849366 0.001277999981539324
0.04999500000849366 0.0
0.05030199998873286 0.0013069999986328185
0.05030199998873286 9.999785106629133e-07
changed strategy
0.05044000002089888 0.001348000019788742
0.05044000002089888 9.999785106629133e-07
0.051386999984970316 0.0012639999913517386
0.051386999984970316 0.0
0.05045800001244061 0.0012570000253617764
0.05045800001244061 0.0
0.050281999981962144 0.0012580000038724393
0.050281999981962144 0.0
0.05002600001171231 0.0012940000160597265
0.05002600001171231 0.0
0.04976600001100451 0.0012829999905079603
0.04976600001100451 9.999785106629133e-07
0.04949999999371357 0.0012550000101327896
0.04949999999371357 0.0
0.04999100000713952 0.001320000010309741
0.04999100000713952 0.0
0.04970200001844205 0.001408000010997057
0.04970200001844205 9.999785106629133e-07
0.04964599999948405 0.0012700000079348683
0.04964599999948405 0.0
0.05236599998897873 0.0030070000211708248
0.05236599998897873 0.0
0.054337000008672476 0.003228000015951693
0.054337000008672476 0.0
0.05461299998569302 0.001572999986819923
0.05461299998569302 1.00000761449337e-06
0.05505900000571273 0.0014059999957680702
0.05505900000571273 1.00000761449337e-06
0.05467300000600517 0.0013730000064242631
0.05467300000600517 9.999785106629133e-07
0.05442499998025596 0.0013890000118408352
0.05442499998025596 0.0
0.05521400002180599 0.0013840000028721988
0.05521400002180599 1.00000761449337e-06
0.05464399998891167 0.0014120000123512
0.05464399998891167 1.00000761449337e-06
0.054607000027317554 0.0013719999988097697
0.054607000027317554 0.0
0.054600999981630594 0.0013770000077784061
0.054600999981630594 9.999785106629133e-07
0.05458100000396371 0.0013660000113304704
0.05458100000396371 0.0
0.05439999999362044 0.0013700000126846135
0.05439999999362044 1.00000761449337e-06
0.05466999998316169 0.0014019999944139272
0.05466999998316169 1.00000761449337e-06
0.05452999999397434 0.0014230000087991357
0.05452999999397434 0.0
0.05479400002514012 0.0013820000167470425
0.05479400002514012 0.0
0.05461799999466166 0.0013719999988097697
0.05461799999466166 0.0
0.05454799998551607 0.0013789999939035624
0.05454799998551607 0.0
0.07590999998501502 0.0020120000117458403
0.07590999998501502 1.00000761449337e-06
0.07076500001130626 0.0018219999910797924
0.07076500001130626 1.00000761449337e-06
0.0577530000009574 0.001648000004934147
0.0577530000009574 1.00000761449337e-06
0.05504899998777546 0.0013869999966118485
0.05504899998777546 0.0
0.05412200000137091 0.0019059999904129654
0.05412200000137091 0.0
0.0545659999770578 0.001348999998299405
0.0545659999770578 1.00000761449337e-06
0.05428199999732897 0.001361000002361834
0.05428199999732897 1.00000761449337e-06
0.05472000001464039 0.0013840000028721988
0.05472000001464039 0.0
0.05498200000147335 0.0013620000099763274
0.05498200000147335 1.00000761449337e-06
0.05496199999470264 0.001441999978851527
0.05496199999470264 0.0
0.05202500001178123 0.0013340000004973263
0.05202500001178123 1.00000761449337e-06
0.05318500002613291 0.0013880000042263418
0.05318500002613291 0.0
0.052165000000968575 0.0013800000015180558
0.052165000000968575 1.00000761449337e-06
0.05224900000030175 0.001289999985601753
0.05224900000030175 0.0
0.05244699999457225 0.0013270000054035336
0.05244699999457225 1.00000761449337e-06
0.04744300001766533 0.0013000000035390258
0.04744300001766533 0.0
0.04449600001680665 0.0011869999871123582
0.04449600001680665 1.00000761449337e-06
0.04467899998417124 0.0011900000099558383
0.04467899998417124 1.00000761449337e-06
0.04442000002018176 0.009535999997751787
0.04442000002018176 0.0
0.04459299999871291 0.0013919999764766544
0.04459299999871291 0.0
0.04232800001045689 0.00109200002043508
0.04232800001045689 0.0
0.042277000000467524 0.0010640000109560788
0.042277000000467524 1.00000761449337e-06
0.04218399999081157 0.001225999993039295
0.04218399999081157 0.0
0.04195600000093691 0.0010640000109560788
0.04195600000093691 0.0
0.04205099999671802 0.0010710000060498714
0.04205099999671802 1.00000761449337e-06
0.04204200001549907 0.0010729999921750277
0.04204200001549907 9.999785106629133e-07
0.041831000009551644 0.0010750000074040145
0.041831000009551644 0.0
0.04199999998672865 0.0010750000074040145
0.04199999998672865 9.999785106629133e-07
0.04200500002480112 0.001069999998435378
0.04200500002480112 1.00000761449337e-06
0.042184999998426065 0.0010809999948833138
0.042184999998426065 1.00000761449337e-06
0.041870999993989244 0.0010660000261850655
0.041870999993989244 1.00000761449337e-06
0.04209099998115562 0.0010650000185705721
0.04209099998115562 0.0
0.04187200000160374 0.0010609999881125987
0.04187200000160374 0.0
0.04460500000277534 0.001268000021809712
0.04460500000277534 0.0
0.0444300000090152 0.001133000012487173
0.0444300000090152 9.999785106629133e-07
0.044553999992785975 0.001121000008424744
0.044553999992785975 9.999785106629133e-07
0.04472200002055615 0.0011199999717064202
0.04472200002055615 1.00000761449337e-06
0.044353999983286485 0.0014469999878201634
0.044353999983286485 0.0
0.04735400000936352 0.0013380000018514693
0.04735400000936352 0.0
0.046980999992229044 0.001213999988976866
0.046980999992229044 9.999785106629133e-07
0.047163000010186806 0.0012100000167265534
0.047163000010186806 0.0
0.04666900000302121 0.0012419999984558672
0.04666900000302121 0.0
0.047110000014072284 0.001256999996257946
0.047110000014072284 1.00000761449337e-06
0.04731100000208244 0.0012149999965913594
0.04731100000208244 1.00000761449337e-06
0.046977999998489395 0.0012410000199452043
0.046977999998489395 0.0
0.047147000004770234 0.0011879999947268516
0.047147000004770234 0.0
0.048196000017924234 0.001596999994944781
0.048196000017924234 0.0
0.04722300000139512 0.0011900000099558383
0.04722300000139512 0.0
0.0470680000144057 0.001328000013018027
0.0470680000144057 0.0
0.04757100000279024 0.0011900000099558383
0.04757100000279024 9.999785106629133e-07
0.047972000000299886 0.001260999997612089
0.047972000000299886 1.00000761449337e-06
0.047212000004947186 0.001193000003695488
0.047212000004947186 0.0
0.04943099999218248 0.008466999977827072
0.04943099999218248 0.0
0.05239600001368672 0.0015589999966323376
0.05239600001368672 1.00000761449337e-06
0.05478400000720285 0.002043999993475154
0.05478400000720285 0.0
0.05187399999704212 0.001305999991018325
0.05187399999704212 1.00000761449337e-06
0.049461000016890466 0.001320000010309741
0.049461000016890466 0.0
0.04719899999327026 0.0012240000069141388
0.04719899999327026 0.0
0.0469650000159163 0.0012790000182576478
0.0469650000159163 0.0
0.04707499998039566 0.0011879999947268516
0.04707499998039566 0.0
0.046935000020312145 0.0012210000131744891
0.046935000020312145 0.0
0.04940099999657832 0.001348000019788742
0.04940099999657832 1.00000761449337e-06
0.04449699999531731 0.0011719999893102795
0.04449699999531731 1.00000761449337e-06
0.04448499999125488 0.0011109999904874712
0.04448499999125488 0.0
0.04213499999605119 0.0010760000150185078
0.04213499999605119 1.00000761449337e-06
0.04265700001269579 0.0011189999931957573
0.04265700001269579 9.999785106629133e-07
0.04218300001230091 0.0011070000182371587
0.04218300001230091 0.0
0.04214899998623878 0.0010950000141747296
0.04214899998623878 1.00000761449337e-06
0.044695000018691644 0.0011539999977685511
0.044695000018691644 0.0
0.044331999990390614 0.001129999989643693
0.044331999990390614 1.00000761449337e-06
0.044277000008150935 0.0011569999915082008
0.044277000008150935 0.0
0.044790999992983416 0.0011489999887999147
0.044790999992983416 0.0
0.044565999996848404 0.0011189999931957573
0.044565999996848404 1.00000761449337e-06
0.04456099998787977 0.0011799999920185655
0.04456099998787977 1.00000761449337e-06
0.04445099999429658 0.0011320000048726797
0.04445099999429658 1.00000761449337e-06
0.049623999977484345 0.0012879999994765967
0.049623999977484345 9.999785106629133e-07
0.04444100000546314 0.0011320000048726797
0.04444100000546314 0.0
0.04444499997771345 0.0011110000195913017
0.04444499997771345 0.0
0.04485100001329556 0.0011569999915082008
0.04485100001329556 0.0
0.04421600000932813 0.0011069999891333282
0.04421600000932813 0.0
0.04446599999209866 0.0011200000008102506
0.04446599999209866 0.0
0.044357000006129965 0.0011109999904874712
0.044357000006129965 1.00000761449337e-06
0.045175000006565824 0.0012399999832268804
0.045175000006565824 9.999785106629133e-07
0.05039099999703467 0.0015450000064447522
0.05039099999703467 0.0
0.04962000000523403 0.001381999987643212
0.04962000000523403 1.00000761449337e-06
0.057191999978385866 0.0012740000092890114
0.057191999978385866 1.00000761449337e-06
0.04915199999231845 0.0012789999891538173
0.04915199999231845 1.00000761449337e-06
0.049987000005785376 0.0013609999732580036
0.049987000005785376 1.00000761449337e-06
0.04952299999422394 0.0013279999839141965
0.04952299999422394 1.00000761449337e-06
0.049900999991223216 0.0012820000119972974
0.049900999991223216 0.0
0.04727400001138449 0.001197000005049631
0.04727400001138449 0.0
0.04757900000549853 0.0013079999771434814
0.04757900000549853 0.0
0.04422000001068227 0.001137000013841316
0.04422000001068227 1.00000761449337e-06
0.045264000014867634 0.0011069999891333282
0.045264000014867634 0.0
0.04225500000757165 0.001073999999789521
0.04225500000757165 0.0
0.041930000006686896 0.0010650000185705721
0.041930000006686896 9.999785106629133e-07
0.04198400001041591 0.0014159999846015126
0.04198400001041591 1.00000761449337e-06
0.04176600000937469 0.0010710000060498714
0.04176600000937469 0.0
0.04647599998861551 0.0011959999974351376
0.04647599998861551 1.00000761449337e-06
0.04248400000506081 0.0010730000212788582
0.04248400000506081 0.0
0.043095999979414046 0.0013519999920390546
0.043095999979414046 0.0
0.045757000014418736 0.0014070000033825636
0.045757000014418736 9.999785106629133e-07
0.04472400000668131 0.0011689999955706298
0.04472400000668131 0.0
0.04750899999635294 0.0013549999857787043
0.04750899999635294 9.999785106629133e-07
0.04695899999933317 0.0012310000020079315
0.04695899999933317 0.0
0.047688999999081716 0.0012489999935496598
0.047688999999081716 1.00000761449337e-06
0.04713099999935366 0.0011710000107996166
0.04713099999935366 1.00000761449337e-06
0.04710299998987466 0.0011959999974351376
0.04710299998987466 0.0
0.047175000014249235 0.0012400000123307109
0.047175000014249235 0.0
0.04438000000664033 0.0011959999974351376
0.04438000000664033 1.00000761449337e-06
0.049455999978818 0.0012529999949038029
0.049455999978818 0.0
0.044328999996650964 0.0012879999994765967
0.044328999996650964 1.00000761449337e-06
0.044553999992785975 0.0011430000013206154
0.044553999992785975 9.999785106629133e-07
0.04501600001822226 0.001164000015705824
0.04501600001822226 1.00000761449337e-06
0.04396499998983927 0.0011579999991226941
0.04396499998983927 1.00000761449337e-06
0.04425400000764057 0.001189000002341345
0.04425400000764057 0.0
0.04463200000463985 0.0011609999928623438
0.04463200000463985 9.999785106629133e-07
0.0446570000203792 0.001201000006403774
0.0446570000203792 9.999785106629133e-07
0.04716099999495782 0.0013050000125076622
0.04716099999495782 0.0
0.04664699998102151 0.0012069999938830733
0.04664699998102151 0.0
0.046722999977646396 0.0011879999947268516
0.046722999977646396 0.0
0.04690499999560416 0.00117200001841411
0.04690499999560416 0.0
0.04700099999899976 0.0012129999813623726
0.04700099999899976 9.999785106629133e-07
0.0490529999951832 0.0013510000135283917
0.0490529999951832 0.0
0.049402000004192814 0.0012700000079348683
0.049402000004192814 0.0
0.04944299999624491 0.0013050000125076622
0.04944299999624491 1.00000761449337e-06
0.04929200001060963 0.0012489999935496598
0.04929200001060963 1.00000761449337e-06
0.04920099998707883 0.001256999996257946
0.04920099998707883 0.0
0.04929399999673478 0.0012909999932162464
0.04929399999673478 0.0
0.04949899998609908 0.001269000000320375
0.04949899998609908 0.0
0.049589999980526045 0.0012419999984558672
0.049589999980526045 1.00000761449337e-06
0.04677299998002127 0.001180999999633059
0.04677299998002127 0.0
0.04410599998664111 0.001121999986935407
0.04410599998664111 0.0
0.04763699998147786 0.0012280000082682818
0.04763699998147786 0.0
0.04714899999089539 0.0012250000145286322
0.04714899999089539 0.0
0.046940999978687614 0.0012030000216327608
0.046940999978687614 1.00000761449337e-06
0.04759200001717545 0.0012089999800082296
0.04759200001717545 0.0
0.0467330000246875 0.0011959999974351376
0.0467330000246875 1.00000761449337e-06
0.047882999991998076 0.0013340000004973263
0.047882999991998076 1.00000761449337e-06
0.04720499998074956 0.0012280000082682818
0.04720499998074956 0.0
0.06444799999007955 0.0019540000066626817
0.06444799999007955 1.00000761449337e-06
0.06411400000797585 0.0016820000018924475
0.06411400000797585 1.00000761449337e-06
0.06445700000040233 0.0017260000167880207
0.06445700000040233 0.0
0.06471100001363084 0.0017309999966528267
0.06471100001363084 1.00000761449337e-06
0.0642119999974966 0.00205199999618344
0.0642119999974966 0.0
0.06334500000230037 0.002031000010902062
0.06334500000230037 0.0
0.0633230000094045 0.0017869999865069985
0.0633230000094045 1.00000761449337e-06
0.06837799999630079 0.0019269999756943434
0.06837799999630079 1.00000761449337e-06
0.06771599999046884 0.0018090000085067004
0.06771599999046884 0.0
0.04974199997377582 0.001244000013684854
0.04974199997377582 0.0
0.04994300001999363 0.0013080000062473118
0.04994300001999363 9.999785106629133e-07
0.04966600000625476 0.0012749999877996743
0.04966600000625476 1.00000761449337e-06
0.04712200001813471 0.0012210000131744891
0.04712200001813471 0.0
0.04967800001031719 0.0014890000165905803
0.04967800001031719 9.999785106629133e-07
0.049752999999327585 0.0014909999736119062
0.049752999999327585 1.00000761449337e-06
0.050010999984806404 0.0012510000087786466
0.050010999984806404 0.0
0.049321999977109954 0.0012339999957475811
0.049321999977109954 1.00000761449337e-06
0.0497849999810569 0.001273000001674518
0.0497849999810569 0.0
0.04721600000630133 0.0012310000020079315
0.04721600000630133 0.0
0.047200000000884756 0.0012009999772999436
0.047200000000884756 0.0
0.04729700001189485 0.0012249999854248017
0.04729700001189485 1.00000761449337e-06
0.047076000017113984 0.001197999983560294
0.047076000017113984 0.0
0.04743800000869669 0.001221999991685152
0.04743800000869669 0.0
0.04704100001254119 0.0011829999857582152
0.04704100001254119 0.0
0.04735700000310317 0.0012229999992996454
0.04735700000310317 1.00000761449337e-06
0.04729099999531172 0.0011879999947268516
0.04729099999531172 0.0
0.04732199999853037 0.0012439999845810235
0.04732199999853037 0.0
0.04741400000057183 0.00128599998424761
0.04741400000057183 9.999785106629133e-07
0.04943499999353662 0.0012589999823831022
0.04943499999353662 1.00000761449337e-06
0.049847999995108694 0.0012390000047162175
0.049847999995108694 0.0
0.049624000006588176 0.001256999996257946
0.049624000006588176 0.0
0.05024300000513904 0.0013080000062473118
0.05024300000513904 0.0
0.04963100000168197 0.0012430000060703605
0.04963100000168197 0.0
0.05007500000647269 0.0012419999984558672
0.05007500000647269 0.0
0.04762299999129027 0.001201999984914437
0.04762299999129027 0.0
0.04757700001937337 0.0012100000167265534
0.04757700001937337 0.0
0.04941400000825524 0.0012799999967683107
0.04941400000825524 0.0
0.06805999999050982 0.0020979999972041696
0.06805999999050982 0.0
0.05012600001646206 0.0012889999779872596
0.05012600001646206 0.0
0.04935400001704693 0.0012759999954141676
0.04935400001704693 0.0
0.052305999997770414 0.0013960000069346279
0.052305999997770414 0.0
0.052208000008249655 0.0013080000062473118
0.052208000008249655 0.0
0.052118999999947846 0.001400000008288771
0.052118999999947846 0.0
0.05479699998977594 0.0014999999839346856
0.05479699998977594 0.0
0.05731999999261461 0.0015490000077988952
0.05731999999261461 9.999785106629133e-07
0.057172999979229644 0.001441000000340864
0.057172999979229644 1.00000761449337e-06
0.05485200000111945 0.001361000002361834
0.05485200000111945 9.999785106629133e-07
0.05466799999703653 0.0013710000202991068
0.05466799999703653 1.00000761449337e-06
0.054480999999213964 0.001357999979518354
0.054480999999213964 1.00000761449337e-06
0.05476600001566112 0.001365000003715977
0.05476600001566112 0.0
0.054502999992109835 0.0013510000135283917
0.054502999992109835 1.00000761449337e-06
0.05519900002400391 0.0014010000159032643
0.05519900002400391 1.00000761449337e-06
0.05500799999572337 0.0013599999947473407
0.05500799999572337 9.999785106629133e-07
0.055896999983815476 0.0014079999818932265
0.055896999983815476 0.0
0.05453799999668263 0.0013840000028721988
0.05453799999668263 1.00000761449337e-06
0.05448399999295361 0.0013469999830704182
0.05448399999295361 0.0
0.05469799999264069 0.0013589999871328473
0.05469799999264069 1.00000761449337e-06
0.054780000005848706 0.0013719999988097697
0.054780000005848706 0.0
0.05497800000011921 0.0014220000011846423
0.05497800000011921 1.00000761449337e-06
0.05492900000535883 0.0013540000072680414
0.05492900000535883 1.00000761449337e-06
0.05493800001568161 0.001353999978164211
0.05493800001568161 0.0
0.05502099997829646 0.0013810000091325492
0.05502099997829646 9.999785106629133e-07
0.05452800000784919 0.001385999988997355
0.05452800000784919 0.0
0.05731000000378117 0.001404000009642914
0.05731000000378117 1.00000761449337e-06
0.05571700001019053 0.0013740000140387565
0.05571700001019053 9.999785106629133e-07
0.06504799998947419 0.0014229999796953052
0.06504799998947419 1.00000761449337e-06
0.07138599999598227 0.002074999996693805
0.07138599999598227 1.00000761449337e-06
0.05528800000320189 0.0014350000128615648
0.05528800000320189 0.0
0.05698499997379258 0.0014070000033825636
0.05698499997379258 0.0
0.05727699998533353 0.001420999993570149
0.05727699998533353 1.00000761449337e-06
0.05706600000848994 0.0014130000199656934
0.05706600000848994 1.00000761449337e-06
0.07471700001042336 0.004390999994939193
0.07471700001042336 1.00000761449337e-06
0.07427800001460128 0.0023890000011306256
0.07427800001460128 1.00000761449337e-06
0.07497200000216253 0.0018090000085067004
0.07497200000216253 0.0
0.07451500001479872 0.0019179999944753945
0.07451500001479872 0.0
0.07432300000800751 0.0019029999966733158
0.07432300000800751 1.00000761449337e-06
0.07178100000601262 0.0018780000100377947
0.07178100000601262 0.0
0.07150600000750273 0.0023440000077243894
0.07150600000750273 0.0
0.0745009999955073 0.0021659999911207706
0.0745009999955073 0.0
0.07404700000188313 0.0020790000271517783
0.07404700000188313 1.00000761449337e-06
0.07425100001273677 0.0020509999885689467
0.07425100001273677 0.0
0.0713990000076592 0.001992000004975125
0.0713990000076592 0.0
0.07233799999812618 0.0020050000166520476
0.07233799999812618 0.0
0.06458800000837073 0.0018020000134129077
0.06458800000837073 9.999785106629133e-07
0.06481999999959953 0.001867000013589859
0.06481999999959953 1.00000761449337e-06
0.06459600001107901 0.0017109999898821115
0.06459600001107901 0.0
0.06416599999647588 0.0019010000105481595
0.06416599999647588 0.0
0.0617740000016056 0.0019409999949857593
0.0617740000016056 0.0
0.06178899999940768 0.0017390000284649432
0.06178899999940768 0.0
0.061879999993834645 0.001740999985486269
0.061879999993834645 1.00000761449337e-06
0.0839669999841135 0.002892999997129664
0.0839669999841135 9.999785106629133e-07
0.0887769999972079 0.0023379999911412597
0.0887769999972079 9.999785106629133e-07
0.08680399999138899 0.0024770000018179417
0.08680399999138899 9.999785106629133e-07
0.09129199999733828 0.002355000004172325
0.09129199999733828 0.0
0.09119599999394268 0.002267000003485009
0.09119599999394268 0.0
0.07962299999780953 0.002062000014120713
0.07962299999780953 1.00000761449337e-06
0.059680999984266236 0.0014830000000074506
0.059680999984266236 0.0
0.059433999995235354 0.0014769999834243208
0.059433999995235354 0.0
0.057071999995969236 0.001400000008288771
0.057071999995969236 1.00000761449337e-06
0.06994300000951625 0.001963999995496124
0.06994300000951625 0.0
0.06550399999832734 0.0018189999973401427
0.06550399999832734 0.0
0.06294000000343658 0.0015910000074654818
0.06294000000343658 1.00000761449337e-06
0.06347799999639392 0.0015799999819137156
0.06347799999639392 0.0
0.06348299997625872 0.0016079999913927168
0.06348299997625872 0.0
0.07523700001183897 0.0019529999990481883
0.07523700001183897 0.0
0.08081499999389052 0.0020170000207144767
0.08081499999389052 0.0
0.0572939999983646 0.0014009999867994338
0.0572939999983646 1.00000761449337e-06
0.054374000028474256 0.0013749999925494194
0.054374000028474256 1.00000761449337e-06
0.0546850000100676 0.001344999996945262
0.0546850000100676 9.999785106629133e-07
0.05476600001566112 0.0013560000224970281
0.05476600001566112 0.0
0.05519000001368113 0.0013800000015180558
0.05519000001368113 1.00000761449337e-06
0.054437999991932884 0.0013909999979659915
0.054437999991932884 0.0
0.05475399998249486 0.001344999996945262
0.05475399998249486 0.0
0.05978399998275563 0.0015370000037364662
0.05978399998275563 9.999785106629133e-07
0.06567599999834783 0.0018060000147670507
0.06567599999834783 1.00000761449337e-06
0.07418000002508052 0.002166999998735264
0.07418000002508052 0.0
0.0770360000024084 0.00197800001478754
0.0770360000024084 0.0
0.07715800000005402 0.0019050000119023025
0.07715800000005402 0.0
0.07962599999154918 0.004700999998021871
0.07962599999154918 0.0
0.07932100002653897 0.0020589999912772328
0.07932100002653897 0.0
0.07917199999792501 0.001959000015631318
0.07917199999792501 0.0
0.07914799998980016 0.0019359999860171229
0.07914799998980016 0.0
0.07666799999424256 0.001887999998871237
0.07666799999424256 0.0
0.07658699998864904 0.0018609999970067292
0.07658699998864904 9.999785106629133e-07
0.07616100000450388 0.0018829999899026006
0.07616100000450388 0.0
0.07928499998524785 0.0019610000017564744
0.07928499998524785 0.0
0.08126800000900403 0.002115000010235235
0.08126800000900403 0.0
0.08121299999766052 0.0020920000097248703
0.08121299999766052 9.999785106629133e-07
0.0843250000034459 0.004954000003635883
0.0843250000034459 0.0
0.08163800000329502 0.001992000004975125
0.08163800000329502 0.0
0.08153100000345148 0.0020120000117458403
0.08153100000345148 0.0
0.0795370000123512 0.00197800001478754
0.0795370000123512 0.0
0.0799970000225585 0.0019580000080168247
0.0799970000225585 9.999785106629133e-07
0.08044399999198504 0.0019610000017564744
0.08044399999198504 0.0
0.07872700001462363 0.0019240000110585243
0.07872700001462363 0.0
0.07680000000982545 0.001990999997360632
0.07680000000982545 0.0
0.07408399999258108 0.0018439999839756638
0.07408399999258108 1.00000761449337e-06
0.07134300001780502 0.0017510000034235418
0.07134300001780502 0.0
0.07141299999784678 0.001771000010194257
0.07141299999784678 1.00000761449337e-06
0.07224199999473058 0.0017630000074859709
0.07224199999473058 1.00000761449337e-06
0.0715280000003986 0.0017560000123921782
0.0715280000003986 0.0
0.07165800000075251 0.0017520000110380352
0.07165800000075251 0.0
0.07161199999973178 0.001896000001579523
0.07161199999973178 0.0
0.07155699998838827 0.0021720000077039003
0.07155699998838827 0.0
0.0689890000212472 0.00173200000426732
0.0689890000212472 0.0
0.06722299999091774 0.001947000011568889
0.06722299999091774 0.0
0.06692400001338683 0.0018909999926108867
0.06692400001338683 0.0
0.06654299999354407 0.0019539999775588512
0.06654299999354407 0.0
0.0639519999967888 0.001912999985506758
0.0639519999967888 1.00000761449337e-06
0.06428600000799634 0.0015789999742992222
0.06428600000799634 0.0
0.06167799999821 0.0015460000140592456
0.06167799999821 0.0
0.061950999981490895 0.0017010000010486692
0.061950999981490895 0.0
0.05655400000978261 0.0014060000248719007
0.05655400000978261 0.0
0.05762599999434315 0.0014519999967887998
0.05762599999434315 1.00000761449337e-06
0.05666000000201166 0.0016340000147465616
0.05666000000201166 1.00000761449337e-06
0.07768200000282377 0.0020590000203810632
0.07768200000282377 0.0
0.07650599998305552 0.0020040000090375543
0.07650599998305552 9.999785106629133e-07
0.08101399999577552 0.002211000013630837
0.08101399999577552 0.0
0.08021699998062104 0.00208899998688139
0.08021699998062104 0.0
0.0794070000119973 0.0020939999958500266
0.0794070000119973 9.999785106629133e-07
0.05672599998069927 0.0014470000169239938
0.05672599998069927 0.0
0.05666000000201166 0.0014019999944139272
0.05666000000201166 0.0
0.05723000000580214 0.0014199999859556556
0.05723000000580214 1.00000761449337e-06
0.06219500000588596 0.0016509999986737967
0.06219500000588596 1.00000761449337e-06
0.061676999990595505 0.0015469999925699085
0.061676999990595505 1.00000761449337e-06
0.05926999999792315 0.001500000013038516
0.05926999999792315 1.00000761449337e-06
0.06579699998837896 0.0016820000018924475
0.06579699998837896 1.00000761449337e-06
0.05941200000233948 0.0014729999820701778
0.05941200000233948 1.00000761449337e-06
0.05901999998604879 0.0014789999986533076
0.05901999998604879 1.00000761449337e-06
0.05686700000660494 0.0014439999940805137
0.05686700000660494 1.00000761449337e-06
0.06449999997857958 0.0016999999934341758
0.06449999997857958 0.0
0.05673499999102205 0.0013979999930597842
0.05673499999102205 0.0
0.054380000015953556 0.0013510000135283917
0.054380000015953556 1.00000761449337e-06
0.06071200000587851 0.0014990000054240227
0.06071200000587851 0.0
0.0546850000100676 0.0013540000072680414
0.0546850000100676 0.0
0.06037500000093132 0.0015180000045802444
0.06037500000093132 0.0
0.06026100000599399 0.0015399999974761158
0.06026100000599399 9.999785106629133e-07
0.054748999973526224 0.001361000002361834
0.054748999973526224 1.00000761449337e-06
0.05673500002012588 0.0014189999783411622
0.05673500002012588 1.00000761449337e-06
0.05732299998635426 0.0014279999886639416
0.05732299998635426 0.0
0.059418999997433275 0.0015359999961219728
0.059418999997433275 0.0
0.05912799999350682 0.001476000004913658
0.05912799999350682 0.0
0.05945699999574572 0.0014939999964553863
0.05945699999574572 0.0
0.05918099998962134 0.0014699999883305281
0.05918099998962134 0.0
0.05994999999529682 0.0015509999939240515
0.05994999999529682 1.00000761449337e-06
0.05931800001417287 0.0014709999959450215
0.05931800001417287 9.999785106629133e-07
0.05908200002158992 0.0014720000035595149
0.05908200002158992 0.0
0.059664000000339 0.0015270000149030238
0.059664000000339 0.0
0.0618360000080429 0.001524999999674037
0.0618360000080429 0.0
0.06156200001714751 0.0015530000091530383
0.06156200001714751 9.999785106629133e-07
0.061839999980293214 0.0015290000010281801
0.061839999980293214 1.00000761449337e-06
0.06175900000380352 0.0015229999844450504
0.06175900000380352 0.0
0.06214699998963624 0.0015269999857991934
0.06214699998963624 0.0
0.06244199999491684 0.0015029999776743352
0.06244199999491684 0.0
0.05991000001085922 0.0014709999959450215
0.05991000001085922 0.0
0.0591710000007879 0.0014589999918825924
0.0591710000007879 1.00000761449337e-06
0.05917800002498552 0.0014740000187885016
0.05917800002498552 1.00000761449337e-06
0.0596759999752976 0.0014810000138822943
0.0596759999752976 0.0
0.06187800000770949 0.0015429999912157655
0.06187800000770949 0.0
0.05992800000240095 0.0015409999759867787
0.05992800000240095 9.999785106629133e-07
0.06291300000157207 0.0015699999930802733
0.06291300000157207 1.00000761449337e-06
0.07807099999627098 0.001964999974006787
0.07807099999627098 0.0
0.07145699998363853 0.001572999986819923
0.07145699998363853 0.0
0.08741199999349192 0.0019829999946523458
0.08741199999349192 0.0
0.09109500001068227 0.0022360000002663583
0.09109500001068227 0.0
0.06368099999963306 0.0016449999820906669
0.06368099999963306 0.0
0.06468599999789149 0.0017809999990276992
0.06468599999789149 0.0
0.06512099999235943 0.0016670000040903687
0.06512099999235943 0.0
0.08039000001735985 0.002006000024266541
0.08039000001735985 9.999785106629133e-07
0.07700399999157526 0.0021179999748710543
0.07700399999157526 0.0
0.07484599997405894 0.0021800000104121864
0.07484599997405894 0.0
0.06698500001220964 0.0020630000217352062
0.06698500001220964 0.0
0.0720279999950435 0.0017809999990276992
0.0720279999950435 0.0
0.07114499999443069 0.0019299999985378236
0.07114499999443069 1.00000761449337e-06
0.08077699999557808 0.0023030000156722963
0.08077699999557808 0.0
0.07885999997961335 0.002078000019537285
0.07885999997961335 0.0
0.07745799998519942 0.002095999981975183
0.07745799998519942 0.0
0.07115000000339933 0.002227999997558072
0.07115000000339933 0.0
0.06916899999487214 0.0017210000078193843
0.06916899999487214 0.0
0.08539299998665228 0.0022840000165160745
0.08539299998665228 0.0
0.08802799999830313 0.002326999994693324
0.08802799999830313 9.999785106629133e-07
0.08794599998509511 0.002246999996714294
0.08794599998509511 0.0
0.0858730000036303 0.0022149999858811498
0.0858730000036303 0.0
0.08643699999083765 0.002230999991297722
0.08643699999083765 0.0
0.06195499998284504 0.0015509999939240515
0.06195499998284504 0.0
0.06237400000100024 0.0015579999890178442
0.06237400000100024 0.0
0.08532000001287088 0.002115999988745898
0.08532000001287088 0.0
0.08481400000164285 0.002210000006016344
0.08481400000164285 1.00000761449337e-06
0.09317199999350123 0.0026089999882970005
0.09317199999350123 1.00000761449337e-06
0.09303700001328252 0.0024970000085886568
0.09303700001328252 0.0
0.08519900002283975 0.0018470000068191439
0.08519900002283975 0.0
0.0881400000071153 0.0023179999843705446
0.0881400000071153 0.0
0.09730200000922196 0.0026110000035259873
0.09730200000922196 9.999785106629133e-07
0.0830079999868758 0.002267000003485009
0.0830079999868758 0.0
0.06982099998276681 0.0017560000123921782
0.06982099998276681 1.00000761449337e-06
0.08004999998956919 0.002259000000776723
0.08004999998956919 0.0
0.08374199998797849 0.0018439999839756638
0.08374199998797849 0.0
0.06961499998578802 0.0018350000027567148
0.06961499998578802 0.0
0.07081799997831695 0.0017250000091735274
0.07081799997831695 0.0
0.09355300001334399 0.002375999989453703
0.09355300001334399 0.0
0.09364599999389611 0.0019279999833088368
0.09364599999389611 1.00000761449337e-06
0.09213599999202415 0.002374000003328547
0.09213599999202415 1.00000761449337e-06
0.09159699999145232 0.00237199998809956
0.09159699999145232 1.00000761449337e-06
0.06921399998827837 0.0016969999996945262
0.06921399998827837 0.0
0.06880599999567494 0.001680999994277954
0.06880599999567494 0.0
0.06895699998131022 0.00173200000426732
0.06895699998131022 0.0
0.06710600000224076 0.0016960000211838633
0.06710600000224076 0.0
0.07302199999685399 0.0018939999863505363
0.07302199999685399 1.00000761449337e-06
0.07389699999475852 0.0018589999817777425
0.07389699999475852 9.999785106629133e-07
0.06681399999069981 0.001631999999517575
0.06681399999069981 0.0
0.0739270000194665 0.0019230000034440309
0.0739270000194665 0.0
0.0664589999942109 0.0016409999807365239
0.0664589999942109 1.00000761449337e-06
0.06666000001132488 0.0016599999798927456
0.06666000001132488 0.0
0.06667499998002313 0.001736000005621463
0.06667499998002313 1.00000761449337e-06
0.0710419999959413 0.0017010000010486692
0.0710419999959413 0.0
0.06633299999521114 0.0016389999946113676
0.06633299999521114 0.0
0.06712100000004284 0.0016619999951217324
0.06712100000004284 1.00000761449337e-06
0.06684700000914745 0.0016519999771844596
0.06684700000914745 9.999785106629133e-07
0.06652300001587719 0.0017059999809134752
0.06652300001587719 0.0
0.06716599999344908 0.0016410000098403543
0.06716599999344908 0.0
0.06674499998916872 0.001631999999517575
0.06674499998916872 9.999785106629133e-07
0.06655899999896064 0.0016660000255797058
0.06655899999896064 1.00000761449337e-06
0.07051600000704639 0.0017210000078193843
0.07051600000704639 0.0
0.06943199998931959 0.0016790000081527978
0.06943199998931959 0.0
0.06735100000514649 0.0016710000054445118
0.06735100000514649 0.0
0.06659899998339824 0.0016799999866634607
0.06659899998339824 0.0
0.06698499998310581 0.001636000000871718
0.06698499998310581 1.00000761449337e-06
0.06768400000873953 0.0016759999853093177
0.06768400000873953 0.0
0.06700099998852238 0.0016200000245589763
0.06700099998852238 0.0
0.06669000000692904 0.001664000010350719
0.06669000000692904 0.0
0.06966499998816289 0.0017189999925903976
0.06966499998816289 0.0
0.06926700001349673 0.0016920000198297203
0.06926700001349673 1.00000761449337e-06
0.06921600000350736 0.001680999994277954
0.06921600000350736 9.999785106629133e-07
0.07012899999972433 0.001652999984798953
0.07012899999972433 0.0
0.07208199999877252 0.001931000006152317
0.07208199999877252 0.0
0.06939399999100715 0.001732999982777983
0.06939399999100715 0.0
0.06918500000028871 0.0017380000208504498
0.06918500000028871 0.0
0.0690279999980703 0.0017349999980069697
0.0690279999980703 1.00000761449337e-06
0.0697890000010375 0.0017860000079963356
0.0697890000010375 0.0
0.06896800000686198 0.0017170000064652413
0.06896800000686198 1.00000761449337e-06
0.0695549999945797 0.0016969999996945262
0.0695549999945797 0.0
0.06923399999504909 0.0017189999925903976
0.06923399999504909 0.0
0.07051600000704639 0.0017970000044442713
0.07051600000704639 0.0
0.07041300000855699 0.001756999990902841
0.07041300000855699 9.999785106629133e-07
0.09906799998134375 0.0024930000072345138
0.09906799998134375 1.00000761449337e-06
0.10302499998942949 0.002550000004703179
0.10302499998942949 0.0
0.10288700001547113 0.002566999988630414
0.10288700001547113 1.00000761449337e-06
0.07579699999769218 0.001896000001579523
0.07579699999769218 0.0
0.07263700000476092 0.0018689999997150153
0.07263700000476092 0.0
0.0923270000203047 0.00245800000266172
0.0923270000203047 0.0
0.09461500000907108 0.002441999997245148
0.09461500000907108 0.0
0.07574699999531731 0.001931000006152317
0.07574699999531731 9.999785106629133e-07
0.07455300001311116 0.0018660000059753656
0.07455300001311116 0.0
0.07899300000281073 0.0020739999890793115
0.07899300000281073 0.0
0.08115800001542084 0.001982000016141683
0.08115800001542084 9.999785106629133e-07
0.08878000002005138 0.002003999979933724
0.08878000002005138 0.0
0.07670199999120086 0.001863999990746379
0.07670199999120086 9.999785106629133e-07
0.07471499999519438 0.0018449999915901572
0.07471499999519438 0.0
0.0747949999931734 0.002035000012256205
0.0747949999931734 0.0
0.0888320000085514 0.0019380000012461096
0.0888320000085514 0.0
0.08013099999516271 0.0020690000092145056
0.08013099999516271 0.0
0.08030900001176633 0.0021459999843500555
0.08030900001176633 0.0
0.08121000000392087 0.00201500000548549
0.08121000000392087 0.0
0.07944600001792423 0.0020000000076834112
0.07944600001792423 0.0
0.07647199998609722 0.0019040000042878091
0.07647199998609722 1.00000761449337e-06
0.07749499997589737 0.0018890000064857304
0.07749499997589737 0.0
0.07691599999088794 0.0019000000029336661
0.07691599999088794 1.00000761449337e-06
0.07693099998869002 0.0018940000154543668
0.07693099998869002 1.00000761449337e-06
0.07462100000702776 0.0018409999902360141
0.07462100000702776 0.0
0.07199000002583489 0.0017570000200066715
0.07199000002583489 1.00000761449337e-06
0.07251899997936562 0.001867000013589859
0.07251899997936562 1.00000761449337e-06
0.07243999998900108 0.0017860000079963356
0.07243999998900108 1.00000761449337e-06
0.06931799999438226 0.0016820000018924475
0.06931799999438226 0.0
0.06983500000205822 0.0016830000095069408
0.06983500000205822 0.0
0.06961999999475665 0.0016989999858196825
0.06961999999475665 0.0
0.06947099999524653 0.0016919999907258898
0.06947099999524653 1.00000761449337e-06
0.06899800000246614 0.0017379999917466193
0.06899800000246614 0.0
0.07713199997670017 0.0018299999937880784
0.07713199997670017 1.00000761449337e-06
0.07883700000820681 0.0018789999885484576
0.07883700000820681 0.0
0.07957400000304915 0.0020300000032875687
0.07957400000304915 1.00000761449337e-06
0.07879100000718608 0.002425000013317913
0.07879100000718608 0.0
0.08589600000414066 0.0021009999909438193
0.08589600000414066 0.0
0.07218099999590777 0.0017900000093504786
0.07218099999590777 0.0
0.07177199999568984 0.0017679999873507768
0.07177199999568984 9.999785106629133e-07
0.08726300002308562 0.0024480000138282776
0.08726300002308562 1.00000761449337e-06
0.07168900000397116 0.001740999985486269
0.07168900000397116 1.00000761449337e-06
0.07140799998887815 0.001791999995475635
0.07140799998887815 9.999785106629133e-07
0.07179700001142919 0.001756999990902841
0.07179700001142919 1.00000761449337e-06
0.07419600000139326 0.001832999987527728
0.07419600000139326 1.00000761449337e-06
0.07470699999248609 0.0018319999799132347
0.07470699999248609 1.00000761449337e-06
0.07441800000378862 0.0018309999722987413
0.07441800000378862 0.0
0.07459299999754876 0.001783000014256686
0.07459299999754876 9.999785106629133e-07
0.07477999999537133 0.0018339999951422215
0.07477999999537133 0.0
0.07535300002200529 0.0018530000234022737
0.07535300002200529 0.0
0.07425400000647642 0.0018439999839756638
0.07425400000647642 0.0
0.10920599999371916 0.0028590000001713634
0.10920599999371916 0.0
0.08164699998451397 0.0020750000257976353
0.08164699998451397 1.00000761449337e-06
0.0838590000057593 0.002134000009391457
0.0838590000057593 9.999785106629133e-07
0.08373300000675954 0.002115000010235235
0.08373300000675954 0.0
0.08462700000382029 0.0020530000037979335
0.08462700000382029 1.00000761449337e-06
0.08441199999651872 0.0020770000119227916
0.08441199999651872 0.0
0.08159399998839945 0.0019699999829754233
0.08159399998839945 9.999785106629133e-07
0.0842500000144355 0.002060999977402389
0.0842500000144355 0.0
0.0889069999975618 0.005229000002145767
0.0889069999975618 0.0
0.08932300002197735 0.002330000017536804
0.08932300002197735 0.0
0.0896319999883417 0.0021579999884124845
0.0896319999883417 9.999785106629133e-07
0.08907299998099916 0.00213500001700595
0.08907299998099916 1.00000761449337e-06
0.08404699998209253 0.0020179999992251396
0.08404699998209253 0.0
0.08657199997105636 0.002086000022245571
0.08657199997105636 1.00000761449337e-06
0.08715700000175275 0.0020909999730065465
0.08715700000175275 9.999785106629133e-07
0.08889600000111386 0.002154999994672835
0.08889600000111386 0.0
0.08889800001634285 0.002160999982152134
0.08889800001634285 1.00000761449337e-06
0.08895000000484288 0.002162999997381121
0.08895000000484288 0.0
0.08918999999877997 0.002099999983329326
0.08918999999877997 0.0
0.08612299998640083 0.0021160000178497285
0.08612299998640083 0.0
0.10146000000531785 0.002869000018108636
0.10146000000531785 0.0
0.09194600000046194 0.0022659999958705157
0.09194600000046194 0.0
0.08380999998189509 0.002062000014120713
0.08380999998189509 0.0
0.08359400002518669 0.0020819999917875975
0.08359400002518669 0.0
0.08391899999696761 0.002072000002954155
0.08391899999696761 9.999785106629133e-07
0.08375799999339506 0.0022800000151619315
0.08375799999339506 9.999785106629133e-07
0.09340399998473004 0.002382000006036833
0.09340399998473004 0.0
0.08377299999119714 0.0022649999882560223
0.08377299999119714 0.0
0.09100899999612011 0.0023329999821726233
0.09100899999612011 9.999785106629133e-07
0.11202300002332777 0.0028150000143796206
0.11202300002332777 1.00000761449337e-06
0.08169099999940954 0.0019650000031106174
0.08169099999940954 1.00000761449337e-06
0.0819480000063777 0.001970000012079254
0.0819480000063777 0.0
0.08126800000900403 0.001999000000068918
0.08126800000900403 0.0
0.08440200000768527 0.0020160000130999833
0.08440200000768527 1.00000761449337e-06
0.08396399999037385 0.002059999998891726
0.08396399999037385 0.0
0.08423999999649823 0.0020419999782461673
0.08423999999649823 0.0
0.0848859999969136 0.0020579999836627394
0.0848859999969136 0.0
0.08403200001339428 0.0020459999796003103
0.08403200001339428 0.0
0.08127699999022298 0.0019730000058189034
0.08127699999022298 0.0
0.08133899999666028 0.001970000012079254
0.08133899999666028 1.00000761449337e-06
0.11149599999771453 0.0028079999901819974
0.11149599999771453 0.0
0.1117800000065472 0.0028079999901819974
0.1117800000065472 0.0
0.08126600002287887 0.0019489999976940453
0.08126600002287887 1.00000761449337e-06
0.08118799998192117 0.001967999996850267
0.08118799998192117 9.999785106629133e-07
0.08131400001002476 0.0019579999789129943
0.08131400001002476 0.0
0.1123020000231918 0.0031639999942854047
0.1123020000231918 1.00000761449337e-06
0.08172799999010749 0.0020300000032875687
0.08172799999010749 0.0
0.11179100000299513 0.0028119999915361404
0.11179100000299513 0.0
0.11545500002102926 0.0027830000035464764
0.11545500002102926 9.999785106629133e-07
0.11684400000376627 0.0029159999976400286
0.11684400000376627 1.00000761449337e-06
0.11381899999105372 0.0027569999801926315
0.11381899999105372 9.999785106629133e-07
0.11716399999568239 0.002814000006765127
0.11716399999568239 1.00000761449337e-06
0.11501700000371784 0.002898999984608963
0.11501700000371784 0.0
0.11442300002090633 0.0028910000110045075
0.11442300002090633 0.0
0.11525299999630079 0.0029030000150669366
0.11525299999630079 0.0
0.11559400000260212 0.0028600000077858567
0.11559400000260212 1.00000761449337e-06
0.11575200001243502 0.002968999993754551
0.11575200001243502 1.00000761449337e-06
0.11356800000066869 0.0027589999954216182
0.11356800000066869 0.0
0.10162299999501556 0.002338999998755753
0.10162299999501556 0.0
0.11782600000151433 0.0028519999759737402
0.11782600000151433 1.00000761449337e-06
0.12417799999821 0.007707000011578202
0.12417799999821 0.0
0.12427599998773076 0.0034069999819621444
0.12427599998773076 9.999785106629133e-07
0.12785299998358823 0.003431999997701496
0.12785299998358823 1.00000761449337e-06
0.12976100001833402 0.007726000010734424
0.12976100001833402 1.00000761449337e-06
0.1388509999960661 0.008472999994410202
0.1388509999960661 0.0
0.10404100001323968 0.006075000012060627
0.10404100001323968 9.999785106629133e-07
0.10381699999561533 0.0028239999955985695
0.10381699999561533 0.0
0.10139700002036989 0.0024790000170469284
0.10139700002036989 0.0
0.0963200000114739 0.0024649999977555126
0.0963200000114739 1.00000761449337e-06
0.13823700000648387 0.0034879999875556678
0.13823700000648387 0.0
0.13385899999411777 0.003439000021899119
0.13385899999411777 1.00000761449337e-06
0.1217729999916628 0.003323000011732802
0.1217729999916628 1.00000761449337e-06
0.13335899999947287 0.003208000009180978
0.13335899999947287 0.0
0.13266999999177642 0.003259000019170344
0.13266999999177642 0.0
0.0988649999781046 0.002435000002151355
0.0988649999781046 9.999785106629133e-07
0.09804099999018945 0.002593000011984259
0.09804099999018945 1.00000761449337e-06
0.09660499999881722 0.0024059999850578606
0.09660499999881722 1.00000761449337e-06
0.09353899999405257 0.0022440000029746443
0.09353899999405257 9.999785106629133e-07
0.12785199997597374 0.0032150000042747706
0.12785199997597374 0.0
0.12887300000875257 0.003443000023253262
0.12887300000875257 0.0
0.09142199999769218 0.0022049999970477074
0.09142199999769218 1.00000761449337e-06
0.0862300000153482 0.0021059999999124557
0.0862300000153482 0.0
0.0863320000062231 0.0021650000126101077
0.0863320000062231 0.0
0.08938300001318567 0.002199000009568408
0.08938300001318567 0.0
0.11265599998296238 0.00306099999579601
0.11265599998296238 9.999785106629133e-07
0.12208100000862032 0.0030039999983273447
0.12208100000862032 0.0
0.12191399998846464 0.002970000001369044
0.12191399998846464 0.0
0.08886599997640587 0.0021630000264849514
0.08886599997640587 1.00000761449337e-06
0.0890320000180509 0.002162000018870458
0.0890320000180509 0.0
0.12221400000271387 0.0030350000015459955
0.12221400000271387 0.0
0.12195699999574572 0.003009999985806644
0.12195699999574572 0.0
0.08908400000655092 0.002179999981308356
0.08908400000655092 0.0
0.08884899999247864 0.002202000003308058
0.08884899999247864 0.0
0.0892349999921862 0.002147999999579042
0.0892349999921862 0.0
0.08892400001059286 0.002150999993318692
0.08892400001059286 9.999785106629133e-07
0.0894010000047274 0.002154999994672835
0.0894010000047274 0.0
0.08845500001916662 0.0021600000036414713
0.08845500001916662 0.0
0.0890079999808222 0.002127000014297664
0.0890079999808222 0.0
0.09211500000674278 0.002166999998735264
0.09211500000674278 1.00000761449337e-06
0.09171099998638965 0.0021929999929852784
0.09171099998638965 0.0
0.09237500000745058 0.0022319999989122152
0.09237500000745058 0.0
0.09123400002135895 0.0022270000190474093
0.09123400002135895 0.0
0.09166199999162927 0.0022400000016205013
0.09166199999162927 1.00000761449337e-06
0.09115500000189058 0.002171000000089407
0.09115500000189058 1.00000761449337e-06
0.0913579999760259 0.002215999993495643
0.0913579999760259 1.00000761449337e-06
0.09195900001213886 0.0022490000119432807
0.09195900001213886 1.00000761449337e-06
0.09140199999092147 0.0022699999972246587
0.09140199999092147 9.999785106629133e-07
0.09148599999025464 0.0022089999984018505
0.09148599999025464 0.0
0.09364899998763576 0.002265000017359853
0.09364899998763576 1.00000761449337e-06
0.1012180000252556 0.002546999981859699
0.1012180000252556 9.999785106629133e-07
0.10320599999977276 0.0024480000138282776
0.10320599999977276 1.00000761449337e-06
0.14155900001060218 0.0036600000166799873
0.14155900001060218 0.0
0.10652000000118278 0.0026369999977760017
0.10652000000118278 1.00000761449337e-06
0.15221199998632073 0.009023999999044463
0.15221199998632073 0.0
0.15356700000120327 0.009147000004304573
0.15356700000120327 0.0
0.1481719999865163 0.0033709999988786876
0.1481719999865163 9.999785106629133e-07
0.15130099997622892 0.0036700000055134296
0.15130099997622892 0.0
0.14438300000620075 0.003599999996367842
0.14438300000620075 1.00000761449337e-06
0.14183300000149757 0.0034779999987222254
0.14183300000149757 1.00000761449337e-06
0.13727600002312101 0.003392000013263896
0.13727600002312101 9.999785106629133e-07
0.129793999978574 0.003564999991795048
0.129793999978574 0.0
0.10815299997921102 0.002666999993380159
0.10815299997921102 0.0
0.11142800000379793 0.0027030000055674464
0.11142800000379793 0.0
0.11332099998253398 0.002902999985963106
0.11332099998253398 1.00000761449337e-06
0.11113999999361113 0.002705999999307096
0.11113999999361113 0.0
0.11118199999327771 0.0026760000037029386
0.11118199999327771 0.0
0.10353199997916818 0.002513000014005229
0.10353199997916818 0.0
0.10291699998197146 0.0026150000048801303
0.10291699998197146 0.0
0.10441299999365583 0.0025470000109635293
0.10441299999365583 0.0
0.10381599998800084 0.0025690000038594007
0.10381599998800084 1.00000761449337e-06
0.10358100000303239 0.0025350000069011003
0.10358100000303239 0.0
0.10100100000272505 0.002435000002151355
0.10100100000272505 1.00000761449337e-06
0.09665900000254624 0.0025000000023283064
0.09665900000254624 9.999785106629133e-07
0.13591700000688434 0.003415000013774261
0.13591700000688434 1.00000761449337e-06
0.0960919999924954 0.0023400000063702464
0.0960919999924954 0.0
0.0967160000000149 0.0022990000143181533
0.0967160000000149 1.00000761449337e-06
0.09635799998068251 0.002426000020932406
0.09635799998068251 0.0
0.09584200000972487 0.0023769999970681965
0.09584200000972487 0.0
0.09708999999566004 0.002220999973360449
0.09708999999566004 1.00000761449337e-06
0.09649399999761954 0.002396999974735081
0.09649399999761954 0.0
0.09592900000279769 0.0024550000089220703
0.09592900000279769 0.0
0.10150900000007823 0.0023520000104326755
0.10150900000007823 1.00000761449337e-06
0.09861099999397993 0.002402000012807548
0.09861099999397993 0.0
0.0971760000102222 0.00233199997455813
0.0971760000102222 1.00000761449337e-06
0.09751799999503419 0.0023409999848809093
0.09751799999503419 0.0
0.09660900000017136 0.002386000007390976
0.09660900000017136 0.0
0.0972310000215657 0.002449999999953434
0.0972310000215657 0.0
0.09690299999783747 0.002454000001307577
0.09690299999783747 0.0
0.09968999997363426 0.0023950000177137554
0.09968999997363426 1.00000761449337e-06
0.0993599999928847 0.0023890000011306256
0.0993599999928847 0.0
0.10041600000113249 0.0024200000043492764
0.10041600000113249 9.999785106629133e-07
0.09936999998171814 0.0023499999952036887
0.09936999998171814 0.0
0.09893700000247918 0.002406000014161691
0.09893700000247918 0.0
0.09883500001160428 0.00237199998809956
0.09883500001160428 9.999785106629133e-07
0.10000900001614355 0.0024070000217761844
0.10000900001614355 1.00000761449337e-06
0.09889600001042709 0.0023830000136513263
0.09889600001042709 0.0
0.10139100000378676 0.002418999996734783
0.10139100000378676 9.999785106629133e-07
0.10220399999525398 0.002414000016869977
0.10220399999525398 1.00000761449337e-06
0.11228599998867139 0.002666999993380159
0.11228599998867139 0.0
0.11127900000428781 0.0026999999827239662
0.11127900000428781 0.0
0.1161359999969136 0.0030100000149104744
0.1161359999969136 1.00000761449337e-06
0.12152600000263192 0.007580000004963949
0.12152600000263192 0.0
0.12699799999245442 0.007463000016286969
0.12699799999245442 1.00000761449337e-06
0.12325099998270161 0.0032899999932851642
0.12325099998270161 1.00000761449337e-06
0.1164590000116732 0.0028480000037234277
0.1164590000116732 0.0
0.11376700000255369 0.0027120000158902258
0.11376700000255369 1.00000761449337e-06
0.11454599999706261 0.0026889999862760305
0.11454599999706261 1.00000761449337e-06
0.11532799998531118 0.0028079999901819974
0.11532799998531118 0.0
0.11179699999047443 0.002673000009963289
0.11179699999047443 1.00000761449337e-06
0.1099310000136029 0.0026080000097863376
0.1099310000136029 0.0
0.10898099999758415 0.0026209999923594296
0.10898099999758415 1.00000761449337e-06
0.10681500000646338 0.0025920000043697655
0.10681500000646338 1.00000761449337e-06
0.1018729999777861 0.002459999988786876
0.1018729999777861 1.00000761449337e-06
0.1074019999941811 0.0028159999928902835
0.1074019999941811 9.999785106629133e-07
0.10637600001064129 0.0025759999989531934
0.10637600001064129 1.00000761449337e-06
0.10675999999511987 0.0025160000077448785
0.10675999999511987 1.00000761449337e-06
0.10704000000259839 0.0025180000229738653
0.10704000000259839 1.00000761449337e-06
0.1068059999961406 0.002554000006057322
0.1068059999961406 1.00000761449337e-06
0.10736500000348315 0.002513000014005229
0.10736500000348315 1.00000761449337e-06
0.10668299999088049 0.002529999997932464
0.10668299999088049 0.0
0.10638899999321438 0.0025449999957345426
0.10638899999321438 0.0
0.10693899999023415 0.0025749999913387
0.10693899999023415 0.0
0.10625899999286048 0.0026110000035259873
0.10625899999286048 0.0
0.1090519999852404 0.0026160000124946237
0.1090519999852404 0.0
0.11184600001433864 0.002582000015536323
0.11184600001433864 1.00000761449337e-06
0.10974200000055134 0.0025859999877866358
0.10974200000055134 0.0
0.10914099999354221 0.002594999998109415
0.10914099999354221 0.0
0.10877600000821985 0.0025849999801721424
0.10877600000821985 0.0
0.10902999999234453 0.002590999996755272
0.10902999999234453 0.0
0.11174999998183921 0.003009000007295981
0.11174999998183921 1.00000761449337e-06
0.11976699999650009 0.0028549999988172203
0.11976699999650009 0.0
0.12139300000853837 0.0029240000003483146
0.12139300000853837 0.0
0.11882700002752244 0.0028750000055879354
0.11882700002752244 0.0
0.11810299998614937 0.0028799999854527414
0.11810299998614937 1.00000761449337e-06
0.11909699998795986 0.00290099999983795
0.11909699998795986 9.999785106629133e-07
0.12123499999870546 0.0028750000055879354
0.12123499999870546 0.0
0.12087799998698756 0.0028729999903589487
0.12087799998698756 0.0
0.12398399997618981 0.0030940000142436475
0.12398399997618981 0.0
0.12344900000607595 0.002949999994598329
0.12344900000607595 1.00000761449337e-06
0.12111799998092465 0.0029320000030566007
0.12111799998092465 9.999785106629133e-07
0.12206500000320375 0.0028839999868068844
0.12206500000320375 9.999785106629133e-07
0.12190699999337085 0.0028609999862965196
0.12190699999337085 0.0
0.11636399998678826 0.0027640000043902546
0.11636399998678826 9.999785106629133e-07
0.15445500001078472 0.0037540000048466027
0.15445500001078472 1.00000761449337e-06
0.16133699999772944 0.0038409999979194254
0.16133699999772944 1.00000761449337e-06
0.1727039999968838 0.004122999991523102
0.1727039999968838 0.0
0.17521000001579523 0.004409999994095415
0.17521000001579523 0.0
0.17899600000237115 0.010947000002488494
0.17899600000237115 0.0
0.18859199999133125 0.01147800000035204
0.18859199999133125 0.0
0.14212400000542402 0.003908999991836026
0.14212400000542402 0.0
0.13033099999302067 0.0031700000108685344
0.13033099999302067 0.0
0.1285599999828264 0.003037999995285645
0.1285599999828264 9.999785106629133e-07
0.12939799999003299 0.003101999987848103
0.12939799999003299 0.0
0.12594299999182113 0.0030240000050980598
0.12594299999182113 1.00000761449337e-06
0.12113200000021607 0.0028569999849423766
0.12113200000021607 0.0
0.12086100000306033 0.0029039999935775995
0.12086100000306033 0.0
0.12114900001324713 0.0028759999840985984
0.12114900001324713 0.0
0.12229899998055771 0.002890000003390014
0.12229899998055771 0.0
0.1140929999819491 0.0026599999982863665
0.1140929999819491 1.00000761449337e-06
0.11657800001557916 0.002802000002702698
0.11657800001557916 0.0
0.11889300000621006 0.002763999975286424
0.11889300000621006 1.00000761449337e-06
0.12219400002504699 0.003200000006472692
0.12219400002504699 0.0
0.1193619999976363 0.003117999993264675
0.1193619999976363 0.0
0.12393500001053326 0.002814000006765127
0.12393500001053326 9.999785106629133e-07
0.12361999999848194 0.0029750000103376806
0.12361999999848194 0.0
0.12186100002145395 0.002785000018775463
0.12186100002145395 1.00000761449337e-06
0.12001799998688512 0.002933000010671094
0.12001799998688512 0.0
0.11956600000848994 0.0027439999976195395
0.11956600000848994 0.0
0.11776299998746254 0.0027540000155568123
0.11776299998746254 0.0
0.11657400001422502 0.0028420000162441283
0.11657400001422502 0.0
0.14781399999628775 0.003763000015169382
0.14781399999628775 9.999785106629133e-07
0.12037499999860302 0.0027319999935571104
0.12037499999860302 1.00000761449337e-06
0.12037999997846782 0.002769999991869554
0.12037999997846782 0.0
0.12081400002352893 0.002877000020816922
0.12081400002352893 1.00000761449337e-06
0.12153499998385087 0.002892999997129664
0.12153499998385087 1.00000761449337e-06
0.1210420000134036 0.002909999981056899
0.1210420000134036 9.999785106629133e-07
0.12412600000970997 0.00289499998325482
0.12412600000970997 1.00000761449337e-06
0.12196800002129748 0.0028070000116713345
0.12196800002129748 0.0
0.11632400000235066 0.002812999999150634
0.11632400000235066 9.999785106629133e-07
0.11807299999054521 0.0027589999954216182
0.11807299999054521 1.00000761449337e-06
0.11549999998533167 0.0027910000062547624
0.11549999998533167 0.0
0.11628799999016337 0.00274100000387989
0.11628799999016337 0.0
0.11635799999930896 0.002726000006077811
0.11635799999930896 1.00000761449337e-06
0.11717599999974482 0.0027600000030361116
0.11717599999974482 0.0
0.11749399997643195 0.0029320000030566007
0.11749399997643195 1.00000761449337e-06
0.11626500001875684 0.002722999983234331
0.11626500001875684 0.0
0.11737799999536946 0.0028790000069420785
0.11737799999536946 0.0
0.11621300000115298 0.002793000021483749
0.11621300000115298 0.0
0.1194860000105109 0.002804000017931685
0.1194860000105109 9.999785106629133e-07
0.11891299998387694 0.00282100000185892
0.11891299998387694 0.0
0.12575700000161305 0.002972999995108694
0.12575700000161305 0.0
0.13125000000582077 0.003161000000545755
0.13125000000582077 0.0
0.13451299999724142 0.0033740000217221677
0.13451299999724142 0.0
0.13892100000521168 0.003851000015856698
0.13892100000521168 0.0
0.14389800000935793 0.0038289999938569963
0.14389800000935793 9.999785106629133e-07
0.1431369999772869 0.0035370000114198774
0.1431369999772869 1.00000761449337e-06
0.1338030000042636 0.003181999985827133
0.1338030000042636 9.999785106629133e-07
0.1312350000080187 0.003156999999191612
0.1312350000080187 1.00000761449337e-06
0.14086300000781193 0.003185000008670613
0.14086300000781193 0.0
0.13081900001270697 0.0031719999969936907
0.13081900001270697 1.00000761449337e-06
0.12708999999449588 0.002953999995952472
0.12708999999449588 1.00000761449337e-06
0.12644400002318434 0.003037999995285645
0.12644400002318434 0.0
0.12731899999198504 0.00298099999781698
0.12731899999198504 9.999785106629133e-07
0.12610600001062267 0.0029839999915566295
0.12610600001062267 0.0
0.12469600001350045 0.002890000003390014
0.12469600001350045 9.999785106629133e-07
0.12456399999791756 0.0029289999802131206
0.12456399999791756 1.00000761449337e-06
0.12351900001522154 0.002957999997306615
0.12351900001522154 0.0
0.12145100001362152 0.0028569999849423766
0.12145100001362152 9.999785106629133e-07
0.12094100000103936 0.003620000003138557
0.12094100000103936 1.00000761449337e-06
0.1752459999988787 0.003968000004533678
0.1752459999988787 0.0
0.16467999998712912 0.0039490000053774565
0.16467999998712912 0.0
0.1641959999979008 0.004084999993210658
0.1641959999979008 9.999785106629133e-07
0.16493600001558661 0.004006999981356785
0.16493600001558661 1.00000761449337e-06
0.16625300000305288 0.003976000007241964
0.16625300000305288 0.0
0.1699240000161808 0.004057999991346151
0.1699240000161808 0.0
0.16796699998667464 0.004085000022314489
0.16796699998667464 0.0
0.1677919999929145 0.004090000002179295
0.1677919999929145 0.0
0.16710300001432188 0.004082999977981672
0.16710300001432188 0.0
0.16765099999611266 0.004050999996252358
0.16765099999611266 0.0
0.17020600000978447 0.00406700000166893
0.17020600000978447 1.00000761449337e-06
0.16741900000488386 0.004081000020960346
0.16741900000488386 1.00000761449337e-06
0.16818599999533035 0.004080999991856515
0.16818599999533035 0.0
0.16228400002000853 0.004094000003533438
0.16228400002000853 0.0
0.171619999979157 0.004061000014189631
0.171619999979157 0.0
0.1739919999963604 0.004053999989992008
0.1739919999963604 9.999785106629133e-07
0.17082400000072084 0.004102999984752387
0.17082400000072084 1.00000761449337e-06
0.17023700001300313 0.004124999977648258
0.17023700001300313 1.00000761449337e-06
0.17135400002007373 0.004157000017585233
0.17135400002007373 9.999785106629133e-07
0.17146399998455308 0.004102999984752387
0.17146399998455308 0.0
0.1462959999917075 0.003739999985555187
0.1462959999917075 1.00000761449337e-06
0.17119400002411567 0.004198000009637326
0.17119400002411567 0.0
0.17159700000775047 0.004106000007595867
0.17159700000775047 0.0
0.17131000000517815 0.003942999988794327
0.17131000000517815 0.0
0.170884000021033 0.004081000020960346
0.170884000021033 0.0
0.1265199999907054 0.0030020000122021884
0.1265199999907054 1.00000761449337e-06
0.1257480000203941 0.0030020000122021884
0.1257480000203941 0.0
0.13370600002235733 0.0034869999799411744
0.13370600002235733 0.0
0.14205900000524707 0.0033639999746810645
0.14205900000524707 0.0
0.15061500002047978 0.008828000020002946
0.15061500002047978 1.00000761449337e-06
0.15358300000661984 0.008995000011054799
0.15358300000661984 0.0
0.15804999999818392 0.009278000012272969
0.15804999999818392 1.00000761449337e-06
0.15778899998986162 0.004255000007105991
0.15778899998986162 1.00000761449337e-06
0.15164600001298822 0.003692999976919964
0.15164600001298822 1.00000761449337e-06
0.1614490000065416 0.003792000003159046
0.1614490000065416 1.00000761449337e-06
0.16216500001610257 0.0052989999821875244
0.16216500001610257 2.099998528137803e-05
0.14483400000608526 0.0034710000036284328
0.14483400000608526 0.0
0.1419400000013411 0.003364000003784895
0.1419400000013411 0.0
0.14380099999834783 0.0039059999980963767
0.14380099999834783 0.0
0.15047400002367795 0.0033650000113993883
0.15047400002367795 1.00000761449337e-06
0.14876599999843165 0.0033859999966807663
0.14876599999843165 0.0
0.19953099999111146 0.004818999994313344
0.19953099999111146 1.00000761449337e-06
0.144849999982398 0.0037580000062007457
0.144849999982398 1.00000761449337e-06
0.1477100000192877 0.0035650000208988786
0.1477100000192877 0.0
0.14936999999918044 0.003990999975940213
0.14936999999918044 1.00000761449337e-06
0.15865900000790134 0.0033380000095348805
0.15865900000790134 0.0
0.14615200000116602 0.003628000005846843
0.14615200000116602 9.999785106629133e-07
0.1511610000161454 0.0033540000149514526
0.1511610000161454 0.0
0.14013500002329238 0.0035090000019408762
0.14013500002329238 1.00000761449337e-06
0.13679999997839332 0.003148999996483326
0.13679999997839332 9.999785106629133e-07
0.13325899999472313 0.0035340000176802278
0.13325899999472313 0.0
0.13434600000618957 0.0032010000140871853
0.13434600000618957 0.0
0.1313759999757167 0.0032549999887123704
0.1313759999757167 0.0
0.18999099999200553 0.004264999995939434
0.18999099999200553 0.0
0.13665000000037253 0.003245999978389591
0.13665000000037253 0.0
0.13919200000236742 0.003403000009711832
0.13919200000236742 1.00000761449337e-06
0.14145900000585243 0.0032910000008996576
0.14145900000585243 9.999785106629133e-07
0.1428730000043288 0.0034260000102221966
0.1428730000043288 1.00000761449337e-06
0.14113899998483248 0.0033140000014100224
0.14113899998483248 0.0
0.16168399999151006 0.003249000001233071
0.16168399999151006 0.0
0.15126800001598895 0.0037810000067111105
0.15126800001598895 1.00000761449337e-06
0.14316899998812005 0.00382399998488836
0.14316899998812005 1.00000761449337e-06
0.1400699999940116 0.003973999992012978
0.1400699999940116 0.0
0.13926899997750297 0.0032620000129099935
0.13926899997750297 0.0
0.14069900001049973 0.00334700001985766
0.14069900001049973 1.00000761449337e-06
0.13753999999607913 0.0031989999988581985
0.13753999999607913 0.0
0.133732999995118 0.0034570000134408474
0.133732999995118 0.0
0.1338289999985136 0.003165000001899898
0.1338289999985136 0.0
0.1334729999944102 0.0031620000081602484
0.1334729999944102 1.00000761449337e-06
0.13415899997926317 0.003032000007806346
0.13415899997926317 1.00000761449337e-06
0.13711500001954846 0.003220000013243407
0.13711500001954846 0.0
0.13658699998632073 0.003257000003941357
0.13658699998632073 0.0
0.13566300002275966 0.0032789999968372285
0.13566300002275966 9.999785106629133e-07
0.14601599998422898 0.003499999991618097
0.14601599998422898 0.0
0.15105200000107288 0.0035659999994095415
0.15105200000107288 0.0
0.15488799999002367 0.0037339999980758876
0.15488799999002367 0.0
0.16168600000673905 0.0042619999730959535
0.16168600000673905 0.0
0.1661430000094697 0.009857000026386231
0.1661430000094697 0.0
0.1629100000136532 0.004007000010460615
0.1629100000136532 0.0
0.1584339999826625 0.0037869999941904098
0.1584339999826625 0.0
0.15294899998116307 0.00358700001379475
0.15294899998116307 0.0
0.1512990000192076 0.0036240000044927
0.1512990000192076 0.0
0.14682700001867488 0.0034459999878890812
0.14682700001867488 1.00000761449337e-06
0.14967199999955483 0.0034380000142846256
0.14967199999955483 1.00000761449337e-06
0.1431449999799952 0.003396000014618039
0.1431449999799952 0.0
0.1433850000030361 0.0034460000169929117
0.1433850000030361 1.00000761449337e-06
0.14586899999994785 0.0036560000153258443
0.14586899999994785 0.0
0.13711499999044463 0.0035140000109095126
0.13711499999044463 0.0
0.1585800000175368 0.0034989999840036035
0.1585800000175368 1.00000761449337e-06
0.162203000014415 0.003484999993816018
0.162203000014415 0.0
0.14632599998731166 0.003429999982472509
0.14632599998731166 1.00000761449337e-06
0.1448730000120122 0.00387000001501292
0.1448730000120122 0.0
0.14641499999561347 0.0034750000049825758
0.14641499999561347 0.0
0.14746300000115298 0.00350099999923259
0.14746300000115298 0.0
0.1444000000192318 0.003397999971639365
0.1444000000192318 0.0
0.14562900000601076 0.0034579999919515103
0.14562900000601076 0.0
0.15732099997694604 0.0034450000093784183
0.15732099997694604 0.0
0.17063800001051277 0.004226000019116327
0.17063800001051277 0.0
0.1431610000145156 0.0035020000068470836
0.1431610000145156 1.00000761449337e-06
0.14151099999435246 0.0033349999866914004
0.14151099999435246 1.00000761449337e-06
0.2052749999857042 0.005227000016020611
0.2052749999857042 1.00000761449337e-06
0.16487000000779517 0.0040760000119917095
0.16487000000779517 1.00000761449337e-06
0.17320099999778904 0.00430699999560602
0.17320099999778904 0.0
0.18821100000059232 0.004602000000886619
0.18821100000059232 1.00000761449337e-06
0.19179300000541843 0.004608999995980412
0.19179300000541843 0.0
0.1905700000061188 0.005016000010073185
0.1905700000061188 0.0
0.18817100001615472 0.004339999984949827
0.18817100001615472 0.0
0.19178500000271015 0.004897999984677881
0.19178500000271015 1.00000761449337e-06
0.14584000001195818 0.003864999976940453
0.14584000001195818 9.999785106629133e-07
0.14902799998526461 0.0036700000055134296
0.14902799998526461 1.00000761449337e-06
0.1467830000037793 0.003476999991107732
0.1467830000037793 1.00000761449337e-06
0.15066400001524016 0.003643000003648922
0.15066400001524016 1.00000761449337e-06
0.15089600000646897 0.0038530000019818544
0.15089600000646897 9.999785106629133e-07
0.16506500000832602 0.004290999990189448
0.16506500000832602 0.0
0.18310399999609217 0.0046159999910742044
0.18310399999609217 9.999785106629133e-07
0.16325899999355897 0.004052999982377514
0.16325899999355897 1.00000761449337e-06
0.17519599999650382 0.0039490000053774565
0.17519599999650382 1.00000761449337e-06
0.18024799998966046 0.004639999999199063
0.18024799998966046 1.00000761449337e-06
0.17776900000171736 0.00454999998328276
0.17776900000171736 0.0
0.20518399999127723 0.004973000002792105
0.20518399999127723 0.0
0.22367199999280274 0.0054370000143535435
0.22367199999280274 0.0
0.22714000000269152 0.013393000001087785
0.22714000000269152 0.0
0.2294030000048224 0.013839999999618158
0.2294030000048224 1.00000761449337e-06
0.23506500001531094 0.013918000011472031
0.23506500001531094 0.0
0.23834999999962747 0.014479000004939735
0.23834999999962747 1.00000761449337e-06
0.17119500000262633 0.004446000006282702
0.17119500000262633 0.0
0.21847399999387562 0.005284000013489276
0.21847399999387562 9.999785106629133e-07
0.21964000002481043 0.00527900000452064
0.21964000002481043 0.0
0.20781799999531358 0.0049820000131148845
0.20781799999531358 0.0
0.20749099997919984 0.00482999999076128
0.20749099997919984 9.999785106629133e-07
0.20445499999914318 0.005035000009229407
0.20445499999914318 0.0
0.20627100000274368 0.004901999986032024
0.20627100000274368 1.00000761449337e-06
0.206726999982493 0.004993999988073483
0.206726999982493 9.999785106629133e-07
0.1953759999887552 0.00374399998690933
0.1953759999887552 0.0
0.19763399998191744 0.004791000013938174
0.19763399998191744 9.999785106629133e-07
0.19770000001881272 0.00471900001866743
0.19770000001881272 0.0
0.19794799998635426 0.004375999997137114
0.19794799998635426 0.0
0.19791700001223944 0.004781999974511564
0.19791700001223944 0.0
0.19734000001335517 0.004738000017823651
0.19734000001335517 0.0
0.20085999998264015 0.004778999980771914
0.20085999998264015 1.00000761449337e-06
0.20080699998652562 0.004853999998886138
0.20080699998652562 1.00000761449337e-06
0.19948199999635108 0.004881000000750646
0.19948199999635108 1.00000761449337e-06
0.1776780000072904 0.0046959999890532345
0.1776780000072904 0.0
0.2048699999868404 0.00466700000106357
0.2048699999868404 0.0
0.20555500002228655 0.004736000002594665
0.20555500002228655 0.0
0.19492099998751655 0.004671000002417713
0.19492099998751655 0.0
0.20358699999633245 0.0047630000044591725
0.20358699999633245 1.00000761449337e-06
0.19999200000893325 0.005098000023281202
0.19999200000893325 9.999785106629133e-07
0.20170299999881536 0.004881000000750646
0.20170299999881536 0.0
0.19293000001925975 0.004841000016313046
0.19293000001925975 1.00000761449337e-06
0.20032099998206832 0.0048430000024382025
0.20032099998206832 0.0
0.19873800000641495 0.0048300000198651105
0.19873800000641495 0.0
0.1942259999923408 0.004736000002594665
0.1942259999923408 9.999785106629133e-07
0.20138099999167025 0.004852999991271645
0.20138099999167025 0.0
0.20321300000068732 0.004891999997198582
0.20321300000068732 0.0
0.20360599999548867 0.004905999987386167
0.20360599999548867 1.00000761449337e-06
0.20379800000227988 0.0048390000010840595
0.20379800000227988 0.0
0.20300999999744818 0.004934000025968999
0.20300999999744818 9.999785106629133e-07
0.2022980000183452 0.004852000012760982
0.2022980000183452 0.0
0.1506820000067819 0.0035700000007636845
0.1506820000067819 1.00000761449337e-06
0.1510829999751877 0.003495000011753291
0.1510829999751877 1.00000761449337e-06
0.21500700002070516 0.00498699999297969
0.21500700002070516 1.00000761449337e-06
0.1535100000037346 0.0036189999955240637
0.1535100000037346 0.0
0.1620849999890197 0.003882999997586012
0.1620849999890197 1.00000761449337e-06
0.16919499999494292 0.003969000012148172
0.16919499999494292 0.0
0.17914299998665228 0.004614000004949048
0.17914299998665228 1.00000761449337e-06
0.18598999999812804 0.010584000003291294
0.18598999999812804 0.0
0.1959330000099726 0.01132700001471676
0.1959330000099726 0.0
0.2024329999985639 0.012018999987049028
0.2024329999985639 0.0
0.20315700001083314 0.012216000002808869
0.20315700001083314 1.00000761449337e-06
0.204541999992216 0.005627000005915761
0.204541999992216 0.0
0.1726840000192169 0.0040969999972730875
0.1726840000192169 1.00000761449337e-06
0.17047599999932572 0.004061999992700294
0.17047599999932572 0.0
0.16782200001762249 0.004053999989992008
0.16782200001762249 0.0
0.16678800000227056 0.0039920000126585364
0.16678800000227056 0.0
0.16714599999249913 0.003915000008419156
0.16714599999249913 0.0
0.16476099999272265 0.003876000002492219
0.16476099999272265 0.0
0.1587240000080783 0.003700000001117587
0.1587240000080783 1.00000761449337e-06
0.16201500000897795 0.003767000016523525
0.16201500000897795 0.0
0.16359100001864135 0.004151000001002103
0.16359100001864135 0.0
0.16310500001418404 0.0038629999908152968
0.16310500001418404 1.00000761449337e-06
0.1640929999994114 0.0038219999987632036
0.1640929999994114 0.0
0.16457799999625422 0.0038730000087525696
0.16457799999625422 0.0
0.1607930000172928 0.0037669999874196947
0.1607930000172928 1.00000761449337e-06
0.16154299999470823 0.003772999974898994
0.16154299999470823 9.999785106629133e-07
0.1611609999963548 0.0037979999906383455
0.1611609999963548 1.00000761449337e-06
0.1606420000025537 0.003876000002492219
0.1606420000025537 0.0
0.16198600002098829 0.0038379999750759453
0.16198600002098829 9.999785106629133e-07
0.16160400002263486 0.0038090000161901116
0.16160400002263486 1.00000761449337e-06
0.16396000000531785 0.0036370000161696225
0.16396000000531785 1.00000761449337e-06
0.16343099999357946 0.003851999994367361
0.16343099999357946 1.00000761449337e-06
0.1619090000167489 0.003751999989617616
0.1619090000167489 0.0
0.16193699999712408 0.0038269999786280096
0.16193699999712408 1.00000761449337e-06
0.15990400000009686 0.0037420000007841736
0.15990400000009686 0.0
0.177771999995457 0.0040969999972730875
0.177771999995457 0.0
0.15874199999962002 0.003847999993013218
0.15874199999962002 0.0
0.1585229999909643 0.003659999987576157
0.1585229999909643 0.0
0.2135839999828022 0.005020999989937991
0.2135839999828022 1.00000761449337e-06
0.15926499999477528 0.003671999991638586
0.15926499999477528 0.0
0.15903000000980683 0.0037339999980758876
0.15903000000980683 0.0
0.19774400000460446 0.0042440000106580555
0.19774400000460446 0.0
0.17291500000283122 0.004091999988304451
0.17291500000283122 0.0
0.1583800000080373 0.003659999987576157
0.1583800000080373 0.0
0.21583800000371411 0.00495599998976104
0.21583800000371411 0.0
0.16672000000835396 0.0038939999940339476
0.16672000000835396 1.00000761449337e-06
0.1913240000139922 0.005200000014156103
0.1913240000139922 0.0
0.169605999981286 0.004095000011147931
0.169605999981286 9.999785106629133e-07
0.17127800002344884 0.007693000021390617
0.17127800002344884 9.999785106629133e-07
0.17092800000682473 0.004035000019939616
0.17092800000682473 0.0
0.1661339999991469 0.003999000007752329
0.1661339999991469 0.0
0.16590299998642877 0.003939000016544014
0.16590299998642877 9.999785106629133e-07
0.1650579999841284 0.0038650000060442835
0.1650579999841284 0.0
0.16493300002184696 0.0038320000167004764
0.16493300002184696 1.00000761449337e-06
0.16455399998812936 0.0039019999967422336
0.16455399998812936 0.0
0.16214400000171736 0.003788000001804903
0.16214400000171736 1.00000761449337e-06
0.15907100000185892 0.0037240000092424452
0.15907100000185892 0.0
0.15940999999293126 0.0037489999958779663
0.15940999999293126 1.00000761449337e-06
0.15777399999205954 0.003698000014992431
0.15777399999205954 1.00000761449337e-06
0.1583669999963604 0.0036829999880865216
0.1583669999963604 0.0
0.15853899999638088 0.0036540000000968575
0.15853899999638088 0.0
0.1591560000088066 0.003708999982336536
0.1591560000088066 0.0
0.15889900000183843 0.0037540000048466027
0.15889900000183843 9.999785106629133e-07
0.15809099999023601 0.003714999998919666
0.15809099999023601 0.0
0.15880299999844283 0.003712000005180016
0.15880299999844283 0.0
0.21402699997997843 0.005452000012155622
0.21402699997997843 0.0
0.15982800000347197 0.003712000005180016
0.15982800000347197 1.00000761449337e-06
0.1584900000016205 0.003792000003159046
0.1584900000016205 1.00000761449337e-06
0.1594350000086706 0.003882999997586012
0.1594350000086706 1.00000761449337e-06
0.15913300000829622 0.0037659999798052013
0.15913300000829622 1.00000761449337e-06
0.1610870000149589 0.004074000025866553
0.1610870000149589 0.0
0.16185599999153055 0.0038420000055339187
0.16185599999153055 0.0
0.16163700001197867 0.0038400000194087625
0.16163700001197867 0.0
0.16112500001327135 0.003843000013148412
0.16112500001327135 1.00000761449337e-06
0.1615849999943748 0.0038019999919924885
0.1615849999943748 0.0
0.1625849999836646 0.0036949999921489507
0.1625849999836646 0.0
0.1620110000076238 0.0038080000085756183
0.1620110000076238 9.999785106629133e-07
0.16104599999380298 0.0037959999754093587
0.16104599999380298 9.999785106629133e-07
0.16176899999845773 0.0037210000155027956
0.16176899999845773 0.0
0.16217100000358187 0.003743000008398667
0.16217100000358187 0.0
0.16409599999315105 0.004059999977471307
0.16409599999315105 1.00000761449337e-06
0.1804990000091493 0.003827999986242503
0.1804990000091493 0.0
0.17356500000460073 0.0043750000186264515
0.17356500000460073 1.00000761449337e-06
0.18280499998945743 0.004686999978730455
0.18280499998945743 1.00000761449337e-06
0.18811699998332188 0.004730999993626028
0.18811699998332188 1.00000761449337e-06
0.19996199998422526 0.005332000000635162
0.19996199998422526 0.0
0.20291600000928156 0.005464999994728714
0.20291600000928156 0.0
0.2022669999860227 0.004833999992115423
0.2022669999860227 0.0
0.19678500000736676 0.004932000010740012
0.19678500000736676 1.00000761449337e-06
0.18033900001319125 0.004281000001356006
0.18033900001319125 9.999785106629133e-07
0.18133099999977276 0.004654999997001141
0.18133099999977276 1.00000761449337e-06
0.17290999999386258 0.004086000000825152
0.17290999999386258 0.0
0.16752899999846704 0.00390399998286739
0.16752899999846704 0.0
0.16849399998318404 0.003977999993367121
0.16849399998318404 1.00000761449337e-06
0.16883099998813123 0.003957000008085743
0.16883099998813123 0.0
0.17076999999699183 0.0039410000026691705
0.17076999999699183 1.00000761449337e-06
0.16728799999691546 0.00386699999216944
0.16728799999691546 9.999785106629133e-07
0.16583099999115802 0.00387000001501292
0.16583099999115802 0.0
0.16890399999101646 0.003876000002492219
0.16890399999101646 0.0
0.16569399999571033 0.003859999997075647
0.16569399999571033 0.0
0.16702699998859316 0.004039999999804422
0.16702699998859316 1.00000761449337e-06
0.22476599999936298 0.005376000015530735
0.22476599999936298 0.0
0.22281100001418963 0.005329000006895512
0.22281100001418963 0.0
0.22172800000407733 0.005197999998927116
0.22172800000407733 0.0
0.22136700002010912 0.005123000009916723
0.22136700002010912 0.0
0.22549000001163222 0.005547999986447394
0.22549000001163222 1.00000761449337e-06
0.22916600000462495 0.00542999999015592
0.22916600000462495 1.00000761449337e-06
0.22585600000456907 0.00519900000654161
0.22585600000456907 0.0
0.22435000000405125 0.0053610000177286565
0.22435000000405125 9.999785106629133e-07
0.22672700000111945 0.005459999985760078
0.22672700000111945 9.999785106629133e-07
0.16934799999580719 0.0038219999987632036
0.16934799999580719 0.0
0.22719199999119155 0.005434999999124557
0.22719199999119155 1.00000761449337e-06
0.22608300001593307 0.005574000009801239
0.22608300001593307 9.999785106629133e-07
0.22922700000344776 0.005471999989822507
0.22922700000344776 1.00000761449337e-06
0.17501100001391023 0.004100000020116568
0.17501100001391023 0.0
0.18128299998352304 0.004293000005418435
0.18128299998352304 1.00000761449337e-06
0.18181100001675077 0.004268999997293577
0.18181100001675077 0.0
0.18054999999003485 0.004298999992897734
0.18054999999003485 0.0
0.18085500001325272 0.004409000015584752
0.18085500001325272 0.0
0.18046299999696203 0.004339999984949827
0.18046299999696203 9.999785106629133e-07
0.18228899998939596 0.00430699999560602
0.18228899998939596 0.0
0.1812740000023041 0.004270999983418733
0.1812740000023041 1.00000761449337e-06
0.18570699999690987 0.004461000004084781
0.18570699999690987 0.0
0.18313299998408183 0.004677999997511506
0.18313299998408183 0.0
0.18496099999174476 0.004375999997137114
0.18496099999174476 0.0
0.18208400000003166 0.004379999998491257
0.18208400000003166 0.0
0.18000399999436922 0.004201000003376976
0.18000399999436922 0.0
0.1815329999953974 0.004334000026574358
0.1815329999953974 1.00000761449337e-06
0.19147600000724196 0.004569000011542812
0.19147600000724196 0.0
0.1996389999985695 0.004798999987542629
0.1996389999985695 0.0
0.2031880000140518 0.005261000012978911
0.2031880000140518 1.00000761449337e-06
0.21199300000444055 0.012305000011110678
0.21199300000444055 0.0
0.21711399999912828 0.012793000001693144
0.21711399999912828 0.0
0.2189829999988433 0.005918000009842217
0.2189829999988433 1.00000761449337e-06
0.20795699997688644 0.005112000013468787
0.20795699997688644 0.0
0.195834999991348 0.0048639999877195805
0.195834999991348 9.999785106629133e-07
0.19508800000767224 0.004845999996177852
0.19508800000767224 0.0
0.19145600000047125 0.0044679999991785735
0.19145600000047125 1.00000761449337e-06
0.24101599998539314 0.005873999994946644
0.24101599998539314 0.0
0.1836440000042785 0.004342999978689477
0.1836440000042785 1.00000761449337e-06
0.18643999999039806 0.004407000000355765
0.18643999999039806 0.0
0.18553499999688938 0.004365000000689179
0.18553499999688938 0.0
0.18213400000240654 0.004298000014387071
0.18213400000240654 0.0
0.17792300001019612 0.004145999992033467
0.17792300001019612 0.0
0.17918499998631887 0.004224999982398003
0.17918499998631887 0.0
0.17806299999938346 0.0041769999952521175
0.17806299999938346 0.0
0.17807400002493523 0.004203999997116625
0.17807400002493523 0.0
0.17932199998176657 0.0041520000086165965
0.17932199998176657 1.00000761449337e-06
0.17900100001133978 0.004241999995429069
0.17900100001133978 1.00000761449337e-06
0.17593300002044998 0.004041000007418916
0.17593300002044998 0.0
0.17659099999582395 0.003993999998783693
0.17659099999582395 1.00000761449337e-06
0.1743350000178907 0.0041769999952521175
0.1743350000178907 0.0
0.17629599999054335 0.004321999993408099
0.17629599999054335 1.00000761449337e-06
0.17568799998844042 0.004454999987501651
0.17568799998844042 1.00000761449337e-06
0.17620500002522022 0.004153999994741753
0.17620500002522022 9.999785106629133e-07
0.1803360000194516 0.004314999998314306
0.1803360000194516 0.0
0.1803010000148788 0.0042760000214912
0.1803010000148788 1.00000761449337e-06
0.18320599998696707 0.004310999996960163
0.18320599998696707 0.0
0.233922999992501 0.005462000000989065
0.233922999992501 0.0
0.23833699998795055 0.005723000009311363
0.23833699998795055 0.0
0.2403710000216961 0.005801000021165237
0.2403710000216961 1.00000761449337e-06
0.23776399999042042 0.005739999993238598
0.23776399999042042 0.0
0.1788010000018403 0.004133000009460375
0.1788010000018403 0.0
0.1795900000142865 0.004258000000845641
0.1795900000142865 0.0
0.17832399997860193 0.004222999996272847
0.17832399997860193 1.00000761449337e-06
0.17847700000857003 0.0041729999938979745
0.17847700000857003 0.0
0.17706199997337535 0.004421999998157844
0.17706199997337535 0.0
0.17747600001166575 0.004167999984929338
0.17747600001166575 1.00000761449337e-06
0.17553100001532584 0.004145999992033467
0.17553100001532584 0.0
0.17483800000627525 0.004127000021981075
0.17483800000627525 0.0
0.17934699999750592 0.004137999989325181
0.17934699999750592 1.00000761449337e-06
0.17937599998549558 0.004203999997116625
0.17937599998549558 1.00000761449337e-06
0.18329300000914373 0.004330000025220215
0.18329300000914373 0.0
0.18698800000129268 0.004439999989699572
0.18698800000129268 1.00000761449337e-06
0.20296999998390675 0.005256000004010275
0.20296999998390675 0.0
0.20060399998328649 0.0048430000024382025
0.20060399998328649 1.00000761449337e-06
0.20587100001284853 0.005206999980146065
0.20587100001284853 0.0
0.21361000000615604 0.005384999996749684
0.21361000000615604 1.00000761449337e-06
0.22465899999951944 0.013559000013628975
0.22465899999951944 1.00000761449337e-06
0.21546700000180863 0.005620000010821968
0.21546700000180863 1.00000761449337e-06
0.21603199999663047 0.005212999996729195
0.21603199999663047 0.0
0.20058499998413026 0.0052229999855626374
0.20058499998413026 0.0
0.20069800000055693 0.0052429999923333526
0.20069800000055693 0.0
0.1904670000076294 0.004451999993762001
0.1904670000076294 0.0
0.18149999997694977 0.004283000016584992
0.18149999997694977 0.0
0.18029099999694154 0.004188999999314547
0.18029099999694154 1.00000761449337e-06
0.18029700001352467 0.0046319999964907765
0.18029700001352467 9.999785106629133e-07
0.1811310000193771 0.004366999986814335
0.1811310000193771 0.0
0.17802799999481067 0.00419000000692904
0.17802799999481067 0.0
0.17814100001123734 0.00426399998832494
0.17814100001123734 0.0
0.1786969999957364 0.004397999990032986
0.1786969999957364 1.00000761449337e-06
0.17779499999596737 0.0042190000240225345
0.17779499999596737 9.999785106629133e-07
0.17855800001416355 0.00414400000590831
0.17855800001416355 0.0
0.17822999999043532 0.004134999995585531
0.17822999999043532 9.999785106629133e-07
0.1790059999912046 0.0041769999952521175
0.1790059999912046 1.00000761449337e-06
0.18072599999140948 0.004305999987991527
0.18072599999140948 1.00000761449337e-06
0.1805109999841079 0.004209000006085262
0.1805109999841079 1.00000761449337e-06
0.18207499998970889 0.004161999997450039
0.18207499998970889 0.0
0.1811079999897629 0.004218999994918704
0.1811079999897629 1.00000761449337e-06
0.18088100000750273 0.004564000002574176
0.18088100000750273 1.00000761449337e-06
0.18172200000844896 0.0042409999878145754
0.18172200000844896 9.999785106629133e-07
0.17955200001597404 0.0042449999891687185
0.17955200001597404 0.0
0.18090100001427345 0.004218999994918704
0.18090100001427345 0.0
0.181205000000773 0.004214000015053898
0.181205000000773 1.00000761449337e-06
0.18064800000865944 0.004182999982731417
0.18064800000865944 1.00000761449337e-06
0.18372200001613237 0.004432000016095117
0.18372200001613237 0.0
0.18334100002539344 0.004305000009480864
0.18334100002539344 1.00000761449337e-06
0.18315799999982119 0.004262000002199784
0.18315799999982119 1.00000761449337e-06
0.18336000002454966 0.004351000010501593
0.18336000002454966 0.0
0.18406999998842366 0.004264999995939434
0.18406999998842366 0.0
0.18333899998106062 0.004344000015407801
0.18333899998106062 0.0
0.18322099998476915 0.004329999996116385
0.18322099998476915 0.0
0.18369999999413267 0.004314999998314306
0.18369999999413267 0.0
0.18516600001021288 0.0041849999979604036
0.18516600001021288 1.00000761449337e-06
0.18616300000576302 0.00439300001016818
0.18616300000576302 0.0
0.1918080000032205 0.00458999999682419
0.1918080000032205 0.0
0.19122899998910725 0.004681999998865649
0.19122899998910725 1.00000761449337e-06
0.19446400000015274 0.004655000026104972
0.19446400000015274 9.999785106629133e-07
0.25098300000536256 0.0050829999963752925
0.25098300000536256 0.0
0.25972299999557436 0.00632499999483116
0.25972299999557436 1.00000761449337e-06
0.2825230000016745 0.006912999990163371
0.2825230000016745 0.0
0.21329300000797957 0.005570999986957759
0.21329300000797957 1.00000761449337e-06
0.22190299999783747 0.005528000008780509
0.22190299999783747 0.0
0.29782300000078976 0.017373000009683892
0.29782300000078976 0.0
0.29680500001995824 0.007782999979099259
0.29680500001995824 0.0
0.2808039999799803 0.0069460000086110085
0.2808039999799803 0.0
0.2631180000025779 0.00668200000654906
0.2631180000025779 1.00000761449337e-06
0.26354000001447275 0.006345000001601875
0.26354000001447275 0.0
0.2464040000049863 0.005997000000206754
0.2464040000049863 1.00000761449337e-06
INFO:sc2.protocol:Client status changed to Status.ended (was Status.in_game)
INFO:sc2.protocol:Client status changed to Status.ended (was Status.in_game)
INFO:root:Result for player 1 - Bot(Race.Terran, <bots.kinai.test_bot.TestBot object at 0x7ff7790a4198>): Defeat
INFO:root:Result for player 2 - Bot(Race.Terran, <bots.Showing_bot.speedBot.MarinBot object at 0x7ff7790a65f8>): Victory
INFO:sc2.client:Saved replay to outs/2020-01-17T11-28-03/replays/kinai-showing_bot/kinai-showing_bot-2.SC2Replay
INFO:sc2.protocol:Client status changed to Status.launched (was Status.ended)
INFO:sc2.protocol:Client status changed to Status.quit (was Status.launched)
INFO:sc2.sc2process:kill_switch: Process cleanup
INFO:sc2.sc2process:Cleaning up...
INFO:sc2.sc2process:Cleanup complete
INFO:sc2.sc2process:Cleaning up...
INFO:sc2.sc2process:Cleanup complete
INFO:sc2.protocol:Client status changed to Status.launched (was Status.ended)
INFO:sc2.protocol:Cannot receive: Connection already closed.
INFO:sc2.sc2process:kill_switch: Process cleanup
INFO:sc2.sc2process:Cleaning up...
INFO:sc2.sc2process:Cleanup complete
INFO:sc2.sc2process:Cleaning up...
INFO:sc2.sc2process:Cleanup complete


## STDERR ##

Version: B75689 (SC2.4.10)
Build: Aug 12 2019 17:16:57
Command Line: '"/home/hspark8312/StarCraftII/Versions/Base75689/SC2_x64" -listen 127.0.0.1 -port 22036 -displayMode 0 -dataDir /home/hspark8312/StarCraftII -tempDir /tmp/SC2_38olepub'
Starting up...
Startup Phase 1 complete
Version: B75689 (SC2.4.10)
Build: Aug 12 2019 17:16:57
Command Line: '"/home/hspark8312/StarCraftII/Versions/Base75689/SC2_x64" -listen 127.0.0.1 -port 23752 -displayMode 0 -dataDir /home/hspark8312/StarCraftII -tempDir /tmp/SC2_s_gs8kb2'
Starting up...
Startup Phase 1 complete
Startup Phase 2 complete
Creating stub renderer...
Listening on: 127.0.0.1:22036
Startup Phase 3 complete. Ready for commands.
Startup Phase 2 complete
Creating stub renderer...
ConnectHandler: Request from 127.0.0.1:57193 accepted
ReadyHandler: 127.0.0.1:57193 ready
Requesting to join a multiplayer game
Configuring interface options
Configure: raw interface enabled
Configure: feature layer interface enabled
Configure: score interface enabled
Configure: render interface disabled
Listening on: 127.0.0.1:23752
Startup Phase 3 complete. Ready for commands.
ConnectHandler: Request from 127.0.0.1:57195 accepted
ReadyHandler: 127.0.0.1:57195 ready
Requesting to join a multiplayer game
Configuring interface options
Configure: raw interface enabled
Configure: feature layer interface enabled
Configure: score interface enabled
Configure: render interface disabled
Create game with map path: NCFellowship-2019_m1_v6.SC2Map
Attempting to join a game with the map: NCFellowship-2019_m1_v6.SC2Map
Game has started.
Using default stable ids, none found at: /home/hspark8312/StarCraftII/stableid.json
Successfully loaded stable ids: GameData\stableid.json
Sending ResponseJoinGame
Game has started.
Using default stable ids, none found at: /home/hspark8312/StarCraftII/stableid.json
Successfully loaded stable ids: GameData\stableid.json
Sending ResponseJoinGame
RequestQuit command received.
Closing Application...
/home/hspark8312/anaconda3/envs/sc2/lib/python3.6/importlib/_bootstrap.py:219: RuntimeWarning: numpy.ufunc size changed, may indicate binary incompatibility. Expected 192 from C header, got 216 from PyObject
  return f(*args, **kwds)
/home/hspark8312/anaconda3/envs/sc2/lib/python3.6/importlib/_bootstrap.py:219: RuntimeWarning: numpy.ufunc size changed, may indicate binary incompatibility. Expected 192 from C header, got 216 from PyObject
  return f(*args, **kwds)
/home/hspark8312/anaconda3/envs/sc2/lib/python3.6/site-packages/tensorboard/compat/tensorflow_stub/dtypes.py:541: FutureWarning: Passing (type, 1) or '1type' as a synonym of type is deprecated; in a future version of numpy, it will be understood as (type, (1,)) / '(1,)type'.
  _np_qint8 = np.dtype([("qint8", np.int8, 1)])
/home/hspark8312/anaconda3/envs/sc2/lib/python3.6/site-packages/past/builtins/misc.py:45: DeprecationWarning: the imp module is deprecated in favour of importlib; see the module's documentation for alternative uses
  from imp import reload
/mnt/d/sc2minigame-eval-2020-01-09/bots/Showing_bot/speedBot.py:1643: RuntimeWarning: coroutine 'TerreinManager.debug' was never awaited
  self.terrein_manager.debug()
/mnt/d/sc2minigame-eval-2020-01-09/bots/kinai/test_bot.py:644: RuntimeWarning: coroutine 'Debuging.normal_step' was never awaited
  self.normal_step(unit, units)
