## STDOUT ##

[[92mINFO[0m] SC2 4.9.0 용 패치 적용
패치 sc2.ids.ability_id
패치 sc2.game_state
패치 sc2.bot_ai
패치 sc2.client
패치 sc2.controller
패치 sc2.main
INFO:root:Failed to import cuda module: No module named 'caffe2.python.caffe2_pybind11_state_gpu'
INFO:root:Failed to import AMD hip module: No module named 'caffe2.python.caffe2_pybind11_state_hip'
WARNING:root:This caffe2 python run does not have GPU support. Will run in CPU only mode.
cpu
INFO:sc2.protocol:Client status changed to Status.launched (was None)
INFO:sc2.protocol:Client status changed to Status.launched (was None)
INFO:sc2_patch.sc2_patch_490.controller:Creating new game
INFO:sc2_patch.sc2_patch_490.controller:Map:     NCFellowship-2019_m1_v6
INFO:sc2_patch.sc2_patch_490.controller:Players: Bot(Race.Terran, <bots.kinai.test_bot.TestBot object at 0x7f7b35c83160>), Bot(Race.Terran, <bots.Showing_bot.speedBot.MarinBot object at 0x7f7b35c855c0>)
INFO:sc2.protocol:Client status changed to Status.init_game (was Status.launched)
INFO:sc2.protocol:Client status changed to Status.in_game (was None)
INFO:root:Player 2 - Bot(Race.Terran, <bots.Showing_bot.speedBot.MarinBot object at 0x7f7b35c855c0>)
TEST: 2, <bots.Showing_bot.speedBot.MarinBot object at 0x7f7b35c855c0>
load model: bots/Showing_bot/models/model-89.pt
create new model
INFO:sc2.protocol:Client status changed to Status.in_game (was None)
INFO:root:Player 1 - Bot(Race.Terran, <bots.kinai.test_bot.TestBot object at 0x7f7b35c83160>)
TEST: 1, <bots.kinai.test_bot.TestBot object at 0x7f7b35c83160>
0.044705000007525086 0.0027790000021923333
0.044705000007525086 0.0
0.04537900001741946 0.0023070000170264393
0.04537900001741946 0.0
0.04425599999376573 0.001348999998299405
0.04425599999376573 1.00000761449337e-06
0.04358399999910034 0.0014939999964553863
0.04358399999910034 1.00000761449337e-06
0.04409700000542216 0.0012989999959245324
0.04409700000542216 0.0
0.044510999985504895 0.001061999995727092
0.044510999985504895 0.0
0.04423500000848435 0.001221999991685152
0.04423500000848435 9.999785106629133e-07
0.04448700000648387 0.0010649999894667417
0.04448700000648387 0.0
0.044221999996807426 0.0010590000019874424
0.044221999996807426 0.0
0.04438400000799447 0.001117000007070601
0.04438400000799447 9.999785106629133e-07
0.04400100000202656 0.0010889999975915998
0.04400100000202656 1.00000761449337e-06
0.044449000008171424 0.0010989999864250422
0.044449000008171424 0.0
0.04438900001696311 0.0010809999948833138
0.04438900001696311 9.999785106629133e-07
0.04388100001960993 0.0010540000221226364
0.04388100001960993 0.0
0.04658900000504218 0.0012829999905079603
0.04658900000504218 1.00000761449337e-06
0.046547000005375594 0.0011260000173933804
0.046547000005375594 1.00000761449337e-06
0.04681999998865649 0.0012710000155493617
0.04681999998865649 1.00000761449337e-06
0.046781000011833385 0.0012450000212993473
0.046781000011833385 0.0
0.04709999999613501 0.0012780000106431544
0.04709999999613501 0.0
0.047126000019488856 0.0012449999921955168
0.047126000019488856 0.0
0.049789999990025535 0.0028139999776612967
0.049789999990025535 1.00000761449337e-06
0.049647999985609204 0.0013120000076014549
0.049647999985609204 1.00000761449337e-06
0.04972899999120273 0.0011959999974351376
0.04972899999120273 1.00000761449337e-06
0.049934000009670854 0.0012659999774768949
0.049934000009670854 0.0
0.04946300000301562 0.0011889999732375145
0.04946300000301562 1.00000761449337e-06
0.049741000024368986 0.001189000002341345
0.049741000024368986 1.00000761449337e-06
0.049140999995870516 0.0011999999987892807
0.049140999995870516 1.00000761449337e-06
0.050611000013304874 0.0012960000021848828
0.050611000013304874 9.999785106629133e-07
0.049346999992849305 0.0012189999979455024
0.049346999992849305 0.0
0.050004999997327104 0.0012229999992996454
0.050004999997327104 9.999785106629133e-07
0.04651099999318831 0.0011959999974351376
0.04651099999318831 0.0
0.04874800000106916 0.001217999990331009
0.04874800000106916 9.999785106629133e-07
0.04701999999815598 0.001189000002341345
0.04701999999815598 1.00000761449337e-06
0.04662000000826083 0.0011489999887999147
0.04662000000826083 1.00000761449337e-06
0.04745699997874908 0.0012589999823831022
0.04745699997874908 1.00000761449337e-06
0.049641999998129904 0.0012920000008307397
0.049641999998129904 0.0
0.04954499998711981 0.0012140000180806965
0.04954499998711981 1.00000761449337e-06
0.048811999993631616 0.0011980000126641244
0.048811999993631616 0.0
0.0494780000008177 0.001229999994393438
0.0494780000008177 0.0
0.04859500000020489 0.001205000007757917
0.04859500000020489 0.0
changed strategy
0.050331000005826354 0.0012030000216327608
0.050331000005826354 1.00000761449337e-06
0.050568000006023794 0.0013169999874662608
0.050568000006023794 0.0
0.0498129999905359 0.001229999994393438
0.0498129999905359 9.999785106629133e-07
0.0508059999847319 0.0014340000052470714
0.0508059999847319 9.999785106629133e-07
0.049278999998932704 0.0012040000001434237
0.049278999998932704 0.0
0.05047700001159683 0.0011870000162161887
0.05047700001159683 1.00000761449337e-06
0.049658000003546476 0.0012189999979455024
0.049658000003546476 9.999785106629133e-07
0.04931099998066202 0.0012249999854248017
0.04931099998066202 0.0
0.05991599999833852 0.0014830000000074506
0.05991599999833852 1.00000761449337e-06
0.05392599999322556 0.0013329999928828329
0.05392599999322556 2.19999928958714e-05
0.051525999995647 0.0013829999952577055
0.051525999995647 0.0
0.054610999999567866 0.003085999982431531
0.054610999999567866 0.0
0.054623000003630295 0.0014620000147260725
0.054623000003630295 0.0
0.05464899999788031 0.0014629999932367355
0.05464899999788031 0.0
0.05622399999992922 0.001357000001007691
0.05622399999992922 0.0
0.05453300001681782 0.001349999976810068
0.05453300001681782 0.0
0.054434999998193234 0.001293000008445233
0.054434999998193234 0.0
0.0762749999994412 0.001896000001579523
0.0762749999994412 1.00000761449337e-06
0.058883999998215586 0.0014859999937471002
0.058883999998215586 0.0
0.06939399999100715 0.0016670000040903687
0.06939399999100715 1.00000761449337e-06
0.05353499998454936 0.0013009999820496887
0.05353499998454936 1.00000761449337e-06
0.055136999988462776 0.0013079999771434814
0.055136999988462776 0.0
0.05465499998535961 0.001305999991018325
0.05465499998535961 1.00000761449337e-06
0.05463299999246374 0.0013090000138618052
0.05463299999246374 0.0
0.05409600000712089 0.0013430000108201057
0.05409600000712089 1.00000761449337e-06
0.0546100000210572 0.0013270000054035336
0.0546100000210572 1.00000761449337e-06
0.054238000011537224 0.0012960000021848828
0.054238000011537224 1.00000761449337e-06
0.06819699998595752 0.0014250000240281224
0.06819699998595752 0.0
0.0569250000116881 0.0015650000132154673
0.0569250000116881 0.0
0.057545000017853454 0.0013849999813828617
0.057545000017853454 9.999785106629133e-07
0.05895700000110082 0.0013979999930597842
0.05895700000110082 0.0
0.06819200000609271 0.0019150000007357448
0.06819200000609271 0.0
0.0538900000101421 0.0013170000165700912
0.0538900000101421 1.00000761449337e-06
0.0542309999873396 0.0013010000111535192
0.0542309999873396 0.0
0.054088000004412606 0.0013040000048931688
0.054088000004412606 0.0
0.05413800000678748 0.001293000008445233
0.05413800000678748 1.00000761449337e-06
0.054263000027276576 0.0013089999847579747
0.054263000027276576 1.00000761449337e-06
0.05212300000130199 0.0012839999981224537
0.05212300000130199 0.0
0.05207800000789575 0.001277000003028661
0.05207800000789575 0.0
0.051478999987011775 0.0013259999977890402
0.051478999987011775 0.0
0.052718999999342486 0.0012470000074245036
0.052718999999342486 0.0
0.04980300000170246 0.0012670000141952187
0.04980300000170246 0.0
0.04896400001598522 0.0013290000206325203
0.04896400001598522 0.0
0.047055000002728775 0.0016239999968092889
0.047055000002728775 1.00000761449337e-06
0.04437700001290068 0.0012629999837372452
0.04437700001290068 0.0
0.04733100000885315 0.0014230000087991357
0.04733100000885315 9.999785106629133e-07
0.04632100000162609 0.0014500000106636435
0.04632100000162609 0.0
0.04644399997778237 0.0014120000123512
0.04644399997778237 0.0
0.047896000003675 0.0012339999957475811
0.047896000003675 0.0
0.04667099998914637 0.0014570000057574362
0.04667099998914637 9.999785106629133e-07
0.04517900000791997 0.0011079999967478216
0.04517900000791997 0.0
0.04430099998717196 0.0011440000089351088
0.04430099998717196 0.0
0.04522600001655519 0.0013109999999869615
0.04522600001655519 0.0
0.04210600000806153 0.0010760000150185078
0.04210600000806153 0.0
0.04208899999503046 0.0010429999965708703
0.04208899999503046 0.0
0.04168200001004152 0.0010550000006332994
0.04168200001004152 0.0
0.04182399998535402 0.001065999997081235
0.04182399998535402 9.999785106629133e-07
0.04182400001445785 0.0010440000041853637
0.04182400001445785 1.00000761449337e-06
0.0422299999918323 0.0010989999864250422
0.0422299999918323 1.00000761449337e-06
0.04220399999758229 0.0010959999926853925
0.04220399999758229 0.0
0.045824000000720844 0.0013500000059138983
0.045824000000720844 1.00000761449337e-06
0.04524400000809692 0.001357000001007691
0.04524400000809692 1.00000761449337e-06
0.046449000015854836 0.0011980000126641244
0.046449000015854836 0.0
0.04483300002175383 0.0011320000048726797
0.04483300002175383 0.0
0.044427999993786216 0.001117000007070601
0.044427999993786216 0.0
0.04733600001782179 0.0012579999747686088
0.04733600001782179 1.00000761449337e-06
0.0465400000102818 0.0011999999987892807
0.0465400000102818 0.0
0.04670000000623986 0.0014989999763201922
0.04670000000623986 0.0
0.046800000010989606 0.0012250000145286322
0.046800000010989606 1.00000761449337e-06
0.04673699999693781 0.001260999997612089
0.04673699999693781 0.0
0.06518500001402572 0.0016460000188089907
0.06518500001402572 0.0
0.04744399999617599 0.0011950000189244747
0.04744399999617599 1.00000761449337e-06
0.047657999995863065 0.0014519999967887998
0.047657999995863065 1.00000761449337e-06
0.04685700000845827 0.0012410000199452043
0.04685700000845827 0.0
0.04651100002229214 0.0012360000109765679
0.04651100002229214 0.0
0.04735800001071766 0.0011519999825395644
0.04735800001071766 0.0
0.047072999994270504 0.001213999988976866
0.047072999994270504 0.0
0.04832400000304915 0.0012289999867789447
0.04832400000304915 0.0
0.0465680000197608 0.0016659999964758754
0.0465680000197608 1.00000761449337e-06
0.04783799999859184 0.0014939999964553863
0.04783799999859184 0.0
0.053158000024268404 0.0018930000078398734
0.053158000024268404 0.0
0.05265599998529069 0.0015030000067781657
0.05265599998529069 0.0
0.051679000025615096 0.0013130000152159482
0.051679000025615096 1.00000761449337e-06
0.04807700001401827 0.001461999985622242
0.04807700001401827 0.0
0.05198099999688566 0.0015189999830909073
0.05198099999688566 0.0
0.05179800000041723 0.0015450000064447522
0.05179800000041723 1.00000761449337e-06
0.04654300000402145 0.0012799999967683107
0.04654300000402145 0.0
0.04740999999921769 0.0011729999969247729
0.04740999999921769 9.999785106629133e-07
0.04479600000195205 0.0011380000214558095
0.04479600000195205 0.0
0.04447799999616109 0.001105000003008172
0.04447799999616109 1.00000761449337e-06
0.04452699999092147 0.0011229999945499003
0.04452699999092147 0.0
0.04223500000080094 0.0011369999847374856
0.04223500000080094 0.0
0.0425589999940712 0.001065999997081235
0.0425589999940712 1.00000761449337e-06
0.04377999997814186 0.0011919999960809946
0.04377999997814186 9.999785106629133e-07
0.04202299998723902 0.0010349999938625842
0.04202299998723902 0.0
0.04510800002026372 0.0012419999984558672
0.04510800002026372 0.0
0.0453550000092946 0.0011360000062268227
0.0453550000092946 1.00000761449337e-06
0.0482590000028722 0.0011529999901540577
0.0482590000028722 0.0
0.04484999997657724 0.001340999995591119
0.04484999997657724 0.0
0.048898000008193776 0.0012540000025182962
0.048898000008193776 9.999785106629133e-07
0.0446010000014212 0.0010970000002998859
0.0446010000014212 0.0
0.045331999979680404 0.0013109999999869615
0.045331999979680404 1.00000761449337e-06
0.06226999999489635 0.001724000001559034
0.06226999999489635 1.00000761449337e-06
0.043812000018078834 0.0011029999877791852
0.043812000018078834 0.0
0.04461300000548363 0.0010970000002998859
0.04461300000548363 0.0
0.0451399999728892 0.0011870000162161887
0.0451399999728892 1.00000761449337e-06
0.04556400000001304 0.001289999985601753
0.04556400000001304 1.00000761449337e-06
0.06281199998920783 0.001711000018985942
0.06281199998920783 0.0
0.04966600000625476 0.0012589999823831022
0.04966600000625476 0.0
0.044393999996827915 0.0011229999945499003
0.044393999996827915 1.00000761449337e-06
0.05778800000553019 0.0018320000090170652
0.05778800000553019 0.0
0.06402299998444505 0.0015779999957885593
0.06402299998444505 0.0
0.057539000001270324 0.0011959999974351376
0.057539000001270324 0.0
0.05260100000305101 0.001269000000320375
0.05260100000305101 9.999785106629133e-07
0.05192600001464598 0.001373999984934926
0.05192600001464598 9.999785106629133e-07
0.0641909999831114 0.001640000002225861
0.0641909999831114 9.999785106629133e-07
0.0471079999988433 0.0012229999992996454
0.0471079999988433 1.00000761449337e-06
0.04539199999999255 0.0013069999986328185
0.04539199999999255 0.0
0.04389000000082888 0.00109200002043508
0.04389000000082888 0.0
0.04189699998823926 0.0010230000189039856
0.04189699998823926 1.00000761449337e-06
0.042268000019248575 0.0010519999777898192
0.042268000019248575 0.0
0.042562999995425344 0.0010790000087581575
0.042562999995425344 9.999785106629133e-07
0.04130300000542775 0.0011229999945499003
0.04130300000542775 0.0
0.04175600002054125 0.0014580000133719295
0.04175600002054125 0.0
0.042187999992165715 0.0012579999747686088
0.042187999992165715 0.0
0.05682500000693835 0.0020419999782461673
0.05682500000693835 0.0
0.04220500000519678 0.001248000015038997
0.04220500000519678 1.00000761449337e-06
0.04224799998337403 0.0011949999898206443
0.04224799998337403 0.0
0.05166100000496954 0.001541999983601272
0.05166100000496954 1.00000761449337e-06
0.044381999992765486 0.0014110000047367066
0.044381999992765486 0.0
0.06710200000088662 0.002103999984683469
0.06710200000088662 9.999785106629133e-07
0.04974200000287965 0.0014130000199656934
0.04974200000287965 0.0
0.0520410000171978 0.0016410000098403543
0.0520410000171978 0.0
0.05181199999060482 0.0014300000038929284
0.05181199999060482 0.0
0.05169300001580268 0.0016910000122152269
0.05169300001580268 9.999785106629133e-07
0.06642599997576326 0.0018890000064857304
0.06642599997576326 0.0
0.0662820000143256 0.0021499999857041985
0.0662820000143256 1.00000761449337e-06
0.05002299998886883 0.001385999988997355
0.05002299998886883 1.00000761449337e-06
0.06709799999953248 0.0018020000134129077
0.06709799999953248 1.00000761449337e-06
0.04795699997339398 0.0013390000094659626
0.04795699997339398 1.00000761449337e-06
0.04627200000686571 0.0013850000104866922
0.04627200000686571 0.0
0.04764199999044649 0.001164000015705824
0.04764199999044649 0.0
0.0462169999955222 0.0011769999982789159
0.0462169999955222 1.00000761449337e-06
0.04773600000771694 0.0014090000186115503
0.04773600000771694 0.0
0.0473679999995511 0.001137999992351979
0.0473679999995511 0.0
0.04968399999779649 0.001314999972237274
0.04968399999779649 1.00000761449337e-06
0.04933999999775551 0.0012229999992996454
0.04933999999775551 1.00000761449337e-06
0.048589999991236255 0.0011989999911747873
0.048589999991236255 0.0
0.049952999979723245 0.001197000005049631
0.049952999979723245 9.999785106629133e-07
0.06673399999272078 0.003736999991815537
0.06673399999272078 1.00000761449337e-06
0.06588100001681596 0.002119999990100041
0.06588100001681596 0.0
0.06413699997938238 0.001576999988174066
0.06413699997938238 1.00000761449337e-06
0.06490600001416169 0.001537999982247129
0.06490600001416169 1.00000761449337e-06
0.06406900001456961 0.0015329999732784927
0.06406900001456961 0.0
0.06490600001416169 0.001572999986819923
0.06490600001416169 0.0
0.06488000001991168 0.0015330000023823231
0.06488000001991168 0.0
0.05643600001349114 0.0013479999906849116
0.05643600001349114 1.00000761449337e-06
0.05238700000336394 0.0012419999984558672
0.05238700000336394 0.0
0.046574999985750765 0.0011269999959040433
0.046574999985750765 1.00000761449337e-06
0.04461400001309812 0.001137999992351979
0.04461400001309812 9.999785106629133e-07
0.045351000007940456 0.0011269999959040433
0.045351000007940456 1.00000761449337e-06
0.044831000006524846 0.0011959999974351376
0.044831000006524846 0.0
0.044938000006368384 0.0011700000031851232
0.044938000006368384 0.0
0.0446689999953378 0.0010710000060498714
0.0446689999953378 1.00000761449337e-06
0.04530899997917004 0.001180999999633059
0.04530899997917004 0.0
0.044391000003088266 0.00109200002043508
0.044391000003088266 1.00000761449337e-06
0.0449009999865666 0.0011069999891333282
0.0449009999865666 1.00000761449337e-06
0.04236700001638383 0.0010580000234767795
0.04236700001638383 9.999785106629133e-07
0.051442000025417656 0.001416000013705343
0.051442000025417656 0.0
0.04220200001145713 0.001061999995727092
0.04220200001145713 0.0
0.041850000008707866 0.0010500000207684934
0.041850000008707866 0.0
0.04233100000419654 0.0010400000028312206
0.04233100000419654 0.0
0.04223900000215508 0.0010140000085812062
0.04223900000215508 0.0
0.041966999997384846 0.0010119999933522195
0.041966999997384846 1.00000761449337e-06
0.04188600002089515 0.0010170000023208559
0.04188600002089515 0.0
0.042037000006530434 0.0010180000099353492
0.042037000006530434 1.00000761449337e-06
0.04224499998963438 0.0010569999867584556
0.04224499998963438 0.0
0.040259000001242384 0.0009919999865815043
0.040259000001242384 0.0
0.0390649999899324 0.0009649999847169966
0.0390649999899324 0.0
0.039204000000609085 0.000977999996393919
0.039204000000609085 0.0
0.04321500001242384 0.0011910000175703317
0.04321500001242384 0.0
0.059185000020079315 0.0015200000198092312
0.059185000020079315 0.0
0.06029200000921264 0.0015060000005178154
0.06029200000921264 0.0
0.043563000013818964 0.0010929999989457428
0.043563000013818964 1.00000761449337e-06
0.042329999996582046 0.0010299999848939478
0.042329999996582046 9.999785106629133e-07
0.04154099998413585 0.0011149999918416142
0.04154099998413585 0.0
0.042089999973541126 0.0011140000133309513
0.042089999973541126 0.0
0.04159899998921901 0.001006999984383583
0.04159899998921901 0.0
0.041853000002447516 0.0010010000260081142
0.041853000002447516 0.0
0.04228399999556132 0.0010060000058729202
0.04228399999556132 0.0
0.04174699998111464 0.0010079999919980764
0.04174699998111464 0.0
0.05756200000178069 0.0015010000206530094
0.05756200000178069 9.999785106629133e-07
0.05878600000869483 0.0015140000032261014
0.05878600000869483 0.0
0.04180900001665577 0.0010180000099353492
0.04180900001665577 9.999785106629133e-07
0.04201199999079108 0.0010260000126436353
0.04201199999079108 0.0
0.048768999986350536 0.0011799999920185655
0.048768999986350536 0.0
0.04449299999396317 0.0010640000109560788
0.04449299999396317 1.00000761449337e-06
0.04466000001411885 0.0010949999850708991
0.04466000001411885 9.999785106629133e-07
0.043572999973548576 0.0010630000033415854
0.043572999973548576 9.999785106629133e-07
0.044676999998046085 0.001069999998435378
0.044676999998046085 0.0
0.045354000001680106 0.0010849999962374568
0.045354000001680106 1.00000761449337e-06
0.04436199998599477 0.0010569999867584556
0.04436199998599477 1.00000761449337e-06
0.04437000001780689 0.0010930000280495733
0.04437000001780689 1.00000761449337e-06
0.04444200001307763 0.0010879999899771065
0.04444200001307763 9.999785106629133e-07
0.04499900000519119 0.0010489999840501696
0.04499900000519119 0.0
0.04450300001190044 0.0011079999967478216
0.04450300001190044 0.0
0.04447600001003593 0.0010879999899771065
0.04447600001003593 9.999785106629133e-07
0.04206999999587424 0.0010130000009667128
0.04206999999587424 0.0
0.04260499999509193 0.0010089999996125698
0.04260499999509193 0.0
0.04274000000441447 0.0010249999759253114
0.04274000000441447 1.00000761449337e-06
0.04470699999365024 0.001133999990997836
0.04470699999365024 0.0
0.044359999999869615 0.0011099999828729779
0.044359999999869615 0.0
0.044802999997045845 0.001061999995727092
0.044802999997045845 0.0
0.05771700001787394 0.0016830000095069408
0.05771700001787394 9.999785106629133e-07
0.04490200002328493 0.001069999998435378
0.04490200002328493 0.0
0.044809000013628975 0.001057999994372949
0.044809000013628975 1.00000761449337e-06
0.04461799998534843 0.001057000015862286
0.04461799998534843 1.00000761449337e-06
0.04451899998821318 0.0010809999948833138
0.04451899998821318 0.0
0.0446129999763798 0.0011349999986123294
0.0446129999763798 1.00000761449337e-06
0.0444759999809321 0.0010590000019874424
0.0444759999809321 1.00000761449337e-06
0.04429300001356751 0.0010879999899771065
0.04429300001356751 9.999785106629133e-07
0.04450000001816079 0.001057000015862286
0.04450000001816079 9.999785106629133e-07
0.044528999977046624 0.0010839999886229634
0.044528999977046624 1.00000761449337e-06
0.0449920000100974 0.001096000021789223
0.0449920000100974 0.0
0.04473399999551475 0.00112599998828955
0.04473399999551475 0.0
0.04454099998110905 0.0010759999859146774
0.04454099998110905 0.0
0.044406000000890344 0.001416999992216006
0.044406000000890344 0.0
0.04444200001307763 0.0010839999886229634
0.04444200001307763 1.00000761449337e-06
0.044320000015432015 0.0011359999771229923
0.044320000015432015 1.00000761449337e-06
0.044079999992391095 0.0010919999913312495
0.044079999992391095 1.00000761449337e-06
0.04727700000512414 0.001121999986935407
0.04727700000512414 0.0
0.04692699998850003 0.001113000005716458
0.04692699998850003 9.999785106629133e-07
0.05174900000565685 0.0012920000008307397
0.05174900000565685 1.00000761449337e-06
0.051192999992053956 0.001217999990331009
0.051192999992053956 0.0
0.05266099999425933 0.0014690000098198652
0.05266099999425933 0.0
0.044560000009369105 0.0011060000106226653
0.044560000009369105 0.0
0.06449499999871477 0.0016940000059548765
0.06449499999871477 0.0
0.04852399998344481 0.00117200001841411
0.04852399998344481 0.0
0.060067999991588295 0.001404000009642914
0.060067999991588295 0.0
0.059668000001693144 0.001416999992216006
0.059668000001693144 0.0
0.06455999999889173 0.0016349999932572246
0.06455999999889173 0.0
0.06437899998854846 0.0015389999898616225
0.06437899998854846 0.0
0.06468799998401664 0.0015300000086426735
0.06468799998401664 1.00000761449337e-06
0.06317599999601953 0.0015140000032261014
0.06317599999601953 0.0
0.06626500000129454 0.0016760000144131482
0.06626500000129454 1.00000761449337e-06
0.08709700001054443 0.0018390000041108578
0.08709700001054443 0.0
0.07730699999956414 0.0016709999763406813
0.07730699999956414 1.00000761449337e-06
0.0715920000220649 0.0017559999832883477
0.0715920000220649 1.00000761449337e-06
0.06469700002344325 0.0015370000037364662
0.06469700002344325 0.0
0.061458999989554286 0.0014709999959450215
0.061458999989554286 0.0
0.060058999981265515 0.001424999994924292
0.060058999981265515 0.0
0.059324000001652166 0.0014699999883305281
0.059324000001652166 1.00000761449337e-06
0.05961399999796413 0.001445000001695007
0.05961399999796413 1.00000761449337e-06
0.05945100000826642 0.0014099999971222132
0.05945100000826642 1.00000761449337e-06
0.05160700000124052 0.0012250000145286322
0.05160700000124052 9.999785106629133e-07
0.0544579999987036 0.0013270000054035336
0.0544579999987036 0.0
0.054392000020015985 0.001305999991018325
0.054392000020015985 0.0
0.054214000003412366 0.0012900000147055835
0.054214000003412366 0.0
0.05988499999511987 0.001556000002892688
0.05988499999511987 0.0
0.05391899999813177 0.0012929999793414026
0.05391899999813177 0.0
0.05934400000842288 0.0013540000072680414
0.05934400000842288 0.0
0.05394500002148561 0.0013370000233408064
0.05394500002148561 1.00000761449337e-06
0.055220000009285286 0.0013380000018514693
0.055220000009285286 0.0
0.05413800000678748 0.0012839999981224537
0.05413800000678748 0.0
0.05463600001530722 0.0013150000013411045
0.05463600001530722 0.0
0.05744199999026023 0.0014599999994970858
0.05744199999026023 1.00000761449337e-06
0.05631899999571033 0.0013509999844245613
0.05631899999571033 0.0
0.05632800000603311 0.00136900000507012
0.05632800000603311 9.999785106629133e-07
0.05372399999760091 0.0012789999891538173
0.05372399999760091 0.0
0.05440300001646392 0.0013099999923724681
0.05440300001646392 0.0
0.054097000014735386 0.0013350000081118196
0.054097000014735386 1.00000761449337e-06
0.054715000005671754 0.0012940000160597265
0.054715000005671754 1.00000761449337e-06
0.05444199999328703 0.001324000011663884
0.05444199999328703 1.00000761449337e-06
0.05433600000105798 0.0012869999918621033
0.05433600000105798 0.0
0.05451399998855777 0.0012910000223200768
0.05451399998855777 1.00000761449337e-06
0.05413500001304783 0.001305999991018325
0.05413500001304783 0.0
0.05472899999585934 0.0013289999915286899
0.05472899999585934 0.0
0.05336699998588301 0.00128900000709109
0.05336699998588301 9.999785106629133e-07
0.0543500000203494 0.0012879999994765967
0.0543500000203494 1.00000761449337e-06
0.054930999991483986 0.0013129999861121178
0.054930999991483986 0.0
0.05774799999198876 0.0013709999911952764
0.05774799999198876 0.0
0.05717700000968762 0.0013500000059138983
0.05717700000968762 0.0
0.0569649999961257 0.0013679999974556267
0.0569649999961257 9.999785106629133e-07
0.056560999975772575 0.0014500000106636435
0.056560999975772575 1.00000761449337e-06
0.05717099999310449 0.0013600000238511711
0.05717099999310449 1.00000761449337e-06
0.05749400000786409 0.0013299999991431832
0.05749400000786409 1.00000761449337e-06
0.05717499999445863 0.0013460000045597553
0.05717499999445863 0.0
0.05712599999969825 0.0013370000233408064
0.05712599999969825 0.0
0.054853999987244606 0.001305999991018325
0.054853999987244606 0.0
0.05655100001604296 0.001340999995591119
0.05655100001604296 0.0
0.07036700000753626 0.003876999981002882
0.07036700000753626 1.00000761449337e-06
0.0793380000104662 0.004337999998824671
0.0793380000104662 0.0
0.08677299998817034 0.004748000006657094
0.08677299998817034 9.999785106629133e-07
0.0892910000111442 0.005006000021239743
0.0892910000111442 0.0
0.08927700002095662 0.0028139999776612967
0.08927700002095662 1.00000761449337e-06
0.09444899999652989 0.0052479999721981585
0.09444899999652989 0.0
0.09406800000579096 0.0024919999996200204
0.09406800000579096 0.0
0.09673700001440011 0.002443999983370304
0.09673700001440011 0.0
0.09255399997346103 0.00225499999942258
0.09255399997346103 9.999785106629133e-07
0.09095800001523457 0.0021849999902769923
0.09095800001523457 1.00000761449337e-06
0.08711199997924268 0.00205500001902692
0.08711199997924268 1.00000761449337e-06
0.08182799999485724 0.0019249999895691872
0.08182799999485724 1.00000761449337e-06
0.07968600001186132 0.001884999976027757
0.07968600001186132 0.0
0.07952899998053908 0.0018609999970067292
0.07952899998053908 1.00000761449337e-06
0.07429799999226816 0.001779000012902543
0.07429799999226816 1.00000761449337e-06
0.07704600002034567 0.001812999980757013
0.07704600002034567 0.0
0.07544600000255741 0.0017940000107046217
0.07544600000255741 0.0
0.07661800002097152 0.0017900000093504786
0.07661800002097152 9.999785106629133e-07
0.0764469999994617 0.0018240000063087791
0.0764469999994617 0.0
0.07887199998367578 0.0019000000029336661
0.07887199998367578 0.0
0.07686499998089857 0.0018770000024233013
0.07686499998089857 9.999785106629133e-07
0.07237199999508448 0.0017210000078193843
0.07237199999508448 9.999785106629133e-07
0.08299399999668822 0.0023480000090785325
0.08299399999668822 9.999785106629133e-07
0.0703710000088904 0.0016989999858196825
0.0703710000088904 1.00000761449337e-06
0.0730899999907706 0.0017309999966528267
0.0730899999907706 0.0
0.07665299999644049 0.0018180000188294798
0.07665299999644049 0.0
0.07685300000593998 0.0021269999851938337
0.07685300000593998 0.0
0.07671600001049228 0.0019570000004023314
0.07671600001049228 1.00000761449337e-06
0.07380800001556054 0.0019440000178292394
0.07380800001556054 0.0
0.0717669999867212 0.0020249999943189323
0.0717669999867212 0.0
0.07224999999743886 0.0019150000007357448
0.07224999999743886 1.00000761449337e-06
0.07251199998427182 0.002238000015495345
0.07251199998427182 0.0
0.08807099997648038 0.0024480000138282776
0.08807099997648038 1.00000761449337e-06
0.09495900000911206 0.0023419999924954027
0.09495900000911206 0.0
0.06924300000537187 0.0016419999883510172
0.06924300000537187 0.0
0.06967100000474602 0.0016670000040903687
0.06967100000474602 1.00000761449337e-06
0.09482900000875816 0.0023280000023078173
0.09482900000875816 0.0
0.08193100002245046 0.002007000002777204
0.08193100002245046 0.0
0.09455199999501929 0.0023440000077243894
0.09455199999501929 0.0
0.0699859999876935 0.001736000005621463
0.0699859999876935 0.0
0.07477700000163168 0.002154999994672835
0.07477700000163168 0.0
0.07981600001221523 0.0018139999883715063
0.07981600001221523 0.0
0.07529500001692213 0.0017989999905694276
0.07529500001692213 1.00000761449337e-06
0.07483399999910034 0.0018599999893922359
0.07483399999910034 1.00000761449337e-06
0.08018399999127723 0.0018519999866839498
0.08018399999127723 0.0
0.07269699999596924 0.0017850000003818423
0.07269699999596924 0.0
0.07446199998958036 0.0020420000073499978
0.07446199998958036 0.0
0.08520400000270456 0.001930000027641654
0.08520400000270456 1.00000761449337e-06
0.07681100000627339 0.001896000001579523
0.07681100000627339 1.00000761449337e-06
0.10328000001027249 0.0030109999934211373
0.10328000001027249 0.0
0.08781999998609535 0.0023410000139847398
0.08781999998609535 0.0
0.09498500000336207 0.002886999980546534
0.09498500000336207 0.0
0.09217600000556558 0.0021859999978914857
0.09217600000556558 0.0
0.09726499998942018 0.002509000012651086
0.09726499998942018 1.00000761449337e-06
0.1054510000103619 0.0023190000210888684
0.1054510000103619 1.00000761449337e-06
0.10490799997933209 0.006182000011904165
0.10490799997933209 0.0
0.10637600001064129 0.0025559999921824783
0.10637600001064129 1.00000761449337e-06
0.10433100000955164 0.002310999989276752
0.10433100000955164 9.999785106629133e-07
0.09730200000922196 0.0023139999830164015
0.09730200000922196 1.00000761449337e-06
0.10496799999964423 0.002330000017536804
0.10496799999964423 0.0
0.08680499999900348 0.0020779999904334545
0.08680499999900348 0.0
0.07745399998384528 0.0019200000097043812
0.07745399998384528 1.00000761449337e-06
0.07731800002511591 0.0018770000024233013
0.07731800002511591 0.0
0.0770079999929294 0.0019040000042878091
0.0770079999929294 0.0
0.07830600001034327 0.0018580000032670796
0.07830600001034327 1.00000761449337e-06
0.07942899997578934 0.0018940000154543668
0.07942899997578934 0.0
0.07533500000135973 0.0018649999983608723
0.07533500000135973 1.00000761449337e-06
0.07707500000833534 0.0018649999983608723
0.07707500000833534 1.00000761449337e-06
0.07586499999160878 0.0018390000041108578
0.07586499999160878 0.0
0.07697599998209625 0.0018770000024233013
0.07697599998209625 0.0
0.07804100000066683 0.0018979999877046794
0.07804100000066683 0.0
0.08421000000089407 0.0019859999883919954
0.08421000000089407 0.0
0.10195999999996275 0.0019789999932982028
0.10195999999996275 0.0
0.0796390000032261 0.001975999999558553
0.0796390000032261 0.0
0.07886399998096749 0.001988999982131645
0.07886399998096749 0.0
0.08699999999953434 0.002349000016693026
0.08699999999953434 0.0
0.08918700000504032 0.0020969999895896763
0.08918700000504032 1.00000761449337e-06
0.08479600001010112 0.001971000019693747
0.08479600001010112 0.0
0.07994399999734014 0.0018820000113919377
0.07994399999734014 1.00000761449337e-06
0.07893600000534207 0.0018609999970067292
0.07893600000534207 0.0
0.09798500000033528 0.002084999985527247
0.09798500000033528 1.00000761449337e-06
0.0810240000137128 0.001970000012079254
0.0810240000137128 0.0
0.08098699999391101 0.0020579999836627394
0.08098699999391101 0.0
0.07828699998208322 0.0019010000105481595
0.07828699998208322 1.00000761449337e-06
0.10627600000589155 0.0026320000179111958
0.10627600000589155 0.0
0.09746799999265932 0.0026889999862760305
0.09746799999265932 0.0
0.10747600000468083 0.0027299999783281237
0.10747600000468083 0.0
0.08384199999272823 0.0019529999990481883
0.08384199999272823 1.00000761449337e-06
0.07850500001222827 0.0018270000000484288
0.07850500001222827 0.0
0.07836800001678057 0.0019730000058189034
0.07836800001678057 0.0
0.08038300002226606 0.0019400000164750963
0.08038300002226606 1.00000761449337e-06
0.082150999980513 0.0019080000056419522
0.082150999980513 0.0
0.10662899998715147 0.0028070000116713345
0.10662899998715147 1.00000761449337e-06
0.10230100000626408 0.0027279999922029674
0.10230100000626408 9.999785106629133e-07
0.10097600001608953 0.002754999994067475
0.10097600001608953 1.00000761449337e-06
0.10331800000858493 0.0029349999967962503
0.10331800000858493 1.4999997802078724e-05
0.10594700000365265 0.002721000026213005
0.10594700000365265 1.00000761449337e-06
0.10100500000407919 0.0028009999950882047
0.10100500000407919 0.0
0.11189999998896383 0.002517999993870035
0.11189999998896383 9.999785106629133e-07
0.11666100000729784 0.0027520000003278255
0.11666100000729784 9.999785106629133e-07
0.11660499998833984 0.002964999992400408
0.11660499998833984 9.999785106629133e-07
0.1170200000051409 0.002234000014141202
0.1170200000051409 0.0
0.11975500002154149 0.003269000008003786
0.11975500002154149 1.00000761449337e-06
0.11963799997465685 0.0031759999983478338
0.11963799997465685 0.0
0.12497800000710413 0.0031479999888688326
0.12497800000710413 0.0
0.12182199998642318 0.0036909999907948077
0.12182199998642318 1.00000761449337e-06
0.12965300001087599 0.003425000002607703
0.12965300001087599 0.0
0.129875999991782 0.003316999995149672
0.129875999991782 0.0
0.12428799999179319 0.0030709999846294522
0.12428799999179319 0.0
0.11717599999974482 0.002877999999327585
0.11717599999974482 1.00000761449337e-06
0.09155300000566058 0.002206000004662201
0.09155300000566058 1.00000761449337e-06
0.0886400000017602 0.002183000004151836
0.0886400000017602 1.00000761449337e-06
0.08605699997860938 0.002259000000776723
0.08605699997860938 1.00000761449337e-06
0.08693200000561774 0.002166999998735264
0.08693200000561774 1.00000761449337e-06
0.08635200001299381 0.0021140000026207417
0.08635200001299381 1.00000761449337e-06
0.08988199997111224 0.0022990000143181533
0.08988199997111224 1.00000761449337e-06
0.08804499998223037 0.0021760000090580434
0.08804499998223037 0.0
0.0854529999778606 0.0020929999882355332
0.0854529999778606 0.0
0.08601299999281764 0.0021889999916311353
0.08601299999281764 1.00000761449337e-06
0.08612100000027567 0.0022350000217556953
0.08612100000027567 0.0
0.09435200001462363 0.0028480000037234277
0.09435200001462363 0.0
0.10701999999582767 0.0027929999923799187
0.10701999999582767 1.00000761449337e-06
0.12755400000605732 0.0032070000015664846
0.12755400000605732 0.0
0.11301000000094064 0.0030900000128895044
0.11301000000094064 0.0
0.12804800001322292 0.0032629999914206564
0.12804800001322292 1.00000761449337e-06
0.11836100000073202 0.0033039999834727496
0.11836100000073202 1.00000761449337e-06
0.12799900001846254 0.0033870000042952597
0.12799900001846254 0.0
0.1311379999970086 0.003268000000389293
0.1311379999970086 9.999785106629133e-07
0.11072100000455976 0.003120000008493662
0.11072100000455976 0.0
0.11892399998032488 0.0024050000065471977
0.11892399998032488 1.00000761449337e-06
0.09680200001457706 0.002398000011453405
0.09680200001457706 0.0
0.1276300000026822 0.0030860000115353614
0.1276300000026822 1.00000761449337e-06
0.12499300000490621 0.003077000001212582
0.12499300000490621 0.0
0.1267060000100173 0.002818999986629933
0.1267060000100173 0.0
0.11097700000391342 0.003165999980410561
0.11097700000391342 0.0
0.12385299999732524 0.003268000000389293
0.12385299999732524 9.999785106629133e-07
0.11676999999326654 0.003552000009221956
0.11676999999326654 0.0
0.12119999999413267 0.003065999975660816
0.12119999999413267 0.0
0.09485900000436231 0.00233499999740161
0.09485900000436231 0.0
0.11714299998129718 0.0031290000188164413
0.11714299998129718 0.0
0.09511300001759082 0.002677999989828095
0.09511300001759082 0.0
0.09647299998323433 0.0022840000165160745
0.09647299998323433 9.999785106629133e-07
0.09275099998922087 0.002232999977422878
0.09275099998922087 0.0
0.09310200001345947 0.002314000012120232
0.09310200001345947 0.0
0.09038900001905859 0.002134000009391457
0.09038900001905859 0.0
0.0847559999965597 0.0020490000024437904
0.0847559999965597 9.999785106629133e-07
0.08575699999346398 0.00208899998688139
0.08575699999346398 0.0
0.08451099999365397 0.0021269999851938337
0.08451099999365397 9.999785106629133e-07
0.08748700001160614 0.002146000013453886
0.08748700001160614 1.00000761449337e-06
0.09358900002553128 0.0022319999989122152
0.09358900002553128 0.0
0.10068400000454858 0.0023330000112764537
0.10068400000454858 0.0
0.10300400000414811 0.005559999990509823
0.10300400000414811 0.0
0.1349190000037197 0.0033939999993890524
0.1349190000037197 0.0
0.1130340000090655 0.003359000023920089
0.1130340000090655 0.0
0.13052499998593703 0.0032950000022538006
0.13052499998593703 0.0
0.1229649999877438 0.0035120000247843564
0.1229649999877438 9.999785106629133e-07
0.1289519999991171 0.003052999993087724
0.1289519999991171 9.999785106629133e-07
0.1222940000006929 0.0031270000035874546
0.1222940000006929 0.0
0.08806099998764694 0.0020770000119227916
0.08806099998764694 0.0
0.11286699998890981 0.002921000006608665
0.11286699998890981 1.00000761449337e-06
0.1168889999971725 0.0027740000223275274
0.1168889999971725 0.0
0.11310300001059659 0.0026060000236611813
0.11310300001059659 0.0
0.10038400001940317 0.0029140000115148723
0.10038400001940317 1.00000761449337e-06
0.08971099997870624 0.002139999996870756
0.08971099997870624 1.00000761449337e-06
0.08880599998519756 0.0020800000056624413
0.08880599998519756 1.00000761449337e-06
0.09333000000333413 0.0021739999938290566
0.09333000000333413 9.999785106629133e-07
0.09279600001173094 0.002150000014808029
0.09279600001173094 0.0
0.09029500000178814 0.0021640000049956143
0.09029500000178814 0.0
0.09080599999288097 0.0021049999922979623
0.09080599999288097 0.0
0.09079899999778718 0.0021180000039748847
0.09079899999778718 1.00000761449337e-06
0.09213000000454485 0.002150000014808029
0.09213000000454485 0.0
0.09202699997695163 0.0021859999978914857
0.09202699997695163 0.0
0.09116599999833852 0.002146000013453886
0.09116599999833852 1.00000761449337e-06
0.0911400000040885 0.0021179999748710543
0.0911400000040885 1.00000761449337e-06
0.09044699999503791 0.002187000005505979
0.09044699999503791 1.00000761449337e-06
0.09367900001234375 0.0021539999870583415
0.09367900001234375 9.999785106629133e-07
0.09388299999409355 0.0021249999990686774
0.09388299999409355 0.0
0.09361499999067746 0.0021600000036414713
0.09361499999067746 0.0
0.09247699999832548 0.002179000002797693
0.09247699999832548 1.00000761449337e-06
0.09358200000133365 0.0022929999977350235
0.09358200000133365 0.0
0.09479100001044571 0.002291000011609867
0.09479100001044571 0.0
0.09514900000067428 0.002215999993495643
0.09514900000067428 1.00000761449337e-06
0.09350099999574013 0.0022360000002663583
0.09350099999574013 0.0
0.0921049999888055 0.0022080000198911875
0.0921049999888055 0.0
0.09336199998506345 0.0022319999989122152
0.09336199998506345 0.0
0.09382500001811422 0.0021419999829959124
0.09382500001811422 9.999785106629133e-07
0.09276300002238713 0.0021880000131204724
0.09276300002238713 1.00000761449337e-06
0.09361099998932332 0.0021720000077039003
0.09361099998932332 1.00000761449337e-06
0.09975700001814403 0.002318000013474375
0.09975700001814403 0.0
0.0945380000048317 0.0023110000183805823
0.0945380000048317 0.0
0.09633100000792183 0.0021370000031311065
0.09633100000792183 0.0
0.0992909999913536 0.002582999994046986
0.0992909999913536 1.00000761449337e-06
0.0971750000026077 0.0023459999938495457
0.0971750000026077 1.00000761449337e-06
0.09963400001288392 0.0024299999931827188
0.09963400001288392 0.0
0.10175000000162981 0.0024299999931827188
0.10175000000162981 0.0
0.10883299997658469 0.0058760000101756305
0.10883299997658469 1.00000761449337e-06
0.11469300001044758 0.00631599998450838
0.11469300001044758 0.0
0.11605599999893457 0.0064239999919664115
0.11605599999893457 0.0
0.11933899999712594 0.006530000013299286
0.11933899999712594 0.0
0.1180809999932535 0.0032810000120662153
0.1180809999932535 1.00000761449337e-06
0.11779699998442084 0.0028689999890048057
0.11779699998442084 0.0
0.11034299997845665 0.0026409999991301447
0.11034299997845665 9.999785106629133e-07
0.11029799998505041 0.002737000002525747
0.11029799998505041 0.0
0.10282699999515899 0.002486999990651384
0.10282699999515899 0.0
0.09864800001378171 0.00233499999740161
0.09864800001378171 0.0
0.1227190000063274 0.003009000007295981
0.1227190000063274 1.00000761449337e-06
0.09943599998950958 0.0024059999850578606
0.09943599998950958 0.0
0.09772200000588782 0.0022649999882560223
0.09772200000588782 0.0
0.10076800000388175 0.002267000003485009
0.10076800000388175 0.0
0.097777999995742 0.0023090000031515956
0.097777999995742 0.0
0.1182340000232216 0.003272000001743436
0.1182340000232216 0.0
0.09954299998935312 0.0025200000090990216
0.09954299998935312 0.0
0.09776800000690855 0.0022659999958705157
0.09776800000690855 0.0
0.0983319999941159 0.0023249999794643372
0.0983319999941159 9.999785106629133e-07
0.09862099998281337 0.0023079999955371022
0.09862099998281337 0.0
0.10167000000365078 0.0023119999968912452
0.10167000000365078 0.0
0.10152199998265132 0.0025639999948907644
0.10152199998265132 1.00000761449337e-06
0.099649000010686 0.002490000013494864
0.099649000010686 1.00000761449337e-06
0.10006100000464357 0.0023360000050161034
0.10006100000464357 0.0
0.10072499999660067 0.0023840000212658197
0.10072499999660067 0.0
0.10027000002446584 0.002367000008234754
0.10027000002446584 0.0
0.1068680000025779 0.002322000014828518
0.1068680000025779 1.00000761449337e-06
0.10004200000548735 0.0024590000102762133
0.10004200000548735 9.999785106629133e-07
0.10027399999671616 0.0024420000263489783
0.10027399999671616 1.00000761449337e-06
0.10173600001144223 0.0023080000246409327
0.10173600001144223 1.00000761449337e-06
0.1036069999972824 0.0024510000075679272
0.1036069999972824 0.0
0.1019629999937024 0.002398000011453405
0.1019629999937024 1.00000761449337e-06
0.10343800002010539 0.002441999997245148
0.10343800002010539 0.0
0.10463799998979084 0.002431000000797212
0.10463799998979084 0.0
0.10376399999950081 0.0024759999942034483
0.10376399999950081 0.0
0.11129699999582954 0.003124000009847805
0.11129699999582954 0.0
0.1033620000234805 0.0025080000050365925
0.1033620000234805 0.0
0.10211800000979565 0.0024200000043492764
0.10211800000979565 0.0
0.10252900002524257 0.00237800000468269
0.10252900002524257 1.00000761449337e-06
0.10302199999568984 0.002410999994026497
0.10302199999568984 0.0
0.10411499999463558 0.002519999979995191
0.10411499999463558 0.0
0.10441500000888482 0.002718000003369525
0.10441500000888482 1.00000761449337e-06
0.1355279999843333 0.0033429999893996865
0.1355279999843333 0.0
0.13141199998790398 0.0032269999792333692
0.13141199998790398 0.0
0.13494799999170937 0.0031789999920874834
0.13494799999170937 1.00000761449337e-06
0.15830700000515208 0.0039539999852422625
0.15830700000515208 1.00000761449337e-06
0.12338600002112798 0.006779000017559156
0.12338600002112798 1.00000761449337e-06
0.13618500001030043 0.00740800000494346
0.13618500001030043 9.999785106629133e-07
0.17863300000317395 0.010890000005019829
0.17863300000317395 1.00000761449337e-06
0.14804800000274554 0.008084000000962988
0.14804800000274554 0.0
0.19232999999076128 0.005321000004187226
0.19232999999076128 0.0
0.18031199998222291 0.004316999984439462
0.18031199998222291 0.0
0.13175099997897632 0.0033830000029411167
0.13175099997897632 1.00000761449337e-06
0.1284270000178367 0.003072999999858439
0.1284270000178367 1.00000761449337e-06
0.12348399998154491 0.002845000009983778
0.12348399998154491 0.0
0.11735099999350496 0.002705999999307096
0.11735099999350496 0.0
0.11552900000242516 0.002742999990005046
0.11552900000242516 1.00000761449337e-06
0.11624099998152815 0.0027520000003278255
0.11624099998152815 9.999785106629133e-07
0.11570699998992495 0.0027169999957550317
0.11570699998992495 1.00000761449337e-06
0.11679800000274554 0.002773999993223697
0.11679800000274554 0.0
0.11605900002177805 0.0027150000096298754
0.11605900002177805 1.00000761449337e-06
0.11525999999139458 0.0027279999922029674
0.11525999999139458 0.0
0.11551400000462309 0.0026080000097863376
0.11551400000462309 9.999785106629133e-07
0.11588299999129958 0.0027129999944008887
0.11588299999129958 0.0
0.1154439999954775 0.00277799999457784
0.1154439999954775 1.00000761449337e-06
0.1149100000038743 0.002685999992536381
0.1149100000038743 0.0
0.11518799999612384 0.0027350000164005905
0.11518799999612384 9.999785106629133e-07
0.11765999998897314 0.0028119999915361404
0.11765999998897314 9.999785106629133e-07
0.11548700000275858 0.0027800000098068267
0.11548700000275858 0.0
0.11550899999565445 0.0030029999907128513
0.11550899999565445 0.0
0.11661299999104813 0.002941999991890043
0.11661299999104813 9.999785106629133e-07
0.11530000000493601 0.002957999997306615
0.11530000000493601 0.0
0.11529200000222772 0.0029180000128690153
0.11529200000222772 1.00000761449337e-06
0.11508999997749925 0.003205999993951991
0.11508999997749925 0.0
0.12370999998529442 0.0037130000127945095
0.12370999998529442 0.0
0.1157999999995809 0.003025999991223216
0.1157999999995809 0.0
0.13138099998468533 0.003731999982846901
0.13138099998468533 0.0
0.1511070000124164 0.0036549999786075205
0.1511070000124164 0.0
0.14690299998619594 0.0036140000156592578
0.14690299998619594 0.0
0.14554200001293793 0.0034380000142846256
0.14554200001293793 1.00000761449337e-06
0.14713599998503923 0.002765999990515411
0.14713599998503923 1.00000761449337e-06
0.1151430000027176 0.003011000022524968
0.1151430000027176 0.0
0.15302300002076663 0.0037540000048466027
0.15302300002076663 0.0
0.12146900000516325 0.003253000002587214
0.12146900000516325 0.0
0.1572290000040084 0.0038549999881070107
0.1572290000040084 1.00000761449337e-06
0.1530780000030063 0.003811999980825931
0.1530780000030063 1.00000761449337e-06
0.16543900000397116 0.004326000023866072
0.16543900000397116 0.0
0.1651269999856595 0.003939999995054677
0.1651269999856595 9.999785106629133e-07
0.12561899999855086 0.002978999982587993
0.12561899999855086 9.999785106629133e-07
0.12484400000539608 0.002925000007962808
0.12484400000539608 0.0
0.12381900000036694 0.0029510000022128224
0.12381900000036694 0.0
0.13428399999975227 0.0034659999946597964
0.13428399999975227 0.0
0.1336240000091493 0.00318100000731647
0.1336240000091493 0.0
0.1340619999973569 0.0032060000230558217
0.1340619999973569 0.0
0.13529500001459382 0.003181999985827133
0.13529500001459382 0.0
0.13755500002298504 0.0035459999926388264
0.13755500002298504 1.00000761449337e-06
0.12875699999858625 0.0030759999935980886
0.12875699999858625 0.0
0.12849000000278465 0.0029999999969732016
0.12849000000278465 9.999785106629133e-07
0.124035000015283 0.0028549999988172203
0.124035000015283 0.0
0.11604500000248663 0.0026720000023487955
0.11604500000248663 0.0
0.14427300001261756 0.0036399999808054417
0.14427300001261756 0.0
0.14656200000899844 0.0037130000127945095
0.14656200000899844 1.00000761449337e-06
0.14814200002001598 0.003811000002315268
0.14814200002001598 1.00000761449337e-06
0.1479140000010375 0.003866000013658777
0.1479140000010375 1.00000761449337e-06
0.150947999994969 0.0037240000092424452
0.150947999994969 1.00000761449337e-06
0.16177700000116602 0.0038750000239815563
0.16177700000116602 0.0
0.1602069999789819 0.003779000020585954
0.1602069999789819 9.999785106629133e-07
0.15589500000351109 0.0036850000033155084
0.15589500000351109 0.0
0.14424600001075305 0.003607999999076128
0.14424600001075305 1.00000761449337e-06
0.1472539999813307 0.003152999997837469
0.1472539999813307 1.00000761449337e-06
0.15645300000323914 0.0034039999882224947
0.15645300000323914 1.00000761449337e-06
0.11746899998979643 0.002714000002015382
0.11746899998979643 0.0
0.11829199999920093 0.0027190000109840184
0.11829199999920093 0.0
0.11806999999680556 0.0028369999781716615
0.11806999999680556 0.0
0.11696200000005774 0.002683999977307394
0.11696200000005774 0.0
0.11957499998970889 0.002769999991869554
0.11957499998970889 1.00000761449337e-06
0.11748700001044199 0.0028549999988172203
0.11748700001044199 1.00000761449337e-06
0.12031300002126954 0.0028440000023692846
0.12031300002126954 0.0
0.12060600001132116 0.002825000003213063
0.12060600001132116 1.00000761449337e-06
0.11703799999668263 0.002997000003233552
0.11703799999668263 9.999785106629133e-07
0.1632439999957569 0.004023000015877187
0.1632439999957569 0.0
0.1599700000078883 0.0038209999911487103
0.1599700000078883 0.0
0.1503849999862723 0.002845000009983778
0.1503849999862723 0.0
0.15214399999240413 0.004014000005554408
0.15214399999240413 0.0
0.16089900000952184 0.0038219999987632036
0.16089900000952184 0.0
0.16090899999835528 0.0038449999992735684
0.16090899999835528 0.0
0.1591750000079628 0.003906000027200207
0.1591750000079628 0.0
0.1567969999741763 0.0037600000214297324
0.1567969999741763 0.0
0.15861900002346374 0.003991999983554706
0.15861900002346374 0.0
0.15589300001738593 0.0038389999826904386
0.15589300001738593 0.0
0.1545639999967534 0.003995999984908849
0.1545639999967534 9.999785106629133e-07
0.12226500001270324 0.0028520000050775707
0.12226500001270324 0.0
0.15084300001035444 0.004019000014523044
0.15084300001035444 1.00000761449337e-06
0.14098399999784306 0.0040040000167209655
0.14098399999784306 9.999785106629133e-07
0.15463099998305552 0.0028930000262334943
0.15463099998305552 9.999785106629133e-07
0.18296299999929033 0.0044009999837726355
0.18296299999929033 0.0
0.18338100000983104 0.004450999986147508
0.18338100000983104 0.0
0.18619599999510683 0.005110000027343631
0.18619599999510683 9.999785106629133e-07
0.19126500000129454 0.005379999987781048
0.19126500000129454 9.999785106629133e-07
0.19346199999563396 0.004856999992625788
0.19346199999563396 9.999785106629133e-07
0.15841400000499561 0.004497999994782731
0.15841400000499561 0.0
0.18028999998932704 0.0043289999885018915
0.18028999998932704 0.0
0.17390599998179823 0.00442700000712648
0.17390599998179823 1.00000761449337e-06
0.16733600001316518 0.00403300000471063
0.16733600001316518 1.00000761449337e-06
0.16154699999606237 0.004019999993033707
0.16154699999606237 0.0
0.12680099997669458 0.003056000015931204
0.12680099997669458 1.00000761449337e-06
0.1258150000066962 0.00290099999983795
0.1258150000066962 0.0
0.12657399999443442 0.0030220000189729035
0.12657399999443442 1.00000761449337e-06
0.1260889999975916 0.0028719999827444553
0.1260889999975916 1.00000761449337e-06
0.1252329999988433 0.0028500000189524144
0.1252329999988433 0.0
0.12782699998933822 0.002961999998660758
0.12782699998933822 0.0
0.1260500000207685 0.002912000025389716
0.1260500000207685 0.0
0.12517800001660362 0.002892999997129664
0.12517800001660362 9.999785106629133e-07
0.12357200001133606 0.0028769999917130917
0.12357200001133606 0.0
0.12559300000430085 0.0029470000008586794
0.12559300000430085 0.0
0.12989999999990687 0.002896999998483807
0.12989999999990687 1.00000761449337e-06
0.12842200000886805 0.003161000000545755
0.12842200000886805 1.00000761449337e-06
0.13613499997882172 0.003029000014066696
0.13613499997882172 1.00000761449337e-06
0.1279950000171084 0.002974000002723187
0.1279950000171084 1.00000761449337e-06
0.12855799999670126 0.0029710000089835376
0.12855799999670126 1.00000761449337e-06
0.1289870000036899 0.0030039999983273447
0.1289870000036899 9.999785106629133e-07
0.12940700000035577 0.0029679999861400574
0.12940700000035577 0.0
0.12731799998437054 0.0029550000035669655
0.12731799998437054 0.0
0.12761899997713044 0.002972000016598031
0.12761899997713044 1.00000761449337e-06
0.12881799999740906 0.0029260000155773014
0.12881799999740906 0.0
0.12918400001944974 0.002970000001369044
0.12918400001944974 0.0
0.12995800000499003 0.002988000022014603
0.12995800000499003 0.0
0.12749900002381764 0.0030030000198166817
0.12749900002381764 1.00000761449337e-06
0.13055100000929087 0.002997999981744215
0.13055100000929087 0.0
0.13464800000656396 0.003064999997150153
0.13464800000656396 0.0
0.14248300000326708 0.0036319999780971557
0.14248300000326708 1.00000761449337e-06
0.1432150000182446 0.0033709999988786876
0.1432150000182446 0.0
0.14240400001290254 0.003333999979076907
0.14240400001290254 1.00000761449337e-06
0.14310400001704693 0.0034690000175032765
0.14310400001704693 0.0
0.1428650000016205 0.003412999998545274
0.1428650000016205 0.0
0.14006700000027195 0.0032999999821186066
0.14006700000027195 0.0
0.14418099998147227 0.0034180000075139105
0.14418099998147227 0.0
0.14601600001333281 0.0037370000209193677
0.14601600001333281 0.0
0.14535000000614673 0.004048000002512708
0.14535000000614673 0.0
0.16469299999880604 0.009263999992981553
0.16469299999880604 0.0
0.16142700001364574 0.004262000002199784
0.16142700001364574 1.00000761449337e-06
0.16515700001036748 0.004222000017762184
0.16515700001036748 1.00000761449337e-06
0.16824499997892417 0.008952999982284382
0.16824499997892417 1.00000761449337e-06
0.17094499999075197 0.004286999988835305
0.17094499999075197 0.0
0.18037300001014955 0.004500000010011718
0.18037300001014955 0.0
0.17337499998393469 0.0035539999953471124
0.17337499998393469 0.0
0.14490099999238737 0.0034949999826494604
0.14490099999238737 1.00000761449337e-06
0.13492799998493865 0.003177000005962327
0.13492799998493865 0.0
0.1373769999772776 0.00322400001459755
0.1373769999772776 1.00000761449337e-06
0.13298299998859875 0.003056999994441867
0.13298299998859875 1.00000761449337e-06
0.13217600001371466 0.0030510000069625676
0.13217600001371466 9.999785106629133e-07
0.13176299998303875 0.0032310000096913427
0.13176299998303875 0.0
0.13299799998640083 0.003105999989202246
0.13299799998640083 9.999785106629133e-07
0.13691200001630932 0.003200999984983355
0.13691200001630932 1.00000761449337e-06
0.13315499998861924 0.0030289999849628657
0.13315499998861924 0.0
0.15467300001182593 0.00406999999540858
0.15467300001182593 1.00000761449337e-06
0.16998900001635775 0.003277999989222735
0.16998900001635775 0.0
0.17791600001510233 0.003851999994367361
0.17791600001510233 0.0
0.1821240000135731 0.003964000003179535
0.1821240000135731 0.0
0.1853160000173375 0.0044720000005327165
0.1853160000173375 0.0
0.17303900001570582 0.004401999991387129
0.17303900001570582 0.0
0.18251000001328066 0.004566999996313825
0.18251000001328066 0.0
0.14202400000067428 0.0033810000168159604
0.14202400000067428 9.999785106629133e-07
0.16850599998724647 0.004438000003574416
0.16850599998724647 1.00000761449337e-06
0.1433850000030361 0.00334399999701418
0.1433850000030361 0.0
0.1533309999795165 0.003808999987086281
0.1533309999795165 0.0
0.15117300002020784 0.003608999977586791
0.15117300002020784 9.999785106629133e-07
0.15122899998095818 0.0035090000019408762
0.15122899998095818 0.0
0.18527499999618158 0.0049860000144690275
0.18527499999618158 0.0
0.19406000000890344 0.004639999999199063
0.19406000000890344 0.0
0.19086000000243075 0.004321999993408099
0.19086000000243075 0.0
0.14985499999602325 0.003357999987201765
0.14985499999602325 1.00000761449337e-06
0.150154000002658 0.003472999989753589
0.150154000002658 1.00000761449337e-06
0.15022100001806393 0.00403300000471063
0.15022100001806393 0.0
0.14508899999782443 0.0034079999895766377
0.14508899999782443 0.0
0.14657599999918602 0.0035109999880660325
0.14657599999918602 9.999785106629133e-07
0.15846000000601634 0.003591999993659556
0.15846000000601634 0.0
0.15212399998563342 0.0035410000127740204
0.15212399998563342 9.999785106629133e-07
0.15265199998975731 0.0035250000073574483
0.15265199998975731 1.00000761449337e-06
0.15129199999500997 0.0036629999813158065
0.15129199999500997 1.00000761449337e-06
0.15952200000174344 0.003841000027023256
0.15952200000174344 0.0
0.17546599998604506 0.004301000008126721
0.17546599998604506 0.0
0.17935900000156835 0.003476999991107732
0.17935900000156835 0.0
0.1636389999766834 0.004142999998293817
0.1636389999766834 0.0
0.1645929999940563 0.004098000004887581
0.1645929999940563 0.0
0.16734200000064448 0.004557000007480383
0.16734200000064448 0.0
0.17432399999233894 0.010421000013593584
0.17432399999233894 0.0
0.17564100000890903 0.004561999987345189
0.17564100000890903 1.00000761449337e-06
0.18849600001703948 0.005499000020790845
0.18849600001703948 1.00000761449337e-06
0.17302699998253956 0.0039370000013150275
0.17302699998253956 0.0
0.18342800001846626 0.003994999977294356
0.18342800001846626 1.00000761449337e-06
0.16590500000165775 0.0034739999973680824
0.16590500000165775 1.00000761449337e-06
0.19020899999304675 0.00462999998126179
0.19020899999304675 0.0
0.14473099997849204 0.0034429999941494316
0.14473099997849204 0.0
0.14664199997787364 0.0034300000115763396
0.14664199997787364 0.0
0.14623699997900985 0.003265000006649643
0.14623699997900985 0.0
0.14677600000868551 0.0034799999848473817
0.14677600000868551 0.0
0.1448859999945853 0.0034149999846704304
0.1448859999945853 0.0
0.14371099998243153 0.0033490000059828162
0.14371099998243153 0.0
0.14392400000360794 0.0032939999946393073
0.14392400000360794 1.00000761449337e-06
0.14497100000153296 0.0033009999897331
0.14497100000153296 0.0
0.14307200000621378 0.0032580000115558505
0.14307200000621378 1.00000761449337e-06
0.1438639999832958 0.0034260000102221966
0.1438639999832958 0.0
0.1433930000057444 0.003364999982295558
0.1433930000057444 9.999785106629133e-07
0.14515999998548068 0.003404999995836988
0.14515999998548068 0.0
0.14663000000291504 0.0034820000000763685
0.14663000000291504 0.0
0.14349700001184829 0.0033189999812748283
0.14349700001184829 0.0
0.14624699999694712 0.003404999995836988
0.14624699999694712 1.00000761449337e-06
0.14459899999201298 0.003333000000566244
0.14459899999201298 0.0
0.14728000000468455 0.0034119999909307808
0.14728000000468455 0.0
0.14839799999026582 0.0033300000068265945
0.14839799999026582 1.00000761449337e-06
0.14472899999236688 0.0035820000048261136
0.14472899999236688 0.0
0.14684800000395626 0.003767000016523525
0.14684800000395626 0.0
0.15801199999987148 0.003515999997034669
0.15801199999987148 1.00000761449337e-06
0.14921799997682683 0.0033730000141076744
0.14921799997682683 0.0
0.15314999999827705 0.003636999987065792
0.15314999999827705 0.0
0.16737000001012348 0.005067999998573214
0.16737000001012348 9.999785106629133e-07
0.15254399998229928 0.0034730000188574195
0.15254399998229928 9.999785106629133e-07
0.17707200002041645 0.005602999997790903
0.17707200002041645 1.00000761449337e-06
0.15836800000397488 0.003441999986534938
0.15836800000397488 1.00000761449337e-06
0.19108199997572228 0.004714000009698793
0.19108199997572228 0.0
0.14918899998883717 0.003440000000409782
0.14918899998883717 0.0
0.19560799997998402 0.004649999988032505
0.19560799997998402 0.0
0.18734600002062507 0.0035010000283364207
0.18734600002062507 1.00000761449337e-06
0.17953200000920333 0.004489999992074445
0.17953200000920333 0.0
0.18697399998200126 0.004760999989230186
0.18697399998200126 0.0
0.18576299998676404 0.0050829999963752925
0.18576299998676404 0.0
0.21454899999662302 0.005329000006895512
0.21454899999662302 0.0
0.21852600001147948 0.0053109999862499535
0.21852600001147948 9.999785106629133e-07
0.22510499999043532 0.005476999998791143
0.22510499999043532 0.0
0.21764200000325218 0.01184699998702854
0.21764200000325218 1.00000761449337e-06
0.23959900002228096 0.006350000010570511
0.23959900002228096 0.0
0.2040839999972377 0.0052180000056978315
0.2040839999972377 1.00000761449337e-06
0.21978699997998774 0.005471000011311844
0.21978699997998774 1.00000761449337e-06
0.20890900000813417 0.005138999986229464
0.20890900000813417 0.0
0.15142199999536388 0.0034989999840036035
0.15142199999536388 9.999785106629133e-07
0.1517089999979362 0.0034710000036284328
0.1517089999979362 0.0
0.15123899999889545 0.003412999998545274
0.15123899999889545 9.999785106629133e-07
0.15214300001389347 0.0034499999892432243
0.15214300001389347 0.0
0.15116199999465607 0.00354400000651367
0.15116199999465607 0.0
0.1559199999901466 0.0035050000005867332
0.1559199999901466 0.0
0.15736499999184161 0.0036010000039823353
0.15736499999184161 0.0
0.1571350000158418 0.0035700000007636845
0.1571350000158418 9.999785106629133e-07
0.1535229999863077 0.003519000019878149
0.1535229999863077 0.0
0.15225399998598732 0.003587999992305413
0.15225399998598732 0.0
0.2052759999933187 0.005017999996198341
0.2052759999933187 9.999785106629133e-07
0.15388299999176525 0.0035269999934826046
0.15388299999176525 0.0
0.19647699999040924 0.0046159999910742044
0.19647699999040924 1.00000761449337e-06
0.2008440000063274 0.0050760000012815
0.2008440000063274 0.0
0.20463100000051782 0.004878000007010996
0.20463100000051782 9.999785106629133e-07
0.20282800000859424 0.0049860000144690275
0.20282800000859424 0.0
0.1687499999825377 0.003815000003669411
0.1687499999825377 0.0
0.20488899998599663 0.004470999992918223
0.20488899998599663 1.00000761449337e-06
0.21248100002412684 0.005055000016000122
0.21248100002412684 0.0
0.21478599999682046 0.005132999998750165
0.21478599999682046 1.00000761449337e-06
0.1640590000024531 0.0038539999804925174
0.1640590000024531 1.00000761449337e-06
0.1654500000004191 0.003950999991502613
0.1654500000004191 0.0
0.2045429999998305 0.005220999999437481
0.2045429999998305 1.00000761449337e-06
0.2139049999823328 0.005107000004500151
0.2139049999823328 0.0
0.21214200000395067 0.005088999983854592
0.21214200000395067 1.00000761449337e-06
0.2003989999939222 0.0048679999890737236
0.2003989999939222 0.0
0.21055000001797453 0.005254000017885119
0.21055000001797453 0.0
0.16619299998274073 0.0038139999960549176
0.16619299998274073 0.0
0.2142030000104569 0.004225999990012497
0.2142030000104569 0.0
0.20373599999584258 0.004217999987304211
0.20373599999584258 0.0
0.20100499998079613 0.004191999993054196
0.20100499998079613 1.00000761449337e-06
0.21583200001623482 0.0051380000077188015
0.21583200001623482 0.0
0.16448200002196245 0.0037660000089090317
0.16448200002196245 0.0
0.16471099999034777 0.003790999995544553
0.16471099999034777 0.0
0.16549899999517947 0.0038449999992735684
0.16549899999517947 0.0
0.22463099999004044 0.005345999990822747
0.22463099999004044 0.0
0.18142800001078285 0.009717000008095056
0.18142800001078285 0.0
0.17803699997602962 0.0041680000140331686
0.17803699997602962 0.0
0.18010299999150448 0.004355999990366399
0.18010299999150448 0.0
0.1935640000156127 0.010868000012123957
0.1935640000156127 0.0
0.22872899999492802 0.006380000006174669
0.22872899999492802 0.0
0.1867050000000745 0.004348999995272607
0.1867050000000745 0.0
0.1770189999951981 0.004152999987127259
0.1770189999951981 0.0
0.16701399997691624 0.0038840000052005053
0.16701399997691624 0.0
0.15329300001030788 0.003552999987732619
0.15329300001030788 0.0
0.1556960000016261 0.0035389999975450337
0.1556960000016261 0.0
0.21702199999708682 0.005124000017531216
0.21702199999708682 0.0
0.1662450000003446 0.0038960000092629343
0.1662450000003446 0.0
0.1681899999966845 0.003839999990304932
0.1681899999966845 0.0
0.1651199999905657 0.003974999999627471
0.1651199999905657 0.0
0.16615599999204278 0.0038219999987632036
0.16615599999204278 0.0
0.16774000000441447 0.0039049999904818833
0.16774000000441447 0.0
0.16850899998098612 0.0037609999999403954
0.16850899998098612 0.0
0.1631749999942258 0.003867999999783933
0.1631749999942258 0.0
0.1679149999981746 0.0037170000141486526
0.1679149999981746 1.00000761449337e-06
0.1671210000058636 0.003775999997742474
0.1671210000058636 0.0
0.16698000000906177 0.003895000001648441
0.16698000000906177 1.00000761449337e-06
0.16511100000934675 0.0038369999965652823
0.16511100000934675 1.00000761449337e-06
0.1563730000052601 0.003507999994326383
0.1563730000052601 1.00000761449337e-06
0.15880500001367182 0.003675999992992729
0.15880500001367182 0.0
0.1575769999762997 0.0036179999879095703
0.1575769999762997 1.00000761449337e-06
0.15551099998992868 0.003886999998940155
0.15551099998992868 1.00000761449337e-06
0.1558939999958966 0.0034989999840036035
0.1558939999958966 1.00000761449337e-06
0.15700099998502992 0.0036869999894406646
0.15700099998502992 0.0
0.15587499999674037 0.0035210000060033053
0.15587499999674037 0.0
0.15683500000159256 0.003589999978430569
0.15683500000159256 0.0
0.1568789999873843 0.003567000007024035
0.1568789999873843 0.0
0.15597399999387562 0.0035319999733474106
0.15597399999387562 9.999785106629133e-07
0.15725699998438358 0.0037029999948572367
0.15725699998438358 1.00000761449337e-06
0.15570899998419918 0.0036299999919719994
0.15570899998419918 0.0
0.158064999995986 0.0035869999846909195
0.158064999995986 1.00000761449337e-06
0.15745999998762272 0.0036850000033155084
0.15745999998762272 0.0
0.15840799998841248 0.0036930000060237944
0.15840799998841248 0.0
0.1595169999927748 0.0035940000088885427
0.1595169999927748 0.0
0.15938099997583777 0.0036499999987427145
0.15938099997583777 0.0
0.15758900000946596 0.003612000000430271
0.15758900000946596 0.0
0.16447299998253584 0.003632000007200986
0.16447299998253584 1.00000761449337e-06
0.16109900001902133 0.00370400000247173
0.16109900001902133 9.999785106629133e-07
0.16192600000067614 0.0038329999952111393
0.16192600000067614 0.0
0.17628699998022057 0.004004999995231628
0.17628699998022057 0.0
0.18718099998659454 0.004809999983990565
0.18718099998659454 1.00000761449337e-06
0.1858629999915138 0.004969000001437962
0.1858629999915138 1.00000761449337e-06
0.1894380000012461 0.004566000017803162
0.1894380000012461 0.0
0.24570100000710227 0.014368999982252717
0.24570100000710227 0.0
0.19406599999638274 0.00479300000006333
0.19406599999638274 1.00000761449337e-06
0.18807400000514463 0.004432000016095117
0.18807400000514463 0.0
0.2356759999820497 0.005937999987509102
0.2356759999820497 1.00000761449337e-06
0.17559699999401346 0.004022000008262694
0.17559699999401346 1.00000761449337e-06
0.16381999998702668 0.0039579999865964055
0.16381999998702668 9.999785106629133e-07
0.16264399999636225 0.0038169999897945672
0.16264399999636225 0.0
0.16215799999190494 0.0036609999951906502
0.16215799999190494 0.0
0.16265800001565367 0.0037299999967217445
0.16265800001565367 0.0
0.16041400001267903 0.003704999980982393
0.16041400001267903 0.0
0.1626889999897685 0.003727000002982095
0.1626889999897685 1.00000761449337e-06
0.16189200000371784 0.0038460000068880618
0.16189200000371784 0.0
0.16401000000769272 0.0037690000026486814
0.16401000000769272 1.00000761449337e-06
0.1657859999977518 0.00394699999014847
0.1657859999977518 0.0
0.1652370000083465 0.003819000005023554
0.1652370000083465 0.0
0.16533099999651313 0.0037700000102631748
0.16533099999651313 0.0
0.16384600001038052 0.0038979999953880906
0.16384600001038052 0.0
0.16725500000757165 0.003723000001627952
0.16725500000757165 0.0
0.16410799999721348 0.003843000013148412
0.16410799999721348 0.0
0.20412099998793565 0.0050869999977294356
0.20412099998793565 1.00000761449337e-06
0.2123250000004191 0.005253000010270625
0.2123250000004191 0.0
0.20416999998269603 0.00527600001078099
0.20416999998269603 9.999785106629133e-07
0.2101109999930486 0.005120999994687736
0.2101109999930486 0.0
0.21215000000665896 0.005012999987229705
0.21215000000665896 1.00000761449337e-06
0.21232900000177324 0.005126000003656372
0.21232900000177324 1.00000761449337e-06
0.2022220000217203 0.005391000013332814
0.2022220000217203 0.0
0.22010199999203905 0.005342999997083098
0.22010199999203905 1.00000761449337e-06
0.2217430000018794 0.0052980000036768615
0.2217430000018794 0.0
0.21394600000348873 0.004885000002104789
0.21394600000348873 0.0
0.22016600001370534 0.005291999987093732
0.22016600001370534 1.00000761449337e-06
0.2090029999963008 0.005393999977968633
0.2090029999963008 0.0
0.2177240000164602 0.004046999994898215
0.2177240000164602 1.00000761449337e-06
0.21663900002022274 0.005080000002635643
0.21663900002022274 0.0
0.21576599997933954 0.005207000009249896
0.21576599997933954 1.00000761449337e-06
0.21348000000580214 0.005044999998062849
0.21348000000580214 0.0
0.2055289999989327 0.0051300000050105155
0.2055289999989327 9.999785106629133e-07
0.1981530000048224 0.00527299998793751
0.1981530000048224 1.00000761449337e-06
0.22304799998528324 0.005238000012468547
0.22304799998528324 1.00000761449337e-06
0.22366499999770895 0.0054880000243429095
0.22366499999770895 9.999785106629133e-07
0.22498100000666454 0.00402700001723133
0.22498100000666454 0.0
0.23195799998939037 0.004369999980553985
0.23195799998939037 0.0
0.23764000000664964 0.005738000007113442
0.23764000000664964 1.00000761449337e-06
0.2508580000139773 0.006215000001247972
0.2508580000139773 0.0
0.2637350000150036 0.006694999989122152
0.2637350000150036 0.0
0.28308900000411086 0.015377999981865287
0.28308900000411086 1.00000761449337e-06
0.2634550000075251 0.006692000024486333
0.2634550000075251 1.3999990187585354e-05
0.24678199997288175 0.005994000006467104
0.24678199997288175 1.3999990187585354e-05
0.2364499999966938 0.005764999979874119
0.2364499999966938 1.00000761449337e-06
0.2201340000028722 0.0048260000185109675
0.2201340000028722 9.999785106629133e-07
0.21948599998722784 0.005326999991666526
0.21948599998722784 0.0
0.22525600000517443 0.0053149999876040965
0.22525600000517443 1.00000761449337e-06
0.17748900002334267 0.0040969999972730875
0.17748900002334267 9.999785106629133e-07
0.1837400000076741 0.004329999996116385
0.1837400000076741 1.00000761449337e-06
0.18369999999413267 0.004454999987501651
0.18369999999413267 1.00000761449337e-06
0.18384700000751764 0.004243000003043562
0.18384700000751764 0.0
0.1861969999736175 0.004532000020844862
0.1861969999736175 9.999785106629133e-07
0.18307100000674836 0.004179000010481104
0.18307100000674836 0.0
0.18198799999663606 0.00450700000510551
0.18198799999663606 9.999785106629133e-07
0.18318900000303984 0.00422400000388734
0.18318900000303984 1.00000761449337e-06
0.18451099999947473 0.004362000006949529
0.18451099999947473 1.00000761449337e-06
0.18418200002633967 0.004170000000158325
0.18418200002633967 1.00000761449337e-06
0.17914299998665228 0.004129000008106232
0.17914299998665228 0.0
0.18043300000135787 0.004294000013032928
0.18043300000135787 0.0
0.18027099999017082 0.004393999988678843
0.18027099999017082 1.00000761449337e-06
0.18142599999555387 0.004117000004043803
0.18142599999555387 0.0
0.1844250000140164 0.004191000014543533
0.1844250000140164 1.00000761449337e-06
0.18604099997901358 0.004202999989502132
0.18604099997901358 0.0
0.18131000001449138 0.004514000000199303
0.18131000001449138 0.0
0.17897000000812113 0.00414399997680448
0.17897000000812113 1.00000761449337e-06
0.18053700000746176 0.004237999994074926
0.18053700000746176 0.0
0.17859300001873635 0.004182999982731417
0.17859300001873635 0.0
0.181458000006387 0.004277000000001863
0.181458000006387 0.0
0.18157599997357465 0.004328000009991229
0.18157599997357465 1.00000761449337e-06
0.18036699999356642 0.004361999977845699
0.18036699999356642 9.999785106629133e-07
0.18263000002480112 0.004457000002730638
0.18263000002480112 0.0
0.18163800000911579 0.0044720000005327165
0.18163800000911579 0.0
0.18103599999449216 0.004563999973470345
0.18103599999449216 0.0
0.1822120000142604 0.003990999975940213
0.1822120000142604 0.0
0.18138399999588728 0.0040889999945648015
0.18138399999588728 0.0
0.18995700002415106 0.005169000010937452
0.18995700002415106 1.00000761449337e-06
0.2000980000011623 0.004175000009126961
0.2000980000011623 1.00000761449337e-06
0.19644900001003407 0.004490000021178275
0.19644900001003407 0.0
0.1895129999902565 0.005466000002343208
0.1895129999902565 9.999785106629133e-07
0.18443600001046434 0.0041769999952521175
0.18443600001046434 1.00000761449337e-06
0.18756299998494796 0.004725000006146729
0.18756299998494796 1.00000761449337e-06
0.23475599999073893 0.004982999991625547
0.23475599999073893 1.00000761449337e-06
0.20190400001592934 0.004928000009385869
0.20190400001592934 0.0
0.21296299999812618 0.0053780000016558915
0.21296299999812618 9.999785106629133e-07
0.2283789999783039 0.012608999997610226
0.2283789999783039 0.0
0.2185460000182502 0.0053619999962393194
0.2185460000182502 0.0
0.21613100002286956 0.005632000014884397
0.21613100002286956 0.0
0.2106189999904018 0.004841999994823709
0.2106189999904018 0.0
0.19582899997476488 0.004768999991938472
0.19582899997476488 9.999785106629133e-07
0.1837750000122469 0.004658999998355284
0.1837750000122469 1.00000761449337e-06
0.18216599998413585 0.00422400000388734
0.18216599998413585 1.00000761449337e-06
0.18462000001454726 0.0041390000260435045
0.18462000001454726 9.999785106629133e-07
0.17904899999848567 0.004090000002179295
0.17904899999848567 0.0
0.1836849999963306 0.0043880000011995435
0.1836849999963306 0.0
0.18027000001166016 0.004083000007085502
0.18027000001166016 0.0
0.18083899997873232 0.004111999995075166
0.18083899997873232 1.00000761449337e-06
0.18116100001498125 0.004129999986616895
0.18116100001498125 9.999785106629133e-07
0.1806700000015553 0.004061000014189631
0.1806700000015553 0.0
0.18179300002520904 0.004157999996095896
0.18179300002520904 9.999785106629133e-07
0.18066600000020117 0.00431300001218915
0.18066600000020117 1.00000761449337e-06
0.21827599999960512 0.005390000005718321
0.21827599999960512 0.0
0.23212199998670258 0.00551600000471808
0.23212199998670258 9.999785106629133e-07
0.23038999998243526 0.005157000006875023
0.23038999998243526 0.0
0.23364500000025146 0.005807000008644536
0.23364500000025146 0.0
0.23857200000202283 0.005822000006446615
0.23857200000202283 1.00000761449337e-06
0.23187899999902584 0.005635000008624047
0.23187899999902584 0.0
0.23527400000602938 0.005567999993218109
0.23527400000602938 1.00000761449337e-06
0.23884999999427237 0.0056859999895095825
0.23884999999427237 0.0
0.23703700001351535 0.006087000016123056
0.23703700001351535 0.0
0.23061800000141375 0.005560999998124316
0.23061800000141375 1.00000761449337e-06
0.2421100000210572 0.005701999994926155
0.2421100000210572 9.999785106629133e-07
0.23544799999217503 0.005628999992040917
0.23544799999217503 0.0
0.2368750000023283 0.005483999993884936
0.2368750000023283 0.0
0.18505800000275485 0.004237000015564263
0.18505800000275485 0.0
0.1808980000205338 0.004167000006418675
0.1808980000205338 1.00000761449337e-06
0.1833760000008624 0.004170000000158325
0.1833760000008624 0.0
0.19009599997662008 0.004421000019647181
0.19009599997662008 1.00000761449337e-06
0.1839660000114236 0.00422399997478351
0.1839660000114236 1.00000761449337e-06
0.18451799999456853 0.004221999988658354
0.18451799999456853 9.999785106629133e-07
0.1847190000116825 0.0042440000106580555
0.1847190000116825 0.0
0.1857579999777954 0.004161999997450039
0.1857579999777954 0.0
0.18647699998109601 0.004239000001689419
0.18647699998109601 0.0
0.18558299998403527 0.004301999986637384
0.18558299998403527 0.0
0.1862599999876693 0.00419300000066869
0.1862599999876693 0.0
0.19973699998809025 0.004689000023063272
0.19973699998809025 1.00000761449337e-06
0.2055019999970682 0.004801000002771616
0.2055019999970682 0.0
0.21342899999581277 0.004926000023260713
0.21342899999581277 0.0
0.2175289999868255 0.005153999984031543
0.2175289999868255 1.00000761449337e-06
0.22690999999758787 0.005667999997967854
0.22690999999758787 1.00000761449337e-06
0.22034500000881962 0.0052010000217705965
0.22034500000881962 1.00000761449337e-06
0.21401900000637397 0.005044000019552186
0.21401900000637397 0.0
0.2595070000097621 0.006747000006726012
0.2595070000097621 9.999785106629133e-07
0.24741499999072403 0.005666000011842698
0.24741499999072403 9.999785106629133e-07
0.24724200001219288 0.005687999975634739
0.24724200001219288 1.00000761449337e-06
0.19034800000372343 0.004253999999491498
0.19034800000372343 1.00000761449337e-06
0.23680099999182858 0.005727000010665506
0.23680099999182858 0.0
0.23133199999574572 0.00579900000593625
0.23133199999574572 0.0
0.23502200000802986 0.006250000005820766
0.23502200000802986 1.00000761449337e-06
0.24529400002211332 0.0056690000055823475
0.24529400002211332 0.0
0.18848899999284185 0.004282999987481162
0.18848899999284185 1.00000761449337e-06
0.24520100001245737 0.005758000013884157
0.24520100001245737 0.0
0.23869600001489744 0.006017999985488132
0.23869600001489744 0.0
0.2465189999784343 0.005815999989863485
0.2465189999784343 1.00000761449337e-06
0.23871999999391846 0.005734999984269962
0.23871999999391846 0.0
0.2482529999979306 0.005709999997634441
0.2482529999979306 0.0
0.24690599998575635 0.00564200000371784
0.24690599998575635 0.0
0.24701399999321438 0.0053659999975934625
0.24701399999321438 0.0
0.25234800000907853 0.005782000022009015
0.25234800000907853 0.0
0.24672699999064207 0.005792000010842457
0.24672699999064207 1.00000761449337e-06
0.19615500001236796 0.004419999982928857
0.19615500001236796 1.00000761449337e-06
0.1911260000197217 0.004573999991407618
0.1911260000197217 1.00000761449337e-06
0.19167699999525212 0.00426399998832494
0.19167699999525212 1.00000761449337e-06
0.19041300000390038 0.004282999987481162
0.19041300000390038 0.0
0.19237999999313615 0.004213000007439405
0.19237999999313615 1.00000761449337e-06
0.1919110000017099 0.00434699998004362
0.1919110000017099 0.0
0.19395299997995608 0.004627000016625971
0.19395299997995608 0.0
0.1913899999926798 0.0043289999885018915
0.1913899999926798 0.0
0.1914589999942109 0.004354000004241243
0.1914589999942109 1.00000761449337e-06
0.19336599999223836 0.004491999978199601
0.19336599999223836 0.0
0.1952199999941513 0.004504000011365861
0.1952199999941513 0.0
0.19561399999656714 0.004458000010345131
0.19561399999656714 9.999785106629133e-07
0.19243600001209415 0.004378000012366101
0.19243600001209415 0.0
0.19443499998305924 0.0045270000118762255
0.19443499998305924 0.0
0.19463199999881908 0.004599999985657632
0.19463199999881908 1.00000761449337e-06
0.1946180000086315 0.004554000013740733
0.1946180000086315 9.999785106629133e-07
0.19412000000011176 0.004497999994782731
0.19412000000011176 0.0
0.19648400001460686 0.004770999978063628
0.19648400001460686 0.0
0.19484199999715202 0.004622000007657334
0.19484199999715202 0.0
0.21483400001307018 0.004889000003458932
0.21483400001307018 1.00000761449337e-06
0.2151830000220798 0.004983999999240041
0.2151830000220798 0.0
0.2192559999821242 0.005104000010760501
0.2192559999821242 9.999785106629133e-07
0.23047000000951812 0.012516999995568767
0.23047000000951812 9.999785106629133e-07
0.24184000000241213 0.014341000001877546
0.24184000000241213 1.00000761449337e-06
0.23221300001023337 0.005873000016435981
0.23221300001023337 9.999785106629133e-07
0.22203600002103485 0.0052100000029895455
0.22203600002103485 1.00000761449337e-06
0.21911000000545755 0.005077000008895993
0.21911000000545755 0.0
0.2065780000120867 0.00483299998450093
0.2065780000120867 0.0
0.19649100000970066 0.004920999985188246
0.19649100000970066 0.0
0.19485400000121444 0.0043899999873247
0.19485400000121444 0.0
0.19352599998819642 0.0045439999958034605
0.19352599998819642 0.0
0.2554719999898225 0.006266000011237338
0.2554719999898225 0.0
0.23784300000988878 0.004820000001927838
0.23784300000988878 0.0
0.253404999995837 0.005978000001050532
0.253404999995837 1.00000761449337e-06
0.2521300000080373 0.005953999992925674
0.2521300000080373 0.0
0.24062899997807108 0.00628199998755008
0.24062899997807108 1.00000761449337e-06
0.24487900000531226 0.005638000002363697
0.24487900000531226 1.00000761449337e-06
0.2545539999846369 0.005937000008998439
0.2545539999846369 9.999785106629133e-07
0.2550549999868963 0.006025999988196418
0.2550549999868963 1.00000761449337e-06
0.2497260000091046 0.006303000001935288
0.2497260000091046 0.0
0.25439499999629334 0.005936000001383945
0.25439499999629334 1.00000761449337e-06
0.25957300001755357 0.006129000015789643
0.25957300001755357 0.0
0.2419940000108909 0.005963000003248453
0.2419940000108909 0.0
0.25290200000745244 0.006246999982977286
0.25290200000745244 0.0
0.19476000001304783 0.004251000005751848
0.19476000001304783 1.00000761449337e-06
0.19377199999871664 0.004604999994626269
0.19377199999871664 0.0
0.24019699997734278 0.00604199999361299
0.24019699997734278 0.0
0.25400300000910647 0.0046620000211987644
0.25400300000910647 1.00000761449337e-06
0.25268299999879673 0.005866999999852851
0.25268299999879673 1.00000761449337e-06
0.19654699999955483 0.004576999985147268
0.19654699999955483 0.0
0.20772000000579283 0.00450999999884516
0.20772000000579283 1.00000761449337e-06
0.20182800001930445 0.005101999995531514
0.20182800001930445 0.0
0.20762800000375137 0.004820000001927838
0.20762800000375137 9.999785106629133e-07
0.21391799999400973 0.0050789999950211495
0.21391799999400973 0.0
0.21343699999852106 0.004948999994667247
0.21343699999852106 1.00000761449337e-06
0.21725699998205528 0.005089000012958422
0.21725699998205528 0.0
0.21633100000326522 0.005151999997906387
0.21633100000326522 1.00000761449337e-06
0.21861099998932332 0.005124000017531216
0.21861099998932332 0.0
0.21754599999985658 0.00547600002028048
0.21754599999985658 1.00000761449337e-06
0.21268999998574145 0.004993999988073483
0.21268999998574145 0.0
0.21525799998198636 0.0050669999909587204
0.21525799998198636 1.00000761449337e-06
0.21355899999616668 0.004978999990271404
0.21355899999616668 1.00000761449337e-06
0.21812400000635535 0.005077999987406656
0.21812400000635535 1.00000761449337e-06
0.23466299998108298 0.005876999988686293
0.23466299998108298 1.00000761449337e-06
0.24622899998212233 0.006258999987039715
0.24622899998212233 0.0
0.24326300001121126 0.013595000025816262
0.24326300001121126 0.0
0.2619700000213925 0.015493000013520941
0.2619700000213925 1.00000761449337e-06
0.2687070000101812 0.014583000011043623
0.2687070000101812 0.0
0.25501900000381283 0.006599000014830381
0.25501900000381283 0.0
0.2447810000157915 0.006007999996654689
0.2447810000157915 1.00000761449337e-06
0.23799100000178441 0.005624999990686774
0.23799100000178441 0.0
0.2892320000100881 0.0069759999751113355
0.2892320000100881 1.00000761449337e-06
0.25062599999364465 0.005756999977165833
0.25062599999364465 0.0
0.22071899997536093 0.006752000015694648
0.22071899997536093 0.0
0.27013999997870997 0.006391000002622604
0.27013999997870997 1.00000761449337e-06
0.2665969999798108 0.006523999996716157
0.2665969999798108 0.0
0.2143729999952484 0.004958000004990026
0.2143729999952484 1.00000761449337e-06
0.20765600001323037 0.004836999985855073
0.20765600001323037 1.00000761449337e-06
0.20579400000860915 0.005132999998750165
0.20579400000860915 0.0
0.2072749999933876 0.004686000000219792
0.2072749999933876 1.00000761449337e-06
0.20610099998884834 0.0048390000010840595
0.20610099998884834 9.999785106629133e-07
0.20230299999821 0.004738999996334314
0.20230299999821 9.999785106629133e-07
0.20727199999964796 0.00459300001966767
0.20727199999964796 1.00000761449337e-06
0.2008499999938067 0.004562999994959682
0.2008499999938067 0.0
0.2035619999805931 0.004404000006616116
0.2035619999805931 9.999785106629133e-07
0.20182499999646097 0.004621000000042841
0.20182499999646097 1.00000761449337e-06
0.20227099998737685 0.004688999993959442
0.20227099998737685 0.0
0.2000500000140164 0.004653000010875985
0.2000500000140164 1.00000761449337e-06
0.19743400000152178 0.004924000008031726
0.19743400000152178 0.0
0.19522399999550544 0.004610000003594905
0.19522399999550544 1.00000761449337e-06
0.1920070000051055 0.004323999979533255
0.1920070000051055 1.00000761449337e-06
0.1943780000146944 0.004337999998824671
0.1943780000146944 0.0
0.1943009999813512 0.004419000004418194
0.1943009999813512 1.00000761449337e-06
0.19415299998945557 0.004339000006439164
0.19415299998945557 0.0
0.19375800000852905 0.004641000006813556
0.19375800000852905 0.0
0.1931650000042282 0.004424999991897494
0.1931650000042282 1.00000761449337e-06
0.19081499997992069 0.004318999999668449
0.19081499997992069 0.0
0.19262200000230223 0.004420000012032688
0.19262200000230223 0.0
0.19203999999444932 0.004730999993626028
0.19203999999444932 0.0
0.19205800001509488 0.004407000000355765
0.19205800001509488 0.0
0.2017819999891799 0.004351000010501593
0.2017819999891799 1.00000761449337e-06
0.19292899998254143 0.0050500000070314854
0.19292899998254143 9.999785106629133e-07
0.1911870000185445 0.004573999991407618
0.1911870000185445 1.00000761449337e-06
0.19459500000812113 0.004327000002376735
0.19459500000812113 1.00000761449337e-06
0.19276299999910407 0.004570000019157305
0.19276299999910407 0.0
0.1954519999853801 0.004402999999001622
0.1954519999853801 1.00000761449337e-06
0.19453800001065247 0.004425999999511987
0.19453800001065247 1.00000761449337e-06
0.19267800002126023 0.004404000006616116
0.19267800002126023 0.0
0.19869299998390488 0.004588999989209697
0.19869299998390488 0.0
0.21037000001524575 0.0049860000144690275
0.21037000001524575 9.999785106629133e-07
0.21846699999878183 0.005126000003656372
0.21846699999878183 0.0
0.2190370000025723 0.00523300000349991
0.2190370000025723 1.00000761449337e-06
0.23000100001809187 0.0059729999920818955
0.23000100001809187 1.00000761449337e-06
0.24387899998691864 0.0064239999919664115
0.24387899998691864 0.0
0.23155599998426624 0.005531000002520159
0.23155599998426624 9.999785106629133e-07
0.2269949999754317 0.005364000011468306
0.2269949999754317 0.0
0.22375499998452142 0.005234000011114404
0.22375499998452142 1.00000761449337e-06
0.22763700000359677 0.005325000005541369
0.22763700000359677 0.0
0.20533700002124533 0.0048300000198651105
0.20533700002124533 0.0
0.19765399998868816 0.004526000004261732
0.19765399998868816 9.999785106629133e-07
0.1997669999836944 0.004580999986501411
0.1997669999836944 1.00000761449337e-06
0.19932499999413267 0.004496000008657575
0.19932499999413267 1.00000761449337e-06
0.19802300000446849 0.004486999998334795
0.19802300000446849 0.0
0.1942540000018198 0.004483000026084483
0.1942540000018198 0.0
0.19516999999177642 0.004283999995095655
0.19516999999177642 1.00000761449337e-06
0.19379799999296665 0.0050540000083856285
0.19379799999296665 0.0
0.19426400001975708 0.0045990000071469694
0.19426400001975708 1.00000761449337e-06
0.1934940000064671 0.00467600001138635
0.1934940000064671 0.0
0.19536800001515076 0.004407999978866428
0.19536800001515076 0.0
0.19496000002254732 0.004484000004595146
0.19496000002254732 0.0
0.2526160000124946 0.006129999994300306
0.2526160000124946 0.0
0.24787600000854582 0.00591900001745671
0.24787600000854582 1.00000761449337e-06
0.2525440000172239 0.006034999998519197
0.2525440000172239 0.0
0.24094300001161173 0.005676999979186803
0.24094300001161173 0.0
0.1939649999840185 0.004653000010875985
0.1939649999840185 0.0
0.19525600000633858 0.004405000014230609
0.19525600000633858 9.999785106629133e-07
0.19403799998690374 0.004526999982772395
0.19403799998690374 0.0
0.19365999998990446 0.0047550000017508864
0.19365999998990446 9.999785106629133e-07
0.1917869999888353 0.004378999990876764
0.1917869999888353 1.00000761449337e-06
0.19549899999401532 0.0046070000098552555
0.19549899999401532 0.0
0.1947459999937564 0.005028999992646277
0.1947459999937564 0.0
0.19486799999140203 0.004967999993823469
0.19486799999140203 0.0
0.19297599999117665 0.004486999998334795
0.19297599999117665 1.00000761449337e-06
0.1942150000249967 0.004486000019824132
0.1942150000249967 1.00000761449337e-06
0.19354000000748783 0.0045479999971576035
0.19354000000748783 9.999785106629133e-07
0.1937809999799356 0.004461000004084781
0.1937809999799356 1.00000761449337e-06
0.19412900001043454 0.004461000004084781
0.19412900001043454 0.0
0.19395600000279956 0.0045270000118762255
0.19395600000279956 0.0
0.19303300001774915 0.004635000019334257
0.19303300001774915 1.00000761449337e-06
0.19461799997952767 0.004499999980907887
0.19461799997952767 0.0
0.20362200000090525 0.00466999999480322
0.20362200000090525 0.0
0.20664799999212846 0.004764999990584329
0.20664799999212846 1.00000761449337e-06
0.2094140000117477 0.004841000016313046
0.2094140000117477 0.0
0.21429299999726936 0.00487000000430271
0.21429299999726936 0.0
0.21792600001208484 0.005334999994374812
0.21792600001208484 1.00000761449337e-06
0.22978300001705065 0.005776000005425885
0.22978300001705065 0.0
0.23962499998742715 0.005803999985801056
0.23962499998742715 1.00000761449337e-06
0.24320699999225326 0.005899999989196658
0.24320699999225326 9.999785106629133e-07
0.32923199998913333 0.008769000007305294
0.32923199998913333 0.0
0.25820999999996275 0.006804000004194677
0.25820999999996275 0.0
0.3258159999968484 0.008341000007931143
0.3258159999968484 0.0
0.30396900000050664 0.007714999985182658
0.30396900000050664 0.0
0.28625899998587556 0.007496000005630776
0.28625899998587556 1.00000761449337e-06
INFO:sc2.protocol:Client status changed to Status.ended (was Status.in_game)
INFO:sc2.protocol:Client status changed to Status.ended (was Status.in_game)
INFO:root:Result for player 1 - Bot(Race.Terran, <bots.kinai.test_bot.TestBot object at 0x7f7b35c83160>): Defeat
INFO:root:Result for player 2 - Bot(Race.Terran, <bots.Showing_bot.speedBot.MarinBot object at 0x7f7b35c855c0>): Victory
INFO:sc2.client:Saved replay to outs/2020-01-17T11-28-03/replays/kinai-showing_bot/kinai-showing_bot-1.SC2Replay
INFO:sc2.protocol:Client status changed to Status.launched (was Status.ended)
INFO:sc2.protocol:Client status changed to Status.quit (was Status.launched)
INFO:sc2.sc2process:kill_switch: Process cleanup
INFO:sc2.sc2process:Cleaning up...
INFO:sc2.sc2process:Cleanup complete
INFO:sc2.sc2process:Cleaning up...
INFO:sc2.sc2process:Cleanup complete
INFO:sc2.protocol:Client status changed to Status.launched (was Status.ended)
INFO:sc2.protocol:Cannot receive: Connection already closed.
INFO:sc2.sc2process:kill_switch: Process cleanup
INFO:sc2.sc2process:Cleaning up...
INFO:sc2.sc2process:Cleanup complete
INFO:sc2.sc2process:Cleaning up...
INFO:sc2.sc2process:Cleanup complete


## STDERR ##

Version: B75689 (SC2.4.10)
Build: Aug 12 2019 17:16:57
Command Line: '"/home/hspark8312/StarCraftII/Versions/Base75689/SC2_x64" -listen 127.0.0.1 -port 15628 -displayMode 0 -dataDir /home/hspark8312/StarCraftII -tempDir /tmp/SC2_lnvytr_5'
Starting up...
Startup Phase 1 complete
Version: B75689 (SC2.4.10)
Build: Aug 12 2019 17:16:57
Command Line: '"/home/hspark8312/StarCraftII/Versions/Base75689/SC2_x64" -listen 127.0.0.1 -port 22411 -displayMode 0 -dataDir /home/hspark8312/StarCraftII -tempDir /tmp/SC2_gt87wrok'
Starting up...
Startup Phase 1 complete
Startup Phase 2 complete
Creating stub renderer...
Listening on: 127.0.0.1:15628
Startup Phase 3 complete. Ready for commands.
Startup Phase 2 complete
Creating stub renderer...
Listening on: 127.0.0.1:22411
Startup Phase 3 complete. Ready for commands.
ConnectHandler: Request from 127.0.0.1:53349 accepted
ReadyHandler: 127.0.0.1:53349 ready
Requesting to join a multiplayer game
Configuring interface options
Configure: raw interface enabled
Configure: feature layer interface enabled
Configure: score interface enabled
Configure: render interface disabled
ConnectHandler: Request from 127.0.0.1:53350 accepted
ReadyHandler: 127.0.0.1:53350 ready
Requesting to join a multiplayer game
Configuring interface options
Configure: raw interface enabled
Configure: feature layer interface enabled
Configure: score interface enabled
Configure: render interface disabled
Create game with map path: NCFellowship-2019_m1_v6.SC2Map
Attempting to join a game with the map: NCFellowship-2019_m1_v6.SC2Map
Game has started.
Using default stable ids, none found at: /home/hspark8312/StarCraftII/stableid.json
Successfully loaded stable ids: GameData\stableid.json
Sending ResponseJoinGame
Deferred error: 536936448 (0x20010000)
Deferred error details: Bad profiling data. TimeMS: 6493818.000000 Conversion: 1.000000e-03
Game has started.
Using default stable ids, none found at: /home/hspark8312/StarCraftII/stableid.json
Successfully loaded stable ids: GameData\stableid.json
Sending ResponseJoinGame
RequestQuit command received.
Closing Application...
/home/hspark8312/anaconda3/envs/sc2/lib/python3.6/importlib/_bootstrap.py:219: RuntimeWarning: numpy.ufunc size changed, may indicate binary incompatibility. Expected 192 from C header, got 216 from PyObject
  return f(*args, **kwds)
/home/hspark8312/anaconda3/envs/sc2/lib/python3.6/importlib/_bootstrap.py:219: RuntimeWarning: numpy.ufunc size changed, may indicate binary incompatibility. Expected 192 from C header, got 216 from PyObject
  return f(*args, **kwds)
/home/hspark8312/anaconda3/envs/sc2/lib/python3.6/site-packages/tensorboard/compat/tensorflow_stub/dtypes.py:541: FutureWarning: Passing (type, 1) or '1type' as a synonym of type is deprecated; in a future version of numpy, it will be understood as (type, (1,)) / '(1,)type'.
  _np_qint8 = np.dtype([("qint8", np.int8, 1)])
/home/hspark8312/anaconda3/envs/sc2/lib/python3.6/site-packages/past/builtins/misc.py:45: DeprecationWarning: the imp module is deprecated in favour of importlib; see the module's documentation for alternative uses
  from imp import reload
/mnt/d/sc2minigame-eval-2020-01-09/bots/Showing_bot/speedBot.py:1643: RuntimeWarning: coroutine 'TerreinManager.debug' was never awaited
  self.terrein_manager.debug()
/mnt/d/sc2minigame-eval-2020-01-09/bots/kinai/test_bot.py:644: RuntimeWarning: coroutine 'Debuging.normal_step' was never awaited
  self.normal_step(unit, units)
