## STDOUT ##

[[92mINFO[0m] SC2 4.9.0 용 패치 적용
패치 sc2.ids.ability_id
패치 sc2.game_state
패치 sc2.bot_ai
패치 sc2.client
패치 sc2.controller
패치 sc2.main
INFO:root:Failed to import cuda module: No module named 'caffe2.python.caffe2_pybind11_state_gpu'
INFO:root:Failed to import AMD hip module: No module named 'caffe2.python.caffe2_pybind11_state_hip'
WARNING:root:This caffe2 python run does not have GPU support. Will run in CPU only mode.
cpu
INFO:sc2.protocol:Client status changed to Status.launched (was None)
INFO:sc2.protocol:Client status changed to Status.launched (was None)
INFO:sc2_patch.sc2_patch_490.controller:Creating new game
INFO:sc2_patch.sc2_patch_490.controller:Map:     NCFellowship-2019_m1_v6
INFO:sc2_patch.sc2_patch_490.controller:Players: Bot(Race.Terran, <bots.Bluebird.bot.Bot object at 0x7fe9eda04198>), Bot(Race.Terran, <bots.Showing_bot.speedBot.MarinBot object at 0x7fe9eda00e10>)
INFO:sc2.protocol:Client status changed to Status.init_game (was Status.launched)
INFO:sc2.protocol:Client status changed to Status.in_game (was None)
INFO:root:Player 1 - Bot(Race.Terran, <bots.Bluebird.bot.Bot object at 0x7fe9eda04198>)
TEST: 1, <bots.Bluebird.bot.Bot object at 0x7fe9eda04198>
INFO:sc2.protocol:Client status changed to Status.in_game (was None)
INFO:root:Player 2 - Bot(Race.Terran, <bots.Showing_bot.speedBot.MarinBot object at 0x7fe9eda00e10>)
TEST: 2, <bots.Showing_bot.speedBot.MarinBot object at 0x7fe9eda00e10>
load model: bots/Showing_bot/models/model-89.pt
create new model
0
0.04571299999952316 0.0029510000022128224
0.04571299999952316 0.0
0.0451560000074096 0.002084999985527247
0.0451560000074096 0.0
1
0.044935000012628734 0.001213000010466203
0.044935000012628734 0.0
1
0.04486399999586865 0.001305999991018325
0.04486399999586865 0.0
1
0.04550499998731539 0.0012669999850913882
0.04550499998731539 0.0
1
0.04515799999353476 0.001133999990997836
0.04515799999353476 0.0
1
0.0455530000035651 0.0012360000109765679
0.0455530000035651 0.0
1
0.04574699999648146 0.0012229999992996454
0.04574699999648146 1.00000761449337e-06
1
0.04560199999832548 0.0012189999979455024
0.04560199999832548 0.0
1
0.04548399997293018 0.0014870000013615936
0.04548399997293018 0.0
1
1
0.04915100001380779 0.0012509999796748161
0.04915100001380779 0.0
0.04617600000347011 0.001445000001695007
0.04617600000347011 0.0
1
0.045104999997420236 0.0011879999947268516
0.045104999997420236 0.0
1
0.04540199998882599 0.0012420000275596976
0.04540199998882599 0.0
1
0.04471899999771267 0.001281000004382804
0.04471899999771267 0.0
1
0.05778600001940504 0.0021269999851938337
0.05778600001940504 1.00000761449337e-06
1
0.05190200000652112 0.0014009999867994338
0.05190200000652112 1.00000761449337e-06
1
0.0483269999967888 0.0013430000108201057
0.0483269999967888 0.0
1
0.045117000001482666 0.0012559999886434525
0.045117000001482666 9.999785106629133e-07
1
0.04498099998454563 0.0012360000109765679
0.04498099998454563 1.00000761449337e-06
1
0.047870000009424984 0.001353999978164211
0.047870000009424984 0.0
1
0.04869899997720495 0.0013190000026952475
0.04869899997720495 1.00000761449337e-06
1
0.04871999999159016 0.0013040000048931688
0.04871999999159016 1.00000761449337e-06
1
0.049910000001545995 0.0013029999972786754
0.049910000001545995 0.0
1
0.04851399999461137 0.0012550000101327896
0.04851399999461137 1.00000761449337e-06
1
0.0476290000078734 0.001293000008445233
0.0476290000078734 1.00000761449337e-06
1
0.050251000007847324 0.0013679999974556267
0.050251000007847324 0.0
1
1
0.05409199997666292 0.0030719999922439456
0.05409199997666292 1.00000761449337e-06
0.04894599999533966 0.0014669999945908785
0.04894599999533966 0.0
1
0.049312999995891005 0.0013580000086221844
0.049312999995891005 1.00000761449337e-06
1
0.047904000006383285 0.0012410000199452043
0.047904000006383285 0.0
1
1
0.048555999994277954 0.0012439999845810235
0.048555999994277954 0.0
1
0.048183999984757975 0.0011909999884665012
0.048183999984757975 1.00000761449337e-06
0.047835999983362854 0.0013290000206325203
0.047835999983362854 0.0
1
0.046869999991031364 0.0012949999945703894
0.046869999991031364 0.0
1
0.049528000003192574 0.0014740000187885016
0.049528000003192574 0.0
1
0.05051699999603443 0.001484000007621944
0.05051699999603443 0.0
1
0.05177600000752136 0.001293000008445233
0.05177600000752136 0.0
1
0.04998499999055639 0.0012900000147055835
0.04998499999055639 1.00000761449337e-06
1
0.05087200002162717 0.0015270000149030238
0.05087200002162717 1.00000761449337e-06
1
changed strategy
1
0.049854999990202487 0.001264999998966232
0.049854999990202487 0.0
1
0.050026999990222976 0.0014179999998304993
0.050026999990222976 9.999785106629133e-07
1
0.06748600001446903 0.0014839999785181135
0.06748600001446903 9.999785106629133e-07
1
0.05033300002105534 0.0012910000223200768
0.05033300002105534 0.0
1
0.06303599997772835 0.0013090000138618052
0.06303599997772835 0.0
1
0.06291800001054071 0.004344999993918464
0.06291800001054071 0.0
1
0.05443300001206808 0.0015830000047571957
0.05443300001206808 0.0
1
0.054908999998588115 0.0014519999967887998
0.054908999998588115 0.0
1
0.05271300001186319 0.0014530000044032931
0.05271300001186319 1.00000761449337e-06
1
0.052733999997144565 0.001373999984934926
0.052733999997144565 9.999785106629133e-07
1
0.055093999981181696 0.0016410000098403543
0.055093999981181696 1.00000761449337e-06
1
0.05779699998674914 0.0014599999994970858
0.05779699998674914 0.0
1
0.055985999992117286 0.001453999982913956
0.055985999992117286 1.00000761449337e-06
1
0.05670400001690723 0.001584000012371689
0.05670400001690723 1.00000761449337e-06
1
0.055397999996785074 0.0013909999979659915
0.055397999996785074 0.0
1
0.05524800001876429 0.0013719999988097697
0.05524800001876429 1.00000761449337e-06
1
0.05541299999458715 0.0014319999900180846
0.05541299999458715 0.0
1
0.05539600001065992 0.0014389999851118773
0.05539600001065992 0.0
1
0.055634999996982515 0.0014150000060908496
0.055634999996982515 1.00000761449337e-06
1
0.05552900000475347 0.0013660000113304704
0.05552900000475347 0.0
1
0.055309000017587095 0.0013800000015180558
0.055309000017587095 0.0
1
0.052844999998342246 0.0013170000165700912
0.052844999998342246 0.0
1
0.052574000001186505 0.0013160000089555979
0.052574000001186505 0.0
1
0.05284899999969639 0.0013599999947473407
0.05284899999969639 0.0
1
0.05217000000993721 0.0013550000148825347
0.05217000000993721 1.00000761449337e-06
1
0.053367999993497506 0.0014229999796953052
0.053367999993497506 0.0
1
0.05577199999243021 0.0014349999837577343
0.05577199999243021 0.0
1
0.06997099998989142 0.0020979999972041696
0.06997099998989142 0.0
1
0.07269399997312576 0.0019280000124126673
0.07269399997312576 0.0
1
0.054177000012714416 0.0014049999881535769
0.054177000012714416 1.00000761449337e-06
1
0.06100699998205528 0.003548999986378476
0.06100699998205528 0.0
1
0.05934000000706874 0.0016889999969862401
0.05934000000706874 0.0
1
0.0607190000009723 0.0014849999861326069
0.0607190000009723 1.00000761449337e-06
1
0.061682999978074804 0.0014950000040698797
0.061682999978074804 1.00000761449337e-06
1
0.05775999999605119 0.001445000001695007
0.05775999999605119 1.00000761449337e-06
1
0.058416000014403835 0.0014680000022053719
0.058416000014403835 9.999785106629133e-07
1
0.058361000003060326 0.001461999985622242
0.058361000003060326 1.00000761449337e-06
0.0604870000097435 0.0015710000006947666
0.0604870000097435 1.00000761449337e-06
1
0.059329999989131466 0.0015319999947678298
0.059329999989131466 0.0
1
0.05815200001234189 0.0014939999964553863
0.05815200001234189 0.0
1
0.057807000004686415 0.0014559999981429428
0.057807000004686415 1.00000761449337e-06
1
1
0.055206999997608364 0.0014549999905284494
0.055206999997608364 0.0
1
0.05490800002007745 0.001504000014392659
0.05490800002007745 0.0
1
0.0539930000086315 0.0018270000000484288
0.0539930000086315 0.0
1
0.052552999986801296 0.0016189999878406525
0.052552999986801296 1.00000761449337e-06
1
0.054921000002650544 0.0017609999922569841
0.054921000002650544 0.0
1
0.05036599998129532 0.0015669999993406236
0.05036599998129532 0.0
1
0.04995099999359809 0.001600999996298924
0.04995099999359809 0.0
1
0.05319600002258085 0.0017980000120587647
0.05319600002258085 0.0
1
0.052165000000968575 0.001918000023579225
0.052165000000968575 0.0
1
0.05608500001835637 0.0019859999883919954
0.05608500001835637 0.0
1
0.046002999995835125 0.0013290000206325203
0.046002999995835125 0.0
1
0.04629299999214709 0.0014479999954346567
0.04629299999214709 1.00000761449337e-06
1
0.0451560000074096 0.0014889999874867499
0.0451560000074096 9.999785106629133e-07
1
0.04573600000003353 0.0015489999786950648
0.04573600000003353 1.00000761449337e-06
1
0.04613999999128282 0.0012369999894872308
0.04613999999128282 0.0
1
0.047522999986540526 0.0015540000167675316
0.047522999986540526 0.0
1
0.04784199999994598 0.001441000000340864
0.04784199999994598 0.0
1
0.047577999997884035 0.0013350000081118196
0.047577999997884035 1.00000761449337e-06
1
0.04788100000587292 0.001238999975612387
0.04788100000587292 1.00000761449337e-06
1
0.052755000011529773 0.0014039999805390835
0.052755000011529773 9.999785106629133e-07
1
0.05341900000348687 0.0013170000165700912
0.05341900000348687 1.00000761449337e-06
1
0.05075200001010671 0.0013340000004973263
0.05075200001010671 1.00000761449337e-06
1
0.05068299997947179 0.001352999999653548
0.05068299997947179 0.0
1
0.05021600000327453 0.001336999994236976
0.05021600000327453 9.999785106629133e-07
1
0.050504999991972 0.0013350000081118196
0.050504999991972 0.0
1
0.04951700000674464 0.0013069999986328185
0.04951700000674464 9.999785106629133e-07
1
0.05010299998684786 0.0013169999874662608
0.05010299998684786 0.0
1
0.050663999980315566 0.0013259999977890402
0.050663999980315566 9.999785106629133e-07
1
0.05018599997856654 0.0012860000133514404
0.05018599997856654 1.00000761449337e-06
1
0.050060999987181276 0.001264999998966232
0.050060999987181276 1.00000761449337e-06
1
0.049694000015733764 0.0013459999754559249
0.049694000015733764 0.0
1
0.05033900000853464 0.0012869999918621033
0.05033900000853464 9.999785106629133e-07
1
0.05045500001870096 0.0012969999806955457
0.05045500001870096 1.00000761449337e-06
1
0.0503690000041388 0.0013720000279136002
0.0503690000041388 1.00000761449337e-06
1
0.05044600000837818 0.0013869999966118485
0.05044600000837818 0.0
1
0.0501920000242535 0.0013980000221636146
0.0501920000242535 1.00000761449337e-06
1
0.04995799998869188 0.0012679999927058816
0.04995799998869188 1.00000761449337e-06
1
0.05032000000937842 0.001281000004382804
0.05032000000937842 1.00000761449337e-06
1
0.050810999993700534 0.0013310000067576766
0.050810999993700534 1.00000761449337e-06
1
0.052165000000968575 0.001412999990861863
0.052165000000968575 0.0
1
0.052208000008249655 0.00136599998222664
0.052208000008249655 0.0
1
0.05365600000368431 0.0014149999769870192
0.05365600000368431 9.999785106629133e-07
1
0.05265299999155104 0.0013609999732580036
0.05265299999155104 0.0
1
0.05286699999123812 0.0013500000059138983
0.05286699999123812 0.0
1
0.05316099998890422 0.0013889999827370048
0.05316099998890422 0.0
1
0.062233999982709065 0.0016879999893717468
0.062233999982709065 0.0
1
0.06875999999465421 0.0016029999824240804
0.06875999999465421 0.0
1
0.05895000000600703 0.0013969999854452908
0.05895000000600703 9.999785106629133e-07
1
0.05498200000147335 0.0014500000106636435
0.05498200000147335 0.0
1
0.05352899999707006 0.0014480000245384872
0.05352899999707006 0.0
1
0.058025000005727634 0.0023729999957140535
0.058025000005727634 0.0
1
0.0651779999898281 0.0014850000152364373
0.0651779999898281 0.0
1
0.06222699998761527 0.0015589999966323376
0.06222699998761527 1.00000761449337e-06
1
0.06304800001089461 0.001636000000871718
0.06304800001089461 9.999785106629133e-07
1
0.05608199999551289 0.0014460000093095005
0.05608199999551289 0.0
1
0.056001000019023195 0.001576000009663403
0.056001000019023195 1.00000761449337e-06
1
0.05755300002056174 0.0015340000099968165
0.05755300002056174 0.0
1
0.057065999979386106 0.0016459999897051603
0.057065999979386106 0.0
1
0.05658999999286607 0.0014509999891743064
0.05658999999286607 0.0
1
0.05291999998735264 0.0014260000025387853
0.05291999998735264 0.0
1
0.05269499999121763 0.0013439999893307686
0.05269499999121763 0.0
1
0.05266100002336316 0.0013809999800287187
0.05266100002336316 0.0
1
0.05213600001297891 0.0013909999979659915
0.05213600001297891 0.0
1
0.0528760000015609 0.0013749999925494194
0.0528760000015609 0.0
1
0.052648000011686236 0.0014079999818932265
0.052648000011686236 0.0
1
0.05211200000485405 0.001369999983580783
0.05211200000485405 0.0
1
0.05282700000680052 0.0013840000028721988
0.05282700000680052 0.0
1
0.05360000001383014 0.0013919999764766544
0.05360000001383014 1.00000761449337e-06
1
0.05228600002010353 0.00133200001437217
0.05228600002010353 1.00000761449337e-06
1
0
0.05512800000724383 0.0013869999966118485
0.05512800000724383 0.0
1
0
0.05535899999085814 0.0014399999927263707
0.05535899999085814 0.0
1
0
0.05527700000675395 0.0014139999984763563
0.05527700000675395 0.0
1
0
0.054531000001588836 0.0014230000087991357
0.054531000001588836 0.0
1
0
0.055140000011306256 0.0014690000098198652
0.055140000011306256 0.0
1
0
0.05527899999287911 0.0015279999934136868
0.05527899999287911 1.00000761449337e-06
1
0
0.05736000000615604 0.0021570000099018216
0.05736000000615604 1.00000761449337e-06
0.05734100000699982 0.001424000016413629
0.05734100000699982 1.00000761449337e-06
1
0
0.055666000000201166 0.0014500000106636435
0.055666000000201166 0.0
1
0
0.054112000012537464 0.0013990000006742775
0.054112000012537464 1.00000761449337e-06
1
0
1
0
0.052755000011529773 0.001592999993590638
0.052755000011529773 0.0
1
0
0.054681000008713454 0.0018810000037774444
0.054681000008713454 0.0
1
0
0.05552500000339933 0.0016750000067986548
0.05552500000339933 0.0
1
0
0.0565679999999702 0.0015260000072885305
0.0565679999999702 0.0
1
0
0.05473800000618212 0.0018339999951422215
0.05473800000618212 0.0
1
0
0.05516899999929592 0.0015879999846220016
0.05516899999929592 0.0
1
0
0.07378499998594634 0.002577000006567687
0.07378499998594634 0.0
1
0
0.05789799999911338 0.0017619999998714775
0.05789799999911338 0.0
1
0
0.05755900000804104 0.0015639999764971435
0.05755900000804104 0.0
1
0
0.060375999979441985 0.00181200000224635
0.060375999979441985 0.0
1
0
0.06355099999927916 0.0017309999966528267
0.06355099999927916 1.00000761449337e-06
1
0
0.06393099998240359 0.0037810000067111105
0.06393099998240359 0.0
1
0
0.06225899999844842 0.0018240000063087791
0.06225899999844842 9.999785106629133e-07
1
0
0.06037400002242066 0.0017570000200066715
0.06037400002242066 0.0
1
0
0.059753999987151474 0.0015389999898616225
0.059753999987151474 1.00000761449337e-06
1
0
0.05743099999381229 0.0016710000054445118
0.05743099999381229 0.0
1
0
0.057523999974364415 0.0015310000162571669
0.057523999974364415 1.00000761449337e-06
1
0
0.057601000007707626 0.0014660000160802156
0.057601000007707626 0.0
1
0
0.05712599999969825 0.0014540000120177865
0.05712599999969825 0.0
1
0
0.058373000007122755 0.0015330000023823231
0.058373000007122755 0.0
1
0
0.058191000018268824 0.0015150000108405948
0.058191000018268824 0.0
1
0
0.05860000001848675 0.0016020000039134175
0.05860000001848675 1.00000761449337e-06
1
0
0.058107999997446314 0.0015030000067781657
0.058107999997446314 0.0
1
0
0.052989000017987564 0.0013469999830704182
0.052989000017987564 1.00000761449337e-06
1
0
0.04992700001457706 0.0014780000201426446
0.04992700001457706 0.0
1
0
0.05336600000737235 0.00133200001437217
0.05336600000737235 1.00000761449337e-06
1
0
0.05317299999296665 0.0013510000135283917
0.05317299999296665 0.0
1
0
0.05369900001096539 0.0014660000160802156
0.05369900001096539 1.00000761449337e-06
1
0
0.050263999990420416 0.0012839999981224537
0.050263999990420416 0.0
1
0
0.044993999996222556 0.0012409999908413738
0.044993999996222556 0.0
1
0
0.044581000023754314 0.0011940000113099813
0.044581000023754314 1.00000761449337e-06
1
0
0.044449000008171424 0.0011440000089351088
0.044449000008171424 0.0
1
0
0.04455200000666082 0.001225999993039295
0.04455200000666082 9.999785106629133e-07
1
0
0.044609000004129484 0.0011999999987892807
0.044609000004129484 1.00000761449337e-06
1
0
0.04562000001897104 0.001256999996257946
0.04562000001897104 0.0
1
0
0.045750999997835606 0.0012459999998100102
0.045750999997835606 0.0
1
0
0.0535389999859035 0.0013979999930597842
0.0535389999859035 0.0
1
0
0.05566099999123253 0.0014300000038929284
0.05566099999123253 1.00000761449337e-06
1
0
0.05527700000675395 0.0014549999905284494
0.05527700000675395 9.999785106629133e-07
1
0
0.05735699998331256 0.0014859999937471002
0.05735699998331256 1.00000761449337e-06
1
0
0.06300900000496767 0.0016300000133924186
0.06300900000496767 1.00000761449337e-06
1
0
0.06283199999597855 0.0017040000238921493
0.06283199999597855 0.0
1
0
0.06618500000331551 0.0017799999914132059
0.06618500000331551 0.0
1
0
0.05730099999345839 0.0014989999763201922
0.05730099999345839 1.00000761449337e-06
1
0
0.05734100000699982 0.0015589999966323376
0.05734100000699982 0.0
1
0
0.05690700002014637 0.001467000023694709
0.05690700002014637 0.0
1
0
0.061313999991398305 0.0015839999832678586
0.061313999991398305 0.0
1
0
0.05670000001555309 0.0014769999834243208
0.05670000001555309 0.0
1
0
0.05283300002338365 0.0017989999905694276
0.05283300002338365 9.999785106629133e-07
1
0
0.05276600000797771 0.001416999992216006
0.05276600000797771 0.0
1
0
0.05348699999740347 0.0013800000015180558
0.05348699999740347 9.999785106629133e-07
1
0
0.05238899998948909 0.001373999984934926
0.05238899998948909 1.00000761449337e-06
1
0
0.05894899999839254 0.0016969999996945262
0.05894899999839254 0.0
1
0
0.05199399997945875 0.0014070000033825636
0.05199399997945875 1.00000761449337e-06
1
0
0.04977000001235865 0.0013430000108201057
0.04977000001235865 1.00000761449337e-06
1
0
0.04978899998241104 0.001336999994236976
0.04978899998241104 1.00000761449337e-06
1
0
0.06640999999945052 0.0016079999913927168
0.06640999999945052 0.0
1
0
0.05119399999966845 0.0014179999998304993
0.05119399999966845 0.0
1
0
0.05328299998654984 0.0013960000069346279
0.05328299998654984 1.00000761449337e-06
1
0
0.06045000001904555 0.00157200000830926
0.06045000001904555 9.999785106629133e-07
1
0
0.062415999971562997 0.0016330000071320683
0.062415999971562997 0.0
1
0
0.06704500000341795 0.003972000005887821
0.06704500000341795 0.0
1
0
0.06769100000383332 0.0018779999809339643
0.06769100000383332 0.0
1
0
0.06491300000925548 0.0017019999795593321
0.06491300000925548 1.00000761449337e-06
1
0
0.061968999973032624 0.0017560000123921782
0.061968999973032624 0.0
1
0
0.062421999988146126 0.0015999999886844307
0.062421999988146126 1.00000761449337e-06
1
0
0.06332099999417551 0.0016929999983403832
0.06332099999417551 0.0
1
0
0.06432199999107979 0.0016860000032465905
0.06432199999107979 0.0
1
0
0.052761999977519736 0.001408000010997057
0.052761999977519736 0.0
1
0
0.045171999983722344 0.0012909999932162464
0.045171999983722344 0.0
1
0
0.04559500000323169 0.0012589999823831022
0.04559500000323169 9.999785106629133e-07
1
0
0.04840999998850748 0.0012280000082682818
0.04840999998850748 0.0
1
0
0.052481999999145046 0.0013909999979659915
0.052481999999145046 0.0
1
0
0.053945999999996275 0.001408000010997057
0.053945999999996275 0.0
1
0
0.05244900000980124 0.0013350000081118196
0.05244900000980124 0.0
1
0
0.05546099998173304 0.0015019999991636723
0.05546099998173304 9.999785106629133e-07
1
0
0.0550480000092648 0.0013909999979659915
0.0550480000092648 0.0
1
0
0.05897700000787154 0.0014990000054240227
0.05897700000787154 0.0
1
0
0.057041000021854416 0.0015480000001844019
0.057041000021854416 0.0
1
0
0.0576629999850411 0.0014910000027157366
0.0576629999850411 0.0
1
0
0.055900000006658956 0.0018299999937880784
0.055900000006658956 1.00000761449337e-06
1
0
0.055832000012742355 0.0014509999891743064
0.055832000012742355 9.999785106629133e-07
1
0
0.05386700000963174 0.001412999990861863
0.05386700000963174 1.00000761449337e-06
1
0
0.05272600002354011 0.0013340000004973263
0.05272600002354011 0.0
1
0
0.05233500001486391 0.0013949999993201345
0.05233500001486391 9.999785106629133e-07
1
0
0.05344700001296587 0.0014179999998304993
0.05344700001296587 1.00000761449337e-06
1
0
0.05423599999630824 0.0013740000140387565
0.05423599999630824 0.0
1
0
0.05212100001517683 0.0013840000028721988
0.05212100001517683 1.00000761449337e-06
1
0
0.05568799999309704 0.0014439999940805137
0.05568799999309704 0.0
1
0
0.044599999993806705 0.0011579999991226941
0.044599999993806705 1.00000761449337e-06
1
0
0.04696100001456216 0.0012229999992996454
0.04696100001456216 0.0
1
0
0.04592500001308508 0.0012989999959245324
0.04592500001308508 0.0
1
0
0.04532400000607595 0.0012679999927058816
0.04532400000607595 1.00000761449337e-06
1
0
0.04500199999893084 0.0012270000006537884
0.04500199999893084 0.0
1
0
0.0445039999904111 0.0012069999938830733
0.0445039999904111 0.0
1
0
0.04001399999833666 0.0010599999804981053
0.04001399999833666 1.00000761449337e-06
1
0
0.040622000000439584 0.001074999978300184
0.040622000000439584 9.999785106629133e-07
1
0
0.04006600001594052 0.0010429999965708703
0.04006600001594052 0.0
1
0
0.04042000000481494 0.0010390000243205577
0.04042000000481494 1.00000761449337e-06
1
0
0.04132300001219846 0.0011109999904874712
0.04132300001219846 0.0
1
0
0.04241399999591522 0.0011450000165496022
0.04241399999591522 1.00000761449337e-06
1
0
0.043006000021705404 0.0011829999857582152
0.043006000021705404 0.0
1
0
0.04322900000261143 0.0011369999847374856
0.04322900000261143 0.0
1
0
0.047709999984363094 0.0012449999921955168
0.047709999984363094 9.999785106629133e-07
1
0
0.05022499998449348 0.0012970000097993761
0.05022499998449348 1.00000761449337e-06
1
0
0.04943799998727627 0.0012980000174138695
0.04943799998727627 9.999785106629133e-07
1
0
0.050589999998919666 0.0013219999964348972
0.050589999998919666 1.00000761449337e-06
1
0
0.05184100000769831 0.0015319999947678298
0.05184100000769831 1.00000761449337e-06
1
0
0.05363999999826774 0.0014479999954346567
0.05363999999826774 0.0
1
0
0.05343600001651794 0.0014130000199656934
0.05343600001651794 0.0
1
0
0.05876600000192411 0.0016199999954551458
0.05876600000192411 1.00000761449337e-06
1
0
0.07846600000630133 0.004948000016156584
0.07846600000630133 1.00000761449337e-06
1
0
0.07007899999734946 0.0020379999768920243
0.07007899999734946 1.00000761449337e-06
1
0
0.0736660000111442 0.0019650000031106174
0.0736660000111442 0.0
1
0
0.07645600000978447 0.004385999985970557
0.07645600000978447 1.00000761449337e-06
0.07513700000708923 0.0020579999836627394
0.07513700000708923 1.00000761449337e-06
1
0
0.07538399999612011 0.0018739999795798212
0.07538399999612011 9.999785106629133e-07
1
0
1
0
0.07323300000280142 0.001867000013589859
0.07323300000280142 1.00000761449337e-06
1
0
0.07371399999829009 0.0018900000141002238
0.07371399999829009 0.0
1
0
0.0702529999834951 0.001851000008173287
0.0702529999834951 9.999785106629133e-07
1
0
0.0671169999986887 0.0017210000078193843
0.0671169999986887 1.00000761449337e-06
1
0
0.06758800000534393 0.0019029999966733158
0.06758800000534393 0.0
1
0
0.06716200002119876 0.0020480000239331275
0.06716200002119876 0.0
1
0
0.05931899999268353 0.001512999995611608
0.05931899999268353 1.00000761449337e-06
1
0
0.05507999999099411 0.0015150000108405948
0.05507999999099411 0.0
1
0
0.047900999983539805 0.0013630000175908208
0.047900999983539805 1.00000761449337e-06
1
0
0.047187000018311664 0.0012559999886434525
0.047187000018311664 0.0
1
0
0.04397199998493306 0.0011159999994561076
0.04397199998493306 0.0
1
0
0.04482599999755621 0.0011369999847374856
0.04482599999755621 1.00000761449337e-06
1
0
0.0427860000054352 0.0011369999847374856
0.0427860000054352 0.0
1
0
0.0423890000092797 0.001141999993706122
0.0423890000092797 0.0
1
0
0.04293500000494532 0.0011789999844040722
0.04293500000494532 1.00000761449337e-06
1
0
0.04202399999485351 0.0011069999891333282
0.04202399999485351 0.0
1
0
0.042182000004686415 0.0010970000002998859
0.042182000004686415 1.00000761449337e-06
1
0
0.04274999999324791 0.0011799999920185655
0.04274999999324791 0.0
1
0
0.043166000017663464 0.0013000000035390258
0.043166000017663464 9.999785106629133e-07
1
0
0.04291899999952875 0.0011620000004768372
0.04291899999952875 1.00000761449337e-06
1
0
0.04181200001039542 0.0011060000106226653
0.04181200001039542 0.0
1
0
0.042119999998249114 0.0011300000187475234
0.042119999998249114 0.0
1
0
0.04309799999464303 0.001256000017747283
0.04309799999464303 0.0
1
0
0.045332000008784235 0.0012459999998100102
0.045332000008784235 1.00000761449337e-06
1
0
0.04422099998919293 0.0012550000101327896
0.04422099998919293 1.00000761449337e-06
1
0
0.045497999992221594 0.0012559999886434525
0.045497999992221594 1.00000761449337e-06
1
0
0.04573899999377318 0.0013000000035390258
0.04573899999377318 1.00000761449337e-06
1
0
0.045790999982273206 0.0012670000141952187
0.045790999982273206 0.0
1
0
0.04496800000197254 0.001293000008445233
0.04496800000197254 0.0
1
0
0.04449400000157766 0.0012200000055599958
0.04449400000157766 9.999785106629133e-07
1
0
0.04501299999537878 0.001269000000320375
0.04501299999537878 9.999785106629133e-07
1
0
0.04424099999596365 0.001185000000987202
0.04424099999596365 0.0
1
0
0.052712000004248694 0.0014549999905284494
0.052712000004248694 0.0
1
0
0.059665000007953495 0.0015459999849554151
0.059665000007953495 1.00000761449337e-06
1
0
0.06316799999331124 0.0016959999920800328
0.06316799999331124 0.0
1
0
0.0637410000199452 0.0016650000179652125
0.0637410000199452 0.0
0.06930699999793433 0.0020979999972041696
0.06930699999793433 0.0
1
0
0.07035699998959899 0.0022360000002663583
0.07035699998959899 1.00000761449337e-06
1
0
0.07013999999617226 0.001773999974830076
0.07013999999617226 0.0
1
0
0.06667000000015832 0.0017379999917466193
0.06667000000015832 1.00000761449337e-06
1
0
0.06769300001906231 0.001879999996162951
0.06769300001906231 0.0
1
0
0.06843900002422743 0.0018010000057984143
0.06843900002422743 0.0
1
0
0.067773999995552 0.0019120000069960952
0.067773999995552 0.0
1
0
1
0
0.06430800000089221 0.00193500000750646
0.06430800000089221 1.00000761449337e-06
1
0
0.0669589999888558 0.0017109999898821115
0.0669589999888558 1.00000761449337e-06
1
0
0.061631000018678606 0.0018459999992046505
0.061631000018678606 1.00000761449337e-06
1
0
0.05786699999589473 0.0015290000010281801
0.05786699999589473 0.0
1
0
0.05824199999915436 0.001520999998319894
0.05824199999915436 0.0
1
0
0.06216800000402145 0.0016419999883510172
0.06216800000402145 0.0
1
0
0.06218300000182353 0.0017600000137463212
0.06218300000182353 1.00000761449337e-06
1
0
0.059157999989110976 0.0017060000100173056
0.059157999989110976 1.00000761449337e-06
1
0
0.06546899999375455 0.001875999994808808
0.06546899999375455 9.999785106629133e-07
1
0
0.06746599997859448 0.001871000014944002
0.06746599997859448 0.0
1
0
0.067916999978479 0.0017740000039339066
0.067916999978479 0.0
1
0
0.07789000001503155 0.004734999994980171
0.07789000001503155 0.0
1
0
0.08143900000141002 0.004937999998219311
0.08143900000141002 1.00000761449337e-06
1
0
0.0784319999802392 0.002226999989943579
0.0784319999802392 0.0
1
0
0.07017399999313056 0.0018449999915901572
0.07017399999313056 0.0
1
0
0.070808999997098 0.0018229999986942858
0.070808999997098 0.0
1
0
0.07487599999876693 0.0018360000103712082
0.07487599999876693 1.00000761449337e-06
1
0
0.07365000000572763 0.0020369999983813614
0.07365000000572763 0.0
1
0
0.07064299998455681 0.0018360000103712082
0.07064299998455681 0.0
1
0
0.059812999999849126 0.0015750000020489097
0.059812999999849126 9.999785106629133e-07
1
0
0.05533499998273328 0.0014420000079553574
0.05533499998273328 9.999785106629133e-07
1
0
0.0536980000033509 0.0013660000113304704
0.0536980000033509 1.00000761449337e-06
1
0
0.04984399999375455 0.0013469999830704182
0.04984399999375455 1.00000761449337e-06
1
0
0.050537000002805144 0.0013789999939035624
0.050537000002805144 0.0
1
0
0.046858000016072765 0.00128599998424761
0.046858000016072765 0.0
1
0
0.048058000014862046 0.0012830000196117908
0.048058000014862046 1.00000761449337e-06
1
0
0.047858000005362555 0.0012470000074245036
0.047858000005362555 0.0
1
0
0.04732499999227002 0.0012900000147055835
0.04732499999227002 9.999785106629133e-07
1
0
0.0475330000044778 0.001340000017080456
0.0475330000044778 0.0
1
0
0.047737999993842095 0.0012820000119972974
0.047737999993842095 1.00000761449337e-06
1
0
0.050411000003805384 0.0013550000148825347
0.050411000003805384 1.00000761449337e-06
1
0
0.05467400001361966 0.0014690000098198652
0.05467400001361966 0.0
1
0
0.060379000002285466 0.0016140000079758465
0.060379000002285466 0.0
1
0
0.06811799999559298 0.0017550000047776848
0.06811799999559298 0.0
1
0
0.06681099999696016 0.001756999990902841
0.06681099999696016 0.0
1
0
0.06794300000183284 0.0017520000110380352
0.06794300000183284 1.00000761449337e-06
1
0
0.07603300001937896 0.0019579999789129943
0.07603300001937896 9.999785106629133e-07
1
0
0.07897400000365451 0.0019899999897461385
0.07897400000365451 1.00000761449337e-06
1
0
0.06687999999849126 0.0016739999991841614
0.06687999999849126 0.0
1
0
0.0697130000044126 0.0021389999892562628
0.0697130000044126 1.00000761449337e-06
1
0
0.06806499999947846 0.0017649999936111271
0.06806499999947846 1.00000761449337e-06
1
0
0.06779199998709373 0.0017339999903924763
0.06779199998709373 0.0
1
0
0.0927230000088457 0.0022360000002663583
0.0927230000088457 0.0
1
0
0.08042199999908917 0.0025419999728910625
0.08042199999908917 0.0
1
0
0.07810399998561479 0.00200899998890236
0.07810399998561479 0.0
1
0
0.06494599999859929 0.0017610000213608146
0.06494599999859929 1.00000761449337e-06
1
0
0.06340400001499802 0.0016330000071320683
0.06340400001499802 0.0
1
0
0.05826699998578988 0.0015159999893512577
0.05826699998578988 0.0
1
0
0.04722000000765547 0.0012660000065807253
0.04722000000765547 0.0
1
0
0.04514200001722202 0.0012190000270493329
0.04514200001722202 0.0
1
0
0.0454349999781698 0.0012510000087786466
0.0454349999781698 1.00000761449337e-06
1
0
0.042615999991539866 0.001105000003008172
0.042615999991539866 1.00000761449337e-06
1
0
0.042453000001842156 0.0012590000114869326
0.042453000001842156 1.00000761449337e-06
1
0
0.04343299998436123 0.001221999991685152
0.04343299998436123 1.00000761449337e-06
1
0
0.04238699999405071 0.0011189999931957573
0.04238699999405071 0.0
1
0
0.04188299999805167 0.0011269999959040433
0.04188299999805167 1.00000761449337e-06
1
0
0.04479499999433756 0.0017709999810904264
0.04479499999433756 1.00000761449337e-06
1
0
0.042511000006925315 0.00128900000709109
0.042511000006925315 1.00000761449337e-06
1
0
0.04252800001995638 0.0012070000229869038
0.04252800001995638 0.0
1
0
0.04542699997546151 0.0012869999918621033
0.04542699997546151 1.00000761449337e-06
1
0
0.04235299999709241 0.001213000010466203
0.04235299999709241 0.0
1
0
0.04285800000070594 0.0012359999818727374
0.04285800000070594 1.00000761449337e-06
1
0
0.043384999997215346 0.0011860000086016953
0.043384999997215346 0.0
1
0
0.04419499999494292 0.0012400000123307109
0.04419499999494292 0.0
1
0
0.04480400000466034 0.0012519999872893095
0.04480400000466034 0.0
1
0
0.04365300000063144 0.0012229999992996454
0.04365300000063144 1.00000761449337e-06
1
0
0.04641600002651103 0.001344999996945262
0.04641600002651103 0.0
1
0
0.0453490000218153 0.0011989999911747873
0.0453490000218153 0.0
1
0
0.04264800000237301 0.0011590000067371875
0.04264800000237301 0.0
1
0
0.04248499998357147 0.0011980000126641244
0.04248499998357147 0.0
1
0
0.0452240000013262 0.0012710000155493617
0.0452240000013262 1.00000761449337e-06
1
0
0.05522500001825392 0.0014899999951012433
0.05522500001825392 0.0
1
0
0.05935500000487082 0.0015629999979864806
0.05935500000487082 0.0
1
0
0.07016400000429712 0.001836999988881871
0.07016400000429712 0.0
1
0
0.07029899998451583 0.0017729999963194132
0.07029899998451583 0.0
1
0
0.07448999999905936 0.001955000014277175
0.07448999999905936 0.0
0.077869999979157 0.0020589999912772328
0.077869999979157 1.00000761449337e-06
1
0
0.07766700000502169 0.002035000012256205
0.07766700000502169 1.00000761449337e-06
1
0
0.07447500000125729 0.0019230000034440309
0.07447500000125729 1.00000761449337e-06
1
0
0.07013100001495332 0.001752999989548698
0.07013100001495332 0.0
1
0
1
0
0.06997699997737072 0.0018290000152774155
0.06997699997737072 1.00000761449337e-06
1
0
0.06794899998931214 0.002242999995360151
0.06794899998931214 0.0
1
0
0.05862100000376813 0.0014640000008512288
0.05862100000376813 1.00000761449337e-06
1
0
0.06114299999899231 0.0015589999966323376
0.06114299999899231 9.999785106629133e-07
1
0
0.057502000010572374 0.0015429999912157655
0.057502000010572374 9.999785106629133e-07
1
0
0.0527730000030715 0.0014350000128615648
0.0527730000030715 0.0
1
0
0.04532500001369044 0.0012659999774768949
0.04532500001369044 0.0
1
0
0.045104999997420236 0.0012540000025182962
0.045104999997420236 0.0
1
0
0.03994899999815971 0.0011039999953936785
0.03994899999815971 1.00000761449337e-06
1
0
0.04121999998460524 0.0011139999842271209
0.04121999998460524 1.00000761449337e-06
1
0
0.04014599998481572 0.0011060000106226653
0.04014599998481572 1.00000761449337e-06
1
0
0.04019299999345094 0.0011119999981019646
0.04019299999345094 0.0
1
0
0.04022700001951307 0.001074999978300184
0.04022700001951307 0.0
1
0
0.04011699999682605 0.001090999983716756
0.04011699999682605 0.0
1
0
0.0406199999852106 0.0010959999926853925
0.0406199999852106 0.0
1
0
0.0401140000030864 0.0010929999989457428
0.0401140000030864 0.0
1
0
0.03965699998661876 0.0010910000128205866
0.03965699998661876 0.0
1
0
0.040779000002657995 0.0010980000079143792
0.040779000002657995 9.999785106629133e-07
1
0
0.041028000006917864 0.0011240000021643937
0.041028000006917864 1.00000761449337e-06
1
0
0.039561000012326986 0.0010750000074040145
0.039561000012326986 0.0
1
0
0.04281499999342486 0.0011529999901540577
0.04281499999342486 0.0
1
0
0.04322300001513213 0.0011609999928623438
0.04322300001513213 0.0
1
0
0.04268099999171682 0.0011029999877791852
0.04268099999171682 1.00000761449337e-06
1
0
0.042301999987103045 0.001201999984914437
0.042301999987103045 0.0
1
0
0.04193799998029135 0.0011270000250078738
0.04193799998029135 1.00000761449337e-06
1
0
0.042622000008122995 0.0011689999955706298
0.042622000008122995 9.999785106629133e-07
1
0
0.04197099999873899 0.0011069999891333282
0.04197099999873899 1.00000761449337e-06
1
0
0.04283500000019558 0.0011710000107996166
0.04283500000019558 1.00000761449337e-06
1
0
0.04443800001172349 0.0013050000125076622
0.04443800001172349 1.00000761449337e-06
1
0
0.060816000011982396 0.0017859999788925052
0.060816000011982396 0.0
1
0
0.044787999999243766 0.001213999988976866
0.044787999999243766 0.0
1
0
0.044178999989526346 0.0012510000087786466
0.044178999989526346 1.00000761449337e-06
1
0
0.052017000009072945 0.001361000002361834
0.052017000009072945 1.00000761449337e-06
1
0
0.06277499999850988 0.001724999980069697
0.06277499999850988 1.00000761449337e-06
1
0
0.07032400000025518 0.0020619999850168824
0.07032400000025518 0.0
0.07507600000826642 0.0020859999931417406
0.07507600000826642 0.0
1
0
0.04733100000885315 0.0013600000238511711
0.04733100000885315 0.0
1
0
0.05570399999851361 0.0013559999933931977
0.05570399999851361 0.0
1
0
0.05033899997943081 0.0013519999920390546
0.05033899997943081 0.0
1
0
0.05066800001077354 0.0013259999977890402
0.05066800001077354 1.00000761449337e-06
1
0
1
0
0.05308700000750832 0.001432999997632578
0.05308700000750832 9.999785106629133e-07
1
0
0.052789000008488074 0.0013760000001639128
0.052789000008488074 0.0
1
0
0.04927800002042204 0.0013390000094659626
0.04927800002042204 1.00000761449337e-06
1
0
0.0648030000156723 0.002080999984173104
0.0648030000156723 1.00000761449337e-06
1
0
0.06421000001137145 0.001999000000068918
0.06421000001137145 0.0
1
0
0.06988499997532926 0.0014540000120177865
0.06988499997532926 1.00000761449337e-06
1
0
0.06290100002661347 0.0013150000013411045
0.06290100002661347 0.0
1
0
0.05573100000037812 0.0013190000026952475
0.05573100000037812 0.0
1
0
0.04819800000404939 0.0013589999871328473
0.04819800000404939 9.999785106629133e-07
1
0
0.05365200000233017 0.0014950000040698797
0.05365200000233017 1.00000761449337e-06
1
0
0.05602699998416938 0.0014260000025387853
0.05602699998416938 0.0
1
0
0.05237799999304116 0.0014170000213198364
0.05237799999304116 1.00000761449337e-06
1
0
0.055542999994941056 0.0014919999812263995
0.055542999994941056 0.0
1
0
0.05292899999767542 0.0014190000074449927
0.05292899999767542 0.0
1
0
0.048611999984132126 0.0013160000089555979
0.048611999984132126 1.00000761449337e-06
1
0
0.047611999994842336 0.0012789999891538173
0.047611999994842336 9.999785106629133e-07
1
0
0.04876700000022538 0.0012759999954141676
0.04876700000022538 1.00000761449337e-06
1
0
0.048255000001518056 0.0013350000081118196
0.048255000001518056 0.0
1
0
0.047546999994665384 0.001264999998966232
0.047546999994665384 0.0
0.04738900001393631 0.001357999979518354
0.04738900001393631 0.0
1
0
0.04759499998181127 0.0013259999977890402
0.04759499998181127 1.00000761449337e-06
1
0
0.04795100001501851 0.0013350000081118196
0.04795100001501851 1.00000761449337e-06
1
0
0.04821400000946596 0.0013920000055804849
0.04821400000946596 1.00000761449337e-06
1
0
0.04756400000769645 0.0013150000013411045
0.04756400000769645 1.00000761449337e-06
1
0
0.04806899998220615 0.0013130000152159482
0.04806899998220615 0.0
1
0
0.04726300001493655 0.0013040000048931688
0.04726300001493655 9.999785106629133e-07
1
0
0.0478620000067167 0.001269000000320375
0.0478620000067167 1.00000761449337e-06
1
0
0.04823200000100769 0.0017100000113714486
0.04823200000100769 0.0
1
0
0.047953000001143664 0.0014300000038929284
0.047953000001143664 0.0
1
0
0.04754199998569675 0.00172899998142384
0.04754199998569675 0.0
1
0
0.04787500001839362 0.0017500000249128789
0.04787500001839362 0.0
1
0
1
0
0.04596200000378303 0.0013259999977890402
0.04596200000378303 1.00000761449337e-06
1
0
0.042763000004924834 0.0010959999926853925
0.042763000004924834 1.00000761449337e-06
1
0
0.042794000008143485 0.0017799999914132059
0.042794000008143485 0.0
1
0
0.04106899999896996 0.0011360000062268227
0.04106899999896996 0.0
1
0
0.03948300000047311 0.0012400000123307109
0.03948300000047311 0.0
1
0
0.040084000007482246 0.0010970000002998859
0.040084000007482246 0.0
1
0
0.04107500001555309 0.0010770000226330012
0.04107500001555309 0.0
1
0
0.03999699998530559 0.0011189999931957573
0.03999699998530559 1.00000761449337e-06
1
0
0.04064600000856444 0.0011150000209454447
0.04064600000856444 0.0
1
0
0.04208899999503046 0.0012369999894872308
0.04208899999503046 9.999785106629133e-07
1
0
0.043302000005496666 0.0011820000072475523
0.043302000005496666 9.999785106629133e-07
1
0
0.04950599998119287 0.001636000000871718
0.04950599998119287 0.0
1
0
0.06243600000743754 0.0020579999836627394
0.06243600000743754 0.0
1
0
0.07094100001268089 0.0020810000132769346
0.07094100001268089 1.00000761449337e-06
1
0
0.07041400001617149 0.0018229999986942858
0.07041400001617149 0.0
1
0
0.07795000000623986 0.002279000007547438
0.07795000000623986 0.0
0.08756099999300204 0.004978999990271404
0.08756099999300204 1.00000761449337e-06
1
0
1
0
0.06375600001774728 0.0016800000157672912
0.06375600001774728 1.00000761449337e-06
1
0
0.05489100000704639 0.0014540000120177865
0.05489100000704639 0.0
1
0
0.04495799998403527 0.001225999993039295
0.04495799998403527 1.00000761449337e-06
1
0
0.04762800000025891 0.001277999981539324
0.04762800000025891 9.999785106629133e-07
1
0
0.046563000010792166 0.0012699999788310379
0.046563000010792166 0.0
1
0
0.04306600001291372 0.0011700000031851232
0.04306600001291372 1.00000761449337e-06
1
0
0.037176999991061166 0.0010170000023208559
0.037176999991061166 0.0
1
0
0.03717799999867566 0.0013590000162366778
0.03717799999867566 1.00000761449337e-06
1
0
0.044238000002224 0.0011159999994561076
0.044238000002224 0.0
1
0
0.038413000002037734 0.001113000005716458
0.038413000002037734 0.0
1
0
0.03879999998025596 0.0010100000072270632
0.03879999998025596 1.00000761449337e-06
1
0
0.037154999998165295 0.000990000000456348
0.037154999998165295 0.0
1
0
0.037597999995341524 0.0010380000167060643
0.037597999995341524 0.0
1
0
0.03781299997353926 0.001109000004362315
0.03781299997353926 1.00000761449337e-06
1
0
0.038185999990673736 0.0009999999892897904
0.038185999990673736 0.0
1
0
0.03777299998910166 0.00100299998302944
0.03777299998910166 9.999785106629133e-07
1
0
0.038086999993538484 0.0010520000068936497
0.038086999993538484 0.0
1
0
0.038274999998975545 0.0010849999962374568
0.038274999998975545 0.0
1
0
0.03780299998470582 0.0010469999979250133
0.03780299998470582 1.00000761449337e-06
1
0
0.04276899999240413 0.0015359999961219728
0.04276899999240413 0.0
1
0
0.05180699998163618 0.0017769999976735562
0.05180699998163618 0.0
1
0
0.05246800000895746 0.0013249999901745468
0.05246800000895746 1.00000761449337e-06
1
0
0.043609000014839694 0.001180000021122396
0.043609000014839694 9.999785106629133e-07
1
0
0.039111999998567626 0.0012390000047162175
0.039111999998567626 1.00000761449337e-06
1
0
0.0486220000020694 0.0013029999972786754
0.0486220000020694 0.0
0.040231999999377877 0.0011560000129975379
0.040231999999377877 1.00000761449337e-06
1
0
0.04049100002157502 0.0013329999928828329
0.04049100002157502 1.00000761449337e-06
1
0
0.04097999999066815 0.0012109999952372164
0.04097999999066815 0.0
1
0
0.039932999992743134 0.0011229999945499003
0.039932999992743134 0.0
1
0
0.04043699998874217 0.001125000009778887
0.04043699998874217 0.0
1
0
0.04034900001715869 0.0010860000038519502
0.04034900001715869 0.0
1
0
0.035831999994115904 0.0014999999839346856
0.035831999994115904 1.00000761449337e-06
1
0
0.03589600001578219 0.0009839999838732183
0.03589600001578219 0.0
1
0
0.03601499999058433 0.0009729999874252826
0.03601499999058433 0.0
1
0
0.034921999991638586 0.0009889999928418547
0.034921999991638586 0.0
1
0
0.03463199999532662 0.0009530000097583979
0.03463199999532662 9.999785106629133e-07
1
0
0.03947099999641068 0.0012549999810289592
0.03947099999641068 0.0
1
0
0.040176000009523705 0.0010299999848939478
0.040176000009523705 0.0
1
0
0.03615600001649 0.0009649999847169966
0.03615600001649 0.0
1
0
0.035084999981336296 0.0009490000084042549
0.035084999981336296 1.00000761449337e-06
1
0
0.035724999994272366 0.0010799999872688204
0.035724999994272366 0.0
1
0
0.03549199999542907 0.0009649999847169966
0.03549199999542907 1.00000761449337e-06
1
0
0.037733999983174726 0.0010860000038519502
0.037733999983174726 1.00000761449337e-06
1
0
0.03687999999965541 0.0010339999862480909
0.03687999999965541 0.0
1
0
0.037512000009883195 0.001006999984383583
0.037512000009883195 9.999785106629133e-07
1
0
0.03801499999826774 0.0010279999987687916
0.03801499999826774 0.0
1
0
0.03784500001347624 0.0010550000006332994
0.03784500001347624 0.0
1
0
0.03722100000595674 0.001041999988956377
0.03722100000595674 1.00000761449337e-06
1
0
0.03796899999724701 0.0010269999911542982
0.03796899999724701 1.00000761449337e-06
1
0
0.0368190000008326 0.0009879999852273613
0.0368190000008326 1.00000761449337e-06
1
0
0.037930000020423904 0.00104599999031052
0.037930000020423904 9.999785106629133e-07
1
0
0.03811700001824647 0.0012310000020079315
0.03811700001824647 0.0
1
0
0.036989000014727935 0.000973999995039776
0.036989000014727935 0.0
1
0
0.03802800000994466 0.001025000005029142
0.03802800000994466 0.0
1
0
0.03786099998978898 0.0014050000172574073
0.03786099998978898 0.0
1
0
0.037967000011121854 0.0010520000068936497
0.037967000011121854 9.999785106629133e-07
1
0
0.0375509999867063 0.0010309999925084412
0.0375509999867063 0.0
1
0
0.037849999993341044 0.0014099999971222132
0.037849999993341044 0.0
1
0
0.03750099998433143 0.000994000001810491
0.03750099998433143 1.00000761449337e-06
1
0
0.038536000007297844 0.0010769999935291708
0.038536000007297844 0.0
1
0
0.03809899999760091 0.0010440000041853637
0.03809899999760091 1.00000761449337e-06
1
0
0.038194999971892685 0.0010470000270288438
0.038194999971892685 0.0
1
0
0.038056999997934327 0.0010750000074040145
0.038056999997934327 0.0
1
0
0.0376080000132788 0.0010440000041853637
0.0376080000132788 0.0
1
0
0.03801400001975708 0.001113000005716458
0.03801400001975708 9.999785106629133e-07
1
0
0.03777899997658096 0.0010089999996125698
0.03777899997658096 0.0
1
0
0.03819900000235066 0.0010159999947063625
0.03819900000235066 0.0
1
0
0.03809399998863228 0.0010670000046957284
0.03809399998863228 0.0
1
0
0.03816899997764267 0.0010649999894667417
0.03816899997764267 0.0
1
0
0.03861099999630824 0.0010600000096019357
0.03861099999630824 1.00000761449337e-06
1
0
0.038028999988455325 0.0010820000024978071
0.038028999988455325 0.0
1
0
0.03740899998228997 0.0009999999892897904
0.03740899998228997 1.00000761449337e-06
1
0
1
0
0.037706000002799556 0.000977999996393919
0.037706000002799556 1.00000761449337e-06
1
0
0.03774800000246614 0.0010620000248309225
0.03774800000246614 0.0
1
0
0.037563999998383224 0.0011269999959040433
0.037563999998383224 1.00000761449337e-06
1
0
0.03704500000458211 0.0010509999992791563
0.03704500000458211 0.0
1
0
0.03690700000151992 0.0009750000026542693
0.03690700000151992 9.999785106629133e-07
1
0
0.03911899999366142 0.0010550000006332994
0.03911899999366142 0.0
0.03793200000654906 0.001016000023810193
0.03793200000654906 1.00000761449337e-06
1
0
0.045271000009961426 0.0012450000212993473
0.045271000009961426 1.00000761449337e-06
1
0
1
0
0.07377899999846704 0.0026000000070780516
0.07377899999846704 0.0
0.07759899998200126 0.0021849999902769923
0.07759899998200126 0.0
1
0
0.05806399998255074 0.0015039999852888286
0.05806399998255074 0.0
1
0
0.05839200000627898 0.0014899999951012433
0.05839200000627898 0.0
1
0
0.05872299999464303 0.0015660000208299607
0.05872299999464303 0.0
1
0
0.05773199998657219 0.0014809999847784638
0.05773199998657219 1.00000761449337e-06
1
0
0.052844999998342246 0.0014530000044032931
0.052844999998342246 0.0
1
0
0.037188999995123595 0.0009969999955501407
0.037188999995123595 0.0
1
0
0.03461800000513904 0.0009430000209249556
0.03461800000513904 9.999785106629133e-07
1
0
0.034745999990263954 0.0009509999945294112
0.034745999990263954 9.999785106629133e-07
1
0
0.03592399999615736 0.0009619999909773469
0.03592399999615736 1.00000761449337e-06
1
0
0.03583099998650141 0.000977999996393919
0.03583099998650141 0.0
1
0
0.03889399999752641 0.0010979999788105488
0.03889399999752641 0.0
1
0
0.03836900001624599 0.0010469999979250133
0.03836900001624599 0.0
1
0
0.03802400000859052 0.0010769999935291708
0.03802400000859052 1.00000761449337e-06
1
0
0.037207000015769154 0.0010449999826960266
0.037207000015769154 0.0
1
0
0.037985999981174245 0.0010070000134874135
0.037985999981174245 0.0
1
0
0.03809399998863228 0.0010340000153519213
0.03809399998863228 0.0
1
0
0.03744699998060241 0.001045000011799857
0.03744699998060241 0.0
1
0
0.03849400000763126 0.00100299998302944
0.03849400000763126 0.0
1
0
0.0368309999757912 0.0010320000001229346
0.0368309999757912 1.00000761449337e-06
1
0
0.037767000001622364 0.0011449999874457717
0.037767000001622364 0.0
1
0
0.037549000000581145 0.0010299999848939478
0.037549000000581145 0.0
1
0
0.03813099997933023 0.0010569999867584556
0.03813099997933023 1.00000761449337e-06
1
0
0.03743299999041483 0.0010239999974146485
0.03743299999041483 1.00000761449337e-06
1
0
0.03780900000128895 0.0010759999859146774
0.03780900000128895 0.0
1
0
0.037244000006467104 0.0010559999791439623
0.037244000006467104 0.0
1
0
0.03701900001033209 0.001006999984383583
0.03701900001033209 1.00000761449337e-06
1
0
0.037075000000186265 0.001049999991664663
0.037075000000186265 0.0
1
0
0.03813800000352785 0.001057000015862286
0.03813800000352785 0.0
1
0
0.03733800002373755 0.0010400000028312206
0.03733800002373755 1.00000761449337e-06
1
0
0.037554999988060445 0.0010799999872688204
0.037554999988060445 0.0
1
0
1
0
0.037726999988080934 0.0011550000053830445
0.037726999988080934 0.0
1
0
0.03785799999604933 0.0010980000079143792
0.03785799999604933 9.999785106629133e-07
1
0
0.037379999994300306 0.0010320000001229346
0.037379999994300306 1.00000761449337e-06
1
0
0.03812500002095476 0.00101200002245605
0.03812500002095476 0.0
1
0
0.03791400001500733 0.0010900000052060932
0.03791400001500733 0.0
1
0
0.03742100001545623 0.0010559999791439623
0.03742100001545623 0.0
1
0
0.03736600000411272 0.0010059999767690897
0.03736600000411272 1.00000761449337e-06
1
0
0.03711299999849871 0.0010020000045187771
0.03711299999849871 1.00000761449337e-06
1
0
0.03834500000812113 0.0012110000243410468
0.03834500000812113 0.0
1
0
0.037862999975914136 0.0010340000153519213
0.037862999975914136 1.00000761449337e-06
1
0
0.037843999976757914 0.001053000014508143
0.037843999976757914 0.0
1
0
0.037674999999580905 0.0010110000148415565
0.037674999999580905 1.00000761449337e-06
1
0
0.037145999987842515 0.0010149999870918691
0.037145999987842515 0.0
1
0
0.03837500000372529 0.0009839999838732183
0.03837500000372529 0.0
1
0
0.03695099998731166 0.000990000000456348
0.03695099998731166 0.0
1
0
0.03719699999783188 0.0010020000045187771
0.03719699999783188 1.00000761449337e-06
1
0
0.03796200000215322 0.0010569999867584556
0.03796200000215322 0.0
1
0
0.03846799998427741 0.0010830000101123005
0.03846799998427741 1.00000761449337e-06
1
0
0.037926999997580424 0.0011260000173933804
0.037926999997580424 1.00000761449337e-06
1
0
0.038226000004215166 0.001053999993018806
0.038226000004215166 1.00000761449337e-06
1
0
0.038364000007277355 0.001121000008424744
0.038364000007277355 0.0
1
0
0.037028999999165535 0.0010440000041853637
0.037028999999165535 0.0
1
0
0.03730699999141507 0.0010760000150185078
0.03730699999141507 0.0
1
0
0.03713300000526942 0.000986999977612868
0.03713300000526942 1.00000761449337e-06
1
0
0.03798399999504909 0.0010360000014770776
0.03798399999504909 0.0
1
0
0.038920999999390915 0.0010159999947063625
0.038920999999390915 1.00000761449337e-06
1
0
0.03836299999966286 0.0010590000019874424
0.03836299999966286 1.00000761449337e-06
1
0
0.037752000003820285 0.0010279999987687916
0.037752000003820285 1.00000761449337e-06
1
0
0.039092999999411404 0.0011490000179037452
0.039092999999411404 0.0
1
0
0.03706099998089485 0.0010389999952167273
0.03706099998089485 0.0
1
0
0.04027200001291931 0.0011490000179037452
0.04027200001291931 0.0
1
0
0.04086300000199117 0.0012399999832268804
0.04086300000199117 0.0
1
0
0.05279099999461323 0.0011989999911747873
0.05279099999461323 0.0
0.06514799999422394 0.0016999999934341758
0.06514799999422394 1.00000761449337e-06
1
0
0.05585800000699237 0.0016619999951217324
0.05585800000699237 0.0
1
0
0.05098499997984618 0.0012500000011641532
0.05098499997984618 0.0
1
0
0.04785299999639392 0.0013620000099763274
0.04785299999639392 1.00000761449337e-06
1
0
0.045148000004701316 0.001213000010466203
0.045148000004701316 9.999785106629133e-07
1
0
0.04180800000904128 0.001336000015726313
0.04180800000904128 0.0
1
0
0.03956799997831695 0.0011180000146850944
0.03956799997831695 0.0
1
0
1
0
0.03760599999804981 0.001105000003008172
0.03760599999804981 0.0
1
0
0.03849599999375641 0.0010950000141747296
0.03849599999375641 9.999785106629133e-07
1
0
0.03733600000850856 0.001086999982362613
0.03733600000850856 9.999785106629133e-07
1
0
0.0406700000166893 0.0011790000135079026
0.0406700000166893 0.0
1
0
0.03996900000493042 0.0010770000226330012
0.03996900000493042 1.00000761449337e-06
1
0
0.03908499999670312 0.0011899999808520079
0.03908499999670312 2.00001522898674e-06
1
0
0.038782999996328726 0.0010980000079143792
0.038782999996328726 0.0
1
0
0.03753800000413321 0.0011349999986123294
0.03753800000413321 9.999785106629133e-07
1
0
0.041834000003291294 0.0014510000182781368
0.041834000003291294 0.0
1
0
0.03754099999787286 0.001065999997081235
0.03754099999787286 0.0
1
0
0.03758100001141429 0.0010900000052060932
0.03758100001141429 0.0
1
0
0.03773499999078922 0.0010680000123102218
0.03773499999078922 0.0
1
0
0.03747999999905005 0.001070999976946041
0.03747999999905005 0.0
1
0
0.0376700000197161 0.0010039999906439334
0.0376700000197161 1.00000761449337e-06
1
0
0.03684999997494742 0.0009969999955501407
0.03684999997494742 1.00000761449337e-06
1
0
0.03794400001061149 0.001268000021809712
0.03794400001061149 0.0
1
0
0.038043999986257404 0.0010600000096019357
0.038043999986257404 0.0
1
0
0.03805800000554882 0.0010569999867584556
0.03805800000554882 0.0
1
0
0.03710200000205077 0.001029000006383285
0.03710200000205077 1.00000761449337e-06
1
0
0.037853000016184524 0.0010860000038519502
0.037853000016184524 0.0
1
0
0.04017100000055507 0.0011159999994561076
0.04017100000055507 0.0
1
0
0.041157999978167936 0.0011189999931957573
0.041157999978167936 0.0
1
0
0.0401830000046175 0.0010620000248309225
0.0401830000046175 9.999785106629133e-07
1
0
0.039401000016368926 0.00109200002043508
0.039401000016368926 0.0
1
0
0.040458999981638044 0.0015140000032261014
0.040458999981638044 0.0
1
0
0.037284000020008534 0.0010380000167060643
0.037284000020008534 0.0
1
0
0.037714999984018505 0.0010210000036749989
0.037714999984018505 1.00000761449337e-06
1
0
0.03767900000093505 0.0009809999901335686
0.03767900000093505 0.0
1
0
0.03838000001269393 0.001069999998435378
0.03838000001269393 0.0
1
0
0.03851300000678748 0.001049000013154
0.03851300000678748 1.00000761449337e-06
1
0
0.04841399998986162 0.001293999986955896
0.04841399998986162 0.0
1
0
0.05338499997742474 0.0014490000030491501
0.05338499997742474 1.00000761449337e-06
0.04234700000961311 0.0011109999904874712
0.04234700000961311 0.0
1
0
0.04339599999366328 0.0013230000040493906
0.04339599999366328 0.0
1
0
0.0422919999982696 0.001225999993039295
0.0422919999982696 0.0
1
0
0.0435859999852255 0.001201000006403774
0.0435859999852255 0.0
1
0
0.04268499999307096 0.0011449999874457717
0.04268499999307096 0.0
1
0
0.03828499998780899 0.0010940000065602362
0.03828499998780899 1.00000761449337e-06
1
0
0.03579600001103245 0.0010460000194143504
0.03579600001103245 0.0
1
0
0.034665999992284924 0.0009560000034980476
0.034665999992284924 1.00000761449337e-06
1
0
1
0
0.037792000017361715 0.0009839999838732183
0.037792000017361715 1.00000761449337e-06
1
0
0.03776000000652857 0.0010839999886229634
0.03776000000652857 1.00000761449337e-06
1
0
0.038323999993735924 0.001025000005029142
0.038323999993735924 0.0
1
0
0.036961000005248934 0.0010429999965708703
0.036961000005248934 9.999785106629133e-07
1
0
0.03702499999781139 0.0010400000028312206
0.03702499999781139 0.0
1
0
0.03823999999440275 0.0010089999996125698
0.03823999999440275 1.00000761449337e-06
1
0
0.03786499999114312 0.0010320000001229346
0.03786499999114312 0.0
1
0
0.03783899999689311 0.0010299999848939478
0.03783899999689311 1.00000761449337e-06
1
0
0.04273100002319552 0.0011329999833833426
0.04273100002319552 0.0
1
0
0.042480000003706664 0.0011860000086016953
0.042480000003706664 9.999785106629133e-07
1
0
0.04178699999465607 0.0011350000277161598
0.04178699999465607 0.0
1
0
0.04263899999205023 0.0011660000018309802
0.04263899999205023 0.0
1
0
0.04283300001407042 0.0012590000114869326
0.04283300001407042 0.0
1
0
0.04313100001309067 0.0011360000062268227
0.04313100001309067 1.00000761449337e-06
1
0
0.043578999990131706 0.0011879999947268516
0.043578999990131706 0.0
1
0
0.042668000009143725 0.001154999976279214
0.042668000009143725 0.0
1
0
0.042908000003080815 0.0011830000148620456
0.042908000003080815 0.0
1
0
0.043387999990954995 0.001613999978872016
0.043387999990954995 0.0
1
0
0.0426490000099875 0.0011749999830499291
0.0426490000099875 1.00000761449337e-06
1
0
0.03736299998126924 0.0010420000180602074
0.03736299998126924 0.0
1
0
0.036980000004405156 0.0013560000224970281
0.036980000004405156 0.0
1
0
0.03687399998307228 0.0010149999870918691
0.03687399998307228 0.0
1
0
0.03772200000821613 0.0010119999933522195
0.03772200000821613 1.00000761449337e-06
1
0
0.03763999999500811 0.001053999993018806
0.03763999999500811 1.00000761449337e-06
1
0
0.03722100000595674 0.001029000006383285
0.03722100000595674 0.0
1
0
0.0373070000205189 0.0010140000085812062
0.0373070000205189 0.0
1
0
0.0380390000063926 0.001121000008424744
0.0380390000063926 1.00000761449337e-06
1
0
0.044113999989349395 0.0011300000187475234
0.044113999989349395 9.999785106629133e-07
1
0
0.03826800000388175 0.0010910000128205866
0.03826800000388175 0.0
1
0
0.03818800000590272 0.0010239999974146485
0.03818800000590272 1.00000761449337e-06
1
0
0.03814200000488199 0.0011159999994561076
0.03814200000488199 0.0
1
0
0.03830200000084005 0.0010239999974146485
0.03830200000084005 1.00000761449337e-06
1
0
0.04253200002131052 0.0011710000107996166
0.04253200002131052 0.0
0.04141199999139644 0.0010870000114664435
0.04141199999139644 1.00000761449337e-06
1
0
0.04041399998823181 0.0011559999838937074
0.04041399998823181 1.00000761449337e-06
1
0
0.03987700000288896 0.0010509999992791563
0.03987700000288896 0.0
1
0
0.03991900000255555 0.0010560000082477927
0.03991900000255555 0.0
1
0
0.03946800000267103 0.001073999999789521
0.03946800000267103 1.00000761449337e-06
1
0
0.03785400002379902 0.0010620000248309225
0.03785400002379902 0.0
1
0
0.035463000007439405 0.0009549999958835542
0.035463000007439405 0.0
1
0
0.03540300001623109 0.0013959999778307974
0.03540300001623109 0.0
1
0
0.035957000014605 0.0009549999958835542
0.035957000014605 0.0
1
0
0.03527399999438785 0.00100299998302944
0.03527399999438785 0.0
1
0
0.034352999995462596 0.0009720000089146197
0.034352999995462596 0.0
1
0
0.03465800001868047 0.0009320000244770199
0.03465800001868047 0.0
1
0
0.03497799998149276 0.0009509999945294112
0.03497799998149276 1.00000761449337e-06
1
0
0.036072000017156824 0.0010460000194143504
0.036072000017156824 0.0
1
0
0.03478400001768023 0.001113000005716458
0.03478400001768023 0.0
1
0
0.035272000008262694 0.0009759999811649323
0.035272000008262694 0.0
1
0
0.034708999999566004 0.00092299998505041
0.034708999999566004 0.0
1
0
0.038277999992715195 0.001074999978300184
0.038277999992715195 1.00000761449337e-06
1
0
0.03731099999276921 0.001025000005029142
0.03731099999276921 0.0
1
0
0.03697499999543652 0.0010220000112894922
0.03697499999543652 9.999785106629133e-07
1
0
0.03745100001106039 0.0010560000082477927
0.03745100001106039 0.0
1
0
0.0376129999931436 0.001006999984383583
0.0376129999931436 0.0
1
0
0.03776799998013303 0.0010210000036749989
0.03776799998013303 1.00000761449337e-06
1
0
0.037967000011121854 0.0011300000187475234
0.037967000011121854 0.0
1
0
0.03782399999909103 0.001109000004362315
0.03782399999909103 0.0
1
0
0.03930199999012984 0.0012040000001434237
0.03930199999012984 1.00000761449337e-06
1
0
0.03918799999519251 0.001121000008424744
0.03918799999519251 0.0
1
0
0.03791099999216385 0.00112900001113303
0.03791099999216385 1.00000761449337e-06
1
0
0.04378300000098534 0.001213999988976866
0.04378300000098534 0.0
1
0
0.03734800001257099 0.0010379999876022339
0.03734800001257099 0.0
1
0
0.037256999989040196 0.0010680000123102218
0.037256999989040196 0.0
1
0
0.03786700000637211 0.0010790000087581575
0.03786700000637211 9.999785106629133e-07
1
0
0.03716599999461323 0.0010259999835398048
0.03716599999461323 0.0
1
0
0.03676899999845773 0.0010440000041853637
0.03676899999845773 0.0
1
0
0.03810999999404885 0.0010910000128205866
0.03810999999404885 1.00000761449337e-06
1
0
0.03776500001549721 0.0010100000072270632
0.03776500001549721 0.0
1
0
0.03812599999946542 0.0010630000033415854
0.03812599999946542 1.00000761449337e-06
1
0
0.03755300000193529 0.0010389999952167273
0.03755300000193529 0.0
1
0
0.03792600001906976 0.0010379999876022339
0.03792600001906976 0.0
1
0
0.03768599999602884 0.0010100000072270632
0.03768599999602884 0.0
1
0
0.0371140000061132 0.0009929999941959977
0.0371140000061132 1.00000761449337e-06
1
0
0.03715699998429045 0.0010520000068936497
0.03715699998429045 0.0
1
0
0.037570000014966354 0.0010509999992791563
0.037570000014966354 1.00000761449337e-06
1
0
0.03832900000270456 0.0010870000114664435
0.03832900000270456 1.00000761449337e-06
1
0
0.038025999994715676 0.0011450000165496022
0.038025999994715676 1.00000761449337e-06
1
0
0.037638000008882955 0.001041000010445714
0.037638000008882955 0.0
1
0
0.0376529999775812 0.0010560000082477927
0.0376529999775812 9.999785106629133e-07
1
0
1
0
0.037653999985195696 0.0010560000082477927
0.037653999985195696 1.00000761449337e-06
1
0
0.037945999996736646 0.0010780000011436641
0.037945999996736646 0.0
1
0
0.037349000020185485 0.001049000013154
0.037349000020185485 1.00000761449337e-06
1
0
0.037280999997165054 0.0010639999818522483
0.037280999997165054 0.0
1
0
0.037849999993341044 0.001078999979654327
0.037849999993341044 0.0
1
0
0.04028899999684654 0.0011420000228099525
0.04028899999684654 1.00000761449337e-06
1
0
0.048857999994652346 0.001340999995591119
0.048857999994652346 0.0
1
0
0.04969700000947341 0.0013329999928828329
0.04969700000947341 0.0
1
0
0.04687600000761449 0.0012419999984558672
0.04687600000761449 0.0
1
0
0.04800499998964369 0.0013209999888204038
0.04800499998964369 1.00000761449337e-06
1
0
0.04716700001154095 0.0012849999766331166
0.04716700001154095 0.0
1
0
0.04812400002265349 0.0012509999796748161
0.04812400002265349 0.0
0.04872700001578778 0.0013279999839141965
0.04872700001578778 1.00000761449337e-06
1
0
0.0477709999831859 0.0013270000054035336
0.0477709999831859 0.0
1
0
0.04697399999713525 0.001353999978164211
0.04697399999713525 1.00000761449337e-06
1
0
0.04780800000298768 0.0013749999925494194
0.04780800000298768 9.999785106629133e-07
1
0
0.047924000013154 0.0013160000089555979
0.047924000013154 0.0
1
0
0.047955999994883314 0.0013439999893307686
0.047955999994883314 9.999785106629133e-07
1
0
0.048060999979497865 0.0012500000011641532
0.048060999979497865 9.999785106629133e-07
1
0
0.04856600001221523 0.0013150000013411045
0.04856600001221523 0.0
1
0
0.0497730000060983 0.0013350000081118196
0.0497730000060983 0.0
1
0
0.05018200000631623 0.001344999996945262
0.05018200000631623 9.999785106629133e-07
1
0
0.05076300000655465 0.0014690000098198652
0.05076300000655465 0.0
1
0
0.05029800001648255 0.0013259999977890402
0.05029800001648255 0.0
1
0
0.05128000001423061 0.0013540000072680414
0.05128000001423061 0.0
1
0
0.05110200002673082 0.0013840000028721988
0.05110200002673082 0.0
1
0
0.050487999978940934 0.0013120000076014549
0.050487999978940934 0.0
1
0
0.050367999996524304 0.0013549999857787043
0.050367999996524304 1.00000761449337e-06
1
0
0.051589999988209456 0.0013160000089555979
0.051589999988209456 0.0
1
0
0.050305999990087 0.0012989999959245324
0.050305999990087 0.0
1
0
0.05075199998100288 0.0013939999917056412
0.05075199998100288 0.0
1
0
0.050350000004982576 0.001352999999653548
0.050350000004982576 9.999785106629133e-07
1
0
0.05032599999685772 0.00128900000709109
0.05032599999685772 0.0
1
0
0.051371000008657575 0.0014279999886639416
0.051371000008657575 0.0
1
0
0.05066199999419041 0.0013679999974556267
0.05066199999419041 0.0
1
0
0.05245499999728054 0.0014150000060908496
0.05245499999728054 0.0
1
0
0.05399999997462146 0.0013679999974556267
0.05399999997462146 1.00000761449337e-06
1
0
0.05212400000891648 0.0014279999886639416
0.05212400000891648 0.0
1
0
0.05486800000653602 0.0013979999930597842
0.05486800000653602 0.0
1
0
0.05553400001372211 0.0014870000013615936
0.05553400001372211 9.999785106629133e-07
1
0
1
0
0.055489999998826534 0.0014469999878201634
0.055489999998826534 0.0
1
0
0.054640999995172024 0.0016140000079758465
0.054640999995172024 1.00000761449337e-06
1
0
0.05468299999483861 0.0014599999994970858
0.05468299999483861 1.00000761449337e-06
1
0
0.054567000013776124 0.0014259999734349549
0.054567000013776124 1.00000761449337e-06
1
0
0.05454700000700541 0.0014559999981429428
0.05454700000700541 0.0
1
0
0.054066000011516735 0.0014910000027157366
0.054066000011516735 1.00000761449337e-06
1
0
0.05543400000897236 0.001512999995611608
0.05543400000897236 0.0
1
0
0.05759599999873899 0.0015940000012051314
0.05759599999873899 0.0
1
0
0.05794100000639446 0.0016349999932572246
0.05794100000639446 0.0
1
0
0.06550199998309836 0.0015609999827574939
0.06550199998309836 9.999785106629133e-07
1
0
0.07545599999139085 0.0021579999884124845
0.07545599999139085 9.999785106629133e-07
1
0
0.07169599999906495 0.0017560000123921782
0.07169599999906495 0.0
1
0
0.06234299999778159 0.001572999986819923
0.06234299999778159 9.999785106629133e-07
1
0
0.058776000019861385 0.0015450000064447522
0.058776000019861385 9.999785106629133e-07
1
0
0.05974400002742186 0.001588999992236495
0.05974400002742186 0.0
1
0
0.055693999980576336 0.0015459999849554151
0.055693999980576336 0.0
1
0
0.05548299997462891 0.0015199999907054007
0.05548299997462891 9.999785106629133e-07
1
0
0.05512599999201484 0.001576000009663403
0.05512599999201484 1.00000761449337e-06
1
0
0.05833400000119582 0.0017100000113714486
0.05833400000119582 0.0
1
0
0.05707000000984408 0.001520999998319894
0.05707000000984408 0.0
1
0
0.05761099999654107 0.0015090000233612955
0.05761099999654107 1.00000761449337e-06
1
0
0.03954699999303557 0.001273000001674518
0.03954699999303557 9.999785106629133e-07
1
0
0.041896000009728596 0.0011109999904874712
0.041896000009728596 0.0
1
0
0.03893699997570366 0.001145999995060265
0.03893699997570366 0.0
1
0
0.039549000008264557 0.0010980000079143792
0.039549000008264557 0.0
1
0
0.03805199998896569 0.001066999975591898
0.03805199998896569 0.0
1
0
0.037656999978935346 0.0010269999911542982
0.037656999978935346 0.0
1
0
0.0371140000061132 0.0010219999821856618
0.0371140000061132 1.00000761449337e-06
1
0
0.03868499997770414 0.0011269999959040433
0.03868499997770414 1.00000761449337e-06
1
0
0.03852299999562092 0.0010679999832063913
0.03852299999562092 9.999785106629133e-07
1
0
0.04047599999466911 0.0011849999718833715
0.04047599999466911 1.00000761449337e-06
1
0
0.04080200000316836 0.001150999974925071
0.04080200000316836 0.0
0.04220799999893643 0.0011569999915082008
0.04220799999893643 0.0
1
0
0.04231300001265481 0.0011209999793209136
0.04231300001265481 0.0
1
0
0.04339599999366328 0.0011209999793209136
0.04339599999366328 1.00000761449337e-06
1
0
0.04294300000765361 0.0011440000089351088
0.04294300000765361 1.00000761449337e-06
1
0
0.042813000007299706 0.0011059999815188348
0.042813000007299706 0.0
1
0
0.04346299997996539 0.0011489999887999147
0.04346299997996539 1.00000761449337e-06
1
0
0.03829699999187142 0.0010360000014770776
0.03829699999187142 0.0
1
0
0.03719100001035258 0.0010219999821856618
0.03719100001035258 0.0
1
0
1
0
0.037293999979738146 0.0010180000099353492
0.037293999979738146 0.0
1
0
0.03830799998831935 0.0010469999979250133
0.03830799998831935 0.0
1
0
0.038330000010319054 0.0010210000036749989
0.038330000010319054 0.0
1
0
0.03857699999934994 0.0010839999886229634
0.03857699999934994 0.0
1
0
0.037302999990060925 0.0010049999982584268
0.037302999990060925 0.0
1
0
0.03779100000974722 0.001057999994372949
0.03779100000974722 9.999785106629133e-07
1
0
0.03752699997858144 0.0010049999982584268
0.03752699997858144 1.00000761449337e-06
1
0
0.03763100001378916 0.0010199999960605055
0.03763100001378916 9.999785106629133e-07
1
0
0.037929999991320074 0.0010849999962374568
0.037929999991320074 0.0
1
0
0.0374489999958314 0.001025000005029142
0.0374489999958314 0.0
1
0
0.03735999998752959 0.0010480000055395067
0.03735999998752959 0.0
1
0
0.03740299999481067 0.0010809999948833138
0.03740299999481067 0.0
1
0
0.03791099999216385 0.0010159999947063625
0.03791099999216385 0.0
1
0
0.03814200000488199 0.0010400000028312206
0.03814200000488199 1.00000761449337e-06
1
0
0.03712900000391528 0.0010079999919980764
0.03712900000391528 1.00000761449337e-06
1
0
0.03794800001196563 0.0010309999925084412
0.03794800001196563 1.00000761449337e-06
1
0
0.03739400001359172 0.0010149999870918691
0.03739400001359172 9.999785106629133e-07
1
0
0.03821800000150688 0.0010689999908208847
0.03821800000150688 0.0
1
0
0.037680999987060204 0.001053000014508143
0.037680999987060204 0.0
1
0
0.037835000024642795 0.0010180000099353492
0.037835000024642795 0.0
1
0
0.03770700001041405 0.0011470000026747584
0.03770700001041405 9.999785106629133e-07
1
0
0.03775700001278892 0.0010400000028312206
0.03775700001278892 0.0
1
0
0.03733500000089407 0.0010210000036749989
0.03733500000089407 0.0
1
0
0.037520999991102144 0.0010870000114664435
0.037520999991102144 0.0
1
0
0.03757799998857081 0.0010839999886229634
0.03757799998857081 0.0
1
0
0.03776500001549721 0.0010089999996125698
0.03776500001549721 1.00000761449337e-06
1
0
0.0372849999985192 0.0010359999723732471
0.0372849999985192 0.0
1
0
0.03726800001459196 0.001049999991664663
0.03726800001459196 0.0
1
0
0.03819000002113171 0.0010550000006332994
0.03819000002113171 0.0
1
0
0.03807999999844469 0.0010989999864250422
0.03807999999844469 0.0
1
0
0.03817800001706928 0.0010680000123102218
0.03817800001706928 9.999785106629133e-07
1
0
0.03991900000255555 0.0010990000155288726
0.03991900000255555 9.999785106629133e-07
0.040068000002065673 0.0011119999981019646
0.040068000002065673 1.00000761449337e-06
1
0
0.04045099997892976 0.0010349999938625842
0.04045099997892976 0.0
1
0
0.04037999999127351 0.0010989999864250422
0.04037999999127351 0.0
1
0
0.040095999982440844 0.001121999986935407
0.040095999982440844 9.999785106629133e-07
1
0
0.03969799997867085 0.0010980000079143792
0.03969799997867085 0.0
1
0
0.04039599999669008 0.0011099999828729779
0.04039599999669008 0.0
1
0
0.03511300001991913 0.001029000006383285
0.03511300001991913 1.00000761449337e-06
1
0
0.03492700000060722 0.0009370000043418258
0.03492700000060722 9.999785106629133e-07
1
0
1
0
0.03770200000144541 0.0010300000139977783
0.03770200000144541 0.0
1
0
0.03788799999165349 0.0010400000028312206
0.03788799999165349 0.0
1
0
0.038029000017559156 0.001057000015862286
0.038029000017559156 1.00000761449337e-06
1
0
0.03719000000273809 0.0010140000085812062
0.03719000000273809 0.0
1
0
0.038028999988455325 0.0010049999982584268
0.038028999988455325 1.00000761449337e-06
1
0
0.038161000004038215 0.0010729999921750277
0.038161000004038215 0.0
1
0
0.03795699999318458 0.0010269999911542982
0.03795699999318458 1.00000761449337e-06
1
0
0.03746700001647696 0.0010600000096019357
0.03746700001647696 0.0
1
0
0.03830099999322556 0.0010210000036749989
0.03830099999322556 0.0
1
0
0.03769599998486228 0.0010079999919980764
0.03769599998486228 1.00000761449337e-06
1
0
0.03781400001025759 0.0014470000169239938
0.03781400001025759 0.0
1
0
0.03737599999294616 0.0010379999876022339
0.03737599999294616 1.00000761449337e-06
1
0
0.038234999985434115 0.001053999993018806
0.038234999985434115 0.0
1
0
0.037488999980269 0.001010999985737726
0.037488999980269 0.0
1
0
0.037702999979956076 0.0010710000060498714
0.037702999979956076 0.0
1
0
0.03802099998574704 0.0010879999899771065
0.03802099998574704 0.0
1
0
0.0381690000067465 0.0010569999867584556
0.0381690000067465 0.0
1
0
0.03812199999811128 0.0010180000099353492
0.03812199999811128 1.00000761449337e-06
1
0
0.03788800002075732 0.001113000005716458
0.03788800002075732 9.999785106629133e-07
1
0
0.03942699998151511 0.0013629999884869903
0.03942699998151511 0.0
1
0
0.03728799999225885 0.0010320000001229346
0.03728799999225885 1.00000761449337e-06
1
0
0.03755400000954978 0.0011159999994561076
0.03755400000954978 0.0
1
0
0.037232000002404675 0.0010030000121332705
0.037232000002404675 0.0
1
0
0.03837500000372529 0.0010680000123102218
0.03837500000372529 1.00000761449337e-06
1
0
0.03711000000475906 0.0010320000001229346
0.03711000000475906 1.00000761449337e-06
1
0
0.037803999992320314 0.0010269999911542982
0.037803999992320314 9.999785106629133e-07
1
0
0.03713899999274872 0.001041999988956377
0.03713899999274872 1.00000761449337e-06
1
0
0.03771699999924749 0.0010729999921750277
0.03771699999924749 1.00000761449337e-06
1
0
0.037810000008903444 0.001053999993018806
0.037810000008903444 1.00000761449337e-06
1
0
0.037481000006664544 0.001049999991664663
0.037481000006664544 0.0
1
0
0.037893000000622123 0.0010360000014770776
0.037893000000622123 0.0
0.04061500000534579 0.0010600000096019357
0.04061500000534579 0.0
1
0
0.040016000013565645 0.001129999989643693
0.040016000013565645 0.0
1
0
0.0398259999928996 0.0010569999867584556
0.0398259999928996 0.0
1
0
0.040169999992940575 0.0010889999975915998
0.040169999992940575 0.0
1
0
0.039862000005086884 0.0011380000214558095
0.039862000005086884 0.0
1
0
0.04073199999402277 0.0011820000072475523
0.04073199999402277 1.00000761449337e-06
1
0
0.03483799999230541 0.0010009999969042838
0.03483799999230541 0.0
1
0
0.03471800000988878 0.0009140000038314611
0.03471800000988878 0.0
1
0
0.035579999996116385 0.0010159999947063625
0.035579999996116385 0.0
1
0
0.036890999996103346 0.0009590000263415277
0.036890999996103346 0.0
1
0
0.035245000006398186 0.0010400000028312206
0.035245000006398186 9.999785106629133e-07
1
0
0.03542699999525212 0.0009760000102687627
0.03542699999525212 9.999785106629133e-07
1
0
0.035087999975075945 0.0010049999982584268
0.035087999975075945 1.00000761449337e-06
1
0
0.03459100000327453 0.0009750000026542693
0.03459100000327453 0.0
1
0
0.035417000006418675 0.0009889999928418547
0.035417000006418675 1.00000761449337e-06
1
0
0.03533499999321066 0.0009969999955501407
0.03533499999321066 0.0
1
0
0.03451399999903515 0.0009489999793004245
0.03451399999903515 0.0
1
0
0.03463700000429526 0.0009460000146646053
0.03463700000429526 0.0
1
0
0.03551300000981428 0.0010489999840501696
0.03551300000981428 0.0
1
0
0.03775100002530962 0.001041000010445714
0.03775100002530962 0.0
1
0
0.03699699998833239 0.0010299999848939478
0.03699699998833239 0.0
1
0
0.037767000001622364 0.0010159999947063625
0.037767000001622364 9.999785106629133e-07
1
0
0.03825299997697584 0.0011100000119768083
0.03825299997697584 1.00000761449337e-06
1
0
0.03773799998452887 0.0010760000150185078
0.03773799998452887 0.0
1
0
0.03759399999398738 0.00100299998302944
0.03759399999398738 1.00000761449337e-06
1
0
0.03800199998659082 0.0010180000099353492
0.03800199998659082 1.00000761449337e-06
1
0
0.03837200000998564 0.001065999997081235
0.03837200000998564 1.00000761449337e-06
1
0
0.03683299999102019 0.0010480000055395067
0.03683299999102019 1.00000761449337e-06
1
0
0.03750499998568557 0.0010790000087581575
0.03750499998568557 0.0
1
0
0.03812599999946542 0.0010299999848939478
0.03812599999946542 1.00000761449337e-06
1
0
0.03800299999420531 0.0009980000031646341
0.03800299999420531 0.0
1
0
0.03758800000650808 0.0010170000023208559
0.03758800000650808 0.0
1
0
0.037700000015320256 0.0010420000180602074
0.037700000015320256 0.0
1
0
0.03768500001751818 0.001069999998435378
0.03768500001751818 0.0
1
0
0.037475000019185245 0.001061999995727092
0.037475000019185245 9.999785106629133e-07
1
0
0.03785600000992417 0.0010540000221226364
0.03785600000992417 0.0
1
0
0.037515000003622845 0.0009890000219456851
0.037515000003622845 0.0
1
0
0.03799099999014288 0.0010489999840501696
0.03799099999014288 1.00000761449337e-06
1
0
0.03758099998231046 0.0010320000001229346
0.03758099998231046 1.00000761449337e-06
1
0
0.03762200000346638 0.0010350000229664147
0.03762200000346638 0.0
1
0
0.03769599998486228 0.0011029999877791852
0.03769599998486228 1.00000761449337e-06
1
0
0.037899999995715916 0.0010919999913312495
0.037899999995715916 0.0
1
0
0.03752800001529977 0.0010730000212788582
0.03752800001529977 0.0
1
0
0.03787700002430938 0.001033000007737428
0.03787700002430938 0.0
1
0
0.03766400000313297 0.0011159999994561076
0.03766400000313297 9.999785106629133e-07
1
0
0.03772800002479926 0.0010509999992791563
0.03772800002479926 0.0
1
0
0.03797099998337217 0.0014399999927263707
0.03797099998337217 1.00000761449337e-06
1
0
0.0377499999885913 0.0010440000041853637
0.0377499999885913 1.00000761449337e-06
1
0
0.038004000001819804 0.0010520000068936497
0.038004000001819804 0.0
1
0
1
0
0.03823299999930896 0.0010210000036749989
0.03823299999930896 0.0
1
0
0.037377000000560656 0.0010919999913312495
0.037377000000560656 1.00000761449337e-06
1
0
0.03729200002271682 0.0010099999781232327
0.03729200002271682 0.0
1
0
0.03860199998598546 0.0010929999989457428
0.03860199998598546 1.00000761449337e-06
1
0
0.038148999999975786 0.0010599999804981053
0.038148999999975786 0.0
1
0
0.03743399999802932 0.0010079999919980764
0.03743399999802932 0.0
1
0
0.03772799999569543 0.0010670000046957284
0.03772799999569543 1.00000761449337e-06
1
0
0.03872300000512041 0.0011689999955706298
0.03872300000512041 1.00000761449337e-06
1
0
0.03849399997852743 0.0011159999994561076
0.03849399997852743 1.00000761449337e-06
1
0
0.03766699999687262 0.0010060000058729202
0.03766699999687262 1.00000761449337e-06
1
0
0.03850100000272505 0.0010110000148415565
0.03850100000272505 0.0
1
0
0.03807700000470504 0.0010020000045187771
0.03807700000470504 9.999785106629133e-07
1
0
0.03838199999881908 0.001065999997081235
0.03838199999881908 9.999785106629133e-07
1
0
0.03684399998746812 0.00104599999031052
0.03684399998746812 1.00000761449337e-06
1
0
0.037391999998362735 0.0010429999965708703
0.037391999998362735 0.0
1
0
0.03718400001525879 0.0010130000009667128
0.03718400001525879 9.999785106629133e-07
1
0
0.03702700001304038 0.001057000015862286
0.03702700001304038 0.0
1
0
0.038265999988652766 0.0010759999859146774
0.038265999988652766 1.00000761449337e-06
1
0
0.03798700001789257 0.0010100000072270632
0.03798700001789257 0.0
1
0
0.03742800001055002 0.0010469999979250133
0.03742800001055002 0.0
1
0
0.039610000007087365 0.0010679999832063913
0.039610000007087365 0.0
1
0
0.040708000015001744 0.0010910000128205866
0.040708000015001744 0.0
1
0
0.0404770000022836 0.0010899999761022627
0.0404770000022836 0.0
1
0
0.042400000005727634 0.0010980000079143792
0.042400000005727634 1.00000761449337e-06
1
0
0.0403189999924507 0.0011229999945499003
0.0403189999924507 1.00000761449337e-06
1
0
0.03987699997378513 0.0010889999975915998
0.03987699997378513 1.00000761449337e-06
1
0
0.04033099999651313 0.0010959999926853925
0.04033099999651313 0.0
1
0
0.04032600001664832 0.0010970000002998859
0.04032600001664832 0.0
1
0
0.04091199999675155 0.0010839999886229634
0.04091199999675155 9.999785106629133e-07
1
0
0.0406539999821689 0.0015380000113509595
0.0406539999821689 0.0
0.0421280000009574 0.00112900001113303
0.0421280000009574 1.00000761449337e-06
1
0
0.04265400001895614 0.001180000021122396
0.04265400001895614 0.0
1
0
0.04288100000121631 0.0011409999860916287
0.04288100000121631 1.00000761449337e-06
1
0
0.04279599999426864 0.001145999995060265
0.04279599999426864 0.0
1
0
0.04177799998433329 0.0012540000025182962
0.04177799998433329 1.00000761449337e-06
1
0
0.04249399999389425 0.0011340000201016665
0.04249399999389425 1.00000761449337e-06
1
0
0.03692800001590513 0.0010189999884460121
0.03692800001590513 0.0
1
0
0.039133000012952834 0.001117000007070601
0.039133000012952834 0.0
1
0
0.03750999999465421 0.001049999991664663
0.03750999999465421 1.00000761449337e-06
1
0
0.0374430000083521 0.0010079999919980764
0.0374430000083521 1.00000761449337e-06
1
0
1
0
0.03768900001887232 0.0010049999982584268
0.03768900001887232 0.0
1
0
0.037800999998580664 0.0010590000019874424
0.037800999998580664 0.0
1
0
0.037595000001601875 0.0010959999926853925
0.037595000001601875 0.0
1
0
0.03752499999245629 0.0010460000194143504
0.03752499999245629 0.0
1
0
0.03813800000352785 0.0009890000219456851
0.03813800000352785 1.00000761449337e-06
1
0
0.03813199998694472 0.0011079999967478216
0.03813199998694472 1.00000761449337e-06
1
0
0.03807400001096539 0.0010299999848939478
0.03807400001096539 1.00000761449337e-06
1
0
0.03845200000796467 0.0010480000055395067
0.03845200000796467 1.00000761449337e-06
1
0
0.03751599998213351 0.0010060000058729202
0.03751599998213351 9.999785106629133e-07
1
0
0.03799599999911152 0.0010469999979250133
0.03799599999911152 9.999785106629133e-07
1
0
0.03745800000615418 0.0010309999925084412
0.03745800000615418 0.0
1
0
0.037631999992299825 0.0010089999996125698
0.037631999992299825 1.00000761449337e-06
1
0
0.0372159999969881 0.0013259999977890402
0.0372159999969881 0.0
1
0
0.038241000002017245 0.001049000013154
0.038241000002017245 0.0
1
0
0.03853900000103749 0.0010560000082477927
0.03853900000103749 1.00000761449337e-06
1
0
0.03688999998848885 0.0010140000085812062
0.03688999998848885 0.0
1
0
0.038262999994913116 0.0009969999955501407
0.038262999994913116 1.00000761449337e-06
1
0
0.037914999993517995 0.001049000013154
0.037914999993517995 9.999785106629133e-07
1
0
0.03798999998252839 0.0010119999933522195
0.03798999998252839 0.0
1
0
0.03720900000189431 0.0009809999901335686
0.03720900000189431 0.0
1
0
0.03752499999245629 0.0011249999806750566
0.03752499999245629 9.999785106629133e-07
1
0
0.03796300000976771 0.0011059999815188348
0.03796300000976771 9.999785106629133e-07
1
0
0.0393480000202544 0.001113000005716458
0.0393480000202544 0.0
1
0
0.037545999977737665 0.0010780000011436641
0.037545999977737665 0.0
1
0
0.03757600000244565 0.0010890000266954303
0.03757600000244565 1.00000761449337e-06
1
0
0.03743100000428967 0.0010750000074040145
0.03743100000428967 0.0
1
0
0.0392520000168588 0.0015580000181216747
0.0392520000168588 0.0
1
0
0.04487899999367073 0.001357000001007691
0.04487899999367073 0.0
1
0
0.03994299998157658 0.0011159999994561076
0.03994299998157658 0.0
1
0
0.04196899998351 0.001264999998966232
0.04196899998351 0.0
0.044787999999243766 0.0012170000118203461
0.044787999999243766 0.0
1
0
0.042935999983455986 0.001209999987622723
0.042935999983455986 1.00000761449337e-06
1
0
0.04834600002504885 0.0015420000127051026
0.04834600002504885 0.0
1
0
0.044808999984525144 0.0012229999992996454
0.044808999984525144 0.0
1
0
0.044649000017670915 0.0012340000248514116
0.044649000017670915 0.0
1
0
0.042748000007122755 0.001217999990331009
0.042748000007122755 1.00000761449337e-06
1
0
0.03776199999265373 0.0011029999877791852
0.03776199999265373 0.0
1
0
0.037972999998601153 0.00112599998828955
0.037972999998601153 0.0
1
0
0.03863699999055825 0.0011559999838937074
0.03863699999055825 0.0
1
0
0.03868200001306832 0.0011229999945499003
0.03868200001306832 0.0
1
0
1
0
0.038065999979153275 0.001049999991664663
0.038065999979153275 0.0
1
0
0.03752899999381043 0.001049000013154
0.03752899999381043 1.00000761449337e-06
1
0
0.03708199999528006 0.0010140000085812062
0.03708199999528006 0.0
1
0
0.03774800000246614 0.000977999996393919
0.03774800000246614 0.0
1
0
0.04013399998075329 0.001133000012487173
0.04013399998075329 0.0
1
0
0.043268000008538365 0.0011779999767895788
0.043268000008538365 1.00000761449337e-06
1
0
0.047432999999728054 0.0012980000174138695
0.047432999999728054 0.0
0.03999300001305528 0.0011270000250078738
0.03999300001305528 0.0
1
0
0.04055300002801232 0.0010830000101123005
0.04055300002801232 0.0
1
0
0.040515000000596046 0.0010729999921750277
0.040515000000596046 0.0
1
0
0.03993500000797212 0.0010860000038519502
0.03993500000797212 1.00000761449337e-06
1
0
0.040050000010523945 0.0011590000067371875
0.040050000010523945 9.999785106629133e-07
1
0
0.037554999988060445 0.0011689999955706298
0.037554999988060445 0.0
1
0
0.03520700000808574 0.0009500000160187483
0.03520700000808574 0.0
1
0
0.03515499999048188 0.0009399999980814755
0.03515499999048188 1.00000761449337e-06
1
0
0.035294000001158565 0.0009530000097583979
0.035294000001158565 9.999785106629133e-07
1
0
0.03559600000153296 0.0010279999987687916
0.03559600000153296 1.00000761449337e-06
1
0
0.035337000008439645 0.0009629999985918403
0.035337000008439645 0.0
1
0
0.03489899999112822 0.0010150000161956996
0.03489899999112822 0.0
1
0
0.0356399999873247 0.0009589999972376972
0.0356399999873247 1.00000761449337e-06
1
0
0.03506799999740906 0.0009509999945294112
0.03506799999740906 0.0
1
0
0.034810999990440905 0.0009469999931752682
0.034810999990440905 0.0
1
0
0.03569599997717887 0.0010349999938625842
0.03569599997717887 9.999785106629133e-07
1
0
0.035262999997939914 0.0009509999945294112
0.035262999997939914 0.0
1
0
0.035103000001981854 0.0009549999958835542
0.035103000001981854 0.0
1
0
0.03589299999293871 0.0010170000023208559
0.03589299999293871 9.999785106629133e-07
1
0
0.03562700000475161 0.0009730000165291131
0.03562700000475161 0.0
1
0
0.034853999997721985 0.0010140000085812062
0.034853999997721985 9.999785106629133e-07
1
0
0.035734000004595146 0.0009759999811649323
0.035734000004595146 1.00000761449337e-06
1
0
0.03518199999234639 0.0009290000016335398
0.03518199999234639 0.0
1
0
0.035042000003159046 0.0009920000156853348
0.035042000003159046 0.0
1
0
0.03484100001514889 0.0009450000070501119
0.03484100001514889 0.0
1
0
0.034706000005826354 0.0009830000053625554
0.034706000005826354 9.999785106629133e-07
1
0
0.03530699998373166 0.0009640000062063336
0.03530699998373166 0.0
1
0
0.035564999998314306 0.0013540000072680414
0.035564999998314306 0.0
1
0
0.035078999993856996 0.0009950000094249845
0.035078999993856996 0.0
1
0
0.03546499999356456 0.0010529999854043126
0.03546499999356456 0.0
1
0
0.03546799998730421 0.0009710000013001263
0.03546799998730421 0.0
1
0
0.03484300000127405 0.0009959999879356474
0.03484300000127405 0.0
1
0
0.035463000007439405 0.001016000023810193
0.035463000007439405 0.0
1
0
1
0
0.037546000006841496 0.001137999992351979
0.037546000006841496 0.0
1
0
0.039118000015150756 0.001025000005029142
0.039118000015150756 9.999785106629133e-07
1
0
0.03835300001082942 0.0010130000009667128
0.03835300001082942 9.999785106629133e-07
1
0
0.03850200001033954 0.0010550000006332994
0.03850200001033954 9.999785106629133e-07
1
0
0.03692800001590513 0.0009849999914877117
0.03692800001590513 0.0
1
0
0.03809400001773611 0.0010379999876022339
0.03809400001773611 1.00000761449337e-06
1
0
0.03784899998572655 0.0010299999848939478
0.03784899998572655 0.0
1
0
0.03808200001367368 0.0013509999844245613
0.03808200001367368 0.0
1
0
0.03828500001691282 0.0010689999908208847
0.03828500001691282 1.00000761449337e-06
1
0
0.03794399998150766 0.000981999997748062
0.03794399998150766 0.0
1
0
0.03756799999973737 0.000990000000456348
0.03756799999973737 0.0
1
0
0.03759600000921637 0.0010590000019874424
0.03759600000921637 1.00000761449337e-06
1
0
0.038182999996934086 0.0010400000028312206
0.038182999996934086 0.0
1
0
0.0381749999942258 0.0010219999821856618
0.0381749999942258 0.0
1
0
0.037060000002384186 0.0010180000099353492
0.037060000002384186 0.0
1
0
0.03755400000954978 0.000998999981675297
0.03755400000954978 1.00000761449337e-06
1
0
0.03829799999948591 0.001121999986935407
0.03829799999948591 1.00000761449337e-06
1
0
0.03829100000439212 0.0010099999781232327
0.03829100000439212 0.0
1
0
0.03717199998209253 0.0010689999908208847
0.03717199998209253 0.0
1
0
0.037794999981997535 0.001037000009091571
0.037794999981997535 1.00000761449337e-06
1
0
0.03805500001180917 0.001090999983716756
0.03805500001180917 0.0
1
0
0.03757200000109151 0.001069999998435378
0.03757200000109151 0.0
1
0
0.037960999994538724 0.0009980000031646341
0.037960999994538724 1.00000761449337e-06
1
0
0.037641000002622604 0.001041000010445714
0.037641000002622604 0.0
1
0
0.042483000026550144 0.0011260000173933804
0.042483000026550144 0.0
1
0
0.039450000011129305 0.0012320000096224248
0.039450000011129305 0.0
1
0
0.03738500000326894 0.0010379999876022339
0.03738500000326894 0.0
1
0
0.03794100001687184 0.0010000000183936208
0.03794100001687184 9.999785106629133e-07
1
0
0.037256999989040196 0.0009990000107791275
0.037256999989040196 0.0
1
0
0.03720500000054017 0.0010349999938625842
0.03720500000054017 1.00000761449337e-06
1
0
0.041299000004073605 0.001088000019080937
0.041299000004073605 0.0
0.0395649999845773 0.0010609999881125987
0.0395649999845773 1.00000761449337e-06
1
0
0.040597999992314726 0.0014159999846015126
0.040597999992314726 0.0
1
0
0.040095999982440844 0.001105000003008172
0.040095999982440844 0.0
1
0
0.040609999996377155 0.0010820000024978071
0.040609999996377155 9.999785106629133e-07
1
0
0.04066900000907481 0.001121999986935407
0.04066900000907481 0.0
1
0
0.03713599999900907 0.0010229999898001552
0.03713599999900907 1.00000761449337e-06
1
0
0.03529299999354407 0.0010089999996125698
0.03529299999354407 0.0
1
0
0.035625999997137114 0.0009769999887794256
0.035625999997137114 0.0
1
0
0.03522999997949228 0.0009800000116229057
0.03522999997949228 0.0
1
0
0.03459999998449348 0.0009240000217687339
0.03459999998449348 1.00000761449337e-06
1
0
0.0355260000214912 0.0009470000222790986
0.0355260000214912 9.999785106629133e-07
1
0
0.0351119999832008 0.0011059999815188348
0.0351119999832008 0.0
1
0
0.03466200002003461 0.0009499999869149178
0.03466200002003461 0.0
1
0
0.035048000019742176 0.001029000006383285
0.035048000019742176 0.0
1
0
0.03488099999958649 0.000985999999102205
0.03488099999958649 1.00000761449337e-06
1
0
0.03539699999964796 0.0010049999982584268
0.03539699999964796 0.0
1
0
0.03504899999825284 0.0009910000080708414
0.03504899999825284 0.0
1
0
0.035177000012481585 0.0010560000082477927
0.035177000012481585 0.0
1
0
0.036721000011311844 0.001576999988174066
0.036721000011311844 0.0
1
0
0.045717000000877306 0.0014570000057574362
0.045717000000877306 0.0
1
0
0.039558000018587336 0.0010690000199247152
0.039558000018587336 0.0
1
0
0.04265400001895614 0.0011360000062268227
0.04265400001895614 1.00000761449337e-06
1
0
0.0376869999745395 0.001113000005716458
0.0376869999745395 0.0
1
0
0.038563999987673014 0.0014070000033825636
0.038563999987673014 1.00000761449337e-06
1
0
0.037669000012101606 0.0010900000052060932
0.037669000012101606 0.0
1
0
0.038226000004215166 0.0012500000011641532
0.038226000004215166 0.0
1
0
0.04811400000471622 0.0010879999899771065
0.04811400000471622 1.00000761449337e-06
1
0
0.03773499999078922 0.001065999997081235
0.03773499999078922 1.00000761449337e-06
1
0
0.03755600002477877 0.0009980000031646341
0.03755600002477877 0.0
1
0
0.037744000001112 0.0010590000019874424
0.037744000001112 0.0
1
0
0.03735000002779998 0.0010100000072270632
0.03735000002779998 9.999785106629133e-07
1
0
0.03812499999185093 0.001057000015862286
0.03812499999185093 0.0
1
0
0.03807400001096539 0.0011269999959040433
0.03807400001096539 9.999785106629133e-07
1
0
0.03832600000896491 0.001073999999789521
0.03832600000896491 0.0
1
0
0.037906000012299046 0.0010119999933522195
0.037906000012299046 0.0
1
0
0.03775099999620579 0.0009800000116229057
0.03775099999620579 0.0
1
0
0.0376819999946747 0.001041000010445714
0.0376819999946747 9.999785106629133e-07
1
0
0.0380509999813512 0.001053999993018806
0.0380509999813512 0.0
1
0
0.03761599998688325 0.0010159999947063625
0.03761599998688325 0.0
1
0
0.03731400001561269 0.0010560000082477927
0.03731400001561269 0.0
1
0
0.03688900000997819 0.0010310000216122717
0.03688900000997819 1.00000761449337e-06
1
0
0.03776300000026822 0.0011020000092685223
0.03776300000026822 1.00000761449337e-06
1
0
0.03694499999983236 0.0010269999911542982
0.03694499999983236 1.00000761449337e-06
1
0
0.03756200001225807 0.0010730000212788582
0.03756200001225807 1.00000761449337e-06
1
0
0.03783300000941381 0.0010019999754149467
0.03783300000941381 0.0
1
0
0.03751600001123734 0.0009990000107791275
0.03751600001123734 0.0
1
0
0.03797499998472631 0.0010769999935291708
0.03797499998472631 0.0
1
0
0.03745199998957105 0.0010509999992791563
0.03745199998957105 0.0
1
0
0.037345999997342005 0.0010509999992791563
0.037345999997342005 1.00000761449337e-06
1
0
1
0
0.0380449999938719 0.0011069999891333282
0.0380449999938719 0.0
1
0
0.03767900000093505 0.0010820000024978071
0.03767900000093505 0.0
1
0
0.038514999992912635 0.0011100000119768083
0.038514999992912635 0.0
1
0
0.03896200002054684 0.001088000019080937
0.03896200002054684 0.0
1
0
0.03708499998901971 0.0010070000134874135
0.03708499998901971 0.0
1
0
0.038521000009495765 0.0010129999718628824
0.038521000009495765 1.00000761449337e-06
1
0
0.037302999990060925 0.0010560000082477927
0.037302999990060925 1.00000761449337e-06
1
0
0.03735100000631064 0.001008000021101907
0.03735100000631064 1.00000761449337e-06
1
0
0.03809200000250712 0.0010180000099353492
0.03809200000250712 9.999785106629133e-07
1
0
0.03765899999416433 0.0010959999926853925
0.03765899999416433 0.0
1
0
0.03699000002234243 0.0010180000099353492
0.03699000002234243 0.0
1
0
0.037140000000363216 0.0010119999933522195
0.037140000000363216 0.0
1
0
0.038395000010496005 0.0010630000033415854
0.038395000010496005 0.0
1
0
0.03839299999526702 0.0011100000119768083
0.03839299999526702 0.0
1
0
0.039678000001003966 0.001041999988956377
0.039678000001003966 9.999785106629133e-07
1
0
0.0381630000192672 0.001073999999789521
0.0381630000192672 1.00000761449337e-06
1
0
0.03733500000089407 0.0010550000006332994
0.03733500000089407 0.0
1
0
0.03709900000831112 0.00101200002245605
0.03709900000831112 0.0
1
0
0.03840499999932945 0.0010500000207684934
0.03840499999932945 1.00000761449337e-06
1
0
0.038895999983651564 0.0010860000038519502
0.038895999983651564 0.0
1
0
0.0444019999995362 0.001273000001674518
0.0444019999995362 0.0
1
0
0.041736000013770536 0.0011480000102892518
0.041736000013770536 1.00000761449337e-06
1
0
0.04196799997589551 0.0011510000040289015
0.04196799997589551 0.0
1
0
0.042856000014580786 0.0011449999874457717
0.042856000014580786 0.0
1
0
0.04312800001935102 0.0012339999957475811
0.04312800001935102 1.00000761449337e-06
1
0
0.04064299998572096 0.001105000003008172
0.04064299998572096 1.00000761449337e-06
1
0
0.038586000009672716 0.0011030000168830156
0.038586000009672716 0.0
1
0
0.036991999979363754 0.0010040000197477639
0.036991999979363754 0.0
1
0
0.0375050000147894 0.0010349999938625842
0.0375050000147894 9.999785106629133e-07
0.04789099999470636 0.0013160000089555979
0.04789099999470636 1.00000761449337e-06
1
0
0.04315800001495518 0.001125000009778887
0.04315800001495518 0.0
1
0
0.04360400000587106 0.001166999980341643
0.04360400000587106 9.999785106629133e-07
1
0
0.04220200001145713 0.001185000000987202
0.04220200001145713 1.00000761449337e-06
1
0
0.04170600001816638 0.0011140000133309513
0.04170600001816638 1.00000761449337e-06
1
0
0.0426549999974668 0.00117200001841411
0.0426549999974668 0.0
1
0
0.03452000001561828 0.0009660000214353204
0.03452000001561828 1.00000761449337e-06
1
0
0.03552700000000186 0.0010220000112894922
0.03552700000000186 0.0
1
0
0.03519699999014847 0.0009269999864045531
0.03519699999014847 0.0
1
0
0.03533799998695031 0.0009579999896232039
0.03533799998695031 0.0
1
0
INFO:sc2.protocol:Client status changed to Status.ended (was Status.in_game)
INFO:sc2.protocol:Client status changed to Status.ended (was Status.in_game)
INFO:root:Result for player 2 - Bot(Race.Terran, <bots.Showing_bot.speedBot.MarinBot object at 0x7fe9eda00e10>): Defeat
INFO:root:Result for player 1 - Bot(Race.Terran, <bots.Bluebird.bot.Bot object at 0x7fe9eda04198>): Victory
INFO:sc2.client:Saved replay to outs/2020-01-17T11-28-03/replays/blue_bird-showing_bot/blue_bird-showing_bot-0.SC2Replay
INFO:sc2.protocol:Client status changed to Status.launched (was Status.ended)
INFO:sc2.protocol:Client status changed to Status.quit (was Status.launched)
INFO:sc2.sc2process:kill_switch: Process cleanup
INFO:sc2.sc2process:Cleaning up...
INFO:sc2.sc2process:Cleanup complete
INFO:sc2.sc2process:Cleaning up...
INFO:sc2.sc2process:Cleanup complete
INFO:sc2.protocol:Client status changed to Status.launched (was Status.ended)
INFO:sc2.protocol:Cannot receive: Connection already closed.
INFO:sc2.sc2process:kill_switch: Process cleanup
INFO:sc2.sc2process:Cleaning up...
INFO:sc2.sc2process:Cleanup complete
INFO:sc2.sc2process:Cleaning up...
INFO:sc2.sc2process:Cleanup complete


## STDERR ##

Version: B75689 (SC2.4.10)
Build: Aug 12 2019 17:16:57
Command Line: '"/home/hspark8312/StarCraftII/Versions/Base75689/SC2_x64" -listen 127.0.0.1 -port 18625 -displayMode 0 -dataDir /home/hspark8312/StarCraftII -tempDir /tmp/SC2_dvf12x_m'
Starting up...
Startup Phase 1 complete
Version: B75689 (SC2.4.10)
Build: Aug 12 2019 17:16:57
Command Line: '"/home/hspark8312/StarCraftII/Versions/Base75689/SC2_x64" -listen 127.0.0.1 -port 22112 -displayMode 0 -dataDir /home/hspark8312/StarCraftII -tempDir /tmp/SC2_3vw1lj1b'
Starting up...
Startup Phase 1 complete
Startup Phase 2 complete
Creating stub renderer...
Listening on: 127.0.0.1:18625
Startup Phase 3 complete. Ready for commands.
Startup Phase 2 complete
Creating stub renderer...
ConnectHandler: Request from 127.0.0.1:64032 accepted
ReadyHandler: 127.0.0.1:64032 ready
Requesting to join a multiplayer game
Configuring interface options
Configure: raw interface enabled
Configure: feature layer interface enabled
Configure: score interface enabled
Configure: render interface disabled
Listening on: 127.0.0.1:22112
Startup Phase 3 complete. Ready for commands.
ConnectHandler: Request from 127.0.0.1:64035 accepted
ReadyHandler: 127.0.0.1:64035 ready
Requesting to join a multiplayer game
Configuring interface options
Configure: raw interface enabled
Configure: feature layer interface enabled
Configure: score interface enabled
Configure: render interface disabled
Create game with map path: NCFellowship-2019_m1_v6.SC2Map
Attempting to join a game with the map: NCFellowship-2019_m1_v6.SC2Map
Game has started.
Using default stable ids, none found at: /home/hspark8312/StarCraftII/stableid.json
Successfully loaded stable ids: GameData\stableid.json
Sending ResponseJoinGame
Game has started.
Using default stable ids, none found at: /home/hspark8312/StarCraftII/stableid.json
Successfully loaded stable ids: GameData\stableid.json
Sending ResponseJoinGame
RequestQuit command received.
Closing Application...
/home/hspark8312/anaconda3/envs/sc2/lib/python3.6/importlib/_bootstrap.py:219: RuntimeWarning: numpy.ufunc size changed, may indicate binary incompatibility. Expected 192 from C header, got 216 from PyObject
  return f(*args, **kwds)
/home/hspark8312/anaconda3/envs/sc2/lib/python3.6/importlib/_bootstrap.py:219: RuntimeWarning: numpy.ufunc size changed, may indicate binary incompatibility. Expected 192 from C header, got 216 from PyObject
  return f(*args, **kwds)
/home/hspark8312/anaconda3/envs/sc2/lib/python3.6/site-packages/tensorboard/compat/tensorflow_stub/dtypes.py:541: FutureWarning: Passing (type, 1) or '1type' as a synonym of type is deprecated; in a future version of numpy, it will be understood as (type, (1,)) / '(1,)type'.
  _np_qint8 = np.dtype([("qint8", np.int8, 1)])
/home/hspark8312/anaconda3/envs/sc2/lib/python3.6/site-packages/past/builtins/misc.py:45: DeprecationWarning: the imp module is deprecated in favour of importlib; see the module's documentation for alternative uses
  from imp import reload
/mnt/d/sc2minigame-eval-2020-01-09/bots/Showing_bot/speedBot.py:1643: RuntimeWarning: coroutine 'TerreinManager.debug' was never awaited
  self.terrein_manager.debug()
