## STDOUT ##

[[92mINFO[0m] SC2 4.9.0 용 패치 적용
패치 sc2.ids.ability_id
패치 sc2.game_state
패치 sc2.bot_ai
패치 sc2.client
패치 sc2.controller
패치 sc2.main
INFO:root:Failed to import cuda module: No module named 'caffe2.python.caffe2_pybind11_state_gpu'
INFO:root:Failed to import AMD hip module: No module named 'caffe2.python.caffe2_pybind11_state_hip'
WARNING:root:This caffe2 python run does not have GPU support. Will run in CPU only mode.
cpu
INFO:sc2.protocol:Client status changed to Status.launched (was None)
INFO:sc2.protocol:Client status changed to Status.launched (was None)
INFO:sc2_patch.sc2_patch_490.controller:Creating new game
INFO:sc2_patch.sc2_patch_490.controller:Map:     NCFellowship-2019_m1_v6
INFO:sc2_patch.sc2_patch_490.controller:Players: Bot(Race.Terran, <bots.Bluebird.bot.Bot object at 0x7f470c594128>), Bot(Race.Terran, <bots.Showing_bot.speedBot.MarinBot object at 0x7f470c590e48>)
INFO:sc2.protocol:Client status changed to Status.init_game (was Status.launched)
INFO:sc2.protocol:Client status changed to Status.in_game (was None)
INFO:root:Player 2 - Bot(Race.Terran, <bots.Showing_bot.speedBot.MarinBot object at 0x7f470c590e48>)
TEST: 2, <bots.Showing_bot.speedBot.MarinBot object at 0x7f470c590e48>
INFO:sc2.protocol:Client status changed to Status.in_game (was None)
INFO:root:Player 1 - Bot(Race.Terran, <bots.Bluebird.bot.Bot object at 0x7f470c594128>)
TEST: 1, <bots.Bluebird.bot.Bot object at 0x7f470c594128>
load model: bots/Showing_bot/models/model-89.pt
create new model
0.04613299999618903 0.00274100000387989
0.04613299999618903 1.00000761449337e-06
0
0.046337999985553324 0.0021610000112559646
0.046337999985553324 1.00000761449337e-06
1
0.04658900000504218 0.0014519999967887998
0.04658900000504218 1.00000761449337e-06
1
0.04642200001399033 0.0015050000220071524
0.04642200001399033 0.0
1
0.04610899998806417 0.0011489999887999147
0.04610899998806417 0.0
1
0.0462790000019595 0.001137999992351979
0.0462790000019595 9.999785106629133e-07
1
0.04607599999872036 0.0013669999898411334
0.04607599999872036 0.0
1
0.04744999998365529 0.0011900000099558383
0.04744999998365529 0.0
1
0.04631499998504296 0.001121999986935407
0.04631499998504296 1.00000761449337e-06
1
1
0.04639600001974031 0.001180999999633059
0.04639600001974031 1.00000761449337e-06
1
0.04605900001479313 0.0016429999959655106
0.04605900001479313 0.0
1
0.04625400001532398 0.001201000006403774
0.04625400001532398 1.00000761449337e-06
1
0.04620700000668876 0.0012699999788310379
0.04620700000668876 1.00000761449337e-06
0.04704799997853115 0.0012390000047162175
0.04704799997853115 0.0
1
0.04566699999850243 0.0011320000048726797
0.04566699999850243 9.999785106629133e-07
1
0.04652699999860488 0.0014380000066012144
0.04652699999860488 1.00000761449337e-06
1
1
0.045842999999877065 0.001185000000987202
0.045842999999877065 9.999785106629133e-07
0.04627099999925122 0.001197000005049631
0.04627099999925122 0.0
1
0.04586800001561642 0.0011599999852478504
0.04586800001561642 9.999785106629133e-07
1
0.04574699999648146 0.0011529999901540577
0.04574699999648146 1.00000761449337e-06
1
0.04954300000099465 0.001201000006403774
0.04954300000099465 9.999785106629133e-07
1
0.048691999982111156 0.001221999991685152
0.048691999982111156 0.0
1
0.04911100000026636 0.00120900000911206
0.04911100000026636 0.0
1
0.048559000017121434 0.0012100000167265534
0.048559000017121434 9.999785106629133e-07
1
1
0.048915999999735504 0.0012160000042058527
0.048915999999735504 0.0
0.048460999998496845 0.001180999999633059
0.048460999998496845 0.0
1
0.049097999988589436 0.0011949999898206443
0.049097999988589436 0.0
1
0.04854499999783002 0.0011900000099558383
0.04854499999783002 1.00000761449337e-06
1
0.05002300001797266 0.0013109999999869615
0.05002300001797266 0.0
1
0.0493480000004638 0.0012400000123307109
0.0493480000004638 1.00000761449337e-06
1
0.04885099999955855 0.0012250000145286322
0.04885099999955855 0.0
1
0.04872099999920465 0.001201000006403774
0.04872099999920465 0.0
1
0.04890600001090206 0.0012409999908413738
0.04890600001090206 0.0
1
0.049284999986412004 0.0012589999823831022
0.049284999986412004 1.00000761449337e-06
1
0.05044900000211783 0.0012289999867789447
0.05044900000211783 0.0
1
0.051187000004574656 0.0012869999918621033
0.051187000004574656 0.0
1
0.05141200000070967 0.0012500000011641532
0.05141200000070967 0.0
1
0.05101199998171069 0.0012639999913517386
0.05101199998171069 0.0
1
0.05187999998452142 0.0012419999984558672
0.05187999998452142 1.00000761449337e-06
1
0.052152000018395483 0.001244000013684854
0.052152000018395483 0.0
1
changed strategy
1
0.05067399999825284 0.001193000003695488
0.05067399999825284 1.00000761449337e-06
1
0.05107799998950213 0.0012239999778103083
0.05107799998950213 0.0
1
0.06747000000905246 0.0017980000120587647
0.06747000000905246 0.0
1
0.06863900000462309 0.0017750000115484
0.06863900000462309 1.00000761449337e-06
1
0.07174000001396053 0.001879999996162951
0.07174000001396053 0.0
1
0.06415500000002794 0.002099000004818663
0.06415500000002794 1.00000761449337e-06
1
0.054623000003630295 0.0013329999928828329
0.054623000003630295 1.00000761449337e-06
1
0.05437299999175593 0.0012989999959245324
0.05437299999175593 0.0
1
0.05577800000901334 0.0013599999947473407
0.05577800000901334 0.0
1
0.0682799999776762 0.0018700000073295087
0.0682799999776762 0.0
1
0.06816100000287406 0.0046190000139176846
0.06816100000287406 1.00000761449337e-06
1
0.05670099999406375 0.0014889999874867499
0.05670099999406375 0.0
1
0.05661500000860542 0.0013820000167470425
0.05661500000860542 1.00000761449337e-06
1
0.07600999998976476 0.0016849999956320971
0.07600999998976476 0.0
1
0.05712599999969825 0.0016039999900385737
0.05712599999969825 0.0
1
0.05688000001828186 0.0013639999961014837
0.05688000001828186 1.00000761449337e-06
1
0.056563999998616055 0.0013510000135283917
0.056563999998616055 0.0
1
0.05571400001645088 0.001357000001007691
0.05571400001645088 0.0
1
0.05619400000432506 0.001340999995591119
0.05619400000432506 0.0
1
0.05647100001806393 0.0013869999966118485
0.05647100001806393 1.00000761449337e-06
1
0.05590499998652376 0.001344999996945262
0.05590499998652376 0.0
1
0.05452700000023469 0.001352999999653548
0.05452700000023469 1.00000761449337e-06
1
0.05428399998345412 0.0013000000035390258
0.05428399998345412 0.0
1
0.05360899999504909 0.0013120000076014549
0.05360899999504909 1.00000761449337e-06
1
0.05402199999662116 0.0013289999915286899
0.05402199999662116 0.0
1
0.053370999987237155 0.0013540000072680414
0.053370999987237155 0.0
1
0.0564709999889601 0.0013590000162366778
0.0564709999889601 0.0
1
0.05707000000984408 0.0014250000240281224
0.05707000000984408 0.0
1
0.055866000009700656 0.0013559999933931977
0.055866000009700656 1.00000761449337e-06
1
0.0563350000011269 0.0013429999817162752
0.0563350000011269 0.0
1
0.06205599999520928 0.003595000016503036
0.06205599999520928 0.0
1
0.061579000001074746 0.0017430000007152557
0.061579000001074746 0.0
1
0.061914000019896775 0.0015190000121947378
0.061914000019896775 0.0
1
0.06123500000103377 0.0015279999934136868
0.06123500000103377 1.00000761449337e-06
1
0.05862600001273677 0.0014349999837577343
0.05862600001273677 0.0
1
0.058710999990580603 0.0014490000030491501
0.058710999990580603 1.00000761449337e-06
1
0.05846000000019558 0.001480000006267801
0.05846000000019558 0.0
0.06113399998866953 0.0014979999978095293
0.06113399998866953 9.999785106629133e-07
1
0.06211600001552142 0.0015330000023823231
0.06211600001552142 0.0
1
1
0.05928600000333972 0.0016770000220276415
0.05928600000333972 0.0
1
0.05625399999553338 0.0013930000131949782
0.05625399999553338 9.999785106629133e-07
1
0.056668999983230606 0.0014420000079553574
0.056668999983230606 0.0
1
0.057219000009354204 0.0017430000007152557
0.057219000009354204 9.999785106629133e-07
1
0.056936000008136034 0.0014589999918825924
0.056936000008136034 1.00000761449337e-06
1
0.05400500001269393 0.0014119999832473695
0.05400500001269393 0.0
1
0.05738099999143742 0.0019489999976940453
0.05738099999143742 0.0
1
0.05464000001666136 0.0015839999832678586
0.05464000001666136 9.999785106629133e-07
1
0.05223699999623932 0.0014620000147260725
0.05223699999623932 9.999785106629133e-07
1
0.05198700001346879 0.0017219999863300472
0.05198700001346879 0.0
1
0.049795999977504835 0.0016100000066217035
0.049795999977504835 0.0
1
0.049654999980702996 0.0014439999940805137
0.049654999980702996 0.0
1
0.04708799999207258 0.0014640000008512288
0.04708799999207258 1.00000761449337e-06
1
0.04601999997976236 0.0015140000032261014
0.04601999997976236 0.0
1
0.0461829999985639 0.0014060000248719007
0.0461829999985639 0.0
1
0.04693300000508316 0.0015180000045802444
0.04693300000508316 0.0
1
0.04614299998502247 0.0015010000206530094
0.04614299998502247 0.0
1
0.049069999979110435 0.001740999985486269
0.049069999979110435 0.0
1
0.04905100000905804 0.0012409999908413738
0.04905100000905804 0.0
1
0.04854200000409037 0.001268000021809712
0.04854200000409037 0.0
1
0.04913100000703707 0.0012660000065807253
0.04913100000703707 1.00000761449337e-06
1
0.05206499999621883 0.001385999988997355
0.05206499999621883 0.0
1
0.052416999998968095 0.0013590000162366778
0.052416999998968095 0.0
1
0.05627300002379343 0.0015450000064447522
0.05627300002379343 0.0
1
0.05528800000320189 0.0013510000135283917
0.05528800000320189 0.0
1
0.05538500001421198 0.0013500000059138983
0.05538500001421198 0.0
1
0.0528409999969881 0.00133200001437217
0.0528409999969881 0.0
1
0.05170700000599027 0.0014220000011846423
0.05170700000599027 1.00000761449337e-06
1
0.0528070000000298 0.0014819999923929572
0.0528070000000298 1.3999990187585354e-05
1
0.05557199998293072 0.0014699999883305281
0.05557199998293072 0.0
1
0.05468399997334927 0.0013310000067576766
0.05468399997334927 0.0
1
0.05327599999145605 0.0016260000120382756
0.05327599999145605 0.0
1
0.057412999973166734 0.0015060000005178154
0.057412999973166734 0.0
1
0.05161900000530295 0.0013509999844245613
0.05161900000530295 1.00000761449337e-06
1
0.05147800000850111 0.0013979999930597842
0.05147800000850111 1.00000761449337e-06
1
0.05206799998995848 0.0014789999986533076
0.05206799998995848 0.0
1
0.05384999999660067 0.0013809999800287187
0.05384999999660067 1.00000761449337e-06
1
0.051601999992271885 0.0014079999818932265
0.051601999992271885 0.0
1
0.053604999993694946 0.0013469999830704182
0.053604999993694946 1.00000761449337e-06
1
0.05136600002879277 0.0013029999972786754
0.05136600002879277 0.0
1
0.05113300000084564 0.0013239999825600535
0.05113300000084564 1.00000761449337e-06
1
0.05384600002435036 0.0015439999988302588
0.05384600002435036 1.00000761449337e-06
1
0.05374699999811128 0.001348999998299405
0.05374699999811128 1.00000761449337e-06
1
0.05523599998559803 0.0013540000072680414
0.05523599998559803 0.0
1
0.05400500001269393 0.0013290000206325203
0.05400500001269393 9.999785106629133e-07
1
0.05458100000396371 0.0013899999903514981
0.05458100000396371 0.0
1
0.054124999995110556 0.0013460000045597553
0.054124999995110556 0.0
1
0.05377599998610094 0.001320000010309741
0.05377599998610094 0.0
1
0.05384599999524653 0.0013519999920390546
0.05384599999524653 1.00000761449337e-06
1
0.05444200002239086 0.0013820000167470425
0.05444200002239086 9.999785106629133e-07
1
0.05346399999689311 0.001353999978164211
0.05346399999689311 1.00000761449337e-06
1
0.05467700000735931 0.001348999998299405
0.05467700000735931 0.0
1
0.057496000023093075 0.001600999996298924
0.057496000023093075 1.00000761449337e-06
1
0.05767400001059286 0.0015539999876637012
0.05767400001059286 0.0
1
0.06956200001877733 0.002227999997558072
0.06956200001877733 0.0
1
0.06775499999639578 0.002019999985350296
0.06775499999639578 1.00000761449337e-06
1
0.060178999992785975 0.001521999976830557
0.060178999992785975 0.0
1
0.05689500001608394 0.0014479999954346567
0.05689500001608394 0.0
1
0.05932199998642318 0.0016759999853093177
0.05932199998642318 0.0
1
0.06185100000584498 0.001967999996850267
0.06185100000584498 1.00000761449337e-06
1
0.05986999999731779 0.001496000011684373
0.05986999999731779 1.00000761449337e-06
1
0.0564089999825228 0.0014599999994970858
0.0564089999825228 9.999785106629133e-07
1
0.05708299999241717 0.0015410000050906092
0.05708299999241717 0.0
1
0.0553420000069309 0.0013970000145491213
0.0553420000069309 0.0
1
0.05455699999583885 0.001416999992216006
0.05455699999583885 0.0
1
0.055706000013742596 0.001428999996278435
0.055706000013742596 1.00000761449337e-06
1
0.058087000012164935 0.0014099999971222132
0.058087000012164935 1.00000761449337e-06
1
0.059782000025734305 0.001416000013705343
0.059782000025734305 0.0
1
0.055678000004263595 0.0014309999824035913
0.055678000004263595 0.0
1
0.05656599998474121 0.0014789999986533076
0.05656599998474121 0.0
1
0.06038700000499375 0.0014049999881535769
0.06038700000499375 1.00000761449337e-06
1
0
0.061562999995658174 0.001500000013038516
0.061562999995658174 1.00000761449337e-06
1
0
0.05775999999605119 0.0015120000171009451
0.05775999999605119 9.999785106629133e-07
1
0
0.056706000003032386 0.0015180000045802444
0.056706000003032386 1.00000761449337e-06
1
0
0.056803999992553145 0.0014549999905284494
0.056803999992553145 0.0
1
0
0.05747600001632236 0.0013909999979659915
0.05747600001632236 0.0
1
0
0.056856000010157004 0.0014259999734349549
0.056856000010157004 1.00000761449337e-06
1
0
0.05651299998862669 0.0014190000074449927
0.05651299998862669 1.00000761449337e-06
0.05610000001615845 0.0014109999756328762
0.05610000001615845 0.0
1
0
0.05634800001280382 0.0013599999947473407
0.05634800001280382 0.0
1
0
0.057055000012042 0.001500999991549179
0.057055000012042 0.0
1
0
1
0
0.05388599997968413 0.0013599999947473407
0.05388599997968413 1.00000761449337e-06
1
0
0.056469000002834946 0.0018820000113919377
0.056469000002834946 9.999785106629133e-07
1
0
0.05850099999224767 0.0018170000112149864
0.05850099999224767 0.0
1
0
0.05594799999380484 0.0015159999893512577
0.05594799999380484 0.0
1
0
0.05787600000621751 0.001803999999538064
0.05787600000621751 1.00000761449337e-06
1
0
0.059410000016214326 0.001879999996162951
0.059410000016214326 1.00000761449337e-06
1
0
0.06177699999534525 0.0017269999952986836
0.06177699999534525 1.00000761449337e-06
1
0
0.062408999976469204 0.0017780000052880496
0.062408999976469204 9.999785106629133e-07
1
0.06130899998242967 0.0017250000091735274
0.06130899998242967 0.0
1
0.062002999999094754 0.0019770000071730465
0.062002999999094754 0.0
1
0.06344699999317527 0.0017949999892152846
0.06344699999317527 1.00000761449337e-06
1
0.06169699999736622 0.0018280000076629221
0.06169699999736622 1.00000761449337e-06
1
0.06195199998910539 0.0018099999870173633
0.06195199998910539 0.0
1
0.061618999985512346 0.0019360000151209533
0.061618999985512346 0.0
1
0.06197999999858439 0.0017769999976735562
0.06197999999858439 0.0
1
0.059261999995214865 0.0014640000008512288
0.059261999995214865 0.0
1
0.05767700000433251 0.0014139999984763563
0.05767700000433251 0.0
1
0.05580900001223199 0.0014099999971222132
0.05580900001223199 0.0
1
0.05669999998644926 0.0013669999898411334
0.05669999998644926 0.0
1
0.05708200001390651 0.0014270000101532787
0.05708200001390651 0.0
1
0.056376000022282824 0.0016650000179652125
0.056376000022282824 0.0
1
0.05736499998602085 0.0013749999925494194
0.05736499998602085 0.0
1
0.056878000003052875 0.001457999984268099
0.056878000003052875 0.0
1
0.05721200001426041 0.0013969999854452908
0.05721200001426041 0.0
1
0.05890699999872595 0.001436999998986721
0.05890699999872595 0.0
1
0.05574699997669086 0.0013780000153928995
0.05574699997669086 1.00000761449337e-06
1
0.05767000000923872 0.0014580000133719295
0.05767000000923872 1.00000761449337e-06
1
0.05658699999912642 0.0014899999951012433
0.05658699999912642 1.00000761449337e-06
1
0.05666500001098029 0.0013679999974556267
0.05666500001098029 9.999785106629133e-07
1
0.05662099999608472 0.0014089999895077199
0.05662099999608472 0.0
1
0.05408199998782948 0.0013140000228304416
0.05408199998782948 1.00000761449337e-06
1
0.045806000009179115 0.001229999994393438
0.045806000009179115 0.0
1
0.046209000021917745 0.0012410000199452043
0.046209000021917745 1.00000761449337e-06
1
0.04637299999012612 0.0012169999827165157
0.04637299999012612 0.0
1
0.04643200000282377 0.001180999999633059
0.04643200000282377 1.00000761449337e-06
1
0.047169000026769936 0.0011790000135079026
0.047169000026769936 0.0
1
0.04617099999450147 0.0011900000099558383
0.04617099999450147 0.0
1
0.046766000014031306 0.0016000000177882612
0.046766000014031306 0.0
1
0.046411999996053055 0.001201000006403774
0.046411999996053055 0.0
1
0.04631499998504296 0.0012170000118203461
0.04631499998504296 0.0
1
0.048427000001538545 0.0011869999871123582
0.048427000001538545 9.999785106629133e-07
1
0.0489629999792669 0.0012310000020079315
0.0489629999792669 0.0
1
0.05640599998878315 0.0013800000015180558
0.05640599998878315 0.0
1
0.05663999999524094 0.0014699999883305281
0.05663999999524094 0.0
1
0.056726999988313764 0.0013760000001639128
0.056726999988313764 0.0
1
0.059622000000672415 0.0014589999918825924
0.059622000000672415 0.0
1
0.06119199999375269 0.0016109999851323664
0.06119199999375269 1.00000761449337e-06
1
0.061944999994011596 0.0015260000072885305
0.061944999994011596 1.00000761449337e-06
1
0.05666099998052232 0.001424000016413629
0.05666099998052232 0.0
1
0.05686000001151115 0.001432999997632578
0.05686000001151115 0.0
1
0.0569870000181254 0.001420000015059486
0.0569870000181254 0.0
1
0.05641599997761659 0.0013810000091325492
0.05641599997761659 9.999785106629133e-07
1
0.05620000002090819 0.0013940000208094716
0.05620000002090819 0.0
1
0.049184000003151596 0.0012290000158827752
0.049184000003151596 0.0
1
0.046043000009376556 0.0012249999854248017
0.046043000009376556 0.0
1
0.04641899999114685 0.0012030000216327608
0.04641899999114685 0.0
1
0.04695799999171868 0.001193000003695488
0.04695799999171868 0.0
1
0.04650900000706315 0.0012029999925289303
0.04650900000706315 1.00000761449337e-06
1
0.046685999986948445 0.0012780000106431544
0.046685999986948445 0.0
1
0.05034900002647191 0.0012029999925289303
0.05034900002647191 1.00000761449337e-06
1
0.04851799999596551 0.0011909999884665012
0.04851799999596551 1.00000761449337e-06
1
0.0500119999924209 0.001201000006403774
0.0500119999924209 0.0
1
0.04945300001418218 0.0013319999852683395
0.04945300001418218 1.00000761449337e-06
1
0.04917600000044331 0.0012330000172369182
0.04917600000044331 0.0
1
0.04918900001212023 0.0011949999898206443
0.04918900001212023 1.00000761449337e-06
1
0.04898199997842312 0.00125200001639314
0.04898199997842312 1.00000761449337e-06
1
0.04860900001949631 0.0011999999987892807
0.04860900001949631 0.0
1
0.04840199998579919 0.0012449999921955168
0.04840199998579919 0.0
1
0.04930500002228655 0.0012550000101327896
0.04930500002228655 1.00000761449337e-06
1
0.04939500000909902 0.0012419999984558672
0.04939500000909902 0.0
1
0.04679600000963546 0.0011609999928623438
0.04679600000963546 0.0
1
0.04608999998890795 0.001229999994393438
0.04608999998890795 1.00000761449337e-06
1
0.05228699999861419 0.0013770000077784061
0.05228699999861419 9.999785106629133e-07
1
0.05459099999279715 0.001457999984268099
0.05459099999279715 1.00000761449337e-06
1
0.05446400001528673 0.0013380000018514693
0.05446400001528673 0.0
1
0.06132799998158589 0.0018090000085067004
0.06132799998158589 0.0
1
0.06413400001474656 0.001652999984798953
0.06413400001474656 0.0
1
0.0704799999948591 0.004065000015543774
0.0704799999948591 0.0
1
0.07113299999036826 0.004295999999158084
0.07113299999036826 0.0
1
0.07153799998923205 0.0020450000010896474
0.07153799998923205 1.00000761449337e-06
1
0.06748999998671934 0.001715999998850748
0.06748999998671934 0.0
1
0.06936099997255951 0.001711999997496605
0.06936099997255951 1.00000761449337e-06
1
0.06684499999391846 0.001656000007642433
0.06684499999391846 1.00000761449337e-06
1
0.06722600001376122 0.001660999987507239
0.06722600001376122 0.0
1
0.06445100001292303 0.0015950000088196248
0.06445100001292303 1.00000761449337e-06
1
0.0644509999838192 0.0016459999897051603
0.0644509999838192 1.00000761449337e-06
1
0.062440000008791685 0.0015239999920595437
0.062440000008791685 1.00000761449337e-06
1
0.059668000001693144 0.0014680000022053719
0.059668000001693144 0.0
1
0.05671299999812618 0.0014979999978095293
0.05671299999812618 0.0
1
0.05443600000580773 0.0014340000052470714
0.05443600000580773 0.0
1
0.05155100001138635 0.0013139999937266111
0.05155100001138635 1.00000761449337e-06
1
0.05166200001258403 0.0013150000013411045
0.05166200001258403 1.00000761449337e-06
1
0.05157300000428222 0.001305999991018325
0.05157300000428222 1.00000761449337e-06
1
0.051964999991469085 0.0013119999784976244
0.051964999991469085 0.0
1
0.0520470000046771 0.0012960000021848828
0.0520470000046771 0.0
1
0.0520810000016354 0.0013270000054035336
0.0520810000016354 0.0
1
0.05206200000247918 0.0013660000113304704
0.05206200000247918 0.0
1
0.051939999975729734 0.0013160000089555979
0.051939999975729734 0.0
1
0.05170700000599027 0.0013190000026952475
0.05170700000599027 0.0
1
0.051119000010658056 0.001361000002361834
0.051119000010658056 1.00000761449337e-06
1
0.05521099999896251 0.001432999997632578
0.05521099999896251 1.00000761449337e-06
1
0.05423300000256859 0.0013789999939035624
0.05423300000256859 9.999785106629133e-07
1
0.05398999998578802 0.0013310000067576766
0.05398999998578802 0.0
1
0.05754599999636412 0.0014490000030491501
0.05754599999636412 9.999785106629133e-07
1
0.05639599999994971 0.0014910000027157366
0.05639599999994971 0.0
1
0.05873399999109097 0.0014629999932367355
0.05873399999109097 9.999785106629133e-07
1
0.058591000008163974 0.0014979999978095293
0.058591000008163974 0.0
1
0.06208100001094863 0.0015239999920595437
0.06208100001094863 1.00000761449337e-06
1
0.06246899999678135 0.0016029999824240804
0.06246899999678135 0.0
1
0.06141700001899153 0.0015530000091530383
0.06141700001899153 9.999785106629133e-07
1
0.07195599999977276 0.001999999978579581
0.07195599999977276 0.0
1
0.07957899998291396 0.004768999991938472
0.07957899998291396 0.0
1
0.07995600000140257 0.002207999990787357
0.07995600000140257 1.00000761449337e-06
1
0.08032099998672493 0.002219999994849786
0.08032099998672493 0.0
1
0.08294799999566749 0.002158000017516315
0.08294799999566749 0.0
1
0.07886999999755062 0.0019440000178292394
0.07886999999755062 9.999785106629133e-07
1
0.0795079999952577 0.0019069999980274588
0.0795079999952577 0.0
1
0.07985299997380935 0.0019960000063292682
0.07985299997380935 9.999785106629133e-07
1
0.07747200000449084 0.001880999974673614
0.07747200000449084 0.0
1
0.07817500000237487 0.0019919999758712947
0.07817500000237487 1.00000761449337e-06
1
0.07405599998310208 0.0018149999959859997
0.07405599998310208 0.0
1
0.07355800000368617 0.00197199999820441
0.07355800000368617 0.0
1
0.07367700000759214 0.001828999986173585
0.07367700000759214 0.0
1
0.06432000000495464 0.0016339999856427312
0.06432000000495464 0.0
1
0.05649099999573082 0.00144599998020567
0.05649099999573082 1.00000761449337e-06
1
0.0560630000254605 0.001404000009642914
0.0560630000254605 1.00000761449337e-06
1
0.05667600000742823 0.0014439999940805137
0.05667600000742823 0.0
1
0.053761000017402694 0.001576999988174066
0.053761000017402694 0.0
1
0.05379299999913201 0.0013769999786745757
0.05379299999913201 0.0
1
0.05394399998476729 0.0013359999866224825
0.05394399998476729 1.00000761449337e-06
1
0.053442000003997236 0.0014150000060908496
0.053442000003997236 0.0
1
0.054136999999172986 0.0013389999803621322
0.054136999999172986 0.0
1
0.053791999991517514 0.001348000019788742
0.053791999991517514 1.00000761449337e-06
1
0.05377800000132993 0.0013340000004973263
0.05377800000132993 9.999785106629133e-07
1
0.05469299998367205 0.0014239999873097986
0.05469299998367205 0.0
1
0.05423100001644343 0.0013789999939035624
0.05423100001644343 0.0
1
0.05510500000673346 0.0014049999881535769
0.05510500000673346 0.0
1
0.054308999999193475 0.0013770000077784061
0.054308999999193475 0.0
1
0.054269000014755875 0.0013669999898411334
0.054269000014755875 9.999785106629133e-07
1
0.054186000023037195 0.001344999996945262
0.054186000023037195 1.00000761449337e-06
1
0
0.05619600001955405 0.001429999974789098
0.05619600001955405 0.0
1
0
0.05716900000697933 0.0014309999824035913
0.05716900000697933 1.00000761449337e-06
1
0
0.05735300001106225 0.0014350000128615648
0.05735300001106225 0.0
1
0
0.05687699999543838 0.0014439999940805137
0.05687699999543838 1.00000761449337e-06
1
0
0.05710999999428168 0.001441000000340864
0.05710999999428168 9.999785106629133e-07
1
0
0.05590500001562759 0.0014360000204760581
0.05590500001562759 0.0
1
0
0.05706400002236478 0.0014430000155698508
0.05706400002236478 1.00000761449337e-06
1
0
0.056872000015573576 0.0014400000218302011
0.056872000015573576 9.999785106629133e-07
1
0
0.05663300000014715 0.0014559999981429428
0.05663300000014715 1.00000761449337e-06
1
0
0.06163599999854341 0.0015539999876637012
0.06163599999854341 1.00000761449337e-06
1
0
0.06450599999516271 0.001711999997496605
0.06450599999516271 0.0
1
0
0.07571800000732765 0.002203999989433214
0.07571800000732765 0.0
1
0
0.07927200000267476 0.0021410000044852495
0.07927200000267476 0.0
1
0
0.0784140000178013 0.001990000018849969
0.0784140000178013 9.999785106629133e-07
1
0
0.0844949999882374 0.0050239999836776406
0.0844949999882374 0.0
0.0873589999973774 0.005241999984718859
0.0873589999973774 1.00000761449337e-06
1
0
0.08995399999548681 0.005462000000989065
0.08995399999548681 1.00000761449337e-06
1
0
0.09006700001191348 0.0025080000050365925
0.09006700001191348 1.00000761449337e-06
1
0
0.0895029999956023 0.002250999998068437
0.0895029999956023 0.0
1
0
1
0
0.08645000000251457 0.002150999993318692
0.08645000000251457 0.0
1
0
0.08384599999408238 0.002206000004662201
0.08384599999408238 9.999785106629133e-07
1
0
0.08695699999225326 0.002530999976443127
0.08695699999225326 0.0
1
0
0.09147200000006706 0.00237199998809956
0.09147200000006706 1.00000761449337e-06
1
0
0.07937299998593517 0.00197800001478754
0.07937299998593517 1.00000761449337e-06
1
0
0.0747269999992568 0.0018930000078398734
0.0747269999992568 0.0
1
0
0.07716400001663715 0.001910000020870939
0.07716400001663715 0.0
1
0
0.07176600000821054 0.0017669999797362834
0.07176600000821054 0.0
1
0
0.06739300000481308 0.0016929999983403832
0.06739300000481308 1.00000761449337e-06
1
0
0.06669500001589768 0.002043000014964491
0.06669500001589768 1.00000761449337e-06
1
0
0.06647699998575263 0.0017069999885279685
0.06647699998575263 0.0
1
0
0.06101100001251325 0.0015429999912157655
0.06101100001251325 0.0
1
0
0.06271399999968708 0.0015920000150799751
0.06271399999968708 1.00000761449337e-06
1
0
0.07242899999255314 0.0020539999823085964
0.07242899999255314 0.0
1
0
0.05963500001234934 0.0015389999898616225
0.05963500001234934 1.00000761449337e-06
1
0
0.059775999980047345 0.0014620000147260725
0.059775999980047345 1.00000761449337e-06
1
0
0.06158300000242889 0.0015060000005178154
0.06158300000242889 0.0
1
0
0.06190299999434501 0.0015290000010281801
0.06190299999434501 0.0
1
0
0.06386600001133047 0.001613999978872016
0.06386600001133047 0.0
1
0
0.06371699998271652 0.0019600000232458115
0.06371699998271652 1.00000761449337e-06
1
0
0.06420300001627766 0.0015959999873302877
0.06420300001627766 9.999785106629133e-07
1
0
0.061092999996617436 0.0015180000045802444
0.061092999996617436 0.0
1
0
0.06208200001856312 0.0015850000199861825
0.06208200001856312 1.00000761449337e-06
1
0
0.061591000005137175 0.0015159999893512577
0.061591000005137175 1.00000761449337e-06
1
0
0.05911999999079853 0.0014890000165905803
0.05911999999079853 0.0
1
0
0.058936000015819445 0.0015399999974761158
0.058936000015819445 1.00000761449337e-06
1
0
0.05961200001183897 0.001504000014392659
0.05961200001183897 9.999785106629133e-07
1
0
0.05938099999912083 0.0015279999934136868
0.05938099999912083 0.0
1
0
0.0592610000167042 0.0015010000206530094
0.0592610000167042 0.0
1
0
0.06530599997495301 0.0016210000030696392
0.06530599997495301 1.00000761449337e-06
1
0
0.06214600001112558 0.001552000001538545
0.06214600001112558 0.0
1
0
0.06229299999540672 0.0015150000108405948
0.06229299999540672 0.0
1
0
0.06686699998681433 0.0016670000040903687
0.06686699998681433 0.0
1
0
0.07964700000593439 0.0021510000224225223
0.07964700000593439 0.0
1
0
0.07373699999880046 0.0018459999992046505
0.07373699999880046 1.00000761449337e-06
1
0
0.10171500002616085 0.0030140000162646174
0.10171500002616085 1.00000761449337e-06
1
0
0.08500700001604855 0.0024470000062137842
0.08500700001604855 0.0
1
0
0.09476300000096671 0.005390000005718321
0.09476300000096671 1.00000761449337e-06
1
0
0.0874490000132937 0.0022739999985788018
0.0874490000132937 0.0
1
0
0.07509900000877678 0.001883000019006431
0.07509900000877678 0.0
1
0
0.07016299999668263 0.001736000005621463
0.07016299999668263 1.00000761449337e-06
1
0
0.06935600002179854 0.0016499999910593033
0.06935600002179854 0.0
1
0
0.06992100001662038 0.0016909999831113964
0.06992100001662038 1.00000761449337e-06
1
0
0.061778999981470406 0.0015349999885074794
0.061778999981470406 9.999785106629133e-07
1
0
0.05629099998623133 0.0014070000033825636
0.05629099998623133 1.00000761449337e-06
1
0
0.05647899999166839 0.0014709999959450215
0.05647899999166839 0.0
1
0
0.051740000024437904 0.0013340000004973263
0.051740000024437904 0.0
1
0
0.051445000019157305 0.0013359999866224825
0.051445000019157305 1.00000761449337e-06
1
0
0.05553899999358691 0.0014150000060908496
0.05553899999358691 1.00000761449337e-06
1
0
0.05404399998951703 0.0014079999818932265
0.05404399998951703 0.0
1
0
0.062360000010812655 0.0018270000000484288
0.062360000010812655 1.00000761449337e-06
1
0
0.0599930000025779 0.0014669999945908785
0.0599930000025779 9.999785106629133e-07
1
0
0.05943600001046434 0.0014850000152364373
0.05943600001046434 9.999785106629133e-07
1
0
0.058634999993955716 0.0014599999994970858
0.058634999993955716 0.0
1
0
0.061450999986846 0.0015530000091530383
0.061450999986846 1.00000761449337e-06
1
0
0.06254600000102073 0.0015290000010281801
0.06254600000102073 0.0
1
0
0.06110900000203401 0.001552000001538545
0.06110900000203401 0.0
1
0
0.06125500000780448 0.0015319999947678298
0.06125500000780448 1.00000761449337e-06
1
0
0.06273399997735396 0.0017419999931007624
0.06273399997735396 0.0
1
0
0.06564500002423301 0.0016699999978300184
0.06564500002423301 0.0
1
0
0.06423600000562146 0.0015959999873302877
0.06423600000562146 0.0
1
0
0.064712999999756 0.0015669999993406236
0.064712999999756 0.0
1
0
0.06413299997802824 0.0016119999927468598
0.06413299997802824 0.0
1
0
0.06403000000864267 0.001596999994944781
0.06403000000864267 0.0
1
0
0.06398400000762194 0.0015529999800492078
0.06398400000762194 0.0
1
0
0.059919999999692664 0.001504999992903322
0.059919999999692664 0.0
1
0
0.06225399998947978 0.0019580000080168247
0.06225399998947978 9.999785106629133e-07
1
0
0.06207799998810515 0.0015189999830909073
0.06207799998810515 0.0
1
0
0.06103300000540912 0.0015420000127051026
0.06103300000540912 0.0
1
0
0.06651999999303371 0.0017309999966528267
0.06651999999303371 0.0
1
0
0.0744999999878928 0.002142999990610406
0.0744999999878928 9.999785106629133e-07
1
0
0.0799410000036005 0.002142000012099743
0.0799410000036005 1.00000761449337e-06
1
0
0.08410800001001917 0.002226999989943579
0.08410800001001917 0.0
1
0
0.09561899999971502 0.005852000002050772
0.09561899999971502 0.0
1
0
0.0946469999908004 0.002737000002525747
0.0946469999908004 1.00000761449337e-06
1
0
0.09419800000614487 0.002490000013494864
0.09419800000614487 0.0
1
0
0.09156500000972301 0.0024720000219531357
0.09156500000972301 0.0
1
0
0.09204099999624304 0.002291000011609867
0.09204099999624304 0.0
1
0
0.08423499998752959 0.0020610000065062195
0.08423499998752959 0.0
1
0
0.07904100001906045 0.001960999972652644
0.07904100001906045 1.00000761449337e-06
1
0
0.07940499999676831 0.0021049999922979623
0.07940499999676831 0.0
1
0
0.07421500000054948 0.001820999983465299
0.07421500000054948 0.0
1
0
0.0732420000131242 0.0018530000234022737
0.0732420000131242 0.0
1
0
0.07269400000222959 0.001820000004954636
0.07269400000222959 0.0
1
0
0.06460499999229796 0.0016199999954551458
0.06460499999229796 1.00000761449337e-06
1
0
0.05598800000734627 0.0013939999917056412
0.05598800000734627 0.0
1
0
0.0567039999878034 0.0014110000047367066
0.0567039999878034 1.00000761449337e-06
1
0
0.056626000005053356 0.0014210000226739794
0.056626000005053356 0.0
1
0
0.05527599999913946 0.0013969999854452908
0.05527599999913946 1.00000761449337e-06
1
0
0.051792999991448596 0.0013340000004973263
0.051792999991448596 0.0
1
0
0.052402000001166016 0.001277000003028661
0.052402000001166016 9.999785106629133e-07
1
0
0.05175700000836514 0.0012740000092890114
0.05175700000836514 1.00000761449337e-06
1
0
0.04884400000446476 0.0012250000145286322
0.04884400000446476 1.00000761449337e-06
1
0
0.04870000001392327 0.0012570000253617764
0.04870000001392327 0.0
1
0
0.04877999998279847 0.00120900000911206
0.04877999998279847 1.00000761449337e-06
1
0
0.04860300000291318 0.0012160000042058527
0.04860300000291318 0.0
1
0
0.048869999998714775 0.0012589999823831022
0.048869999998714775 0.0
1
0
0.04941300000064075 0.0013009999820496887
0.04941300000064075 0.0
1
0
0.051731000014115125 0.0018130000098608434
0.051731000014115125 0.0
1
0
0.05253300000913441 0.0013589999871328473
0.05253300000913441 0.0
1
0
0.05101200001081452 0.001277999981539324
0.05101200001081452 1.00000761449337e-06
1
0
0.05440500000258908 0.0013919999764766544
0.05440500000258908 0.0
1
0
0.05429900001036003 0.0013689999759662896
0.05429900001036003 0.0
1
0
0.054352000006474555 0.0013380000018514693
0.054352000006474555 9.999785106629133e-07
1
0
0.051490999991074204 0.0013689999759662896
0.051490999991074204 0.0
1
0
0.05308599999989383 0.0013120000076014549
0.05308599999989383 1.00000761449337e-06
1
0
0.05135399999562651 0.0012839999981224537
0.05135399999562651 9.999785106629133e-07
1
0
0.051530999975511804 0.0013010000111535192
0.051530999975511804 1.00000761449337e-06
1
0
0.053752000007079914 0.0013730000064242631
0.053752000007079914 9.999785106629133e-07
1
0
0.05414500000188127 0.0013840000028721988
0.05414500000188127 1.00000761449337e-06
1
0
0.056084000010741875 0.0013959999778307974
0.056084000010741875 1.00000761449337e-06
1
0
0.0723580000048969 0.0020659999863710254
0.0723580000048969 1.00000761449337e-06
1
0
0.05858700000680983 0.0015269999857991934
0.05858700000680983 0.0
1
0
0.06267899999511428 0.0016330000071320683
0.06267899999511428 0.0
1
0
0.06202899999334477 0.0015559999737888575
0.06202899999334477 0.0
1
0
0.07469200002378784 0.001963999995496124
0.07469200002378784 0.0
1
0
0.081953999993857 0.0022529999841935933
0.081953999993857 9.999785106629133e-07
1
0
0.08233100001234561 0.002062999992631376
0.08233100001234561 0.0
1
0
0.06141999998362735 0.0015340000099968165
0.06141999998362735 1.00000761449337e-06
1
0
0.0618640000175219 0.0015750000020489097
0.0618640000175219 0.0
1
0
0.061821999988751486 0.0016110000142361969
0.061821999988751486 0.0
1
0
0.0675069999997504 0.00165200000628829
0.0675069999997504 9.999785106629133e-07
1
0
0.06601900001987815 0.0016639999812468886
0.06601900001987815 1.00000761449337e-06
ERROR:sc2_patch.sc2_patch_490.main:AI step threw an error
Traceback (most recent call last):
  File "/mnt/d/sc2minigame-eval-2020-01-09/sc2_patch/sc2_patch_490/main.py", line 180, in _play_game_ai
    await ai.on_step(iteration)
  File "/mnt/d/sc2minigame-eval-2020-01-09/bots/Bluebird/bot.py", line 477, in on_step
    actions = await self.combat_manager.step()
  File "/mnt/d/sc2minigame-eval-2020-01-09/bots/Bluebird/bot.py", line 173, in step
    if builds[1].distance_to(Point2((44,44))) > builds[0].distance_to(Point2((44,44))):
IndexError: list index out of range
ERROR:sc2_patch.sc2_patch_490.main:Error: list index out of range
ERROR:sc2_patch.sc2_patch_490.main:Resigning due to previous error
INFO:root:Result for player 1 - Bot(Race.Terran, <bots.Bluebird.bot.Bot object at 0x7f470c594128>): Defeat
0.06324899999890476 0.001496000011684373
0.06324899999890476 9.999785106629133e-07
INFO:sc2.client:Saved replay to outs/2020-01-17T11-28-03/replays/blue_bird-showing_bot/blue_bird-showing_bot-1.SC2Replay
INFO:sc2.protocol:Client status changed to Status.ended (was Status.in_game)
INFO:root:Result for player 2 - Bot(Race.Terran, <bots.Showing_bot.speedBot.MarinBot object at 0x7f470c590e48>): Victory
INFO:sc2.protocol:Client status changed to Status.launched (was Status.in_game)
INFO:sc2.protocol:Client status changed to Status.quit (was Status.launched)
INFO:sc2.sc2process:kill_switch: Process cleanup
INFO:sc2.sc2process:Cleaning up...
INFO:sc2.sc2process:Cleanup complete
INFO:sc2.sc2process:Cleaning up...
INFO:sc2.sc2process:Cleanup complete
INFO:sc2.protocol:Cannot receive: Connection already closed.
INFO:sc2.sc2process:kill_switch: Process cleanup
INFO:sc2.sc2process:Cleaning up...
INFO:sc2.sc2process:Cleanup complete
INFO:sc2.sc2process:Cleaning up...
INFO:sc2.sc2process:Cleanup complete


## STDERR ##

Version: B75689 (SC2.4.10)
Build: Aug 12 2019 17:16:57
Command Line: '"/home/hspark8312/StarCraftII/Versions/Base75689/SC2_x64" -listen 127.0.0.1 -port 22551 -displayMode 0 -dataDir /home/hspark8312/StarCraftII -tempDir /tmp/SC2_ydgcjwr5'
Starting up...
Startup Phase 1 complete
Version: B75689 (SC2.4.10)
Build: Aug 12 2019 17:16:57
Command Line: '"/home/hspark8312/StarCraftII/Versions/Base75689/SC2_x64" -listen 127.0.0.1 -port 19276 -displayMode 0 -dataDir /home/hspark8312/StarCraftII -tempDir /tmp/SC2_5md8il9p'
Starting up...
Startup Phase 1 complete
Startup Phase 2 complete
Creating stub renderer...
Listening on: 127.0.0.1:22551
Startup Phase 3 complete. Ready for commands.
Startup Phase 2 complete
Creating stub renderer...
ConnectHandler: Request from 127.0.0.1:52465 accepted
ReadyHandler: 127.0.0.1:52465 ready
Requesting to join a multiplayer game
Configuring interface options
Configure: raw interface enabled
Configure: feature layer interface enabled
Configure: score interface enabled
Configure: render interface disabled
Listening on: 127.0.0.1:19276
Startup Phase 3 complete. Ready for commands.
ConnectHandler: Request from 127.0.0.1:52466 accepted
ReadyHandler: 127.0.0.1:52466 ready
Requesting to join a multiplayer game
Configuring interface options
Configure: raw interface enabled
Configure: feature layer interface enabled
Configure: score interface enabled
Configure: render interface disabled
Create game with map path: NCFellowship-2019_m1_v6.SC2Map
Attempting to join a game with the map: NCFellowship-2019_m1_v6.SC2Map
Game has started.
Using default stable ids, none found at: /home/hspark8312/StarCraftII/stableid.json
Successfully loaded stable ids: GameData\stableid.json
Sending ResponseJoinGame
Game has started.
Using default stable ids, none found at: /home/hspark8312/StarCraftII/stableid.json
Successfully loaded stable ids: GameData\stableid.json
Sending ResponseJoinGame
RequestQuit command received.
Closing Application...
/home/hspark8312/anaconda3/envs/sc2/lib/python3.6/importlib/_bootstrap.py:219: RuntimeWarning: numpy.ufunc size changed, may indicate binary incompatibility. Expected 192 from C header, got 216 from PyObject
  return f(*args, **kwds)
/home/hspark8312/anaconda3/envs/sc2/lib/python3.6/importlib/_bootstrap.py:219: RuntimeWarning: numpy.ufunc size changed, may indicate binary incompatibility. Expected 192 from C header, got 216 from PyObject
  return f(*args, **kwds)
/home/hspark8312/anaconda3/envs/sc2/lib/python3.6/site-packages/tensorboard/compat/tensorflow_stub/dtypes.py:541: FutureWarning: Passing (type, 1) or '1type' as a synonym of type is deprecated; in a future version of numpy, it will be understood as (type, (1,)) / '(1,)type'.
  _np_qint8 = np.dtype([("qint8", np.int8, 1)])
/home/hspark8312/anaconda3/envs/sc2/lib/python3.6/site-packages/past/builtins/misc.py:45: DeprecationWarning: the imp module is deprecated in favour of importlib; see the module's documentation for alternative uses
  from imp import reload
/mnt/d/sc2minigame-eval-2020-01-09/bots/Showing_bot/speedBot.py:1643: RuntimeWarning: coroutine 'TerreinManager.debug' was never awaited
  self.terrein_manager.debug()
