## STDOUT ##

[[92mINFO[0m] SC2 4.9.0 용 패치 적용
패치 sc2.ids.ability_id
패치 sc2.game_state
패치 sc2.bot_ai
패치 sc2.client
패치 sc2.controller
패치 sc2.main
INFO:root:Failed to import cuda module: No module named 'caffe2.python.caffe2_pybind11_state_gpu'
INFO:root:Failed to import AMD hip module: No module named 'caffe2.python.caffe2_pybind11_state_hip'
WARNING:root:This caffe2 python run does not have GPU support. Will run in CPU only mode.
cpu
INFO:sc2.protocol:Client status changed to Status.launched (was None)
INFO:sc2.protocol:Client status changed to Status.launched (was None)
INFO:sc2_patch.sc2_patch_490.controller:Creating new game
INFO:sc2_patch.sc2_patch_490.controller:Map:     NCFellowship-2019_m1_v6
INFO:sc2_patch.sc2_patch_490.controller:Players: Bot(Race.Terran, <bots.Bluebird.bot.Bot object at 0x7fa9af6731d0>), Bot(Race.Terran, <bots.Showing_bot.speedBot.MarinBot object at 0x7fa9af6eec50>)
INFO:sc2.protocol:Client status changed to Status.init_game (was Status.launched)
INFO:sc2.protocol:Client status changed to Status.in_game (was None)
INFO:root:Player 2 - Bot(Race.Terran, <bots.Showing_bot.speedBot.MarinBot object at 0x7fa9af6eec50>)
TEST: 2, <bots.Showing_bot.speedBot.MarinBot object at 0x7fa9af6eec50>
INFO:sc2.protocol:Client status changed to Status.in_game (was None)
INFO:root:Player 1 - Bot(Race.Terran, <bots.Bluebird.bot.Bot object at 0x7fa9af6731d0>)
TEST: 1, <bots.Bluebird.bot.Bot object at 0x7fa9af6731d0>
load model: bots/Showing_bot/models/model-89.pt
create new model
0.044945000001462176 0.0028480000037234277
0.044945000001462176 1.00000761449337e-06
0
0.04465400002663955 0.0020440000225789845
0.04465400002663955 1.00000761449337e-06
1
0.04563300000154413 0.0015450000064447522
0.04563300000154413 0.0
1
0.04441299999598414 0.0014079999818932265
0.04441299999598414 0.0
1
0.044477000017650425 0.0011209999793209136
0.044477000017650425 0.0
1
0.04401599999982864 0.0011630000080913305
0.04401599999982864 0.0
1
0.04469000000972301 0.001137000013841316
0.04469000000972301 0.0
1
0.044182000012369826 0.0011649999942164868
0.044182000012369826 0.0
1
0.0444359999964945 0.001185000000987202
0.0444359999964945 9.999785106629133e-07
1
0.044471000001067296 0.0016130000003613532
0.044471000001067296 1.00000761449337e-06
1
0.04393699998036027 0.0011180000146850944
0.04393699998036027 0.0
1
0.04400699998950586 0.0011700000031851232
0.04400699998950586 0.0
1
0.0447590000112541 0.0011600000143516809
0.0447590000112541 0.0
1
0.0443799999775365 0.001189000002341345
0.0443799999775365 1.00000761449337e-06
1
0.04471499999635853 0.001180999999633059
0.04471499999635853 9.999785106629133e-07
1
0.04463899999973364 0.0011430000013206154
0.04463899999973364 1.00000761449337e-06
1
0.04505300000892021 0.0011240000021643937
0.04505300000892021 0.0
1
0.04411899999831803 0.0011539999977685511
0.04411899999831803 0.0
1
0.04461799998534843 0.0011369999847374856
0.04461799998534843 0.0
1
0.04456799998297356 0.0012040000001434237
0.04456799998297356 1.00000761449337e-06
1
0.04714499998954125 0.0013380000018514693
0.04714499998954125 1.00000761449337e-06
1
0.04689599998528138 0.0012280000082682818
0.04689599998528138 0.0
1
0.04720800000359304 0.0012829999905079603
0.04720800000359304 0.0
1
0.04669700001250021 0.0011649999942164868
0.04669700001250021 0.0
1
0.04714899999089539 0.0012590000114869326
0.04714899999089539 1.00000761449337e-06
1
0.04637299999012612 0.001221999991685152
0.04637299999012612 0.0
1
0.048532000015256926 0.0013029999972786754
0.048532000015256926 1.00000761449337e-06
1
1
0.05147499998565763 0.0012639999913517386
0.05147499998565763 9.999785106629133e-07
0.0591710000007879 0.0013679999974556267
0.0591710000007879 1.00000761449337e-06
1
0.051336999982595444 0.0013340000004973263
0.051336999982595444 0.0
1
0.05664600001182407 0.0016540000215172768
0.05664600001182407 1.00000761449337e-06
1
0.05237900000065565 0.0012300000234972686
0.05237900000065565 0.0
1
0.050149999995483086 0.001373999984934926
0.050149999995483086 0.0
1
0.049242000008234754 0.0012270000006537884
0.049242000008234754 0.0
1
0.046676999976625666 0.0012080000014975667
0.046676999976625666 0.0
1
0.049312999995891005 0.0032130000181496143
0.049312999995891005 0.0
1
0.04908099997555837 0.001344999996945262
0.04908099997555837 1.00000761449337e-06
1
0.04892100000870414 0.0012709999864455312
0.04892100000870414 0.0
1
0.049256999976933 0.0012789999891538173
0.049256999976933 1.00000761449337e-06
1
0.04884699999820441 0.0012639999913517386
0.04884699999820441 1.00000761449337e-06
1
changed strategy
1
0.049327999993693084 0.0012060000153724104
0.049327999993693084 9.999785106629133e-07
1
0.04965900001116097 0.0012829999905079603
0.04965900001116097 0.0
1
0.06763700000010431 0.001736999984132126
0.06763700000010431 9.999785106629133e-07
1
0.06980900000780821 0.0018219999910797924
0.06980900000780821 0.0
1
0.062174999999115244 0.0015779999957885593
0.062174999999115244 0.0
1
0.06874300001072697 0.0019050000119023025
0.06874300001072697 0.0
1
0.0714659999939613 0.001988999982131645
0.0714659999939613 0.0
1
0.06651099998271093 0.0014500000106636435
0.06651099998271093 0.0
1
0.056794999982230365 0.0015450000064447522
0.056794999982230365 0.0
1
0.0569530000211671 0.00149200001033023
0.0569530000211671 0.0
1
0.054001000011339784 0.00322099999175407
0.054001000011339784 0.0
1
0.0539699999790173 0.0014439999940805137
0.0539699999790173 0.0
1
0.0589040000049863 0.001484000007621944
0.0589040000049863 9.999785106629133e-07
1
0.059957000019494444 0.0015120000171009451
0.059957000019494444 0.0
1
0.05475000001024455 0.0013880000042263418
0.05475000001024455 0.0
1
0.05489100000704639 0.001441000000340864
0.05489100000704639 0.0
1
0.05500199997914024 0.0013930000131949782
0.05500199997914024 0.0
1
0.06302399997366592 0.001896000001579523
0.06302399997366592 9.999785106629133e-07
1
0.07068500001332723 0.0019020000181626529
0.07068500001332723 9.999785106629133e-07
1
0.07494099999894388 0.001947000011568889
0.07494099999894388 1.00000761449337e-06
1
0.054186000023037195 0.0013820000167470425
0.054186000023037195 9.999785106629133e-07
1
0.05400200001895428 0.0013770000077784061
0.05400200001895428 1.00000761449337e-06
1
0.05223199998727068 0.0013139999937266111
0.05223199998727068 1.00000761449337e-06
1
0.05181800000718795 0.001348999998299405
0.05181800000718795 0.0
1
0.05226500000571832 0.0012839999981224537
0.05226500000571832 1.00000761449337e-06
1
0.05149600000004284 0.0013329999928828329
0.05149600000004284 1.00000761449337e-06
1
0.05401199997868389 0.0013479999906849116
0.05401199997868389 0.0
1
0.07478500000433996 0.0019580000080168247
0.07478500000433996 0.0
1
0.07707199998549186 0.0018500000005587935
0.07707199998549186 0.0
1
0.07344300000113435 0.0019259999971836805
0.07344300000113435 0.0
1
0.058889999985694885 0.0036109999928157777
0.058889999985694885 1.00000761449337e-06
1
0.05894700001226738 0.0016620000242255628
0.05894700001226738 0.0
1
0.059408999979496 0.0015119999879971147
0.059408999979496 1.00000761449337e-06
1
0.05973399998038076 0.0014770000125281513
0.05973399998038076 0.0
1
0.07135000001289882 0.0020530000037979335
0.07135000001289882 0.0
1
0.05669199998374097 0.0014519999967887998
0.05669199998374097 1.00000761449337e-06
1
0.05684500001370907 0.0014279999886639416
0.05684500001370907 0.0
0.059111000009579584 0.0014830000000074506
0.059111000009579584 0.0
1
0.059633999975631014 0.0015150000108405948
0.059633999975631014 0.0
1
0.056511999981012195 0.0014220000011846423
0.056511999981012195 1.00000761449337e-06
1
0.05671000000438653 0.0014119999832473695
0.05671000000438653 1.00000761449337e-06
1
1
0.05480800001532771 0.001432999997632578
0.05480800001532771 9.999785106629133e-07
1
0.05473100001108833 0.0014489999739453197
0.05473100001108833 1.00000761449337e-06
1
0.05456499999854714 0.0018569999956525862
0.05456499999854714 1.00000761449337e-06
1
0.051623000006657094 0.0017539999971631914
0.051623000006657094 0.0
1
0.05230199999641627 0.0014139999984763563
0.05230199999641627 0.0
1
0.04916000002413057 0.001441000000340864
0.04916000002413057 1.00000761449337e-06
1
0.04939699999522418 0.0015100000018719584
0.04939699999522418 0.0
1
0.0471980000147596 0.0013800000015180558
0.0471980000147596 0.0
1
0.04699799997615628 0.0019620000093709677
0.04699799997615628 0.0
1
0.047144000011030585 0.0016029999824240804
0.047144000011030585 1.00000761449337e-06
1
0.04394400000455789 0.0013949999993201345
0.04394400000455789 0.0
1
0.044154000002890825 0.0014319999900180846
0.044154000002890825 0.0
1
0.04412999999476597 0.001420999993570149
0.04412999999476597 1.00000761449337e-06
1
0.04442700001527555 0.00128900000709109
0.04442700001527555 1.00000761449337e-06
1
0.04442700001527555 0.001192000025184825
0.04442700001527555 0.0
1
0.047251999989384785 0.0017149999912362546
0.047251999989384785 1.00000761449337e-06
1
0.04656200000317767 0.0013939999917056412
0.04656200000317767 0.0
1
0.04709100001491606 0.001720000000204891
0.04709100001491606 9.999785106629133e-07
1
0.047027000022353604 0.001627000019652769
0.047027000022353604 0.0
1
0.050251000007847324 0.0020090000180061907
0.050251000007847324 1.00000761449337e-06
1
0.05023100000107661 0.0013509999844245613
0.05023100000107661 0.0
1
0.049510000011650845 0.0013439999893307686
0.049510000011650845 1.00000761449337e-06
1
0.04953300001216121 0.0012830000196117908
0.04953300001216121 0.0
1
0.049082000012276694 0.0012719999940600246
0.049082000012276694 0.0
1
0.0502039999992121 0.0013020000187680125
0.0502039999992121 0.0
1
0.049128000013297424 0.0014870000013615936
0.049128000013297424 0.0
1
0.04913599998690188 0.0012740000092890114
0.04913599998690188 1.00000761449337e-06
1
0.04920700000366196 0.001281000004382804
0.04920700000366196 1.00000761449337e-06
1
0.05000099999597296 0.0013029999972786754
0.05000099999597296 1.00000761449337e-06
1
0.049171000020578504 0.001277000003028661
0.049171000020578504 0.0
1
0.04957699999795295 0.00128900000709109
0.04957699999795295 0.0
1
0.048946999973850325 0.0012989999959245324
0.048946999973850325 0.0
1
0.04976699998951517 0.001281000004382804
0.04976699998951517 1.00000761449337e-06
1
0.04973200001404621 0.0013049999834038317
0.04973200001404621 1.00000761449337e-06
1
0.04949399997713044 0.0013810000091325492
0.04949399997713044 0.0
1
0.049445000011473894 0.0012920000008307397
0.049445000011473894 0.0
1
0.0496139999886509 0.001277000003028661
0.0496139999886509 1.00000761449337e-06
1
0.049455000000307336 0.001305999991018325
0.049455000000307336 1.00000761449337e-06
1
0.04987799999071285 0.0013050000125076622
0.04987799999071285 0.0
1
0.05163400000310503 0.0014010000159032643
0.05163400000310503 0.0
1
0.05176899998332374 0.0013310000067576766
0.05176899998332374 1.00000761449337e-06
1
0.051936999981990084 0.0013630000175908208
0.051936999981990084 9.999785106629133e-07
1
0.05228999999235384 0.0013629999884869903
0.05228999999235384 0.0
1
0.05234099997323938 0.0013460000045597553
0.05234099997323938 0.0
1
0.052165000000968575 0.0013829999952577055
0.052165000000968575 0.0
1
0.051310000009834766 0.001361999980872497
0.051310000009834766 0.0
1
0.05159700001240708 0.0013139999937266111
0.05159700001240708 1.00000761449337e-06
1
0.05151799999293871 0.0013399999879766256
0.05151799999293871 0.0
1
0.05339600000297651 0.0013860000181011856
0.05339600000297651 0.0
1
0.05159800002002157 0.0013259999977890402
0.05159800002002157 9.999785106629133e-07
1
0.05477000001701526 0.001560000004246831
0.05477000001701526 0.0
1
0.05409799999324605 0.0013829999952577055
0.05409799999324605 0.0
1
0.05390500000794418 0.0013929999840911478
0.05390500000794418 1.00000761449337e-06
1
0.055191999999806285 0.0013709999911952764
0.055191999999806285 0.0
1
0.05706799999461509 0.0015549999952781945
0.05706799999461509 0.0
1
0.056443999987095594 0.0014309999824035913
0.056443999987095594 0.0
1
0.05654300001333468 0.0014679999731015414
0.05654300001333468 9.999785106629133e-07
1
0.0563129999791272 0.0014099999971222132
0.0563129999791272 0.0
1
0.057502000010572374 0.0014430000155698508
0.057502000010572374 0.0
1
0.05649099999573082 0.001432999997632578
0.05649099999573082 1.00000761449337e-06
1
0.05639399998472072 0.001496999990195036
0.05639399998472072 0.0
1
0.05613799998536706 0.001424000016413629
0.05613799998536706 0.0
1
0.05421899998327717 0.0013709999911952764
0.05421899998327717 0.0
1
0.05504500001552515 0.0014340000052470714
0.05504500001552515 0.0
1
0.05401500000152737 0.0013880000042263418
0.05401500000152737 9.999785106629133e-07
1
0.052220000012312084 0.0013330000219866633
0.052220000012312084 9.999785106629133e-07
1
0.05155099998228252 0.001320000010309741
0.05155099998228252 0.0
1
0.05199800000991672 0.0014500000106636435
0.05199800000991672 0.0
1
0.051422999997157604 0.001344999996945262
0.051422999997157604 0.0
1
0
0.054057000001193956 0.001791000016964972
0.054057000001193956 0.0
1
0
0.053935999982059 0.0018559999880380929
0.053935999982059 0.0
1
0
0.05573799999547191 0.001508999994257465
0.05573799999547191 0.0
1
0
0.05389800001285039 0.001552000001538545
0.05389800001285039 0.0
1
0
0.05410399998072535 0.0016240000259131193
0.05410399998072535 9.999785106629133e-07
1
0
0.05389799998374656 0.0014089999895077199
0.05389799998374656 9.999785106629133e-07
1
0
0.054394999984651804 0.001408000010997057
0.054394999984651804 9.999785106629133e-07
1
0
0.05460500001208857 0.0014109999756328762
0.05460500001208857 0.0
0.05392599999322556 0.0014300000038929284
0.05392599999322556 1.00000761449337e-06
1
0
0.05450199998449534 0.0014699999883305281
0.05450199998449534 0.0
1
0
1
0
0.04909500002395362 0.0012630000128410757
0.04909500002395362 9.999785106629133e-07
1
0
0.05615600000601262 0.001556000002892688
0.05615600000601262 0.0
1
0
0.05197200001566671 0.0013909999979659915
0.05197200001566671 0.0
1
0
0.05242799999541603 0.0014380000066012144
0.05242799999541603 0.0
1
0
0.05162899999413639 0.0013299999991431832
0.05162899999413639 0.0
1
0
0.05437300002085976 0.0015310000162571669
0.05437300002085976 0.0
1
0
0.057558000000426546 0.0017269999952986836
0.057558000000426546 0.0
1
0
0.05645800000638701 0.0014519999967887998
0.05645800000638701 1.00000761449337e-06
1
0.054176999983610585 0.0014359999913722277
0.054176999983610585 1.00000761449337e-06
1
0.05419300001813099 0.0013810000091325492
0.05419300001813099 1.00000761449337e-06
1
0.05695299999206327 0.0015369999746326357
0.05695299999206327 0.0
1
0.05901999998604879 0.0016309999919030815
0.05901999998604879 1.00000761449337e-06
1
0.06136399999377318 0.003655000007711351
0.06136399999377318 0.0
1
0.06223599999793805 0.001803999999538064
0.06223599999793805 1.00000761449337e-06
1
0.06262199999764562 0.0018619999755173922
0.06262199999764562 0.0
1
0.05874300000141375 0.00165200000628829
0.05874300000141375 0.0
1
0.059310999989975244 0.0016079999913927168
0.059310999989975244 1.00000761449337e-06
1
0.05886099999770522 0.0017590000061318278
0.05886099999770522 9.999785106629133e-07
1
0.0594320000091102 0.0015539999876637012
0.0594320000091102 0.0
1
0.058692999999038875 0.0015310000162571669
0.058692999999038875 1.00000761449337e-06
1
0.059144999977434054 0.001539000018965453
0.059144999977434054 1.00000761449337e-06
1
0.059221999981673434 0.0015540000167675316
0.059221999981673434 0.0
1
0.0590000000083819 0.001533999980892986
0.0590000000083819 1.00000761449337e-06
1
0.0588759999955073 0.001556000002892688
0.0588759999955073 0.0
1
0.06161799997789785 0.0017389999993611127
0.06161799997789785 0.0
1
0.06395700000575744 0.0038249999925028533
0.06395700000575744 1.00000761449337e-06
1
0.059164000005694106 0.0015650000132154673
0.059164000005694106 1.00000761449337e-06
1
0.060090000013587996 0.0015310000162571669
0.060090000013587996 0.0
1
0.05924800000502728 0.0015110000094864517
0.05924800000502728 0.0
1
0.059393999981693923 0.0015110000094864517
0.059393999981693923 0.0
1
0.059302000008756295 0.0015439999988302588
0.059302000008756295 1.00000761449337e-06
1
0.04911799999536015 0.0013010000111535192
0.04911799999536015 9.999785106629133e-07
1
0.04980000000796281 0.0012950000236742198
0.04980000000796281 0.0
1
0.054343000025255606 0.0014360000204760581
0.054343000025255606 0.0
1
0.05657499999506399 0.001496999990195036
0.05657499999506399 1.00000761449337e-06
1
0.05902600000263192 0.0015819999971427023
0.05902600000263192 9.999785106629133e-07
1
0.06220099999336526 0.0016419999883510172
0.06220099999336526 0.0
0.056269000022439286 0.0014739999896846712
0.056269000022439286 1.00000761449337e-06
1
0.0563809999730438 0.0014340000052470714
0.0563809999730438 0.0
1
0.05679000000236556 0.00144599998020567
0.05679000000236556 0.0
1
1
0.05969100000220351 0.0015060000005178154
0.05969100000220351 9.999785106629133e-07
1
0.05984400000306778 0.0015150000108405948
0.05984400000306778 9.999785106629133e-07
1
0.0594600000185892 0.0015529999800492078
0.0594600000185892 1.00000761449337e-06
1
0.057570000004488975 0.0016040000191424042
0.057570000004488975 9.999785106629133e-07
1
0.04933400001027621 0.0013090000138618052
0.04933400001027621 1.00000761449337e-06
1
0.04903100000228733 0.001264999998966232
0.04903100000228733 1.00000761449337e-06
1
0.04961300001014024 0.0013209999888204038
0.04961300001014024 0.0
1
0.059554000006755814 0.001816999982111156
0.059554000006755814 0.0
1
0.06888000000617467 0.0019329999922774732
0.06888000000617467 0.0
1
0.04927999997744337 0.0012639999913517386
0.04927999997744337 0.0
1
0.050064000010024756 0.0012900000147055835
0.050064000010024756 0.0
1
0.04893999997875653 0.0013329999928828329
0.04893999997875653 1.00000761449337e-06
1
0.05978899999172427 0.0017670000088401139
0.05978899999172427 1.00000761449337e-06
1
0.05384500001673587 0.0015859999984968454
0.05384500001673587 0.0
1
0.06763400000636466 0.001816000003600493
0.06763400000636466 9.999785106629133e-07
1
0.04938800001400523 0.0012920000008307397
0.04938800001400523 0.0
1
0.06839999998919666 0.0019219999958295375
0.06839999998919666 1.00000761449337e-06
1
0.057333000004291534 0.0014990000054240227
0.057333000004291534 1.00000761449337e-06
1
0.05260399999679066 0.0013809999800287187
0.05260399999679066 0.0
1
0.04921399999875575 0.0013430000108201057
0.04921399999875575 9.999785106629133e-07
1
0.05157599999802187 0.0013099999923724681
0.05157599999802187 1.00000761449337e-06
1
0.0518430000229273 0.0013460000045597553
0.0518430000229273 1.00000761449337e-06
1
0.051764999981969595 0.001348999998299405
0.051764999981969595 0.0
1
0.05246099998475984 0.0013469999830704182
0.05246099998475984 1.00000761449337e-06
1
0.05125499999849126 0.001348999998299405
0.05125499999849126 1.00000761449337e-06
1
0.051281999971251935 0.0013329999928828329
0.051281999971251935 9.999785106629133e-07
1
0.05171199998585507 0.0013380000018514693
0.05171199998585507 0.0
1
0.049823999986983836 0.0012869999918621033
0.049823999986983836 1.00000761449337e-06
1
0.049245000001974404 0.001320000010309741
0.049245000001974404 0.0
1
0.04938300000503659 0.001365000003715977
0.04938300000503659 1.00000761449337e-06
1
0.04989200001000427 0.0012799999967683107
0.04989200001000427 0.0
1
0.04920099998707883 0.0012719999940600246
0.04920099998707883 0.0
1
0.0529660000174772 0.0013430000108201057
0.0529660000174772 0.0
1
0.05187200001091696 0.0013590000162366778
0.05187200001091696 0.0
1
0.05636200000299141 0.0014479999954346567
0.05636200000299141 0.0
1
0.06375800000387244 0.0016469999973196536
0.06375800000387244 1.00000761449337e-06
0.0636289999820292 0.0016119999927468598
0.0636289999820292 0.0
1
0.06396100000711158 0.001707999996142462
0.06396100000711158 1.00000761449337e-06
1
0.06372400000691414 0.0016509999986737967
0.06372400000691414 1.00000761449337e-06
1
0.06387699997867458 0.0016920000198297203
0.06387699997867458 1.00000761449337e-06
1
1
0.06380600002012216 0.0016020000039134175
0.06380600002012216 0.0
1
0.06650000001536682 0.004268999997293577
0.06650000001536682 9.999785106629133e-07
1
0.05887999999686144 0.0018950000230688602
0.05887999999686144 1.00000761449337e-06
1
0.056354999978793785 0.0014830000000074506
0.056354999978793785 1.00000761449337e-06
1
0.05732899997383356 0.001476000004913658
0.05732899997383356 0.0
1
0.05702000000746921 0.001504000014392659
0.05702000000746921 0.0
1
0.05393200000980869 0.0014859999937471002
0.05393200000980869 0.0
1
0.05440399999497458 0.001420000015059486
0.05440399999497458 0.0
1
0.053823000023839995 0.001681999972788617
0.053823000023839995 9.999785106629133e-07
1
0.05496800001128577 0.001420000015059486
0.05496800001128577 0.0
1
0.05749499998637475 0.0015669999993406236
0.05749499998637475 0.0
1
0.054573999979766086 0.0014260000025387853
0.054573999979766086 1.00000761449337e-06
1
0.04934199998388067 0.001277999981539324
0.04934199998388067 1.00000761449337e-06
1
0.049251000018557534 0.0013590000162366778
0.049251000018557534 0.0
1
0.049943999998504296 0.0012870000209659338
0.049943999998504296 1.00000761449337e-06
1
0.05134199999156408 0.001357000001007691
0.05134199999156408 0.0
1
0.05157900002086535 0.0013590000162366778
0.05157900002086535 0.0
1
0.052479000005405396 0.0014939999964553863
0.052479000005405396 0.0
1
0.05168399997637607 0.001344999996945262
0.05168399997637607 0.0
1
0.05403900000965223 0.0014399999927263707
0.05403900000965223 9.999785106629133e-07
1
0.05457299997215159 0.0014430000155698508
0.05457299997215159 1.00000761449337e-06
1
0.0545259999926202 0.0014259999734349549
0.0545259999926202 1.00000761449337e-06
1
0.05671699999948032 0.0014830000000074506
0.05671699999948032 1.00000761449337e-06
1
0.05667699998593889 0.0015919999859761447
0.05667699998593889 0.0
1
0.060301999998046085 0.0016940000059548765
0.060301999998046085 0.0
1
0.058924000011757016 0.0015459999849554151
0.058924000011757016 0.0
1
0.059563999995589256 0.001516999996965751
0.059563999995589256 0.0
1
0.05890899998485111 0.0015399999974761158
0.05890899998485111 1.00000761449337e-06
1
0.059422000020276755 0.0015810000186320394
0.059422000020276755 9.999785106629133e-07
1
0.056419999978970736 0.0014509999891743064
0.056419999978970736 9.999785106629133e-07
1
0.0640269999857992 0.0018440000130794942
0.0640269999857992 0.0
1
0.07000000000698492 0.004421999998157844
0.07000000000698492 1.00000761449337e-06
1
0.06861299998126924 0.0019580000080168247
0.06861299998126924 1.00000761449337e-06
1
0.07289999999920838 0.0019459999748505652
0.07289999999920838 1.00000761449337e-06
0.07440799998585135 0.004511999984970316
0.07440799998585135 0.0
1
0.0742350000073202 0.0020969999895896763
0.0742350000073202 0.0
1
0.07644800000707619 0.0020539999823085964
0.07644800000707619 1.00000761449337e-06
1
0.077698999986751 0.0020460000087041408
0.077698999986751 0.0
1
0.08123499999055639 0.004893000004813075
0.08123499999055639 0.0
1
0.08217300000251271 0.00265800001216121
0.08217300000251271 1.00000761449337e-06
1
1
0.0787889999919571 0.0021189999824855477
0.0787889999919571 1.00000761449337e-06
1
0.07086200002231635 0.002019000006839633
0.07086200002231635 9.999785106629133e-07
1
0.06983600000967272 0.0018070000223815441
0.06983600000967272 0.0
1
0.06607200001599267 0.0020960000110790133
0.06607200001599267 0.0
1
0.0659039999882225 0.0018470000068191439
0.0659039999882225 0.0
1
0.07213899999624118 0.0021920000144746155
0.07213899999624118 1.00000761449337e-06
1
0.06856600000173785 0.0019400000164750963
0.06856600000173785 9.999785106629133e-07
1
0.06379600000218488 0.0016999999934341758
0.06379600000218488 0.0
1
0.05638799999724142 0.0014610000071115792
0.05638799999724142 1.00000761449337e-06
1
0.051995999994687736 0.0013630000175908208
0.051995999994687736 0.0
1
0.051605000015115365 0.0013279999839141965
0.051605000015115365 0.0
1
0.04988000000594184 0.001357999979518354
0.04988000000594184 0.0
1
0.05014100001426414 0.0012860000133514404
0.05014100001426414 1.00000761449337e-06
1
0.04918199998792261 0.0013040000048931688
0.04918199998792261 1.00000761449337e-06
1
0.049445000011473894 0.0013029999972786754
0.049445000011473894 9.999785106629133e-07
1
0.04897299999720417 0.0012829999905079603
0.04897299999720417 1.00000761449337e-06
1
0.04946199999540113 0.0013430000108201057
0.04946199999540113 0.0
1
0.04972999999881722 0.0013000000035390258
0.04972999999881722 0.0
1
0.049055000010412186 0.0013040000048931688
0.049055000010412186 0.0
1
0.04921399999875575 0.0013230000040493906
0.04921399999875575 9.999785106629133e-07
1
0
0.051582000014605 0.0013730000064242631
0.051582000014605 0.0
1
0
0.051537000021198764 0.0013550000148825347
0.051537000021198764 0.0
1
0
0.05212399997981265 0.0013350000081118196
0.05212399997981265 0.0
1
0
0.05151499999919906 0.0013789999939035624
0.05151499999919906 0.0
1
0
0.051426999998511747 0.001349999976810068
0.051426999998511747 0.0
1
0
0.04896799998823553 0.0013010000111535192
0.04896799998823553 0.0
1
0
0.048901000001933426 0.0013069999986328185
0.048901000001933426 0.0
1
0
0.049121999996714294 0.0013230000040493906
0.049121999996714294 1.00000761449337e-06
1
0
0.049743999989004806 0.001285000005736947
0.049743999989004806 1.00000761449337e-06
1
0
0.0492460000095889 0.0013760000001639128
0.0492460000095889 1.00000761449337e-06
1
0
0.04909300000872463 0.0012949999945703894
0.04909300000872463 0.0
1
0
0.0497509999840986 0.0015429999912157655
0.0497509999840986 1.00000761449337e-06
1
0
0.04923800000688061 0.0012759999954141676
0.04923800000688061 0.0
1
0
0.049617999990005046 0.0013519999920390546
0.049617999990005046 1.00000761449337e-06
1
0
0.05595999999786727 0.0014789999986533076
0.05595999999786727 0.0
1
0
0.06046899998909794 0.0016069999837782234
0.06046899998909794 1.00000761449337e-06
1
0
0.06908299998030998 0.0019850000098813325
0.06908299998030998 1.00000761449337e-06
1
0
0.07836600000155158 0.002187000005505979
0.07836600000155158 0.0
1
0
0.07590199998230673 0.0020340000046417117
0.07590199998230673 0.0
0.057142999983625486 0.0015190000121947378
0.057142999983625486 0.0
1
0
1
0
0.06422800000291318 0.0016269999905489385
0.06422800000291318 0.0
1
0
0.06378000002587214 0.0016670000040903687
0.06378000002587214 1.00000761449337e-06
1
0
0.05894099999568425 0.0015489999786950648
0.05894099999568425 1.00000761449337e-06
1
0
0.057440999982645735 0.0015239999920595437
0.057440999982645735 1.00000761449337e-06
1
0
0.0577249999914784 0.0015359999961219728
0.0577249999914784 9.999785106629133e-07
1
0
0.05506800001603551 0.0014070000033825636
0.05506800001603551 0.0
1
0
0.05379700000048615 0.001416999992216006
0.05379700000048615 1.00000761449337e-06
1
0
0.054324999975506216 0.0013660000113304704
0.054324999975506216 1.00000761449337e-06
1
0
0.049396000016713515 0.00136900000507012
0.049396000016713515 0.0
1
0
0.05184100000769831 0.0013439999893307686
0.05184100000769831 1.00000761449337e-06
1
0
0.051958999974885955 0.001320000010309741
0.051958999974885955 1.00000761449337e-06
1
0
0.05173300000024028 0.0013840000028721988
0.05173300000024028 1.00000761449337e-06
1
0
0.05005499999970198 0.001320000010309741
0.05005499999970198 1.00000761449337e-06
1
0
0.05157300000428222 0.0014780000201426446
0.05157300000428222 9.999785106629133e-07
1
0
0.05441599999903701 0.0015490000077988952
0.05441599999903701 1.00000761449337e-06
1
0
0.05710199999157339 0.0015659999917261302
0.05710199999157339 0.0
1
0
0.05980799999088049 0.0016309999919030815
0.05980799999088049 1.00000761449337e-06
1
0
0.05870699998922646 0.0015159999893512577
0.05870699998922646 0.0
1
0
0.05901100000482984 0.0015549999952781945
0.05901100000482984 0.0
1
0
0.06391900000744499 0.0018509999790694565
0.06391900000744499 0.0
1
0
0.06629600000451319 0.0018339999951422215
0.06629600000451319 0.0
1
0
0.06236700000590645 0.0016049999976530671
0.06236700000590645 1.00000761449337e-06
1
0
0.06287000002339482 0.0016030000115279108
0.06287000002339482 9.999785106629133e-07
1
0
0.06368800002383068 0.0016469999973196536
0.06368800002383068 1.00000761449337e-06
1
0
0.05893400000059046 0.0015450000064447522
0.05893400000059046 1.00000761449337e-06
1
0
0.05998900000122376 0.0015790000034030527
0.05998900000122376 0.0
1
0
0.0563809999730438 0.0014859999937471002
0.0563809999730438 1.00000761449337e-06
1
0
0.05664200001046993 0.0017330000118818134
0.05664200001046993 1.00000761449337e-06
1
0
0.05731400000513531 0.0014989999763201922
0.05731400000513531 0.0
1
0
0.05675299998256378 0.0014460000093095005
0.05675299998256378 0.0
1
0
0.05639399998472072 0.001428000017767772
0.05639399998472072 9.999785106629133e-07
1
0
0.0563689999980852 0.0014569999766536057
0.0563689999980852 0.0
1
0
0.06275900002219714 0.0016300000133924186
0.06275900002219714 1.00000761449337e-06
1
0
0.06875900001614355 0.0019200000097043812
0.06875900001614355 1.00000761449337e-06
1
0
0.06866299998364411 0.0017579999985173345
0.06866299998364411 0.0
1
0
0.07427099999040365 0.002115999988745898
0.07427099999040365 0.0
1
0
0.08079199999338016 0.0023280000023078173
0.08079199999338016 1.00000761449337e-06
1
0
0.08243299997411668 0.0020530000037979335
0.08243299997411668 9.999785106629133e-07
1
0
0.06653100001858547 0.001720000000204891
0.06653100001858547 0.0
1
0
0.06133500000578351 0.001560000004246831
0.06133500000578351 0.0
1
0
0.061191000015242025 0.0015439999988302588
0.061191000015242025 1.00000761449337e-06
1
0
0.062098000023979694 0.001635000022361055
0.062098000023979694 9.999785106629133e-07
1
0
0.05740200000582263 0.0014699999883305281
0.05740200000582263 0.0
1
0
0.05431999999564141 0.0015469999925699085
0.05431999999564141 9.999785106629133e-07
1
0
0.0557109999936074 0.001740999985486269
0.0557109999936074 0.0
1
0
0.06645499999285676 0.0018620000046212226
0.06645499999285676 0.0
1
0
0.058160999993560836 0.0015330000023823231
0.058160999993560836 1.00000761449337e-06
1
0
0.050159000005805865 0.0012509999796748161
0.050159000005805865 1.00000761449337e-06
1
0
0.050856999994721264 0.001260999997612089
0.050856999994721264 0.0
1
0
0.05658099998254329 0.0012989999959245324
0.05658099998254329 0.0
1
0
0.05185200000414625 0.001328000013018027
0.05185200000414625 1.00000761449337e-06
1
0
0.05097899999236688 0.001799999998183921
0.05097899999236688 1.00000761449337e-06
1
0
0.05904600000940263 0.0013769999786745757
0.05904600000940263 0.0
1
0
0.05218500000773929 0.0013230000040493906
0.05218500000773929 1.00000761449337e-06
1
0
0.053405000013299286 0.0015410000050906092
0.053405000013299286 0.0
1
0
0.05105300000286661 0.0015559999737888575
0.05105300000286661 1.00000761449337e-06
1
0
0.05312100000446662 0.0013909999979659915
0.05312100000446662 0.0
1
0
0.053016999998362735 0.001420000015059486
0.053016999998362735 1.00000761449337e-06
1
0
0.05224900000030175 0.001416000013705343
0.05224900000030175 0.0
1
0
0.05174500000430271 0.0014350000128615648
0.05174500000430271 0.0
1
0
0.05042300000786781 0.0014170000213198364
0.05042300000786781 1.00000761449337e-06
1
0
0.04925300000468269 0.0013809999800287187
0.04925300000468269 0.0
1
0
0.05034300000988878 0.001556000002892688
0.05034300000988878 0.0
1
0
0.048922000016318634 0.0013109999999869615
0.048922000016318634 0.0
1
0
0.05231300002196804 0.0014870000013615936
0.05231300002196804 0.0
1
0
0.052915000007487833 0.0014610000071115792
0.052915000007487833 1.00000761449337e-06
1
0
0.057920999999623746 0.0015120000171009451
0.057920999999623746 0.0
1
0
0.058124000002862886 0.0016519999771844596
0.058124000002862886 0.0
1
0
0.057474999979604036 0.0015990000101737678
0.057474999979604036 1.00000761449337e-06
1
0
0.05826399999205023 0.0015300000086426735
0.05826399999205023 0.0
1
0
0.06972200001473539 0.0017869999865069985
0.06972200001473539 1.00000761449337e-06
1
0
0.0666800000180956 0.0017600000137463212
0.0666800000180956 0.0
1
0
0.07641999999759719 0.0022539999918080866
0.07641999999759719 1.00000761449337e-06
1
0
0.08138299998245202 0.002267000003485009
0.08138299998245202 9.999785106629133e-07
1
0
0.08584200000041164 0.00524200001382269
0.08584200000041164 0.0
1
0
0.08770400000503287 0.0023720000172033906
0.08770400000503287 9.999785106629133e-07
1
0
0.08403699999325909 0.002135999995516613
0.08403699999325909 0.0
1
0
0.0817209999950137 0.0020530000037979335
0.0817209999950137 0.0
1
0
0.06771000000298955 0.0017040000238921493
0.06771000000298955 0.0
1
0
0.05683000001590699 0.0015010000206530094
0.05683000001590699 9.999785106629133e-07
1
0
0.059664000000339 0.0014849999861326069
0.059664000000339 0.0
1
0
0.05904200000804849 0.0014939999964553863
0.05904200000804849 0.0
1
0
0.05741499998839572 0.0014859999937471002
0.05741499998839572 1.00000761449337e-06
1
0
0.06758900001295842 0.002502000017557293
0.06758900001295842 0.0
1
0
0.056972999998833984 0.0014689999807160348
0.056972999998833984 1.00000761449337e-06
1
0
0.04729600000428036 0.0013270000054035336
0.04729600000428036 0.0
1
0
0.0468809999874793 0.0013840000028721988
0.0468809999874793 0.0
1
0
0.04544800001895055 0.0014059999957680702
0.04544800001895055 0.0
1
0
0.04946899999049492 0.0013709999911952764
0.04946899999049492 0.0
1
0
0.05219800001941621 0.001467000023694709
0.05219800001941621 0.0
1
0
0.04658600001130253 0.0013289999915286899
0.04658600001130253 0.0
1
0
0.05606500001158565 0.0012540000025182962
0.05606500001158565 0.0
1
0
0.048494999995455146 0.0012620000052265823
0.048494999995455146 0.0
1
0
0.04654799998388626 0.0012310000020079315
0.04654799998388626 1.00000761449337e-06
1
0
0.050580999988596886 0.0013540000072680414
0.050580999988596886 0.0
1
0
0.04824699999880977 0.0012409999908413738
0.04824699999880977 9.999785106629133e-07
1
0
0.04991400000290014 0.0011879999947268516
0.04991400000290014 0.0
1
0
0.04443499998888001 0.001348999998299405
0.04443499998888001 0.0
1
0
0.04438999999547377 0.0012029999925289303
0.04438999999547377 1.00000761449337e-06
1
0
0.04432099999394268 0.0011689999955706298
0.04432099999394268 1.00000761449337e-06
1
0
0.04828399998950772 0.0012679999927058816
0.04828399998950772 0.0
1
0
0.04663599998457357 0.0012350000033620745
0.04663599998457357 9.999785106629133e-07
1
0
0.047070000000530854 0.0012229999992996454
0.047070000000530854 1.00000761449337e-06
1
0
0.046959000028437003 0.0012860000133514404
0.046959000028437003 0.0
1
0
0.04683800000930205 0.0012249999854248017
0.04683800000930205 1.00000761449337e-06
1
0
0.04666200000792742 0.0012550000101327896
0.04666200000792742 1.00000761449337e-06
1
0
0.04755200000363402 0.0012519999872893095
0.04755200000363402 0.0
1
0
0.0490589999826625 0.0012879999994765967
0.0490589999826625 1.00000761449337e-06
1
0
0.049233000027015805 0.0012780000106431544
0.049233000027015805 0.0
1
0
0.05648800000199117 0.0015340000099968165
0.05648800000199117 0.0
1
0
0.052278999995905906 0.0013430000108201057
0.052278999995905906 1.00000761449337e-06
1
0
0.05437299999175593 0.0013960000069346279
0.05437299999175593 1.00000761449337e-06
1
0
0.05644000001484528 0.0014700000174343586
0.05644000001484528 0.0
1
0
0.0592330000072252 0.0016839999880176038
0.0592330000072252 0.0
1
0
0.06902500000433065 0.002072000002954155
0.06902500000433065 0.0
1
0
0.08393700001761317 0.002598999999463558
0.08393700001761317 1.00000761449337e-06
0.05426500001340173 0.0014099999971222132
0.05426500001340173 0.0
1
0
0.054896999994525686 0.0014610000071115792
0.054896999994525686 0.0
1
0
0.05746300000464544 0.0014870000013615936
0.05746300000464544 0.0
1
0
0.05672500000218861 0.0015220000059343874
0.05672500000218861 9.999785106629133e-07
1
0
1
0
0.054561000026296824 0.0014430000155698508
0.054561000026296824 1.00000761449337e-06
1
0
0.05408599998918362 0.001408000010997057
0.05408599998918362 0.0
1
0
0.04740499999024905 0.0012709999864455312
0.04740499999024905 0.0
1
0
0.047623999998904765 0.0012589999823831022
0.047623999998904765 0.0
1
0
0.0471700000052806 0.00128599998424761
0.0471700000052806 1.00000761449337e-06
1
0
0.04735499998787418 0.0012540000025182962
0.04735499998787418 1.00000761449337e-06
1
0
0.04653999998117797 0.001248000015038997
0.04653999998117797 1.00000761449337e-06
1
0
0.05691099999239668 0.0015489999786950648
0.05691099999239668 0.0
1
0
0.06458200002089143 0.0016530000139027834
0.06458200002089143 9.999785106629133e-07
1
0
0.06855399999767542 0.0017469999729655683
0.06855399999767542 1.00000761449337e-06
1
0
0.08468500000890344 0.0022539999918080866
0.08468500000890344 0.0
1
0
0.09310100000584498 0.005853999988175929
0.09310100000584498 1.00000761449337e-06
1
0
0.0968859999848064 0.006517000001622364
0.0968859999848064 0.0
1
0
0.09717399999499321 0.0028559999773278832
0.09717399999499321 0.0
1
0
0.10061500000301749 0.006021999986842275
0.10061500000301749 1.00000761449337e-06
1
0
0.1034079999953974 0.006228999991435558
0.1034079999953974 0.0
1
0
0.10507400002097711 0.0029159999976400286
0.10507400002097711 1.00000761449337e-06
1
0
0.10329599998658523 0.0026430000143591315
0.10329599998658523 1.00000761449337e-06
1
0
0.10534999999799766 0.0027919999847654253
0.10534999999799766 0.0
1
0
0.10965999998734333 0.0064150000107474625
0.10965999998734333 1.00000761449337e-06
1
0
0.09831299999495968 0.0025169999862555414
0.09831299999495968 9.999785106629133e-07
1
0
0.09597900000517257 0.002394999988609925
0.09597900000517257 9.999785106629133e-07
1
0
0.0982429999858141 0.0025049999821931124
0.0982429999858141 1.00000761449337e-06
1
0
0.10423300002003089 0.002646000008098781
0.10423300002003089 0.0
1
0
0.11046799999894574 0.0027119999867863953
0.11046799999894574 9.999785106629133e-07
1
0
0.07316600001649931 0.0019169999868609011
0.07316600001649931 1.00000761449337e-06
1
0
0.06529100000625476 0.0017860000079963356
0.06529100000625476 1.00000761449337e-06
1
0
0.061144999985117465 0.0018229999986942858
0.061144999985117465 1.00000761449337e-06
1
0
0.0632610000029672 0.0017149999912362546
0.0632610000029672 0.0
1
0
0.0718359999882523 0.0017359999765176326
0.0718359999882523 1.00000761449337e-06
1
0
0.05882700000074692 0.0013889999827370048
0.05882700000074692 0.0
1
0
0.05235799998627044 0.0014640000008512288
0.05235799998627044 1.00000761449337e-06
1
0
0.07059899999876507 0.002367999986745417
0.07059899999876507 0.0
1
0
0.06759199997759424 0.0017890000017359853
0.06759199997759424 0.0
1
0
0.09337699998286553 0.002191000006860122
0.09337699998286553 0.0
0.09366600000066683 0.002355999982682988
0.09366600000066683 1.00000761449337e-06
1
0
0.05570699999225326 0.001432999997632578
0.05570699999225326 0.0
1
0
0.06187500001396984 0.0016260000120382756
0.06187500001396984 0.0
1
0
0.07135799998650327 0.001576999988174066
0.07135799998650327 1.00000761449337e-06
1
0
0.0508339999942109 0.0014039999805390835
0.0508339999942109 0.0
1
0
1
0
0.051328000001376495 0.0015399999974761158
0.051328000001376495 0.0
1
0
0.05058799998369068 0.0014030000020284206
0.05058799998369068 0.0
1
0
0.04131899998174049 0.0012170000118203461
0.04131899998174049 9.999785106629133e-07
1
0
0.04155599998193793 0.0011769999982789159
0.04155599998193793 0.0
1
0
0.04063200001837686 0.001101000001654029
0.04063200001837686 0.0
1
0
0.04287899998598732 0.0011740000045392662
0.04287899998598732 0.0
1
0
0.04832199998782016 0.001180999999633059
0.04832199998782016 0.0
1
0
0.04698600000119768 0.0013420000032056123
0.04698600000119768 0.0
1
0
0.0436760000011418 0.0014810000138822943
0.0436760000011418 9.999785106629133e-07
1
0
0.04679799999576062 0.0011949999898206443
0.04679799999576062 0.0
1
0
0.050589999998919666 0.0013040000048931688
0.050589999998919666 0.0
1
0
0.06693999998969957 0.001609999977517873
0.06693999998969957 1.00000761449337e-06
1
0
0.06361900002229959 0.001791999995475635
0.06361900002229959 0.0
1
0
0.06308799999533221 0.0016550000000279397
0.06308799999533221 0.0
1
0
0.05916499998420477 0.0015349999885074794
0.05916499998420477 0.0
1
0
0.04771399998571724 0.001289999985601753
0.04771399998571724 1.00000761449337e-06
1
0
0.04715699999360368 0.0012479999859351665
0.04715699999360368 0.0
1
0
0.04736100000445731 0.0012989999959245324
0.04736100000445731 0.0
1
0
0.04427899999427609 0.0011779999767895788
0.04427899999427609 9.999785106629133e-07
1
0
0.04172499998821877 0.0011740000045392662
0.04172499998821877 0.0
1
0
0.04184200000599958 0.001113000005716458
0.04184200000599958 0.0
1
0
0.04214999999385327 0.0010900000052060932
0.04214999999385327 0.0
1
0
0.041954000014811754 0.001121999986935407
0.041954000014811754 0.0
1
0
0.041735999984666705 0.0011269999959040433
0.041735999984666705 0.0
1
0
0.041464999987510964 0.0011060000106226653
0.041464999987510964 0.0
1
0
0.042264999996405095 0.0011550000053830445
0.042264999996405095 0.0
1
0
0.04167299999971874 0.0011060000106226653
0.04167299999971874 0.0
1
0
0.04162000000360422 0.0011159999994561076
0.04162000000360422 1.00000761449337e-06
1
0
0.041862000012770295 0.0010900000052060932
0.041862000012770295 0.0
1
0
0.04167500001494773 0.0011609999928623438
0.04167500001494773 1.00000761449337e-06
1
0
0.04271000000881031 0.001133999990997836
0.04271000000881031 9.999785106629133e-07
1
0
0.041960999980801716 0.0011529999901540577
0.041960999980801716 1.00000761449337e-06
1
0
0.04893299998366274 0.0012949999945703894
0.04893299998366274 0.0
1
0
0.05888799999956973 0.0015359999961219728
0.05888799999956973 1.00000761449337e-06
0.045006000000284985 0.0012060000153724104
0.045006000000284985 0.0
1
0
0.04428500001085922 0.001197999983560294
0.04428500001085922 1.00000761449337e-06
1
0
0.04474700000719167 0.001260999997612089
0.04474700000719167 0.0
1
0
0.044408999994629994 0.001213999988976866
0.044408999994629994 0.0
1
0
0.04491300001973286 0.0012260000221431255
0.04491300001973286 0.0
1
0
0.0422639999887906 0.0011190000222995877
0.0422639999887906 9.999785106629133e-07
1
0
1
0
0.04263499999069609 0.0011060000106226653
0.04263499999069609 0.0
1
0
0.041997000022092834 0.0011020000092685223
0.041997000022092834 0.0
1
0
0.04239800001960248 0.001164000015705824
0.04239800001960248 0.0
1
0
0.04170999999041669 0.001117999985581264
0.04170999999041669 0.0
1
0
0.04208199999993667 0.0011360000062268227
0.04208199999993667 1.00000761449337e-06
1
0
0.04205200000433251 0.0011079999967478216
0.04205200000433251 0.0
1
0
0.041640000010374933 0.0011180000146850944
0.041640000010374933 1.00000761449337e-06
1
0
0.042105000000447035 0.0011149999918416142
0.042105000000447035 0.0
1
0
0.041701999987708405 0.0011519999825395644
0.041701999987708405 0.0
1
0
0.04180100001394749 0.001113000005716458
0.04180100001394749 0.0
1
0
0.04260299997986294 0.0011240000021643937
0.04260299997986294 1.00000761449337e-06
1
0
0.04175999999279156 0.001141999993706122
0.04175999999279156 1.00000761449337e-06
1
0
0.04194399999687448 0.0011180000146850944
0.04194399999687448 9.999785106629133e-07
1
0
0.04167200002120808 0.0011140000133309513
0.04167200002120808 1.00000761449337e-06
1
0
0.04187200000160374 0.0011079999967478216
0.04187200000160374 1.00000761449337e-06
1
0
0.04471199997351505 0.0011630000080913305
0.04471199997351505 0.0
1
0
0.04467899998417124 0.001209999987622723
0.04467899998417124 0.0
1
0
0.044033999991370365 0.0011980000126641244
0.044033999991370365 0.0
1
0
0.043932000000495464 0.0011610000219661742
0.043932000000495464 0.0
1
0
0.04450099999667145 0.0012920000008307397
0.04450099999667145 1.00000761449337e-06
1
0
0.04476799999247305 0.00124299997696653
0.04476799999247305 0.0
1
0
0.04419899999629706 0.0012250000145286322
0.04419899999629706 1.00000761449337e-06
1
0
0.04506300002685748 0.0013860000181011856
0.04506300002685748 0.0
1
0
0.04521700000623241 0.0013060000201221555
0.04521700000623241 0.0
1
0
0.04441800000495277 0.0012870000209659338
0.04441800000495277 0.0
1
0
0.04508700000587851 0.00132299997494556
0.04508700000587851 0.0
1
0
0.044156999996630475 0.0011709999816957861
0.044156999996630475 0.0
1
0
0.044048999989172444 0.0011919999960809946
0.044048999989172444 9.999785106629133e-07
1
0
0.04431200001272373 0.0012470000074245036
0.04431200001272373 1.00000761449337e-06
1
0
0.05180400001700036 0.0013510000135283917
0.05180400001700036 0.0
1
0
0.06499700000858866 0.0016559999785386026
0.06499700000858866 1.00000761449337e-06
1
0
0.06857299999683164 0.0017949999892152846
0.06857299999683164 1.00000761449337e-06
1
0
0.09082599999965169 0.002361999999266118
0.09082599999965169 1.00000761449337e-06
0.10145399998873472 0.0027849999896716326
0.10145399998873472 0.0
1
0
0.11015399999450892 0.0030169999809004366
0.11015399999450892 0.0
1
0
0.10821900001610629 0.0027279999922029674
0.10821900001610629 1.00000761449337e-06
1
0
0.10866999998688698 0.0027769999869633466
0.10866999998688698 9.999785106629133e-07
1
0
0.09628100000554696 0.0025310000055469573
0.09628100000554696 0.0
1
0
0.06936399999540299 0.0018250000139232725
0.06936399999540299 0.0
1
0
0.06889999998384155 0.001791999995475635
0.06889999998384155 0.0
1
0
1
0
0.06897100000060163 0.0018599999893922359
0.06897100000060163 0.0
1
0
0.06474800000432879 0.001672999991569668
0.06474800000432879 0.0
1
0
0.05711399999563582 0.0015039999852888286
0.05711399999563582 1.00000761449337e-06
1
0
0.0465179999882821 0.0012949999945703894
0.0465179999882821 1.00000761449337e-06
1
0
0.0464780000038445 0.0012870000209659338
0.0464780000038445 0.0
1
0
0.04669899999862537 0.0012419999984558672
0.04669899999862537 0.0
1
0
0.04795100001501851 0.001260999997612089
0.04795100001501851 0.0
1
0
0.04661300001316704 0.0012619999761227518
0.04661300001316704 9.999785106629133e-07
1
0
0.04445399998803623 0.0011769999982789159
0.04445399998803623 0.0
1
0
0.04400399999576621 0.001256999996257946
0.04400399999576621 1.00000761449337e-06
1
0
0.04426400002557784 0.0012199999764561653
0.04426400002557784 9.999785106629133e-07
1
0
0.04458399998839013 0.0011989999911747873
0.04458399998839013 9.999785106629133e-07
1
0
0.04421900000306778 0.0011750000121537596
0.04421900000306778 0.0
1
0
0.04683599999407306 0.001264000020455569
0.04683599999407306 0.0
1
0
0.04766500002006069 0.0012220000207889825
0.04766500002006069 0.0
1
0
0.04676800000015646 0.0012879999994765967
0.04676800000015646 0.0
1
0
0.046691999974427745 0.0012870000209659338
0.046691999974427745 0.0
1
0
0.046647999988636 0.0012580000038724393
0.046647999988636 0.0
1
0
0.04695099999662489 0.0012589999823831022
0.04695099999662489 0.0
1
0
0.047787000017706305 0.0012919999717269093
0.047787000017706305 0.0
1
0
0.04650999998557381 0.0012540000025182962
0.04650999998557381 0.0
1
0
0.044154000002890825 0.0012020000140182674
0.044154000002890825 0.0
1
0
0.044030999997630715 0.0011780000058934093
0.044030999997630715 0.0
1
0
0.04410299999290146 0.001205000007757917
0.04410299999290146 1.00000761449337e-06
1
0
0.04240799997933209 0.001137000013841316
0.04240799997933209 0.0
1
0
0.04394399997545406 0.0011870000162161887
0.04394399997545406 0.0
1
0
0.04421699998783879 0.001185000000987202
0.04421699998783879 0.0
1
0
0.043919999996433035 0.001209999987622723
0.043919999996433035 9.999785106629133e-07
1
0
0.044628000003285706 0.0011729999969247729
0.044628000003285706 0.0
1
0
0.044926000002305955 0.0012169999827165157
0.044926000002305955 0.0
1
0
0.044212000007973984 0.001180999999633059
0.044212000007973984 1.00000761449337e-06
1
0
0.04707100000814535 0.001293999986955896
0.04707100000814535 1.00000761449337e-06
1
0
0.06148199999006465 0.001580000011017546
0.06148199999006465 1.00000761449337e-06
1
0
0.06887799999094568 0.0018109999946318567
0.06887799999094568 1.00000761449337e-06
0.049014999996870756 0.0013429999817162752
0.049014999996870756 0.0
1
0
0.0519849999982398 0.0014119999832473695
0.0519849999982398 1.00000761449337e-06
1
0
0.05185799999162555 0.0013939999917056412
0.05185799999162555 0.0
1
0
1
0
0.05432300001848489 0.0014510000182781368
0.05432300001848489 0.0
0.05909100000280887 0.0015180000045802444
0.05909100000280887 1.00000761449337e-06
1
0
0.05320599998231046 0.0013909999979659915
0.05320599998231046 1.00000761449337e-06
1
0
1
0
0.049709999992046505 0.001377999986289069
0.049709999992046505 9.999785106629133e-07
1
0
0.04469799998332746 0.0012200000055599958
0.04469799998332746 0.0
1
0
0.044628000003285706 0.0011990000202786177
0.044628000003285706 0.0
1
0
0.04427600000053644 0.0011999999987892807
0.04427600000053644 0.0
1
0
0.04183900001225993 0.001146999973570928
0.04183900001225993 0.0
1
0
0.04152800000156276 0.0011470000026747584
0.04152800000156276 9.999785106629133e-07
1
0
0.04163799999514595 0.0011220000160392374
0.04163799999514595 0.0
1
0
0.042508000013185665 0.0011270000250078738
0.042508000013185665 0.0
1
0
0.039336000016191974 0.001069999998435378
0.039336000016191974 1.00000761449337e-06
1
0
0.039052999985869974 0.0010610000172164291
0.039052999985869974 0.0
1
0
0.03923699998995289 0.0010770000226330012
0.03923699998995289 1.00000761449337e-06
1
0
0.039274999988265336 0.0011059999815188348
0.039274999988265336 1.00000761449337e-06
1
0
0.03951699999743141 0.0010680000123102218
0.03951699999743141 0.0
1
0
0.03983300001709722 0.0010820000024978071
0.03983300001709722 1.00000761449337e-06
1
0
0.04018399998312816 0.00112599998828955
0.04018399998312816 9.999785106629133e-07
1
0
0.03952300001401454 0.0010690000199247152
0.03952300001401454 1.00000761449337e-06
1
0
0.03934600000502542 0.0010559999791439623
0.03934600000502542 9.999785106629133e-07
1
0
0.039339000009931624 0.001041999988956377
0.039339000009931624 1.00000761449337e-06
1
0
0.03946699999505654 0.0010760000150185078
0.03946699999505654 1.00000761449337e-06
1
0
0.039216000004671514 0.0010959999926853925
0.039216000004671514 0.0
1
0
0.041640000010374933 0.0011209999793209136
0.041640000010374933 0.0
0.04178600001614541 0.0011329999833833426
0.04178600001614541 0.0
1
0
0.04188500001328066 0.0011719999893102795
0.04188500001328066 1.00000761449337e-06
1
0
0.0393540000077337 0.0010569999867584556
0.0393540000077337 0.0
1
0
1
0
0.03735400000005029 0.0010060000058729202
0.03735400000005029 0.0
1
0
0.03740000000107102 0.0010049999982584268
0.03740000000107102 9.999785106629133e-07
1
0
0.036896999983582646 0.0010079999919980764
0.036896999983582646 0.0
1
0
0.037238000018987805 0.001008000021101907
0.037238000018987805 9.999785106629133e-07
1
0
0.036813999991863966 0.0009929999941959977
0.036813999991863966 0.0
1
0
0.03688999998848885 0.0010449999826960266
0.03688999998848885 0.0
1
0
0.037263000005623326 0.0009990000107791275
0.037263000005623326 1.00000761449337e-06
1
0
0.036709000007249415 0.0010010000260081142
0.036709000007249415 1.00000761449337e-06
1
0
0.051601999992271885 0.001408000010997057
0.051601999992271885 0.0
1
0
0.044255000015255064 0.0012270000006537884
0.044255000015255064 9.999785106629133e-07
1
0
0.05879300000378862 0.0019410000240895897
0.05879300000378862 1.00000761449337e-06
1
0
0.07064200000604615 0.0020859999931417406
0.07064200000604615 9.999785106629133e-07
0.039218999998411164 0.0010729999921750277
0.039218999998411164 1.00000761449337e-06
1
0
0.03931600000942126 0.001065999997081235
0.03931600000942126 0.0
1
0
0.03918799999519251 0.0010849999962374568
0.03918799999519251 0.0
1
0
0.03675300002214499 0.0009920000156853348
0.03675300002214499 1.00000761449337e-06
1
0
1
0
0.037191999988863245 0.000994000001810491
0.037191999988863245 9.999785106629133e-07
1
0
0.03449799999361858 0.000957000011112541
0.03449799999361858 0.0
1
0
0.03209500000230037 0.0008920000109355897
0.03209500000230037 0.0
1
0
0.031875999993644655 0.000893999997060746
0.031875999993644655 0.0
1
0
0.032184000010602176 0.000918999983696267
0.032184000010602176 0.0
1
0
0.032057999982498586 0.0008899999957066029
0.032057999982498586 9.999785106629133e-07
1
0
0.03190500001073815 0.0008899999957066029
0.03190500001073815 0.0
1
0
0.03212099999655038 0.0009699999936856329
0.03212099999655038 0.0
1
0
0.031703999993624166 0.0008899999957066029
0.031703999993624166 0.0
1
0
0.03174000000581145 0.0008909999742172658
0.03174000000581145 0.0
1
0
0.03188899997621775 0.0008870000019669533
0.03188899997621775 9.999785106629133e-07
1
0
0.03206800000043586 0.000906000001123175
0.03206800000043586 9.999785106629133e-07
1
0
0.031887999997707084 0.0009180000051856041
0.031887999997707084 0.0
1
0
0.03207200000179 0.0008950000046752393
0.03207200000179 0.0
1
0
0.03179499998805113 0.0008840000082273036
0.03179499998805113 0.0
1
0
0.03272299998207018 0.0009330000029876828
0.03272299998207018 9.999785106629133e-07
1
0
0.032318999990820885 0.0008870000019669533
0.032318999990820885 0.0
1
0
0.0318859999824781 0.0008899999957066029
0.0318859999824781 0.0
1
0
0.03184999999939464 0.0008840000082273036
0.03184999999939464 0.0
1
0
0.03187700000125915 0.000893999997060746
0.03187700000125915 1.00000761449337e-06
1
0
0.03199399998993613 0.0008859999943524599
0.03199399998993613 0.0
1
0
0.03181800001766533 0.0009219999774359167
0.03181800001766533 0.0
1
0
0.032238999992841855 0.0009070000087376684
0.032238999992841855 0.0
1
0
0.03219699999317527 0.0009029999782796949
0.03219699999317527 1.00000761449337e-06
1
0
0.03183699998771772 0.0008920000109355897
0.03183699998771772 0.0
1
0
0.0317829999839887 0.0008859999943524599
0.0317829999839887 0.0
1
0
0.03188699999009259 0.000897999998414889
0.03188699999009259 1.00000761449337e-06
1
0
0.03183699998771772 0.0008870000019669533
0.03183699998771772 1.00000761449337e-06
1
0
0.03222799999639392 0.0008830000006128103
0.03222799999639392 0.0
1
0
0.031919000000925735 0.0008779999916441739
0.031919000000925735 1.00000761449337e-06
1
0
0.03460300000733696 0.0009640000062063336
0.03460300000733696 9.999785106629133e-07
1
0
0.04182600000058301 0.0011609999928623438
0.04182600000058301 1.00000761449337e-06
1
0
0.06097000002046116 0.0016100000066217035
0.06097000002046116 9.999785106629133e-07
0.036869000003207475 0.001041999988956377
0.036869000003207475 1.00000761449337e-06
1
0
0.03736300001037307 0.0010220000112894922
0.03736300001037307 0.0
1
0
0.03680699999677017 0.0010070000134874135
0.03680699999677017 0.0
1
0
0.03733300001476891 0.0010159999947063625
0.03733300001476891 0.0
1
0
0.03715899999951944 0.0010060000058729202
0.03715899999951944 1.00000761449337e-06
1
0
0.03749899999820627 0.0010130000009667128
0.03749899999820627 1.00000761449337e-06
1
0
0.03189300000667572 0.0009089999948628247
0.03189300000667572 0.0
1
0
1
0
0.03263100000913255 0.000893000018550083
0.03263100000913255 0.0
1
0
0.03203199998824857 0.0008920000109355897
0.03203199998824857 0.0
1
0
0.03185599998687394 0.0008879999804776162
0.03185599998687394 0.0
1
0
0.03209200000856072 0.0009430000209249556
0.03209200000856072 9.999785106629133e-07
1
0
0.0321399999957066 0.0009260000078938901
0.0321399999957066 0.0
1
0
0.03247199999168515 0.0008840000082273036
0.03247199999168515 0.0
1
0
0.031962000008206815 0.0009240000217687339
0.031962000008206815 0.0
1
0
0.03202300000702962 0.0008650000090710819
0.03202300000702962 0.0
1
0
0.03278300000238232 0.0009399999980814755
0.03278300000238232 0.0
1
0
0.03226300000096671 0.0009010000212583691
0.03226300000096671 0.0
1
0
0.03214200001093559 0.0008880000095814466
0.03214200001093559 1.00000761449337e-06
1
0
0.0319420000014361 0.000897999998414889
0.0319420000014361 0.0
1
0
0.03248899997561239 0.000893999997060746
0.03248899997561239 0.0
1
0
0.0316410000086762 0.0008920000109355897
0.0316410000086762 1.00000761449337e-06
1
0
0.03224300002329983 0.000901999999769032
0.03224300002329983 0.0
1
0
0.03205599999637343 0.0009000000136438757
0.03205599999637343 0.0
1
0
0.0318519999855198 0.0008990000060293823
0.0318519999855198 0.0
1
0
0.0323050000006333 0.0008889999880921096
0.0323050000006333 0.0
1
0
0.03188699999009259 0.0009080000163521618
0.03188699999009259 0.0
1
0
0.03197199999704026 0.0008949999755714089
0.03197199999704026 9.999785106629133e-07
1
0
0.03202899999450892 0.000893000018550083
0.03202899999450892 9.999785106629133e-07
1
0
0.03179199999431148 0.0008899999957066029
0.03179199999431148 0.0
1
0
0.03249300000607036 0.0008819999929983169
0.03249300000607036 1.00000761449337e-06
1
0
0.031780999997863546 0.000877000013133511
0.031780999997863546 0.0
1
0
0.031887999997707084 0.0008840000082273036
0.031887999997707084 0.0
1
0
0.03233200000249781 0.0009220000065397471
0.03233200000249781 0.0
1
0
0.03192899998975918 0.000897999998414889
0.03192899998975918 0.0
1
0
0.03182800000649877 0.0008879999804776162
0.03182800000649877 1.00000761449337e-06
1
0
0.03192999999737367 0.0008819999929983169
0.03192999999737367 0.0
1
0
0.03248599998187274 0.0009429999918211251
0.03248599998187274 0.0
1
0
0.031906999996863306 0.0008880000095814466
0.031906999996863306 0.0
1
0
0.034285000001545995 0.0009279999940190464
0.034285000001545995 1.00000761449337e-06
1
0
0.0469769999908749 0.0012510000087786466
0.0469769999908749 0.0
0.034081999998306856 0.000977999996393919
0.034081999998306856 0.0
1
0
0.034531000012066215 0.0009480000007897615
0.034531000012066215 9.999785106629133e-07
1
0
0.034139999974286184 0.0009550000249873847
0.034139999974286184 0.0
1
0
0.034168000012869015 0.0009339999814983457
0.034168000012869015 0.0
1
0
0.034416999988025054 0.0009490000084042549
0.034416999988025054 0.0
1
0
0.03471700000227429 0.000981999997748062
0.03471700000227429 0.0
1
0
0.02954899999895133 0.00084299998707138
0.02954899999895133 0.0
1
0
1
0
0.03212299998267554 0.0008899999957066029
0.03212299998267554 0.0
1
0
0.03228600000147708 0.0008899999957066029
0.03228600000147708 0.0
1
0
0.03221899998607114 0.0009190000128000975
0.03221899998607114 0.0
1
0
0.0321750000002794 0.0008929999894462526
0.0321750000002794 0.0
1
0
0.03213700000196695 0.0008870000019669533
0.03213700000196695 0.0
1
0
0.037428999989060685 0.001057999994372949
0.037428999989060685 0.0
0.034229999990202487 0.0009500000160187483
0.034229999990202487 0.0
1
0
0.03445199999259785 0.0009889999928418547
0.03445199999259785 1.00000761449337e-06
1
0
0.03446100000292063 0.0009560000034980476
0.03446100000292063 0.0
1
0
0.034983000019565225 0.0010100000072270632
0.034983000019565225 0.0
1
0
0.034706000005826354 0.0009419999842066318
0.034706000005826354 0.0
1
0
0.03448600001865998 0.0009399999980814755
0.03448600001865998 0.0
1
0
0.02934600002481602 0.0008340000058524311
0.02934600002481602 0.0
1
0
0.02937000000383705 0.0008570000063627958
0.02937000000383705 0.0
1
0
0.0294690000009723 0.0008450000023003668
0.0294690000009723 9.999785106629133e-07
1
0
0.029511000000638887 0.0008399999933317304
0.029511000000638887 0.0
1
0
0.029285000025993213 0.0008239999879151583
0.029285000025993213 1.00000761449337e-06
1
0
0.029313000006368384 0.000834999984363094
0.029313000006368384 0.0
1
0
0.02930900000501424 0.0008369999995920807
0.02930900000501424 0.0
1
0
0.029458000004524365 0.0008399999933317304
0.029458000004524365 1.00000761449337e-06
1
0
0.029460999998264015 0.000838999985717237
0.029460999998264015 1.00000761449337e-06
1
0
0.029294000007212162 0.0008399999933317304
0.029294000007212162 1.00000761449337e-06
1
0
0.02926900002057664 0.0008570000063627958
0.02926900002057664 0.0
1
0
0.02937000000383705 0.0008369999995920807
0.02937000000383705 9.999785106629133e-07
1
0
0.029279000009410083 0.0008360000210814178
0.029279000009410083 1.00000761449337e-06
1
0
0.029317000007722527 0.0008460000099148601
0.029317000007722527 1.00000761449337e-06
1
0
0.02927800000179559 0.0008289999968837947
0.02927800000179559 0.0
1
0
0.029397000005701557 0.0008280000183731318
0.029397000005701557 9.999785106629133e-07
1
0
0.029823999997461215 0.0008749999979045242
0.029823999997461215 0.0
1
0
0.029913000005763024 0.0008479999960400164
0.029913000005763024 1.00000761449337e-06
1
0
0.02998900000238791 0.0008519999973941594
0.02998900000238791 9.999785106629133e-07
1
0
0.029413999989628792 0.0008420000085607171
0.029413999989628792 9.999785106629133e-07
1
0
0.029345000017201528 0.000846999988425523
0.029345000017201528 0.0
1
0
0.029381000000284985 0.000834999984363094
0.029381000000284985 0.0
1
0
0.029893999977502972 0.0009830000053625554
0.029893999977502972 1.00000761449337e-06
1
0
0.0308249999943655 0.0008949999755714089
0.0308249999943655 0.0
1
0
0.029618999978993088 0.0008270000107586384
0.029618999978993088 9.999785106629133e-07
1
0
0.029830999992555007 0.0008690000104252249
0.029830999992555007 9.999785106629133e-07
1
0
0.02966599998762831 0.0009579999896232039
0.02966599998762831 1.00000761449337e-06
1
0
0.029727999994065613 0.000826000003144145
0.029727999994065613 0.0
1
0
0.02965300000505522 0.0008150000066962093
0.02965300000505522 1.00000761449337e-06
1
0
0.029553000000305474 0.0008280000183731318
0.029553000000305474 0.0
1
0
0.029486000014003366 0.0008169999928213656
0.029486000014003366 0.0
1
0
0.02948100000503473 0.0008410000009462237
0.02948100000503473 0.0
1
0
0.02948999998625368 0.0008390000148210675
0.02948999998625368 0.0
1
0
0.02972399999271147 0.00084299998707138
0.02972399999271147 9.999785106629133e-07
1
0
0.02937999999267049 0.0008369999995920807
0.02937999999267049 1.00000761449337e-06
1
0
0.029332000005524606 0.000846999988425523
0.029332000005524606 0.0
1
0
0.029411000024992973 0.0008379999781027436
0.029411000024992973 0.0
1
0
0.02932999999029562 0.000826000003144145
0.02932999999029562 0.0
1
0
0.032091000000946224 0.0008929999894462526
0.032091000000946224 1.00000761449337e-06
1
0
0.03181800001766533 0.0009200000204145908
0.03181800001766533 0.0
1
0
0.0329910000145901 0.0009720000089146197
0.0329910000145901 0.0
1
0
0.03220400001737289 0.000893000018550083
0.03220400001737289 0.0
1
0
0.031940999993821606 0.0011320000048726797
0.031940999993821606 9.999785106629133e-07
1
0
0.031848000013269484 0.0009549999958835542
0.031848000013269484 0.0
1
0
0.03223800001433119 0.0009700000227894634
0.03223800001433119 1.00000761449337e-06
1
0
0.03186200000345707 0.0009279999940190464
0.03186200000345707 0.0
1
0
0.03165900000021793 0.0008859999943524599
0.03165900000021793 1.00000761449337e-06
1
0
0.03251400002045557 0.0009589999972376972
0.03251400002045557 1.00000761449337e-06
1
0
0.03212099999655038 0.0009030000073835254
0.03212099999655038 0.0
1
0
0.0328260000096634 0.0009729999874252826
0.0328260000096634 1.00000761449337e-06
1
0
0.031965000001946464 0.0008709999965503812
0.031965000001946464 0.0
1
0
0.03187800000887364 0.0008619999862276018
0.03187800000887364 0.0
1
0
0.031894999992800876 0.000893999997060746
0.031894999992800876 0.0
1
0
0.031950000004144385 0.0009159999899566174
0.031950000004144385 1.00000761449337e-06
1
0
0.0317720000166446 0.0009070000087376684
0.0317720000166446 0.0
1
0
0.03184999999939464 0.0008849999867379665
0.03184999999939464 0.0
1
0
0.03205900001921691 0.0008830000006128103
0.03205900001921691 0.0
1
0
0.03242500001215376 0.0009509999945294112
0.03242500001215376 0.0
1
0
0.032035999989602715 0.0008959999831859022
0.032035999989602715 1.00000761449337e-06
1
0
0.03174599999329075 0.0008840000082273036
0.03174599999329075 1.00000761449337e-06
1
0
0.03248299998813309 0.0009500000160187483
0.03248299998813309 1.00000761449337e-06
1
0
0.032027000008383766 0.0008969999908003956
0.032027000008383766 0.0
1
0
0.03206300002057105 0.000906000001123175
0.03206300002057105 1.00000761449337e-06
1
0
0.03291099998750724 0.0009540000173728913
0.03291099998750724 1.00000761449337e-06
1
0
0.03185999998822808 0.0008889999880921096
0.03185999998822808 0.0
1
0
0.033515999995870516 0.0009950000094249845
0.033515999995870516 0.0
1
0
0.03195500001311302 0.0008990000060293823
0.03195500001311302 0.0
1
0
0.031833000015467405 0.0009179999760817736
0.031833000015467405 9.999785106629133e-07
1
0
1
0
0.03208599999197759 0.0008950000046752393
0.03208599999197759 1.00000761449337e-06
1
0
0.03209900000365451 0.0009000000136438757
0.03209900000365451 0.0
1
0
0.0319980000203941 0.0008820000221021473
0.0319980000203941 1.00000761449337e-06
1
0
0.03201199998147786 0.000893999997060746
0.03201199998147786 1.00000761449337e-06
1
0
0.03226800000993535 0.0009349999891128391
0.03226800000993535 0.0
1
0
0.03254900002502836 0.0008990000060293823
0.03254900002502836 0.0
1
0
0.032276000012643635 0.0008960000122897327
0.032276000012643635 0.0
1
0
0.03192700000363402 0.0008910000033210963
0.03192700000363402 1.00000761449337e-06
1
0
0.032081999990623444 0.0008839999791234732
0.032081999990623444 1.00000761449337e-06
1
0
0.032355999981518835 0.0008990000060293823
0.032355999981518835 0.0
1
0
0.03211500000907108 0.0008819999929983169
0.03211500000907108 0.0
1
0
0.03231499998946674 0.0009419999842066318
0.03231499998946674 0.0
1
0
0.03216400000383146 0.0009280000231228769
0.03216400000383146 0.0
1
0
0.03203400000347756 0.0008749999979045242
0.03203400000347756 1.00000761449337e-06
1
0
0.0320499999797903 0.0009199999913107604
0.0320499999797903 0.0
1
0
0.03202799998689443 0.0008889999880921096
0.03202799998689443 0.0
1
0
0.03229999999166466 0.0008789999992586672
0.03229999999166466 0.0
1
0
0.03199400001903996 0.0008840000082273036
0.03199400001903996 9.999785106629133e-07
1
0
0.03221900001517497 0.0009010000212583691
0.03221900001517497 0.0
1
0
0.031885000003967434 0.0008859999943524599
0.031885000003967434 0.0
1
0
0.035168000002158806 0.0009450000070501119
0.035168000002158806 0.0
1
0
0.034444999997504056 0.0009540000173728913
0.034444999997504056 0.0
1
0
0.03438800000003539 0.0009399999980814755
0.03438800000003539 1.00000761449337e-06
1
0
0.03439099999377504 0.0009399999980814755
0.03439099999377504 0.0
1
0
0.03448900001239963 0.0009569999820087105
0.03448900001239963 0.0
1
0
0.03483399999095127 0.0009340000106021762
0.03483399999095127 0.0
1
0
0.03496700001414865 0.0009750000026542693
0.03496700001414865 0.0
1
0
0.03427000000374392 0.0009389999904669821
0.03427000000374392 1.00000761449337e-06
1
0
0.03447000001324341 0.0009429999918211251
0.03447000001324341 1.00000761449337e-06
1
0
0.03463000000920147 0.0009700000227894634
0.03463000000920147 0.0
1
0
0.03507099999114871 0.0009410000056959689
0.03507099999114871 0.0
1
0
0.036697000003186986 0.0009889999928418547
0.036697000003186986 0.0
1
0
0.04486599998199381 0.0011999999987892807
0.04486599998199381 1.00000761449337e-06
0.037265999999362975 0.001024000026518479
0.037265999999362975 0.0
1
0
0.03745900001376867 0.0010529999854043126
0.03745900001376867 1.00000761449337e-06
1
0
0.037290000007487833 0.0012280000082682818
0.037290000007487833 0.0
1
0
0.037960999994538724 0.0011200000008102506
0.037960999994538724 0.0
1
0
0.03753400000277907 0.001066999975591898
0.03753400000277907 1.00000761449337e-06
1
0
0.03772799999569543 0.0010260000126436353
0.03772799999569543 0.0
1
0
0.032081999990623444 0.0008910000033210963
0.032081999990623444 0.0
1
0
1
0
0.03270600002724677 0.0008960000122897327
0.03270600002724677 0.0
1
0
0.03186199997435324 0.0009170000266749412
0.03186199997435324 0.0
1
0
0.03224400000181049 0.0009199999913107604
0.03224400000181049 0.0
1
0
0.03200000000651926 0.0009009999921545386
0.03200000000651926 0.0
1
0
0.03229199998895638 0.0008990000060293823
0.03229199998895638 1.00000761449337e-06
1
0
0.03245500000775792 0.0008999999845400453
0.03245500000775792 1.00000761449337e-06
1
0
0.032041999977082014 0.0008970000199042261
0.032041999977082014 0.0
1
0
0.032193000020924956 0.0009190000128000975
0.032193000020924956 0.0
1
0
0.0323050000006333 0.0009040000149980187
0.0323050000006333 1.00000761449337e-06
1
0
0.03203199998824857 0.0008870000019669533
0.03203199998824857 1.00000761449337e-06
1
0
0.03200899998773821 0.0009269999864045531
0.03200899998773821 9.999785106629133e-07
1
0
0.03182199998991564 0.0009220000065397471
0.03182199998991564 0.0
1
0
0.032386999984737486 0.000901999999769032
0.032386999984737486 1.00000761449337e-06
1
0
0.0321399999957066 0.0009110000100918114
0.0321399999957066 0.0
1
0
0.032426999998278916 0.000897999998414889
0.032426999998278916 0.0
1
0
0.03174199999193661 0.0009179999760817736
0.03174199999193661 0.0
1
0
0.03209900000365451 0.0009369999752379954
0.03209900000365451 1.00000761449337e-06
1
0
0.032004999986384064 0.0008920000109355897
0.032004999986384064 0.0
1
0
0.03212999997776933 0.0009110000100918114
0.03212999997776933 1.00000761449337e-06
1
0
0.03249399998458102 0.0009330000029876828
0.03249399998458102 0.0
1
0
0.034327999979723245 0.0009539999882690609
0.034327999979723245 9.999785106629133e-07
1
0
0.034222999995108694 0.0009509999945294112
0.034222999995108694 0.0
1
0
0.03445599999395199 0.0009549999958835542
0.03445599999395199 1.00000761449337e-06
1
0
0.03445000000647269 0.0009469999931752682
0.03445000000647269 0.0
1
0
0.034638999990420416 0.0009480000007897615
0.034638999990420416 1.00000761449337e-06
1
0
0.032214000006206334 0.0008889999880921096
0.032214000006206334 1.00000761449337e-06
1
0
0.03184099998907186 0.0008910000033210963
0.03184099998907186 0.0
1
0
0.032127999991644174 0.0009079999872483313
0.032127999991644174 0.0
1
0
0.03228600000147708 0.0008909999742172658
0.03228600000147708 0.0
1
0
0.039483999978983775 0.0010550000006332994
0.039483999978983775 0.0
1
0
0.060677000001305714 0.0016069999837782234
0.060677000001305714 0.0
0.03911599999992177 0.0010610000172164291
0.03911599999992177 0.0
1
0
0.03931600000942126 0.0010970000002998859
0.03931600000942126 0.0
1
0
0.03948300000047311 0.0010719999845605344
0.03948300000047311 0.0
1
0
0.03924799998640083 0.001069999998435378
0.03924799998640083 9.999785106629133e-07
1
0
0.039361000002827495 0.0011209999793209136
0.039361000002827495 1.00000761449337e-06
1
0
0.034635999996680766 0.0009560000034980476
0.034635999996680766 0.0
1
0
0.03168700000969693 0.0008859999943524599
0.03168700000969693 0.0
1
0
0.03167699999175966 0.0008929999894462526
0.03167699999175966 1.00000761449337e-06
1
0
0.03179100001580082 0.000893999997060746
0.03179100001580082 0.0
1
0
1
0
0.0319139999919571 0.0008610000077169389
0.0319139999919571 0.0
1
0
0.031824000005144626 0.0008919999818317592
0.031824000005144626 1.00000761449337e-06
1
0
0.03196900000330061 0.0008760000055190176
0.03196900000330061 0.0
1
0
0.03185299999313429 0.0009209999989252537
0.03185299999313429 0.0
1
0
0.03220099999452941 0.000893999997060746
0.03220099999452941 9.999785106629133e-07
1
0
0.03180699999211356 0.0008910000033210963
0.03180699999211356 1.00000761449337e-06
1
0
0.03201999998418614 0.0008809999853838235
0.03201999998418614 0.0
1
0
0.03198599998722784 0.0008680000028107315
0.03198599998722784 0.0
1
0
0.0318340000230819 0.0008960000122897327
0.0318340000230819 0.0
1
0
0.03245500000775792 0.0009209999989252537
0.03245500000775792 1.00000761449337e-06
1
0
0.03198600001633167 0.0008910000033210963
0.03198600001633167 0.0
1
0
0.031744000007165596 0.0008800000068731606
0.031744000007165596 1.00000761449337e-06
1
0
0.032170999998925254 0.0009549999958835542
0.032170999998925254 0.0
1
0
0.0334220000077039 0.0013509999844245613
0.0334220000077039 0.0
1
0
0.03471600002376363 0.001105000003008172
0.03471600002376363 9.999785106629133e-07
1
0
0.04008299999986775 0.0009599999757483602
0.04008299999986775 0.0
1
0
0.039767000009305775 0.0011510000040289015
0.039767000009305775 1.00000761449337e-06
1
0
0.03382299997610971 0.0009260000078938901
0.03382299997610971 0.0
1
0
0.03909200002090074 0.0014050000172574073
0.03909200002090074 1.00000761449337e-06
1
0
0.03977100001065992 0.001636000000871718
0.03977100001065992 1.00000761449337e-06
1
0
0.0438809999905061 0.001053999993018806
0.0438809999905061 0.0
1
0
0.041473999997833744 0.0011269999959040433
0.041473999997833744 1.00000761449337e-06
1
0
0.037798000004841015 0.0014380000066012144
0.037798000004841015 0.0
1
0
0.035428999981377274 0.0011660000018309802
0.035428999981377274 0.0
1
0
0.033765000000130385 0.0010469999979250133
0.033765000000130385 9.999785106629133e-07
1
0
0.03371400001924485 0.0011949999898206443
0.03371400001924485 0.0
1
0
0.037167000002227724 0.0014429999864660203
0.037167000002227724 0.0
1
0
0.0348960000264924 0.0009629999985918403
0.0348960000264924 0.0
1
0
0.04131500000949018 0.0010049999982584268
0.04131500000949018 1.00000761449337e-06
1
0
0.03276100000948645 0.0009890000219456851
0.03276100000948645 0.0
1
0
0.03843299997970462 0.0012229999992996454
0.03843299997970462 1.00000761449337e-06
1
0
0.0373070000205189 0.001041000010445714
0.0373070000205189 1.00000761449337e-06
0.0375789999961853 0.0010429999965708703
0.0375789999961853 0.0
1
0
0.036591999989468604 0.001053000014508143
0.036591999989468604 1.00000761449337e-06
1
0
0.035937000007834285 0.0009600000048521906
0.035937000007834285 1.00000761449337e-06
1
0
0.035929000005126 0.0010820000024978071
0.035929000005126 1.00000761449337e-06
1
0
0.035884999990230426 0.001049999991664663
0.035884999990230426 0.0
1
0
0.035142999986419454 0.0010840000177267939
0.035142999986419454 9.999785106629133e-07
1
0
0.039837999996962026 0.0009319999953731894
0.039837999996962026 9.999785106629133e-07
1
0
0.03082899999571964 0.0009040000149980187
0.03082899999571964 0.0
1
0
1
0
0.03366700001060963 0.0009930000232998282
0.03366700001060963 0.0
1
0
0.03364099998725578 0.0009839999838732183
0.03364099998725578 1.00000761449337e-06
1
0
0.04123000000254251 0.0010119999933522195
0.04123000000254251 1.00000761449337e-06
1
0
0.03416599999764003 0.0011989999911747873
0.03416599999764003 0.0
1
0
0.034601999999722466 0.0009629999985918403
0.034601999999722466 0.0
1
0
0.031854999979259446 0.0008870000019669533
0.031854999979259446 0.0
1
0
0.03925199998775497 0.0010489999840501696
0.03925199998775497 0.0
1
0
0.04464800001005642 0.0012900000147055835
0.04464800001005642 9.999785106629133e-07
1
0
0.04406600000220351 0.0012459999998100102
0.04406600000220351 0.0
1
0
0.04476999997859821 0.0012970000097993761
0.04476999997859821 9.999785106629133e-07
1
0
0.04410600001574494 0.001349999976810068
0.04410600001574494 1.00000761449337e-06
1
0
0.044954000011784956 0.001281000004382804
0.044954000011784956 0.0
0.04432200000155717 0.0011909999884665012
0.04432200000155717 0.0
1
0
0.0443059999961406 0.001197000005049631
0.0443059999961406 1.00000761449337e-06
1
0
0.043975000007776543 0.0011799999920185655
0.043975000007776543 1.00000761449337e-06
1
0
0.04408400002284907 0.0011790000135079026
0.04408400002284907 1.00000761449337e-06
1
0
0.044079999992391095 0.00120900000911206
0.044079999992391095 0.0
1
0
0.04432799998903647 0.0011839999933727086
0.04432799998903647 0.0
1
0
0.044301999994786456 0.0012909999932162464
0.044301999994786456 1.00000761449337e-06
1
0
0.04428999999072403 0.0011959999974351376
0.04428999999072403 0.0
1
0
0.04434999998193234 0.0012839999981224537
0.04434999998193234 0.0
1
0
0.04499300001771189 0.001369999983580783
0.04499300001771189 0.0
1
0
0.04780400000163354 0.0013780000153928995
0.04780400000163354 1.00000761449337e-06
1
0
0.0606229999975767 0.001520999998319894
0.0606229999975767 1.00000761449337e-06
1
0
0.05100899998797104 0.001305999991018325
0.05100899998797104 0.0
1
0
0.051767999975709245 0.0019460000039543957
0.051767999975709245 0.0
1
0
0.05160099998465739 0.0013439999893307686
0.05160099998465739 0.0
1
0
0.05179500000667758 0.0014109999756328762
0.05179500000667758 0.0
1
0
0.05568499999935739 0.0014650000084657222
0.05568499999935739 0.0
1
0
0.05040600002394058 0.0016550000000279397
0.05040600002394058 0.0
1
0
0.05363299997407012 0.001484000007621944
0.05363299997407012 0.0
1
0
0.06075799997779541 0.0014810000138822943
0.06075799997779541 0.0
1
0
0.0521899999876041 0.001537999982247129
0.0521899999876041 0.0
1
0
0.05226700002094731 0.001352000021142885
0.05226700002094731 1.00000761449337e-06
1
0
0.05165199999464676 0.0014460000093095005
0.05165199999464676 1.00000761449337e-06
1
0
0.059425000014016405 0.0015469999925699085
0.059425000014016405 0.0
1
0
0.05633199997828342 0.0016029999824240804
0.05633199997828342 1.00000761449337e-06
1
0
0.0553370000270661 0.0017680000164546072
0.0553370000270661 0.0
1
0
0.052844999998342246 0.0014739999896846712
0.052844999998342246 9.999785106629133e-07
1
0
0.054466000001411885 0.0015450000064447522
0.054466000001411885 1.00000761449337e-06
1
0
0.05454099999042228 0.001496999990195036
0.05454099999042228 1.00000761449337e-06
1
0
0.04559600001084618 0.0017680000164546072
0.04559600001084618 0.0
1
0
0.046849000005749986 0.0018409999902360141
0.046849000005749986 1.00000761449337e-06
1
0
0.04722500001662411 0.0015830000047571957
0.04722500001662411 1.00000761449337e-06
1
0
0.0558700000110548 0.001289999985601753
0.0558700000110548 1.00000761449337e-06
1
0
0.048112999997101724 0.0013749999925494194
0.048112999997101724 1.00000761449337e-06
1
0
0.04691199999069795 0.0014019999944139272
0.04691199999069795 9.999785106629133e-07
1
0
0.04671399999642745 0.0017729999963194132
0.04671399999642745 1.00000761449337e-06
1
0
0.049064000020734966 0.0013290000206325203
0.049064000020734966 0.0
1
0
0.049124999990453944 0.0010100000072270632
0.049124999990453944 0.0
1
0
0.04397400000016205 0.0010760000150185078
0.04397400000016205 1.00000761449337e-06
1
0
0.03831999999238178 0.0011860000086016953
0.03831999999238178 1.00000761449337e-06
1
0
0.040305000002263114 0.0011539999977685511
0.040305000002263114 0.0
1
0
0.0376189999806229 0.0010649999894667417
0.0376189999806229 0.0
1
0
0.03724200002034195 0.0010089999996125698
0.03724200002034195 9.999785106629133e-07
1
0
0.036632000003010035 0.0010220000112894922
0.036632000003010035 0.0
1
0
0.03715700001339428 0.0010209999745711684
0.03715700001339428 0.0
1
0
0.03672600002028048 0.0010400000028312206
0.03672600002028048 9.999785106629133e-07
1
0
0.037219999998342246 0.001045000011799857
0.037219999998342246 1.00000761449337e-06
1
0
0.036653999995905906 0.001010999985737726
0.036653999995905906 0.0
1
0
0.03759000002173707 0.001104000024497509
0.03759000002173707 0.0
1
0
0.037234999996144325 0.0011909999884665012
0.037234999996144325 1.00000761449337e-06
1
0
0.03707700001541525 0.00100299998302944
0.03707700001541525 1.00000761449337e-06
1
0
0.03664000000571832 0.0010079999919980764
0.03664000000571832 0.0
1
0
0.037133999983780086 0.001041000010445714
0.037133999983780086 9.999785106629133e-07
1
0
0.03683599998475984 0.0010190000175498426
0.03683599998475984 0.0
1
0
0.037167000002227724 0.0010379999876022339
0.037167000002227724 0.0
1
0
0.036831999983405694 0.000994000001810491
0.036831999983405694 0.0
1
0
0.037600999989081174 0.001029000006383285
0.037600999989081174 0.0
1
0
0.036794999992707744 0.0010239999974146485
0.036794999992707744 0.0
1
0
0.03739599999971688 0.0011030000168830156
0.03739599999971688 1.00000761449337e-06
1
0
0.03763000000617467 0.0010519999777898192
0.03763000000617467 1.00000761449337e-06
1
0
0.03942600000300445 0.0011400000075809658
0.03942600000300445 0.0
1
0
0.038465999998152256 0.001180000021122396
0.038465999998152256 0.0
1
0
0.041575999988708645 0.0011759999906644225
0.041575999988708645 0.0
1
0
0.03893099998822436 0.0010489999840501696
0.03893099998822436 1.00000761449337e-06
1
0
0.03740600001765415 0.0010150000161956996
0.03740600001765415 9.999785106629133e-07
1
0
0.03723600000375882 0.001037000009091571
0.03723600000375882 0.0
1
0
0.037293999979738146 0.0010309999925084412
0.037293999979738146 1.00000761449337e-06
1
0
0.03677800000878051 0.0010139999794773757
0.03677800000878051 1.00000761449337e-06
1
0
1
0
0.037500000005820766 0.0010020000045187771
0.037500000005820766 1.00000761449337e-06
1
0
0.03692500002216548 0.0010170000023208559
0.03692500002216548 0.0
1
0
0.036666999978479 0.0010270000202581286
0.036666999978479 0.0
1
0
0.03682100001606159 0.0010379999876022339
0.03682100001606159 0.0
1
0
0.03675299999304116 0.00101200002245605
0.03675299999304116 0.0
1
0
0.03730099997483194 0.0010440000041853637
0.03730099997483194 1.00000761449337e-06
1
0
0.03723099999479018 0.0010070000134874135
0.03723099999479018 0.0
1
0
0.03695300000254065 0.0010449999826960266
0.03695300000254065 1.00000761449337e-06
1
0
0.03671300000860356 0.0010229999898001552
0.03671300000860356 1.00000761449337e-06
1
0
0.03681000001961365 0.0010360000014770776
0.03681000001961365 0.0
1
0
0.036874999990686774 0.0010919999913312495
0.036874999990686774 1.00000761449337e-06
1
0
0.037050999992061406 0.0010020000045187771
0.037050999992061406 1.00000761449337e-06
1
0
0.036930999980540946 0.001033000007737428
0.036930999980540946 1.00000761449337e-06
1
0
0.03681299998424947 0.0010320000001229346
0.03681299998424947 9.999785106629133e-07
1
0
0.036742999975103885 0.0010060000058729202
0.036742999975103885 9.999785106629133e-07
1
0
0.03705500002251938 0.0010089999996125698
0.03705500002251938 0.0
1
0
0.036651000002166256 0.0010130000009667128
0.036651000002166256 9.999785106629133e-07
1
0
0.03665300001739524 0.0010100000072270632
0.03665300001739524 1.00000761449337e-06
1
0
0.03662400000030175 0.0010150000161956996
0.03662400000030175 0.0
1
0
0.0367450000194367 0.0010060000058729202
0.0367450000194367 0.0
1
0
0.039598000003024936 0.0010620000248309225
0.039598000003024936 1.00000761449337e-06
1
0
0.039600999996764585 0.0010580000234767795
0.039600999996764585 0.0
1
0
0.03931900000316091 0.0010889999975915998
0.03931900000316091 1.00000761449337e-06
1
0
0.039385000010952353 0.0011899999808520079
0.039385000010952353 0.0
1
0
0.03947899999911897 0.0010799999872688204
0.03947899999911897 0.0
1
0
0.04034099998534657 0.0010799999872688204
0.04034099998534657 0.0
1
0
0.03970799999660812 0.0010649999894667417
0.03970799999660812 0.0
1
0
0.03915899997809902 0.0010729999921750277
0.03915899997809902 0.0
1
0
0.03943299999809824 0.0010809999948833138
0.03943299999809824 1.00000761449337e-06
1
0
0.039253000024473295 0.0011260000173933804
0.039253000024473295 0.0
1
0
0.03934499999741092 0.0010639999818522483
0.03934499999741092 1.00000761449337e-06
1
0
0.04480699999839999 0.0012500000011641532
0.04480699999839999 0.0
0.041601000004448 0.0011679999879561365
0.041601000004448 0.0
1
0
0.041767000016989186 0.0011769999982789159
0.041767000016989186 0.0
1
0
0.041591000015614554 0.0011079999967478216
0.041591000015614554 0.0
1
0
0.04175299999769777 0.001121999986935407
0.04175299999769777 1.00000761449337e-06
1
0
0.04225500000757165 0.001264000020455569
0.04225500000757165 1.00000761449337e-06
1
0
0.04218899999978021 0.0014170000213198364
0.04218899999978021 1.00000761449337e-06
1
0
0.036869000003207475 0.001020000025164336
0.036869000003207475 0.0
1
0
0.03668499999912456 0.0010099999781232327
0.03668499999912456 9.999785106629133e-07
1
0
1
0
0.03691699999035336 0.0010309999925084412
0.03691699999035336 0.0
1
0
0.03693599998950958 0.0010089999996125698
0.03693599998950958 0.0
1
0
0.03971899999305606 0.0010980000079143792
0.03971899999305606 1.00000761449337e-06
1
0
0.039102999988244846 0.0010529999854043126
0.039102999988244846 1.00000761449337e-06
1
0
0.03945799998473376 0.001065999997081235
0.03945799998473376 9.999785106629133e-07
1
0
0.03942099999403581 0.0011020000092685223
0.03942099999403581 0.0
1
0
0.03947099999641068 0.0010509999992791563
0.03947099999641068 0.0
1
0
0.03938999999081716 0.0010650000185705721
0.03938999999081716 0.0
1
0
0.0367170000099577 0.0010060000058729202
0.0367170000099577 1.00000761449337e-06
1
0
0.03734499998972751 0.0010189999884460121
0.03734499998972751 1.00000761449337e-06
1
0
0.037370000005466864 0.0011520000116433948
0.037370000005466864 0.0
1
0
0.03666400001384318 0.0010140000085812062
0.03666400001384318 9.999785106629133e-07
1
0
0.03696299999137409 0.001010999985737726
0.03696299999137409 0.0
1
0
0.0368529999977909 0.0009959999879356474
0.0368529999977909 0.0
1
0
0.03750700000091456 0.0010020000045187771
0.03750700000091456 1.00000761449337e-06
1
0
0.037469000002602115 0.0010119999933522195
0.037469000002602115 0.0
1
0
0.036493999999947846 0.0010130000009667128
0.036493999999947846 0.0
1
0
0.03677599999355152 0.0010469999979250133
0.03677599999355152 9.999785106629133e-07
1
0
0.03691100000287406 0.0010379999876022339
0.03691100000287406 0.0
1
0
0.03695099998731166 0.001033000007737428
0.03695099998731166 0.0
1
0
0.03799399998388253 0.0010480000055395067
0.03799399998388253 0.0
1
0
0.03700599999865517 0.0010480000055395067
0.03700599999865517 1.00000761449337e-06
1
0
0.03680899998289533 0.0010220000112894922
0.03680899998289533 0.0
1
0
0.03687899999204092 0.0010239999974146485
0.03687899999204092 1.00000761449337e-06
1
0
0.03669199999421835 0.0010119999933522195
0.03669199999421835 9.999785106629133e-07
1
0
0.03698699999949895 0.001006999984383583
0.03698699999949895 0.0
1
0
0.03716899998835288 0.0010049999982584268
0.03716899998835288 1.00000761449337e-06
1
0
0.037028999999165535 0.0010089999996125698
0.037028999999165535 0.0
1
0
0.03740199998719618 0.0010600000096019357
0.03740199998719618 0.0
1
0
0.036506000004010275 0.0010500000207684934
0.036506000004010275 0.0
1
0
0.04403000001912005 0.001213000010466203
0.04403000001912005 1.00000761449337e-06
0.05377300002146512 0.0014230000087991357
0.05377300002146512 0.0
1
0
0.04205700001330115 0.0011470000026747584
0.04205700001330115 0.0
1
0
0.041680000023916364 0.0011900000099558383
0.041680000023916364 0.0
1
0
0.0417369999922812 0.001133999990997836
0.0417369999922812 1.00000761449337e-06
1
0
0.04183200001716614 0.0011570000206120312
0.04183200001716614 0.0
1
0
0.04196100000990555 0.001117999985581264
0.04196100000990555 1.00000761449337e-06
1
0
0.037432000011904165 0.0010309999925084412
0.037432000011904165 1.00000761449337e-06
1
0
0.03673799999523908 0.0010100000072270632
0.03673799999523908 0.0
1
0
0.03672999999253079 0.0010600000096019357
0.03672999999253079 0.0
1
0
1
0
0.03700399998342618 0.001025000005029142
0.03700399998342618 0.0
1
0
0.037377000000560656 0.0009919999865815043
0.037377000000560656 0.0
1
0
0.036748999991687015 0.001041000010445714
0.036748999991687015 9.999785106629133e-07
1
0
0.03680000000167638 0.0010030000121332705
0.03680000000167638 0.0
1
0
0.036917999997967854 0.0011569999915082008
0.036917999997967854 0.0
1
0
0.03706099998089485 0.0010820000024978071
0.03706099998089485 1.00000761449337e-06
1
0
0.03717200001119636 0.001016000023810193
0.03717200001119636 9.999785106629133e-07
1
0
0.03667000000132248 0.0009980000031646341
0.03667000000132248 0.0
1
0
0.03720599997905083 0.0010130000009667128
0.03720599997905083 0.0
1
0
0.036567999981343746 0.0010009999969042838
0.036567999981343746 0.0
1
0
0.0371599999780301 0.0010130000009667128
0.0371599999780301 0.0
1
0
0.03697800001828 0.001025000005029142
0.03697800001828 0.0
1
0
0.03673200000775978 0.0010430000256747007
0.03673200000775978 0.0
1
0
0.03745299999718554 0.0010119999933522195
0.03745299999718554 0.0
1
0
0.037114999984623864 0.0010460000194143504
0.037114999984623864 0.0
1
0
0.037000999989686534 0.0010609999881125987
0.037000999989686534 1.00000761449337e-06
1
0
0.03666499999235384 0.0010349999938625842
0.03666499999235384 0.0
1
0
0.03677799997967668 0.0010380000167060643
0.03677799997967668 1.00000761449337e-06
1
0
0.03768600002513267 0.001033000007737428
0.03768600002513267 0.0
1
0
0.03694700001506135 0.0010170000023208559
0.03694700001506135 1.00000761449337e-06
1
0
0.03695300000254065 0.0010009999969042838
0.03695300000254065 0.0
1
0
0.036712000000989065 0.001006999984383583
0.036712000000989065 1.00000761449337e-06
1
0
0.03699099997174926 0.0011560000129975379
0.03699099997174926 0.0
1
0
0.03695300000254065 0.0010099999781232327
0.03695300000254065 0.0
1
0
0.03704900000593625 0.0010189999884460121
0.03704900000593625 1.00000761449337e-06
1
0
0.03667299999506213 0.0010420000180602074
0.03667299999506213 0.0
1
0
0.037072000006446615 0.0011360000062268227
0.037072000006446615 0.0
1
0
0.03802400000859052 0.0010520000068936497
0.03802400000859052 0.0
1
0
0.036856999999145046 0.0010060000058729202
0.036856999999145046 0.0
1
0
0.03660299998591654 0.0010150000161956996
0.03660299998591654 9.999785106629133e-07
1
0
0.0367850000038743 0.0010079999919980764
0.0367850000038743 1.00000761449337e-06
1
0
0.0441010000067763 0.0012230000284034759
0.0441010000067763 1.00000761449337e-06
0.039295999973546714 0.0010560000082477927
0.039295999973546714 0.0
1
0
0.03954999998677522 0.0010750000074040145
0.03954999998677522 0.0
1
0
0.03951299999607727 0.0010929999989457428
0.03951299999607727 0.0
1
0
0.039145999995525926 0.0010640000109560788
0.039145999995525926 0.0
1
0
0.039619000017410144 0.0010400000028312206
0.039619000017410144 9.999785106629133e-07
1
0
0.036801000009290874 0.0010110000148415565
0.036801000009290874 0.0
1
0
0.03458700000192039 0.0009429999918211251
0.03458700000192039 0.0
1
0
0.034251000004587695 0.0009850000205915421
0.034251000004587695 9.999785106629133e-07
1
0
1
0
0.037195000011706725 0.0010320000001229346
0.037195000011706725 0.0
1
0
0.037108999997144565 0.0010449999826960266
0.037108999997144565 1.00000761449337e-06
1
0
0.037140000000363216 0.0010009999969042838
0.037140000000363216 0.0
1
0
0.03733900000224821 0.001061999995727092
0.03733900000224821 0.0
1
0
0.03701900001033209 0.000994000001810491
0.03701900001033209 0.0
1
0
0.03741799999261275 0.0010170000023208559
0.03741799999261275 0.0
1
0
0.03695399998105131 0.0009969999955501407
0.03695399998105131 1.00000761449337e-06
1
0
0.03674700000556186 0.0010360000014770776
0.03674700000556186 1.00000761449337e-06
1
0
0.03681200000573881 0.0010349999938625842
0.03681200000573881 1.00000761449337e-06
1
0
0.036826000025030226 0.0010110000148415565
0.036826000025030226 0.0
1
0
0.03730799999902956 0.0010170000023208559
0.03730799999902956 0.0
1
0
0.03723099999479018 0.0010320000001229346
0.03723099999479018 1.00000761449337e-06
1
0
0.03708200002438389 0.0010150000161956996
0.03708200002438389 0.0
1
0
0.037161000014748424 0.0010309999925084412
0.037161000014748424 0.0
1
0
0.037280999997165054 0.001006999984383583
0.037280999997165054 0.0
1
0
0.03742700000293553 0.001049999991664663
0.03742700000293553 0.0
1
0
0.036847000010311604 0.0010070000134874135
0.036847000010311604 1.00000761449337e-06
1
0
0.03696299999137409 0.0010999999940395355
0.03696299999137409 0.0
1
0
0.03665799999726005 0.0010030000121332705
0.03665799999726005 9.999785106629133e-07
1
0
0.03710399998817593 0.001037000009091571
0.03710399998817593 0.0
1
0
0.03702099999645725 0.0010100000072270632
0.03702099999645725 0.0
1
0
0.03686100000049919 0.0010049999982584268
0.03686100000049919 1.00000761449337e-06
1
0
0.03732800000580028 0.0010329999786335975
0.03732800000580028 0.0
1
0
0.03683699999237433 0.0010249999759253114
0.03683699999237433 0.0
1
0
0.036869000003207475 0.0010479999764356762
0.036869000003207475 0.0
1
0
0.03682700000354089 0.0010219999821856618
0.03682700000354089 1.00000761449337e-06
1
0
0.036859999992884696 0.0010529999854043126
0.036859999992884696 0.0
1
0
0.03736799999023788 0.0010030000121332705
0.03736799999023788 1.00000761449337e-06
1
0
0.03690700000151992 0.0010229999898001552
0.03690700000151992 1.00000761449337e-06
1
0
0.03698099998291582 0.001008000021101907
0.03698099998291582 0.0
1
0
0.04192499999771826 0.0012470000074245036
0.04192499999771826 0.0
1
0
0.04938300000503659 0.0013230000040493906
0.04938300000503659 9.999785106629133e-07
0.0394969999906607 0.0010769999935291708
0.0394969999906607 0.0
1
0
0.04007099999580532 0.0013069999986328185
0.04007099999580532 1.00000761449337e-06
1
0
0.03903899999568239 0.0010719999845605344
0.03903899999568239 1.00000761449337e-06
1
0
0.03926300001330674 0.0011229999945499003
0.03926300001330674 9.999785106629133e-07
1
0
0.03933400000096299 0.001117999985581264
0.03933400000096299 0.0
1
0
0.03452400001697242 0.000990999978967011
0.03452400001697242 1.00000761449337e-06
1
0
0.03423799999291077 0.0009500000160187483
0.03423799999291077 0.0
1
0
0.03417299999273382 0.000977999996393919
0.03417299999273382 0.0
1
0
0.035290999978315085 0.0009410000056959689
0.035290999978315085 0.0
1
0
0.0343810000049416 0.0009669999999459833
0.0343810000049416 0.0
1
0
0.034635999996680766 0.0009579999896232039
0.034635999996680766 0.0
1
0
0.034192999999504536 0.0009889999928418547
0.034192999999504536 0.0
1
0
0.03505500001483597 0.0010139999794773757
0.03505500001483597 9.999785106629133e-07
1
0
0.03421300000627525 0.0009520000021439046
0.03421300000627525 1.00000761449337e-06
1
0
0.03468599999905564 0.0009579999896232039
0.03468599999905564 0.0
1
0
0.0341259999840986 0.0009460000146646053
0.0341259999840986 0.0
1
0
0.03483800002140924 0.0009579999896232039
0.03483800002140924 0.0
1
0
0.034420000010868534 0.0009669999999459833
0.034420000010868534 9.999785106629133e-07
1
0
0.03722100000595674 0.0011319999757688493
0.03722100000595674 1.00000761449337e-06
1
0
0.03695400001015514 0.001024000026518479
0.03695400001015514 9.999785106629133e-07
1
0
0.03730999998515472 0.00101200002245605
0.03730999998515472 0.0
1
0
0.03671099999337457 0.0010639999818522483
0.03671099999337457 1.00000761449337e-06
1
0
0.0371199999935925 0.0009990000107791275
0.0371199999935925 1.00000761449337e-06
1
0
0.03663700001197867 0.001010999985737726
0.03663700001197867 0.0
1
0
0.037148999981582165 0.0010140000085812062
0.037148999981582165 1.00000761449337e-06
1
0
0.03697600000305101 0.0012660000065807253
0.03697600000305101 1.00000761449337e-06
1
0
0.03770700001041405 0.0015529999800492078
0.03770700001041405 0.0
1
0
0.03657899997779168 0.0010140000085812062
0.03657899997779168 1.00000761449337e-06
1
0
0.0395190000126604 0.0011980000126641244
0.0395190000126604 0.0
1
0
0.036884000001009554 0.0010320000001229346
0.036884000001009554 1.00000761449337e-06
1
0
0.03719900001306087 0.0010529999854043126
0.03719900001306087 1.00000761449337e-06
1
0
0.0368249999883119 0.0010210000036749989
0.0368249999883119 1.00000761449337e-06
1
0
0.0371539999905508 0.001025000005029142
0.0371539999905508 0.0
1
0
0.03662800000165589 0.00101200002245605
0.03662800000165589 0.0
1
0
0.0372450000140816 0.0010040000197477639
0.0372450000140816 1.00000761449337e-06
1
0
0.03675899998052046 0.0010170000023208559
0.03675899998052046 9.999785106629133e-07
1
0
0.037121000001206994 0.0010170000023208559
0.037121000001206994 1.00000761449337e-06
1
0
0.03689499999745749 0.0010169999732170254
0.03689499999745749 1.00000761449337e-06
1
0
0.03725500000291504 0.001025000005029142
0.03725500000291504 0.0
1
0
0.037253999995300546 0.0010849999962374568
0.037253999995300546 0.0
1
0
0.037244000006467104 0.000998999981675297
0.037244000006467104 0.0
1
0
0.037043999996967614 0.0010089999996125698
0.037043999996967614 1.00000761449337e-06
1
0
0.03705499999341555 0.00101200002245605
0.03705499999341555 9.999785106629133e-07
1
0
0.036934000003384426 0.0010040000197477639
0.036934000003384426 0.0
1
0
0.037314999994123355 0.0010640000109560788
0.037314999994123355 1.00000761449337e-06
1
0
0.03672699999879114 0.0010159999947063625
0.03672699999879114 0.0
1
0
0.03722699999343604 0.001025000005029142
0.03722699999343604 0.0
1
0
INFO:sc2.protocol:Client status changed to Status.ended (was Status.in_game)
INFO:sc2.protocol:Client status changed to Status.ended (was Status.in_game)
INFO:root:Result for player 2 - Bot(Race.Terran, <bots.Showing_bot.speedBot.MarinBot object at 0x7fa9af6eec50>): Defeat
INFO:root:Result for player 1 - Bot(Race.Terran, <bots.Bluebird.bot.Bot object at 0x7fa9af6731d0>): Victory
INFO:sc2.client:Saved replay to outs/2020-01-17T11-28-03/replays/blue_bird-showing_bot/blue_bird-showing_bot-2.SC2Replay
INFO:sc2.protocol:Client status changed to Status.launched (was Status.ended)
INFO:sc2.protocol:Client status changed to Status.quit (was Status.launched)
INFO:sc2.sc2process:kill_switch: Process cleanup
INFO:sc2.sc2process:Cleaning up...
INFO:sc2.sc2process:Cleanup complete
INFO:sc2.sc2process:Cleaning up...
INFO:sc2.sc2process:Cleanup complete
INFO:sc2.protocol:Client status changed to Status.launched (was Status.ended)
INFO:sc2.protocol:Cannot receive: Connection already closed.
INFO:sc2.sc2process:kill_switch: Process cleanup
INFO:sc2.sc2process:Cleaning up...
INFO:sc2.sc2process:Cleanup complete
INFO:sc2.sc2process:Cleaning up...
INFO:sc2.sc2process:Cleanup complete


## STDERR ##

Version: B75689 (SC2.4.10)
Build: Aug 12 2019 17:16:57
Command Line: '"/home/hspark8312/StarCraftII/Versions/Base75689/SC2_x64" -listen 127.0.0.1 -port 15059 -displayMode 0 -dataDir /home/hspark8312/StarCraftII -tempDir /tmp/SC2_cl9ysg01'
Starting up...
Startup Phase 1 complete
Version: B75689 (SC2.4.10)
Build: Aug 12 2019 17:16:57
Command Line: '"/home/hspark8312/StarCraftII/Versions/Base75689/SC2_x64" -listen 127.0.0.1 -port 15141 -displayMode 0 -dataDir /home/hspark8312/StarCraftII -tempDir /tmp/SC2_4d1jp3f9'
Starting up...
Startup Phase 1 complete
Startup Phase 2 complete
Creating stub renderer...
Listening on: 127.0.0.1:15059
Startup Phase 3 complete. Ready for commands.
Startup Phase 2 complete
Creating stub renderer...
ConnectHandler: Request from 127.0.0.1:56332 accepted
ReadyHandler: 127.0.0.1:56332 ready
Requesting to join a multiplayer game
Configuring interface options
Configure: raw interface enabled
Configure: feature layer interface enabled
Configure: score interface enabled
Configure: render interface disabled
Listening on: 127.0.0.1:15141
Startup Phase 3 complete. Ready for commands.
ConnectHandler: Request from 127.0.0.1:56334 accepted
ReadyHandler: 127.0.0.1:56334 ready
Requesting to join a multiplayer game
Configuring interface options
Configure: raw interface enabled
Configure: feature layer interface enabled
Configure: score interface enabled
Configure: render interface disabled
Create game with map path: NCFellowship-2019_m1_v6.SC2Map
Attempting to join a game with the map: NCFellowship-2019_m1_v6.SC2Map
Game has started.
Using default stable ids, none found at: /home/hspark8312/StarCraftII/stableid.json
Successfully loaded stable ids: GameData\stableid.json
Sending ResponseJoinGame
Game has started.
Using default stable ids, none found at: /home/hspark8312/StarCraftII/stableid.json
Successfully loaded stable ids: GameData\stableid.json
Sending ResponseJoinGame
RequestQuit command received.
Closing Application...
/home/hspark8312/anaconda3/envs/sc2/lib/python3.6/importlib/_bootstrap.py:219: RuntimeWarning: numpy.ufunc size changed, may indicate binary incompatibility. Expected 192 from C header, got 216 from PyObject
  return f(*args, **kwds)
/home/hspark8312/anaconda3/envs/sc2/lib/python3.6/importlib/_bootstrap.py:219: RuntimeWarning: numpy.ufunc size changed, may indicate binary incompatibility. Expected 192 from C header, got 216 from PyObject
  return f(*args, **kwds)
/home/hspark8312/anaconda3/envs/sc2/lib/python3.6/site-packages/tensorboard/compat/tensorflow_stub/dtypes.py:541: FutureWarning: Passing (type, 1) or '1type' as a synonym of type is deprecated; in a future version of numpy, it will be understood as (type, (1,)) / '(1,)type'.
  _np_qint8 = np.dtype([("qint8", np.int8, 1)])
/home/hspark8312/anaconda3/envs/sc2/lib/python3.6/site-packages/past/builtins/misc.py:45: DeprecationWarning: the imp module is deprecated in favour of importlib; see the module's documentation for alternative uses
  from imp import reload
/mnt/d/sc2minigame-eval-2020-01-09/bots/Showing_bot/speedBot.py:1643: RuntimeWarning: coroutine 'TerreinManager.debug' was never awaited
  self.terrein_manager.debug()
