## STDOUT ##

[[92mINFO[0m] SC2 4.9.0 용 패치 적용
패치 sc2.ids.ability_id
패치 sc2.game_state
패치 sc2.bot_ai
패치 sc2.client
패치 sc2.controller
패치 sc2.main
INFO:root:Failed to import cuda module: No module named 'caffe2.python.caffe2_pybind11_state_gpu'
INFO:root:Failed to import AMD hip module: No module named 'caffe2.python.caffe2_pybind11_state_hip'
WARNING:root:This caffe2 python run does not have GPU support. Will run in CPU only mode.
cpu
INFO:sc2.protocol:Client status changed to Status.launched (was None)
INFO:sc2.protocol:Client status changed to Status.launched (was None)
INFO:sc2_patch.sc2_patch_490.controller:Creating new game
INFO:sc2_patch.sc2_patch_490.controller:Map:     NCFellowship-2019_m1_v6
INFO:sc2_patch.sc2_patch_490.controller:Players: Bot(Race.Terran, <bots.Showing_bot.speedBot.MarinBot object at 0x7fe06c328f28>), Bot(Race.Terran, <bots.big.custom_bot.CustomBot object at 0x7fe05d2cff28>)
INFO:sc2.protocol:Client status changed to Status.init_game (was Status.launched)
INFO:sc2.protocol:Client status changed to Status.in_game (was None)
INFO:root:Player 2 - Bot(Race.Terran, <bots.big.custom_bot.CustomBot object at 0x7fe05d2cff28>)
TEST: 2, <bots.big.custom_bot.CustomBot object at 0x7fe05d2cff28>
INFO:sc2.protocol:Client status changed to Status.in_game (was None)
INFO:root:Player 1 - Bot(Race.Terran, <bots.Showing_bot.speedBot.MarinBot object at 0x7fe06c328f28>)
TEST: 1, <bots.Showing_bot.speedBot.MarinBot object at 0x7fe06c328f28>
load model: bots/Showing_bot/models/model-89.pt
create new model
0.044874000013805926 0.00273499998729676
0.044874000013805926 9.999785106629133e-07
0.04388499999186024 0.0022009999956935644
0.04388499999186024 0.0
0.043948000005912036 0.0015360000252258033
0.043948000005912036 0.0
0.04349400001228787 0.0010780000011436641
0.04349400001228787 0.0
0.04425999999511987 0.0010939999774564058
0.04425999999511987 0.0
0.04370899999048561 0.0010809999948833138
0.04370899999048561 0.0
0.043658999988110736 0.0010720000136643648
0.043658999988110736 1.00000761449337e-06
0.04368100001011044 0.0010839999886229634
0.04368100001011044 1.00000761449337e-06
0.04363899998134002 0.0011389999999664724
0.04363899998134002 0.0
0.04383800001232885 0.001073999999789521
0.04383800001232885 0.0
0.043585000006714836 0.001129999989643693
0.043585000006714836 0.0
0.0438690000155475 0.0010640000109560788
0.0438690000155475 0.0
0.043433999991975725 0.001069999998435378
0.043433999991975725 0.0
0.04366399999707937 0.0010860000038519502
0.04366399999707937 9.999785106629133e-07
0.044471000001067296 0.00112900001113303
0.044471000001067296 0.0
0.04386399997747503 0.0012459999998100102
0.04386399997747503 0.0
0.04368200001772493 0.0011639999866019934
0.04368200001772493 0.0
0.043525999994017184 0.0013029999972786754
0.043525999994017184 0.0
0.0435519999882672 0.0010750000074040145
0.0435519999882672 1.00000761449337e-06
0.043852000002516434 0.0011620000004768372
0.043852000002516434 1.00000761449337e-06
0.04612499999348074 0.0013470000121742487
0.04612499999348074 0.0
0.046417999983532354 0.0011470000026747584
0.046417999983532354 0.0
0.04579200001899153 0.0011190000222995877
0.04579200001899153 1.00000761449337e-06
0.0461430000141263 0.0011699999740812927
0.0461430000141263 1.00000761449337e-06
0.04599000001326203 0.0011289999820291996
0.04599000001326203 1.00000761449337e-06
0.0461829999985639 0.001133999990997836
0.0461829999985639 1.00000761449337e-06
0.04631499998504296 0.0012580000038724393
0.04631499998504296 1.00000761449337e-06
0.046353999990969896 0.0013500000059138983
0.046353999990969896 1.00000761449337e-06
0.04629900000873022 0.0011700000031851232
0.04629900000873022 0.0
0.045894999988377094 0.0011340000201016665
0.045894999988377094 0.0
0.046144000021740794 0.001189000002341345
0.046144000021740794 0.0
0.04662800001096912 0.002789999998640269
0.04662800001096912 0.0
0.046002999995835125 0.0013270000054035336
0.046002999995835125 0.0
0.04599799998686649 0.0011740000045392662
0.04599799998686649 0.0
0.045956999994814396 0.0011929999745916575
0.045956999994814396 0.0
0.048848999984329566 0.0013020000187680125
0.048848999984329566 9.999785106629133e-07
0.048337999993236735 0.0011939999822061509
0.048337999993236735 0.0
0.04886799998348579 0.0012020000140182674
0.04886799998348579 0.0
0.048715999990236014 0.0012210000131744891
0.048715999990236014 0.0
0.04916100000264123 0.0012740000092890114
0.04916100000264123 1.00000761449337e-06
changed strategy
0.054963999980827793 0.0030580000020563602
0.054963999980827793 1.00000761449337e-06
0.06117000000085682 0.0034619999933056533
0.06117000000085682 0.0
0.0610539999906905 0.001976999978069216
0.0610539999906905 0.0
0.06128500000340864 0.0016239999968092889
0.06128500000340864 0.0
0.0631240000075195 0.001640000002225861
0.0631240000075195 1.00000761449337e-06
0.06309899999178015 0.0015629999979864806
0.06309899999178015 1.00000761449337e-06
0.06409800000255927 0.0016429999959655106
0.06409800000255927 0.0
0.08476600001449697 0.0022809999936725944
0.08476600001449697 0.0
0.06407200000830926 0.0015780000248923898
0.06407200000830926 0.0
0.061446000006981194 0.0015399999974761158
0.061446000006981194 0.0
0.06321900000330061 0.0016210000030696392
0.06321900000330061 1.00000761449337e-06
0.06286100001307204 0.0015810000186320394
0.06286100001307204 0.0
0.06408599999849685 0.0016060000052675605
0.06408599999849685 0.0
0.06059000000823289 0.0014919999812263995
0.06059000000823289 0.0
0.058240999991539866 0.0014530000044032931
0.058240999991539866 0.0
0.05394099999102764 0.0013660000113304704
0.05394099999102764 1.00000761449337e-06
0.05340300002717413 0.0013379999727476388
0.05340300002717413 0.0
0.05352099999436177 0.001391000027069822
0.05352099999436177 1.00000761449337e-06
0.05361599999014288 0.0013299999991431832
0.05361599999014288 9.999785106629133e-07
0.05392000000574626 0.0013869999966118485
0.05392000000574626 0.0

0.05345199999283068 0.0013159999798517674
0.05345199999283068 0.0
ready
0.05583399999886751 0.0013599999947473407
0.05583399999886751 0.0
ready
0.060853000002680346 0.001500000013038516
0.060853000002680346 0.0
ready
0.06572899999446236 0.003716999985044822
0.06572899999446236 1.00000761449337e-06
ready
0.06601399998180568 0.0017340000194963068
0.06601399998180568 0.0
ready
0.06561900000087917 0.001636000000871718
0.06561900000087917 0.0
ready
0.06534200001624413 0.0016269999905489385
0.06534200001624413 0.0
ready
0.06565299999783747 0.0016219999815803021
0.06565299999783747 1.00000761449337e-06
ready
0.0653139999776613 0.0016030000115279108
0.0653139999776613 0.0
ready
0.06594000000040978 0.0016269999905489385
0.06594000000040978 9.999785106629133e-07
ready
0.06859499998972751 0.0018409999902360141
0.06859499998972751 1.00000761449337e-06
ready
0.06839299999410287 0.0017189999925903976
0.06839299999410287 1.00000761449337e-06
ready
0.07072400001925416 0.004221000010147691
0.07072400001925416 9.999785106629133e-07
ready
0.07016699999803677 0.0018350000027567148
0.07016699999803677 0.0
ready
0.07065100001636893 0.0017139999836217612
0.07065100001636893 0.0
ready
0.07057999999960884 0.0017809999990276992
0.07057999999960884 0.0
ready
0.07062700000824407 0.0018739999795798212
0.07062700000824407 0.0
ready
0.0711379999993369 0.0017869999865069985
0.0711379999993369 0.0
ready
0.07138000000850298 0.0017639999859966338
0.07138000000850298 0.0
ready
0.0678699999989476 0.0016499999910593033
0.0678699999989476 1.00000761449337e-06
ready
0.06673500000033528 0.0016409999807365239
0.06673500000033528 0.0
ready
0.06587099999887869 0.0016509999986737967
0.06587099999887869 0.0
ready
0.06312800000887364 0.0019199999806005508
0.06312800000887364 0.0
ready
0.06367399997543544 0.0017839999927673489
0.06367399997543544 0.0
ready
0.06362000000081025 0.0018179999897256494
0.06362000000081025 0.0
ready
0.06553200000780635 0.002072000002954155
0.06553200000780635 1.00000761449337e-06
ready
0.06330599999637343 0.0017820000066421926
0.06330599999637343 0.0
ready
0.0609740000218153 0.0017560000123921782
0.0609740000218153 0.0
ready
0.0569930000056047 0.001631999999517575
0.0569930000056047 1.00000761449337e-06
ready
0.056591999978991225 0.0015200000198092312
0.056591999978991225 0.0
ready
0.05581200000597164 0.0017149999912362546
0.05581200000597164 0.0
ready
0.05390100000659004 0.0018529999942984432
0.05390100000659004 0.0
go
0.053444999997736886 0.0013420000032056123
0.053444999997736886 1.00000761449337e-06
go
0.054094000020995736 0.0013939999917056412
0.054094000020995736 0.0
go
0.054453999997349456 0.0013800000015180558
0.054453999997349456 0.0
go
0.05438700001104735 0.0013769999786745757
0.05438700001104735 0.0
go
0.05343400000128895 0.0013380000018514693
0.05343400000128895 1.00000761449337e-06
go
0.05350800001178868 0.0013770000077784061
0.05350800001178868 0.0
go
0.05359999998472631 0.001340999995591119
0.05359999998472631 0.0
go
0.053935999982059 0.0013420000032056123
0.053935999982059 1.00000761449337e-06
go
0.05587300000479445 0.0014819999923929572
0.05587300000479445 0.0
go
0.0559320000174921 0.0014870000013615936
0.0559320000174921 0.0
go
0.05604900000616908 0.0013889999827370048
0.05604900000616908 0.0
go
0.05597399998805486 0.0013810000091325492
0.05597399998805486 1.00000761449337e-06
go
0.056129999982658774 0.0013820000167470425
0.056129999982658774 0.0
go
0.05640200001653284 0.0014360000204760581
0.05640200001653284 0.0
go
0.056083999981638044 0.001381999987643212
0.056083999981638044 1.00000761449337e-06
go
0.05579300000681542 0.0013979999930597842
0.05579300000681542 1.00000761449337e-06
go
0.05857799999648705 0.0016140000079758465
0.05857799999648705 9.999785106629133e-07
go
0.05893699999433011 0.0014669999945908785
0.05893699999433011 0.0
go
0.05880299999262206 0.0014400000218302011
0.05880299999262206 1.00000761449337e-06
go
0.058748000010382384 0.0014549999905284494
0.058748000010382384 1.00000761449337e-06
combat
0.061126000015065074 0.0016020000039134175
0.061126000015065074 1.00000761449337e-06
combat
0.06093799998052418 0.0015469999925699085
0.06093799998052418 0.0
combat
0.06123199997819029 0.0015490000077988952
0.06123199997819029 1.00000761449337e-06
combat
0.0616720000107307 0.0016260000120382756
0.0616720000107307 0.0
combat
0.06107199998223223 0.0014979999978095293
0.06107199998223223 0.0
combat
0.05929800000740215 0.0015200000198092312
0.05929800000740215 1.00000761449337e-06
combat
0.05856800000765361 0.0014819999923929572
0.05856800000765361 0.0
combat
0.05850300000747666 0.0014720000035595149
0.05850300000747666 0.0
combat
0.061652000003959984 0.0014720000035595149
0.061652000003959984 1.00000761449337e-06
combat
0.06110099999932572 0.001547000021673739
0.06110099999932572 0.0
combat
0.061165999999502674 0.0015450000064447522
0.061165999999502674 9.999785106629133e-07
combat
0.05863200000021607 0.0014730000111740083
0.05863200000021607 0.0
fallback
0.058954000007361174 0.0014389999851118773
0.058954000007361174 9.999785106629133e-07
fallback
0.05941700001130812 0.001524999999674037
0.05941700001130812 0.0
fallback
0.06337600000551902 0.0017140000127255917
0.06337600000551902 1.00000761449337e-06
fallback
0.05628799999249168 0.001416999992216006
0.05628799999249168 0.0
fallback
0.05605499999364838 0.0013770000077784061
0.05605499999364838 0.0
fallback
0.05623400001786649 0.0014389999851118773
0.05623400001786649 0.0
fallback
0.05577599999378435 0.0014179999998304993
0.05577599999378435 1.00000761449337e-06
fallback
0.05399600000237115 0.0014019999944139272
0.05399600000237115 0.0
ready
0.04191999998874962 0.001053999993018806
0.04191999998874962 1.00000761449337e-06
ready
0.04352199999266304 0.0010970000002998859
0.04352199999266304 1.00000761449337e-06
ready
0.044021999987307936 0.001137000013841316
0.044021999987307936 0.0
ready
0.05143700001644902 0.0014189999783411622
0.05143700001644902 0.0
ready
0.05603300000075251 0.0014570000057574362
0.05603300000075251 0.0
ready
0.05840499998885207 0.0014430000155698508
0.05840499998885207 0.0
ready
0.060710999998264015 0.0015359999961219728
0.060710999998264015 9.999785106629133e-07
ready
0.060981999995419756 0.0015060000005178154
0.060981999995419756 9.999785106629133e-07
ready
0.060853000002680346 0.0015279999934136868
0.060853000002680346 1.00000761449337e-06
ready
0.060877000010805205 0.001512999995611608
0.060877000010805205 0.0
ready
0.058111999998800457 0.0014779999910388142
0.058111999998800457 0.0
ready
0.060446000017691404 0.0015290000010281801
0.060446000017691404 0.0
ready
0.061105000000679865 0.001584000012371689
0.061105000000679865 0.0
0.05832199999713339 0.0014689999807160348
0.05832199999713339 9.999785106629133e-07
ready
0.057578999985707924 0.001476000004913658
0.057578999985707924 0.0
ready
ready
0.05336399999214336 0.0013340000004973263
0.05336399999214336 1.00000761449337e-06
0.051134000008460134 0.0013179999950807542
0.051134000008460134 9.999785106629133e-07
ready
0.05197899998165667 0.0015570000105071813
0.05197899998165667 0.0
ready
0.05367900000419468 0.001476000004913658
0.05367900000419468 9.999785106629133e-07
ready
0.050860000017564744 0.0013470000121742487
0.050860000017564744 9.999785106629133e-07
ready
0.050912999984575436 0.0016419999883510172
0.050912999984575436 0.0
ready
0.05132600001525134 0.001740999985486269
0.05132600001525134 0.0
ready
0.05116400000406429 0.0015160000184550881
0.05116400000406429 0.0
ready
0.0459899999841582 0.0012369999894872308
0.0459899999841582 1.00000761449337e-06
ready
ready
0.04391599999507889 0.0012390000047162175
0.04391599999507889 0.0
ready
0.04396700000506826 0.0013380000018514693
0.04396700000506826 0.0
ready
0.04387300001690164 0.0014030000020284206
0.04387300001690164 0.0
ready
0.04386399997747503 0.0015500000154133886
0.04386399997747503 0.0
ready
0.04409499999019317 0.0011060000106226653
0.04409499999019317 1.00000761449337e-06
ready
0.046420999977272004 0.0013580000086221844
0.046420999977272004 1.00000761449337e-06
ready
0.04949699999997392 0.0013219999964348972
0.04949699999997392 0.0
ready
0.05104099999880418 0.0016110000142361969
0.05104099999880418 0.0
ready
0.053588999988278374 0.0014720000035595149
0.053588999988278374 1.00000761449337e-06
ready
0.053638000012142584 0.0013760000001639128
0.053638000012142584 0.0
ready
0.05124000000068918 0.001324000011663884
0.05124000000068918 0.0
ready
0.051422999997157604 0.0013029999972786754
0.051422999997157604 0.0
ready
0.05625100000179373 0.001576999988174066
0.05625100000179373 0.0
ready
0.06296900002053007 0.0017370000132359564
0.06296900002053007 0.0
ready
0.054229000001214445 0.0013960000069346279
0.054229000001214445 0.0
ready
0.0641229999891948 0.001568000006955117
0.0641229999891948 1.00000761449337e-06
ready
0.07510700001148507 0.0018869999912567437
0.07510700001148507 1.00000761449337e-06
ready
0.05581200000597164 0.0014979999978095293
0.05581200000597164 1.00000761449337e-06
ready
0.05809100001351908 0.001552000001538545
0.05809100001351908 1.00000761449337e-06
ready
0.05646100000012666 0.001420999993570149
0.05646100000012666 9.999785106629133e-07
ready
0.056068999983835965 0.0014110000047367066
0.056068999983835965 1.00000761449337e-06
ready
0.055777000001398847 0.001361000002361834
0.055777000001398847 1.00000761449337e-06
ready
0.05663700000150129 0.001412999990861863
0.05663700000150129 0.0
0.053706000006059185 0.0013429999817162752
0.053706000006059185 0.0
ready
0.053918000019621104 0.0014270000101532787
0.053918000019621104 0.0
ready
ready
0.05128099999274127 0.0012710000155493617
0.05128099999274127 9.999785106629133e-07
ready
0.050773999973898754 0.0012500000011641532
0.050773999973898754 0.0
ready
0.05089799998677336 0.0012510000087786466
0.05089799998677336 0.0
ready
0.05122100000153296 0.0012969999806955457
0.05122100000153296 0.0
ready
0.05404099999577738 0.0016340000147465616
0.05404099999577738 0.0
ready
0.053485000011278316 0.001301999989664182
0.053485000011278316 0.0
ready
0.05365799998980947 0.0013909999979659915
0.05365799998980947 0.0
ready
0.05345300000044517 0.0013120000076014549
0.05345300000044517 0.0
ready
0.0534310000075493 0.0013190000026952475
0.0534310000075493 0.0
ready
0.053457000001799315 0.0012960000021848828
0.053457000001799315 1.00000761449337e-06
ready
0.051066999993054196 0.001436999998986721
0.051066999993054196 1.00000761449337e-06
ready
0.05111400000168942 0.0012509999796748161
0.05111400000168942 1.00000761449337e-06
ready
0.051326999993762 0.0013270000054035336
0.051326999993762 0.0
ready
0.0510610000055749 0.0012960000021848828
0.0510610000055749 1.00000761449337e-06
ready
0.05087099998490885 0.0012510000087786466
0.05087099998490885 9.999785106629133e-07
0.050959000014699996 0.00128900000709109
0.050959000014699996 1.00000761449337e-06
ready
0.05094899999676272 0.0012620000052265823
0.05094899999676272 0.0
ready
ready
0.04639500001212582 0.0011740000045392662
0.04639500001212582 1.00000761449337e-06
0.043599999975413084 0.001088000019080937
0.043599999975413084 0.0
ready
ready
0.04696700000204146 0.001209999987622723
0.04696700000204146 1.00000761449337e-06
ready
0.0438750000030268 0.0011999999987892807
0.0438750000030268 1.00000761449337e-06
ready
0.04160499997669831 0.0012210000131744891
0.04160499997669831 9.999785106629133e-07
ready
0.054774000018369406 0.0012270000006537884
0.054774000018369406 0.0
ready
0.04112300000269897 0.001281000004382804
0.04112300000269897 0.0
ready
0.04132799999206327 0.0010680000123102218
0.04132799999206327 1.00000761449337e-06
ready
0.046014999999897555 0.0017570000200066715
0.046014999999897555 0.0
ready
0.04270600000745617 0.001201000006403774
0.04270600000745617 9.999785106629133e-07
ready
0.041144999995594844 0.001049000013154
0.041144999995594844 0.0
ready
0.041067999991355464 0.0011959999974351376
0.041067999991355464 0.0
ready
0.041865000006509945 0.0010970000002998859
0.041865000006509945 1.00000761449337e-06
ready
0.0388329999987036 0.0009919999865815043
0.0388329999987036 0.0
ready
0.036675000010291114 0.0009520000021439046
0.036675000010291114 0.0
ready
0.036567999981343746 0.0009509999945294112
0.036567999981343746 0.0
ready
0.03884300001664087 0.0010820000024978071
0.03884300001664087 1.00000761449337e-06
ready
0.04278099999646656 0.0010940000065602362
0.04278099999646656 0.0
ready
0.04154900001594797 0.0010690000199247152
0.04154900001594797 1.00000761449337e-06
ready
0.041393999999854714 0.0010759999859146774
0.041393999999854714 0.0
ready
0.0415999999968335 0.0010150000161956996
0.0415999999968335 0.0
ready
0.039244000014150515 0.0009979999740608037
0.039244000014150515 9.999785106629133e-07
ready
0.03888899998855777 0.0009629999985918403
0.03888899998855777 0.0
ready
0.03869499999564141 0.0010199999960605055
0.03869499999564141 0.0
ready
0.03914400000940077 0.0009689999860711396
0.03914400000940077 0.0
ready
0.03660399999353103 0.0009179999760817736
0.03660399999353103 0.0
ready
0.03641299999435432 0.0009560000034980476
0.03641299999435432 1.00000761449337e-06
ready
0.03428599998005666 0.000906000001123175
0.03428599998005666 0.0
ready
0.03375400000368245 0.0008410000009462237
0.03375400000368245 0.0
ready
0.0338190000038594 0.0008410000009462237
0.0338190000038594 1.00000761449337e-06
ready
0.03402700001606718 0.0008460000099148601
0.03402700001606718 1.00000761449337e-06
ready
0.03405600000405684 0.0008479999960400164
0.03405600000405684 1.00000761449337e-06
ready
0.03676699998322874 0.0009560000034980476
0.03676699998322874 9.999785106629133e-07
ready
0.0363939999951981 0.000901999999769032
0.0363939999951981 0.0
ready
0.03624399998807348 0.0009190000128000975
0.03624399998807348 0.0
ready
0.038776000001234934 0.0009710000013001263
0.038776000001234934 1.00000761449337e-06
ready
0.0413119999866467 0.001065999997081235
0.0413119999866467 1.00000761449337e-06
ready
0.04115499998442829 0.0010400000028312206
0.04115499998442829 0.0
ready
0.03642400001990609 0.0009119999886024743
0.03642400001990609 1.00000761449337e-06
ready
0.03649500000756234 0.0009179999760817736
0.03649500000756234 0.0
0.03623900000820868 0.000973999995039776
0.03623900000820868 1.00000761449337e-06
ready
0.03644299998995848 0.0009279999940190464
0.03644299998995848 1.00000761449337e-06
ready
ready
0.039339000009931624 0.0012239999778103083
0.039339000009931624 0.0
ready
0.03861200000392273 0.0009879999852273613
0.03861200000392273 9.999785106629133e-07
go
0.03893400001106784 0.0011559999838937074
0.03893400001106784 9.999785106629133e-07
go
0.03878100001020357 0.0014519999967887998
0.03878100001020357 1.00000761449337e-06
go
0.03881399999954738 0.001008000021101907
0.03881399999954738 1.00000761449337e-06
go
0.03857699999934994 0.0009719999798107892
0.03857699999934994 9.999785106629133e-07
go
0.03867600002558902 0.0009800000116229057
0.03867600002558902 0.0
go
0.03620500001125038 0.000918999983696267
0.03620500001125038 0.0
go
0.03604999999515712 0.0009209999989252537
0.03604999999515712 1.00000761449337e-06
go
0.03666399998473935 0.0009439999994356185
0.03666399998473935 9.999785106629133e-07
go
0.039189000002807006 0.0009929999941959977
0.039189000002807006 1.00000761449337e-06
go
0.03643900001770817 0.0009490000084042549
0.03643900001770817 1.00000761449337e-06
go
0.036660000012489036 0.0009209999989252537
0.036660000012489036 0.0
go
0.03623600001446903 0.0009119999886024743
0.03623600001446903 0.0
go
0.036684000020613894 0.0009299999801442027
0.036684000020613894 0.0
go
0.036548999982187524 0.0009520000021439046
0.036548999982187524 1.00000761449337e-06
go
0.03631600001244806 0.0009269999864045531
0.03631600001244806 0.0
go
0.03890800001681782 0.0009889999928418547
0.03890800001681782 0.0
go
0.03866099999868311 0.0009809999901335686
0.03866099999868311 1.00000761449337e-06
go
0.03879600000800565 0.0009890000219456851
0.03879600000800565 1.00000761449337e-06
go
0.04220799999893643 0.0012419999984558672
0.04220799999893643 9.999785106629133e-07
go
0.044055000005755574 0.0012350000033620745
0.044055000005755574 9.999785106629133e-07
go
0.04345800000010058 0.0011020000092685223
0.04345800000010058 9.999785106629133e-07
go
0.043822000006912276 0.0011119999981019646
0.043822000006912276 9.999785106629133e-07
0.0433760000159964 0.0011280000035185367
0.0433760000159964 0.0
go
0.04598200001055375 0.0012590000114869326
0.04598200001055375 0.0
go
go
0.04683199999271892 0.0011759999906644225
0.04683199999271892 1.00000761449337e-06
go
0.04739500000141561 0.0011539999977685511
0.04739500000141561 9.999785106629133e-07
0.04706300000543706 0.0014079999818932265
0.04706300000543706 0.0
go
0.0463879999879282 0.0012209999840706587
0.0463879999879282 9.999785106629133e-07
go
go
0.04864900000393391 0.0014640000008512288
0.04864900000393391 1.00000761449337e-06
go
0.048799000011058524 0.0018359999812673777
0.048799000011058524 1.00000761449337e-06
go
0.046864000003552064 0.0012280000082682818
0.046864000003552064 0.0
go
0.045932000008178875 0.001588000013725832
0.045932000008178875 1.00000761449337e-06
go
0.046242999989772215 0.0015790000034030527
0.046242999989772215 0.0
go
0.0459899999841582 0.006018000014591962
0.0459899999841582 0.0
go
0.04637399999774061 0.001221999991685152
0.04637399999774061 0.0
go
0.043799999984912574 0.0011119999981019646
0.043799999984912574 0.0
go
0.043584999977611005 0.0010959999926853925
0.043584999977611005 0.0
go
0.043704999989131466 0.001125000009778887
0.043704999989131466 0.0
go
0.046578000008594245 0.001180999999633059
0.046578000008594245 1.00000761449337e-06
go
0.057025999994948506 0.0019749999919440597
0.057025999994948506 0.0
go
0.05632299999706447 0.001508999994257465
0.05632299999706447 1.00000761449337e-06
go
0.05834700001287274 0.0015869999770075083
0.05834700001287274 1.00000761449337e-06
go
0.06106300000101328 0.0016370000084862113
0.06106300000101328 0.0
go
0.06316200000583194 0.0017750000115484
0.06316200000583194 0.0
go
0.06303699998534285 0.0018229999986942858
0.06303699998534285 0.0
go
0.06326700001955032 0.0017510000034235418
0.06326700001955032 0.0
go
0.06551200000103563 0.001724999980069697
0.06551200000103563 1.00000761449337e-06
go
0.06320999999297783 0.001967999996850267
0.06320999999297783 0.0
go
0.06058600000687875 0.0016279999981634319
0.06058600000687875 0.0
go
0.061982000013813376 0.0016119999927468598
0.061982000013813376 0.0
0.06084499999997206 0.0021129999950062484
0.06084499999997206 0.0
go
0.058378999994602054 0.0015659999917261302
0.058378999994602054 1.00000761449337e-06
go
go
0.05847200000425801 0.0016379999869968742
0.05847200000425801 0.0
0.05839099999866448 0.0019699999829754233
0.05839099999866448 1.00000761449337e-06
go
go
0.05874300000141375 0.001703000016277656
0.05874300000141375 0.0
go
0.058782000007340685 0.0016330000071320683
0.058782000007340685 1.00000761449337e-06
combat
0.060538999998243526 0.0019489999976940453
0.060538999998243526 1.00000761449337e-06
fallback
0.06104199998662807 0.0017869999865069985
0.06104199998662807 0.0
fallback
0.06349000000045635 0.0020389999845065176
0.06349000000045635 1.00000761449337e-06
fallback
0.06575899999006651 0.011729999998351559
0.06575899999006651 0.0
fallback
0.06528500001877546 0.0019050000119023025
0.06528500001877546 0.0
fallback
0.06562599999597296 0.0022560000070370734
0.06562599999597296 0.0
fallback
0.06551799998851493 0.001748999988194555
0.06551799998851493 0.0
fallback
0.06838099999004044 0.0018900000141002238
0.06838099999004044 1.00000761449337e-06
fallback
0.06581499997992069 0.0020200000144541264
0.06581499997992069 0.0
fallback
0.0678769999940414 0.0020160000130999833
0.0678769999940414 0.0
fallback
0.06571399999666028 0.001999000000068918
0.06571399999666028 0.0
fallback
0.0654320000030566 0.0018899999849963933
0.0654320000030566 0.0
fallback
0.06544899998698384 0.001867000013589859
0.06544899998698384 0.0
fallback
0.06552000000374392 0.001884999976027757
0.06552000000374392 1.00000761449337e-06
ready
0.060422000009566545 0.0017340000194963068
0.060422000009566545 9.999785106629133e-07
ready
0.06054299999959767 0.0017820000066421926
0.06054299999959767 0.0
ready
0.061099000013200566 0.001863999990746379
0.061099000013200566 0.0
ready
0.06295999998110346 0.0017419999931007624
0.06295999998110346 0.0
ready
0.06345800001872703 0.001883000019006431
0.06345800001872703 1.00000761449337e-06
ready
0.06343599999672733 0.002027999988058582
0.06343599999672733 0.0
ready
0.06358399998862296 0.001975999999558553
0.06358399998862296 0.0
ready
0.0629779999726452 0.0017269999952986836
0.0629779999726452 0.0
ready
0.06404600001405925 0.0018239999772049487
0.06404600001405925 0.0
ready
0.0607190000009723 0.0018789999885484576
0.0607190000009723 0.0
ready
0.060824999993201345 0.0017820000066421926
0.060824999993201345 0.0
ready
0.05856800000765361 0.0016459999897051603
0.05856800000765361 0.0
ready
0.05826599997817539 0.001859000010881573
0.05826599997817539 0.0
ready
0.05842600000323728 0.0016570000152569264
0.05842600000323728 9.999785106629133e-07
ready
0.056363999989116564 0.0014749999972991645
0.056363999989116564 1.00000761449337e-06
ready
0.05647300000418909 0.0014749999972991645
0.05647300000418909 0.0
ready
0.05584800001815893 0.0014190000074449927
0.05584800001815893 0.0
ready
0.05639099999098107 0.0014469999878201634
0.05639099999098107 0.0
ready
ready
0.05602399999042973 0.0014149999769870192
0.05602399999042973 0.0
ready
ready
0.055992000008700415 0.0014310000115074217
0.055992000008700415 1.00000761449337e-06
ready
ready
0.055537000007461756 0.0014150000060908496
0.055537000007461756 1.00000761449337e-06
ready
ready
0.05678700000862591 0.0015070000081323087
0.05678700000862591 1.00000761449337e-06
ready
ready
0.07540099998004735 0.001992000004975125
0.07540099998004735 1.00000761449337e-06
ready
ready
0.057176000002073124 0.0014730000111740083
0.057176000002073124 0.0
ready
ready
0.058206999994581565 0.0015870000061113387
0.058206999994581565 9.999785106629133e-07
ready
ready
0.06060199998319149 0.0016210000030696392
0.06060199998319149 1.00000761449337e-06
ready
ready
0.06091300002299249 0.0015399999974761158
0.06091300002299249 1.00000761449337e-06
ready
ready
0.06125600001541898 0.0015579999890178442
0.06125600001541898 0.0
ready
ready
0.060824999993201345 0.0015300000086426735
0.060824999993201345 0.0
ready
ready
0.06300300001748838 0.0016839999880176038
0.06300300001748838 1.00000761449337e-06
ready
ready
0.0630679999885615 0.0015919999859761447
0.0630679999885615 0.0
ready
ready
0.0629029999836348 0.0015950000088196248
0.0629029999836348 0.0
ready
ready
0.06326999998418614 0.0016279999981634319
0.06326999998418614 0.0
ready
ready
0.06085700000403449 0.0015199999907054007
0.06085700000403449 0.0
ready
ready
0.06113700001151301 0.0015410000050906092
0.06113700001151301 0.0
ready
ready
0.06053499999688938 0.0015229999844450504
0.06053499999688938 0.0
ready
ready
0.060538999998243526 0.0015559999737888575
0.060538999998243526 1.00000761449337e-06
ready
ready
0.0605210000067018 0.001520999998319894
0.0605210000067018 0.0
ready
ready
0.060685000004014 0.0015149999817367643
0.060685000004014 0.0
ready
ready
0.06104699999559671 0.0015750000020489097
0.06104699999559671 0.0
ready
ready
0.06086900000809692 0.001560000004246831
0.06086900000809692 1.00000761449337e-06
ready
ready
0.06058400002075359 0.0015149999817367643
0.06058400002075359 0.0
ready
ready
0.06106599999475293 0.0015370000037364662
0.06106599999475293 1.00000761449337e-06
ready
ready
0.058324000012362376 0.0015070000081323087
0.058324000012362376 1.00000761449337e-06
ready
ready
0.058278000011341646 0.0014810000138822943
0.058278000011341646 9.999785106629133e-07
0.058492999989539385 0.0016650000179652125
0.058492999989539385 0.0
ready
ready
0.05580299999564886 0.00173200000426732
0.05580299999564886 0.0
ready
ready
0.056026000005658716 0.0016639999812468886
0.056026000005658716 0.0
ready
ready
ready
ready
0.0564029999950435 0.0018860000127460808
0.0564029999950435 1.00000761449337e-06
ready
ready
0.05608200002461672 0.0016579999937675893
0.05608200002461672 1.00000761449337e-06
ready
ready
0.05609500000718981 0.0016879999893717468
0.05609500000718981 0.0
ready
ready
0.055739999981597066 0.0017820000066421926
0.055739999981597066 9.999785106629133e-07
ready
ready
0.055966999992961064 0.0014939999964553863
0.055966999992961064 0.0
ready
ready
0.058382000017445534 0.0016110000142361969
0.058382000017445534 9.999785106629133e-07
ready
ready
0.05864599999040365 0.001504999992903322
0.05864599999040365 9.999785106629133e-07
ready
ready
0.05832300000474788 0.0014679999731015414
0.05832300000474788 0.0
ready
ready
0.05835000000661239 0.0014770000125281513
0.05835000000661239 0.0
go
go
0.058344999997643754 0.001516999996965751
0.058344999997643754 0.0
go
go
0.05882000000565313 0.0015549999952781945
0.05882000000565313 1.00000761449337e-06
go
go
0.058095999993383884 0.001496999990195036
0.058095999993383884 1.00000761449337e-06
go
go
0.05813399999169633 0.0015150000108405948
0.05813399999169633 0.0
go
go
0.058191000018268824 0.0014660000160802156
0.058191000018268824 0.0
go
go
0.05609399999957532 0.0015189999830909073
0.05609399999957532 0.0
go
go
0.055801000009523705 0.0014689999807160348
0.055801000009523705 0.0
go
go
0.056049999984679744 0.001504000014392659
0.056049999984679744 0.0
go
go
0.0589380000019446 0.0016900000046007335
0.0589380000019446 9.999785106629133e-07
go
go
0.05835400000796653 0.0014830000000074506
0.05835400000796653 0.0
go
combat
0.0652179999742657 0.0018700000073295087
0.0652179999742657 0.0
fallback
fallback
0.06125400000018999 0.001656999986153096
0.06125400000018999 0.0
fallback
fallback
0.06362699999590404 0.0017220000154338777
0.06362699999590404 0.0
fallback
fallback
0.06322899999213405 0.0016429999959655106
0.06322899999213405 1.00000761449337e-06
fallback
fallback
0.06541400001151487 0.0017539999971631914
0.06541400001151487 0.0
fallback
fallback
0.060981999995419756 0.0015530000091530383
0.060981999995419756 0.0
fallback
fallback
0.06339500000467524 0.0016299999842885882
0.06339500000467524 0.0
fallback
fallback
0.0630900000105612 0.0015830000047571957
0.0630900000105612 9.999785106629133e-07
ready
ready
0.06265099998563528 0.0015819999971427023
0.06265099998563528 0.0
ready
ready
0.06353899999521673 0.0016900000046007335
0.06353899999521673 1.00000761449337e-06
ready
ready
0.06408800001372583 0.001627000019652769
0.06408800001372583 1.00000761449337e-06
ready
ready
0.06543099999544211 0.0018399999826215208
0.06543099999544211 1.00000761449337e-06
ready
ready
0.06528899999102578 0.001672999991569668
0.06528899999102578 0.0
ready
ready
0.06299599999329075 0.0016250000044237822
0.06299599999329075 9.999785106629133e-07
ready
ready
0.0658019999973476 0.0016799999866634607
0.0658019999973476 1.00000761449337e-06
ready
ready
0.05848899998818524 0.001488000008976087
0.05848899998818524 9.999785106629133e-07
ready
ready
0.058434999984456226 0.001476000004913658
0.058434999984456226 1.00000761449337e-06
ready
ready
0.05857400002423674 0.0014820000214967877
0.05857400002423674 0.0
ready
ready
0.055988999985856935 0.0014269999810494483
0.055988999985856935 0.0
ready
ready
0.05581900000106543 0.0017450000159442425
0.05581900000106543 9.999785106629133e-07
ready
ready
0.05573799999547191 0.0017330000118818134
0.05573799999547191 0.0
0.056241000012960285 0.0017050000024028122
0.056241000012960285 1.00000761449337e-06
0.07662499998696148 0.0026200000138487667
0.07662499998696148 0.0
0.056786000001011416 0.001703000016277656
0.056786000001011416 1.00000761449337e-06
0.05832599999848753 0.001939000008860603
0.05832599999848753 0.0
0.0532039999961853 0.0013930000131949782
0.0532039999961853 0.0
0.053687999985413626 0.0014479999954346567
0.053687999985413626 0.0
0.05369300002348609 0.0013820000167470425
0.05369300002348609 1.00000761449337e-06
0.0536300000094343 0.0014179999998304993
0.0536300000094343 0.0
0.05616600002394989 0.001551000023027882
0.05616600002394989 0.0
0.05592499999329448 0.001432999997632578
0.05592499999329448 0.0
0.06483499999740161 0.002007999981287867
0.06483499999740161 0.0
0.05555400002049282 0.0015610000118613243
0.05555400002049282 0.0
0.05812000000150874 0.0015589999966323376
0.05812000000150874 1.00000761449337e-06
0.05587899999227375 0.0014139999984763563
0.05587899999227375 0.0
0.053585999994538724 0.001357000001007691
0.053585999994538724 9.999785106629133e-07
0.049051999987568706 0.0012320000096224248
0.049051999987568706 1.00000761449337e-06
0.04851500000222586 0.0014150000060908496
0.04851500000222586 0.0
0.046442999999271706 0.0012579999747686088
0.046442999999271706 0.0
0.05062500000349246 0.0012920000008307397
0.05062500000349246 0.0
0.04854300001170486 0.001221999991685152
0.04854300001170486 9.999785106629133e-07
<bots.big.custom_bot.CombatGroupManager object at 0x7fe0837dc128>
0.05093800000031479 0.0012989999959245324
0.05093800000031479 1.00000761449337e-06
0.05142100001103245 0.0013219999964348972
0.05142100001103245 1.00000761449337e-06
0.051287999987835065 0.001293000008445233
0.051287999987835065 0.0
0.0508679999911692 0.0013040000048931688
0.0508679999911692 0.0
0.05124299999442883 0.0013190000026952475
0.05124299999442883 0.0
0.053348999994341284 0.0014769999834243208
0.053348999994341284 0.0
0.054434999998193234 0.0014059999957680702
0.054434999998193234 1.00000761449337e-06
0.0488830000103917 0.001246999978320673
0.0488830000103917 0.0
0.04433699999935925 0.001185000000987202
0.04433699999935925 1.00000761449337e-06
0.0437380000075791 0.001113000005716458
0.0437380000075791 0.0
0.04353500000433996 0.0011360000062268227
0.04353500000433996 1.00000761449337e-06
0.0435859999852255 0.0011079999967478216
0.0435859999852255 0.0
0.04371900000842288 0.0011660000018309802
0.04371900000842288 0.0
0.0435740000102669 0.0011249999806750566
0.0435740000102669 0.0
0.04388700000708923 0.0012080000014975667
0.04388700000708923 0.0
0.0492120000126306 0.0012580000038724393
0.0492120000126306 1.00000761449337e-06
0.051038999983575195 0.0012980000174138695
0.051038999983575195 0.0
0.053779999987455085 0.0013559999933931977
0.053779999987455085 0.0
0.05372599998372607 0.001348999998299405
0.05372599998372607 0.0
0.05319700000109151 0.0013340000004973263
0.05319700000109151 0.0
0.051173999992897734 0.0012660000065807253
0.051173999992897734 9.999785106629133e-07
0.05098499997984618 0.001336000015726313
0.05098499997984618 0.0
0.05195700001786463 0.0013290000206325203
0.05195700001786463 1.00000761449337e-06
0.05131399998208508 0.0013080000062473118
0.05131399998208508 0.0
0.05074299999978393 0.0015359999961219728
0.05074299999978393 0.0
0.05203399999300018 0.0013880000042263418
0.05203399999300018 0.0
0.051970999978948385 0.001328000013018027
0.051970999978948385 1.00000761449337e-06
0.05075499997474253 0.0013050000125076622
0.05075499997474253 1.00000761449337e-06
0.05466699998942204 0.0013969999854452908
0.05466699998942204 1.00000761449337e-06
0.05134099998394959 0.0013040000048931688
0.05134099998394959 9.999785106629133e-07
0.05131800001254305 0.0013319999852683395
0.05131800001254305 1.00000761449337e-06
0.05116000000271015 0.0013719999988097697
0.05116000000271015 1.00000761449337e-06
0.05131999999866821 0.0013249999901745468
0.05131999999866821 1.00000761449337e-06
0.051153000007616356 0.0013000000035390258
0.051153000007616356 0.0
0.051011000003200024 0.0012989999959245324
0.051011000003200024 1.00000761449337e-06
0.05116100001032464 0.001297999988310039
0.05116100001032464 1.00000761449337e-06
0.0509019999881275 0.0012900000147055835
0.0509019999881275 0.0
0.05110899999272078 0.001289999985601753
0.05110899999272078 1.00000761449337e-06
0.051070000015897676 0.0013080000062473118
0.051070000015897676 0.0
0.054139999992912635 0.0014570000057574362
0.054139999992912635 0.0
0.053623000014340505 0.0013439999893307686
0.053623000014340505 0.0
0.053340000013122335 0.0013810000091325492
0.053340000013122335 1.00000761449337e-06
0.05315399999381043 0.0013660000113304704
0.05315399999381043 0.0
0.053656999982194975 0.0015750000020489097
0.053656999982194975 0.0
0.053416999988257885 0.0013430000108201057
0.053416999988257885 9.999785106629133e-07
0.05374999999185093 0.0014179999998304993
0.05374999999185093 0.0
0.05352899999707006 0.0013590000162366778
0.05352899999707006 0.0
0.053791999991517514 0.0013700000126846135
0.053791999991517514 1.00000761449337e-06
0.0533010000071954 0.0013760000001639128
0.0533010000071954 1.00000761449337e-06
0.05348599998978898 0.0013549999857787043
0.05348599998978898 1.00000761449337e-06
0.053595000004861504 0.0013939999917056412
0.053595000004861504 0.0
0.053518000000622123 0.0013549999857787043
0.053518000000622123 0.0
0.05364399999962188 0.0013560000224970281
0.05364399999962188 0.0
0.05325200001243502 0.0018859999836422503
0.05325200001243502 0.0
0.05363700000452809 0.0013599999947473407
0.05363700000452809 9.999785106629133e-07
0.05372900000656955 0.001352999999653548
0.05372900000656955 0.0
0.05382499998086132 0.0013380000018514693
0.05382499998086132 0.0
0.053595000004861504 0.0013829999952577055
0.053595000004861504 0.0
0.05401299998629838 0.0013869999966118485
0.05401299998629838 1.00000761449337e-06
0.05381799998576753 0.0013840000028721988
0.05381799998576753 1.00000761449337e-06
<bots.big.custom_bot.CombatGroupManager object at 0x7fe0837dc128>
0.05444200002239086 0.0013880000042263418
0.05444200002239086 0.0
0.05384900001809001 0.001596999994944781
0.05384900001809001 0.0
0.05383700001402758 0.0016239999968092889
0.05383700001402758 9.999785106629133e-07
0.05363100001704879 0.0013469999830704182
0.05363100001704879 1.00000761449337e-06
0.05078499999945052 0.0017680000164546072
0.05078499999945052 9.999785106629133e-07
0.05594700001529418 0.0017629999783821404
0.05594700001529418 0.0
0.058028999977977946 0.002054000011412427
0.058028999977977946 0.0
0.06560499998158775 0.001795999996829778
0.06560499998158775 9.999785106629133e-07
0.06118099999730475 0.0019239999819546938
0.06118099999730475 0.0
0.06630899998708628 0.002226999989943579
0.06630899998708628 1.00000761449337e-06
0.09131800002069212 0.002905000001192093
0.09131800002069212 1.00000761449337e-06
0.0837630000023637 0.002206000004662201
0.0837630000023637 0.0
0.08271799999056384 0.0024449999909847975
0.08271799999056384 0.0
0.0860650000104215 0.0025880000030156225
0.0860650000104215 0.0
0.08594100002665073 0.002199000009568408
0.08594100002665073 1.00000761449337e-06
0.08849599998211488 0.002318000013474375
0.08849599998211488 1.00000761449337e-06
0.08291600001393817 0.0024619999749120325
0.08291600001393817 0.0
0.08293899998534471 0.011720000009518117
0.08293899998534471 0.0
0.08442200001445599 0.0021139999735169113
0.08442200001445599 1.00000761449337e-06
0.08454800001345575 0.0022330000065267086
0.08454800001345575 1.00000761449337e-06
0.08196000001044013 0.002223999996203929
0.08196000001044013 0.0
0.07927999997627921 0.002099000004818663
0.07927999997627921 0.0
0.058492999989539385 0.0014629999932367355
0.058492999989539385 0.0
0.06002599999192171 0.001939000008860603
0.06002599999192171 1.00000761449337e-06
0.07451000000583008 0.0020229999790899456
0.07451000000583008 9.999785106629133e-07
0.07003099998109974 0.0016380000161007047
0.07003099998109974 1.00000761449337e-06
0.05794300002162345 0.0015490000077988952
0.05794300002162345 0.0
0.06387600000016391 0.001703000016277656
0.06387600000016391 0.0
0.06587500000023283 0.0017860000079963356
0.06587500000023283 0.0
0.06392600000253879 0.0017909999878611416
0.06392600000253879 0.0
0.04691199999069795 0.0011909999884665012
0.04691199999069795 1.00000761449337e-06
0.04646800001501106 0.0011879999947268516
0.04646800001501106 0.0
0.04717099998379126 0.0012360000109765679
0.04717099998379126 0.0
0.05202100001042709 0.0013829999952577055
0.05202100001042709 0.0
0.045608999993419275 0.0012329999881330878
0.045608999993419275 0.0
0.044132000009994954 0.0012030000216327608
0.044132000009994954 0.0
0.04565399998682551 0.001277000003028661
0.04565399998682551 0.0
0.043271000002278015 0.0011249999806750566
0.043271000002278015 0.0
0.038785999990068376 0.0009929999941959977
0.038785999990068376 0.0
0.03922299999976531 0.001041999988956377
0.03922299999976531 0.0
0.03931999998167157 0.0010020000045187771
0.03931999998167157 1.00000761449337e-06
ERROR:sc2_patch.sc2_patch_490.main:AI step threw an error
Traceback (most recent call last):
  File "/mnt/d/sc2minigame-eval-2020-01-09/sc2_patch/sc2_patch_490/main.py", line 180, in _play_game_ai
    await ai.on_step(iteration)
  File "/mnt/d/sc2minigame-eval-2020-01-09/bots/big/custom_bot.py", line 1288, in on_step
    self.strategic_manager.step()
  File "/mnt/d/sc2minigame-eval-2020-01-09/bots/big/custom_bot.py", line 1104, in step
    scout_result = self.scout_manager.scout_info
AttributeError: 'StrategicManager' object has no attribute 'scout_manager'
ERROR:sc2_patch.sc2_patch_490.main:Error: 'StrategicManager' object has no attribute 'scout_manager'
ERROR:sc2_patch.sc2_patch_490.main:Resigning due to previous error
INFO:root:Result for player 2 - Bot(Race.Terran, <bots.big.custom_bot.CustomBot object at 0x7fe05d2cff28>): Defeat
0.045870999980252236 0.0013169999874662608
0.045870999980252236 0.0
INFO:sc2.protocol:Client status changed to Status.ended (was Status.in_game)
INFO:root:Result for player 1 - Bot(Race.Terran, <bots.Showing_bot.speedBot.MarinBot object at 0x7fe06c328f28>): Victory
INFO:sc2.client:Saved replay to outs/2020-01-17T11-28-03/replays/showing_bot-big/showing_bot-big-1.SC2Replay
INFO:sc2.protocol:Client status changed to Status.launched (was Status.in_game)
INFO:sc2.protocol:Client status changed to Status.quit (was Status.launched)
INFO:sc2.sc2process:kill_switch: Process cleanup
INFO:sc2.sc2process:Cleaning up...
INFO:sc2.sc2process:Cleanup complete
INFO:sc2.sc2process:Cleaning up...
INFO:sc2.sc2process:Cleanup complete
INFO:sc2.protocol:Client status changed to Status.launched (was Status.ended)
INFO:sc2.protocol:Cannot receive: Connection already closed.
INFO:sc2.sc2process:kill_switch: Process cleanup
INFO:sc2.sc2process:Cleaning up...
INFO:sc2.sc2process:Cleanup complete
INFO:sc2.sc2process:Cleaning up...
INFO:sc2.sc2process:Cleanup complete


## STDERR ##

Version: B75689 (SC2.4.10)
Build: Aug 12 2019 17:16:57
Command Line: '"/home/hspark8312/StarCraftII/Versions/Base75689/SC2_x64" -listen 127.0.0.1 -port 17736 -displayMode 0 -dataDir /home/hspark8312/StarCraftII -tempDir /tmp/SC2_hkc1lgtx'
Starting up...
Startup Phase 1 complete
Version: B75689 (SC2.4.10)
Build: Aug 12 2019 17:16:57
Command Line: '"/home/hspark8312/StarCraftII/Versions/Base75689/SC2_x64" -listen 127.0.0.1 -port 17462 -displayMode 0 -dataDir /home/hspark8312/StarCraftII -tempDir /tmp/SC2_1pfb2hmq'
Starting up...
Startup Phase 1 complete
Startup Phase 2 complete
Creating stub renderer...
Listening on: 127.0.0.1:17736
Startup Phase 3 complete. Ready for commands.
Startup Phase 2 complete
Creating stub renderer...
Listening on: 127.0.0.1:17462
Startup Phase 3 complete. Ready for commands.
ConnectHandler: Request from 127.0.0.1:54754 accepted
ReadyHandler: 127.0.0.1:54754 ready
Requesting to join a multiplayer game
Configuring interface options
Configure: raw interface enabled
Configure: feature layer interface enabled
Configure: score interface enabled
Configure: render interface disabled
ConnectHandler: Request from 127.0.0.1:54755 accepted
ReadyHandler: 127.0.0.1:54755 ready
Requesting to join a multiplayer game
Configuring interface options
Configure: raw interface enabled
Configure: feature layer interface enabled
Configure: score interface enabled
Configure: render interface disabled
Create game with map path: NCFellowship-2019_m1_v6.SC2Map
Deferred error: 536936448 (0x20010000)
Deferred error details: Bad profiling data. TimeMS: 3727129.750000 Conversion: 1.000000e-03
Attempting to join a game with the map: NCFellowship-2019_m1_v6.SC2Map
Game has started.
Using default stable ids, none found at: /home/hspark8312/StarCraftII/stableid.json
Successfully loaded stable ids: GameData\stableid.json
Sending ResponseJoinGame
Game has started.
Using default stable ids, none found at: /home/hspark8312/StarCraftII/stableid.json
Successfully loaded stable ids: GameData\stableid.json
Sending ResponseJoinGame
RequestQuit command received.
Closing Application...
/home/hspark8312/anaconda3/envs/sc2/lib/python3.6/importlib/_bootstrap.py:219: RuntimeWarning: numpy.ufunc size changed, may indicate binary incompatibility. Expected 192 from C header, got 216 from PyObject
  return f(*args, **kwds)
/home/hspark8312/anaconda3/envs/sc2/lib/python3.6/importlib/_bootstrap.py:219: RuntimeWarning: numpy.ufunc size changed, may indicate binary incompatibility. Expected 192 from C header, got 216 from PyObject
  return f(*args, **kwds)
/home/hspark8312/anaconda3/envs/sc2/lib/python3.6/site-packages/tensorboard/compat/tensorflow_stub/dtypes.py:541: FutureWarning: Passing (type, 1) or '1type' as a synonym of type is deprecated; in a future version of numpy, it will be understood as (type, (1,)) / '(1,)type'.
  _np_qint8 = np.dtype([("qint8", np.int8, 1)])
/home/hspark8312/anaconda3/envs/sc2/lib/python3.6/site-packages/past/builtins/misc.py:45: DeprecationWarning: the imp module is deprecated in favour of importlib; see the module's documentation for alternative uses
  from imp import reload
/mnt/d/sc2minigame-eval-2020-01-09/bots/Showing_bot/speedBot.py:1643: RuntimeWarning: coroutine 'TerreinManager.debug' was never awaited
  self.terrein_manager.debug()
