## STDOUT ##

[[92mINFO[0m] SC2 4.9.0 용 패치 적용
패치 sc2.ids.ability_id
패치 sc2.game_state
패치 sc2.bot_ai
패치 sc2.client
패치 sc2.controller
패치 sc2.main
INFO:root:Failed to import cuda module: No module named 'caffe2.python.caffe2_pybind11_state_gpu'
INFO:root:Failed to import AMD hip module: No module named 'caffe2.python.caffe2_pybind11_state_hip'
WARNING:root:This caffe2 python run does not have GPU support. Will run in CPU only mode.
cpu
INFO:sc2.protocol:Client status changed to Status.launched (was None)
INFO:sc2.protocol:Client status changed to Status.launched (was None)
INFO:sc2_patch.sc2_patch_490.controller:Creating new game
INFO:sc2_patch.sc2_patch_490.controller:Map:     NCFellowship-2019_m1_v6
INFO:sc2_patch.sc2_patch_490.controller:Players: Bot(Race.Terran, <bots.Showing_bot.speedBot.MarinBot object at 0x7f7f703c8f28>), Bot(Race.Terran, <bots.big.custom_bot.CustomBot object at 0x7f7f61370f28>)
INFO:sc2.protocol:Client status changed to Status.init_game (was Status.launched)
INFO:sc2.protocol:Client status changed to Status.in_game (was None)
INFO:root:Player 2 - Bot(Race.Terran, <bots.big.custom_bot.CustomBot object at 0x7f7f61370f28>)
TEST: 2, <bots.big.custom_bot.CustomBot object at 0x7f7f61370f28>
INFO:sc2.protocol:Client status changed to Status.in_game (was None)
INFO:root:Player 1 - Bot(Race.Terran, <bots.Showing_bot.speedBot.MarinBot object at 0x7f7f703c8f28>)
TEST: 1, <bots.Showing_bot.speedBot.MarinBot object at 0x7f7f703c8f28>
load model: bots/Showing_bot/models/model-89.pt
create new model
0.0443340000056196 0.002888999995775521
0.0443340000056196 0.0
0.04497600000468083 0.0022190000163391232
0.04497600000468083 1.00000761449337e-06
0.04514299999573268 0.0013340000004973263
0.04514299999573268 9.999785106629133e-07
0.04540400000405498 0.0010900000052060932
0.04540400000405498 0.0
0.04453000001376495 0.001073999999789521
0.04453000001376495 0.0
0.04474399998434819 0.001361000002361834
0.04474399998434819 1.00000761449337e-06
0.045421000017086044 0.0013669999898411334
0.045421000017086044 9.999785106629133e-07
0.04699699999764562 0.0012119999737478793
0.04699699999764562 0.0
0.04426399999647401 0.0010719999845605344
0.04426399999647401 0.0
0.04494100000010803 0.0010989999864250422
0.04494100000010803 0.0
0.04409599999780767 0.0010870000114664435
0.04409599999780767 0.0
0.044597000000067055 0.001113000005716458
0.044597000000067055 0.0
0.04442999997991137 0.001101000001654029
0.04442999997991137 9.999785106629133e-07
0.043991000013193116 0.00108299998100847
0.043991000013193116 0.0
0.04472400000668131 0.0010849999962374568
0.04472400000668131 0.0
0.04503800001111813 0.0011110000195913017
0.04503800001111813 1.00000761449337e-06
0.044271000020671636 0.0011879999947268516
0.044271000020671636 0.0
0.04507300001569092 0.0010849999962374568
0.04507300001569092 0.0
0.04437700001290068 0.0011550000053830445
0.04437700001290068 0.0
0.04422400001203641 0.0010879999899771065
0.04422400001203641 1.00000761449337e-06
0.04857600000104867 0.0012909999932162464
0.04857600000104867 1.00000761449337e-06
0.047286000015446916 0.0011940000113099813
0.047286000015446916 0.0
0.04828300001099706 0.001149999996414408
0.04828300001099706 0.0
0.04697399999713525 0.0012170000118203461
0.04697399999713525 9.999785106629133e-07
0.047074000001885 0.0012580000038724393
0.047074000001885 0.0
0.04790899998624809 0.001340999995591119
0.04790899998624809 1.00000761449337e-06
0.04800499998964369 0.001221999991685152
0.04800499998964369 9.999785106629133e-07
0.04712199998903088 0.001260000019101426
0.04712199998903088 1.00000761449337e-06
0.04722900001797825 0.0011570000206120312
0.04722900001797825 1.00000761449337e-06
0.047562000021571293 0.0011780000058934093
0.047562000021571293 9.999785106629133e-07
0.04768700001295656 0.0012189999979455024
0.04768700001295656 9.999785106629133e-07
0.04697599998326041 0.0012820000119972974
0.04697599998326041 0.0
0.06601900001987815 0.0012620000052265823
0.06601900001987815 0.0
0.04685099999187514 0.0011959999974351376
0.04685099999187514 0.0
0.0472040000022389 0.0012759999954141676
0.0472040000022389 0.0
0.049358999996911734 0.002910999988671392
0.049358999996911734 1.00000761449337e-06
0.04878799998550676 0.0013270000054035336
0.04878799998550676 0.0
0.05023400002392009 0.0012530000240076333
0.05023400002392009 0.0
0.04942600001231767 0.001205000007757917
0.04942600001231767 9.999785106629133e-07
0.04959499998949468 0.001264999998966232
0.04959499998949468 9.999785106629133e-07
changed strategy
0.06452099999296479 0.0034509999968577176
0.06452099999296479 9.999785106629133e-07
0.06350099999690428 0.003695999999763444
0.06350099999690428 1.00000761449337e-06
0.062008999986574054 0.0020450000010896474
0.062008999986574054 0.0
0.0631569999968633 0.0015480000001844019
0.0631569999968633 0.0
0.06400600000051782 0.0016710000054445118
0.06400600000051782 0.0
0.06392099999357015 0.0015629999979864806
0.06392099999357015 9.999785106629133e-07
0.06462700001429766 0.0016330000071320683
0.06462700001429766 0.0
0.06528799998341128 0.001560000004246831
0.06528799998341128 0.0
0.06419699999969453 0.0015870000061113387
0.06419699999969453 1.00000761449337e-06
0.06403000000864267 0.0015620000194758177
0.06403000000864267 9.999785106629133e-07
0.06442999999853782 0.00165200000628829
0.06442999999853782 0.0
0.06527600000845268 0.0015879999846220016
0.06527600000845268 1.00000761449337e-06
0.06372600002214313 0.0015960000164341182
0.06372600002214313 0.0
0.06208399997558445 0.0015530000091530383
0.06208399997558445 1.00000761449337e-06
0.059631000010995194 0.0014810000138822943
0.059631000010995194 0.0
0.056989000004250556 0.0014430000155698508
0.056989000004250556 1.00000761449337e-06
0.05747400000109337 0.001369999983580783
0.05747400000109337 0.0
0.057318000006489456 0.0013820000167470425
0.057318000006489456 0.0
0.056844000006094575 0.0013869999966118485
0.056844000006094575 0.0
0.057938999991165474 0.001441000000340864
0.057938999991165474 1.00000761449337e-06

0.05655899998964742 0.0013810000091325492
0.05655899998964742 9.999785106629133e-07
ready
0.05859699999564327 0.0015349999885074794
0.05859699999564327 0.0
ready
0.06768599999486469 0.004002000001491979
0.06768599999486469 1.00000761449337e-06
ready
0.0673160000005737 0.001972999976715073
0.0673160000005737 1.00000761449337e-06
ready
0.06760199999553151 0.0016469999973196536
0.06760199999553151 1.00000761449337e-06
ready
0.06774500000756234 0.001631000021006912
0.06774500000756234 0.0
ready
0.06604700000025332 0.001664999988861382
0.06604700000025332 1.00000761449337e-06
ready
0.06766299999435432 0.0016500000201631337
0.06766299999435432 0.0
ready
0.06735200001276098 0.001636000000871718
0.06735200001276098 0.0
ready
0.06616899999789894 0.001631000021006912
0.06616899999789894 0.0
ready
0.06943699999828823 0.0017850000003818423
0.06943699999828823 9.999785106629133e-07
ready
0.06921999997575767 0.0017130000051110983
0.06921999997575767 0.0
ready
0.07174499999382533 0.004188999999314547
0.07174499999382533 1.00000761449337e-06
ready
0.0718240000132937 0.0018600000184960663
0.0718240000132937 0.0
ready
0.0712409999978263 0.0017579999985173345
0.0712409999978263 1.00000761449337e-06
ready
0.07340200000908226 0.0018330000166315585
0.07340200000908226 1.00000761449337e-06
ready
0.072225999989314 0.0017799999914132059
0.072225999989314 9.999785106629133e-07
ready
0.07411899999715388 0.0019190000020898879
0.07411899999715388 1.00000761449337e-06
ready
0.07160699999076314 0.0018240000063087791
0.07160699999076314 0.0
ready
0.0692550000094343 0.0016540000215172768
0.0692550000094343 0.0
ready
0.07456000000820495 0.001787000015610829
0.07456000000820495 0.0
ready
0.06576999998651445 0.0016300000133924186
0.06576999998651445 0.0
ready
0.06363299998338334 0.0016180000093299896
0.06363299998338334 0.0
ready
0.06322199999704026 0.0017619999998714775
0.06322199999704026 0.0
ready
0.06062400000519119 0.0018010000057984143
0.06062400000519119 0.0
ready
0.06526199998916127 0.001912999985506758
0.06526199998916127 1.00000761449337e-06
ready
0.06484499998623505 0.0016820000018924475
0.06484499998623505 1.00000761449337e-06
ready
0.061458999989554286 0.0017809999990276992
0.061458999989554286 0.0
ready
0.0582519999879878 0.0016999999934341758
0.0582519999879878 9.999785106629133e-07
ready
0.05889799998840317 0.0017480000096838921
0.05889799998840317 9.999785106629133e-07
ready
0.05745999998180196 0.0017619999998714775
0.05745999998180196 0.0
ready
0.05701799999224022 0.0014170000213198364
0.05701799999224022 0.0
go
0.05695399999967776 0.0014889999874867499
0.05695399999967776 1.00000761449337e-06
go
0.0572999999858439 0.0016849999956320971
0.0572999999858439 0.0
go
0.05689999999594875 0.0014220000011846423
0.05689999999594875 0.0
go
0.056963999988511205 0.0014210000226739794
0.056963999988511205 1.00000761449337e-06
go
0.05740599997807294 0.0016049999976530671
0.05740599997807294 0.0
go
0.05740000001969747 0.0014519999967887998
0.05740000001969747 0.0
go
0.056536000018240884 0.0013999999791849405
0.056536000018240884 1.00000761449337e-06
go
0.05854600001475774 0.0014810000138822943
0.05854600001475774 0.0
go
0.059812999999849126 0.001617999980226159
0.059812999999849126 1.00000761449337e-06
go
0.05918100001872517 0.0014830000000074506
0.05918100001872517 1.00000761449337e-06
go
0.06060599998454563 0.001504999992903322
0.06060599998454563 0.0
go
0.05941399998846464 0.0015070000081323087
0.05941399998846464 0.0
go
0.060190999996848404 0.0014980000269133598
0.060190999996848404 1.00000761449337e-06
go
0.05912900000112131 0.0014659999869763851
0.05912900000112131 0.0
go
0.05988599997363053 0.0014950000040698797
0.05988599997363053 0.0
go
0.059447000006912276 0.0014870000013615936
0.059447000006912276 0.0
go
0.06311200000345707 0.0016459999897051603
0.06311200000345707 1.00000761449337e-06
go
0.06306000001495704 0.0015779999957885593
0.06306000001495704 9.999785106629133e-07
go
0.062458000000333413 0.0015959999873302877
0.062458000000333413 0.0
go
0.06235900000319816 0.0015549999952781945
0.06235900000319816 0.0
combat
0.059095999982673675 0.0014930000179447234
0.059095999982673675 0.0
combat
0.05865200000698678 0.0014119999832473695
0.05865200000698678 0.0
combat
0.057050000003073364 0.0014589999918825924
0.057050000003073364 9.999785106629133e-07
combat
0.05803899999591522 0.0013990000006742775
0.05803899999591522 0.0
combat
0.059852999984286726 0.001476000004913658
0.059852999984286726 0.0
combat
0.05912499999976717 0.0015199999907054007
0.05912499999976717 1.00000761449337e-06
combat
0.061811999999918044 0.0016630000027362257
0.061811999999918044 1.00000761449337e-06
combat
0.061716999975033104 0.0015780000248923898
0.061716999975033104 1.00000761449337e-06
combat
0.06295500000123866 0.0015160000184550881
0.06295500000123866 0.0
combat
0.061779000010574237 0.0015239999920595437
0.061779000010574237 1.00000761449337e-06
combat
0.06180399999720976 0.001756999990902841
0.06180399999720976 0.0
combat
0.062292000016896054 0.0017850000003818423
0.062292000016896054 1.00000761449337e-06
combat
0.06196799999452196 0.0015569999814033508
0.06196799999452196 0.0
combat
0.06182300002546981 0.001728000002913177
0.06182300002546981 0.0
combat
0.06169099998078309 0.001516999996965751
0.06169099998078309 0.0
combat
0.06170900000142865 0.001820000004954636
0.06170900000142865 0.0
combat
0.06173499999567866 0.0015710000006947666
0.06173499999567866 9.999785106629133e-07
combat
0.06255500001134351 0.0015230000135488808
0.06255500001134351 1.00000761449337e-06
combat
0.05980499999714084 0.0014690000098198652
0.05980499999714084 0.0
fallback
0.06144200000562705 0.001539000018965453
0.06144200000562705 1.00000761449337e-06
fallback
0.05996500002220273 0.0015060000005178154
0.05996500002220273 0.0
fallback
0.06260599999222904 0.0015319999947678298
0.06260599999222904 1.00000761449337e-06
fallback
0.060732999991159886 0.0015060000005178154
0.060732999991159886 0.0
fallback
0.055997999996179715 0.0014049999881535769
0.055997999996179715 1.00000761449337e-06
fallback
0.058403999981237575 0.0015340000099968165
0.058403999981237575 1.00000761449337e-06
fallback
0.05654499999945983 0.0014159999846015126
0.05654499999945983 0.0
fallback
0.05781200001365505 0.0014319999900180846
0.05781200001365505 1.00000761449337e-06
fallback
0.05740799999330193 0.0014309999824035913
0.05740799999330193 1.00000761449337e-06
fallback
0.052041999995708466 0.0013359999866224825
0.052041999995708466 1.00000761449337e-06
fallback
0.054896999994525686 0.001369999983580783
0.054896999994525686 0.0
ready
0.05599900000379421 0.0013809999800287187
0.05599900000379421 9.999785106629133e-07
ready
0.05511699998169206 0.0013479999906849116
0.05511699998169206 0.0
ready
0.05426699999952689 0.0013719999988097697
0.05426699999952689 9.999785106629133e-07
0.056982999987667426 0.0014430000155698508
0.056982999987667426 0.0
ready
0.058644000004278496 0.001520999998319894
0.058644000004278496 0.0
ready
0.056727000017417595 0.0014090000186115503
0.056727000017417595 9.999785106629133e-07
ready
0.05425200000172481 0.0014019999944139272
0.05425200000172481 0.0
ready
0.05264600002556108 0.0013359999866224825
0.05264600002556108 1.00000761449337e-06
ready
0.054708999989088625 0.001707000017631799
0.054708999989088625 0.0
ready
ready
0.053208000026643276 0.0015260000072885305
0.053208000026643276 0.0
0.05180999997537583 0.0016410000098403543
0.05180999997537583 0.0
ready
0.049583999993046746 0.0014650000084657222
0.049583999993046746 0.0
ready
0.049670000007608905 0.001524999999674037
0.049670000007608905 0.0
ready
0.04942299998947419 0.001496000011684373
0.04942299998947419 1.00000761449337e-06
ready
0.047149999998509884 0.0014799999771639705
0.047149999998509884 1.00000761449337e-06
ready
0.045603000005939975 0.0013170000165700912
0.045603000005939975 0.0
ready
0.04610500001581386 0.0018109999946318567
0.04610500001581386 0.0
ready
0.04806799997459166 0.0012040000001434237
0.04806799997459166 1.00000761449337e-06
ready
ready
0.046529000013833866 0.0016200000245589763
0.046529000013833866 1.00000761449337e-06
ready
0.04953300001216121 0.0017010000010486692
0.04953300001216121 1.00000761449337e-06
ready
0.04962499998509884 0.0014650000084657222
0.04962499998509884 1.00000761449337e-06
ready
0.04926499997964129 0.001467000023694709
0.04926499997964129 0.0
ready
0.050309999991441146 0.001225999993039295
0.050309999991441146 0.0
ready
0.04763099999399856 0.001205000007757917
0.04763099999399856 9.999785106629133e-07
ready
0.047423999989405274 0.0012089999800082296
0.047423999989405274 0.0
ready
0.04939100000774488 0.0014119999832473695
0.04939100000774488 0.0
ready
0.05259000000660308 0.0014570000057574362
0.05259000000660308 0.0
ready
0.056689999997615814 0.0013550000148825347
0.056689999997615814 0.0
ready
0.05703900000662543 0.0018350000027567148
0.05703900000662543 1.00000761449337e-06
ready
0.05497100000502542 0.001357000001007691
0.05497100000502542 0.0
ready
0.07272399999783374 0.00193500000750646
0.07272399999783374 0.0
ready
0.05509300000267103 0.0013930000131949782
0.05509300000267103 0.0
ready
0.06205499998759478 0.0015150000108405948
0.06205499998759478 1.00000761449337e-06
ready
0.054480999999213964 0.001420999993570149
0.054480999999213964 9.999785106629133e-07
ready
0.058302000019466504 0.0014549999905284494
0.058302000019466504 1.00000761449337e-06
ready
0.0577530000009574 0.0014229999796953052
0.0577530000009574 0.0
ready
0.05779099999926984 0.001432000019121915
0.05779099999926984 0.0
ready
0.05481600001803599 0.0013719999988097697
0.05481600001803599 0.0
ready
0.05515699999523349 0.0013849999813828617
0.05515699999523349 0.0
ready
0.05536299999221228 0.0013470000121742487
0.05536299999221228 0.0
ready
0.056391999998595566 0.0015399999974761158
0.056391999998595566 0.0
ready
0.05356000000028871 0.001348000019788742
0.05356000000028871 0.0
ready
0.05249199998797849 0.0013209999888204038
0.05249199998797849 0.0
ready
0.05501499999081716 0.0015239999920595437
0.05501499999081716 0.0
ready
0.054780000005848706 0.00133200001437217
0.054780000005848706 0.0
ready
0.05535599999711849 0.0013580000086221844
0.05535599999711849 1.00000761449337e-06
ready
0.054149000003235415 0.001320000010309741
0.054149000003235415 1.00000761449337e-06
ready
0.0560119999863673 0.0013990000006742775
0.0560119999863673 9.999785106629133e-07
ready
0.05827300000237301 0.001504999992903322
0.05827300000237301 9.999785106629133e-07
ready
0.05749100001412444 0.0013790000230073929
0.05749100001412444 9.999785106629133e-07
ready
0.05214799998793751 0.0013090000138618052
0.05214799998793751 0.0
ready
0.05518799999845214 0.0014100000262260437
0.05518799999845214 0.0
0.05285599999479018 0.0013979999930597842
0.05285599999479018 0.0
ready
0.05184100000769831 0.001277000003028661
0.05184100000769831 9.999785106629133e-07
ready
ready
0.04978500001016073 0.00120599998626858
0.04978500001016073 1.00000761449337e-06
0.04904600000008941 0.0012240000069141388
0.04904600000008941 9.999785106629133e-07
ready
0.047273000003769994 0.0012040000001434237
0.047273000003769994 1.00000761449337e-06
ready
0.04870300000766292 0.0014400000218302011
0.04870300000766292 0.0
ready
ready
0.048420999984955415 0.0016820000018924475
0.048420999984955415 0.0
ready
0.04893299998366274 0.001420999993570149
0.04893299998366274 1.00000761449337e-06
ready
0.04680499999085441 0.0013279999839141965
0.04680499999085441 1.00000761449337e-06
ready
0.049399000010453165 0.0015779999957885593
0.049399000010453165 0.0
ready
0.048737999983131886 0.0014510000182781368
0.048737999983131886 0.0
ready
0.04943699997966178 0.0012260000221431255
0.04943699997966178 0.0
ready
0.052370999997947365 0.0013880000042263418
0.052370999997947365 1.00000761449337e-06
ready
0.05267400000593625 0.0013170000165700912
0.05267400000593625 9.999785106629133e-07
ready
0.0513890000001993 0.0013219999964348972
0.0513890000001993 0.0
ready
0.05231700002332218 0.0012849999766331166
0.05231700002332218 0.0
ready
0.051269999996293336 0.0015699999930802733
0.051269999996293336 0.0
ready
0.052835999988019466 0.001552000001538545
0.052835999988019466 9.999785106629133e-07
ready
0.04722199999378063 0.0012040000001434237
0.04722199999378063 1.00000761449337e-06
go
0.04670299999997951 0.0011700000031851232
0.04670299999997951 0.0
go
0.04674300001352094 0.0013290000206325203
0.04674300001352094 9.999785106629133e-07
go
0.04626500001177192 0.0012350000033620745
0.04626500001177192 1.00000761449337e-06
go
0.04708800002117641 0.0011679999879561365
0.04708800002117641 1.00000761449337e-06
go
0.04420499998377636 0.0011020000092685223
0.04420499998377636 1.00000761449337e-06
go
0.04281000001356006 0.0010509999992791563
0.04281000001356006 9.999785106629133e-07
go
0.0421840000199154 0.0010469999979250133
0.0421840000199154 1.00000761449337e-06
go
0.04694500000914559 0.0011569999915082008
0.04694500000914559 1.00000761449337e-06
go
0.04716199997346848 0.0011590000067371875
0.04716199997346848 0.0
go
0.04806800000369549 0.0011569999915082008
0.04806800000369549 1.00000761449337e-06
go
0.047266999987186864 0.0011479999811854213
0.047266999987186864 0.0
go
0.04757399999652989 0.001189000002341345
0.04757399999652989 0.0
0.046919999993406236 0.0012329999881330878
0.046919999993406236 0.0
go
go
0.04643099999520928 0.0012109999952372164
0.04643099999520928 0.0
0.04387799999676645 0.0010990000155288726
0.04387799999676645 0.0
go
go
0.04412099998444319 0.0011109999904874712
0.04412099998444319 0.0
go
0.044771999993827194 0.00112599998828955
0.044771999993827194 0.0
0.04656499999691732 0.0013179999950807542
0.04656499999691732 0.0
go
0.047892000002320856 0.001293999986955896
0.047892000002320856 1.00000761449337e-06
go
0.047202999994624406 0.0012260000221431255
0.047202999994624406 9.999785106629133e-07
go
0.04764400000567548 0.001293000008445233
0.04764400000567548 0.0
go
0.04707500000949949 0.0013010000111535192
0.04707500000949949 0.0
go
0.0497449999966193 0.0017149999912362546
0.0497449999966193 0.0
go
0.04729600000428036 0.0013879999751225114
0.04729600000428036 0.0
go
0.04761999999755062 0.0014799999771639705
0.04761999999755062 1.00000761449337e-06
go
go
0.046697999991010875 0.0014610000071115792
0.046697999991010875 1.00000761449337e-06
go
0.04647900001145899 0.0014919999812263995
0.04647900001145899 1.00000761449337e-06
go
0.04589899998973124 0.0015569999814033508
0.04589899998973124 0.0
go
0.04749399999855086 0.0014039999805390835
0.04749399999855086 9.999785106629133e-07
go
0.045825999986846 0.0012280000082682818
0.045825999986846 1.00000761449337e-06
go
0.04465999998501502 0.0011560000129975379
0.04465999998501502 0.0
go
0.04709100001491606 0.0011689999955706298
0.04709100001491606 0.0
go
0.04188899998553097 0.0010559999791439623
0.04188899998553097 0.0
go
0.04192099999636412 0.0010599999804981053
0.04192099999636412 0.0
go
0.04169799998635426 0.0010620000248309225
0.04169799998635426 0.0
go
0.04869899997720495 0.001229999994393438
0.04869899997720495 0.0
go
0.04723700002068654 0.0011849999718833715
0.04723700002068654 0.0
go
0.051202000002376735 0.0016719999839551747
0.051202000002376735 1.00000761449337e-06
go
0.05273600001237355 0.0013169999874662608
0.05273600001237355 0.0
go
0.05245800002012402 0.0013050000125076622
0.05245800002012402 1.00000761449337e-06
go
0.05507299999590032 0.0015779999957885593
0.05507299999590032 0.0
go
0.057403999991947785 0.001428999996278435
0.057403999991947785 1.00000761449337e-06
go
0.05479900000500493 0.0013700000126846135
0.05479900000500493 1.00000761449337e-06
go
0.055693000002065673 0.0013510000135283917
0.055693000002065673 0.0
go
0.05487299998640083 0.0013789999939035624
0.05487299998640083 0.0
go
0.05520299999625422 0.0014599999994970858
0.05520299999625422 1.00000761449337e-06
go
0.05503399998997338 0.0013500000059138983
0.05503399998997338 1.00000761449337e-06
go
0.055748999991919845 0.0015499999863095582
0.055748999991919845 0.0
go
0.057035000005271286 0.0014019999944139272
0.057035000005271286 0.0
go
0.057852999976603314 0.0014400000218302011
0.057852999976603314 0.0
go
0.054973999998765066 0.0013390000094659626
0.054973999998765066 0.0
go
0.05609499997808598 0.0013620000099763274
0.05609499997808598 9.999785106629133e-07
go
0.053931000002194196 0.0014549999905284494
0.053931000002194196 1.00000761449337e-06
go
0.05673699997714721 0.0013599999947473407
0.05673699997714721 0.0
go
0.0544979999831412 0.0013789999939035624
0.0544979999831412 1.00000761449337e-06
go
0.05455600001732819 0.0013820000167470425
0.05455600001732819 9.999785106629133e-07
go
0.05481499998131767 0.0013510000135283917
0.05481499998131767 0.0
go
0.05632500001229346 0.0014030000020284206
0.05632500001229346 9.999785106629133e-07
go
0.05705800000578165 0.0014439999940805137
0.05705800000578165 0.0
go
0.05954300001030788 0.0015899999998509884
0.05954300001030788 1.00000761449337e-06
go
0.05983899999409914 0.0015279999934136868
0.05983899999409914 1.00000761449337e-06
go
0.06173600000329316 0.001660999987507239
0.06173600000329316 0.0
go
0.06271599998581223 0.0015360000252258033
0.06271599998581223 0.0
go
0.05932299999403767 0.0016590000013820827
0.05932299999403767 0.0
go
0.06217399999150075 0.0016219999815803021
0.06217399999150075 0.0
go
0.05831800002488308 0.0018419999978505075
0.05831800002488308 0.0
go
0.06073699999251403 0.0015239999920595437
0.06073699999251403 1.00000761449337e-06
go
0.05946899999980815 0.0019580000080168247
0.05946899999980815 1.00000761449337e-06
go
0.06440900001325645 0.0038899999926798046
0.06440900001325645 1.00000761449337e-06
go
0.06729599999380298 0.0019610000017564744
0.06729599999380298 0.0
go
0.07015500002307817 0.0021059999999124557
0.07015500002307817 0.0
go
0.0727150000166148 0.002179000002797693
0.0727150000166148 0.0
go
0.07449499997892417 0.004340000014053658
0.07449499997892417 9.999785106629133e-07
go
0.07383099998696707 0.002226000011432916
0.07383099998696707 1.00000761449337e-06
go
0.0720689999870956 0.002202000003308058
0.0720689999870956 1.00000761449337e-06
go
0.07354399998439476 0.0020420000073499978
0.07354399998439476 1.00000761449337e-06
combat
0.07522900000913069 0.0021729999862145633
0.07522900000913069 0.0
0.07192200000281446 0.002054000011412427
0.07192200000281446 1.00000761449337e-06
combat
0.07277599998633377 0.002146000013453886
0.07277599998633377 0.0
combat
combat
0.07157000000006519 0.0020120000117458403
0.07157000000006519 1.00000761449337e-06
0.07072899999911897 0.0020080000103916973
0.07072899999911897 0.0
combat
0.06686600000830367 0.0017579999985173345
0.06686600000830367 9.999785106629133e-07
fallback
0.06908300000941381 0.0019019999890588224
0.06908300000941381 0.0
fallback
fallback
0.06450400000903755 0.0020739999890793115
0.06450400000903755 0.0
0.0692939999862574 0.002127000014297664
0.0692939999862574 9.999785106629133e-07
fallback
0.0661250000121072 0.0018299999937880784
0.0661250000121072 1.00000761449337e-06
fallback
fallback
0.070439000002807 0.0022400000016205013
0.070439000002807 0.0
0.07251100000576116 0.002035000012256205
0.07251100000576116 0.0
fallback
0.07378999999491498 0.002082999999402091
0.07378999999491498 9.999785106629133e-07
fallback
fallback
0.06864899999345653 0.001992000004975125
0.06864899999345653 1.00000761449337e-06
fallback
0.06829599998309277 0.0019139999931212515
0.06829599998309277 1.00000761449337e-06
fallback
0.0696860000025481 0.002027999988058582
0.0696860000025481 0.0
fallback
0.06324600000516511 0.0015469999925699085
0.06324600000516511 1.00000761449337e-06
fallback
0.06236499999067746 0.0015110000094864517
0.06236499999067746 0.0
fallback
0.06218300000182353 0.0017510000034235418
0.06218300000182353 1.00000761449337e-06
fallback
0.06270999999833293 0.0014979999978095293
0.06270999999833293 0.0
ready
0.06255599998985417 0.0017850000003818423
0.06255599998985417 9.999785106629133e-07
ready
0.06535300001269206 0.0018840000266209245
0.06535300001269206 1.00000761449337e-06
ready
0.06215799998608418 0.0015279999934136868
0.06215799998608418 0.0
ready
0.06307800000649877 0.0015859999984968454
0.06307800000649877 0.0
ready
0.06245299999136478 0.0015459999849554151
0.06245299999136478 9.999785106629133e-07
ready
0.061394000018481165 0.0015539999876637012
0.061394000018481165 1.00000761449337e-06
ready
0.06224999998812564 0.001512999995611608
0.06224999998812564 0.0
ready
0.06229900001198985 0.0015850000199861825
0.06229900001198985 1.00000761449337e-06
ready
0.0627379999787081 0.0015629999979864806
0.0627379999787081 1.00000761449337e-06
ready
0.0620690000068862 0.0015220000059343874
0.0620690000068862 9.999785106629133e-07
ready
0.05923600000096485 0.0014599999994970858
0.05923600000096485 0.0
ready
0.06329099999857135 0.0015899999998509884
0.06329099999857135 0.0
ready
0.06528899999102578 0.0015819999971427023
0.06528899999102578 0.0
ready
0.06609200002276339 0.0015839999832678586
0.06609200002276339 1.00000761449337e-06
ready
0.06548099999781698 0.001639000023715198
0.06548099999781698 0.0
ready
0.0645070000027772 0.0016049999976530671
0.0645070000027772 0.0
ready
0.06352399999741465 0.001660000008996576
0.06352399999741465 0.0
ready
0.06539999999222346 0.001580000011017546
0.06539999999222346 9.999785106629133e-07
ready
0.06442400001105852 0.00157200000830926
0.06442400001105852 1.00000761449337e-06
ready
0.06251200000406243 0.0015319999947678298
0.06251200000406243 0.0
ready
0.06126600000425242 0.0015350000176113099
0.06126600000425242 0.0
ready
ready
0.061562999995658174 0.0015830000047571957
0.061562999995658174 1.00000761449337e-06
ready
ready
0.0617740000016056 0.0015399999974761158
0.0617740000016056 1.00000761449337e-06
ready
ready
0.0613489999959711 0.001529999979538843
0.0613489999959711 1.00000761449337e-06
ready
ready
0.06231599999591708 0.0015699999930802733
0.06231599999591708 1.00000761449337e-06
ready
ready
0.06459399999585003 0.001652999984798953
0.06459399999585003 1.00000761449337e-06
ready
ready
0.06766000000061467 0.0017380000208504498
0.06766000000061467 0.0
ready
ready
0.0661800000234507 0.0015919999859761447
0.0661800000234507 0.0
ready
ready
0.07220500000403263 0.002039000013610348
0.07220500000403263 9.999785106629133e-07
ready
ready
0.06686399999307469 0.001707000017631799
0.06686399999307469 0.0
ready
ready
0.06930899998405948 0.001808000000892207
0.06930899998405948 9.999785106629133e-07
ready
ready
0.06750500001362525 0.0017049999732989818
0.06750500001362525 1.00000761449337e-06
ready
ready
0.06921499999589287 0.0018740000086836517
0.06921499999589287 0.0
ready
ready
0.06690400000661612 0.0016309999919030815
0.06690400000661612 0.0
ready
ready
0.07280200000968762 0.0017349999980069697
0.07280200000968762 0.0
ready
ready
0.06817300000693649 0.0016550000000279397
0.06817300000693649 0.0
ready
ready
0.06987100001424551 0.001711000018985942
0.06987100001424551 0.0
ready
ready
0.06542699999408796 0.00157200000830926
0.06542699999408796 9.999785106629133e-07
ready
ready
0.06702899999800138 0.0017040000238921493
0.06702899999800138 0.0
ready
ready
0.06305100000463426 0.001572999986819923
0.06305100000463426 0.0
0.06633500001044013 0.0016419999883510172
0.06633500001044013 1.00000761449337e-06
ready
ready
ready
ready
0.0700490000017453 0.0017189999925903976
0.0700490000017453 1.00000761449337e-06
ready
ready
0.07166299998061731 0.0017189999925903976
0.07166299998061731 1.00000761449337e-06
ready
ready
0.06960499999695458 0.0018069999932777137
0.06960499999695458 0.0
ready
ready
0.06509600000572391 0.0015710000006947666
0.06509600000572391 0.0
0.06300900000496767 0.0017869999865069985
0.06300900000496767 1.00000761449337e-06
ready
ready
0.06743700001970865 0.0017640000151004642
0.06743700001970865 0.0
ready
ready
0.06318900000769645 0.0015919999859761447
0.06318900000769645 0.0
ready
ready
0.06446599998162128 0.0020380000059958547
0.06446599998162128 1.00000761449337e-06
ready
ready
0.06200499998521991 0.0018620000046212226
0.06200499998521991 9.999785106629133e-07
ready
ready
0.06510499998694286 0.0019230000034440309
0.06510499998694286 9.999785106629133e-07
ready
ready
ready
ready
0.05840300000272691 0.0014899999951012433
0.05840300000272691 0.0
ready
ready
0.05951600000844337 0.001660999987507239
0.05951600000844337 0.0
ready
ready
0.05481299999519251 0.0014079999818932265
0.05481299999519251 0.0
go
go
0.05817699999897741 0.0060480000101961195
0.05817699999897741 0.0
go
go
0.05133899999782443 0.0012960000021848828
0.05133899999782443 1.00000761449337e-06
go
go
0.05503699998371303 0.0013559999933931977
0.05503699998371303 0.0
go
go
0.05151100002694875 0.0013219999964348972
0.05151100002694875 1.00000761449337e-06
go
go
0.05522500001825392 0.001361000002361834
0.05522500001825392 1.00000761449337e-06
go
go
0.05298500001663342 0.0012679999927058816
0.05298500001663342 1.00000761449337e-06
go
go
0.04934900000807829 0.0012369999894872308
0.04934900000807829 1.00000761449337e-06
go
go
0.05001900001661852 0.0012310000020079315
0.05001900001661852 1.00000761449337e-06
go
go
0.04953899999964051 0.0012949999945703894
0.04953899999964051 1.00000761449337e-06
go
go
0.049297999998088926 0.0012270000006537884
0.049297999998088926 0.0
go
go
0.05002900000545196 0.0012559999886434525
0.05002900000545196 0.0
go
go
0.04996400000527501 0.0012430000060703605
0.04996400000527501 0.0
go
go
0.04891800001496449 0.001305999991018325
0.04891800001496449 1.00000761449337e-06
go
go
0.04911399999400601 0.001221999991685152
0.04911399999400601 0.0
go
go
0.05025599998771213 0.001246999978320673
0.05025599998771213 1.00000761449337e-06
go
go
0.05039699998451397 0.0012540000025182962
0.05039699998451397 1.00000761449337e-06
go
go
0.04935200000181794 0.0012220000207889825
0.04935200000181794 9.999785106629133e-07
go
go
0.051087999978335574 0.0012599999899975955
0.051087999978335574 0.0
go
go
0.0499370000034105 0.0012580000038724393
0.0499370000034105 0.0
go
go
0.05018900000141002 0.0012280000082682818
0.05018900000141002 0.0
go
go
0.049670000007608905 0.0012260000221431255
0.049670000007608905 1.00000761449337e-06
go
go
0.050023999996483326 0.001264999998966232
0.050023999996483326 1.00000761449337e-06
go
go
0.05491599999368191 0.0015019999991636723
0.05491599999368191 0.0
go
go
0.06393699999898672 0.0016229999891947955
0.06393699999898672 9.999785106629133e-07
go
go
0.05606100001023151 0.001412999990861863
0.05606100001023151 0.0
go
go
0.05463599998620339 0.0013370000233408064
0.05463599998620339 0.0
go
go
0.05717500002356246 0.001420000015059486
0.05717500002356246 9.999785106629133e-07
go
go
0.05696899999747984 0.0013810000091325492
0.05696899999747984 0.0
go
go
0.057776000001467764 0.0014220000011846423
0.057776000001467764 1.00000761449337e-06
go
go
0.0542249999998603 0.0013469999830704182
0.0542249999998603 0.0
go
go
0.05514499999117106 0.0013760000001639128
0.05514499999117106 0.0
go
go
0.052236000017728657 0.0012669999850913882
0.052236000017728657 1.00000761449337e-06
go
go
0.05847299998276867 0.0014789999986533076
0.05847299998276867 0.0
go
go
0.05776500000501983 0.0014139999984763563
0.05776500000501983 0.0
go
go
0.05018799999379553 0.0012740000092890114
0.05018799999379553 0.0
go
go
0.05916100001195446 0.0013800000015180558
0.05916100001195446 0.0
go
go
0.057432000001426786 0.0013749999925494194
0.057432000001426786 1.00000761449337e-06
0.05932599998777732 0.0015200000198092312
0.05932599998777732 0.0
0.06037699998705648 0.001457999984268099
0.06037699998705648 0.0
0.0626769999798853 0.001816000003600493
0.0626769999798853 0.0
0.06536000000778586 0.00181200000224635
0.06536000000778586 1.00000761449337e-06
0.06500199998845346 0.0020490000024437904
0.06500199998845346 9.999785106629133e-07
0.065335999999661 0.0017970000044442713
0.065335999999661 0.0
0.06549599999561906 0.0016170000017154962
0.06549599999561906 1.00000761449337e-06
0.0651040000084322 0.0018299999937880784
0.0651040000084322 0.0
0.061981999984709546 0.0016509999986737967
0.061981999984709546 1.00000761449337e-06
0.06138100000680424 0.0015399999974761158
0.06138100000680424 1.00000761449337e-06
0.06272399998852052 0.001484000007621944
0.06272399998852052 0.0
0.062169000011635944 0.0014729999820701778
0.062169000011635944 1.00000761449337e-06
0.05939499998930842 0.0014430000155698508
0.05939499998930842 0.0
0.05875699999160133 0.0014359999913722277
0.05875699999160133 1.00000761449337e-06
0.05564599999343045 0.0013069999986328185
0.05564599999343045 0.0
0.05710199999157339 0.0013460000045597553
0.05710199999157339 1.00000761449337e-06
0.05579300000681542 0.0013629999884869903
0.05579300000681542 1.00000761449337e-06
0.06493500000215136 0.0013329999928828329
0.06493500000215136 1.00000761449337e-06
0.05203199997777119 0.0012599999899975955
0.05203199997777119 0.0
0.05698600001051091 0.0014179999998304993
0.05698600001051091 0.0
<bots.big.custom_bot.CombatGroupManager object at 0x7f7f8788a1d0>
0.054963999980827793 0.0013180000241845846
0.054963999980827793 9.999785106629133e-07
0.05743600000278093 0.001432999997632578
0.05743600000278093 0.0
0.057597999984864146 0.0013749999925494194
0.057597999984864146 0.0
0.05694800001219846 0.001381999987643212
0.05694800001219846 1.00000761449337e-06
0.056160999985877424 0.0013679999974556267
0.056160999985877424 0.0
0.05957400001352653 0.001552000001538545
0.05957400001352653 0.0
0.062402999988989905 0.0014429999864660203
0.062402999988989905 0.0
0.060056000016629696 0.0014640000008512288
0.060056000016629696 1.00000761449337e-06
0.057635000004665926 0.0013990000006742775
0.057635000004665926 1.00000761449337e-06
0.05832000001100823 0.0014599999994970858
0.05832000001100823 1.00000761449337e-06
0.06044800000381656 0.0018250000139232725
0.06044800000381656 0.0
0.06324899999890476 0.0014999999839346856
0.06324899999890476 0.0
0.05992800000240095 0.0014239999873097986
0.05992800000240095 0.0
0.06077499999082647 0.0015239999920595437
0.06077499999082647 9.999785106629133e-07
0.054146000009495765 0.0013009999820496887
0.054146000009495765 1.00000761449337e-06
0.05567000000155531 0.0013090000138618052
0.05567000000155531 1.00000761449337e-06
0.054884000011952594 0.0013329999928828329
0.054884000011952594 0.0
0.060397000022931024 0.0013990000006742775
0.060397000022931024 0.0
0.05541900001117028 0.0013249999901745468
0.05541900001117028 0.0
0.05480800001532771 0.0013349999790079892
0.05480800001532771 0.0
0.06408900002134033 0.0018659999768715352
0.06408900002134033 0.0
0.07478600001195446 0.0018709999858401716
0.07478600001195446 0.0
0.07279800000833347 0.0025539999769534916
0.07279800000833347 1.00000761449337e-06
0.05516799999168143 0.001588000013725832
0.05516799999168143 1.00000761449337e-06
0.05538800000795163 0.0015949999797157943
0.05538800000795163 1.00000761449337e-06
0.059907999995630234 0.0014809999847784638
0.059907999995630234 0.0
0.05940500000724569 0.0014640000008512288
0.05940500000724569 1.00000761449337e-06
0.06946500000776723 0.0017789999837987125
0.06946500000776723 1.00000761449337e-06
0.07036300000618212 0.0017619999998714775
0.07036300000618212 0.0
0.07052900001872331 0.001863000012235716
0.07052900001872331 0.0
0.07737600000109524 0.002074999996693805
0.07737600000109524 1.00000761449337e-06
0.07713399999192916 0.0019460000039543957
0.07713399999192916 9.999785106629133e-07
0.08190000001923181 0.002206000004662201
0.08190000001923181 0.0
0.08074999999371357 0.0021019999985583127
0.08074999999371357 0.0
0.05921499998657964 0.0014429999864660203
0.05921499998657964 1.00000761449337e-06
0.06565199999022298 0.001884999976027757
0.06565199999022298 0.0
0.06799800001317635 0.0016170000017154962
0.06799800001317635 0.0
0.0646720000077039 0.0015620000194758177
0.0646720000077039 0.0
0.06393099998240359 0.0017750000115484
0.06393099998240359 0.0
0.06075799997779541 0.001480000006267801
0.06075799997779541 0.0
0.06291899998905137 0.0017010000010486692
0.06291899998905137 9.999785106629133e-07
0.06082299997797236 0.001576000009663403
0.06082299997797236 1.00000761449337e-06
0.05655999999726191 0.0013959999778307974
0.05655999999726191 0.0
0.061236999987158924 0.0015229999844450504
0.061236999987158924 0.0
0.08067899997695349 0.002070999995339662
0.08067899997695349 0.0
0.08154800001648255 0.0020890000159852207
0.08154800001648255 1.00000761449337e-06
0.08096399999340065 0.0021179999748710543
0.08096399999340065 1.00000761449337e-06
0.08051599998725578 0.002070999995339662
0.08051599998725578 0.0
0.08020500000566244 0.0020530000037979335
0.08020500000566244 1.00000761449337e-06
0.08140000002458692 0.002078999998047948
0.08140000002458692 0.0
0.08674900000914931 0.0022049999970477074
0.08674900000914931 0.0
0.08427900000242516 0.0021800000104121864
0.08427900000242516 0.0
0.08361699999659322 0.0021570000099018216
0.08361699999659322 0.0
0.08378299998003058 0.0021209999977145344
0.08378299998003058 9.999785106629133e-07
0.08399400001508184 0.002103999984683469
0.08399400001508184 0.0
0.08812299999408424 0.002394999988609925
0.08812299999408424 9.999785106629133e-07
0.08786299999337643 0.0022330000065267086
0.08786299999337643 0.0
0.08768900000723079 0.0022339999850373715
0.08768900000723079 9.999785106629133e-07
0.08723500001360662 0.0021849999902769923
0.08723500001360662 0.0
0.08802399999694899 0.002154999994672835
0.08802399999694899 0.0
<bots.big.custom_bot.CombatGroupManager object at 0x7f7f8788a1d0>
0.0912780000071507 0.0024099999864120036
0.0912780000071507 0.0
0.0666510000010021 0.0016739999991841614
0.0666510000010021 0.0
0.06433500000275671 0.0016120000218506902
0.06433500000275671 0.0
0.0648640000144951 0.0015870000061113387
0.0648640000144951 9.999785106629133e-07
0.06640199999674223 0.0016770000220276415
0.06640199999674223 1.00000761449337e-06
0.06190699999569915 0.0015469999925699085
0.06190699999569915 1.00000761449337e-06
0.0680749999883119 0.0016289999766740948
0.0680749999883119 0.0
0.06676200000219978 0.001707999996142462
0.06676200000219978 0.0
0.06783000001451 0.0016109999851323664
0.06783000001451 0.0
0.06791300000622869 0.001664999988861382
0.06791300000622869 0.0
0.06876300001749769 0.0016669999749865383
0.06876300001749769 1.00000761449337e-06
0.06884900000295602 0.0016519999771844596
0.06884900000295602 1.00000761449337e-06
0.07088499999372289 0.001647000026423484
0.07088499999372289 0.0
0.0700420000066515 0.0016810000233817846
0.0700420000066515 0.0
0.0704799999948591 0.0016920000198297203
0.0704799999948591 1.00000761449337e-06
0.06492199999047443 0.001552000001538545
0.06492199999047443 0.0
0.06559300000662915 0.0015539999876637012
0.06559300000662915 1.00000761449337e-06
0.06606899999314919 0.0016140000079758465
0.06606899999314919 0.0
0.06532599998172373 0.0015859999984968454
0.06532599998172373 0.0
0.06580000001122244 0.0015930000226944685
0.06580000001122244 0.0
0.06788399998913519 0.0016279999981634319
0.06788399998913519 1.00000761449337e-06
0.0695840000116732 0.0018459999992046505
0.0695840000116732 0.0
0.08806999999796972 0.002287000010255724
0.08806999999796972 1.00000761449337e-06
0.08219200000166893 0.001744000008329749
0.08219200000166893 1.00000761449337e-06
0.07966000001761131 0.0023849999997764826
0.07966000001761131 0.0
0.08067299998947419 0.002653000003192574
0.08067299998947419 0.0
0.10130800001206808 0.0026769999822136015
0.10130800001206808 9.999785106629133e-07
0.10528899999917485 0.006649999995715916
0.10528899999917485 0.0
0.10635799998999573 0.0027209999971091747
0.10635799998999573 0.0
0.10870700000668876 0.002765000012004748
0.10870700000668876 9.999785106629133e-07
0.08662499999627471 0.004886999988229945
0.08662499999627471 0.0
0.0914080000075046 0.0024929999781306833
0.0914080000075046 0.0
0.08923300000606105 0.00208899998688139
0.08923300000606105 1.00000761449337e-06
0.09567899999092333 0.002817000000504777
0.09567899999092333 0.0
0.10969599999953061 0.0027910000062547624
0.10969599999953061 0.0
0.08399700000882149 0.0022480000043287873
0.08399700000882149 0.0
0.09147799998754635 0.0022379999863915145
0.09147799998754635 9.999785106629133e-07
0.09030599999823608 0.002510999998776242
0.09030599999823608 9.999785106629133e-07
0.09011700001428835 0.0021550000237766653
0.09011700001428835 1.00000761449337e-06
0.08358500001486391 0.0020179999992251396
0.08358500001486391 0.0
0.11307099999976344 0.002710000000661239
0.11307099999976344 1.00000761449337e-06
0.10926200001267716 0.0027080000145360827
0.10926200001267716 0.0
0.10973899997770786 0.0026720000023487955
0.10973899997770786 9.999785106629133e-07
0.11085399999865331 0.0027079999854322523
0.11085399999865331 0.0
0.10889999999199063 0.002674999996088445
0.10889999999199063 0.0
0.11316499998793006 0.0027840000111609697
0.11316499998793006 0.0
0.11269500001799315 0.002749000006588176
0.11269500001799315 1.00000761449337e-06
0.11225800000829622 0.0027929999923799187
0.11225800000829622 1.00000761449337e-06
0.11373700000694953 0.002804000017931685
0.11373700000694953 0.0
0.11222399998223409 0.0027460000128485262
0.11222399998223409 0.0
0.11767500001587905 0.0030539999715983868
0.11767500001587905 1.00000761449337e-06
0.11653999998816289 0.002802000002702698
0.11653999998816289 1.00000761449337e-06
0.11399300000630319 0.0027510000218171626
0.11399300000630319 1.00000761449337e-06
0.11307600000873208 0.0028409999795258045
0.11307600000873208 1.00000761449337e-06
0.11274099998991005 0.002808999997796491
0.11274099998991005 0.0
0.10543599998345599 0.0026910000015050173
0.10543599998345599 0.0
0.1056479999970179 0.002513999992515892
0.1056479999970179 0.0
0.10527800000272691 0.0026209999923594296
0.10527800000272691 1.00000761449337e-06
0.10305700000026263 0.0025369999930262566
0.10305700000026263 0.0
0.10442699998384342 0.0025610000011511147
0.10442699998384342 0.0
<bots.big.custom_bot.CombatGroupManager object at 0x7f7f8788a1d0>
0.0800920000183396 0.0018740000086836517
0.0800920000183396 0.0
0.08121899998513982 0.0019540000066626817
0.08121899998513982 1.00000761449337e-06
0.08075799999642186 0.001896000001579523
0.08075799999642186 0.0
0.08563600000343286 0.002035999990766868
0.08563600000343286 0.0
0.08733800001209602 0.0024510000075679272
0.08733800001209602 9.999785106629133e-07
0.08593099997960962 0.00205500001902692
0.08593099997960962 1.00000761449337e-06
0.08610200000111945 0.0020610000065062195
0.08610200000111945 1.00000761449337e-06
0.08971800000290386 0.002043000014964491
0.08971800000290386 0.0
0.08500500000081956 0.0020169999916106462
0.08500500000081956 9.999785106629133e-07
0.08624599999166094 0.0020490000024437904
0.08624599999166094 0.0
0.0856729999941308 0.002139999996870756
0.0856729999941308 1.00000761449337e-06
0.08695100000477396 0.0019749999919440597
0.08695100000477396 1.00000761449337e-06
0.08518799999728799 0.002023000008193776
0.08518799999728799 0.0
0.085441000002902 0.0020409999997355044
0.085441000002902 1.00000761449337e-06
0.07985300000291318 0.0020309999817982316
0.07985300000291318 0.0
0.10573400001158006 0.0027629999967757612
0.10573400001158006 0.0
0.1111609999788925 0.0026720000023487955
0.1111609999788925 1.00000761449337e-06
0.11304400002700277 0.002761000010650605
0.11304400002700277 0.0
0.11138500002562068 0.002753000007942319
0.11138500002562068 1.00000761449337e-06
0.11282199999550357 0.002681000012671575
0.11282199999550357 1.00000761449337e-06
0.1139919999986887 0.002591999975265935
0.1139919999986887 0.0
0.10982499999227002 0.0026769999822136015
0.10982499999227002 0.0
0.10938600002555177 0.002814000006765127
0.10938600002555177 9.999785106629133e-07
0.11163199998554774 0.00273499998729676
0.11163199998554774 0.0
0.10976799999480136 0.0026769999822136015
0.10976799999480136 0.0
0.11307900000247173 0.002769999991869554
0.11307900000247173 0.0
0.10089900001185015 0.002210000006016344
0.10089900001185015 9.999785106629133e-07
0.08583100000396371 0.001994999998714775
0.08583100000396371 1.00000761449337e-06
0.0898530000122264 0.002134000009391457
0.0898530000122264 0.0
0.09083600001758896 0.002223999996203929
0.09083600001758896 1.00000761449337e-06
0.08486100001027808 0.0020269999804440886
0.08486100001027808 0.0
0.0860650000104215 0.00205500001902692
0.0860650000104215 0.0
0.09174500001245178 0.0027169999957550317
0.09174500001245178 1.00000761449337e-06
0.11092900001676753 0.002710999979171902
0.11092900001676753 1.00000761449337e-06
0.1126010000007227 0.0027000000118277967
0.1126010000007227 1.00000761449337e-06
0.11606500000925735 0.002830999990692362
0.11606500000925735 1.00000761449337e-06
0.11922400002367795 0.007095000008121133
0.11922400002367795 1.00000761449337e-06
0.11708199998247437 0.002913999982411042
0.11708199998247437 0.0
0.1160280000185594 0.0028489999822340906
0.1160280000185594 0.0
0.11590800000703894 0.0027920000138692558
0.11590800000703894 1.00000761449337e-06
0.11741299999994226 0.0030100000149104744
0.11741299999994226 0.0
0.11755200001061894 0.0029879999929107726
0.11755200001061894 1.00000761449337e-06
0.11831900000106543 0.0028980000060983002
0.11831900000106543 0.0
0.11806400000932626 0.002902999985963106
0.11806400000932626 1.00000761449337e-06
0.11946600000374019 0.002882999979192391
0.11946600000374019 0.0
0.11944400001084432 0.0028580000216607004
0.11944400001084432 0.0
0.1183360000140965 0.0029190000204835087
0.1183360000140965 0.0
0.09076500000082888 0.002076999982818961
0.09076500000082888 0.0
0.08943100000033155 0.0020979999972041696
0.08943100000033155 0.0
0.08971800000290386 0.002218999987235293
0.08971800000290386 0.0
0.09223700000438839 0.002275000006193295
0.09223700000438839 0.0
0.09949399999459274 0.0032190000056289136
0.09949399999459274 0.0
0.1087120000156574 0.0023410000139847398
0.1087120000156574 1.00000761449337e-06
0.11482499999692664 0.003488999995170161
0.11482499999692664 9.999785106629133e-07
0.13213400001404807 0.0032780000183265656
0.13213400001404807 0.0
0.12205700000049546 0.003025999991223216
0.12205700000049546 0.0
0.12734800000907853 0.003097000007983297
0.12734800000907853 1.00000761449337e-06
0.1343230000056792 0.003253999981097877
0.1343230000056792 0.0
0.12483100002282299 0.003125999995972961
0.12483100002282299 1.00000761449337e-06
0.11343900000792928 0.0024280000070575625
0.11343900000792928 0.0
<bots.big.custom_bot.CombatGroupManager object at 0x7f7f8788a1d0>
0.09731599999940954 0.005561999976634979
0.09731599999940954 0.0
0.09543300000950694 0.002462000004015863
0.09543300000950694 1.00000761449337e-06
0.118363000015961 0.003281999990576878
0.118363000015961 0.0
0.12825700000394136 0.0031700000108685344
0.12825700000394136 1.00000761449337e-06
0.134981000010157 0.0028680000104941428
0.134981000010157 0.0
0.13137399998959154 0.003285999991931021
0.13137399998959154 0.0
0.1299470000085421 0.0031519999902229756
0.1299470000085421 0.0
0.1303219999826979 0.0032150000042747706
0.1303219999826979 0.0
0.12978499999735504 0.0031049999815877527
0.12978499999735504 9.999785106629133e-07
0.12802400000509806 0.0031149999995250255
0.12802400000509806 0.0
0.13022200000705197 0.0033359999943058938
0.13022200000705197 0.0
0.12986300000920892 0.00314099999377504
0.12986300000920892 0.0
0.12042700001620688 0.0027800000098068267
0.12042700001620688 9.999785106629133e-07
0.10664600000018254 0.0024209999828599393
0.10664600000018254 9.999785106629133e-07
0.11568499999702908 0.0032649999775458127
0.11568499999702908 1.00000761449337e-06
0.118875999993179 0.006740999990142882
0.118875999993179 1.00000761449337e-06
0.11449199999333359 0.0029810000269208103
0.11449199999333359 1.00000761449337e-06
0.13131699999212287 0.003224999993108213
0.13131699999212287 1.00000761449337e-06
0.1304719999898225 0.0031460000027436763
0.1304719999898225 0.0
0.13164099998539314 0.003220000013243407
0.13164099998539314 0.0
0.1342540000041481 0.0033700000203680247
0.1342540000041481 1.00000761449337e-06
0.1358089999994263 0.0033030000049620867
0.1358089999994263 1.00000761449337e-06
0.1345079999882728 0.003345999983139336
0.1345079999882728 9.999785106629133e-07
0.13593999997829087 0.0032850000134203583
0.13593999997829087 0.0
0.13392799999564886 0.0032380000047851354
0.13392799999564886 1.00000761449337e-06
0.1378850000037346 0.008196999988285825
0.1378850000037346 9.999785106629133e-07
0.13777200001641177 0.003520999976899475
0.13777200001641177 0.0
0.13810899999225512 0.0033490000059828162
0.13810899999225512 1.00000761449337e-06
0.1380609999760054 0.003323000011732802
0.1380609999760054 0.0
0.1384589999797754 0.0033650000113993883
0.1384589999797754 0.0
0.10782600002130494 0.0026149999757763
0.10782600002130494 0.0
0.12246300000697374 0.002806000004056841
0.12246300000697374 0.0
0.14117200000328012 0.0033899999980349094
0.14117200000328012 1.00000761449337e-06
0.14064800000051036 0.0035459999926388264
0.14064800000051036 0.0
0.14159799998742528 0.003413999977055937
0.14159799998742528 0.0
0.14275100000668317 0.003487000009045005
0.14275100000668317 0.0
0.14202900000964291 0.0033890000195242465
0.14202900000964291 1.00000761449337e-06
0.14113299999735318 0.003364000003784895
0.14113299999735318 0.0
0.1404610000026878 0.003441999986534938
0.1404610000026878 9.999785106629133e-07
0.14064999998663552 0.0034109999833162874
0.14064999998663552 0.0
0.12116999999852851 0.008543999982066453
0.12116999999852851 9.999785106629133e-07
0.14639599999645725 0.0040760000119917095
0.14639599999645725 0.0
0.14560200000414625 0.003759000013815239
0.14560200000414625 1.00000761449337e-06
0.1555510000034701 0.004175000009126961
0.1555510000034701 0.0
0.15336999998544343 0.0037699999811593443
0.15336999998544343 1.00000761449337e-06
0.1575930000108201 0.0038420000055339187
0.1575930000108201 9.999785106629133e-07
0.14178000000538304 0.0038650000060442835
0.14178000000538304 1.00000761449337e-06
0.1562860000121873 0.003536000003805384
0.1562860000121873 0.0
0.13820000001578592 0.004117000004043803
0.13820000001578592 0.0
0.1581039999728091 0.004233999992720783
0.1581039999728091 1.00000761449337e-06
0.14651999998022802 0.0029980000108480453
0.14651999998022802 0.0
0.1566529999836348 0.003957000008085743
0.1566529999836348 0.0
0.14522000000579283 0.003048999991733581
0.14522000000579283 1.00000761449337e-06
0.14016500001889654 0.003757000027690083
0.14016500001889654 0.0
0.1441169999889098 0.0035050000005867332
0.1441169999889098 0.0
0.143458999984432 0.0034410000080242753
0.143458999984432 0.0
0.1436180000018794 0.0034140000061597675
0.1436180000018794 9.999785106629133e-07
0.14336300001014024 0.0036399999808054417
0.14336300001014024 1.00000761449337e-06
0.14321199999540113 0.0034300000115763396
0.14321199999540113 9.999785106629133e-07
0.14507999998750165 0.003492999996524304
0.14507999998750165 1.00000761449337e-06
<bots.big.custom_bot.CombatGroupManager object at 0x7f7f8788a1d0>
0.14630200000829063 0.0036469999758992344
0.14630200000829063 0.0
0.14668499998515472 0.003492999996524304
0.14668499998515472 2.1000014385208488e-05
0.14879899998777546 0.003484999993816018
0.14879899998777546 0.0
0.14671100000850856 0.0035040000220760703
0.14671100000850856 1.00000761449337e-06
0.14653399999951944 0.003476999991107732
0.14653399999951944 1.00000761449337e-06
0.14933600000222214 0.008892999991076067
0.14933600000222214 0.0
0.15215399998123758 0.003811999980825931
0.15215399998123758 0.0
0.15007299999706447 0.003571000008378178
0.15007299999706447 1.00000761449337e-06
0.15070600001490675 0.00354099998367019
0.15070600001490675 0.0
0.15252599999075755 0.003632999985711649
0.15252599999075755 0.0
0.1544759999960661 0.009156000014627352
0.1544759999960661 1.00000761449337e-06
0.15181599999777973 0.004443999991053715
0.15181599999777973 0.0
0.15297100000316277 0.00374399998690933
0.15297100000316277 0.0
0.15345700000762008 0.0038200000126380473
0.15345700000762008 1.00000761449337e-06
0.1529129999980796 0.003720999986398965
0.1529129999980796 9.999785106629133e-07
0.1565779999946244 0.0040929999959189445
0.1565779999946244 9.999785106629133e-07
0.15784500000881962 0.0037560000200755894
0.15784500000881962 1.00000761449337e-06
0.15600000001722947 0.003755000012461096
0.15600000001722947 0.0
0.15625999998883344 0.003915999986929819
0.15625999998883344 9.999785106629133e-07
0.15669999999227002 0.0037139999913051724
0.15669999999227002 0.0
0.15336299999034964 0.0036189999955240637
0.15336299999034964 9.999785106629133e-07
0.15141900000162423 0.0036890000046696514
0.15141900000162423 1.00000761449337e-06
0.1551259999978356 0.0036149999941699207
0.1551259999978356 0.0
0.15512500001932494 0.003655000007711351
0.15512500001932494 1.00000761449337e-06
0.15296400000806898 0.0036690000270027667
0.15296400000806898 0.0
0.1579550000024028 0.003728999989107251
0.1579550000024028 0.0
0.1568529999931343 0.003794999996898696
0.1568529999931343 0.0
0.15877399998134933 0.0037609999999403954
0.15877399998134933 0.0
0.1550920000008773 0.003763999993680045
0.1550920000008773 9.999785106629133e-07
0.1571350000158418 0.003728999989107251
0.1571350000158418 1.00000761449337e-06
0.15848100002040155 0.009572000009939075
0.15848100002040155 0.0
0.16004300001077354 0.0039539999852422625
0.16004300001077354 1.00000761449337e-06
0.15519799999310635 0.003886999998940155
0.15519799999310635 0.0
0.15984999999636784 0.0037829999928362668
0.15984999999636784 0.0
0.15968499999144115 0.003851999994367361
0.15968499999144115 0.0
0.1604059999808669 0.003891000000294298
0.1604059999808669 1.00000761449337e-06
0.1604959999967832 0.003790999995544553
0.1604959999967832 9.999785106629133e-07
0.16166299997712485 0.003851000015856698
0.16166299997712485 1.00000761449337e-06
0.16073899998445995 0.0038409999979194254
0.16073899998445995 1.00000761449337e-06
0.15962000002036802 0.0038380000041797757
0.15962000002036802 0.0
0.16419999999925494 0.004048000002512708
0.16419999999925494 0.0
0.16323500001453795 0.003855999995721504
0.16323500001453795 0.0
0.16711900001973845 0.004078999976627529
0.16711900001973845 0.0
0.16463400001521222 0.0038969999877735972
0.16463400001521222 1.00000761449337e-06
0.15807100001256913 0.003878999996231869
0.15807100001256913 1.00000761449337e-06
0.16547999999602325 0.003964999981690198
0.16547999999602325 0.0
0.16516500001307577 0.0038469999853987247
0.16516500001307577 9.999785106629133e-07
0.1634279999998398 0.003918000002158806
0.1634279999998398 0.0
0.16523799998685718 0.003922000003512949
0.16523799998685718 0.0
0.16458300000522286 0.0039000000106170774
0.16458300000522286 1.00000761449337e-06
0.16702900000382215 0.010538999980781227
0.16702900000382215 0.0
0.1679160000057891 0.004222999996272847
0.1679160000057891 1.00000761449337e-06
0.1718760000076145 0.004109000001335517
0.1718760000076145 0.0
0.16659900001832284 0.004199999995762482
0.16659900001832284 1.00000761449337e-06
0.16753999999491498 0.00395000001299195
0.16753999999491498 1.00000761449337e-06
0.169605999981286 0.004179999988991767
0.169605999981286 0.0
0.1691620000055991 0.004080999991856515
0.1691620000055991 0.0
0.17387099997722544 0.004290000011678785
0.17387099997722544 0.0
0.17040000000270084 0.004236999986460432
0.17040000000270084 1.00000761449337e-06
0.16853699999046512 0.003985999996075407
0.16853699999046512 0.0
<bots.big.custom_bot.CombatGroupManager object at 0x7f7f8788a1d0>
0.17568699998082593 0.009630000015022233
0.17568699998082593 0.0
0.13083999999798834 0.0031869999947957695
0.13083999999798834 1.00000761449337e-06
0.13121700001647696 0.003113999991910532
0.13121700001647696 0.0
0.13191299999016337 0.0030390000029001385
0.13191299999016337 0.0
0.13071399999898858 0.0031679999956395477
0.13071399999898858 0.0
0.1324529999983497 0.003197999991243705
0.1324529999983497 0.0
0.1362819999922067 0.003356000001076609
0.1362819999922067 0.0
0.1342010000080336 0.003165999980410561
0.1342010000080336 1.00000761449337e-06
0.13279000000329688 0.003136000013910234
0.13279000000329688 9.999785106629133e-07
0.1324130000139121 0.003081000002566725
0.1324130000139121 9.999785106629133e-07
0.13384200001019053 0.003116000007139519
0.13384200001019053 0.0
0.13645799999358132 0.003169000003254041
0.13645799999358132 0.0
0.13149699999485165 0.0030550000083167106
0.13149699999485165 0.0
0.13462900000740774 0.003249000001233071
0.13462900000740774 0.0
0.1315889999968931 0.003044999990379438
0.1315889999968931 1.00000761449337e-06
0.13572500000009313 0.007652000000234693
0.13572500000009313 9.999785106629133e-07
0.1718399999954272 0.004262999980710447
0.1718399999954272 1.00000761449337e-06
0.17896200000541285 0.0042449999891687185
0.17896200000541285 9.999785106629133e-07
0.1812320000026375 0.0036709999840240926
0.1812320000026375 0.0
0.1790659999824129 0.004325999994762242
0.1790659999824129 0.0
0.17961399999330752 0.004451999993762001
0.17961399999330752 9.999785106629133e-07
0.18292900000233203 0.004239999980200082
0.18292900000233203 1.00000761449337e-06
0.17889199999626726 0.004266000003553927
0.17889199999626726 0.0
0.18149600000469945 0.004294999991543591
0.18149600000469945 1.00000761449337e-06
0.17608999999356456 0.004237999994074926
0.17608999999356456 1.00000761449337e-06
0.17842199999722652 0.0041809999966062605
0.17842199999722652 0.0
0.17884700000286102 0.004275999992387369
0.17884700000286102 0.0
0.17876199999591336 0.00419000000692904
0.17876199999591336 1.00000761449337e-06
0.1680519999936223 0.00427000000490807
0.1680519999936223 0.0
0.17845000000670552 0.004207999998470768
0.17845000000670552 1.00000761449337e-06
0.1813290000136476 0.004471000022022054
0.1813290000136476 0.0
0.18317500001285225 0.004185000027064234
0.18317500001285225 0.0
0.18022100001689978 0.004305999987991527
0.18022100001689978 0.0
0.17887400000472553 0.004271000012522563
0.17887400000472553 0.0
0.18114500000956468 0.004331999982241541
0.18114500000956468 1.00000761449337e-06
0.18018900000606664 0.004342000000178814
0.18018900000606664 1.00000761449337e-06
0.18010299999150448 0.004446000006282702
0.18010299999150448 0.0
0.18062700002337806 0.004261000023689121
0.18062700002337806 9.999785106629133e-07
0.1861769999959506 0.004329999996116385
0.1861769999959506 0.0
0.17942800000309944 0.004313999990699813
0.17942800000309944 0.0
0.18319399998290464 0.004434000002220273
0.18319399998290464 0.0
0.18395700000110082 0.0045270000118762255
0.18395700000110082 0.0
0.18202300000120886 0.004364000022178516
0.18202300000120886 1.00000761449337e-06
0.1843749999825377 0.004344999993918464
0.1843749999825377 1.00000761449337e-06
0.18337500002235174 0.0043500000028871
0.18337500002235174 9.999785106629133e-07
0.1872119999898132 0.010639000014634803
0.1872119999898132 1.00000761449337e-06
0.189089999999851 0.004667999979574233
0.189089999999851 0.0
0.1863149999990128 0.004401000012876466
0.1863149999990128 1.00000761449337e-06
0.18458800000371411 0.004360999999335036
0.18458800000371411 9.999785106629133e-07
0.18657099999836646 0.004221999988658354
0.18657099999836646 0.0
0.18566899999859743 0.0045689999824389815
0.18566899999859743 0.0
0.18592200000421144 0.0043790000199805945
0.18592200000421144 0.0
0.1885130000009667 0.0044800000032410026
0.1885130000009667 0.0
0.1884659999923315 0.004481999989366159
0.1884659999923315 0.0
0.1856019999831915 0.004398999997647479
0.1856019999831915 1.00000761449337e-06
0.18547399999806657 0.0044599999964702874
0.18547399999806657 1.00000761449337e-06
0.18817400000989437 0.00454099997295998
0.18817400000989437 0.0
0.18562499998370185 0.004366000008303672
0.18562499998370185 0.0
0.18668699997942895 0.004435000009834766
0.18668699997942895 1.00000761449337e-06
0.18802299999515526 0.004379999998491257
0.18802299999515526 0.0
<bots.big.custom_bot.CombatGroupManager object at 0x7f7f8788a1d0>
0.14257600001292303 0.003499999991618097
0.14257600001292303 9.999785106629133e-07
0.1419760000135284 0.0032469999860040843
0.1419760000135284 1.00000761449337e-06
0.1400629999989178 0.0032219999993685633
0.1400629999989178 0.0
0.14228000000002794 0.0032839999767020345
0.14228000000002794 0.0
0.1478099999949336 0.008196999988285825
0.1478099999949336 9.999785106629133e-07
0.14952700000139885 0.00842299999203533
0.14952700000139885 0.0
0.14962200002628379 0.003732999990461394
0.14962200002628379 0.0
0.1699699999880977 0.004474999994272366
0.1699699999880977 0.0
0.19031400000676513 0.004579000000376254
0.19031400000676513 9.999785106629133e-07
0.1856510000070557 0.004446999984793365
0.1856510000070557 0.0
0.1946579999930691 0.004560000001220033
0.1946579999930691 0.0
0.20513000001665205 0.004793999978573993
0.20513000001665205 1.00000761449337e-06
0.1980469999834895 0.004111999995075166
0.1980469999834895 0.0
0.20921499998075888 0.005134999984875321
0.20921499998075888 0.0
0.2065829999919515 0.004732000001240522
0.2065829999919515 0.0
0.21170800001709722 0.0048260000185109675
0.21170800001709722 0.0
0.22407200001180172 0.0126810000219848
0.22407200001180172 1.00000761449337e-06
0.2191809999931138 0.0055379999976139516
0.2191809999931138 1.00000761449337e-06
0.169465000013588 0.003870999993523583
0.169465000013588 0.0
0.19944200001191348 0.0051589999930001795
0.19944200001191348 1.00000761449337e-06
0.2194350000063423 0.0049900000158231705
0.2194350000063423 0.0
0.22177899998496287 0.0051130000210832804
0.22177899998496287 1.00000761449337e-06
0.2223179999855347 0.005176000006031245
0.2223179999855347 0.0
0.2228459999896586 0.005551000009290874
0.2228459999896586 0.0
0.22208400000818074 0.0050829999963752925
0.22208400000818074 1.00000761449337e-06
0.22977999999420717 0.005443000001832843
0.22977999999420717 0.0
0.22469299999647774 0.005363000003853813
0.22469299999647774 0.0
0.2223379999923054 0.005295000009937212
0.2223379999923054 0.0
0.22213000000920147 0.005417999986093491
0.22213000000920147 9.999785106629133e-07
0.22152200000709854 0.005100999987917021
0.22152200000709854 1.00000761449337e-06
0.22761000000173226 0.012821000011172146
0.22761000000173226 0.0
0.22156400000676513 0.005444999987957999
0.22156400000676513 0.0
0.2228719999839086 0.005268000008072704
0.2228719999839086 1.00000761449337e-06
0.22491099999751896 0.005234000011114404
0.22491099999751896 1.00000761449337e-06
0.22289599999203347 0.005212999996729195
0.22289599999203347 0.0
0.22614800001611002 0.005414999992353842
0.22614800001611002 0.0
0.22239199999603443 0.005184999987250194
0.22239199999603443 1.00000761449337e-06
0.21895099998801015 0.005166999995708466
0.21895099998801015 9.999785106629133e-07
0.21700499998405576 0.005211999989114702
0.21700499998405576 9.999785106629133e-07
0.21936400001868606 0.005247000022791326
0.21936400001868606 0.0
0.2219770000083372 0.005399999994551763
0.2219770000083372 9.999785106629133e-07
0.21941799999331124 0.005334999994374812
0.21941799999331124 0.0
0.22155399998882785 0.005314000009093434
0.22155399998882785 0.0
0.21688399999402463 0.005426999996416271
0.21688399999402463 0.0
0.21429199998965487 0.005127000011270866
0.21429199998965487 0.0
0.2172279999940656 0.00518999999621883
0.2172279999940656 0.0
0.21321799998986535 0.00519299998995848
0.21321799998986535 0.0
0.21171499998308718 0.005038000002969056
0.21171499998308718 0.0
0.21145899998373352 0.005038000002969056
0.21145899998373352 0.0
0.21151300001656637 0.0051099999982398
0.21151300001656637 0.0
0.212002999993274 0.005012000008719042
0.212002999993274 0.0
0.21461799999815412 0.005164000001968816
0.21461799999815412 1.00000761449337e-06
0.21121599999605678 0.005097999994177371
0.21121599999605678 1.00000761449337e-06
0.2125559999840334 0.004966999986208975
0.2125559999840334 9.999785106629133e-07
0.21204399998532608 0.005122000002302229
0.21204399998532608 0.0
0.21546000000671484 0.005172999983187765
0.21546000000671484 0.0
0.2145099999906961 0.005183000001125038
0.2145099999906961 9.999785106629133e-07
0.2150850000034552 0.005307000013999641
0.2150850000034552 0.0
0.21601299999747425 0.005262999999104068
0.21601299999747425 0.0
0.21593900001607835 0.005136000021593645
0.21593900001607835 1.00000761449337e-06
<bots.big.custom_bot.CombatGroupManager object at 0x7f7f8788a1d0>
0.21668800001498312 0.005225000000791624
0.21668800001498312 1.00000761449337e-06
0.16631000000052154 0.003891000000294298
0.16631000000052154 9.999785106629133e-07
0.19601400001556613 0.005291000008583069
0.19601400001556613 0.0
0.21788300000480376 0.005237000004854053
0.21788300000480376 0.0
0.211209000000963 0.004225999990012497
0.211209000000963 1.00000761449337e-06
0.21572600002400577 0.005174999998416752
0.21572600002400577 9.999785106629133e-07
0.21918000001460314 0.0052060000016354024
0.21918000001460314 1.00000761449337e-06
0.2139080000051763 0.005055999994510785
0.2139080000051763 0.0
0.20751800001016818 0.005084000003989786
0.20751800001016818 0.0
0.21449300000676885 0.00535900000249967
0.21449300000676885 0.0
0.21931600000243634 0.005321999982697889
0.21931600000243634 0.0
0.2182840000023134 0.005116999993333593
0.2182840000023134 0.0
0.2239899999985937 0.005383999989135191
0.2239899999985937 1.00000761449337e-06
0.21826200000941753 0.005177999992156401
0.21826200000941753 9.999785106629133e-07
0.20250000001396984 0.00527600001078099
0.20250000001396984 1.00000761449337e-06
0.22058399999514222 0.0052309999882709235
0.22058399999514222 1.00000761449337e-06
0.17182299998239614 0.003996999992523342
0.17182299998239614 0.0
0.21053799998480827 0.005471999989822507
0.21053799998480827 9.999785106629133e-07
0.20508200000040233 0.0061369999893940985
0.20508200000040233 0.0
0.17411799999536015 0.00410699998610653
0.17411799999536015 0.0
0.22577399999136105 0.004618999984813854
0.22577399999136105 0.0
0.1780280000239145 0.00471000000834465
0.1780280000239145 1.00000761449337e-06
0.17638600000645965 0.00427299999864772
0.17638600000645965 9.999785106629133e-07
0.1829989999823738 0.004065999994054437
0.1829989999823738 0.0
0.17809199998737313 0.004397999990032986
0.17809199998737313 1.00000761449337e-06
0.17420900001889095 0.004373000003397465
0.17420900001889095 0.0
0.17324699999880977 0.004314000019803643
0.17324699999880977 0.0
0.18088999998872168 0.004390999994939193
0.18088999998872168 0.0
0.2199069999915082 0.005527000001166016
0.2199069999915082 1.00000761449337e-06
0.18850600000587292 0.004558999993605539
0.18850600000587292 1.00000761449337e-06
0.2215169999981299 0.005334000015864149
0.2215169999981299 1.00000761449337e-06
0.21819300000788644 0.013118000002577901
0.21819300000788644 0.0
0.2073460000101477 0.01365900001837872
0.2073460000101477 0.0
0.18388100000447594 0.004489999992074445
0.18388100000447594 9.999785106629133e-07
0.18332300000474788 0.004277000000001863
0.18332300000474788 0.0
0.1888770000077784 0.004752000008011237
0.1888770000077784 0.0
0.19318299999576993 0.010797000024467707
0.19318299999576993 0.0
0.21680799999739975 0.005902999982936308
0.21680799999739975 9.999785106629133e-07
0.2390460000024177 0.005772000004071742
0.2390460000024177 1.00000761449337e-06
0.23814000000129454 0.005911000014748424
0.23814000000129454 0.0
0.2413609999930486 0.005527000001166016
0.2413609999930486 1.00000761449337e-06
0.23708500000066124 0.005982000002404675
0.23708500000066124 1.00000761449337e-06
0.2246939999749884 0.005914000008488074
0.2246939999749884 0.0
0.1843970000045374 0.004526000004261732
0.1843970000045374 9.999785106629133e-07
0.24210899998433888 0.006137999997008592
0.24210899998433888 0.0
0.19077899999683723 0.004469000006793067
0.19077899999683723 0.0
0.18836000000010245 0.004342000000178814
0.18836000000010245 0.0
0.22615899998345412 0.005911000014748424
0.22615899998345412 0.0
0.24110700000892393 0.0057659999874886125
0.24110700000892393 0.0
0.24253600000520237 0.005807000008644536
0.24253600000520237 1.00000761449337e-06
0.2460480000008829 0.006131000001914799
0.2460480000008829 0.0
0.2457390000054147 0.005942999996477738
0.2457390000054147 0.0
0.24020699999528006 0.00567600000067614
0.24020699999528006 9.999785106629133e-07
0.24655999999959022 0.0059049999981652945
0.24655999999959022 0.0
0.2439650000014808 0.005940000002738088
0.2439650000014808 1.00000761449337e-06
0.24265700002433732 0.005913000000873581
0.24265700002433732 0.0
0.24203300001681782 0.006122999999206513
0.24203300001681782 0.0
0.242714000021806 0.005758000013884157
0.242714000021806 0.0
0.2380669999984093 0.005569000000832602
0.2380669999984093 0.0
0.2361080000118818 0.005623000004561618
0.2361080000118818 0.0
<bots.big.custom_bot.CombatGroupManager object at 0x7f7f8788a1d0>
0.2381900000036694 0.0056690000055823475
0.2381900000036694 1.00000761449337e-06
0.23044600000139326 0.00556200000573881
0.23044600000139326 1.00000761449337e-06
0.22941800000262447 0.005506999994395301
0.22941800000262447 0.0
0.23144499998306856 0.00550999998813495
0.23144499998306856 9.999785106629133e-07
0.22982300000148825 0.005612999986624345
0.22982300000148825 0.0
0.23025000002235174 0.005494999990332872
0.23025000002235174 0.0
0.2318680000025779 0.00584500000695698
0.2318680000025779 1.00000761449337e-06
0.23196699999971315 0.00551600000471808
0.23196699999971315 1.00000761449337e-06
0.23186400000122376 0.005414000013843179
0.23186400000122376 0.0
0.23144200001843274 0.005471000011311844
0.23144200001843274 9.999785106629133e-07
0.23452500000712462 0.005844999977853149
0.23452500000712462 0.0
0.23610999999800697 0.005586000013863668
0.23610999999800697 0.0
0.23401800001738593 0.005531000002520159
0.23401800001738593 9.999785106629133e-07
0.2334489999921061 0.005611999979009852
0.2334489999921061 0.0
0.23345899998093955 0.005532000010134652
0.23345899998093955 0.0
0.2372439999890048 0.005693999992217869
0.2372439999890048 1.00000761449337e-06
0.2397040000068955 0.005990999983623624
0.2397040000068955 1.00000761449337e-06
0.2426020000129938 0.005758000013884157
0.2426020000129938 1.00000761449337e-06
0.23701399998390116 0.0058019999996759
0.23701399998390116 1.00000761449337e-06
0.23749599998700432 0.005636999994749203
0.23749599998700432 1.00000761449337e-06
0.2399499999883119 0.004845999996177852
0.2399499999883119 9.999785106629133e-07
0.23734399999375455 0.0057069999747909606
0.23734399999375455 0.0
0.23980699997628108 0.0057490000035613775
0.23980699997628108 1.00000761449337e-06
0.24580199999036267 0.005842999991727993
0.24580199999036267 1.00000761449337e-06
0.24570200001471676 0.006141999998362735
0.24570200001471676 1.00000761449337e-06
0.24589799999375828 0.006163999991258606
0.24589799999375828 0.0
0.25910200001089834 0.006534000014653429
0.25910200001089834 9.999785106629133e-07
0.24972400002297945 0.00599599999259226
0.24972400002297945 1.00000761449337e-06
0.24335299999802373 0.005911999993259087
0.24335299999802373 0.0
0.24217300000600517 0.005721000023186207
0.24217300000600517 1.00000761449337e-06
0.1905620000034105 0.004427999985637143
0.1905620000034105 0.0
0.23778500000480562 0.005819000012706965
0.23778500000480562 0.0
0.2465119999833405 0.006132000009529293
0.2465119999833405 9.999785106629133e-07
0.24382100001093931 0.00583299997379072
0.24382100001093931 1.3999990187585354e-05
0.2472719999786932 0.005917000002227724
0.2472719999786932 0.0
0.2540739999967627 0.014403000008314848
0.2540739999967627 1.00000761449337e-06
0.24643400000059046 0.0060529999900609255
0.24643400000059046 0.0
0.24619700000039302 0.005883999983780086
0.24619700000039302 0.0
0.2452550000161864 0.005852000002050772
0.2452550000161864 0.0
0.244979000010062 0.0058209999988321215
0.244979000010062 0.0
0.2489449999993667 0.006139000004623085
0.2489449999993667 1.00000761449337e-06
0.25081100000534207 0.005938999995123595
0.25081100000534207 1.00000761449337e-06
0.2551349999848753 0.0058889999927487224
0.2551349999848753 1.00000761449337e-06
0.24780700000701472 0.005975000007310882
0.24780700000701472 0.0
0.25028899998869747 0.006026999995810911
0.25028899998869747 9.999785106629133e-07
0.24971399997593835 0.005887000006623566
0.24971399997593835 0.0
0.24981999999727122 0.005937000008998439
0.24981999999727122 1.00000761449337e-06
0.24762000000919215 0.005875000002561137
0.24762000000919215 0.0
0.2550980000232812 0.005941000010352582
0.2550980000232812 0.0
0.24912600000970997 0.005887999985134229
0.24912600000970997 0.0
0.2548440000100527 0.006062000000383705
0.2548440000100527 0.0
0.2550319999863859 0.006002999987686053
0.2550319999863859 0.0
0.25208499998552725 0.006017000006977469
0.25208499998552725 1.00000761449337e-06
0.2520270000095479 0.0059560000081546605
0.2520270000095479 1.00000761449337e-06
0.2540889999945648 0.006078000005800277
0.2540889999945648 1.00000761449337e-06
0.2530430000042543 0.005965999996988103
0.2530430000042543 0.0
0.25178399999276735 0.006086000008508563
0.25178399999276735 9.999785106629133e-07
0.2524260000209324 0.006024000002071261
0.2524260000209324 0.0
0.2534270000178367 0.005891999986488372
0.2534270000178367 1.00000761449337e-06
0.2564389999897685 0.006141000019852072
0.2564389999897685 9.999785106629133e-07
<bots.big.custom_bot.CombatGroupManager object at 0x7f7f8788a1d0>
0.2497610000136774 0.014506999985314906
0.2497610000136774 0.0
0.2556029999977909 0.006212000007508323
0.2556029999977909 0.0
0.2542959999991581 0.006148000014945865
0.2542959999991581 0.0
0.2572610000206623 0.006167000014102086
0.2572610000206623 1.00000761449337e-06
0.2545129999925848 0.0060449999873526394
0.2545129999925848 0.0
0.25813299999572337 0.006345000001601875
0.25813299999572337 1.00000761449337e-06
0.2576610000105575 0.006196999980602413
0.2576610000105575 0.0
0.2617690000042785 0.006185000005643815
0.2617690000042785 9.999785106629133e-07
0.26318300000275485 0.006473000015830621
0.26318300000275485 1.00000761449337e-06
0.2562420000031125 0.006054999976186082
0.2562420000031125 1.00000761449337e-06
0.2602020000049379 0.0149049999890849
0.2602020000049379 1.00000761449337e-06
0.26281200000084937 0.006649999995715916
0.26281200000084937 0.0
0.26274500001454726 0.006154999980935827
0.26274500001454726 0.0
0.2625839999818709 0.006549000012455508
0.2625839999818709 1.00000761449337e-06
0.25995700000203215 0.00619299997924827
0.25995700000203215 1.00000761449337e-06
0.26998700000694953 0.006582999980309978
0.26998700000694953 9.999785106629133e-07
0.2639799999888055 0.006189999985508621
0.2639799999888055 0.0
0.26688300000387244 0.0063940000254660845
0.26688300000387244 1.00000761449337e-06
0.2662910000071861 0.006362999993143603
0.2662910000071861 0.0
0.2647630000137724 0.00628800000413321
0.2647630000137724 1.00000761449337e-06
0.26209199998993427 0.006181000004289672
0.26209199998993427 0.0
0.25943700000061654 0.006219000002602115
0.25943700000061654 1.00000761449337e-06
0.2615159999986645 0.006229999999050051
0.2615159999986645 0.0
0.2635899999877438 0.006274000013945624
0.2635899999877438 0.0
0.262365000002319 0.0065249999752268195
0.262365000002319 1.00000761449337e-06
0.2668859999976121 0.006374999997206032
0.2668859999976121 0.0
0.26377900000079535 0.006395000003976747
0.26377900000079535 0.0
0.2658660000015516 0.006350999989081174
0.2658660000015516 9.999785106629133e-07
0.2652220000163652 0.006395000003976747
0.2652220000163652 0.0
0.26513000001432374 0.006230999977560714
0.26513000001432374 1.00000761449337e-06
0.26434300001710653 0.012956999999005347
0.26434300001710653 0.0
0.25081699999282137 0.00680499998270534
0.25081699999282137 9.999785106629133e-07
0.2466370000038296 0.0050069999997504056
0.2466370000038296 0.0
0.267664999992121 0.0064279999933205545
0.267664999992121 0.0
0.26856200001202524 0.007201000000350177
0.26856200001202524 0.0
0.2699739999952726 0.006328999996185303
0.2699739999952726 0.0
0.2700409999815747 0.006400000012945384
0.2700409999815747 0.0
0.26425300000119023 0.006955999997444451
0.26425300000119023 1.00000761449337e-06
0.26987600000575185 0.0062809999799355865
0.26987600000575185 9.999785106629133e-07
0.2725720000162255 0.006596999999601394
0.2725720000162255 0.0
0.27318399999057874 0.006464000005507842
0.27318399999057874 0.0
0.2714109999942593 0.006416000018361956
0.2714109999942593 0.0
0.27426000000559725 0.006620000000111759
0.27426000000559725 9.999785106629133e-07
0.2729209999961313 0.006388000008882955
0.2729209999961313 0.0
0.2752199999813456 0.006461999990278855
0.2752199999813456 1.00000761449337e-06
0.2684389999776613 0.006427000014809892
0.2684389999776613 0.0
0.27501899999333546 0.006437000003643334
0.27501899999333546 1.00000761449337e-06
0.2717760000086855 0.006519000016851351
0.2717760000086855 0.0
0.2684169999847654 0.006296000006841496
0.2684169999847654 9.999785106629133e-07
0.27264400001149625 0.00647900000330992
0.27264400001149625 0.0
0.2801410000247415 0.01573899999493733
0.2801410000247415 0.0
0.2759790000272915 0.006657000019913539
0.2759790000272915 0.0
0.2687129999976605 0.0062639999960083514
0.2687129999976605 0.0
0.2706680000119377 0.006381999992299825
0.2706680000119377 0.0
0.27134199999272823 0.006313000019872561
0.27134199999272823 0.0
INFO:sc2.protocol:Client status changed to Status.ended (was Status.in_game)
INFO:root:Result for player 2 - Bot(Race.Terran, <bots.big.custom_bot.CustomBot object at 0x7f7f61370f28>): Defeat
0.22225600000820123 0.004904000001261011
0.22225600000820123 1.00000761449337e-06
INFO:sc2.protocol:Client status changed to Status.ended (was Status.in_game)
INFO:root:Result for player 1 - Bot(Race.Terran, <bots.Showing_bot.speedBot.MarinBot object at 0x7f7f703c8f28>): Victory
INFO:sc2.protocol:Client status changed to Status.launched (was Status.ended)
INFO:sc2.protocol:Client status changed to Status.quit (was Status.launched)
INFO:sc2.sc2process:kill_switch: Process cleanup
INFO:sc2.sc2process:Cleaning up...
INFO:sc2.sc2process:Cleanup complete
INFO:sc2.sc2process:Cleaning up...
INFO:sc2.sc2process:Cleanup complete
INFO:sc2.client:Saved replay to outs/2020-01-17T11-28-03/replays/showing_bot-big/showing_bot-big-0.SC2Replay
INFO:sc2.protocol:Cannot receive: Connection already closed.
INFO:sc2.sc2process:kill_switch: Process cleanup
INFO:sc2.sc2process:Cleaning up...
INFO:sc2.sc2process:Cleanup complete
INFO:sc2.sc2process:Cleaning up...
INFO:sc2.sc2process:Cleanup complete


## STDERR ##

Version: B75689 (SC2.4.10)
Build: Aug 12 2019 17:16:57
Command Line: '"/home/hspark8312/StarCraftII/Versions/Base75689/SC2_x64" -listen 127.0.0.1 -port 20173 -displayMode 0 -dataDir /home/hspark8312/StarCraftII -tempDir /tmp/SC2_6pv03p_9'
Starting up...
Startup Phase 1 complete
Version: B75689 (SC2.4.10)
Build: Aug 12 2019 17:16:57
Command Line: '"/home/hspark8312/StarCraftII/Versions/Base75689/SC2_x64" -listen 127.0.0.1 -port 19374 -displayMode 0 -dataDir /home/hspark8312/StarCraftII -tempDir /tmp/SC2_m0qvwkhn'
Starting up...
Startup Phase 1 complete
Startup Phase 2 complete
Creating stub renderer...
Listening on: 127.0.0.1:20173
Startup Phase 3 complete. Ready for commands.
Startup Phase 2 complete
Creating stub renderer...
ConnectHandler: Request from 127.0.0.1:50913 accepted
ReadyHandler: 127.0.0.1:50913 ready
Requesting to join a multiplayer game
Configuring interface options
Configure: raw interface enabled
Configure: feature layer interface enabled
Configure: score interface enabled
Configure: render interface disabled
Listening on: 127.0.0.1:19374
Startup Phase 3 complete. Ready for commands.
ConnectHandler: Request from 127.0.0.1:50914 accepted
ReadyHandler: 127.0.0.1:50914 ready
Requesting to join a multiplayer game
Configuring interface options
Configure: raw interface enabled
Configure: feature layer interface enabled
Configure: score interface enabled
Configure: render interface disabled
Create game with map path: NCFellowship-2019_m1_v6.SC2Map
Attempting to join a game with the map: NCFellowship-2019_m1_v6.SC2Map
Game has started.
Using default stable ids, none found at: /home/hspark8312/StarCraftII/stableid.json
Successfully loaded stable ids: GameData\stableid.json
Sending ResponseJoinGame
Game has started.
Using default stable ids, none found at: /home/hspark8312/StarCraftII/stableid.json
Successfully loaded stable ids: GameData\stableid.json
Sending ResponseJoinGame
RequestQuit command received.
Closing Application...
/home/hspark8312/anaconda3/envs/sc2/lib/python3.6/importlib/_bootstrap.py:219: RuntimeWarning: numpy.ufunc size changed, may indicate binary incompatibility. Expected 192 from C header, got 216 from PyObject
  return f(*args, **kwds)
/home/hspark8312/anaconda3/envs/sc2/lib/python3.6/importlib/_bootstrap.py:219: RuntimeWarning: numpy.ufunc size changed, may indicate binary incompatibility. Expected 192 from C header, got 216 from PyObject
  return f(*args, **kwds)
/home/hspark8312/anaconda3/envs/sc2/lib/python3.6/site-packages/tensorboard/compat/tensorflow_stub/dtypes.py:541: FutureWarning: Passing (type, 1) or '1type' as a synonym of type is deprecated; in a future version of numpy, it will be understood as (type, (1,)) / '(1,)type'.
  _np_qint8 = np.dtype([("qint8", np.int8, 1)])
/home/hspark8312/anaconda3/envs/sc2/lib/python3.6/site-packages/past/builtins/misc.py:45: DeprecationWarning: the imp module is deprecated in favour of importlib; see the module's documentation for alternative uses
  from imp import reload
/mnt/d/sc2minigame-eval-2020-01-09/bots/Showing_bot/speedBot.py:1643: RuntimeWarning: coroutine 'TerreinManager.debug' was never awaited
  self.terrein_manager.debug()
