## STDOUT ##

[[92mINFO[0m] SC2 4.9.0 용 패치 적용
패치 sc2.ids.ability_id
패치 sc2.game_state
패치 sc2.bot_ai
패치 sc2.client
패치 sc2.controller
패치 sc2.main
INFO:root:Failed to import cuda module: No module named 'caffe2.python.caffe2_pybind11_state_gpu'
INFO:root:Failed to import AMD hip module: No module named 'caffe2.python.caffe2_pybind11_state_hip'
WARNING:root:This caffe2 python run does not have GPU support. Will run in CPU only mode.
cpu
INFO:sc2.protocol:Client status changed to Status.launched (was None)
INFO:sc2.protocol:Client status changed to Status.launched (was None)
INFO:sc2_patch.sc2_patch_490.controller:Creating new game
INFO:sc2_patch.sc2_patch_490.controller:Map:     NCFellowship-2019_m1_v6
INFO:sc2_patch.sc2_patch_490.controller:Players: Bot(Race.Terran, <bots.Showing_bot.speedBot.MarinBot object at 0x7fda7f328f60>), Bot(Race.Terran, <bots.big.custom_bot.CustomBot object at 0x7fda702d0f28>)
INFO:sc2.protocol:Client status changed to Status.init_game (was Status.launched)
INFO:sc2.protocol:Client status changed to Status.in_game (was None)
INFO:root:Player 2 - Bot(Race.Terran, <bots.big.custom_bot.CustomBot object at 0x7fda702d0f28>)
TEST: 2, <bots.big.custom_bot.CustomBot object at 0x7fda702d0f28>
INFO:sc2.protocol:Client status changed to Status.in_game (was None)
INFO:root:Player 1 - Bot(Race.Terran, <bots.Showing_bot.speedBot.MarinBot object at 0x7fda7f328f60>)
TEST: 1, <bots.Showing_bot.speedBot.MarinBot object at 0x7fda7f328f60>
load model: bots/Showing_bot/models/model-89.pt
create new model
0.047577999997884035 0.003013000008650124
0.047577999997884035 0.0
0.04779800001415424 0.002286000002641231
0.04779800001415424 0.0
0.04791699998895638 0.0015300000086426735
0.04791699998895638 0.0
0.04771599997184239 0.0012370000185910612
0.04771599997184239 0.0
0.0476009999983944 0.0012149999965913594
0.0476009999983944 0.0
0.04769899998791516 0.0012799999967683107
0.04769899998791516 1.00000761449337e-06
0.047411999985342845 0.0011569999915082008
0.047411999985342845 1.00000761449337e-06
0.04729600000428036 0.0012270000006537884
0.04729600000428036 0.0
0.047519999992800876 0.001168000017059967
0.047519999992800876 0.0
0.04742899999837391 0.0014229999796953052
0.04742899999837391 0.0
0.047190000012051314 0.001192000025184825
0.047190000012051314 1.00000761449337e-06
0.047298000019509345 0.0011380000214558095
0.047298000019509345 9.999785106629133e-07
0.047461000009207055 0.0011700000031851232
0.047461000009207055 0.0
0.04772199998842552 0.0014239999873097986
0.04772199998842552 1.00000761449337e-06
0.04719500002101995 0.001180000021122396
0.04719500002101995 1.00000761449337e-06
0.04742000001715496 0.00117200001841411
0.04742000001715496 0.0
0.047325999999884516 0.001213000010466203
0.047325999999884516 1.00000761449337e-06
0.047451999998884276 0.0012249999854248017
0.047451999998884276 0.0
0.047297999990405515 0.0011879999947268516
0.047297999990405515 0.0
0.04733600001782179 0.0011620000004768372
0.04733600001782179 0.0
0.050174000003607944 0.0012780000106431544
0.050174000003607944 9.999785106629133e-07
0.0502159999741707 0.0012419999984558672
0.0502159999741707 1.00000761449337e-06
0.050384000001940876 0.0013010000111535192
0.050384000001940876 9.999785106629133e-07
0.051328000001376495 0.001225999993039295
0.051328000001376495 1.00000761449337e-06
0.04985700000543147 0.002826999989338219
0.04985700000543147 0.0
0.050109999981941655 0.0014749999972991645
0.050109999981941655 0.0
0.05027999999583699 0.0012330000172369182
0.05027999999583699 1.00000761449337e-06
0.05025199998635799 0.0012149999965913594
0.05025199998635799 0.0
0.050679000007221475 0.0012049999786540866
0.050679000007221475 0.0
0.05016600000089966 0.0011919999960809946
0.05016600000089966 9.999785106629133e-07
0.04978200001642108 0.001201000006403774
0.04978200001642108 1.00000761449337e-06
0.04991100000916049 0.0011869999871123582
0.04991100000916049 0.0
0.05039999997825362 0.0012109999952372164
0.05039999997825362 1.00000761449337e-06
0.0501920000242535 0.001176000019768253
0.0501920000242535 0.0
0.049876000004587695 0.0011769999982789159
0.049876000004587695 0.0
0.05268900000373833 0.001336999994236976
0.05268900000373833 1.00000761449337e-06
0.05468699999619275 0.0013270000054035336
0.05468699999619275 9.999785106629133e-07
0.053348999994341284 0.0012909999932162464
0.053348999994341284 0.0
0.05298200002289377 0.001244000013684854
0.05298200002289377 1.00000761449337e-06
0.05258499999763444 0.0012209999840706587
0.05258499999763444 0.0
changed strategy
0.07667599999695085 0.004489999992074445
0.07667599999695085 1.00000761449337e-06
0.06643299999996088 0.003759999992325902
0.06643299999996088 0.0
0.06533300000592135 0.002031999989412725
0.06533300000592135 1.00000761449337e-06
0.06564000001526438 0.0016280000272672623
0.06564000001526438 0.0
0.06824200000846758 0.0017719999887049198
0.06824200000846758 0.0
0.06782799999928102 0.0017229999939445406
0.06782799999928102 0.0
0.06798200000775978 0.0016849999956320971
0.06798200000775978 0.0
0.06793399999151006 0.0016940000059548765
0.06793399999151006 0.0
0.06805000000167638 0.0016839999880176038
0.06805000000167638 1.00000761449337e-06
0.06548099999781698 0.0015779999957885593
0.06548099999781698 0.0
0.06809900002554059 0.0015859999984968454
0.06809900002554059 1.00000761449337e-06
0.06830899999476969 0.0015779999957885593
0.06830899999476969 1.00000761449337e-06
0.06885199999669567 0.0015870000061113387
0.06885199999669567 0.0
0.06817899999441579 0.0015819999971427023
0.06817899999441579 0.0
0.06346800000756048 0.0014780000201426446
0.06346800000756048 0.0
0.06013699999311939 0.001408000010997057
0.06013699999311939 9.999785106629133e-07
0.060853000002680346 0.0014110000047367066
0.060853000002680346 0.0
0.0600609999964945 0.0015659999917261302
0.0600609999964945 1.00000761449337e-06
0.060677000001305714 0.0015229999844450504
0.060677000001305714 0.0
0.060333000001264736 0.0015279999934136868
0.060333000001264736 0.0

0.06044400000246242 0.0013949999993201345
0.06044400000246242 0.0
ready
0.06284800000139512 0.0014599999994970858
0.06284800000139512 0.0
ready
0.06889900000533089 0.0016049999976530671
0.06889900000533089 1.00000761449337e-06
ready
0.07129299998632632 0.003961000009439886
0.07129299998632632 1.00000761449337e-06
ready
0.07051199997658841 0.001740000006975606
0.07051199997658841 1.00000761449337e-06
ready
0.07076199998846278 0.0016739999991841614
0.07076199998846278 0.0
ready
0.07037499998114072 0.0016460000188089907
0.07037499998114072 0.0
ready
0.07087499997578561 0.001668999990215525
0.07087499997578561 1.00000761449337e-06
ready
0.07056699998793192 0.0016229999891947955
0.07056699998793192 0.0
ready
0.07105999998748302 0.0016469999973196536
0.07105999998748302 0.0
ready
0.0732350000180304 0.001804999978048727
0.0732350000180304 1.00000761449337e-06
ready
0.07356099999742582 0.0017170000064652413
0.07356099999742582 9.999785106629133e-07
ready
0.07607300000381656 0.004323999979533255
0.07607300000381656 0.0
ready
0.07611700001871213 0.0019209999882150441
0.07611700001871213 0.0
ready
0.07544300000881776 0.001803999999538064
0.07544300000881776 0.0
ready
0.07615599999553524 0.0017550000047776848
0.07615599999553524 0.0
ready
0.07571199999074452 0.0017689999949652702
0.07571199999074452 1.00000761449337e-06
0.07588300001225434 0.001799999998183921
0.07588300001225434 1.00000761449337e-06
ready
0.0755780000181403 0.0017520000110380352
0.0755780000181403 0.0
ready
0.07627200000570156 0.0018149999959859997
0.07627200000570156 1.00000761449337e-06
ready
ready
0.07068299999809824 0.0016519999771844596
0.07068299999809824 0.0
ready
0.07029599999077618 0.0016450000111944973
0.07029599999077618 0.0
ready
0.06801499999710359 0.0016799999866634607
0.06801499999710359 1.00000761449337e-06
ready
0.06844100001035258 0.0019610000017564744
0.06844100001035258 1.00000761449337e-06
ready
0.06993099997635 0.001955999992787838
0.06993099997635 0.0
ready
0.0683069999795407 0.0019380000012461096
0.0683069999795407 1.00000761449337e-06
ready
0.06820400001015514 0.0018130000098608434
0.06820400001015514 9.999785106629133e-07
ready
0.06515599999693222 0.0020509999885689467
0.06515599999693222 0.0
ready
0.06338200002210215 0.001715000020340085
0.06338200002210215 0.0
ready
0.06336400000145659 0.001715999998850748
0.06336400000145659 1.00000761449337e-06
ready
0.06055200000992045 0.0015369999746326357
0.06055200000992045 1.00000761449337e-06
ready
0.06015299999853596 0.0014300000038929284
0.06015299999853596 9.999785106629133e-07
go
0.06059300000197254 0.0015019999991636723
0.06059300000197254 0.0
go
0.06045999997877516 0.0014769999834243208
0.06045999997877516 1.00000761449337e-06
go
0.06058099999791011 0.0014229999796953052
0.06058099999791011 0.0
go
0.06058399999164976 0.0016020000039134175
0.06058399999164976 9.999785106629133e-07
go
0.06031800000346266 0.0017029999871738255
0.06031800000346266 0.0
go
0.060809000016888604 0.0015830000047571957
0.060809000016888604 0.0
go
0.06017199999769218 0.001476000004913658
0.06017199999769218 0.0
go
0.06080599999404512 0.0014809999847784638
0.06080599999404512 0.0
go
0.06318299999111332 0.0015839999832678586
0.06318299999111332 0.0
go
0.06391900000744499 0.0016140000079758465
0.06391900000744499 0.0
go
0.06295600000885315 0.0014890000165905803
0.06295600000885315 1.00000761449337e-06
go
0.06265099998563528 0.001504000014392659
0.06265099998563528 0.0
go
0.06324200000381097 0.0015230000135488808
0.06324200000381097 0.0
go
0.06322300000465475 0.001488000008976087
0.06322300000465475 0.0
go
0.06258399999933317 0.0014740000187885016
0.06258399999933317 9.999785106629133e-07
go
0.06264000001829118 0.0014769999834243208
0.06264000001829118 1.00000761449337e-06
go
0.06547399997361936 0.0016699999978300184
0.06547399997361936 0.0
go
0.06545300001744181 0.0015679999778512865
0.06545300001744181 0.0
go
0.06615599998622201 0.0015899999998509884
0.06615599998622201 0.0
go
0.06558399999630637 0.001543000020319596
0.06558399999630637 0.0
combat
0.06846199999563396 0.0017210000078193843
0.06846199999563396 1.00000761449337e-06
combat
0.06851000001188368 0.0016289999766740948
0.06851000001188368 0.0
combat
0.06088499998440966 0.0015019999991636723
0.06088499998440966 1.00000761449337e-06
combat
0.06034100000397302 0.0014089999895077199
0.06034100000397302 0.0
combat
0.060613000008743256 0.0014669999945908785
0.060613000008743256 0.0
combat
0.060840000020107254 0.0014400000218302011
0.060840000020107254 1.00000761449337e-06
combat
0.06067299999995157 0.0014359999913722277
0.06067299999995157 0.0
combat
0.0628689999866765 0.0014689999807160348
0.0628689999866765 0.0
combat
0.06785999998101033 0.00157200000830926
0.06785999998101033 1.00000761449337e-06
combat
0.06863899997551925 0.0016410000098403543
0.06863899997551925 1.00000761449337e-06
combat
0.06570999999530613 0.0015370000037364662
0.06570999999530613 0.0
combat
0.06568500000867061 0.0016120000218506902
0.06568500000867061 0.0
combat
0.06516800000099465 0.0015120000171009451
0.06516800000099465 0.0
combat
0.06545500000356697 0.0015360000252258033
0.06545500000356697 0.0
combat
0.06254300000728108 0.0014749999972991645
0.06254300000728108 1.00000761449337e-06
combat
0.06291400000918657 0.001457999984268099
0.06291400000918657 0.0
combat
0.06314499999280088 0.0014990000054240227
0.06314499999280088 9.999785106629133e-07
combat
0.06295099999988452 0.0015239999920595437
0.06295099999988452 0.0
combat
0.06348099999013357 0.0015150000108405948
0.06348099999013357 1.00000761449337e-06
combat
0.06302400000276975 0.001516999996965751
0.06302400000276975 9.999785106629133e-07
combat
0.06069799998658709 0.0014509999891743064
0.06069799998658709 0.0
combat
0.05460900001344271 0.0013009999820496887
0.05460900001344271 0.0
combat
0.055001000000629574 0.0013270000054035336
0.055001000000629574 0.0
fallback
0.058378999994602054 0.0015150000108405948
0.058378999994602054 0.0
fallback
0.06275599999935366 0.0014340000052470714
0.06275599999935366 9.999785106629133e-07
fallback
0.05806100001791492 0.0013860000181011856
0.05806100001791492 0.0
fallback
0.060544999985722825 0.0014039999805390835
0.060544999985722825 0.0
fallback
0.0603959999862127 0.0014340000052470714
0.0603959999862127 9.999785106629133e-07
fallback
0.06080800000927411 0.0014550000196322799
0.06080800000927411 9.999785106629133e-07
fallback
0.060062000004108995 0.0014009999867994338
0.060062000004108995 1.00000761449337e-06
fallback
0.06030399998417124 0.001445000001695007
0.06030399998417124 9.999785106629133e-07
fallback
0.0632540000078734 0.0015459999849554151
0.0632540000078734 0.0
fallback
0.06351700000232086 0.0015159999893512577
0.06351700000232086 0.0
ready
0.06546899999375455 0.001533999980892986
0.06546899999375455 0.0
ready
0.06562599999597296 0.001576000009663403
0.06562599999597296 9.999785106629133e-07
ready
0.0656089999829419 0.0015180000045802444
0.0656089999829419 0.0
0.06594800000311807 0.001572999986819923
0.06594800000311807 9.999785106629133e-07
ready
0.06592399999499321 0.0017290000105276704
0.06592399999499321 0.0
ready
0.06827800002065487 0.001963999995496124
0.06827800002065487 0.0
ready
0.06328999999095686 0.0014680000022053719
0.06328999999095686 0.0
ready
0.06284600001526996 0.0017860000079963356
0.06284600001526996 1.00000761449337e-06
ready
0.06011500000022352 0.0017909999878611416
0.06011500000022352 0.0
ready
0.06017700000666082 0.0016670000040903687
0.06017700000666082 0.0
ready
0.06036800000583753 0.0018450000206939876
0.06036800000583753 0.0
ready
0.054964000009931624 0.0013390000094659626
0.054964000009931624 0.0
ready
ready
0.052232999994885176 0.0014390000142157078
0.052232999994885176 9.999785106629133e-07
0.05223100000876002 0.001520999998319894
0.05223100000876002 0.0
ready
ready
0.04983200001879595 0.0013850000104866922
0.04983200001879595 0.0
ready
0.04943700000876561 0.0011609999928623438
0.04943700000876561 0.0
ready
0.05275699999765493 0.0013649999746121466
0.05275699999765493 0.0
ready
0.05026599997654557 0.0012759999954141676
0.05026599997654557 0.0
ready
0.052822999976342544 0.001508000015746802
0.052822999976342544 0.0
ready
0.05265299999155104 0.001229999994393438
0.05265299999155104 0.0
ready
0.052625999989686534 0.001496000011684373
0.052625999989686534 1.00000761449337e-06
ready
0.05274399998597801 0.0013730000064242631
0.05274399998597801 9.999785106629133e-07
ready
0.04991100000916049 0.0011790000135079026
0.04991100000916049 0.0
ready
0.0501079999958165 0.00120900000911206
0.0501079999958165 9.999785106629133e-07
ready
0.046759999997448176 0.001180999999633059
0.046759999997448176 0.0
ready
0.04951100001926534 0.001180999999633059
0.04951100001926534 0.0
ready
0.05513500000233762 0.001365000003715977
0.05513500000233762 1.00000761449337e-06
ready
0.05254899998544715 0.0012630000128410757
0.05254899998544715 0.0
ready
0.05237499999930151 0.0012989999959245324
0.05237499999930151 1.00000761449337e-06
ready
0.05293299999902956 0.0012590000114869326
0.05293299999902956 0.0
ready
0.05241499998373911 0.0012399999832268804
0.05241499998373911 0.0
ready
0.0523539999849163 0.0012339999957475811
0.0523539999849163 0.0
ready
0.053577000013319775 0.0012860000133514404
0.053577000013319775 1.00000761449337e-06
ready
0.05291800000122748 0.0013069999986328185
0.05291800000122748 1.00000761449337e-06
ready
0.0529499999829568 0.001285000005736947
0.0529499999829568 0.0
ready
0.05264400001033209 0.0012459999998100102
0.05264400001033209 0.0
ready
0.05321799998637289 0.001301999989664182
0.05321799998637289 0.0
ready
0.049644999991869554 0.0012589999823831022
0.049644999991869554 0.0
ready
0.04996299999766052 0.0012040000001434237
0.04996299999766052 1.00000761449337e-06
ready
0.04761700000381097 0.0011789999844040722
0.04761700000381097 1.00000761449337e-06
ready
0.047580999991623685 0.0011229999945499003
0.047580999991623685 1.00000761449337e-06
ready
0.04747399999178015 0.0011520000116433948
0.04747399999178015 1.00000761449337e-06
ready
0.0473399999900721 0.0012140000180806965
0.0473399999900721 1.00000761449337e-06
ready
0.04459200002020225 0.001113000005716458
0.04459200002020225 0.0
ready
0.044319999986328185 0.001057999994372949
0.044319999986328185 0.0
ready
0.04450600000564009 0.0010720000136643648
0.04450600000564009 0.0
ready
0.04486299998825416 0.0010809999948833138
0.04486299998825416 0.0
ready
0.044913999998243526 0.0011949999898206443
0.044913999998243526 0.0
ready
0.05103699999745004 0.001133999990997836
0.05103699999745004 9.999785106629133e-07
ready
0.04711899999529123 0.001176000019768253
0.04711899999529123 1.00000761449337e-06
ready
0.04693599999882281 0.0011389999999664724
0.04693599999882281 0.0
0.04742899999837391 0.0011769999982789159
0.04742899999837391 0.0
ready
0.05017900001257658 0.0012210000131744891
0.05017900001257658 0.0
ready
0.05018599997856654 0.0012189999979455024
0.05018599997856654 1.00000761449337e-06
ready
0.05005900000105612 0.0012049999786540866
0.05005900000105612 1.00000761449337e-06
ready
ready
0.05296100000850856 0.0014319999900180846
0.05296100000850856 9.999785106629133e-07
ready
0.05238700000336394 0.0018439999839756638
0.05238700000336394 0.0
ready
0.05272600002354011 0.0014950000040698797
0.05272600002354011 1.00000761449337e-06
ready
0.049830000003566965 0.0014269999810494483
0.049830000003566965 0.0
ready
0.05014500001561828 0.0011959999974351376
0.05014500001561828 0.0
ready
0.047501000022748485 0.001168000017059967
0.047501000022748485 0.0
ready
0.04452799999853596 0.0010910000128205866
0.04452799999853596 0.0
ready
0.04491200001211837 0.0011280000035185367
0.04491200001211837 1.00000761449337e-06
ready
0.044591000012587756 0.0011039999953936785
0.044591000012587756 0.0
ready
0.04530599998543039 0.0011079999967478216
0.04530599998543039 0.0
ready
0.04738900001393631 0.001137999992351979
0.04738900001393631 0.0
ready
0.042111000017030165 0.0010460000194143504
0.042111000017030165 0.0
ready
0.042092999996384606 0.0010190000175498426
0.042092999996384606 0.0
ready
0.04231199997593649 0.0010800000163726509
0.04231199997593649 1.00000761449337e-06
ready
0.0422979999857489 0.0010560000082477927
0.0422979999857489 9.999785106629133e-07
ready
0.03928900000755675 0.0009769999887794256
0.03928900000755675 1.00000761449337e-06
ready
0.03976300000795163 0.000985999999102205
0.03976300000795163 0.0
ready
0.039237999997567385 0.0009719999798107892
0.039237999997567385 0.0
go
0.0397569999913685 0.000998999981675297
0.0397569999913685 9.999785106629133e-07
go
0.039656000008108094 0.000982999976258725
0.039656000008108094 1.00000761449337e-06
go
0.039407000003848225 0.0009559999743942171
0.039407000003848225 0.0
go
0.039453000004868954 0.0009769999887794256
0.039453000004868954 0.0
go
0.059406999993370846 0.0019939999911002815
0.059406999993370846 0.0
go
0.04699699999764562 0.0012290000158827752
0.04699699999764562 9.999785106629133e-07
go
0.05002200001035817 0.0013139999937266111
0.05002200001035817 1.00000761449337e-06
go
0.04744999998365529 0.0012390000047162175
0.04744999998365529 0.0
go
0.047860999999102205 0.0012240000069141388
0.047860999999102205 1.00000761449337e-06
go
0.04711600000155158 0.001285000005736947
0.04711600000155158 9.999785106629133e-07
go
0.04739200000767596 0.001185000000987202
0.04739200000767596 0.0
go
0.05002799999783747 0.0012200000055599958
0.05002799999783747 9.999785106629133e-07
go
0.049608000001171604 0.001260999997612089
0.049608000001171604 1.00000761449337e-06
go
0.05015399999683723 0.0012359999818727374
0.05015399999683723 1.00000761449337e-06
go
0.04993500001728535 0.0012250000145286322
0.04993500001728535 0.0
0.051979999989271164 0.0013259999977890402
0.051979999989271164 0.0
go
0.04724499999429099 0.001229999994393438
0.04724499999429099 0.0
go
0.044808999984525144 0.0011039999953936785
0.044808999984525144 0.0
go
0.04447600001003593 0.001053999993018806
0.04447600001003593 1.00000761449337e-06
go
0.04432499999529682 0.0011030000168830156
0.04432499999529682 9.999785106629133e-07
go
0.04435800001374446 0.0013459999754559249
0.04435800001374446 0.0
go
0.0444240000215359 0.0013540000072680414
0.0444240000215359 0.0
go
0.04409399998257868 0.0015030000067781657
0.04409399998257868 9.999785106629133e-07
go
go
0.044621999986702576 0.0013960000069346279
0.044621999986702576 0.0
go
0.04741600001580082 0.0014910000027157366
0.04741600001580082 0.0
go
0.0473059999931138 0.0014279999886639416
0.0473059999931138 1.00000761449337e-06
go
0.04745600000023842 0.001377999986289069
0.04745600000023842 0.0
go
0.04724099999293685 0.0016789999790489674
0.04724099999293685 9.999785106629133e-07
go
0.0471079999988433 0.0012270000006537884
0.0471079999988433 9.999785106629133e-07
go
0.05034899999736808 0.0017040000238921493
0.05034899999736808 1.00000761449337e-06
go
0.04679100000066683 0.0013089999847579747
0.04679100000066683 1.00000761449337e-06
go
0.04718000002321787 0.0013560000224970281
0.04718000002321787 0.0
go
0.04410899998038076 0.0013920000055804849
0.04410899998038076 0.0
go
0.041991000005509704 0.001221999991685152
0.041991000005509704 0.0
go
0.05430399999022484 0.0017859999788925052
0.05430399999022484 0.0
go
0.04251800000201911 0.0011590000067371875
0.04251800000201911 0.0
go
0.044403000007150695 0.0012709999864455312
0.044403000007150695 0.0
go
0.04477700000279583 0.0012189999979455024
0.04477700000279583 0.0
go
0.04460500000277534 0.001412999990861863
0.04460500000277534 1.00000761449337e-06
go
0.04443500001798384 0.001086999982362613
0.04443500001798384 0.0
go
0.044067999988328665 0.0010950000141747296
0.044067999988328665 0.0
go
0.04665100001147948 0.0012449999921955168
0.04665100001147948 0.0
go
0.04745899999397807 0.001320000010309741
0.04745899999397807 1.00000761449337e-06
go
0.04695499999797903 0.0011610000219661742
0.04695499999797903 0.0
go
0.044667999987723306 0.001113000005716458
0.044667999987723306 1.00000761449337e-06
go
0.050054000021191314 0.001340999995591119
0.050054000021191314 1.00000761449337e-06
go
0.04752100000041537 0.0012929999793414026
0.04752100000041537 0.0
go
0.044437000004108995 0.0011089999752584845
0.044437000004108995 9.999785106629133e-07
go
0.047220999986166134 0.00120599998626858
0.047220999986166134 1.00000761449337e-06
go
0.04454999999143183 0.0010990000155288726
0.04454999999143183 1.00000761449337e-06
0.04443200002424419 0.0010710000060498714
0.04443200002424419 1.00000761449337e-06
go
0.04460399999516085 0.0011389999999664724
0.04460399999516085 0.0
go
0.046833000000333413 0.0015450000064447522
0.046833000000333413 1.00000761449337e-06
go
0.044282999995630234 0.001069999998435378
0.044282999995630234 1.00000761449337e-06
go
0.044338999985484406 0.001113000005716458
0.044338999985484406 0.0
go
0.04428100000950508 0.0010970000002998859
0.04428100000950508 1.00000761449337e-06
go
0.044310999976005405 0.001105000003008172
0.044310999976005405 0.0
go
0.04418999998597428 0.0010949999850708991
0.04418999998597428 0.0
go
0.04474099999060854 0.0011200000008102506
0.04474099999060854 0.0
go
0.044612000026972964 0.0010800000163726509
0.044612000026972964 0.0
go
0.0445729999919422 0.0011399999784771353
0.0445729999919422 1.00000761449337e-06
go
0.04444699999294244 0.0011510000040289015
0.04444699999294244 0.0
go
go
0.04491799999959767 0.0010940000065602362
0.04491799999959767 1.00000761449337e-06
go
0.044861999980639666 0.0011780000058934093
0.044861999980639666 0.0
go
0.047599000012269244 0.0012240000069141388
0.047599000012269244 0.0
go
0.04691900001489557 0.0011740000045392662
0.04691900001489557 9.999785106629133e-07
go
0.04728100000647828 0.0011710000107996166
0.04728100000647828 0.0
go
0.05324100001598708 0.0015110000094864517
0.05324100001598708 0.0
go
0.050438999984180555 0.001301999989664182
0.050438999984180555 1.00000761449337e-06
go
0.04485100001329556 0.0011119999981019646
0.04485100001329556 0.0
go
0.04430300000240095 0.001141999993706122
0.04430300000240095 0.0
go
0.04432700001052581 0.0010750000074040145
0.04432700001052581 0.0
go
0.047552999982144684 0.0011770000273827463
0.047552999982144684 1.00000761449337e-06
go
0.04734499999904074 0.001180999999633059
0.04734499999904074 1.00000761449337e-06
go
0.04725299999699928 0.0011479999811854213
0.04725299999699928 9.999785106629133e-07
go
0.0471129999787081 0.0012040000001434237
0.0471129999787081 1.00000761449337e-06
go
0.04965400000219233 0.001264000020455569
0.04965400000219233 0.0
go
0.049956000002566725 0.0012329999881330878
0.049956000002566725 0.0
go
0.04937700001755729 0.0012410000199452043
0.04937700001755729 1.00000761449337e-06
go
0.055598000006284565 0.001572999986819923
0.055598000006284565 1.00000761449337e-06
go
0.057683999999426305 0.0015030000067781657
0.057683999999426305 0.0
go
0.06018100000801496 0.001596999994944781
0.06018100000801496 0.0
go
go
0.05008400001679547 0.0012809999752789736
0.05008400001679547 0.0
go
go
0.05149000001256354 0.0017330000118818134
0.05149000001256354 1.00000761449337e-06
go
go
0.05420199999934994 0.0015319999947678298
0.05420199999934994 0.0
go
go
0.05232899999828078 0.0013820000167470425
0.05232899999828078 0.0
go
go
0.0545879999990575 0.0014030000020284206
0.0545879999990575 0.0
go
go
0.05885099997976795 0.0014770000125281513
0.05885099997976795 0.0
go
go
0.05499599999166094 0.0013160000089555979
0.05499599999166094 0.0
0.05480600000009872 0.0014019999944139272
0.05480600000009872 0.0
go
go
0.04984600000898354 0.001248000015038997
0.04984600000898354 9.999785106629133e-07
go
go
0.04985300000407733 0.0012200000055599958
0.04985300000407733 0.0
go
go
0.04695200000423938 0.0012459999998100102
0.04695200000423938 9.999785106629133e-07
go
go
0.04702599998563528 0.0012660000065807253
0.04702599998563528 0.0
go
go
0.04748199999448843 0.0012360000109765679
0.04748199999448843 0.0
go
go
0.046719999983906746 0.0011949999898206443
0.046719999983906746 0.0
go
go
0.04430700000375509 0.0011409999860916287
0.04430700000375509 1.00000761449337e-06
go
go
0.044439999997848645 0.0015120000171009451
0.044439999997848645 0.0
go
go
0.044280000001890585 0.0013500000059138983
0.044280000001890585 0.0
go
go
0.04422399998293258 0.001073999999789521
0.04422399998293258 0.0
go
go
0.04477799998130649 0.00112900001113303
0.04477799998130649 9.999785106629133e-07
go
go
0.04208499999367632 0.0010360000014770776
0.04208499999367632 0.0
go
go
go
go
0.04182400001445785 0.001154999976279214
0.04182400001445785 0.0
go
go
0.041916999995009974 0.0012629999837372452
0.041916999995009974 0.0
go
go
0.0418669999926351 0.0010360000014770776
0.0418669999926351 0.0
go
go
0.041727000003447756 0.0012959999730810523
0.041727000003447756 1.00000761449337e-06
go
go
0.047229999996488914 0.0013049999834038317
0.047229999996488914 9.999785106629133e-07
go
go
0.044805999990785494 0.001453999982913956
0.044805999990785494 1.00000761449337e-06
go
go
0.04411800001980737 0.0010750000074040145
0.04411800001980737 9.999785106629133e-07
go
go
0.04455799999414012 0.0010710000060498714
0.04455799999414012 0.0
go
go
0.04523299998254515 0.0012330000172369182
0.04523299998254515 9.999785106629133e-07
go
go
0.04466400001547299 0.001201000006403774
0.04466400001547299 0.0
go
go
0.04468500000075437 0.0011679999879561365
0.04468500000075437 9.999785106629133e-07
go
go
0.04450000001816079 0.0011700000031851232
0.04450000001816079 0.0
go
go
0.04431900000781752 0.001121000008424744
0.04431900000781752 1.00000761449337e-06
go
go
0.04224800001247786 0.0010689999908208847
0.04224800001247786 1.00000761449337e-06
go
go
0.04186399999889545 0.0010400000028312206
0.04186399999889545 1.00000761449337e-06
go
go
0.041800000006332994 0.0010509999992791563
0.041800000006332994 0.0
go
go
0.04669399998965673 0.001293000008445233
0.04669399998965673 0.0
go
go
0.04452100000344217 0.0011399999784771353
0.04452100000344217 0.0
go
go
0.04209800000535324 0.0010630000033415854
0.04209800000535324 0.0
go
go
0.04170400000293739 0.0010469999979250133
0.04170400000293739 0.0
go
go
0.04704700000002049 0.0011710000107996166
0.04704700000002049 0.0
go
go
0.04501599998911843 0.0012280000082682818
0.04501599998911843 0.0
go
go
0.044169000000692904 0.001129999989643693
0.044169000000692904 0.0
go
go
0.046992999996291474 0.0011649999942164868
0.046992999996291474 0.0
go
go
0.04673000000184402 0.0011959999974351376
0.04673000000184402 0.0
go
go
0.049694000015733764 0.0013169999874662608
0.049694000015733764 0.0
0.05005900000105612 0.0012390000047162175
0.05005900000105612 0.0
go
go
0.04969300000811927 0.0012999999744351953
0.04969300000811927 0.0
go
go
0.04922200000146404 0.001264000020455569
0.04922200000146404 0.0
go
go
0.049617999990005046 0.0012200000055599958
0.049617999990005046 1.00000761449337e-06
go
go
0.049199000000953674 0.001201000006403774
0.049199000000953674 0.0
go
go
0.04942200001096353 0.0012030000216327608
0.04942200001096353 1.00000761449337e-06
go
go
0.05012400000123307 0.0015399999974761158
0.05012400000123307 9.999785106629133e-07
go
go
0.0498690000094939 0.0014509999891743064
0.0498690000094939 0.0
go
go
0.0518269999884069 0.0016379999869968742
0.0518269999884069 9.999785106629133e-07
go
go
0.05747400000109337 0.0018349999736528844
0.05747400000109337 1.00000761449337e-06
go
go
0.05731899998500012 0.0019440000178292394
0.05731899998500012 1.00000761449337e-06
go
go
0.05411900000763126 0.001552000001538545
0.05411900000763126 0.0
go
go
0.04964299997664057 0.001277000003028661
0.04964299997664057 0.0
go
go
0.04419899999629706 0.0011079999967478216
0.04419899999629706 0.0
go
go
go
go
0.04437300001154654 0.0013330000219866633
0.04437300001154654 0.0
go
go
0.04491900000721216 0.0015010000206530094
0.04491900000721216 9.999785106629133e-07
go
go
0.042053000011947006 0.001273999980185181
0.042053000011947006 0.0
go
go
0.041880999982822686 0.0010509999992791563
0.041880999982822686 1.00000761449337e-06
go
go
0.03933699999470264 0.0009619999909773469
0.03933699999470264 1.00000761449337e-06
go
go
0.03946100000757724 0.0010020000045187771
0.03946100000757724 1.00000761449337e-06
go
go
0.03909800000838004 0.000994000001810491
0.03909800000838004 1.00000761449337e-06
go
go
0.03964299999643117 0.0009830000053625554
0.03964299999643117 1.00000761449337e-06
go
go
0.03929099999368191 0.000973999995039776
0.03929099999368191 1.00000761449337e-06
go
go
0.0394510000187438 0.0009679999784566462
0.0394510000187438 1.00000761449337e-06
go
go
0.039508999994723126 0.0009720000089146197
0.039508999994723126 1.00000761449337e-06
go
go
0.038951999973505735 0.0009669999999459833
0.038951999973505735 1.00000761449337e-06
go
go
0.03916300000855699 0.0009579999896232039
0.03916300000855699 0.0
go
go
0.036897000012686476 0.0009319999953731894
0.036897000012686476 0.0
go
go
0.03688500000862405 0.000973999995039776
0.03688500000862405 0.0
go
go
0.03660699998727068 0.0009390000195708126
0.03660699998727068 0.0
go
go
0.036499999987427145 0.000910000002477318
0.036499999987427145 0.0
go
go
0.03661199999623932 0.0009000000136438757
0.03661199999623932 1.00000761449337e-06
go
go
0.03669100001570769 0.0009469999931752682
0.03669100001570769 0.0
go
go
0.03676300001097843 0.0009299999801442027
0.03676300001097843 0.0
go
go
0.03700800001388416 0.000994999980321154
0.03700800001388416 0.0
go
go
0.03914399998029694 0.0010130000009667128
0.03914399998029694 0.0
go
go
0.04409499999019317 0.0012839999981224537
0.04409499999019317 0.0
go
go
0.04416799999307841 0.0011649999942164868
0.04416799999307841 0.0
0.05204400001093745 0.0015940000012051314
0.05204400001093745 1.00000761449337e-06
go
go
0.052247999992687255 0.0012869999918621033
0.052247999992687255 0.0
go
go
0.04767199998605065 0.0013259999977890402
0.04767199998605065 0.0
go
go
0.04426299998885952 0.001086999982362613
0.04426299998885952 0.0
go
go
0.0441980000177864 0.0010730000212788582
0.0441980000177864 1.00000761449337e-06
go
go
0.04485900001600385 0.0011269999959040433
0.04485900001600385 0.0
go
go
0.04691899998579174 0.0012540000025182962
0.04691899998579174 0.0
go
go
go
0.04809900000691414 0.0012929999793414026
0.04809900000691414 0.0
go
go
go
0.05033699999330565 0.0013559999933931977
0.05033699999330565 0.0
go
go
go
0.04775699999299832 0.0011999999987892807
0.04775699999299832 0.0
go
go
go
0.047103999997489154 0.0012590000114869326
0.047103999997489154 0.0
go
go
go
0.04505300000892021 0.00128900000709109
0.04505300000892021 1.00000761449337e-06
go
go
go
0.03922399997827597 0.001049000013154
0.03922399997827597 1.00000761449337e-06
go
go
go
0.03664700000081211 0.0009289999725297093
0.03664700000081211 1.00000761449337e-06
go
go
go
0.03660699998727068 0.0009660000214353204
0.03660699998727068 0.0
go
go
go
0.03653199999826029 0.0009260000078938901
0.03653199999826029 0.0
go
go
go
0.03703600002336316 0.0009550000249873847
0.03703600002336316 0.0
0.03669300000183284 0.0009349999891128391
0.03669300000183284 0.0
0.0365590000001248 0.0009280000231228769
0.0365590000001248 9.999785106629133e-07
0.03673900000285357 0.0009389999904669821
0.03673900000285357 1.00000761449337e-06
0.036804000003030524 0.0009659999923314899
0.036804000003030524 0.0
0.037060000002384186 0.0009219999774359167
0.037060000002384186 1.00000761449337e-06
0.036789000005228445 0.0009269999864045531
0.036789000005228445 1.00000761449337e-06
0.03657900000689551 0.0009279999940190464
0.03657900000689551 0.0
0.03657799999928102 0.0009290000016335398
0.03657799999928102 9.999785106629133e-07
0.03648800001246855 0.0009439999994356185
0.03648800001246855 9.999785106629133e-07
0.03697200000169687 0.0009600000048521906
0.03697200000169687 1.00000761449337e-06
0.03902399999788031 0.0009759999811649323
0.03902399999788031 1.00000761449337e-06
0.039029000006848946 0.0010320000001229346
0.039029000006848946 1.00000761449337e-06
0.04204200001549907 0.0010219999821856618
0.04204200001549907 1.00000761449337e-06
0.046934999991208315 0.00128900000709109
0.046934999991208315 0.0
0.0474709999980405 0.0012360000109765679
0.0474709999980405 0.0
0.044326000002911314 0.0011360000062268227
0.044326000002911314 0.0
0.04202900000382215 0.0010210000036749989
0.04202900000382215 1.00000761449337e-06
0.04151499998988584 0.0010360000014770776
0.04151499998988584 0.0
0.04159599999547936 0.0010309999925084412
0.04159599999547936 0.0
<bots.big.custom_bot.CombatGroupManager object at 0x7fda967cdeb8>
0.0389570000115782 0.0010039999906439334
0.0389570000115782 1.00000761449337e-06
0.0390649999899324 0.0009879999852273613
0.0390649999899324 0.0
0.03960300001199357 0.0010840000177267939
0.03960300001199357 0.0
0.03919300000416115 0.0010230000189039856
0.03919300000416115 0.0
0.040464999998221174 0.0011900000099558383
0.040464999998221174 0.0
0.036724000005051494 0.0009150000114459544
0.036724000005051494 1.00000761449337e-06
0.036336999997729436 0.0009170000266749412
0.036336999997729436 1.00000761449337e-06
0.036377000011270866 0.000906000001123175
0.036377000011270866 0.0
0.03410200000507757 0.0008960000122897327
0.03410200000507757 0.0
0.03396400000201538 0.0008870000019669533
0.03396400000201538 1.00000761449337e-06
0.031159000005573034 0.0007959999784361571
0.031159000005573034 0.0
0.03139700001338497 0.0008410000009462237
0.03139700001338497 0.0
0.0314539999817498 0.0008270000107586384
0.0314539999817498 1.00000761449337e-06
0.03157299998565577 0.000826000003144145
0.03157299998565577 1.00000761449337e-06
0.03127099998528138 0.0008089999901130795
0.03127099998528138 0.0
0.031186000007437542 0.0008110000053420663
0.031186000007437542 1.00000761449337e-06
0.031362000008812174 0.0008410000009462237
0.031362000008812174 0.0
0.031485000014072284 0.0008230000094044954
0.031485000014072284 0.0
0.03166000000783242 0.0008009999874047935
0.03166000000783242 1.00000761449337e-06
0.028992999985348433 0.000770999991800636
0.028992999985348433 9.999785106629133e-07
0.03162000002339482 0.0008200000156648457
0.03162000002339482 0.0
0.03154799999902025 0.0008620000153314322
0.03154799999902025 1.00000761449337e-06
0.03133100000559352 0.0007990000012796372
0.03133100000559352 0.0
0.032715999986976385 0.0008669999951962382
0.032715999986976385 0.0
0.03263199998764321 0.0008660000166855752
0.03263199998764321 0.0
0.03182299999753013 0.0008159999852068722
0.03182299999753013 1.00000761449337e-06
0.032663999998476356 0.0008569999772589654
0.032663999998476356 0.0
0.03147200000239536 0.0008160000143107027
0.03147200000239536 0.0
0.03144000002066605 0.0008830000006128103
0.03144000002066605 1.00000761449337e-06
0.031547000020509586 0.0008500000112690032
0.031547000020509586 0.0
0.03156099998159334 0.0009990000107791275
0.03156099998159334 0.0
0.03149700001813471 0.0008280000183731318
0.03149700001813471 9.999785106629133e-07
0.031741000013425946 0.0008159999852068722
0.031741000013425946 0.0
0.03157200000714511 0.0008079999824985862
0.03157200000714511 1.00000761449337e-06
0.03161199999158271 0.0008239999879151583
0.03161199999158271 0.0
0.031220000004395843 0.0008019999950192869
0.031220000004395843 0.0
0.031427000008989125 0.0007969999860506505
0.031427000008989125 1.00000761449337e-06
0.031881999981123954 0.0008209999941755086
0.031881999981123954 1.00000761449337e-06
0.03148100001271814 0.0008589999924879521
0.03148100001271814 0.0
0.03136699998867698 0.0007930000138003379
0.03136699998867698 0.0
0.03388899998390116 0.0008730000117793679
0.03388899998390116 0.0
0.03378800000064075 0.0008870000019669533
0.03378800000064075 0.0
0.034091000008629635 0.0009110000100918114
0.034091000008629635 1.00000761449337e-06
0.03676900002756156 0.0009259999787900597
0.03676900002756156 0.0
0.03906999999890104 0.0014239999873097986
0.03906999999890104 9.999785106629133e-07
0.033653999998932704 0.0009009999921545386
0.033653999998932704 0.0
0.03414899998460896 0.0010349999938625842
0.03414899998460896 0.0
0.03566999998292886 0.0009480000007897615
0.03566999998292886 0.0
0.03496999997878447 0.0009169999975711107
0.03496999997878447 0.0
0.03617000000667758 0.0009699999936856329
0.03617000000667758 1.00000761449337e-06
0.03198499997961335 0.0008499999821651727
0.03198499997961335 0.0
0.032104000012623146 0.0009399999980814755
0.032104000012623146 1.00000761449337e-06
0.032780000008642673 0.0008879999804776162
0.032780000008642673 0.0
0.03155799998785369 0.0008779999916441739
0.03155799998785369 1.00000761449337e-06
0.0339269999822136 0.0008559999987483025
0.0339269999822136 0.0
0.031236000009812415 0.0008340000058524311
0.031236000009812415 0.0
0.0314829999988433 0.0007999999797903001
0.0314829999988433 0.0
0.0313859999878332 0.00088900001719594
0.0313859999878332 0.0
0.03402500000083819 0.0009340000106021762
0.03402500000083819 9.999785106629133e-07
0.03445800000918098 0.0009350000182166696
0.03445800000918098 9.999785106629133e-07
0.03386200001114048 0.0008779999916441739
0.03386200001114048 9.999785106629133e-07
<bots.big.custom_bot.CombatGroupManager object at 0x7fda967cdeb8>
0.03402699998696335 0.0008600000001024455
0.03402699998696335 0.0
0.034039000020129606 0.0008899999957066029
0.034039000020129606 0.0
0.033839000010630116 0.0008749999979045242
0.033839000010630116 1.00000761449337e-06
0.03422800000407733 0.0009410000056959689
0.03422800000407733 0.0
0.03374299997813068 0.0008629999938420951
0.03374299997813068 0.0
0.033819999982370064 0.00088900001719594
0.033819999982370064 9.999785106629133e-07
0.034205000003566965 0.0009520000021439046
0.034205000003566965 0.0
0.03423300001304597 0.0008609999786131084
0.03423300001304597 1.00000761449337e-06
0.03403499998967163 0.0008729999826755375
0.03403499998967163 0.0
0.036542999994708225 0.0009290000016335398
0.036542999994708225 1.00000761449337e-06
0.03661199999623932 0.0009129999962169677
0.03661199999623932 0.0
0.034454000007826835 0.0009250000002793968
0.034454000007826835 1.00000761449337e-06
0.03406599999289028 0.0008760000055190176
0.03406599999289028 0.0
0.03403800001251511 0.0009160000190604478
0.03403800001251511 1.00000761449337e-06
0.03390799998305738 0.0008749999979045242
0.03390799998305738 0.0
0.03406400000676513 0.0008740000193938613
0.03406400000676513 1.00000761449337e-06
0.03110199997900054 0.0008910000033210963
0.03110199997900054 0.0
0.031589999998686835 0.0008619999862276018
0.031589999998686835 0.0
0.03151800000341609 0.000826000003144145
0.03151800000341609 0.0
0.031117000005906448 0.000817000021925196
0.031117000005906448 0.0
0.031255000008968636 0.0007980000227689743
0.031255000008968636 0.0
0.0318680000200402 0.000826000003144145
0.0318680000200402 0.0
0.031300999980885535 0.0008280000183731318
0.031300999980885535 1.00000761449337e-06
0.031239000003552064 0.0008230000094044954
0.031239000003552064 1.00000761449337e-06
0.03153500001644716 0.0008169999928213656
0.03153500001644716 1.00000761449337e-06
0.031224000005749986 0.0008019999950192869
0.031224000005749986 0.0
0.03136399999493733 0.0008290000259876251
0.03136399999493733 0.0
0.03117299999576062 0.0008039999811444432
0.03117299999576062 9.999785106629133e-07
ERROR:sc2_patch.sc2_patch_490.main:AI step threw an error
Traceback (most recent call last):
  File "/mnt/d/sc2minigame-eval-2020-01-09/sc2_patch/sc2_patch_490/main.py", line 180, in _play_game_ai
    await ai.on_step(iteration)
  File "/mnt/d/sc2minigame-eval-2020-01-09/bots/big/custom_bot.py", line 1288, in on_step
    self.strategic_manager.step()
  File "/mnt/d/sc2minigame-eval-2020-01-09/bots/big/custom_bot.py", line 1104, in step
    scout_result = self.scout_manager.scout_info
AttributeError: 'StrategicManager' object has no attribute 'scout_manager'
ERROR:sc2_patch.sc2_patch_490.main:Error: 'StrategicManager' object has no attribute 'scout_manager'
ERROR:sc2_patch.sc2_patch_490.main:Resigning due to previous error
INFO:root:Result for player 2 - Bot(Race.Terran, <bots.big.custom_bot.CustomBot object at 0x7fda702d0f28>): Defeat
INFO:sc2.protocol:Client status changed to Status.ended (was Status.in_game)
INFO:root:Result for player 1 - Bot(Race.Terran, <bots.Showing_bot.speedBot.MarinBot object at 0x7fda7f328f60>): Victory
INFO:sc2.client:Saved replay to outs/2020-01-17T11-28-03/replays/showing_bot-big/showing_bot-big-2.SC2Replay
INFO:sc2.protocol:Client status changed to Status.launched (was Status.in_game)
INFO:sc2.protocol:Client status changed to Status.quit (was Status.launched)
INFO:sc2.sc2process:kill_switch: Process cleanup
INFO:sc2.sc2process:Cleaning up...
INFO:sc2.sc2process:Cleanup complete
INFO:sc2.sc2process:Cleaning up...
INFO:sc2.sc2process:Cleanup complete
INFO:sc2.protocol:Client status changed to Status.launched (was Status.ended)
INFO:sc2.protocol:Cannot receive: Connection already closed.
INFO:sc2.sc2process:kill_switch: Process cleanup
INFO:sc2.sc2process:Cleaning up...
INFO:sc2.sc2process:Cleanup complete
INFO:sc2.sc2process:Cleaning up...
INFO:sc2.sc2process:Cleanup complete


## STDERR ##

Version: B75689 (SC2.4.10)
Build: Aug 12 2019 17:16:57
Command Line: '"/home/hspark8312/StarCraftII/Versions/Base75689/SC2_x64" -listen 127.0.0.1 -port 18731 -displayMode 0 -dataDir /home/hspark8312/StarCraftII -tempDir /tmp/SC2_0ih2lsp_'
Starting up...
Startup Phase 1 complete
Version: B75689 (SC2.4.10)
Build: Aug 12 2019 17:16:57
Command Line: '"/home/hspark8312/StarCraftII/Versions/Base75689/SC2_x64" -listen 127.0.0.1 -port 23985 -displayMode 0 -dataDir /home/hspark8312/StarCraftII -tempDir /tmp/SC2_evwugp7y'
Starting up...
Startup Phase 1 complete
Startup Phase 2 complete
Creating stub renderer...
Listening on: 127.0.0.1:18731
Startup Phase 3 complete. Ready for commands.
Startup Phase 2 complete
Creating stub renderer...
Listening on: 127.0.0.1:23985
Startup Phase 3 complete. Ready for commands.
ConnectHandler: Request from 127.0.0.1:58635 accepted
ReadyHandler: 127.0.0.1:58635 ready
Requesting to join a multiplayer game
Configuring interface options
Configure: raw interface enabled
Configure: feature layer interface enabled
Configure: score interface enabled
Configure: render interface disabled
ConnectHandler: Request from 127.0.0.1:58637 accepted
ReadyHandler: 127.0.0.1:58637 ready
Requesting to join a multiplayer game
Configuring interface options
Configure: raw interface enabled
Configure: feature layer interface enabled
Configure: score interface enabled
Configure: render interface disabled
Create game with map path: NCFellowship-2019_m1_v6.SC2Map
Attempting to join a game with the map: NCFellowship-2019_m1_v6.SC2Map
Game has started.
Using default stable ids, none found at: /home/hspark8312/StarCraftII/stableid.json
Successfully loaded stable ids: GameData\stableid.json
Game has started.
Using default stable ids, none found at: /home/hspark8312/StarCraftII/stableid.json
Sending ResponseJoinGame
Successfully loaded stable ids: GameData\stableid.json
Sending ResponseJoinGame
RequestQuit command received.
Closing Application...
/home/hspark8312/anaconda3/envs/sc2/lib/python3.6/importlib/_bootstrap.py:219: RuntimeWarning: numpy.ufunc size changed, may indicate binary incompatibility. Expected 192 from C header, got 216 from PyObject
  return f(*args, **kwds)
/home/hspark8312/anaconda3/envs/sc2/lib/python3.6/importlib/_bootstrap.py:219: RuntimeWarning: numpy.ufunc size changed, may indicate binary incompatibility. Expected 192 from C header, got 216 from PyObject
  return f(*args, **kwds)
/home/hspark8312/anaconda3/envs/sc2/lib/python3.6/site-packages/tensorboard/compat/tensorflow_stub/dtypes.py:541: FutureWarning: Passing (type, 1) or '1type' as a synonym of type is deprecated; in a future version of numpy, it will be understood as (type, (1,)) / '(1,)type'.
  _np_qint8 = np.dtype([("qint8", np.int8, 1)])
/home/hspark8312/anaconda3/envs/sc2/lib/python3.6/site-packages/past/builtins/misc.py:45: DeprecationWarning: the imp module is deprecated in favour of importlib; see the module's documentation for alternative uses
  from imp import reload
/mnt/d/sc2minigame-eval-2020-01-09/bots/Showing_bot/speedBot.py:1643: RuntimeWarning: coroutine 'TerreinManager.debug' was never awaited
  self.terrein_manager.debug()
