## STDOUT ##

[[92mINFO[0m] SC2 4.9.0 용 패치 적용
패치 sc2.ids.ability_id
패치 sc2.game_state
패치 sc2.bot_ai
패치 sc2.client
패치 sc2.controller
패치 sc2.main
INFO:root:Failed to import cuda module: No module named 'caffe2.python.caffe2_pybind11_state_gpu'
INFO:root:Failed to import AMD hip module: No module named 'caffe2.python.caffe2_pybind11_state_hip'
WARNING:root:This caffe2 python run does not have GPU support. Will run in CPU only mode.
cpu
INFO:sc2.protocol:Client status changed to Status.launched (was None)
INFO:sc2_patch.sc2_patch_490.controller:Creating new game
INFO:sc2_patch.sc2_patch_490.controller:Map:     NCFellowship-2019_m1_v6
INFO:sc2_patch.sc2_patch_490.controller:Players: Bot(Race.Terran, <bots.maru.q_bot.QBot object at 0x7f5891bb8cf8>), Bot(Race.Terran, <bots.Showing_bot.speedBot.MarinBot object at 0x7f5891bb8eb8>)
INFO:sc2.protocol:Client status changed to Status.init_game (was Status.launched)
INFO:sc2.protocol:Client status changed to Status.launched (was None)
INFO:sc2.protocol:Client status changed to Status.in_game (was None)
INFO:root:Player 1 - Bot(Race.Terran, <bots.maru.q_bot.QBot object at 0x7f5891bb8cf8>)
TEST: 1, <bots.maru.q_bot.QBot object at 0x7f5891bb8cf8>
INFO:sc2.protocol:Client status changed to Status.in_game (was None)
INFO:root:Player 2 - Bot(Race.Terran, <bots.Showing_bot.speedBot.MarinBot object at 0x7f5891bb8eb8>)
TEST: 2, <bots.Showing_bot.speedBot.MarinBot object at 0x7f5891bb8eb8>
model file does not exists: bots/nc_example_v7/models/model-89.pt
load model: bots/Showing_bot/models/model-89.pt
create new model
0.04478399999788962 0.0027169999957550317
0.04478399999788962 9.999785106629133e-07
0.04480699999839999 0.002070999995339662
0.04480699999839999 0.0
0.044941999978618696 0.0015079999866429716
0.044941999978618696 0.0
0.04618800000753254 0.001385999988997355
0.04618800000753254 9.999785106629133e-07
0.04610599999432452 0.0011529999901540577
0.04610599999432452 0.0
0.04580399999395013 0.0012279999791644514
0.04580399999395013 0.0
0.044529000006150454 0.0011150000209454447
0.044529000006150454 1.00000761449337e-06
0.04590600001392886 0.0011959999974351376
0.04590600001392886 1.00000761449337e-06
0.045363000012002885 0.0011110000195913017
0.045363000012002885 1.00000761449337e-06
0.045849000016460195 0.0011300000187475234
0.045849000016460195 0.0
0.04524999999557622 0.0012100000167265534
0.04524999999557622 0.0
0.045054999995045364 0.001078999979654327
0.045054999995045364 0.0
0.04549000001861714 0.0011400000075809658
0.04549000001861714 1.00000761449337e-06
0.045966000005137175 0.0011320000048726797
0.045966000005137175 9.999785106629133e-07
0.04523899999912828 0.0011360000062268227
0.04523899999912828 0.0
0.04543900000862777 0.0010879999899771065
0.04543900000862777 0.0
0.045412000006763265 0.0011269999959040433
0.045412000006763265 1.00000761449337e-06
0.04460399999516085 0.0012169999827165157
0.04460399999516085 1.00000761449337e-06
0.04473600001074374 0.0010950000141747296
0.04473600001074374 9.999785106629133e-07
0.04514199998811819 0.0011109999904874712
0.04514199998811819 1.00000761449337e-06
0.0480260000040289 0.0028729999903589487
0.0480260000040289 1.00000761449337e-06
0.05392399997799657 0.0015540000167675316
0.05392399997799657 0.0
0.048681999993277714 0.00120599998626858
0.048681999993277714 0.0
0.04794600000604987 0.0011590000067371875
0.04794600000604987 0.0
0.047418000001925975 0.0011940000113099813
0.047418000001925975 9.999785106629133e-07
0.04740499999024905 0.0012289999867789447
0.04740499999024905 1.00000761449337e-06
0.04818300000624731 0.0011999999987892807
0.04818300000624731 0.0
0.04836600000271574 0.0012869999918621033
0.04836600000271574 0.0
0.04770500000449829 0.001213999988976866
0.04770500000449829 0.0
0.04823999997461215 0.0012660000065807253
0.04823999997461215 0.0
0.04814500000793487 0.001154999976279214
0.04814500000793487 0.0
0.04794499999843538 0.001244000013684854
0.04794499999843538 0.0
0.04769099998520687 0.0011860000086016953
0.04769099998520687 9.999785106629133e-07
0.0472660000086762 0.0012789999891538173
0.0472660000086762 0.0
0.04825399999390356 0.0011799999920185655
0.04825399999390356 0.0
0.05104900000151247 0.0013310000067576766
0.05104900000151247 0.0
0.0512250000028871 0.0012719999940600246
0.0512250000028871 0.0
0.050347000011242926 0.0012209999840706587
0.050347000011242926 0.0
0.049927999993087724 0.0012710000155493617
0.049927999993087724 0.0
0.05102300000726245 0.0012789999891538173
0.05102300000726245 0.0
changed strategy
0.05056999999214895 0.0012409999908413738
0.05056999999214895 0.0
0.05063399998471141 0.0012200000055599958
0.05063399998471141 0.0
0.05083100000047125 0.0012550000101327896
0.05083100000047125 0.0
0.05002599998260848 0.0012229999992996454
0.05002599998260848 9.999785106629133e-07
0.05041900000651367 0.0012270000006537884
0.05041900000651367 0.0
0.05013300001155585 0.0012479999859351665
0.05013300001155585 0.0
0.04946199999540113 0.0012339999957475811
0.04946199999540113 9.999785106629133e-07
0.04995200000121258 0.0013670000189449638
0.04995200000121258 0.0
0.050921999994898215 0.0012549999810289592
0.050921999994898215 0.0
0.051030000002356246 0.001484000007621944
0.051030000002356246 1.00000761449337e-06
0.052746000001206994 0.003432999976212159
0.052746000001206994 1.00000761449337e-06
0.05293899998650886 0.001445000001695007
0.05293899998650886 9.999785106629133e-07
0.05317500000819564 0.001277000003028661
0.05317500000819564 0.0
0.05302200000733137 0.001289999985601753
0.05302200000733137 1.00000761449337e-06
0.05338100000517443 0.0012670000141952187
0.05338100000517443 1.00000761449337e-06
0.053169999999227 0.0012540000025182962
0.053169999999227 0.0
0.052965000009862706 0.0013060000201221555
0.052965000009862706 0.0
0.05338999998639338 0.0013190000026952475
0.05338999998639338 0.0
0.05253600000287406 0.0012949999945703894
0.05253600000287406 1.00000761449337e-06
0.0532729999977164 0.0012989999959245324
0.0532729999977164 0.0
0.054219000012381 0.00132299997494556
0.054219000012381 1.00000761449337e-06
0.05324599999585189 0.001293999986955896
0.05324599999585189 1.00000761449337e-06
0.05230100001790561 0.0012829999905079603
0.05230100001790561 0.0
0.052660000015748665 0.0012699999788310379
0.052660000015748665 0.0
0.05378499999642372 0.0013259999977890402
0.05378499999642372 1.00000761449337e-06
0.05705199998919852 0.0013179999950807542
0.05705199998919852 0.0
0.05497500000637956 0.0013709999911952764
0.05497500000637956 1.00000761449337e-06
0.05729699999210425 0.001432999997632578
0.05729699999210425 0.0
0.053570999996736646 0.0013809999800287187
0.053570999996736646 0.0
0.052885000011883676 0.0014010000159032643
0.052885000011883676 0.0
0.058016000024508685 0.0020179999992251396
0.058016000024508685 1.00000761449337e-06
0.07400499997311272 0.0019170000159647316
0.07400499997311272 0.0
0.07503799998085015 0.0019160000083502382
0.07503799998085015 1.00000761449337e-06
0.07509200001368299 0.0019249999895691872
0.07509200001368299 0.0
0.05655700000352226 0.0013289999915286899
0.05655700000352226 0.0
0.07411899999715388 0.004866000002948567
0.07411899999715388 0.0
0.07800900001893751 0.00213500001700595
0.07800900001893751 0.0
0.06072800001129508 0.004248000012012199
0.06072800001129508 0.0
0.060960000002523884 0.001664999988861382
0.060960000002523884 9.999785106629133e-07
0.06162900000344962 0.001576000009663403
0.06162900000344962 1.00000761449337e-06
0.059584999980870634 0.0014059999957680702
0.059584999980870634 0.0
0.05795400001807138 0.0014330000267364085
0.05795400001807138 1.00000761449337e-06
0.05822700000135228 0.0018110000237356871
0.05822700000135228 0.0
0.05687400000169873 0.001420999993570149
0.05687400000169873 0.0
0.057754999987082556 0.001436999998986721
0.057754999987082556 0.0
0.05476199998520315 0.0015410000050906092
0.05476199998520315 0.0
0.055083999992348254 0.0017180000140797347
0.055083999992348254 1.00000761449337e-06
0.05513900000369176 0.0016419999883510172
0.05513900000369176 1.00000761449337e-06
0.05543700000271201 0.001795999996829778
0.05543700000271201 1.00000761449337e-06
0.054635000007692724 0.0016379999869968742
0.054635000007692724 1.00000761449337e-06
0.052211000001989305 0.0015290000010281801
0.052211000001989305 0.0
0.05058199999621138 0.0014490000030491501
0.05058199999621138 0.0
0.0627669999958016 0.0015039999852888286
0.0627669999958016 0.0
0.06821399999898858 0.0021530000085476786
0.06821399999898858 1.00000761449337e-06
0.068427000020165 0.002326000016182661
0.068427000020165 0.0
0.049719000002369285 0.001229999994393438
0.049719000002369285 0.0
0.05089900002349168 0.0013250000192783773
0.05089900002349168 1.00000761449337e-06
0.05014599999412894 0.0012320000096224248
0.05014599999412894 1.00000761449337e-06
0.0498469999874942 0.0012369999894872308
0.0498469999874942 9.999785106629133e-07
0.049820999993244186 0.001229999994393438
0.049820999993244186 0.0
0.05275299999630079 0.001293999986955896
0.05275299999630079 0.0
0.07057099998928607 0.0019669999892357737
0.07057099998928607 0.0
0.05338800000026822 0.001320000010309741
0.05338800000026822 0.0
0.05308000001241453 0.0012860000133514404
0.05308000001241453 9.999785106629133e-07
0.052122000022791326 0.0013000000035390258
0.052122000022791326 0.0
0.052386000024853274 0.001340999995591119
0.052386000024853274 1.00000761449337e-06
0.052724999986821786 0.0012700000079348683
0.052724999986821786 0.0
0.05259999999543652 0.001264999998966232
0.05259999999543652 0.0
0.05184100000769831 0.001293000008445233
0.05184100000769831 1.00000761449337e-06
0.053084999992279336 0.0012549999810289592
0.053084999992279336 1.00000761449337e-06
0.0687610000022687 0.0018609999970067292
0.0687610000022687 1.00000761449337e-06
0.07098899999982677 0.001783000014256686
0.07098899999982677 0.0
0.05316300000413321 0.0012479999859351665
0.05316300000413321 0.0
0.053038999991258606 0.0012879999994765967
0.053038999991258606 9.999785106629133e-07
0.052785999985644594 0.0012670000141952187
0.052785999985644594 0.0
0.052235999988624826 0.0013169999874662608
0.052235999988624826 0.0
0.06500400000368245 0.0022270000190474093
0.06500400000368245 0.0
0.07040300001972355 0.0018050000071525574
0.07040300001972355 9.999785106629133e-07
0.0670819999941159 0.001820000004954636
0.0670819999941159 1.00000761449337e-06
0.07222600001841784 0.0016379999869968742
0.07222600001841784 9.999785106629133e-07
0.055410000000847504 0.0013909999979659915
0.055410000000847504 0.0
0.054777000012109056 0.0015420000127051026
0.054777000012109056 9.999785106629133e-07
0.054317999980412424 0.0013080000062473118
0.054317999980412424 0.0
0.053971000015735626 0.0012949999945703894
0.053971000015735626 1.00000761449337e-06
0.07154800000716932 0.0018140000174753368
0.07154800000716932 1.00000761449337e-06
0.0558700000110548 0.0013350000081118196
0.0558700000110548 1.00000761449337e-06
0.07331099998555146 0.001951999991433695
0.07331099998555146 9.999785106629133e-07
0.055586000002222136 0.0013069999986328185
0.055586000002222136 0.0
0.05577900001662783 0.0014110000047367066
0.05577900001662783 0.0
0.055136999988462776 0.0013380000018514693
0.055136999988462776 1.00000761449337e-06
0.07467299999552779 0.0019529999990481883
0.07467299999552779 0.0
0.07327699998859316 0.0019299999985378236
0.07327699998859316 0.0
0.06363600000622682 0.0013460000045597553
0.06363600000622682 1.00000761449337e-06
0.054973999998765066 0.0013599999947473407
0.054973999998765066 0.0
0.05863899999530986 0.001381999987643212
0.05863899999530986 0.0
0.07665400000405498 0.002095999981975183
0.07665400000405498 1.00000761449337e-06
0.07747200000449084 0.0019169999868609011
0.07747200000449084 2.1000014385208488e-05
0.058361000003060326 0.0014139999984763563
0.058361000003060326 0.0
0.05756799998925999 0.001424000016413629
0.05756799998925999 0.0
0.07797600000048988 0.0019160000083502382
0.07797600000048988 1.00000761449337e-06
0.07873899998958223 0.0019529999990481883
0.07873899998958223 1.00000761449337e-06
0.058237999997800216 0.0014230000087991357
0.058237999997800216 9.999785106629133e-07
0.05711699998937547 0.0013920000055804849
0.05711699998937547 1.00000761449337e-06
0.056815999996615574 0.0013899999903514981
0.056815999996615574 0.0
0.057200999988708645 0.001373999984934926
0.057200999988708645 1.00000761449337e-06
0.07443000000785105 0.002115999988745898
0.07443000000785105 1.00000761449337e-06
0.05727399999159388 0.0013829999952577055
0.05727399999159388 0.0
0.057533000013791025 0.001420999993570149
0.057533000013791025 9.999785106629133e-07
0.059277000022120774 0.0014189999783411622
0.059277000022120774 9.999785106629133e-07
0.05714399999123998 0.0013549999857787043
0.05714399999123998 1.00000761449337e-06
0.05942100001266226 0.0015370000037364662
0.05942100001266226 0.0
0.05994600002304651 0.001496000011684373
0.05994600002304651 9.999785106629133e-07
0.07955299998866394 0.0019730000058189034
0.07955299998866394 1.00000761449337e-06
0.05971599998883903 0.0014990000054240227
0.05971599998883903 0.0
0.05971999999019317 0.001520999998319894
0.05971999999019317 0.0
0.05978599999798462 0.0014049999881535769
0.05978599999798462 0.0
0.05973200002335943 0.0014509999891743064
0.05973200002335943 0.0
0.059892999997828156 0.0014239999873097986
0.059892999997828156 1.00000761449337e-06
0.06107900000642985 0.0014340000052470714
0.06107900000642985 1.00000761449337e-06
0.05943300001672469 0.0018940000154543668
0.05943300001672469 0.0
0.059837000007973984 0.0014779999910388142
0.059837000007973984 0.0
0.0591370000038296 0.0019339999998919666
0.0591370000038296 1.00000761449337e-06
0.057616000005509704 0.0015870000061113387
0.057616000005509704 0.0
0.07048100000247359 0.0016420000174548477
0.07048100000247359 0.0
0.07082100000116043 0.002019000006839633
0.07082100000116043 0.0
0.07492699997965246 0.0022000000171829015
0.07492699997965246 0.0
0.08224399999016896 0.0018459999992046505
0.08224399999016896 9.999785106629133e-07
0.08061599999200553 0.0021059999999124557
0.08061599999200553 0.0
0.060618999996222556 0.001488000008976087
0.060618999996222556 0.0
0.060828000016044825 0.0017010000010486692
0.060828000016044825 0.0
0.06358499999623746 0.0016039999900385737
0.06358499999623746 0.0
0.06821100000524893 0.004032999975606799
0.06821100000524893 0.0
0.07310399998095818 0.004290000011678785
0.07310399998095818 1.00000761449337e-06
0.07332200001110323 0.002055999997537583
0.07332200001110323 0.0
0.07082699998863973 0.00181200000224635
0.07082699998863973 0.0
0.07053399999858811 0.0017850000003818423
0.07053399999858811 1.00000761449337e-06
0.06968099999357946 0.0018970000091940165
0.06968099999357946 9.999785106629133e-07
0.0697140000120271 0.0019229999743402004
0.0697140000120271 1.00000761449337e-06
0.070893000025535 0.002158000017516315
0.070893000025535 0.0
0.0698619999748189 0.0017109999898821115
0.0698619999748189 0.0
0.07084800000302494 0.001883999997517094
0.07084800000302494 0.0
0.0691919999953825 0.00197199999820441
0.0691919999953825 9.999785106629133e-07
0.07097699999576434 0.0020469999872148037
0.07097699999576434 0.0
0.09218499998678453 0.0026490000018384308
0.09218499998678453 1.00000761449337e-06
0.07970299999578856 0.0017819999775383621
0.07970299999578856 1.00000761449337e-06
0.08402200002456084 0.0023320000036619604
0.08402200002456084 1.00000761449337e-06
0.09212099999422207 0.0023010000004433095
0.09212099999422207 0.0
0.0953540000191424 0.0022760000138077885
0.0953540000191424 9.999785106629133e-07
0.06963499999255873 0.0017229999939445406
0.06963499999255873 0.0
0.09214699998847209 0.002443000004859641
0.09214699998847209 0.0
0.08452000000397675 0.0019480000191833824
0.08452000000397675 0.0
0.09690999999293126 0.002433000016026199
0.09690999999293126 0.0
0.07402499997988343 0.0017069999885279685
0.07402499997988343 0.0
0.09577400001580827 0.002370000001974404
0.09577400001580827 1.00000761449337e-06
0.09287600000970997 0.0023760000185575336
0.09287600000970997 1.00000761449337e-06
0.08494599998812191 0.002406999992672354
0.08494599998812191 0.0
0.0986900000134483 0.002513000014005229
0.0986900000134483 0.0
0.09795199998188764 0.0024730000004637986
0.09795199998188764 0.0
0.09798699998646043 0.00241499999538064
0.09798699998646043 0.0
0.09795799999847077 0.002382000006036833
0.09795799999847077 0.0
0.07205999997677281 0.0017310000257566571
0.07205999997677281 0.0
0.07327300001634285 0.0017619999998714775
0.07327300001634285 0.0
0.07289599999785423 0.0017840000218711793
0.07289599999785423 0.0
0.07218300001113676 0.0017780000052880496
0.07218300001113676 0.0
0.07258800001000054 0.001752999989548698
0.07258800001000054 0.0
0.09950700000626966 0.005843999999342486
0.09950700000626966 0.0
0.07571199999074452 0.0019589999865274876
0.07571199999074452 0.0
0.08493000001180917 0.005128000018885359
0.08493000001180917 0.0
0.08443000001716428 0.0025440000172238797
0.08443000001716428 0.0
0.085611999995308 0.002215999993495643
0.085611999995308 0.0
0.09578199998941272 0.005708999990019947
0.09578199998941272 9.999785106629133e-07
0.1055800000031013 0.006144000013591722
0.1055800000031013 9.999785106629133e-07
0.10715600001276471 0.0063900000241119415
0.10715600001276471 1.00000761449337e-06
0.11100800000713207 0.006438000011257827
0.11100800000713207 0.0
0.10268399998312816 0.0031540000054519624
0.10268399998312816 1.00000761449337e-06
0.10398800001712516 0.0025950000272132456
0.10398800001712516 1.00000761449337e-06
0.10521799998241477 0.002653000003192574
0.10521799998241477 9.999785106629133e-07
0.10147799999685958 0.0028670000028796494
0.10147799999685958 1.00000761449337e-06
0.09596800000872463 0.00265499998931773
0.09596800000872463 0.0
0.08824100001947954 0.002054000011412427
0.08824100001947954 1.00000761449337e-06
0.0776929999992717 0.0018860000127460808
0.0776929999992717 1.00000761449337e-06
0.07718399999430403 0.0018399999826215208
0.07718399999430403 0.0
0.07430800001020543 0.0020699999877251685
0.07430800001020543 0.0
0.07570700001087971 0.0021349999879021198
0.07570700001087971 9.999785106629133e-07
0.07455300001311116 0.001883999997517094
0.07455300001311116 0.0
0.07600299999467097 0.001803999999538064
0.07600299999467097 1.00000761449337e-06
0.07585000002291054 0.0018350000027567148
0.07585000002291054 1.00000761449337e-06
0.07418999998481013 0.001771000010194257
0.07418999998481013 9.999785106629133e-07
0.07545799997751601 0.002031999989412725
0.07545799997751601 1.00000761449337e-06
0.07715399999869987 0.0019200000097043812
0.07715399999869987 1.00000761449337e-06
0.07865000001038425 0.0021940000005997717
0.07865000001038425 0.0
0.07856200000969693 0.0019360000151209533
0.07856200000969693 9.999785106629133e-07
0.07624900000519119 0.0019059999904129654
0.07624900000519119 1.00000761449337e-06
0.08006799998111092 0.00200899998890236
0.08006799998111092 1.00000761449337e-06
0.07869500000379048 0.0019290000200271606
0.07869500000379048 1.00000761449337e-06
0.07942200000979938 0.0019259999971836805
0.07942200000979938 0.0
0.08094200000050478 0.002003000001423061
0.08094200000050478 1.00000761449337e-06
0.07959799998207018 0.0018689999997150153
0.07959799998207018 0.0
0.07767800000146963 0.0018520000157877803
0.07767800000146963 1.00000761449337e-06
0.077925999998115 0.0018529999942984432
0.077925999998115 0.0
0.0792819999915082 0.0018239999772049487
0.0792819999915082 9.999785106629133e-07
0.07945000001927838 0.0019179999944753945
0.07945000001927838 0.0
0.08106900000711903 0.0019959999772254378
0.08106900000711903 1.00000761449337e-06
0.07747600000584498 0.0018939999863505363
0.07747600000584498 0.0
0.07698100002016872 0.001799000019673258
0.07698100002016872 1.00000761449337e-06
0.07846799999242648 0.0018500000005587935
0.07846799999242648 9.999785106629133e-07
0.10190199999487959 0.002505000011296943
0.10190199999487959 0.0
0.1041900000127498 0.002597999991849065
0.1041900000127498 0.0
0.08555499999783933 0.002047999994829297
0.08555499999783933 0.0
0.08256499998969957 0.0020739999890793115
0.08256499998969957 1.00000761449337e-06
0.08396000001812354 0.0019189999729860574
0.08396000001812354 9.999785106629133e-07
0.08076200002687983 0.001990999997360632
0.08076200002687983 0.0
0.08686699997633696 0.0022739999985788018
0.08686699997633696 0.0
0.08430799999041483 0.002076999982818961
0.08430799999041483 0.0
0.09003500000108033 0.0022190000163391232
0.09003500000108033 1.00000761449337e-06
0.08724900000379421 0.0022579999931622297
0.08724900000379421 0.0
0.08905100001720712 0.002314000012120232
0.08905100001720712 1.00000761449337e-06
0.08850199999869801 0.0021969999943394214
0.08850199999869801 9.999785106629133e-07
0.08988299997872673 0.002195999986724928
0.08988299997872673 0.0
0.09132499998668209 0.0025249999889638275
0.09132499998668209 0.0
0.09702399998786859 0.0023939999809954315
0.09702399998786859 0.0
0.09401400000206195 0.0024219999904744327
0.09401400000206195 1.00000761449337e-06
0.11716600001091138 0.0023339999897871166
0.11716600001091138 0.0
0.08954800001811236 0.002215999993495643
0.08954800001811236 9.999785106629133e-07
0.0898530000122264 0.0021339999802876264
0.0898530000122264 0.0
0.08960300000035204 0.002143999998224899
0.08960300000035204 0.0
0.11689400000614114 0.002908000024035573
0.11689400000614114 1.6000005416572094e-05
0.0996259999810718 0.0023159999982453883
0.0996259999810718 0.0
0.09282199997687712 0.0023170000058598816
0.09282199997687712 1.00000761449337e-06
0.09993899997789413 0.0026430000143591315
0.09993899997789413 1.00000761449337e-06
0.09384099999442697 0.0022640000097453594
0.09384099999442697 0.0
0.09112299999105744 0.002275999984703958
0.09112299999105744 1.00000761449337e-06
0.0906470000045374 0.0023440000077243894
0.0906470000045374 0.0
0.10876999999163672 0.002888999995775521
0.10876999999163672 0.0
0.11728200002107769 0.003077000001212582
0.11728200002107769 0.0
0.11285000000498258 0.0029320000030566007
0.11285000000498258 0.0
0.1122449999966193 0.0029830000130459666
0.1122449999966193 1.00000761449337e-06
0.11563999997451901 0.0029240000003483146
0.11563999997451901 0.0
0.11101100000087172 0.0030799999949522316
0.11101100000087172 9.999785106629133e-07
0.11515599998529069 0.00310400000307709
0.11515599998529069 9.999785106629133e-07
0.09097200000542216 0.0021330000017769635
0.09097200000542216 0.0
0.09262000001035631 0.0023360000050161034
0.09262000001035631 1.00000761449337e-06
0.09280799998668954 0.0023159999982453883
0.09280799998668954 1.00000761449337e-06
0.09600799999316223 0.0025099999911617488
0.09600799999316223 1.00000761449337e-06
0.12711300002411008 0.0031250000174622983
0.12711300002411008 1.00000761449337e-06
0.09604500001296401 0.0023569999902974814
0.09604500001296401 0.0
0.11819099998683669 0.0033220000041183084
0.11819099998683669 0.0
0.128404999995837 0.0031590000144205987
0.128404999995837 1.00000761449337e-06
0.12931899999966845 0.003173000004608184
0.12931899999966845 1.00000761449337e-06
0.1280399999814108 0.0032919999794103205
0.1280399999814108 1.00000761449337e-06
0.1206219999876339 0.0033939999993890524
0.1206219999876339 1.00000761449337e-06
0.13307399998302571 0.0031740000122226775
0.13307399998302571 0.0
0.12103599999682046 0.0032370000262744725
0.12103599999682046 0.0
0.1329000000259839 0.003339000017149374
0.1329000000259839 1.00000761449337e-06
0.1349599999957718 0.0036019999824929982
0.1349599999957718 9.999785106629133e-07
0.13097800000105053 0.0034699999960139394
0.13097800000105053 0.0
0.13162000000011176 0.0036499999987427145
0.13162000000011176 1.00000761449337e-06
0.12517600000137463 0.00322099999175407
0.12517600000137463 0.0
0.10797599999932572 0.002812999999150634
0.10797599999932572 0.0
0.10174900002311915 0.002582000015536323
0.10174900002311915 0.0
0.10163799999281764 0.0027169999957550317
0.10163799999281764 1.00000761449337e-06
0.09920199998305179 0.0024960000009741634
0.09920199998305179 0.0
0.09865599998738617 0.002474000008078292
0.09865599998738617 1.00000761449337e-06
0.09907799999928102 0.002515000000130385
0.09907799999928102 0.0
0.1004700000048615 0.002539999986765906
0.1004700000048615 1.00000761449337e-06
0.10502799999085255 0.002533000020775944
0.10502799999085255 0.0
0.1026209999981802 0.0024919999996200204
0.1026209999981802 0.0
0.13356000001658686 0.003556000010576099
0.13356000001658686 0.0
0.1064370000094641 0.002558000007411465
0.1064370000094641 0.0
0.14165800000773743 0.0035900000075343996
0.14165800000773743 0.0
0.10689999998430721 0.0026239999860990793
0.10689999998430721 1.00000761449337e-06
0.1348009999783244 0.003640000009909272
0.1348009999783244 1.00000761449337e-06
0.14490699997986667 0.008583999995607883
0.14490699997986667 0.0
0.11924299999373034 0.006974999996600673
0.11924299999373034 0.0
0.11732399999164045 0.0038219999987632036
0.11732399999164045 0.0
0.13170200001331978 0.00768799998331815
0.13170200001331978 1.00000761449337e-06
0.14310899999691173 0.008594000013545156
0.14310899999691173 1.00000761449337e-06
0.14202600001590326 0.004288999974960461
0.14202600001590326 0.0
0.13111099999514408 0.003204000007826835
0.13111099999514408 9.999785106629133e-07
0.12992599999415688 0.003300000011222437
0.12992599999415688 1.00000761449337e-06
0.1394940000027418 0.00334100000327453
0.1394940000027418 1.00000761449337e-06
0.13198400000692345 0.0035970000026281923
0.13198400000692345 1.00000761449337e-06
0.12807199999224395 0.0036620000028051436
0.12807199999224395 0.0
0.10786000001826324 0.0026740000175777823
0.10786000001826324 1.00000761449337e-06
0.10657699999865144 0.0025369999930262566
0.10657699999865144 0.0
0.10500800001318567 0.0026070000021718442
0.10500800001318567 1.00000761449337e-06
0.10272200001054443 0.0024720000219531357
0.10272200001054443 0.0
0.10286100002122112 0.0024970000085886568
0.10286100002122112 0.0
0.10155200000735931 0.002427999977953732
0.10155200000735931 0.0
0.09828400000697002 0.002406999992672354
0.09828400000697002 0.0
0.1029549999802839 0.002515000000130385
0.1029549999802839 0.0
0.10683000000426546 0.002490000013494864
0.10683000000426546 0.0
0.10365699999965727 0.0027319999935571104
0.10365699999965727 1.00000761449337e-06
0.1048599999921862 0.002513999992515892
0.1048599999921862 0.0
0.1056090000201948 0.0027670000272337347
0.1056090000201948 0.0
0.10512299998663366 0.002546000003349036
0.10512299998663366 0.0
0.10697700001765043 0.0026519999955780804
0.10697700001765043 9.999785106629133e-07
0.1070049999980256 0.002598999999463558
0.1070049999980256 1.00000761449337e-06
0.10696000000461936 0.002634000004036352
0.10696000000461936 0.0
0.10562799999024719 0.0026459999789949507
0.10562799999024719 1.00000761449337e-06
0.1188010000041686 0.0029220000142231584
0.1188010000041686 1.00000761449337e-06
0.1495839999988675 0.00862300000153482
0.1495839999988675 0.0
0.14394599999650382 0.0037569999985862523
0.14394599999650382 1.00000761449337e-06
0.14148399999248795 0.0036050000053364784
0.14148399999248795 9.999785106629133e-07
0.10862500002258457 0.002640000020619482
0.10862500002258457 0.0
0.11026699998183176 0.0026230000075884163
0.11026699998183176 0.0
0.10931400000117719 0.0026559999969322234
0.10931400000117719 0.0
0.10546700001577847 0.0026379999762866646
0.10546700001577847 0.0
0.11889899999368936 0.00261799999861978
0.11889899999368936 1.00000761449337e-06
0.10588299998198636 0.0026200000138487667
0.10588299998198636 0.0
0.11084700000355951 0.002948000008473173
0.11084700000355951 1.00000761449337e-06
0.1035050000064075 0.002530999976443127
0.1035050000064075 0.0
0.10498299999744631 0.002523000002838671
0.10498299999744631 1.00000761449337e-06
0.10486399999354035 0.002587999973911792
0.10486399999354035 0.0
0.13401599999633618 0.003492999996524304
0.13401599999633618 1.00000761449337e-06
0.1295700000191573 0.0036810000019613653
0.1295700000191573 1.00000761449337e-06
0.1336379999993369 0.0036010000039823353
0.1336379999993369 0.0
0.1373230000026524 0.002673999988473952
0.1373230000026524 9.999785106629133e-07
0.13758399998187087 0.003659000009065494
0.13758399998187087 0.0
0.14019800000824034 0.0034799999848473817
0.14019800000824034 0.0
0.10368200001539662 0.0024050000065471977
0.10368200001539662 0.0
0.10362500001792796 0.0024320000084117055
0.10362500001792796 0.0
0.10600599998724647 0.0024919999996200204
0.10600599998724647 0.0
0.10648500002571382 0.002976999996462837
0.10648500002571382 0.0
0.10652900001150556 0.002443000004859641
0.10652900001150556 0.0
0.10906299998168834 0.00265499998931773
0.10906299998168834 1.00000761449337e-06
0.11023500000010245 0.002654000010807067
0.11023500000010245 0.0
0.11110999999800697 0.0026659999857656658
0.11110999999800697 0.0
0.1109580000047572 0.0026659999857656658
0.1109580000047572 0.0
0.1119499999913387 0.002825000003213063
0.1119499999913387 1.00000761449337e-06
0.11459300000569783 0.002746999991359189
0.11459300000569783 9.999785106629133e-07
0.11441999999806285 0.002742999990005046
0.11441999999806285 0.0
0.11302799999248236 0.0027589999954216182
0.11302799999248236 0.0
0.11588399999891408 0.0028799999854527414
0.11588399999891408 1.00000761449337e-06
0.11433000001125038 0.00281800000811927
0.11433000001125038 0.0
0.11452800000552088 0.0027849999896716326
0.11452800000552088 0.0
0.11229700001422316 0.0026559999969322234
0.11229700001422316 0.0
0.11405599999125116 0.0026820000202860683
0.11405599999125116 1.00000761449337e-06
0.10465900000417605 0.0025499999755993485
0.10465900000417605 0.0
0.10416500002611428 0.00262100002146326
0.10416500002611428 0.0
0.11048699999810196 0.0029180000128690153
0.11048699999810196 1.00000761449337e-06
0.13665100000798702 0.0035170000046491623
0.13665100000798702 0.0
0.14316999999573454 0.0033239999902434647
0.14316999999573454 1.00000761449337e-06
0.10623299999861047 0.0025489999970886856
0.10623299999861047 1.00000761449337e-06
0.134898999996949 0.003564999991795048
0.134898999996949 9.999785106629133e-07
0.10614499999792315 0.002714000002015382
0.10614499999792315 1.00000761449337e-06
0.10838099999818951 0.002562000008765608
0.10838099999818951 0.0
0.10682400001678616 0.002793999999994412
0.10682400001678616 0.0
0.14106500000343658 0.0034829999785870314
0.14106500000343658 0.0
0.10845800000242889 0.002525999996578321
0.10845800000242889 0.0
0.14415499998722225 0.003244999999878928
0.14415499998722225 9.999785106629133e-07
0.10900399999809451 0.002662000013515353
0.10900399999809451 0.0
0.14469000001554377 0.0036459999973885715
0.14469000001554377 0.0
0.13574500000686385 0.0033629999961704016
0.13574500000686385 9.999785106629133e-07
0.13245800000731833 0.003536000003805384
0.13245800000731833 9.999785106629133e-07
0.13745800001197495 0.0032429999846499413
0.13745800001197495 0.0
0.16838000001735054 0.00438699999358505
0.16838000001735054 0.0
0.1441169999889098 0.0034980000054929405
0.1441169999889098 0.0
0.111189999995986 0.0027999999874737114
0.111189999995986 0.0
0.11092000000644475 0.0027209999971091747
0.11092000000644475 0.0
0.11087199999019504 0.0026240000152029097
0.11087199999019504 1.00000761449337e-06
0.11257199998362921 0.0026579999830573797
0.11257199998362921 0.0
0.10506199998781085 0.0024839999969117343
0.10506199998781085 0.0
0.10454699999536388 0.002542000001994893
0.10454699999536388 9.999785106629133e-07
0.10481599997729063 0.002609000017400831
0.10481599997729063 0.0
0.10721600000397302 0.002730000007431954
0.10721600000397302 0.0
0.10841800001799129 0.0026009999855887145
0.10841800001799129 0.0
0.10839199999463744 0.0026239999860990793
0.10839199999463744 1.00000761449337e-06
0.10877099999925122 0.002590999996755272
0.10877099999925122 1.00000761449337e-06
0.1104580000101123 0.0026559999969322234
0.1104580000101123 0.0
0.10904099998879246 0.002609999995911494
0.10904099998879246 1.00000761449337e-06
0.11087800000677817 0.0026559999969322234
0.11087800000677817 0.0
0.11060200000065379 0.0026239999860990793
0.11060200000065379 0.0
0.11675499999546446 0.0028190000157337636
0.11675499999546446 1.00000761449337e-06
0.11382499997853301 0.002757000009296462
0.11382499997853301 9.999785106629133e-07
0.11696499999379739 0.002814000006765127
0.11696499999379739 0.0
0.12370100000407547 0.002905000001192093
0.12370100000407547 0.0
0.12320000000181608 0.002896999998483807
0.12320000000181608 0.0
0.12480300001334399 0.003037999995285645
0.12480300001334399 1.00000761449337e-06
0.12454000001889654 0.0029590000049211085
0.12454000001889654 0.0
0.12788600000203587 0.0028809999930672348
0.12788600000203587 0.0
0.11901999998372048 0.002812000020639971
0.11901999998372048 0.0
0.12213400000473484 0.0031230000022333115
0.12213400000473484 1.00000761449337e-06
0.1275739999837242 0.002986999985296279
0.1275739999837242 9.999785106629133e-07
0.12394300001324154 0.002961999998660758
0.12394300001324154 0.0
0.12350300000980496 0.0029950000171083957
0.12350300000980496 0.0
0.12429000000702217 0.003077999979723245
0.12429000000702217 9.999785106629133e-07
0.12637300000642426 0.003045999997993931
0.12637300000642426 0.0
0.16000100001110695 0.004065999994054437
0.16000100001110695 0.0
0.15670599997974932 0.0038179999974090606
0.15670599997974932 1.00000761449337e-06
0.15433700001449324 0.00403000001097098
0.15433700001449324 0.0
0.12132700000074692 0.0028919999895151705
0.12132700000074692 9.999785106629133e-07
0.11973600002238527 0.0028440000023692846
0.11973600002238527 0.0
0.1226299999980256 0.0028759999840985984
0.1226299999980256 0.0
0.14411500000278465 0.003992999991169199
0.14411500000278465 0.0
0.12825300000258721 0.0031230000022333115
0.12825300000258721 0.0
0.12787999998545274 0.0030590000096708536
0.12787999998545274 1.00000761449337e-06
0.1248630000045523 0.0029989999893587083
0.1248630000045523 0.0
0.14671299999463372 0.003808999987086281
0.14671299999463372 0.0
0.15395000000717118 0.0037420000007841736
0.15395000000717118 1.00000761449337e-06
0.11895400000503287 0.002789999998640269
0.11895400000503287 1.00000761449337e-06
0.11383499999647029 0.0027799999807029963
0.11383499999647029 9.999785106629133e-07
0.12028799997642636 0.0029060000088065863
0.12028799997642636 1.00000761449337e-06
0.12184400000842288 0.0032519999949727207
0.12184400000842288 0.0
0.12019200000213459 0.0029790000116918236
0.12019200000213459 1.00000761449337e-06
0.11759799998253584 0.0028199999942444265
0.11759799998253584 0.0
0.11673999999766238 0.0027669999981299043
0.11673999999766238 0.0
0.11965300000156276 0.0030620000034105033
0.11965300000156276 0.0
0.11926999999559484 0.002874999976484105
0.11926999999559484 0.0
0.11996400001225993 0.0029039999935775995
0.11996400001225993 1.00000761449337e-06
0.11977099999785423 0.00286100001540035
0.11977099999785423 0.0
0.12220199999865144 0.002829000004567206
0.12220199999865144 0.0
0.11877200001617894 0.0028430000238586217
0.11877200001617894 0.0
0.11965199999394827 0.002845000009983778
0.11965199999394827 0.0
0.1257200000109151 0.0030240000050980598
0.1257200000109151 0.0
0.1275409999943804 0.0031780000135768205
0.1275409999943804 0.0
0.1392070000001695 0.003708000003825873
0.1392070000001695 0.0
0.1861829999834299 0.0049909999943338335
0.1861829999834299 0.0
0.15570400000433438 0.009393999993335456
0.15570400000433438 1.00000761449337e-06
0.16253599998890422 0.009411000006366521
0.16253599998890422 1.00000761449337e-06
0.15953999999328516 0.004500999988522381
0.15953999999328516 0.0
0.15446600000723265 0.0037210000155027956
0.15446600000723265 0.0
0.15551199999754317 0.0038469999853987247
0.15551199999754317 1.00000761449337e-06
0.15137399997911416 0.0037709999887738377
0.15137399997911416 0.0
0.1507219999912195 0.0039329999999608845
0.1507219999912195 0.0
0.14956300001358613 0.003935000015189871
0.14956300001358613 1.00000761449337e-06
0.15188900000066496 0.004222000017762184
0.15188900000066496 9.999785106629133e-07
0.13746999998693354 0.0034060000034514815
0.13746999998693354 0.0
0.13378299999749288 0.0032390000123996288
0.13378299999749288 1.00000761449337e-06
0.1289939999987837 0.003595999995013699
0.1289939999987837 1.00000761449337e-06
0.12586800000281073 0.003312999993795529
0.12586800000281073 9.999785106629133e-07
0.12380899998242967 0.003017000010004267
0.12380899998242967 0.0
0.12194000001181848 0.0031829999934416264
0.12194000001181848 1.00000761449337e-06
0.1198150000127498 0.003044000011868775
0.1198150000127498 9.999785106629133e-07
0.1193689999927301 0.0030829999886918813
0.1193689999927301 0.0
0.12067099998239428 0.0034450000093784183
0.12067099998239428 0.0
0.12421300000278279 0.003125999995972961
0.12421300000278279 0.0
0.1200609999941662 0.0029550000035669655
0.1200609999941662 1.00000761449337e-06
0.1249099999840837 0.0029820000054314733
0.1249099999840837 1.00000761449337e-06
0.12144699998316355 0.0030780000088270754
0.12144699998316355 1.00000761449337e-06
0.12121800001477823 0.0032110000029206276
0.12121800001477823 0.0
0.12040300000808202 0.0031829999934416264
0.12040300000808202 1.00000761449337e-06
0.11752700002398342 0.003015000023879111
0.11752700002398342 1.00000761449337e-06
0.11620600000605918 0.00354099998367019
0.11620600000605918 0.0
0.11739599998691119 0.002825000003213063
0.11739599998691119 9.999785106629133e-07
0.11634300000150688 0.002808999997796491
0.11634300000150688 1.00000761449337e-06
0.11333100000047125 0.0028679999813903123
0.11333100000047125 1.00000761449337e-06
0.10896199999842793 0.002633000025525689
0.10896199999842793 0.0
0.11287899999297224 0.0026740000175777823
0.11287899999297224 0.0
0.10663299998850562 0.002742999990005046
0.10663299998850562 0.0
0.11000000001513399 0.002644000021973625
0.11000000001513399 1.00000761449337e-06
0.10916799999540672 0.002674999996088445
0.10916799999540672 0.0
0.1351530000101775 0.004039999999804422
0.1351530000101775 0.0
0.1052170000039041 0.0024719999928493053
0.1052170000039041 0.0
0.13835399999516085 0.0034469999955035746
0.13835399999516085 1.00000761449337e-06
0.13863199998741038 0.003247000015107915
0.13863199998741038 0.0
0.13796399999409914 0.003444000001763925
0.13796399999409914 1.00000761449337e-06
0.14104199997382239 0.0034220000088680536
0.14104199997382239 1.00000761449337e-06
0.10441200001514517 0.002478000009432435
0.10441200001514517 0.0
0.10532300002523698 0.0025480000185780227
0.10532300002523698 0.0
0.1066690000006929 0.002562000008765608
0.1066690000006929 1.00000761449337e-06
0.10830100000021048 0.0025759999989531934
0.10830100000021048 1.00000761449337e-06
0.10561299999244511 0.002533999999286607
0.10561299999244511 0.0
0.10633000000962056 0.0025270000041928142
0.10633000000962056 1.00000761449337e-06
0.1078900000138674 0.0025630000163801014
0.1078900000138674 0.0
0.11023900000145659 0.002609000017400831
0.11023900000145659 1.00000761449337e-06
0.1402609999931883 0.003495999990263954
0.1402609999931883 9.999785106629133e-07
0.14604500000132248 0.003704999980982393
0.14604500000132248 9.999785106629133e-07
0.13496500000474043 0.002673000009963289
0.13496500000474043 0.0
0.10660900000948459 0.0025280000118073076
0.10660900000948459 1.00000761449337e-06
0.1059090000053402 0.0025569999997969717
0.1059090000053402 0.0
0.13880099999369122 0.0035210000060033053
0.13880099999369122 0.0
0.13882999998168088 0.002734000008786097
0.13882999998168088 0.0
0.10992299998179078 0.0027080000145360827
0.10992299998179078 0.0
0.10704600001918152 0.0027089999930467457
0.10704600001918152 1.00000761449337e-06
0.10997900000074878 0.002722000004723668
0.10997900000074878 0.0
0.1070610000169836 0.0027000000118277967
0.1070610000169836 0.0
0.10583399998722598 0.002615999983390793
0.10583399998722598 0.0
0.10609899999690242 0.002653000003192574
0.10609899999690242 0.0
0.10652000000118278 0.002689999993890524
0.10652000000118278 9.999785106629133e-07
0.11083300001337193 0.003109000012045726
0.11083300001337193 1.00000761449337e-06
0.11954299997887574 0.0032190000056289136
0.11954299997887574 9.999785106629133e-07
0.11517299999832176 0.0033029999758582562
0.11517299999832176 1.00000761449337e-06
0.11932500000693835 0.002738999988650903
0.11932500000693835 0.0
0.12264200000208803 0.002981999976327643
0.12264200000208803 9.999785106629133e-07
0.1167810000188183 0.002714000002015382
0.1167810000188183 0.0
0.11209599999710917 0.0028710000042337924
0.11209599999710917 0.0
0.11106900000595488 0.002834999992046505
0.11106900000595488 1.00000761449337e-06
0.11125700001139194 0.002817000000504777
0.11125700001139194 0.0
0.11071700000320561 0.0027470000204630196
0.11071700000320561 1.00000761449337e-06
0.11004699999466538 0.0027879999834112823
0.11004699999466538 9.999785106629133e-07
0.11106500000460073 0.002820000023348257
0.11106500000460073 0.0
0.11205600001267157 0.002753999986452982
0.11205600001267157 9.999785106629133e-07
0.11101900000358 0.002802000002702698
0.11101900000358 9.999785106629133e-07
0.12059700000099838 0.0035860000061802566
0.12059700000099838 1.00000761449337e-06
0.13461999999708496 0.0035539999953471124
0.13461999999708496 1.00000761449337e-06
0.14324899998609908 0.0034820000000763685
0.14324899998609908 9.999785106629133e-07
0.111644000018714 0.0027629999967757612
0.111644000018714 0.0
0.10850500001106411 0.0026310000102967024
0.10850500001106411 0.0
0.10957699999562465 0.0026030000008177012
0.10957699999562465 0.0
0.14590900001348928 0.0036240000044927
0.14590900001348928 1.6000005416572094e-05
0.14128500001970679 0.0036540000000968575
0.14128500001970679 1.00000761449337e-06
0.14637400000356138 0.0034149999846704304
0.14637400000356138 0.0
0.13915800000540912 0.0038880000065546483
0.13915800000540912 1.00000761449337e-06
0.14349300001049414 0.003364000003784895
0.14349300001049414 9.999785106629133e-07
0.14601600001333281 0.003576999995857477
0.14601600001333281 1.00000761449337e-06
0.1379270000034012 0.0035470000002533197
0.1379270000034012 9.999785106629133e-07
0.14737700001569465 0.003620000003138557
0.14737700001569465 1.00000761449337e-06
0.14746300000115298 0.003667999990284443
0.14746300000115298 0.0
0.1435899999924004 0.0032910000008996576
0.1435899999924004 0.0
0.10708700001123361 0.0024919999996200204
0.10708700001123361 0.0
0.1090130000084173 0.0025980000209528953
0.1090130000084173 1.00000761449337e-06
0.10690100002102554 0.0026080000097863376
0.10690100002102554 0.0
0.10733800000161864 0.002597000013338402
0.10733800000161864 0.0
0.10893100002431311 0.0025489999970886856
0.10893100002431311 0.0
0.10927399998763576 0.002669999987119809
0.10927399998763576 1.00000761449337e-06
0.13294099998893216 0.0034779999987222254
0.13294099998893216 9.999785106629133e-07
0.10745099998894148 0.0025749999913387
0.10745099998894148 9.999785106629133e-07
0.10912999999709427 0.002693999995244667
0.10912999999709427 1.00000761449337e-06
0.10852799998247065 0.002590999996755272
0.10852799998247065 9.999785106629133e-07
0.10699499998008832 0.002466000005370006
0.10699499998008832 0.0
0.11283299999195151 0.00273800001014024
0.11283299999195151 0.0
0.10869200000888668 0.0026999999827239662
0.10869200000888668 0.0
0.11116800000309013 0.003433999983826652
0.11116800000309013 1.00000761449337e-06
0.12446200000704266 0.003579999989597127
0.12446200000704266 0.0
0.14165999999386258 0.0028509999974630773
0.14165999999386258 0.0
0.12654599998495542 0.002757999987807125
0.12654599998495542 0.0
0.14944700000341982 0.003751999989617616
0.14944700000341982 0.0
0.1241370000061579 0.003037999995285645
0.1241370000061579 0.0
0.11893400002736598 0.0032559999963268638
0.11893400002736598 0.0
0.11341099999845028 0.0026369999977760017
0.11341099999845028 0.0
0.11167900002328679 0.0026329999964218587
0.11167900002328679 1.00000761449337e-06
0.11189899998134933 0.002633000025525689
0.11189899998134933 0.0
0.1110589999880176 0.0026960000104736537
0.1110589999880176 0.0
0.11112299998058006 0.0026800000050570816
0.11112299998058006 0.0
0.12607999998726882 0.0034540000197011977
0.12607999998726882 1.00000761449337e-06
0.10944000000017695 0.0026479999942239374
0.10944000000017695 0.0
0.14634700000169687 0.0033620000176597387
0.14634700000169687 0.0
0.1144159999967087 0.002877999999327585
0.1144159999967087 1.00000761449337e-06
0.11084199999459088 0.002834999992046505
0.11084199999459088 1.00000761449337e-06
0.11645400000270456 0.003081999981077388
0.11645400000270456 1.00000761449337e-06
0.11617900000419468 0.0027750000008381903
0.11617900000419468 0.0
0.1356439999944996 0.003636999987065792
0.1356439999944996 1.00000761449337e-06
0.11705900001106784 0.002945999993244186
0.11705900001106784 0.0
0.15624599999864586 0.0037619999784510583
0.15624599999864586 0.0
0.1528060000273399 0.0038240000139921904
0.1528060000273399 0.0
0.1549010000017006 0.003731000004336238
0.1549010000017006 1.00000761449337e-06
0.12157099999603815 0.0029569999896921217
0.12157099999603815 0.0
0.11917399999219924 0.0028319999983068556
0.11917399999219924 1.00000761449337e-06
0.12046799997915514 0.0030430000042542815
0.12046799997915514 1.00000761449337e-06
0.12369400000898167 0.0029630000062752515
0.12369400000898167 1.00000761449337e-06
0.12323399999877438 0.0028879999881610274
0.12323399999877438 9.999785106629133e-07
0.12131700001191348 0.0030069999920669943
0.12131700001191348 0.0
0.1226450000249315 0.002896999998483807
0.1226450000249315 0.0
0.12279900000430644 0.002877999999327585
0.12279900000430644 0.0
0.12360600000829436 0.0029820000054314733
0.12360600000829436 0.0
0.12474999998812564 0.002837999985786155
0.12474999998812564 9.999785106629133e-07
0.12093099998310208 0.0028689999890048057
0.12093099998310208 1.00000761449337e-06
0.12299200001871213 0.002902999985963106
0.12299200001871213 0.0
0.12502199999289587 0.002894000004744157
0.12502199999289587 1.00000761449337e-06
0.1226860000169836 0.003251000016462058
0.1226860000169836 0.0
0.12163099998724647 0.002853999991202727
0.12163099998724647 0.0
0.13569299998926 0.003196000005118549
0.13569299998926 0.0
0.1243980000144802 0.002921000006608665
0.1243980000144802 0.0
0.11682399999699555 0.002753000007942319
0.11682399999699555 1.00000761449337e-06
0.12015199998859316 0.002829000004567206
0.12015199998859316 0.0
0.13773699998273514 0.0031319999834522605
0.13773699998273514 1.00000761449337e-06
0.12473700000555255 0.003044999990379438
0.12473700000555255 0.0
0.12138699999195524 0.00314099999377504
0.12138699999195524 1.00000761449337e-06
0.1237070000206586 0.003072999999858439
0.1237070000206586 1.00000761449337e-06
0.12596199999097735 0.0030140000162646174
0.12596199999097735 0.0
0.12398400000529364 0.0030329999863170087
0.12398400000529364 1.00000761449337e-06
0.13000999999349006 0.004377000004751608
0.13000999999349006 1.00000761449337e-06
0.12286500001209788 0.0033540000149514526
0.12286500001209788 1.00000761449337e-06
0.12367600001743995 0.002817000000504777
0.12367600001743995 1.00000761449337e-06
0.12263399999937974 0.002960000012535602
0.12263399999937974 1.00000761449337e-06
0.12354499998036772 0.0029470000008586794
0.12354499998036772 0.0
0.1237810000020545 0.0030070000211708248
0.1237810000020545 0.0
0.12541399998008274 0.0029510000022128224
0.12541399998008274 0.0
0.1221369999984745 0.0029039999935775995
0.1221369999984745 0.0
0.12510800000745803 0.0029479999793693423
0.12510800000745803 0.0
0.12441700001363643 0.002909999981056899
0.12441700001363643 0.0
0.1632370000006631 0.004004999995231628
0.1632370000006631 9.999785106629133e-07
0.163765000004787 0.003808999987086281
0.163765000004787 0.0
0.12348299997393042 0.0028230000170879066
0.12348299997393042 1.00000761449337e-06
0.12348199999541976 0.002929999987827614
0.12348199999541976 1.00000761449337e-06
0.12461899998015724 0.002909000002546236
0.12461899998015724 0.0
0.1218630000075791 0.0029289999802131206
0.1218630000075791 0.0
0.1233889999857638 0.0028489999822340906
0.1233889999857638 0.0
0.12124899998889305 0.002917999983765185
0.12124899998889305 0.0
0.1296520000032615 0.002961999998660758
0.1296520000032615 1.00000761449337e-06
0.12395799998193979 0.0029320000030566007
0.12395799998193979 1.00000761449337e-06
0.12484599999152124 0.0029489999869838357
0.12484599999152124 0.0
0.12395500001730397 0.002886000002035871
0.12395500001730397 0.0
0.12333599998964928 0.0031109999981708825
0.12333599998964928 1.00000761449337e-06
0.12980699999025092 0.002972999995108694
0.12980699999025092 9.999785106629133e-07
0.12556299997959286 0.003033999993931502
0.12556299997959286 0.0
0.1290490000101272 0.0031820000149309635
0.1290490000101272 1.00000761449337e-06
0.12638200001674704 0.0030510000069625676
0.12638200001674704 1.00000761449337e-06
0.12548099999548867 0.00298099999781698
0.12548099999548867 0.0
0.1259589999972377 0.0029990000184625387
0.1259589999972377 0.0
0.12895499999285676 0.0030679999908898026
0.12895499999285676 0.0
0.12709299998823553 0.00294100001337938
0.12709299998823553 0.0
0.1684110000205692 0.004060000006575137
0.1684110000205692 0.0
0.17830899998079985 0.004566999996313825
0.17830899998079985 9.999785106629133e-07
0.17428900001686998 0.0042910000192932785
0.17428900001686998 0.0
0.13155399999232031 0.003077000001212582
0.13155399999232031 0.0
0.1390469999751076 0.0031420000013895333
0.1390469999751076 0.0
0.1321629999729339 0.003196000005118549
0.1321629999729339 0.0
0.12972500000614673 0.0031889999809209257
0.12972500000614673 1.00000761449337e-06
0.13285500000347383 0.0035740000021178275
0.13285500000347383 0.0
0.13284000000567175 0.003280000004451722
0.13284000000567175 0.0
0.13029299999470823 0.0032940000237431377
0.13029299999470823 0.0
0.1312140000227373 0.003272000001743436
0.1312140000227373 0.0
0.15773400000762194 0.004151999979512766
0.15773400000762194 0.0
0.14969600000767969 0.004727999999886379
0.14969600000767969 0.0
0.1846030000015162 0.004570000019157305
0.1846030000015162 1.00000761449337e-06
0.15854499998386018 0.0038819999899715185
0.15854499998386018 0.0
0.14199299999745563 0.0034940000041387975
0.14199299999745563 1.00000761449337e-06
0.14823299998533912 0.0035989999887533486
0.14823299998533912 1.00000761449337e-06
0.1454420000081882 0.00338400001055561
0.1454420000081882 0.0
0.13947099997312762 0.0033919999841600657
0.13947099997312762 0.0
0.14672499999869615 0.003407000011065975
0.14672499999869615 9.999785106629133e-07
0.13998400000855327 0.0035170000046491623
0.13998400000855327 0.0
0.13863199998741038 0.0035539999953471124
0.13863199998741038 0.0
0.1581140000198502 0.004079000005731359
0.1581140000198502 1.00000761449337e-06
0.15478899999288842 0.0035980000102426857
0.15478899999288842 9.999785106629133e-07
0.1407760000147391 0.003655000007711351
0.1407760000147391 0.0
0.14931700000306591 0.003695000021252781
0.14931700000306591 1.00000761449337e-06
0.15569400001550093 0.0037690000026486814
0.15569400001550093 1.00000761449337e-06
0.1443929999950342 0.0034989999840036035
0.1443929999950342 0.0
0.15802199998870492 0.0038929999864194542
0.15802199998870492 1.00000761449337e-06
0.15566499999840744 0.0036139999865554273
0.15566499999840744 1.00000761449337e-06
0.16616699998849072 0.0036549999786075205
0.16616699998849072 1.00000761449337e-06
0.16291799998725764 0.00402399999438785
0.16291799998725764 1.00000761449337e-06
0.15221200001542456 0.0035930000012740493
0.15221200001542456 1.00000761449337e-06
0.14432000002125278 0.003643000003648922
0.14432000002125278 1.00000761449337e-06
0.17334299997310154 0.004286000010324642
0.17334299997310154 0.0
0.15460199999506585 0.0037320000119507313
0.15460199999506585 0.0
0.14958900000783615 0.004156999988481402
0.14958900000783615 1.00000761449337e-06
0.16113699998822995 0.0038920000079087913
0.16113699998822995 0.0
0.15041599998949096 0.0037179999926593155
0.15041599998949096 1.00000761449337e-06
0.1517429999948945 0.0037269999738782644
0.1517429999948945 1.00000761449337e-06
0.1532380000280682 0.003798999998252839
0.1532380000280682 1.00000761449337e-06
0.1464290000149049 0.0034499999892432243
0.1464290000149049 0.0
0.13951700000325218 0.003491000010399148
0.13951700000325218 0.0
0.1693749999976717 0.0046329999750014395
0.1693749999976717 9.999785106629133e-07
0.17353300002287142 0.004602000000886619
0.17353300002287142 1.00000761449337e-06
0.1847540000162553 0.004398000019136816
0.1847540000162553 0.0
0.17840100001194514 0.004423000005772337
0.17840100001194514 1.00000761449337e-06
0.17920199999934994 0.004730000015115365
0.17920199999934994 9.999785106629133e-07
0.17969600000651553 0.004505999997491017
0.17969600000651553 1.00000761449337e-06
0.1848210000025574 0.004478999995626509
0.1848210000025574 1.00000761449337e-06
0.1801790000172332 0.00450699997600168
0.1801790000172332 0.0
0.15311399998608977 0.003328999999212101
0.15311399998608977 0.0
0.18140000000130385 0.004427999985637143
0.18140000000130385 0.0
0.1782940000121016 0.004316999984439462
0.1782940000121016 0.0
0.1721679999900516 0.00451299999258481
0.1721679999900516 0.0
0.1687800000072457 0.004524999996647239
0.1687800000072457 1.00000761449337e-06
0.17620300000999123 0.004444000020157546
0.17620300000999123 1.00000761449337e-06
0.16958000001613982 0.004650000017136335
0.16958000001613982 9.999785106629133e-07
0.1461659999913536 0.003384999989066273
0.1461659999913536 9.999785106629133e-07
0.1690999999991618 0.004504999989876524
0.1690999999991618 0.0
0.1835010000213515 0.004407999978866428
0.1835010000213515 9.999785106629133e-07
0.17823000001953915 0.00370400000247173
0.17823000001953915 1.00000761449337e-06
0.15327799998340197 0.004671000002417713
0.15327799998340197 0.0
0.1794369999843184 0.004440999997314066
0.1794369999843184 0.0
0.14364100000238977 0.0038920000079087913
0.14364100000238977 0.0
0.1858889999857638 0.003735000005690381
0.1858889999857638 0.0
0.1451940000115428 0.003452999982982874
0.1451940000115428 0.0
0.14238400000613183 0.0035869999846909195
0.14238400000613183 1.00000761449337e-06
0.1443440000002738 0.003435000020544976
0.1443440000002738 9.999785106629133e-07
0.14349099999526516 0.0034940000041387975
0.14349099999526516 0.0
0.1467899999988731 0.003419999993639067
0.1467899999988731 0.0
0.1470510000071954 0.0034670000022742897
0.1470510000071954 1.00000761449337e-06
0.14973100001225248 0.0037620000075548887
0.14973100001225248 1.00000761449337e-06
0.15782400002353825 0.004155000002356246
0.15782400002353825 0.0
0.16154000000096858 0.0037520000187214464
0.16154000000096858 0.0
0.1593449999927543 0.0039049999904818833
0.1593449999927543 0.0
0.15542700001969934 0.003775000019231811
0.15542700001969934 0.0
0.15852700002142228 0.00407300001825206
0.15852700002142228 0.0
0.1595439999946393 0.003934000007575378
0.1595439999946393 0.0
0.16240100000868551 0.003732999990461394
0.16240100000868551 0.0
0.15514400001848117 0.0038099999947007746
0.15514400001848117 0.0
0.150009000004502 0.003983000002335757
0.150009000004502 0.0
0.14280900001176633 0.003337000001920387
0.14280900001176633 0.0
0.13878400000976399 0.003345999983139336
0.13878400000976399 0.0
0.13898499999777414 0.003269999986514449
0.13898499999777414 9.999785106629133e-07
0.13965600001392886 0.003555000002961606
0.13965600001392886 0.0
0.14128500001970679 0.003355000022565946
0.14128500001970679 0.0
0.1426600000122562 0.0034300000115763396
0.1426600000122562 9.999785106629133e-07
0.14385399999446236 0.003712000005180016
0.14385399999446236 0.0
0.14336200000252575 0.0033910000056494027
0.14336200000252575 0.0
0.144339000020409 0.003476000012597069
0.144339000020409 1.00000761449337e-06
0.13845699999365024 0.0032709999941289425
0.13845699999365024 1.00000761449337e-06
0.14080900000408292 0.0033110000076703727
0.14080900000408292 0.0
0.13963499999954365 0.003374999971129
0.13963499999954365 1.00000761449337e-06
0.14131799997994676 0.0035149999894201756
0.14131799997994676 0.0
0.1419060000043828 0.0032899999932851642
0.1419060000043828 0.0
0.1406880000140518 0.0033549999934621155
0.1406880000140518 1.00000761449337e-06
0.1815880000067409 0.004650999995646998
0.1815880000067409 0.0
0.15190300001995638 0.003626000019721687
0.15190300001995638 0.0
0.15731599999708124 0.0040290000033564866
0.15731599999708124 0.0
0.16461800000979565 0.004019000014523044
0.16461800000979565 9.999785106629133e-07
0.16240000000107102 0.003926000004867092
0.16240000000107102 0.0
0.1611949999933131 0.004213999985950068
0.1611949999933131 9.999785106629133e-07
0.16972899998654611 0.003958000015700236
0.16972899998654611 0.0
0.15867900001467206 0.0037660000089090317
0.15867900001467206 0.0
0.15364900001441129 0.0037400000146590173
0.15364900001441129 1.00000761449337e-06
0.15366000001085922 0.003695999999763444
0.15366000001085922 0.0
0.15392300000530668 0.003656999993836507
0.15392300000530668 1.00000761449337e-06
0.20008100001723506 0.004881999979261309
0.20008100001723506 1.00000761449337e-06
0.18102099999669008 0.004422999976668507
0.18102099999669008 0.0
0.17928799998480827 0.004202999989502132
0.17928799998480827 0.0
0.1813419999962207 0.004391000024043024
0.1813419999962207 1.00000761449337e-06
0.17693899999721907 0.00474999999278225
0.17693899999721907 0.0
0.18491199999698438 0.004821000009542331
0.18491199999698438 0.0
0.18798299998161383 0.0048510000051464885
0.18798299998161383 0.0
0.1434280000103172 0.003408999997191131
0.1434280000103172 0.0
0.14131199999246746 0.0033300000068265945
0.14131199999246746 1.00000761449337e-06
0.13967300002695993 0.0032549999887123704
0.13967300002695993 1.00000761449337e-06
0.13882200000807643 0.003368999983649701
0.13882200000807643 0.0
0.1395689999917522 0.0033549999934621155
0.1395689999917522 0.0
0.13837299999431707 0.003316000016639009
0.13837299999431707 0.0
0.13923899998189881 0.003276000003097579
0.13923899998189881 0.0
0.1407619999954477 0.003372999985003844
0.1407619999954477 0.0
0.13977199999499135 0.0032730000093579292
0.13977199999499135 0.0
0.1418520000006538 0.0033629999961704016
0.1418520000006538 9.999785106629133e-07
0.1465230000030715 0.003427999996347353
0.1465230000030715 0.0
0.14072199998190627 0.003268000000389293
0.14072199998190627 0.0
0.14257900000666268 0.003229999972973019
0.14257900000666268 0.0
0.14288299999316223 0.003440000000409782
0.14288299999316223 0.0
0.14336100002401508 0.003328999999212101
0.14336100002401508 0.0
0.14456600000266917 0.003431999997701496
0.14456600000266917 0.0
0.14259499998297542 0.003400000015972182
0.14259499998297542 1.00000761449337e-06
0.14317599998321384 0.0034540000197011977
0.14317599998321384 0.0
0.14403900000615977 0.0034839999862015247
0.14403900000615977 0.0
0.14622399999643676 0.0036189999955240637
0.14622399999643676 9.999785106629133e-07
0.14547800002037548 0.003501999977743253
0.14547800002037548 0.0
0.14426100000855513 0.0035260000149719417
0.14426100000855513 9.999785106629133e-07
0.16042400000151247 0.003564999991795048
0.16042400000151247 0.0
0.14708900000550784 0.003519000019878149
0.14708900000550784 0.0
0.14874999999301508 0.0034679999807849526
0.14874999999301508 0.0
0.14772599999560043 0.003663000010419637
0.14772599999560043 1.00000761449337e-06
0.15026100000250153 0.00350399999297224
0.15026100000250153 1.00000761449337e-06
0.14681499998550862 0.003595999995013699
0.14681499998550862 1.00000761449337e-06
0.1471929999825079 0.0034380000142846256
0.1471929999825079 0.0
0.15034200000809506 0.0034020000020973384
0.15034200000809506 0.0
0.14816199999768287 0.0034730000188574195
0.14816199999768287 1.00000761449337e-06
0.1522359999944456 0.003632999985711649
0.1522359999944456 9.999785106629133e-07
0.1544010000070557 0.0035269999934826046
0.1544010000070557 1.00000761449337e-06
0.15297500000451691 0.003632000007200986
0.15297500000451691 0.0
0.1811219999799505 0.004988000000594184
0.1811219999799505 0.0
0.20064299998921342 0.004729000007500872
0.20064299998921342 0.0
0.19519899997976609 0.004917000012937933
0.19519899997976609 9.999785106629133e-07
0.18845399998826906 0.003700000001117587
0.18845399998826906 1.00000761449337e-06
0.1983699999982491 0.004652000003261492
0.1983699999982491 1.00000761449337e-06
0.20073000001139008 0.004803000018000603
0.20073000001139008 0.0
0.15332700000726618 0.0035970000026281923
0.15332700000726618 1.00000761449337e-06
0.1525520000141114 0.0035659999994095415
0.1525520000141114 1.00000761449337e-06
0.14939599999343045 0.0035930000012740493
0.14939599999343045 0.0
0.15411000000312924 0.003612000000430271
0.15411000000312924 0.0
0.15330599999288097 0.003572999994503334
0.15330599999288097 1.00000761449337e-06
0.15168599999742582 0.0036090000066906214
0.15168599999742582 0.0
0.15311700000893325 0.0036130000080447644
0.15311700000893325 0.0
0.16277299998910166 0.004243000003043562
0.16277299998910166 0.0
0.20170099998358637 0.004988000000594184
0.20170099998358637 0.0
0.20007200000691228 0.003862000012304634
0.20007200000691228 1.00000761449337e-06
0.21258400002261624 0.005128000018885359
0.21258400002261624 0.0
0.16215700001339428 0.0038770000101067126
0.16215700001339428 1.00000761449337e-06
0.21182099997531623 0.005234000011114404
0.21182099997531623 0.0
0.16233699998701923 0.003891000000294298
0.16233699998701923 0.0
0.19397399999434128 0.004734999994980171
0.19397399999434128 0.0
0.15680099997553043 0.0038000000058673322
0.15680099997553043 1.00000761449337e-06
0.16207500000018626 0.003815000003669411
0.16207500000018626 0.0
0.20723200001521036 0.005170000018551946
0.20723200001521036 1.00000761449337e-06
0.21060099999886006 0.005047000013291836
0.21060099999886006 1.00000761449337e-06
0.2236210000119172 0.012629000004380941
0.2236210000119172 1.00000761449337e-06
0.18382000000565313 0.01039800001308322
0.18382000000565313 0.0
0.16269999998621643 0.004014000005554408
0.16269999998621643 0.0
0.1621619999932591 0.004114999988814816
0.1621619999932591 1.00000761449337e-06
0.16445300000486895 0.004129999986616895
0.16445300000486895 0.0
0.1619619999837596 0.003934000007575378
0.1619619999837596 1.00000761449337e-06
0.16087100000004284 0.0039490000053774565
0.16087100000004284 0.0
0.1588599999959115 0.0038920000079087913
0.1588599999959115 9.999785106629133e-07
0.15891300002112985 0.003882999997586012
0.15891300002112985 0.0
0.15705100001650862 0.003695999999763444
0.15705100001650862 0.0
0.1572300000116229 0.0038409999979194254
0.1572300000116229 1.00000761449337e-06
0.1575730000040494 0.0037290000182110816
0.1575730000040494 0.0
0.15547300002072006 0.0037520000187214464
0.15547300002072006 1.00000761449337e-06
0.1590250000008382 0.003970000019762665
0.1590250000008382 0.0
0.16006200000992976 0.003802999999606982
0.16006200000992976 0.0
0.1615909999818541 0.0040609999850858
0.1615909999818541 0.0
0.16347900000982918 0.0039619999879505485
0.16347900000982918 9.999785106629133e-07
0.20926800000597723 0.0050869999977294356
0.20926800000597723 0.0
0.20997599998372607 0.005197999998927116
0.20997599998372607 0.0
0.2076809999998659 0.005001000012271106
0.2076809999998659 0.0
0.2111049999948591 0.00499900002614595
0.2111049999948591 9.999785106629133e-07
0.20736999998916872 0.005131999991135672
0.20736999998916872 0.0
0.20713399999658577 0.005047999991802499
0.20713399999658577 0.0
0.15973300000769086 0.0037829999928362668
0.15973300000769086 1.00000761449337e-06
0.15859700000146404 0.003874000016367063
0.15859700000146404 0.0
0.1588540000084322 0.0038260000001173466
0.1588540000084322 9.999785106629133e-07
0.1585919999924954 0.0037709999887738377
0.1585919999924954 0.0
0.15816399999312125 0.003679000015836209
0.15816399999312125 1.00000761449337e-06
0.1514679999963846 0.003607999999076128
0.1514679999963846 0.0
0.1531319999776315 0.0035499999939929694
0.1531319999776315 0.0
0.15351600002031773 0.0036490000202320516
0.15351600002031773 0.0
0.15467699998407625 0.003716999985044822
0.15467699998407625 0.0
0.15806200000224635 0.0037899999879300594
0.15806200000224635 0.0
0.1536060000071302 0.003575000009732321
0.1536060000071302 0.0
0.15905700001167133 0.0037549999833572656
0.15905700001167133 0.0
0.1587489999947138 0.0037259999953676015
0.1587489999947138 0.0
0.15788099999190308 0.003720000007888302
0.15788099999190308 9.999785106629133e-07
0.16114199999719858 0.0036949999921489507
0.16114199999719858 0.0
0.16429800001787953 0.0039019999967422336
0.16429800001787953 0.0
0.16425099998014048 0.0038139999960549176
0.16425099998014048 9.999785106629133e-07
0.16126700001768768 0.0041680000140331686
0.16126700001768768 0.0
0.1637040000059642 0.003888999985065311
0.1637040000059642 9.999785106629133e-07
0.1611010000051465 0.003888999985065311
0.1611010000051465 0.0
0.16162199998507276 0.003867999999783933
0.16162199998507276 0.0
0.1634419999900274 0.0038420000055339187
0.1634419999900274 0.0
0.1635930000047665 0.0037730000040028244
0.1635930000047665 9.999785106629133e-07
0.16209100000560284 0.003907999984221533
0.16209100000560284 0.0
0.1604349999979604 0.003712000005180016
0.1604349999979604 0.0
0.16076900000916794 0.003775999997742474
0.16076900000916794 0.0
0.16483100000186823 0.0038309999799821526
0.16483100000186823 0.0
0.1616840000206139 0.0038099999947007746
0.1616840000206139 0.0
0.16633499998715706 0.004042000015033409
0.16633499998715706 0.0
0.16303599998354912 0.003843999991659075
0.16303599998354912 0.0
0.16926599998259917 0.004207999998470768
0.16926599998259917 0.0
0.16801500000292435 0.004003999987617135
0.16801500000292435 0.0
0.16607700000167824 0.004413000016938895
0.16607700000167824 0.0
0.1660660000052303 0.003959000023314729
0.1660660000052303 1.00000761449337e-06
0.16677300000446849 0.004167999984929338
0.16677300000446849 9.999785106629133e-07
0.17153500000131316 0.004010000004200265
0.17153500000131316 1.00000761449337e-06
0.16810499998973683 0.0041219999839086086
0.16810499998973683 0.0
0.1687429999874439 0.003903000004356727
0.1687429999874439 0.0
0.1685929999803193 0.003922000003512949
0.1685929999803193 0.0
0.16659000000800006 0.003946000011637807
0.16659000000800006 1.00000761449337e-06
0.16638100001728162 0.004011000011814758
0.16638100001728162 0.0
0.16727700000046752 0.003976999985752627
0.16727700000046752 0.0
0.16593400001875125 0.0038920000079087913
0.16593400001875125 9.999785106629133e-07
0.17066100001102313 0.003976999985752627
0.17066100001102313 0.0
0.1684430000022985 0.004053999989992008
0.1684430000022985 0.0
0.16546799999196082 0.003862000012304634
0.16546799999196082 0.0
0.1673750000190921 0.004031000018585473
0.1673750000190921 0.0
0.16937599997618236 0.004034000012325123
0.16937599997618236 0.0
0.1669279999914579 0.003991000005044043
0.1669279999914579 0.0
0.1676630000001751 0.004041000007418916
0.1676630000001751 0.0
0.17204999999376014 0.004102999984752387
0.17204999999376014 9.999785106629133e-07
0.17142500000772998 0.003956000000471249
0.17142500000772998 0.0
0.17280099997879006 0.003976000007241964
0.17280099997879006 0.0
0.1711139999970328 0.004453000001376495
0.1711139999970328 9.999785106629133e-07
0.1717369999969378 0.00414699999964796
0.1717369999969378 0.0
0.17262299999129027 0.00447300000814721
0.17262299999129027 1.00000761449337e-06
0.17566599999554455 0.004323000001022592
0.17566599999554455 0.0
0.1729230000055395 0.004595000005792826
0.1729230000055395 1.00000761449337e-06
0.1699500000104308 0.003933999978471547
0.1699500000104308 1.00000761449337e-06
0.1712190000107512 0.004021999979158863
0.1712190000107512 1.00000761449337e-06
0.1732649999903515 0.004485000012209639
0.1732649999903515 1.00000761449337e-06
0.1742180000001099 0.00419000000692904
0.1742180000001099 1.00000761449337e-06
0.16990900001837872 0.003951999999117106
0.16990900001837872 0.0
0.16802799998549744 0.003968000004533678
0.16802799998549744 1.00000761449337e-06
0.1719769999908749 0.004003000009106472
0.1719769999908749 0.0
0.16684399999212474 0.003961000009439886
0.16684399999212474 0.0
0.16859399998793378 0.0038659999845549464
0.16859399998793378 9.999785106629133e-07
0.1672180000168737 0.003878999996231869
0.1672180000168737 0.0
0.16276200002175756 0.0038209999911487103
0.16276200002175756 9.999785106629133e-07
0.16576000000350177 0.003859999997075647
0.16576000000350177 1.00000761449337e-06
0.1674240000138525 0.0038480000221170485
0.1674240000138525 0.0
0.16454199998406693 0.003939999995054677
0.16454199998406693 9.999785106629133e-07
0.1668739999877289 0.003782000014325604
0.1668739999877289 0.0
0.16717900001094677 0.0038139999960549176
0.16717900001094677 0.0
0.16721500002313405 0.003909000020939857
0.16721500002313405 0.0
0.16972800000803545 0.004057999991346151
0.16972800000803545 0.0
0.16921600000932813 0.003878999996231869
0.16921600000932813 0.0
0.1709559999871999 0.004235000000335276
0.1709559999871999 0.0
0.17167899999185465 0.00394699999014847
0.17167899999185465 0.0
0.16632199997548014 0.003928999998606741
0.16632199997548014 1.00000761449337e-06
0.1663799999805633 0.0038730000087525696
0.1663799999805633 9.999785106629133e-07
0.1694850000203587 0.003951999999117106
0.1694850000203587 0.0
0.16934799999580719 0.0039370000013150275
0.16934799999580719 0.0
0.16951300000073388 0.0039870000036899
0.16951300000073388 0.0
0.16952699999092147 0.003927000012481585
0.16952699999092147 0.0
0.16569300001719967 0.004049999988637865
0.16569300001719967 0.0
0.16620700000203215 0.003917000023648143
0.16620700000203215 1.00000761449337e-06
0.16709499998250976 0.00423300001421012
0.16709499998250976 0.0
0.16933499998413026 0.004129000008106232
0.16933499998413026 0.0
0.16892899997765198 0.003859999997075647
0.16892899997765198 0.0
0.17254500000854023 0.0040120000194292516
0.17254500000854023 0.0
0.2269619999860879 0.0061590000113938
0.2269619999860879 0.0
0.19154500000877306 0.01148099999409169
0.19154500000877306 0.0
0.17448099999455735 0.004201000003376976
0.17448099999455735 9.999785106629133e-07
0.22407699999166653 0.005566000007092953
0.22407699999166653 1.00000761449337e-06
0.219401000009384 0.005608000006759539
0.219401000009384 0.0
0.22310900001320988 0.005484999972395599
0.22310900001320988 0.0
0.2084960000065621 0.005792000010842457
0.2084960000065621 1.00000761449337e-06
0.2142009999952279 0.005305000027874485
0.2142009999952279 0.0
0.21768500001053326 0.005282999976770952
0.21768500001053326 9.999785106629133e-07
0.20859399999608286 0.005387999990489334
0.20859399999608286 0.0
0.2208530000061728 0.00523300000349991
0.2208530000061728 9.999785106629133e-07
0.21837499999674037 0.005375999986426905
0.21837499999674037 1.00000761449337e-06
0.22282799999811687 0.005367000005207956
0.22282799999811687 9.999785106629133e-07
0.22139400002197362 0.005299000011291355
0.22139400002197362 0.0
0.22404900001129135 0.005391999991843477
0.22404900001129135 1.00000761449337e-06
0.218124999984866 0.005440999986603856
0.218124999984866 0.0
0.20820500000263564 0.005767999973613769
0.20820500000263564 0.0
0.17142999998759478 0.004048000002512708
0.17142999998759478 0.0
0.174142000003485 0.0040889999945648015
0.174142000003485 9.999785106629133e-07
0.17444000000250526 0.004205000004731119
0.17444000000250526 1.00000761449337e-06
0.1748760000045877 0.0042440000106580555
0.1748760000045877 1.00000761449337e-06
0.17576300000655465 0.004202999989502132
0.17576300000655465 0.0
0.17881799998576753 0.004241999995429069
0.17881799998576753 1.00000761449337e-06
0.17649800001527183 0.004207999998470768
0.17649800001527183 0.0
0.18447700000251643 0.004438999982085079
0.18447700000251643 9.999785106629133e-07
0.17964499999652617 0.004579000000376254
0.17964499999652617 0.0
0.1834149999776855 0.004444999998668209
0.1834149999776855 0.0
0.18094099999871105 0.004239000001689419
0.18094099999871105 0.0
0.18075500000850298 0.004172000015387312
0.18075500000850298 0.0
0.18098400000599213 0.0042320000065956265
0.18098400000599213 1.00000761449337e-06
0.18066300000646152 0.0042320000065956265
0.18066300000646152 9.999785106629133e-07
0.1807799999951385 0.004342000000178814
0.1807799999951385 1.00000761449337e-06
0.17658999998820946 0.004141999990679324
0.17658999998820946 0.0
0.17621599999256432 0.004122999991523102
0.17621599999256432 1.00000761449337e-06
0.17961299998569302 0.004620000021532178
0.17961299998569302 0.0
0.18240800002240576 0.004381999984616414
0.18240800002240576 0.0
0.18219899997347966 0.004348999995272607
0.18219899997347966 0.0
0.18197800000780262 0.004294000013032928
0.18197800000780262 0.0
0.18108100001700222 0.004251000005751848
0.18108100001700222 1.00000761449337e-06
0.18171199999051169 0.004477999988012016
0.18171199999051169 9.999785106629133e-07
0.23243500001262873 0.005949999991571531
0.23243500001262873 1.00000761449337e-06
0.22993999999016523 0.005696000007446855
0.22993999999016523 9.999785106629133e-07
0.239395999989938 0.005902000004425645
0.239395999989938 0.0
0.2349759999779053 0.005831999995280057
0.2349759999779053 0.0
0.24516099999891594 0.00535299998591654
0.24516099999891594 1.00000761449337e-06
0.2021660000027623 0.005321000004187226
0.2021660000027623 0.0
0.20270799999707378 0.0063270000100601465
0.20270799999707378 0.0
0.18752899998798966 0.0041729999938979745
0.18752899998798966 0.0
0.2215569999825675 0.00535600000876002
0.2215569999825675 0.0
0.21712599997408688 0.005667000019457191
0.21712599997408688 9.999785106629133e-07
0.23072900000261143 0.005872000008821487
0.23072900000261143 0.0
0.23923700000159442 0.005862999998498708
0.23923700000159442 0.0
0.18387199999415316 0.004243999981554225
0.18387199999415316 9.999785106629133e-07
0.17828699998790398 0.004363999993074685
0.17828699998790398 0.0
0.1839460000046529 0.004412000009324402
0.1839460000046529 0.0
0.18692700000246987 0.004453000001376495
0.18692700000246987 0.0
0.182851000019582 0.004352000018116087
0.182851000019582 1.00000761449337e-06
0.1842029999825172 0.004401999991387129
0.1842029999825172 1.00000761449337e-06
0.1811640000087209 0.004364000022178516
0.1811640000087209 0.0
0.18855699998675846 0.0046150000125635415
0.18855699998675846 0.0
0.1884870000067167 0.004413999995449558
0.1884870000067167 0.0
0.22437499999068677 0.005723000009311363
0.22437499999068677 0.0
0.2385119999817107 0.006026000017300248
0.2385119999817107 0.0
0.23171299998648465 0.005658000009134412
0.23171299998648465 0.0
0.24422599998069927 0.00548200000775978
0.24422599998069927 0.0
0.2415620000101626 0.006251999991945922
0.2415620000101626 1.00000761449337e-06
0.22990599999320693 0.004369000002043322
0.22990599999320693 1.00000761449337e-06
0.1852470000158064 0.004564000002574176
0.1852470000158064 0.0
0.18441300000995398 0.0043839999998454005
0.18441300000995398 9.999785106629133e-07
0.18070199998328462 0.004277000000001863
0.18070199998328462 0.0
0.1862869999895338 0.0044760000018868595
0.1862869999895338 9.999785106629133e-07
0.18538599999737926 0.004291999997803941
0.18538599999737926 9.999785106629133e-07
0.18277300000772811 0.004408000007970259
0.18277300000772811 0.0
0.18584999997983687 0.004237999994074926
0.18584999997983687 0.0
0.18381300001055934 0.004970000009052455
0.18381300001055934 1.00000761449337e-06
0.18351800000527874 0.004314000019803643
0.18351800000527874 0.0
0.18710599999758415 0.004262000002199784
0.18710599999758415 0.0
0.1860150000138674 0.0043899999873247
0.1860150000138674 0.0
0.19683099997928366 0.004431000008480623
0.19683099997928366 0.0
0.18332800001371652 0.004333000018959865
0.18332800001371652 0.0
0.18543100001988932 0.004368000023532659
0.18543100001988932 0.0
0.18610200000694022 0.004390999994939193
0.18610200000694022 0.0
0.1821629999903962 0.004323000001022592
0.1821629999903962 1.00000761449337e-06
0.2393619999929797 0.0045559999998658895
0.2393619999929797 0.0
0.2455130000016652 0.005646999983582646
0.2455130000016652 1.00000761449337e-06
0.24648899998283014 0.005699000001186505
0.24648899998283014 1.00000761449337e-06
0.23272900001029484 0.0044720000005327165
0.23272900001029484 0.0
0.24796600002446212 0.005814000003738329
0.24796600002446212 0.0
0.24801900002057664 0.005935000022873282
0.24801900002057664 1.00000761449337e-06
0.18520300000091083 0.004617999977199361
0.18520300000091083 1.00000761449337e-06
0.18680399999720976 0.004331000003730878
0.18680399999720976 0.0
0.18925900000613183 0.0044510000152513385
0.18925900000613183 0.0
0.18860299998777919 0.004557000007480383
0.18860299998777919 0.0
0.18860000002314337 0.004439000011188909
0.18860000002314337 1.00000761449337e-06
0.18612800000119023 0.004377999983262271
0.18612800000119023 1.00000761449337e-06
0.1897330000065267 0.004444999998668209
0.1897330000065267 0.0
0.19234299997333437 0.004654000018490478
0.19234299997333437 1.00000761449337e-06
0.18828199998824857 0.004393999988678843
0.18828199998824857 0.0
0.18625800000154413 0.004417999996803701
0.18625800000154413 1.00000761449337e-06
0.18816200000583194 0.0043880000011995435
0.18816200000583194 9.999785106629133e-07
0.18590199999744073 0.0046700000239070505
0.18590199999744073 0.0
0.18929899999056943 0.004375999997137114
0.18929899999056943 1.00000761449337e-06
0.18706700002076104 0.00458700000308454
0.18706700002076104 0.0
0.18675200000870973 0.004444000020157546
0.18675200000870973 1.00000761449337e-06
0.18915800002287142 0.004412000009324402
0.18915800002287142 0.0
0.2351419999904465 0.006027999974321574
0.2351419999904465 9.999785106629133e-07
0.25187099998584017 0.0059139999793842435
0.25187099998584017 1.00000761449337e-06
0.1896779999951832 0.004630999988876283
0.1896779999951832 1.00000761449337e-06
0.18998799999826588 0.004452000022865832
0.18998799999826588 0.0
0.18830100001650862 0.004395000025397167
0.18830100001650862 1.00000761449337e-06
0.19388000000617467 0.004595999984303489
0.19388000000617467 0.0
0.19331899998360313 0.0049989999970421195
0.19331899998360313 0.0
0.19040300001506694 0.004367999994428828
0.19040300001506694 0.0
0.1925889999838546 0.004657000012230128
0.1925889999838546 0.0
0.20064599998295307 0.004622000007657334
0.20064599998295307 0.0
0.19552400000975467 0.004516999993938953
0.19552400000975467 0.0
0.19287900000927038 0.004597999999532476
0.19287900000927038 1.00000761449337e-06
0.19273700000485405 0.004550999990897253
0.19273700000485405 1.00000761449337e-06
0.18898300000000745 0.004492000007303432
0.18898300000000745 1.00000761449337e-06
0.19032399999559857 0.004489999992074445
0.19032399999559857 0.0
0.24068899999838322 0.006090999988373369
0.24068899999838322 0.0
0.19361100002424791 0.004684000014094636
0.19361100002424791 0.0
0.19354700000258163 0.004581999994115904
0.19354700000258163 9.999785106629133e-07
0.19346999999834225 0.004584000009344891
0.19346999999834225 0.0
0.1996169999765698 0.011175999999977648
0.1996169999765698 0.0
0.1980549999861978 0.004772999993292615
0.1980549999861978 0.0
0.19866799999726936 0.004570000019157305
0.19866799999726936 1.00000761449337e-06
0.2041190000018105 0.005861000012373552
0.2041190000018105 9.999785106629133e-07
0.20238200001767837 0.005147999996552244
0.20238200001767837 0.0
0.204171999997925 0.00479000000632368
0.204171999997925 0.0
0.22774800000479445 0.013494000013452023
0.22774800000479445 0.0
0.21128899999894202 0.004913999990094453
0.21128899999894202 0.0
0.2331479999993462 0.005277999996906146
0.2331479999993462 1.00000761449337e-06
0.25664800000959076 0.006089000002248213
0.25664800000959076 1.00000761449337e-06
0.2652140000136569 0.006311000004643574
0.2652140000136569 0.0
0.2550420000043232 0.006569999997736886
0.2550420000043232 9.999785106629133e-07
0.21189700000104494 0.01224399998318404
0.21189700000104494 0.0
0.20716099999845028 0.004863000009208918
0.20716099999845028 0.0
0.2031999999890104 0.004971999995177612
0.2031999999890104 0.0
0.26140799999120645 0.0063609999779146165
0.26140799999120645 0.0
0.260325000010198 0.006420999998226762
0.260325000010198 0.0
0.20162400000845082 0.004941999999573454
0.20162400000845082 1.00000761449337e-06
0.20088200000463985 0.004721000004792586
0.20088200000463985 0.0
0.24483999999938533 0.006312999990768731
0.24483999999938533 0.0
0.24880600001779385 0.006538000016007572
0.24880600001779385 0.0
0.24687800000538118 0.005530000024009496
0.24687800000538118 0.0
0.23452699999324977 0.005048999999416992
0.23452699999324977 0.0
0.2046320000081323 0.005188000010093674
0.2046320000081323 0.0
0.20056999998632818 0.004807999997865409
0.20056999998632818 0.0
0.21392000000923872 0.004937999998219311
0.21392000000923872 1.00000761449337e-06
0.21270699999877252 0.004718999989563599
0.21270699999877252 1.00000761449337e-06
0.2001509999972768 0.004768999991938472
0.2001509999972768 0.0
0.20369699998991564 0.004821999988052994
0.20369699998991564 0.0
0.2038899999752175 0.004722000012407079
0.2038899999752175 0.0
0.2041670000180602 0.004751000000396743
0.2041670000180602 1.00000761449337e-06
0.2004939999897033 0.004878999985521659
0.2004939999897033 1.00000761449337e-06
0.2015440000104718 0.00479300000006333
0.2015440000104718 1.00000761449337e-06
0.2012879999820143 0.004669000016292557
0.2012879999820143 0.0
0.2018759999773465 0.00479599999380298
0.2018759999773465 0.0
0.20222300000023097 0.004900999978417531
0.20222300000023097 0.0
0.20194199998513795 0.004803000018000603
0.20194199998513795 1.00000761449337e-06
0.20513499999651685 0.0047670000058133155
0.20513499999651685 9.999785106629133e-07
0.20612200000323355 0.004882000008365139
0.20612200000323355 0.0
0.20292399998288602 0.004634000011719763
0.20292399998288602 0.0
0.19961199999670498 0.004653000010875985
0.19961199999670498 1.00000761449337e-06
0.2051250000076834 0.004737999988719821
0.2051250000076834 0.0
0.20219399998313747 0.0047750000085216016
0.20219399998313747 0.0
0.20079100001021288 0.004744000005302951
0.20079100001021288 1.00000761449337e-06
0.20235999999567866 0.004814999992959201
0.20235999999567866 0.0
0.19996099997661076 0.004760000010719523
0.19996099997661076 1.00000761449337e-06
0.25990899998578243 0.006257000000914559
0.25990899998578243 1.00000761449337e-06
0.25978399999439716 0.006239999987883493
0.25978399999439716 0.0
0.251163999986602 0.006114999996498227
0.251163999986602 0.0
0.25539400000707246 0.006194000015966594
0.25539400000707246 0.0
0.26380399998743087 0.006430999987060204
0.26380399998743087 1.00000761449337e-06
0.24856300000101328 0.0060440000088419765
0.24856300000101328 0.0
0.2635489999956917 0.0063390000141225755
0.2635489999956917 0.0
0.26243599998997524 0.006400999991456047
0.26243599998997524 0.0
0.2505459999956656 0.00583899999037385
0.2505459999956656 0.0
0.2522659999958705 0.006189000006997958
0.2522659999958705 0.0
0.24429000000236556 0.005516999983228743
0.24429000000236556 1.00000761449337e-06
0.24293400000897236 0.006109999987529591
0.24293400000897236 1.00000761449337e-06
0.24833699999726377 0.006373000011080876
0.24833699999726377 9.999785106629133e-07
0.26093499999842606 0.006266999989748001
0.26093499999842606 0.0
0.26114699998288415 0.006221999996341765
0.26114699998288415 0.0
0.26197200000751764 0.006182999990414828
0.26197200000751764 0.0
0.26215700001921505 0.0063140000274870545
0.26215700001921505 1.00000761449337e-06
0.20058699999935925 0.00466999999480322
0.20058699999935925 0.0
0.2020380000176374 0.00539899998693727
0.2020380000176374 0.0
0.20169499999610707 0.004737999988719821
0.20169499999610707 0.0
0.20437399999354966 0.004890999989584088
0.20437399999354966 0.0
0.2052069999917876 0.004769999999552965
0.2052069999917876 1.00000761449337e-06
0.20198199999867938 0.004720000026281923
0.20198199999867938 1.00000761449337e-06
0.20063200002186932 0.004632000025594607
0.20063200002186932 9.999785106629133e-07
0.20507399999769405 0.004675999982282519
0.20507399999769405 1.00000761449337e-06
0.2064480000117328 0.005059000017354265
0.2064480000117328 0.0
0.20536799999536015 0.004984999977750704
0.20536799999536015 0.0
0.26644099998520687 0.006396000011591241
0.26644099998520687 1.00000761449337e-06
0.2681700000248384 0.006753000023309141
0.2681700000248384 0.0
0.2744480000110343 0.006679000012809411
0.2744480000110343 1.00000761449337e-06
0.26750499999616295 0.0064999999885912985
0.26750499999616295 0.0
0.264350999990711 0.0064199999906122684
0.264350999990711 0.0
0.26670899998862296 0.006243999989237636
0.26670899998862296 1.00000761449337e-06
0.2650830000056885 0.006258000008529052
0.2650830000056885 9.999785106629133e-07
0.2583769999910146 0.006304999988060445
0.2583769999910146 0.0
0.2653229999996256 0.006345000001601875
0.2653229999996256 1.00000761449337e-06
0.262393000011798 0.006525999982841313
0.262393000011798 1.00000761449337e-06
0.2510900000052061 0.006265000003622845
0.2510900000052061 0.0
0.20157500001369044 0.004757000016979873
0.20157500001369044 0.0
0.20646899999701418 0.004832000005990267
0.20646899999701418 1.00000761449337e-06
0.20473900000797585 0.004813000006834045
0.20473900000797585 1.00000761449337e-06
0.2112220000126399 0.004748999985167757
0.2112220000126399 0.0
0.20402100001228973 0.004937999998219311
0.20402100001228973 0.0
0.20640100000309758 0.00479300000006333
0.20640100000309758 0.0
0.20412900001974776 0.0047590000031050295
0.20412900001974776 1.00000761449337e-06
0.20834700000705197 0.004788000020198524
0.20834700000705197 1.00000761449337e-06
0.204342999990331 0.005208999995375052
0.204342999990331 1.00000761449337e-06
0.2748390000197105 0.006627000024309382
0.2748390000197105 1.6000005416572094e-05
0.2634560000151396 0.006646000023465604
0.2634560000151396 0.0
0.2043720000074245 0.004818999994313344
0.2043720000074245 1.00000761449337e-06
0.20502500000293367 0.00487599999178201
0.20502500000293367 9.999785106629133e-07
0.20510900000226684 0.00483300001360476
0.20510900000226684 0.0
0.20506799998111092 0.004698000004282221
0.20506799998111092 0.0
0.20597099998849444 0.004845000017667189
0.20597099998849444 1.00000761449337e-06
0.20686299999943003 0.004941999999573454
0.20686299999943003 0.0
0.2570469999918714 0.006395000003976747
0.2570469999918714 0.0
0.2592360000126064 0.00639599998248741
0.2592360000126064 1.00000761449337e-06
0.2027770000277087 0.004721999983303249
0.2027770000277087 1.00000761449337e-06
0.2041670000180602 0.004776999994646758
0.2041670000180602 0.0
0.19873699999880046 0.004542000009678304
0.19873699999880046 0.0
0.20525599998654798 0.004629000002751127
0.20525599998654798 1.00000761449337e-06
0.24581900000339374 0.0065710000053513795
0.24581900000339374 0.0
0.26503300000331365 0.0063519999966956675
0.26503300000331365 1.00000761449337e-06
0.25771000000531785 0.005979000008665025
0.25771000000531785 0.0
0.270219999976689 0.005132999998750165
0.270219999976689 0.0
0.2687079999886919 0.0062590000161435455
0.2687079999886919 1.00000761449337e-06
0.268631999992067 0.006717999989632517
0.268631999992067 1.6000005416572094e-05
0.20439599998644553 0.004878999985521659
0.20439599998644553 1.00000761449337e-06
0.206501999986358 0.00466999999480322
0.206501999986358 1.00000761449337e-06
0.20117499999469146 0.004736000002594665
0.20117499999469146 1.00000761449337e-06
0.20084700000006706 0.004898999992292374
0.20084700000006706 1.00000761449337e-06
0.25469500001054257 0.006561000016517937
0.25469500001054257 9.999785106629133e-07
0.26532700000097975 0.006557999993674457
0.26532700000097975 9.999785106629133e-07
0.21326799999224022 0.005020999989937991
0.21326799999224022 1.00000761449337e-06
0.20666200001141988 0.004871000011917204
0.20666200001141988 0.0
0.2051930000016 0.004928999987896532
0.2051930000016 0.0
0.22091900001396425 0.012153000017860904
0.22091900001396425 0.0
0.21808300001430325 0.005486000009113923
0.21808300001430325 1.00000761449337e-06
0.22145300000556745 0.005397000000812113
0.22145300000556745 0.0
0.2204840000194963 0.012302000017371029
0.2204840000194963 0.0
0.28869200000190176 0.007379999995464459
0.28869200000190176 0.0
0.2737399999750778 0.006829999998444691
0.2737399999750778 0.0
0.28601500001968816 0.0068869999959133565
0.28601500001968816 0.0
0.27645800000755116 0.00692800001706928
0.27645800000755116 0.0
0.2762499999953434 0.007012999994913116
0.2762499999953434 1.00000761449337e-06
0.261062999983551 0.006613000005017966
0.261062999983551 9.999785106629133e-07
0.27016799998818897 0.006354999990435317
0.27016799998818897 0.0
0.2711620000191033 0.00644800000009127
0.2711620000191033 1.00000761449337e-06
0.26216099999146536 0.006205999990925193
0.26216099999146536 0.0
0.20944999999483116 0.00495599998976104
0.20944999999483116 1.00000761449337e-06
0.2097219999996014 0.004929999995511025
0.2097219999996014 9.999785106629133e-07
0.21097899999585934 0.004907000024104491
0.21097899999585934 9.999785106629133e-07
0.21004800000810064 0.004876999999396503
0.21004800000810064 0.0
0.20996200002264231 0.004895999998552725
0.20996200002264231 0.0
0.20989800000097603 0.0049230000004172325
0.20989800000097603 0.0
0.20851799999945797 0.00502699997741729
0.20851799999945797 1.00000761449337e-06
0.20672299998113886 0.005100000009406358
0.20672299998113886 0.0
0.20572199998423457 0.004882000008365139
0.20572199998423457 1.00000761449337e-06
INFO:sc2.protocol:Client status changed to Status.ended (was Status.in_game)
INFO:sc2.protocol:Client status changed to Status.ended (was Status.in_game)
INFO:root:Result for player 1 - Bot(Race.Terran, <bots.maru.q_bot.QBot object at 0x7f5891bb8cf8>): Defeat
INFO:root:Result for player 2 - Bot(Race.Terran, <bots.Showing_bot.speedBot.MarinBot object at 0x7f5891bb8eb8>): Victory
INFO:sc2.client:Saved replay to outs/2020-01-17T11-28-03/replays/maru-showing_bot/maru-showing_bot-0.SC2Replay
INFO:sc2.protocol:Client status changed to Status.launched (was Status.ended)
INFO:sc2.protocol:Client status changed to Status.quit (was Status.launched)
INFO:sc2.sc2process:kill_switch: Process cleanup
INFO:sc2.sc2process:Cleaning up...
INFO:sc2.sc2process:Cleanup complete
INFO:sc2.sc2process:Cleaning up...
INFO:sc2.sc2process:Cleanup complete
INFO:sc2.protocol:Cannot receive: Connection already closed.
INFO:sc2.sc2process:kill_switch: Process cleanup
INFO:sc2.sc2process:Cleaning up...
INFO:sc2.sc2process:Cleanup complete
INFO:sc2.sc2process:Cleaning up...
INFO:sc2.sc2process:Cleanup complete


## STDERR ##

Version: B75689 (SC2.4.10)
Build: Aug 12 2019 17:16:57
Command Line: '"/home/hspark8312/StarCraftII/Versions/Base75689/SC2_x64" -listen 127.0.0.1 -port 22020 -displayMode 0 -dataDir /home/hspark8312/StarCraftII -tempDir /tmp/SC2_s5jbkxsp'
Starting up...
Startup Phase 1 complete
Version: B75689 (SC2.4.10)
Build: Aug 12 2019 17:16:57
Command Line: '"/home/hspark8312/StarCraftII/Versions/Base75689/SC2_x64" -listen 127.0.0.1 -port 18780 -displayMode 0 -dataDir /home/hspark8312/StarCraftII -tempDir /tmp/SC2_7y_clo0_'
Starting up...
Startup Phase 1 complete
Startup Phase 2 complete
Creating stub renderer...
Listening on: 127.0.0.1:22020
Startup Phase 3 complete. Ready for commands.
Startup Phase 2 complete
Creating stub renderer...
ConnectHandler: Request from 127.0.0.1:49823 accepted
ReadyHandler: 127.0.0.1:49823 ready
Requesting to join a multiplayer game
Configuring interface options
Configure: raw interface enabled
Configure: feature layer interface enabled
Configure: score interface enabled
Configure: render interface disabled
Create game with map path: NCFellowship-2019_m1_v6.SC2Map
Listening on: 127.0.0.1:18780
Startup Phase 3 complete. Ready for commands.
ConnectHandler: Request from 127.0.0.1:49824 accepted
ReadyHandler: 127.0.0.1:49824 ready
Requesting to join a multiplayer game
Configuring interface options
Configure: raw interface enabled
Configure: feature layer interface enabled
Configure: score interface enabled
Configure: render interface disabled
Attempting to join a game with the map: NCFellowship-2019_m1_v6.SC2Map
Game has started.
Using default stable ids, none found at: /home/hspark8312/StarCraftII/stableid.json
Successfully loaded stable ids: GameData\stableid.json
Sending ResponseJoinGame
Game has started.
Using default stable ids, none found at: /home/hspark8312/StarCraftII/stableid.json
Successfully loaded stable ids: GameData\stableid.json
Sending ResponseJoinGame
RequestQuit command received.
Closing Application...
/home/hspark8312/anaconda3/envs/sc2/lib/python3.6/importlib/_bootstrap.py:219: RuntimeWarning: numpy.ufunc size changed, may indicate binary incompatibility. Expected 192 from C header, got 216 from PyObject
  return f(*args, **kwds)
/home/hspark8312/anaconda3/envs/sc2/lib/python3.6/importlib/_bootstrap.py:219: RuntimeWarning: numpy.ufunc size changed, may indicate binary incompatibility. Expected 192 from C header, got 216 from PyObject
  return f(*args, **kwds)
/home/hspark8312/anaconda3/envs/sc2/lib/python3.6/site-packages/tensorboard/compat/tensorflow_stub/dtypes.py:541: FutureWarning: Passing (type, 1) or '1type' as a synonym of type is deprecated; in a future version of numpy, it will be understood as (type, (1,)) / '(1,)type'.
  _np_qint8 = np.dtype([("qint8", np.int8, 1)])
/home/hspark8312/anaconda3/envs/sc2/lib/python3.6/site-packages/past/builtins/misc.py:45: DeprecationWarning: the imp module is deprecated in favour of importlib; see the module's documentation for alternative uses
  from imp import reload
/mnt/d/sc2minigame-eval-2020-01-09/bots/Showing_bot/speedBot.py:1643: RuntimeWarning: coroutine 'TerreinManager.debug' was never awaited
  self.terrein_manager.debug()
