## STDOUT ##

[[92mINFO[0m] SC2 4.9.0 용 패치 적용
패치 sc2.ids.ability_id
패치 sc2.game_state
패치 sc2.bot_ai
패치 sc2.client
패치 sc2.controller
패치 sc2.main
INFO:root:Failed to import cuda module: No module named 'caffe2.python.caffe2_pybind11_state_gpu'
INFO:root:Failed to import AMD hip module: No module named 'caffe2.python.caffe2_pybind11_state_hip'
WARNING:root:This caffe2 python run does not have GPU support. Will run in CPU only mode.
cpu
INFO:sc2.protocol:Client status changed to Status.launched (was None)
INFO:sc2_patch.sc2_patch_490.controller:Creating new game
INFO:sc2_patch.sc2_patch_490.controller:Map:     NCFellowship-2019_m1_v6
INFO:sc2_patch.sc2_patch_490.controller:Players: Bot(Race.Terran, <bots.maru.q_bot.QBot object at 0x7f4be1b141d0>), Bot(Race.Terran, <bots.Showing_bot.speedBot.MarinBot object at 0x7f4bdf4f8f28>)
INFO:sc2.protocol:Client status changed to Status.init_game (was Status.launched)
INFO:sc2.protocol:Client status changed to Status.launched (was None)
INFO:sc2.protocol:Client status changed to Status.in_game (was None)
INFO:root:Player 1 - Bot(Race.Terran, <bots.maru.q_bot.QBot object at 0x7f4be1b141d0>)
TEST: 1, <bots.maru.q_bot.QBot object at 0x7f4be1b141d0>
model file does not exists: bots/nc_example_v7/models/model-89.pt
INFO:sc2.protocol:Client status changed to Status.in_game (was None)
INFO:root:Player 2 - Bot(Race.Terran, <bots.Showing_bot.speedBot.MarinBot object at 0x7f4bdf4f8f28>)
TEST: 2, <bots.Showing_bot.speedBot.MarinBot object at 0x7f4bdf4f8f28>
load model: bots/Showing_bot/models/model-89.pt
create new model
0.04458099999465048 0.0026359999901615083
0.04458099999465048 0.0
0.04419200000120327 0.00201199998264201
0.04419200000120327 0.0
0.044708000001264736 0.001457999984268099
0.044708000001264736 1.00000761449337e-06
0.04418399999849498 0.0012799999967683107
0.04418399999849498 9.999785106629133e-07
0.044319999986328185 0.0011159999994561076
0.044319999986328185 0.0
0.04464700000244193 0.0011399999784771353
0.04464700000244193 1.00000761449337e-06
0.043957000016234815 0.001073999999789521
0.043957000016234815 0.0
0.04409700000542216 0.0011440000089351088
0.04409700000542216 0.0
0.044317000021692365 0.0010950000141747296
0.044317000021692365 9.999785106629133e-07
0.04518299998017028 0.001105000003008172
0.04518299998017028 0.0
0.045301000005565584 0.0011150000209454447
0.045301000005565584 1.00000761449337e-06
0.04428400000324473 0.0011289999820291996
0.04428400000324473 0.0
0.04529599999659695 0.001101000001654029
0.04529599999659695 0.0
0.044611999997869134 0.0012870000209659338
0.044611999997869134 1.00000761449337e-06
0.04573700000764802 0.001353999978164211
0.04573700000764802 0.0
0.044406000000890344 0.0010940000065602362
0.044406000000890344 0.0
0.044972000003326684 0.0010970000002998859
0.044972000003326684 0.0
0.04479600000195205 0.0011600000143516809
0.04479600000195205 9.999785106629133e-07
0.045723000017460436 0.0013399999879766256
0.045723000017460436 0.0
0.04503200002363883 0.001209999987622723
0.04503200002363883 0.0
0.04764400000567548 0.0013590000162366778
0.04764400000567548 0.0
0.04728500000783242 0.00112900001113303
0.04728500000783242 0.0
0.04717100001289509 0.0012039999710395932
0.04717100001289509 0.0
0.047181000001728535 0.001201999984914437
0.047181000001728535 1.00000761449337e-06
0.04774899999029003 0.0011839999933727086
0.04774899999029003 0.0
0.046990000002551824 0.001437999977497384
0.046990000002551824 0.0
0.046467000007396564 0.0011729999969247729
0.046467000007396564 1.00000761449337e-06
0.046097999991616234 0.0012449999921955168
0.046097999991616234 9.999785106629133e-07
0.049953000008827075 0.001412999990861863
0.049953000008827075 1.00000761449337e-06
0.046377999999094754 0.0012220000207889825
0.046377999999094754 0.0
0.04675300000235438 0.0011400000075809658
0.04675300000235438 1.00000761449337e-06
0.04756799997994676 0.001185000000987202
0.04756799997994676 0.0
0.04788500000722706 0.0011929999745916575
0.04788500000722706 0.0
0.04774899999029003 0.0013430000108201057
0.04774899999029003 0.0
0.04626900001312606 0.0012160000042058527
0.04626900001312606 0.0
0.05227000001468696 0.0030079999996814877
0.05227000001468696 1.00000761449337e-06
0.05469200000516139 0.0031799999997019768
0.05469200000516139 0.0
0.059662000014213845 0.0034739999973680824
0.059662000014213845 1.00000761449337e-06
0.06190100000821985 0.0035740000021178275
0.06190100000821985 0.0
0.05955499998526648 0.0019029999966733158
0.05955499998526648 1.00000761449337e-06
changed strategy
0.06675199998426251 0.0038460000068880618
0.06675199998426251 0.0
0.06406600002082996 0.0018069999932777137
0.06406600002082996 0.0
0.06411900001694448 0.0016120000218506902
0.06411900001694448 0.0
0.06365500000538304 0.0015699999930802733
0.06365500000538304 1.00000761449337e-06
0.0607929999823682 0.001568000006955117
0.0607929999823682 9.999785106629133e-07
0.06181499999365769 0.0015570000105071813
0.06181499999365769 0.0
0.06309999999939464 0.001592999993590638
0.06309999999939464 0.0
0.06248100000084378 0.0016219999815803021
0.06248100000084378 0.0
0.057348999980604276 0.001424999994924292
0.057348999980604276 1.00000761449337e-06
0.057895999983884394 0.001441000000340864
0.057895999983884394 0.0
0.05907600000500679 0.0014640000008512288
0.05907600000500679 0.0
0.0600210000120569 0.0015770000172778964
0.0600210000120569 0.0
0.06067299999995157 0.0014589999918825924
0.06067299999995157 0.0
0.05864900001324713 0.0014530000044032931
0.05864900001324713 1.00000761449337e-06
0.056942999974125996 0.0014019999944139272
0.056942999974125996 0.0
0.05729699999210425 0.0014809999847784638
0.05729699999210425 0.0
0.05574999999953434 0.001445000001695007
0.05574999999953434 0.0
0.05695699999341741 0.0014009999867994338
0.05695699999341741 0.0
0.057773000007728115 0.0014559999981429428
0.057773000007728115 1.00000761449337e-06
0.05681799998274073 0.0017930000030901283
0.05681799998274073 0.0
0.05821400001877919 0.0013980000221636146
0.05821400001877919 0.0
0.056828000000678 0.0014650000084657222
0.056828000000678 0.0
0.05665699997916818 0.001404000009642914
0.05665699997916818 0.0
0.056455999991158023 0.0014510000182781368
0.056455999991158023 0.0
0.07412800000747666 0.0019469999824650586
0.07412800000747666 0.0
0.05989200001931749 0.0017789999837987125
0.05989200001931749 0.0
0.05664200001046993 0.0014179999998304993
0.05664200001046993 0.0
0.05679599998984486 0.0014049999881535769
0.05679599998984486 9.999785106629133e-07
0.05869199999142438 0.0015030000067781657
0.05869199999142438 0.0
0.060788000002503395 0.00156899998546578
0.060788000002503395 0.0
0.06256600000779144 0.0015100000018719584
0.06256600000779144 0.0
0.06259399998816662 0.001600999996298924
0.06259399998816662 0.0
0.06127199999173172 0.0015369999746326357
0.06127199999173172 1.00000761449337e-06
0.06251200000406243 0.0015679999778512865
0.06251200000406243 0.0
0.06138600001577288 0.0014869999722577631
0.06138600001577288 1.00000761449337e-06
0.06197400001110509 0.0015870000061113387
0.06197400001110509 0.0
0.06072099998709746 0.0015220000059343874
0.06072099998709746 0.0
0.06192700000246987 0.0015909999783616513
0.06192700000246987 0.0
0.06197000000975095 0.0015700000221841037
0.06197000000975095 0.0
0.059542000002693385 0.0014589999918825924
0.059542000002693385 0.0
0.05856299999868497 0.0014640000008512288
0.05856299999868497 0.0
0.05621399998199195 0.001416000013705343
0.05621399998199195 1.00000761449337e-06
0.05697199999121949 0.001736999984132126
0.05697199999121949 1.00000761449337e-06
0.05697999999392778 0.0016060000052675605
0.05697999999392778 0.0
0.05683300000964664 0.0017639999859966338
0.05683300000964664 9.999785106629133e-07
0.05435900000156835 0.0015449999773409218
0.05435900000156835 0.0
0.05336600000737235 0.0016539999924134463
0.05336600000737235 0.0
0.054540000011911616 0.0015739999944344163
0.054540000011911616 0.0
0.054108999989693984 0.0016780000005383044
0.054108999989693984 0.0
0.0523819999943953 0.0015230000135488808
0.0523819999943953 0.0
0.05215399997541681 0.0016089999990072101
0.05215399997541681 1.00000761449337e-06
0.0490410000202246 0.0014179999998304993
0.0490410000202246 0.0
0.04983400000492111 0.0019489999976940453
0.04983400000492111 0.0
0.04933400001027621 0.0012740000092890114
0.04933400001027621 9.999785106629133e-07
0.04957200001808815 0.0012719999940600246
0.04957200001808815 0.0
0.04909300000872463 0.0012620000052265823
0.04909300000872463 0.0
0.04921700002159923 0.0014609999780077487
0.04921700002159923 0.0
0.04915400000754744 0.001639000023715198
0.04915400000754744 1.00000761449337e-06
0.05013499999768101 0.0012409999908413738
0.05013499999768101 1.00000761449337e-06
0.05004399997415021 0.0012799999967683107
0.05004399997415021 1.00000761449337e-06
0.05167200000141747 0.0013869999966118485
0.05167200000141747 0.0
0.05149600000004284 0.0013350000081118196
0.05149600000004284 0.0
0.058378999994602054 0.0013839999737683684
0.058378999994602054 0.0
0.05164700001478195 0.0013359999866224825
0.05164700001478195 1.00000761449337e-06
0.05231100000673905 0.0014199999859556556
0.05231100000673905 0.0
0.05225499998778105 0.0015119999879971147
0.05225499998778105 1.00000761449337e-06
0.05151100002694875 0.0012980000174138695
0.05151100002694875 0.0
0.053198000008706 0.001432000019121915
0.053198000008706 1.00000761449337e-06
0.05194599999231286 0.0013509999844245613
0.05194599999231286 0.0
0.05121600002166815 0.0013340000004973263
0.05121600002166815 0.0
0.05173599999397993 0.0013359999866224825
0.05173599999397993 0.0
0.05180899999686517 0.0013399999879766256
0.05180899999686517 0.0
0.05266399998799898 0.0013760000001639128
0.05266399998799898 0.0
0.05394499999238178 0.001385999988997355
0.05394499999238178 0.0
0.05138399999123067 0.001349999976810068
0.05138399999123067 1.00000761449337e-06
0.05228699999861419 0.0013350000081118196
0.05228699999861419 0.0
0.05266099999425933 0.0013099999923724681
0.05266099999425933 1.00000761449337e-06
0.05236999999033287 0.0013010000111535192
0.05236999999033287 1.00000761449337e-06
0.05447299999650568 0.0015490000077988952
0.05447299999650568 9.999785106629133e-07
0.05400299999746494 0.0013730000064242631
0.05400299999746494 1.00000761449337e-06
0.05938900000182912 0.0016250000044237822
0.05938900000182912 1.00000761449337e-06
0.05868800001917407 0.0015060000005178154
0.05868800001917407 0.0
0.06040600000414997 0.001541999983601272
0.06040600000414997 1.00000761449337e-06
0.05986099998699501 0.0014999999839346856
0.05986099998699501 0.0
0.05969700001878664 0.0015019999991636723
0.05969700001878664 1.00000761449337e-06
0.05692199998884462 0.0014300000038929284
0.05692199998884462 1.00000761449337e-06
0.05831200000829995 0.0015030000067781657
0.05831200000829995 0.0
0.0571969999873545 0.0014139999984763563
0.0571969999873545 0.0
0.05638200000976212 0.0014059999957680702
0.05638200000976212 0.0
0.056948999990709126 0.0014380000066012144
0.056948999990709126 0.0
0.05861800001002848 0.001453999982913956
0.05861800001002848 0.0
0.0583889999834355 0.001445000001695007
0.0583889999834355 0.0
0.05629400000907481 0.0014789999986533076
0.05629400000907481 1.00000761449337e-06
0.05555399999138899 0.0013939999917056412
0.05555399999138899 0.0
0.05202200001804158 0.0013459999754559249
0.05202200001804158 1.00000761449337e-06
0.052598999987822026 0.001340999995591119
0.052598999987822026 0.0
0.05152300000190735 0.0013479999906849116
0.05152300000190735 0.0
0.051562000007834285 0.0012999999744351953
0.051562000007834285 0.0
0.051970999978948385 0.0013050000125076622
0.051970999978948385 9.999785106629133e-07
0.052062999980989844 0.0013310000067576766
0.052062999980989844 1.00000761449337e-06
0.05079499998828396 0.0013009999820496887
0.05079499998828396 9.999785106629133e-07
0.06621199997607619 0.0017250000091735274
0.06621199997607619 0.0
0.06704700001864694 0.0017780000052880496
0.06704700001864694 0.0
0.04909399998723529 0.0012350000033620745
0.04909399998723529 0.0
0.0444699999934528 0.0011609999928623438
0.0444699999934528 0.0
0.04153400001814589 0.0010630000033415854
0.04153400001814589 0.0
0.04166700001223944 0.001057000015862286
0.04166700001223944 1.00000761449337e-06
0.04243900001165457 0.0011360000062268227
0.04243900001165457 0.0
0.04323800001293421 0.0010770000226330012
0.04323800001293421 0.0
0.04219300000113435 0.0010409999813418835
0.04219300000113435 0.0
0.04513899999437854 0.0011860000086016953
0.04513899999437854 9.999785106629133e-07
0.04467800000566058 0.001264000020455569
0.04467800000566058 9.999785106629133e-07
0.04502900000079535 0.0012879999994765967
0.04502900000079535 0.0
0.05832300000474788 0.0016969999996945262
0.05832300000474788 1.00000761449337e-06
0.06139299998176284 0.0015819999971427023
0.06139299998176284 9.999785106629133e-07
0.045037000003503636 0.0011560000129975379
0.045037000003503636 9.999785106629133e-07
0.04418299999088049 0.0011550000053830445
0.04418299999088049 0.0
0.04371299999183975 0.001109000004362315
0.04371299999183975 0.0
0.04429299998446368 0.001109000004362315
0.04429299998446368 0.0
0.044812000007368624 0.0010940000065602362
0.044812000007368624 0.0
0.04936899998574518 0.0014990000054240227
0.04936899998574518 1.00000761449337e-06
0.05120699998224154 0.0011729999969247729
0.05120699998224154 0.0
0.05012400000123307 0.0013429999817162752
0.05012400000123307 1.00000761449337e-06
0.04645100000197999 0.0013890000118408352
0.04645100000197999 1.00000761449337e-06
0.06333199999062344 0.0023539999965578318
0.06333199999062344 0.0
0.06310900000971742 0.001820999983465299
0.06310900000971742 0.0
0.06267200000002049 0.001955999992787838
0.06267200000002049 0.0
0.06286999999429099 0.0018749999871943146
0.06286999999429099 9.999785106629133e-07
0.06565599999157712 0.0018660000059753656
0.06565599999157712 0.0
0.0647750000061933 0.0018399999826215208
0.0647750000061933 0.0
0.06636900000739843 0.0018700000073295087
0.06636900000739843 0.0
0.04875499999616295 0.0014159999846015126
0.04875499999616295 1.00000761449337e-06
0.050873000000137836 0.0014940000255592167
0.050873000000137836 0.0
0.057432000001426786 0.0017760000191628933
0.057432000001426786 1.00000761449337e-06
0.0563409999886062 0.0014899999951012433
0.0563409999886062 1.00000761449337e-06
0.05668899999000132 0.0014890000165905803
0.05668899999000132 0.0
0.05805099999997765 0.001424000016413629
0.05805099999997765 0.0
0.05909399999654852 0.0016120000218506902
0.05909399999654852 9.999785106629133e-07
0.059099000005517155 0.001500999991549179
0.059099000005517155 0.0
0.0599530000181403 0.0015300000086426735
0.0599530000181403 0.0
0.05702500001643784 0.0014809999847784638
0.05702500001643784 9.999785106629133e-07
0.056646999990334734 0.0014220000011846423
0.056646999990334734 1.00000761449337e-06
0.0576790000195615 0.0016050000267568976
0.0576790000195615 1.00000761449337e-06
0.07200800001737662 0.006514999986393377
0.07200800001737662 0.0
0.05607900000177324 0.0015899999998509884
0.05607900000177324 0.0
0.06012499998905696 0.0018660000059753656
0.06012499998905696 9.999785106629133e-07
0.05780000000959262 0.0016889999969862401
0.05780000000959262 1.00000761449337e-06
0.05694000000949018 0.0016419999883510172
0.05694000000949018 0.0
0.05335600001853891 0.00165200000628829
0.05335600001853891 0.0
0.054948999983025715 0.00161500001559034
0.054948999983025715 1.00000761449337e-06
0.05440800002543256 0.0013890000118408352
0.05440800002543256 0.0
0.07284300000173971 0.0019380000012461096
0.07284300000173971 0.0
0.07269400000222959 0.0023139999830164015
0.07269400000222959 0.0
0.07301699998788536 0.001867000013589859
0.07301699998788536 0.0
0.07162400000379421 0.001974000013433397
0.07162400000379421 0.0
0.05566699997871183 0.0013899999903514981
0.05566699997871183 0.0
0.07152100000530481 0.002211000013630837
0.07152100000530481 0.0
0.06967399999848567 0.0019170000159647316
0.06967399999848567 0.0
0.07217400000081398 0.0018470000068191439
0.07217400000081398 1.00000761449337e-06
0.05393200000980869 0.0013530000287573785
0.05393200000980869 0.0
0.05612900000414811 0.0015150000108405948
0.05612900000414811 1.00000761449337e-06
0.05790700000943616 0.0014139999984763563
0.05790700000943616 0.0
0.05659900000318885 0.0014740000187885016
0.05659900000318885 1.00000761449337e-06
0.05259000000660308 0.0012949999945703894
0.05259000000660308 0.0
0.05818900000303984 0.0015019999991636723
0.05818900000303984 1.00000761449337e-06
0.05388099999981932 0.0013809999800287187
0.05388099999981932 0.0
0.05384899998898618 0.0016149999864865094
0.05384899998898618 0.0
0.05518500000471249 0.0014680000022053719
0.05518500000471249 0.0
0.05250399999204092 0.001436999998986721
0.05250399999204092 9.999785106629133e-07
0.05411100000492297 0.0014290000253822654
0.05411100000492297 9.999785106629133e-07
0.05277000000933185 0.0017499999958090484
0.05277000000933185 0.0
0.05176900001242757 0.0015980000025592744
0.05176900001242757 1.00000761449337e-06
0.047229999996488914 0.0013829999952577055
0.047229999996488914 9.999785106629133e-07
0.04507300001569092 0.0012110000243410468
0.04507300001569092 1.00000761449337e-06
0.05197800000314601 0.0013749999925494194
0.05197800000314601 9.999785106629133e-07
0.04975999999442138 0.0013119999784976244
0.04975999999442138 0.0
0.05014200002187863 0.0013880000042263418
0.05014200002187863 0.0
0.051250999997137114 0.0014570000057574362
0.051250999997137114 0.0
0.049304000014672056 0.001336000015726313
0.049304000014672056 0.0
0.04918000000179745 0.0014389999851118773
0.04918000000179745 0.0
0.04949000000488013 0.0012989999959245324
0.04949000000488013 1.00000761449337e-06
0.05229900000267662 0.0013969999854452908
0.05229900000267662 1.00000761449337e-06
0.05437900000833906 0.001281000004382804
0.05437900000833906 1.00000761449337e-06
0.04599600000074133 0.0012679999927058816
0.04599600000074133 0.0
0.04420500001288019 0.0011949999898206443
0.04420500001288019 0.0
0.044227999984286726 0.0014009999867994338
0.044227999984286726 1.00000761449337e-06
0.044442999991588295 0.001166999980341643
0.044442999991588295 1.00000761449337e-06
0.04505100002279505 0.0013620000099763274
0.04505100002279505 0.0
0.04481399999349378 0.0011409999860916287
0.04481399999349378 9.999785106629133e-07
0.04391600002418272 0.0010939999774564058
0.04391600002418272 0.0
0.04428699999698438 0.001336999994236976
0.04428699999698438 1.00000761449337e-06
0.05807100000674836 0.0014070000033825636
0.05807100000674836 0.0
0.052804999984800816 0.0016130000003613532
0.052804999984800816 0.0
0.060096000001067296 0.0016830000095069408
0.060096000001067296 0.0
0.05865200000698678 0.001636000000871718
0.05865200000698678 0.0
0.0629029999836348 0.001636000000871718
0.0629029999836348 9.999785106629133e-07
0.04754199998569675 0.0011959999974351376
0.04754199998569675 1.00000761449337e-06
0.04684799999813549 0.0011609999928623438
0.04684799999813549 0.0
0.046174999995855615 0.001352000021142885
0.046174999995855615 0.0
0.04756099998485297 0.0012419999984558672
0.04756099998485297 0.0
0.04909000001498498 0.0015279999934136868
0.04909000001498498 1.00000761449337e-06
0.05372299998998642 0.0016140000079758465
0.05372299998998642 0.0
0.048442999977851287 0.001293000008445233
0.048442999977851287 0.0
0.05244300002232194 0.001361000002361834
0.05244300002232194 0.0
0.054831999994348735 0.0017309999966528267
0.054831999994348735 0.0
0.05639899999368936 0.0015420000127051026
0.05639899999368936 0.0
0.056386000011116266 0.0015540000167675316
0.056386000011116266 0.0
0.054280999989714473 0.0014559999981429428
0.054280999989714473 1.00000761449337e-06
0.06281400000443682 0.0023339999897871166
0.06281400000443682 1.00000761449337e-06
0.07525200000964105 0.0016940000059548765
0.07525200000964105 0.0
0.08162000001175329 0.0018450000206939876
0.08162000001175329 0.0
0.06378700002096593 0.001631000021006912
0.06378700002096593 0.0
0.06445000000530854 0.0017269999952986836
0.06445000000530854 1.00000761449337e-06
0.06487299999571405 0.0016119999927468598
0.06487299999571405 0.0
0.06400400001439266 0.0016339999856427312
0.06400400001439266 0.0
0.06037500000093132 0.0014720000035595149
0.06037500000093132 0.0
0.06166700000176206 0.0015919999859761447
0.06166700000176206 0.0
0.061865000025136396 0.0015810000186320394
0.061865000025136396 1.00000761449337e-06
0.0593010000011418 0.0014739999896846712
0.0593010000011418 1.00000761449337e-06
0.06020499998703599 0.001508000015746802
0.06020499998703599 1.00000761449337e-06
0.060333000001264736 0.0015529999800492078
0.060333000001264736 0.0
0.06015199999092147 0.0015019999991636723
0.06015199999092147 1.00000761449337e-06
0.05979800000204705 0.001467000023694709
0.05979800000204705 1.00000761449337e-06
0.056108999997377396 0.0013960000069346279
0.056108999997377396 9.999785106629133e-07
0.07488499997998588 0.0019890000112354755
0.07488499997998588 1.00000761449337e-06
0.0763390000211075 0.0020090000180061907
0.0763390000211075 0.0
0.07887299999129027 0.00208899998688139
0.07887299999129027 0.0
0.060575999988941476 0.0015669999993406236
0.060575999988941476 0.0
0.06443100000615232 0.0015830000047571957
0.06443100000615232 0.0
0.07254700001794845 0.0021149999811314046
0.07254700001794845 9.999785106629133e-07
0.08184800000162795 0.0020880000083707273
0.08184800000162795 1.00000761449337e-06
0.06172800000058487 0.0015359999961219728
0.06172800000058487 0.0
0.061153999995440245 0.0014709999959450215
0.061153999995440245 1.00000761449337e-06
0.057013000012375414 0.0014440000231843442
0.057013000012375414 1.00000761449337e-06
0.054386000003432855 0.0014229999796953052
0.054386000003432855 0.0
0.05764499999349937 0.0013960000069346279
0.05764499999349937 0.0
0.05911999999079853 0.0014640000008512288
0.05911999999079853 1.00000761449337e-06
0.05865200000698678 0.0014899999951012433
0.05865200000698678 9.999785106629133e-07
0.058603999990737066 0.0014950000040698797
0.058603999990737066 0.0
0.058970000012777746 0.0014950000040698797
0.058970000012777746 0.0
0.0591089999943506 0.001428999996278435
0.0591089999943506 0.0
0.06203200001618825 0.0015659999917261302
0.06203200001618825 0.0
0.061627999995835125 0.0016959999920800328
0.061627999995835125 1.00000761449337e-06
0.061108000023523346 0.0018730000010691583
0.061108000023523346 9.999785106629133e-07
0.06294100001105107 0.001828999986173585
0.06294100001105107 0.0
0.0642929999739863 0.002150000014808029
0.0642929999739863 1.00000761449337e-06
0.058501999999862164 0.0015539999876637012
0.058501999999862164 1.00000761449337e-06
0.060224999993806705 0.0017970000044442713
0.060224999993806705 0.0
0.06037399999331683 0.0017609999922569841
0.06037399999331683 1.00000761449337e-06
0.06218000000808388 0.0018229999986942858
0.06218000000808388 0.0
0.06203299999469891 0.0019500000053085387
0.06203299999469891 0.0
0.05966699999407865 0.0016919999907258898
0.05966699999407865 1.00000761449337e-06
0.057816000015009195 0.0015740000235382468
0.057816000015009195 0.0
0.05679300002520904 0.0018350000027567148
0.05679300002520904 0.0
0.05678400001488626 0.0016579999937675893
0.05678400001488626 0.0
0.06842100000358187 0.0021320000232663006
0.06842100000358187 0.0
0.05557199998293072 0.0013350000081118196
0.05557199998293072 0.0
0.055297000013524666 0.0018259999924339354
0.055297000013524666 0.0
0.05546699999831617 0.0014139999984763563
0.05546699999831617 0.0
0.0667189999949187 0.0016590000013820827
0.0667189999949187 0.0
0.05800299998372793 0.0016180000093299896
0.05800299998372793 0.0
0.05895500001497567 0.001512999995611608
0.05895500001497567 0.0
0.058296000002883375 0.0015759999805595726
0.058296000002883375 0.0
0.05849799999850802 0.0015180000045802444
0.05849799999850802 1.00000761449337e-06
0.057228999998187646 0.0015039999852888286
0.057228999998187646 0.0
0.05691299997852184 0.0015140000032261014
0.05691299997852184 0.0
0.05943900000420399 0.0016089999990072101
0.05943900000420399 0.0
0.05878299998585135 0.0017419999931007624
0.05878299998585135 1.00000761449337e-06
0.058864999999059364 0.001551000023027882
0.058864999999059364 0.0
0.05700599998817779 0.0014659999869763851
0.05700599998817779 9.999785106629133e-07
0.06326799999806099 0.002449000021442771
0.06326799999806099 0.0
0.06846899999072775 0.0018730000010691583
0.06846899999072775 0.0
0.06042600001092069 0.0016840000171214342
0.06042600001092069 0.0
0.059967000008327886 0.0015280000225175172
0.059967000008327886 0.0
0.05962700000964105 0.0015279999934136868
0.05962700000964105 0.0
0.0789869999862276 0.002011000004131347
0.0789869999862276 1.00000761449337e-06
0.08413999999174848 0.002298999985214323
0.08413999999174848 1.00000761449337e-06
0.061990999995032325 0.0015549999952781945
0.061990999995032325 1.00000761449337e-06
0.061803000018699095 0.001799000019673258
0.061803000018699095 0.0
0.0677469999936875 0.001808000000892207
0.0677469999936875 0.0
0.06371000001672655 0.0015790000034030527
0.06371000001672655 1.00000761449337e-06
0.0835359999909997 0.002187000005505979
0.0835359999909997 1.00000761449337e-06
0.06445200002053753 0.001660000008996576
0.06445200002053753 0.0
0.06720699998550117 0.001787000015610829
0.06720699998550117 1.00000761449337e-06
0.08813899999950081 0.002303999994182959
0.08813899999950081 1.00000761449337e-06
0.06740400000126101 0.0016119999927468598
0.06740400000126101 1.00000761449337e-06
0.06706699999631383 0.0016260000120382756
0.06706699999631383 0.0
0.06676499999593943 0.0016820000018924475
0.06676499999593943 0.0
0.06608499999856576 0.001555000024382025
0.06608499999856576 0.0
0.06542699999408796 0.0015490000077988952
0.06542699999408796 0.0
0.06034600001294166 0.001556000002892688
0.06034600001294166 0.0
0.06537500000558794 0.0015489999786950648
0.06537500000558794 1.00000761449337e-06
0.0829960000119172 0.0020539999823085964
0.0829960000119172 1.00000761449337e-06
0.0750570000091102 0.002115999988745898
0.0750570000091102 0.0
0.08238899998832494 0.0020920000097248703
0.08238899998832494 0.0
0.08136199999717064 0.002035000012256205
0.08136199999717064 0.0
0.08544900000561029 0.0020869999716524035
0.08544900000561029 0.0
0.06564099999377504 0.0015269999857991934
0.06564099999377504 0.0
0.06567400001222268 0.0015790000034030527
0.06567400001222268 0.0
0.06639500000164844 0.0016330000071320683
0.06639500000164844 0.0
0.07172300000092946 0.0040889999945648015
0.07172300000092946 0.0
0.06923399999504909 0.0017579999985173345
0.06923399999504909 0.0
0.07122600000002421 0.0019299999985378236
0.07122600000002421 1.00000761449337e-06
0.09201800002483651 0.0024280000070575625
0.09201800002483651 0.0
0.10030399999232031 0.004520000016782433
0.10030399999232031 0.0
0.09054599999217317 0.00261799999861978
0.09054599999217317 0.0
0.09313300001667812 0.0022390000231098384
0.09313300001667812 1.00000761449337e-06
0.09743799999705516 0.0026920000091195107
0.09743799999705516 0.0
0.07436599998618476 0.0018010000057984143
0.07436599998618476 0.0
0.07386100001167506 0.001791999995475635
0.07386100001167506 1.00000761449337e-06
0.07819099997868761 0.004461999982595444
0.07819099997868761 0.0
0.07724000001326203 0.001990999997360632
0.07724000001326203 0.0
0.07645500000216998 0.0018449999915901572
0.07645500000216998 0.0
0.0838930000027176 0.004578000021865591
0.0838930000027176 0.0
0.07880499999737367 0.0020139999978709966
0.07880499999737367 0.0
0.08168799997656606 0.0020790000271517783
0.08168799997656606 1.00000761449337e-06
0.08124699999461882 0.0019409999949857593
0.08124699999461882 0.0
0.08013099999516271 0.00197500002104789
0.08013099999516271 0.0
0.07953200000338256 0.0019580000080168247
0.07953200000338256 1.00000761449337e-06
0.07867399998940527 0.0019329999922774732
0.07867399998940527 0.0
0.07535999998799525 0.0018909999926108867
0.07535999998799525 9.999785106629133e-07
0.07527500001015142 0.001879999996162951
0.07527500001015142 0.0
0.0717729999742005 0.001787999994121492
0.0717729999742005 0.0
0.06656599999405444 0.0015899999998509884
0.06656599999405444 0.0
0.06734900001902133 0.0016860000032465905
0.06734900001902133 0.0
0.06943999999202788 0.0017060000100173056
0.06943999999202788 1.00000761449337e-06
0.06656100001418963 0.001715999998850748
0.06656100001418963 1.00000761449337e-06
0.066895999974804 0.0016590000013820827
0.066895999974804 1.00000761449337e-06
0.06433799999649636 0.0016119999927468598
0.06433799999649636 0.0
0.0845969999791123 0.0021940000005997717
0.0845969999791123 1.00000761449337e-06
0.08506700000725687 0.0021419999829959124
0.08506700000725687 0.0
0.08680300001287833 0.002179999981308356
0.08680300001287833 0.0
0.08641300001181662 0.0021940000005997717
0.08641300001181662 2.300000051036477e-05
0.08360400001402013 0.00221800000872463
0.08360400001402013 0.0
0.06479199999012053 0.0016269999905489385
0.06479199999012053 1.00000761449337e-06
0.06837399999494664 0.0016699999978300184
0.06837399999494664 0.0
0.06605100000160746 0.0016800000157672912
0.06605100000160746 1.00000761449337e-06
0.06639500000164844 0.0016119999927468598
0.06639500000164844 1.00000761449337e-06
0.06612600001972169 0.0016339999856427312
0.06612600001972169 0.0
0.06736300000920892 0.0016109999851323664
0.06736300000920892 1.00000761449337e-06
0.06735199998365715 0.001664000010350719
0.06735199998365715 1.00000761449337e-06
0.06648899998981506 0.0017590000061318278
0.06648899998981506 0.0
0.06621499999891967 0.0016210000030696392
0.06621499999891967 1.00000761449337e-06
0.06616200000280514 0.0021169999963603914
0.06616200000280514 0.0
0.06579299998702481 0.0019449999963399023
0.06579299998702481 0.0
0.0662550000124611 0.0017010000010486692
0.0662550000124611 0.0
0.06721399998059496 0.001963000016985461
0.06721399998059496 0.0
0.06731399998534471 0.002107000007526949
0.06731399998534471 9.999785106629133e-07
0.0666790000104811 0.0017760000191628933
0.0666790000104811 0.0
0.06692300000577234 0.0018280000076629221
0.06692300000577234 0.0
0.07079900000826456 0.002445999998599291
0.07079900000826456 1.00000761449337e-06
0.07279499998549 0.002206000004662201
0.07279499998549 0.0
0.07207500000367872 0.001999000000068918
0.07207500000367872 1.00000761449337e-06
0.07299300000886433 0.0017740000039339066
0.07299300000886433 0.0
0.07377300001098774 0.0019240000110585243
0.07377300001098774 0.0
0.07321700002648868 0.0019029999966733158
0.07321700002648868 0.0
0.07458000001497567 0.001791999995475635
0.07458000001497567 1.00000761449337e-06
0.07198999999673106 0.001707000017631799
0.07198999999673106 0.0
0.07233100000303239 0.0019349999784026295
0.07233100000303239 1.00000761449337e-06
0.07238200001302175 0.0019749999919440597
0.07238200001302175 0.0
0.07263899999088608 0.0017170000064652413
0.07263899999088608 0.0
0.07158800002071075 0.0018220000201836228
0.07158800002071075 1.00000761449337e-06
0.07127099999343045 0.002183000004151836
0.07127099999343045 0.0
0.07359300000825897 0.0020139999978709966
0.07359300000825897 0.0
0.07170800000312738 0.0017050000024028122
0.07170800000312738 1.00000761449337e-06
0.07624500000383705 0.002271000004839152
0.07624500000383705 1.00000761449337e-06
0.08307199997943826 0.0021539999870583415
0.08307199997943826 0.0
0.07661600000574253 0.0019380000012461096
0.07661600000574253 0.0
0.07719399998313747 0.0018219999910797924
0.07719399998313747 0.0
0.07610000000568107 0.0018389999750070274
0.07610000000568107 9.999785106629133e-07
0.07634900000994094 0.002076999982818961
0.07634900000994094 0.0
0.09989499999210238 0.00258100000792183
0.09989499999210238 1.00000761449337e-06
0.1063809999905061 0.0028679999813903123
0.1063809999905061 0.0
0.07940799999050796 0.0018770000024233013
0.07940799999050796 0.0
0.07922899999539368 0.0019200000097043812
0.07922899999539368 0.0
0.08115100002032705 0.0020840000070165843
0.08115100002032705 0.0
0.08157000000937842 0.0019770000071730465
0.08157000000937842 1.00000761449337e-06
0.07787600002484396 0.0018850000051315874
0.07787600002484396 0.0
0.07948700000997633 0.001980999979423359
0.07948700000997633 0.0
0.08031200000550598 0.0020099999965168536
0.08031200000550598 0.0
0.07735999999567866 0.0018850000051315874
0.07735999999567866 0.0
0.07479800001601689 0.0017749999824445695
0.07479800001601689 0.0
0.07509900000877678 0.001875000016298145
0.07509900000877678 0.0
0.07255199999781325 0.0017019999795593321
0.07255199999781325 9.999785106629133e-07
0.07251200001337565 0.001744999986840412
0.07251200001337565 1.00000761449337e-06
0.0710700000054203 0.0017330000118818134
0.0710700000054203 9.999785106629133e-07
0.07121900000493042 0.00173200000426732
0.07121900000493042 0.0
0.07070800001383759 0.0017299999890383333
0.07070800001383759 9.999785106629133e-07
0.07231300001149066 0.00172899998142384
0.07231300001149066 0.0
0.07153799998923205 0.0017269999952986836
0.07153799998923205 0.0
0.07422099998802878 0.00229800000670366
0.07422099998802878 9.999785106629133e-07
0.07664199999999255 0.0018600000184960663
0.07664199999999255 1.00000761449337e-06
0.1024889999825973 0.002812000020639971
0.1024889999825973 0.0
0.10352199999033473 0.0025880000030156225
0.10352199999033473 0.0
0.10439100000075996 0.0026289999950677156
0.10439100000075996 9.999785106629133e-07
0.10396700000273995 0.0026639999996405095
0.10396700000273995 0.0
0.11286500000278465 0.0029309999954421073
0.11286500000278465 1.00000761449337e-06
0.11425299997790717 0.0027969999937340617
0.11425299997790717 1.00000761449337e-06
0.11448099999688566 0.0028520000050775707
0.11448099999688566 1.00000761449337e-06
0.09831599998869933 0.00217500000144355
0.09831599998869933 1.00000761449337e-06
0.08333600001060404 0.002035000012256205
0.08333600001060404 1.00000761449337e-06
0.08560300001408905 0.0020490000024437904
0.08560300001408905 0.0
0.08424200001172721 0.00213199999416247
0.08424200001172721 0.0
0.0841939999954775 0.002066999993985519
0.0841939999954775 1.00000761449337e-06
0.08328900000196882 0.0020170000207144767
0.08328900000196882 0.0
0.08693599997786805 0.002078999998047948
0.08693599997786805 0.0
0.10637200000928715 0.0026929999876301736
0.10637200000928715 0.0
0.0816249999916181 0.0019829999946523458
0.0816249999916181 0.0
0.10871900001075119 0.002710000000661239
0.10871900001075119 9.999785106629133e-07
0.08209299997542985 0.001959000015631318
0.08209299997542985 1.00000761449337e-06
0.0839609999966342 0.0021619999897666276
0.0839609999966342 0.0
0.08052000001771376 0.001992999983485788
0.08052000001771376 1.00000761449337e-06
0.08084599999710917 0.0021220000053290278
0.08084599999710917 1.00000761449337e-06
0.1072310000017751 0.0027640000043902546
0.1072310000017751 0.0
0.09413000001222827 0.0025520000199321657
0.09413000001222827 1.00000761449337e-06
0.08383200000389479 0.002007999981287867
0.08383200000389479 1.00000761449337e-06
0.11410400000750087 0.006672000017715618
0.11410400000750087 0.0
0.09008299998822622 0.005180999985896051
0.09008299998822622 0.0
0.08755900000687689 0.002193000022089109
0.08755900000687689 0.0
0.0836940000008326 0.0020610000065062195
0.0836940000008326 0.0
0.11355199999525212 0.002820000023348257
0.11355199999525212 0.0
0.11256999999750406 0.002806999982567504
0.11256999999750406 0.0
0.10800300000119023 0.0029349999967962503
0.10800300000119023 0.0
0.11527799998293631 0.0029329999815672636
0.11527799998293631 0.0
0.08315399999264628 0.0020000000076834112
0.08315399999264628 1.00000761449337e-06
0.08970599999884143 0.0022889999963808805
0.08970599999884143 0.0
0.11997900001006201 0.002933999989181757
0.11997900001006201 1.00000761449337e-06
0.08898999998928048 0.0021659999911207706
0.08898999998928048 1.00000761449337e-06
0.08884799998486415 0.0021140000026207417
0.08884799998486415 0.0
0.09210500001790933 0.005274000024655834
0.09210500001790933 9.999785106629133e-07
0.08938300001318567 0.0021370000031311065
0.08938300001318567 0.0
0.09215300000505522 0.002146999991964549
0.09215300000505522 0.0
0.08927299999049865 0.0020960000110790133
0.08927299999049865 0.0
0.08862900000531226 0.002214000007370487
0.08862900000531226 1.00000761449337e-06
0.08998099999735132 0.002202000003308058
0.08998099999735132 9.999785106629133e-07
0.09119499998632818 0.0022450000105891377
0.09119499998632818 1.00000761449337e-06
0.11666100000729784 0.003068999998504296
0.11666100000729784 0.0
0.08993499999633059 0.0023609999916516244
0.08993499999633059 1.00000761449337e-06
0.09068299998762086 0.0021659999911207706
0.09068299998762086 9.999785106629133e-07
0.08939700000337325 0.0023379999911412597
0.08939700000337325 1.00000761449337e-06
0.0975449999968987 0.0023410000139847398
0.0975449999968987 1.00000761449337e-06
0.09099500000593252 0.0022089999984018505
0.09099500000593252 1.00000761449337e-06
0.08756300000823103 0.0021380000107456
0.08756300000823103 0.0
0.0877500000060536 0.0021320000232663006
0.0877500000060536 0.0
0.08614500000840053 0.002098000026308
0.08614500000840053 0.0
0.08759499998996034 0.0020469999872148037
0.08759499998996034 0.0
0.08960800000932068 0.00217199997860007
0.08960800000932068 0.0
0.0921729999827221 0.0023400000063702464
0.0921729999827221 0.0
0.09074099999270402 0.0022210000024642795
0.09074099999270402 0.0
0.09234699999797158 0.0021800000104121864
0.09234699999797158 0.0
0.09361700000590645 0.005464999994728714
0.09361700000590645 0.0
0.09397599997464567 0.0025679999962449074
0.09397599997464567 1.00000761449337e-06
0.09592999998130836 0.0024930000072345138
0.09592999998130836 0.0
0.09599299999536015 0.0023250000085681677
0.09599299999536015 0.0
0.11960800000815652 0.003351999999722466
0.11960800000815652 0.0
0.09684199999901466 0.0023339999897871166
0.09684199999901466 1.00000761449337e-06
0.09726999999838881 0.002361999999266118
0.09726999999838881 0.0
0.09388999998918734 0.0025880000030156225
0.09388999998918734 1.00000761449337e-06
0.09351799997966737 0.002443000004859641
0.09351799997966737 0.0
0.09382700000423938 0.002226999989943579
0.09382700000423938 1.00000761449337e-06
0.09309999999823049 0.002219999994849786
0.09309999999823049 9.999785106629133e-07
0.09148999999160878 0.002238999994006008
0.09148999999160878 1.00000761449337e-06
0.09254799998598173 0.002222000010078773
0.09254799998598173 1.00000761449337e-06
0.09083299999474548 0.002246999996714294
0.09083299999474548 0.0
0.0926669999898877 0.002199999988079071
0.0926669999898877 0.0
0.09403999999631196 0.00241499999538064
0.09403999999631196 0.0
0.09385600002133287 0.002322000014828518
0.09385600002133287 0.0
0.09356400000979193 0.0023890000011306256
0.09356400000979193 0.0
0.09488899999996647 0.002435000002151355
0.09488899999996647 1.00000761449337e-06
0.10466200002701953 0.0023710000095888972
0.10466200002701953 0.0
0.11894000001484528 0.002818999986629933
0.11894000001484528 0.0
0.1197939999983646 0.002921999985119328
0.1197939999983646 0.0
0.08971900001051836 0.002142999990610406
0.08971900001051836 0.0
0.11924500000895932 0.003049999999348074
0.11924500000895932 0.0
0.08948100000270642 0.002154999994672835
0.08948100000270642 1.00000761449337e-06
0.11529899999732152 0.002290000003995374
0.11529899999732152 1.00000761449337e-06
0.10264899997855537 0.002282000001287088
0.10264899997855537 1.00000761449337e-06
0.09268600001814775 0.0022530000132974237
0.09268600001814775 0.0
0.09127900001476519 0.002259000000776723
0.09127900001476519 0.0
0.09126700001070276 0.0023459999938495457
0.09126700001070276 9.999785106629133e-07
0.09113499999511987 0.002171000000089407
0.09113499999511987 1.00000761449337e-06
0.09169299999484792 0.002162999997381121
0.09169299999484792 0.0
0.09095800001523457 0.0022129999997559935
0.09095800001523457 1.00000761449337e-06
0.09199099999386817 0.0022009999956935644
0.09199099999386817 0.0
0.09211100000538863 0.0021920000144746155
0.09211100000538863 1.00000761449337e-06
0.09215199999744073 0.002183000004151836
0.09215199999744073 0.0
0.09099600001354702 0.0021720000077039003
0.09099600001354702 0.0
0.09066600000369363 0.0022739999985788018
0.09066600000369363 1.00000761449337e-06
0.09261200000764802 0.0021619999897666276
0.09261200000764802 0.0
0.09185100000468083 0.002202000003308058
0.09185100000468083 1.00000761449337e-06
0.09435100000700913 0.002386999985901639
0.09435100000700913 0.0
0.09461900001042522 0.0023710000095888972
0.09461900001042522 0.0
0.09380999999120831 0.0023400000063702464
0.09380999999120831 1.00000761449337e-06
0.09266799999750219 0.002287000010255724
0.09266799999750219 0.0
0.12160399998538196 0.003108000004431233
0.12160399998538196 1.00000761449337e-06
0.09439600000041537 0.0023809999984223396
0.09439600000041537 1.00000761449337e-06
0.11490700001013465 0.003349999984493479
0.11490700001013465 1.00000761449337e-06
0.12492699999711476 0.003005000005941838
0.12492699999711476 0.0
0.09409900000900961 0.002449999999953434
0.09409900000900961 0.0
0.09518000000389293 0.002435000002151355
0.09518000000389293 0.0
0.12641999998595566 0.007845999993151054
0.12641999998595566 1.00000761449337e-06
0.13239400001475587 0.0035069999867118895
0.13239400001475587 9.999785106629133e-07
0.09742800000822172 0.0022969999990891665
0.09742800000822172 1.00000761449337e-06
0.1256629999843426 0.003244999999878928
0.1256629999843426 0.0
0.1185119999863673 0.0031719999969936907
0.1185119999863673 0.0
0.09943500001099892 0.0023119999968912452
0.09943500001099892 0.0
0.1290420000150334 0.003204000007826835
0.1290420000150334 1.00000761449337e-06
0.09636999998474494 0.002357999997911975
0.09636999998474494 1.00000761449337e-06
0.09539600001880899 0.002326000016182661
0.09539600001880899 0.0
0.10440700000617653 0.0024280000070575625
0.10440700000617653 0.0
0.10143900002003647 0.0025129999849013984
0.10143900002003647 0.0
0.09627099998760968 0.0023520000104326755
0.09627099998760968 0.0
0.09711800000513904 0.0023339999897871166
0.09711800000513904 0.0
0.09659500000998378 0.0024120000016409904
0.09659500000998378 0.0
0.11851400000159629 0.0027740000223275274
0.11851400000159629 9.999785106629133e-07
0.09875199999078177 0.0024120000016409904
0.09875199999078177 0.0
0.11813799999072216 0.0033659999899100512
0.11813799999072216 1.00000761449337e-06
0.13179899999522604 0.0032439999922644347
0.13179899999522604 1.00000761449337e-06
0.10037000000011176 0.00233499999740161
0.10037000000011176 1.00000761449337e-06
0.09923299998627044 0.0024050000065471977
0.09923299998627044 1.00000761449337e-06
0.09979000000748783 0.0022969999990891665
0.09979000000748783 0.0
0.098002999991877 0.0023119999968912452
0.098002999991877 0.0
0.10049399998388253 0.002361999999266118
0.10049399998388253 1.00000761449337e-06
0.09928399999625981 0.002357999997911975
0.09928399999625981 1.00000761449337e-06
0.09979599999496713 0.0023870000150054693
0.09979599999496713 0.0
0.10178500000620261 0.0024930000072345138
0.10178500000620261 0.0
0.10582600001362152 0.0062000000034458935
0.10582600001362152 0.0
0.11953500000527129 0.0033389999880455434
0.11953500000527129 0.0
0.1358990000153426 0.003687999997055158
0.1358990000153426 0.0
0.13615500001469627 0.0033100000000558794
0.13615500001469627 0.0
0.10526700000627898 0.0025240000104531646
0.10526700000627898 0.0
0.10399400000460446 0.0024590000102762133
0.10399400000460446 0.0
0.10332500000367872 0.0024090000079013407
0.10332500000367872 0.0
0.1035330000158865 0.0024939999857451767
0.1035330000158865 0.0
0.10364699998172 0.0025019999884534627
0.10364699998172 1.00000761449337e-06
0.10362999999779277 0.0025010000099428
0.10362999999779277 1.00000761449337e-06
0.10266600002069026 0.002457000024151057
0.10266600002069026 0.0
0.10779400001047179 0.002785000018775463
0.10779400001047179 0.0
0.109574000001885 0.0063430000154767185
0.109574000001885 1.00000761449337e-06
0.11317500000586733 0.007676999986870214
0.11317500000586733 9.999785106629133e-07
0.11803499999223277 0.006469000014476478
0.11803499999223277 1.00000761449337e-06
0.11734499997692183 0.0070180000038817525
0.11734499997692183 1.00000761449337e-06
0.12074399998527952 0.00318100000731647
0.12074399998527952 1.00000761449337e-06
0.12811600000713952 0.0033030000049620867
0.12811600000713952 1.00000761449337e-06
0.12856900002225302 0.0028400000010151416
0.12856900002225302 9.999785106629133e-07
0.11907300000893883 0.0027920000138692558
0.11907300000893883 0.0
0.1154499999829568 0.0027460000128485262
0.1154499999829568 0.0
0.11576899999636225 0.0028059999749530107
0.11576899999636225 0.0
0.11472899999353103 0.002669999987119809
0.11472899999353103 0.0
0.11265500000445172 0.0028340000135358423
0.11265500000445172 0.0
0.11672799999359995 0.0028609999862965196
0.11672799999359995 0.0
0.12034299998776987 0.0029780000040773302
0.12034299998776987 0.0
0.11532700000680052 0.002861999993911013
0.11532700000680052 0.0
0.1464540000015404 0.003691999998409301
0.1464540000015404 0.0
0.15079799998784438 0.004061999992700294
0.15079799998784438 1.00000761449337e-06
0.14993200000026263 0.003912000014679506
0.14993200000026263 0.0
0.1284719999821391 0.0027119999867863953
0.1284719999821391 0.0
0.1363390000187792 0.004405000014230609
0.1363390000187792 1.00000761449337e-06
0.13914199999999255 0.0026160000124946237
0.13914199999999255 0.0
0.10916100000031292 0.0025730000052135438
0.10916100000031292 1.00000761449337e-06
0.11063799998373725 0.0029180000128690153
0.11063799998373725 0.0
0.11089899999205954 0.0025889999815262854
0.11089899999205954 0.0
0.10902000000351109 0.0026160000124946237
0.10902000000351109 1.00000761449337e-06
0.10465900000417605 0.002431000000797212
0.10465900000417605 0.0
0.10665200001676567 0.002478000009432435
0.10665200001676567 0.0
0.11166599998250604 0.002689999993890524
0.11166599998250604 0.0
0.11227000001235865 0.0026579999830573797
0.11227000001235865 0.0
0.13550099998246878 0.0033939999993890524
0.13550099998246878 1.00000761449337e-06
0.11002100000041537 0.002594999998109415
0.11002100000041537 0.0
0.1096409999881871 0.003404999995836988
0.1096409999881871 1.00000761449337e-06
0.13584200001787394 0.0026630000211298466
0.13584200001787394 0.0
0.10443900001700968 0.002425000013317913
0.10443900001700968 0.0
0.10545999999158084 0.0024979999870993197
0.10545999999158084 0.0
0.10461799998302013 0.0025559999921824783
0.10461799998302013 0.0
0.10412599999108352 0.002454000001307577
0.10412599999108352 0.0
0.1052229999913834 0.0025040000036824495
0.1052229999913834 0.0
0.10628800000995398 0.002517000015359372
0.10628800000995398 1.00000761449337e-06
0.10604899999452755 0.002462000004015863
0.10604899999452755 0.0
0.10505000001285225 0.0024970000085886568
0.10505000001285225 0.0
0.10571899998467416 0.00253800000064075
0.10571899998467416 0.0
0.10509100000490434 0.002742999990005046
0.10509100000490434 0.0
0.10638799998559989 0.002562999987276271
0.10638799998559989 0.0
0.13649800000712276 0.0034420000156387687
0.13649800000712276 0.0
0.10622799998964183 0.0024799999955575913
0.10622799998964183 1.00000761449337e-06
0.10590399999637157 0.002513000014005229
0.10590399999637157 1.00000761449337e-06
0.11542200000258163 0.0042320000065956265
0.11542200000258163 1.00000761449337e-06
0.13113600001088344 0.0032799999753478914
0.13113600001088344 1.00000761449337e-06
0.15025299999979325 0.004514000000199303
0.15025299999979325 9.999785106629133e-07
0.11600700000417419 0.002781999995931983
0.11600700000417419 0.0
0.10961099999258295 0.002726000006077811
0.10961099999258295 0.0
0.1121080000011716 0.0028469999961089343
0.1121080000011716 0.0
0.11266199999954551 0.002880000014556572
0.11266199999954551 0.0
0.1112250000005588 0.0028319999983068556
0.1112250000005588 1.00000761449337e-06
0.11200399999506772 0.002949000016087666
0.11200399999506772 1.00000761449337e-06
0.12459500000113621 0.003616999980295077
0.12459500000113621 1.00000761449337e-06
0.14270900000701658 0.003763999993680045
0.14270900000701658 9.999785106629133e-07
0.14598199998727068 0.003655000007711351
0.14598199998727068 1.00000761449337e-06
0.1489350000047125 0.0036989999935030937
0.1489350000047125 0.0
0.14408900000853464 0.003364000003784895
0.14408900000853464 1.00000761449337e-06
0.1170490000222344 0.002720000018598512
0.1170490000222344 1.00000761449337e-06
0.11555399998906069 0.0026289999950677156
0.11555399998906069 9.999785106629133e-07
0.13345999998273328 0.003973999992012978
0.13345999998273328 9.999785106629133e-07
0.14940799999749288 0.0036770000006072223
0.14940799999749288 9.999785106629133e-07
0.14039399998728186 0.003691999998409301
0.14039399998728186 9.999785106629133e-07
0.14944399998057634 0.003916999994544312
0.14944399998057634 0.0
0.1565089999930933 0.003956000000471249
0.1565089999930933 1.00000761449337e-06
0.1559220000053756 0.00390999999945052
0.1559220000053756 0.0
0.15553400001954287 0.003961000009439886
0.15553400001954287 0.0
0.115869000001112 0.0028799999854527414
0.115869000001112 0.0
0.11493599999812432 0.003161999979056418
0.11493599999812432 1.00000761449337e-06
0.1183139999920968 0.002830999990692362
0.1183139999920968 0.0
0.11886499999673106 0.0028590000001713634
0.11886499999673106 9.999785106629133e-07
0.11324500001501292 0.002705999999307096
0.11324500001501292 0.0
0.15242299999226816 0.003755999990971759
0.15242299999226816 0.0
0.1487310000229627 0.003964000003179535
0.1487310000229627 9.999785106629133e-07
0.15297900000587106 0.0041099999798461795
0.15297900000587106 1.00000761449337e-06
0.1178980000258889 0.002745000005234033
0.1178980000258889 0.0
0.1401250000053551 0.0037789999914821237
0.1401250000053551 0.0
0.1158220000215806 0.002726000006077811
0.1158220000215806 0.0
0.1522269999841228 0.0038080000085756183
0.1522269999841228 0.0
0.14273699998739175 0.003888999985065311
0.14273699998739175 0.0
0.15303899999707937 0.003708000003825873
0.15303899999707937 1.00000761449337e-06
0.1463999999978114 0.0039000000106170774
0.1463999999978114 0.0
0.15372699999716133 0.003691999998409301
0.15372699999716133 1.00000761449337e-06
0.14598500001011416 0.002869000018108636
0.14598500001011416 0.0
0.15102600000682287 0.003708999982336536
0.15102600000682287 0.0
0.11554299999261275 0.002853000012692064
0.11554299999261275 0.0
0.15445299999555573 0.003710999997565523
0.15445299999555573 0.0
0.15432400000281632 0.0036330000148154795
0.15432400000281632 0.0
0.15690500001073815 0.0038899999926798046
0.15690500001073815 0.0
0.15727299998980016 0.0038819999899715185
0.15727299998980016 0.0
0.15971300000092015 0.0037480000173673034
0.15971300000092015 0.0
0.11927900000591762 0.00282100000185892
0.11927900000591762 0.0
0.1261159999994561 0.002825000003213063
0.1261159999994561 9.999785106629133e-07
0.11765800000284798 0.0027809999883174896
0.11765800000284798 0.0
0.15735500000300817 0.0038490000006277114
0.15735500000300817 0.0
0.15973699997994117 0.004051000025356188
0.15973699997994117 0.0
0.16449999998440035 0.009587000007741153
0.16449999998440035 0.0
0.15803900000173599 0.003488999995170161
0.15803900000173599 0.0
0.11933899999712594 0.002802000002702698
0.11933899999712594 1.00000761449337e-06
0.12354400000185706 0.00294100001337938
0.12354400000185706 0.0
0.12146899997605942 0.0032890000147745013
0.12146899997605942 0.0
0.12150999999721535 0.002865000016754493
0.12150999999721535 0.0
0.1508730000059586 0.004173000023001805
0.1508730000059586 9.999785106629133e-07
0.16097600001376122 0.0037869999941904098
0.16097600001376122 1.00000761449337e-06
0.16592699999455363 0.009714000014355406
0.16592699999455363 0.0
0.1280339999939315 0.003345999983139336
0.1280339999939315 0.0
0.12582600000314415 0.003411000012420118
0.12582600000314415 0.0
0.12706500000786036 0.003056000015931204
0.12706500000786036 1.00000761449337e-06
0.16028999999980442 0.004274999984772876
0.16028999999980442 0.0
0.13051899999845773 0.003177000005962327
0.13051899999845773 1.00000761449337e-06
0.17092699999921024 0.004271999991033226
0.17092699999921024 0.0
0.12809699997887947 0.003156999999191612
0.12809699997887947 0.0
0.16591800001333468 0.003974000021116808
0.16591800001333468 0.0
0.12710599999991246 0.0031149999995250255
0.12710599999991246 1.00000761449337e-06
0.1301040000107605 0.00725100000272505
0.1301040000107605 0.0
0.12856000001193024 0.003296999988378957
0.12856000001193024 1.00000761449337e-06
0.1286930000060238 0.0033300000068265945
0.1286930000060238 1.00000761449337e-06
0.12917400000151247 0.0034260000102221966
0.12917400000151247 1.00000761449337e-06
0.12752400001045316 0.0032150000042747706
0.12752400001045316 0.0
0.1257560000231024 0.0032350000110454857
0.1257560000231024 1.00000761449337e-06
0.12705199999618344 0.0033530000073369592
0.12705199999618344 1.00000761449337e-06
0.16828099999111146 0.0043880000011995435
0.16828099999111146 0.0
0.16629000002285466 0.0040210000006482005
0.16629000002285466 0.0
0.15262900001835078 0.004134999995585531
0.15262900001835078 1.00000761449337e-06
0.15758900000946596 0.004346000001532957
0.15758900000946596 9.999785106629133e-07
0.1681430000171531 0.004142000019783154
0.1681430000171531 0.0
0.1678529999917373 0.0041979999805334955
0.1678529999917373 0.0
0.16849700000602752 0.004292999976314604
0.16849700000602752 9.999785106629133e-07
0.16829900001175702 0.0042360000079497695
0.16829900001175702 0.0
0.1315830000094138 0.007339999981923029
0.1315830000094138 0.0
0.1320570000098087 0.005131000012625009
0.1320570000098087 0.0
0.13101199999800883 0.003296999988378957
0.13101199999800883 9.999785106629133e-07
0.16158799998811446 0.003169000003254041
0.16158799998811446 0.0
0.17024000000674278 0.004339000006439164
0.17024000000674278 0.0
0.15413900002022274 0.004268000018782914
0.15413900002022274 9.999785106629133e-07
0.1273020000080578 0.0030120000010356307
0.1273020000080578 1.00000761449337e-06
0.12474400000064634 0.003001000004587695
0.12474400000064634 0.0
0.1266919999907259 0.0030120000010356307
0.1266919999907259 0.0
0.12629600000218488 0.003109999990556389
0.12629600000218488 0.0
0.1289589999942109 0.0030329999863170087
0.1289589999942109 0.0
0.12725799999316223 0.0029860000067856163
0.12725799999316223 0.0
0.1296040000161156 0.003077000001212582
0.1296040000161156 1.00000761449337e-06
0.12967599998228252 0.0030660000047646463
0.12967599998228252 9.999785106629133e-07
0.1302420000138227 0.003152999997837469
0.1302420000138227 0.0
0.12956500001018867 0.0034029999806080014
0.12956500001018867 0.0
0.16203400000813417 0.0041480000072624534
0.16203400000813417 9.999785106629133e-07
0.17110599999432452 0.0043249999871477485
0.17110599999432452 0.0
0.16306399999302812 0.004287999996449798
0.16306399999302812 1.00000761449337e-06
0.16434499999741092 0.0043710000172723085
0.16434499999741092 0.0
0.16337099997326732 0.0036060000129509717
0.16337099997326732 0.0
0.16288399999029934 0.004472999979043379
0.16288399999029934 0.0
0.16664899999159388 0.0041849999979604036
0.16664899999159388 0.0
0.17202200001338497 0.004427999985637143
0.17202200001338497 0.0
0.16191200001048855 0.004163000005064532
0.16191200001048855 9.999785106629133e-07
0.1744460000190884 0.004158999974606559
0.1744460000190884 1.00000761449337e-06
0.1733959999983199 0.004205000004731119
0.1733959999983199 0.0
0.15906999999424443 0.0046199999924283475
0.15906999999424443 1.00000761449337e-06
0.17542800001683645 0.0041480000072624534
0.17542800001683645 0.0
0.13147800002479926 0.003072999999858439
0.13147800002479926 9.999785106629133e-07
0.1324730000051204 0.0033359999943058938
0.1324730000051204 0.0
0.1334389999974519 0.0031780000135768205
0.1334389999974519 1.00000761449337e-06
0.13306100000045262 0.003192000003764406
0.13306100000045262 1.00000761449337e-06
0.13332500000251457 0.0031250000174622983
0.13332500000251457 0.0
0.17567399999825284 0.0044809999817516655
0.17567399999825284 9.999785106629133e-07
0.16994399999384768 0.010321999987354502
0.16994399999384768 1.00000761449337e-06
0.1804499999852851 0.004527999990386888
0.1804499999852851 1.00000761449337e-06
0.17267600001650862 0.004277000000001863
0.17267600001650862 0.0
0.1792940000013914 0.004374999989522621
0.1792940000013914 1.00000761449337e-06
0.1745449999871198 0.004346000001532957
0.1745449999871198 0.0
0.17403399999602698 0.004301999986637384
0.17403399999602698 0.0
0.17808700000750832 0.004416000010678545
0.17808700000750832 1.00000761449337e-06
0.17587199999252334 0.00450399998226203
0.17587199999252334 9.999785106629133e-07
0.13975199998822063 0.00326399999903515
0.13975199998822063 1.00000761449337e-06
0.137447000015527 0.0032660000142641366
0.137447000015527 0.0
0.14090899997972883 0.007972999999765307
0.14090899997972883 9.999785106629133e-07
0.14178100001299754 0.0035920000227633864
0.14178100001299754 0.0
0.1400900000007823 0.0033830000029411167
0.1400900000007823 0.0
0.179788000008557 0.004370000009657815
0.179788000008557 1.00000761449337e-06
0.1855539999960456 0.003503000014461577
0.1855539999960456 1.00000761449337e-06
0.14282599999569356 0.003331000014441088
0.14282599999569356 1.00000761449337e-06
0.1424610000103712 0.0035290000087115914
0.1424610000103712 1.00000761449337e-06
0.14473599998746067 0.003560000011930242
0.14473599998746067 9.999785106629133e-07
0.14436299999943003 0.0035479999787639827
0.14436299999943003 0.0
0.14310600000317208 0.0034309999900870025
0.14310600000317208 0.0
0.1456270000198856 0.0034949999826494604
0.1456270000198856 1.00000761449337e-06
0.14392999999108724 0.003523999999742955
0.14392999999108724 1.00000761449337e-06
0.1431639999791514 0.0034220000088680536
0.1431639999791514 1.00000761449337e-06
0.14497199998004362 0.003572999994503334
0.14497199998004362 0.0
0.1469609999912791 0.008089999988442287
0.1469609999912791 1.00000761449337e-06
0.14777199999662116 0.008535000000847504
0.14777199999662116 0.0
0.18082100001629442 0.005037999973865226
0.18082100001629442 0.0
0.17476500000339001 0.0036189999955240637
0.17476500000339001 1.00000761449337e-06
0.15060900000389665 0.003599999996367842
0.15060900000389665 1.00000761449337e-06
0.1646630000032019 0.004700999998021871
0.1646630000032019 0.0
0.19500599999446422 0.004920000006677583
0.19500599999446422 0.0
0.18717400002060458 0.005053000000771135
0.18717400002060458 0.0
0.19544199999654666 0.004642999992938712
0.19544199999654666 1.00000761449337e-06
0.1906439999875147 0.004631000017980114
0.1906439999875147 1.00000761449337e-06
0.19452499999897555 0.004397999990032986
0.19452499999897555 1.00000761449337e-06
0.1902469999913592 0.004625000001396984
0.1902469999913592 1.00000761449337e-06
0.1963139999716077 0.004805000004125759
0.1963139999716077 1.00000761449337e-06
0.1974880000052508 0.004584000009344891
0.1974880000052508 1.00000761449337e-06
0.18598900001961738 0.004753999994136393
0.18598900001961738 0.0
0.18783900002017617 0.004748999985167757
0.18783900002017617 1.00000761449337e-06
0.19492500001797453 0.005195000005187467
0.19492500001797453 1.00000761449337e-06
0.1927330000034999 0.004984999977750704
0.1927330000034999 0.0
0.17989099997794256 0.004883999994490296
0.17989099997794256 9.999785106629133e-07
0.1870560000243131 0.00508200001786463
0.1870560000243131 1.00000761449337e-06
0.1936989999958314 0.004769999999552965
0.1936989999958314 0.0
0.1996320000034757 0.004772999993292615
0.1996320000034757 0.0
0.2024270000110846 0.00490699999500066
0.2024270000110846 1.00000761449337e-06
0.19359500001883134 0.004853999998886138
0.19359500001883134 1.00000761449337e-06
0.1986789999937173 0.004786000004969537
0.1986789999937173 0.0
0.1962690000073053 0.004671000002417713
0.1962690000073053 0.0
0.19839000000501983 0.012004999996861443
0.19839000000501983 1.00000761449337e-06
0.19186799999442883 0.005145000002812594
0.19186799999442883 9.999785106629133e-07
0.19595399999525398 0.005103000003146008
0.19595399999525398 1.00000761449337e-06
0.20304999998188578 0.004905000008875504
0.20304999998188578 0.0
0.20371699999668635 0.004749000014271587
0.20371699999668635 1.00000761449337e-06
0.17044899999746121 0.004621999978553504
0.17044899999746121 0.0
0.20158799999626353 0.004951000009896234
0.20158799999626353 0.0
0.2011779999884311 0.004925999994156882
0.2011779999884311 0.0
0.20118400000501424 0.004801000002771616
0.20118400000501424 0.0
0.20092500001192093 0.004855000006500632
0.20092500001192093 0.0
0.2079819999926258 0.011724999989382923
0.2079819999926258 0.0
0.21092199999839067 0.005522999999811873
0.21092199999839067 0.0
0.21140199998626485 0.005375000007916242
0.21140199998626485 0.0
0.2085289999959059 0.005216999998083338
0.2085289999959059 1.00000761449337e-06
0.20593699999153614 0.005043999990448356
0.20593699999153614 0.0
0.2121610000031069 0.00563299999339506
0.2121610000031069 9.999785106629133e-07
0.20391000001109205 0.005333999986760318
0.20391000001109205 0.0
0.19885899999644607 0.004963000013958663
0.19885899999644607 0.0
0.21127199998591095 0.005108999990625307
0.21127199998591095 1.00000761449337e-06
0.20934900001157075 0.005108999990625307
0.20934900001157075 0.0
0.21094399999128655 0.005440000008093193
0.21094399999128655 1.00000761449337e-06
0.20422899999539368 0.005064999975729734
0.20422899999539368 9.999785106629133e-07
0.2110439999960363 0.005005999992135912
0.2110439999960363 9.999785106629133e-07
0.20314900000812486 0.005411999998614192
0.20314900000812486 1.00000761449337e-06
0.1968850000121165 0.00511600001482293
0.1968850000121165 9.999785106629133e-07
0.2157569999981206 0.012138000020058826
0.2157569999981206 0.0
0.21499600002425723 0.0051340000063646585
0.21499600002425723 1.00000761449337e-06
0.21603400001185946 0.005227999994531274
0.21603400001185946 9.999785106629133e-07
0.21511499999905936 0.005073999986052513
0.21511499999905936 1.00000761449337e-06
0.21520499998587184 0.005154000013135374
0.21520499998587184 0.0
0.21512999999686144 0.005147999996552244
0.21512999999686144 0.0
0.21489900001324713 0.00547599999117665
0.21489900001324713 1.00000761449337e-06
0.20961299998452887 0.005227999994531274
0.20961299998452887 9.999785106629133e-07
0.21607500000391155 0.005388999998103827
0.21607500000391155 0.0
0.21397899999283254 0.005336000001989305
0.21397899999283254 1.00000761449337e-06
0.2179140000080224 0.005353999993531033
0.2179140000080224 0.0
0.21204000001307577 0.005510999995749444
0.21204000001307577 1.00000761449337e-06
0.21099299998604693 0.005569000000832602
0.21099299998604693 1.00000761449337e-06
0.2140019999933429 0.005541999998968095
0.2140019999933429 1.00000761449337e-06
0.21358300000429153 0.0052770000183954835
0.21358300000429153 0.0
0.2152510000159964 0.005535999982384965
0.2152510000159964 0.0
0.2175719999941066 0.005606999999145046
0.2175719999941066 0.0
0.22169800000847317 0.005356999987270683
0.22169800000847317 1.00000761449337e-06
0.21831600001314655 0.005587999999988824
0.21831600001314655 0.0
0.2222699999983888 0.005329000006895512
0.2222699999983888 0.0
0.16912100001354702 0.0038449999992735684
0.16912100001354702 0.0
0.2233130000240635 0.005651999992551282
0.2233130000240635 0.0
0.2202580000157468 0.005164000001968816
0.2202580000157468 1.00000761449337e-06
0.20155699999304488 0.004258000000845641
0.20155699999304488 0.0
0.17196700000204146 0.0041809999966062605
0.17196700000204146 9.999785106629133e-07
0.1728210000146646 0.0043870000226888806
0.1728210000146646 1.00000761449337e-06
0.17089300000225194 0.004448000021511689
0.17089300000225194 0.0
0.17152000000351109 0.004154000023845583
0.17152000000351109 0.0
0.1713400000007823 0.004222999996272847
0.1713400000007823 1.00000761449337e-06
0.19882900000084192 0.005143999995198101
0.19882900000084192 0.0
0.2238880000077188 0.0053189999889582396
0.2238880000077188 0.0
0.21734299999661744 0.005520000006072223
0.21734299999661744 9.999785106629133e-07
0.2208519999985583 0.004409000015584752
0.2208519999985583 1.00000761449337e-06
0.20640500000445172 0.0055930000089574605
0.20640500000445172 0.0
0.20055300000240095 0.004118999990168959
0.20055300000240095 0.0
0.17658400000073016 0.010317000007489696
0.17658400000073016 1.00000761449337e-06
0.17292599999927916 0.004233999992720783
0.17292599999927916 1.00000761449337e-06
0.2150450000190176 0.005954000022029504
0.2150450000190176 0.0
0.22445200002402999 0.005723000009311363
0.22445200002402999 1.00000761449337e-06
0.21395000000484288 0.005787000001873821
0.21395000000484288 0.0
0.21670700001413934 0.012714000011328608
0.21670700001413934 1.00000761449337e-06
0.23197500000242144 0.006274000013945624
0.23197500000242144 1.00000761449337e-06
0.2141059999994468 0.005850000015925616
0.2141059999994468 0.0
0.23313100001541898 0.005946000019321218
0.23313100001541898 0.0
0.2301420000148937 0.005472999997437
0.2301420000148937 0.0
0.2292230000020936 0.005611000000499189
0.2292230000020936 0.0
0.22959499998250976 0.005531000002520159
0.22959499998250976 0.0
0.2299840000050608 0.005470000003697351
0.2299840000050608 0.0
0.23008899998967536 0.005476999998791143
0.23008899998967536 0.0
0.21576900000218302 0.004268999997293577
0.21576900000218302 1.00000761449337e-06
0.21715000001131557 0.004966999986208975
0.21715000001131557 0.0
0.18391500000143424 0.004580999986501411
0.18391500000143424 1.00000761449337e-06
0.17884999999660067 0.004431999986991286
0.17884999999660067 0.0
0.1803970000182744 0.0043710000172723085
0.1803970000182744 9.999785106629133e-07
0.17991799997980706 0.004431000008480623
0.17991799997980706 9.999785106629133e-07
0.18795600000885315 0.005133999977260828
0.18795600000885315 0.0
0.20299700001487508 0.005570999986957759
0.20299700001487508 0.0
0.23225399997318164 0.005621999996947125
0.23225399997318164 1.00000761449337e-06
0.2314360000018496 0.005974999978207052
0.2314360000018496 0.0
0.2282370000029914 0.0055429999774787575
0.2282370000029914 0.0
0.1807589999807533 0.010399999999208376
0.1807589999807533 0.0
0.2129899999999907 0.004685000021709129
0.2129899999999907 0.0
0.21986400001333095 0.005606000020634383
0.21986400001333095 0.0
0.2353010000078939 0.005540999991353601
0.2353010000078939 1.00000761449337e-06
0.23717500001657754 0.005703999981051311
0.23717500001657754 0.0
0.2352649999957066 0.0058129999961238354
0.2352649999957066 0.0
0.22255299999960698 0.005231999995885417
0.22255299999960698 0.0
0.23313099998631515 0.005784999986644834
0.23313099998631515 9.999785106629133e-07
0.24022999999579042 0.005800999992061406
0.24022999999579042 1.00000761449337e-06
0.2276010000205133 0.005663999996613711
0.2276010000205133 0.0
0.24142100001336075 0.0058760000101756305
0.24142100001336075 1.00000761449337e-06
0.2433010000095237 0.006236999994143844
0.2433010000095237 0.0
0.24383699998725206 0.005703000002540648
0.24383699998725206 1.00000761449337e-06
0.2306830000015907 0.005261999991489574
0.2306830000015907 9.999785106629133e-07
0.24160900001879781 0.005873000016435981
0.24160900001879781 0.0
0.23866300002555363 0.013707000005524606
0.23866300002555363 9.999785106629133e-07
0.24387500001466833 0.005854999995790422
0.24387500001466833 0.0
0.18161299999337643 0.004321999993408099
0.18161299999337643 0.0
0.24073299998417497 0.005860999983269721
0.24073299998417497 9.999785106629133e-07
0.1795210000127554 0.004262000002199784
0.1795210000127554 1.00000761449337e-06
0.22982099998625927 0.005524000007426366
0.22982099998625927 0.0
0.2340529999928549 0.005866999999852851
0.2340529999928549 1.00000761449337e-06
0.22659700000076555 0.004360999999335036
0.22659700000076555 1.00000761449337e-06
0.21485700001358055 0.004419000004418194
0.21485700001358055 0.0
0.20886199999949895 0.005620000010821968
0.20886199999949895 0.0
0.23478300002170727 0.005591000022832304
0.23478300002170727 9.999785106629133e-07
0.2287240000150632 0.004283999995095655
0.2287240000150632 0.0
0.22832200000993907 0.004528999998001382
0.22832200000993907 1.00000761449337e-06
0.23343000002205372 0.005403000017395243
0.23343000002205372 0.0
0.18027599999913946 0.004086000000825152
0.18027599999913946 1.00000761449337e-06
0.1811359999992419 0.004076999990502372
0.1811359999992419 0.0
0.17914399999426678 0.004102999984752387
0.17914399999426678 1.00000761449337e-06
0.17925099999411032 0.004140000004554167
0.17925099999411032 0.0
0.178937999997288 0.0041480000072624534
0.178937999997288 0.0
0.1783339999965392 0.004282000008970499
0.1783339999965392 0.0
0.17902199999662116 0.0041769999952521175
0.17902199999662116 1.00000761449337e-06
0.17990200000349432 0.004287999996449798
0.17990200000349432 1.00000761449337e-06
0.18047599997953512 0.004248000012012199
0.18047599997953512 1.00000761449337e-06
0.17958399999770336 0.004277000000001863
0.17958399999770336 0.0
0.23633699998026714 0.005858999997144565
0.23633699998026714 0.0
0.1835119999886956 0.00419000000692904
0.1835119999886956 1.00000761449337e-06
0.22347799999988638 0.004794000007677823
0.22347799999988638 0.0
0.23633499999414198 0.00491600000532344
0.23633499999414198 9.999785106629133e-07
0.237751999986358 0.005865000013727695
0.237751999986358 0.0
0.22964599999249913 0.005663999996613711
0.22964599999249913 0.0
0.23632300001918338 0.005868000007467344
0.23632300001918338 9.999785106629133e-07
0.23494599998230115 0.005814000003738329
0.23494599998230115 0.0
0.22819900000467896 0.005840999976499006
0.22819900000467896 0.0
0.23108900000806898 0.005732999998144805
0.23108900000806898 1.00000761449337e-06
0.2257079999835696 0.00552500001504086
0.2257079999835696 1.00000761449337e-06
0.22717899997951463 0.00564200000371784
0.22717899997951463 1.00000761449337e-06
0.23993199999677017 0.004770999978063628
0.23993199999677017 0.0
0.24077200001920573 0.005926999991061166
0.24077200001920573 0.0
0.2344650000159163 0.005910000007133931
0.2344650000159163 0.0
0.2350179999775719 0.005854999995790422
0.2350179999775719 1.00000761449337e-06
0.24301500001456589 0.006038000021362677
0.24301500001456589 1.00000761449337e-06
0.23633700000937097 0.0057450000022072345
0.23633700000937097 0.0
0.24315500000375323 0.005977000022539869
0.24315500000375323 1.00000761449337e-06
0.23620100002153777 0.005459999985760078
0.23620100002153777 0.0
0.2442649999866262 0.0059979999787174165
0.2442649999866262 0.0
0.24502999999094754 0.005750000011175871
0.24502999999094754 9.999785106629133e-07
0.24496500001987442 0.005317000002833083
0.24496500001987442 9.999785106629133e-07
0.2421500000054948 0.005868999985978007
0.2421500000054948 0.0
0.2456839999940712 0.005764000001363456
0.2456839999940712 9.999785106629133e-07
0.24361700000008568 0.005830000009154901
0.24361700000008568 0.0
0.2067510000197217 0.00491300001158379
0.2067510000197217 1.00000761449337e-06
0.19552999999723397 0.004591000004438683
0.19552999999723397 1.00000761449337e-06
0.19427900001755916 0.004772000014781952
0.19427900001755916 0.0
0.1968709999928251 0.004928000009385869
0.1968709999928251 9.999785106629133e-07
0.19706599999335594 0.011017999990144745
0.19706599999335594 0.0
0.19584800000302494 0.0051290000264998525
0.19584800000302494 1.00000761449337e-06
0.21223699999973178 0.005447000003186986
0.21223699999973178 1.00000761449337e-06
0.2056109999830369 0.004960999998729676
0.2056109999830369 1.00000761449337e-06
0.20835400000214577 0.004786000004969537
0.20835400000214577 1.00000761449337e-06
0.19078999999328516 0.004606000002240762
0.19078999999328516 9.999785106629133e-07
0.19463399998494424 0.004694999981438741
0.19463399998494424 1.00000761449337e-06
0.1921579999907408 0.004527999990386888
0.1921579999907408 0.0
0.19229599999380298 0.004489999992074445
0.19229599999380298 0.0
0.19227699999464676 0.004588000010699034
0.19227699999464676 0.0
0.19012899999506772 0.004591000004438683
0.19012899999506772 9.999785106629133e-07
0.19957799999974668 0.00458700000308454
0.19957799999974668 1.00000761449337e-06
0.19418200000654906 0.004580999986501411
0.19418200000654906 0.0
0.1952809999929741 0.004611999989720061
0.1952809999929741 0.0
0.1932049999886658 0.004573000012896955
0.1932049999886658 0.0
0.24965899999369867 0.006049000017810613
0.24965899999369867 0.0
0.2521850000193808 0.00596200002473779
0.2521850000193808 9.999785106629133e-07
0.25557199999457225 0.006303000001935288
0.25557199999457225 0.0
0.25058600000920705 0.0061960000020917505
0.25058600000920705 0.0
0.243224999983795 0.005983000010019168
0.243224999983795 9.999785106629133e-07
0.252184999990277 0.005804999993415549
0.252184999990277 1.00000761449337e-06
0.24367399999755435 0.011940999975195155
0.24367399999755435 0.0
0.2472880000132136 0.006451999972341582
0.2472880000132136 1.00000761449337e-06
0.2546929999953136 0.00624200000311248
0.2546929999953136 1.6000005416572094e-05
0.25106700000469573 0.006049999996321276
0.25106700000469573 0.0
0.25784800000838004 0.005574999988311902
0.25784800000838004 0.0
0.2467880000185687 0.00600200000917539
0.2467880000185687 0.0
0.24996300000930205 0.006426000007195398
0.24996300000930205 0.0
0.22683500000857748 0.006248999998206273
0.22683500000857748 9.999785106629133e-07
0.2081940000061877 0.0048349999997299165
0.2081940000061877 1.00000761449337e-06
0.20781900000292808 0.00523300000349991
0.20781900000292808 0.0
0.20220199998584576 0.00498699999297969
0.20220199998584576 0.0
0.20528699998976663 0.004608999995980412
0.20528699998976663 0.0
0.24537799999234267 0.006173000001581386
0.24537799999234267 1.00000761449337e-06
0.2517309999966528 0.006197000009706244
0.2517309999966528 9.999785106629133e-07
0.2622550000087358 0.006119999976363033
0.2622550000087358 0.0
0.25177699999767356 0.006309999997029081
0.25177699999767356 0.0
0.2655139999988023 0.006382999999914318
0.2655139999988023 9.999785106629133e-07
0.26752700001816265 0.006290000019362196
0.26752700001816265 0.0
0.244498999993084 0.006480000010924414
0.244498999993084 0.0
0.2591660000034608 0.006636000005528331
0.2591660000034608 0.0
0.2668499999854248 0.006406000000424683
0.2668499999854248 9.999785106629133e-07
0.2044960000202991 0.004766000027302653
0.2044960000202991 1.00000761449337e-06
0.258562000002712 0.006197999988216907
0.258562000002712 0.0
0.26334800000768155 0.00637100002495572
0.26334800000768155 0.0
0.24350099998991936 0.005510999995749444
0.24350099998991936 0.0
0.258049000025494 0.0065420000173617154
0.258049000025494 0.0
0.26848500000778586 0.006353000004310161
0.26848500000778586 0.0
0.2671579999732785 0.006296000006841496
0.2671579999732785 1.00000761449337e-06
0.2648150000022724 0.0068119999777991325
0.2648150000022724 9.999785106629133e-07
0.24348400000599213 0.015346000000135973
0.24348400000599213 1.00000761449337e-06
0.24653000000398606 0.006913999997777864
0.24653000000398606 0.0
0.26996400000643916 0.0068530000280588865
0.26996400000643916 1.00000761449337e-06
0.2691939999931492 0.006430000008549541
0.2691939999931492 9.999785106629133e-07
0.26292699997429736 0.0067060000146739185
0.26292699997429736 0.0
0.26529300000402145 0.006582000001799315
0.26529300000402145 1.00000761449337e-06
0.25341500001377426 0.0068829999945592135
0.25341500001377426 0.0
0.2636890000139829 0.006229000020539388
0.2636890000139829 1.00000761449337e-06
0.26864299998851493 0.006430000008549541
0.26864299998851493 1.00000761449337e-06
0.25655200000619516 0.015220999979646876
0.25655200000619516 0.0
0.26416300001437776 0.00652500000433065
0.26416300001437776 0.0
0.2762990000192076 0.006770000007236376
0.2762990000192076 1.00000761449337e-06
0.2758120000071358 0.006820000009611249
0.2758120000071358 0.0
0.24534199998015538 0.006335999991279095
0.24534199998015538 0.0
0.26108799999929033 0.006652000010944903
0.26108799999929033 0.0
0.2781189999950584 0.00692799998796545
0.2781189999950584 0.0
0.26996400000643916 0.006689999980153516
0.26996400000643916 9.999785106629133e-07
0.2786680000135675 0.006752000015694648
0.2786680000135675 1.00000761449337e-06
0.2784220000030473 0.006531999999424443
0.2784220000030473 9.999785106629133e-07
0.26202000002376735 0.007150999997975305
0.26202000002376735 1.00000761449337e-06
0.2731410000124015 0.015383999998448417
0.2731410000124015 0.0
0.2841060000064317 0.015612999995937571
0.2841060000064317 0.0
0.277990000002319 0.007156999985454604
0.277990000002319 1.00000761449337e-06
0.28494000001228414 0.006684000021778047
0.28494000001228414 0.0
0.2810730000201147 0.006758000003173947
0.2810730000201147 0.0
0.268577999988338 0.006637999991653487
0.268577999988338 0.0
0.2771290000237059 0.007050000014714897
0.2771290000237059 0.0
0.2692640000022948 0.005963999981759116
0.2692640000022948 0.0
0.27911699999822304 0.0068999999784864485
0.27911699999822304 0.0
0.2745360000117216 0.006657999998424202
0.2745360000117216 1.00000761449337e-06
0.276231000025291 0.006457000010414049
0.276231000025291 0.0
0.28222500000265427 0.006868999975267798
0.28222500000265427 0.0
0.27984299999661744 0.0067479999852366745
0.27984299999661744 0.0
0.276371999992989 0.006606000009924173
0.276371999992989 9.999785106629133e-07
0.2675069999822881 0.006905999995069578
0.2675069999822881 0.0
0.2732160000014119 0.007007000007433817
0.2732160000014119 0.0
0.251018999988446 0.006391000002622604
0.251018999988446 0.0
0.24791899998672307 0.006350000010570511
0.24791899998672307 1.00000761449337e-06
0.2656390000192914 0.00673400002415292
0.2656390000192914 1.00000761449337e-06
0.27715700000408106 0.006348000024445355
0.27715700000408106 1.00000761449337e-06
0.2703639999963343 0.006104000000050291
0.2703639999963343 0.0
0.22966800001449883 0.0060950000188313425
0.22966800001449883 0.0
0.2698659999878146 0.0067149999958928674
0.2698659999878146 0.0
0.2729319999925792 0.006833999999798834
0.2729319999925792 0.0
0.25922300000092946 0.0055219999921973795
0.25922300000092946 1.00000761449337e-06
0.2655300000042189 0.006757000024663284
0.2655300000042189 0.0
0.2810370000079274 0.01644600002327934
0.2810370000079274 0.0
0.2653790000185836 0.006951999996090308
0.2653790000185836 1.00000761449337e-06
0.26677200000267476 0.00664499998674728
0.26677200000267476 0.0
0.2677280000061728 0.006691999995382503
0.2677280000061728 0.0
0.2688499999931082 0.006689999980153516
0.2688499999931082 1.00000761449337e-06
0.28304199999547563 0.0066389999992679805
0.28304199999547563 0.0
INFO:sc2.protocol:Client status changed to Status.ended (was Status.in_game)
INFO:root:Result for player 1 - Bot(Race.Terran, <bots.maru.q_bot.QBot object at 0x7f4be1b141d0>): Defeat
0.22341100001358427 0.005720999994082376
0.22341100001358427 0.0
INFO:sc2.client:Saved replay to outs/2020-01-17T11-28-03/replays/maru-showing_bot/maru-showing_bot-1.SC2Replay
INFO:sc2.protocol:Client status changed to Status.ended (was Status.in_game)
INFO:root:Result for player 2 - Bot(Race.Terran, <bots.Showing_bot.speedBot.MarinBot object at 0x7f4bdf4f8f28>): Victory
INFO:sc2.protocol:Client status changed to Status.launched (was Status.ended)
INFO:sc2.protocol:Client status changed to Status.quit (was Status.launched)
INFO:sc2.sc2process:kill_switch: Process cleanup
INFO:sc2.sc2process:Cleaning up...
INFO:sc2.sc2process:Cleanup complete
INFO:sc2.sc2process:Cleaning up...
INFO:sc2.sc2process:Cleanup complete
INFO:sc2.protocol:Cannot receive: Connection already closed.
INFO:sc2.sc2process:kill_switch: Process cleanup
INFO:sc2.sc2process:Cleaning up...
INFO:sc2.sc2process:Cleanup complete
INFO:sc2.sc2process:Cleaning up...
INFO:sc2.sc2process:Cleanup complete


## STDERR ##

Version: B75689 (SC2.4.10)
Build: Aug 12 2019 17:16:57
Command Line: '"/home/hspark8312/StarCraftII/Versions/Base75689/SC2_x64" -listen 127.0.0.1 -port 21117 -displayMode 0 -dataDir /home/hspark8312/StarCraftII -tempDir /tmp/SC2_erwsq3o1'
Starting up...
Startup Phase 1 complete
Version: B75689 (SC2.4.10)
Build: Aug 12 2019 17:16:57
Command Line: '"/home/hspark8312/StarCraftII/Versions/Base75689/SC2_x64" -listen 127.0.0.1 -port 20254 -displayMode 0 -dataDir /home/hspark8312/StarCraftII -tempDir /tmp/SC2_qka7tnlj'
Starting up...
Startup Phase 1 complete
Startup Phase 2 complete
Creating stub renderer...
Listening on: 127.0.0.1:21117
Startup Phase 3 complete. Ready for commands.
Startup Phase 2 complete
Creating stub renderer...
ConnectHandler: Request from 127.0.0.1:53717 accepted
ReadyHandler: 127.0.0.1:53717 ready
Requesting to join a multiplayer game
Configuring interface options
Configure: raw interface enabled
Configure: feature layer interface enabled
Configure: score interface enabled
Configure: render interface disabled
Create game with map path: NCFellowship-2019_m1_v6.SC2Map
Listening on: 127.0.0.1:20254
Startup Phase 3 complete. Ready for commands.
ConnectHandler: Request from 127.0.0.1:53718 accepted
ReadyHandler: 127.0.0.1:53718 ready
Requesting to join a multiplayer game
Configuring interface options
Configure: raw interface enabled
Configure: feature layer interface enabled
Configure: score interface enabled
Configure: render interface disabled
Attempting to join a game with the map: NCFellowship-2019_m1_v6.SC2Map
Game has started.
Using default stable ids, none found at: /home/hspark8312/StarCraftII/stableid.json
Successfully loaded stable ids: GameData\stableid.json
Sending ResponseJoinGame
Game has started.
Using default stable ids, none found at: /home/hspark8312/StarCraftII/stableid.json
Successfully loaded stable ids: GameData\stableid.json
Sending ResponseJoinGame
RequestQuit command received.
Closing Application...
/home/hspark8312/anaconda3/envs/sc2/lib/python3.6/importlib/_bootstrap.py:219: RuntimeWarning: numpy.ufunc size changed, may indicate binary incompatibility. Expected 192 from C header, got 216 from PyObject
  return f(*args, **kwds)
/home/hspark8312/anaconda3/envs/sc2/lib/python3.6/importlib/_bootstrap.py:219: RuntimeWarning: numpy.ufunc size changed, may indicate binary incompatibility. Expected 192 from C header, got 216 from PyObject
  return f(*args, **kwds)
/home/hspark8312/anaconda3/envs/sc2/lib/python3.6/site-packages/tensorboard/compat/tensorflow_stub/dtypes.py:541: FutureWarning: Passing (type, 1) or '1type' as a synonym of type is deprecated; in a future version of numpy, it will be understood as (type, (1,)) / '(1,)type'.
  _np_qint8 = np.dtype([("qint8", np.int8, 1)])
/home/hspark8312/anaconda3/envs/sc2/lib/python3.6/site-packages/past/builtins/misc.py:45: DeprecationWarning: the imp module is deprecated in favour of importlib; see the module's documentation for alternative uses
  from imp import reload
/mnt/d/sc2minigame-eval-2020-01-09/bots/Showing_bot/speedBot.py:1643: RuntimeWarning: coroutine 'TerreinManager.debug' was never awaited
  self.terrein_manager.debug()
