## STDOUT ##

[[92mINFO[0m] SC2 4.9.0 용 패치 적용
패치 sc2.ids.ability_id
패치 sc2.game_state
패치 sc2.bot_ai
패치 sc2.client
패치 sc2.controller
패치 sc2.main
INFO:root:Failed to import cuda module: No module named 'caffe2.python.caffe2_pybind11_state_gpu'
INFO:root:Failed to import AMD hip module: No module named 'caffe2.python.caffe2_pybind11_state_hip'
WARNING:root:This caffe2 python run does not have GPU support. Will run in CPU only mode.
cpu
INFO:sc2.protocol:Client status changed to Status.launched (was None)
INFO:sc2_patch.sc2_patch_490.controller:Creating new game
INFO:sc2_patch.sc2_patch_490.controller:Map:     NCFellowship-2019_m1_v6
INFO:sc2_patch.sc2_patch_490.controller:Players: Bot(Race.Terran, <bots.maru.q_bot.QBot object at 0x7f5083784198>), Bot(Race.Terran, <bots.Showing_bot.speedBot.MarinBot object at 0x7f50721089e8>)
INFO:sc2.protocol:Client status changed to Status.init_game (was Status.launched)
INFO:sc2.protocol:Client status changed to Status.launched (was None)
INFO:sc2.protocol:Client status changed to Status.in_game (was None)
INFO:root:Player 2 - Bot(Race.Terran, <bots.Showing_bot.speedBot.MarinBot object at 0x7f50721089e8>)
TEST: 2, <bots.Showing_bot.speedBot.MarinBot object at 0x7f50721089e8>
load model: bots/Showing_bot/models/model-89.pt
create new model
INFO:sc2.protocol:Client status changed to Status.in_game (was None)
INFO:root:Player 1 - Bot(Race.Terran, <bots.maru.q_bot.QBot object at 0x7f5083784198>)
TEST: 1, <bots.maru.q_bot.QBot object at 0x7f5083784198>
model file does not exists: bots/nc_example_v7/models/model-89.pt
0.044683000014629215 0.0026760000037029386
0.044683000014629215 0.0
0.044157000025734305 0.002299999992828816
0.044157000025734305 0.0
0.044452000001911074 0.0011099999828729779
0.044452000001911074 0.0
0.04488999999011867 0.0014870000013615936
0.04488999999011867 1.00000761449337e-06
0.044439999997848645 0.0011860000086016953
0.044439999997848645 0.0
0.044741999998223037 0.0011280000035185367
0.044741999998223037 0.0
0.04451200002222322 0.001125000009778887
0.04451200002222322 1.00000761449337e-06
0.045123000018065795 0.0011769999982789159
0.045123000018065795 0.0
0.04493100001127459 0.0011229999945499003
0.04493100001127459 0.0
0.044430999987525865 0.0013100000214762986
0.044430999987525865 1.00000761449337e-06
0.04465100000379607 0.0013469999830704182
0.04465100000379607 0.0
0.04439299998921342 0.001213999988976866
0.04439299998921342 0.0
0.04407800000626594 0.0010940000065602362
0.04407800000626594 1.00000761449337e-06
0.04435899999225512 0.0010790000087581575
0.04435899999225512 0.0
0.04451300000073388 0.001100000023143366
0.04451300000073388 0.0
0.04505300000892021 0.0011389999999664724
0.04505300000892021 0.0
0.0440050000033807 0.0011119999981019646
0.0440050000033807 1.00000761449337e-06
0.04469999999855645 0.0011230000236537308
0.04469999999855645 9.999785106629133e-07
0.04427300000679679 0.0011220000160392374
0.04427300000679679 0.0
0.04417099998681806 0.0011060000106226653
0.04417099998681806 9.999785106629133e-07
0.04682499999762513 0.001277000003028661
0.04682499999762513 0.0
0.04727700000512414 0.0011989999911747873
0.04727700000512414 1.00000761449337e-06
0.04682999997748993 0.0011750000121537596
0.04682999997748993 0.0
0.04700199997751042 0.0011990000202786177
0.04700199997751042 0.0
0.047328999993624166 0.0011599999852478504
0.047328999993624166 0.0
0.04677900002570823 0.001176000019768253
0.04677900002570823 9.999785106629133e-07
0.04700400002184324 0.0011489999887999147
0.04700400002184324 0.0
0.046655000012833625 0.0011489999887999147
0.046655000012833625 0.0
0.046214999980293214 0.0012510000087786466
0.046214999980293214 0.0
0.046627000003354624 0.0012280000082682818
0.046627000003354624 0.0
0.04728199998498894 0.0012229999992996454
0.04728199998498894 0.0
0.04682600000523962 0.0011939999822061509
0.04682600000523962 0.0
0.04716399998869747 0.0013519999920390546
0.04716399998869747 9.999785106629133e-07
0.04750300000887364 0.0012419999984558672
0.04750300000887364 9.999785106629133e-07
0.046833000000333413 0.0011709999816957861
0.046833000000333413 0.0
0.04952799997408874 0.002945000014733523
0.04952799997408874 0.0
0.04916100000264123 0.001524999999674037
0.04916100000264123 9.999785106629133e-07
0.04909600000246428 0.0012580000038724393
0.04909600000246428 0.0
0.05008300000918098 0.0012470000074245036
0.05008300000918098 0.0
0.04931100000976585 0.0012599999899975955
0.04931100000976585 1.00000761449337e-06
changed strategy
0.049614999996265396 0.001205000007757917
0.049614999996265396 0.0
0.06119800001033582 0.0016789999790489674
0.06119800001033582 1.4999997802078724e-05
0.06851000001188368 0.0017129999760072678
0.06851000001188368 9.999785106629133e-07
0.06871500000124797 0.0017939999816007912
0.06871500000124797 0.0
0.0682059999962803 0.0017109999898821115
0.0682059999962803 1.00000761449337e-06
0.07106099999509752 0.001720000000204891
0.07106099999509752 0.0
0.06840000001830049 0.0017640000151004642
0.06840000001830049 0.0
0.0503630000166595 0.001269000000320375
0.0503630000166595 0.0
0.04901699998299591 0.0012510000087786466
0.04901699998299591 9.999785106629133e-07
0.04909099999349564 0.0012290000158827752
0.04909099999349564 1.00000761449337e-06
0.05144099998869933 0.001416999992216006
0.05144099998869933 0.0
0.051887999987229705 0.001340999995591119
0.051887999987229705 1.00000761449337e-06
0.051482000009855255 0.0013269999762997031
0.051482000009855255 1.00000761449337e-06
0.051525999995647 0.0012949999945703894
0.051525999995647 0.0
0.051799000008031726 0.0013090000138618052
0.051799000008031726 1.00000761449337e-06
0.05185200000414625 0.0012630000128410757
0.05185200000414625 0.0
0.05219800001941621 0.001293000008445233
0.05219800001941621 0.0
0.052339999994728714 0.0013299999991431832
0.052339999994728714 1.00000761449337e-06
0.05162499999278225 0.0012699999788310379
0.05162499999278225 1.00000761449337e-06
0.05186200002208352 0.001264999998966232
0.05186200002208352 0.0
0.051460000016959384 0.001281000004382804
0.051460000016959384 1.00000761449337e-06
0.056332999985897914 0.0017250000091735274
0.056332999985897914 1.00000761449337e-06
0.05588899998110719 0.0014340000052470714
0.05588899998110719 0.0
0.05671600002096966 0.0017640000151004642
0.05671600002096966 1.00000761449337e-06
0.06345499999588355 0.0014540000120177865
0.06345499999588355 0.0
0.07457799999974668 0.001791999995475635
0.07457799999974668 1.00000761449337e-06
0.05822999999509193 0.0014189999783411622
0.05822999999509193 9.999785106629133e-07
0.07075099999201484 0.0018439999839756638
0.07075099999201484 0.0
0.05176299999584444 0.00128900000709109
0.05176299999584444 0.0
0.05239100000471808 0.0013270000054035336
0.05239100000471808 0.0
0.05504599999403581 0.00318100000731647
0.05504599999403581 0.0
0.0542870000062976 0.0014900000242050737
0.0542870000062976 0.0
0.05368699997779913 0.0013329999928828329
0.05368699997779913 1.00000761449337e-06
0.0545540000020992 0.001352999999653548
0.0545540000020992 0.0
0.05688899999950081 0.001492999988840893
0.05688899999950081 9.999785106629133e-07
0.05702999999630265 0.0013960000069346279
0.05702999999630265 1.00000761449337e-06
0.05869400000665337 0.003472000011242926
0.05869400000665337 0.0
0.06865299999481067 0.004380000027595088
0.06865299999481067 1.00000761449337e-06
0.0712679999996908 0.004210000013699755
0.0712679999996908 1.00000761449337e-06
0.06902199998148717 0.0021640000049956143
0.06902199998148717 0.0
0.06946500000776723 0.001707000017631799
0.06946500000776723 1.00000761449337e-06
0.06626500000129454 0.0016710000054445118
0.06626500000129454 0.0
0.06677200002013706 0.0016540000215172768
0.06677200002013706 0.0
0.06432500001392327 0.0016920000198297203
0.06432500001392327 0.0
0.06172499997774139 0.0019200000097043812
0.06172499997774139 0.0
0.06672200001776218 0.0021610000112559646
0.06672200001776218 1.00000761449337e-06
0.06179499998688698 0.0017250000091735274
0.06179499998688698 0.0
0.06203199998708442 0.0019899999897461385
0.06203199998708442 0.0
0.06230399999185465 0.0018069999932777137
0.06230399999185465 0.0
0.059532999992370605 0.0018869999912567437
0.059532999992370605 0.0
0.058976000000257045 0.0016579999937675893
0.058976000000257045 0.0
0.05700600001728162 0.0016690000193193555
0.05700600001728162 0.0
0.05422099999850616 0.0029199999989941716
0.05422099999850616 1.00000761449337e-06
0.05160900001646951 0.0016619999951217324
0.05160900001646951 0.0
0.051835999998729676 0.0015269999857991934
0.051835999998729676 1.00000761449337e-06
0.05147700000088662 0.0015190000121947378
0.05147700000088662 0.0
0.05227700000978075 0.0013029999972786754
0.05227700000978075 1.00000761449337e-06
0.04689099997631274 0.0012630000128410757
0.04689099997631274 0.0
0.04653999998117797 0.0012330000172369182
0.04653999998117797 0.0
0.04688800001167692 0.0011949999898206443
0.04688800001167692 0.0
0.05788199999369681 0.0020659999863710254
0.05788199999369681 0.0
0.06946400000015274 0.0017769999976735562
0.06946400000015274 0.0
0.05051999998977408 0.0014380000066012144
0.05051999998977408 0.0
0.0652330000011716 0.0017660000012256205
0.0652330000011716 0.0
0.06649399999878369 0.0017599999846424907
0.06649399999878369 1.00000761449337e-06
0.04955799999879673 0.001217999990331009
0.04955799999879673 1.00000761449337e-06
0.05196300000534393 0.001428999996278435
0.05196300000534393 0.0
0.051863000000594184 0.001344999996945262
0.051863000000594184 0.0
0.06956899998476729 0.0018290000152774155
0.06956899998476729 1.00000761449337e-06
0.049473000020952895 0.0012780000106431544
0.049473000020952895 1.00000761449337e-06
0.04910000000381842 0.0012839999981224537
0.04910000000381842 0.0
0.04915700000128709 0.001246999978320673
0.04915700000128709 1.00000761449337e-06
0.04933599999640137 0.0012180000194348395
0.04933599999640137 0.0
0.0535049999889452 0.0013370000233408064
0.0535049999889452 1.00000761449337e-06
0.07005199999548495 0.0017290000105276704
0.07005199999548495 1.00000761449337e-06
0.06827099999645725 0.0017899999802466482
0.06827099999645725 9.999785106629133e-07
0.07046499999705702 0.0017639999859966338
0.07046499999705702 0.0
0.06797499998356216 0.0017829999851528555
0.06797499998356216 9.999785106629133e-07
0.07035900000482798 0.0017670000088401139
0.07035900000482798 1.00000761449337e-06
0.06893300000228919 0.001816000003600493
0.06893300000228919 0.0
0.053610999981174245 0.0013840000028721988
0.053610999981174245 0.0
0.05185800002072938 0.0013159999798517674
0.05185800002072938 0.0
0.05229599997983314 0.0013190000026952475
0.05229599997983314 9.999785106629133e-07
0.05338800000026822 0.0013099999923724681
0.05338800000026822 0.0
0.052213999995728955 0.0013250000192783773
0.052213999995728955 1.00000761449337e-06
0.052207999979145825 0.0013040000048931688
0.052207999979145825 0.0
0.05181600002106279 0.0013540000072680414
0.05181600002106279 9.999785106629133e-07
0.052142999978968874 0.0013439999893307686
0.052142999978968874 1.00000761449337e-06
0.05303700000513345 0.0013949999993201345
0.05303700000513345 1.00000761449337e-06
0.05453799999668263 0.0013990000006742775
0.05453799999668263 0.0
0.055323999986285344 0.0014640000008512288
0.055323999986285344 0.0
0.053940000012516975 0.0014559999981429428
0.053940000012516975 0.0
0.054269000014755875 0.001432000019121915
0.054269000014755875 1.00000761449337e-06
0.05314500001259148 0.0013800000015180558
0.05314500001259148 0.0
0.05538500001421198 0.0014110000047367066
0.05538500001421198 1.00000761449337e-06
0.05762399997911416 0.0015699999930802733
0.05762399997911416 1.00000761449337e-06
0.05782000001636334 0.0015779999957885593
0.05782000001636334 0.0
0.053327999979956076 0.001385999988997355
0.053327999979956076 1.00000761449337e-06
0.05409200000576675 0.0014729999820701778
0.05409200000576675 1.00000761449337e-06
0.05399699998088181 0.0014460000093095005
0.05399699998088181 1.00000761449337e-06
0.054782999999588355 0.001537999982247129
0.054782999999588355 1.00000761449337e-06
0.05519099999219179 0.0013549999857787043
0.05519099999219179 1.00000761449337e-06
0.05301500001223758 0.0014599999994970858
0.05301500001223758 9.999785106629133e-07
0.05701700001372956 0.0016130000003613532
0.05701700001372956 0.0
0.054514999996172264 0.0014260000025387853
0.054514999996172264 1.00000761449337e-06
0.05384300000150688 0.0014229999796953052
0.05384300000150688 1.00000761449337e-06
0.05379899998661131 0.001357000001007691
0.05379899998661131 9.999785106629133e-07
0.05164899997180328 0.0013350000081118196
0.05164899997180328 0.0
0.05213299999013543 0.0013840000028721988
0.05213299999013543 0.0
0.05166499997721985 0.0013340000004973263
0.05166499997721985 1.00000761449337e-06
0.05385300001944415 0.0013660000113304704
0.05385300001944415 1.00000761449337e-06
0.05444999999599531 0.0014439999940805137
0.05444999999599531 0.0
0.05438399998820387 0.0014009999867994338
0.05438399998820387 0.0
0.05392000000574626 0.0013970000145491213
0.05392000000574626 0.0
0.05420600000070408 0.001361000002361834
0.05420600000070408 0.0
0.05489900000975467 0.0014189999783411622
0.05489900000975467 1.00000761449337e-06
0.05427699998836033 0.0013639999961014837
0.05427699998836033 0.0
0.05451399998855777 0.0013949999993201345
0.05451399998855777 1.00000761449337e-06
0.05444000000716187 0.0013710000202991068
0.05444000000716187 9.999785106629133e-07
0.05417300001136027 0.0013730000064242631
0.05417300001136027 0.0
0.054542999976547435 0.001408000010997057
0.054542999976547435 0.0
0.05578100000275299 0.0017579999985173345
0.05578100000275299 1.00000761449337e-06
0.060418999986723065 0.001756999990902841
0.060418999986723065 0.0
0.05708800000138581 0.001752999989548698
0.05708800000138581 0.0
0.0636240000021644 0.0017019999795593321
0.0636240000021644 0.0
0.05710199999157339 0.0016069999837782234
0.05710199999157339 9.999785106629133e-07
0.06281999999191612 0.002710000000661239
0.06281999999191612 0.0
0.06851099999039434 0.002295999991474673
0.06851099999039434 0.0
0.058474999997997656 0.001664999988861382
0.058474999997997656 9.999785106629133e-07
0.06496600000537 0.002441999997245148
0.06496600000537 0.0
0.06024099999922328 0.0017989999905694276
0.06024099999922328 1.00000761449337e-06
0.06966899998951703 0.002004999987548217
0.06966899998951703 0.0
0.06746300001395866 0.0020220000005792826
0.06746300001395866 1.00000761449337e-06
0.07217500000842847 0.0020570000051520765
0.07217500000842847 0.0
0.06988900000578724 0.0020280000171624124
0.06988900000578724 0.0
0.06885599999804981 0.002246999996714294
0.06885599999804981 9.999785106629133e-07
0.0711310000042431 0.002019999985350296
0.0711310000042431 9.999785106629133e-07
0.0742749999917578 0.004381999984616414
0.0742749999917578 0.0
0.07407899998361245 0.0024879999982658774
0.07407899998361245 0.0
0.07388599999831058 0.0019409999949857593
0.07388599999831058 0.0
0.07407699999748729 0.0021149999811314046
0.07407699999748729 0.0
0.06930000000284053 0.0018880000279750675
0.06930000000284053 1.00000761449337e-06
0.06668700001318939 0.0019299999985378236
0.06668700001318939 1.00000761449337e-06
0.0666579999960959 0.001640000002225861
0.0666579999960959 0.0
0.06496099999640137 0.0021100000012665987
0.06496099999640137 0.0
0.06403499998850748 0.0018700000073295087
0.06403499998850748 1.00000761449337e-06
0.061642999993637204 0.0018179999897256494
0.061642999993637204 0.0
0.05878700001630932 0.0016940000059548765
0.05878700001630932 1.00000761449337e-06
0.058942000003298745 0.0014749999972991645
0.058942000003298745 1.00000761449337e-06
0.05936199999996461 0.0015189999830909073
0.05936199999996461 1.00000761449337e-06
0.05876499999430962 0.00149200001033023
0.05876499999430962 9.999785106629133e-07
0.05914399999892339 0.001580000011017546
0.05914399999892339 0.0
0.06211600001552142 0.0016490000125486404
0.06211600001552142 0.0
0.06145399998058565 0.0015659999917261302
0.06145399998058565 0.0
0.061197000002721325 0.0015540000167675316
0.061197000002721325 9.999785106629133e-07
0.06297300002188422 0.0015899999998509884
0.06297300002188422 0.0
0.06372099998407066 0.0017250000091735274
0.06372099998407066 0.0
0.0642189999925904 0.0016300000133924186
0.0642189999925904 9.999785106629133e-07
0.06383800000185147 0.0016450000111944973
0.06383800000185147 0.0
0.06627000001026317 0.0017989999905694276
0.06627000001026317 0.0
0.06887299998197705 0.0020329999970272183
0.06887299998197705 1.00000761449337e-06
0.06653599999845028 0.0016760000144131482
0.06653599999845028 9.999785106629133e-07
0.06634200000553392 0.0016870000108610839
0.06634200000553392 0.0
0.06611400001565926 0.0016679999826010317
0.06611400001565926 1.00000761449337e-06
0.06893599999602884 0.001752999989548698
0.06893599999602884 1.00000761449337e-06
0.06884100000024773 0.0017769999976735562
0.06884100000024773 1.00000761449337e-06
0.06625199998961762 0.0016989999858196825
0.06625199998961762 0.0
0.06753400000161491 0.0016999999934341758
0.06753400000161491 1.00000761449337e-06
0.06613099999958649 0.0016739999991841614
0.06613099999958649 1.00000761449337e-06
0.06702899999800138 0.0017340000194963068
0.06702899999800138 0.0
0.06610500000533648 0.0016829999804031104
0.06610500000533648 0.0
0.06438900000648573 0.0016940000059548765
0.06438900000648573 1.00000761449337e-06
0.06483899999875575 0.0017180000140797347
0.06483899999875575 1.00000761449337e-06
0.0660339999885764 0.0017780000052880496
0.0660339999885764 0.0
0.06819099999847822 0.0017389999993611127
0.06819099999847822 0.0
0.06750400000601076 0.0018090000085067004
0.06750400000601076 0.0
0.06670699999085627 0.001748999988194555
0.06670699999085627 0.0
0.07519499998306856 0.0017480000096838921
0.07519499998306856 0.0
0.06645100002060644 0.001736000005621463
0.06645100002060644 0.0
0.07161800001631491 0.0017619999998714775
0.07161800001631491 0.0
0.08066300000064075 0.0017740000039339066
0.08066300000064075 0.0
0.0728159999998752 0.0018320000090170652
0.0728159999998752 0.0
0.07230699999490753 0.0018860000127460808
0.07230699999490753 1.00000761449337e-06
0.08555099999648519 0.0021499999857041985
0.08555099999648519 0.0
0.07991000000038184 0.002377000026172027
0.07991000000038184 0.0
0.08116699999663979 0.0018749999871943146
0.08116699999663979 9.999785106629133e-07
0.07655300002079457 0.0018229999986942858
0.07655300002079457 1.00000761449337e-06
0.07168100000126287 0.0016890000260900706
0.07168100000126287 0.0
0.07335799999418668 0.0016969999996945262
0.07335799999418668 1.00000761449337e-06
0.06998199998633936 0.001580000011017546
0.06998199998633936 0.0
0.06167799999821 0.0016170000017154962
0.06167799999821 1.00000761449337e-06
0.0642459999944549 0.0018850000051315874
0.0642459999944549 1.00000761449337e-06
0.06700499998987652 0.0017349999980069697
0.06700499998987652 0.0
0.05983300000661984 0.0015699999930802733
0.05983300000661984 0.0
0.06584699999075383 0.0016100000066217035
0.06584699999075383 1.00000761449337e-06
0.07308100000955164 0.0016339999856427312
0.07308100000955164 0.0
0.06442199999582954 0.0016630000027362257
0.06442199999582954 1.00000761449337e-06
0.060591000015847385 0.0014999999839346856
0.060591000015847385 9.999785106629133e-07
0.06856499999412335 0.0015629999979864806
0.06856499999412335 1.00000761449337e-06
0.057566999981645495 0.0015330000023823231
0.057566999981645495 0.0
0.06118900000001304 0.0018869999912567437
0.06118900000001304 0.0
0.07112200002302416 0.0018400000117253512
0.07112200002302416 0.0
0.062428000004729256 0.0017799999914132059
0.062428000004729256 0.0
0.05806000001030043 0.0014609999780077487
0.05806000001030043 0.0
0.05486799997743219 0.0015940000012051314
0.05486799997743219 9.999785106629133e-07
0.05745699998806231 0.0014319999900180846
0.05745699998806231 1.00000761449337e-06
0.06043800001498312 0.0014669999945908785
0.06043800001498312 1.00000761449337e-06
0.08352200000081211 0.0026320000179111958
0.08352200000081211 1.00000761449337e-06
0.08681999999680556 0.0024610000255052
0.08681999999680556 0.0
0.08598299999721348 0.002259000000776723
0.08598299999721348 0.0
0.09623999998439103 0.002853000012692064
0.09623999998439103 0.0
0.09571900000446476 0.0024169999815057963
0.09571900000446476 0.0
0.09540300001390278 0.0023710000095888972
0.09540300001390278 0.0
0.06641199998557568 0.0016869999817572534
0.06641199998557568 0.0
0.06416599999647588 0.0016710000054445118
0.06416599999647588 0.0
0.06395400001201779 0.0016880000184755772
0.06395400001201779 0.0
0.06612600001972169 0.0018780000100377947
0.06612600001972169 0.0
0.06886200001463294 0.0017700000025797635
0.06886200001463294 1.00000761449337e-06
0.06878400000277907 0.00173200000426732
0.06878400000277907 0.0
0.0721520000079181 0.0019160000083502382
0.0721520000079181 0.0
0.08051599998725578 0.002426999999443069
0.08051599998725578 0.0
0.06425100000342354 0.001644000003580004
0.06425100000342354 1.00000761449337e-06
0.0614449999993667 0.0016159999941010028
0.0614449999993667 1.00000761449337e-06
0.06399899997632019 0.00165200000628829
0.06399899997632019 1.00000761449337e-06
0.06425799999851733 0.001631000021006912
0.06425799999851733 0.0
0.06390799998189323 0.0016020000039134175
0.06390799998189323 1.00000761449337e-06
0.06500800000503659 0.0016860000032465905
0.06500800000503659 0.0
0.0639509999891743 0.0016420000174548477
0.0639509999891743 0.0
0.08014799997908995 0.002318999991985038
0.08014799997908995 0.0
0.08668899998883717 0.0022720000124536455
0.08668899998883717 1.00000761449337e-06
0.06631399999605492 0.0016380000161007047
0.06631399999605492 0.0
0.0666390000260435 0.0016739999991841614
0.0666390000260435 0.0
0.06424899998819456 0.001588999992236495
0.06424899998819456 0.0
0.0640549999952782 0.001588000013725832
0.0640549999952782 1.00000761449337e-06
0.06415999997989275 0.0016070000128820539
0.06415999997989275 0.0
0.06362000000081025 0.001619000016944483
0.06362000000081025 1.00000761449337e-06
0.06462399999145418 0.0016079999913927168
0.06462399999145418 0.0
0.06473600000026636 0.0016650000179652125
0.06473600000026636 1.00000761449337e-06
0.06411199999274686 0.001711999997496605
0.06411199999274686 0.0
0.06420699998852797 0.0016180000093299896
0.06420699998852797 9.999785106629133e-07
0.06490600001416169 0.0017669999797362834
0.06490600001416169 0.0
0.06431200000224635 0.001631999999517575
0.06431200000224635 0.0
0.059348000009777024 0.0015790000034030527
0.059348000009777024 1.00000761449337e-06
0.059120999998413026 0.0017330000118818134
0.059120999998413026 9.999785106629133e-07
0.05947999999625608 0.0015330000023823231
0.05947999999625608 9.999785106629133e-07
0.06174399997689761 0.0020590000203810632
0.06174399997689761 1.00000761449337e-06
0.05927200001315214 0.0015989999810699373
0.05927200001315214 1.00000761449337e-06
0.05746300000464544 0.0017930000030901283
0.05746300000464544 0.0
0.06109000000287779 0.0016419999883510172
0.06109000000287779 0.0
0.056572999979835004 0.0014850000152364373
0.056572999979835004 1.00000761449337e-06
0.0572600000014063 0.0013979999930597842
0.0572600000014063 1.00000761449337e-06
0.057407000014791265 0.0014559999981429428
0.057407000014791265 0.0
0.06047200001194142 0.0018489999929443002
0.06047200001194142 1.00000761449337e-06
0.05944300000555813 0.0015060000005178154
0.05944300000555813 1.00000761449337e-06
0.05910099999164231 0.0015030000067781657
0.05910099999164231 0.0
0.05952300000353716 0.0015869999770075083
0.05952300000353716 1.00000761449337e-06
0.059047000017017126 0.0014940000255592167
0.059047000017017126 0.0
0.062300999998115 0.0017350000271108001
0.062300999998115 1.00000761449337e-06
0.06197000000975095 0.0016349999932572246
0.06197000000975095 0.0
0.06192099998588674 0.0017100000113714486
0.06192099998588674 9.999785106629133e-07
0.06722299999091774 0.0018859999836422503
0.06722299999091774 1.00000761449337e-06
0.06682499998714775 0.0018970000091940165
0.06682499998714775 1.00000761449337e-06
0.06612699999823235 0.0017339999903924763
0.06612699999823235 0.0
0.06599200001801364 0.0016630000027362257
0.06599200001801364 0.0
0.06708400000934489 0.0017309999966528267
0.06708400000934489 9.999785106629133e-07
0.06628199998522177 0.0016579999937675893
0.06628199998522177 9.999785106629133e-07
0.06606000001193024 0.0017040000238921493
0.06606000001193024 0.0
0.06651299999793991 0.0017050000024028122
0.06651299999793991 0.0
0.06909499998437241 0.001787999994121492
0.06909499998437241 1.00000761449337e-06
0.06621199997607619 0.0016220000106841326
0.06621199997607619 0.0
0.0690279999980703 0.0016780000005383044
0.0690279999980703 0.0
0.07107700000051409 0.0018280000076629221
0.07107700000051409 0.0
0.0765300000202842 0.0047169999743346125
0.0765300000202842 0.0
0.07616399999824353 0.0020899999944958836
0.07616399999824353 0.0
0.07572300001629628 0.0018889999773819
0.07572300001629628 0.0
0.08031900000059977 0.002062000014120713
0.08031900000059977 9.999785106629133e-07
0.08137699999497272 0.004962000006344169
0.08137699999497272 0.0
0.08162599999923259 0.002123000012943521
0.08162599999923259 0.0
0.07872499999939464 0.0019589999865274876
0.07872499999939464 0.0
0.07927300001028925 0.0021819999965373427
0.07927300001028925 0.0
0.09225399998831563 0.002849999989848584
0.09225399998831563 0.0
0.08233400000608526 0.002047000016318634
0.08233400000608526 0.0
0.07878000001073815 0.0019199999806005508
0.07878000001073815 0.0
0.07873700000345707 0.0020000000076834112
0.07873700000345707 0.0
0.0930240000016056 0.0025510000123176724
0.0930240000016056 9.999785106629133e-07
0.07866099997772835 0.0019669999892357737
0.07866099997772835 0.0
0.07652800000505522 0.0018859999836422503
0.07652800000505522 0.0
0.07404499998665415 0.001867999992100522
0.07404499998665415 0.0
0.0771660000027623 0.0018789999885484576
0.0771660000027623 1.00000761449337e-06
0.07437200000276789 0.0017850000003818423
0.07437200000276789 0.0
0.07415999998920597 0.0018829999899026006
0.07415999998920597 0.0
0.07404300000052899 0.0018060000147670507
0.07404300000052899 0.0
0.07448699997621588 0.0018600000184960663
0.07448699997621588 1.00000761449337e-06
0.09712200000649318 0.002474000008078292
0.09712200000649318 0.0
0.09369599999627098 0.002351999981328845
0.09369599999627098 0.0
0.07269000000087544 0.0018179999897256494
0.07269000000087544 1.00000761449337e-06
0.07117500001913868 0.002449000021442771
0.07117500001913868 1.00000761449337e-06
0.06915999998454936 0.0016800000157672912
0.06915999998454936 0.0
0.06686600000830367 0.0016570000152569264
0.06686600000830367 1.00000761449337e-06
0.0744600000034552 0.0018500000005587935
0.0744600000034552 0.0
0.06907300002058037 0.0016810000233817846
0.06907300002058037 0.0
0.07174299997859634 0.0018270000000484288
0.07174299997859634 0.0
0.06898400001227856 0.001707999996142462
0.06898400001227856 1.00000761449337e-06
0.09235199997783639 0.002590999996755272
0.09235199997783639 1.00000761449337e-06
0.09589199998299591 0.002410999994026497
0.09589199998299591 1.00000761449337e-06
0.09244499998749234 0.0025080000050365925
0.09244499998749234 0.0
0.07007399998838082 0.0017609999922569841
0.07007399998838082 0.0
0.08991899999091402 0.0023090000031515956
0.08991899999091402 1.00000761449337e-06
0.06707699998514727 0.001680999994277954
0.06707699998514727 1.00000761449337e-06
0.06699300001491793 0.0016719999839551747
0.06699300001491793 1.00000761449337e-06
0.06888599999365397 0.0017520000110380352
0.06888599999365397 1.00000761449337e-06
0.06891599998925813 0.0017479999805800617
0.06891599998925813 1.00000761449337e-06
0.07177100001717918 0.0017890000017359853
0.07177100001717918 1.00000761449337e-06
0.07135600000037812 0.001795000018319115
0.07135600000037812 1.00000761449337e-06
0.07146199999260716 0.001816999982111156
0.07146199999260716 0.0
0.06440499998279847 0.0016110000142361969
0.06440499998279847 9.999785106629133e-07
0.08090699999593198 0.0022610000160057098
0.08090699999593198 0.0
0.08766600000672042 0.002219999994849786
0.08766600000672042 1.00000761449337e-06
0.09227700001792982 0.0025329999916721135
0.09227700001792982 1.00000761449337e-06
0.09275499999057502 0.0023539999965578318
0.09275499999057502 0.0
0.06762299998081289 0.001619000016944483
0.06762299998081289 1.00000761449337e-06
0.06943399997544475 0.0017380000208504498
0.06943399997544475 1.00000761449337e-06
0.06973899999866262 0.0017299999890383333
0.06973899999866262 0.0
0.06970600000931881 0.001773999974830076
0.06970600000931881 1.00000761449337e-06
0.07425200002035126 0.002513999992515892
0.07425200002035126 1.00000761449337e-06
0.06948500001453795 0.0017439999792259187
0.06948500001453795 1.00000761449337e-06
0.07144100000732578 0.0017769999976735562
0.07144100000732578 0.0
0.07402199998614378 0.001799999998183921
0.07402199998614378 0.0
0.07199600001331419 0.0018390000041108578
0.07199600001331419 1.00000761449337e-06
0.06908499999553896 0.0016959999920800328
0.06908499999553896 0.0
0.07123900001170114 0.0017719999887049198
0.07123900001170114 9.999785106629133e-07
0.06933199998456985 0.0018500000005587935
0.06933199998456985 0.0
0.06938000000081956 0.0016909999831113964
0.06938000000081956 1.00000761449337e-06
0.06959699999424629 0.001820000004954636
0.06959699999424629 1.00000761449337e-06
0.06928000002517365 0.001707999996142462
0.06928000002517365 0.0
0.06933399999979883 0.0017170000064652413
0.06933399999979883 9.999785106629133e-07
0.07029600001988001 0.001986000017495826
0.07029600001988001 0.0
0.06686600000830367 0.0017219999863300472
0.06686600000830367 1.00000761449337e-06
0.0700090000173077 0.002187000005505979
0.0700090000173077 0.0
0.08559100001002662 0.0021869999764021486
0.08559100001002662 0.0
0.08021100002224557 0.0021140000026207417
0.08021100002224557 0.0
0.08429199998499826 0.002086000022245571
0.08429199998499826 1.4999997802078724e-05
0.05997700002626516 0.0014640000008512288
0.05997700002626516 0.0
0.07612799998605624 0.0019930000125896186
0.07612799998605624 1.00000761449337e-06
0.07385200000135228 0.0020299999741837382
0.07385200000135228 0.0
0.08373899999423884 0.0021309999865479767
0.08373899999423884 0.0
0.08416500000748783 0.0020429999858606607
0.08416500000748783 1.00000761449337e-06
0.08209000001079403 0.0020379999768920243
0.08209000001079403 0.0
0.08110999999917112 0.0020739999890793115
0.08110999999917112 1.00000761449337e-06
0.0784890000068117 0.0019280000124126673
0.0784890000068117 0.0
0.08271200000308454 0.0021009999909438193
0.08271200000308454 0.0
0.08147599999210797 0.0020979999972041696
0.08147599999210797 0.0
0.08302300001378171 0.0020360000198706985
0.08302300001378171 0.0
0.08282199999666773 0.0021499999857041985
0.08282199999666773 0.0
0.08349300001282245 0.0020450000010896474
0.08349300001282245 0.0
0.08100199999171309 0.0020760000043082982
0.08100199999171309 1.00000761449337e-06
0.08377700002165511 0.0020970000186935067
0.08377700002165511 0.0
0.08137199998600408 0.002027999988058582
0.08137199998600408 9.999785106629133e-07
0.08242500000051223 0.0019299999985378236
0.08242500000051223 0.0
0.08141600000089966 0.002054000011412427
0.08141600000089966 0.0
0.06226000000606291 0.001533999980892986
0.06226000000606291 0.0
0.061845999996876344 0.001504999992903322
0.061845999996876344 1.00000761449337e-06
0.062058999988948926 0.0015330000023823231
0.062058999988948926 9.999785106629133e-07
0.06158300000242889 0.0015300000086426735
0.06158300000242889 0.0
0.06204999997862615 0.0015460000140592456
0.06204999997862615 0.0
0.06220399998710491 0.0015349999885074794
0.06220399998710491 0.0
0.06200399997760542 0.0015410000050906092
0.06200399997760542 1.00000761449337e-06
0.062067999999271706 0.0015239999920595437
0.062067999999271706 0.0
0.07103799999458715 0.002084999985527247
0.07103799999458715 1.00000761449337e-06
0.0840299999981653 0.002134000009391457
0.0840299999981653 0.0
0.08737100000143982 0.0021220000053290278
0.08737100000143982 1.00000761449337e-06
0.08470899998792447 0.00213199999416247
0.08470899998792447 0.0
0.06177099997876212 0.0015819999971427023
0.06177099997876212 0.0
0.061397000012220815 0.0015410000050906092
0.061397000012220815 1.00000761449337e-06
0.06415300001390278 0.0015879999846220016
0.06415300001390278 0.0
0.06616799999028444 0.0016109999851323664
0.06616799999028444 0.0
0.06654299999354407 0.00169500001356937
0.06654299999354407 0.0
0.06658199999947101 0.0016130000003613532
0.06658199999947101 9.999785106629133e-07
0.0664470000192523 0.0016460000188089907
0.0664470000192523 0.0
0.06638000000384636 0.0017229999939445406
0.06638000000384636 0.0
0.06634299998404458 0.0016229999891947955
0.06634299998404458 1.00000761449337e-06
0.0753359999798704 0.002486999990651384
0.0753359999798704 0.0
0.06663499999558553 0.0016330000071320683
0.06663499999558553 0.0
0.06615400000009686 0.0016420000174548477
0.06615400000009686 9.999785106629133e-07
0.07839600002625957 0.002215999993495643
0.07839600002625957 0.0
0.09189300000434741 0.002439000003505498
0.09189300000434741 0.0
0.08973899998818524 0.0028980000060983002
0.08973899998818524 0.0
0.09020299999974668 0.0028400000010151416
0.09020299999974668 0.0
0.09146799999871291 0.002665000007255003
0.09146799999871291 1.00000761449337e-06
0.0671450000081677 0.0018649999983608723
0.0671450000081677 1.00000761449337e-06
0.06892900000093505 0.002162999997381121
0.06892900000093505 9.999785106629133e-07
0.06920000002719462 0.0018860000127460808
0.06920000002719462 0.0
0.06946299999253824 0.0017309999966528267
0.06946299999253824 1.00000761449337e-06
0.07173200001125224 0.0022450000105891377
0.07173200001125224 1.00000761449337e-06
0.07136699999682605 0.002047999994829297
0.07136699999682605 0.0
0.07123699999647215 0.0017819999775383621
0.07123699999647215 0.0
0.0688850000151433 0.00185500000952743
0.0688850000151433 0.0
0.06840800002100877 0.0016830000095069408
0.06840800002100877 0.0
0.07151899999007583 0.0019000000029336661
0.07151899999007583 0.0
0.07162900001276284 0.0017939999816007912
0.07162900001276284 0.0
0.07159900001715869 0.0017890000017359853
0.07159900001715869 0.0
0.06938099997933023 0.0019190000020898879
0.06938099997933023 1.00000761449337e-06
0.07151599999633618 0.0019459999748505652
0.07151599999633618 1.00000761449337e-06
0.06932700000470504 0.0018939999863505363
0.06932700000470504 0.0
0.06911400001263246 0.0016650000179652125
0.06911400001263246 0.0
0.07133999999496154 0.0020570000051520765
0.07133999999496154 9.999785106629133e-07
0.07151700000395067 0.00181200000224635
0.07151700000395067 0.0
0.069389999989653 0.0017189999925903976
0.069389999989653 0.0
0.08264999999664724 0.001803999999538064
0.08264999999664724 0.0
0.09430300001986325 0.002825000003213063
0.09430300001986325 0.0
0.0967440000094939 0.0026870000001508743
0.0967440000094939 9.999785106629133e-07
0.09364799998002127 0.002361999999266118
0.09364799998002127 0.0
0.09440799997537397 0.002322000014828518
0.09440799997537397 0.0
0.0960520000080578 0.002359999984037131
0.0960520000080578 0.0
0.09904000000096858 0.002530999976443127
0.09904000000096858 1.00000761449337e-06
0.09975200000917539 0.0026950000028591603
0.09975200000917539 1.00000761449337e-06
0.0744049999921117 0.0018540000019129366
0.0744049999921117 1.00000761449337e-06
0.07754100000602193 0.0020000000076834112
0.07754100000602193 0.0
0.07404999999562278 0.0021579999884124845
0.07404999999562278 0.0
0.07407699999748729 0.0018189999973401427
0.07407699999748729 9.999785106629133e-07
0.07686299999477342 0.0019010000105481595
0.07686299999477342 1.00000761449337e-06
0.07739099999889731 0.002156999980797991
0.07739099999889731 1.00000761449337e-06
0.08176699999603443 0.0024209999828599393
0.08176699999603443 0.0
0.10016599998925813 0.0027150000096298754
0.10016599998925813 9.999785106629133e-07
0.10246200000983663 0.0025489999970886856
0.10246200000983663 1.00000761449337e-06
0.1028690000239294 0.0026280000165570527
0.1028690000239294 0.0
0.10734600000432692 0.002594999998109415
0.10734600000432692 0.0
0.10519500001100823 0.00269199998001568
0.10519500001100823 0.0
0.1055589999887161 0.0025390000082552433
0.1055589999887161 0.0
0.10471899999538437 0.0025240000104531646
0.10471899999538437 1.00000761449337e-06
0.08195900000282563 0.0022089999984018505
0.08195900000282563 1.00000761449337e-06
0.07868399997823872 0.00193500000750646
0.07868399997823872 0.0
0.07890499997301959 0.0019210000173188746
0.07890499997301959 0.0
0.07991599998786114 0.002242999995360151
0.07991599998786114 0.0
0.1011630000139121 0.002666999993380159
0.1011630000139121 1.00000761449337e-06
0.10610400000587106 0.002593999990494922
0.10610400000587106 1.00000761449337e-06
0.10487300000386313 0.002513999992515892
0.10487300000386313 0.0
0.09718300000531599 0.0025559999921824783
0.09718300000531599 9.999785106629133e-07
0.08418400000664406 0.002076999982818961
0.08418400000664406 0.0
0.07893899999908172 0.001970000012079254
0.07893899999908172 0.0
0.07930800001486205 0.0018649999983608723
0.07930800001486205 1.00000761449337e-06
0.09641099997679703 0.00266100000590086
0.09641099997679703 9.999785106629133e-07
0.07653699998627417 0.0018379999964963645
0.07653699998627417 1.00000761449337e-06
0.10763700000825338 0.0027419999823905528
0.10763700000825338 0.0
0.10684899997431785 0.0028340000135358423
0.10684899997431785 0.0
0.08015300001716241 0.0019960000063292682
0.08015300001716241 0.0
0.10765200000605546 0.0027620000182650983
0.10765200000605546 0.0
0.11179000002448447 0.002617000020109117
0.11179000002448447 1.00000761449337e-06
0.10631200001807883 0.0026960000104736537
0.10631200001807883 0.0
0.10681800000020303 0.002742999990005046
0.10681800000020303 0.0
0.10754600001382641 0.002626000001328066
0.10754600001382641 0.0
0.10864600000786595 0.0027709999994840473
0.10864600000786595 0.0
0.10418899997603148 0.0025670000177342445
0.10418899997603148 9.999785106629133e-07
0.10436199998366646 0.0026040000084321946
0.10436199998366646 0.0
0.10727599999518134 0.002742000011494383
0.10727599999518134 0.0
0.11048199998913333 0.002825000003213063
0.11048199998913333 1.00000761449337e-06
0.1062660000170581 0.002753000007942319
0.1062660000170581 9.999785106629133e-07
0.11219499999424443 0.002945000014733523
0.11219499999424443 0.0
0.11198699998203665 0.0027310000150464475
0.11198699998203665 0.0
0.11043899998185225 0.0029400000057648867
0.11043899998185225 0.0
0.11179200001060963 0.0027129999944008887
0.11179200001060963 0.0
0.11347599999862723 0.006486999976914376
0.11347599999862723 0.0
0.11276800002087839 0.0026910000015050173
0.11276800002087839 0.0
0.11117300001205876 0.0027110000082757324
0.11117300001205876 9.999785106629133e-07
0.11069099997985177 0.0027190000109840184
0.11069099997985177 0.0
0.11340000000200234 0.0029300000169314444
0.11340000000200234 0.0
0.11349600000539795 0.0028999999922234565
0.11349600000539795 1.00000761449337e-06
0.11290500001632608 0.002798000001348555
0.11290500001632608 0.0
0.1155049999943003 0.002757999987807125
0.1155049999943003 0.0
0.1161349999892991 0.0028630000015255064
0.1161349999892991 1.00000761449337e-06
0.11275400000158697 0.002798999979859218
0.11275400000158697 1.00000761449337e-06
0.08470599999418482 0.0020300000032875687
0.08470599999418482 0.0
0.099450000008801 0.002706999977817759
0.099450000008801 1.00000761449337e-06
0.11315499999909662 0.0027669999981299043
0.11315499999909662 0.0
0.11430399998789653 0.0027669999981299043
0.11430399998789653 9.999785106629133e-07
0.11508400001912378 0.0029329999815672636
0.11508400001912378 9.999785106629133e-07
0.1148080000129994 0.002882999979192391
0.1148080000129994 0.0
0.1133900000131689 0.0030160000023897737
0.1133900000131689 1.00000761449337e-06
0.11097700000391342 0.0021209999977145344
0.11097700000391342 0.0
0.10899999999674037 0.002685999992536381
0.10899999999674037 1.00000761449337e-06
0.0860019999963697 0.002111999987391755
0.0860019999963697 0.0
0.08336400002008304 0.002007999981287867
0.08336400002008304 1.00000761449337e-06
0.08417899999767542 0.0019660000107251108
0.08417899999767542 0.0
0.08430300001055002 0.0021490000071935356
0.08430300001055002 0.0
0.08358599999337457 0.001959999994141981
0.08358599999337457 1.00000761449337e-06
0.08109700001659803 0.0019629999878816307
0.08109700001659803 0.0
0.0819140000094194 0.001947000011568889
0.0819140000094194 0.0
0.07842800000798889 0.0018909999926108867
0.07842800000798889 1.00000761449337e-06
0.07857300000614487 0.0018689999997150153
0.07857300000614487 0.0
0.07897999999113381 0.0019150000007357448
0.07897999999113381 0.0
0.08167000001412816 0.0019529999990481883
0.08167000001412816 9.999785106629133e-07
0.08168400000431575 0.002234999992651865
0.08168400000431575 0.0
0.08242800002335571 0.001994000020204112
0.08242800002335571 0.0
0.08163300002343021 0.0019450000254437327
0.08163300002343021 0.0
0.09580000001005828 0.002363000006880611
0.09580000001005828 0.0
0.10971099999733269 0.002749999985098839
0.10971099999733269 1.00000761449337e-06
0.11109199997736141 0.002722999983234331
0.11109199997736141 0.0
0.11044499999843538 0.0027119999867863953
0.11044499999843538 0.0
0.11344200000166893 0.0026829999987967312
0.11344200000166893 0.0
0.11291500000515953 0.002717000024858862
0.11291500000515953 1.00000761449337e-06
0.11162800001329742 0.002945999993244186
0.11162800001329742 0.0
0.11635500000556931 0.0031470000103581697
0.11635500000556931 1.00000761449337e-06
0.11343900000792928 0.002653000003192574
0.11343900000792928 0.0
0.11175700000603683 0.0026880000077653676
0.11175700000603683 0.0
0.10850800000480376 0.002662999992026016
0.10850800000480376 1.00000761449337e-06
0.11588700002175756 0.002892999997129664
0.11588700002175756 0.0
0.1123749999969732 0.002705999999307096
0.1123749999969732 0.0
0.11358199999085627 0.002818999986629933
0.11358199999085627 1.00000761449337e-06
0.1174639999808278 0.002966000000014901
0.1174639999808278 0.0
0.11362600000575185 0.0029989999893587083
0.11362600000575185 1.00000761449337e-06
0.11533800000324845 0.002880000014556572
0.11533800000324845 0.0
0.11650999999255873 0.0029119999962858856
0.11650999999255873 0.0
0.1138890000001993 0.0027969999937340617
0.1138890000001993 0.0
0.11642399997799657 0.0028560000064317137
0.11642399997799657 0.0
0.11212499998509884 0.0027720000070985407
0.11212499998509884 0.0
0.11654299998190254 0.0027310000150464475
0.11654299998190254 1.00000761449337e-06
0.11375699998461641 0.002841000008629635
0.11375699998461641 0.0
0.11393099999986589 0.002808999997796491
0.11393099999986589 0.0
0.08369600001606159 0.002050000010058284
0.08369600001606159 9.999785106629133e-07
0.08368099998915568 0.002035999990766868
0.08368099998915568 9.999785106629133e-07
0.08687299999292009 0.005103999981656671
0.08687299999292009 1.00000761449337e-06
0.08635199998388998 0.0021530000085476786
0.08635199998388998 1.00000761449337e-06
0.0871259999985341 0.0020340000046417117
0.0871259999985341 0.0
0.0866260000038892 0.002027999988058582
0.0866260000038892 9.999785106629133e-07
0.0885499999858439 0.002490999992005527
0.0885499999858439 9.999785106629133e-07
0.08784199997899123 0.0020920000097248703
0.08784199997899123 1.00000761449337e-06
0.08710200001951307 0.0021980000019539148
0.08710200001951307 9.999785106629133e-07
0.08653899998171255 0.0020840000070165843
0.08653899998171255 0.0
0.08430499999667518 0.0020189999777358025
0.08430499999667518 0.0
0.09814899999764748 0.0027590000245254487
0.09814899999764748 9.999785106629133e-07
0.11615099999471568 0.002829000004567206
0.11615099999471568 1.00000761449337e-06
0.11780599999474362 0.0031310000049415976
0.11780599999474362 1.00000761449337e-06
0.08906599998590536 0.002223999996203929
0.08906599998590536 0.0
0.09255400000256486 0.0057659999874886125
0.09255400000256486 1.00000761449337e-06
0.09268500001053326 0.0023139999830164015
0.09268500001053326 1.00000761449337e-06
0.09765400001197122 0.005623000004561618
0.09765400001197122 0.0
0.09688999998616055 0.0025099999911617488
0.09688999998616055 1.00000761449337e-06
0.09320399997523054 0.002238999994006008
0.09320399997523054 0.0
0.09424100001342595 0.0023010000004433095
0.09424100001342595 1.00000761449337e-06
0.09360199997900054 0.0022330000065267086
0.09360199997900054 1.00000761449337e-06
0.09619799998472445 0.002306000009411946
0.09619799998472445 0.0
0.0968460000003688 0.0022600000083912164
0.0968460000003688 1.00000761449337e-06
0.09626200000639074 0.002227999997558072
0.09626200000639074 1.00000761449337e-06
0.09604500001296401 0.0022779999999329448
0.09604500001296401 0.0
0.0968529999954626 0.0023250000085681677
0.0968529999954626 0.0
0.0989500000141561 0.002521000016713515
0.0989500000141561 1.00000761449337e-06
0.09838499999023043 0.002382000006036833
0.09838499999023043 0.0
0.09858200000599027 0.002351000002818182
0.09858200000599027 9.999785106629133e-07
0.09861300000920892 0.0024030000204220414
0.09861300000920892 1.00000761449337e-06
0.09937900002114475 0.0026630000211298466
0.09937900002114475 0.0
0.10187099999166094 0.005924999975832179
0.10187099999166094 1.00000761449337e-06
0.10193899998557754 0.0025519999908283353
0.10193899998557754 9.999785106629133e-07
0.10123200001544319 0.0024329999869223684
0.10123200001544319 0.0
0.10115400000358932 0.0025080000050365925
0.10115400000358932 0.0
0.11544500000309199 0.003165000001899898
0.11544500000309199 9.999785106629133e-07
0.13599400001112372 0.003265999985160306
0.13599400001112372 1.00000761449337e-06
0.13639999998849817 0.0032979999959934503
0.13639999998849817 0.0
0.14007999998284504 0.003492999996524304
0.14007999998284504 0.0
0.1384820000093896 0.0032540000102017075
0.1384820000093896 1.00000761449337e-06
0.1337560000247322 0.0033700000203680247
0.1337560000247322 0.0
0.10041700000874698 0.0022680000110995024
0.10041700000874698 1.00000761449337e-06
0.12123200000496581 0.003197999991243705
0.12123200000496581 0.0
0.09907500000554137 0.0022929999977350235
0.09907500000554137 0.0
0.09893700000247918 0.0024099999864120036
0.09893700000247918 0.0
0.09982299999683164 0.0024190000258386135
0.09982299999683164 0.0
0.09924700000556186 0.0024299999931827188
0.09924700000556186 0.0
0.09936799999559298 0.002525999996578321
0.09936799999559298 0.0
0.09883100001025014 0.002382000006036833
0.09883100001025014 1.00000761449337e-06
0.09640200002468191 0.002263999980641529
0.09640200002468191 9.999785106629133e-07
0.09530899999663234 0.002226999989943579
0.09530899999663234 1.00000761449337e-06
0.10092500000610016 0.0023919999948702753
0.10092500000610016 1.00000761449337e-06
0.10349499998847023 0.0025749999913387
0.10349499998847023 0.0
0.10448300000280142 0.002443000004859641
0.10448300000280142 0.0
0.10588100002496503 0.006174000009195879
0.10588100002496503 1.00000761449337e-06
0.10895900000468828 0.0062719999987166375
0.10895900000468828 0.0
0.13506100000813603 0.003200000006472692
0.13506100000813603 1.00000761449337e-06
0.10693099998752587 0.002613999997265637
0.10693099998752587 9.999785106629133e-07
0.1428730000043288 0.0035050000005867332
0.1428730000043288 0.0
0.14813000001595356 0.003519999998388812
0.14813000001595356 9.999785106629133e-07
0.10703600000124425 0.0025920000043697655
0.10703600000124425 9.999785106629133e-07
0.13855899998452514 0.0034710000036284328
0.13855899998452514 1.00000761449337e-06
0.10880600000382401 0.002550000004703179
0.10880600000382401 0.0
0.11210000002756715 0.0028220000094734132
0.11210000002756715 9.999785106629133e-07
0.11507699999492615 0.006635000027017668
0.11507699999492615 0.0
0.1134920000040438 0.0028219999803695828
0.1134920000040438 9.999785106629133e-07
0.1146430000080727 0.002718999981880188
0.1146430000080727 9.999785106629133e-07
0.11604600001010112 0.003097000007983297
0.11604600001010112 0.0
0.1574280000058934 0.00330400001257658
0.1574280000058934 1.00000761449337e-06
0.13846499999635853 0.003886999998940155
0.13846499999635853 0.0
0.14481099997647107 0.0036210000107530504
0.14481099997647107 1.00000761449337e-06
0.11583299998892471 0.0028649999876506627
0.11583299998892471 0.0
0.11997400000109337 0.0029280000017024577
0.11997400000109337 0.0
0.13930000000982545 0.0036299999919719994
0.13930000000982545 1.00000761449337e-06
0.14237499999580905 0.003431999997701496
0.14237499999580905 1.00000761449337e-06
0.14503099999274127 0.003655000007711351
0.14503099999274127 9.999785106629133e-07
0.1383170000044629 0.004114999988814816
0.1383170000044629 0.0
0.14601799999945797 0.00378099997760728
0.14601799999945797 1.00000761449337e-06
0.15699299998232163 0.0037770000053569674
0.15699299998232163 0.0
0.16008900001179427 0.0038200000126380473
0.16008900001179427 0.0
0.15444100002059713 0.003540000005159527
0.15444100002059713 1.00000761449337e-06
0.11677399999462068 0.0027640000043902546
0.11677399999462068 1.00000761449337e-06
0.11643200000980869 0.002726999984588474
0.11643200000980869 0.0
0.11661399999866262 0.002822999987984076
0.11661399999866262 1.00000761449337e-06
0.1177169999864418 0.003056999994441867
0.1177169999864418 0.0
0.12038099998608232 0.0029670000076293945
0.12038099998608232 9.999785106629133e-07
0.12036500000976957 0.0028639999800361693
0.12036500000976957 0.0
0.12131599997519515 0.0030310000001918525
0.12131599997519515 1.00000761449337e-06
0.120349000004353 0.002830999990692362
0.120349000004353 9.999785106629133e-07
0.155908000015188 0.003775999997742474
0.155908000015188 0.0
0.1539690000063274 0.0038490000006277114
0.1539690000063274 0.0
0.15629899999476038 0.0037119999760761857
0.15629899999476038 9.999785106629133e-07
0.15365700001711957 0.003616000001784414
0.15365700001711957 0.0
0.14906699999119155 0.0034370000066701323
0.14906699999119155 0.0
0.14486599998781458 0.0035820000048261136
0.14486599998781458 1.00000761449337e-06
0.14637599998968653 0.0035290000087115914
0.14637599998968653 1.00000761449337e-06
0.14825100000598468 0.0036130000080447644
0.14825100000598468 0.0
0.14851100000669248 0.003495999990263954
0.14851100000669248 0.0
0.14770000000135042 0.0034539999905973673
0.14770000000135042 1.00000761449337e-06
0.1495920000015758 0.003419000015128404
0.1495920000015758 1.00000761449337e-06
0.14169099999708124 0.0033819999953266233
0.14169099999708124 0.0
0.14865899999858811 0.003560999990440905
0.14865899999858811 1.00000761449337e-06
0.1471460000029765 0.0036199999740347266
0.1471460000029765 0.0
0.1472269999794662 0.003479000006336719
0.1472269999794662 1.00000761449337e-06
0.14754700000048615 0.00350099999923259
0.14754700000048615 0.0
0.1478380000044126 0.003452000004472211
0.1478380000044126 1.00000761449337e-06
0.14589000001433305 0.003603000019211322
0.14589000001433305 1.00000761449337e-06
0.14572699999553151 0.0034549999982118607
0.14572699999553151 1.00000761449337e-06
0.14726800000062212 0.003696999978274107
0.14726800000062212 0.0
0.15058899999712594 0.0037379999994300306
0.15058899999712594 0.0
0.14519300000392832 0.0034549999982118607
0.14519300000392832 1.00000761449337e-06
0.15917999998782761 0.004078999976627529
0.15917999998782761 0.0
0.14356599998427555 0.00342700001783669
0.14356599998427555 0.0
0.14668199999141507 0.003572999994503334
0.14668199999141507 1.00000761449337e-06
0.13622000001487322 0.003643000003648922
0.13622000001487322 0.0
0.14958299999125302 0.003343000018503517
0.14958299999125302 1.00000761449337e-06
0.13404900001478381 0.002993999980390072
0.13404900001478381 0.0
0.1447090000147 0.0038750000239815563
0.1447090000147 1.00000761449337e-06
0.13180600001942366 0.0033239999902434647
0.13180600001942366 0.0
0.12789000000339001 0.0034499999892432243
0.12789000000339001 0.0
0.14983300000312738 0.003755000012461096
0.14983300000312738 0.0
0.11627299999236129 0.002666999993380159
0.11627299999236129 0.0
0.11960900001577102 0.0028270000184420496
0.11960900001577102 0.0
0.12198599998373538 0.002847999974619597
0.12198599998373538 0.0
0.11694699997315183 0.0027600000030361116
0.11694699997315183 0.0
0.13829800000530668 0.003655999986222014
0.13829800000530668 0.0
0.16091599999344908 0.009386999998241663
0.16091599999344908 9.999785106629133e-07
0.16384400002425537 0.0039960000140126795
0.16384400002425537 1.00000761449337e-06
0.16483399999560788 0.0038340000028256327
0.16483399999560788 9.999785106629133e-07
0.15895199999795295 0.0038469999853987247
0.15895199999795295 9.999785106629133e-07
0.1616470000008121 0.0043080000032205135
0.1616470000008121 1.00000761449337e-06
0.15953299999819137 0.0037549999833572656
0.15953299999819137 0.0
0.16320700000505894 0.003867999999783933
0.16320700000505894 0.0
0.15650299997651018 0.0037170000141486526
0.15650299997651018 0.0
0.15765800001099706 0.003673999977763742
0.15765800001099706 1.00000761449337e-06
0.15620399999897927 0.003706000017700717
0.15620399999897927 0.0
0.12119500001426786 0.0029300000169314444
0.12119500001426786 0.0
0.12042800002382137 0.0029180000128690153
0.12042800002382137 0.0
0.11878400002024136 0.002873000019462779
0.11878400002024136 0.0
0.11937699999543838 0.002834999992046505
0.11937699999543838 0.0
0.11884400001144968 0.0027769999869633466
0.11884400001144968 9.999785106629133e-07
0.12123299998347647 0.0029690000228583813
0.12123299998347647 1.00000761449337e-06
0.11794199998257682 0.0028389999934006482
0.11794199998257682 1.00000761449337e-06
0.11883800002397038 0.0028400000010151416
0.11883800002397038 0.0
0.1524339999887161 0.0037349999765865505
0.1524339999887161 1.00000761449337e-06
0.1612920000043232 0.0038659999845549464
0.1612920000043232 0.0
0.15633600001456216 0.0033790000015869737
0.15633600001456216 0.0
0.1600400000170339 0.0038120000099297613
0.1600400000170339 0.0
0.16229300000122748 0.0038179999974090606
0.16229300000122748 1.00000761449337e-06
0.16037699999287724 0.0038690000073984265
0.16037699999287724 0.0
0.15997199999401346 0.003794999996898696
0.15997199999401346 0.0
0.166060000017751 0.0039870000036899
0.166060000017751 1.00000761449337e-06
0.12095200002659112 0.002814000006765127
0.12095200002659112 0.0
0.12399700001697056 0.006945000000996515
0.12399700001697056 0.0
0.12303399998927489 0.002949999994598329
0.12303399998927489 0.0
0.16730400000233203 0.003930000006221235
0.16730400000233203 1.00000761449337e-06
0.16332799999509007 0.0038939999940339476
0.16332799999509007 0.0
0.16704999998910353 0.004122999991523102
0.16704999998910353 0.0
0.17011700000148267 0.0040290000033564866
0.17011700000148267 0.0
0.16871999998693354 0.003958999994210899
0.16871999998693354 0.0
0.16259000002173707 0.003867999999783933
0.16259000002173707 1.00000761449337e-06
0.12492299999576062 0.002845999988494441
0.12492299999576062 1.00000761449337e-06
0.12273400000412948 0.0028710000042337924
0.12273400000412948 1.00000761449337e-06
0.12291100001311861 0.0028500000189524144
0.12291100001311861 1.00000761449337e-06
0.12295799999265 0.002953999995952472
0.12295799999265 9.999785106629133e-07
0.12356099998578429 0.002933000010671094
0.12356099998578429 0.0
0.12694799999007955 0.003108000004431233
0.12694799999007955 1.00000761449337e-06
0.14751199999591336 0.0041219999839086086
0.14751199999591336 0.0
0.17114099999889731 0.0040889999945648015
0.17114099999889731 1.00000761449337e-06
0.1718760000076145 0.003959000023314729
0.1718760000076145 1.00000761449337e-06
0.16873499998473562 0.003966000018408522
0.16873499998473562 1.00000761449337e-06
0.17148200000519864 0.00398099998710677
0.17148200000519864 9.999785106629133e-07
0.17093900000327267 0.0038859999913256615
0.17093900000327267 1.00000761449337e-06
0.17212799997651018 0.004050999996252358
0.17212799997651018 0.0
0.1729629999899771 0.004440999997314066
0.1729629999899771 0.0
0.16525800002273172 0.003989000018918887
0.16525800002273172 9.999785106629133e-07
0.1748399999924004 0.010737999982666224
0.1748399999924004 1.00000761449337e-06
0.1738550000009127 0.0033100000000558794
0.1738550000009127 0.0
0.1737319999956526 0.004298999992897734
0.1737319999956526 1.00000761449337e-06
0.12914100001216866 0.0030450000194832683
0.12914100001216866 0.0
0.13023599999723956 0.0031639999942854047
0.13023599999723956 1.00000761449337e-06
0.1338230000110343 0.003345000004628673
0.1338230000110343 0.0
0.13559600000735372 0.003085000003920868
0.13559600000735372 0.0
0.13472400000318885 0.003204999986337498
0.13472400000318885 1.00000761449337e-06
0.17782000001170672 0.004505999997491017
0.17782000001170672 1.00000761449337e-06
0.13151400000788271 0.0031009999802336097
0.13151400000788271 1.00000761449337e-06
0.1562839999969583 0.010890000005019829
0.1562839999969583 0.0
0.1799929999979213 0.004314999998314306
0.1799929999979213 1.00000761449337e-06
0.18271599998115562 0.0043040000018663704
0.18271599998115562 0.0
0.18008399999234825 0.0045729999837931246
0.18008399999234825 0.0
0.18115399999078363 0.004255000007105991
0.18115399999078363 0.0
0.18764599997666664 0.010808999999426305
0.18764599997666664 0.0
0.16518499999074265 0.0035679999855346978
0.16518499999074265 0.0
0.18760100001236424 0.004419000004418194
0.18760100001236424 0.0
0.1851569999998901 0.004214999993564561
0.1851569999998901 1.00000761449337e-06
0.1842389999947045 0.004325999994762242
0.1842389999947045 0.0
0.1824600000109058 0.004231999977491796
0.1824600000109058 9.999785106629133e-07
0.18341099997633137 0.004255000007105991
0.18341099997633137 1.00000761449337e-06
0.18391900000278838 0.004286000010324642
0.18391900000278838 0.0
0.18457300000591204 0.004554000013740733
0.18457300000591204 9.999785106629133e-07
0.13627899999846704 0.0032070000015664846
0.13627899999846704 0.0
0.16891200002282858 0.0033420000108890235
0.16891200002282858 0.0
0.18800500000361353 0.004417999996803701
0.18800500000361353 0.0
0.18633200001204386 0.004677000019000843
0.18633200001204386 1.00000761449337e-06
0.18560100000468083 0.004722999990917742
0.18560100000468083 9.999785106629133e-07
0.1912540000048466 0.004356999997980893
0.1912540000048466 1.00000761449337e-06
0.18455599999288097 0.004321999993408099
0.18455599999288097 9.999785106629133e-07
0.18705700000282377 0.004360999999335036
0.18705700000282377 0.0
0.18339300001389347 0.0037720000254921615
0.18339300001389347 9.999785106629133e-07
0.18692999999620952 0.004449999978533015
0.18692999999620952 9.999785106629133e-07
0.18381899999803863 0.004377000004751608
0.18381899999803863 0.0
0.19011999998474494 0.0046409999777097255
0.19011999998474494 0.0
0.19036700000287965 0.004408000007970259
0.19036700000287965 1.00000761449337e-06
0.1901450000004843 0.004415000003064051
0.1901450000004843 1.00000761449337e-06
0.18649300001561642 0.004373000003397465
0.18649300001561642 0.0
0.18675399999483489 0.004309000010835007
0.18675399999483489 1.00000761449337e-06
0.19043299998156726 0.004382000013720244
0.19043299998156726 1.00000761449337e-06
0.1895209999929648 0.004481000010855496
0.1895209999929648 0.0
0.18782800002372824 0.004421000019647181
0.18782800002372824 1.00000761449337e-06
0.18897399998968467 0.0043500000028871
0.18897399998968467 0.0
0.187753000005614 0.004435999988345429
0.187753000005614 9.999785106629133e-07
0.18994300000485964 0.004371999995782971
0.18994300000485964 0.0
0.18981700000585988 0.004437000025063753
0.18981700000585988 0.0
0.19206600001780316 0.00454699998954311
0.19206600001780316 0.0
0.19203299999935552 0.011175000021466985
0.19203299999935552 0.0
0.19155200000386685 0.0046830000064801425
0.19155200000386685 0.0
0.19738900000811554 0.00470999997924082
0.19738900000811554 9.999785106629133e-07
0.19699599998421036 0.004573999991407618
0.19699599998421036 0.0
0.1903759999840986 0.004419000004418194
0.1903759999840986 0.0
0.1901310000102967 0.004359999991720542
0.1901310000102967 0.0
0.19081100000767037 0.004597999999532476
0.19081100000767037 0.0
0.1883510000188835 0.004454000008990988
0.1883510000188835 0.0
0.1919179999968037 0.004811000020708889
0.1919179999968037 0.0
0.19329799999832176 0.004474000015761703
0.19329799999832176 0.0
0.1914050000195857 0.004440999997314066
0.1914050000195857 1.00000761449337e-06
0.19036800001049414 0.004444999998668209
0.19036800001049414 0.0
0.19466100001591258 0.004514000000199303
0.19466100001591258 0.0
0.19234800001140684 0.004642999992938712
0.19234800001140684 1.00000761449337e-06
0.19341599999461323 0.0045350000145845115
0.19341599999461323 0.0
0.1874379999935627 0.003511000017169863
0.1874379999935627 0.0
0.19170399999711663 0.004462999990209937
0.19170399999711663 1.00000761449337e-06
0.14785399998072535 0.0033300000068265945
0.14785399998072535 9.999785106629133e-07
0.14553999999770895 0.0035299999872222543
0.14553999999770895 0.0
0.14632900001015514 0.0035679999855346978
0.14632900001015514 0.0
0.14691799998399802 0.003519999998388812
0.14691799998399802 1.00000761449337e-06
0.17410599999129772 0.003720999986398965
0.17410599999129772 1.00000761449337e-06
0.18715199999860488 0.0037410000222735107
0.18715199999860488 9.999785106629133e-07
0.18629900002270006 0.004581999994115904
0.18629900002270006 0.0
0.19581699999980628 0.004603999987011775
0.19581699999980628 0.0
0.19734300000709482 0.004538999986834824
0.19734300000709482 1.00000761449337e-06
0.1953310000244528 0.0050069999997504056
0.1953310000244528 0.0
0.19988699999521486 0.011732999992091209
0.19988699999521486 1.00000761449337e-06
0.19764200001372956 0.00491299998247996
0.19764200001372956 0.0
0.19955599997774698 0.004684000014094636
0.19955599997774698 0.0
0.1943170000158716 0.0036560000153258443
0.1943170000158716 1.00000761449337e-06
0.19793399999616668 0.004657999990740791
0.19793399999616668 1.00000761449337e-06
0.19979400001466274 0.004983000020729378
0.19979400001466274 0.0
0.19835500000044703 0.004672000010032207
0.19835500000044703 0.0
0.19878899998730049 0.004764000012073666
0.19878899998730049 1.00000761449337e-06
0.14834700000938028 0.003539000026648864
0.14834700000938028 0.0
0.14889100001892075 0.0034290000039618462
0.14889100001892075 0.0
0.14987100000143982 0.0036819999804720283
0.14987100000143982 0.0
0.15086900000460446 0.0034759999834932387
0.15086900000460446 9.999785106629133e-07
0.20186199998715892 0.004684999992605299
0.20186199998715892 0.0
0.20213700001477264 0.004742999997688457
0.20213700001477264 9.999785106629133e-07
0.2016400000138674 0.0047550000017508864
0.2016400000138674 0.0
0.20745400001760572 0.01176699998904951
0.20745400001760572 0.0
0.20738700000219978 0.004960000020219013
0.20738700000219978 0.0
0.19884200001251884 0.004846999974688515
0.19884200001251884 0.0
0.20086699997773394 0.005004000006010756
0.20086699997773394 1.00000761449337e-06
0.2073110000055749 0.004805000004125759
0.2073110000055749 1.00000761449337e-06
0.20811000000685453 0.004999999975552782
0.20811000000685453 9.999785106629133e-07
0.15656699999817647 0.0035849999985657632
0.15656699999817647 0.0
0.19895000001997687 0.004703000013250858
0.19895000001997687 0.0
0.2092160000174772 0.004840000008698553
0.2092160000174772 0.0
0.20578799999202602 0.004821999988052994
0.20578799999202602 1.00000761449337e-06
0.20980199999758042 0.004853999998886138
0.20980199999758042 1.3999990187585354e-05
0.20874400000320747 0.0048479999823030084
0.20874400000320747 0.0
0.20974599997862242 0.004974999988917261
0.20974599997862242 0.0
0.21036399999866262 0.004887999995844439
0.21036399999866262 1.00000761449337e-06
0.21023899997817352 0.004832000005990267
0.21023899997817352 0.0
0.15590700000757352 0.0035659999994095415
0.15590700000757352 1.00000761449337e-06
0.15646500000730157 0.003667999990284443
0.15646500000730157 0.0
0.1563120000064373 0.003616000001784414
0.1563120000064373 0.0
0.1554349999933038 0.0037829999928362668
0.1554349999933038 1.00000761449337e-06
0.15606899998965673 0.003591999993659556
0.15606899998965673 0.0
0.20348399999784306 0.012249000021256506
0.20348399999784306 9.999785106629133e-07
0.21438799999305047 0.0052260000084061176
0.21438799999305047 0.0
0.19329699999070726 0.004126999992877245
0.19329699999070726 0.0
0.21207199999480508 0.005011000001104549
0.21207199999480508 1.00000761449337e-06
0.21200400000088848 0.004948999994667247
0.21200400000088848 0.0
0.2095430000044871 0.005176000006031245
0.2095430000044871 1.00000761449337e-06
0.2148600000073202 0.0050029999983962625
0.2148600000073202 1.00000761449337e-06
0.2167980000085663 0.005059999995864928
0.2167980000085663 0.0
0.21493099999497645 0.00495000000228174
0.21493099999497645 0.0
0.21852100000251085 0.00511299999197945
0.21852100000251085 0.0
0.21464299998478964 0.0049909999943338335
0.21464299998478964 1.4999997802078724e-05
0.20488199999090284 0.004397999990032986
0.20488199999090284 0.0
0.21296800000709482 0.005341999989468604
0.21296800000709482 1.00000761449337e-06
0.159964000020409 0.004242000024532899
0.159964000020409 1.00000761449337e-06
0.1631070000003092 0.011002999992342666
0.1631070000003092 0.0
0.16424800001550466 0.009645000012824312
0.16424800001550466 1.00000761449337e-06
0.1655719999980647 0.0041219999839086086
0.1655719999980647 0.0
0.16501500000595115 0.00455300000612624
0.16501500000595115 0.0
0.22663799999281764 0.005264999985229224
0.22663799999281764 0.0
0.21238899999298155 0.005413999984739348
0.21238899999298155 0.0
0.2027959999977611 0.004201000003376976
0.2027959999977611 1.00000761449337e-06
0.1635089999763295 0.0038509999867528677
0.1635089999763295 1.00000761449337e-06
0.2104000000108499 0.005147999996552244
0.2104000000108499 1.00000761449337e-06
0.1628410000121221 0.0038209999911487103
0.1628410000121221 1.00000761449337e-06
0.18500899997889064 0.004355000011855736
0.18500899997889064 0.0
0.16976099999737926 0.010099000006448478
0.16976099999737926 0.0
0.2096799999999348 0.013183999981265515
0.2096799999999348 9.999785106629133e-07
0.22949600001447834 0.005999999993946403
0.22949600001447834 0.0
0.2310730000026524 0.005546000000322238
0.2310730000026524 1.00000761449337e-06
0.23480199999175966 0.013575000019045547
0.23480199999175966 0.0
0.24725799998850562 0.014444000000366941
0.24725799998850562 0.0
0.247107999981381 0.0064950000087264925
0.247107999981381 0.0
0.2506569999968633 0.005692999984603375
0.2506569999968633 1.00000761449337e-06
0.24693600001046434 0.0059089999995194376
0.24693600001046434 1.00000761449337e-06
0.2339780000038445 0.00592200001119636
0.2339780000038445 9.999785106629133e-07
0.21215800000936724 0.005489000002853572
0.21215800000936724 1.00000761449337e-06
0.22136399999726564 0.004755999980261549
0.22136399999726564 0.0
0.2341980000201147 0.005950000020675361
0.2341980000201147 1.00000761449337e-06
0.2035909999976866 0.0045519999985117465
0.2035909999976866 0.0
0.24476200001663528 0.005948000005446374
0.24476200001663528 0.0
0.25816100000520237 0.015159000002313405
0.25816100000520237 0.0
0.24833699999726377 0.0064199999906122684
0.24833699999726377 0.0
0.2581460000074003 0.00612199999159202
0.2581460000074003 0.0
0.2524510000075679 0.006975000025704503
0.2524510000075679 0.0
0.24497800000244752 0.006098999991081655
0.24497800000244752 1.00000761449337e-06
0.24872400000458583 0.005606999999145046
0.24872400000458583 1.00000761449337e-06
0.19610700002522208 0.0045559999998658895
0.19610700002522208 9.999785106629133e-07
0.23367799998959526 0.006034999998519197
0.23367799998959526 0.0
0.196232999995118 0.005323999997926876
0.196232999995118 0.0
0.2555690000008326 0.006051000003935769
0.2555690000008326 1.00000761449337e-06
0.19672799998079427 0.004908000002615154
0.19672799998079427 0.0
0.26154599999426864 0.0059720000135712326
0.26154599999426864 1.00000761449337e-06
0.25759399999515153 0.005975000007310882
0.25759399999515153 1.00000761449337e-06
0.2164150000025984 0.004681000020354986
0.2164150000025984 0.0
0.24727100000018254 0.005982999980915338
0.24727100000018254 0.0
0.24462700000731274 0.005849000008311123
0.24462700000731274 0.0
0.24072299999534152 0.0058040000149048865
0.24072299999534152 1.00000761449337e-06
0.23240800001076423 0.0060449999873526394
0.23240800001076423 1.00000761449337e-06
0.23571899998933077 0.00566999998409301
0.23571899998933077 9.999785106629133e-07
0.2348129999882076 0.006158000003779307
0.2348129999882076 1.00000761449337e-06
0.2509260000078939 0.005742999986978248
0.2509260000078939 0.0
0.24713299999712035 0.005707000003894791
0.24713299999712035 0.0
0.2514940000255592 0.006097000004956499
0.2514940000255592 1.00000761449337e-06
0.23581799998646602 0.005204000015510246
0.23581799998646602 1.00000761449337e-06
0.2282040000136476 0.005528999987291172
0.2282040000136476 0.0
0.21735299998545088 0.005253999988781288
0.21735299998545088 1.00000761449337e-06
0.20989699999336153 0.004671000002417713
0.20989699999336153 0.0
0.21566000001621433 0.005735000013373792
0.21566000001621433 1.00000761449337e-06
0.2347660000086762 0.006125999992946163
0.2347660000086762 1.00000761449337e-06
0.22822099999757484 0.005744999973103404
0.22822099999757484 1.00000761449337e-06
0.23591200000373647 0.005611999979009852
0.23591200000373647 0.0
0.23803399997996166 0.0055339999962598085
0.23803399997996166 0.0
0.23334899998735636 0.006067999987863004
0.23334899998735636 0.0
0.2300649999815505 0.006190000014612451
0.2300649999815505 0.0
0.2386830000032205 0.005697999993572012
0.2386830000032205 1.00000761449337e-06
0.18083900000783615 0.004103000013856217
0.18083900000783615 0.0
0.22152000002097338 0.005539000005228445
0.22152000002097338 9.999785106629133e-07
0.23003299999982119 0.004616999998688698
0.23003299999982119 0.0
0.20041399999172427 0.005512000003363937
0.20041399999172427 1.00000761449337e-06
0.23477300000377 0.005446999974083155
0.23477300000377 1.00000761449337e-06
0.23894399998243898 0.005945000011706725
0.23894399998243898 1.00000761449337e-06
0.23600199999054894 0.005447000003186986
0.23600199999054894 0.0
0.23856299999170005 0.005410999990999699
0.23856299999170005 1.00000761449337e-06
0.23785199999110773 0.005556999996770173
0.23785199999110773 0.0
0.23909699998330325 0.00596199999563396
0.23909699998330325 9.999785106629133e-07
0.24055899999802932 0.0060529999900609255
0.24055899999802932 0.0
0.24251900002127513 0.005638000002363697
0.24251900002127513 0.0
0.24310500000137836 0.005902000004425645
0.24310500000137836 0.0
0.24395100001129322 0.005993000027956441
0.24395100001129322 0.0
0.2416990000056103 0.0058129999961238354
0.2416990000056103 0.0
0.1860420000157319 0.0043040000018663704
0.1860420000157319 0.0
0.18873600001097657 0.004298999992897734
0.18873600001097657 1.00000761449337e-06
0.2325929999933578 0.005734000005759299
0.2325929999933578 0.0
0.2455060000065714 0.005806999979540706
0.2455060000065714 1.00000761449337e-06
0.18949599997722544 0.004497999994782731
0.18949599997722544 0.0
0.25127200002316386 0.006127000000560656
0.25127200002316386 1.4999997802078724e-05
0.24734299999545328 0.005781000014394522
0.24734299999545328 0.0
0.23576500001945533 0.005965999996988103
0.23576500001945533 0.0
0.2506310000026133 0.0057620000152383
0.2506310000026133 0.0
0.24891399999614805 0.005731999990530312
0.24891399999614805 1.00000761449337e-06
0.2207860000198707 0.004768000013427809
0.2207860000198707 1.00000761449337e-06
0.2523550000041723 0.005894999980228022
0.2523550000041723 0.0
0.24978300000657327 0.005801000021165237
0.24978300000657327 0.0
0.2463690000004135 0.00567900002351962
0.2463690000004135 0.0
0.24990300001809373 0.0061030000215396285
0.24990300001809373 0.0
0.2512529999949038 0.005831000016769394
0.2512529999949038 9.999785106629133e-07
0.2408280000090599 0.004740000003948808
0.2408280000090599 0.0
0.25143500001286156 0.0058330000028945506
0.25143500001286156 0.0
0.25056499999482185 0.005793999996967614
0.25056499999482185 1.00000761449337e-06
0.25482600001851097 0.005856000003404915
0.25482600001851097 9.999785106629133e-07
0.2537130000127945 0.005763000022852793
0.2537130000127945 0.0
0.2518090000085067 0.005853999988175929
0.2518090000085067 0.0
0.2518640000198502 0.005969999998342246
0.2518640000198502 0.0
0.25455199999851175 0.005872000008821487
0.25455199999851175 1.00000761449337e-06
0.25255200001993217 0.006068999995477498
0.25255200001993217 0.0
0.2545490000047721 0.005694999999832362
0.2545490000047721 1.00000761449337e-06
0.25646999999298714 0.005963000003248453
0.25646999999298714 1.00000761449337e-06
0.25522900000214577 0.006017000006977469
0.25522900000214577 0.0
0.25730999998631887 0.00583900001947768
0.25730999998631887 0.0
0.2540410000074189 0.005996000021696091
0.2540410000074189 9.999785106629133e-07
0.25412200001301244 0.005907999991904944
0.25412200001301244 1.00000761449337e-06
0.25151900001219474 0.005904000019654632
0.25151900001219474 0.0
0.24621700000716373 0.005875000002561137
0.24621700000716373 0.0
0.25175100000342354 0.005795000004582107
0.25175100000342354 0.0
0.2556130000157282 0.005768999981228262
0.2556130000157282 0.0
0.25808800000231713 0.005846000014571473
0.25808800000231713 1.00000761449337e-06
0.24116499998490326 0.00596199999563396
0.24116499998490326 1.00000761449337e-06
0.2555319999810308 0.006193000008352101
0.2555319999810308 0.0
0.2591930000053253 0.005973000021185726
0.2591930000053253 1.400001929141581e-05
0.2580899999884423 0.0059139999793842435
0.2580899999884423 0.0
0.25984600000083447 0.0060569999914150685
0.25984600000083447 0.0
0.2595769999898039 0.006095999997342005
0.2595769999898039 0.0
0.2611880000040401 0.006098000012570992
0.2611880000040401 9.999785106629133e-07
0.2596929999999702 0.006154999980935827
0.2596929999999702 1.00000761449337e-06
0.2662140000029467 0.00660200000857003
0.2662140000029467 0.0
0.26143499999307096 0.006145000021206215
0.26143499999307096 0.0
0.2601359999971464 0.006441000004997477
0.2601359999971464 0.0
0.26086599999689497 0.006049999996321276
0.26086599999689497 1.00000761449337e-06
0.26445599997532554 0.005971000005956739
0.26445599997532554 1.00000761449337e-06
0.25835899999947287 0.00599599999259226
0.25835899999947287 1.00000761449337e-06
0.26165000000037253 0.006223999982466921
0.26165000000037253 0.0
0.23943000001600012 0.005015000002458692
0.23943000001600012 9.999785106629133e-07
0.2657089999993332 0.006277000007685274
0.2657089999993332 1.00000761449337e-06
0.2644819999986794 0.006177000002935529
0.2644819999986794 9.999785106629133e-07
0.26675899999099784 0.00608200000715442
0.26675899999099784 1.00000761449337e-06
0.2664550000044983 0.006441000004997477
0.2664550000044983 0.0
0.26229699997929856 0.006151000008685514
0.26229699997929856 0.0
0.2616019999841228 0.006155000010039657
0.2616019999841228 0.0
0.2257300000055693 0.006160000019008294
0.2257300000055693 0.0
0.26358299999265 0.00599900001543574
0.26358299999265 0.0
0.2695699999749195 0.015057999989949167
0.2695699999749195 0.0
0.26935600000433624 0.006475000001955777
0.26935600000433624 0.0
0.2689050000044517 0.006255999993300065
0.2689050000044517 1.00000761449337e-06
0.22953900002175942 0.0050789999950211495
0.22953900002175942 1.00000761449337e-06
0.26553199999034405 0.0061649999988731
0.26553199999034405 0.0
0.20335899997735396 0.004675000003771856
0.20335899997735396 0.0
0.27242199997999705 0.006254000007174909
0.27242199997999705 1.00000761449337e-06
0.267917999997735 0.006184000027133152
0.267917999997735 0.0
0.27264099998865277 0.006096000026445836
0.27264099998865277 0.0
0.2714599999890197 0.006420999998226762
0.2714599999890197 1.00000761449337e-06
0.2705900000000838 0.0064239999919664115
0.2705900000000838 0.0
0.26977400001487695 0.005738999985624105
0.26977400001487695 0.0
0.2670240000006743 0.006257000000914559
0.2670240000006743 0.0
0.26531799999065697 0.006163999991258606
0.26531799999065697 0.0
0.26932099999976344 0.006166999984998256
0.26932099999976344 1.00000761449337e-06
0.27362799999536946 0.014955999999074265
0.27362799999536946 0.0
0.27445100000477396 0.0064489999786019325
0.27445100000477396 1.00000761449337e-06
0.27343699999619275 0.006397000019205734
0.27343699999619275 0.0
0.27669800000148825 0.006453999987570569
0.27669800000148825 1.00000761449337e-06
0.26734699998633005 0.0062679999973624945
0.26734699998633005 0.0
0.27544399999896996 0.006412000017007813
0.27544399999896996 9.999785106629133e-07
0.27231700002448633 0.006292000005487353
0.27231700002448633 0.0
0.2715040000039153 0.006149000022560358
0.2715040000039153 0.0
0.27113000000827014 0.006377000012435019
0.27113000000827014 0.0
0.2708109999948647 0.0061870000208728015
0.2708109999948647 1.00000761449337e-06
0.27464300001156516 0.006531999999424443
0.27464300001156516 9.999785106629133e-07
0.2709690000046976 0.006219000002602115
0.2709690000046976 9.999785106629133e-07
0.27149799998733215 0.0062969999853521585
0.27149799998733215 1.00000761449337e-06
0.2713120000262279 0.0062670000188518316
0.2713120000262279 0.0
0.27210699999704957 0.006494000001111999
0.27210699999704957 0.0
0.27708800000254996 0.006460000004153699
0.27708800000254996 0.0
0.27331199997570366 0.00640800001565367
0.27331199997570366 1.00000761449337e-06
0.27908300000126474 0.006414999981643632
0.27908300000126474 0.0
0.27639499999349937 0.006498000002466142
0.27639499999349937 1.00000761449337e-06
0.276744000002509 0.006213999993633479
0.276744000002509 1.00000761449337e-06
0.2792569999874104 0.006618999992497265
0.2792569999874104 0.0
0.27565699999104254 0.006406000000424683
0.27565699999104254 0.0
0.2642760000017006 0.00635299997520633
0.2642760000017006 0.0
0.2761950000131037 0.006454000016674399
0.2761950000131037 0.0
0.27321699997992255 0.006430000008549541
0.27321699997992255 1.3999990187585354e-05
0.2825979999906849 0.015675000002374873
0.2825979999906849 1.00000761449337e-06
0.27787599997827783 0.00656800001161173
0.27787599997827783 0.0
0.2842290000116918 0.006544000003486872
0.2842290000116918 0.0
0.2773810000217054 0.006435000017518178
0.2773810000217054 0.0
0.28351899998961017 0.006838000001152977
0.28351899998961017 0.0
0.20918999999412335 0.004664000007323921
0.20918999999412335 1.00000761449337e-06
0.21084700000938028 0.004840000008698553
0.21084700000938028 0.0
0.2119879999954719 0.005016999988583848
0.2119879999954719 1.00000761449337e-06
0.20984299998963252 0.005012000008719042
0.20984299998963252 1.00000761449337e-06
0.20960599998943508 0.005035000009229407
0.20960599998943508 1.00000761449337e-06
0.21229299998958595 0.005015000002458692
0.21229299998958595 0.0
0.21324500002083369 0.004889000003458932
0.21324500002083369 0.0
0.2118379999883473 0.0048639999877195805
0.2118379999883473 1.00000761449337e-06
0.28313599998364225 0.006531999999424443
0.28313599998364225 0.0
0.27637200002209283 0.006523000018205494
0.27637200002209283 1.00000761449337e-06
0.23910299999988638 0.005539000005228445
0.23910299999988638 0.0
0.27923699998063967 0.0064279999933205545
0.27923699998063967 0.0
0.2815219999756664 0.00648199999704957
0.2815219999756664 1.00000761449337e-06
0.28134200000204146 0.006553999992320314
0.28134200000204146 0.0
0.27896399999735877 0.006457999988924712
0.27896399999735877 0.0
0.2809510000224691 0.006599999993341044
0.2809510000224691 0.0
0.2800930000084918 0.006779999996069819
0.2800930000084918 0.0
0.28104100000928156 0.006476999988080934
0.28104100000928156 1.00000761449337e-06
0.28094600001350045 0.006630999996559694
0.28094600001350045 9.999785106629133e-07
0.2816049999964889 0.006570999976247549
0.2816049999964889 0.0
0.2846560000034515 0.015855000005103648
0.2846560000034515 0.0
0.2824090000067372 0.012784999998984858
0.2824090000067372 0.0
0.2867160000023432 0.006848999997600913
0.2867160000023432 1.00000761449337e-06
0.2904520000156481 0.006900000007590279
0.2904520000156481 1.00000761449337e-06
0.28394600001047365 0.006796000001486391
0.28394600001047365 0.0
0.28123300001607276 0.006534999993164092
0.28123300001607276 0.0
0.28244499998982064 0.006821999995736405
0.28244499998982064 0.0
0.2839350000140257 0.006850000005215406
0.2839350000140257 0.0
0.22580200000084005 0.013318000012077391
0.22580200000084005 0.0
0.2884020000055898 0.007046999991871417
0.2884020000055898 1.00000761449337e-06
0.29864000002271496 0.016977999999653548
0.29864000002271496 0.0
0.29322099999990314 0.007276999996975064
0.29322099999990314 9.999785106629133e-07
0.29823600000236183 0.017234999977517873
0.29823600000236183 1.00000761449337e-06
0.30149499999242835 0.007294999988516793
0.30149499999242835 9.999785106629133e-07
0.3045730000012554 0.0071020000032149255
0.3045730000012554 9.999785106629133e-07
0.307846999989124 0.017311999981757253
0.307846999989124 0.0
0.31252300000051036 0.017884000000776723
0.31252300000051036 1.00000761449337e-06
0.3102319999889005 0.006029000011039898
0.3102319999889005 0.0
0.3134719999798108 0.007836000004317611
0.3134719999798108 0.0
0.31457599997520447 0.00781099998857826
0.31457599997520447 1.00000761449337e-06
0.31602700002258644 0.007180999993579462
0.31602700002258644 1.00000761449337e-06
0.31347600001026876 0.0071020000032149255
0.31347600001026876 0.0
0.30872200001613237 0.007264000014401972
0.30872200001613237 1.00000761449337e-06
0.31377199999406 0.007166000024881214
0.31377199999406 0.0
0.31304499998805113 0.007134999992558733
0.31304499998805113 0.0
0.3138630000175908 0.007471000018995255
0.3138630000175908 0.0
0.310739000007743 0.006034000020008534
0.310739000007743 9.999785106629133e-07
0.31720099999802187 0.007210000010672957
0.31720099999802187 1.00000761449337e-06
0.3156029999954626 0.006117999990237877
0.3156029999954626 1.00000761449337e-06
0.3088839999982156 0.007471999997505918
0.3088839999982156 9.999785106629133e-07
0.3165210000006482 0.007492999982787296
0.3165210000006482 1.00000761449337e-06
0.319961000001058 0.00776499998755753
0.319961000001058 9.999785106629133e-07
0.3133279999892693 0.007129999983590096
0.3133279999892693 0.0
0.3135339999862481 0.007279000012204051
0.3135339999862481 1.00000761449337e-06
0.3133949999755714 0.0073219999903813004
0.3133949999755714 0.0
0.3078340000065509 0.007108999998308718
0.3078340000065509 0.0
0.30986700000357814 0.007201000000350177
0.30986700000357814 1.00000761449337e-06
0.3109019999974407 0.007693000021390617
0.3109019999974407 9.999785106629133e-07
0.30439899998600595 0.00712500000372529
0.30439899998600595 0.0
0.3078410000016447 0.0072579999978188425
0.3078410000016447 1.00000761449337e-06
0.3080889999982901 0.007054999994579703
0.3080889999982901 0.0
0.3161940000136383 0.007763000001432374
0.3161940000136383 0.0
0.2886139999900479 0.007387999998172745
0.2886139999900479 0.0
0.3106510000070557 0.00761400000192225
0.3106510000070557 9.999785106629133e-07
0.30955599999288097 0.007209000003058463
0.30955599999288097 1.00000761449337e-06
0.30714000001898967 0.007486000016797334
0.30714000001898967 1.00000761449337e-06
0.3104250000033062 0.00607599999057129
0.3104250000033062 1.00000761449337e-06
0.3084330000274349 0.007317999989027157
0.3084330000274349 9.999785106629133e-07
0.2938000000140164 0.006210000021383166
0.2938000000140164 0.0
0.3050519999815151 0.0072579999978188425
0.3050519999815151 1.00000761449337e-06
0.3213920000125654 0.018868999992264435
0.3213920000125654 0.0
0.31065199998556636 0.008708000008482486
0.31065199998556636 0.0
0.317005999997491 0.007807000016327947
0.317005999997491 1.00000761449337e-06
0.31470599997555837 0.007459000014932826
0.31470599997555837 0.0
0.3131219999922905 0.0074139999924227595
0.3131219999922905 0.0
0.3170420000096783 0.007440999994287267
0.3170420000096783 0.0
0.3142670000088401 0.007320999982766807
0.3142670000088401 0.0
0.31329300001380034 0.007264999992912635
0.31329300001380034 1.00000761449337e-06
0.31292599998414516 0.007331999979214743
0.31292599998414516 0.0
0.31214799999725074 0.007217000005766749
0.31214799999725074 1.00000761449337e-06
0.2427519999910146 0.00535900000249967
0.2427519999910146 1.00000761449337e-06
0.3013630000059493 0.007301999983610585
0.3013630000059493 0.0
0.3135550000006333 0.007539999991422519
0.3135550000006333 1.00000761449337e-06
0.3142130000051111 0.00745099998312071
0.3142130000051111 0.0
0.3198839999968186 0.007424999988870695
0.3198839999968186 0.0
0.31841000000713393 0.007596000010380521
0.31841000000713393 0.0
0.31862700000056066 0.007470000011380762
0.31862700000056066 0.0
0.3200479999941308 0.007425999996485189
0.3200479999941308 1.00000761449337e-06
0.3138059999910183 0.0073219999903813004
0.3138059999910183 0.0
0.2534389999927953 0.005708999990019947
0.2534389999927953 0.0
0.24609800000325777 0.005787000001873821
0.24609800000325777 1.00000761449337e-06
0.24370099999941885 0.0057579999847803265
0.24370099999941885 0.0
0.24542600000859238 0.005699000001186505
0.24542600000859238 0.0
0.2945989999861922 0.007298000011360273
0.2945989999861922 0.0
0.3150279999827035 0.007289000001037493
0.3150279999827035 0.0
0.31646199998795055 0.007412000006297603
0.31646199998795055 9.999785106629133e-07
0.31586000000243075 0.007675000000745058
0.31586000000243075 1.00000761449337e-06
0.3131559999892488 0.00720199997886084
0.3131559999892488 9.999785106629133e-07
0.3167490000196267 0.0073979999870061874
0.3167490000196267 0.0
0.2910590000101365 0.0059769999934360385
0.2910590000101365 1.00000761449337e-06
0.31686699998681433 0.007320999982766807
0.31686699998681433 1.00000761449337e-06
0.31569499999750406 0.0072749999817460775
0.31569499999750406 0.0
0.3158650000113994 0.007622999983141199
0.3158650000113994 0.0
0.31373700001859106 0.007330999971600249
0.31373700001859106 9.999785106629133e-07
0.3158370000019204 0.00732800000696443
0.3158370000019204 9.999785106629133e-07
0.3140729999868199 0.007302000012714416
0.3140729999868199 9.999785106629133e-07
0.31586900001275353 0.007403000025078654
0.31586900001275353 1.00000761449337e-06
0.31460900002275594 0.007238000020151958
0.31460900002275594 1.00000761449337e-06
0.3138350000081118 0.007267999986652285
0.3138350000081118 1.00000761449337e-06
0.31819700001506135 0.007295999996131286
0.31819700001506135 0.0
0.31601099998806603 0.0072290000098291785
0.31601099998806603 1.00000761449337e-06
0.31392699998104945 0.007367000012891367
0.31392699998104945 0.0
0.31482500000856817 0.007560999976703897
0.31482500000856817 0.0
0.2663069999834988 0.00608500000089407
0.2663069999834988 0.0
0.3141009999962989 0.0072749999817460775
0.3141009999962989 1.00000761449337e-06
0.31532399999559857 0.007309999986318871
0.31532399999559857 9.999785106629133e-07
0.3165619999927003 0.007230999995954335
0.3165619999927003 0.0
0.3153769999917131 0.00798300001770258
0.3153769999917131 0.0
0.31661799998255447 0.007646999991266057
0.31661799998255447 0.0
0.3164680000045337 0.007800000021234155
0.3164680000045337 1.00000761449337e-06
0.3160480000078678 0.00781399998231791
0.3160480000078678 1.00000761449337e-06
0.31308500000159256 0.007271999988006428
0.31308500000159256 1.00000761449337e-06
0.32116900000255555 0.0072579999978188425
0.32116900000255555 0.0
0.314912000001641 0.007824000000255182
0.314912000001641 0.0
0.31981599997379817 0.007415000000037253
0.31981599997379817 0.0
0.3138459999754559 0.0071860000025480986
0.3138459999754559 9.999785106629133e-07
0.31658499999321066 0.007480000000214204
0.31658499999321066 1.00000761449337e-06
0.3187200000102166 0.007542000006651506
0.3187200000102166 0.0
0.31545999998343177 0.0073979999870061874
0.31545999998343177 9.999785106629133e-07
0.3115560000005644 0.007283999992068857
0.3115560000005644 9.999785106629133e-07
0.31440900001325645 0.007181999972090125
0.31440900001325645 0.0
0.3143569999956526 0.00792199998977594
0.3143569999956526 0.0
0.31350400001974776 0.007308000000193715
0.31350400001974776 1.00000761449337e-06
0.31157099999836646 0.0071610000159125775
0.31157099999836646 9.999785106629133e-07
0.3150939999904949 0.007907999999588355
0.3150939999904949 1.00000761449337e-06
0.31196900000213645 0.0071699999971315265
0.31196900000213645 1.00000761449337e-06
0.3136569999915082 0.007053000008454546
0.3136569999915082 1.00000761449337e-06
0.29665799997746944 0.007343000004766509
0.29665799997746944 0.0
0.3128290000022389 0.007538000005297363
0.3128290000022389 0.0
0.310659000009764 0.007719999994151294
0.310659000009764 0.0
0.3164169999945443 0.007184000016422942
0.3164169999945443 0.0
0.3157460000074934 0.007286999985808507
0.3157460000074934 0.0
0.3149929999781307 0.007019000011496246
0.3149929999781307 0.0
0.3111510000017006 0.007144999981392175
0.3111510000017006 0.0
0.3151800000050571 0.007243999978527427
0.3151800000050571 0.0
0.27663000000757165 0.006006000010529533
0.27663000000757165 0.0
0.28128799999831244 0.00716499998816289
0.28128799999831244 1.3999990187585354e-05
0.31366899999557063 0.007184000016422942
0.31366899999557063 0.0
0.3173839999944903 0.007237999991048127
0.3173839999944903 0.0
0.3108590000192635 0.007203000015579164
0.3108590000192635 0.0
0.31228500002180226 0.0072480000089854
0.31228500002180226 1.00000761449337e-06
0.31466099998215213 0.007199000014225021
0.31466099998215213 0.0
0.3116089999966789 0.007302000012714416
0.3116089999966789 0.0
0.3151580000121612 0.0071189999871421605
0.3151580000121612 0.0
0.311197999981232 0.007573000009870157
0.311197999981232 0.0
0.3126430000120308 0.007188999996287748
0.3126430000120308 1.00000761449337e-06
0.3116020000015851 0.007596000010380521
0.3116020000015851 1.00000761449337e-06
0.3112210000108462 0.007276000018464401
0.3112210000108462 0.0
0.31093999999575317 0.007218999991891906
0.31093999999575317 0.0
INFO:sc2.protocol:Client status changed to Status.ended (was Status.in_game)
INFO:sc2.protocol:Client status changed to Status.ended (was Status.in_game)
INFO:root:Result for player 1 - Bot(Race.Terran, <bots.maru.q_bot.QBot object at 0x7f5083784198>): Defeat
INFO:root:Result for player 2 - Bot(Race.Terran, <bots.Showing_bot.speedBot.MarinBot object at 0x7f50721089e8>): Victory
INFO:sc2.client:Saved replay to outs/2020-01-17T11-28-03/replays/maru-showing_bot/maru-showing_bot-2.SC2Replay
INFO:sc2.protocol:Client status changed to Status.launched (was Status.ended)
INFO:sc2.protocol:Client status changed to Status.quit (was Status.launched)
INFO:sc2.sc2process:kill_switch: Process cleanup
INFO:sc2.sc2process:Cleaning up...
INFO:sc2.sc2process:Cleanup complete
INFO:sc2.sc2process:Cleaning up...
INFO:sc2.sc2process:Cleanup complete
INFO:sc2.protocol:Cannot receive: Connection already closed.
INFO:sc2.sc2process:kill_switch: Process cleanup
INFO:sc2.sc2process:Cleaning up...
INFO:sc2.sc2process:Cleanup complete
INFO:sc2.sc2process:Cleaning up...
INFO:sc2.sc2process:Cleanup complete


## STDERR ##

Version: B75689 (SC2.4.10)
Build: Aug 12 2019 17:16:57
Command Line: '"/home/hspark8312/StarCraftII/Versions/Base75689/SC2_x64" -listen 127.0.0.1 -port 19491 -displayMode 0 -dataDir /home/hspark8312/StarCraftII -tempDir /tmp/SC2_1bkiq04q'
Starting up...
Startup Phase 1 complete
Version: B75689 (SC2.4.10)
Build: Aug 12 2019 17:16:57
Command Line: '"/home/hspark8312/StarCraftII/Versions/Base75689/SC2_x64" -listen 127.0.0.1 -port 17850 -displayMode 0 -dataDir /home/hspark8312/StarCraftII -tempDir /tmp/SC2_ooqssn46'
Starting up...
Startup Phase 1 complete
Startup Phase 2 complete
Creating stub renderer...
Listening on: 127.0.0.1:19491
Startup Phase 3 complete. Ready for commands.
Startup Phase 2 complete
Creating stub renderer...
ConnectHandler: Request from 127.0.0.1:57527 accepted
ReadyHandler: 127.0.0.1:57527 ready
Requesting to join a multiplayer game
Configuring interface options
Configure: raw interface enabled
Configure: feature layer interface enabled
Configure: score interface enabled
Configure: render interface disabled
Create game with map path: NCFellowship-2019_m1_v6.SC2Map
Listening on: 127.0.0.1:17850
Startup Phase 3 complete. Ready for commands.
ConnectHandler: Request from 127.0.0.1:57528 accepted
ReadyHandler: 127.0.0.1:57528 ready
Requesting to join a multiplayer game
Configuring interface options
Configure: raw interface enabled
Configure: feature layer interface enabled
Configure: score interface enabled
Configure: render interface disabled
Attempting to join a game with the map: NCFellowship-2019_m1_v6.SC2Map
Game has started.
Using default stable ids, none found at: /home/hspark8312/StarCraftII/stableid.json
Successfully loaded stable ids: GameData\stableid.json
Sending ResponseJoinGame
Game has started.
Using default stable ids, none found at: /home/hspark8312/StarCraftII/stableid.json
Successfully loaded stable ids: GameData\stableid.json
Sending ResponseJoinGame
RequestQuit command received.
Closing Application...
CloseHandler: 127.0.0.1:57528 disconnected
Terminate action already called.
/home/hspark8312/anaconda3/envs/sc2/lib/python3.6/importlib/_bootstrap.py:219: RuntimeWarning: numpy.ufunc size changed, may indicate binary incompatibility. Expected 192 from C header, got 216 from PyObject
  return f(*args, **kwds)
/home/hspark8312/anaconda3/envs/sc2/lib/python3.6/importlib/_bootstrap.py:219: RuntimeWarning: numpy.ufunc size changed, may indicate binary incompatibility. Expected 192 from C header, got 216 from PyObject
  return f(*args, **kwds)
/home/hspark8312/anaconda3/envs/sc2/lib/python3.6/site-packages/tensorboard/compat/tensorflow_stub/dtypes.py:541: FutureWarning: Passing (type, 1) or '1type' as a synonym of type is deprecated; in a future version of numpy, it will be understood as (type, (1,)) / '(1,)type'.
  _np_qint8 = np.dtype([("qint8", np.int8, 1)])
/home/hspark8312/anaconda3/envs/sc2/lib/python3.6/site-packages/past/builtins/misc.py:45: DeprecationWarning: the imp module is deprecated in favour of importlib; see the module's documentation for alternative uses
  from imp import reload
/mnt/d/sc2minigame-eval-2020-01-09/bots/Showing_bot/speedBot.py:1643: RuntimeWarning: coroutine 'TerreinManager.debug' was never awaited
  self.terrein_manager.debug()
