## STDOUT ##

[[92mINFO[0m] SC2 4.9.0 용 패치 적용
패치 sc2.ids.ability_id
패치 sc2.game_state
패치 sc2.bot_ai
패치 sc2.client
패치 sc2.controller
패치 sc2.main
INFO:sc2.protocol:Client status changed to Status.launched (was None)
INFO:sc2.protocol:Client status changed to Status.launched (was None)
INFO:sc2_patch.sc2_patch_490.controller:Creating new game
INFO:sc2_patch.sc2_patch_490.controller:Map:     NCFellowship-2019_m1_v6
INFO:sc2_patch.sc2_patch_490.controller:Players: Bot(Race.Terran, <bots.big.custom_bot.CustomBot object at 0x7fb1c4028f60>), Bot(Race.Terran, <bots.kinai.test_bot.TestBot object at 0x7fb1c66567f0>)
INFO:sc2.protocol:Client status changed to Status.init_game (was Status.launched)
INFO:sc2.protocol:Client status changed to Status.in_game (was None)
INFO:root:Player 2 - Bot(Race.Terran, <bots.kinai.test_bot.TestBot object at 0x7fb1c66567f0>)
TEST: 2, <bots.kinai.test_bot.TestBot object at 0x7fb1c66567f0>
INFO:sc2.protocol:Client status changed to Status.in_game (was None)
INFO:root:Player 1 - Bot(Race.Terran, <bots.big.custom_bot.CustomBot object at 0x7fb1c4028f60>)
TEST: 1, <bots.big.custom_bot.CustomBot object at 0x7fb1c4028f60>

ready
ready
ready
ready
ready
ready
ready
ready
ready
ready
ready
ready
ready
ready
ready
ready
ready
ready
ready
ready
ready
ready
ready
ready
ready
ready
ready
ready
ready
ready
ready
go
go
go
go
go
go
go
go
go
go
go
go
go
go
go
go
go
go
go
go
go
go
combat
fallback
fallback
fallback
fallback
fallback
fallback
fallback
fallback
ready
ready
ready
ready
ready
ready
ready
ready
ready
ready
ready
ready
ready
ready
ready
ready
ready
ready
ready
ready
ready
ready
ready
ready
ready
ready
ready
ready
ready
ready
ready
ready
go
go
go
go
go
go
go
go
go
go
go
go
combat
fallback
fallback
fallback
fallback
fallback
fallback
fallback
fallback
fallback
fallback
ready
ready
ready
ready
ready
ready
ready
ready
ready
ready
ready
ready
ready
ready
ready
ready
ready
ready
ready
ready
ready
ready
ready
ready
ready
ready
ready
ready
ready
ready
ready
ready
ready
ready
ready
ready
ready
ready
ready
ready
ready
ready
ready
ready
ready
ready
ready
ready
ready
ready
ready
ready
ready
ready
ready
ready
ready
ready
ready
ready
ready
ready
ready
ready
ready
ready
ready
ready
ready
go
go
go
go
go
go
go
go
go
go
go
go
combat
fallback
fallback
fallback
fallback
fallback
fallback
fallback
fallback
fallback
fallback
fallback
fallback
ready
ready
ready
ready
ready
ready
ready
ready
ready
ready
ready
ready
ready
ready
ready
ready
ready
ready
ready
ready
ready
ready
ready
ready
ready
ready
ready
ready
ready
ready
ready
ready
<bots.big.custom_bot.CombatGroupManager object at 0x7fb1db5234a8>
<bots.big.custom_bot.CombatGroupManager object at 0x7fb1db5234a8>
<bots.big.custom_bot.CombatGroupManager object at 0x7fb1db5234a8>
<bots.big.custom_bot.CombatGroupManager object at 0x7fb1db5234a8>
<bots.big.custom_bot.CombatGroupManager object at 0x7fb1db5234a8>
<bots.big.custom_bot.CombatGroupManager object at 0x7fb1db5234a8>
ERROR:sc2_patch.sc2_patch_490.main:AI step threw an error
Traceback (most recent call last):
  File "/mnt/d/sc2minigame-eval-2020-01-09/sc2_patch/sc2_patch_490/main.py", line 180, in _play_game_ai
    await ai.on_step(iteration)
  File "/mnt/d/sc2minigame-eval-2020-01-09/bots/big/custom_bot.py", line 1288, in on_step
    self.strategic_manager.step()
  File "/mnt/d/sc2minigame-eval-2020-01-09/bots/big/custom_bot.py", line 1104, in step
    scout_result = self.scout_manager.scout_info
AttributeError: 'StrategicManager' object has no attribute 'scout_manager'
ERROR:sc2_patch.sc2_patch_490.main:Error: 'StrategicManager' object has no attribute 'scout_manager'
ERROR:sc2_patch.sc2_patch_490.main:Resigning due to previous error
INFO:root:Result for player 1 - Bot(Race.Terran, <bots.big.custom_bot.CustomBot object at 0x7fb1c4028f60>): Defeat
INFO:sc2.client:Saved replay to outs/2020-01-17T11-28-03/replays/big-kinai/big-kinai-2.SC2Replay
INFO:sc2.protocol:Client status changed to Status.ended (was Status.in_game)
INFO:root:Result for player 2 - Bot(Race.Terran, <bots.kinai.test_bot.TestBot object at 0x7fb1c66567f0>): Victory
INFO:sc2.protocol:Client status changed to Status.launched (was Status.in_game)
INFO:sc2.protocol:Client status changed to Status.quit (was Status.launched)
INFO:sc2.sc2process:kill_switch: Process cleanup
INFO:sc2.sc2process:Cleaning up...
INFO:sc2.sc2process:Cleanup complete
INFO:sc2.sc2process:Cleaning up...
INFO:sc2.sc2process:Cleanup complete
INFO:sc2.protocol:Cannot receive: Connection already closed.
INFO:sc2.sc2process:kill_switch: Process cleanup
INFO:sc2.sc2process:Cleaning up...
INFO:sc2.sc2process:Cleanup complete
INFO:sc2.sc2process:Cleaning up...
INFO:sc2.sc2process:Cleanup complete


## STDERR ##

Version: B75689 (SC2.4.10)
Build: Aug 12 2019 17:16:57
Command Line: '"/home/hspark8312/StarCraftII/Versions/Base75689/SC2_x64" -listen 127.0.0.1 -port 24085 -displayMode 0 -dataDir /home/hspark8312/StarCraftII -tempDir /tmp/SC2_6opw4p5c'
Starting up...
Startup Phase 1 complete
Version: B75689 (SC2.4.10)
Build: Aug 12 2019 17:16:57
Command Line: '"/home/hspark8312/StarCraftII/Versions/Base75689/SC2_x64" -listen 127.0.0.1 -port 21790 -displayMode 0 -dataDir /home/hspark8312/StarCraftII -tempDir /tmp/SC2_9imosi3z'
Starting up...
Startup Phase 1 complete
Startup Phase 2 complete
Creating stub renderer...
Listening on: 127.0.0.1:24085
Startup Phase 3 complete. Ready for commands.
Startup Phase 2 complete
Creating stub renderer...
ConnectHandler: Request from 127.0.0.1:55958 accepted
ReadyHandler: 127.0.0.1:55958 ready
Listening on: 127.0.0.1:21790
Requesting to join a multiplayer game
Configuring interface options
Configure: raw interface enabled
Configure: feature layer interface enabled
Configure: score interface enabled
Configure: render interface disabled
Startup Phase 3 complete. Ready for commands.
ConnectHandler: Request from 127.0.0.1:55959 accepted
ReadyHandler: 127.0.0.1:55959 ready
Requesting to join a multiplayer game
Configuring interface options
Configure: raw interface enabled
Configure: feature layer interface enabled
Configure: score interface enabled
Configure: render interface disabled
Create game with map path: NCFellowship-2019_m1_v6.SC2Map
Attempting to join a game with the map: NCFellowship-2019_m1_v6.SC2Map
Game has started.
Using default stable ids, none found at: /home/hspark8312/StarCraftII/stableid.json
Successfully loaded stable ids: GameData\stableid.json
Sending ResponseJoinGame
Game has started.
Using default stable ids, none found at: /home/hspark8312/StarCraftII/stableid.json
Successfully loaded stable ids: GameData\stableid.json
Sending ResponseJoinGame
RequestQuit command received.
Closing Application...
/mnt/d/sc2minigame-eval-2020-01-09/bots/kinai/test_bot.py:644: RuntimeWarning: coroutine 'Debuging.normal_step' was never awaited
  self.normal_step(unit, units)
