## STDOUT ##

[[92mINFO[0m] SC2 4.9.0 용 패치 적용
패치 sc2.ids.ability_id
패치 sc2.game_state
패치 sc2.bot_ai
패치 sc2.client
패치 sc2.controller
패치 sc2.main
INFO:root:Failed to import cuda module: No module named 'caffe2.python.caffe2_pybind11_state_gpu'
INFO:root:Failed to import AMD hip module: No module named 'caffe2.python.caffe2_pybind11_state_hip'
WARNING:root:This caffe2 python run does not have GPU support. Will run in CPU only mode.
cpu
INFO:sc2.protocol:Client status changed to Status.launched (was None)
INFO:sc2.protocol:Client status changed to Status.launched (was None)
INFO:sc2_patch.sc2_patch_490.controller:Creating new game
INFO:sc2_patch.sc2_patch_490.controller:Map:     NCFellowship-2019_m1_v6
INFO:sc2_patch.sc2_patch_490.controller:Players: Bot(Race.Terran, <bots.Showing_bot.speedBot.MarinBot object at 0x7f88cc463f28>), Bot(Race.Terran, <bots.npc.osjbot.OsjBot object at 0x7f88bd410f60>)
INFO:sc2.protocol:Client status changed to Status.init_game (was Status.launched)
INFO:sc2.protocol:Client status changed to Status.in_game (was None)
INFO:root:Player 2 - Bot(Race.Terran, <bots.npc.osjbot.OsjBot object at 0x7f88bd410f60>)
TEST: 2, <bots.npc.osjbot.OsjBot object at 0x7f88bd410f60>
INFO:sc2.protocol:Client status changed to Status.in_game (was None)
INFO:root:Player 1 - Bot(Race.Terran, <bots.Showing_bot.speedBot.MarinBot object at 0x7f88cc463f28>)
TEST: 1, <bots.Showing_bot.speedBot.MarinBot object at 0x7f88cc463f28>
load model: bots/Showing_bot/models/model-89.pt
create new model
0.04437799999141134 0.0026870000001508743
0.04437799999141134 9.999785106629133e-07
0.04450899999937974 0.005403000017395243
0.04450899999937974 0.0
0.043953999993391335 0.0016860000032465905
0.043953999993391335 0.0
0.04423599998699501 0.001539000018965453
0.04423599998699501 0.0
0.044357000006129965 0.0013519999920390546
0.044357000006129965 0.0
0.04386999999405816 0.0011599999852478504
0.04386999999405816 0.0
0.04366100000333972 0.001145999995060265
0.04366100000333972 1.00000761449337e-06
0.04662900001858361 0.0012950000236742198
0.04662900001858361 0.0
0.04633100001956336 0.0012889999779872596
0.04633100001956336 1.00000761449337e-06
0.046200000011594966 0.001184000022476539
0.046200000011594966 1.00000761449337e-06
0.04613900001277216 0.0012120000028517097
0.04613900001277216 1.00000761449337e-06
0.045956999994814396 0.001185000000987202
0.045956999994814396 0.0
0.04646300000604242 0.0012319999805185944
0.04646300000604242 0.0
0.04651800001738593 0.0011829999857582152
0.04651800001738593 1.00000761449337e-06
0.04640399999334477 0.0011820000072475523
0.04640399999334477 0.0
0.04616100000566803 0.0012289999867789447
0.04616100000566803 9.999785106629133e-07
0.046519999974407256 0.0011879999947268516
0.046519999974407256 1.00000761449337e-06
0.046174999995855615 0.0012970000097993761
0.046174999995855615 0.0
0.04628399998182431 0.0011949999898206443
0.04628399998182431 0.0
0.0461490000016056 0.0011870000162161887
0.0461490000016056 0.0
0.0490130000107456 0.002972000016598031
0.0490130000107456 0.0
0.04905599998892285 0.0013669999898411334
0.04905599998892285 1.00000761449337e-06
0.04851800002506934 0.0012410000199452043
0.04851800002506934 0.0
0.04868700000224635 0.0012619999761227518
0.04868700000224635 0.0
0.04650999998557381 0.0012400000123307109
0.04650999998557381 1.00000761449337e-06
0.04668400000082329 0.00128599998424761
0.04668400000082329 0.0
0.046661000000312924 0.0012069999938830733
0.046661000000312924 1.00000761449337e-06
0.04625700000906363 0.001277999981539324
0.04625700000906363 0.0
0.04675400000996888 0.0012839999981224537
0.04675400000996888 1.00000761449337e-06
0.04667299997527152 0.0012679999927058816
0.04667299997527152 9.999785106629133e-07
0.04760499999974854 0.0013420000032056123
0.04760499999974854 0.0
0.046233999979449436 0.0012320000096224248
0.046233999979449436 0.0
0.046489000000292435 0.0013380000018514693
0.046489000000292435 1.00000761449337e-06
0.04657299999962561 0.0013990000006742775
0.04657299999962561 0.0
0.04691400000592694 0.001201000006403774
0.04691400000592694 0.0
0.04917399998521432 0.0015380000113509595
0.04917399998521432 0.0
0.04941099998541176 0.001269000000320375
0.04941099998541176 1.00000761449337e-06
0.04938900002161972 0.00133200001437217
0.04938900002161972 0.0
0.0488199999963399 0.001301999989664182
0.0488199999963399 0.0
0.048852000007173046 0.0012549999810289592
0.048852000007173046 0.0
changed strategy
0.04842199999256991 0.0012319999805185944
0.04842199999256991 1.00000761449337e-06
0.049158999987412244 0.0012759999954141676
0.049158999987412244 0.0
0.04964000001200475 0.0012590000114869326
0.04964000001200475 1.00000761449337e-06
0.04896399998688139 0.0012410000199452043
0.04896399998688139 0.0
0.04970499998307787 0.001305999991018325
0.04970499998307787 0.0
0.048826999991433695 0.001273000001674518
0.048826999991433695 0.0
0.04921900000772439 0.0012629999837372452
0.04921900000772439 0.0
0.06015899998601526 0.0015370000037364662
0.06015899998601526 0.0
0.05128300000797026 0.0012839999981224537
0.05128300000797026 0.0
0.051961999997729436 0.0013089999847579747
0.051961999997729436 9.999785106629133e-07
0.056203999993158504 0.0032979999959934503
0.056203999993158504 0.0
0.0536300000094343 0.0014780000201426446
0.0536300000094343 9.999785106629133e-07
0.055263000016566366 0.0014510000182781368
0.055263000016566366 0.0
0.05661899998085573 0.0015319999947678298
0.05661899998085573 0.0
0.05403999998816289 0.0014020000235177577
0.05403999998816289 0.0
0.05658699999912642 0.0014400000218302011
0.05658699999912642 1.00000761449337e-06
0.05404299998190254 0.0013960000069346279
0.05404299998190254 0.0
0.053875000012340024 0.0013839999737683684
0.053875000012340024 0.0
0.053782999981194735 0.0014020000235177577
0.053782999981194735 0.0
0.05371599999489263 0.001699000014923513
0.05371599999489263 0.0
0.05406500000390224 0.0015529999800492078
0.05406500000390224 9.999785106629133e-07
0.05493499999283813 0.0016630000027362257
0.05493499999283813 0.0
0.05414799999562092 0.001568000006955117
0.05414799999562092 0.0
0.0535620000155177 0.0013769999786745757
0.0535620000155177 1.00000761449337e-06
0.05374400000437163 0.0015930000226944685
0.05374400000437163 0.0
0.05388900000252761 0.0013630000175908208
0.05388900000252761 1.00000761449337e-06
0.05400299999746494 0.0014099999971222132
0.05400299999746494 0.0
0.0540270000055898 0.0016119999927468598
0.0540270000055898 0.0
0.05380900000454858 0.0014070000033825636
0.05380900000454858 0.0
0.053696999995736405 0.0013990000006742775
0.053696999995736405 1.00000761449337e-06
0.05657499999506399 0.0015899999998509884
0.05657499999506399 0.0
0.05564000000595115 0.0014400000218302011
0.05564000000595115 1.00000761449337e-06
0.06159900000784546 0.0019450000254437327
0.06159900000784546 1.00000761449337e-06
0.0757420000154525 0.0019890000112354755
0.0757420000154525 1.00000761449337e-06
0.07570200000191107 0.002103000006172806
0.07570200000191107 1.500002690590918e-05
0.05464000001666136 0.0013740000140387565
0.05464000001666136 1.00000761449337e-06
0.053614000004017726 0.0014510000182781368
0.053614000004017726 0.0
0.05370700001367368 0.0013829999952577055
0.05370700001367368 0.0
0.053459999995538965 0.0015070000081323087
0.053459999995538965 0.0
0.05088299998897128 0.001320000010309741
0.05088299998897128 0.0
0.0540610000025481 0.0013899999903514981
0.0540610000025481 0.0
0.05183499999111518 0.0015530000091530383
0.05183499999111518 0.0
0.04842000000644475 0.0014189999783411622
0.04842000000644475 1.00000761449337e-06
0.04913899998064153 0.0016159999941010028
0.04913899998064153 0.0
0.0495799999916926 0.0012670000141952187
0.0495799999916926 0.0
0.051100000011501834 0.0016590000013820827
0.051100000011501834 0.0
0.05363999999826774 0.0016750000067986548
0.05363999999826774 0.0
0.051030000002356246 0.0013969999854452908
0.051030000002356246 0.0
0.04904099999112077 0.0018240000063087791
0.04904099999112077 0.0
0.04860800001188181 0.0014599999994970858
0.04860800001188181 0.0
0.04897200001869351 0.001773999974830076
0.04897200001869351 0.0
0.0484510000096634 0.0014089999895077199
0.0484510000096634 1.00000761449337e-06
0.04944000000250526 0.0016830000095069408
0.04944000000250526 0.0
0.046541000017896295 0.0013050000125076622
0.046541000017896295 0.0
0.04384800000116229 0.0012960000021848828
0.04384800000116229 1.00000761449337e-06
0.04456999999820255 0.00181200000224635
0.04456999999820255 0.0
0.044846000004326925 0.0013740000140387565
0.044846000004326925 0.0
0.04146100001526065 0.001146999973570928
0.04146100001526065 0.0
0.04135699998005293 0.0011240000021643937
0.04135699998005293 0.0
0.03895399998873472 0.001297999988310039
0.03895399998873472 0.0
0.04201699999975972 0.0011870000162161887
0.04201699999975972 0.0
0.04160199998295866 0.0012140000180806965
0.04160199998295866 0.0
0.04151199999614619 0.0012920000008307397
0.04151199999614619 9.999785106629133e-07
0.04132899999967776 0.0013040000048931688
0.04132899999967776 1.00000761449337e-06
0.042015999992145225 0.001385999988997355
0.042015999992145225 0.0
0.04131900001084432 0.0013180000241845846
0.04131900001084432 9.999785106629133e-07
0.041314000001875684 0.0010799999872688204
0.041314000001875684 1.00000761449337e-06
0.041567000007489696 0.0011059999815188348
0.041567000007489696 0.0
0.041477000020677224 0.0010980000079143792
0.041477000020677224 0.0
0.04142399999545887 0.0010970000002998859
0.04142399999545887 0.0
0.04155599998193793 0.001328000013018027
0.04155599998193793 0.0
0.041579000011552125 0.0010820000024978071
0.041579000011552125 1.00000761449337e-06
0.04161700000986457 0.0011139999842271209
0.04161700000986457 1.00000761449337e-06
0.04265200000372715 0.0011599999852478504
0.04265200000372715 0.0
0.04441900001256727 0.0013510000135283917
0.04441900001256727 0.0
0.04383000000962056 0.0011869999871123582
0.04383000000962056 0.0
0.043883000005735084 0.0012409999908413738
0.043883000005735084 0.0
0.04411899999831803 0.0013259999977890402
0.04411899999831803 9.999785106629133e-07
0.04127499999594875 0.001125000009778887
0.04127499999594875 0.0
0.04142100000171922 0.0011020000092685223
0.04142100000171922 1.00000761449337e-06
0.04139899997971952 0.0011679999879561365
0.04139899997971952 0.0
0.04159499998786487 0.001101000001654029
0.04159499998786487 0.0
0.04171499999938533 0.0010780000011436641
0.04171499999938533 0.0
0.04352500001550652 0.0011940000113099813
0.04352500001550652 1.00000761449337e-06
0.04200400001718663 0.0011489999887999147
0.04200400001718663 1.00000761449337e-06
0.04183800000464544 0.0011410000151954591
0.04183800000464544 0.0
0.041733000020030886 0.0011070000182371587
0.041733000020030886 1.00000761449337e-06
0.04164499999023974 0.0010939999774564058
0.04164499999023974 0.0
0.04201799997827038 0.0011070000182371587
0.04201799997827038 0.0
0.04143300000578165 0.0010950000141747296
0.04143300000578165 0.0
0.04217800000333227 0.0013549999857787043
0.04217800000333227 0.0
0.0421280000009574 0.0011709999816957861
0.0421280000009574 0.0
0.04157699999632314 0.0010979999788105488
0.04157699999632314 1.00000761449337e-06
0.04663500000606291 0.0016279999981634319
0.04663500000606291 0.0
0.04673899998306297 0.0014509999891743064
0.04673899998306297 0.0
0.03966400001081638 0.0010780000011436641
0.03966400001081638 0.0
0.041766999987885356 0.001129999989643693
0.041766999987885356 0.0
0.04237700000521727 0.0011660000018309802
0.04237700000521727 1.00000761449337e-06
0.05192599998554215 0.0015410000050906092
0.05192599998554215 1.00000761449337e-06
0.04184400002122857 0.0010849999962374568
0.04184400002122857 0.0
0.041437999985646456 0.0011820000072475523
0.041437999985646456 0.0
0.04189399999449961 0.0011020000092685223
0.04189399999449961 1.00000761449337e-06
0.039037999988067895 0.0010440000041853637
0.039037999988067895 1.00000761449337e-06
0.03920900000957772 0.0010430000256747007
0.03920900000957772 0.0
0.03439699998125434 0.0009209999989252537
0.03439699998125434 1.00000761449337e-06
0.034179999987827614 0.0009269999864045531
0.034179999987827614 0.0
0.034142000018619 0.0009139999747276306
0.034142000018619 9.999785106629133e-07
0.03447500002221204 0.000981999997748062
0.03447500002221204 9.999785106629133e-07
0.0370460000121966 0.0010810000239871442
0.0370460000121966 1.00000761449337e-06
0.039247000007890165 0.0011069999891333282
0.039247000007890165 0.0
0.0415719999873545 0.001125000009778887
0.0415719999873545 0.0
0.04168600001139566 0.0010860000038519502
0.04168600001139566 1.00000761449337e-06
0.041593999980250373 0.0011100000119768083
0.041593999980250373 9.999785106629133e-07
0.03924899999401532 0.0013960000069346279
0.03924899999401532 1.00000761449337e-06
0.03891399997519329 0.0014570000057574362
0.03891399997519329 0.0
0.039564000006066635 0.0012409999908413738
0.039564000006066635 1.00000761449337e-06
0.039228999987244606 0.001137999992351979
0.039228999987244606 1.00000761449337e-06
0.0391620000009425 0.0011069999891333282
0.0391620000009425 1.00000761449337e-06
0.03998600001796149 0.0012799999967683107
0.03998600001796149 0.0
0.03676300001097843 0.0011479999811854213
0.03676300001097843 0.0
0.03634799999417737 0.0009579999896232039
0.03634799999417737 0.0
0.03658099999302067 0.0009830000053625554
0.03658099999302067 0.0
0.03671699998085387 0.0009889999928418547
0.03671699998085387 9.999785106629133e-07
0.03629899999941699 0.0010089999996125698
0.03629899999941699 1.00000761449337e-06
0.03692499999306165 0.000985999999102205
0.03692499999306165 1.00000761449337e-06
0.03709599998546764 0.0010089999996125698
0.03709599998546764 1.00000761449337e-06
0.03767900000093505 0.0010199999960605055
0.03767900000093505 1.00000761449337e-06
0.03683699999237433 0.001025000005029142
0.03683699999237433 9.999785106629133e-07
0.03671900002518669 0.0009950000094249845
0.03671900002518669 0.0
0.03788899999926798 0.0010850000253412873
0.03788899999926798 1.00000761449337e-06
0.03859700000612065 0.0013029999972786754
0.03859700000612065 0.0
0.04575900000054389 0.0012599999899975955
0.04575900000054389 0.0
0.03795699999318458 0.001066999975591898
0.03795699999318458 0.0
0.03885099999024533 0.0010620000248309225
0.03885099999024533 1.00000761449337e-06
0.04065700000501238 0.0011140000133309513
0.04065700000501238 1.00000761449337e-06
0.036663000006228685 0.0009599999757483602
0.036663000006228685 0.0
0.037481000006664544 0.0010099999781232327
0.037481000006664544 0.0
0.034429000021191314 0.0009720000089146197
0.034429000021191314 1.00000761449337e-06
0.03442800001357682 0.0009269999864045531
0.03442800001357682 1.00000761449337e-06
0.03442199999699369 0.0009630000276956707
0.03442199999699369 1.00000761449337e-06
0.03429199999663979 0.0009480000007897615
0.03429199999663979 0.0
0.03434099999140017 0.0009539999882690609
0.03434099999140017 0.0
0.03413899999577552 0.0009580000187270343
0.03413899999577552 1.00000761449337e-06
0.034373999980743974 0.0009230000141542405
0.034373999980743974 0.0
0.03489799998351373 0.0011919999960809946
0.03489799998351373 0.0
0.03616899999906309 0.0010210000036749989
0.03616899999906309 0.0
0.03726199999800883 0.0010569999867584556
0.03726199999800883 0.0
0.03656199999386445 0.0009959999879356474
0.03656199999386445 0.0
0.03725299998768605 0.0011489999887999147
0.03725299998768605 9.999785106629133e-07
0.03649600001517683 0.0012169999827165157
0.03649600001517683 0.0
0.0397170000069309 0.0014030000020284206
0.0397170000069309 0.0
0.036628999980166554 0.0009720000089146197
0.036628999980166554 0.0
0.04158300001290627 0.0012220000207889825
0.04158300001290627 0.0
0.04401700000744313 0.0013239999825600535
0.04401700000744313 1.00000761449337e-06
0.04625899999518879 0.0016079999913927168
0.04625899999518879 1.00000761449337e-06
0.04791100000147708 0.001277000003028661
0.04791100000147708 1.00000761449337e-06
0.0488490000134334 0.001391000027069822
0.0488490000134334 0.0
0.051718999980948865 0.0014730000111740083
0.051718999980948865 0.0
0.043888999993214384 0.0011470000026747584
0.043888999993214384 9.999785106629133e-07
0.04392399999778718 0.0011799999920185655
0.04392399999778718 0.0
0.04649700000300072 0.0012140000180806965
0.04649700000300072 9.999785106629133e-07
0.046833000000333413 0.0013169999874662608
0.046833000000333413 0.0
0.04611600001226179 0.0012619999761227518
0.04611600001226179 1.00000761449337e-06
0.038844000024255365 0.0010910000128205866
0.038844000024255365 9.999785106629133e-07
0.041338999988511205 0.001105000003008172
0.041338999988511205 1.00000761449337e-06
0.04128500001388602 0.0010910000128205866
0.04128500001388602 9.999785106629133e-07
0.041366999997990206 0.0011060000106226653
0.041366999997990206 1.00000761449337e-06
0.04132899999967776 0.001104000024497509
0.04132899999967776 0.0
0.03898199999821372 0.0010270000202581286
0.03898199999821372 1.00000761449337e-06
0.03689600000507198 0.0009710000013001263
0.03689600000507198 1.00000761449337e-06
0.03665900000487454 0.0009899999713525176
0.03665900000487454 0.0
0.034134000015910715 0.0009220000065397471
0.034134000015910715 0.0
0.03398800001014024 0.0009199999913107604
0.03398800001014024 9.999785106629133e-07
0.034356000018306077 0.0009489999793004245
0.034356000018306077 0.0
0.03922700000111945 0.001269000000320375
0.03922700000111945 9.999785106629133e-07
0.041403999988688156 0.0011830000148620456
0.041403999988688156 0.0
0.04407200001878664 0.0012900000147055835
0.04407200001878664 0.0
0.046036999992793426 0.0013299999991431832
0.046036999992793426 1.00000761449337e-06
0.047775000013643876 0.0015309999871533364
0.047775000013643876 1.00000761449337e-06
0.04647500001010485 0.001213999988976866
0.04647500001010485 1.00000761449337e-06
0.047163000010186806 0.0012870000209659338
0.047163000010186806 0.0
0.03661000001011416 0.00096900001517497
0.03661000001011416 1.00000761449337e-06
0.03667999999015592 0.0010059999767690897
0.03667999999015592 0.0
0.0365929999970831 0.0009699999936856329
0.0365929999970831 0.0
0.03785399999469519 0.0010210000036749989
0.03785399999469519 0.0
0.034220000001369044 0.0009370000043418258
0.034220000001369044 9.999785106629133e-07
0.03794700000435114 0.0010520000068936497
0.03794700000435114 9.999785106629133e-07
0.037080999987665564 0.000998999981675297
0.037080999987665564 0.0
0.03702800002065487 0.000981000019237399
0.03702800002065487 0.0
0.036502999981166795 0.0009870000067166984
0.036502999981166795 1.00000761449337e-06
0.03657300001941621 0.0009830000053625554
0.03657300001941621 1.00000761449337e-06
0.039240999991307035 0.0011100000119768083
0.039240999991307035 0.0
0.039121000008890405 0.0010440000041853637
0.039121000008890405 0.0
0.03661900002043694 0.0009730000165291131
0.03661900002043694 0.0
0.03878500001155771 0.0010509999992791563
0.03878500001155771 0.0
0.036297000013291836 0.0010519999777898192
0.036297000013291836 1.00000761449337e-06
0.03677499998593703 0.0010790000087581575
0.03677499998593703 0.0
0.03908499999670312 0.0014610000071115792
0.03908499999670312 0.0
0.03891400000429712 0.0014849999861326069
0.03891400000429712 0.0
0.04434300001594238 0.001441000000340864
0.04434300001594238 0.0
0.04175299999769777 0.0011110000195913017
0.04175299999769777 0.0
0.039564000006066635 0.0011369999847374856
0.039564000006066635 1.00000761449337e-06
0.038872000004630536 0.0010469999979250133
0.038872000004630536 1.00000761449337e-06
0.03633200001786463 0.000985999999102205
0.03633200001786463 9.999785106629133e-07
0.03417200001422316 0.0009460000146646053
0.03417200001422316 0.0
0.03406499998527579 0.0009209999989252537
0.03406499998527579 1.00000761449337e-06
0.036397999996552244 0.000990999978967011
0.036397999996552244 0.0
0.039034999994328246 0.0010879999899771065
0.039034999994328246 0.0
0.03901500001666136 0.0010560000082477927
0.03901500001666136 0.0
0.03416899999137968 0.0009490000084042549
0.03416899999137968 9.999785106629133e-07
0.034011000010650605 0.0009549999958835542
0.034011000010650605 0.0
0.0412089999881573 0.0012289999867789447
0.0412089999881573 0.0
0.043975000007776543 0.0012509999796748161
0.043975000007776543 0.0
0.04886899999110028 0.0015260000072885305
0.04886899999110028 0.0
0.051407999999355525 0.0017969999753404409
0.051407999999355525 0.0
0.04643400001805276 0.0012270000006537884
0.04643400001805276 0.0
0.051325000007636845 0.0013679999974556267
0.051325000007636845 0.0
0.048842000018339604 0.0013000000035390258
0.048842000018339604 1.00000761449337e-06
0.049115999980131164 0.0013390000094659626
0.049115999980131164 1.00000761449337e-06
0.049073000001953915 0.0013100000214762986
0.049073000001953915 9.999785106629133e-07
0.05117600000812672 0.0013500000059138983
0.05117600000812672 0.0
0.053690999979153275 0.0014899999951012433
0.053690999979153275 0.0
0.06214000002364628 0.0019660000107251108
0.06214000002364628 1.00000761449337e-06
0.04996999999275431 0.0012960000021848828
0.04996999999275431 9.999785106629133e-07
0.04856199998175725 0.0013559999933931977
0.04856199998175725 0.0
0.04872300001443364 0.001293000008445233
0.04872300001443364 1.00000761449337e-06
0.049070000008214265 0.0013279999839141965
0.049070000008214265 1.00000761449337e-06
0.04895500000566244 0.0013080000062473118
0.04895500000566244 1.00000761449337e-06
0.049392999993870035 0.0015649999841116369
0.049392999993870035 0.0
0.04972300000372343 0.001560000004246831
0.04972300000372343 0.0
0.04595800000242889 0.0012459999998100102
0.04595800000242889 0.0
0.051470000005792826 0.0013700000126846135
0.051470000005792826 1.00000761449337e-06
0.05111800000304356 0.0013800000015180558
0.05111800000304356 1.00000761449337e-06
0.05401600000914186 0.0014520000258926302
0.05401600000914186 1.00000761449337e-06
0.0509520000196062 0.0013710000202991068
0.0509520000196062 0.0
0.051519000000553206 0.0013730000064242631
0.051519000000553206 0.0
0.05331099999602884 0.0014230000087991357
0.05331099999602884 0.0
0.05422799999359995 0.0014380000066012144
0.05422799999359995 0.0
0.05362799999420531 0.001512999995611608
0.05362799999420531 0.0
0.051119000010658056 0.00133200001437217
0.051119000010658056 0.0
0.051063000020803884 0.0013509999844245613
0.051063000020803884 0.0
0.04892800000379793 0.0012989999959245324
0.04892800000379793 0.0
0.04643899999791756 0.00120900000911206
0.04643899999791756 0.0
0.04635200000484474 0.0012390000047162175
0.04635200000484474 1.00000761449337e-06
0.04881700000260025 0.0014260000025387853
0.04881700000260025 0.0
0.051004999986616895 0.0014340000052470714
0.051004999986616895 0.0
0.06576900000800379 0.0038329999952111393
0.06576900000800379 9.999785106629133e-07
0.06588000000920147 0.0021779999951831996
0.06588000000920147 0.0
0.06784699999843724 0.00181200000224635
0.06784699999843724 0.0
0.06317300000227988 0.0018259999924339354
0.06317300000227988 9.999785106629133e-07
0.06066900002770126 0.0015819999971427023
0.06066900002770126 1.00000761449337e-06
0.06064700000570156 0.0016170000017154962
0.06064700000570156 0.0
0.05844299998716451 0.0015410000050906092
0.05844299998716451 0.0
0.05817999999271706 0.001524999999674037
0.05817999999271706 9.999785106629133e-07
0.05895199999213219 0.0017130000051110983
0.05895199999213219 0.0
0.05856899998616427 0.0017670000088401139
0.05856899998616427 0.0
0.05838000000221655 0.0016469999973196536
0.05838000000221655 1.00000761449337e-06
0.048910000012256205 0.00160599997616373
0.048910000012256205 0.0
0.04889599999296479 0.0013299999991431832
0.04889599999296479 0.0
0.04366399999707937 0.0011670000094454736
0.04366399999707937 0.0
0.043920000025536865 0.0011999999987892807
0.043920000025536865 0.0
0.046520000003511086 0.0012670000141952187
0.046520000003511086 9.999785106629133e-07
0.04142100000171922 0.0011349999986123294
0.04142100000171922 1.00000761449337e-06
0.041939000017009676 0.0011780000058934093
0.041939000017009676 9.999785106629133e-07
0.043742000008933246 0.0014029999729245901
0.043742000008933246 0.0
0.041347999998833984 0.0011159999994561076
0.041347999998833984 1.00000761449337e-06
0.041181999986292794 0.001141999993706122
0.041181999986292794 1.00000761449337e-06
0.04153699998278171 0.0011369999847374856
0.04153699998278171 1.00000761449337e-06
0.04159599999547936 0.001141999993706122
0.04159599999547936 0.0
0.03962900000624359 0.0011439999798312783
0.03962900000624359 1.00000761449337e-06
0.04288399999495596 0.001197000005049631
0.04288399999495596 0.0
0.03960300001199357 0.0011980000126641244
0.03960300001199357 0.0
0.04390399999101646 0.0016659999964758754
0.04390399999101646 1.00000761449337e-06
0.04182900002342649 0.0012170000118203461
0.04182900002342649 0.0
0.04413399999612011 0.0015330000023823231
0.04413399999612011 9.999785106629133e-07
0.041219000006094575 0.0011910000175703317
0.041219000006094575 0.0
0.043830999988131225 0.0011789999844040722
0.043830999988131225 0.0
0.04353399999672547 0.0011870000162161887
0.04353399999672547 0.0
0.049063999991631135 0.0015240000211633742
0.049063999991631135 1.00000761449337e-06
0.05049299998790957 0.0014899999951012433
0.05049299998790957 9.999785106629133e-07
0.04224899999098852 0.0011620000004768372
0.04224899999098852 0.0
0.043747999996412545 0.001185000000987202
0.043747999996412545 0.0
0.04125100001692772 0.0011280000035185367
0.04125100001692772 1.00000761449337e-06
0.04126999998698011 0.001137999992351979
0.04126999998698011 9.999785106629133e-07
0.049375000002328306 0.0013219999964348972
0.049375000002328306 0.0
0.044682999985525385 0.0012529999949038029
0.044682999985525385 0.0
0.04421100000035949 0.0013840000028721988
0.04421100000035949 1.00000761449337e-06
0.0436139999947045 0.001217999990331009
0.0436139999947045 0.0
0.04133700000238605 0.0011919999960809946
0.04133700000238605 0.0
0.04362599999876693 0.0011969999759458005
0.04362599999876693 0.0
0.043436999985715374 0.0011860000086016953
0.043436999985715374 0.0
0.04111399999237619 0.0011430000013206154
0.04111399999237619 1.00000761449337e-06
0.04152599998633377 0.0011369999847374856
0.04152599998633377 0.0
0.0436980000231415 0.001184000022476539
0.0436980000231415 0.0
0.036546000017551705 0.0010259999835398048
0.036546000017551705 0.0
0.03170899997348897 0.0009880000143311918
0.03170899997348897 0.0
0.03152300001238473 0.0009030000073835254
0.03152300001238473 9.999785106629133e-07
0.03649900000891648 0.001008000021101907
0.03649900000891648 1.00000761449337e-06
0.03413300000829622 0.0009589999972376972
0.03413300000829622 0.0
0.03137199999764562 0.0008919999818317592
0.03137199999764562 0.0
0.03411700000287965 0.0010020000045187771
0.03411700000287965 0.0
0.03402700001606718 0.0009879999852273613
0.03402700001606718 0.0
0.034662999998545274 0.001025000005029142
0.034662999998545274 1.00000761449337e-06
0.034385999984806404 0.000957000011112541
0.034385999984806404 0.0
0.03619900002377108 0.0010360000014770776
0.03619900002377108 1.00000761449337e-06
0.03671300000860356 0.0010229999898001552
0.03671300000860356 1.00000761449337e-06
0.03404900000896305 0.0009589999972376972
0.03404900000896305 0.0
0.03179999999701977 0.0009260000078938901
0.03179999999701977 0.0
0.03162500000325963 0.000885000015841797
0.03162500000325963 9.999785106629133e-07
0.03361899999435991 0.0009459999855607748
0.03361899999435991 1.00000761449337e-06
0.034022999985609204 0.0009950000094249845
0.034022999985609204 0.0
0.034106000006431714 0.0009379999828524888
0.034106000006431714 0.0
0.03406800000811927 0.0009370000043418258
0.03406800000811927 0.0
0.031537999981082976 0.0008960000122897327
0.031537999981082976 0.0
0.03475099999923259 0.001045000011799857
0.03475099999923259 1.00000761449337e-06
0.034053999988827854 0.0009720000089146197
0.034053999988827854 9.999785106629133e-07
0.029115999990608543 0.0008390000148210675
0.029115999990608543 1.00000761449337e-06
0.03397799999220297 0.0009569999820087105
0.03397799999220297 0.0
0.029008000012254342 0.0008290000259876251
0.029008000012254342 0.0
0.033798999997088686 0.0009520000021439046
0.033798999997088686 0.0
0.03660500000114553 0.000985999999102205
0.03660500000114553 9.999785106629133e-07
0.0317549999745097 0.000906000001123175
0.0317549999745097 0.0
0.03385799998068251 0.0009509999945294112
0.03385799998068251 0.0
0.036305999994510785 0.0010039999906439334
0.036305999994510785 0.0
0.034042000013869256 0.0009569999820087105
0.034042000013869256 0.0
0.03426899999612942 0.001006999984383583
0.03426899999612942 0.0
0.036364999978104606 0.0010170000023208559
0.036364999978104606 0.0
0.03384399999049492 0.0009349999891128391
0.03384399999049492 1.00000761449337e-06
0.03877399998600595 0.0010690000199247152
0.03877399998600595 1.00000761449337e-06
0.03158799998345785 0.0009040000149980187
0.03158799998345785 9.999785106629133e-07
0.03406099998392165 0.0009509999945294112
0.03406099998392165 0.0
0.03159699999378063 0.000901999999769032
0.03159699999378063 1.00000761449337e-06
0.03647600000840612 0.0010980000079143792
0.03647600000840612 0.0
0.03165699998498894 0.0008990000060293823
0.03165699998498894 1.00000761449337e-06
0.03395100001944229 0.0009510000236332417
0.03395100001944229 0.0
0.03649200001382269 0.0011679999879561365
0.03649200001382269 1.00000761449337e-06
0.03900300001259893 0.0011889999732375145
0.03900300001259893 0.0
0.03639699998893775 0.0010260000126436353
0.03639699998893775 9.999785106629133e-07
0.034362000005785376 0.0009389999904669821
0.034362000005785376 0.0
0.03686500000185333 0.0010919999913312495
0.03686500000185333 9.999785106629133e-07
0.031989999988581985 0.0008929999894462526
0.031989999988581985 0.0
0.03384099999675527 0.0009350000182166696
0.03384099999675527 0.0
0.03153999999631196 0.0009010000212583691
0.03153999999631196 0.0
0.03617199999280274 0.001213999988976866
0.03617199999280274 1.00000761449337e-06
0.036407999985385686 0.0010449999826960266
0.036407999985385686 1.00000761449337e-06
0.03196300001582131 0.0009150000114459544
0.03196300001582131 0.0
0.03395800001453608 0.0012759999954141676
0.03395800001453608 1.00000761449337e-06
0.03677299999981187 0.0010199999960605055
0.03677299999981187 1.00000761449337e-06
0.03150800001458265 0.0009659999923314899
0.03150800001458265 0.0
0.036484999989625067 0.00136599998222664
0.036484999989625067 0.0
0.03782699999283068 0.0010820000024978071
0.03782699999283068 0.0
0.03394200000911951 0.0009830000053625554
0.03394200000911951 1.00000761449337e-06
0.03660900000249967 0.0010949999850708991
0.03660900000249967 0.0
0.03896000000531785 0.0011700000031851232
0.03896000000531785 0.0
0.03652299998793751 0.0009910000080708414
0.03652299998793751 0.0
0.04145099999732338 0.0012069999938830733
0.04145099999732338 1.00000761449337e-06
0.038988999993307516 0.0012120000028517097
0.038988999993307516 0.0
0.044141999998828396 0.001264999998966232
0.044141999998828396 0.0
0.043717000022297725 0.0011749999830499291
0.043717000022297725 0.0
0.04658500000368804 0.0014360000204760581
0.04658500000368804 0.0
0.044113999989349395 0.001189000002341345
0.044113999989349395 0.0
0.04907800001092255 0.0015450000064447522
0.04907800001092255 0.0
0.0461490000016056 0.0012399999832268804
0.0461490000016056 1.00000761449337e-06
0.04897599999094382 0.001736000005621463
0.04897599999094382 0.0
0.04392499997629784 0.001180999999633059
0.04392499997629784 9.999785106629133e-07
0.0460869999951683 0.0012879999994765967
0.0460869999951683 0.0
0.04363500000908971 0.0011759999906644225
0.04363500000908971 0.0
0.04612999997334555 0.0012799999967683107
0.04612999997334555 1.00000761449337e-06
0.04362099998979829 0.001166999980341643
0.04362099998979829 0.0
0.046483000012813136 0.0014429999864660203
0.046483000012813136 9.999785106629133e-07
0.04411799999070354 0.0012350000033620745
0.04411799999070354 0.0
0.04884299999685027 0.0014070000033825636
0.04884299999685027 1.00000761449337e-06
0.050933999998960644 0.001459000020986423
0.050933999998960644 0.0
0.04851700001745485 0.0015120000171009451
0.04851700001745485 9.999785106629133e-07
0.0485480000206735 0.0013350000081118196
0.0485480000206735 0.0
0.046077000006334856 0.0013230000040493906
0.046077000006334856 0.0
0.04359500002465211 0.0012780000106431544
0.04359500002465211 0.0
0.043742000008933246 0.0011710000107996166
0.043742000008933246 0.0
0.046254999993834645 0.0012229999992996454
0.046254999993834645 0.0
0.046081000007689 0.0017709999810904264
0.046081000007689 0.0
0.04573700000764802 0.0014610000071115792
0.04573700000764802 0.0
0.04391899998881854 0.001197000005049631
0.04391899998881854 1.00000761449337e-06
0.03879099999903701 0.0010600000096019357
0.03879099999903701 0.0
0.03983100000186823 0.0010680000123102218
0.03983100000186823 0.0
0.04370300000300631 0.0013460000045597553
0.04370300000300631 0.0
0.03908499999670312 0.001133000012487173
0.03908499999670312 1.00000761449337e-06
0.037440999993123114 0.0010569999867584556
0.037440999993123114 1.00000761449337e-06
0.03662400000030175 0.0010079999919980764
0.03662400000030175 0.0
0.03888200002256781 0.0010440000041853637
0.03888200002256781 0.0
0.036435000016354024 0.0010439999750815332
0.036435000016354024 0.0
0.03677800000878051 0.0010429999965708703
0.03677800000878051 0.0
0.03640900002210401 0.0010100000072270632
0.03640900002210401 1.00000761449337e-06
0.0413059999991674 0.00112900001113303
0.0413059999991674 1.00000761449337e-06
0.04177199999685399 0.0011229999945499003
0.04177199999685399 0.0
0.038930000009713694 0.0010929999989457428
0.038930000009713694 1.00000761449337e-06
0.03652800002600998 0.0010049999982584268
0.03652800002600998 1.00000761449337e-06
0.03627599999890663 0.0010039999906439334
0.03627599999890663 0.0
0.03881200001342222 0.0010690000199247152
0.03881200001342222 9.999785106629133e-07
0.03392100002383813 0.0009399999980814755
0.03392100002383813 0.0
INFO:sc2.protocol:Client status changed to Status.ended (was Status.in_game)
INFO:root:Result for player 1 - Bot(Race.Terran, <bots.Showing_bot.speedBot.MarinBot object at 0x7f88cc463f28>): Defeat
INFO:sc2.protocol:Client status changed to Status.ended (was Status.in_game)
INFO:root:Result for player 2 - Bot(Race.Terran, <bots.npc.osjbot.OsjBot object at 0x7f88bd410f60>): Victory
INFO:sc2.client:Saved replay to outs/2020-01-17T11-28-03/replays/showing_bot-npc/showing_bot-npc-2.SC2Replay
INFO:sc2.protocol:Client status changed to Status.launched (was Status.ended)
INFO:sc2.protocol:Client status changed to Status.quit (was Status.launched)
INFO:sc2.sc2process:kill_switch: Process cleanup
INFO:sc2.sc2process:Cleaning up...
INFO:sc2.sc2process:Cleanup complete
INFO:sc2.sc2process:Cleaning up...
INFO:sc2.sc2process:Cleanup complete
INFO:sc2.protocol:Cannot receive: Connection already closed.
INFO:sc2.sc2process:kill_switch: Process cleanup
INFO:sc2.sc2process:Cleaning up...
INFO:sc2.sc2process:Cleanup complete
INFO:sc2.sc2process:Cleaning up...
INFO:sc2.sc2process:Cleanup complete


## STDERR ##

Version: B75689 (SC2.4.10)
Build: Aug 12 2019 17:16:57
Command Line: '"/home/hspark8312/StarCraftII/Versions/Base75689/SC2_x64" -listen 127.0.0.1 -port 15712 -displayMode 0 -dataDir /home/hspark8312/StarCraftII -tempDir /tmp/SC2_j89eigca'
Starting up...
Startup Phase 1 complete
Version: B75689 (SC2.4.10)
Build: Aug 12 2019 17:16:57
Command Line: '"/home/hspark8312/StarCraftII/Versions/Base75689/SC2_x64" -listen 127.0.0.1 -port 16206 -displayMode 0 -dataDir /home/hspark8312/StarCraftII -tempDir /tmp/SC2__r6cr572'
Starting up...
Startup Phase 1 complete
Startup Phase 2 complete
Creating stub renderer...
Listening on: 127.0.0.1:15712
Startup Phase 3 complete. Ready for commands.
Startup Phase 2 complete
Creating stub renderer...
ConnectHandler: Request from 127.0.0.1:58975 accepted
ReadyHandler: 127.0.0.1:58975 ready
Listening on: 127.0.0.1:16206
Requesting to join a multiplayer game
Configuring interface options
Configure: raw interface enabled
Configure: feature layer interface enabled
Configure: score interface enabled
Configure: render interface disabled
Startup Phase 3 complete. Ready for commands.
ConnectHandler: Request from 127.0.0.1:58977 accepted
ReadyHandler: 127.0.0.1:58977 ready
Requesting to join a multiplayer game
Configuring interface options
Configure: raw interface enabled
Configure: feature layer interface enabled
Configure: score interface enabled
Configure: render interface disabled
Create game with map path: NCFellowship-2019_m1_v6.SC2Map
Deferred error: 536936448 (0x20010000)
Deferred error details: Bad profiling data. TimeMS: 3610719.250000 Conversion: 1.000000e-03
Attempting to join a game with the map: NCFellowship-2019_m1_v6.SC2Map
Game has started.
Using default stable ids, none found at: /home/hspark8312/StarCraftII/stableid.json
Successfully loaded stable ids: GameData\stableid.json
Sending ResponseJoinGame
Game has started.
Using default stable ids, none found at: /home/hspark8312/StarCraftII/stableid.json
Successfully loaded stable ids: GameData\stableid.json
Sending ResponseJoinGame
RequestQuit command received.
Closing Application...
CloseHandler: 127.0.0.1:58977 disconnected
Terminate action already called.
/home/hspark8312/anaconda3/envs/sc2/lib/python3.6/importlib/_bootstrap.py:219: RuntimeWarning: numpy.ufunc size changed, may indicate binary incompatibility. Expected 192 from C header, got 216 from PyObject
  return f(*args, **kwds)
/home/hspark8312/anaconda3/envs/sc2/lib/python3.6/importlib/_bootstrap.py:219: RuntimeWarning: numpy.ufunc size changed, may indicate binary incompatibility. Expected 192 from C header, got 216 from PyObject
  return f(*args, **kwds)
/home/hspark8312/anaconda3/envs/sc2/lib/python3.6/site-packages/tensorboard/compat/tensorflow_stub/dtypes.py:541: FutureWarning: Passing (type, 1) or '1type' as a synonym of type is deprecated; in a future version of numpy, it will be understood as (type, (1,)) / '(1,)type'.
  _np_qint8 = np.dtype([("qint8", np.int8, 1)])
/home/hspark8312/anaconda3/envs/sc2/lib/python3.6/site-packages/past/builtins/misc.py:45: DeprecationWarning: the imp module is deprecated in favour of importlib; see the module's documentation for alternative uses
  from imp import reload
/mnt/d/sc2minigame-eval-2020-01-09/bots/Showing_bot/speedBot.py:1643: RuntimeWarning: coroutine 'TerreinManager.debug' was never awaited
  self.terrein_manager.debug()
