## STDOUT ##

[[92mINFO[0m] SC2 4.9.0 용 패치 적용
패치 sc2.ids.ability_id
패치 sc2.game_state
패치 sc2.bot_ai
패치 sc2.client
패치 sc2.controller
패치 sc2.main
INFO:root:Failed to import cuda module: No module named 'caffe2.python.caffe2_pybind11_state_gpu'
INFO:root:Failed to import AMD hip module: No module named 'caffe2.python.caffe2_pybind11_state_hip'
WARNING:root:This caffe2 python run does not have GPU support. Will run in CPU only mode.
cpu
INFO:sc2.protocol:Client status changed to Status.launched (was None)
INFO:sc2.protocol:Client status changed to Status.launched (was None)
INFO:sc2_patch.sc2_patch_490.controller:Creating new game
INFO:sc2_patch.sc2_patch_490.controller:Map:     NCFellowship-2019_m1_v6
INFO:sc2_patch.sc2_patch_490.controller:Players: Bot(Race.Terran, <bots.Showing_bot.speedBot.MarinBot object at 0x7f650c318f60>), Bot(Race.Terran, <bots.npc.osjbot.OsjBot object at 0x7f64fd2c0f60>)
INFO:sc2.protocol:Client status changed to Status.init_game (was Status.launched)
INFO:sc2.protocol:Client status changed to Status.in_game (was None)
INFO:root:Player 2 - Bot(Race.Terran, <bots.npc.osjbot.OsjBot object at 0x7f64fd2c0f60>)
TEST: 2, <bots.npc.osjbot.OsjBot object at 0x7f64fd2c0f60>
INFO:sc2.protocol:Client status changed to Status.in_game (was None)
INFO:root:Player 1 - Bot(Race.Terran, <bots.Showing_bot.speedBot.MarinBot object at 0x7f650c318f60>)
TEST: 1, <bots.Showing_bot.speedBot.MarinBot object at 0x7f650c318f60>
load model: bots/Showing_bot/models/model-89.pt
create new model
0.0445389999949839 0.002605999994557351
0.0445389999949839 0.0
0.043784999987110496 0.0023070000170264393
0.043784999987110496 0.0
0.04396800001268275 0.0016699999978300184
0.04396800001268275 0.0
0.04407800000626594 0.0013270000054035336
0.04407800000626594 9.999785106629133e-07
0.04425600002286956 0.0013140000228304416
0.04425600002286956 0.0
0.04375899999286048 0.0012950000236742198
0.04375899999286048 0.0
0.04370000000926666 0.0010970000002998859
0.04370000000926666 0.0
0.047298000019509345 0.0014610000071115792
0.047298000019509345 1.00000761449337e-06
0.05108000000473112 0.0012920000008307397
0.05108000000473112 0.0
0.046495000016875565 0.00120599998626858
0.046495000016875565 9.999785106629133e-07
0.046581000002333894 0.001189000002341345
0.046581000002333894 0.0
0.04622800002107397 0.001205000007757917
0.04622800002107397 0.0
0.046470000001136214 0.0071570000145584345
0.046470000001136214 0.0
0.04735100001562387 0.0015160000184550881
0.04735100001562387 0.0
0.04623300000093877 0.0011670000094454736
0.04623300000093877 0.0
0.046246000012615696 0.0012049999786540866
0.046246000012615696 0.0
0.04691100001218729 0.0013340000004973263
0.04691100001218729 0.0
0.046944000001531094 0.001273000001674518
0.046944000001531094 0.0
0.04701100001693703 0.0012800000258721411
0.04701100001693703 9.999785106629133e-07
0.04622899999958463 0.001168000017059967
0.04622899999958463 0.0
0.048512999986996874 0.0013099999923724681
0.048512999986996874 1.00000761449337e-06
0.04887199998483993 0.0012409999908413738
0.04887199998483993 0.0
0.049039000004995614 0.0012310000020079315
0.049039000004995614 0.0
0.04884299999685027 0.0012370000185910612
0.04884299999685027 0.0
0.046489000000292435 0.0011819999781437218
0.046489000000292435 0.0
0.04616699999314733 0.0011689999955706298
0.04616699999314733 0.0
0.04613100001006387 0.0011839999933727086
0.04613100001006387 1.00000761449337e-06
0.04649900001822971 0.001264000020455569
0.04649900001822971 1.00000761449337e-06
0.04687099999864586 0.0013219999964348972
0.04687099999864586 0.0
0.04680199999711476 0.001229999994393438
0.04680199999711476 0.0
0.04944299999624491 0.0015090000233612955
0.04944299999624491 1.00000761449337e-06
0.051582999993115664 0.0013469999830704182
0.051582999993115664 0.0
0.050447999994503334 0.00124299997696653
0.050447999994503334 0.0
0.04732199999853037 0.0012419999984558672
0.04732199999853037 0.0
0.04671900000539608 0.0012439999845810235
0.04671900000539608 1.00000761449337e-06
0.049220999993849546 0.0013740000140387565
0.049220999993849546 0.0
0.05331300001125783 0.0014570000057574362
0.05331300001125783 1.00000761449337e-06
0.048718000005465 0.00128900000709109
0.048718000005465 1.00000761449337e-06
0.04880299998330884 0.0012340000248514116
0.04880299998330884 0.0
0.048587000026600435 0.0012329999881330878
0.048587000026600435 0.0
changed strategy
0.049039000004995614 0.0012329999881330878
0.049039000004995614 0.0
0.04936999999335967 0.0012869999918621033
0.04936999999335967 9.999785106629133e-07
0.04916499997489154 0.001256999996257946
0.04916499997489154 0.0
0.04887800000142306 0.0012479999859351665
0.04887800000142306 0.0
0.04895799999940209 0.0012470000074245036
0.04895799999940209 0.0
0.04913099997793324 0.0012970000097993761
0.04913099997793324 0.0
0.049633000016910955 0.0012550000101327896
0.049633000016910955 9.999785106629133e-07
0.05140600001323037 0.0029959999956190586
0.05140600001323037 0.0
0.05130399999325164 0.0013780000153928995
0.05130399999325164 0.0
0.05216099999961443 0.0013390000094659626
0.05216099999961443 1.00000761449337e-06
0.05635699999402277 0.0032549999887123704
0.05635699999402277 0.0
0.05410199999460019 0.0015980000025592744
0.05410199999460019 0.0
0.053863000008277595 0.0013719999988097697
0.053863000008277595 1.00000761449337e-06
0.05609899997944012 0.001584999990882352
0.05609899997944012 9.999785106629133e-07
0.05371900001773611 0.0013750000216532499
0.05371900001773611 0.0
0.05587399998330511 0.0014199999859556556
0.05587399998330511 0.0
0.053592000011121854 0.0013580000086221844
0.053592000011121854 1.00000761449337e-06
0.05434099998092279 0.001496999990195036
0.05434099998092279 0.0
0.05351599998539314 0.001344999996945262
0.05351599998539314 0.0
0.05362699998659082 0.00156899998546578
0.05362699998659082 1.00000761449337e-06
0.05475700000533834 0.0013959999778307974
0.05475700000533834 0.0
0.053825999988475814 0.0016039999900385737
0.053825999988475814 0.0
0.05360400001518428 0.001348999998299405
0.05360400001518428 0.0
0.05355599999893457 0.0013730000064242631
0.05355599999893457 0.0
0.054800999991130084 0.0014149999769870192
0.054800999991130084 1.00000761449337e-06
0.05593499998212792 0.0014260000025387853
0.05593499998212792 0.0
0.05336399999214336 0.0013559999933931977
0.05336399999214336 0.0
0.053788999997777864 0.0013500000059138983
0.053788999997777864 0.0
0.05372200001147576 0.0013560000224970281
0.05372200001147576 0.0
0.055726999999023974 0.001524999999674037
0.055726999999023974 0.0
0.05759000001125969 0.001719000021694228
0.05759000001125969 1.00000761449337e-06
0.0562729999946896 0.0014899999951012433
0.0562729999946896 0.0
0.05364299999200739 0.0013909999979659915
0.05364299999200739 1.00000761449337e-06
0.05374100001063198 0.0013939999917056412
0.05374100001063198 0.0
0.05482499999925494 0.0014070000033825636
0.05482499999925494 1.00000761449337e-06
0.055809999990742654 0.0017099999822676182
0.055809999990742654 1.00000761449337e-06
0.054739999992307276 0.001416000013705343
0.054739999992307276 0.0
0.05407099999138154 0.0014589999918825924
0.05407099999138154 0.0
0.05372399999760091 0.0015699999930802733
0.05372399999760091 0.0
0.05155199998989701 0.001357000001007691
0.05155199998989701 0.0
0.05119499997817911 0.0012540000025182962
0.05119499997817911 1.00000761449337e-06
0.0511910000059288 0.0013860000181011856
0.0511910000059288 0.0
0.048941000015474856 0.0013749999925494194
0.048941000015474856 9.999785106629133e-07
0.049288000009255484 0.001441000000340864
0.049288000009255484 1.00000761449337e-06
0.046640000015031546 0.0011749999830499291
0.046640000015031546 0.0
0.049112999986391515 0.0016699999978300184
0.049112999986391515 0.0
0.051393000001553446 0.0016189999878406525
0.051393000001553446 0.0
0.05172899999888614 0.0015330000023823231
0.05172899999888614 9.999785106629133e-07
0.051333999988855794 0.001703000016277656
0.051333999988855794 0.0
0.05247500000405125 0.0016619999951217324
0.05247500000405125 0.0
0.051402000011876225 0.0017100000113714486
0.051402000011876225 9.999785106629133e-07
0.04621899998164736 0.0012519999872893095
0.04621899998164736 1.00000761449337e-06
0.04676800000015646 0.0014380000066012144
0.04676800000015646 1.00000761449337e-06
0.04621400000178255 0.0016830000095069408
0.04621400000178255 0.0
0.046433999988948926 0.0014420000079553574
0.046433999988948926 0.0
0.04697399999713525 0.0016940000059548765
0.04697399999713525 0.0
0.044301999994786456 0.0013309999776538461
0.044301999994786456 0.0
0.04378299997188151 0.0014290000253822654
0.04378299997188151 0.0
0.043728999997256324 0.0014740000187885016
0.043728999997256324 9.999785106629133e-07
0.03913099999772385 0.0010089999996125698
0.03913099999772385 1.00000761449337e-06
0.04184799999347888 0.0014890000165905803
0.04184799999347888 0.0
0.041459000000031665 0.0013130000152159482
0.041459000000031665 1.00000761449337e-06
0.04161499999463558 0.0010649999894667417
0.04161499999463558 0.0
0.04194699999061413 0.0013080000062473118
0.04194699999061413 0.0
0.04176300001563504 0.0013789999939035624
0.04176300001563504 0.0
0.041939000017009676 0.0010990000155288726
0.041939000017009676 1.00000761449337e-06
0.04216300000553019 0.001176000019768253
0.04216300000553019 1.00000761449337e-06
0.04206999999587424 0.0011119999981019646
0.04206999999587424 0.0
0.041548000008333474 0.0012989999959245324
0.041548000008333474 1.00000761449337e-06
0.041836999997030944 0.001069999998435378
0.041836999997030944 0.0
0.042683000006945804 0.0011879999947268516
0.042683000006945804 0.0
0.04258400000981055 0.0011819999781437218
0.04258400000981055 0.0
0.04191900001023896 0.0011019999801646918
0.04191900001023896 0.0
0.041449999989708886 0.0010560000082477927
0.041449999989708886 1.00000761449337e-06
0.04382300001452677 0.0012459999998100102
0.04382300001452677 1.00000761449337e-06
0.04395500000100583 0.0011919999960809946
0.04395500000100583 1.00000761449337e-06
0.04397199998493306 0.0011289999820291996
0.04397199998493306 0.0
0.04411000001709908 0.001113000005716458
0.04411000001709908 9.999785106629133e-07
0.04158099999767728 0.0010939999774564058
0.04158099999767728 0.0
0.04119300001184456 0.0010970000002998859
0.04119300001184456 1.00000761449337e-06
0.04150600000866689 0.001086999982362613
0.04150600000866689 0.0
0.04186399999889545 0.001121000008424744
0.04186399999889545 0.0
0.041972999984864146 0.0011550000053830445
0.041972999984864146 0.0
0.04253200002131052 0.0012080000014975667
0.04253200002131052 9.999785106629133e-07
0.041941999981645495 0.0011280000035185367
0.041941999981645495 0.0
0.041785000008530915 0.001069999998435378
0.041785000008530915 0.0
0.041410000005271286 0.0010870000114664435
0.041410000005271286 0.0
0.04134100000374019 0.001260999997612089
0.04134100000374019 0.0
0.04167599999345839 0.0010799999872688204
0.04167599999345839 0.0
0.04147500000544824 0.0010469999979250133
0.04147500000544824 0.0
0.041327000013552606 0.00109200002043508
0.041327000013552606 0.0
0.04136799997650087 0.001065999997081235
0.04136799997650087 0.0
0.041357999987667426 0.0010820000024978071
0.041357999987667426 9.999785106629133e-07
0.04176599998027086 0.0011200000008102506
0.04176599998027086 0.0
0.04115599999204278 0.0010550000006332994
0.04115599999204278 0.0
0.051245000009657815 0.0016330000071320683
0.051245000009657815 0.0
0.04679799999576062 0.0012129999813623726
0.04679799999576062 0.0
0.04044599999906495 0.0010719999845605344
0.04044599999906495 9.999785106629133e-07
0.04167899998719804 0.0011200000008102506
0.04167899998719804 0.0
0.03904199998942204 0.0010759999859146774
0.03904199998942204 0.0
0.0392180000199005 0.0010270000202581286
0.0392180000199005 0.0
0.03921199997421354 0.0010060000058729202
0.03921199997421354 1.00000761449337e-06
0.04281699997955002 0.001133000012487173
0.04281699997955002 9.999785106629133e-07
0.044141999998828396 0.0011470000026747584
0.044141999998828396 0.0
0.03442199999699369 0.000897999998414889
0.03442199999699369 1.00000761449337e-06
0.033863000018754974 0.0009219999774359167
0.033863000018754974 0.0
0.03431000001728535 0.0009319999953731894
0.03431000001728535 0.0
0.03732299999683164 0.0010079999919980764
0.03732299999683164 0.0
0.03657299999031238 0.0009609999833628535
0.03657299999031238 0.0
0.0389349999895785 0.0010180000099353492
0.0389349999895785 0.0
0.041163999994751066 0.001057999994372949
0.041163999994751066 1.00000761449337e-06
0.04150700001628138 0.0010849999962374568
0.04150700001628138 0.0
0.041898999974364415 0.0012270000006537884
0.041898999974364415 0.0
0.03918999998131767 0.0015159999893512577
0.03918999998131767 1.00000761449337e-06
0.03911700000753626 0.0014669999945908785
0.03911700000753626 0.0
0.039348999998765066 0.001225999993039295
0.039348999998765066 9.999785106629133e-07
0.03893800001242198 0.00100299998302944
0.03893800001242198 9.999785106629133e-07
0.036626000015530735 0.0009450000070501119
0.036626000015530735 0.0
0.036457000009249896 0.000986999977612868
0.036457000009249896 0.0
0.0370519999996759 0.0012310000020079315
0.0370519999996759 0.0
0.036758000002009794 0.0009370000043418258
0.036758000002009794 1.00000761449337e-06
0.03666700000758283 0.0009549999958835542
0.03666700000758283 1.00000761449337e-06
0.03682199999457225 0.0009469999931752682
0.03682199999457225 0.0
0.03646699999808334 0.0009420000133104622
0.03646699999808334 1.00000761449337e-06
0.036617000005207956 0.000981999997748062
0.036617000005207956 0.0
0.03640899999300018 0.0009769999887794256
0.03640899999300018 1.00000761449337e-06
0.03667699999641627 0.0009800000116229057
0.03667699999641627 9.999785106629133e-07
0.036447000020416453 0.0009549999958835542
0.036447000020416453 0.0
0.03653900002245791 0.0010030000121332705
0.03653900002245791 1.00000761449337e-06
0.036841000022832304 0.0009540000173728913
0.036841000022832304 1.00000761449337e-06
0.03651999999419786 0.000985999999102205
0.03651999999419786 0.0
0.03656199999386445 0.0009639999771025032
0.03656199999386445 0.0
0.03722500000731088 0.0010710000060498714
0.03722500000731088 9.999785106629133e-07
0.036706000013509765 0.000990000000456348
0.036706000013509765 0.0
0.03688299999339506 0.0010030000121332705
0.03688299999339506 1.00000761449337e-06
0.036607999994885176 0.0009959999879356474
0.036607999994885176 9.999785106629133e-07
0.03648300000349991 0.0009669999999459833
0.03648300000349991 0.0
0.03658499999437481 0.0009590000263415277
0.03658499999437481 0.0
0.036912000010488555 0.001025000005029142
0.036912000010488555 0.0
0.03687900002114475 0.001016000023810193
0.03687900002114475 0.0
0.03657499997643754 0.0009750000026542693
0.03657499997643754 1.00000761449337e-06
0.03644399999757297 0.0009489999793004245
0.03644399999757297 0.0
0.03686500000185333 0.0009840000129770488
0.03686500000185333 9.999785106629133e-07
0.03648899999097921 0.0009539999882690609
0.03648899999097921 0.0
0.03384899999946356 0.0008910000033210963
0.03384899999946356 0.0
0.036598000006051734 0.0009839999838732183
0.036598000006051734 0.0
0.03676399998948909 0.0009460000146646053
0.03676399998948909 1.00000761449337e-06
0.036724000005051494 0.0009529999806545675
0.036724000005051494 0.0
0.03669000000809319 0.0009839999838732183
0.03669000000809319 1.00000761449337e-06
0.0364500000141561 0.0011700000031851232
0.0364500000141561 0.0
0.03905399999348447 0.0011789999844040722
0.03905399999348447 0.0
0.041209999995771796 0.0011860000086016953
0.041209999995771796 1.00000761449337e-06
0.04400100000202656 0.0013789999939035624
0.04400100000202656 9.999785106629133e-07
0.05164599997806363 0.0015540000167675316
0.05164599997806363 1.00000761449337e-06
0.054038000002037734 0.0015699999930802733
0.054038000002037734 0.0
0.05416600001626648 0.0014130000199656934
0.05416600001626648 0.0
0.0543220000108704 0.0014139999984763563
0.0543220000108704 1.00000761449337e-06
0.04419000001507811 0.001197000005049631
0.04419000001507811 0.0
0.0447989999956917 0.0011180000146850944
0.0447989999956917 0.0
0.04682000001776032 0.0013259999977890402
0.04682000001776032 0.0
0.05699599999934435 0.0017630000074859709
0.05699599999934435 0.0
0.046396999998250976 0.0012129999813623726
0.046396999998250976 0.0
0.05172300001140684 0.0013349999790079892
0.05172300001140684 0.0
0.043765999987954274 0.00125200001639314
0.043765999987954274 0.0
0.04139800000120886 0.0010870000114664435
0.04139800000120886 0.0
0.04177999999956228 0.0010820000024978071
0.04177999999956228 0.0
0.04554600000847131 0.0012629999837372452
0.04554600000847131 0.0
0.03901700000278652 0.0010369999799877405
0.03901700000278652 0.0
0.03960499999811873 0.0010849999962374568
0.03960499999811873 1.00000761449337e-06
0.036875000019790605 0.0009750000026542693
0.036875000019790605 1.00000761449337e-06
0.034159000002546236 0.0009160000190604478
0.034159000002546236 0.0
0.03425200001220219 0.000901999999769032
0.03425200001220219 0.0
0.034419999981764704 0.0009439999994356185
0.034419999981764704 0.0
0.036854000005405396 0.0009689999860711396
0.036854000005405396 0.0
0.04148800001712516 0.001246999978320673
0.04148800001712516 1.00000761449337e-06
0.043950999999651685 0.0012459999998100102
0.043950999999651685 1.00000761449337e-06
0.048860999988391995 0.0014819999923929572
0.048860999988391995 0.0
0.05456899999990128 0.005485999980010092
0.05456899999990128 0.0
0.05431999999564141 0.0013689999759662896
0.05431999999564141 1.00000761449337e-06
0.04654300000402145 0.0012160000042058527
0.04654300000402145 0.0
0.04702599998563528 0.0012709999864455312
0.04702599998563528 0.0
0.03697300000931136 0.0010189999884460121
0.03697300000931136 0.0
0.036795000021811575 0.0009689999860711396
0.036795000021811575 1.00000761449337e-06
0.03689600000507198 0.0009490000084042549
0.03689600000507198 9.999785106629133e-07
0.03445000000647269 0.0009240000217687339
0.03445000000647269 0.0
0.036586000001989305 0.000965000013820827
0.036586000001989305 0.0
0.03667599998880178 0.0010079999919980764
0.03667599998880178 1.00000761449337e-06
0.036745999997947365 0.0009719999798107892
0.036745999997947365 0.0
0.03392600000370294 0.0009319999953731894
0.03392600000370294 0.0
0.036954999988665804 0.0010149999870918691
0.036954999988665804 9.999785106629133e-07
0.03668600000673905 0.0009689999860711396
0.03668600000673905 0.0
0.04157500001019798 0.001269000000320375
0.04157500001019798 9.999785106629133e-07
0.04877299998770468 0.0014979999978095293
0.04877299998770468 0.0
0.047217999992426485 0.0012750000169035047
0.047217999992426485 0.0
0.044236999994609505 0.0012289999867789447
0.044236999994609505 0.0
0.04883700000937097 0.0017779999761842191
0.04883700000937097 1.00000761449337e-06
0.048971999989589676 0.001867000013589859
0.048971999989589676 0.0
0.04442099999869242 0.001185000000987202
0.04442099999869242 0.0
0.043797000020276755 0.0014139999984763563
0.043797000020276755 1.00000761449337e-06
0.04426699999021366 0.0011729999969247729
0.04426699999021366 0.0
0.044185000006109476 0.0011620000004768372
0.044185000006109476 0.0
0.0391900000104215 0.0010590000019874424
0.0391900000104215 0.0
0.036674999981187284 0.0009750000026542693
0.036674999981187284 0.0
0.03393499998492189 0.000961000012466684
0.03393499998492189 0.0
0.034199000016087666 0.0009190000128000975
0.034199000016087666 1.00000761449337e-06
0.034232999983942136 0.001133000012487173
0.034232999983942136 1.00000761449337e-06
0.039160999993328005 0.001273000001674518
0.039160999993328005 0.0
0.039400999987265095 0.0012489999935496598
0.039400999987265095 1.00000761449337e-06
0.03946800000267103 0.001025000005029142
0.03946800000267103 0.0
0.039040999981807545 0.0010340000153519213
0.039040999981807545 1.00000761449337e-06
0.041908000013791025 0.0012249999854248017
0.041908000013791025 1.00000761449337e-06
0.041775999998208135 0.0011020000092685223
0.041775999998208135 1.00000761449337e-06
0.03906700000516139 0.0010189999884460121
0.03906700000516139 0.0
0.041572999994968995 0.001476000004913658
0.041572999994968995 0.0
0.041707999975187704 0.0010760000150185078
0.041707999975187704 0.0
0.04151199999614619 0.001073999999789521
0.04151199999614619 1.00000761449337e-06
0.041499000013573095 0.0010670000046957284
0.041499000013573095 9.999785106629133e-07
0.044236999994609505 0.0012540000025182962
0.044236999994609505 1.00000761449337e-06
0.04174599997350015 0.001105000003008172
0.04174599997350015 0.0
0.039512000017566606 0.0011579999991226941
0.039512000017566606 0.0
0.037419999978737906 0.0010339999862480909
0.037419999978737906 1.00000761449337e-06
0.04170699999667704 0.0011919999960809946
0.04170699999667704 0.0
0.04407000000355765 0.0013190000026952475
0.04407000000355765 0.0
0.048694999975850806 0.0015420000127051026
0.048694999975850806 1.00000761449337e-06
0.048741000005975366 0.0013219999964348972
0.048741000005975366 0.0
0.049014999996870756 0.0015610000118613243
0.049014999996870756 1.00000761449337e-06
0.05151399999158457 0.0013889999827370048
0.05151399999158457 9.999785106629133e-07
0.049436000001151115 0.0013389999803621322
0.049436000001151115 1.00000761449337e-06
0.04922600000281818 0.0014099999971222132
0.04922600000281818 0.0
0.05133499999647029 0.0014030000020284206
0.05133499999647029 1.00000761449337e-06
0.05230099998880178 0.001412999990861863
0.05230099998880178 0.0
0.0535610000079032 0.0014110000047367066
0.0535610000079032 0.0
0.05626699997810647 0.0014990000054240227
0.05626699997810647 0.0
0.05614999998942949 0.0014729999820701778
0.05614999998942949 1.00000761449337e-06
0.05361599999014288 0.0013780000153928995
0.05361599999014288 1.00000761449337e-06
0.0536920000158716 0.0014429999864660203
0.0536920000158716 0.0
0.05093800000031479 0.0013109999999869615
0.05093800000031479 1.00000761449337e-06
0.0511009999900125 0.0014019999944139272
0.0511009999900125 0.0
0.0535329999984242 0.0014589999918825924
0.0535329999984242 0.0
0.05103800000506453 0.001336999994236976
0.05103800000506453 0.0
0.05204400001093745 0.00161500001559034
0.05204400001093745 9.999785106629133e-07
0.05124099997919984 0.0013430000108201057
0.05124099997919984 0.0
0.05435299998498522 0.0014849999861326069
0.05435299998498522 0.0
0.051150000013876706 0.0013040000048931688
0.051150000013876706 1.00000761449337e-06
0.05181599999195896 0.0013639999961014837
0.05181599999195896 0.0
0.0511009999900125 0.001328000013018027
0.0511009999900125 0.0
0.058671000006143004 0.0034679999807849526
0.058671000006143004 1.00000761449337e-06
0.061056000005919486 0.0035299999872222543
0.061056000005919486 0.0
0.06373100000200793 0.003708999982336536
0.06373100000200793 0.0
0.06486099999165162 0.0023480000090785325
0.06486099999165162 0.0
0.061123000021325424 0.0015730000159237534
0.061123000021325424 0.0
0.0636450000165496 0.001771000010194257
0.0636450000165496 0.0
0.06153300000005402 0.0015370000037364662
0.06153300000005402 0.0
0.061129000008804724 0.0015570000105071813
0.061129000008804724 0.0
0.061362999986158684 0.0015509999939240515
0.061362999986158684 0.0
0.06109199998900294 0.0015830000047571957
0.06109199998900294 0.0
0.05634199999622069 0.0015100000018719584
0.05634199999622069 0.0
0.04907999999704771 0.0013029999972786754
0.04907999999704771 1.00000761449337e-06
0.048771999980090186 0.0012670000141952187
0.048771999980090186 0.0
0.04891400001361035 0.001385999988997355
0.04891400001361035 9.999785106629133e-07
0.04695299998275004 0.0013049999834038317
0.04695299998275004 0.0
0.05130900000222027 0.001348999998299405
0.05130900000222027 1.00000761449337e-06
0.051946000021416694 0.0013860000181011856
0.051946000021416694 1.00000761449337e-06
0.0489110000198707 0.0014610000071115792
0.0489110000198707 0.0
0.04916100000264123 0.001344999996945262
0.04916100000264123 0.0
0.046563000010792166 0.0012270000006537884
0.046563000010792166 0.0
0.04909899999620393 0.0015030000067781657
0.04909899999620393 9.999785106629133e-07
0.046421000006375834 0.0012159999751020223
0.046421000006375834 0.0
0.048866999975871295 0.0012670000141952187
0.048866999975871295 0.0
0.0462849999894388 0.0012229999992996454
0.0462849999894388 1.00000761449337e-06
0.046605999988969415 0.0012370000185910612
0.046605999988969415 9.999785106629133e-07
0.048980999999912456 0.0012719999940600246
0.048980999999912456 1.00000761449337e-06
0.051513000013073906 0.0014520000258926302
0.051513000013073906 1.00000761449337e-06
0.04655900000943802 0.0013150000013411045
0.04655900000943802 0.0
0.051816999999573454 0.0015110000094864517
0.051816999999573454 0.0
0.04898300001514144 0.0012459999998100102
0.04898300001514144 9.999785106629133e-07
0.05389600002672523 0.001459000020986423
0.05389600002672523 0.0
0.052239000011468306 0.0015230000135488808
0.052239000011468306 0.0
0.05160099998465739 0.001348999998299405
0.05160099998465739 9.999785106629133e-07
0.05146499999682419 0.0013049999834038317
0.05146499999682419 1.00000761449337e-06
0.05200900000636466 0.0013129999861121178
0.05200900000636466 9.999785106629133e-07
0.051579999999376014 0.0013510000135283917
0.051579999999376014 1.00000761449337e-06
0.051340000005438924 0.0013559999933931977
0.051340000005438924 1.00000761449337e-06
0.05180600000312552 0.0013410000246949494
0.05180600000312552 1.00000761449337e-06
0.05103500001132488 0.0013130000152159482
0.05103500001132488 1.00000761449337e-06
0.049109999992651865 0.0013279999839141965
0.049109999992651865 0.0
0.05380900000454858 0.0016449999820906669
0.05380900000454858 0.0
0.0512530000123661 0.0013410000246949494
0.0512530000123661 0.0
0.0541850000154227 0.0015069999790284783
0.0541850000154227 0.0
0.05619999999180436 0.0015750000020489097
0.05619999999180436 0.0
0.053890999988652766 0.0015230000135488808
0.053890999988652766 0.0
0.04868399997940287 0.0012449999921955168
0.04868399997940287 0.0
0.04385000001639128 0.0011650000233203173
0.04385000001639128 1.00000761449337e-06
0.0440610000223387 0.0011260000173933804
0.0440610000223387 0.0
0.039419000007910654 0.001025000005029142
0.039419000007910654 0.0
0.04173999998602085 0.001141999993706122
0.04173999998602085 0.0
0.04626899998402223 0.001197000005049631
0.04626899998402223 1.00000761449337e-06
0.041412999999010935 0.0010970000002998859
0.041412999999010935 0.0
0.0413059999991674 0.0011119999981019646
0.0413059999991674 0.0
0.04363000000012107 0.0011320000048726797
0.04363000000012107 1.00000761449337e-06
0.041234000003896654 0.0010649999894667417
0.041234000003896654 1.00000761449337e-06
0.04645300001720898 0.0012379999971017241
0.04645300001720898 0.0
0.04616200001328252 0.0012619999761227518
0.04616200001328252 1.00000761449337e-06
0.044227999984286726 0.0011839999933727086
0.044227999984286726 0.0
0.04147300001932308 0.0011020000092685223
0.04147300001932308 0.0
0.04171200000564568 0.0011030000168830156
0.04171200000564568 0.0
0.039394999999785796 0.001112000027205795
0.039394999999785796 1.00000761449337e-06
0.04136199998902157 0.0012599999899975955
0.04136199998902157 0.0
0.043797000020276755 0.0012339999957475811
0.043797000020276755 1.00000761449337e-06
0.04388100001960993 0.0011269999959040433
0.04388100001960993 1.00000761449337e-06
0.041514000011375174 0.001104000024497509
0.041514000011375174 1.00000761449337e-06
0.047018000012030825 0.001449999981559813
0.047018000012030825 9.999785106629133e-07
0.04403299998375587 0.001133999990997836
0.04403299998375587 0.0
0.046470000001136214 0.0012719999940600246
0.046470000001136214 1.00000761449337e-06
0.04601600000751205 0.0012390000047162175
0.04601600000751205 0.0
0.04864299998735078 0.0014099999971222132
0.04864299998735078 1.00000761449337e-06
0.046107999980449677 0.0012189999979455024
0.046107999980449677 1.00000761449337e-06
0.043793999997433275 0.0011700000031851232
0.043793999997433275 0.0
0.043643000011797994 0.0011770000273827463
0.043643000011797994 0.0
0.04422699997667223 0.0011539999977685511
0.04422699997667223 0.0
0.04438000000664033 0.0011839999933727086
0.04438000000664033 9.999785106629133e-07
0.044390999973984435 0.0012409999908413738
0.044390999973984435 0.0
0.04399000000557862 0.0011460000241640955
0.04399000000557862 0.0
0.04380200000014156 0.0011520000116433948
0.04380200000014156 0.0
0.03898000001208857 0.0010929999989457428
0.03898000001208857 9.999785106629133e-07
0.04422699997667223 0.0014150000060908496
0.04422699997667223 1.00000761449337e-06
0.04409400001168251 0.0011989999911747873
0.04409400001168251 0.0
0.0437779999920167 0.0011489999887999147
0.0437779999920167 1.00000761449337e-06
0.039625000004889444 0.0012149999965913594
0.039625000004889444 9.999785106629133e-07
0.03894300002139062 0.0010540000221226364
0.03894300002139062 0.0
0.046489000000292435 0.0013669999898411334
0.046489000000292435 0.0
0.04634599998826161 0.0012350000033620745
0.04634599998826161 0.0
0.04646500002127141 0.0012140000180806965
0.04646500002127141 0.0
0.0465400000102818 0.0012009999772999436
0.0465400000102818 0.0
0.04641999999876134 0.0012080000014975667
0.04641999999876134 0.0
0.044071000011172146 0.001213000010466203
0.044071000011172146 0.0
0.04366699999081902 0.0012430000060703605
0.04366699999081902 9.999785106629133e-07
0.043682999996235594 0.0011630000080913305
0.043682999996235594 0.0
0.04381999999168329 0.0011989999911747873
0.04381999999168329 9.999785106629133e-07
0.04195900002378039 0.0011440000089351088
0.04195900002378039 1.00000761449337e-06
0.044375999976182356 0.0012310000020079315
0.044375999976182356 1.00000761449337e-06
0.043979000009130687 0.0012589999823831022
0.043979000009130687 0.0
0.039019000018015504 0.0010229999898001552
0.039019000018015504 0.0
0.04664499999489635 0.0014599999994970858
0.04664499999489635 1.00000761449337e-06
0.04438000000664033 0.001318999973591417
0.04438000000664033 0.0
0.04428400000324473 0.0014149999769870192
0.04428400000324473 1.00000761449337e-06
0.04383799998322502 0.001213000010466203
0.04383799998322502 0.0
0.044572000013431534 0.0012069999938830733
0.044572000013431534 0.0
0.046535000001313165 0.0013559999933931977
0.046535000001313165 0.0
0.04423299999325536 0.0011759999906644225
0.04423299999325536 0.0
0.04396199999609962 0.001348999998299405
0.04396199999609962 0.0
0.04422700000577606 0.0012369999894872308
0.04422700000577606 0.0
0.04402000000118278 0.001180000021122396
0.04402000000118278 0.0
0.051103999983752146 0.001592999993590638
0.051103999983752146 0.0
0.046211999986553565 0.0012540000025182962
0.046211999986553565 0.0
0.0466420000011567 0.0012780000106431544
0.0466420000011567 0.0
0.04911100000026636 0.0012870000209659338
0.04911100000026636 1.00000761449337e-06
0.046323000016855076 0.0012579999747686088
0.046323000016855076 0.0
0.051502999995136634 0.001361999980872497
0.051502999995136634 0.0
0.059061999985715374 0.0017899999802466482
0.059061999985715374 1.00000761449337e-06
0.05864600001950748 0.001500000013038516
0.05864600001950748 0.0
0.05894699998316355 0.001537999982247129
0.05894699998316355 0.0
0.05823399999644607 0.0015330000023823231
0.05823399999644607 1.00000761449337e-06
0.056386000011116266 0.001441000000340864
0.056386000011116266 0.0
0.05864199998904951 0.002162999997381121
0.05864199998904951 0.0
0.061323000001721084 0.001727000024402514
0.061323000001721084 1.00000761449337e-06
0.061363000015262514 0.0017660000012256205
0.061363000015262514 0.0
0.05634199999622069 0.0014899999951012433
0.05634199999622069 9.999785106629133e-07
0.051475999993272126 0.001353999978164211
0.051475999993272126 1.00000761449337e-06
0.051814000005833805 0.0014119999832473695
0.051814000005833805 0.0
0.051174000022001565 0.0013730000064242631
0.051174000022001565 0.0
0.05172400001902133 0.0013500000059138983
0.05172400001902133 9.999785106629133e-07
0.04922800001804717 0.0012960000021848828
0.04922800001804717 0.0
0.04630199997336604 0.0012740000092890114
0.04630199997336604 1.00000761449337e-06
0.0512589999998454 0.0013479999906849116
0.0512589999998454 0.0
0.05385200001182966 0.0014389999851118773
0.05385200001182966 0.0
0.0514180000172928 0.0016630000027362257
0.0514180000172928 1.00000761449337e-06
0.05164300001342781 0.0013940000208094716
0.05164300001342781 0.0
0.055871999997179955 0.0016450000111944973
0.055871999997179955 0.0
0.05170399998314679 0.001404000009642914
0.05170399998314679 0.0
0.049282000021776184 0.0013259999977890402
0.049282000021776184 0.0
0.04958500000066124 0.0013219999964348972
0.04958500000066124 0.0
0.04618199999094941 0.0012719999940600246
0.04618199999094941 1.00000761449337e-06
0.04419899999629706 0.001180999999633059
0.04419899999629706 0.0
0.048980999999912456 0.0012839999981224537
0.048980999999912456 1.00000761449337e-06
0.046704000007594004 0.0012590000114869326
0.046704000007594004 0.0
0.04411199997412041 0.0011799999920185655
0.04411199997412041 1.00000761449337e-06
0.04619600001024082 0.0012070000229869038
0.04619600001024082 0.0
0.0416350000014063 0.0011039999953936785
0.0416350000014063 0.0
0.04393600000184961 0.0012319999805185944
0.04393600000184961 9.999785106629133e-07
0.04403000001912005 0.0011430000013206154
0.04403000001912005 0.0
0.046858000016072765 0.0012670000141952187
0.046858000016072765 0.0
0.04645399999571964 0.0012379999971017241
0.04645399999571964 1.00000761449337e-06
0.05156300001544878 0.0013599999947473407
0.05156300001544878 0.0
0.05170800001360476 0.0013169999874662608
0.05170800001360476 0.0
0.046619999979157 0.001584000012371689
0.046619999979157 0.0
0.04159499998786487 0.0010989999864250422
0.04159499998786487 1.00000761449337e-06
0.04645100000197999 0.0012980000174138695
0.04645100000197999 1.00000761449337e-06
0.044209999992745 0.0011799999920185655
0.044209999992745 0.0
0.043978999980026856 0.001141999993706122
0.043978999980026856 1.00000761449337e-06
0.04186599998502061 0.00112599998828955
0.04186599998502061 0.0
0.046636999992188066 0.001496999990195036
0.046636999992188066 0.0
0.04176100000040606 0.0010860000038519502
0.04176100000040606 1.00000761449337e-06
0.04410599998664111 0.001137999992351979
0.04410599998664111 0.0
0.04185100001632236 0.0011260000173933804
0.04185100001632236 0.0
0.039886999991722405 0.0010269999911542982
0.039886999991722405 1.00000761449337e-06
0.043667999998433515 0.001137999992351979
0.043667999998433515 9.999785106629133e-07
INFO:sc2.protocol:Client status changed to Status.ended (was Status.in_game)
INFO:root:Result for player 1 - Bot(Race.Terran, <bots.Showing_bot.speedBot.MarinBot object at 0x7f650c318f60>): Defeat
INFO:sc2.protocol:Client status changed to Status.ended (was Status.in_game)
INFO:root:Result for player 2 - Bot(Race.Terran, <bots.npc.osjbot.OsjBot object at 0x7f64fd2c0f60>): Victory
INFO:sc2.client:Saved replay to outs/2020-01-17T11-28-03/replays/showing_bot-npc/showing_bot-npc-0.SC2Replay
INFO:sc2.protocol:Client status changed to Status.launched (was Status.ended)
INFO:sc2.protocol:Client status changed to Status.quit (was Status.launched)
INFO:sc2.sc2process:kill_switch: Process cleanup
INFO:sc2.sc2process:Cleaning up...
INFO:sc2.sc2process:Cleanup complete
INFO:sc2.sc2process:Cleaning up...
INFO:sc2.sc2process:Cleanup complete
INFO:sc2.protocol:Cannot receive: Connection already closed.
INFO:sc2.sc2process:kill_switch: Process cleanup
INFO:sc2.sc2process:Cleaning up...
INFO:sc2.sc2process:Cleanup complete
INFO:sc2.sc2process:Cleaning up...
INFO:sc2.sc2process:Cleanup complete


## STDERR ##

Version: B75689 (SC2.4.10)
Build: Aug 12 2019 17:16:57
Command Line: '"/home/hspark8312/StarCraftII/Versions/Base75689/SC2_x64" -listen 127.0.0.1 -port 21042 -displayMode 0 -dataDir /home/hspark8312/StarCraftII -tempDir /tmp/SC2_x33eq8ow'
Starting up...
Startup Phase 1 complete
Version: B75689 (SC2.4.10)
Build: Aug 12 2019 17:16:57
Command Line: '"/home/hspark8312/StarCraftII/Versions/Base75689/SC2_x64" -listen 127.0.0.1 -port 20076 -displayMode 0 -dataDir /home/hspark8312/StarCraftII -tempDir /tmp/SC2_4dso_wbn'
Starting up...
Startup Phase 1 complete
Startup Phase 2 complete
Creating stub renderer...
Listening on: 127.0.0.1:21042
Startup Phase 3 complete. Ready for commands.
Startup Phase 2 complete
Creating stub renderer...
ConnectHandler: Request from 127.0.0.1:51367 accepted
ReadyHandler: 127.0.0.1:51367 ready
Requesting to join a multiplayer game
Configuring interface options
Configure: raw interface enabled
Configure: feature layer interface enabled
Configure: score interface enabled
Configure: render interface disabled
Listening on: 127.0.0.1:20076
Startup Phase 3 complete. Ready for commands.
ConnectHandler: Request from 127.0.0.1:51369 accepted
ReadyHandler: 127.0.0.1:51369 ready
Requesting to join a multiplayer game
Configuring interface options
Configure: raw interface enabled
Configure: feature layer interface enabled
Configure: score interface enabled
Configure: render interface disabled
Create game with map path: NCFellowship-2019_m1_v6.SC2Map
Attempting to join a game with the map: NCFellowship-2019_m1_v6.SC2Map
Game has started.
Using default stable ids, none found at: /home/hspark8312/StarCraftII/stableid.json
Successfully loaded stable ids: GameData\stableid.json
Sending ResponseJoinGame
Game has started.
Using default stable ids, none found at: /home/hspark8312/StarCraftII/stableid.json
Successfully loaded stable ids: GameData\stableid.json
Sending ResponseJoinGame
RequestQuit command received.
Closing Application...
CloseHandler: 127.0.0.1:51369 disconnected
Terminate action already called.
/home/hspark8312/anaconda3/envs/sc2/lib/python3.6/importlib/_bootstrap.py:219: RuntimeWarning: numpy.ufunc size changed, may indicate binary incompatibility. Expected 192 from C header, got 216 from PyObject
  return f(*args, **kwds)
/home/hspark8312/anaconda3/envs/sc2/lib/python3.6/importlib/_bootstrap.py:219: RuntimeWarning: numpy.ufunc size changed, may indicate binary incompatibility. Expected 192 from C header, got 216 from PyObject
  return f(*args, **kwds)
/home/hspark8312/anaconda3/envs/sc2/lib/python3.6/site-packages/tensorboard/compat/tensorflow_stub/dtypes.py:541: FutureWarning: Passing (type, 1) or '1type' as a synonym of type is deprecated; in a future version of numpy, it will be understood as (type, (1,)) / '(1,)type'.
  _np_qint8 = np.dtype([("qint8", np.int8, 1)])
/home/hspark8312/anaconda3/envs/sc2/lib/python3.6/site-packages/past/builtins/misc.py:45: DeprecationWarning: the imp module is deprecated in favour of importlib; see the module's documentation for alternative uses
  from imp import reload
/mnt/d/sc2minigame-eval-2020-01-09/bots/Showing_bot/speedBot.py:1643: RuntimeWarning: coroutine 'TerreinManager.debug' was never awaited
  self.terrein_manager.debug()
