## STDOUT ##

[[92mINFO[0m] SC2 4.9.0 용 패치 적용
패치 sc2.ids.ability_id
패치 sc2.game_state
패치 sc2.bot_ai
패치 sc2.client
패치 sc2.controller
패치 sc2.main
INFO:root:Failed to import cuda module: No module named 'caffe2.python.caffe2_pybind11_state_gpu'
INFO:root:Failed to import AMD hip module: No module named 'caffe2.python.caffe2_pybind11_state_hip'
WARNING:root:This caffe2 python run does not have GPU support. Will run in CPU only mode.
cpu
INFO:sc2.protocol:Client status changed to Status.launched (was None)
INFO:sc2_patch.sc2_patch_490.controller:Creating new game
INFO:sc2_patch.sc2_patch_490.controller:Map:     NCFellowship-2019_m1_v6
INFO:sc2_patch.sc2_patch_490.controller:Players: Bot(Race.Terran, <bots.__examples__.nc_example_v6.drop_bot.DropBot object at 0x7f5283434198>), Bot(Race.Terran, <bots.Showing_bot.speedBot.MarinBot object at 0x7f528343b5c0>)
INFO:sc2.protocol:Client status changed to Status.init_game (was Status.launched)
INFO:sc2.protocol:Client status changed to Status.launched (was None)
INFO:sc2.protocol:Client status changed to Status.in_game (was None)
INFO:root:Player 2 - Bot(Race.Terran, <bots.Showing_bot.speedBot.MarinBot object at 0x7f528343b5c0>)
TEST: 2, <bots.Showing_bot.speedBot.MarinBot object at 0x7f528343b5c0>
load model: bots/Showing_bot/models/model-89.pt
create new model
INFO:sc2.protocol:Client status changed to Status.in_game (was None)
INFO:root:Player 1 - Bot(Race.Terran, <bots.__examples__.nc_example_v6.drop_bot.DropBot object at 0x7f5283434198>)
TEST: 1, <bots.__examples__.nc_example_v6.drop_bot.DropBot object at 0x7f5283434198>
0.04400699998950586 0.002705999999307096
0.04400699998950586 0.0
0.043685999989975244 0.0020490000024437904
0.043685999989975244 1.00000761449337e-06
0.043619000003673136 0.0014570000057574362
0.043619000003673136 1.00000761449337e-06
0.04413299998850562 0.00475600000936538
0.04413299998850562 1.00000761449337e-06
0.04416399999172427 0.0013069999986328185
0.04416399999172427 0.0
0.04396400001132861 0.0010680000123102218
0.04396400001132861 9.999785106629133e-07
0.04380799998762086 0.0010729999921750277
0.04380799998762086 0.0
0.04441400000359863 0.0011480000102892518
0.04441400000359863 1.00000761449337e-06
0.04415199998766184 0.0013109999999869615
0.04415199998766184 0.0
0.043708000011974946 0.0010729999921750277
0.043708000011974946 0.0
0.04368100001011044 0.0010660000261850655
0.04368100001011044 1.00000761449337e-06
0.04417999999714084 0.0011190000222995877
0.04417999999714084 0.0
0.0438129999965895 0.0011059999815188348
0.0438129999965895 1.00000761449337e-06
0.04395200000726618 0.0010939999774564058
0.04395200000726618 0.0
0.0438970000250265 0.0011039999953936785
0.0438970000250265 0.0
0.04369500000029802 0.0011029999877791852
0.04369500000029802 0.0
0.044285999989369884 0.0011729999969247729
0.044285999989369884 0.0
0.043865000014193356 0.0011319999757688493
0.043865000014193356 0.0
0.04434900000342168 0.0010809999948833138
0.04434900000342168 1.00000761449337e-06
0.04376999998930842 0.0010910000128205866
0.04376999998930842 0.0
0.04623899998841807 0.0012599999899975955
0.04623899998841807 1.00000761449337e-06
0.046836000023176894 0.0011910000175703317
0.046836000023176894 1.00000761449337e-06
0.04641300000366755 0.0011689999955706298
0.04641300000366755 0.0
0.04652100001112558 0.0011879999947268516
0.04652100001112558 9.999785106629133e-07
0.04643099999520928 0.0011719999893102795
0.04643099999520928 1.00000761449337e-06
0.047054999973624945 0.00128900000709109
0.047054999973624945 0.0
0.04652099998202175 0.0011759999906644225
0.04652099998202175 0.0
0.046365999995032325 0.0012229999992996454
0.046365999995032325 9.999785106629133e-07
0.04641900002025068 0.001125000009778887
0.04641900002025068 1.00000761449337e-06
0.0463529999833554 0.00117200001841411
0.0463529999833554 9.999785106629133e-07
0.04639400000451133 0.0011940000113099813
0.04639400000451133 1.00000761449337e-06
0.04735599999548867 0.0012960000021848828
0.04735599999548867 1.00000761449337e-06
0.053494000021601096 0.0013380000018514693
0.053494000021601096 0.0
0.04983499998343177 0.0012599999899975955
0.04983499998343177 0.0
0.04957699999795295 0.0012679999927058816
0.04957699999795295 0.0
0.05112099999678321 0.003259000019170344
0.05112099999678321 0.0
0.051902999985031784 0.0013869999966118485
0.051902999985031784 1.00000761449337e-06
0.050730999995721504 0.0013359999866224825
0.050730999995721504 0.0
0.055617000005440786 0.0016210000030696392
0.055617000005440786 0.0
0.051915999996708706 0.0015079999866429716
0.051915999996708706 0.0
changed strategy
0.051896999997552484 0.0012759999954141676
0.051896999997552484 0.0
0.05903200001921505 0.0013160000089555979
0.05903200001921505 1.00000761449337e-06
0.06605700001819059 0.001740000006975606
0.06605700001819059 0.0
0.06409800000255927 0.0016070000128820539
0.06409800000255927 0.0
0.06301200002781115 0.0017410000145900995
0.06301200002781115 0.0
0.06716100001358427 0.0018339999951422215
0.06716100001358427 0.0
0.056653000006917864 0.0013810000091325492
0.056653000006917864 9.999785106629133e-07
0.056952000013552606 0.0013349999790079892
0.056952000013552606 0.0
0.05264700000407174 0.001664999988861382
0.05264700000407174 1.00000761449337e-06
0.05390200001420453 0.0013750000216532499
0.05390200001420453 0.0
0.060597000003326684 0.0019960000063292682
0.060597000003326684 0.0
0.05877500001224689 0.0013479999906849116
0.05877500001224689 1.00000761449337e-06
0.06611500002327375 0.0016839999880176038
0.06611500002327375 0.0
0.0714999999909196 0.00181200000224635
0.0714999999909196 0.0
0.07165800000075251 0.0018450000206939876
0.07165800000075251 0.0
0.07143599999835715 0.001795999996829778
0.07143599999835715 0.0
0.0716719999909401 0.0018500000005587935
0.0716719999909401 0.0
0.07159899998805486 0.001836999988881871
0.07159899998805486 1.00000761449337e-06
0.05267000000458211 0.0012639999913517386
0.05267000000458211 0.0
0.051393000001553446 0.0012759999954141676
0.051393000001553446 1.00000761449337e-06
0.05168599999160506 0.0013329999928828329
0.05168599999160506 1.00000761449337e-06
0.05160099998465739 0.0013089999847579747
0.05160099998465739 1.00000761449337e-06
0.0520810000016354 0.001305999991018325
0.0520810000016354 0.0
0.05149600000004284 0.0012439999845810235
0.05149600000004284 0.0
0.05155500001274049 0.001277000003028661
0.05155500001274049 9.999785106629133e-07
0.052296999987447634 0.0013089999847579747
0.052296999987447634 0.0
0.05366100001265295 0.0013390000094659626
0.05366100001265295 0.0
0.05461300001479685 0.0012949999945703894
0.05461300001479685 0.0
0.07053200001246296 0.0020490000024437904
0.07053200001246296 1.00000761449337e-06
0.06087499999557622 0.001500000013038516
0.06087499999557622 9.999785106629133e-07
0.06285900002694689 0.0032580000115558505
0.06285900002694689 0.0
0.05581099999835715 0.0014559999981429428
0.05581099999835715 0.0
0.05565500000375323 0.0015529999800492078
0.05565500000375323 0.0
0.0575890000036452 0.0013760000001639128
0.0575890000036452 1.00000761449337e-06
0.06284299999242648 0.002298999985214323
0.06284299999242648 1.00000761449337e-06
0.060920000018086284 0.0014850000152364373
0.060920000018086284 0.0
0.056650000013178214 0.0013689999759662896
0.056650000013178214 0.0
0.0660609999904409 0.003575999988242984
0.0660609999904409 0.0
0.059791000006953254 0.001832999987527728
0.059791000006953254 9.999785106629133e-07
0.06245900000794791 0.001564000005600974
0.06245900000794791 0.0
0.07990799998515286 0.0019010000105481595
0.07990799998515286 0.0
0.060471000004326925 0.0018459999992046505
0.060471000004326925 0.0
0.05794299999251962 0.0016109999851323664
0.05794299999251962 0.0
0.05745100000058301 0.001552000001538545
0.05745100000058301 1.00000761449337e-06
0.06785600000876002 0.0019090000132564455
0.06785600000876002 1.00000761449337e-06
0.07497099999454804 0.0027000000118277967
0.07497099999454804 0.0
0.05728499998804182 0.001951000012923032
0.05728499998804182 1.00000761449337e-06
0.05946399999083951 0.0014919999812263995
0.05946399999083951 0.0
0.05384500001673587 0.0015190000121947378
0.05384500001673587 0.0
0.07409499998902902 0.0025559999921824783
0.07409499998902902 1.00000761449337e-06
0.05991800001356751 0.0018240000063087791
0.05991800001356751 0.0
0.052361999987624586 0.0013009999820496887
0.052361999987624586 1.00000761449337e-06
0.04656499999691732 0.0013340000004973263
0.04656499999691732 0.0
0.046295000007376075 0.0013259999977890402
0.046295000007376075 0.0
0.05247999998391606 0.0012510000087786466
0.05247999998391606 0.0
0.050331000005826354 0.001269000000320375
0.050331000005826354 1.00000761449337e-06
0.05049000002327375 0.0014030000020284206
0.05049000002327375 1.00000761449337e-06
0.04670199999236502 0.0013620000099763274
0.04670199999236502 1.00000761449337e-06
0.057262000016635284 0.0015330000023823231
0.057262000016635284 0.0
0.04650799999944866 0.0011910000175703317
0.04650799999944866 9.999785106629133e-07
0.04878799998550676 0.0013100000214762986
0.04878799998550676 0.0
0.06690899998648092 0.0017050000024028122
0.06690899998648092 9.999785106629133e-07
0.050183999992441386 0.001277000003028661
0.050183999992441386 1.00000761449337e-06
0.061360000021522865 0.001348000019788742
0.061360000021522865 0.0
0.04902800000854768 0.0011860000086016953
0.04902800000854768 1.00000761449337e-06
0.057505000004312024 0.0013460000045597553
0.057505000004312024 1.00000761449337e-06
0.049455000000307336 0.0012670000141952187
0.049455000000307336 0.0
0.06340499999350868 0.001808000000892207
0.06340499999350868 0.0
0.05131400001118891 0.0014360000204760581
0.05131400001118891 1.00000761449337e-06
0.05278800000087358 0.0013170000165700912
0.05278800000087358 0.0
0.05108699999982491 0.0014059999957680702
0.05108699999982491 0.0
0.0654389999981504 0.0017799999914132059
0.0654389999981504 9.999785106629133e-07
0.05852800002321601 0.0013259999977890402
0.05852800002321601 0.0
0.06932599999709055 0.0018350000027567148
0.06932599999709055 9.999785106629133e-07
0.0748979999916628 0.0021059999999124557
0.0748979999916628 0.0
0.06846200002473779 0.002051000017672777
0.06846200002473779 0.0
0.055465999990701675 0.0012799999967683107
0.055465999990701675 0.0
0.052109000011114404 0.0013000000035390258
0.052109000011114404 0.0
0.0571909999998752 0.0013350000081118196
0.0571909999998752 1.00000761449337e-06
0.05170499999076128 0.0012759999954141676
0.05170499999076128 0.0
0.05261899999459274 0.001445000001695007
0.05261899999459274 0.0
0.05594999997993 0.0013350000081118196
0.05594999997993 0.0
0.05548799998359755 0.001340999995591119
0.05548799998359755 0.0
0.06986399999004789 0.001680999994277954
0.06986399999004789 9.999785106629133e-07
0.06481899999198504 0.0013640000252053142
0.06481899999198504 1.00000761449337e-06
0.06716599999344908 0.0017179999849759042
0.06716599999344908 0.0
0.06675099997664802 0.0019460000039543957
0.06675099997664802 1.00000761449337e-06
0.06598699997994117 0.0018019999843090773
0.06598699997994117 0.0
0.0674799999978859 0.0017930000030901283
0.0674799999978859 1.00000761449337e-06
0.07309800002258271 0.0019090000132564455
0.07309800002258271 0.0
0.05224900000030175 0.0015469999925699085
0.05224900000030175 0.0
0.060794000019086525 0.0013670000189449638
0.060794000019086525 0.0
0.05915600000298582 0.001967999996850267
0.05915600000298582 0.0
0.07266400000662543 0.0018709999858401716
0.07266400000662543 0.0
0.0726460000150837 0.0019210000173188746
0.0726460000150837 1.00000761449337e-06
0.07416699998429976 0.00197500002104789
0.07416699998429976 1.00000761449337e-06
0.05388900000252761 0.0013099999923724681
0.05388900000252761 0.0
0.05432299998938106 0.0013740000140387565
0.05432299998938106 1.00000761449337e-06
0.05398699999204837 0.0013310000067576766
0.05398699999204837 0.0
0.05379100001300685 0.001328000013018027
0.05379100001300685 1.00000761449337e-06
0.05367000002297573 0.0013550000148825347
0.05367000002297573 0.0
0.054050999984610826 0.0012870000209659338
0.054050999984610826 0.0
0.05975200000102632 0.0015310000162571669
0.05975200000102632 0.0
0.05371999999624677 0.001344999996945262
0.05371999999624677 0.0
0.05398999998578802 0.0013239999825600535
0.05398999998578802 1.00000761449337e-06
0.05417200000374578 0.0013679999974556267
0.05417200000374578 9.999785106629133e-07
0.060185000009369105 0.0014230000087991357
0.060185000009369105 0.0
0.05449000000953674 0.0013800000015180558
0.05449000000953674 9.999785106629133e-07
0.054294000001391396 0.0013279999839141965
0.054294000001391396 1.00000761449337e-06
0.054075000021839514 0.0013329999928828329
0.054075000021839514 0.0
0.05618200000026263 0.0014789999986533076
0.05618200000026263 0.0
0.06187499998486601 0.0014990000054240227
0.06187499998486601 1.00000761449337e-06
0.06075500001315959 0.0015199999907054007
0.06075500001315959 1.00000761449337e-06
0.0559720000019297 0.0013359999866224825
0.0559720000019297 0.0
0.0565739999874495 0.0013639999961014837
0.0565739999874495 0.0
0.05848300000070594 0.0014819999923929572
0.05848300000070594 0.0
0.05713699999614619 0.001420999993570149
0.05713699999614619 0.0
0.056333000015001744 0.0014099999971222132
0.056333000015001744 1.00000761449337e-06
0.05637199999182485 0.001357000001007691
0.05637199999182485 9.999785106629133e-07
0.056130000011762604 0.0013629999884869903
0.056130000011762604 0.0
0.05912599997827783 0.001931000006152317
0.05912599997827783 1.00000761449337e-06
0.06137199999648146 0.003564000013284385
0.06137199999648146 1.00000761449337e-06
0.06138400000054389 0.001984000002266839
0.06138400000054389 9.999785106629133e-07
0.061237000016262755 0.0017260000167880207
0.061237000016262755 0.0
0.061216000001877546 0.00173200000426732
0.061216000001877546 0.0
0.061310999997658655 0.001927000004798174
0.061310999997658655 0.0
0.061514000000897795 0.0017700000025797635
0.061514000000897795 0.0
0.0611499999940861 0.001715000020340085
0.0611499999940861 0.0
0.058687000011559576 0.0015999999886844307
0.058687000011559576 0.0
0.05973999999696389 0.0019200000097043812
0.05973999999696389 0.0
0.061757000017678365 0.0018190000264439732
0.061757000017678365 1.00000761449337e-06
0.07776600000215694 0.004821000009542331
0.07776600000215694 9.999785106629133e-07
0.06654400000115857 0.0038219999987632036
0.06654400000115857 0.0
0.07367499999236315 0.004217999987304211
0.07367499999236315 0.0
0.07831499999156222 0.003193999989889562
0.07831499999156222 9.999785106629133e-07
0.07927499999641441 0.004481000010855496
0.07927499999641441 0.0
0.08829300000797957 0.005051999993156642
0.08829300000797957 0.0
0.09329399999114685 0.005902999982936308
0.09329399999114685 0.0
0.08511400001589209 0.003300000011222437
0.08511400001589209 9.999785106629133e-07
0.08379200001945719 0.002458999981172383
0.08379200001945719 9.999785106629133e-07
0.08368799998424947 0.0022720000124536455
0.08368799998424947 0.0
0.083796999999322 0.0022529999841935933
0.083796999999322 0.0
0.08386400001472794 0.002355000004172325
0.08386400001472794 0.0
0.0785899999900721 0.0019360000151209533
0.0785899999900721 0.0
0.06920599998557009 0.0016680000117048621
0.06920599998557009 1.00000761449337e-06
0.07372300000861287 0.0017139999836217612
0.07372300000861287 1.00000761449337e-06
0.07295599998906255 0.0017590000061318278
0.07295599998906255 0.0
0.0663510000158567 0.001652999984798953
0.0663510000158567 0.0
0.06635199999436736 0.0016519999771844596
0.06635199999436736 1.00000761449337e-06
0.06636900000739843 0.0016259999829344451
0.06636900000739843 0.0
0.07806200001505204 0.001875999994808808
0.07806200001505204 0.0
0.06664200001978315 0.0016419999883510172
0.06664200001978315 0.0
0.07330099999671802 0.0017500000249128789
0.07330099999671802 0.0
0.0663629999908153 0.0016170000017154962
0.0663629999908153 1.00000761449337e-06
0.0662490000249818 0.0016540000215172768
0.0662490000249818 0.0
0.06843700000899844 0.0017010000010486692
0.06843700000899844 0.0
0.06908499999553896 0.00173200000426732
0.06908499999553896 0.0
0.07058999998844229 0.002103000006172806
0.07058999998844229 0.0
0.072595999983605 0.0017949999892152846
0.072595999983605 1.00000761449337e-06
0.09680500000831671 0.002728000021306798
0.09680500000831671 0.0
0.09537100000306964 0.0026740000175777823
0.09537100000306964 9.999785106629133e-07
0.09204099999624304 0.002837999985786155
0.09204099999624304 1.00000761449337e-06
0.09720499999821186 0.0023830000136513263
0.09720499999821186 0.0
0.07726299998466857 0.0020369999983813614
0.07726299998466857 1.00000761449337e-06
0.07174899999517947 0.0018159999744966626
0.07174899999517947 1.00000761449337e-06
0.10297599999466911 0.0027030000055674464
0.10297599999466911 0.0
0.08347099999082275 0.0020939999958500266
0.08347099999082275 0.0
0.09643400000641122 0.0027959999861195683
0.09643400000641122 0.0
0.1036700000113342 0.0019090000132564455
0.1036700000113342 1.00000761449337e-06
0.07548300002235919 0.0019299999985378236
0.07548300002235919 9.999785106629133e-07
0.09678000002168119 0.0026289999950677156
0.09678000002168119 9.999785106629133e-07
0.0775920000160113 0.0019429999811109155
0.0775920000160113 0.0
0.07493800000520423 0.0018459999992046505
0.07493800000520423 0.0
0.09925000002840534 0.0026299999735783786
0.09925000002840534 1.00000761449337e-06
0.08539500000188127 0.002470999985234812
0.08539500000188127 0.0
0.0960530000156723 0.005428000004030764
0.0960530000156723 0.0
0.10088700000778772 0.00580500002251938
0.10088700000778772 0.0
0.10159199999179691 0.0031829999934416264
0.10159199999179691 0.0
0.09792099997866899 0.00241499999538064
0.09792099997866899 0.0
0.0924679999880027 0.0022680000110995024
0.0924679999880027 0.0
0.09561700001358986 0.0024280000070575625
0.09561700001358986 0.0
0.09513200001674704 0.0023930000024847686
0.09513200001674704 1.00000761449337e-06
0.09355900000082329 0.0023330000112764537
0.09355900000082329 1.00000761449337e-06
0.09305699999094941 0.0023360000050161034
0.09305699999094941 0.0
0.08413100001052953 0.0023250000085681677
0.08413100001052953 0.0
0.08318100002361462 0.0020899999944958836
0.08318100002361462 9.999785106629133e-07
0.08124500000849366 0.0017979999829549342
0.08124500000849366 0.0
0.07456900001852773 0.0017809999990276992
0.07456900001852773 0.0
0.07224300000234507 0.0017749999824445695
0.07224300000234507 0.0
0.07078300000284798 0.0018310000014025718
0.07078300000284798 0.0
0.07264299999224022 0.001851000008173287
0.07264299999224022 0.0
0.07159899998805486 0.0017380000208504498
0.07159899998805486 0.0
0.07467400000314228 0.0018019999843090773
0.07467400000314228 0.0
0.07729499999550171 0.0022190000163391232
0.07729499999550171 0.0
0.07748899998841807 0.0020539999823085964
0.07748899998841807 1.00000761449337e-06
0.08715099998516962 0.001959000015631318
0.08715099998516962 9.999785106629133e-07
0.07798999999067746 0.002099000004818663
0.07798999999067746 0.0
0.08015600001090206 0.002066999993985519
0.08015600001090206 0.0
0.08525799997732975 0.0023480000090785325
0.08525799997732975 0.0
0.09406299999682233 0.0024750000156927854
0.09406299999682233 0.0
0.08151200000429526 0.002019999985350296
0.08151200000429526 0.0
0.07565399998566136 0.0020080000103916973
0.07565399998566136 0.0
0.08280599999125116 0.0021690000139642507
0.08280599999125116 1.00000761449337e-06
0.10786299998289905 0.002806999982567504
0.10786299998289905 9.999785106629133e-07
0.10423200001241639 0.002689999993890524
0.10423200001241639 0.0
0.10908999998355284 0.0027750000008381903
0.10908999998355284 9.999785106629133e-07
0.08590899998671375 0.001887999998871237
0.08590899998671375 0.0
0.09805199998663738 0.002470000006724149
0.09805199998663738 0.0
0.09793200000422075 0.0025310000055469573
0.09793200000422075 0.0
0.09910500000114553 0.0025419999728910625
0.09910500000114553 1.00000761449337e-06
0.10583799998858012 0.0026169999910052866
0.10583799998858012 0.0
0.10765499999979511 0.0026900000229943544
0.10765499999979511 0.0
0.10802399998647161 0.003156999999191612
0.10802399998647161 0.0
0.10628200002247468 0.002701999997952953
0.10628200002247468 0.0
0.0810910000000149 0.00197199999820441
0.0810910000000149 0.0
0.08110999999917112 0.0019770000071730465
0.08110999999917112 0.0
0.10479499999200925 0.0027070000069215894
0.10479499999200925 1.00000761449337e-06
0.08152500001597218 0.001996999984839931
0.08152500001597218 9.999785106629133e-07
0.08104199997615069 0.0019690000044647604
0.08104199997615069 0.0
0.08065600000554696 0.0019360000151209533
0.08065600000554696 9.999785106629133e-07
0.08328700001584366 0.0021100000012665987
0.08328700001584366 1.00000761449337e-06
0.08395699999528006 0.002062999992631376
0.08395699999528006 1.00000761449337e-06
0.08179999998537824 0.002070999995339662
0.08179999998537824 0.0
0.09634899999946356 0.002646000008098781
0.09634899999946356 1.00000761449337e-06
0.106567000009818 0.0026990000042133033
0.106567000009818 1.00000761449337e-06
0.10678900001221336 0.002626999979838729
0.10678900001221336 1.00000761449337e-06
0.1110530000005383 0.002737000002525747
0.1110530000005383 1.00000761449337e-06
0.1124720000079833 0.00282100000185892
0.1124720000079833 0.0
0.11038600001484156 0.0027520000003278255
0.11038600001484156 1.00000761449337e-06
0.11424100000294857 0.0031169999856501818
0.11424100000294857 0.0
0.08957100001862273 0.0023950000177137554
0.08957100001862273 0.0
0.09434300000430085 0.002642999985255301
0.09434300000430085 1.00000761449337e-06
0.09332700000959449 0.002310999989276752
0.09332700000959449 0.0
0.10018700000364333 0.0027049999916926026
0.10018700000364333 0.0
0.11038399999961257 0.00640499999281019
0.11038399999961257 1.00000761449337e-06
0.11611100001027808 0.0066599999845493585
0.11611100001027808 1.00000761449337e-06
0.14076999999815598 0.004744000005302951
0.14076999999815598 0.0
0.10351600000285544 0.0026070000021718442
0.10351600000285544 9.999785106629133e-07
0.1057110000110697 0.0034579999919515103
0.1057110000110697 0.0
0.09655300001031719 0.0024730000004637986
0.09655300001031719 0.0
0.09627999999793246 0.002398999989964068
0.09627999999793246 9.999785106629133e-07
0.10319200000958517 0.0023440000077243894
0.10319200000958517 9.999785106629133e-07
0.11407899999176152 0.0031169999856501818
0.11407899999176152 1.00000761449337e-06
0.1148090000206139 0.0032270000083371997
0.1148090000206139 1.00000761449337e-06
0.1262410000199452 0.0034130000276491046
0.1262410000199452 1.00000761449337e-06
0.10136299999430776 0.0022339999850373715
0.10136299999430776 0.0
0.10493000000133179 0.0023360000050161034
0.10493000000133179 1.00000761449337e-06
0.10105299999122508 0.002383999992161989
0.10105299999122508 9.999785106629133e-07
0.12713199999416247 0.004131000023335218
0.12713199999416247 0.0
0.09811300001456402 0.0023600000131409615
0.09811300001456402 1.00000761449337e-06
0.09332099999301136 0.002330999996047467
0.09332099999301136 9.999785106629133e-07
0.11148900000262074 0.003066999983275309
0.11148900000262074 0.0
0.12667600001441315 0.003152999997837469
0.12667600001441315 1.00000761449337e-06
0.1253310000174679 0.00310100000933744
0.1253310000174679 1.00000761449337e-06
0.1285539999953471 0.00306099999579601
0.1285539999953471 9.999785106629133e-07
0.12967399999615736 0.003140000015264377
0.12967399999615736 0.0
0.1294859999907203 0.0031589999853167683
0.1294859999907203 0.0
0.1298720000195317 0.003923999989638105
0.1298720000195317 0.0
0.14532300000428222 0.003755999990971759
0.14532300000428222 0.0
0.11791899998206645 0.0030079999996814877
0.11791899998206645 0.0
0.11400900001171976 0.0033500000135973096
0.11400900001171976 0.0
0.13540999998804182 0.0038340000028256327
0.13540999998804182 1.00000761449337e-06
0.10952399999951012 0.0023400000063702464
0.10952399999951012 0.0
0.14209599999594502 0.002701999997952953
0.14209599999594502 0.0
0.10842699999921024 0.002529000019421801
0.10842699999921024 1.00000761449337e-06
0.11889000001247041 0.003719000000273809
0.11889000001247041 0.0
0.11008600000059232 0.002578999992692843
0.11008600000059232 0.0
0.10639200001605786 0.0025439999881200492
0.10639200001605786 9.999785106629133e-07
0.10356200000387616 0.002482000010786578
0.10356200000387616 0.0
0.11905999999726191 0.003435999999055639
0.11905999999726191 1.00000761449337e-06
0.13909100001910701 0.0033939999993890524
0.13909100001910701 1.00000761449337e-06
0.13899799998034723 0.0034710000036284328
0.13899799998034723 1.00000761449337e-06
0.13695200000074692 0.0028219999803695828
0.13695200000074692 0.0
0.12141399999381974 0.003415999992284924
0.12141399999381974 0.0
0.13656600000103936 0.003376000007847324
0.13656600000103936 0.0
0.13840799999888986 0.0034499999892432243
0.13840799999888986 9.999785106629133e-07
0.13865599999553524 0.0034330000053159893
0.13865599999553524 1.00000761449337e-06
0.1373359999852255 0.003419000015128404
0.1373359999852255 0.0
0.1324519999907352 0.003276999981608242
0.1324519999907352 9.999785106629133e-07
0.1079170000157319 0.0025409999943803996
0.1079170000157319 0.0
0.1316009999718517 0.0031700000108685344
0.1316009999718517 1.00000761449337e-06
0.10105800000019372 0.0025000000023283064
0.10105800000019372 0.0
0.10025200000382029 0.0024609999964013696
0.10025200000382029 0.0
0.11581000001751818 0.0032669999927747995
0.11581000001751818 1.00000761449337e-06
0.1342059999878984 0.003265999985160306
0.1342059999878984 1.00000761449337e-06
0.13500399998156354 0.0033699999912641943
0.13500399998156354 0.0
0.13491699998849072 0.003411000012420118
0.13491699998849072 0.0
0.1256709999870509 0.0026070000021718442
0.1256709999870509 0.0
0.10138899998855777 0.00253499997779727
0.10138899998855777 1.00000761449337e-06
0.11814099998446181 0.003464999987045303
0.11814099998446181 1.00000761449337e-06
0.09974299999885261 0.00249499999335967
0.09974299999885261 1.00000761449337e-06
0.10118800000054762 0.002498999994713813
0.10118800000054762 0.0
0.12216900000930764 0.0033110000076703727
0.12216900000930764 9.999785106629133e-07
0.1260539999930188 0.00330400001257658
0.1260539999930188 0.0
0.10876999999163672 0.002533999999286607
0.10876999999163672 1.00000761449337e-06
0.15200499998172745 0.004282000008970499
0.15200499998172745 0.0
0.13164000000688247 0.0033580000163055956
0.13164000000688247 0.0
0.13366599997971207 0.003308000013930723
0.13366599997971207 0.0
0.1392430000123568 0.003452000004472211
0.1392430000123568 0.0
0.13636800000676885 0.0033980000007431954
0.13636800000676885 0.0
0.13652199998614378 0.0033309999853372574
0.13652199998614378 1.00000761449337e-06
0.13554999997722916 0.0033269999839831144
0.13554999997722916 0.0
0.13582999998470768 0.0033999999868683517
0.13582999998470768 0.0
0.14120300000649877 0.0035210000060033053
0.14120300000649877 0.0
0.13684900000225753 0.003236999997170642
0.13684900000225753 9.999785106629133e-07
0.15814100002171472 0.009283999999752268
0.15814100002171472 0.0
0.12217600000440143 0.00708799998392351
0.12217600000440143 9.999785106629133e-07
0.13295900000957772 0.007595000002766028
0.13295900000957772 0.0
0.1588519999932032 0.004881000000750646
0.1588519999932032 0.0
0.16717299999436364 0.004098000004887581
0.16717299999436364 0.0
0.12567000000854023 0.003077999979723245
0.12567000000854023 0.0
0.12560300002223812 0.003044000011868775
0.12560300002223812 1.00000761449337e-06
0.13971300001139753 0.003928999998606741
0.13971300001139753 0.0
0.17406600000686012 0.004174999980023131
0.17406600000686012 0.0
0.17452200001571327 0.0043030000233557075
0.17452200001571327 0.0
0.16230299999006093 0.003097000007983297
0.16230299999006093 1.00000761449337e-06
0.13858600001549348 0.0032930000161286443
0.13858600001549348 0.0
0.1381110000074841 0.003408999997191131
0.1381110000074841 0.0
0.10315499998978339 0.002462000004015863
0.10315499998978339 1.00000761449337e-06
0.10285799999837764 0.00245499997981824
0.10285799999837764 1.00000761449337e-06
0.10594199999468401 0.002486999990651384
0.10594199999468401 0.0
0.1068960000120569 0.0025659999810159206
0.1068960000120569 0.0
0.10626699999556877 0.002515000000130385
0.10626699999556877 0.0
0.10523700001067482 0.0024930000072345138
0.10523700001067482 0.0
0.10509799999999814 0.0025439999881200492
0.10509799999999814 0.0
0.10579699999652803 0.0025899999891407788
0.10579699999652803 0.0
0.10299600000143982 0.0024790000170469284
0.10299600000143982 1.00000761449337e-06
0.10310999999637716 0.0024839999969117343
0.10310999999637716 1.00000761449337e-06
0.10346899999422021 0.0025140000216197222
0.10346899999422021 0.0
0.10338299997965805 0.002509000012651086
0.10338299997965805 0.0
0.11491500001284294 0.0033229999826289713
0.11491500001284294 0.0
0.11230900001828559 0.002705000020796433
0.11230900001828559 0.0
0.15023200001451187 0.0035490000154823065
0.15023200001451187 0.0
0.12524100000155158 0.003281999990576878
0.12524100000155158 2.0000006770715117e-05
0.16002199999638833 0.003977000014856458
0.16002199999638833 9.999785106629133e-07
0.1587839999992866 0.0037720000254921615
0.1587839999992866 0.0
0.14387400000123307 0.003954999992856756
0.14387400000123307 0.0
0.14226100000087172 0.0032099999953061342
0.14226100000087172 1.00000761449337e-06
0.13500000000931323 0.003981999994721264
0.13500000000931323 0.0
0.1312939999916125 0.003969000012148172
0.1312939999916125 0.0
0.1356169999926351 0.0030369999876711518
0.1356169999926351 0.0
0.1297199999971781 0.003429999982472509
0.1297199999971781 0.0
0.12850799999432638 0.003376999986357987
0.12850799999432638 9.999785106629133e-07
0.12448500000755303 0.0035419999912846833
0.12448500000755303 0.0
0.1347620000015013 0.0033730000141076744
0.1347620000015013 1.00000761449337e-06
0.1385840000002645 0.003452000004472211
0.1385840000002645 0.0
0.14028399999369867 0.0032910000008996576
0.14028399999369867 0.0
0.14117600000463426 0.003673999977763742
0.14117600000463426 0.0
0.13692999997874722 0.0033180000027641654
0.13692999997874722 0.0
0.13732599999639206 0.0026870000001508743
0.13732599999639206 0.0
0.10318999999435619 0.002478000009432435
0.10318999999435619 0.0
0.10352499998407438 0.00257800001418218
0.10352499998407438 1.00000761449337e-06
0.10336499998811632 0.002422999998088926
0.10336499998811632 0.0
0.10452100000111386 0.002506000018911436
0.10452100000111386 0.0
0.10353600000962615 0.0024529999936930835
0.10353600000962615 0.0
0.10570600000210106 0.002577000006567687
0.10570600000210106 0.0
0.10526500002015382 0.0025529999984428287
0.10526500002015382 1.00000761449337e-06
0.11126700000022538 0.0026409999991301447
0.11126700000022538 0.0
0.1247060000023339 0.002992000023368746
0.1247060000023339 0.0
0.12887099999352358 0.003192000003764406
0.12887099999352358 0.0
0.13556299998890609 0.007714999985182658
0.13556299998890609 0.0
0.14243499998701736 0.008268000005045906
0.14243499998701736 9.999785106629133e-07
0.14568400001735426 0.008522000018274412
0.14568400001735426 0.0
0.13414100001682527 0.0034589999995660037
0.13414100001682527 0.0
0.13319500000216067 0.0032770000107120723
0.13319500000216067 1.00000761449337e-06
0.1311299999943003 0.0032340000034309924
0.1311299999943003 0.0
0.13508800001000054 0.0033950000070035458
0.13508800001000054 0.0
0.1408510000037495 0.003228000015951693
0.1408510000037495 0.0
0.1241310000186786 0.0029379999905359
0.1241310000186786 9.999785106629133e-07
0.1114219999872148 0.0025859999877866358
0.1114219999872148 0.0
0.11586800002260134 0.0028190000157337636
0.11586800002260134 1.00000761449337e-06
0.14434299999265932 0.004126000014366582
0.14434299999265932 1.6000005416572094e-05
0.12868900000466965 0.0030079999996814877
0.12868900000466965 1.00000761449337e-06
0.13311600001179613 0.0029349999967962503
0.13311600001179613 1.00000761449337e-06
0.12234400000306778 0.0027769999869633466
0.12234400000306778 1.00000761449337e-06
0.11557400002493523 0.00294100001337938
0.11557400002493523 1.00000761449337e-06
0.1184089999878779 0.002785999997286126
0.1184089999878779 0.0
0.12013900000602007 0.002845999988494441
0.12013900000602007 0.0
0.11815300001762807 0.0026910000015050173
0.11815300001762807 1.00000761449337e-06
0.11382299999240786 0.0027459999837446958
0.11382299999240786 1.00000761449337e-06
0.11688000001595356 0.0028079999901819974
0.11688000001595356 1.00000761449337e-06
0.1174170000012964 0.002749000006588176
0.1174170000012964 1.00000761449337e-06
0.11545700000715442 0.0027169999957550317
0.11545700000715442 0.0
0.11606400000164285 0.002745000005234033
0.11606400000164285 1.00000761449337e-06
0.13520200000493787 0.0035780000034719706
0.13520200000493787 0.0
0.12813199998345226 0.003084000025410205
0.12813199998345226 0.0
0.1343250000209082 0.0034450000093784183
0.1343250000209082 1.00000761449337e-06
0.143884999997681 0.004129000008106232
0.143884999997681 9.999785106629133e-07
0.15507300000172108 0.003808999987086281
0.15507300000172108 0.0
0.17636399998445995 0.0047750000085216016
0.17636399998445995 0.0
0.17182300001149997 0.003581999975722283
0.17182300001149997 0.0
0.16916700001456775 0.0036359999794512987
0.16916700001456775 0.0
0.13137499999720603 0.0032789999968372285
0.13137499999720603 0.0
0.1441259999992326 0.0035659999994095415
0.1441259999992326 0.0
0.19551700001466088 0.004677999997511506
0.19551700001466088 0.0
0.19361200000275858 0.004274000006262213
0.19361200000275858 0.0
0.16072799998801202 0.003930000006221235
0.16072799998801202 0.0
0.15206100000068545 0.003671999991638586
0.15206100000068545 0.0
0.11664500000188127 0.0028400000010151416
0.11664500000188127 1.00000761449337e-06
0.11013200000161305 0.0026279999874532223
0.11013200000161305 1.00000761449337e-06
0.15019300000858493 0.003555000002961606
0.15019300000858493 0.0
0.1436530000064522 0.00346099998569116
0.1436530000064522 9.999785106629133e-07
0.1441730000078678 0.003484999993816018
0.1441730000078678 0.0
0.145816999982344 0.0036290000134613365
0.145816999982344 1.00000761449337e-06
0.14708799999789335 0.003679999994346872
0.14708799999789335 0.0
0.11207900001318194 0.0026990000042133033
0.11207900001318194 0.0
0.11057600000640377 0.002621999999973923
0.11057600000640377 0.0
0.11103000000002794 0.0026110000035259873
0.11103000000002794 0.0
0.11016100001870655 0.002630000002682209
0.11016100001870655 0.0
0.1106009999930393 0.0026680000009946525
0.1106009999930393 0.0
0.1098340000025928 0.0026559999969322234
0.1098340000025928 0.0
0.11355300000286661 0.00281800000811927
0.11355300000286661 0.0
0.11292399998637848 0.002673000009963289
0.11292399998637848 0.0
0.13367499999003485 0.00370400000247173
0.13367499999003485 0.0
0.15055500000016764 0.0037339999980758876
0.15055500000016764 1.00000761449337e-06
0.1559910000069067 0.0038210000202525407
0.1559910000069067 0.0
0.15819200000260025 0.00374399998690933
0.15819200000260025 0.0
0.1608459999843035 0.003923999989638105
0.1608459999843035 0.0
0.15636400002404116 0.0038979999953880906
0.15636400002404116 1.00000761449337e-06
0.1579970000020694 0.0037529999972321093
0.1579970000020694 9.999785106629133e-07
0.13369099999545142 0.003285999991931021
0.13369099999545142 1.00000761449337e-06
0.12641600001370534 0.0030160000023897737
0.12641600001370534 0.0
0.1700379999820143 0.0037789999914821237
0.1700379999820143 1.400001929141581e-05
0.14333800002350472 0.003716000006534159
0.14333800002350472 0.0
0.13748099998338148 0.0037460000021383166
0.13748099998338148 9.999785106629133e-07
0.1414259999874048 0.00318400000105612
0.1414259999874048 0.0
0.13162199998623691 0.0031190000008791685
0.13162199998623691 0.0
0.12912800000049174 0.003060000017285347
0.12912800000049174 0.0
0.14332399997510947 0.004007000010460615
0.14332399997510947 0.0
0.14064200001303107 0.003124000009847805
0.14064200001303107 0.0
0.13081199998850934 0.0030430000042542815
0.13081199998850934 0.0
0.12792199998511933 0.003121999994618818
0.12792199998511933 0.0
0.12481499998830259 0.002976999996462837
0.12481499998830259 0.0
0.12762000001384877 0.003033999993931502
0.12762000001384877 0.0
0.12595800001872703 0.0029609999910462648
0.12595800001872703 0.0
0.12238399998750538 0.00298099999781698
0.12238399998750538 0.0
0.12048900002264418 0.0029199999989941716
0.12048900002264418 1.00000761449337e-06
0.16185599999153055 0.004083999985596165
0.16185599999153055 0.0
0.14446999999927357 0.0035130000032950193
0.14446999999927357 0.0
0.1399389999860432 0.0038019999919924885
0.1399389999860432 0.0
0.12077300000237301 0.0029260000155773014
0.12077300000237301 0.0
0.15069400001084432 0.0037789999914821237
0.15069400001084432 1.00000761449337e-06
0.15042300001368858 0.004489000013563782
0.15042300001368858 0.0
0.17177499999525025 0.004412000009324402
0.17177499999525025 1.00000761449337e-06
0.13273699997807853 0.0029229999927338213
0.13273699997807853 0.0
0.12732500000856817 0.0030639999895356596
0.12732500000856817 1.00000761449337e-06
0.12617000000318512 0.0030069999920669943
0.12617000000318512 9.999785106629133e-07
0.12815499998396263 0.0032850000134203583
0.12815499998396263 0.0
0.13361299998359755 0.0030919999990146607
0.13361299998359755 0.0
0.12671700000646524 0.0030109999934211373
0.12671700000646524 0.0
0.1483449999941513 0.003320999996503815
0.1483449999941513 1.00000761449337e-06
0.18512499998905696 0.003911999985575676
0.18512499998905696 9.999785106629133e-07
0.1627450000087265 0.003911000007065013
0.1627450000087265 1.00000761449337e-06
0.15572700000484474 0.003951999999117106
0.15572700000484474 1.4999997802078724e-05
0.15699099999619648 0.0037629999860655516
0.15699099999619648 0.0
0.1598330000124406 0.0038560000248253345
0.1598330000124406 1.00000761449337e-06
0.16128499998012558 0.003866000013658777
0.16128499998012558 0.0
0.120121999992989 0.002888999995775521
0.120121999992989 0.0
0.13775199998053722 0.0038300000014714897
0.13775199998053722 9.999785106629133e-07
0.1220620000094641 0.002886000002035871
0.1220620000094641 1.00000761449337e-06
0.12006200000178069 0.002882999979192391
0.12006200000178069 0.0
0.14119900000514463 0.003798999998252839
0.14119900000514463 0.0
0.1608049999922514 0.003811000002315268
0.1608049999922514 9.999785106629133e-07
0.15748799999710172 0.0037379999994300306
0.15748799999710172 0.0
0.15711500000907108 0.00374399998690933
0.15711500000907108 1.00000761449337e-06
0.1590720000094734 0.003962999995565042
0.1590720000094734 0.0
0.15698800000245683 0.003802000021096319
0.15698800000245683 1.00000761449337e-06
0.15976899999077432 0.0038260000001173466
0.15976899999077432 0.0
0.15988600000855513 0.003807000000961125
0.15988600000855513 0.0
0.1567700000014156 0.003775999997742474
0.1567700000014156 1.00000761449337e-06
0.11993500002427027 0.0028990000137127936
0.11993500002427027 9.999785106629133e-07
0.12080000000423752 0.0028590000001713634
0.12080000000423752 1.00000761449337e-06
0.1195949999964796 0.0028359999996609986
0.1195949999964796 0.0
0.12154500000178814 0.0028340000135358423
0.12154500000178814 9.999785106629133e-07
0.12132999999448657 0.0030350000015459955
0.12132999999448657 0.0
0.17983800001093186 0.004598999978043139
0.17983800001093186 9.999785106629133e-07
0.1733280000044033 0.009141999995335937
0.1733280000044033 1.00000761449337e-06
0.1708480000088457 0.009525000001303852
0.1708480000088457 0.0
0.17489399999612942 0.010087999980896711
0.17489399999612942 0.0
0.1784580000094138 0.004713999980594963
0.1784580000094138 0.0
0.17250300000887364 0.004536000022199005
0.17250300000887364 0.0
0.24020099997869693 0.005911000014748424
0.24020099997869693 0.0
0.23232799998368137 0.005483000015374273
0.23232799998368137 0.0
0.2211249999818392 0.005493000004207715
0.2211249999818392 0.0
0.20531999997911043 0.005005999992135912
0.20531999997911043 0.0
0.1944669999938924 0.004740999982459471
0.1944669999938924 0.0
0.189909999986412 0.004591000004438683
0.189909999986412 1.00000761449337e-06
0.1522419999819249 0.0036850000033155084
0.1522419999819249 1.00000761449337e-06
0.15758599998662248 0.004253999999491498
0.15758599998662248 0.0
0.15767799998866394 0.003876000002492219
0.15767799998866394 1.00000761449337e-06
0.15197099998476915 0.0038050000148359686
0.15197099998476915 0.0
0.1495649999997113 0.003640999988419935
0.1495649999997113 0.0
0.13847800000803545 0.0034719999821390957
0.13847800000803545 0.0
0.1432889999996405 0.003355000022565946
0.1432889999996405 0.0
0.17742799999541603 0.0045559999998658895
0.17742799999541603 9.999785106629133e-07
0.14257199998246506 0.003915000008419156
0.14257199998246506 0.0
0.14515600001323037 0.00374399998690933
0.14515600001323037 0.0
0.17534899999736808 0.005020999989937991
0.17534899999736808 0.0
0.1436519999988377 0.004039999999804422
0.1436519999988377 0.0
0.15095199999632314 0.003784999978961423
0.15095199999632314 0.0
0.14142500000889413 0.0039329999999608845
0.14142500000889413 0.0
0.1417129999899771 0.003564999991795048
0.1417129999899771 1.00000761449337e-06
0.1589780000213068 0.004108000022824854
0.1589780000213068 0.0
0.13888199999928474 0.0033019999973475933
0.13888199999928474 0.0
0.13886700000148267 0.0033349999866914004
0.13886700000148267 1.00000761449337e-06
0.14234499997110106 0.0033819999953266233
0.14234499997110106 0.0
0.1293899999873247 0.0031470000103581697
0.1293899999873247 0.0
0.13161699997726828 0.0031029999954625964
0.13161699997726828 1.00000761449337e-06
0.13050199998542666 0.003532000002451241
0.13050199998542666 0.0
0.13288600000669248 0.0032569999748375267
0.13288600000669248 0.0
0.13817600000766106 0.0033229999826289713
0.13817600000766106 9.999785106629133e-07
0.1376909999817144 0.0033890000195242465
0.1376909999817144 9.999785106629133e-07
0.13733900000806898 0.003308999992441386
0.13733900000806898 1.00000761449337e-06
0.13642500000423752 0.0033460000122431666
0.13642500000423752 0.0
0.1324190000013914 0.003616999980295077
0.1324190000013914 0.0
0.13320199999725446 0.0032540000102017075
0.13320199999725446 0.0
0.13117399998009205 0.0031679999956395477
0.13117399998009205 1.00000761449337e-06
0.133507999998983 0.00382399998488836
0.133507999998983 1.00000761449337e-06
0.13669499999377877 0.00354400000651367
0.13669499999377877 0.0
0.13042299999506213 0.0036410000175237656
0.13042299999506213 0.0
0.13233100000070408 0.003466000023763627
0.13233100000070408 1.00000761449337e-06
0.1304390000004787 0.004107999993721023
0.1304390000004787 1.00000761449337e-06
0.13038099999539554 0.0033959999855142087
0.13038099999539554 1.00000761449337e-06
0.13137899999856018 0.003343000018503517
0.13137899999856018 0.0
0.1510730000154581 0.0043120000045746565
0.1510730000154581 0.0
0.17094799998449162 0.004806000011740252
0.17094799998449162 0.0
0.14493000000948086 0.0036170000093989074
0.14493000000948086 1.00000761449337e-06
0.18315799999982119 0.0036819999804720283
0.18315799999982119 0.0
0.15142899999045767 0.0032669999927747995
0.15142899999045767 9.999785106629133e-07
0.14616999999270774 0.0038420000055339187
0.14616999999270774 0.0
0.13096799998311326 0.0032509999873582274
0.13096799998311326 9.999785106629133e-07
0.12810699999681674 0.0030580000020563602
0.12810699999681674 0.0
0.1247060000023339 0.0029609999910462648
0.1247060000023339 1.00000761449337e-06
0.1161640000063926 0.002861999993911013
0.1161640000063926 0.0
0.13987100002123043 0.003919000009773299
0.13987100002123043 0.0
0.11702800000784919 0.002789000020129606
0.11702800000784919 0.0
0.1514210000168532 0.0037660000089090317
0.1514210000168532 9.999785106629133e-07
0.11741900001652539 0.002808000019285828
0.11741900001652539 0.0
0.11585599998943508 0.002812000020639971
0.11585599998943508 0.0
0.11885800000163727 0.0028549999988172203
0.11885800000163727 0.0
0.15419799997471273 0.004075000004377216
0.15419799997471273 1.00000761449337e-06
0.15745599998626858 0.0038460000068880618
0.15745599998626858 0.0
0.16052899998612702 0.003979999979492277
0.16052899998612702 1.00000761449337e-06
0.15916999999899417 0.003952999977627769
0.15916999999899417 0.0
0.15375500000664033 0.003811000002315268
0.15375500000664033 1.00000761449337e-06
0.12339800002519041 0.003005000005941838
0.12339800002519041 1.00000761449337e-06
0.12447499998961575 0.003009000007295981
0.12447499998961575 0.0
0.11811199999647215 0.002837000007275492
0.11811199999647215 0.0
0.11594099999638274 0.0027920000138692558
0.11594099999638274 0.0
0.11549100000411272 0.002817000000504777
0.11549100000411272 0.0
0.1145879999967292 0.0027809999883174896
0.1145879999967292 9.999785106629133e-07
0.11519099998986349 0.0027999999874737114
0.11519099998986349 0.0
0.11565200000768527 0.0028239999955985695
0.11565200000768527 1.00000761449337e-06
0.11839000001782551 0.0029730000242125243
0.11839000001782551 1.00000761449337e-06
0.11506300000473857 0.0027709999994840473
0.11506300000473857 9.999785106629133e-07
0.11470000000554137 0.0027979999722447246
0.11470000000554137 0.0
0.1151139999856241 0.002808999997796491
0.1151139999856241 1.00000761449337e-06
0.1307999999844469 0.003108000004431233
0.1307999999844469 0.0
0.11882899998454377 0.0032589999900665134
0.11882899998454377 9.999785106629133e-07
0.11534999997820705 0.002909000002546236
0.11534999997820705 0.0
0.11506199999712408 0.0027920000138692558
0.11506199999712408 9.999785106629133e-07
0.1505030000116676 0.0037440000160131603
0.1505030000116676 1.00000761449337e-06
0.1494890000030864 0.003716000006534159
0.1494890000030864 1.00000761449337e-06
0.15003199997590855 0.003675999992992729
0.15003199997590855 1.00000761449337e-06
0.1535219999786932 0.003778000012971461
0.1535219999786932 1.00000761449337e-06
0.11548100001527928 0.002753000007942319
0.11548100001527928 1.00000761449337e-06
0.1330090000119526 0.0037139999913051724
0.1330090000119526 0.0
0.15349100000457838 0.00371000001905486
0.15349100000457838 0.0
0.11308800001279451 0.0027520000003278255
0.11308800001279451 1.00000761449337e-06
0.12982699999702163 0.0036780000082217157
0.12982699999702163 9.999785106629133e-07
0.1555999999982305 0.0037700000102631748
0.1555999999982305 0.0
0.1543250000104308 0.00390999999945052
0.1543250000104308 0.0
0.11599200000637211 0.0027760000084526837
0.11599200000637211 0.0
0.11455800000112504 0.0031119999766815454
0.11455800000112504 1.00000761449337e-06
0.14942500001052395 0.004702000005636364
0.14942500001052395 1.00000761449337e-06
0.14908099998137914 0.0035410000127740204
0.14908099998137914 0.0
0.14008799998555332 0.0038200000126380473
0.14008799998555332 0.0
0.14767199999187142 0.0038260000001173466
0.14767199999187142 0.0
0.12697499999194406 0.003281999990576878
0.12697499999194406 0.0
0.15975500000058673 0.003827999986242503
0.15975500000058673 1.00000761449337e-06
0.14903600001707673 0.0036789999867323786
0.14903600001707673 1.00000761449337e-06
0.14830800000345334 0.003520999976899475
0.14830800000345334 0.0
0.1190119999810122 0.0027929999923799187
0.1190119999810122 0.0
0.12250199998379685 0.00310400000307709
0.12250199998379685 0.0
0.18321299998206086 0.004795000015292317
0.18321299998206086 0.0
0.18106499998248182 0.004711000015959144
0.18106499998248182 0.0
0.16644900001119822 0.0038690000073984265
0.16644900001119822 0.0
0.16079500000341795 0.003908000013325363
0.16079500000341795 1.00000761449337e-06
0.1603719999839086 0.004032999975606799
0.1603719999839086 0.0
0.16455000001587905 0.004115000017918646
0.16455000001587905 0.0
0.12240200000815094 0.002956000011181459
0.12240200000815094 0.0
0.12309300000197254 0.002902999985963106
0.12309300000197254 0.0
0.12643699999898672 0.0031140000210143626
0.12643699999898672 1.00000761449337e-06
0.13553699999465607 0.003125999995972961
0.13553699999465607 1.00000761449337e-06
0.1798279999929946 0.004194000008283183
0.1798279999929946 1.00000761449337e-06
0.1794040000240784 0.005094000021927059
0.1794040000240784 0.0
0.13193400000454858 0.0034209999721497297
0.13193400000454858 1.00000761449337e-06
0.17891600000439212 0.00479599999380298
0.17891600000439212 0.0
0.13480200001504272 0.002957999997306615
0.13480200001504272 1.00000761449337e-06
0.13585200000670739 0.003435999999055639
0.13585200000670739 0.0
0.13010100001702085 0.0030300000216811895
0.13010100001702085 0.0
0.15424699999857694 0.004050000017741695
0.15424699999857694 1.00000761449337e-06
0.1761419999820646 0.004534000006970018
0.1761419999820646 0.0
0.17780600002151914 0.0044550000166054815
0.17780600002151914 0.0
0.17336399998748675 0.004281000001356006
0.17336399998748675 1.00000761449337e-06
0.13450600000214763 0.003236000018659979
0.13450600000214763 0.0
0.16556799999671057 0.004385000007459894
0.16556799999671057 1.00000761449337e-06
0.17533900000853464 0.004367999994428828
0.17533900000853464 9.999785106629133e-07
0.18199399998411536 0.004421999998157844
0.18199399998411536 1.400001929141581e-05
0.18115200000465848 0.004573999991407618
0.18115200000465848 9.999785106629133e-07
0.1702999999979511 0.004134000017074868
0.1702999999979511 0.0
0.16927100002067164 0.004094000003533438
0.16927100002067164 0.0
0.1695649999892339 0.004118000011658296
0.1695649999892339 0.0
0.1284600000071805 0.0030879999976605177
0.1284600000071805 0.0
0.12755100001231767 0.0030879999976605177
0.12755100001231767 0.0
0.12705799998366274 0.0030839999963063747
0.12705799998366274 1.00000761449337e-06
0.12860900000669062 0.003124999988358468
0.12860900000669062 0.0
0.12738700001500547 0.00334700001985766
0.12738700001500547 1.00000761449337e-06
0.12911300000268966 0.003081000002566725
0.12911300000268966 1.00000761449337e-06
0.12857899998198263 0.0031430000090040267
0.12857899998198263 9.999785106629133e-07
0.13012799998978153 0.003068999998504296
0.13012799998978153 1.00000761449337e-06
0.1321250000037253 0.003165000001899898
0.1321250000037253 0.0
0.12941399999544956 0.003193999989889562
0.12941399999544956 9.999785106629133e-07
0.1291649999911897 0.00309799998649396
0.1291649999911897 1.00000761449337e-06
0.13059399998746812 0.0031509999826084822
0.13059399998746812 9.999785106629133e-07
0.12985299999127164 0.003113999991910532
0.12985299999127164 0.0
0.1601059999957215 0.004139999975450337
0.1601059999957215 0.0
0.13297599999350496 0.0032130000181496143
0.13297599999350496 1.00000761449337e-06
0.1368720000027679 0.003408999997191131
0.1368720000027679 0.0
0.1396099999838043 0.003862000012304634
0.1396099999838043 0.0
0.14699300000211224 0.003714000020409003
0.14699300000211224 0.0
0.14802600000984967 0.003612000000430271
0.14802600000984967 0.0
0.14669300001696683 0.0035780000034719706
0.14669300001696683 0.0
0.17014699999708682 0.004546000011032447
0.17014699999708682 1.00000761449337e-06
0.18548200000077486 0.0036939999845344573
0.18548200000077486 0.0
0.1892459999944549 0.004656000004615635
0.1892459999944549 0.0
0.18870999998762272 0.004532999999355525
0.18870999998762272 0.0
0.1892050000024028 0.004588999989209697
0.1892050000024028 0.0
0.1918899999873247 0.004634999990230426
0.1918899999873247 0.0
0.13176300001214258 0.003085999982431531
0.13176300001214258 0.0
0.15967799999634735 0.004056000005220994
0.15967799999634735 1.00000761449337e-06
0.17649800001527183 0.004462999990209937
0.17649800001527183 0.0
0.17919299998902716 0.004323000001022592
0.17919299998902716 9.999785106629133e-07
0.1740120000031311 0.004137999989325181
0.1740120000031311 9.999785106629133e-07
0.1721149999939371 0.004209999984595925
0.1721149999939371 9.999785106629133e-07
0.17542699998011813 0.00427000000490807
0.17542699998011813 0.0
0.17782399998395704 0.0042280000052414834
0.17782399998395704 0.0
0.17432600000756793 0.004145999992033467
0.17432600000756793 9.999785106629133e-07
0.1728949999960605 0.004152999987127259
0.1728949999960605 1.00000761449337e-06
0.17162599999574013 0.00418699998408556
0.17162599999574013 0.0
0.13032600001315586 0.003136999992420897
0.13032600001315586 0.0
0.17445900000166148 0.004205000004731119
0.17445900000166148 0.0
0.14346900000236928 0.0034119999909307808
0.14346900000236928 0.0
0.17785300000105053 0.004645999986678362
0.17785300000105053 1.00000761449337e-06
0.14364300001761876 0.003651000006357208
0.14364300001761876 1.00000761449337e-06
0.1533540000091307 0.0036059999838471413
0.1533540000091307 1.00000761449337e-06
0.15228299997397698 0.0035900000075343996
0.15228299997397698 1.00000761449337e-06
0.15499799998360686 0.0036609999951906502
0.15499799998360686 0.0
0.1498800000117626 0.003607000020565465
0.1498800000117626 1.00000761449337e-06
0.14503300000797026 0.0038979999953880906
0.14503300000797026 1.00000761449337e-06
0.16911100002471358 0.003556000010576099
0.16911100002471358 0.0
0.14856399997370318 0.003431999997701496
0.14856399997370318 0.0
0.1569430000090506 0.0035269999934826046
0.1569430000090506 0.0
0.16121500000008382 0.003688999975565821
0.16121500000008382 9.999785106629133e-07
0.14615499999490567 0.00387000001501292
0.14615499999490567 0.0
0.14793800000916235 0.0034759999834932387
0.14793800000916235 1.00000761449337e-06
0.1471120000060182 0.005131999991135672
0.1471120000060182 0.0
0.13947200000984594 0.003284000005805865
0.13947200000984594 1.00000761449337e-06
0.15304599999217317 0.004287999996449798
0.15304599999217317 0.0
0.17552400002023205 0.004305999987991527
0.17552400002023205 0.0
0.1790190000028815 0.004355999990366399
0.1790190000028815 0.0
0.17848999999114312 0.00438699999358505
0.17848999999114312 1.00000761449337e-06
0.1796370000229217 0.0043790000199805945
0.1796370000229217 0.0
0.17641300000832416 0.0043880000011995435
0.17641300000832416 1.00000761449337e-06
0.17669900000328198 0.004405000014230609
0.17669900000328198 1.00000761449337e-06
0.17464200002723373 0.00422699999762699
0.17464200002723373 0.0
0.17589799998677336 0.0042529999918770045
0.17589799998677336 1.00000761449337e-06
0.16925500001525506 0.004258000000845641
0.16925500001525506 0.0
0.17613400000846013 0.004247000004397705
0.17613400000846013 0.0
0.1767319999926258 0.00430699999560602
0.1767319999926258 0.0
0.13535900000715628 0.0032070000015664846
0.13535900000715628 0.0
0.13552700000582263 0.0032300000020768493
0.13552700000582263 0.0
0.1345339999825228 0.0032460000074934214
0.1345339999825228 0.0
0.13460900000063702 0.0031669999880250543
0.13460900000063702 1.00000761449337e-06
0.13404000000446104 0.0031729999755043536
0.13404000000446104 0.0
0.13544899999396876 0.0032460000074934214
0.13544899999396876 9.999785106629133e-07
0.17936599999666214 0.004367999994428828
0.17936599999666214 0.0
0.13497199999983422 0.0032479999936185777
0.13497199999983422 1.00000761449337e-06
0.13757200000691228 0.003296000009868294
0.13757200000691228 1.00000761449337e-06
0.15231299999868497 0.004337000020314008
0.15231299999868497 0.0
0.1417549999896437 0.003341999981785193
0.1417549999896437 0.0
0.14194500001030974 0.0033790000015869737
0.14194500001030974 1.00000761449337e-06
0.1413120000215713 0.003332000022055581
0.1413120000215713 0.0
0.1408919999958016 0.0033490000059828162
0.1408919999958016 1.00000761449337e-06
0.13864699998521246 0.0033159999875351787
0.13864699998521246 1.00000761449337e-06
0.14249100000597537 0.0034670000022742897
0.14249100000597537 0.0
0.14123000000836328 0.0033870000042952597
0.14123000000836328 0.0
0.1415020000131335 0.0034189999860245734
0.1415020000131335 0.0
0.1422679999959655 0.003400999994482845
0.1422679999959655 0.0
0.13856799999484792 0.0033750000002328306
0.13856799999484792 0.0
0.13359400001354516 0.0034719999821390957
0.13359400001354516 0.0
0.13468099999590777 0.0034060000034514815
0.13468099999590777 9.999785106629133e-07
0.15802900001290254 0.004147999978158623
0.15802900001290254 1.00000761449337e-06
0.17767600002116524 0.004239000001689419
0.17767600002116524 0.0
0.13814599998295307 0.003268000000389293
0.13814599998295307 0.0
0.14273800002411008 0.0035170000046491623
0.14273800002411008 1.00000761449337e-06
0.14618099998915568 0.0037259999953676015
0.14618099998915568 0.0
0.14367000001948327 0.00350700001581572
0.14367000001948327 1.00000761449337e-06
0.13754100000369363 0.0036469999758992344
0.13754100000369363 9.999785106629133e-07
0.19997300000977702 0.0050749999936670065
0.19997300000977702 9.999785106629133e-07
0.17073199999867938 0.003523000021232292
0.17073199999867938 9.999785106629133e-07
0.1432280000008177 0.003460000007180497
0.1432280000008177 1.00000761449337e-06
0.14142100000754 0.0032990000036079437
0.14142100000754 0.0
0.14212699999916367 0.0033790000015869737
0.14212699999916367 0.0
0.13927899999544024 0.00333799998043105
0.13927899999544024 1.00000761449337e-06
0.1510450000059791 0.004885999980615452
0.1510450000059791 0.0
0.14310600000317208 0.0033229999826289713
0.14310600000317208 0.0
0.14522899998701178 0.0036779999791178852
0.14522899998701178 1.00000761449337e-06
0.19733900000574067 0.004886000009719282
0.19733900000574067 0.0
0.18345499999122694 0.004500999988522381
0.18345499999122694 0.0
0.18699700001161546 0.004444999998668209
0.18699700001161546 1.00000761449337e-06
0.1831510000047274 0.004424999991897494
0.1831510000047274 0.0
0.1835129999963101 0.004409000015584752
0.1835129999963101 9.999785106629133e-07
0.18342700001085177 0.00490999998874031
0.18342700001085177 0.0
0.17317699998966418 0.004405999992741272
0.17317699998966418 1.00000761449337e-06
0.18720699998084456 0.0050620000110939145
0.18720699998084456 0.0
0.19111799998790957 0.004737999988719821
0.19111799998790957 0.0
0.18891199998324737 0.00523300000349991
0.18891199998324737 9.999785106629133e-07
0.19209100000443868 0.005118000000948086
0.19209100000443868 9.999785106629133e-07
0.1785260000033304 0.004293000005418435
0.1785260000033304 0.0
0.13657400000374764 0.003388999990420416
0.13657400000374764 0.0
0.15131300000939518 0.0037970000121276826
0.15131300000939518 1.00000761449337e-06
0.1363769999879878 0.003269000008003786
0.1363769999879878 1.00000761449337e-06
0.16938200002186932 0.004365000000689179
0.16938200002186932 0.0
0.18638900000951253 0.004495000001043081
0.18638900000951253 0.0
0.18233799998415634 0.0043839999998454005
0.18233799998415634 1.00000761449337e-06
0.18278299999656156 0.004377000004751608
0.18278299999656156 1.00000761449337e-06
0.1824450000131037 0.004458999988855794
0.1824450000131037 1.00000761449337e-06
0.18218699999852106 0.004329999996116385
0.18218699999852106 0.0
0.18390100001124665 0.004365000000689179
0.18390100001124665 1.00000761449337e-06
0.13723400002345443 0.0032060000230558217
0.13723400002345443 1.00000761449337e-06
0.13722999999299645 0.0031799999997019768
0.13722999999299645 0.0
0.13741799999843352 0.0032270000083371997
0.13741799999843352 0.0
0.13717699999688193 0.0031500000040978193
0.13717699999688193 0.0
0.13823900002171285 0.0032519999949727207
0.13823900002171285 1.00000761449337e-06
0.17557600000873208 0.0046329999750014395
0.17557600000873208 0.0
0.18229200001223944 0.0037910000246483833
0.18229200001223944 1.00000761449337e-06
0.18627999999444 0.004529000027105212
0.18627999999444 0.0
0.18499700000393204 0.0036050000053364784
0.18499700000393204 9.999785106629133e-07
0.14744400000199676 0.00358399999095127
0.14744400000199676 9.999785106629133e-07
0.15218799997819588 0.0038340000028256327
0.15218799997819588 0.0
0.1865680000046268 0.004885999980615452
0.1865680000046268 0.0
0.20112799998605624 0.004883999994490296
0.20112799998605624 1.00000761449337e-06
0.20301100000506267 0.00479599999380298
0.20301100000506267 9.999785106629133e-07
0.1960840000247117 0.004621000000042841
0.1960840000247117 1.00000761449337e-06
0.2004810000071302 0.00479300000006333
0.2004810000071302 9.999785106629133e-07
0.20181400000001304 0.00487600002088584
0.20181400000001304 1.00000761449337e-06
0.18892200000118464 0.00495599998976104
0.18892200000118464 0.0
0.1613179999985732 0.003695000021252781
0.1613179999985732 0.0
0.1479090000211727 0.003511000017169863
0.1479090000211727 0.0
0.14742799999658018 0.003532000002451241
0.14742799999658018 0.0
0.17087099998025224 0.004737000010209158
0.17087099998025224 0.0
0.1957950000069104 0.004706000006990507
0.1957950000069104 9.999785106629133e-07
0.16767699999036267 0.0037779999838676304
0.16767699999036267 1.00000761449337e-06
0.18455700000049546 0.004465000005438924
0.18455700000049546 0.0
0.18586999998660758 0.00447300000814721
0.18586999998660758 0.0
0.18685500000719912 0.004442999983439222
0.18685500000719912 1.00000761449337e-06
0.18979400000534952 0.004516999993938953
0.18979400000534952 9.999785106629133e-07
0.1883150000066962 0.004597000021021813
0.1883150000066962 1.00000761449337e-06
0.18751099999644794 0.00450699997600168
0.18751099999644794 1.00000761449337e-06
0.1463540000258945 0.0035509999725036323
0.1463540000258945 0.0
0.14693200000328943 0.0035109999880660325
0.14693200000328943 0.0
0.15372299999580719 0.0037379999994300306
0.15372299999580719 0.0
0.15402600000379607 0.0036770000006072223
0.15402600000379607 1.00000761449337e-06
0.15142999999807216 0.0035419999912846833
0.15142999999807216 0.0
0.15704200000618584 0.0039040000119712204
0.15704200000618584 0.0
0.16560600002412684 0.004279000015230849
0.16560600002412684 1.00000761449337e-06
0.16305299999658018 0.00394099997356534
0.16305299999658018 1.00000761449337e-06
0.16679000001749955 0.004641000006813556
0.16679000001749955 0.0
0.19916300001204945 0.005001999990781769
0.19916300001204945 9.999785106629133e-07
0.16154199998709373 0.00394399999640882
0.16154199998709373 1.00000761449337e-06
0.16367500001797453 0.004258999979356304
0.16367500001797453 1.00000761449337e-06
0.16374000001815148 0.003936999972211197
0.16374000001815148 1.00000761449337e-06
0.21268500000587665 0.005294999980833381
0.21268500000587665 0.0
0.1617219999898225 0.003872000001138076
0.1617219999898225 1.00000761449337e-06
0.1592559999844525 0.003798999998252839
0.1592559999844525 0.0
0.15820700000040233 0.0038050000148359686
0.15820700000040233 1.00000761449337e-06
0.16485100000863895 0.0040210000006482005
0.16485100000863895 9.999785106629133e-07
0.1660719999927096 0.004264999995939434
0.1660719999927096 0.0
0.15707499999552965 0.0037620000075548887
0.15707499999552965 0.0
0.15426000001025386 0.003739999985555187
0.15426000001025386 0.0
0.1515009999857284 0.003624999983003363
0.1515009999857284 0.0
0.1788630000082776 0.004975999996531755
0.1788630000082776 0.0
0.20238100001006387 0.004970999987563118
0.20238100001006387 0.0
0.20102200002293102 0.004997000010916963
0.20102200002293102 0.0
0.1871359999931883 0.004947999987052754
0.1871359999931883 0.0
0.19018999999389052 0.004753999994136393
0.19018999999389052 0.0
0.18784500000765547 0.004581999994115904
0.18784500000765547 0.0
0.1975830000010319 0.006400000012945384
0.1975830000010319 1.00000761449337e-06
0.198164999979781 0.004806999990250915
0.198164999979781 1.00000761449337e-06
0.14889700000640005 0.003635000000940636
0.14889700000640005 0.0
0.14919900000677444 0.004317999992053956
0.14919900000677444 0.0
0.15127399997436441 0.0035490000154823065
0.15127399997436441 1.00000761449337e-06
0.14676100001088344 0.003544999985024333
0.14676100001088344 0.0
0.1511109999846667 0.003699000022606924
0.1511109999846667 0.0
0.204061999975238 0.004933999996865168
0.204061999975238 1.00000761449337e-06
0.21193099999800324 0.0051380000077188015
0.21193099999800324 1.00000761449337e-06
0.20790899998974055 0.005180000007385388
0.20790899998974055 1.00000761449337e-06
0.16022300001350231 0.0038530000019818544
0.16022300001350231 0.0
0.16118600001209415 0.0038120000099297613
0.16118600001209415 0.0
0.194218999997247 0.004983000020729378
0.194218999997247 0.0
0.20551200001500547 0.00499600000330247
0.20551200001500547 1.00000761449337e-06
0.15827600000193343 0.003985999996075407
0.15827600000193343 0.0
0.1570449999999255 0.0036949999921489507
0.1570449999999255 9.999785106629133e-07
0.1854929999972228 0.004971999995177612
0.1854929999972228 0.0
0.20639700000174344 0.005128999997396022
0.20639700000174344 9.999785106629133e-07
0.2069119999941904 0.005001999990781769
0.2069119999941904 0.0
0.1555639999860432 0.0036970000073779374
0.1555639999860432 0.0
0.1988030000065919 0.0049610000278335065
0.1988030000065919 1.00000761449337e-06
0.20478699999512173 0.005043999990448356
0.20478699999512173 0.0
0.20756799998343922 0.005111000005854294
0.20756799998343922 1.00000761449337e-06
0.15636600001016632 0.0037409999931696802
0.15636600001016632 0.0
0.15195400000084192 0.0035889999999199063
0.15195400000084192 0.0
0.15189499998814426 0.0035930000012740493
0.15189499998814426 0.0
0.15290200000163168 0.00379000001703389
0.15290200000163168 1.00000761449337e-06
0.15204100002301857 0.0036970000073779374
0.15204100002301857 0.0
0.19675299999653362 0.0049949999956879765
0.19675299999653362 0.0
0.2030150000064168 0.004893000004813075
0.2030150000064168 0.0
0.20949199999449775 0.005019000003812835
0.20949199999449775 0.0
0.20710299999336712 0.00486699998145923
0.20710299999336712 0.0
0.15610900000319816 0.003794999996898696
0.15610900000319816 9.999785106629133e-07
0.15864499998860992 0.0037739999825134873
0.15864499998860992 1.00000761449337e-06
0.22597199998563156 0.00559600000269711
0.22597199998563156 0.0
0.22311399999307469 0.005183000001125038
0.22311399999307469 0.0
0.21982399999978952 0.005472999997437
0.21982399999978952 0.0
0.2253080000227783 0.005376999994041398
0.2253080000227783 1.00000761449337e-06
0.22775299998465925 0.006010999990394339
0.22775299998465925 9.999785106629133e-07
0.22185800000443123 0.00526999999419786
0.22185800000443123 1.00000761449337e-06
0.20040800000424497 0.004965999978594482
0.20040800000424497 0.0
0.20950899997842498 0.004981000005500391
0.20950899997842498 0.0
0.22879100000136532 0.00575599999865517
0.22879100000136532 0.0
0.1744089999992866 0.004585000016959384
0.1744089999992866 1.00000761449337e-06
0.16108099999837577 0.0036789999867323786
0.16108099999837577 1.00000761449337e-06
0.19434399998863228 0.005221999977948144
0.19434399998863228 0.0
0.21068899999954738 0.005151000019395724
0.21068899999954738 1.00000761449337e-06
0.21821400002227165 0.005104000010760501
0.21821400002227165 9.999785106629133e-07
0.21586200001183897 0.005327000020770356
0.21586200001183897 9.999785106629133e-07
0.16942699998617172 0.00411000000895001
0.16942699998617172 1.00000761449337e-06
0.227627999993274 0.005489000002853572
0.227627999993274 1.00000761449337e-06
0.24201800001901574 0.005160000000614673
0.24201800001901574 9.999785106629133e-07
0.21648800000548363 0.005310000007739291
0.21648800000548363 0.0
0.21710999999777414 0.005978000001050532
0.21710999999777414 1.00000761449337e-06
0.21473899998818524 0.005084999982500449
0.21473899998818524 1.00000761449337e-06
0.2062609999848064 0.004920000006677583
0.2062609999848064 1.00000761449337e-06
0.20457199998782016 0.004951000009896234
0.20457199998782016 0.0
0.20739399999729358 0.004997999989427626
0.20739399999729358 9.999785106629133e-07
0.20829899999080226 0.004883999994490296
0.20829899999080226 9.999785106629133e-07
0.20849200000520796 0.004982999991625547
0.20849200000520796 1.00000761449337e-06
0.2089189999969676 0.00490999998874031
0.2089189999969676 0.0
0.20847199999843724 0.004992000001948327
0.20847199999843724 1.00000761449337e-06
0.15900799998780712 0.0037650000012945384
0.15900799998780712 1.00000761449337e-06
0.15909600001759827 0.0038509999867528677
0.15909600001759827 1.00000761449337e-06
0.1594500000064727 0.0037139999913051724
0.1594500000064727 0.0
0.1599559999885969 0.00406700000166893
0.1599559999885969 1.00000761449337e-06
0.1606270000047516 0.0037530000263359398
0.1606270000047516 0.0
0.1611879999982193 0.004081999999471009
0.1611879999982193 0.0
0.17416500000399537 0.0038090000161901116
0.17416500000399537 0.0
0.17525100000784732 0.00394699999014847
0.17525100000784732 0.0
0.16688000000431202 0.003983000002335757
0.16688000000431202 9.999785106629133e-07
0.17348299999139272 0.004190999985439703
0.17348299999139272 0.0
0.1770659999747295 0.010288000019500032
0.1770659999747295 0.0
0.19393000000854954 0.004944999993313104
0.19393000000854954 0.0
0.1941709999809973 0.01102599999285303
0.1941709999809973 9.999785106629133e-07
0.18467300001066178 0.004537999979220331
0.18467300001066178 9.999785106629133e-07
0.18379199999617413 0.004194999986793846
0.18379199999617413 1.00000761449337e-06
0.17452299999422394 0.004440999997314066
0.17452299999422394 0.0
0.18029699998442084 0.004206999990856275
0.18029699998442084 0.0
0.17106100000091828 0.004063000000314787
0.17106100000091828 9.999785106629133e-07
0.1716350000060629 0.004115000017918646
0.1716350000060629 9.999785106629133e-07
0.21412200000486337 0.005462000000989065
0.21412200000486337 0.0
0.17951200000243261 0.004199999995762482
0.17951200000243261 1.00000761449337e-06
0.1746759999950882 0.0040459999872837216
0.1746759999950882 1.00000761449337e-06
0.1666280000063125 0.0039619999879505485
0.1666280000063125 0.0
0.16722599999047816 0.003912999993190169
0.16722599999047816 0.0
0.20970099998521619 0.005337000009603798
0.20970099998521619 0.0
0.166683000017656 0.0038850000128149986
0.166683000017656 1.00000761449337e-06
0.16590700001688674 0.0038859999913256615
0.16590700001688674 0.0
0.16664499999023974 0.003874999994877726
0.16664499999023974 9.999785106629133e-07
0.16728399999556132 0.0041689999925438315
0.16728399999556132 1.00000761449337e-06
0.166797999991104 0.0039200000173877925
0.166797999991104 1.00000761449337e-06
0.16946100001223385 0.004030999989481643
0.16946100001223385 9.999785106629133e-07
0.1713739999977406 0.003931999992346391
0.1713739999977406 0.0
0.16883599999709986 0.003998999978648499
0.16883599999709986 0.0
0.1693109999760054 0.004165999998804182
0.1693109999760054 9.999785106629133e-07
0.16922799998428673 0.0040250000020023435
0.16922799998428673 1.00000761449337e-06
0.18095400001038797 0.00430699999560602
0.18095400001038797 0.0
0.2242569999943953 0.0056739999854471534
0.2242569999943953 9.999785106629133e-07
0.18009000000893138 0.004339999984949827
0.18009000000893138 0.0
0.1852239999861922 0.010252999985823408
0.1852239999861922 0.0
0.1846320000186097 0.004849999997531995
0.1846320000186097 0.0
0.18453699999372475 0.0054419999942183495
0.18453699999372475 0.0
0.19037500000558794 0.00471000000834465
0.19037500000558794 1.00000761449337e-06
0.18477799999527633 0.004290999990189448
0.18477799999527633 0.0
0.19740299999830313 0.00455000001238659
0.19740299999830313 1.00000761449337e-06
0.1824590000032913 0.004251000005751848
0.1824590000032913 9.999785106629133e-07
0.1838690000004135 0.004342999978689477
0.1838690000004135 0.0
0.184038999985205 0.004385000007459894
0.184038999985205 1.00000761449337e-06
0.18656000000191852 0.004378999990876764
0.18656000000191852 0.0
0.1785350000136532 0.004098000004887581
0.1785350000136532 1.00000761449337e-06
0.17803599999751896 0.004095000011147931
0.17803599999751896 0.0
0.1775680000137072 0.004560000001220033
0.1775680000137072 9.999785106629133e-07
0.1857529999979306 0.004490999999688938
0.1857529999979306 0.0
0.16569699998944998 0.0038690000073984265
0.16569699998944998 0.0
0.15733399998862296 0.0037099999899510294
0.15733399998862296 1.00000761449337e-06
0.15644800002337433 0.003698000014992431
0.15644800002337433 1.00000761449337e-06
0.15716599998995662 0.0036540000000968575
0.15716599998995662 0.0
0.1572779999987688 0.003716999985044822
0.1572779999987688 0.0
0.1568660000048112 0.0036649999965447932
0.1568660000048112 1.00000761449337e-06
0.15639499999815598 0.003724999987753108
0.15639499999815598 9.999785106629133e-07
0.15731000000960194 0.003718000021763146
0.15731000000960194 0.0
0.16037800000049174 0.003862000012304634
0.16037800000049174 1.00000761449337e-06
0.15920599998207763 0.003815999982180074
0.15920599998207763 1.00000761449337e-06
0.21012400000472553 0.004860999993979931
0.21012400000472553 1.00000761449337e-06
0.18522200000006706 0.005048999999416992
0.18522200000006706 9.999785106629133e-07
0.21403199998894706 0.005124999996041879
0.21403199998894706 0.0
0.21674699999857694 0.005161999986739829
0.21674699999857694 1.00000761449337e-06
0.2139759999990929 0.005040000018198043
0.2139759999990929 0.0
0.21595800001523457 0.005119999987073243
0.21595800001523457 1.3999990187585354e-05
0.21489800000563264 0.0051130000210832804
0.21489800000563264 1.00000761449337e-06
0.21491399998194538 0.005101999995531514
0.21491399998194538 0.0
0.175928999989992 0.004424999991897494
0.175928999989992 9.999785106629133e-07
0.18410800001583993 0.004425999999511987
0.18410800001583993 0.0
0.18266599997878075 0.004187999991700053
0.18266599997878075 0.0
0.18077499998616986 0.004583000001730397
0.18077499998616986 1.00000761449337e-06
0.22776099998736754 0.006175999995321035
0.22776099998736754 0.0
0.18595800001639873 0.004128000000491738
0.18595800001639873 0.0
0.18196099999477156 0.004099000012502074
0.18196099999477156 0.0
0.17104899999685585 0.004050999996252358
0.17104899999685585 0.0
0.16756999999051914 0.003973999992012978
0.16756999999051914 0.0
0.16649299999698997 0.003976999985752627
0.16649299999698997 9.999785106629133e-07
0.16765899999882095 0.004004999995231628
0.16765899999882095 0.0
0.16572600000654347 0.003878999996231869
0.16572600000654347 0.0
0.16556799999671057 0.003987999982200563
0.16556799999671057 0.0
0.1573680000146851 0.003675999992992729
0.1573680000146851 0.0
0.15645800001220778 0.003643000003648922
0.15645800001220778 9.999785106629133e-07
0.15892800001893193 0.0037410000222735107
0.15892800001893193 1.00000761449337e-06
0.15894399999524467 0.0037090000114403665
0.15894399999524467 0.0
0.1950279999873601 0.00511900000856258
0.1950279999873601 0.0
0.1645520000020042 0.004007999988971278
0.1645520000020042 1.00000761449337e-06
0.19886699999915436 0.005252000002656132
0.19886699999915436 0.0
0.16361300001153722 0.003915000008419156
0.16361300001153722 0.0
0.17580399999860674 0.004265000025043264
0.17580399999860674 0.0
0.16802700000698678 0.004086000000825152
0.16802700000698678 0.0
0.16836999999941327 0.004076999990502372
0.16836999999941327 1.00000761449337e-06
0.1614780000236351 0.0037440000160131603
0.1614780000236351 1.00000761449337e-06
0.1652509999985341 0.003969000012148172
0.1652509999985341 0.0
0.16727999999420717 0.003930999984731898
0.16727999999420717 9.999785106629133e-07
0.1642510000092443 0.0038530000019818544
0.1642510000092443 0.0
0.1642089999804739 0.003928999998606741
0.1642089999804739 1.00000761449337e-06
0.16336099998443387 0.003926999983377755
0.16336099998443387 0.0
0.21035100001608953 0.005038000002969056
0.21035100001608953 0.0
0.21105199999874458 0.005027000006521121
0.21105199999874458 2.3999979021027684e-05
0.21247900000889786 0.005061000003479421
0.21247900000889786 0.0
0.21620399999665096 0.005055999994510785
0.21620399999665096 1.00000761449337e-06
0.21257699999841861 0.005101999995531514
0.21257699999841861 0.0
0.21344700001645833 0.005141000001458451
0.21344700001645833 0.0
0.22510500001953915 0.006090999988373369
0.22510500001953915 1.00000761449337e-06
0.2361349999846425 0.00558999998611398
0.2361349999846425 0.0
0.23267900000791997 0.0048390000010840595
0.23267900000791997 0.0
0.20767000000341795 0.00507300000754185
0.20767000000341795 0.0
0.20554200001060963 0.004608000017469749
0.20554200001060963 9.999785106629133e-07
0.17768100000103004 0.0043969999824184924
0.17768100000103004 9.999785106629133e-07
0.24017099998309277 0.0054390000004787
0.24017099998309277 1.00000761449337e-06
0.21471099997870624 0.004935000004479662
0.21471099997870624 0.0
0.20229400001699105 0.00563299999339506
0.20229400001699105 0.0
0.22386899997945875 0.0052180000056978315
0.22386899997945875 1.00000761449337e-06
0.22198499998194166 0.005149000004166737
0.22198499998194166 1.00000761449337e-06
0.2226109999755863 0.0056859999895095825
0.2226109999755863 0.0
0.2226550000195857 0.005249000008916482
0.2226550000195857 0.0
0.22285900000133552 0.00523300000349991
0.22285900000133552 0.0
0.17241199998534285 0.004110999987460673
0.17241199998534285 1.00000761449337e-06
0.17197999998461455 0.004091999988304451
0.17197999998461455 0.0
0.1725649999862071 0.004026000009616837
0.1725649999862071 1.00000761449337e-06
0.17169399998965673 0.0040169999992940575
0.17169399998965673 0.0
0.16750099998898804 0.0039410000026691705
0.16750099998898804 0.0
0.16731000001891516 0.004011000011814758
0.16731000001891516 0.0
0.213052000006428 0.005181999993510544
0.213052000006428 1.400001929141581e-05
0.2209900000016205 0.005281999998260289
0.2209900000016205 1.00000761449337e-06
0.2229079999960959 0.00523300000349991
0.2229079999960959 0.0
0.22055100000579841 0.005507000023499131
0.22055100000579841 0.0
0.24560699998983182 0.005713999998988584
0.24560699998983182 1.00000761449337e-06
0.21653899998636916 0.005376999994041398
0.21653899998636916 1.00000761449337e-06
0.2001940000045579 0.005482999986270443
0.2001940000045579 1.00000761449337e-06
0.17557900000247173 0.004125999985262752
0.17557900000247173 9.999785106629133e-07
0.23663199998554774 0.005327999999281019
0.23663199998554774 0.0
0.22043100002338178 0.005059999995864928
0.22043100002338178 0.0
0.23918000000412576 0.006181999982800335
0.23918000000412576 0.0
0.20237899999483489 0.005287000007228926
0.20237899999483489 0.0
0.16609799998695962 0.00390700000571087
0.16609799998695962 1.00000761449337e-06
0.1675610000093002 0.0038939999940339476
0.1675610000093002 0.0
0.1718280000204686 0.004205000004731119
0.1718280000204686 0.0
0.16628000000491738 0.003916999994544312
0.16628000000491738 1.00000761449337e-06
0.16764299999340437 0.004431999986991286
0.16764299999340437 0.0
0.18768800000543706 0.0040609999850858
0.18768800000543706 1.00000761449337e-06
0.1782320000056643 0.004084999993210658
0.1782320000056643 0.0
0.18781699999817647 0.00398999999742955
0.18781699999817647 0.0
0.21877499998663552 0.004554999992251396
0.21877499998663552 0.0
0.2018110000062734 0.0053740000003017485
0.2018110000062734 0.0
0.22496000002138317 0.0052730000170413405
0.22496000002138317 1.00000761449337e-06
0.22341299999970943 0.005344999983208254
0.22341299999970943 0.0
0.17190499999560416 0.0040929999959189445
0.17190499999560416 0.0
0.22901700000511482 0.005430000019259751
0.22901700000511482 1.00000761449337e-06
0.1720449999847915 0.004037000006064773
0.1720449999847915 0.0
0.21612299999105744 0.0055389999761246145
0.21612299999105744 0.0
0.1916780000028666 0.011158999986946583
0.1916780000028666 0.0
0.18854499998269603 0.00475600000936538
0.18854499998269603 0.0
0.17775400000391528 0.004163999983575195
0.17775400000391528 9.999785106629133e-07
0.17128800001228228 0.0040129999979399145
0.17128800001228228 0.0
0.16967899998417124 0.004015000013168901
0.16967899998417124 0.0
0.1686010000121314 0.0040040000167209655
0.1686010000121314 0.0
0.16909800001303665 0.003891000000294298
0.16909800001303665 1.00000761449337e-06
0.16798700002254918 0.0039530000067316
0.16798700002254918 0.0
0.1693420000083279 0.003916999994544312
0.1693420000083279 9.999785106629133e-07
0.16895399999339134 0.003866000013658777
0.16895399999339134 0.0
0.1696970000048168 0.003925000026356429
0.1696970000048168 1.00000761449337e-06
0.17135899999993853 0.00426399998832494
0.17135899999993853 0.0
0.17443499999353662 0.00406399997882545
0.17443499999353662 0.0
0.1685439999855589 0.004081999999471009
0.1685439999855589 1.00000761449337e-06
0.16886500001419336 0.003961000009439886
0.16886500001419336 9.999785106629133e-07
0.16998900001635775 0.004278000007616356
0.16998900001635775 1.00000761449337e-06
0.1721069999912288 0.0040089999965857714
0.1721069999912288 1.00000761449337e-06
0.1724640000029467 0.0039539999852422625
0.1724640000029467 0.0
0.17540100001497194 0.004262000002199784
0.17540100001497194 0.0
0.17981499998131767 0.004107999993721023
0.17981499998131767 9.999785106629133e-07
0.25862700000288896 0.005934999993769452
0.25862700000288896 0.0
0.23378900001989678 0.00623900000937283
0.23378900001989678 0.0
0.25523499998962507 0.006017000006977469
0.25523499998962507 0.0
0.24880999999004416 0.005455000005895272
0.24880999999004416 0.0
0.23786399999517016 0.0058250000001862645
0.23786399999517016 1.00000761449337e-06
0.22703000000910833 0.005468999996082857
0.22703000000910833 9.999785106629133e-07
0.17391900002257898 0.0038929999864194542
0.17391900002257898 1.00000761449337e-06
0.17422800001804717 0.004041000007418916
0.17422800001804717 0.0
0.17376700000022538 0.0040889999945648015
0.17376700000022538 0.0
0.17295999999623746 0.004083000007085502
0.17295999999623746 0.0
0.22309000001405366 0.0056099999928846955
0.22309000001405366 1.00000761449337e-06
0.23297300000558607 0.005746999988332391
0.23297300000558607 0.0
0.24089099999400787 0.0057579999847803265
0.24089099999400787 0.0
0.23426900000777096 0.005902000004425645
0.23426900000777096 0.0
0.23674799999571405 0.005643999989842996
0.23674799999571405 0.0
0.23528299998724833 0.005807999987155199
0.23528299998724833 9.999785106629133e-07
0.23491999998805113 0.005600000004051253
0.23491999998805113 0.0
0.23312499999883585 0.005561000027228147
0.23312499999883585 0.0
0.22896800001035444 0.0055850000062491745
0.22896800001035444 1.00000761449337e-06
0.22843099999590777 0.005600000004051253
0.22843099999590777 1.00000761449337e-06
0.22699299998930655 0.005411999998614192
0.22699299998930655 0.0
0.23070200000074692 0.005571000016061589
0.23070200000074692 1.00000761449337e-06
0.23131500001181848 0.005460999993374571
0.23131500001181848 0.0
0.17235400000936352 0.004098000004887581
0.17235400000936352 0.0
0.1726840000192169 0.004106000007595867
0.1726840000192169 0.0
0.17244599998230115 0.004020000022137538
0.17244599998230115 0.0
0.17149399998015724 0.004014000005554408
0.17149399998015724 9.999785106629133e-07
0.17282099998556077 0.004328000009991229
0.17282099998556077 0.0
0.17106699998839758 0.003964000003179535
0.17106699998839758 1.00000761449337e-06
0.17463900000439025 0.004080999991856515
0.17463900000439025 0.0
0.1734559999895282 0.004125000006752089
0.1734559999895282 1.00000761449337e-06
0.17541200001141988 0.004038999992189929
0.17541200001141988 0.0
0.17345999999088235 0.004134999995585531
0.17345999999088235 1.00000761449337e-06
0.17741299999761395 0.004153999994741753
0.17741299999761395 1.00000761449337e-06
0.22782699999515899 0.005403999995905906
0.22782699999515899 0.0
0.23353500000666827 0.005478000006405637
0.23353500000666827 1.00000761449337e-06
0.17732499999692664 0.004155000002356246
0.17732499999692664 0.0
0.1760810000123456 0.004183000011835247
0.1760810000123456 0.0
0.17694900001515634 0.004137000010814518
0.17694900001515634 0.0
0.17645400000037625 0.004211999999824911
0.17645400000037625 0.0
0.17713200001162477 0.004148999985773116
0.17713200001162477 1.00000761449337e-06
0.1770760000217706 0.004192000022158027
0.1770760000217706 1.00000761449337e-06
0.1766840000054799 0.0041649999911896884
0.1766840000054799 0.0
0.17798899998888373 0.004165999998804182
0.17798899998888373 0.0
0.17439099997864105 0.00407300001825206
0.17439099997864105 0.0
0.17536800002562813 0.0044470000138971955
0.17536800002562813 0.0
0.17762900001253001 0.004010000004200265
0.17762900001253001 0.0
0.17920699997921474 0.004443999991053715
0.17920699997921474 0.0
0.17841399999451824 0.004362000006949529
0.17841399999451824 1.00000761449337e-06
0.1788269999960903 0.004301999986637384
0.1788269999960903 1.00000761449337e-06
0.17717099998844787 0.004243000003043562
0.17717099998844787 0.0
0.177291999978479 0.004195000015897676
0.177291999978479 0.0
0.1770869999891147 0.004194000008283183
0.1770869999891147 0.0
0.23073500001919456 0.005569000000832602
0.23073500001919456 0.0
0.23348100000293925 0.005468000017572194
0.23348100000293925 0.0
0.2333939999807626 0.00567600000067614
0.2333939999807626 1.00000761449337e-06
0.23845000000437722 0.005612999986624345
0.23845000000437722 1.00000761449337e-06
0.2438710000133142 0.005996000021696091
0.2438710000133142 0.0
0.196033999993233 0.0055979999888222665
0.196033999993233 0.0
0.24117299998761155 0.005734000005759299
0.24117299998761155 0.0
0.24123399998643436 0.006062000000383705
0.24123399998643436 0.0
0.24612699999124743 0.006056000012904406
0.24612699999124743 0.0
0.1843300000182353 0.0043880000011995435
0.1843300000182353 0.0
0.23957800000789575 0.005785999994259328
0.23957800000789575 0.0
0.241039999993518 0.005671999999321997
0.241039999993518 9.999785106629133e-07
0.24002399999881163 0.005929000006290153
0.24002399999881163 0.0
0.18051700000069104 0.00422400000388734
0.18051700000069104 0.0
0.17929900001036003 0.004197000002022833
0.17929900001036003 0.0
0.17898699999204837 0.004191999993054196
0.17898699999204837 0.0
0.17885299999034032 0.00422699999762699
0.17885299999034032 0.0
0.17914999998174608 0.004263000009814277
0.17914999998174608 0.0
0.1811440000019502 0.0041769999952521175
0.1811440000019502 1.00000761449337e-06
0.18132699999841861 0.004390999994939193
0.18132699999841861 1.00000761449337e-06
0.18451200000708923 0.004391999973449856
0.18451200000708923 9.999785106629133e-07
0.18136800001957454 0.004257000022334978
0.18136800001957454 0.0
0.18179100000998005 0.004331999982241541
0.18179100000998005 0.0
0.21964600001228973 0.005910000007133931
0.21964600001228973 1.00000761449337e-06
0.23691099998541176 0.005567000014707446
0.23691099998541176 1.00000761449337e-06
0.23630200000479817 0.005696999985957518
0.23630200000479817 9.999785106629133e-07
0.23613599999225698 0.004797000001417473
0.23613599999225698 1.00000761449337e-06
0.1947130000044126 0.004909000010229647
0.1947130000044126 9.999785106629133e-07
0.23662000001058914 0.005625999998301268
0.23662000001058914 1.00000761449337e-06
0.24265299999387935 0.005908000021008775
0.24265299999387935 0.0
0.2411429999920074 0.005750999989686534
0.2411429999920074 1.00000761449337e-06
0.18142599999555387 0.004239000001689419
0.18142599999555387 0.0
0.1806849999993574 0.004251000005751848
0.1806849999993574 0.0
0.18818900000769645 0.00443299999460578
0.18818900000769645 0.0
0.18450400000438094 0.004421999998157844
0.18450400000438094 9.999785106629133e-07
0.24127500000759028 0.00575599999865517
0.24127500000759028 0.0
0.24339899999904446 0.005590999993728474
0.24339899999904446 0.0
0.2563019999943208 0.004799999995157123
0.2563019999943208 0.0
0.20654800001648255 0.004973999981302768
0.20654800001648255 0.0
0.19960200000787154 0.005084000003989786
0.19960200000787154 0.0
0.24377800000365824 0.006074999982956797
0.24377800000365824 0.0
0.24687299999641255 0.005797999998321757
0.24687299999641255 9.999785106629133e-07
0.24244300002465025 0.005766999995103106
0.24244300002465025 0.0
0.18976599999587052 0.004595999984303489
0.18976599999587052 1.00000761449337e-06
0.18919599999208003 0.004462000011699274
0.18919599999208003 1.00000761449337e-06
0.2436230000166688 0.0059680000122170895
0.2436230000166688 1.00000761449337e-06
0.19374700001208112 0.00459299999056384
0.19374700001208112 1.00000761449337e-06
0.188717999990331 0.0044889999844599515
0.188717999990331 1.00000761449337e-06
0.19134499999927357 0.0046830000064801425
0.19134499999927357 0.0
0.19150899999658577 0.004583000001730397
0.19150899999658577 1.00000761449337e-06
0.23160500000813045 0.005773999990196899
0.23160500000813045 1.00000761449337e-06
0.25109999999403954 0.00608500000089407
0.25109999999403954 0.0
0.19288700001197867 0.0045430000172927976
0.19288700001197867 0.0
0.19688299999688752 0.011296999990008771
0.19688299999688752 1.00000761449337e-06
0.22364399998332374 0.01284700000542216
0.22364399998332374 9.999785106629133e-07
0.23970900001586415 0.006304999988060445
0.23970900001586415 0.0
0.19859000001451932 0.004773000022396445
0.19859000001451932 0.0
0.24674800000502728 0.006274999992456287
0.24674800000502728 9.999785106629133e-07
0.2571699999971315 0.005983999988529831
0.2571699999971315 0.0
0.2533220000041183 0.005987000011373311
0.2533220000041183 0.0
0.1938590000208933 0.004493000014917925
0.1938590000208933 0.0
0.19385300000431016 0.004571999976178631
0.19385300000431016 9.999785106629133e-07
0.24140599998645484 0.006484000012278557
0.24140599998645484 1.00000761449337e-06
0.2551629999943543 0.006236000015633181
0.2551629999943543 0.0
0.2513360000157263 0.006240999995497987
0.2513360000157263 0.0
0.2414850000059232 0.0058379999827593565
0.2414850000059232 1.00000761449337e-06
0.24155000000610016 0.005957999994279817
0.24155000000610016 9.999785106629133e-07
0.27443799999309704 0.005948999983957037
0.27443799999309704 1.00000761449337e-06
0.2682839999906719 0.0071860000025480986
0.2682839999906719 0.0
0.22361600000294857 0.004673999996157363
0.22361600000294857 1.00000761449337e-06
0.21981999999843538 0.006144999992102385
0.21981999999843538 1.00000761449337e-06
0.2418080000206828 0.004645000008167699
0.2418080000206828 0.0
INFO:sc2.protocol:Client status changed to Status.ended (was Status.in_game)
INFO:sc2.protocol:Client status changed to Status.ended (was Status.in_game)
INFO:root:Result for player 1 - Bot(Race.Terran, <bots.__examples__.nc_example_v6.drop_bot.DropBot object at 0x7f5283434198>): Defeat
INFO:root:Result for player 2 - Bot(Race.Terran, <bots.Showing_bot.speedBot.MarinBot object at 0x7f528343b5c0>): Victory
INFO:sc2.client:Saved replay to outs/2020-01-17T11-28-03/replays/drop_bot-showing_bot/drop_bot-showing_bot-0.SC2Replay
INFO:sc2.protocol:Client status changed to Status.launched (was Status.ended)
INFO:sc2.protocol:Client status changed to Status.quit (was Status.launched)
INFO:sc2.sc2process:kill_switch: Process cleanup
INFO:sc2.sc2process:Cleaning up...
INFO:sc2.sc2process:Cleanup complete
INFO:sc2.sc2process:Cleaning up...
INFO:sc2.sc2process:Cleanup complete
INFO:sc2.protocol:Cannot receive: Connection already closed.
INFO:sc2.sc2process:kill_switch: Process cleanup
INFO:sc2.sc2process:Cleaning up...
INFO:sc2.sc2process:Cleanup complete
INFO:sc2.sc2process:Cleaning up...
INFO:sc2.sc2process:Cleanup complete


## STDERR ##

Version: B75689 (SC2.4.10)
Build: Aug 12 2019 17:16:57
Command Line: '"/home/hspark8312/StarCraftII/Versions/Base75689/SC2_x64" -listen 127.0.0.1 -port 22647 -displayMode 0 -dataDir /home/hspark8312/StarCraftII -tempDir /tmp/SC2_xiwdahto'
Starting up...
Startup Phase 1 complete
Version: B75689 (SC2.4.10)
Build: Aug 12 2019 17:16:57
Command Line: '"/home/hspark8312/StarCraftII/Versions/Base75689/SC2_x64" -listen 127.0.0.1 -port 21527 -displayMode 0 -dataDir /home/hspark8312/StarCraftII -tempDir /tmp/SC2_jwfbqusv'
Starting up...
Startup Phase 1 complete
Startup Phase 2 complete
Creating stub renderer...
Listening on: 127.0.0.1:22647
Startup Phase 3 complete. Ready for commands.
Startup Phase 2 complete
Creating stub renderer...
ConnectHandler: Request from 127.0.0.1:62827 accepted
ReadyHandler: 127.0.0.1:62827 ready
Requesting to join a multiplayer game
Configuring interface options
Configure: raw interface enabled
Configure: feature layer interface enabled
Configure: score interface enabled
Configure: render interface disabled
Create game with map path: NCFellowship-2019_m1_v6.SC2Map
Listening on: 127.0.0.1:21527
Startup Phase 3 complete. Ready for commands.
ConnectHandler: Request from 127.0.0.1:62828 accepted
ReadyHandler: 127.0.0.1:62828 ready
Requesting to join a multiplayer game
Configuring interface options
Configure: raw interface enabled
Configure: feature layer interface enabled
Configure: score interface enabled
Configure: render interface disabled
Attempting to join a game with the map: NCFellowship-2019_m1_v6.SC2Map
Game has started.
Using default stable ids, none found at: /home/hspark8312/StarCraftII/stableid.json
Successfully loaded stable ids: GameData\stableid.json
Sending ResponseJoinGame
Game has started.
Using default stable ids, none found at: /home/hspark8312/StarCraftII/stableid.json
Successfully loaded stable ids: GameData\stableid.json
Sending ResponseJoinGame
RequestQuit command received.
Closing Application...
CloseHandler: 127.0.0.1:62828 disconnected
Terminate action already called.
/home/hspark8312/anaconda3/envs/sc2/lib/python3.6/importlib/_bootstrap.py:219: RuntimeWarning: numpy.ufunc size changed, may indicate binary incompatibility. Expected 192 from C header, got 216 from PyObject
  return f(*args, **kwds)
/home/hspark8312/anaconda3/envs/sc2/lib/python3.6/importlib/_bootstrap.py:219: RuntimeWarning: numpy.ufunc size changed, may indicate binary incompatibility. Expected 192 from C header, got 216 from PyObject
  return f(*args, **kwds)
/home/hspark8312/anaconda3/envs/sc2/lib/python3.6/site-packages/tensorboard/compat/tensorflow_stub/dtypes.py:541: FutureWarning: Passing (type, 1) or '1type' as a synonym of type is deprecated; in a future version of numpy, it will be understood as (type, (1,)) / '(1,)type'.
  _np_qint8 = np.dtype([("qint8", np.int8, 1)])
/home/hspark8312/anaconda3/envs/sc2/lib/python3.6/site-packages/past/builtins/misc.py:45: DeprecationWarning: the imp module is deprecated in favour of importlib; see the module's documentation for alternative uses
  from imp import reload
/mnt/d/sc2minigame-eval-2020-01-09/bots/Showing_bot/speedBot.py:1643: RuntimeWarning: coroutine 'TerreinManager.debug' was never awaited
  self.terrein_manager.debug()
