## STDOUT ##

[[92mINFO[0m] SC2 4.9.0 용 패치 적용
패치 sc2.ids.ability_id
패치 sc2.game_state
패치 sc2.bot_ai
패치 sc2.client
패치 sc2.controller
패치 sc2.main
INFO:root:Failed to import cuda module: No module named 'caffe2.python.caffe2_pybind11_state_gpu'
INFO:root:Failed to import AMD hip module: No module named 'caffe2.python.caffe2_pybind11_state_hip'
WARNING:root:This caffe2 python run does not have GPU support. Will run in CPU only mode.
cpu
INFO:sc2.protocol:Client status changed to Status.launched (was None)
INFO:sc2_patch.sc2_patch_490.controller:Creating new game
INFO:sc2_patch.sc2_patch_490.controller:Map:     NCFellowship-2019_m1_v6
INFO:sc2_patch.sc2_patch_490.controller:Players: Bot(Race.Terran, <bots.__examples__.nc_example_v6.drop_bot.DropBot object at 0x7fa854c331d0>), Bot(Race.Terran, <bots.Showing_bot.speedBot.MarinBot object at 0x7fa854c3a5f8>)
INFO:sc2.protocol:Client status changed to Status.init_game (was Status.launched)
INFO:sc2.protocol:Client status changed to Status.launched (was None)
INFO:sc2.protocol:Client status changed to Status.in_game (was None)
INFO:root:Player 2 - Bot(Race.Terran, <bots.Showing_bot.speedBot.MarinBot object at 0x7fa854c3a5f8>)
TEST: 2, <bots.Showing_bot.speedBot.MarinBot object at 0x7fa854c3a5f8>
INFO:sc2.protocol:Client status changed to Status.in_game (was None)
INFO:root:Player 1 - Bot(Race.Terran, <bots.__examples__.nc_example_v6.drop_bot.DropBot object at 0x7fa854c331d0>)
TEST: 1, <bots.__examples__.nc_example_v6.drop_bot.DropBot object at 0x7fa854c331d0>
load model: bots/Showing_bot/models/model-89.pt
create new model
0.05339300000923686 0.0036259999906178564
0.05339300000923686 0.0
0.04433599999174476 0.002072000002954155
0.04433599999174476 0.0
0.043965999997453764 0.0013340000004973263
0.043965999997453764 0.0
0.04374599998118356 0.0012989999959245324
0.04374599998118356 1.00000761449337e-06
0.0437499999825377 0.0011959999974351376
0.0437499999825377 1.00000761449337e-06
0.04395799999474548 0.0010959999926853925
0.04395799999474548 0.0
0.04379200001130812 0.001121999986935407
0.04379200001130812 0.0
0.04349700000602752 0.0013209999888204038
0.04349700000602752 1.00000761449337e-06
0.044498999981442466 0.0011079999967478216
0.044498999981442466 9.999785106629133e-07
0.043658999988110736 0.0010870000114664435
0.043658999988110736 1.00000761449337e-06
0.043716999993193895 0.0010970000002998859
0.043716999993193895 0.0
0.0438070000091102 0.001100000023143366
0.0438070000091102 9.999785106629133e-07
0.04388499999186024 0.0011449999874457717
0.04388499999186024 0.0
0.04362300000502728 0.0013210000179242343
0.04362300000502728 0.0
0.04401499999221414 0.0011360000062268227
0.04401499999221414 0.0
0.043781999993370846 0.001129999989643693
0.043781999993370846 9.999785106629133e-07
0.043602999998256564 0.0010900000052060932
0.043602999998256564 0.0
0.04357199999503791 0.0010870000114664435
0.04357199999503791 0.0
0.04405600001337007 0.0011139999842271209
0.04405600001337007 1.00000761449337e-06
0.044270999991567805 0.0011689999955706298
0.044270999991567805 1.00000761449337e-06
0.04764399997657165 0.0013770000077784061
0.04764399997657165 0.0
0.05734699999447912 0.001436999998986721
0.05734699999447912 0.0
0.049482000002171844 0.0013390000094659626
0.049482000002171844 9.999785106629133e-07
0.04964700000709854 0.0013069999986328185
0.04964700000709854 1.00000761449337e-06
0.04922300000907853 0.0013340000004973263
0.04922300000907853 9.999785106629133e-07
0.0485200000111945 0.0015070000081323087
0.0485200000111945 1.00000761449337e-06
0.05142100001103245 0.0017630000074859709
0.05142100001103245 0.0
0.05262699999730103 0.0012369999894872308
0.05262699999730103 0.0
0.046249000006355345 0.0011929999745916575
0.046249000006355345 0.0
0.04619600001024082 0.0012749999877996743
0.04619600001024082 0.0
0.046310999983688816 0.001193000003695488
0.046310999983688816 0.0
0.0467449999996461 0.0011729999969247729
0.0467449999996461 1.00000761449337e-06
0.046990000002551824 0.0012590000114869326
0.046990000002551824 1.00000761449337e-06
0.04645100000197999 0.00120900000911206
0.04645100000197999 1.00000761449337e-06
0.04620700000668876 0.0012140000180806965
0.04620700000668876 9.999785106629133e-07
0.04877100000157952 0.002841000008629635
0.04877100000157952 1.00000761449337e-06
0.04899700000532903 0.0013559999933931977
0.04899700000532903 9.999785106629133e-07
0.04880799999227747 0.0012310000020079315
0.04880799999227747 0.0
0.0485249999910593 0.0012419999984558672
0.0485249999910593 0.0
0.04865400001290254 0.0012749999877996743
0.04865400001290254 1.00000761449337e-06
changed strategy
0.05365300000994466 0.0014570000057574362
0.05365300000994466 0.0
0.06054700000095181 0.0012620000052265823
0.06054700000095181 9.999785106629133e-07
0.05195000002277084 0.0013340000004973263
0.05195000002277084 1.00000761449337e-06
0.06679499999154359 0.0017060000100173056
0.06679499999154359 9.999785106629133e-07
0.06763400000636466 0.0017430000007152557
0.06763400000636466 0.0
0.06799599999794737 0.001970000012079254
0.06799599999794737 0.0
0.06919400001061149 0.001740999985486269
0.06919400001061149 1.00000761449337e-06
0.06766199998673983 0.001867000013589859
0.06766199998673983 0.0
0.07031399998231791 0.0017419999931007624
0.07031399998231791 0.0
0.06713400001171976 0.0017309999966528267
0.06713400001171976 1.00000761449337e-06
0.07333099999232218 0.001986999996006489
0.07333099999232218 0.0
0.07325600000331178 0.0017769999976735562
0.07325600000331178 1.00000761449337e-06
0.07083099998999387 0.00172899998142384
0.07083099998999387 1.00000761449337e-06
0.07392399999662302 0.0018100000161211938
0.07392399999662302 0.0
0.07368999999016523 0.0018229999986942858
0.07368999999016523 1.00000761449337e-06
0.0707620000175666 0.0017930000030901283
0.0707620000175666 0.0
0.07166799998958595 0.0019399999873712659
0.07166799998958595 0.0
0.07177300000330433 0.001795000018319115
0.07177300000330433 0.0
0.07377800001995638 0.0019480000191833824
0.07377800001995638 1.00000761449337e-06
0.07186799999908544 0.0017890000017359853
0.07186799999908544 0.0
0.051267000002553686 0.0012479999859351665
0.051267000002553686 1.00000761449337e-06
0.05134899998665787 0.0013479999906849116
0.05134899998665787 0.0
0.054887999984202906 0.0013319999852683395
0.054887999984202906 1.00000761449337e-06
0.05382100000861101 0.0013230000040493906
0.05382100000861101 0.0
0.052533999987645075 0.0013020000187680125
0.052533999987645075 0.0
0.05292899999767542 0.0013220000255387276
0.05292899999767542 0.0
0.05376899999100715 0.0013329999928828329
0.05376899999100715 0.0
0.05146700001205318 0.001248000015038997
0.05146700001205318 0.0
0.05327099998248741 0.0013010000111535192
0.05327099998248741 0.0
0.050836000009439886 0.0012549999810289592
0.050836000009439886 0.0
0.053081999998539686 0.003144999995129183
0.053081999998539686 1.00000761449337e-06
0.05317500000819564 0.001459000020986423
0.05317500000819564 1.00000761449337e-06
0.053650999994715676 0.0013180000241845846
0.053650999994715676 0.0
0.05497500000637956 0.001416999992216006
0.05497500000637956 0.0
0.053540000022621825 0.001357000001007691
0.053540000022621825 0.0
0.05380299998796545 0.001344999996945262
0.05380299998796545 1.00000761449337e-06
0.05329300000448711 0.0013219999964348972
0.05329300000448711 0.0
0.0580939999781549 0.003452000004472211
0.0580939999781549 0.0
0.05790300000808202 0.0016389999946113676
0.05790300000808202 0.0
0.05851500001153909 0.001476000004913658
0.05851500001153909 0.0
0.05925799999386072 0.0015290000010281801
0.05925799999386072 1.00000761449337e-06
0.05677400002605282 0.0014770000125281513
0.05677400002605282 1.00000761449337e-06
0.05782799998996779 0.0017339999903924763
0.05782799998996779 0.0
0.057055999990552664 0.001500999991549179
0.057055999990552664 0.0
0.05413199999020435 0.0018050000071525574
0.05413199999020435 0.0
0.07135500002186745 0.002394999988609925
0.07135500002186745 0.0
0.05760199998621829 0.001744000008329749
0.05760199998621829 0.0
0.06899200001498684 0.0017060000100173056
0.06899200001498684 0.0
0.06666599999880418 0.001543000020319596
0.06666599999880418 1.00000761449337e-06
0.05962000001454726 0.002047000016318634
0.05962000001454726 0.0
0.05300099999294616 0.0017050000024028122
0.05300099999294616 0.0
0.04643600000417791 0.0014610000071115792
0.04643600000417791 0.0
0.04850599999190308 0.0014830000000074506
0.04850599999190308 0.0
0.055923999985679984 0.0021049999922979623
0.055923999985679984 1.00000761449337e-06
0.048064000002341345 0.001436999998986721
0.048064000002341345 0.0
0.046741000027395785 0.0013970000145491213
0.046741000027395785 1.00000761449337e-06
0.051662999991094694 0.001496000011684373
0.051662999991094694 0.0
0.06350999997812323 0.0015899999998509884
0.06350999997812323 0.0
0.06554899999173358 0.0016900000046007335
0.06554899999173358 1.00000761449337e-06
0.04603600001428276 0.0012439999845810235
0.04603600001428276 1.00000761449337e-06
0.06717399999615736 0.0019200000097043812
0.06717399999615736 0.0
0.06831099998089485 0.0017850000003818423
0.06831099998089485 0.0
0.06768199999351054 0.0020179999992251396
0.06768199999351054 1.00000761449337e-06
0.06690199999138713 0.0017210000078193843
0.06690199999138713 0.0
0.048778000025777146 0.0012360000109765679
0.048778000025777146 0.0
0.06324300001142547 0.001719000021694228
0.06324300001142547 0.0
0.06859499998972751 0.0018310000014025718
0.06859499998972751 0.0
0.06972199998563156 0.0017860000079963356
0.06972199998563156 0.0
0.0682119999837596 0.001720000000204891
0.0682119999837596 0.0
0.06686500000068918 0.0018689999997150153
0.06686500000068918 1.00000761449337e-06
0.06730799999786541 0.0017470000020693988
0.06730799999786541 0.0
0.06790800002636388 0.0018400000117253512
0.06790800002636388 9.999785106629133e-07
0.06701599998632446 0.0018609999970067292
0.06701599998632446 0.0
0.04906900000059977 0.0012410000199452043
0.04906900000059977 0.0
0.06893200002377853 0.0017860000079963356
0.06893200002377853 9.999785106629133e-07
0.04874800000106916 0.0012160000042058527
0.04874800000106916 0.0
0.04859200000646524 0.0012080000014975667
0.04859200000646524 0.0
0.04930799998692237 0.0011959999974351376
0.04930799998692237 0.0
0.04910500001278706 0.0013629999884869903
0.04910500001278706 0.0
0.04910299999755807 0.0012740000092890114
0.04910299999755807 1.00000761449337e-06
0.05212000000756234 0.0013729999773204327
0.05212000000756234 0.0
0.05107099999440834 0.0012869999918621033
0.05107099999440834 0.0
0.051005000015720725 0.0013259999977890402
0.051005000015720725 0.0
0.06405099999392405 0.0014899999951012433
0.06405099999392405 0.0
0.07323399998131208 0.0018010000057984143
0.07323399998131208 0.0
0.07022700001834892 0.0017940000107046217
0.07022700001834892 0.0
0.07267000002320856 0.0018379999964963645
0.07267000002320856 0.0
0.07184899999992922 0.0017940000107046217
0.07184899999992922 1.00000761449337e-06
0.07132399998954497 0.0018829999899026006
0.07132399998954497 0.0
0.07015299997874536 0.001799999998183921
0.07015299997874536 0.0
0.07029800000600517 0.001724000001559034
0.07029800000600517 0.0
0.0728559999843128 0.001947000011568889
0.0728559999843128 0.0
0.0666579999960959 0.0017719999887049198
0.0666579999960959 0.0
0.07288600000902079 0.0020260000019334257
0.07288600000902079 0.0
0.07002100002137013 0.0018320000090170652
0.07002100002137013 0.0
0.07502099999692291 0.0020369999983813614
0.07502099999692291 0.0
0.05395899998256937 0.0013069999986328185
0.05395899998256937 0.0
0.06166599999414757 0.001500999991549179
0.06166599999414757 0.0
0.0757269999885466 0.0018930000078398734
0.0757269999885466 0.0
0.0725549999915529 0.0018489999929443002
0.0725549999915529 0.0
0.07550899998750538 0.0018740000086836517
0.07550899998750538 9.999785106629133e-07
0.06687099998816848 0.001676999992923811
0.06687099998816848 1.00000761449337e-06
0.07361399999354035 0.001908999984152615
0.07361399999354035 0.0
0.054555000009713694 0.0013750000216532499
0.054555000009713694 9.999785106629133e-07
0.053220000001601875 0.0013770000077784061
0.053220000001601875 0.0
0.053164999990258366 0.0013559999933931977
0.053164999990258366 0.0
0.06632499999250285 0.0018469999777153134
0.06632499999250285 1.00000761449337e-06
0.07406099999207072 0.0018580000032670796
0.07406099999207072 1.00000761449337e-06
0.07467800000449643 0.0018459999992046505
0.07467800000449643 1.00000761449337e-06
0.0768089999910444 0.0020429999858606607
0.0768089999910444 0.0
0.05664900000556372 0.001504999992903322
0.05664900000556372 1.00000761449337e-06
0.06139899999834597 0.0015460000140592456
0.06139899999834597 1.00000761449337e-06
0.07444199998280965 0.0019069999980274588
0.07444199998280965 1.00000761449337e-06
0.07629399999859743 0.0019259999971836805
0.07629399999859743 1.00000761449337e-06
0.05601500000921078 0.0013960000069346279
0.05601500000921078 0.0
0.05605199999990873 0.0014159999846015126
0.05605199999990873 0.0
0.05635599998640828 0.0013949999993201345
0.05635599998640828 9.999785106629133e-07
0.05585500001325272 0.001416000013705343
0.05585500001325272 0.0
0.05616200002259575 0.0014039999805390835
0.05616200002259575 0.0
0.056656000000657514 0.001816000003600493
0.056656000000657514 0.0
0.07331400000839494 0.00422099998104386
0.07331400000839494 0.0
0.07852400001138449 0.0023379999911412597
0.07852400001138449 1.00000761449337e-06
0.06114900001557544 0.0035639999841805547
0.06114900001557544 0.0
0.06080599999404512 0.0021510000224225223
0.06080599999404512 1.00000761449337e-06
0.06302299999515526 0.0036869999894406646
0.06302299999515526 0.0
0.06331300002057105 0.0018560000171419233
0.06331300002057105 1.00000761449337e-06
0.06314100002055056 0.002187000005505979
0.06314100002055056 0.0
0.06710699998075143 0.0018609999970067292
0.06710699998075143 0.0
0.08585599999059923 0.002574000012828037
0.08585599999059923 0.0
0.06447199999820441 0.0018680000212043524
0.06447199999820441 0.0
0.06294399997568689 0.0018069999932777137
0.06294399997568689 0.0
0.08368899999186397 0.004753999994136393
0.08368899999186397 9.999785106629133e-07
0.06844400000409223 0.00434399998630397
0.06844400000409223 0.0
0.07715000002644956 0.004840999987209216
0.07715000002644956 0.0
0.07564899997669272 0.003536999982316047
0.07564899997669272 0.0
0.0777210000087507 0.002254000020911917
0.0777210000087507 0.0
0.08987900000647642 0.005479999992530793
0.08987900000647642 0.0
0.08989900001324713 0.0033750000002328306
0.08989900001324713 1.00000761449337e-06
0.08256799998343922 0.002072000002954155
0.08256799998343922 9.999785106629133e-07
0.08257999998750165 0.0024440000124741346
0.08257999998750165 1.00000761449337e-06
0.08285599999362603 0.0023330000112764537
0.08285599999362603 1.00000761449337e-06
0.08244500000728294 0.002286000002641231
0.08244500000728294 0.0
0.0822209999896586 0.002115999988745898
0.0822209999896586 1.00000761449337e-06
0.07292000000597909 0.0020549999899230897
0.07292000000597909 0.0
0.061236999987158924 0.0016879999893717468
0.061236999987158924 1.00000761449337e-06
0.06103900002199225 0.0015190000121947378
0.06103900002199225 0.0
0.06076200000825338 0.00181200000224635
0.06076200000825338 0.0
0.06062000000383705 0.001720000000204891
0.06062000000383705 1.00000761449337e-06
0.06052199998521246 0.0020420000073499978
0.06052199998521246 0.0
0.06052800000179559 0.0018900000141002238
0.06052800000179559 0.0
0.06309199999668635 0.002054000011412427
0.06309199999668635 0.0
0.06433899997500703 0.001838000025600195
0.06433899997500703 1.00000761449337e-06
0.06298099999548867 0.0015830000047571957
0.06298099999548867 0.0
0.05838699999731034 0.0019139999931212515
0.05838699999731034 1.00000761449337e-06
0.05825700002606027 0.0014300000038929284
0.05825700002606027 1.00000761449337e-06
0.05823399999644607 0.0019269999756943434
0.05823399999644607 0.0
0.06086399999912828 0.003015000023879111
0.06086399999912828 0.0
0.06371499999659136 0.0019380000012461096
0.06371499999659136 9.999785106629133e-07
0.07526700000744313 0.0019460000039543957
0.07526700000744313 1.00000761449337e-06
0.06393299999763258 0.0015980000025592744
0.06393299999763258 9.999785106629133e-07
0.08285799997975118 0.002653000003192574
0.08285799997975118 0.0
0.09212099999422207 0.0025169999862555414
0.09212099999422207 1.4999997802078724e-05
0.08883500000229105 0.0023190000210888684
0.08883500000229105 9.999785106629133e-07
0.08406200000899844 0.002163999975891784
0.08406200000899844 0.0
0.08128199999919161 0.0020969999895896763
0.08128199999919161 1.00000761449337e-06
0.08313499999349006 0.0021029999770689756
0.08313499999349006 1.00000761449337e-06
0.0834280000126455 0.002330000017536804
0.0834280000126455 1.00000761449337e-06
0.08203899997170083 0.0023879999935161322
0.08203899997170083 1.00000761449337e-06
0.08325299998978153 0.0022769999923184514
0.08325299998978153 2.19999928958714e-05
0.08373000001301989 0.002244999981485307
0.08373000001301989 1.00000761449337e-06
0.06367800000589341 0.0015879999846220016
0.06367800000589341 1.00000761449337e-06
0.06338399997912347 0.0015589999966323376
0.06338399997912347 1.00000761449337e-06
0.06293400001595728 0.0016210000030696392
0.06293400001595728 0.0
0.06373600001097657 0.001600999996298924
0.06373600001097657 0.0
0.06328100000973791 0.0015669999993406236
0.06328100000973791 0.0
0.0636850000009872 0.0015759999805595726
0.0636850000009872 0.0
0.06337899999925867 0.0015770000172778964
0.06337899999925867 9.999785106629133e-07
0.06332600000314415 0.001640000002225861
0.06332600000314415 9.999785106629133e-07
0.0718570000026375 0.0022920000192243606
0.0718570000026375 1.00000761449337e-06
0.07128599999123253 0.0019540000066626817
0.07128599999123253 0.0
0.11295300000347197 0.0034490000107325613
0.11295300000347197 9.999785106629133e-07
0.09321300001465715 0.005827000015415251
0.09321300001465715 0.0
0.08985600000596605 0.0023419999924954027
0.08985600000596605 0.0
0.08983100001933053 0.0021749999723397195
0.08983100001933053 0.0
0.08295899999211542 0.0020589999912772328
0.08295899999211542 0.0
0.08531500000390224 0.0024009999760892242
0.08531500000390224 0.0
0.09823500001220964 0.0029359999753069133
0.09823500001220964 0.0
0.11266600000089966 0.0029180000128690153
0.11266600000089966 0.0
0.11857900000177324 0.0028560000064317137
0.11857900000177324 1.00000761449337e-06
0.06617400000686757 0.0016250000044237822
0.06617400000686757 0.0
0.06356400001095608 0.0015609999827574939
0.06356400001095608 0.0
0.06340399998589419 0.0016210000030696392
0.06340399998589419 0.0
0.06274900000425987 0.001592999993590638
0.06274900000425987 0.0
0.06321100000059232 0.0015829999756533653
0.06321100000059232 0.0
0.06288800001493655 0.0015830000047571957
0.06288800001493655 0.0
0.06583900001714937 0.0016330000071320683
0.06583900001714937 1.00000761449337e-06
0.06337499999790452 0.001576000009663403
0.06337499999790452 0.0
0.06298399998922832 0.0015659999917261302
0.06298399998922832 1.00000761449337e-06
0.06432299999869429 0.0017050000024028122
0.06432299999869429 1.00000761449337e-06
0.0648769999970682 0.001631999999517575
0.0648769999970682 0.0
0.06379300000844523 0.0015980000025592744
0.06379300000844523 1.00000761449337e-06
0.06369399998220615 0.001584000012371689
0.06369399998220615 1.00000761449337e-06
0.06304599999566562 0.001596999994944781
0.06304599999566562 0.0
0.0783629999787081 0.002115000010235235
0.0783629999787081 1.00000761449337e-06
0.07051600000704639 0.0018419999978505075
0.07051600000704639 1.00000761449337e-06
0.08902099999249913 0.002242999995360151
0.08902099999249913 0.0
0.08933499999693595 0.0022969999990891665
0.08933499999693595 1.00000761449337e-06
0.08952799998223782 0.00213199999416247
0.08952799998223782 0.0
0.0873859999992419 0.002166999998735264
0.0873859999992419 1.00000761449337e-06
0.08879400001023896 0.002154000016162172
0.08879400001023896 9.999785106629133e-07
0.08829200000036508 0.0022849999950267375
0.08829200000036508 0.0
0.06666699997731484 0.0016659999964758754
0.06666699997731484 0.0
0.08875199998146854 0.002282000001287088
0.08875199998146854 0.0
0.06687499998952262 0.001668999990215525
0.06687499998952262 0.0
0.07927099999506027 0.0017720000178087503
0.07927099999506027 1.00000761449337e-06
0.0896049999864772 0.002330000017536804
0.0896049999864772 1.00000761449337e-06
0.093012000026647 0.002250999998068437
0.093012000026647 9.999785106629133e-07
0.09908599997288547 0.002445999998599291
0.09908599997288547 1.00000761449337e-06
0.097379999991972 0.0024219999904744327
0.097379999991972 0.0
0.09599199998774566 0.0024200000043492764
0.09599199998774566 9.999785106629133e-07
0.10156500001903623 0.002537000022130087
0.10156500001903623 1.00000761449337e-06
0.101208999985829 0.002742000011494383
0.101208999985829 1.00000761449337e-06
0.10099100001389161 0.002626999979838729
0.10099100001389161 0.0
0.10246500000357628 0.002546999981859699
0.10246500000357628 0.0
0.10567900000023656 0.0026619999844115227
0.10567900000023656 1.00000761449337e-06
0.07866900000954047 0.0019420000026002526
0.07866900000954047 0.0
0.07782900001620874 0.0018629999831318855
0.07782900001620874 1.00000761449337e-06
0.0775230000144802 0.0019190000020898879
0.0775230000144802 0.0
0.07857000001240522 0.0022809999936725944
0.07857000001240522 9.999785106629133e-07
0.07761800001026131 0.0019179999944753945
0.07761800001026131 9.999785106629133e-07
0.07875099999364465 0.0019739999843295664
0.07875099999364465 1.00000761449337e-06
0.07741299999179319 0.0019299999985378236
0.07741299999179319 0.0
0.07801100000506267 0.001927000004798174
0.07801100000506267 0.0
0.07753500001854263 0.0019249999895691872
0.07753500001854263 0.0
0.08078299998305738 0.002004999987548217
0.08078299998305738 1.00000761449337e-06
0.08265100000426173 0.0020420000073499978
0.08265100000426173 1.00000761449337e-06
0.08223400000133552 0.0020280000171624124
0.08223400000133552 1.00000761449337e-06
0.08205600001383573 0.001999000000068918
0.08205600001383573 1.00000761449337e-06
0.08212400000775233 0.0019859999883919954
0.08212400000775233 0.0
0.08492100000148639 0.002076999982818961
0.08492100000148639 1.00000761449337e-06
0.0855159999919124 0.0021330000017769635
0.0855159999919124 0.0
0.08251300000119954 0.002043999993475154
0.08251300000119954 1.00000761449337e-06
0.08230199999525212 0.002123999991454184
0.08230199999525212 0.0
0.11003399998298846 0.002817000000504777
0.11003399998298846 1.00000761449337e-06
0.08272400000714697 0.0020739999890793115
0.08272400000714697 1.00000761449337e-06
0.08040199999231845 0.0020349999831523746
0.08040199999231845 0.0
0.10905100000672974 0.0028079999901819974
0.10905100000672974 9.999785106629133e-07
0.10914700001012534 0.002693999995244667
0.10914700001012534 0.0
0.11294399999314919 0.0028260000108275563
0.11294399999314919 1.00000761449337e-06
0.08505500000319444 0.0021850000193808228
0.08505500000319444 0.0
0.08524900002521463 0.0020710000244434923
0.08524900002521463 0.0
0.11552600000868551 0.0028390000225044787
0.11552600000868551 0.0
0.11553700000513345 0.0030070000211708248
0.11553700000513345 2.1000014385208488e-05
0.11792900000000373 0.00306099999579601
0.11792900000000373 0.0
0.11351700001978315 0.0021760000090580434
0.11351700001978315 0.0
0.11479799999506213 0.0029289999802131206
0.11479799999506213 9.999785106629133e-07
0.11396200000308454 0.0028509999974630773
0.11396200000308454 1.00000761449337e-06
0.11270900000818074 0.002902999985963106
0.11270900000818074 9.999785106629133e-07
0.11378799998783506 0.0028950000123586506
0.11378799998783506 0.0
0.12041900001349859 0.002957000018795952
0.12041900001349859 0.0
0.0893940000096336 0.002187000005505979
0.0893940000096336 1.00000761449337e-06
0.09484299999894574 0.005693999992217869
0.09484299999894574 0.0
0.09192599999369122 0.0023840000212658197
0.09192599999369122 0.0
0.09240799999679439 0.0022360000002663583
0.09240799999679439 0.0
0.11451600000145845 0.0030989999941084534
0.11451600000145845 1.00000761449337e-06
0.09291400000802241 0.0023070000170264393
0.09291400000802241 0.0
0.0930639999860432 0.0022539999918080866
0.0930639999860432 0.0
0.09457999997539446 0.002490000013494864
0.09457999997539446 1.00000761449337e-06
0.09443200001260266 0.0023539999965578318
0.09443200001260266 1.00000761449337e-06
0.09198199998354539 0.0023010000004433095
0.09198199998354539 0.0
0.09470000001601875 0.0023779999755788594
0.09470000001601875 0.0
0.09696499997517094 0.0025360000145155936
0.09696499997517094 0.0
0.09689899999648333 0.002437000017380342
0.09689899999648333 9.999785106629133e-07
0.09729199999128468 0.0024440000124741346
0.09729199999128468 0.0
0.09646999998949468 0.0023919999948702753
0.09646999998949468 0.0
0.09229400000185706 0.00229199999012053
0.09229400000185706 0.0
0.09242499998072162 0.002287000010255724
0.09242499998072162 9.999785106629133e-07
0.09264700001222081 0.0022779999999329448
0.09264700001222081 9.999785106629133e-07
0.12359299999661744 0.003161999979056418
0.12359299999661744 1.00000761449337e-06
0.12376399998902343 0.0024529999936930835
0.12376399998902343 0.0
0.12139499999466352 0.003152999997837469
0.12139499999466352 9.999785106629133e-07
0.12053299997933209 0.003029999992577359
0.12053299997933209 0.0
0.12378300001728348 0.003032000007806346
0.12378300001728348 9.999785106629133e-07
0.12484800000675023 0.003161999979056418
0.12484800000675023 0.0
0.0875510000041686 0.0021859999978914857
0.0875510000041686 0.0
0.08984900001087226 0.0022529999841935933
0.08984900001087226 1.00000761449337e-06
0.0914970000158064 0.0022939999762456864
0.0914970000158064 0.0
0.08983599999919534 0.002282000001287088
0.08983599999919534 0.0
0.08987600001273677 0.002232999977422878
0.08987600001273677 1.00000761449337e-06
0.08696300000883639 0.002139999996870756
0.08696300000883639 1.00000761449337e-06
0.08784700001706369 0.002202000003308058
0.08784700001706369 0.0
0.0880170000018552 0.002230000012787059
0.0880170000018552 0.0
0.0874490000132937 0.0022000000171829015
0.0874490000132937 0.0
0.10284300000057556 0.0024649999977555126
0.10284300000057556 0.0
0.09653000000980683 0.0025559999921824783
0.09653000000980683 0.0
0.12075099998037331 0.003244999999878928
0.12075099998037331 9.999785106629133e-07
0.11081000001286156 0.0031279999820981175
0.11081000001286156 0.0
0.0901270000031218 0.0022120000212453306
0.0901270000031218 1.00000761449337e-06
0.08941900002537295 0.0024240000057034194
0.08941900002537295 0.0
0.09093499998562038 0.0022720000124536455
0.09093499998562038 0.0
0.11786900000879541 0.003045999997993931
0.11786900000879541 1.00000761449337e-06
0.12526299999444745 0.003201999992597848
0.12526299999444745 0.0
0.12335599999642 0.003048999991733581
0.12335599999642 9.999785106629133e-07
0.12189500001841225 0.0030310000001918525
0.12189500001841225 1.00000761449337e-06
0.12551399998483248 0.0031069999968167394
0.12551399998483248 0.0
0.10758199999690987 0.002533000020775944
0.10758199999690987 0.0
0.12254000001121312 0.003124999988358468
0.12254000001121312 0.0
0.12196699998457916 0.0031350000062957406
0.12196699998457916 0.0
0.12548300001071766 0.0031350000062957406
0.12548300001071766 1.00000761449337e-06
0.11523899997700937 0.003105000010691583
0.11523899997700937 0.0
0.12675699999090284 0.0031780000135768205
0.12675699999090284 1.00000761449337e-06
0.12896699999691918 0.003251000016462058
0.12896699999691918 0.0
0.12408900001901202 0.0031260000250767916
0.12408900001901202 0.0
0.12711199998739175 0.003064999997150153
0.12711199998739175 9.999785106629133e-07
0.12649100000271574 0.003173000004608184
0.12649100000271574 9.999785106629133e-07
0.12738300001365133 0.0031740000122226775
0.12738300001365133 1.00000761449337e-06
0.12761600001249462 0.0031509999826084822
0.12761600001249462 0.0
0.1299740000104066 0.0033570000086911023
0.1299740000104066 1.00000761449337e-06
0.1226510000124108 0.0031869999947957695
0.1226510000124108 0.0
0.12525799998547882 0.003109999990556389
0.12525799998547882 0.0
0.12557999999262393 0.0032390000123996288
0.12557999999262393 9.999785106629133e-07
0.09593500001938082 0.0023729999957140535
0.09593500001938082 9.999785106629133e-07
0.09449199997470714 0.0024640000192448497
0.09449199997470714 0.0
0.09451200001058169 0.0024039999989327043
0.09451200001058169 0.0
0.09487200001603924 0.002535999985411763
0.09487200001603924 0.0
0.10056500000064261 0.0024209999828599393
0.10056500000064261 9.999785106629133e-07
0.10081499998341314 0.0024200000043492764
0.10081499998341314 9.999785106629133e-07
0.1048329999903217 0.002654000010807067
0.1048329999903217 0.0
0.10499399999389425 0.0023280000023078173
0.10499399999389425 0.0
0.11524400001508184 0.00237800000468269
0.11524400001508184 0.0
0.09798799999407493 0.002515000000130385
0.09798799999407493 0.0
0.09654999998747371 0.0025779999850783497
0.09654999998747371 1.00000761449337e-06
0.09768799997982569 0.002326000016182661
0.09768799997982569 0.0
0.09507300000404939 0.002609000017400831
0.09507300000404939 1.00000761449337e-06
0.09885700000450015 0.0027319999935571104
0.09885700000450015 9.999785106629133e-07
0.10308900001109578 0.0031689999741502106
0.10308900001109578 0.0
0.10092100000474602 0.0024320000084117055
0.10092100000474602 0.0
0.10028700000839308 0.002657000004546717
0.10028700000839308 0.0
0.09772600000724196 0.00233499999740161
0.09772600000724196 0.0
0.1238149999990128 0.0030769999721087515
0.1238149999990128 0.0
0.11294399999314919 0.0031069999968167394
0.11294399999314919 0.0
0.10195499999099411 0.003089999983785674
0.10195499999099411 0.0
0.1266030000115279 0.003255000017816201
0.1266030000115279 0.0
0.11483900001621805 0.0026289999950677156
0.11483900001621805 0.0
0.1049559999955818 0.0031709999893791974
0.1049559999955818 0.0
0.13024900000891648 0.0031420000013895333
0.13024900000891648 1.00000761449337e-06
0.1288580000109505 0.003204999986337498
0.1288580000109505 1.00000761449337e-06
0.12985900000785477 0.003156999999191612
0.12985900000785477 0.0
0.12866799999028444 0.003121999994618818
0.12866799999028444 0.0
0.1270459999796003 0.0030780000088270754
0.1270459999796003 0.0
0.09068300001672469 0.0022240000253077596
0.09068300001672469 0.0
0.08955599999171682 0.002139999996870756
0.08955599999171682 0.0
0.09525399998528883 0.00269199998001568
0.09525399998528883 0.0
0.10586199999670498 0.002533999999286607
0.10586199999670498 1.00000761449337e-06
0.09925400000065565 0.0024139999877661467
0.09925400000065565 0.0
0.09706100000767037 0.002367000008234754
0.09706100000767037 0.0
0.10194300001603551 0.0024249999842140824
0.10194300001603551 0.0
0.10716800001682714 0.0027279999922029674
0.10716800001682714 1.00000761449337e-06
0.10873399997944944 0.00713099999120459
0.10873399997944944 1.00000761449337e-06
0.13513999999850057 0.006839999987278134
0.13513999999850057 0.0
0.13924999997834675 0.008658000006107613
0.13924999997834675 0.0
0.13626699999440461 0.008879000000888482
0.13626699999440461 0.0
0.12390899998717941 0.0036520000139717013
0.12390899998717941 1.00000761449337e-06
0.13019999998505227 0.0031999999773688614
0.13019999998505227 0.0
0.1262120000028517 0.0030140000162646174
0.1262120000028517 0.0
0.12332499999320135 0.002913999982411042
0.12332499999320135 1.00000761449337e-06
0.12232299998868257 0.002905999979702756
0.12232299998868257 1.00000761449337e-06
0.11426899998332374 0.0026760000037029386
0.11426899998332374 1.00000761449337e-06
0.10168399999383837 0.0024759999942034483
0.10168399999383837 9.999785106629133e-07
0.10696699999971315 0.002343000000109896
0.10696699999971315 9.999785106629133e-07
0.11201700000674464 0.002890999981900677
0.11201700000674464 0.0
0.10497099999338388 0.002519999979995191
0.10497099999338388 1.00000761449337e-06
0.10475599998608232 0.002513000014005229
0.10475599998608232 0.0
0.140170999977272 0.003480000013951212
0.140170999977272 0.0
0.1405430000158958 0.0031450000242330134
0.1405430000158958 0.0
0.11743100002058782 0.0038130000175442547
0.11743100002058782 9.999785106629133e-07
0.13104700000258163 0.0031759999983478338
0.13104700000258163 0.0
0.13952899997821078 0.003603999997721985
0.13952899997821078 0.0
0.1405850000155624 0.009030000015627593
0.1405850000155624 0.0
0.1853899999987334 0.004973999981302768
0.1853899999987334 1.00000761449337e-06
0.12623799999710172 0.00309799998649396
0.12623799999710172 0.0
0.12448200001381338 0.0030390000029001385
0.12448200001381338 1.00000761449337e-06
0.12086599998292513 0.002964000013889745
0.12086599998292513 0.0
0.11985800002003089 0.002990999986650422
0.11985800002003089 9.999785106629133e-07
0.11977299998397939 0.0029039999935775995
0.11977299998397939 0.0
0.10798200001590885 0.002625000022817403
0.10798200001590885 1.00000761449337e-06
0.1004759999923408 0.002478000009432435
0.1004759999923408 1.00000761449337e-06
0.10049700000672601 0.0024719999928493053
0.10049700000672601 0.0
0.10247499999240972 0.0025569999997969717
0.10247499999240972 0.0
0.10282400000141934 0.002705999999307096
0.10282400000141934 0.0
0.09975200000917539 0.002390999987255782
0.09975200000917539 0.0
0.09755199999199249 0.002330999996047467
0.09755199999199249 0.0
0.09703199999057688 0.0024810000031720847
0.09703199999057688 0.0
0.12568800000008196 0.0031509999826084822
0.12568800000008196 0.0
0.13120299999718554 0.0031749999907333404
0.13120299999718554 1.400001929141581e-05
0.13418299998738803 0.00318400000105612
0.13418299998738803 0.0
0.13688700000056997 0.0032810000120662153
0.13688700000056997 2.19999928958714e-05
0.13700800001970492 0.0027840000111609697
0.13700800001970492 1.00000761449337e-06
0.10172199999215081 0.002410000015515834
0.10172199999215081 0.0
0.1017639999918174 0.002426999999443069
0.1017639999918174 0.0
0.12860399999772198 0.0032389999832957983
0.12860399999772198 1.00000761449337e-06
0.13728499997523613 0.003339999995660037
0.13728499997523613 1.00000761449337e-06
0.13552700000582263 0.0033190000103786588
0.13552700000582263 0.0
0.1376120000204537 0.003478000027826056
0.1376120000204537 1.00000761449337e-06
0.14239000002271496 0.0034060000034514815
0.14239000002271496 0.0
0.13827399999718182 0.003407000011065975
0.13827399999718182 1.00000761449337e-06
0.13699699999415316 0.003296999988378957
0.13699699999415316 9.999785106629133e-07
0.10559300001477823 0.0024930000072345138
0.10559300001477823 0.0
0.10118299999157898 0.00245800000266172
0.10118299999157898 0.0
0.10157299999264069 0.002533999999286607
0.10157299999264069 0.0
0.10539000001153909 0.0025960000057239085
0.10539000001153909 0.0
0.10404799997922964 0.00254100002348423
0.10404799997922964 0.0
0.10532699999748729 0.0025099999911617488
0.10532699999748729 0.0
0.10826099998666905 0.0024600000178907067
0.10826099998666905 1.00000761449337e-06
0.10232700000051409 0.002817000000504777
0.10232700000051409 1.00000761449337e-06
0.10317399998893961 0.0024520000151824206
0.10317399998893961 0.0
0.10188500001095235 0.002521999995224178
0.10188500001095235 0.0
0.10559099999954924 0.002888999995775521
0.10559099999954924 1.00000761449337e-06
0.10359800001606345 0.00253199998405762
0.10359800001606345 9.999785106629133e-07
0.1045099999755621 0.002537000022130087
0.1045099999755621 1.00000761449337e-06
0.10690299997804686 0.002597000013338402
0.10690299997804686 1.00000761449337e-06
0.10728100000414997 0.0025449999957345426
0.10728100000414997 0.0
0.10671999998157844 0.002578999992692843
0.10671999998157844 1.00000761449337e-06
0.10686400000122376 0.002601000014692545
0.10686400000122376 1.00000761449337e-06
0.10807600000407547 0.002593999990494922
0.10807600000407547 9.999785106629133e-07
0.10665400000289083 0.002606999973068014
0.10665400000289083 0.0
0.10663200000999495 0.0026590000197757035
0.10663200000999495 0.0
0.10630499999388121 0.0025849999801721424
0.10630499999388121 0.0
0.10719199999584816 0.002558000007411465
0.10719199999584816 0.0
0.10777299999608658 0.0025739999837242067
0.10777299999608658 1.00000761449337e-06
0.10398100002203137 0.002525999996578321
0.10398100002203137 1.00000761449337e-06
0.13649000000441447 0.0035170000046491623
0.13649000000441447 0.0
0.13360200001625344 0.0027319999935571104
0.13360200001625344 0.0
0.13994500000262633 0.003515000018524006
0.13994500000262633 1.00000761449337e-06
0.14811800001189113 0.003511999995680526
0.14811800001189113 0.0
0.1505159999942407 0.003536000003805384
0.1505159999942407 0.0
0.15228599999682046 0.003683000017190352
0.15228599999682046 1.00000761449337e-06
0.14457199999014847 0.003659000009065494
0.14457199999014847 0.0
0.14616900001419708 0.0036909999907948077
0.14616900001419708 0.0
0.1464830000186339 0.0036549999786075205
0.1464830000186339 0.0
0.10978900000918657 0.0025489999970886856
0.10978900000918657 0.0
0.13513799998327158 0.003671000013127923
0.13513799998327158 0.0
0.13462799999979325 0.003037999995285645
0.13462799999979325 0.0
0.10962500001187436 0.002666999993380159
0.10962500001187436 1.00000761449337e-06
0.14958599998499267 0.003548999986378476
0.14958599998499267 0.0
0.14922500000102445 0.003204000007826835
0.14922500000102445 1.00000761449337e-06
0.15187500001047738 0.0035980000102426857
0.15187500001047738 9.999785106629133e-07
0.11241200001677498 0.0027460000128485262
0.11241200001677498 0.0
0.11138399998890236 0.0027120000158902258
0.11138399998890236 0.0
0.11182799999369308 0.002781999995931983
0.11182799999369308 9.999785106629133e-07
0.11160600002040155 0.0027780000236816704
0.11160600002040155 0.0
0.11202300002332777 0.0026740000175777823
0.11202300002332777 0.0
0.11160500001278706 0.0027910000062547624
0.11160500001278706 1.00000761449337e-06
0.11191700000199489 0.002796000015223399
0.11191700000199489 0.0
0.10902500001247972 0.0026319999888073653
0.10902500001247972 0.0
0.1209040000103414 0.00298099999781698
0.1209040000103414 0.0
0.1486600000062026 0.003532000002451241
0.1486600000062026 9.999785106629133e-07
0.14912799999001436 0.0037979999906383455
0.14912799999001436 1.00000761449337e-06
0.1487429999979213 0.003528000001097098
0.1487429999979213 0.0
0.15261099999770522 0.0036770000006072223
0.15261099999770522 1.00000761449337e-06
0.15514899999834597 0.003815999982180074
0.15514899999834597 0.0
0.1345689999870956 0.003253000002587214
0.1345689999870956 1.00000761449337e-06
0.1586200000019744 0.003895000001648441
0.1586200000019744 0.0
0.15512199999648146 0.0037449999945238233
0.15512199999648146 0.0
0.15447699997457676 0.0039920000126585364
0.15447699997457676 0.0
0.1567170000053011 0.003669999976409599
0.1567170000053011 0.0
0.15524699998786673 0.003720000007888302
0.15524699998786673 0.0
0.15864999999757856 0.003723000001627952
0.15864999999757856 0.0
0.1549700000032317 0.0036900000122841448
0.1549700000032317 0.0
0.1517089999979362 0.0037420000007841736
0.1517089999979362 0.0
0.11748400001670234 0.0028849999944213778
0.11748400001670234 1.00000761449337e-06
0.13964500001748092 0.002825000003213063
0.13964500001748092 1.00000761449337e-06
0.15544499998213723 0.0038090000161901116
0.15544499998213723 0.0
0.15667399999802 0.003739000007044524
0.15667399999802 0.0
0.15923900000052527 0.003914000000804663
0.15923900000052527 0.0
0.14699999999720603 0.00390700000571087
0.14699999999720603 0.0
0.15511300001526251 0.0037569999985862523
0.15511300001526251 0.0
0.14361700002336875 0.008477999974275008
0.14361700002336875 0.0
0.1167719999793917 0.002829000004567206
0.1167719999793917 0.0
0.11673999999766238 0.002845000009983778
0.11673999999766238 0.0
0.13500700000440702 0.0029989999893587083
0.13500700000440702 1.00000761449337e-06
0.15308200000436045 0.0037810000067111105
0.15308200000436045 0.0
0.15282300001126714 0.003771999996388331
0.15282300001126714 0.0
0.13996500000939704 0.0029759999888483435
0.13996500000939704 1.00000761449337e-06
0.14670599999953993 0.003786000015679747
0.14670599999953993 1.00000761449337e-06
0.15032700001029298 0.003684999974211678
0.15032700001029298 1.00000761449337e-06
0.15513500000815839 0.003739000007044524
0.15513500000815839 1.00000761449337e-06
0.1538460000010673 0.0038819999899715185
0.1538460000010673 0.0
0.15489399997750297 0.003724999987753108
0.15489399997750297 9.999785106629133e-07
0.15977899997960776 0.0038650000060442835
0.15977899997960776 9.999785106629133e-07
0.1568660000048112 0.003926000004867092
0.1568660000048112 1.00000761449337e-06
0.15776800000458024 0.0038979999953880906
0.15776800000458024 1.00000761449337e-06
0.15711000000010245 0.003156999999191612
0.15711000000010245 1.00000761449337e-06
0.15667199998279102 0.00387000001501292
0.15667199998279102 0.0
0.15744999999878928 0.0038340000028256327
0.15744999999878928 0.0
0.16616299998713657 0.004048000002512708
0.16616299998713657 0.0
0.15161500000976957 0.003224999993108213
0.15161500000976957 1.00000761449337e-06
0.15901400000439025 0.003938000008929521
0.15901400000439025 0.0
0.16263800000888295 0.00390999999945052
0.16263800000888295 0.0
0.16178100000252016 0.003928999998606741
0.16178100000252016 0.0
0.11847600000328384 0.0028219999803695828
0.11847600000328384 0.0
0.11916800000471994 0.0028119999915361404
0.11916800000471994 1.00000761449337e-06
0.11924099997850135 0.002873000019462779
0.11924099997850135 0.0
0.11949500002083369 0.0028030000103171915
0.11949500002083369 0.0
0.11975600000005215 0.002905000001192093
0.11975600000005215 0.0
0.11836499997298233 0.0028750000055879354
0.11836499997298233 0.0
0.1194649999961257 0.0029079999949317425
0.1194649999961257 1.00000761449337e-06
0.11820499997702427 0.002808999997796491
0.11820499997702427 0.0
0.11690500000258908 0.0028879999881610274
0.11690500000258908 1.00000761449337e-06
0.11648100000456907 0.0028959999908693135
0.11648100000456907 0.0
0.11862600001040846 0.002905000001192093
0.11862600001040846 1.00000761449337e-06
0.11862799999653362 0.0030550000083167106
0.11862799999653362 9.999785106629133e-07
0.11870799999451265 0.0032500000088475645
0.11870799999451265 0.0
0.12046799997915514 0.003056999994441867
0.12046799997915514 0.0
0.12020500001381151 0.002905000001192093
0.12020500001381151 1.00000761449337e-06
0.11983700000564568 0.0033669999975245446
0.11983700000564568 0.0
0.11970400001155213 0.0030029999907128513
0.11970400001155213 0.0
0.11945699999341741 0.0032070000015664846
0.11945699999341741 1.00000761449337e-06
0.12023100000806153 0.002945999993244186
0.12023100000806153 0.0
0.11875500000314787 0.002972999995108694
0.11875500000314787 1.00000761449337e-06
0.12201299998559989 0.003028000006452203
0.12201299998559989 0.0
0.16579699999419972 0.004295999999158084
0.16579699999419972 1.00000761449337e-06
0.12388699999428354 0.003033999993931502
0.12388699999428354 0.0
0.12820100001408719 0.0031540000054519624
0.12820100001408719 0.0
0.12824300001375377 0.003244000021368265
0.12824300001375377 1.00000761449337e-06
0.15950300000258721 0.004178000002866611
0.15950300000258721 9.999785106629133e-07
0.16762500000186265 0.004098999983398244
0.16762500000186265 9.999785106629133e-07
0.17007799999555573 0.004098000004887581
0.17007799999555573 1.00000761449337e-06
0.1685239999787882 0.004121000005397946
0.1685239999787882 0.0
0.17057800001930445 0.004127000021981075
0.17057800001930445 1.00000761449337e-06
0.1261309999972582 0.0031049999815877527
0.1261309999972582 1.00000761449337e-06
0.1267470000020694 0.0030519999854732305
0.1267470000020694 1.00000761449337e-06
0.12651000000187196 0.003045999997993931
0.12651000000187196 0.0
0.1271450000058394 0.0033109999785665423
0.1271450000058394 1.00000761449337e-06
0.12310199998319149 0.0029940000094939023
0.12310199998319149 0.0
0.12725699998554774 0.0030310000001918525
0.12725699998554774 1.00000761449337e-06
0.12552400000276975 0.0030980000155977905
0.12552400000276975 0.0
0.12617000000318512 0.003081000002566725
0.12617000000318512 0.0
0.12568900000769645 0.0030220000189729035
0.12568900000769645 1.00000761449337e-06
0.12638100000913255 0.0030239999759942293
0.12638100000913255 1.00000761449337e-06
0.12642600000253879 0.0030630000110249966
0.12642600000253879 0.0
0.1301720000046771 0.0033070000063162297
0.1301720000046771 0.0
0.1396029999887105 0.003775999997742474
0.1396029999887105 1.00000761449337e-06
0.15831100000650622 0.010013999999500811
0.15831100000650622 0.0
0.19615400000475347 0.005967000004602596
0.19615400000475347 0.0
0.16791300001204945 0.01027199998497963
0.16791300001204945 0.0
0.17085699999006465 0.01071500001125969
0.17085699999006465 0.0
0.1714419999916572 0.004584000009344891
0.1714419999916572 1.00000761449337e-06
0.1627300000109244 0.003996999992523342
0.1627300000109244 1.00000761449337e-06
0.1981169999926351 0.005034999980125576
0.1981169999926351 9.999785106629133e-07
0.19813799997791648 0.004878000007010996
0.19813799997791648 1.00000761449337e-06
0.19232900001225062 0.004890000011073425
0.19232900001225062 0.0
0.1525089999777265 0.0037069999962113798
0.1525089999777265 0.0
0.18979900001431815 0.0047130000020843
0.18979900001431815 0.0
0.1947470000013709 0.004829000012250617
0.1947470000013709 0.0
0.1432550000026822 0.003999000007752329
0.1432550000026822 0.0
0.13873299999977462 0.003404999995836988
0.13873299999977462 0.0
0.14160799997625872 0.0035539999953471124
0.14160799997625872 0.0
0.14083400001982227 0.003493999975034967
0.14083400001982227 1.00000761449337e-06
0.14380900000105612 0.0036229999968782067
0.14380900000105612 0.0
0.1464630000118632 0.003444000001763925
0.1464630000118632 0.0
0.1458109999948647 0.003643000003648922
0.1458109999948647 0.0
0.14125099999364465 0.0035259999858681113
0.14125099999364465 0.0
0.13767799999914132 0.0036309999995864928
0.13767799999914132 0.0
0.13817299998481758 0.0034710000036284328
0.13817299998481758 0.0
0.1378899999835994 0.0036170000093989074
0.1378899999835994 0.0
0.13829299999633804 0.0034429999941494316
0.13829299999633804 0.0
0.1362760000047274 0.0033690000127535313
0.1362760000047274 1.00000761449337e-06
0.13357299999915995 0.003361999988555908
0.13357299999915995 9.999785106629133e-07
0.12974999999278225 0.0032390000123996288
0.12974999999278225 1.00000761449337e-06
0.13181599997915328 0.0032170000195037574
0.13181599997915328 0.0
0.13305299999774434 0.0036829999880865216
0.13305299999774434 1.00000761449337e-06
0.13410699999076314 0.0032359999895561486
0.13410699999076314 0.0
0.17551300002378412 0.004499000002397224
0.17551300002378412 1.999997766688466e-05
0.17713100000401028 0.004435999988345429
0.17713100000401028 0.0
0.17700200001127087 0.004284000024199486
0.17700200001127087 1.00000761449337e-06
0.13448000000789762 0.0035519999801181257
0.13448000000789762 0.0
0.14970700000412762 0.0032869999995455146
0.14970700000412762 0.0
0.13895900000352412 0.003507999994326383
0.13895900000352412 1.00000761449337e-06
0.13503500001388602 0.0031799999997019768
0.13503500001388602 1.00000761449337e-06
0.1308349999890197 0.003097000007983297
0.1308349999890197 9.999785106629133e-07
0.15085000000544824 0.003200000006472692
0.15085000000544824 1.00000761449337e-06
0.1429329999955371 0.0038349999813362956
0.1429329999955371 1.00000761449337e-06
0.12634699998307042 0.003277999989222735
0.12634699998307042 0.0
0.13247799998498522 0.0032399999909102917
0.13247799998498522 0.0
0.15322599999490194 0.0038170000188983977
0.15322599999490194 1.00000761449337e-06
0.11659099999815226 0.002785999997286126
0.11659099999815226 9.999785106629133e-07
0.14002600000821985 0.004532999999355525
0.14002600000821985 1.00000761449337e-06
0.1515040000085719 0.0039019999967422336
0.1515040000085719 1.00000761449337e-06
0.15523899998515844 0.004555000021355227
0.15523899998515844 0.0
0.11398999998345971 0.0030310000001918525
0.11398999998345971 0.0
0.11402999999700114 0.0030740000074729323
0.11402999999700114 0.0
0.1291579999960959 0.0036829999880865216
0.1291579999960959 0.0
0.14678700000513345 0.0036259999906178564
0.14678700000513345 1.00000761449337e-06
0.12980599998263642 0.003751999989617616
0.12980599998263642 1.00000761449337e-06
0.14436000000569038 0.003644999989774078
0.14436000000569038 0.0
0.14965700000175275 0.003796000004513189
0.14965700000175275 0.0
0.15688500000396743 0.003735999984201044
0.15688500000396743 0.0
0.1567569999897387 0.0037709999887738377
0.1567569999897387 0.0
0.1557920000050217 0.00374399998690933
0.1557920000050217 0.0
0.15059999999357387 0.0038490000006277114
0.15059999999357387 0.0
0.15643800000543706 0.004054999997606501
0.15643800000543706 0.0
0.1549910000176169 0.0037509999820031226
0.1549910000176169 9.999785106629133e-07
0.14904499999829568 0.0037819999852217734
0.14904499999829568 9.999785106629133e-07
0.1384470000048168 0.0038650000060442835
0.1384470000048168 1.00000761449337e-06
0.14628099999390543 0.0037930000107735395
0.14628099999390543 0.0
0.15281400000094436 0.004224999982398003
0.15281400000094436 1.00000761449337e-06
0.13816899998346344 0.003839000011794269
0.13816899998346344 0.0
0.14305799998692237 0.0034220000088680536
0.14305799998692237 0.0
0.1466379999765195 0.003376000007847324
0.1466379999765195 0.0
0.1558110000041779 0.004050999996252358
0.1558110000041779 1.00000761449337e-06
0.15802100001019426 0.003886999998940155
0.15802100001019426 0.0
0.14882699999725446 0.003882999997586012
0.14882699999725446 0.0
0.1493439999758266 0.003915999986929819
0.1493439999758266 1.00000761449337e-06
0.14816899999277666 0.004120999976294115
0.14816899999277666 1.400001929141581e-05
0.15013399999588728 0.0032549999887123704
0.15013399999588728 0.0
0.15825500001665205 0.0038169999897945672
0.15825500001665205 0.0
0.14764699997613207 0.0036639999889303
0.14764699997613207 0.0
0.13144800000009127 0.0038440000207629055
0.13144800000009127 1.00000761449337e-06
0.12046199999167584 0.004136000003200024
0.12046199999167584 0.0
0.13227799997548573 0.003185999987181276
0.13227799997548573 0.0
0.16846200000145473 0.004081999999471009
0.16846200000145473 0.0
0.15475499999593012 0.0034630000009201467
0.15475499999593012 0.0
0.15024099999573082 0.0030399999814108014
0.15024099999573082 1.00000761449337e-06
0.13567499999771826 0.003922000003512949
0.13567499999771826 0.0
0.1285959999950137 0.0036610000242944807
0.1285959999950137 0.0
0.1301519999979064 0.002982999983942136
0.1301519999979064 9.999785106629133e-07
0.14336200000252575 0.0039009999891277403
0.14336200000252575 1.00000761449337e-06
0.1632429999881424 0.0039960000140126795
0.1632429999881424 9.999785106629133e-07
0.1610180000134278 0.003980000008596107
0.1610180000134278 0.0
0.11864500000956468 0.00290099999983795
0.11864500000956468 0.0
0.15875500001129694 0.003886999998940155
0.15875500001129694 0.0
0.1597229999897536 0.0038179999974090606
0.1597229999897536 9.999785106629133e-07
0.1571599999733735 0.003755000012461096
0.1571599999733735 0.0
0.15737800000351854 0.0038419999764300883
0.15737800000351854 0.0
0.16168199997628108 0.0039040000119712204
0.16168199997628108 0.0
0.16375300000072457 0.004039999999804422
0.16375300000072457 1.00000761449337e-06
0.11985099999583326 0.002869999996619299
0.11985099999583326 0.0
0.11883300001500174 0.0029180000128690153
0.11883300001500174 1.00000761449337e-06
0.11961900000460446 0.0028919999895151705
0.11961900000460446 1.00000761449337e-06
0.15228499998920597 0.004010000004200265
0.15228499998920597 0.0
0.1637040000059642 0.004080999991856515
0.1637040000059642 0.0
0.16757000001962297 0.0040040000167209655
0.16757000001962297 0.0
0.1642089999804739 0.004003000009106472
0.1642089999804739 0.0
0.1657990000094287 0.004287000017939135
0.1657990000094287 0.0
0.1733959999983199 0.004508999991230667
0.1733959999983199 1.00000761449337e-06
0.17529799998737872 0.004084999993210658
0.17529799998737872 0.0
0.17347499998868443 0.004251000005751848
0.17347499998868443 0.0
0.17167399998288602 0.004258000000845641
0.17167399998288602 1.00000761449337e-06
0.17016100001637824 0.004323999979533255
0.17016100001637824 1.00000761449337e-06
0.12643999999272637 0.004044000001158565
0.12643999999272637 9.999785106629133e-07
0.16335899999830872 0.0041640000126790255
0.16335899999830872 1.00000761449337e-06
0.134699999995064 0.0031829999934416264
0.134699999995064 0.0
0.13055299999541603 0.00342399999499321
0.13055299999541603 1.00000761449337e-06
0.13183900000876747 0.0031339999986812472
0.13183900000876747 1.00000761449337e-06
0.13101400001323782 0.0031140000210143626
0.13101400001323782 1.00000761449337e-06
0.13739600000553764 0.0031060000183060765
0.13739600000553764 1.00000761449337e-06
0.13187399998423643 0.0031700000108685344
0.13187399998423643 1.00000761449337e-06
0.13119600000209175 0.0031629999866709113
0.13119600000209175 1.00000761449337e-06
0.13176100002601743 0.003599000017857179
0.13176100002601743 0.0
0.1368709999951534 0.0034989999840036035
0.1368709999951534 0.0
0.13698099998873658 0.0033420000108890235
0.13698099998873658 0.0
0.15917199998511933 0.004411000001709908
0.15917199998511933 0.0
0.1751419999927748 0.004501999996136874
0.1751419999927748 0.0
0.17583100000047125 0.004333999997470528
0.17583100000047125 0.0
0.1786710000014864 0.004489999992074445
0.1786710000014864 0.0
0.17133300000568852 0.0042280000052414834
0.17133300000568852 9.999785106629133e-07
0.1632300000055693 0.004158000025199726
0.1632300000055693 0.0
0.16920000000391155 0.004305000009480864
0.16920000000391155 0.0
0.16533299998263828 0.00422699999762699
0.16533299998263828 0.0
0.1719100000045728 0.004367999994428828
0.1719100000045728 1.00000761449337e-06
0.15847600001143292 0.003638000023784116
0.15847600001143292 0.0
0.1690470000030473 0.004122000013012439
0.1690470000030473 0.0
0.17060499999206513 0.004060000006575137
0.17060499999206513 0.0
0.16881100001046434 0.004021999979158863
0.16881100001046434 0.0
0.17262999998638406 0.004129000008106232
0.17262999998638406 1.00000761449337e-06
0.17530999999144115 0.004314000019803643
0.17530999999144115 9.999785106629133e-07
0.17253599999821745 0.0041480000072624534
0.17253599999821745 0.0
0.1785210000234656 0.0042110000213142484
0.1785210000234656 0.0
0.17211700000916608 0.00415000002249144
0.17211700000916608 1.00000761449337e-06
0.16695199999958277 0.0040550000267103314
0.16695199999958277 0.0
0.17188700000406243 0.004053999989992008
0.17188700000406243 0.0
0.17160999999032356 0.0042409999878145754
0.17160999999032356 1.00000761449337e-06
0.17112600000109524 0.004175999987637624
0.17112600000109524 1.00000761449337e-06
0.17287300000316463 0.004090999980689958
0.17287300000316463 2.19999928958714e-05
0.17168800000217743 0.004112000024178997
0.17168800000217743 1.00000761449337e-06
0.17561199999181554 0.004102000006241724
0.17561199999181554 0.0
0.15653599999495782 0.0040800000133458525
0.15653599999495782 0.0
0.13448000000789762 0.003165000001899898
0.13448000000789762 0.0
0.13134900000295602 0.003189000010024756
0.13134900000295602 1.00000761449337e-06
0.13059899999643676 0.0031590000144205987
0.13059899999643676 1.00000761449337e-06
0.13250499998684973 0.0031620000081602484
0.13250499998684973 1.00000761449337e-06
0.1313559999980498 0.0031989999988581985
0.1313559999980498 0.0
0.18982599998707883 0.004669000016292557
0.18982599998707883 0.0
0.18553200000314973 0.004550999990897253
0.18553200000314973 0.0
0.1407199999957811 0.0034900000027846545
0.1407199999957811 0.0
0.1855329999816604 0.004588000010699034
0.1855329999816604 0.0
0.1890350000176113 0.004693000024417415
0.1890350000176113 9.999785106629133e-07
0.1882190000033006 0.004520999995293096
0.1882190000033006 0.0
0.18756600000779144 0.0044769999803975224
0.18756600000779144 9.999785106629133e-07
0.1361519999918528 0.0032519999949727207
0.1361519999918528 9.999785106629133e-07
0.15860900000552647 0.0033069999772123992
0.15860900000552647 0.0
0.17387299999245442 0.0042360000079497695
0.17387299999245442 9.999785106629133e-07
0.1805789999780245 0.004327000002376735
0.1805789999780245 1.00000761449337e-06
0.17627700002049096 0.004283999995095655
0.17627700002049096 9.999785106629133e-07
0.1320549999945797 0.0030740000074729323
0.1320549999945797 1.00000761449337e-06
0.1310079999966547 0.0031350000062957406
0.1310079999966547 0.0
0.17501999999512918 0.0042320000065956265
0.17501999999512918 1.00000761449337e-06
0.18115600000601262 0.004585000016959384
0.18115600000601262 0.0
0.18059299999731593 0.004256000014720485
0.18059299999731593 0.0
0.1386720000009518 0.00326399999903515
0.1386720000009518 0.0
0.14186499998322688 0.0035060000082012266
0.14186499998322688 0.0
0.14142899998114444 0.003419999993639067
0.14142899998114444 1.00000761449337e-06
0.14003400001092814 0.003400999994482845
0.14003400001092814 1.00000761449337e-06
0.1472570000041742 0.004142999998293817
0.1472570000041742 0.0
0.14832599999499507 0.003581999975722283
0.14832599999499507 0.0
0.14058800000930205 0.0033909999765455723
0.14058800000930205 0.0
0.13982899999246 0.003392999991774559
0.13982899999246 0.0
0.13949599998886697 0.003396000014618039
0.13949599998886697 0.0
0.1410219999961555 0.0035510000016074628
0.1410219999961555 0.0
0.14169000001857057 0.0033500000135973096
0.14169000001857057 0.0
0.14189299999270588 0.003452999982982874
0.14189299999270588 1.00000761449337e-06
0.14191599999321625 0.00338099998771213
0.14191599999321625 1.00000761449337e-06
0.14093900000443682 0.0034200000227428973
0.14093900000443682 9.999785106629133e-07
0.14074400000390597 0.0033910000056494027
0.14074400000390597 1.00000761449337e-06
0.1403299999947194 0.0033589999948162585
0.1403299999947194 0.0
0.139035000000149 0.003360999980941415
0.139035000000149 0.0
0.1393699999898672 0.003356000001076609
0.1393699999898672 0.0
0.1386099999945145 0.00334100000327453
0.1386099999945145 1.00000761449337e-06
0.1379179999930784 0.003265999985160306
0.1379179999930784 1.00000761449337e-06
0.14010099999723025 0.0032610000052955
0.14010099999723025 1.00000761449337e-06
0.13840699999127537 0.0032469999860040843
0.13840699999127537 1.00000761449337e-06
0.16036400001030415 0.0034679999807849526
0.16036400001030415 0.0
0.18413399998098612 0.00439300001016818
0.18413399998098612 0.0
0.1825560000143014 0.004405999992741272
0.1825560000143014 0.0
0.18520900001749396 0.004655999975511804
0.18520900001749396 1.00000761449337e-06
0.19221800001105294 0.004665000014938414
0.19221800001105294 0.0
0.1825539999990724 0.0043880000011995435
0.1825539999990724 1.00000761449337e-06
0.17957900001783855 0.004421999998157844
0.17957900001783855 1.00000761449337e-06
0.14625200000591576 0.0036700000055134296
0.14625200000591576 1.00000761449337e-06
0.14304599998285994 0.00346400000853464
0.14304599998285994 1.00000761449337e-06
0.15350699998089112 0.003400999994482845
0.15350699998089112 0.0
0.13878999999724329 0.0033660000190138817
0.13878999999724329 1.00000761449337e-06
0.13565299997571856 0.0032749999954830855
0.13565299997571856 0.0
0.1354929999797605 0.003204999986337498
0.1354929999797605 0.0
0.13831400001072325 0.0033180000027641654
0.13831400001072325 1.00000761449337e-06
0.13780900000710972 0.003251000016462058
0.13780900000710972 0.0
0.13865499998792075 0.0032939999946393073
0.13865499998792075 1.00000761449337e-06
0.1386720000009518 0.003259999997681007
0.1386720000009518 0.0
0.13857899999129586 0.003277999989222735
0.13857899999129586 0.0
0.1385500000033062 0.0032860000210348517
0.1385500000033062 0.0
0.1391040000016801 0.0033180000027641654
0.1391040000016801 0.0
0.1381880000117235 0.0033939999993890524
0.1381880000117235 1.00000761449337e-06
0.1398860000190325 0.00321499997517094
0.1398860000190325 9.999785106629133e-07
0.1387680000043474 0.0032939999946393073
0.1387680000043474 0.0
0.1380879999778699 0.0033279999915976077
0.1380879999778699 0.0
0.14007700001820922 0.0033279999915976077
0.14007700001820922 1.00000761449337e-06
0.13887299998896196 0.0033939999993890524
0.13887299998896196 1.00000761449337e-06
0.14716900000348687 0.0033229999826289713
0.14716900000348687 0.0
0.13823000001139008 0.0032829999981913716
0.13823000001139008 0.0
0.16925300000002608 0.003647999983513728
0.16925300000002608 9.999785106629133e-07
0.1435279999859631 0.003412999998545274
0.1435279999859631 0.0
0.14301999998860992 0.0033989999792538583
0.14301999998860992 0.0
0.14258499999414198 0.003372000006493181
0.14258499999414198 0.0
0.1431309999898076 0.00354400000651367
0.1431309999898076 1.00000761449337e-06
0.1435969999874942 0.0033610000100452453
0.1435969999874942 1.00000761449337e-06
0.18774699998903088 0.004745000012917444
0.18774699998903088 0.0
0.19140800001332536 0.004618000006303191
0.19140800001332536 1.00000761449337e-06
0.14367799999308772 0.003440000000409782
0.14367799999308772 0.0
0.19662900001276284 0.004807999997865409
0.19662900001276284 0.0
0.14555200000177138 0.003484999993816018
0.14555200000177138 0.0
0.1769569999887608 0.004675000003771856
0.1769569999887608 0.0
0.16068100000848062 0.004385999985970557
0.16068100000848062 0.0
0.21533000000636093 0.005280000012135133
0.21533000000636093 0.0
0.2040700000070501 0.005004000006010756
0.2040700000070501 0.0
0.15046299999812618 0.0035849999985657632
0.15046299999812618 0.0
0.2036849999858532 0.004882999986875802
0.2036849999858532 0.0
0.2062900000018999 0.005195000005187467
0.2062900000018999 0.0
0.14887900001485832 0.0035629999765660614
0.14887900001485832 0.0
0.14711499999975786 0.004264999995939434
0.14711499999975786 0.0
0.18462000001454726 0.004687999986344948
0.18462000001454726 0.0
0.19681299998774193 0.004737999988719821
0.19681299998774193 0.0
0.1961330000194721 0.004650999995646998
0.1961330000194721 1.00000761449337e-06
0.1953780000039842 0.004621000000042841
0.1953780000039842 0.0
0.19335200000205077 0.0036709999840240926
0.19335200000205077 0.0
0.1983780000009574 0.004768000013427809
0.1983780000009574 0.0
0.1994680000061635 0.004855000006500632
0.1994680000061635 0.0
0.19777400000020862 0.0047130000020843
0.19777400000020862 0.0
0.19887299998663366 0.004696999996667728
0.19887299998663366 0.0
0.19812700001057237 0.004604999994626269
0.19812700001057237 0.0
0.20321099998545833 0.005338999995728955
0.20321099998545833 1.00000761449337e-06
0.20324400000390597 0.005126999982167035
0.20324400000390597 0.0
0.2026999999943655 0.004814999992959201
0.2026999999943655 0.0
0.15050499999779277 0.00406999999540858
0.15050499999779277 0.0
0.2015409999876283 0.0049270000017713755
0.2015409999876283 0.0
0.20700600001146086 0.005119999987073243
0.20700600001146086 1.00000761449337e-06
0.20676000000094064 0.005161000008229166
0.20676000000094064 1.3999990187585354e-05
0.1543940000119619 0.0035669999779202044
0.1543940000119619 0.0
0.207832000014605 0.005132999998750165
0.207832000014605 0.0
0.20528599998215213 0.005158000014489517
0.20528599998215213 0.0
0.208794999984093 0.0038629999908152968
0.208794999984093 0.0
0.20756499998969957 0.004878999985521659
0.20756499998969957 0.0
0.15486099998815916 0.0037569999985862523
0.15486099998815916 0.0
0.15456800002721138 0.0035940000088885427
0.15456800002721138 0.0
0.1520920000039041 0.003620000003138557
0.1520920000039041 1.00000761449337e-06
0.15407800002139993 0.0036649999965447932
0.15407800002139993 0.0
0.15271900000516325 0.0036629999813158065
0.15271900000516325 0.0
0.20665200002258644 0.004889000003458932
0.20665200002258644 1.00000761449337e-06
0.15435799999977462 0.0036789999867323786
0.15435799999977462 9.999785106629133e-07
0.15695100001175888 0.0038349999813362956
0.15695100001175888 9.999785106629133e-07
0.15987000000313856 0.0038260000001173466
0.15987000000313856 0.0
0.1994659999909345 0.004997999989427626
0.1994659999909345 0.0
0.21518199998536147 0.005631000007269904
0.21518199998536147 0.0
0.17501800000900403 0.00993699999526143
0.17501800000900403 1.00000761449337e-06
0.22744200000306591 0.006004000024404377
0.22744200000306591 0.0
0.1751230000227224 0.004220000002533197
0.1751230000227224 0.0
0.21442999999271706 0.006672999996226281
0.21442999999271706 1.00000761449337e-06
0.22788400002173148 0.0060910000174771994
0.22788400002173148 0.0
0.17073299997719005 0.004577999992761761
0.17073299997719005 0.0
0.17001200001686811 0.0045559999998658895
0.17001200001686811 0.0
0.2131789999839384 0.00531599999521859
0.2131789999839384 0.0
0.2074430000211578 0.004926000023260713
0.2074430000211578 9.999785106629133e-07
0.2009249999828171 0.004941999999573454
0.2009249999828171 9.999785106629133e-07
0.2013509999960661 0.004832000005990267
0.2013509999960661 1.00000761449337e-06
0.20426800000132062 0.0049109999963548034
0.20426800000132062 0.0
0.20024199999170378 0.004764000012073666
0.20024199999170378 0.0
0.2113989999925252 0.005124999996041879
0.2113989999925252 0.0
0.21042499999748543 0.005559999990509823
0.21042499999748543 0.0
0.1978520000120625 0.0043710000172723085
0.1978520000120625 9.999785106629133e-07
0.1874320000060834 0.005176000006031245
0.1874320000060834 1.00000761449337e-06
0.15866899999673478 0.0038509999867528677
0.15866899999673478 1.00000761449337e-06
0.21903599999495782 0.005784999986644834
0.21903599999495782 1.4999997802078724e-05
0.20429000002332032 0.004909000010229647
0.20429000002332032 0.0
0.21144499999354593 0.005166999995708466
0.21144499999354593 0.0
0.21138100000098348 0.005047000013291836
0.21138100000098348 9.999785106629133e-07
0.17463199998019263 0.0042529999918770045
0.17463199998019263 0.0
0.1875210000143852 0.004969000001437962
0.1875210000143852 0.0
0.1896710000000894 0.005376999994041398
0.1896710000000894 1.00000761449337e-06
0.1615039999887813 0.003843999991659075
0.1615039999887813 0.0
0.15376099999411963 0.003695999999763444
0.15376099999411963 0.0
0.18448900000657886 0.004633999982615933
0.18448900000657886 0.0
0.20634900001459755 0.004960000020219013
0.20634900001459755 1.00000761449337e-06
0.20487499999580905 0.004833999992115423
0.20487499999580905 0.0
0.20640799999819137 0.005031999986385927
0.20640799999819137 0.0
0.20749500000965782 0.004031999997096136
0.20749500000965782 1.00000761449337e-06
0.19602299999678507 0.005185999994864687
0.19602299999678507 0.0
0.18010100000537932 0.00390700000571087
0.18010100000537932 1.00000761449337e-06
0.1967140000197105 0.004960999998729676
0.1967140000197105 0.0
0.21040899999206886 0.004862000001594424
0.21040899999206886 0.0
0.20251699999789707 0.003951999999117106
0.20251699999789707 0.0
0.2043720000074245 0.004993999988073483
0.2043720000074245 0.0
0.20944399997824803 0.005092000006698072
0.20944399997824803 0.0
0.1580229999963194 0.0037250000168569386
0.1580229999963194 1.00000761449337e-06
0.21115600000484847 0.0049989999970421195
0.21115600000484847 0.0
0.21350700000766665 0.005151000019395724
0.21350700000766665 0.0
0.21491899999091402 0.005081999988760799
0.21491899999091402 1.00000761449337e-06
0.21211600000970066 0.005031000007875264
0.21211600000970066 0.0
0.21311299997614697 0.004982999991625547
0.21311299997614697 0.0
0.1605250000138767 0.004561999987345189
0.1605250000138767 0.0
0.16797199999564327 0.003906000027200207
0.16797199999564327 9.999785106629133e-07
0.2117209999996703 0.005531000002520159
0.2117209999996703 0.0
0.1805049999966286 0.01058900001225993
0.1805049999966286 1.00000761449337e-06
0.2301969999971334 0.01256100001046434
0.2301969999971334 1.00000761449337e-06
0.1978569999919273 0.011529999988852069
0.1978569999919273 0.0
0.2033839999930933 0.005404000025009736
0.2033839999930933 0.0
0.20542300000670366 0.004671000002417713
0.20542300000670366 0.0
0.19993599998997524 0.005413999984739348
0.19993599998997524 0.0
0.18844199998420663 0.004688999993959442
0.18844199998420663 9.999785106629133e-07
0.1906099999905564 0.005012000008719042
0.1906099999905564 1.00000761449337e-06
0.23126100000808947 0.0072960000252351165
0.23126100000808947 9.999785106629133e-07
0.2266820000077132 0.005858000018633902
0.2266820000077132 0.0
0.17853900001500733 0.004202000010991469
0.17853900001500733 1.00000761449337e-06
0.17918599999393336 0.003998000000137836
0.17918599999393336 0.0
0.1604220000153873 0.003912000014679506
0.1604220000153873 0.0
0.1606690000044182 0.0038449999992735684
0.1606690000044182 0.0
0.16155700001399964 0.003872999979648739
0.16155700001399964 0.0
0.16038600000320002 0.0038579999818466604
0.16038600000320002 1.00000761449337e-06
0.1609210000024177 0.003915999986929819
0.1609210000024177 1.00000761449337e-06
0.16163700001197867 0.004318999999668449
0.16163700001197867 1.00000761449337e-06
0.16022700001485646 0.003814000025158748
0.16022700001485646 0.0
0.16124399998807348 0.0038040000072214752
0.16124399998807348 1.00000761449337e-06
0.16058000002522022 0.003767999995034188
0.16058000002522022 0.0
0.16020900002331473 0.003914000000804663
0.16020900002331473 0.0
0.16293799999402836 0.0039200000173877925
0.16293799999402836 0.0
0.1614920000138227 0.0039059999980963767
0.1614920000138227 1.00000761449337e-06
0.1620519999996759 0.003916999994544312
0.1620519999996759 0.0
0.1628469999996014 0.003989000018918887
0.1628469999996014 0.0
0.16294200002448633 0.003835999988950789
0.16294200002448633 0.0
0.16365400000358932 0.003954000014346093
0.16365400000358932 0.0
0.2008730000234209 0.005143000016687438
0.2008730000234209 0.0
0.16393800001242198 0.003935999993700534
0.16393800001242198 0.0
0.18377000000327826 0.004301000008126721
0.18377000000327826 0.0
0.21652699998230673 0.0052269999869167805
0.21652699998230673 0.0
0.22750800001085736 0.0059049999981652945
0.22750800001085736 0.0
0.21658899998874404 0.005315000016707927
0.21658899998874404 1.00000761449337e-06
0.22168600000441074 0.005406999989645556
0.22168600000441074 1.00000761449337e-06
0.22490400000242516 0.005304999998770654
0.22490400000242516 0.0
0.22306799999205396 0.005371000006562099
0.22306799999205396 0.0
0.22290500000235625 0.005694000021321699
0.22290500000235625 1.00000761449337e-06
0.21206099999835715 0.005296999996062368
0.21206099999835715 1.00000761449337e-06
0.21535700000822544 0.005164000001968816
0.21535700000822544 0.0
0.215120000008028 0.005174999998416752
0.215120000008028 1.00000761449337e-06
0.2192559999821242 0.0057530000049155205
0.2192559999821242 0.0
0.21960099998977967 0.0052269999869167805
0.21960099998977967 1.00000761449337e-06
0.22407799999928102 0.005332000000635162
0.22407799999928102 0.0
0.2244490000011865 0.005459999985760078
0.2244490000011865 9.999785106629133e-07
0.22231599999940954 0.005821999977342784
0.22231599999940954 0.0
0.22541300000739284 0.005397999979322776
0.22541300000739284 0.0
0.22120599998743273 0.005803999985801056
0.22120599998743273 0.0
0.223005000007106 0.005424999981187284
0.223005000007106 1.00000761449337e-06
0.22560999999404885 0.00551600000471808
0.22560999999404885 0.0
0.22641100001055747 0.005403000017395243
0.22641100001055747 1.00000761449337e-06
0.22678999998606741 0.005491999996593222
0.22678999998606741 0.0
0.22740799997700378 0.005497000005561858
0.22740799997700378 0.0
0.2267580000043381 0.005409000004874542
0.2267580000043381 0.0
0.21821299998555332 0.0056019999901764095
0.21821299998555332 1.00000761449337e-06
0.2309710000117775 0.005619999981718138
0.2309710000117775 9.999785106629133e-07
0.224791999993613 0.004420000012032688
0.224791999993613 0.0
0.1747029999969527 0.004377000004751608
0.1747029999969527 1.00000761449337e-06
0.17008000001078472 0.004099000012502074
0.17008000001078472 0.0
0.22799700000905432 0.005452000012155622
0.22799700000905432 1.00000761449337e-06
0.1692779999866616 0.004048000002512708
0.1692779999866616 1.00000761449337e-06
0.1893500000005588 0.005371000006562099
0.1893500000005588 0.0
0.20736699999542907 0.0042449999891687185
0.20736699999542907 1.00000761449337e-06
0.21873100000084378 0.005584999977145344
0.21873100000084378 0.0
0.22237900001346134 0.005260000005364418
0.22237900001346134 1.00000761449337e-06
0.21769900000072084 0.005114999978104606
0.21769900000072084 1.00000761449337e-06
0.21361599999363534 0.005367000005207956
0.21361599999363534 0.0
0.2165019999956712 0.005132000020239502
0.2165019999956712 0.0
0.2164960000081919 0.005140999972354621
0.2164960000081919 1.00000761449337e-06
0.21847900000284426 0.00511900000856258
0.21847900000284426 0.0
0.22515600000042468 0.005421000008936971
0.22515600000042468 0.0
0.1989330000069458 0.0053659999975934625
0.1989330000069458 0.0
0.2153519999992568 0.00540200000978075
0.2153519999992568 0.0
0.2156189999950584 0.005185999994864687
0.2156189999950584 9.999785106629133e-07
0.22594300002674572 0.004768000013427809
0.22594300002674572 9.999785106629133e-07
0.21276500000385568 0.005040999996708706
0.21276500000385568 0.0
0.19813000000431202 0.0056560000230092555
0.19813000000431202 1.00000761449337e-06
0.21099900000263005 0.00544500001706183
0.21099900000263005 1.00000761449337e-06
0.2235940000100527 0.005401000002166256
0.2235940000100527 0.0
0.21827699997811578 0.005494000011822209
0.21827699997811578 0.0
0.21944800001801923 0.005430000019259751
0.21944800001801923 0.0
0.21832200000062585 0.00531599999521859
0.21832200000062585 1.00000761449337e-06
0.1999260000011418 0.005460999993374571
0.1999260000011418 1.00000761449337e-06
0.20283899997593835 0.004133000009460375
0.20283899997593835 0.0
0.20024599999305792 0.005180999985896051
0.20024599999305792 0.0
0.23547300000791438 0.005699000001186505
0.23547300000791438 1.00000761449337e-06
0.20012300001690164 0.004634999990230426
0.20012300001690164 0.0
0.22542499998235144 0.005586999992374331
0.22542499998235144 0.0
0.17113100001006387 0.004130999994231388
0.17113100001006387 9.999785106629133e-07
0.17423299999791197 0.004599999985657632
0.17423299999791197 9.999785106629133e-07
0.17861500001163222 0.00426700001116842
0.17861500001163222 0.0
0.21389399998588488 0.005309000000124797
0.21389399998588488 1.00000761449337e-06
0.22827299998607486 0.006231000006664544
0.22827299998607486 9.999785106629133e-07
0.22479599999496713 0.005249999987427145
0.22479599999496713 1.00000761449337e-06
0.1703059999854304 0.003927999990992248
0.1703059999854304 9.999785106629133e-07
0.17212000000290573 0.004102999984752387
0.17212000000290573 1.00000761449337e-06
0.17339500001980923 0.003991000005044043
0.17339500001980923 1.00000761449337e-06
0.17367300001205876 0.003955000021960586
0.17367300001205876 0.0
0.1724570000078529 0.004302999994251877
0.1724570000078529 0.0
0.20634499998413958 0.00535299998591654
0.20634499998413958 0.0
0.17054699998698197 0.004768000013427809
0.17054699998698197 9.999785106629133e-07
0.21179400000255555 0.005723999987822026
0.21179400000255555 1.00000761449337e-06
0.1740820000122767 0.004505999997491017
0.1740820000122767 0.0
0.1801080000004731 0.004332000011345372
0.1801080000004731 9.999785106629133e-07
0.18303800001740456 0.004766000027302653
0.18303800001740456 0.0
0.22711800000979565 0.005808999994769692
0.22711800000979565 0.0
0.2399089999962598 0.006102000013925135
0.2399089999962598 1.00000761449337e-06
0.2479790000070352 0.012180999998236075
0.2479790000070352 9.999785106629133e-07
0.2530070000211708 0.014825999998720363
0.2530070000211708 0.0
0.19070700000156648 0.00466700000106357
0.19070700000156648 1.00000761449337e-06
0.23288500000489876 0.006074000004446134
0.23288500000489876 0.0
0.2515729999868199 0.006068999995477498
0.2515729999868199 9.999785106629133e-07
0.25142300000879914 0.006079999991925433
0.25142300000879914 1.00000761449337e-06
0.24992299999576062 0.006054999976186082
0.24992299999576062 9.999785106629133e-07
0.23254500000621192 0.005819000012706965
0.23254500000621192 0.0
0.22563000000081956 0.005207000009249896
0.22563000000081956 9.999785106629133e-07
0.22202400001697242 0.005336000001989305
0.22202400001697242 1.00000761449337e-06
0.22306899999966845 0.005674999993061647
0.22306899999966845 0.0
0.220422000013059 0.005634000001009554
0.220422000013059 1.00000761449337e-06
0.17087400000309572 0.0040269999881275
0.17087400000309572 0.0
0.16948099998990074 0.003951999999117106
0.16948099998990074 0.0
0.17000400001415983 0.004374999989522621
0.17000400001415983 9.999785106629133e-07
0.17170199999236502 0.004002000001491979
0.17170199999236502 0.0
0.17043300002114847 0.004056000005220994
0.17043300002114847 0.0
0.16804300001240335 0.003956000000471249
0.16804300001240335 0.0
0.16779000000678934 0.004042999993544072
0.16779000000678934 9.999785106629133e-07
0.22957900000619702 0.0052060000016354024
0.22957900000619702 0.0
0.2220789999992121 0.005311000015353784
0.2220789999992121 1.00000761449337e-06
0.22460200000205077 0.005231999995885417
0.22460200000205077 0.0
0.225016999989748 0.005628999992040917
0.225016999989748 0.0
0.2291350000014063 0.0054459999955724925
0.2291350000014063 0.0
0.22402200000942685 0.005558000004384667
0.22402200000942685 9.999785106629133e-07
0.2225740000139922 0.005385999975260347
0.2225740000139922 0.0
0.22142000001622364 0.005312000022968277
0.22142000001622364 0.0
0.22561500000301749 0.00544200002332218
0.22561500000301749 0.0
0.22773499999311753 0.005536999989999458
0.22773499999311753 0.0
0.2232439999934286 0.005447000003186986
0.2232439999934286 1.00000761449337e-06
0.1709240000054706 0.004129999986616895
0.1709240000054706 1.00000761449337e-06
0.16983699999400415 0.003985999996075407
0.16983699999400415 1.00000761449337e-06
0.21933499997248873 0.0054370000143535435
0.21933499997248873 0.0
0.20927899997332133 0.004283000016584992
0.20927899997332133 9.999785106629133e-07
0.22733700001845136 0.0052940000023227185
0.22733700001845136 0.0
0.22783000001800247 0.00540200000978075
0.22783000001800247 0.0
0.22520699998131022 0.005464999994728714
0.22520699998131022 0.0
0.2273810000042431 0.005841000005602837
0.2273810000042431 1.00000761449337e-06
0.23001999998814426 0.0054250000102911144
0.23001999998814426 0.0
0.23147999998764135 0.005414000013843179
0.23147999998764135 9.999785106629133e-07
0.2271949999849312 0.005425999988801777
0.2271949999849312 1.00000761449337e-06
0.23030399999697693 0.005582999991020188
0.23030399999697693 1.00000761449337e-06
0.17344099999172613 0.004039999999804422
0.17344099999172613 0.0
0.17324400000507012 0.004102999984752387
0.17324400000507012 9.999785106629133e-07
0.206384999997681 0.00567899999441579
0.206384999997681 0.0
0.18863499999861233 0.004580999986501411
0.18863499999861233 0.0
0.18051800000830553 0.004327999980887398
0.18051800000830553 1.00000761449337e-06
0.17706700001144782 0.0042609999945852906
0.17706700001144782 1.00000761449337e-06
0.17535299999872223 0.0042320000065956265
0.17535299999872223 1.00000761449337e-06
0.17824999999720603 0.004275999992387369
0.17824999999720603 9.999785106629133e-07
0.174767000018619 0.004081999999471009
0.174767000018619 9.999785106629133e-07
0.17087199998786673 0.004014999984065071
0.17087199998786673 9.999785106629133e-07
0.17027600001893006 0.004007000010460615
0.17027600001893006 1.00000761449337e-06
0.17100200001732446 0.003968000004533678
0.17100200001732446 1.00000761449337e-06
0.17043700002250262 0.004816000000573695
0.17043700002250262 0.0
0.17294799999217503 0.003984999988460913
0.17294799999217503 0.0
0.17043399999965914 0.003976000007241964
0.17043399999965914 0.0
0.17046599998138845 0.004222999996272847
0.17046599998138845 0.0
0.1685789999901317 0.004058999998960644
0.1685789999901317 1.00000761449337e-06
0.16863299999386072 0.003987999982200563
0.16863299999386072 0.0
0.16806999998516403 0.003960000001825392
0.16806999998516403 0.0
0.1680319999868516 0.0039019999967422336
0.1680319999868516 0.0
0.16816599998855963 0.0039450000040233135
0.16816599998855963 0.0
0.1667040000029374 0.003972999984398484
0.1667040000029374 0.0
0.16744499999913387 0.004015999991679564
0.16744499999913387 1.00000761449337e-06
0.16878400000859983 0.004298999992897734
0.16878400000859983 1.00000761449337e-06
0.16763599999831058 0.004081999999471009
0.16763599999831058 1.00000761449337e-06
0.17222199999378063 0.004068999987794086
0.17222199999378063 0.0
0.17247700001462363 0.00418399999034591
0.17247700001462363 0.0
0.1745389999996405 0.004065999994054437
0.1745389999996405 9.999785106629133e-07
0.17383200000040233 0.004141000012168661
0.17383200000040233 1.00000761449337e-06
0.17333600000711158 0.004117000004043803
0.17333600000711158 0.0
0.1731949999812059 0.004049000010127202
0.1731949999812059 9.999785106629133e-07
0.17547899999772198 0.004180000018095598
0.17547899999772198 0.0
0.2304370000201743 0.005397000000812113
0.2304370000201743 0.0
0.17284399998607114 0.004107999993721023
0.17284399998607114 1.00000761449337e-06
0.23192500000004657 0.005516999983228743
0.23192500000004657 0.0
0.23320400001830421 0.005575999995926395
0.23320400001830421 1.00000761449337e-06
0.23290100001031533 0.005617999995592982
0.23290100001031533 1.00000761449337e-06
0.23253500001737848 0.0055349999747704715
0.23253500001737848 1.00000761449337e-06
0.2280529999989085 0.005381999973906204
0.2280529999989085 0.0
0.22987899999134243 0.005635000008624047
0.22987899999134243 1.00000761449337e-06
0.22987900002044626 0.005415000021457672
0.22987900002044626 0.0
0.23077500000363216 0.0054549999767914414
0.23077500000363216 9.999785106629133e-07
0.2311700000136625 0.006021999986842275
0.2311700000136625 0.0
0.23091799998655915 0.005776000005425885
0.23091799998655915 0.0
0.23271000001113862 0.005508000002009794
0.23271000001113862 0.0
0.23433700000168756 0.005490999988978729
0.23433700000168756 0.0
0.2336949999735225 0.005590000015217811
0.2336949999735225 0.0
0.2350929999956861 0.005562999984249473
0.2350929999956861 0.0
0.23798700000043027 0.005443000001832843
0.23798700000043027 1.00000761449337e-06
0.22903000001679175 0.0053659999975934625
0.22903000001679175 1.00000761449337e-06
0.23412000000826083 0.005501999985426664
0.23412000000826083 0.0
0.23587400000542402 0.005466000002343208
0.23587400000542402 1.00000761449337e-06
0.2349489999760408 0.005625999998301268
0.2349489999760408 0.0
0.2297580000013113 0.005579999997280538
0.2297580000013113 0.0
0.23388600000180304 0.005504999979166314
0.23388600000180304 1.00000761449337e-06
0.23268200000165962 0.0056610000028740615
0.23268200000165962 0.0
0.23304199997801334 0.005644999997457489
0.23304199997801334 0.0
0.23225700002512895 0.005449000018415973
0.23225700002512895 1.00000761449337e-06
0.2354250000207685 0.00555299999541603
0.2354250000207685 0.0
0.23291900000185706 0.00551600000471808
0.23291900000185706 0.0
0.17874400000437163 0.004221999988658354
0.17874400000437163 0.0
0.1792610000120476 0.004285000002710149
0.1792610000120476 0.0
0.17871899998863228 0.0040840000146999955
0.17871899998863228 1.00000761449337e-06
0.17942800000309944 0.004362999985460192
0.17942800000309944 1.00000761449337e-06
0.17823299998417497 0.004258000000845641
0.17823299998417497 0.0
0.1772470000141766 0.004171000007772818
0.1772470000141766 1.00000761449337e-06
0.17722800001502037 0.004129999986616895
0.17722800001502037 0.0
0.17740600000252016 0.0041099999798461795
0.17740600000252016 0.0
0.1777859999856446 0.004274999984772876
0.1777859999856446 1.00000761449337e-06
0.17842700000619516 0.004182000004220754
0.17842700000619516 0.0
0.23571599999559112 0.005424000002676621
0.23571599999559112 0.0
0.1746100000164006 0.00410700001521036
0.1746100000164006 1.00000761449337e-06
0.17631899999105372 0.004186000005574897
0.17631899999105372 0.0
0.17636399998445995 0.004194000008283183
0.17636399998445995 0.0
0.17508399998769164 0.0040210000006482005
0.17508399998769164 0.0
0.17845599999418482 0.004239000001689419
0.17845599999418482 0.0
0.1786279999942053 0.004421000019647181
0.1786279999942053 0.0
0.17797499999869615 0.0041769999952521175
0.17797499999869615 1.00000761449337e-06
0.17914999998174608 0.00419000000692904
0.17914999998174608 0.0
0.17782899999292567 0.0046190000139176846
0.17782899999292567 0.0
0.17777000000933185 0.004144999984418973
0.17777000000933185 1.00000761449337e-06
0.18011800001841038 0.004171000007772818
0.18011800001841038 0.0
0.177544999984093 0.004409999994095415
0.177544999984093 0.0
0.17805600000428967 0.004245999996783212
0.17805600000428967 1.00000761449337e-06
0.1809300000022631 0.004246000025887042
0.1809300000022631 0.0
0.18539199998485856 0.004290999990189448
0.18539199998485856 0.0
0.19102299999212846 0.004576000006636605
0.19102299999212846 1.00000761449337e-06
0.1950949999736622 0.005536999989999458
0.1950949999736622 0.0
0.1841370000038296 0.004398000019136816
0.1841370000038296 0.0
0.1848580000223592 0.0043200000072829425
0.1848580000223592 0.0
0.18527000001631677 0.004284999973606318
0.18527000001631677 0.0
0.18549900001380593 0.004501000017626211
0.18549900001380593 1.00000761449337e-06
0.18283999999403022 0.004385999985970557
0.18283999999403022 9.999785106629133e-07
0.18258800002513453 0.004314000019803643
0.18258800002513453 0.0
0.24016300000948831 0.00576500000897795
0.24016300000948831 0.0
0.2406090000004042 0.005826999986311421
0.2406090000004042 1.00000761449337e-06
0.23881700000492856 0.0057619999861344695
0.23881700000492856 0.0
0.24095700000179932 0.006294999999227002
0.24095700000179932 0.0
0.24154899999848567 0.005825999978696927
0.24154899999848567 9.999785106629133e-07
0.18352500000037253 0.004402999999001622
0.18352500000037253 0.0
0.1858490000013262 0.004405999992741272
0.1858490000013262 9.999785106629133e-07
0.1856979999865871 0.00446699999156408
0.1856979999865871 1.00000761449337e-06
0.18761299998732284 0.004436999995959923
0.18761299998732284 0.0
0.1865420000103768 0.004470999992918223
0.1865420000103768 1.00000761449337e-06
0.18684499998926185 0.004595000005792826
0.18684499998926185 0.0
0.24035999999614432 0.005846999993082136
0.24035999999614432 1.00000761449337e-06
0.2418959999922663 0.005795000004582107
0.2418959999922663 1.00000761449337e-06
0.24264700000640005 0.0058080000162590295
0.24264700000640005 1.00000761449337e-06
0.24407600000267848 0.005799999984446913
0.24407600000267848 1.00000761449337e-06
0.24394100002245978 0.005807000008644536
0.24394100002245978 1.00000761449337e-06
0.24005700001725927 0.004947999987052754
0.24005700001725927 1.00000761449337e-06
0.24573500000406057 0.005819999991217628
0.24573500000406057 0.0
0.24546800000825897 0.00588199999765493
0.24546800000825897 0.0
0.24652099999366328 0.006262999988393858
0.24652099999366328 9.999785106629133e-07
0.2453430000168737 0.005898000003071502
0.2453430000168737 0.0
0.24559899998712353 0.005933999986154959
0.24559899998712353 0.0
0.1872319999965839 0.004668999987188727
0.1872319999965839 1.00000761449337e-06
0.18796200002543628 0.004520999995293096
0.18796200002543628 0.0
0.1872109999821987 0.004528999998001382
0.1872109999821987 9.999785106629133e-07
0.23445799999171868 0.005929000006290153
0.23445799999171868 0.0
0.18976599999587052 0.0045519999985117465
0.18976599999587052 9.999785106629133e-07
0.191527999995742 0.00495300002512522
0.191527999995742 0.0
0.19146100000943989 0.004617999977199361
0.19146100000943989 1.00000761449337e-06
0.1908629999961704 0.0044800000032410026
0.1908629999961704 0.0
0.19215400001849048 0.004509000020334497
0.19215400001849048 0.0
0.194816000002902 0.004899999999906868
0.194816000002902 0.0
0.1951439999975264 0.00474999999278225
0.1951439999975264 0.0
0.19377199999871664 0.004689999972470105
0.19377199999871664 1.00000761449337e-06
0.19504500000039116 0.004868999996688217
0.19504500000039116 1.00000761449337e-06
0.19690199999604374 0.005524000007426366
0.19690199999604374 0.0
0.19482100001187064 0.004849999997531995
0.19482100001187064 0.0
0.19665599998552352 0.004741000011563301
0.19665599998552352 1.00000761449337e-06
0.19486300001153722 0.004737000010209158
0.19486300001153722 0.0
0.19459700002335012 0.0048260000185109675
0.19459700002335012 1.00000761449337e-06
0.19648199999937788 0.00478999997721985
0.19648199999937788 0.0
0.19694300001719967 0.004932999989250675
0.19694300001719967 9.999785106629133e-07
0.19643399998312816 0.0046919999876990914
0.19643399998312816 0.0
0.19812599997385405 0.0048940000124275684
0.19812599997385405 1.00000761449337e-06
0.19557999999960884 0.004733000008855015
0.19557999999960884 0.0
0.24965399998473004 0.006156000017654151
0.24965399998473004 0.0
0.2525759999989532 0.006265000003622845
0.2525759999989532 0.0
0.2529930000018794 0.006099999998696148
0.2529930000018794 0.0
0.25450800001272 0.006052000011550263
0.25450800001272 0.0
0.25543399999151006 0.005975000007310882
0.25543399999151006 0.0
0.2550319999863859 0.006093000003602356
0.2550319999863859 0.0
0.2629670000169426 0.014925999974366277
0.2629670000169426 0.0
0.2559520000068005 0.006118000019341707
0.2559520000068005 1.00000761449337e-06
0.2581030000001192 0.006369999988237396
0.2581030000001192 0.0
0.23473999998532236 0.004819999972824007
0.23473999998532236 0.0
INFO:sc2.protocol:Client status changed to Status.ended (was Status.in_game)
INFO:sc2.protocol:Client status changed to Status.ended (was Status.in_game)
INFO:root:Result for player 1 - Bot(Race.Terran, <bots.__examples__.nc_example_v6.drop_bot.DropBot object at 0x7fa854c331d0>): Defeat
INFO:root:Result for player 2 - Bot(Race.Terran, <bots.Showing_bot.speedBot.MarinBot object at 0x7fa854c3a5f8>): Victory
INFO:sc2.client:Saved replay to outs/2020-01-17T11-28-03/replays/drop_bot-showing_bot/drop_bot-showing_bot-1.SC2Replay
INFO:sc2.protocol:Client status changed to Status.launched (was Status.ended)
INFO:sc2.protocol:Client status changed to Status.quit (was Status.launched)
INFO:sc2.sc2process:kill_switch: Process cleanup
INFO:sc2.sc2process:Cleaning up...
INFO:sc2.sc2process:Cleanup complete
INFO:sc2.sc2process:Cleaning up...
INFO:sc2.sc2process:Cleanup complete
INFO:sc2.protocol:Cannot receive: Connection already closed.
INFO:sc2.sc2process:kill_switch: Process cleanup
INFO:sc2.sc2process:Cleaning up...
INFO:sc2.sc2process:Cleanup complete
INFO:sc2.sc2process:Cleaning up...
INFO:sc2.sc2process:Cleanup complete


## STDERR ##

Version: B75689 (SC2.4.10)
Build: Aug 12 2019 17:16:57
Command Line: '"/home/hspark8312/StarCraftII/Versions/Base75689/SC2_x64" -listen 127.0.0.1 -port 20973 -displayMode 0 -dataDir /home/hspark8312/StarCraftII -tempDir /tmp/SC2_7pxf6uq7'
Starting up...
Startup Phase 1 complete
Version: B75689 (SC2.4.10)
Build: Aug 12 2019 17:16:57
Command Line: '"/home/hspark8312/StarCraftII/Versions/Base75689/SC2_x64" -listen 127.0.0.1 -port 22621 -displayMode 0 -dataDir /home/hspark8312/StarCraftII -tempDir /tmp/SC2_jxwxn06q'
Starting up...
Startup Phase 1 complete
Startup Phase 2 complete
Creating stub renderer...
Listening on: 127.0.0.1:20973
Startup Phase 3 complete. Ready for commands.
Startup Phase 2 complete
Creating stub renderer...
ConnectHandler: Request from 127.0.0.1:51860 accepted
ReadyHandler: 127.0.0.1:51860 ready
Requesting to join a multiplayer game
Configuring interface options
Configure: raw interface enabled
Configure: feature layer interface enabled
Configure: score interface enabled
Configure: render interface disabled
Create game with map path: NCFellowship-2019_m1_v6.SC2Map
Listening on: 127.0.0.1:22621
Startup Phase 3 complete. Ready for commands.
ConnectHandler: Request from 127.0.0.1:51861 accepted
ReadyHandler: 127.0.0.1:51861 ready
Requesting to join a multiplayer game
Configuring interface options
Configure: raw interface enabled
Configure: feature layer interface enabled
Configure: score interface enabled
Configure: render interface disabled
Attempting to join a game with the map: NCFellowship-2019_m1_v6.SC2Map
Game has started.
Using default stable ids, none found at: /home/hspark8312/StarCraftII/stableid.json
Successfully loaded stable ids: GameData\stableid.json
Game has started.
Using default stable ids, none found at: /home/hspark8312/StarCraftII/stableid.json
Sending ResponseJoinGame
Successfully loaded stable ids: GameData\stableid.json
Sending ResponseJoinGame
RequestQuit command received.
Closing Application...
CloseHandler: 127.0.0.1:51861 disconnected
Terminate action already called.
/home/hspark8312/anaconda3/envs/sc2/lib/python3.6/importlib/_bootstrap.py:219: RuntimeWarning: numpy.ufunc size changed, may indicate binary incompatibility. Expected 192 from C header, got 216 from PyObject
  return f(*args, **kwds)
/home/hspark8312/anaconda3/envs/sc2/lib/python3.6/importlib/_bootstrap.py:219: RuntimeWarning: numpy.ufunc size changed, may indicate binary incompatibility. Expected 192 from C header, got 216 from PyObject
  return f(*args, **kwds)
/home/hspark8312/anaconda3/envs/sc2/lib/python3.6/site-packages/tensorboard/compat/tensorflow_stub/dtypes.py:541: FutureWarning: Passing (type, 1) or '1type' as a synonym of type is deprecated; in a future version of numpy, it will be understood as (type, (1,)) / '(1,)type'.
  _np_qint8 = np.dtype([("qint8", np.int8, 1)])
/home/hspark8312/anaconda3/envs/sc2/lib/python3.6/site-packages/past/builtins/misc.py:45: DeprecationWarning: the imp module is deprecated in favour of importlib; see the module's documentation for alternative uses
  from imp import reload
/mnt/d/sc2minigame-eval-2020-01-09/bots/Showing_bot/speedBot.py:1643: RuntimeWarning: coroutine 'TerreinManager.debug' was never awaited
  self.terrein_manager.debug()
