## STDOUT ##

[[92mINFO[0m] SC2 4.9.0 용 패치 적용
패치 sc2.ids.ability_id
패치 sc2.game_state
패치 sc2.bot_ai
패치 sc2.client
패치 sc2.controller
패치 sc2.main
INFO:root:Failed to import cuda module: No module named 'caffe2.python.caffe2_pybind11_state_gpu'
INFO:root:Failed to import AMD hip module: No module named 'caffe2.python.caffe2_pybind11_state_hip'
WARNING:root:This caffe2 python run does not have GPU support. Will run in CPU only mode.
cpu
INFO:sc2.protocol:Client status changed to Status.launched (was None)
INFO:sc2.protocol:Client status changed to Status.launched (was None)
INFO:sc2_patch.sc2_patch_490.controller:Creating new game
INFO:sc2_patch.sc2_patch_490.controller:Map:     NCFellowship-2019_m1_v6
INFO:sc2_patch.sc2_patch_490.controller:Players: Bot(Race.Terran, <bots.ggg.KeyBot.KeyBot object at 0x7fb6d1b341d0>), Bot(Race.Terran, <bots.Showing_bot.speedBot.MarinBot object at 0x7fb6d1b3ac50>)
INFO:sc2.protocol:Client status changed to Status.init_game (was Status.launched)
INFO:sc2.protocol:Client status changed to Status.in_game (was None)
INFO:root:Player 2 - Bot(Race.Terran, <bots.Showing_bot.speedBot.MarinBot object at 0x7fb6d1b3ac50>)
TEST: 2, <bots.Showing_bot.speedBot.MarinBot object at 0x7fb6d1b3ac50>
load model: bots/Showing_bot/models/model-89.pt
create new model
INFO:sc2.protocol:Client status changed to Status.in_game (was None)
INFO:root:Player 1 - Bot(Race.Terran, <bots.ggg.KeyBot.KeyBot object at 0x7fb6d1b341d0>)
TEST: 1, <bots.ggg.KeyBot.KeyBot object at 0x7fb6d1b341d0>
0.045670999999856576 0.0027520000003278255
0.045670999999856576 0.0
0.04458899999735877 0.002146000013453886
0.04458899999735877 0.0
0.04553899998427369 0.001967000018339604
0.04553899998427369 0.0
0.04626200001803227 0.0015290000010281801
0.04626200001803227 0.0
0.044741999998223037 0.0017140000127255917
0.044741999998223037 0.0
0.04525700001977384 0.0014939999964553863
0.04525700001977384 1.00000761449337e-06
0.044667999987723306 0.0012289999867789447
0.044667999987723306 0.0
0.044931999989785254 0.0012360000109765679
0.044931999989785254 0.0
0.047934999980498105 0.0014830000000074506
0.047934999980498105 0.0
0.05165300000226125 0.0019200000097043812
0.05165300000226125 0.0
0.04876400000648573 0.0012599999899975955
0.04876400000648573 9.999785106629133e-07
0.04939200001535937 0.0012570000253617764
0.04939200001535937 0.0
0.047286000015446916 0.0013980000221636146
0.047286000015446916 0.0
0.04822299999068491 0.0016119999927468598
0.04822299999068491 0.0
0.048310000012861565 0.001260999997612089
0.048310000012861565 0.0
0.04856400002609007 0.001269000000320375
0.04856400002609007 0.0
0.047347000014269724 0.001273999980185181
0.047347000014269724 0.0
0.04686599998967722 0.001445000001695007
0.04686599998967722 1.00000761449337e-06
0.04894599999533966 0.0014789999986533076
0.04894599999533966 0.0
0.05525299999862909 0.0013080000062473118
0.05525299999862909 0.0
0.05068700000992976 0.0030039999983273447
0.05068700000992976 0.0
0.05040999999619089 0.0014769999834243208
0.05040999999619089 9.999785106629133e-07
0.054671999998390675 0.001318999973591417
0.054671999998390675 0.0
0.05082199999014847 0.0013049999834038317
0.05082199999014847 1.00000761449337e-06
0.056997999985469505 0.0014460000093095005
0.056997999985469505 0.0
0.048436000011861324 0.0013169999874662608
0.048436000011861324 0.0
0.04791799999657087 0.0013660000113304704
0.04791799999657087 0.0
0.049399000010453165 0.0012960000021848828
0.049399000010453165 9.999785106629133e-07
0.0492120000126306 0.0012539999734144658
0.0492120000126306 1.00000761449337e-06
0.048620999994454905 0.0015279999934136868
0.048620999994454905 0.0
0.04866299999412149 0.0012220000207889825
0.04866299999412149 0.0
0.050870000006398186 0.001404000009642914
0.050870000006398186 1.00000761449337e-06
0.048821000003954396 0.0013249999901745468
0.048821000003954396 1.00000761449337e-06
0.05223400000249967 0.00156899998546578
0.05223400000249967 0.0
0.04833900000085123 0.0012799999967683107
0.04833900000085123 0.0
0.0503910000261385 0.0014090000186115503
0.0503910000261385 1.00000761449337e-06
0.051416999980574474 0.0012869999918621033
0.051416999980574474 0.0
0.05055699998047203 0.0013709999911952764
0.05055699998047203 1.00000761449337e-06
0.05095500001334585 0.001357000001007691
0.05095500001334585 0.0
0.06777699998929165 0.002007000002777204
0.06777699998929165 1.00000761449337e-06
changed strategy
0.050327999982982874 0.0012559999886434525
0.050327999982982874 0.0
0.04890900000464171 0.001281999982893467
0.04890900000464171 1.00000761449337e-06
0.04863100001239218 0.0012419999984558672
0.04863100001239218 0.0
0.048278999980539083 0.0012679999927058816
0.048278999980539083 1.00000761449337e-06
0.048734999989392236 0.001269000000320375
0.048734999989392236 0.0
0.048586999997496605 0.0012430000060703605
0.048586999997496605 0.0
0.04871699999785051 0.00125200001639314
0.04871699999785051 0.0
0.04850899998564273 0.0013010000111535192
0.04850899998564273 0.0
0.04874599998584017 0.0012719999940600246
0.04874599998584017 0.0
0.04853999998886138 0.001260999997612089
0.04853999998886138 0.0
0.0511289999994915 0.003568999993149191
0.0511289999994915 0.0
0.05131399998208508 0.001636000000871718
0.05131399998208508 0.0
0.0511289999994915 0.0013120000076014549
0.0511289999994915 1.00000761449337e-06
0.05130399999325164 0.0013080000062473118
0.05130399999325164 1.00000761449337e-06
0.050950000004377216 0.0012879999994765967
0.050950000004377216 0.0
0.05110400001285598 0.0013330000219866633
0.05110400001285598 0.0
0.05118099998799153 0.0013299999991431832
0.05118099998799153 0.0
0.05063799998606555 0.0013230000040493906
0.05063799998606555 0.0
0.05085299999336712 0.0012940000160597265
0.05085299999336712 9.999785106629133e-07
0.05079499998828396 0.00128900000709109
0.05079499998828396 1.00000761449337e-06
0.0511289999994915 0.001336999994236976
0.0511289999994915 0.0
0.050732000003336 0.0013069999986328185
0.050732000003336 1.00000761449337e-06
0.05092000000877306 0.0012799999967683107
0.05092000000877306 1.00000761449337e-06
0.05089800001587719 0.00128599998424761
0.05089800001587719 1.00000761449337e-06
0.05120099999476224 0.0013119999784976244
0.05120099999476224 0.0
0.0512589999998454 0.0013510000135283917
0.0512589999998454 1.00000761449337e-06
0.05091799999354407 0.001293000008445233
0.05091799999354407 0.0
0.05100900001707487 0.001324000011663884
0.05100900001707487 1.00000761449337e-06
0.05101199998171069 0.0013000000035390258
0.05101199998171069 1.00000761449337e-06
0.050768000015523285 0.0012889999779872596
0.050768000015523285 0.0
0.05339000001549721 0.0014549999905284494
0.05339000001549721 0.0
0.053328000009059906 0.001348000019788742
0.053328000009059906 0.0
0.053271999990101904 0.0014549999905284494
0.053271999990101904 0.0
0.053348999994341284 0.0013389999803621322
0.053348999994341284 1.00000761449337e-06
0.0534709999919869 0.0013430000108201057
0.0534709999919869 0.0
0.053588999988278374 0.001357000001007691
0.053588999988278374 0.0
0.053428999992320314 0.0013559999933931977
0.053428999992320314 0.0
0.055594999983441085 0.003408999997191131
0.055594999983441085 0.0
0.057155000016791746 0.0016109999851323664
0.057155000016791746 0.0
0.05591100000310689 0.001416999992216006
0.05591100000310689 0.0
0.05646799999522045 0.0014139999984763563
0.05646799999522045 0.0
0.0534709999919869 0.0013800000015180558
0.0534709999919869 0.0
0.05108400000608526 0.0013259999977890402
0.05108400000608526 1.00000761449337e-06
0.05105800001183525 0.0012960000021848828
0.05105800001183525 9.999785106629133e-07
0.05132400000002235 0.0013639999961014837
0.05132400000002235 9.999785106629133e-07
0.051749999984167516 0.001795000018319115
0.051749999984167516 0.0
0.05276600000797771 0.0015110000094864517
0.05276600000797771 1.00000761449337e-06
0.05375399999320507 0.0022889999963808805
0.05375399999320507 9.999785106629133e-07
0.055472000007284805 0.0013880000042263418
0.055472000007284805 0.0
0.04948700001114048 0.001644000003580004
0.04948700001114048 0.0
0.04641700000502169 0.0014849999861326069
0.04641700000502169 1.00000761449337e-06
0.04616699999314733 0.0016300000133924186
0.04616699999314733 0.0
0.04607300000498071 0.001640000002225861
0.04607300000498071 1.00000761449337e-06
0.04986299999291077 0.0015739999944344163
0.04986299999291077 1.00000761449337e-06
0.04669899999862537 0.001336999994236976
0.04669899999862537 0.0
0.04650900000706315 0.0012369999894872308
0.04650900000706315 9.999785106629133e-07
0.046128999994834885 0.0012089999800082296
0.046128999994834885 1.00000761449337e-06
0.04847500001778826 0.0012279999791644514
0.04847500001778826 9.999785106629133e-07
0.04276199999731034 0.0011679999879561365
0.04276199999731034 1.00000761449337e-06
0.04115999999339692 0.001104000024497509
0.04115999999339692 1.00000761449337e-06
0.04115399997681379 0.0012369999894872308
0.04115399997681379 0.0
0.042596999992383644 0.001349999976810068
0.042596999992383644 0.0
0.0411069999972824 0.0010989999864250422
0.0411069999972824 0.0
0.03895699998247437 0.0010189999884460121
0.03895699998247437 1.00000761449337e-06
0.03871600001002662 0.0010369999799877405
0.03871600001002662 0.0
0.039262999984202906 0.0010919999913312495
0.039262999984202906 1.00000761449337e-06
0.03878100001020357 0.0010079999919980764
0.03878100001020357 0.0
0.03858999998192303 0.0010070000134874135
0.03858999998192303 0.0
0.03857500001322478 0.0010159999947063625
0.03857500001322478 1.00000761449337e-06
0.03881200001342222 0.0010089999996125698
0.03881200001342222 0.0
0.0423319999827072 0.0011430000013206154
0.0423319999827072 1.00000761449337e-06
0.04133099998580292 0.0010729999921750277
0.04133099998580292 0.0
0.04120800000964664 0.0010760000150185078
0.04120800000964664 0.0
0.04179000001749955 0.0011769999982789159
0.04179000001749955 1.00000761449337e-06
0.04148499999428168 0.0010569999867584556
0.04148499999428168 9.999785106629133e-07
0.041283999977167696 0.001061999995727092
0.041283999977167696 0.0
0.043745000002672896 0.001281000004382804
0.043745000002672896 9.999785106629133e-07
0.04359300000942312 0.0011630000080913305
0.04359300000942312 1.00000761449337e-06
0.04125800001202151 0.0010670000046957284
0.04125800001202151 1.00000761449337e-06
0.04114899999694899 0.0010729999921750277
0.04114899999694899 0.0
0.04169199999887496 0.0011470000026747584
0.04169199999887496 0.0
0.04150000002118759 0.001121000008424744
0.04150000002118759 0.0
0.04115599999204278 0.0010670000046957284
0.04115599999204278 0.0
0.04145400002016686 0.0011109999904874712
0.04145400002016686 9.999785106629133e-07
0.04358399999910034 0.0011520000116433948
0.04358399999910034 0.0
0.04369399999268353 0.00112599998828955
0.04369399999268353 1.00000761449337e-06
0.04104599999845959 0.0010929999989457428
0.04104599999845959 1.00000761449337e-06
0.04120000000693835 0.001065999997081235
0.04120000000693835 9.999785106629133e-07
0.041698999993968755 0.0011229999945499003
0.041698999993968755 0.0
0.040961000020615757 0.001069999998435378
0.040961000020615757 1.00000761449337e-06
0.041391000006115064 0.0010830000101123005
0.041391000006115064 9.999785106629133e-07
0.04110000000218861 0.0010569999867584556
0.04110000000218861 0.0
0.04112100001657382 0.0010780000011436641
0.04112100001657382 0.0
0.041407000011531636 0.0010670000046957284
0.041407000011531636 1.00000761449337e-06
0.0386620000062976 0.0009990000107791275
0.0386620000062976 1.00000761449337e-06
0.03888600002392195 0.0010099999781232327
0.03888600002392195 9.999785106629133e-07
0.03868299999157898 0.0010199999960605055
0.03868299999157898 1.00000761449337e-06
0.03880800001206808 0.0010180000099353492
0.03880800001206808 0.0
0.0389290000020992 0.0010119999933522195
0.0389290000020992 0.0
0.03617000000667758 0.0009599999757483602
0.03617000000667758 9.999785106629133e-07
0.036386000021593645 0.0009550000249873847
0.036386000021593645 0.0
0.03628900001058355 0.0009609999833628535
0.03628900001058355 0.0
0.03694399999221787 0.000981999997748062
0.03694399999221787 0.0
0.03629599997657351 0.0009490000084042549
0.03629599997657351 1.00000761449337e-06
0.03651599999284372 0.0009580000187270343
0.03651599999284372 0.0
0.03616000001784414 0.0009529999806545675
0.03616000001784414 1.00000761449337e-06
0.036278000014135614 0.0009469999931752682
0.036278000014135614 0.0
0.03654100000858307 0.0010049999982584268
0.03654100000858307 1.00000761449337e-06
0.03622800001176074 0.0009600000048521906
0.03622800001176074 9.999785106629133e-07
0.036456999980146065 0.0009500000160187483
0.036456999980146065 1.00000761449337e-06
0.03644999998505227 0.0009649999847169966
0.03644999998505227 1.00000761449337e-06
0.036542999994708225 0.0010309999925084412
0.036542999994708225 9.999785106629133e-07
0.03647399999317713 0.0009640000062063336
0.03647399999317713 1.00000761449337e-06
0.03715099999681115 0.0009910000080708414
0.03715099999681115 0.0
0.03671099999337457 0.000961000012466684
0.03671099999337457 0.0
0.03627000001142733 0.0009619999909773469
0.03627000001142733 0.0
0.03635599999688566 0.0009640000062063336
0.03635599999688566 0.0
0.036368000000948086 0.0009529999806545675
0.036368000000948086 0.0
0.03647699998691678 0.0009589999972376972
0.03647699998691678 0.0
0.03751599998213351 0.001057999994372949
0.03751599998213351 0.0
0.039305999991483986 0.0010569999867584556
0.039305999991483986 1.00000761449337e-06
0.03905500000109896 0.0010799999872688204
0.03905500000109896 0.0
0.0387019999907352 0.0010429999965708703
0.0387019999907352 0.0
0.03891899998416193 0.0010159999947063625
0.03891899998416193 0.0
0.0388550000207033 0.0010060000058729202
0.0388550000207033 9.999785106629133e-07
0.03942099999403581 0.0011119999981019646
0.03942099999403581 1.00000761449337e-06
0.039529999980004504 0.001049000013154
0.039529999980004504 1.00000761449337e-06
0.036534000013489276 0.0009600000048521906
0.036534000013489276 1.00000761449337e-06
0.03643000000738539 0.0009589999972376972
0.03643000000738539 0.0
0.03706800000509247 0.0010119999933522195
0.03706800000509247 1.00000761449337e-06
0.036346000008052215 0.0009529999806545675
0.036346000008052215 0.0
0.03647700001602061 0.0009629999985918403
0.03647700001602061 0.0
0.036495999986073 0.000990000000456348
0.036495999986073 0.0
0.036493999999947846 0.0009720000089146197
0.036493999999947846 0.0
0.0362860000168439 0.0009659999923314899
0.0362860000168439 0.0
0.03640599999926053 0.0009589999972376972
0.03640599999926053 1.00000761449337e-06
0.036755000008270144 0.0010210000036749989
0.036755000008270144 1.00000761449337e-06
0.036368000000948086 0.0009640000062063336
0.036368000000948086 0.0
0.0366890000004787 0.000973999995039776
0.0366890000004787 1.00000761449337e-06
0.036481000017374754 0.0009700000227894634
0.036481000017374754 9.999785106629133e-07
0.03651299999910407 0.0009579999896232039
0.03651299999910407 1.00000761449337e-06
0.03642399999080226 0.0009530000097583979
0.03642399999080226 0.0
0.03642099999706261 0.0009560000034980476
0.03642099999706261 1.00000761449337e-06
0.03388299999642186 0.000897999998414889
0.03388299999642186 0.0
0.03395099999033846 0.0009389999904669821
0.03395099999033846 9.999785106629133e-07
0.03415099999983795 0.0008929999894462526
0.03415099999983795 9.999785106629133e-07
0.035078999993856996 0.0010159999947063625
0.035078999993856996 0.0
0.034457000001566485 0.0009150000114459544
0.034457000001566485 0.0
0.03384299998288043 0.000893999997060746
0.03384299998288043 0.0
0.034398999996483326 0.0009399999980814755
0.034398999996483326 1.00000761449337e-06
0.03404700002283789 0.0009230000141542405
0.03404700002283789 1.00000761449337e-06
0.036480999988270923 0.0009509999945294112
0.036480999988270923 0.0
0.03691100000287406 0.0010199999960605055
0.03691100000287406 0.0
0.03903000001446344 0.0010170000023208559
0.03903000001446344 1.00000761449337e-06
0.04152900000917725 0.0011110000195913017
0.04152900000917725 9.999785106629133e-07
0.04156800001510419 0.0010889999975915998
0.04156800001510419 0.0
0.04133100001490675 0.0011220000160392374
0.04133100001490675 9.999785106629133e-07
0.043702000024495646 0.0011430000013206154
0.043702000024495646 0.0
0.043585000006714836 0.0011480000102892518
0.043585000006714836 1.00000761449337e-06
0.043806000001495704 0.001180999999633059
0.043806000001495704 0.0
0.047639000025810674 0.0012290000158827752
0.047639000025810674 0.0
0.043788000009953976 0.0011910000175703317
0.043788000009953976 0.0
0.04345100000500679 0.0011539999977685511
0.04345100000500679 0.0
0.043722999980673194 0.001164000015705824
0.043722999980673194 0.0
0.04383599999709986 0.0012069999938830733
0.04383599999709986 1.00000761449337e-06
0.04354699997929856 0.0011460000241640955
0.04354699997929856 1.00000761449337e-06
0.043553999974392354 0.0011530000192578882
0.043553999974392354 0.0
0.04350900001008995 0.0011939999822061509
0.04350900001008995 0.0
0.04373999999370426 0.0011600000143516809
0.04373999999370426 1.00000761449337e-06
0.04429099999833852 0.0012459999998100102
0.04429099999833852 1.00000761449337e-06
0.04124100002809428 0.00109200002043508
0.04124100002809428 0.0
0.041323999990709126 0.0010950000141747296
0.041323999990709126 0.0
0.04115500001353212 0.0011069999891333282
0.04115500001353212 0.0
0.04121699999086559 0.0010970000002998859
0.04121699999086559 1.00000761449337e-06
0.04112100001657382 0.0010989999864250422
0.04112100001657382 1.00000761449337e-06
0.04121399999712594 0.0010810000239871442
0.04121399999712594 0.0
0.04119699998409487 0.0010980000079143792
0.04119699998409487 0.0
0.04124000002047978 0.0010999999940395355
0.04124000002047978 0.0
0.04101700001046993 0.0010940000065602362
0.04101700001046993 9.999785106629133e-07
0.041102000017417595 0.0011140000133309513
0.041102000017417595 0.0
0.0410449999908451 0.0011269999959040433
0.0410449999908451 0.0
0.03864299997803755 0.0010239999974146485
0.03864299997803755 0.0
0.03655699998489581 0.0010039999906439334
0.03655699998489581 1.00000761449337e-06
0.03899399997317232 0.001045000011799857
0.03899399997317232 0.0
0.04110599998966791 0.0010780000011436641
0.04110599998966791 1.00000761449337e-06
0.03621799999382347 0.000977999996393919
0.03621799999382347 1.00000761449337e-06
0.03656800001044758 0.0009729999874252826
0.03656800001044758 0.0
0.03647299998556264 0.0010279999987687916
0.03647299998556264 1.00000761449337e-06
0.03635099998791702 0.0009710000013001263
0.03635099998791702 1.00000761449337e-06
0.036300000007031485 0.0009699999936856329
0.036300000007031485 0.0
0.03622700000414625 0.0009629999985918403
0.03622700000414625 9.999785106629133e-07
0.038616000005276874 0.0010089999996125698
0.038616000005276874 0.0
0.0412600000272505 0.0011389999999664724
0.0412600000272505 1.00000761449337e-06
0.04181100000278093 0.00112900001113303
0.04181100000278093 0.0
0.0449019999941811 0.0012080000014975667
0.0449019999941811 9.999785106629133e-07
0.0433809999958612 0.0011440000089351088
0.0433809999958612 1.00000761449337e-06
0.046113999997032806 0.001349999976810068
0.046113999997032806 0.0
0.0434100000129547 0.0011750000121537596
0.0434100000129547 9.999785106629133e-07
0.0483949999907054 0.0013399999879766256
0.0483949999907054 1.00000761449337e-06
0.0483269999967888 0.001336000015726313
0.0483269999967888 9.999785106629133e-07
0.051296999998157844 0.001459000020986423
0.051296999998157844 1.00000761449337e-06
0.04853400000138208 0.0012960000021848828
0.04853400000138208 0.0
0.04829099998460151 0.0012599999899975955
0.04829099998460151 0.0
0.04834799998207018 0.0012470000074245036
0.04834799998207018 0.0
0.048752999980933964 0.0013179999950807542
0.048752999980933964 0.0
0.048553000000538304 0.0012629999837372452
0.048553000000538304 1.00000761449337e-06
0.053511999984038994 0.001488000008976087
0.053511999984038994 9.999785106629133e-07
0.05083699998795055 0.0013160000089555979
0.05083699998795055 9.999785106629133e-07
0.054174000018974766 0.0013940000208094716
0.054174000018974766 9.999785106629133e-07
0.05555600000661798 0.0015739999944344163
0.05555600000661798 0.0
0.05588300002273172 0.001437999977497384
0.05588300002273172 0.0
0.05315399999381043 0.0013789999939035624
0.05315399999381043 0.0
0.0556489999871701 0.0014270000101532787
0.0556489999871701 0.0
0.05782899999758229 0.0016119999927468598
0.05782899999758229 9.999785106629133e-07
0.05621799998334609 0.001488000008976087
0.05621799998334609 0.0
0.05552300001727417 0.0014719999744556844
0.05552300001727417 1.00000761449337e-06
0.05563999997684732 0.0014709999959450215
0.05563999997684732 0.0
0.055432000022847205 0.0014649999793618917
0.055432000022847205 0.0
0.055554999999003485 0.0014610000071115792
0.055554999999003485 0.0
0.06077400001231581 0.003716000006534159
0.06077400001231581 1.00000761449337e-06
0.060699000023305416 0.0016429999959655106
0.060699000023305416 0.0
0.0651709999947343 0.003973000013502315
0.0651709999947343 0.0
0.06656400000792928 0.0020120000117458403
0.06656400000792928 1.00000761449337e-06
0.06160699998144992 0.0016020000039134175
0.06160699998144992 0.0
0.060351000021910295 0.0015980000025592744
0.060351000021910295 1.00000761449337e-06
0.06127299999934621 0.0015719999792054296
0.06127299999934621 0.0
0.05333799999789335 0.00136900000507012
0.05333799999789335 0.0
INFO:sc2.protocol:Client status changed to Status.ended (was Status.in_game)
INFO:root:Result for player 2 - Bot(Race.Terran, <bots.Showing_bot.speedBot.MarinBot object at 0x7fb6d1b3ac50>): Defeat
INFO:sc2.protocol:Client status changed to Status.ended (was Status.in_game)
INFO:root:Result for player 1 - Bot(Race.Terran, <bots.ggg.KeyBot.KeyBot object at 0x7fb6d1b341d0>): Victory
INFO:sc2.client:Saved replay to outs/2020-01-17T11-28-03/replays/ggg-showing_bot/ggg-showing_bot-2.SC2Replay
INFO:sc2.protocol:Client status changed to Status.launched (was Status.ended)
INFO:sc2.protocol:Client status changed to Status.quit (was Status.launched)
INFO:sc2.sc2process:kill_switch: Process cleanup
INFO:sc2.sc2process:Cleaning up...
INFO:sc2.sc2process:Cleanup complete
INFO:sc2.sc2process:Cleaning up...
INFO:sc2.sc2process:Cleanup complete
INFO:sc2.protocol:Client status changed to Status.launched (was Status.ended)
INFO:sc2.protocol:Cannot receive: Connection already closed.
INFO:sc2.sc2process:kill_switch: Process cleanup
INFO:sc2.sc2process:Cleaning up...
INFO:sc2.sc2process:Cleanup complete
INFO:sc2.sc2process:Cleaning up...
INFO:sc2.sc2process:Cleanup complete


## STDERR ##

Version: B75689 (SC2.4.10)
Build: Aug 12 2019 17:16:57
Command Line: '"/home/hspark8312/StarCraftII/Versions/Base75689/SC2_x64" -listen 127.0.0.1 -port 21487 -displayMode 0 -dataDir /home/hspark8312/StarCraftII -tempDir /tmp/SC2_my73ectr'
Starting up...
Startup Phase 1 complete
Version: B75689 (SC2.4.10)
Build: Aug 12 2019 17:16:57
Command Line: '"/home/hspark8312/StarCraftII/Versions/Base75689/SC2_x64" -listen 127.0.0.1 -port 21161 -displayMode 0 -dataDir /home/hspark8312/StarCraftII -tempDir /tmp/SC2_ft2vd_l3'
Starting up...
Startup Phase 1 complete
Startup Phase 2 complete
Creating stub renderer...
Listening on: 127.0.0.1:21487
Startup Phase 3 complete. Ready for commands.
Startup Phase 2 complete
Creating stub renderer...
Listening on: 127.0.0.1:21161
Startup Phase 3 complete. Ready for commands.
ConnectHandler: Request from 127.0.0.1:56582 accepted
ReadyHandler: 127.0.0.1:56582 ready
Requesting to join a multiplayer game
Configuring interface options
Configure: raw interface enabled
Configure: feature layer interface enabled
Configure: score interface enabled
Configure: render interface disabled
ConnectHandler: Request from 127.0.0.1:56583 accepted
ReadyHandler: 127.0.0.1:56583 ready
Requesting to join a multiplayer game
Configuring interface options
Configure: raw interface enabled
Configure: feature layer interface enabled
Configure: score interface enabled
Configure: render interface disabled
Create game with map path: NCFellowship-2019_m1_v6.SC2Map
Attempting to join a game with the map: NCFellowship-2019_m1_v6.SC2Map
Game has started.
Using default stable ids, none found at: /home/hspark8312/StarCraftII/stableid.json
Successfully loaded stable ids: GameData\stableid.json
Sending ResponseJoinGame
Game has started.
Using default stable ids, none found at: /home/hspark8312/StarCraftII/stableid.json
Successfully loaded stable ids: GameData\stableid.json
Sending ResponseJoinGame
RequestQuit command received.
Closing Application...
/home/hspark8312/anaconda3/envs/sc2/lib/python3.6/importlib/_bootstrap.py:219: RuntimeWarning: numpy.ufunc size changed, may indicate binary incompatibility. Expected 192 from C header, got 216 from PyObject
  return f(*args, **kwds)
/home/hspark8312/anaconda3/envs/sc2/lib/python3.6/importlib/_bootstrap.py:219: RuntimeWarning: numpy.ufunc size changed, may indicate binary incompatibility. Expected 192 from C header, got 216 from PyObject
  return f(*args, **kwds)
/home/hspark8312/anaconda3/envs/sc2/lib/python3.6/site-packages/tensorboard/compat/tensorflow_stub/dtypes.py:541: FutureWarning: Passing (type, 1) or '1type' as a synonym of type is deprecated; in a future version of numpy, it will be understood as (type, (1,)) / '(1,)type'.
  _np_qint8 = np.dtype([("qint8", np.int8, 1)])
/home/hspark8312/anaconda3/envs/sc2/lib/python3.6/site-packages/past/builtins/misc.py:45: DeprecationWarning: the imp module is deprecated in favour of importlib; see the module's documentation for alternative uses
  from imp import reload
/mnt/d/sc2minigame-eval-2020-01-09/bots/Showing_bot/speedBot.py:1643: RuntimeWarning: coroutine 'TerreinManager.debug' was never awaited
  self.terrein_manager.debug()
