## STDOUT ##

[[92mINFO[0m] SC2 4.9.0 용 패치 적용
패치 sc2.ids.ability_id
패치 sc2.game_state
패치 sc2.bot_ai
패치 sc2.client
패치 sc2.controller
패치 sc2.main
INFO:root:Failed to import cuda module: No module named 'caffe2.python.caffe2_pybind11_state_gpu'
INFO:root:Failed to import AMD hip module: No module named 'caffe2.python.caffe2_pybind11_state_hip'
WARNING:root:This caffe2 python run does not have GPU support. Will run in CPU only mode.
cpu
INFO:sc2.protocol:Client status changed to Status.launched (was None)
INFO:sc2.protocol:Client status changed to Status.launched (was None)
INFO:sc2_patch.sc2_patch_490.controller:Creating new game
INFO:sc2_patch.sc2_patch_490.controller:Map:     NCFellowship-2019_m1_v6
INFO:sc2_patch.sc2_patch_490.controller:Players: Bot(Race.Terran, <bots.ggg.KeyBot.KeyBot object at 0x7f4bf3ac4198>), Bot(Race.Terran, <bots.Showing_bot.speedBot.MarinBot object at 0x7f4bf3acac18>)
INFO:sc2.protocol:Client status changed to Status.init_game (was Status.launched)
INFO:sc2.protocol:Client status changed to Status.in_game (was None)
INFO:root:Player 1 - Bot(Race.Terran, <bots.ggg.KeyBot.KeyBot object at 0x7f4bf3ac4198>)
TEST: 1, <bots.ggg.KeyBot.KeyBot object at 0x7f4bf3ac4198>
INFO:sc2.protocol:Client status changed to Status.in_game (was None)
INFO:root:Player 2 - Bot(Race.Terran, <bots.Showing_bot.speedBot.MarinBot object at 0x7f4bf3acac18>)
TEST: 2, <bots.Showing_bot.speedBot.MarinBot object at 0x7f4bf3acac18>
load model: bots/Showing_bot/models/model-89.pt
create new model
0.04493600002024323 0.002989999979035929
0.04493600002024323 0.0
0.045315000024857 0.0022390000231098384
0.045315000024857 1.00000761449337e-06
0.04482899999129586 0.0014519999967887998
0.04482899999129586 0.0
0.045400000002700835 0.0011949999898206443
0.045400000002700835 0.0
0.04543299999204464 0.0014230000087991357
0.04543299999204464 0.0
0.045467999996617436 0.0012409999908413738
0.045467999996617436 0.0
0.046814999979687855 0.0011940000113099813
0.046814999979687855 0.0
0.06023499998264015 0.0017180000140797347
0.06023499998264015 0.0
0.04996099998243153 0.0013670000189449638
0.04996099998243153 0.0
0.048817999981110916 0.003156999999191612
0.048817999981110916 9.999785106629133e-07
0.0494100000069011 0.0014659999869763851
0.0494100000069011 1.00000761449337e-06
0.048848999984329566 0.0013219999964348972
0.048848999984329566 0.0
0.04961600000387989 0.0012659999774768949
0.04961600000387989 0.0
0.050722000014502555 0.001324000011663884
0.050722000014502555 0.0
0.05011999999987893 0.001277999981539324
0.05011999999987893 1.00000761449337e-06
0.04880300001241267 0.0012500000011641532
0.04880300001241267 1.00000761449337e-06
0.047789999982342124 0.0014770000125281513
0.047789999982342124 9.999785106629133e-07
0.047882000013487414 0.0012120000028517097
0.047882000013487414 1.00000761449337e-06
0.047824000008404255 0.0012620000052265823
0.047824000008404255 1.00000761449337e-06
0.04778600001009181 0.0012459999998100102
0.04778600001009181 0.0
0.05001899998751469 0.0013599999947473407
0.05001899998751469 1.00000761449337e-06
0.0506749999767635 0.0013069999986328185
0.0506749999767635 9.999785106629133e-07
0.050687999988440424 0.0012759999954141676
0.050687999988440424 1.00000761449337e-06
0.0499089999939315 0.0012350000033620745
0.0499089999939315 0.0
0.05026899999938905 0.0012639999913517386
0.05026899999938905 1.00000761449337e-06
0.04755399998975918 0.0012449999921955168
0.04755399998975918 0.0
0.04832400000304915 0.001201000006403774
0.04832400000304915 1.00000761449337e-06
0.047897999989800155 0.0013949999993201345
0.047897999989800155 1.00000761449337e-06
0.04702500000712462 0.0012790000182576478
0.04702500000712462 0.0
0.04878299997653812 0.0012940000160597265
0.04878299997653812 0.0
0.04899999999906868 0.0012149999965913594
0.04899999999906868 9.999785106629133e-07
0.04789700001128949 0.0013930000131949782
0.04789700001128949 0.0
0.0483269999967888 0.001256000017747283
0.0483269999967888 0.0
0.04921299999114126 0.0012669999850913882
0.04921299999114126 1.00000761449337e-06
0.0478900000161957 0.0012809999752789736
0.0478900000161957 9.999785106629133e-07
0.05978400001185946 0.0020160000130999833
0.05978400001185946 0.0
0.05910600000061095 0.001361000002361834
0.05910600000061095 0.0
0.05837499999324791 0.00326399999903515
0.05837499999324791 9.999785106629133e-07
0.050943999987794086 0.0018529999942984432
0.050943999987794086 0.0
0.052408000017749146 0.0013829999952577055
0.052408000017749146 0.0
changed strategy
0.052319000009447336 0.0013100000214762986
0.052319000009447336 1.00000761449337e-06
0.05245300001115538 0.00133200001437217
0.05245300001115538 1.00000761449337e-06
0.051013999996939674 0.001297999988310039
0.051013999996939674 1.00000761449337e-06
0.05578699999023229 0.0017419999931007624
0.05578699999023229 0.0
0.05811300000641495 0.0014319999900180846
0.05811300000641495 0.0
0.050402000022586435 0.0012960000021848828
0.050402000022586435 0.0
0.05131499998969957 0.0015030000067781657
0.05131499998969957 1.00000761449337e-06
0.050484999985201284 0.0013040000048931688
0.050484999985201284 0.0
0.05157200002577156 0.0013330000219866633
0.05157200002577156 0.0
0.05193899999721907 0.0013159999798517674
0.05193899999721907 0.0
0.06859800001257099 0.001453999982913956
0.06859800001257099 9.999785106629133e-07
0.05442200001562014 0.0014979999978095293
0.05442200001562014 0.0
0.05256999999983236 0.001467000023694709
0.05256999999983236 1.00000761449337e-06
0.05356400000164285 0.0018130000098608434
0.05356400000164285 0.0
0.05466399999568239 0.001508999994257465
0.05466399999568239 9.999785106629133e-07
0.054730999981984496 0.0019069999980274588
0.054730999981984496 0.0
0.05318499999702908 0.0017619999998714775
0.05318499999702908 1.00000761449337e-06
0.05235000001266599 0.001715999998850748
0.05235000001266599 0.0
0.05212700000265613 0.0014669999945908785
0.05212700000265613 1.00000761449337e-06
0.05293299999902956 0.0017649999936111271
0.05293299999902956 0.0
0.05265800000051968 0.0014429999864660203
0.05265800000051968 1.00000761449337e-06
0.052546999999322 0.0013130000152159482
0.052546999999322 1.00000761449337e-06
0.05310499999905005 0.0012909999932162464
0.05310499999905005 1.00000761449337e-06
0.05247100000269711 0.0013390000094659626
0.05247100000269711 0.0
0.05195799999637529 0.0013009999820496887
0.05195799999637529 1.00000761449337e-06
0.05258400001912378 0.0012790000182576478
0.05258400001912378 9.999785106629133e-07
0.05258399999001995 0.0013969999854452908
0.05258399999001995 0.0
0.05308300000615418 0.0012989999959245324
0.05308300000615418 0.0
0.052491000009467825 0.0013239999825600535
0.052491000009467825 0.0
0.05223000000114553 0.0012909999932162464
0.05223000000114553 0.0
0.05559599999105558 0.0033830000029411167
0.05559599999105558 0.0
0.05504899998777546 0.0015079999866429716
0.05504899998777546 0.0
0.055382999998982996 0.0014380000066012144
0.055382999998982996 0.0
0.0558819999860134 0.0013770000077784061
0.0558819999860134 0.0
0.05426199999055825 0.001365000003715977
0.05426199999055825 1.00000761449337e-06
0.05531899997731671 0.0013630000175908208
0.05531899997731671 0.0
0.05547099999967031 0.0014019999944139272
0.05547099999967031 0.0
0.0585410000057891 0.0015350000176113099
0.0585410000057891 0.0
0.0579859999998007 0.001467000023694709
0.0579859999998007 0.0
0.05764800001634285 0.0014850000152364373
0.05764800001634285 0.0
0.0581160000001546 0.0014389999851118773
0.0581160000001546 0.0
0.055410000000847504 0.0013530000287573785
0.055410000000847504 1.00000761449337e-06
0.05487400002311915 0.0014250000240281224
0.05487400002311915 0.0
0.05267000000458211 0.0013460000045597553
0.05267000000458211 0.0
0.053591999982018024 0.0013439999893307686
0.053591999982018024 0.0
0.05256999999983236 0.0014950000040698797
0.05256999999983236 9.999785106629133e-07
0.053293999982997775 0.001771000010194257
0.053293999982997775 1.00000761449337e-06
0.05161200001020916 0.001533999980892986
0.05161200001020916 0.0
0.04960700002266094 0.001408000010997057
0.04960700002266094 1.00000761449337e-06
0.04551200001151301 0.0014149999769870192
0.04551200001151301 0.0
0.04481600000872277 0.001516999996965751
0.04481600000872277 1.00000761449337e-06
0.04523799999151379 0.0015359999961219728
0.04523799999151379 0.0
0.04522699999506585 0.0016309999919030815
0.04522699999506585 0.0
0.04487000001245178 0.001213999988976866
0.04487000001245178 0.0
0.042818999994779006 0.0010609999881125987
0.042818999994779006 0.0
0.043329000007361174 0.0013590000162366778
0.043329000007361174 0.0
0.04239600000437349 0.0010919999913312495
0.04239600000437349 0.0
0.042530000006081536 0.001053000014508143
0.042530000006081536 0.0
0.041985000018030405 0.0010929999989457428
0.041985000018030405 0.0
0.04247799998847768 0.0010689999908208847
0.04247799998847768 1.00000761449337e-06
0.043135999992955476 0.0011049999739043415
0.043135999992955476 1.00000761449337e-06
0.04018099998938851 0.0010060000058729202
0.04018099998938851 0.0
0.03962300001876429 0.0010469999979250133
0.03962300001876429 1.00000761449337e-06
0.03998099997988902 0.001109000004362315
0.03998099997988902 1.00000761449337e-06
0.04026300000259653 0.0010470000270288438
0.04026300000259653 0.0
0.03945099998963997 0.0010049999982584268
0.03945099998963997 9.999785106629133e-07
0.03999999997904524 0.0010060000058729202
0.03999999997904524 1.00000761449337e-06
0.0403070000174921 0.0010360000014770776
0.0403070000174921 1.00000761449337e-06
0.039686999982222915 0.0009980000031646341
0.039686999982222915 0.0
0.040179000003263354 0.0010760000150185078
0.040179000003263354 0.0
0.04298100000596605 0.001100000023143366
0.04298100000596605 1.00000761449337e-06
0.043273999996017665 0.0010939999774564058
0.043273999996017665 1.00000761449337e-06
0.04317200000514276 0.0010760000150185078
0.04317200000514276 0.0
0.04208600000129081 0.001096000021789223
0.04208600000129081 0.0
0.04233399999793619 0.0010649999894667417
0.04233399999793619 9.999785106629133e-07
0.04232900001807138 0.0010800000163726509
0.04232900001807138 0.0
0.04479600000195205 0.0012849999766331166
0.04479600000195205 1.00000761449337e-06
0.04524999999557622 0.0011770000273827463
0.04524999999557622 1.00000761449337e-06
0.04266700000152923 0.001113000005716458
0.04266700000152923 1.00000761449337e-06
0.04283799999393523 0.0010630000033415854
0.04283799999393523 0.0
0.05632600001990795 0.0015350000176113099
0.05632600001990795 1.00000761449337e-06
0.042656000005081296 0.0010820000024978071
0.042656000005081296 1.00000761449337e-06
0.04363900001044385 0.0011349999986123294
0.04363900001044385 1.00000761449337e-06
0.043455999984871596 0.001057999994372949
0.043455999984871596 0.0
0.04238700002315454 0.001100000023143366
0.04238700002315454 1.00000761449337e-06
0.04219799998099916 0.0010690000199247152
0.04219799998099916 0.0
0.043147999997017905 0.0010519999777898192
0.043147999997017905 0.0
0.04464800001005642 0.0013860000181011856
0.04464800001005642 0.0
0.044578000000910833 0.0011109999904874712
0.044578000000910833 1.00000761449337e-06
0.04252200000337325 0.0012310000020079315
0.04252200000337325 0.0
0.042551000020466745 0.001133000012487173
0.042551000020466745 0.0
0.04282400000374764 0.001053999993018806
0.04282400000374764 1.00000761449337e-06
0.04326000000583008 0.0011320000048726797
0.04326000000583008 0.0
0.040456000017002225 0.0010349999938625842
0.040456000017002225 1.00000761449337e-06
0.03955100002349354 0.0010360000014770776
0.03955100002349354 0.0
0.03987399998004548 0.0010180000099353492
0.03987399998004548 0.0
0.03994399998919107 0.0010089999996125698
0.03994399998919107 0.0
0.03986900000018068 0.0010379999876022339
0.03986900000018068 1.00000761449337e-06
0.039318000024650246 0.0010130000009667128
0.039318000024650246 0.0
0.03994300001068041 0.0010440000041853637
0.03994300001068041 9.999785106629133e-07
0.03981799999019131 0.0010379999876022339
0.03981799999019131 0.0
0.03771699999924749 0.0009609999833628535
0.03771699999924749 1.00000761449337e-06
0.038376000011339784 0.0010020000045187771
0.038376000011339784 1.00000761449337e-06
0.03723700001137331 0.0009600000048521906
0.03723700001137331 1.00000761449337e-06
0.03739300000597723 0.0010429999965708703
0.03739300000597723 0.0
0.03763299999991432 0.0009790000040084124
0.03763299999991432 1.00000761449337e-06
0.037822999991476536 0.0009639999771025032
0.037822999991476536 0.0
0.03771299999789335 0.0009490000084042549
0.03771299999789335 0.0
0.03797899998608045 0.0010560000082477927
0.03797899998608045 9.999785106629133e-07
0.03794800001196563 0.0009530000097583979
0.03794800001196563 0.0
0.03728699998464435 0.0009569999820087105
0.03728699998464435 1.00000761449337e-06
0.037543000013101846 0.0009629999985918403
0.037543000013101846 0.0
0.03727400000207126 0.0009419999842066318
0.03727400000207126 0.0
0.03741099999751896 0.0009889999928418547
0.03741099999751896 0.0
0.038146000006236136 0.0009889999928418547
0.038146000006236136 0.0
0.03698499998426996 0.000961000012466684
0.03698499998426996 0.0
0.03746799999498762 0.0009830000053625554
0.03746799999498762 0.0
0.03714499998022802 0.0009520000021439046
0.03714499998022802 0.0
0.0393140000232961 0.0013670000189449638
0.0393140000232961 0.0
0.03813100000843406 0.0009600000048521906
0.03813100000843406 0.0
0.03998000000137836 0.0010220000112894922
0.03998000000137836 9.999785106629133e-07
0.03972900001099333 0.0010630000033415854
0.03972900001099333 1.00000761449337e-06
0.0396269999910146 0.0010550000006332994
0.0396269999910146 0.0
0.03706699999747798 0.0009659999923314899
0.03706699999747798 0.0
0.037643999996362254 0.0011079999967478216
0.037643999996362254 1.00000761449337e-06
0.03719400000409223 0.0009870000067166984
0.03719400000409223 0.0
0.037386000010883436 0.000990999978967011
0.037386000010883436 0.0
0.03768300000228919 0.001029000006383285
0.03768300000228919 1.00000761449337e-06
0.037517999997362494 0.0009450000070501119
0.037517999997362494 0.0
0.03676899999845773 0.000981999997748062
0.03676899999845773 0.0
0.036997999995946884 0.0009519999730400741
0.036997999995946884 1.00000761449337e-06
0.03796299998066388 0.0009530000097583979
0.03796299998066388 0.0
0.03746799999498762 0.0009520000021439046
0.03746799999498762 9.999785106629133e-07
0.038037999998778105 0.0009510000236332417
0.038037999998778105 1.00000761449337e-06
0.03799699997762218 0.000981999997748062
0.03799699997762218 0.0
0.03772200000821613 0.0010009999969042838
0.03772200000821613 0.0
0.03737899998668581 0.0009729999874252826
0.03737899998668581 0.0
0.03772500000195578 0.0009649999847169966
0.03772500000195578 0.0
0.037669000012101606 0.000973999995039776
0.037669000012101606 1.00000761449337e-06
0.0375110000022687 0.0009889999928418547
0.0375110000022687 1.00000761449337e-06
0.03742199999396689 0.0009689999860711396
0.03742199999396689 0.0
0.035177000012481585 0.0009300000092480332
0.035177000012481585 0.0
0.034822999994503334 0.0009389999904669821
0.034822999994503334 0.0
0.03524700002162717 0.0009450000070501119
0.03524700002162717 0.0
0.0357590000203345 0.000906000001123175
0.0357590000203345 0.0
0.0349819999828469 0.0009349999891128391
0.0349819999828469 1.00000761449337e-06
0.03505200002109632 0.0009339999814983457
0.03505200002109632 0.0
0.03529000002890825 0.0009270000155083835
0.03529000002890825 9.999785106629133e-07
0.03516299999319017 0.0009290000016335398
0.03516299999319017 9.999785106629133e-07
0.03488600000855513 0.0009429999918211251
0.03488600000855513 1.00000761449337e-06
0.03470799999195151 0.000901999999769032
0.03470799999195151 0.0
0.037677999993320554 0.001041999988956377
0.037677999993320554 0.0
0.0370919999841135 0.0009880000143311918
0.0370919999841135 0.0
0.039929999999003485 0.0010430000256747007
0.039929999999003485 0.0
0.04208400001516566 0.001192000025184825
0.04208400001516566 1.00000761449337e-06
0.04495000001043081 0.0012170000118203461
0.04495000001043081 0.0
0.04467600001953542 0.0014599999994970858
0.04467600001953542 0.0
0.046012000006157905 0.0011409999860916287
0.046012000006157905 1.00000761449337e-06
0.045664000004762784 0.0012879999994765967
0.045664000004762784 1.00000761449337e-06
0.045494999998481944 0.0011949999898206443
0.045494999998481944 0.0
0.045448999997461215 0.0011919999960809946
0.045448999997461215 1.00000761449337e-06
0.04568099998869002 0.0012029999925289303
0.04568099998869002 0.0
0.04546900000423193 0.001185000000987202
0.04546900000423193 1.00000761449337e-06
0.04496800000197254 0.0011759999906644225
0.04496800000197254 9.999785106629133e-07
0.04538599998340942 0.001205000007757917
0.04538599998340942 0.0
0.04518300000927411 0.001149999996414408
0.04518300000927411 0.0
0.04557600000407547 0.0011750000121537596
0.04557600000407547 1.00000761449337e-06
0.04471499999635853 0.001193000003695488
0.04471499999635853 9.999785106629133e-07
0.045137999986764044 0.0012029999925289303
0.045137999986764044 1.00000761449337e-06
0.04472700000042096 0.0011710000107996166
0.04472700000042096 0.0
0.04538099997444078 0.0012419999984558672
0.04538099997444078 0.0
0.04546399999526329 0.0012149999965913594
0.04546399999526329 1.00000761449337e-06
0.04263800001353957 0.001073999999789521
0.04263800001353957 0.0
0.04300700000021607 0.0012310000020079315
0.04300700000021607 0.0
0.04287000000476837 0.0011309999972581863
0.04287000000476837 9.999785106629133e-07
0.042167000006884336 0.001457999984268099
0.042167000006884336 1.00000761449337e-06
0.04208300000755116 0.0011200000008102506
0.04208300000755116 0.0
0.04271500001777895 0.0011289999820291996
0.04271500001777895 1.00000761449337e-06
0.04272699999273755 0.0011109999904874712
0.04272699999273755 1.00000761449337e-06
0.04326400000718422 0.001129999989643693
0.04326400000718422 1.00000761449337e-06
0.042213000007905066 0.0010959999926853925
0.042213000007905066 1.00000761449337e-06
0.041089999984251335 0.0011100000119768083
0.041089999984251335 0.0
0.0376080000132788 0.000990000000456348
0.0376080000132788 0.0
0.040283999987877905 0.0010230000189039856
0.040283999987877905 0.0
0.0377779999980703 0.0009889999928418547
0.0377779999980703 0.0
0.037706000002799556 0.0009950000094249845
0.037706000002799556 0.0
0.03749600000446662 0.0010089999996125698
0.03749600000446662 0.0
0.03759299998637289 0.0009990000107791275
0.03759299998637289 0.0
0.03731600000173785 0.0009619999909773469
0.03731600000173785 1.00000761449337e-06
0.03739099999074824 0.0009839999838732183
0.03739099999074824 0.0
0.04333399998722598 0.0011700000031851232
0.04333399998722598 0.0
0.04094999999506399 0.0010729999921750277
0.04094999999506399 9.999785106629133e-07
0.045031999994535 0.0011639999866019934
0.045031999994535 1.00000761449337e-06
0.04503599999588914 0.0011470000026747584
0.04503599999588914 0.0
0.047255000012228265 0.0014089999895077199
0.047255000012228265 1.00000761449337e-06
0.045095000008586794 0.0011959999974351376
0.045095000008586794 0.0
0.04598200001055375 0.001213000010466203
0.04598200001055375 9.999785106629133e-07
0.047744000010425225 0.001264000020455569
0.047744000010425225 1.00000761449337e-06
0.04998000001069158 0.0014179999998304993
0.04998000001069158 1.00000761449337e-06
0.050561999989440665 0.0012709999864455312
0.050561999989440665 9.999785106629133e-07
0.055961000005481765 0.0016120000218506902
0.055961000005481765 1.00000761449337e-06
0.05755900000804104 0.0015459999849554151
0.05755900000804104 0.0
0.05066900001838803 0.0012660000065807253
0.05066900001838803 0.0
0.05476199998520315 0.0013829999952577055
0.05476199998520315 1.00000761449337e-06
0.052869000006467104 0.0013350000081118196
0.052869000006467104 1.00000761449337e-06
0.05241899998509325 0.001445000001695007
0.05241899998509325 9.999785106629133e-07
0.05321600000024773 0.001348999998299405
0.05321600000024773 0.0
0.055235000007087365 0.001520999998319894
0.055235000007087365 1.00000761449337e-06
0.06043499999213964 0.003531000023940578
0.06043499999213964 1.00000761449337e-06
0.055982999998377636 0.0014139999984763563
0.055982999998377636 0.0
0.05583899997873232 0.0014390000142157078
0.05583899997873232 0.0
0.05992900001001544 0.0016699999978300184
0.05992900001001544 0.0
0.05786599998828024 0.0017330000118818134
0.05786599998828024 0.0
0.05715899998904206 0.0014830000000074506
0.05715899998904206 9.999785106629133e-07
0.05752900001243688 0.0014659999869763851
0.05752900001243688 0.0
0.05781699999351986 0.0014690000098198652
0.05781699999351986 1.00000761449337e-06
0.0633289999968838 0.0037290000182110816
0.0633289999968838 0.0
0.06158300000242889 0.0018109999946318567
0.06158300000242889 1.00000761449337e-06
0.06779699999606237 0.0038899999926798046
0.06779699999606237 1.00000761449337e-06
0.06849800000782125 0.0019399999873712659
0.06849800000782125 9.999785106629133e-07
0.06758700002683327 0.0017450000159442425
0.06758700002683327 1.00000761449337e-06
0.06710899999598041 0.0017330000118818134
0.06710899999598041 0.0
0.06508299999404699 0.0015980000025592744
0.06508299999404699 0.0
0.06261699998867698 0.0015570000105071813
0.06261699998867698 1.00000761449337e-06
0.060708000004524365 0.0016849999956320971
0.060708000004524365 0.0
0.057483999989926815 0.0014709999959450215
0.057483999989926815 0.0
0.05783599999267608 0.0014050000172574073
0.05783599999267608 1.00000761449337e-06
INFO:sc2.protocol:Client status changed to Status.ended (was Status.in_game)
INFO:root:Result for player 2 - Bot(Race.Terran, <bots.Showing_bot.speedBot.MarinBot object at 0x7f4bf3acac18>): Defeat
INFO:sc2.protocol:Client status changed to Status.ended (was Status.in_game)
INFO:root:Result for player 1 - Bot(Race.Terran, <bots.ggg.KeyBot.KeyBot object at 0x7f4bf3ac4198>): Victory
INFO:sc2.client:Saved replay to outs/2020-01-17T11-28-03/replays/ggg-showing_bot/ggg-showing_bot-1.SC2Replay
INFO:sc2.protocol:Client status changed to Status.launched (was Status.ended)
INFO:sc2.protocol:Client status changed to Status.quit (was Status.launched)
INFO:sc2.sc2process:kill_switch: Process cleanup
INFO:sc2.sc2process:Cleaning up...
INFO:sc2.sc2process:Cleanup complete
INFO:sc2.sc2process:Cleaning up...
INFO:sc2.sc2process:Cleanup complete
INFO:sc2.protocol:Client status changed to Status.launched (was Status.ended)
INFO:sc2.protocol:Cannot receive: Connection already closed.
INFO:sc2.sc2process:kill_switch: Process cleanup
INFO:sc2.sc2process:Cleaning up...
INFO:sc2.sc2process:Cleanup complete
INFO:sc2.sc2process:Cleaning up...
INFO:sc2.sc2process:Cleanup complete


## STDERR ##

Version: B75689 (SC2.4.10)
Build: Aug 12 2019 17:16:57
Command Line: '"/home/hspark8312/StarCraftII/Versions/Base75689/SC2_x64" -listen 127.0.0.1 -port 15787 -displayMode 0 -dataDir /home/hspark8312/StarCraftII -tempDir /tmp/SC2_awba95og'
Starting up...
Startup Phase 1 complete
Version: B75689 (SC2.4.10)
Build: Aug 12 2019 17:16:57
Command Line: '"/home/hspark8312/StarCraftII/Versions/Base75689/SC2_x64" -listen 127.0.0.1 -port 22398 -displayMode 0 -dataDir /home/hspark8312/StarCraftII -tempDir /tmp/SC2_m3h7dtpq'
Starting up...
Startup Phase 1 complete
Startup Phase 2 complete
Creating stub renderer...
Listening on: 127.0.0.1:15787
Startup Phase 3 complete. Ready for commands.
Startup Phase 2 complete
Creating stub renderer...
ConnectHandler: Request from 127.0.0.1:52688 accepted
ReadyHandler: 127.0.0.1:52688 ready
Requesting to join a multiplayer game
Configuring interface options
Configure: raw interface enabled
Configure: feature layer interface enabled
Configure: score interface enabled
Configure: render interface disabled
Listening on: 127.0.0.1:22398
Startup Phase 3 complete. Ready for commands.
ConnectHandler: Request from 127.0.0.1:52689 accepted
ReadyHandler: 127.0.0.1:52689 ready
Requesting to join a multiplayer game
Configuring interface options
Configure: raw interface enabled
Configure: feature layer interface enabled
Configure: score interface enabled
Configure: render interface disabled
Create game with map path: NCFellowship-2019_m1_v6.SC2Map
Attempting to join a game with the map: NCFellowship-2019_m1_v6.SC2Map
Game has started.
Using default stable ids, none found at: /home/hspark8312/StarCraftII/stableid.json
Successfully loaded stable ids: GameData\stableid.json
Game has started.
Using default stable ids, none found at: /home/hspark8312/StarCraftII/stableid.json
Sending ResponseJoinGame
Successfully loaded stable ids: GameData\stableid.json
Sending ResponseJoinGame
RequestQuit command received.
Closing Application...
/home/hspark8312/anaconda3/envs/sc2/lib/python3.6/importlib/_bootstrap.py:219: RuntimeWarning: numpy.ufunc size changed, may indicate binary incompatibility. Expected 192 from C header, got 216 from PyObject
  return f(*args, **kwds)
/home/hspark8312/anaconda3/envs/sc2/lib/python3.6/importlib/_bootstrap.py:219: RuntimeWarning: numpy.ufunc size changed, may indicate binary incompatibility. Expected 192 from C header, got 216 from PyObject
  return f(*args, **kwds)
/home/hspark8312/anaconda3/envs/sc2/lib/python3.6/site-packages/tensorboard/compat/tensorflow_stub/dtypes.py:541: FutureWarning: Passing (type, 1) or '1type' as a synonym of type is deprecated; in a future version of numpy, it will be understood as (type, (1,)) / '(1,)type'.
  _np_qint8 = np.dtype([("qint8", np.int8, 1)])
/home/hspark8312/anaconda3/envs/sc2/lib/python3.6/site-packages/past/builtins/misc.py:45: DeprecationWarning: the imp module is deprecated in favour of importlib; see the module's documentation for alternative uses
  from imp import reload
/mnt/d/sc2minigame-eval-2020-01-09/bots/Showing_bot/speedBot.py:1643: RuntimeWarning: coroutine 'TerreinManager.debug' was never awaited
  self.terrein_manager.debug()
