## STDOUT ##

[[92mINFO[0m] SC2 4.9.0 용 패치 적용
패치 sc2.ids.ability_id
패치 sc2.game_state
패치 sc2.bot_ai
패치 sc2.client
패치 sc2.controller
패치 sc2.main
INFO:root:Failed to import cuda module: No module named 'caffe2.python.caffe2_pybind11_state_gpu'
INFO:root:Failed to import AMD hip module: No module named 'caffe2.python.caffe2_pybind11_state_hip'
WARNING:root:This caffe2 python run does not have GPU support. Will run in CPU only mode.
cpu
INFO:sc2.protocol:Client status changed to Status.launched (was None)
INFO:sc2.protocol:Client status changed to Status.launched (was None)
INFO:sc2_patch.sc2_patch_490.controller:Creating new game
INFO:sc2_patch.sc2_patch_490.controller:Map:     NCFellowship-2019_m1_v6
INFO:sc2_patch.sc2_patch_490.controller:Players: Bot(Race.Terran, <bots.ggg.KeyBot.KeyBot object at 0x7fb367f841d0>), Bot(Race.Terran, <bots.Showing_bot.speedBot.MarinBot object at 0x7fb367f8ac50>)
INFO:sc2.protocol:Client status changed to Status.init_game (was Status.launched)
INFO:sc2.protocol:Client status changed to Status.in_game (was None)
INFO:root:Player 2 - Bot(Race.Terran, <bots.Showing_bot.speedBot.MarinBot object at 0x7fb367f8ac50>)
TEST: 2, <bots.Showing_bot.speedBot.MarinBot object at 0x7fb367f8ac50>
load model: bots/Showing_bot/models/model-89.pt
create new model
INFO:sc2.protocol:Client status changed to Status.in_game (was None)
INFO:root:Player 1 - Bot(Race.Terran, <bots.ggg.KeyBot.KeyBot object at 0x7fb367f841d0>)
TEST: 1, <bots.ggg.KeyBot.KeyBot object at 0x7fb367f841d0>
0.04379599998355843 0.002726999984588474
0.04379599998355843 1.00000761449337e-06
0.045289000001503155 0.0022829999797977507
0.045289000001503155 0.0
0.04368999999132939 0.0015079999866429716
0.04368999999132939 1.00000761449337e-06
0.04362099998979829 0.0013319999852683395
0.04362099998979829 1.00000761449337e-06
0.044101999985286966 0.0013390000094659626
0.044101999985286966 0.0
0.04384500000742264 0.0013029999972786754
0.04384500000742264 0.0
0.04394999999203719 0.0010970000002998859
0.04394999999203719 0.0
0.04368099998100661 0.001133999990997836
0.04368099998100661 0.0
0.04619900000398047 0.0012700000079348683
0.04619900000398047 0.0
0.04635499999858439 0.001229999994393438
0.04635499999858439 9.999785106629133e-07
0.04607900002156384 0.001180000021122396
0.04607900002156384 1.00000761449337e-06
0.047546999994665384 0.0012379999971017241
0.047546999994665384 0.0
0.046230000007199124 0.0013060000201221555
0.046230000007199124 1.00000761449337e-06
0.04678199999034405 0.0013029999972786754
0.04678199999034405 0.0
0.04606000002240762 0.0011670000094454736
0.04606000002240762 0.0
0.04658200000994839 0.001234999974258244
0.04658200000994839 1.00000761449337e-06
0.04608500000904314 0.0012129999813623726
0.04608500000904314 0.0
0.04652400000486523 0.0012419999984558672
0.04652400000486523 1.00000761449337e-06
0.04622000001836568 0.0011820000072475523
0.04622000001836568 0.0
0.046298000001115724 0.0011740000045392662
0.046298000001115724 9.999785106629133e-07
0.04872700001578778 0.0028890000248793513
0.04872700001578778 0.0
0.04919099999824539 0.0014099999971222132
0.04919099999824539 0.0
0.04929100000299513 0.001289999985601753
0.04929100000299513 9.999785106629133e-07
0.04857600000104867 0.001277000003028661
0.04857600000104867 0.0
0.04865899999276735 0.0012670000141952187
0.04865899999276735 0.0
0.04603900000802241 0.0012200000055599958
0.04603900000802241 0.0
0.04774599999655038 0.0012550000101327896
0.04774599999655038 0.0
0.04687800002284348 0.0013230000040493906
0.04687800002284348 0.0
0.046986999979708344 0.0013470000121742487
0.046986999979708344 1.00000761449337e-06
0.046171999973012134 0.001229999994393438
0.046171999973012134 0.0
0.046319999994011596 0.00120599998626858
0.046319999994011596 0.0
0.04624700002023019 0.0012250000145286322
0.04624700002023019 9.999785106629133e-07
0.046027999982470647 0.001189000002341345
0.046027999982470647 0.0
0.04603600001428276 0.0011719999893102795
0.04603600001428276 0.0
0.04619100000127219 0.0011670000094454736
0.04619100000127219 0.0
0.0486840000085067 0.0012790000182576478
0.0486840000085067 1.00000761449337e-06
0.04860599999665283 0.0015060000005178154
0.04860599999665283 0.0
0.04856399999698624 0.001248000015038997
0.04856399999698624 0.0
0.04853299999376759 0.0012339999957475811
0.04853299999376759 0.0
0.048623999988194555 0.0012590000114869326
0.048623999988194555 9.999785106629133e-07
changed strategy
0.0494040000194218 0.001256999996257946
0.0494040000194218 1.00000761449337e-06
0.04859799999394454 0.0012330000172369182
0.04859799999394454 1.00000761449337e-06
0.049421000003349036 0.0012430000060703605
0.049421000003349036 0.0
0.04877699998905882 0.0012789999891538173
0.04877699998905882 0.0
0.048838999995496124 0.0012599999899975955
0.048838999995496124 1.00000761449337e-06
0.04857600000104867 0.0012369999894872308
0.04857600000104867 0.0
0.0486220000020694 0.0012419999984558672
0.0486220000020694 1.00000761449337e-06
0.0488199999963399 0.001244000013684854
0.0488199999963399 1.00000761449337e-06
0.04886000000988133 0.0012500000011641532
0.04886000000988133 0.0
0.048758999997517094 0.0012359999818727374
0.048758999997517094 9.999785106629133e-07
0.05108999999356456 0.001787999994121492
0.05108999999356456 9.999785106629133e-07
0.05097000001114793 0.001424999994924292
0.05097000001114793 0.0
0.05158799997298047 0.0017080000252462924
0.05158799997298047 0.0
0.05087700000149198 0.001660000008996576
0.05087700000149198 9.999785106629133e-07
0.05074499998590909 0.001703000016277656
0.05074499998590909 0.0
0.051116000016918406 0.0017269999952986836
0.051116000016918406 0.0
0.051214000006439164 0.0016930000274442136
0.051214000006439164 0.0
0.05131400001118891 0.0013399999879766256
0.05131400001118891 0.0
0.05114200001116842 0.0012980000174138695
0.05114200001116842 9.999785106629133e-07
0.05105599999660626 0.001289999985601753
0.05105599999660626 1.00000761449337e-06
0.051481999980751425 0.0013350000081118196
0.051481999980751425 0.0
0.05092300000251271 0.001408000010997057
0.05092300000251271 0.0
0.051298999984283 0.001672999991569668
0.051298999984283 0.0
0.051635999989230186 0.0013040000048931688
0.051635999989230186 1.00000761449337e-06
0.05099999997764826 0.0012829999905079603
0.05099999997764826 1.00000761449337e-06
0.05207499998505227 0.0014669999945908785
0.05207499998505227 1.00000761449337e-06
0.05156699998769909 0.0013169999874662608
0.05156699998769909 9.999785106629133e-07
0.051137000002199784 0.001293000008445233
0.051137000002199784 0.0
0.05127699999138713 0.0013269999762997031
0.05127699999138713 0.0
0.05098199998610653 0.0012900000147055835
0.05098199998610653 9.999785106629133e-07
0.053749000013340265 0.0031620000081602484
0.053749000013340265 0.0
0.053696999995736405 0.0015030000067781657
0.053696999995736405 0.0
0.05362699998659082 0.001344000018434599
0.05362699998659082 1.00000761449337e-06
0.05366799997864291 0.0013329999928828329
0.05366799997864291 0.0
0.053588999988278374 0.0013340000004973263
0.053588999988278374 0.0
0.05344999997760169 0.0013730000064242631
0.05344999997760169 1.00000761449337e-06
0.05397599999560043 0.0013500000059138983
0.05397599999560043 9.999785106629133e-07
0.05619100001058541 0.0015599999751430005
0.05619100001058541 9.999785106629133e-07
0.056312000000616536 0.0014580000133719295
0.056312000000616536 0.0
0.05639000001247041 0.0014589999918825924
0.05639000001247041 0.0
0.05643300001975149 0.0031580000068061054
0.05643300001975149 9.999785106629133e-07
0.05368899999302812 0.0014120000123512
0.05368899999302812 1.00000761449337e-06
0.051245000009657815 0.0014470000169239938
0.051245000009657815 0.0
0.05090500001097098 0.0012849999766331166
0.05090500001097098 1.00000761449337e-06
0.05098400000133552 0.0016800000157672912
0.05098400000133552 0.0
0.05135399999562651 0.0015710000006947666
0.05135399999562651 0.0
0.04945800002315082 0.0014850000152364373
0.04945800002315082 1.00000761449337e-06
0.04650999998557381 0.0015509999939240515
0.04650999998557381 0.0
0.04659199999878183 0.0014570000057574362
0.04659199999878183 1.00000761449337e-06
0.04614799999399111 0.0014330000267364085
0.04614799999399111 0.0
0.046249000006355345 0.0014230000087991357
0.046249000006355345 0.0
0.04632999998284504 0.001408000010997057
0.04632999998284504 1.00000761449337e-06
0.043865000014193356 0.0014720000035595149
0.043865000014193356 1.00000761449337e-06
0.04146100001526065 0.0012189999979455024
0.04146100001526065 0.0
0.04133200002252124 0.0011689999955706298
0.04133200002252124 1.00000761449337e-06
0.03905200000735931 0.001057999994372949
0.03905200000735931 0.0
0.03886500000953674 0.0013909999979659915
0.03886500000953674 9.999785106629133e-07
0.038985999999567866 0.0010310000216122717
0.038985999999567866 9.999785106629133e-07
0.039095999993151054 0.0010269999911542982
0.039095999993151054 1.00000761449337e-06
0.03881899997941218 0.0010600000096019357
0.03881899997941218 0.0
0.03879699998651631 0.0010150000161956996
0.03879699998651631 9.999785106629133e-07
0.03878799997619353 0.0010110000148415565
0.03878799997619353 9.999785106629133e-07
0.038895999983651564 0.0010520000068936497
0.038895999983651564 0.0
0.03867400001036003 0.001289999985601753
0.03867400001036003 0.0
0.03929700001026504 0.0010229999898001552
0.03929700001026504 0.0
0.039126999996369705 0.0010339999862480909
0.039126999996369705 1.00000761449337e-06
0.039742000022670254 0.0010680000123102218
0.039742000022670254 0.0
0.03888800001004711 0.00104599999031052
0.03888800001004711 0.0
0.03904000000329688 0.001057999994372949
0.03904000000329688 0.0
0.0389910000085365 0.0010289999772794545
0.0389910000085365 0.0
0.04134600001270883 0.0011759999906644225
0.04134600001270883 1.00000761449337e-06
0.04146099998615682 0.0015140000032261014
0.04146099998615682 0.0
0.04141500001423992 0.0010859999747481197
0.04141500001423992 0.0
0.04141400000662543 0.001065999997081235
0.04141400000662543 1.00000761449337e-06
0.041644000011729077 0.001141999993706122
0.041644000011729077 1.00000761449337e-06
0.04159599999547936 0.0010820000024978071
0.04159599999547936 0.0
0.041259000019636005 0.001137999992351979
0.041259000019636005 0.0
0.04112300000269897 0.0010769999935291708
0.04112300000269897 0.0
0.04161399998702109 0.001105000003008172
0.04161399998702109 0.0
0.04360999999335036 0.0013160000089555979
0.04360999999335036 0.0
0.04421900000306778 0.0011389999999664724
0.04421900000306778 0.0
0.04134900000644848 0.001074999978300184
0.04134900000644848 0.0
0.04118900001049042 0.0010980000079143792
0.04118900001049042 1.00000761449337e-06
0.04136600001947954 0.0012240000069141388
0.04136600001947954 1.00000761449337e-06
0.04213099999469705 0.0011399999784771353
0.04213099999469705 9.999785106629133e-07
0.04395900000235997 0.0013010000111535192
0.04395900000235997 0.0
0.0438350000185892 0.0011719999893102795
0.0438350000185892 0.0
0.041364000004250556 0.001113000005716458
0.041364000004250556 1.00000761449337e-06
0.04127800001879223 0.0010919999913312495
0.04127800001879223 0.0
0.041662000003270805 0.0010830000101123005
0.041662000003270805 0.0
0.04124600000795908 0.0010760000150185078
0.04124600000795908 9.999785106629133e-07
0.0413960000150837 0.0010609999881125987
0.0413960000150837 0.0
0.042744999984279275 0.0011550000053830445
0.042744999984279275 9.999785106629133e-07
0.04136500001186505 0.0011149999918416142
0.04136500001186505 0.0
0.041410000005271286 0.0010809999948833138
0.041410000005271286 0.0
0.041370000020833686 0.001074999978300184
0.041370000020833686 0.0
0.03890399998635985 0.0010279999987687916
0.03890399998635985 0.0
0.03875300000072457 0.0010149999870918691
0.03875300000072457 0.0
0.03909800000838004 0.0010100000072270632
0.03909800000838004 1.00000761449337e-06
0.038862999994307756 0.0010229999898001552
0.038862999994307756 0.0
0.03920200001448393 0.001016000023810193
0.03920200001448393 0.0
0.03875700000207871 0.001010999985737726
0.03875700000207871 0.0
0.03923299998859875 0.0010719999845605344
0.03923299998859875 1.00000761449337e-06
0.039225999993504956 0.0010340000153519213
0.039225999993504956 0.0
0.036871999996947125 0.0010020000045187771
0.036871999996947125 1.00000761449337e-06
0.036493999999947846 0.0009740000241436064
0.036493999999947846 0.0
0.036346000008052215 0.0009680000075604767
0.036346000008052215 1.00000761449337e-06
0.03632699997979216 0.0009600000048521906
0.03632699997979216 1.00000761449337e-06
0.03638099998352118 0.0009669999999459833
0.03638099998352118 0.0
0.03647099999943748 0.0009620000200811774
0.03647099999943748 0.0
0.03640000001178123 0.0009560000034980476
0.03640000001178123 1.00000761449337e-06
0.03657599998405203 0.0010560000082477927
0.03657599998405203 0.0
0.03628000000026077 0.0010089999996125698
0.03628000000026077 1.00000761449337e-06
0.03650499999639578 0.0009659999923314899
0.03650499999639578 0.0
0.03660600000876002 0.0009640000062063336
0.03660600000876002 1.00000761449337e-06
0.03637299998081289 0.0009629999985918403
0.03637299998081289 0.0
0.03635300000314601 0.0009929999941959977
0.03635300000314601 0.0
0.03640199999790639 0.0009969999955501407
0.03640199999790639 0.0
0.0364220000046771 0.0009759999811649323
0.0364220000046771 0.0
0.03666700000758283 0.001010999985737726
0.03666700000758283 1.00000761449337e-06
0.03927099998691119 0.0010070000134874135
0.03927099998691119 0.0
0.04011299999547191 0.0011159999994561076
0.04011299999547191 1.00000761449337e-06
0.039000999997369945 0.0010300000139977783
0.039000999997369945 0.0
0.03912299999501556 0.0010520000068936497
0.03912299999501556 0.0
0.039232000010088086 0.0010119999933522195
0.039232000010088086 9.999785106629133e-07
0.03885799998533912 0.0010119999933522195
0.03885799998533912 1.00000761449337e-06
0.039072000014130026 0.0010360000014770776
0.039072000014130026 0.0
0.03889699999126606 0.0010180000099353492
0.03889699999126606 0.0
0.03667299999506213 0.0009619999909773469
0.03667299999506213 9.999785106629133e-07
0.0366890000004787 0.0009540000173728913
0.0366890000004787 9.999785106629133e-07
0.03656999999657273 0.0009600000048521906
0.03656999999657273 0.0
0.03645499999402091 0.000965000013820827
0.03645499999402091 0.0
0.036410999979125336 0.0009889999928418547
0.036410999979125336 0.0
0.036598000006051734 0.0009709999721962959
0.036598000006051734 0.0
0.036755000008270144 0.0009960000170394778
0.036755000008270144 0.0
0.03639299998758361 0.0009609999833628535
0.03639299998758361 0.0
0.036477999994531274 0.0009689999860711396
0.036477999994531274 1.00000761449337e-06
0.03636399999959394 0.0009579999896232039
0.03636399999959394 0.0
0.036357999983010814 0.0009590000263415277
0.036357999983010814 9.999785106629133e-07
0.036404999991646037 0.0009969999955501407
0.036404999991646037 0.0
0.036484000011114404 0.0009629999985918403
0.036484000011114404 0.0
0.03670999998576008 0.0009929999941959977
0.03670999998576008 1.00000761449337e-06
0.03682999999728054 0.0009699999936856329
0.03682999999728054 0.0
0.036468999984208494 0.0009800000116229057
0.036468999984208494 0.0
0.0364220000046771 0.0009659999923314899
0.0364220000046771 0.0
0.036454000015510246 0.0009680000075604767
0.036454000015510246 0.0
0.033924999996088445 0.0008999999845400453
0.033924999996088445 0.0
0.034088000014889985 0.0009049999935086817
0.034088000014889985 0.0
0.03389300001435913 0.0009059999720193446
0.03389300001435913 1.00000761449337e-06
0.03403500001877546 0.0008990000060293823
0.03403500001877546 0.0
0.034106000006431714 0.0009129999962169677
0.034106000006431714 1.00000761449337e-06
0.03679300000658259 0.000994000001810491
0.03679300000658259 0.0
0.03655099999741651 0.0009799999825190753
0.03655099999741651 1.00000761449337e-06
0.039363999996567145 0.00117200001841411
0.039363999996567145 0.0
0.04150699998717755 0.0011860000086016953
0.04150699998717755 0.0
0.04163900000276044 0.0011069999891333282
0.04163900000276044 1.00000761449337e-06
0.04134299998986535 0.001090999983716756
0.04134299998986535 0.0
0.04374100000131875 0.0012960000021848828
0.04374100000131875 0.0
0.04384800000116229 0.0011490000179037452
0.04384800000116229 0.0
0.043739000015193596 0.0011639999866019934
0.043739000015193596 0.0
0.044132000009994954 0.001149999996414408
0.044132000009994954 0.0
0.043739000015193596 0.0011639999866019934
0.043739000015193596 1.00000761449337e-06
0.04381400000420399 0.0011519999825395644
0.04381400000420399 0.0
0.04348799999570474 0.0011430000013206154
0.04348799999570474 0.0
0.04375300000538118 0.0012379999971017241
0.04375300000538118 0.0
0.043720000016037375 0.0011940000113099813
0.043720000016037375 9.999785106629133e-07
0.043957000016234815 0.001353999978164211
0.043957000016234815 0.0
0.04479800001718104 0.0012280000082682818
0.04479800001718104 0.0
0.044305000017629936 0.0011859999794978648
0.044305000017629936 0.0
0.04410900000948459 0.0012040000001434237
0.04410900000948459 0.0
0.04132499999832362 0.001121000008424744
0.04132499999832362 0.0
0.041317000024719164 0.0010929999989457428
0.041317000024719164 1.00000761449337e-06
0.04127000001608394 0.0011049999739043415
0.04127000001608394 1.00000761449337e-06
0.041227999987313524 0.0013020000187680125
0.041227999987313524 9.999785106629133e-07
0.0413059999991674 0.001125000009778887
0.0413059999991674 9.999785106629133e-07
0.041139000008115545 0.0011059999815188348
0.041139000008115545 0.0
0.04139300002134405 0.0011030000168830156
0.04139300002134405 0.0
0.04321800000616349 0.0012029999925289303
0.04321800000616349 0.0
0.04204599998774938 0.0011139999842271209
0.04204599998774938 0.0
0.041373999993084 0.0011079999967478216
0.041373999993084 0.0
0.04127300000982359 0.0010970000002998859
0.04127300000982359 1.00000761449337e-06
0.03917699999874458 0.0010550000006332994
0.03917699999874458 9.999785106629133e-07
0.036884000001009554 0.001057999994372949
0.036884000001009554 0.0
0.036484000011114404 0.0010839999886229634
0.036484000011114404 0.0
0.038769999984651804 0.0010769999935291708
0.038769999984651804 0.0
0.03899999998975545 0.0010800000163726509
0.03899999998975545 0.0
0.036404999991646037 0.0009680000075604767
0.036404999991646037 1.00000761449337e-06
0.03648800001246855 0.000981999997748062
0.03648800001246855 9.999785106629133e-07
0.03636699999333359 0.0009870000067166984
0.03636699999333359 1.00000761449337e-06
0.03675999998813495 0.0010119999933522195
0.03675999998813495 1.00000761449337e-06
0.03640300000552088 0.000978999974904582
0.03640300000552088 1.00000761449337e-06
0.039049999992130324 0.0010379999876022339
0.039049999992130324 1.00000761449337e-06
0.041323999990709126 0.0011140000133309513
0.041323999990709126 0.0
0.04127300000982359 0.0010999999940395355
0.04127300000982359 0.0
0.04366399999707937 0.0012410000199452043
0.04366399999707937 0.0
0.04448200002661906 0.0012069999938830733
0.04448200002661906 0.0
0.04612100002123043 0.001361000002361834
0.04612100002123043 1.00000761449337e-06
0.04887100000632927 0.0013770000077784061
0.04887100000632927 9.999785106629133e-07
0.04877399999531917 0.001352999999653548
0.04877399999531917 1.00000761449337e-06
0.05136900002253242 0.001635000022361055
0.05136900002253242 1.00000761449337e-06
0.04921399999875575 0.0012470000074245036
0.04921399999875575 1.00000761449337e-06
0.04860999999800697 0.0013160000089555979
0.04860999999800697 0.0
0.048577999987173826 0.001293000008445233
0.048577999987173826 0.0
0.048852000007173046 0.0012740000092890114
0.048852000007173046 0.0
0.05350700000417419 0.00149200001033023
0.05350700000417419 1.00000761449337e-06
0.05089300000690855 0.0013589999871328473
0.05089300000690855 0.0
0.05122200000914745 0.0014150000060908496
0.05122200000914745 0.0
0.05379899998661131 0.0013850000104866922
0.05379899998661131 0.0
0.056151999975554645 0.0015830000047571957
0.056151999975554645 0.0
0.056115000013960525 0.0014300000038929284
0.056115000013960525 1.00000761449337e-06
0.054185999993933365 0.0014770000125281513
0.054185999993933365 0.0
0.053588999988278374 0.0013909999979659915
0.053588999988278374 0.0
0.05334399998537265 0.0014490000030491501
0.05334399998537265 0.0
0.05856299999868497 0.0016170000017154962
0.05856299999868497 0.0
0.0584169999929145 0.001500000013038516
0.0584169999929145 0.0
0.05583399999886751 0.0014399999927263707
0.05583399999886751 0.0
0.0558479999890551 0.0014709999959450215
0.0558479999890551 0.0
0.056049999984679744 0.0014399999927263707
0.056049999984679744 1.00000761449337e-06
0.05901200001244433 0.0015119999879971147
0.05901200001244433 0.0
0.06092799999169074 0.003515999997034669
0.06092799999169074 0.0
0.060803000000305474 0.0017140000127255917
0.060803000000305474 1.00000761449337e-06
0.06562599999597296 0.00382399998488836
0.06562599999597296 0.0
0.06571399999666028 0.0018829999899026006
0.06571399999666028 1.00000761449337e-06
0.06455000001005828 0.0016969999996945262
0.06455000001005828 0.0
0.061083000007783994 0.0016159999941010028
0.061083000007783994 0.0
0.0610199999937322 0.0016219999815803021
0.0610199999937322 0.0
0.06085999999777414 0.0016089999990072101
0.06085999999777414 1.00000761449337e-06
INFO:sc2.protocol:Client status changed to Status.ended (was Status.in_game)
INFO:root:Result for player 2 - Bot(Race.Terran, <bots.Showing_bot.speedBot.MarinBot object at 0x7fb367f8ac50>): Defeat
INFO:sc2.protocol:Client status changed to Status.ended (was Status.in_game)
INFO:root:Result for player 1 - Bot(Race.Terran, <bots.ggg.KeyBot.KeyBot object at 0x7fb367f841d0>): Victory
INFO:sc2.client:Saved replay to outs/2020-01-17T11-28-03/replays/ggg-showing_bot/ggg-showing_bot-3.SC2Replay
INFO:sc2.protocol:Client status changed to Status.launched (was Status.ended)
INFO:sc2.protocol:Client status changed to Status.quit (was Status.launched)
INFO:sc2.sc2process:kill_switch: Process cleanup
INFO:sc2.sc2process:Cleaning up...
INFO:sc2.sc2process:Cleanup complete
INFO:sc2.sc2process:Cleaning up...
INFO:sc2.sc2process:Cleanup complete
INFO:sc2.protocol:Client status changed to Status.launched (was Status.ended)
INFO:sc2.protocol:Cannot receive: Connection already closed.
INFO:sc2.sc2process:kill_switch: Process cleanup
INFO:sc2.sc2process:Cleaning up...
INFO:sc2.sc2process:Cleanup complete
INFO:sc2.sc2process:Cleaning up...
INFO:sc2.sc2process:Cleanup complete


## STDERR ##

Version: B75689 (SC2.4.10)
Build: Aug 12 2019 17:16:57
Command Line: '"/home/hspark8312/StarCraftII/Versions/Base75689/SC2_x64" -listen 127.0.0.1 -port 18801 -displayMode 0 -dataDir /home/hspark8312/StarCraftII -tempDir /tmp/SC2_hcy0stal'
Starting up...
Startup Phase 1 complete
Version: B75689 (SC2.4.10)
Build: Aug 12 2019 17:16:57
Command Line: '"/home/hspark8312/StarCraftII/Versions/Base75689/SC2_x64" -listen 127.0.0.1 -port 15643 -displayMode 0 -dataDir /home/hspark8312/StarCraftII -tempDir /tmp/SC2_11hppq7c'
Starting up...
Startup Phase 1 complete
Startup Phase 2 complete
Creating stub renderer...
Listening on: 127.0.0.1:18801
Startup Phase 3 complete. Ready for commands.
Startup Phase 2 complete
Creating stub renderer...
ConnectHandler: Request from 127.0.0.1:60377 accepted
ReadyHandler: 127.0.0.1:60377 ready
Requesting to join a multiplayer game
Configuring interface options
Configure: raw interface enabled
Configure: feature layer interface enabled
Configure: score interface enabled
Configure: render interface disabled
Listening on: 127.0.0.1:15643
Startup Phase 3 complete. Ready for commands.
ConnectHandler: Request from 127.0.0.1:60378 accepted
ReadyHandler: 127.0.0.1:60378 ready
Requesting to join a multiplayer game
Configuring interface options
Configure: raw interface enabled
Configure: feature layer interface enabled
Configure: score interface enabled
Configure: render interface disabled
Create game with map path: NCFellowship-2019_m1_v6.SC2Map
Attempting to join a game with the map: NCFellowship-2019_m1_v6.SC2Map
Game has started.
Using default stable ids, none found at: /home/hspark8312/StarCraftII/stableid.json
Successfully loaded stable ids: GameData\stableid.json
Sending ResponseJoinGame
Game has started.
Using default stable ids, none found at: /home/hspark8312/StarCraftII/stableid.json
Successfully loaded stable ids: GameData\stableid.json
Sending ResponseJoinGame
RequestQuit command received.
Closing Application...
/home/hspark8312/anaconda3/envs/sc2/lib/python3.6/importlib/_bootstrap.py:219: RuntimeWarning: numpy.ufunc size changed, may indicate binary incompatibility. Expected 192 from C header, got 216 from PyObject
  return f(*args, **kwds)
/home/hspark8312/anaconda3/envs/sc2/lib/python3.6/importlib/_bootstrap.py:219: RuntimeWarning: numpy.ufunc size changed, may indicate binary incompatibility. Expected 192 from C header, got 216 from PyObject
  return f(*args, **kwds)
/home/hspark8312/anaconda3/envs/sc2/lib/python3.6/site-packages/tensorboard/compat/tensorflow_stub/dtypes.py:541: FutureWarning: Passing (type, 1) or '1type' as a synonym of type is deprecated; in a future version of numpy, it will be understood as (type, (1,)) / '(1,)type'.
  _np_qint8 = np.dtype([("qint8", np.int8, 1)])
/home/hspark8312/anaconda3/envs/sc2/lib/python3.6/site-packages/past/builtins/misc.py:45: DeprecationWarning: the imp module is deprecated in favour of importlib; see the module's documentation for alternative uses
  from imp import reload
/mnt/d/sc2minigame-eval-2020-01-09/bots/Showing_bot/speedBot.py:1643: RuntimeWarning: coroutine 'TerreinManager.debug' was never awaited
  self.terrein_manager.debug()
