## STDOUT ##

[[92mINFO[0m] SC2 4.9.0 용 패치 적용
패치 sc2.ids.ability_id
패치 sc2.game_state
패치 sc2.bot_ai
패치 sc2.client
패치 sc2.controller
패치 sc2.main
INFO:root:Failed to import cuda module: No module named 'caffe2.python.caffe2_pybind11_state_gpu'
INFO:root:Failed to import AMD hip module: No module named 'caffe2.python.caffe2_pybind11_state_hip'
WARNING:root:This caffe2 python run does not have GPU support. Will run in CPU only mode.
cpu
INFO:sc2.protocol:Client status changed to Status.launched (was None)
INFO:sc2.protocol:Client status changed to Status.launched (was None)
INFO:sc2_patch.sc2_patch_490.controller:Creating new game
INFO:sc2_patch.sc2_patch_490.controller:Map:     NCFellowship-2019_m1_v6
INFO:sc2_patch.sc2_patch_490.controller:Players: Bot(Race.Terran, <bots.Showing_bot.speedBot.MarinBot object at 0x7f7b39e58f28>), Bot(Race.Terran, <bots.poscat.poscat_bot.POSCATBot object at 0x7f7b2ae00f28>)
INFO:sc2.protocol:Client status changed to Status.init_game (was Status.launched)
INFO:sc2.protocol:Client status changed to Status.in_game (was None)
INFO:root:Player 2 - Bot(Race.Terran, <bots.poscat.poscat_bot.POSCATBot object at 0x7f7b2ae00f28>)
TEST: 2, <bots.poscat.poscat_bot.POSCATBot object at 0x7f7b2ae00f28>
INFO:sc2.protocol:Client status changed to Status.in_game (was None)
INFO:root:Player 1 - Bot(Race.Terran, <bots.Showing_bot.speedBot.MarinBot object at 0x7f7b39e58f28>)
TEST: 1, <bots.Showing_bot.speedBot.MarinBot object at 0x7f7b39e58f28>
load model: bots/Showing_bot/models/model-89.pt
create new model
0.0451059999759309 0.015745999990031123
0.0451059999759309 0.0
0.04510899999877438 0.0055810000048950315
0.04510899999877438 0.0
0.04479600000195205 0.0014610000071115792
0.04479600000195205 0.0
0.04540400000405498 0.0010849999962374568
0.04540400000405498 1.00000761449337e-06
0.044711000024108216 0.0010820000024978071
0.044711000024108216 0.0
0.04512800002703443 0.0013270000054035336
0.04512800002703443 0.0
0.04493299999739975 0.0012659999774768949
0.04493299999739975 0.0
0.04499500000383705 0.0010989999864250422
0.04499500000383705 0.0
0.04528099999879487 0.0013560000224970281
0.04528099999879487 0.0
0.04434600000968203 0.0010809999948833138
0.04434600000968203 0.0
0.044384999986505136 0.0010820000024978071
0.044384999986505136 0.0
0.04449499998008832 0.0011020000092685223
0.04449499998008832 0.0
0.04497300001094118 0.0013470000121742487
0.04497300001094118 1.00000761449337e-06
0.044873999984702095 0.001121000008424744
0.044873999984702095 0.0
0.04617099999450147 0.0011559999838937074
0.04617099999450147 0.0
0.04460400002426468 0.0010879999899771065
0.04460400002426468 0.0
0.04463599997689016 0.0010750000074040145
0.04463599997689016 1.00000761449337e-06
0.04601000002003275 0.0011020000092685223
0.04601000002003275 0.0
0.04477700000279583 0.0010860000038519502
0.04477700000279583 1.00000761449337e-06
0.044514000008348376 0.0011119999981019646
0.044514000008348376 0.0
0.047005999978864565 0.0013900000194553286
0.047005999978864565 0.0
0.04675500001758337 0.0012489999935496598
0.04675500001758337 0.0
0.047632999980123714 0.0011530000192578882
0.047632999980123714 1.00000761449337e-06
0.04704199999105185 0.0012280000082682818
0.04704199999105185 0.0
0.04695099999662489 0.001129999989643693
0.04695099999662489 0.0
0.04738299999735318 0.0011389999999664724
0.04738299999735318 0.0
0.047744000010425225 0.0011869999871123582
0.047744000010425225 0.0
0.04712400000425987 0.0012350000033620745
0.04712400000425987 0.0
0.047109999984968454 0.0011829999857582152
0.047109999984968454 1.00000761449337e-06
0.04786500000045635 0.0012630000128410757
0.04786500000045635 9.999785106629133e-07
0.04828300001099706 0.0011799999920185655
0.04828300001099706 1.00000761449337e-06
0.047289000009186566 0.0012500000011641532
0.047289000009186566 0.0
0.047189999982947484 0.0012339999957475811
0.047189999982947484 1.00000761449337e-06
0.0488140000088606 0.0011559999838937074
0.0488140000088606 1.00000761449337e-06
0.047546999994665384 0.001201000006403774
0.047546999994665384 0.0
0.04944000000250526 0.0012210000131744891
0.04944000000250526 0.0
0.04930600000079721 0.0012419999984558672
0.04930600000079721 9.999785106629133e-07
0.050760000012815 0.0012630000128410757
0.050760000012815 0.0
0.054168000002391636 0.0013040000048931688
0.054168000002391636 1.00000761449337e-06
0.05406999998376705 0.0013130000152159482
0.05406999998376705 1.00000761449337e-06
changed strategy
0.07569200001307763 0.0017760000191628933
0.07569200001307763 9.999785106629133e-07
0.07106999997631647 0.0015549999952781945
0.07106999997631647 0.0
0.07159699997282587 0.0019400000164750963
0.07159699997282587 1.00000761449337e-06
0.07670999999390915 0.001951999991433695
0.07670999999390915 0.0
0.0750289999996312 0.0017259999876841903
0.0750289999996312 0.0
0.06840199997532181 0.001580000011017546
0.06840199997532181 0.0
0.07816699999966659 0.0018470000068191439
0.07816699999966659 1.00000761449337e-06
0.074466999998549 0.0021009999909438193
0.074466999998549 1.00000761449337e-06
0.06969999999273568 0.002099999983329326
0.06969999999273568 1.00000761449337e-06
0.06682400000863709 0.0012829999905079603
0.06682400000863709 1.00000761449337e-06
0.07284599999547936 0.004305999987991527
0.07284599999547936 9.999785106629133e-07
0.06445000000530854 0.003659999987576157
0.06445000000530854 0.0
0.06259799998952076 0.004526999982772395
0.06259799998952076 0.0
0.08637200001976453 0.0028310000197961926
0.08637200001976453 0.0
0.08550499999546446 0.002183000004151836
0.08550499999546446 1.00000761449337e-06
0.07040900000720285 0.0015150000108405948
0.07040900000720285 1.00000761449337e-06
0.07809299998916686 0.0021530000085476786
0.07809299998916686 1.00000761449337e-06
0.0797539999766741 0.0019259999971836805
0.0797539999766741 1.00000761449337e-06
0.08783199999015778 0.002310999989276752
0.08783199999015778 0.0
0.07987600000342354 0.0022490000119432807
0.07987600000342354 9.999785106629133e-07
0.08143300001393072 0.0018950000230688602
0.08143300001393072 1.00000761449337e-06
0.0836999999883119 0.002263000002130866
0.0836999999883119 0.0
0.07955500000389293 0.002007000002777204
0.07955500000389293 0.0
0.06665500000235625 0.0021980000019539148
0.06665500000235625 0.0
0.08123300000443123 0.002382000006036833
0.08123300000443123 1.00000761449337e-06
0.07719699997687712 0.002150999993318692
0.07719699997687712 0.0
0.07741200001328252 0.0018220000201836228
0.07741200001328252 0.0
0.07331999999587424 0.0015340000099968165
0.07331999999587424 0.0
0.0700829999987036 0.0021730000153183937
0.0700829999987036 0.0
0.08244500000728294 0.0019420000026002526
0.08244500000728294 0.0
0.08191800001077354 0.002070999995339662
0.08191800001077354 1.00000761449337e-06
0.08100199999171309 0.0020050000166520476
0.08100199999171309 0.0
0.08130499999970198 0.002039000013610348
0.08130499999970198 0.0
0.0812900000018999 0.002055999997537583
0.0812900000018999 9.999785106629133e-07
0.08081299997866154 0.0020139999978709966
0.08081299997866154 1.00000761449337e-06
0.08204599999589846 0.001999999978579581
0.08204599999589846 1.00000761449337e-06
0.08013400001800619 0.0019259999971836805
0.08013400001800619 9.999785106629133e-07
0.05728300000191666 0.001416000013705343
0.05728300000191666 0.0
0.0555469999962952 0.0013519999920390546
0.0555469999962952 9.999785106629133e-07
0.05320100000244565 0.0013920000055804849
0.05320100000244565 9.999785106629133e-07
0.05200699999113567 0.0012470000074245036
0.05200699999113567 1.00000761449337e-06
0.04968399999779649 0.0012620000052265823
0.04968399999779649 0.0
0.06319700001040474 0.001748999988194555
0.06319700001040474 1.00000761449337e-06
0.06937099999049678 0.0017370000132359564
0.06937099999049678 0.0
0.06261199997970834 0.0016049999976530671
0.06261199997970834 0.0
0.06580899999244139 0.0017149999912362546
0.06580899999244139 1.00000761449337e-06
0.06594299999414943 0.001744000008329749
0.06594299999414943 1.00000761449337e-06
0.06795999998576008 0.002143999998224899
0.06795999998576008 9.999785106629133e-07
0.06636399999842979 0.0016429999959655106
0.06636399999842979 0.0
0.0699130000139121 0.0016969999996945262
0.0699130000139121 9.999785106629133e-07
0.06266200001118705 0.001560000004246831
0.06266200001118705 0.0
0.06254799998714589 0.0015859999984968454
0.06254799998714589 1.00000761449337e-06
0.06281199998920783 0.0017510000034235418
0.06281199998920783 0.0
0.06380999999237247 0.001656999986153096
0.06380999999237247 0.0
0.06652900000335649 0.001922000024933368
0.06652900000335649 0.0
0.044965999986743554 0.0013679999974556267
0.044965999986743554 0.0
0.04559500000323169 0.0011280000035185367
0.04559500000323169 9.999785106629133e-07
0.056099999987054616 0.0012290000158827752
0.056099999987054616 0.0
0.06455099998856895 0.0016959999920800328
0.06455099998856895 9.999785106629133e-07
0.06509200000436977 0.0018179999897256494
0.06509200000436977 1.00000761449337e-06
0.06689600000390783 0.0019420000026002526
0.06689600000390783 0.0
0.06537300001946278 0.0017140000127255917
0.06537300001946278 0.0
0.06694999997853301 0.0017590000061318278
0.06694999997853301 1.00000761449337e-06
0.06653999999980442 0.00172899998142384
0.06653999999980442 0.0
0.06633800000417978 0.0016849999956320971
0.06633800000417978 0.0
0.06767600000603124 0.0016670000040903687
0.06767600000603124 0.0
0.06879199997638352 0.0017010000010486692
0.06879199997638352 0.0
0.06802899998729117 0.0018440000130794942
0.06802899998729117 0.0
0.06738200000836514 0.0017029999871738255
0.06738200000836514 1.00000761449337e-06
0.06584799999836832 0.0016839999880176038
0.06584799999836832 1.00000761449337e-06
0.07095300001674332 0.0018699999782256782
0.07095300001674332 9.999785106629133e-07
0.06907699999283068 0.0017539999971631914
0.06907699999283068 0.0
0.04733699999633245 0.001221999991685152
0.04733699999633245 1.00000761449337e-06
0.04717900001560338 0.0012719999940600246
0.04717900001560338 9.999785106629133e-07
0.048036000021966174 0.0012360000109765679
0.048036000021966174 0.0
0.06027899999753572 0.00136599998222664
0.06027899999753572 0.0
0.06924499999149702 0.0017909999878611416
0.06924499999149702 1.7000013031065464e-05
0.0661649999965448 0.0016829999804031104
0.0661649999965448 0.0
0.06706600001780316 0.0017069999885279685
0.06706600001780316 0.0
0.06709900000714697 0.0017090000037569553
0.06709900000714697 0.0
0.06773100001737475 0.0018140000174753368
0.06773100001737475 0.0
0.06671600000117905 0.001715999998850748
0.06671600000117905 0.0
0.07004000002052635 0.0017650000227149576
0.07004000002052635 1.00000761449337e-06
0.06600299998535775 0.0016940000059548765
0.06600299998535775 0.0
0.0696579999930691 0.001732999982777983
0.0696579999930691 0.0
0.06834900000831112 0.0017130000051110983
0.06834900000831112 0.0
0.0686590000113938 0.001724000001559034
0.0686590000113938 1.00000761449337e-06
0.06488700001500547 0.0016960000211838633
0.06488700001500547 0.0
0.06659299999591894 0.0017090000037569553
0.06659299999591894 0.0
0.06623500000569038 0.0017109999898821115
0.06623500000569038 9.999785106629133e-07
0.047648999985540286 0.001197999983560294
0.047648999985540286 0.0
0.05386499999440275 0.001404000009642914
0.05386499999440275 1.00000761449337e-06
0.05236000000149943 0.0013340000004973263
0.05236000000149943 0.0
0.06696699999156408 0.0017419999931007624
0.06696699999156408 0.0
0.06617499998537824 0.0017349999980069697
0.06617499998537824 0.0
0.06966999999713153 0.0017729999963194132
0.06966999999713153 1.00000761449337e-06
0.07008800000767224 0.0018769999733194709
0.07008800000767224 0.0
0.06985500000882894 0.0017629999783821404
0.06985500000882894 1.00000761449337e-06
0.06970500000170432 0.0018010000057984143
0.06970500000170432 1.00000761449337e-06
0.06984000001102686 0.0018419999978505075
0.06984000001102686 1.00000761449337e-06
0.0695279999927152 0.0018449999915901572
0.0695279999927152 0.0
0.06869800001732074 0.0017389999993611127
0.06869800001732074 0.0
0.04953899999964051 0.0012360000109765679
0.04953899999964051 0.0
0.05573200000799261 0.0014429999864660203
0.05573200000799261 1.00000761449337e-06
0.04984600000898354 0.0012500000011641532
0.04984600000898354 0.0
0.05632200001855381 0.0013559999933931977
0.05632200001855381 0.0
0.0496489999932237 0.0012590000114869326
0.0496489999932237 0.0
0.04999699999461882 0.0012270000006537884
0.04999699999461882 0.0
0.053813999984413385 0.0013939999917056412
0.053813999984413385 0.0
0.05184599998756312 0.001297999988310039
0.05184599998756312 0.0
0.058545000007143244 0.001711000018985942
0.058545000007143244 1.00000761449337e-06
0.05707400001119822 0.0014479999954346567
0.05707400001119822 1.00000761449337e-06
0.057197999994968995 0.0013960000069346279
0.057197999994968995 0.0
0.05990100000053644 0.0015899999998509884
0.05990100000053644 0.0
0.0620070000004489 0.0037870000232942402
0.0620070000004489 0.0
0.06209699998726137 0.0016820000018924475
0.06209699998726137 9.999785106629133e-07
0.061732000001939014 0.0015480000001844019
0.061732000001939014 0.0
0.06446900000446476 0.001758000027621165
0.06446900000446476 0.0
0.06629899999825284 0.0015870000061113387
0.06629899999825284 1.00000761449337e-06
0.062323000020114705 0.0015330000023823231
0.062323000020114705 0.0
0.08128799998667091 0.002279000007547438
0.08128799998667091 9.999785106629133e-07
0.08865899997181259 0.005453000019770116
0.08865899997181259 0.0
0.08756499999435619 0.0030350000015459955
0.08756499999435619 0.0
0.08471800002735108 0.0022190000163391232
0.08471800002735108 1.00000761449337e-06
0.0827690000005532 0.0021200000192038715
0.0827690000005532 1.00000761449337e-06
0.08147299999836832 0.002019999985350296
0.08147299999836832 9.999785106629133e-07
0.0798030000005383 0.0020960000110790133
0.0798030000005383 0.0
0.08172800001921132 0.002082999999402091
0.08172800001921132 1.00000761449337e-06
0.07910999999148771 0.002343000000109896
0.07910999999148771 1.00000761449337e-06
0.07564799999818206 0.0019179999944753945
0.07564799999818206 0.0
0.07208199999877252 0.00185500000952743
0.07208199999877252 1.00000761449337e-06
0.07256499998038635 0.0020730000105686486
0.07256499998038635 0.0
0.08828599998378195 0.002646000008098781
0.08828599998378195 0.0
0.0840699999826029 0.0022250000038184226
0.0840699999826029 0.0
0.08422900000005029 0.0020450000010896474
0.08422900000005029 9.999785106629133e-07
0.08335599998827092 0.0020650000078603625
0.08335599998827092 0.0
0.08324800000991672 0.0018850000051315874
0.08324800000991672 0.0
0.08262400000239722 0.0020800000056624413
0.08262400000239722 0.0
0.07394800000474788 0.0016340000147465616
0.07394800000474788 0.0
0.08258200000273064 0.0020499999809544533
0.08258200000273064 9.999785106629133e-07
0.08193200000096112 0.0020770000119227916
0.08193200000096112 9.999785106629133e-07
0.08268300001509488 0.0020659999863710254
0.08268300001509488 1.00000761449337e-06
0.07442399999126792 0.0018770000024233013
0.07442399999126792 0.0
0.07244899999932386 0.00193500000750646
0.07244899999932386 0.0
0.06963700000778772 0.0017309999966528267
0.06963700000778772 0.0
0.07412899998598732 0.0019099999917671084
0.07412899998598732 1.00000761449337e-06
0.072623999993084 0.0018889999773819
0.072623999993084 0.0
0.07378899998730049 0.0019160000083502382
0.07378899998730049 0.0
0.07269000000087544 0.0019379999721422791
0.07269000000087544 1.00000761449337e-06
0.07219400000758469 0.0019330000213813037
0.07219400000758469 0.0
0.07370399998035282 0.0018600000184960663
0.07370399998035282 0.0
0.07492900002398528 0.0018500000005587935
0.07492900002398528 1.00000761449337e-06
0.07465399999637157 0.0018210000125691295
0.07465399999637157 0.0
0.07271300000138581 0.001851000008173287
0.07271300000138581 0.0
0.07344600002397783 0.002011000004131347
0.07344600002397783 1.00000761449337e-06
0.07470900000771508 0.0018730000010691583
0.07470900000771508 1.00000761449337e-06
0.06886800000211224 0.0018130000098608434
0.06886800000211224 1.00000761449337e-06
0.08046900000772439 0.0022210000024642795
0.08046900000772439 1.00000761449337e-06
0.0724039999768138 0.0020210000220686197
0.0724039999768138 0.0
0.0761120000097435 0.0019030000257771462
0.0761120000097435 1.00000761449337e-06
0.07712099998025224 0.0019319999846629798
0.07712099998025224 9.999785106629133e-07
0.08145800000056624 0.002019999985350296
0.08145800000056624 0.0
0.08176000000094064 0.002050000010058284
0.08176000000094064 0.0
0.07356300001265481 0.0018919999711215496
0.07356300001265481 0.0
0.0761179999972228 0.002126000006683171
0.0761179999972228 0.0
0.07898199997725897 0.0019120000069960952
0.07898199997725897 1.00000761449337e-06
0.07703800001763739 0.0019580000080168247
0.07703800001763739 9.999785106629133e-07
0.0750910000060685 0.0018500000005587935
0.0750910000060685 0.0
0.07334099998115562 0.0019190000020898879
0.07334099998115562 0.0
0.06647099999827333 0.0016590000013820827
0.06647099999827333 0.0
0.06384000001708046 0.0016550000000279397
0.06384000001708046 0.0
0.06360999998287298 0.001600999996298924
0.06360999998287298 1.00000761449337e-06
0.07119099999545142 0.0017680000164546072
0.07119099999545142 0.0
0.0756800000090152 0.001812999980757013
0.0756800000090152 0.0
0.08069100001011975 0.002078999998047948
0.08069100001011975 0.0
0.07847099998616613 0.0019960000063292682
0.07847099998616613 0.0
0.08113499998580664 0.0020840000070165843
0.08113499998580664 1.00000761449337e-06
0.07823300000745803 0.0020819999917875975
0.07823300000745803 9.999785106629133e-07
0.08976999999140389 0.0021530000085476786
0.08976999999140389 0.0
0.08827399997971952 0.0022530000132974237
0.08827399997971952 9.999785106629133e-07
0.07767500000772998 0.0019219999958295375
0.07767500000772998 0.0
0.07622799999080598 0.002031999989412725
0.07622799999080598 1.00000761449337e-06
0.07827100000577047 0.002054000011412427
0.07827100000577047 0.0
0.07836400001542643 0.0020929999882355332
0.07836400001542643 1.00000761449337e-06
0.06265599999460392 0.001879999996162951
0.06265599999460392 9.999785106629133e-07
0.07410699999309145 0.0018829999899026006
0.07410699999309145 1.00000761449337e-06
0.07155799999600276 0.0019080000056419522
0.07155799999600276 1.00000761449337e-06
0.06929400001536123 0.0018250000139232725
0.06929400001536123 1.00000761449337e-06
0.06266299998969771 0.001580999989528209
0.06266299998969771 0.0
0.0632200000109151 0.0017269999952986836
0.0632200000109151 0.0
0.06409100000746548 0.0015940000012051314
0.06409100000746548 9.999785106629133e-07
0.0627950000052806 0.0016029999824240804
0.0627950000052806 1.00000761449337e-06
0.06980099997599609 0.0018029999919235706
0.06980099997599609 9.999785106629133e-07
0.0744659999909345 0.0019349999784026295
0.0744659999909345 0.0
0.07913599998573773 0.002043000014964491
0.07913599998573773 0.0
0.08580299999448471 0.002127000014297664
0.08580299999448471 1.00000761449337e-06
0.0630890000029467 0.0015699999930802733
0.0630890000029467 1.00000761449337e-06
0.05962099999305792 0.0014689999807160348
0.05962099999305792 0.0
0.05960599999525584 0.0014359999913722277
0.05960599999525584 0.0
0.0629379999882076 0.001524999999674037
0.0629379999882076 0.0
0.08176699999603443 0.002050000010058284
0.08176699999603443 0.0
0.08391600000322796 0.002601000014692545
0.08391600000322796 0.0
0.08744400000432506 0.002443999983370304
0.08744400000432506 1.00000761449337e-06
0.08358099998440593 0.0022680000110995024
0.08358099998440593 1.00000761449337e-06
0.08293499998399056 0.0021160000178497285
0.08293499998399056 1.00000761449337e-06
0.08728900001733564 0.0022809999936725944
0.08728900001733564 9.999785106629133e-07
0.09130900001036935 0.0023809999984223396
0.09130900001036935 0.0
0.08837100001983345 0.002342000021599233
0.08837100001983345 1.00000761449337e-06
0.08127900000545196 0.0021579999884124845
0.08127900000545196 0.0
0.0674509999807924 0.0018109999946318567
0.0674509999807924 0.0
0.0638710000202991 0.0018050000071525574
0.0638710000202991 1.00000761449337e-06
0.07070199999725446 0.00181200000224635
0.07070199999725446 0.0
0.07194299998809583 0.0018220000201836228
0.07194299998809583 1.00000761449337e-06
0.07033000001683831 0.0018060000147670507
0.07033000001683831 0.0
0.07025699998484924 0.0018489999929443002
0.07025699998484924 0.0
0.07380499999271706 0.002003000001423061
0.07380499999271706 0.0
0.06675699999323115 0.0019109999993816018
0.06675699999323115 1.00000761449337e-06
0.0628910000086762 0.0014740000187885016
0.0628910000086762 0.0
0.08192600001348183 0.0021920000144746155
0.08192600001348183 0.0
0.08030100000905804 0.0020170000207144767
0.08030100000905804 1.00000761449337e-06
0.07753099998808466 0.0019359999860171229
0.07753099998808466 1.00000761449337e-06
0.07901699998183176 0.001994999998714775
0.07901699998183176 2.0000006770715117e-05
0.07827399999951012 0.002015999983996153
0.07827399999951012 0.0
0.07856900000479072 0.0021349999879021198
0.07856900000479072 0.0
0.07949399997596629 0.0020179999992251396
0.07949399997596629 9.999785106629133e-07
0.07567099999869242 0.001951000012923032
0.07567099999869242 0.0
0.075061999988975 0.0019749999919440597
0.075061999988975 0.0
0.06607000000076368 0.0017050000024028122
0.06607000000076368 0.0
0.06812100001843646 0.0016650000179652125
0.06812100001843646 0.0
0.06551600000238977 0.001736999984132126
0.06551600000238977 0.0
0.06867399998009205 0.0018180000188294798
0.06867399998009205 9.999785106629133e-07
0.0688570000056643 0.0017579999985173345
0.0688570000056643 0.0
0.07646300000487827 0.0019979999924544245
0.07646300000487827 1.00000761449337e-06
0.09406599999056198 0.005705000017769635
0.09406599999056198 0.0
0.09906300000147894 0.005949000013060868
0.09906300000147894 0.0
0.09891099997912534 0.00572200000169687
0.09891099997912534 0.0
0.08690399999613874 0.0024059999850578606
0.08690399999613874 9.999785106629133e-07
0.09607299999333918 0.0027209999971091747
0.09607299999333918 1.00000761449337e-06
0.0931259999924805 0.0023210000072140247
0.0931259999924805 0.0
0.09499599999981001 0.0023769999970681965
0.09499599999981001 9.999785106629133e-07
0.07168799999635667 0.0018930000078398734
0.07168799999635667 0.0
0.09767099999589846 0.00588199999765493
0.09767099999589846 0.0
0.10226200000033714 0.002785999997286126
0.10226200000033714 1.00000761449337e-06
0.09699299998464994 0.0029820000054314733
0.09699299998464994 9.999785106629133e-07
0.0991480000084266 0.003068999998504296
0.0991480000084266 0.0
0.0950029999949038 0.002374000003328547
0.0950029999949038 0.0
0.09337200000300072 0.002147999999579042
0.09337200000300072 1.00000761449337e-06
0.07050299999536946 0.015389000007417053
0.07050299999536946 0.0
0.06799499999033287 0.0020800000056624413
0.06799499999033287 0.0
0.074267999996664 0.0018090000085067004
0.074267999996664 9.999785106629133e-07
0.05786299999454059 0.0016550000000279397
0.05786299999454059 0.0
0.07221600000048056 0.002431000000797212
0.07221600000048056 9.999785106629133e-07
0.08014700000057928 0.0024470000062137842
0.08014700000057928 0.0
0.07340100000146776 0.0019669999892357737
0.07340100000146776 0.0
0.06470300001092255 0.002546999981859699
0.06470300001092255 1.00000761449337e-06
0.05318200000328943 0.0015490000077988952
0.05318200000328943 1.00000761449337e-06
0.05206499999621883 0.0017050000024028122
0.05206499999621883 1.00000761449337e-06
0.05195700001786463 0.0016219999815803021
0.05195700001786463 0.0
0.052051000006031245 0.0016239999968092889
0.052051000006031245 0.0
0.05148700001882389 0.0015239999920595437
0.05148700001882389 0.0
0.0519849999982398 0.0016909999831113964
0.0519849999982398 1.00000761449337e-06
0.052016999979969114 0.0015819999971427023
0.052016999979969114 0.0
0.05220299999928102 0.0016710000054445118
0.05220299999928102 9.999785106629133e-07
0.051776999986032024 0.0015340000099968165
0.051776999986032024 1.00000761449337e-06
0.06238300001132302 0.0014830000000074506
0.06238300001132302 1.00000761449337e-06
0.07138099998701364 0.0024280000070575625
0.07138099998701364 0.0
0.07718500000191852 0.0023849999997764826
0.07718500000191852 0.0
0.055484000011347234 0.0016610000166110694
0.055484000011347234 0.0
0.05457599999499507 0.001404000009642914
0.05457599999499507 0.0
0.05184000000008382 0.0013660000113304704
0.05184000000008382 0.0
0.0472040000022389 0.001404000009642914
0.0472040000022389 0.0
0.0484510000096634 0.0012129999813623726
0.0484510000096634 0.0
0.04769099998520687 0.0012310000020079315
0.04769099998520687 1.00000761449337e-06
0.0470050000003539 0.0012040000001434237
0.0470050000003539 1.00000761449337e-06
0.047344000020530075 0.0012329999881330878
0.047344000020530075 0.0
0.051879000006010756 0.0013460000045597553
0.051879000006010756 1.00000761449337e-06
0.04972400001133792 0.0012869999918621033
0.04972400001133792 0.0
0.05085299999336712 0.0013259999977890402
0.05085299999336712 1.00000761449337e-06
0.048903999995673075 0.001188000023830682
0.048903999995673075 0.0
0.045037000003503636 0.0011829999857582152
0.045037000003503636 1.00000761449337e-06
0.0451500000199303 0.0011239999730605632
0.0451500000199303 0.0
0.044800000003306195 0.0011369999847374856
0.044800000003306195 1.00000761449337e-06
0.04204400000162423 0.0011940000113099813
0.04204400000162423 0.0
0.04218300001230091 0.0012249999854248017
0.04218300001230091 1.00000761449337e-06
0.041855999996187165 0.0010820000024978071
0.041855999996187165 0.0
0.03519699999014847 0.0009300000092480332
0.03519699999014847 0.0
0.03563499997835606 0.0009290000016335398
0.03563499997835606 1.00000761449337e-06
0.03542100000777282 0.000914999982342124
0.03542100000777282 1.00000761449337e-06
0.0346410000056494 0.0009250000002793968
0.0346410000056494 1.00000761449337e-06
0.03489499998977408 0.0009140000038314611
0.03489499998977408 0.0
0.03695400001015514 0.0009580000187270343
0.03695400001015514 0.0
0.03706699999747798 0.000981999997748062
0.03706699999747798 0.0
0.03717799999867566 0.0009659999923314899
0.03717799999867566 0.0
0.05064900001161732 0.0013549999857787043
0.05064900001161732 1.00000761449337e-06
0.05142500001238659 0.0016269999905489385
0.05142500001238659 0.0
0.05295400001341477 0.001453999982913956
0.05295400001341477 0.0
0.05182500000228174 0.0014899999951012433
0.05182500000228174 9.999785106629133e-07
0.053977000003214926 0.0015319999947678298
0.053977000003214926 1.00000761449337e-06
0.05170400001225062 0.0014189999783411622
0.05170400001225062 0.0
0.03889399999752641 0.0010349999938625842
0.03889399999752641 9.999785106629133e-07
0.03743100000428967 0.0009629999985918403
0.03743100000428967 0.0
0.04999400000087917 0.0011839999933727086
0.04999400000087917 1.00000761449337e-06
0.03722999998717569 0.000961000012466684
0.03722999998717569 1.00000761449337e-06
0.0378400000045076 0.000973999995039776
0.0378400000045076 0.0
0.03715599997667596 0.000990000000456348
0.03715599997667596 0.0
0.039927000005263835 0.0010780000011436641
0.039927000005263835 1.00000761449337e-06
0.03985399997327477 0.0010460000194143504
0.03985399997327477 9.999785106629133e-07
0.04064500000094995 0.0010380000167060643
0.04064500000094995 0.0
0.03950099999201484 0.0010049999982584268
0.03950099999201484 0.0
0.039809999987483025 0.001045000011799857
0.039809999987483025 9.999785106629133e-07
0.039786000008462 0.0010170000023208559
0.039786000008462 1.00000761449337e-06
0.03961400000844151 0.0010299999848939478
0.03961400000844151 0.0
0.03987200002302416 0.001033000007737428
0.03987200002302416 0.0
0.039883999997982755 0.0010260000126436353
0.039883999997982755 0.0
0.03961399997933768 0.0010600000096019357
0.03961399997933768 0.0
0.03960899999947287 0.0010190000175498426
0.03960899999947287 0.0
0.03956900001503527 0.001041000010445714
0.03956900001503527 0.0
0.0396949999849312 0.0010190000175498426
0.0396949999849312 0.0
0.0397909999883268 0.0010239999974146485
0.0397909999883268 0.0
0.039890000014565885 0.001020000025164336
0.039890000014565885 0.0
0.04254900000523776 0.001133999990997836
0.04254900000523776 1.00000761449337e-06
0.05814799998188391 0.0015659999917261302
0.05814799998188391 0.0
0.057952000002842396 0.0015609999827574939
0.057952000002842396 0.0
0.05832000001100823 0.0015480000001844019
0.05832000001100823 1.00000761449337e-06
0.06092899999930523 0.0017210000078193843
0.06092899999930523 0.0
0.06170099999872036 0.001636000000871718
0.06170099999872036 0.0
0.06230900000082329 0.0015960000164341182
0.06230900000082329 0.0
0.061237000016262755 0.0015839999832678586
0.061237000016262755 0.0
0.061065000016242266 0.0015779999957885593
0.061065000016242266 0.0
0.06300899997586384 0.001592999993590638
0.06300899997586384 0.0
0.06614499998977408 0.0018050000071525574
0.06614499998977408 1.00000761449337e-06
0.06838300000526942 0.0016459999897051603
0.06838300000526942 0.0
0.06731800001580268 0.001719000021694228
0.06731800001580268 1.00000761449337e-06
0.06406000000424683 0.0016790000081527978
0.06406000000424683 0.0
0.06634699998539872 0.0016119999927468598
0.06634699998539872 1.00000761449337e-06
0.06664399997680448 0.0016300000133924186
0.06664399997680448 0.0
0.06385600002249703 0.0016170000017154962
0.06385600002249703 1.00000761449337e-06
0.06460099999094382 0.0017130000051110983
0.06460099999094382 1.00000761449337e-06
0.0658689999836497 0.0016949999844655395
0.0658689999836497 0.0
0.06418899999698624 0.0016910000122152269
0.06418899999698624 1.00000761449337e-06
0.07592899998417124 0.0024670000129844993
0.07592899998417124 1.00000761449337e-06
0.08095899998443201 0.002143999998224899
0.08095899998443201 0.0
0.07977300000493415 0.0019810000085271895
0.07977300000493415 0.0
0.07556100000510924 0.00197199999820441
0.07556100000510924 0.0
0.07424799998989329 0.0019170000159647316
0.07424799998989329 0.0
0.07534700000542216 0.0019480000191833824
0.07534700000542216 0.0
0.07500199999776669 0.001955000014277175
0.07500199999776669 1.00000761449337e-06
0.0762140000006184 0.0019050000119023025
0.0762140000006184 1.00000761449337e-06
0.07644999999320135 0.0019409999949857593
0.07644999999320135 0.0
0.07162299999617971 0.001820000004954636
0.07162299999617971 0.0
0.07192799999029376 0.0018219999910797924
0.07192799999029376 0.0
0.07515499999863096 0.0019409999949857593
0.07515499999863096 1.00000761449337e-06
0.07588899999973364 0.002019999985350296
0.07588899999973364 0.0
0.10023499999078922 0.003025999991223216
0.10023499999078922 0.0
0.1096640000178013 0.006923000008100644
0.1096640000178013 9.999785106629133e-07
0.11423500001546927 0.0071189999871421605
0.11423500001546927 0.0
0.10670600002049468 0.0031470000103581697
0.10670600002049468 0.0
0.11619099997915328 0.003148999996483326
0.11619099997915328 0.0
0.11119700002018362 0.0027840000111609697
0.11119700002018362 1.00000761449337e-06
0.11144800001056865 0.002917000005254522
0.11144800001056865 1.00000761449337e-06
0.10354800001368858 0.002853000012692064
0.10354800001368858 9.999785106629133e-07
0.10802900002454408 0.00330400001257658
0.10802900002454408 1.00000761449337e-06
0.11280500001157634 0.003177000005962327
0.11280500001157634 0.0
0.07179300001007505 0.0017660000012256205
0.07179300001007505 0.0
0.06983500000205822 0.0017820000066421926
0.06983500000205822 0.0
0.0690279999980703 0.0017189999925903976
0.0690279999980703 0.0
0.0702199999941513 0.001736000005621463
0.0702199999941513 0.0
0.07179700001142919 0.002066000015474856
0.07179700001142919 1.00000761449337e-06
0.053497000015340745 0.0013930000131949782
0.053497000015340745 0.0
0.04471499999635853 0.0011750000121537596
0.04471499999635853 9.999785106629133e-07
0.04457999998703599 0.001113000005716458
0.04457999998703599 1.00000761449337e-06
0.044774999987566844 0.0014519999967887998
0.044774999987566844 0.0
0.04695399999036454 0.0011829999857582152
0.04695399999036454 1.00000761449337e-06
0.04682499999762513 0.001600999996298924
0.04682499999762513 0.0
0.04661300001316704 0.0016049999976530671
0.04661300001316704 0.0
0.0499089999939315 0.0016309999919030815
0.0499089999939315 0.0
0.052029999991646037 0.0016830000095069408
0.052029999991646037 9.999785106629133e-07
0.0519229999918025 0.0016140000079758465
0.0519229999918025 0.0
0.05173800000920892 0.0015649999841116369
0.05173800000920892 0.0
0.053878000006079674 0.0014870000013615936
0.053878000006079674 0.0
0.055656999989878386 0.0014099999971222132
0.055656999989878386 0.0
0.05700900001102127 0.0015839999832678586
0.05700900001102127 0.0
0.05691299997852184 0.0014490000030491501
0.05691299997852184 9.999785106629133e-07
0.05710700000054203 0.0014460000093095005
0.05710700000054203 0.0
0.05455000000074506 0.0014030000020284206
0.05455000000074506 0.0
0.059388000023318455 0.0016289999766740948
0.059388000023318455 0.0
0.05931500002043322 0.0015159999893512577
0.05931500002043322 1.00000761449337e-06
0.05975600000238046 0.001529999979538843
0.05975600000238046 0.0
0.06827499999781139 0.0021560000022873282
0.06827499999781139 0.0
0.0758170000044629 0.0018029999919235706
0.0758170000044629 1.00000761449337e-06
0.0856050000002142 0.002262000023620203
0.0856050000002142 0.0
0.06416700000409037 0.0015570000105071813
0.06416700000409037 0.0
0.061160000012023374 0.0015050000220071524
0.061160000012023374 0.0
0.05983600000035949 0.0015280000225175172
0.05983600000035949 0.0
0.05974300001980737 0.0015819999971427023
0.05974300001980737 0.0
0.05939599999692291 0.0014869999722577631
0.05939599999692291 0.0
0.062049000000115484 0.0015570000105071813
0.062049000000115484 0.0
0.061673999996855855 0.0015380000113509595
0.061673999996855855 1.00000761449337e-06
0.06546800001524389 0.0018560000171419233
0.06546800001524389 0.0
0.06707099999766797 0.001724000001559034
0.06707099999766797 0.0
0.07188100001076236 0.0018970000091940165
0.07188100001076236 1.00000761449337e-06
0.07415299999411218 0.002068000001600012
0.07415299999411218 0.0
0.08719800002290867 0.002470000006724149
0.08719800002290867 1.00000761449337e-06
0.09633600001689047 0.0026660000148694962
0.09633600001689047 0.0
0.08452900001429953 0.0024019999837037176
0.08452900001429953 1.00000761449337e-06
0.09140199999092147 0.002905000001192093
0.09140199999092147 1.00000761449337e-06
0.08354699998744763 0.002263000002130866
0.08354699998744763 0.0
0.06387099999119528 0.0017229999939445406
0.06387099999119528 0.0
0.061332999990554526 0.001500999991549179
0.061332999990554526 9.999785106629133e-07
0.056896000023698434 0.0015370000037364662
0.056896000023698434 0.0
0.0726169999979902 0.0020059999951627105
0.0726169999979902 0.0
0.06575199999497272 0.0014729999820701778
0.06575199999497272 0.0
0.06682399997953326 0.0018109999946318567
0.06682399997953326 0.0
0.06700099998852238 0.0017069999885279685
0.06700099998852238 0.0
0.048712999996496364 0.0011620000004768372
0.048712999996496364 0.0
0.04963699998916127 0.0013219999964348972
0.04963699998916127 1.00000761449337e-06
0.050208000000566244 0.0012789999891538173
0.050208000000566244 1.00000761449337e-06
0.04725900001358241 0.0012170000118203461
0.04725900001358241 1.00000761449337e-06
0.049624000006588176 0.0012879999994765967
0.049624000006588176 0.0
0.049658000003546476 0.0012780000106431544
0.049658000003546476 0.0
0.04992399999173358 0.0012550000101327896
0.04992399999173358 1.00000761449337e-06
0.04951700000674464 0.0012529999949038029
0.04951700000674464 0.0
0.04997900000307709 0.001244000013684854
0.04997900000307709 0.0
0.04940300001180731 0.0012630000128410757
0.04940300001180731 0.0
0.04953200000454672 0.0012540000025182962
0.04953200000454672 9.999785106629133e-07
0.05184400000143796 0.0013949999993201345
0.05184400000143796 0.0
0.05561899999156594 0.0014680000022053719
0.05561899999156594 1.00000761449337e-06
0.05483900001854636 0.001408000010997057
0.05483900001854636 1.00000761449337e-06
0.052364999981364235 0.001365000003715977
0.052364999981364235 1.00000761449337e-06
0.05372299998998642 0.0013029999972786754
0.05372299998998642 0.0
0.05620900000212714 0.0013630000175908208
0.05620900000212714 0.0
0.05502400000113994 0.0014050000172574073
0.05502400000113994 1.00000761449337e-06
0.05053999999654479 0.0012479999859351665
0.05053999999654479 0.0
0.04947100000572391 0.0012659999774768949
0.04947100000572391 9.999785106629133e-07
0.049817999999504536 0.0012629999837372452
0.049817999999504536 1.00000761449337e-06
0.044531999999890104 0.0011869999871123582
0.044531999999890104 9.999785106629133e-07
0.04229700000723824 0.0010719999845605344
0.04229700000723824 0.0
0.041784999979427084 0.0010670000046957284
0.041784999979427084 1.00000761449337e-06
0.03940300000249408 0.0010560000082477927
0.03940300000249408 0.0
0.03959600001689978 0.0010210000036749989
0.03959600001689978 9.999785106629133e-07
0.03723400001763366 0.0009439999994356185
0.03723400001763366 1.00000761449337e-06
0.03967399999964982 0.0010229999898001552
0.03967399999964982 9.999785106629133e-07
0.0395190000126604 0.0010550000006332994
0.0395190000126604 0.0
0.0402450000110548 0.0010760000150185078
0.0402450000110548 0.0
0.0399840000027325 0.0011059999815188348
0.0399840000027325 0.0
0.03971400001319125 0.0010860000038519502
0.03971400001319125 0.0
0.04091199999675155 0.0010220000112894922
0.04091199999675155 0.0
0.039412999991327524 0.0010269999911542982
0.039412999991327524 9.999785106629133e-07
0.0374770000053104 0.001037000009091571
0.0374770000053104 9.999785106629133e-07
0.037204000022029504 0.0010360000014770776
0.037204000022029504 0.0
0.038090000016381964 0.000965000013820827
0.038090000016381964 1.00000761449337e-06
0.03727000000071712 0.0009679999784566462
0.03727000000071712 1.00000761449337e-06
0.037683999980799854 0.000994000001810491
0.037683999980799854 1.00000761449337e-06
0.03692800001590513 0.0009639999771025032
0.03692800001590513 1.00000761449337e-06
0.03730799999902956 0.0009729999874252826
0.03730799999902956 0.0
0.037530999979935586 0.0010210000036749989
0.037530999979935586 0.0
0.038686999992933124 0.0009830000053625554
0.038686999992933124 1.00000761449337e-06
0.053008000017143786 0.0015340000099968165
0.053008000017143786 1.00000761449337e-06
0.051073000009637326 0.0013800000015180558
0.051073000009637326 1.00000761449337e-06
0.03734399998211302 0.0010020000045187771
0.03734399998211302 0.0
0.03944299998693168 0.0009870000067166984
0.03944299998693168 0.0
0.034768000012263656 0.000893000018550083
0.034768000012263656 0.0
0.03524599998490885 0.0009080000163521618
0.03524599998490885 1.00000761449337e-06
INFO:sc2.protocol:Client status changed to Status.ended (was Status.in_game)
INFO:root:Result for player 1 - Bot(Race.Terran, <bots.Showing_bot.speedBot.MarinBot object at 0x7f7b39e58f28>): Defeat
INFO:sc2.protocol:Client status changed to Status.ended (was Status.in_game)
INFO:root:Result for player 2 - Bot(Race.Terran, <bots.poscat.poscat_bot.POSCATBot object at 0x7f7b2ae00f28>): Victory
INFO:sc2.client:Saved replay to outs/2020-01-17T11-28-03/replays/showing_bot-poscat/showing_bot-poscat-2.SC2Replay
INFO:sc2.protocol:Client status changed to Status.launched (was Status.ended)
INFO:sc2.protocol:Client status changed to Status.quit (was Status.launched)
INFO:sc2.sc2process:kill_switch: Process cleanup
INFO:sc2.sc2process:Cleaning up...
INFO:sc2.sc2process:Cleanup complete
INFO:sc2.sc2process:Cleaning up...
INFO:sc2.sc2process:Cleanup complete
INFO:sc2.protocol:Cannot receive: Connection already closed.
INFO:sc2.sc2process:kill_switch: Process cleanup
INFO:sc2.sc2process:Cleaning up...
INFO:sc2.sc2process:Cleanup complete
INFO:sc2.sc2process:Cleaning up...
INFO:sc2.sc2process:Cleanup complete


## STDERR ##

Version: B75689 (SC2.4.10)
Build: Aug 12 2019 17:16:57
Command Line: '"/home/hspark8312/StarCraftII/Versions/Base75689/SC2_x64" -listen 127.0.0.1 -port 15756 -displayMode 0 -dataDir /home/hspark8312/StarCraftII -tempDir /tmp/SC2_hwkdsas7'
Starting up...
Startup Phase 1 complete
Version: B75689 (SC2.4.10)
Build: Aug 12 2019 17:16:57
Command Line: '"/home/hspark8312/StarCraftII/Versions/Base75689/SC2_x64" -listen 127.0.0.1 -port 20131 -displayMode 0 -dataDir /home/hspark8312/StarCraftII -tempDir /tmp/SC2_70nzpoz6'
Starting up...
Startup Phase 1 complete
Startup Phase 2 complete
Creating stub renderer...
Listening on: 127.0.0.1:15756
Startup Phase 3 complete. Ready for commands.
Startup Phase 2 complete
Creating stub renderer...
ConnectHandler: Request from 127.0.0.1:59007 accepted
ReadyHandler: 127.0.0.1:59007 ready
Requesting to join a multiplayer game
Configuring interface options
Configure: raw interface enabled
Configure: feature layer interface enabled
Configure: score interface enabled
Configure: render interface disabled
Listening on: 127.0.0.1:20131
Startup Phase 3 complete. Ready for commands.
ConnectHandler: Request from 127.0.0.1:59008 accepted
ReadyHandler: 127.0.0.1:59008 ready
Requesting to join a multiplayer game
Configuring interface options
Configure: raw interface enabled
Configure: feature layer interface enabled
Configure: score interface enabled
Configure: render interface disabled
Create game with map path: NCFellowship-2019_m1_v6.SC2Map
Attempting to join a game with the map: NCFellowship-2019_m1_v6.SC2Map
Game has started.
Using default stable ids, none found at: /home/hspark8312/StarCraftII/stableid.json
Successfully loaded stable ids: GameData\stableid.json
Sending ResponseJoinGame
Game has started.
Using default stable ids, none found at: /home/hspark8312/StarCraftII/stableid.json
Successfully loaded stable ids: GameData\stableid.json
Sending ResponseJoinGame
RequestQuit command received.
Closing Application...
CloseHandler: 127.0.0.1:59008 disconnected
Terminate action already called.
/home/hspark8312/anaconda3/envs/sc2/lib/python3.6/importlib/_bootstrap.py:219: RuntimeWarning: numpy.ufunc size changed, may indicate binary incompatibility. Expected 192 from C header, got 216 from PyObject
  return f(*args, **kwds)
/home/hspark8312/anaconda3/envs/sc2/lib/python3.6/importlib/_bootstrap.py:219: RuntimeWarning: numpy.ufunc size changed, may indicate binary incompatibility. Expected 192 from C header, got 216 from PyObject
  return f(*args, **kwds)
/home/hspark8312/anaconda3/envs/sc2/lib/python3.6/site-packages/tensorboard/compat/tensorflow_stub/dtypes.py:541: FutureWarning: Passing (type, 1) or '1type' as a synonym of type is deprecated; in a future version of numpy, it will be understood as (type, (1,)) / '(1,)type'.
  _np_qint8 = np.dtype([("qint8", np.int8, 1)])
/home/hspark8312/anaconda3/envs/sc2/lib/python3.6/site-packages/past/builtins/misc.py:45: DeprecationWarning: the imp module is deprecated in favour of importlib; see the module's documentation for alternative uses
  from imp import reload
/mnt/d/sc2minigame-eval-2020-01-09/bots/Showing_bot/speedBot.py:1643: RuntimeWarning: coroutine 'TerreinManager.debug' was never awaited
  self.terrein_manager.debug()
