## STDOUT ##

[[92mINFO[0m] SC2 4.9.0 용 패치 적용
패치 sc2.ids.ability_id
패치 sc2.game_state
패치 sc2.bot_ai
패치 sc2.client
패치 sc2.controller
패치 sc2.main
INFO:root:Failed to import cuda module: No module named 'caffe2.python.caffe2_pybind11_state_gpu'
INFO:root:Failed to import AMD hip module: No module named 'caffe2.python.caffe2_pybind11_state_hip'
WARNING:root:This caffe2 python run does not have GPU support. Will run in CPU only mode.
cpu
INFO:sc2.protocol:Client status changed to Status.launched (was None)
INFO:sc2.protocol:Client status changed to Status.launched (was None)
INFO:sc2_patch.sc2_patch_490.controller:Creating new game
INFO:sc2_patch.sc2_patch_490.controller:Map:     NCFellowship-2019_m1_v6
INFO:sc2_patch.sc2_patch_490.controller:Players: Bot(Race.Terran, <bots.Showing_bot.speedBot.MarinBot object at 0x7f2d63658f60>), Bot(Race.Terran, <bots.poscat.poscat_bot.POSCATBot object at 0x7f2d545fff28>)
INFO:sc2.protocol:Client status changed to Status.init_game (was Status.launched)
INFO:sc2.protocol:Client status changed to Status.in_game (was None)
INFO:root:Player 2 - Bot(Race.Terran, <bots.poscat.poscat_bot.POSCATBot object at 0x7f2d545fff28>)
TEST: 2, <bots.poscat.poscat_bot.POSCATBot object at 0x7f2d545fff28>
INFO:sc2.protocol:Client status changed to Status.in_game (was None)
INFO:root:Player 1 - Bot(Race.Terran, <bots.Showing_bot.speedBot.MarinBot object at 0x7f2d63658f60>)
TEST: 1, <bots.Showing_bot.speedBot.MarinBot object at 0x7f2d63658f60>
load model: bots/Showing_bot/models/model-89.pt
create new model
0.045286000007763505 0.0027119999867863953
0.045286000007763505 9.999785106629133e-07
0.04472999999416061 0.0020800000056624413
0.04472999999416061 1.00000761449337e-06
0.04434399999445304 0.0012929999793414026
0.04434399999445304 0.0
0.04466000001411885 0.0015199999907054007
0.04466000001411885 0.0
0.044350999989546835 0.0010820000024978071
0.044350999989546835 0.0
0.04409400001168251 0.0010910000128205866
0.04409400001168251 1.00000761449337e-06
0.04497099999571219 0.001168000017059967
0.04497099999571219 0.0
0.04475800000363961 0.001101000001654029
0.04475800000363961 1.00000761449337e-06
0.04440800001611933 0.0011909999884665012
0.04440800001611933 0.0
0.04545400000642985 0.001145999995060265
0.04545400000642985 0.0
0.044405999971786514 0.001344999996945262
0.044405999971786514 0.0
0.04505299997981638 0.001164000015705824
0.04505299997981638 0.0
0.044270999991567805 0.0010919999913312495
0.044270999991567805 1.00000761449337e-06
0.044686000008368865 0.0013639999961014837
0.044686000008368865 0.0
0.04411300001083873 0.0011069999891333282
0.04411300001083873 9.999785106629133e-07
0.04494600000907667 0.0011360000062268227
0.04494600000907667 0.0
0.045163000002503395 0.0011709999816957861
0.045163000002503395 1.00000761449337e-06
0.04530699999304488 0.0010979999788105488
0.04530699999304488 1.00000761449337e-06
0.045274000003701076 0.0011590000067371875
0.045274000003701076 0.0
0.04437299998244271 0.001125000009778887
0.04437299998244271 0.0
0.04816100001335144 0.00133200001437217
0.04816100001335144 0.0
0.04668500000843778 0.001196000026538968
0.04668500000843778 0.0
0.04629700002260506 0.0011959999974351376
0.04629700002260506 0.0
0.04784399998607114 0.0012410000199452043
0.04784399998607114 0.0
0.04804000002332032 0.001269000000320375
0.04804000002332032 1.00000761449337e-06
0.047086000005947426 0.0012860000133514404
0.047086000005947426 0.0
0.04667900002095848 0.0012109999952372164
0.04667900002095848 0.0
0.048187000007601455 0.0012240000069141388
0.048187000007601455 1.00000761449337e-06
0.04813700000522658 0.0012339999957475811
0.04813700000522658 0.0
0.046768999978667125 0.0012470000074245036
0.046768999978667125 0.0
0.04753900002106093 0.0015380000113509595
0.04753900002106093 1.00000761449337e-06
0.04744699998991564 0.0013029999972786754
0.04744699998991564 0.0
0.048841999989235774 0.001193000003695488
0.048841999989235774 1.00000761449337e-06
0.04687099999864586 0.001213000010466203
0.04687099999864586 0.0
0.04812500000116415 0.0011729999969247729
0.04812500000116415 0.0
0.05091099999845028 0.0029429999995045364
0.05091099999845028 0.0
0.049312999995891005 0.0013940000208094716
0.049312999995891005 1.00000761449337e-06
0.04931099998066202 0.0012749999877996743
0.04931099998066202 1.00000761449337e-06
0.05050599999958649 0.0013230000040493906
0.05050599999958649 1.00000761449337e-06
0.0502039999992121 0.001305999991018325
0.0502039999992121 0.0
changed strategy
0.050165000022388995 0.001248000015038997
0.050165000022388995 0.0
0.05962300000828691 0.0013689999759662896
0.05962300000828691 0.0
0.06000200001290068 0.0015579999890178442
0.06000200001290068 0.0
0.05658999999286607 0.00181200000224635
0.05658999999286607 9.999785106629133e-07
0.06791300000622869 0.0020059999951627105
0.06791300000622869 1.00000761449337e-06
0.06646299999556504 0.0018479999853298068
0.06646299999556504 9.999785106629133e-07
0.0731110000051558 0.0018890000064857304
0.0731110000051558 0.0
0.0730879999755416 0.002035000012256205
0.0730879999755416 0.0
0.06980399999883957 0.001947999990079552
0.06980399999883957 0.0
0.07351200000266545 0.00197199999820441
0.07351200000266545 9.999785106629133e-07
0.07587500000954606 0.004751000000396743
0.07587500000954606 0.0
0.0670150000078138 0.0033140000014100224
0.0670150000078138 0.0
0.08012900000903755 0.004588000010699034
0.08012900000903755 0.0
0.08248300000559539 0.002502999996067956
0.08248300000559539 1.00000761449337e-06
0.060200000007171184 0.0015060000005178154
0.060200000007171184 1.00000761449337e-06
0.08207199999014847 0.0021380000107456
0.08207199999014847 9.999785106629133e-07
0.08269000001018867 0.0021049999922979623
0.08269000001018867 9.999785106629133e-07
0.08268799999495968 0.0021000000124331564
0.08268799999495968 1.00000761449337e-06
0.07638400001451373 0.0017389999993611127
0.07638400001451373 0.0
0.08016099999076687 0.002035000012256205
0.08016099999076687 1.00000761449337e-06
0.08015199998044409 0.0022530000132974237
0.08015199998044409 1.00000761449337e-06
0.07884900001226924 0.002123000012943521
0.07884900001226924 9.999785106629133e-07
0.08001599999261089 0.0020969999895896763
0.08001599999261089 0.0
0.07947599998442456 0.0020369999983813614
0.07947599998442456 1.00000761449337e-06
0.07823199999984354 0.0020459999796003103
0.07823199999984354 0.0
0.07867300001089461 0.0020979999972041696
0.07867300001089461 1.00000761449337e-06
0.07838699998683296 0.0020970000186935067
0.07838699998683296 1.00000761449337e-06
0.07616600001347251 0.0021560000022873282
0.07616600001347251 0.0
0.07654999999795109 0.0019939999911002815
0.07654999999795109 1.00000761449337e-06
0.07619100000010803 0.002019000006839633
0.07619100000010803 1.00000761449337e-06
0.07833299998310395 0.0016999999934341758
0.07833299998310395 0.0
0.08057699998607859 0.0019970000139437616
0.08057699998607859 0.0
0.0802059999841731 0.002068000001600012
0.0802059999841731 0.0
0.07793400000082329 0.0020679999724961817
0.07793400000082329 0.0
0.07814900000812486 0.002059999998891726
0.07814900000812486 1.00000761449337e-06
0.07854200000292622 0.0020670000230893493
0.07854200000292622 1.00000761449337e-06
0.07776899999589659 0.0019339999998919666
0.07776899999589659 0.0
0.057708999986061826 0.0014270000101532787
0.057708999986061826 1.00000761449337e-06
0.0550189999921713 0.0014919999812263995
0.0550189999921713 1.00000761449337e-06
0.052084999973885715 0.001408000010997057
0.052084999973885715 0.0
0.05208900000434369 0.0013279999839141965
0.05208900000434369 0.0
0.06577000001561828 0.0017860000079963356
0.06577000001561828 0.0
0.06330400001024827 0.0013510000135283917
0.06330400001024827 1.00000761449337e-06
0.06553100000019185 0.0017339999903924763
0.06553100000019185 9.999785106629133e-07
0.06064599999808706 0.0016049999976530671
0.06064599999808706 0.0
0.061772000015480444 0.0022530000132974237
0.061772000015480444 0.0
0.0617799999890849 0.0020289999956730753
0.0617799999890849 0.0
0.05604500000481494 0.0011999999987892807
0.05604500000481494 0.0
0.060698999994201586 0.0016539999924134463
0.060698999994201586 1.00000761449337e-06
0.06290699998498894 0.0018989999953191727
0.06290699998498894 1.00000761449337e-06
0.0627999999851454 0.0016959999920800328
0.0627999999851454 1.00000761449337e-06
0.06314499999280088 0.0012049999786540866
0.06314499999280088 0.0
0.055720999982440844 0.0017039999947883189
0.055720999982440844 0.0
0.06364599999506027 0.001900999981444329
0.06364599999506027 1.00000761449337e-06
0.06370500000775792 0.0016960000211838633
0.06370500000775792 0.0
0.05835700000170618 0.0016579999937675893
0.05835700000170618 1.6999983927235007e-05
0.06285000001662411 0.0017300000181421638
0.06285000001662411 1.00000761449337e-06
0.06232699999236502 0.001951000012923032
0.06232699999236502 0.0
0.06052199998521246 0.0012449999921955168
0.06052199998521246 1.00000761449337e-06
0.04478100000414997 0.0013960000069346279
0.04478100000414997 9.999785106629133e-07
0.06382700000540353 0.001560000004246831
0.06382700000540353 0.0
0.05016300000716001 0.001576000009663403
0.05016300000716001 0.0
0.06476100001600571 0.0018559999880380929
0.06476100001600571 0.0
0.06663999997545034 0.001736000005621463
0.06663999997545034 0.0
0.062239999999292195 0.0017339999903924763
0.062239999999292195 1.00000761449337e-06
0.05816899999626912 0.0016449999820906669
0.05816899999626912 0.0
0.06663099999423139 0.001799999998183921
0.06663099999423139 0.0
0.0662669999874197 0.0017630000074859709
0.0662669999874197 1.00000761449337e-06
0.06627100001787767 0.0017530000186525285
0.06627100001787767 0.0
0.06379200000083074 0.001352999999653548
0.06379200000083074 0.0
0.05025899998145178 0.0012590000114869326
0.05025899998145178 0.0
0.06634099999791943 0.0017539999971631914
0.06634099999791943 1.00000761449337e-06
0.06412200001068413 0.0017510000034235418
0.06412200001068413 1.00000761449337e-06
0.06722299999091774 0.0018210000125691295
0.06722299999091774 0.0
0.06643999999505468 0.0019339999998919666
0.06643999999505468 0.0
0.055315000005066395 0.0018399999826215208
0.055315000005066395 0.0
0.054869000014150515 0.0016879999893717468
0.054869000014150515 9.999785106629133e-07
0.047781000001123175 0.001209999987622723
0.047781000001123175 0.0
0.06656599999405444 0.001744000008329749
0.06656599999405444 0.0
0.06373100000200793 0.0014110000047367066
0.06373100000200793 1.00000761449337e-06
0.049781000008806586 0.0013990000006742775
0.049781000008806586 1.00000761449337e-06
0.04975100001320243 0.0013109999999869615
0.04975100001320243 0.0
0.06262300000526011 0.0013389999803621322
0.06262300000526011 0.0
0.06310299999313429 0.0017550000047776848
0.06310299999313429 0.0
0.06903600000077859 0.0019070000271312892
0.06903600000077859 0.0
0.06942300000810064 0.0017869999865069985
0.06942300000810064 0.0
0.06885500001953915 0.0018749999871943146
0.06885500001953915 0.0
0.0689600000041537 0.0018419999978505075
0.0689600000041537 1.00000761449337e-06
0.06158399998093955 0.001672999991569668
0.06158399998093955 0.0
0.06907900000805967 0.0018350000027567148
0.06907900000805967 0.0
0.06954500000574626 0.0018770000024233013
0.06954500000574626 1.00000761449337e-06
0.06900300001143478 0.001800999976694584
0.06900300001143478 0.0
0.06893499998841435 0.0018559999880380929
0.06893499998841435 0.0
0.06884699998772703 0.0019150000007357448
0.06884699998772703 0.0
0.06596799998078495 0.0018989999953191727
0.06596799998078495 0.0
0.06668799999170005 0.0021380000107456
0.06668799999170005 0.0
0.07347199998912401 0.00193500000750646
0.07347199998912401 0.0
0.07390200000372715 0.001964999974006787
0.07390200000372715 1.00000761449337e-06
0.07118300002184696 0.001926000026287511
0.07118300002184696 0.0
0.07209600001806393 0.001975999999558553
0.07209600001806393 0.0
0.07057300000451505 0.001998000021558255
0.07057300000451505 0.0
0.07293499997467734 0.0019420000026002526
0.07293499997467734 0.0
0.05282400001306087 0.0013639999961014837
0.05282400001306087 0.0
0.054742999986046925 0.0015279999934136868
0.054742999986046925 1.00000761449337e-06
0.05260699999053031 0.0013109999999869615
0.05260699999053031 0.0
0.055583000008482486 0.0014190000074449927
0.055583000008482486 0.0
0.05830599999171682 0.0015649999841116369
0.05830599999171682 1.00000761449337e-06
0.057558000000426546 0.001420000015059486
0.057558000000426546 0.0
0.05785800001467578 0.0014550000196322799
0.05785800001467578 0.0
0.06064499999047257 0.0016219999815803021
0.06064499999047257 0.0
0.0638219999964349 0.004085999971721321
0.0638219999964349 0.0
0.07874899997841567 0.005337000009603798
0.07874899997841567 0.0
0.08760299999266863 0.0022619999945163727
0.08760299999266863 1.00000761449337e-06
0.08664500000304542 0.002246999996714294
0.08664500000304542 0.0
0.0863379999937024 0.00237499998183921
0.0863379999937024 0.0
0.08432000002358109 0.0023360000050161034
0.08432000002358109 0.0
0.0678030000126455 0.003831999987596646
0.0678030000126455 1.00000761449337e-06
0.06828900001710281 0.0017630000074859709
0.06828900001710281 1.00000761449337e-06
0.06763700000010431 0.0016699999978300184
0.06763700000010431 0.0
0.06687599999713711 0.0018250000139232725
0.06687599999713711 0.0
0.07821700000204146 0.001992000004975125
0.07821700000204146 0.0
0.07897400000365451 0.002246000018203631
0.07897400000365451 1.00000761449337e-06
0.08160700000007637 0.002007999981287867
0.08160700000007637 9.999785106629133e-07
0.08071100001689047 0.002457000024151057
0.08071100001689047 0.0
0.07434500000090338 0.0022769999923184514
0.07434500000090338 9.999785106629133e-07
0.08134000000427477 0.0027289999998174608
0.08134000000427477 0.0
0.06487900001229718 0.0018360000103712082
0.06487900001229718 0.0
0.06908900002599694 0.001967999996850267
0.06908900002599694 1.00000761449337e-06
0.06435300002340227 0.0020139999978709966
0.06435300002340227 0.0
0.060123999981442466 0.0021249999990686774
0.060123999981442466 0.0
0.06638399997609667 0.0020420000073499978
0.06638399997609667 1.00000761449337e-06
0.0745630000019446 0.0020469999872148037
0.0745630000019446 0.0
0.0736779999861028 0.002090000023599714
0.0736779999861028 1.00000761449337e-06
0.07435700000496581 0.002139999996870756
0.07435700000496581 1.00000761449337e-06
0.06986600000527687 0.0021640000049956143
0.06986600000527687 0.0
0.08049700001720339 0.002246000018203631
0.08049700001720339 1.00000761449337e-06
0.06042300001718104 0.00149200001033023
0.06042300001718104 0.0
0.07780500000808388 0.0020280000171624124
0.07780500000808388 1.00000761449337e-06
0.070808999997098 0.0019650000031106174
0.070808999997098 0.0
0.0695279999927152 0.0019119999778922647
0.0695279999927152 1.00000761449337e-06
0.07388500001979992 0.0017490000172983855
0.07388500001979992 1.00000761449337e-06
0.06364900001790375 0.001984000002266839
0.06364900001790375 0.0
0.0729189999983646 0.0019659999816212803
0.0729189999983646 1.00000761449337e-06
0.06914899998810142 0.0018419999978505075
0.06914899998810142 0.0
0.06858199997805059 0.0018689999997150153
0.06858199997805059 1.00000761449337e-06
0.06852100000833161 0.0019539999775588512
0.06852100000833161 1.00000761449337e-06
0.06330999999772757 0.0019069999980274588
0.06330999999772757 9.999785106629133e-07
0.07152100000530481 0.0015879999846220016
0.07152100000530481 0.0
0.07220100000267848 0.0019179999944753945
0.07220100000267848 0.0
0.06911599999875762 0.0019560000218916684
0.06911599999875762 0.0
0.06446200000937097 0.0013970000145491213
0.06446200000937097 0.0
0.07075499999336898 0.0018740000086836517
0.07075499999336898 0.0
0.05333300001802854 0.0013190000026952475
0.05333300001802854 0.0
0.07212200001231395 0.0019169999868609011
0.07212200001231395 0.0
0.07139100000495091 0.0019589999865274876
0.07139100000495091 0.0
0.07182499999180436 0.0019619999802671373
0.07182499999180436 0.0
0.053795000014360994 0.0014910000027157366
0.053795000014360994 1.00000761449337e-06
0.06431400001747534 0.0018410000193398446
0.06431400001747534 0.0
0.06310599998687394 0.0016259999829344451
0.06310599998687394 0.0
0.05093800000031479 0.0014360000204760581
0.05093800000031479 1.00000761449337e-06
0.055102999991504475 0.0014079999818932265
0.055102999991504475 0.0
0.07387600000947714 0.0020690000092145056
0.07387600000947714 0.0
0.07810700000845827 0.0015650000132154673
0.07810700000845827 0.0
0.07485899998573586 0.002039000013610348
0.07485899998573586 0.0
0.06740999998874031 0.0020760000043082982
0.06740999998874031 0.0
0.0832630000077188 0.002293000026838854
0.0832630000077188 1.00000761449337e-06
0.07512000002316199 0.0021419999829959124
0.07512000002316199 0.0
0.07467900001211092 0.0020880000083707273
0.07467900001211092 0.0
0.07384599998476915 0.0019269999756943434
0.07384599998476915 1.00000761449337e-06
0.07408699998632073 0.0019080000056419522
0.07408699998632073 0.0
0.06710499999462627 0.0021040000137872994
0.06710499999462627 2.300000051036477e-05
0.06364999999641441 0.001908999984152615
0.06364999999641441 9.999785106629133e-07
0.06903800001600757 0.001930000027641654
0.06903800001600757 1.00000761449337e-06
0.07565899999463 0.002003000001423061
0.07565899999463 1.00000761449337e-06
0.06713899999158457 0.002062000014120713
0.06713899999158457 0.0
0.07593900000210851 0.002130000008037314
0.07593900000210851 0.0
0.07106399998883717 0.0018949999939650297
0.07106399998883717 0.0
0.07538399999612011 0.002031000010902062
0.07538399999612011 9.999785106629133e-07
0.07478699999046512 0.0019749999919440597
0.07478699999046512 9.999785106629133e-07
0.0755279999866616 0.0019320000137668103
0.0755279999866616 0.0
0.07282599998870865 0.002066999993985519
0.07282599998870865 1.00000761449337e-06
0.06609500001650304 0.0018760000239126384
0.06609500001650304 9.999785106629133e-07
0.04971799999475479 0.0016509999986737967
0.04971799999475479 9.999785106629133e-07
0.060819000005722046 0.0014720000035595149
0.060819000005722046 9.999785106629133e-07
0.06260400000610389 0.00164899998344481
0.06260400000610389 0.0
0.061153999995440245 0.0016349999932572246
0.061153999995440245 9.999785106629133e-07
0.0626639999973122 0.0016829999804031104
0.0626639999973122 0.0
0.06248700001742691 0.0015780000248923898
0.06248700001742691 0.0
0.06052500000805594 0.0016499999910593033
0.06052500000805594 1.00000761449337e-06
0.061209000006783754 0.0016590000013820827
0.061209000006783754 0.0
0.061821999988751486 0.0016429999959655106
0.061821999988751486 1.00000761449337e-06
0.060499000013805926 0.0016200000245589763
0.060499000013805926 1.00000761449337e-06
0.0691120000265073 0.0018070000223815441
0.0691120000265073 0.0
0.07709199999226257 0.002070000016828999
0.07709199999226257 0.0
0.07860200002323836 0.001636000000871718
0.07860200002323836 0.0
0.07967799998004921 0.001990999997360632
0.07967799998004921 9.999785106629133e-07
0.07986199998413213 0.0021809999889228493
0.07986199998413213 0.0
0.060517000005347654 0.001476000004913658
0.060517000005347654 0.0
0.062193999998271465 0.001500999991549179
0.062193999998271465 0.0
0.06205099998624064 0.0015359999961219728
0.06205099998624064 1.00000761449337e-06
0.08381000001099892 0.002370000001974404
0.08381000001099892 9.999785106629133e-07
0.08456200000364333 0.0025550000136718154
0.08456200000364333 1.00000761449337e-06
0.09576000002562068 0.005571999994572252
0.09576000002562068 1.00000761449337e-06
0.08994499998516403 0.0030240000050980598
0.08994499998516403 0.0
0.08756399998674169 0.001736000005621463
0.08756399998674169 0.0
0.08750900000450201 0.0021349999879021198
0.08750900000450201 0.0
0.08206300000892952 0.0024659999762661755
0.08206300000892952 0.0
0.08629199999268167 0.002302999986568466
0.08629199999268167 9.999785106629133e-07
0.07774599999538623 0.002115000010235235
0.07774599999538623 1.00000761449337e-06
0.07163500000024214 0.001963999995496124
0.07163500000024214 0.0
0.06884000002173707 0.001887999998871237
0.06884000002173707 1.00000761449337e-06
0.06590400001732633 0.0016490000125486404
0.06590400001732633 0.0
0.0663339999737218 0.0018090000085067004
0.0663339999737218 1.00000761449337e-06
0.06763499998487532 0.0017970000044442713
0.06763499998487532 1.00000761449337e-06
0.049931000015931204 0.001248000015038997
0.049931000015931204 0.0
0.05190799999400042 0.001391000027069822
0.05190799999400042 0.0
0.06921099999453872 0.0018229999986942858
0.06921099999453872 9.999785106629133e-07
0.06979199999477714 0.001879999996162951
0.06979199999477714 0.0
0.06857999999192543 0.0016389999946113676
0.06857999999192543 1.00000761449337e-06
0.06366600000183098 0.0018620000046212226
0.06366600000183098 0.0
0.06579900000360794 0.001914000022225082
0.06579900000360794 0.0
0.07021799997892231 0.0019099999917671084
0.07021799997892231 0.0
0.0701100000005681 0.0015330000023823231
0.0701100000005681 1.00000761449337e-06
0.06516900000860915 0.0018529999942984432
0.06516900000860915 1.00000761449337e-06
0.05236699999659322 0.0013109999999869615
0.05236699999659322 0.0
0.060350999992806464 0.0017799999914132059
0.060350999992806464 0.0
0.05959199997596443 0.001520999998319894
0.05959199997596443 0.0
0.06019600000581704 0.0015719999792054296
0.06019600000581704 0.0
0.062491999997291714 0.0015919999859761447
0.062491999997291714 1.00000761449337e-06
0.06527099999948405 0.001664000010350719
0.06527099999948405 0.0
0.07317499999771826 0.004265000025043264
0.07317499999771826 1.00000761449337e-06
0.07454200001666322 0.004355000011855736
0.07454200001666322 0.0
0.09380800000508316 0.0026289999950677156
0.09380800000508316 0.0
0.10318800000823103 0.005586999992374331
0.10318800000823103 0.0
0.1075989999808371 0.0032340000034309924
0.1075989999808371 0.0
0.1130729999858886 0.00668799999402836
0.1130729999858886 0.0
0.11070200000540353 0.0032610000052955
0.11070200000540353 0.0
0.09979599999496713 0.00274100000387989
0.09979599999496713 0.0
0.07564200001070276 0.001887999998871237
0.07564200001070276 1.00000761449337e-06
0.08053099998505786 0.0020289999956730753
0.08053099998505786 0.0
0.07983400000375696 0.0021850000193808228
0.07983400000375696 0.0
0.082152999995742 0.0020289999956730753
0.082152999995742 1.00000761449337e-06
0.08174299998790957 0.00208899998688139
0.08174299998790957 0.0
0.08254500001203269 0.0024320000084117055
0.08254500001203269 1.00000761449337e-06
0.077925999998115 0.0019540000066626817
0.077925999998115 0.0
0.07987300000968389 0.002064999978756532
0.07987300000968389 0.0
0.09053600000333972 0.0021129999950062484
0.09053600000333972 0.0
0.08252499997615814 0.002318999991985038
0.08252499997615814 0.0
0.08257999998750165 0.002394000010099262
0.08257999998750165 1.00000761449337e-06
0.06529900000896305 0.0021309999865479767
0.06529900000896305 0.0
0.06256600000779144 0.0015790000034030527
0.06256600000779144 1.00000761449337e-06
0.06350099999690428 0.0015779999957885593
0.06350099999690428 0.0
0.06359400000656024 0.0016740000282879919
0.06359400000656024 0.0
0.05987300002016127 0.001524999999674037
0.05987300002016127 1.00000761449337e-06
0.05838700002641417 0.0014589999918825924
0.05838700002641417 9.999785106629133e-07
0.05748799999128096 0.0015110000094864517
0.05748799999128096 0.0
0.05777399998623878 0.0014599999994970858
0.05777399998623878 0.0
0.05700000000069849 0.001488000008976087
0.05700000000069849 0.0
0.05839900000137277 0.0014709999959450215
0.05839900000137277 0.0
0.07603799999924377 0.0019429999811109155
0.07603799999924377 0.0
0.076764000026742 0.0021309999865479767
0.076764000026742 0.0
0.07640299998456612 0.0020880000083707273
0.07640299998456612 1.00000761449337e-06
0.07359299997915514 0.0019650000031106174
0.07359299997915514 0.0
0.07330699998419732 0.0021040000137872994
0.07330699998419732 0.0
0.0734799999918323 0.0018909999926108867
0.0734799999918323 0.0
0.07771800001501106 0.002135999995516613
0.07771800001501106 1.00000761449337e-06
0.07719700000598095 0.00213500001700595
0.07719700000598095 0.0
0.07483500000671484 0.0015509999939240515
0.07483500000671484 1.00000761449337e-06
0.07869499997468665 0.0021290000004228204
0.07869499997468665 0.0
0.07866700002341531 0.00205800001276657
0.07866700002341531 2.19999928958714e-05
0.07694500000798143 0.0015329999732784927
0.07694500000798143 0.0
0.07312700001057237 0.0020590000203810632
0.07312700001057237 0.0
0.07986099997651763 0.002107000007526949
0.07986099997651763 0.0
0.08679899998242036 0.0025350000069011003
0.08679899998242036 9.999785106629133e-07
0.09235099999932572 0.0025980000209528953
0.09235099999932572 1.00000761449337e-06
0.09332300000824034 0.0026360000192653388
0.09332300000824034 1.00000761449337e-06
0.09523099998477846 0.002593999990494922
0.09523099998477846 0.0
0.0894620000035502 0.002322999993339181
0.0894620000035502 0.0
0.09058899999945424 0.0023600000131409615
0.09058899999945424 0.0
0.0916340000112541 0.001812999980757013
0.0916340000112541 1.00000761449337e-06
0.07496299999183975 0.00249499999335967
0.07496299999183975 0.0
0.09683299998869188 0.0024360000097658485
0.09683299998869188 0.0
0.092984000017168 0.0023250000085681677
0.092984000017168 9.999785106629133e-07
0.09047699999064207 0.002734000008786097
0.09047699999064207 0.0
0.08404700001119636 0.0026200000138487667
0.08404700001119636 0.0
0.09334199997829273 0.002742999990005046
0.09334199997829273 9.999785106629133e-07
0.06779499998083338 0.001992000004975125
0.06779499998083338 0.0
0.0683980000030715 0.0019739999843295664
0.0683980000030715 0.0
0.06475800002226606 0.0016680000117048621
0.06475800002226606 0.0
0.06443399999989197 0.0016800000157672912
0.06443399999989197 0.0
0.07029100001091138 0.0018520000157877803
0.07029100001091138 1.00000761449337e-06
0.06747599999653175 0.0017389999993611127
0.06747599999653175 1.00000761449337e-06
0.06918300001416355 0.0018859999836422503
0.06918300001416355 0.0
0.06650700001046062 0.0016499999910593033
0.06650700001046062 1.00000761449337e-06
0.0688079999818001 0.0017269999952986836
0.0688079999818001 1.00000761449337e-06
0.07299399998737499 0.001988000003620982
0.07299399998737499 1.00000761449337e-06
0.07019699999364093 0.0017550000047776848
0.07019699999364093 0.0
0.0757939999748487 0.0021160000178497285
0.0757939999748487 0.0
0.07315599999856204 0.0018480000144336373
0.07315599999856204 0.0
0.0749200000136625 0.0019069999980274588
0.0749200000136625 0.0
0.08073799998965114 0.002615999983390793
0.08073799998965114 0.0
0.08120399998733774 0.0020690000092145056
0.08120399998733774 1.00000761449337e-06
0.09390700000221841 0.002662999992026016
0.09390700000221841 0.0
0.09533100001863204 0.0023520000104326755
0.09533100001863204 0.0
0.09440000000176951 0.0024219999904744327
0.09440000000176951 0.0
0.08800800002063625 0.002490000013494864
0.08800800002063625 1.00000761449337e-06
0.08496499998727813 0.002441999997245148
0.08496499998727813 0.0
0.08871900002122857 0.0024420000263489783
0.08871900002122857 0.0
0.0948789999820292 0.0024240000057034194
0.0948789999820292 0.0
0.08434299999498762 0.002370000001974404
0.08434299999498762 0.0
0.09353199999895878 0.0024799999955575913
0.09353199999895878 0.0
0.0952300000062678 0.0022480000043287873
0.0952300000062678 0.0
0.09585199999855831 0.0024440000124741346
0.09585199999855831 0.0
0.09346800000639632 0.0025650000025052577
0.09346800000639632 0.0
0.09579599997960031 0.002506000018911436
0.09579599997960031 0.0
0.09516500000609085 0.0024899999843910336
0.09516500000609085 0.0
0.09929400001419708 0.002535999985411763
0.09929400001419708 9.999785106629133e-07
0.09438399999635294 0.0023480000090785325
0.09438399999635294 1.00000761449337e-06
0.09428800002206117 0.0026230000075884163
0.09428800002206117 0.0
0.08225400000810623 0.0025590000150259584
0.08225400000810623 1.00000761449337e-06
0.07458399998722598 0.0019209999882150441
0.07458399998722598 1.00000761449337e-06
0.08656100000371225 0.002429000014672056
0.08656100000371225 9.999785106629133e-07
0.09206099997390993 0.002171000000089407
0.09206099997390993 0.0
0.08441899999161251 0.0023979999823495746
0.08441899999161251 0.0
0.0706449999997858 0.0018560000171419233
0.0706449999997858 0.0
0.07116400002269074 0.0019480000191833824
0.07116400002269074 0.0
0.05191199999535456 0.0012330000172369182
0.05191199999535456 0.0
0.05707599999732338 0.0017619999998714775
0.05707599999732338 0.0
0.05878000002121553 0.001740000006975606
0.05878000002121553 0.0
0.0600490000215359 0.0013109999999869615
0.0600490000215359 0.0
0.0578150000073947 0.0012579999747686088
0.0578150000073947 1.00000761449337e-06
0.05633599997963756 0.0016379999869968742
0.05633599997963756 1.00000761449337e-06
0.053669000015361235 0.001631999999517575
0.053669000015361235 9.999785106629133e-07
0.06094599998323247 0.0016509999986737967
0.06094599998323247 1.00000761449337e-06
0.06092799999169074 0.0016239999968092889
0.06092799999169074 0.0
0.06312700000125915 0.00181200000224635
0.06312700000125915 0.0
0.06408700000611134 0.0017460000235587358
0.06408700000611134 0.0
0.06440100001054816 0.0017980000120587647
0.06440100001054816 0.0
0.05461299998569302 0.0017219999863300472
0.05461299998569302 0.0
0.0641170000017155 0.0017140000127255917
0.0641170000017155 0.0
0.06390000000828877 0.0017490000172983855
0.06390000000828877 1.00000761449337e-06
0.06541899999137968 0.0017010000010486692
0.06541899999137968 1.00000761449337e-06
0.06170900000142865 0.001824999984819442
0.06170900000142865 0.0
0.06396800000220537 0.0018629999831318855
0.06396800000220537 1.00000761449337e-06
0.06844400000409223 0.001883999997517094
0.06844400000409223 0.0
0.059259000001475215 0.0019420000026002526
0.059259000001475215 1.00000761449337e-06
0.06110900000203401 0.0018819999822881073
0.06110900000203401 9.999785106629133e-07
0.0673160000005737 0.0017609999922569841
0.0673160000005737 1.00000761449337e-06
0.0667820000089705 0.0017929999739862978
0.0667820000089705 1.00000761449337e-06
0.0667879999964498 0.0017890000017359853
0.0667879999964498 0.0
0.05549299999256618 0.0014109999756328762
0.05549299999256618 0.0
0.054641000024275854 0.001428999996278435
0.054641000024275854 1.00000761449337e-06
0.06975300001795404 0.0018310000014025718
0.06975300001795404 0.0
0.08760699999402277 0.0049109999963548034
0.08760699999402277 0.0
0.09122400000342168 0.011044999992009252
0.09122400000342168 0.0
0.0966469999984838 0.005550000001676381
0.0966469999984838 1.00000761449337e-06
0.09461800000281073 0.0033030000049620867
0.09461800000281073 0.0
0.09642700001131743 0.0026550000184215605
0.09642700001131743 1.00000761449337e-06
0.09952899999916553 0.01720000000204891
0.09952899999916553 1.00000761449337e-06
0.09784199998830445 0.002992000023368746
0.09784199998830445 0.0
0.10329199998523109 0.005814999982248992
0.10329199998523109 0.0
0.1026700000220444 0.003179000021191314
0.1026700000220444 0.0
0.09978200000477955 0.00274100000387989
0.09978200000477955 9.999785106629133e-07
0.09903000001213513 0.0027049999916926026
0.09903000001213513 1.00000761449337e-06
0.09322900002007373 0.002478999987943098
0.09322900002007373 1.00000761449337e-06
0.09135500001139008 0.0025659999810159206
0.09135500001139008 0.0
0.08674900000914931 0.0023159999982453883
0.08674900000914931 0.0
0.08077099997899495 0.002087000000756234
0.08077099997899495 0.0
0.0656709999893792 0.0016590000013820827
0.0656709999893792 1.00000761449337e-06
0.06072500001755543 0.0015879999846220016
0.06072500001755543 0.0
0.058133000013185665 0.0014589999918825924
0.058133000013185665 1.00000761449337e-06
0.05507999999099411 0.0014359999913722277
0.05507999999099411 1.00000761449337e-06
0.05413900001440197 0.0014649999793618917
0.05413900001440197 1.00000761449337e-06
0.05470500001683831 0.0014739999896846712
0.05470500001683831 0.0
0.05647300000418909 0.001707999996142462
0.05647300000418909 0.0
0.06111300000338815 0.0014730000111740083
0.06111300000338815 1.00000761449337e-06
0.057735999987926334 0.0015349999885074794
0.057735999987926334 0.0
0.05769400001736358 0.001508000015746802
0.05769400001736358 0.0
0.057835000014165416 0.0015190000121947378
0.057835000014165416 1.00000761449337e-06
0.07057199999690056 0.0022360000002663583
0.07057199999690056 1.00000761449337e-06
0.07652999999118038 0.002183999982662499
0.07652999999118038 9.999785106629133e-07
0.07853899998008274 0.0021490000071935356
0.07853899998008274 0.0
0.05574100001831539 0.0014310000115074217
0.05574100001831539 0.0
0.0727490000135731 0.0019629999878816307
0.0727490000135731 1.00000761449337e-06
0.07129200000781566 0.001984999980777502
0.07129200000781566 1.5999976312741637e-05
0.06446199998026714 0.0014549999905284494
0.06446199998026714 1.00000761449337e-06
0.05600499999127351 0.0016189999878406525
0.05600499999127351 1.00000761449337e-06
0.05582400001003407 0.0014009999867994338
0.05582400001003407 0.0
0.054967000003671274 0.0014030000020284206
0.054967000003671274 0.0
0.05516600000555627 0.0014390000142157078
0.05516600000555627 1.00000761449337e-06
0.05517799998051487 0.001492999988840893
0.05517799998051487 1.00000761449337e-06
0.05519399998593144 0.0015230000135488808
0.05519399998593144 9.999785106629133e-07
0.05855899999733083 0.0016130000003613532
0.05855899999733083 0.0
0.05799699999624863 0.0018170000112149864
0.05799699999624863 1.00000761449337e-06
0.056752000004053116 0.0014869999722577631
0.056752000004053116 1.00000761449337e-06
0.05908599999384023 0.0017170000064652413
0.05908599999384023 0.0
0.06040499999653548 0.0016539999924134463
0.06040499999653548 0.0
0.05851999999140389 0.0016100000066217035
0.05851999999140389 1.00000761449337e-06
0.05643599998438731 0.0014780000201426446
0.05643599998438731 1.00000761449337e-06
0.057665000000270084 0.0014870000013615936
0.057665000000270084 0.0
0.05758100000093691 0.001517999975476414
0.05758100000093691 1.00000761449337e-06
0.052641999995103106 0.0013840000028721988
0.052641999995103106 1.00000761449337e-06
0.052389000018592924 0.0013380000018514693
0.052389000018592924 0.0
0.05302099999971688 0.0013829999952577055
0.05302099999971688 1.00000761449337e-06
0.05011499999091029 0.0013310000067576766
0.05011499999091029 0.0
0.04788500000722706 0.001225999993039295
0.04788500000722706 0.0
0.04865399998379871 0.001285000005736947
0.04865399998379871 0.0
0.047989999991841614 0.001248000015038997
0.047989999991841614 1.00000761449337e-06
0.04702599998563528 0.0012439999845810235
0.04702599998563528 1.00000761449337e-06
0.06327700000838377 0.002082999999402091
0.06327700000838377 0.0
0.06745899998350069 0.0019690000044647604
0.06745899998350069 1.00000761449337e-06
0.06577500002458692 0.0018970000091940165
0.06577500002458692 0.0
0.057009999989531934 0.0015879999846220016
0.057009999989531934 0.0
0.049897999997483566 0.0013620000099763274
0.049897999997483566 0.0
0.05051100000855513 0.0013469999830704182
0.05051100000855513 0.0
0.06753400000161491 0.0018019999843090773
0.06753400000161491 1.00000761449337e-06
0.0644519999914337 0.0021129999950062484
0.0644519999914337 0.0
0.0670770000142511 0.0019449999963399023
0.0670770000142511 1.00000761449337e-06
0.06627899999148212 0.0015060000005178154
0.06627899999148212 9.999785106629133e-07
0.06760199999553151 0.0019060000195167959
0.06760199999553151 0.0
0.0642189999925904 0.0013620000099763274
0.0642189999925904 9.999785106629133e-07
0.06908699998166412 0.0018109999946318567
0.06908699998166412 0.0
0.06709500000579283 0.0018229999986942858
0.06709500000579283 1.00000761449337e-06
0.06757299997843802 0.0018480000144336373
0.06757299997843802 1.00000761449337e-06
0.05021600000327453 0.0012909999932162464
0.05021600000327453 0.0
0.05027700000209734 0.0013519999920390546
0.05027700000209734 1.00000761449337e-06
0.04796100000385195 0.0012550000101327896
0.04796100000385195 1.00000761449337e-06
0.04827200001454912 0.0012529999949038029
0.04827200001454912 1.00000761449337e-06
0.05440399999497458 0.0015589999966323376
0.05440399999497458 0.0
0.05003800001577474 0.0013419999741017818
0.05003800001577474 1.00000761449337e-06
0.053561999986413866 0.0014999999839346856
0.053561999986413866 1.00000761449337e-06
0.052078999986406416 0.0020099999965168536
0.052078999986406416 0.0
0.06261900000390597 0.0015149999817367643
0.06261900000390597 0.0
0.05361499998252839 0.0013979999930597842
0.05361499998252839 1.00000761449337e-06
0.053948999993735924 0.0014049999881535769
0.053948999993735924 0.0
0.05108099998324178 0.001348999998299405
0.05108099998324178 9.999785106629133e-07
0.051051000016741455 0.001344000018434599
0.051051000016741455 9.999785106629133e-07
0.05113600002368912 0.0013629999884869903
0.05113600002368912 0.0
0.050753000017721206 0.0013660000113304704
0.050753000017721206 0.0
0.049891000002389774 0.0013160000089555979
0.049891000002389774 0.0
0.05024700000649318 0.001285000005736947
0.05024700000649318 0.0
0.0601580000075046 0.001720000000204891
0.0601580000075046 0.0
0.06325700000161305 0.0017519999819342047
0.06325700000161305 0.0
0.06505799997830763 0.0017940000107046217
0.06505799997830763 1.00000761449337e-06
0.048427000001538545 0.0013090000138618052
0.048427000001538545 1.00000761449337e-06
0.060016000003088266 0.0013470000121742487
0.060016000003088266 1.00000761449337e-06
0.07004800002323464 0.0020099999965168536
0.07004800002323464 1.00000761449337e-06
0.0679050000035204 0.0017940000107046217
0.0679050000035204 9.999785106629133e-07
0.06480999998166226 0.0018449999915901572
0.06480999998166226 0.0
0.06887899999856018 0.001943999988725409
0.06887899999856018 1.00000761449337e-06
0.06627199999638833 0.0018620000046212226
0.06627199999638833 1.00000761449337e-06
0.06638100001146086 0.0020120000117458403
0.06638100001146086 0.0
0.06937200002721511 0.0017570000200066715
0.06937200002721511 1.00000761449337e-06
0.06535199997597374 0.001336999994236976
0.06535199997597374 1.00000761449337e-06
0.05072900000959635 0.0013639999961014837
0.05072900000959635 0.0
0.049958999996306375 0.0012749999877996743
0.049958999996306375 1.00000761449337e-06
0.051451000006636605 0.0014290000253822654
0.051451000006636605 0.0
0.050411000003805384 0.0013869999966118485
0.050411000003805384 0.0
0.04985599999781698 0.0013139999937266111
0.04985599999781698 0.0
0.06436300001223572 0.0018130000098608434
0.06436300001223572 1.9999861251562834e-06
0.06824399999459274 0.0018469999777153134
0.06824399999459274 0.0
0.05325799999991432 0.0013760000001639128
0.05325799999991432 1.00000761449337e-06
0.05348100000992417 0.0013889999827370048
0.05348100000992417 0.0
0.06910600000992417 0.0019399999873712659
0.06910600000992417 1.00000761449337e-06
0.06666700000641868 0.0018229999986942858
0.06666700000641868 0.0
0.06630599999334663 0.0018180000188294798
0.06630599999334663 0.0
0.05554500001017004 0.0013639999961014837
0.05554500001017004 0.0
0.06172999998671003 0.0019179999944753945
0.06172999998671003 0.0
0.05283999998937361 0.001580999989528209
0.05283999998937361 9.999785106629133e-07
0.06712100000004284 0.001816000003600493
0.06712100000004284 1.00000761449337e-06
0.048412000003736466 0.0013000000035390258
0.048412000003736466 1.00000761449337e-06
0.048092000011820346 0.0012430000060703605
0.048092000011820346 0.0
0.04745099999126978 0.0012290000158827752
0.04745099999126978 0.0
0.04781899999943562 0.0013319999852683395
0.04781899999943562 9.999785106629133e-07
0.04818299997714348 0.001260000019101426
0.04818299997714348 0.0
0.047289000009186566 0.0013109999999869615
0.047289000009186566 0.0
0.047125999990385026 0.0013179999950807542
0.047125999990385026 0.0
0.0479300000006333 0.001273999980185181
0.0479300000006333 0.0
0.04705600001034327 0.001336000015726313
0.04705600001034327 0.0
0.0510950000025332 0.0013540000072680414
0.0510950000025332 1.00000761449337e-06
0.05265200001304038 0.001381999987643212
0.05265200001304038 0.0
0.052835999988019466 0.00136900000507012
0.052835999988019466 9.999785106629133e-07
0.06887899999856018 0.0017669999797362834
0.06887899999856018 0.0
0.06461200001649559 0.0017349999980069697
0.06461200001649559 0.0
0.07146099998499267 0.002222999988589436
0.07146099998499267 0.0
0.07803799997782335 0.0017269999952986836
0.07803799997782335 0.0
0.07423100000596605 0.0020819999917875975
0.07423100000596605 0.0
0.07824299999629147 0.002143999998224899
0.07824299999629147 0.0
0.057732999994186684 0.0015490000077988952
0.057732999994186684 0.0
0.05756799998925999 0.0014889999874867499
0.05756799998925999 0.0
0.05835999999544583 0.0015300000086426735
0.05835999999544583 0.0
0.055557999992743134 0.0014530000044032931
0.055557999992743134 0.0
0.05808899999829009 0.0015739999944344163
0.05808899999829009 0.0
0.05818599998019636 0.0014990000054240227
0.05818599998019636 0.0
0.057902000000467524 0.002027999988058582
0.057902000000467524 9.999785106629133e-07
0.05786299999454059 0.0016919999907258898
0.05786299999454059 0.0
0.05716799999936484 0.001720000000204891
0.05716799999936484 0.0
0.058407000004081056 0.002359999984037131
0.058407000004081056 0.0
0.06061099999351427 0.00165200000628829
0.06061099999351427 1.00000761449337e-06
0.05991199999698438 0.0019460000039543957
0.05991199999698438 0.0
0.06251300001167692 0.0019299999985378236
0.06251300001167692 0.0
0.06192999999620952 0.001851000008173287
0.06192999999620952 0.0
0.06326799999806099 0.0018130000098608434
0.06326799999806099 0.0
0.06337099999655038 0.002302000008057803
0.06337099999655038 1.00000761449337e-06
0.06505299999844283 0.0018060000147670507
0.06505299999844283 1.00000761449337e-06
0.06760100001702085 0.00189200000022538
0.06760100001702085 0.0
0.06791999997221865 0.002521000016713515
0.06791999997221865 0.0
0.06521299999440089 0.0018519999866839498
0.06521299999440089 1.00000761449337e-06
0.06338499998673797 0.0020409999997355044
0.06338499998673797 0.0
0.06333699999959208 0.0018409999902360141
0.06333699999959208 0.0
0.06288899999344721 0.0016149999864865094
0.06288899999344721 1.00000761449337e-06
0.060490000003483146 0.001955999992787838
0.060490000003483146 0.0
0.058637999987695366 0.0018649999983608723
0.058637999987695366 9.999785106629133e-07
0.05735899999854155 0.0014580000133719295
0.05735899999854155 0.0
0.05696200000238605 0.0018730000010691583
0.05696200000238605 0.0
0.057364000007510185 0.0017359999765176326
0.057364000007510185 0.0
0.058292999980039895 0.0018029999919235706
0.058292999980039895 9.999785106629133e-07
0.05897399998502806 0.001588000013725832
0.05897399998502806 0.0
0.05842699998174794 0.0018020000134129077
0.05842699998174794 1.00000761449337e-06
0.059003999980632216 0.0014559999981429428
0.059003999980632216 1.00000761449337e-06
0.05736800000886433 0.0014990000054240227
0.05736800000886433 1.00000761449337e-06
0.05862300001899712 0.0015090000233612955
0.05862300001899712 0.0
0.057849000004353 0.0015070000081323087
0.057849000004353 0.0
0.0582120000035502 0.0018430000054650009
0.0582120000035502 0.0
0.05756300000939518 0.0015079999866429716
0.05756300000939518 1.00000761449337e-06
0.06008199998177588 0.0016039999900385737
0.06008199998177588 1.00000761449337e-06
0.05739299999549985 0.0014490000030491501
0.05739299999549985 1.00000761449337e-06
0.05703900000662543 0.0016109999851323664
0.05703900000662543 0.0
0.0544860000081826 0.0014420000079553574
0.0544860000081826 0.0
0.054418000014266 0.0014350000128615648
0.054418000014266 1.00000761449337e-06
0.05461200000718236 0.0014430000155698508
0.05461200000718236 1.00000761449337e-06
0.05355000001145527 0.0013770000077784061
0.05355000001145527 0.0
0.0527789999905508 0.0013660000113304704
0.0527789999905508 1.00000761449337e-06
0.05060400001821108 0.0014599999994970858
0.05060400001821108 1.00000761449337e-06
0.05484799999976531 0.0014319999900180846
0.05484799999976531 9.999785106629133e-07
0.04969600000185892 0.0013139999937266111
0.04969600000185892 1.00000761449337e-06
0.04985199999646284 0.001369999983580783
0.04985199999646284 0.0
0.04993899998953566 0.001336999994236976
0.04993899998953566 0.0
0.05046300002140924 0.0014599999994970858
0.05046300002140924 9.999785106629133e-07
0.050103999994462356 0.001445000001695007
0.050103999994462356 0.0
0.050897000008262694 0.0013270000054035336
0.050897000008262694 1.00000761449337e-06
0.050599000009242445 0.001652999984798953
0.050599000009242445 0.0
0.050450999988242984 0.001320000010309741
0.050450999988242984 0.0
0.050919000001158565 0.0013119999784976244
0.050919000001158565 9.999785106629133e-07
0.050927999982377514 0.0012989999959245324
0.050927999982377514 0.0
0.05035500001395121 0.001348999998299405
0.05035500001395121 1.00000761449337e-06
0.050635999999940395 0.001348999998299405
0.050635999999940395 0.0
0.05009199999039993 0.0013190000026952475
0.05009199999039993 9.999785106629133e-07
0.05007500000647269 0.0012780000106431544
0.05007500000647269 1.00000761449337e-06
0.05099499999778345 0.0013080000062473118
0.05099499999778345 1.00000761449337e-06
0.05216599997947924 0.001336000015726313
0.05216599997947924 0.0
0.053226000018185005 0.0015079999866429716
0.053226000018185005 0.0
0.052759000012883916 0.0014260000025387853
0.052759000012883916 1.00000761449337e-06
0.05253299998003058 0.0014030000020284206
0.05253299998003058 0.0
0.05308099999092519 0.0013800000015180558
0.05308099999092519 0.0
0.053565000009257346 0.0014120000123512
0.053565000009257346 0.0
0.05291800000122748 0.0013429999817162752
0.05291800000122748 1.00000761449337e-06
0.05243499999050982 0.0013299999991431832
0.05243499999050982 1.00000761449337e-06
0.053278999985195696 0.001365000003715977
0.053278999985195696 0.0
0.052564999990863726 0.0013540000072680414
0.052564999990863726 0.0
0.04998899999191053 0.0012519999872893095
0.04998899999191053 1.00000761449337e-06
0.04963999998290092 0.0012789999891538173
0.04963999998290092 0.0
0.05014300000038929 0.0013479999906849116
0.05014300000038929 0.0
0.05036399999517016 0.0013139999937266111
0.05036399999517016 0.0
0.04969800001708791 0.0013060000201221555
0.04969800001708791 0.0
0.04771899999468587 0.0014720000035595149
0.04771899999468587 0.0
0.04745700000785291 0.0012629999837372452
0.04745700000785291 0.0
0.047079999989364296 0.0012310000020079315
0.047079999989364296 9.999785106629133e-07
0.047040000004926696 0.0012830000196117908
0.047040000004926696 0.0
0.04750899999635294 0.0012660000065807253
0.04750899999635294 0.0
0.05080600001383573 0.001416000013705343
0.05080600001383573 0.0
0.050002000003587455 0.00128599998424761
0.050002000003587455 1.00000761449337e-06
0.04973599998629652 0.001281999982893467
0.04973599998629652 1.00000761449337e-06
0.06364199999370612 0.0018010000057984143
0.06364199999370612 0.0
0.06210700000519864 0.0017940000107046217
0.06210700000519864 0.0
0.0678419999894686 0.0017679999873507768
0.0678419999894686 1.00000761449337e-06
0.06557500001508743 0.0018519999866839498
0.06557500001508743 9.999785106629133e-07
0.06784499998320825 0.0018569999956525862
0.06784499998320825 0.0
0.0682610000076238 0.001824999984819442
0.0682610000076238 1.00000761449337e-06
0.0665150000131689 0.001834000024246052
0.0665150000131689 1.00000761449337e-06
0.06682599999476224 0.0013770000077784061
0.06682599999476224 0.0
0.06606000001193024 0.0017530000186525285
0.06606000001193024 0.0
0.06341100001009181 0.0014429999864660203
0.06341100001009181 9.999785106629133e-07
0.04852900002151728 0.001244000013684854
0.04852900002151728 9.999785106629133e-07
0.04827500000828877 0.0012699999788310379
0.04827500000828877 1.00000761449337e-06
0.04816400000709109 0.001320000010309741
0.04816400000709109 0.0
0.04808000000775792 0.0013380000018514693
0.04808000000775792 0.0
0.04816700000083074 0.001269000000320375
0.04816700000083074 9.999785106629133e-07
0.04853600001661107 0.0012200000055599958
0.04853600001661107 0.0
0.04932300001382828 0.0013719999988097697
0.04932300001382828 1.00000761449337e-06
0.05070200000773184 0.0012929999793414026
0.05070200000773184 0.0
0.05103099998086691 0.001484000007621944
0.05103099998086691 0.0
0.050844999990658835 0.0014559999981429428
0.050844999990658835 1.00000761449337e-06
0.05062600001110695 0.0014439999940805137
0.05062600001110695 0.0
0.05243799998424947 0.00197199999820441
0.05243799998424947 0.0
0.05242799999541603 0.0013589999871328473
0.05242799999541603 0.0
0.05052099999738857 0.0014519999967887998
0.05052099999738857 1.00000761449337e-06
0.052368000004207715 0.0014050000172574073
0.052368000004207715 0.0
0.052530999993905425 0.0014680000022053719
0.052530999993905425 1.00000761449337e-06
0.050558999995701015 0.0013969999854452908
0.050558999995701015 9.999785106629133e-07
0.05047399998875335 0.001352999999653548
0.05047399998875335 0.0
0.05348599998978898 0.0015239999920595437
0.05348599998978898 0.0
0.05438399998820387 0.0015260000072885305
0.05438399998820387 0.0
0.05652199999894947 0.0017299999890383333
0.05652199999894947 0.0
0.05520000000251457 0.0015159999893512577
0.05520000000251457 9.999785106629133e-07
0.061920000007376075 0.0018400000117253512
0.061920000007376075 9.999785106629133e-07
0.06303700001444668 0.0018270000000484288
0.06303700001444668 0.0
0.06311899999855086 0.0017060000100173056
0.06311899999855086 0.0
0.06650300000910647 0.0019339999998919666
0.06650300000910647 1.00000761449337e-06
0.06736699998145923 0.0024810000031720847
0.06736699998145923 0.0
0.06551600000238977 0.001799999998183921
0.06551600000238977 0.0
0.06410899999900721 0.0017820000066421926
0.06410899999900721 0.0
0.06262099999003112 0.0016720000130590051
0.06262099999003112 1.00000761449337e-06
0.06262199999764562 0.0016630000027362257
0.06262199999764562 0.0
0.06016500000259839 0.0016590000013820827
0.06016500000259839 1.00000761449337e-06
0.05936499999370426 0.0015750000020489097
0.05936499999370426 0.0
0.057861999986926094 0.0019000000029336661
0.057861999986926094 0.0
0.05868600000394508 0.0016879999893717468
0.05868600000394508 0.0
0.057372999988729134 0.0016210000030696392
0.057372999988729134 0.0
INFO:sc2.protocol:Client status changed to Status.ended (was Status.in_game)
INFO:root:Result for player 1 - Bot(Race.Terran, <bots.Showing_bot.speedBot.MarinBot object at 0x7f2d63658f60>): Defeat
INFO:sc2.protocol:Client status changed to Status.ended (was Status.in_game)
INFO:root:Result for player 2 - Bot(Race.Terran, <bots.poscat.poscat_bot.POSCATBot object at 0x7f2d545fff28>): Victory
INFO:sc2.client:Saved replay to outs/2020-01-17T11-28-03/replays/showing_bot-poscat/showing_bot-poscat-1.SC2Replay
INFO:sc2.protocol:Client status changed to Status.launched (was Status.ended)
INFO:sc2.protocol:Client status changed to Status.quit (was Status.launched)
INFO:sc2.sc2process:kill_switch: Process cleanup
INFO:sc2.sc2process:Cleaning up...
INFO:sc2.sc2process:Cleanup complete
INFO:sc2.sc2process:Cleaning up...
INFO:sc2.sc2process:Cleanup complete
INFO:sc2.protocol:Cannot receive: Connection already closed.
INFO:sc2.sc2process:kill_switch: Process cleanup
INFO:sc2.sc2process:Cleaning up...
INFO:sc2.sc2process:Cleanup complete
INFO:sc2.sc2process:Cleaning up...
INFO:sc2.sc2process:Cleanup complete


## STDERR ##

Version: B75689 (SC2.4.10)
Build: Aug 12 2019 17:16:57
Command Line: '"/home/hspark8312/StarCraftII/Versions/Base75689/SC2_x64" -listen 127.0.0.1 -port 21643 -displayMode 0 -dataDir /home/hspark8312/StarCraftII -tempDir /tmp/SC2_f__l9257'
Starting up...
Startup Phase 1 complete
Version: B75689 (SC2.4.10)
Build: Aug 12 2019 17:16:57
Command Line: '"/home/hspark8312/StarCraftII/Versions/Base75689/SC2_x64" -listen 127.0.0.1 -port 16976 -displayMode 0 -dataDir /home/hspark8312/StarCraftII -tempDir /tmp/SC2_01dowsfr'
Starting up...
Startup Phase 1 complete
Startup Phase 2 complete
Creating stub renderer...
Listening on: 127.0.0.1:21643
Startup Phase 3 complete. Ready for commands.
Startup Phase 2 complete
Creating stub renderer...
ConnectHandler: Request from 127.0.0.1:55181 accepted
ReadyHandler: 127.0.0.1:55181 ready
Requesting to join a multiplayer game
Configuring interface options
Configure: raw interface enabled
Configure: feature layer interface enabled
Configure: score interface enabled
Configure: render interface disabled
Listening on: 127.0.0.1:16976
Startup Phase 3 complete. Ready for commands.
ConnectHandler: Request from 127.0.0.1:55182 accepted
ReadyHandler: 127.0.0.1:55182 ready
Requesting to join a multiplayer game
Configuring interface options
Configure: raw interface enabled
Configure: feature layer interface enabled
Configure: score interface enabled
Configure: render interface disabled
Create game with map path: NCFellowship-2019_m1_v6.SC2Map
Attempting to join a game with the map: NCFellowship-2019_m1_v6.SC2Map
Game has started.
Using default stable ids, none found at: /home/hspark8312/StarCraftII/stableid.json
Successfully loaded stable ids: GameData\stableid.json
Sending ResponseJoinGame
Game has started.
Using default stable ids, none found at: /home/hspark8312/StarCraftII/stableid.json
Successfully loaded stable ids: GameData\stableid.json
Sending ResponseJoinGame
RequestQuit command received.
Closing Application...
/home/hspark8312/anaconda3/envs/sc2/lib/python3.6/importlib/_bootstrap.py:219: RuntimeWarning: numpy.ufunc size changed, may indicate binary incompatibility. Expected 192 from C header, got 216 from PyObject
  return f(*args, **kwds)
/home/hspark8312/anaconda3/envs/sc2/lib/python3.6/importlib/_bootstrap.py:219: RuntimeWarning: numpy.ufunc size changed, may indicate binary incompatibility. Expected 192 from C header, got 216 from PyObject
  return f(*args, **kwds)
/home/hspark8312/anaconda3/envs/sc2/lib/python3.6/site-packages/tensorboard/compat/tensorflow_stub/dtypes.py:541: FutureWarning: Passing (type, 1) or '1type' as a synonym of type is deprecated; in a future version of numpy, it will be understood as (type, (1,)) / '(1,)type'.
  _np_qint8 = np.dtype([("qint8", np.int8, 1)])
/home/hspark8312/anaconda3/envs/sc2/lib/python3.6/site-packages/past/builtins/misc.py:45: DeprecationWarning: the imp module is deprecated in favour of importlib; see the module's documentation for alternative uses
  from imp import reload
/mnt/d/sc2minigame-eval-2020-01-09/bots/Showing_bot/speedBot.py:1643: RuntimeWarning: coroutine 'TerreinManager.debug' was never awaited
  self.terrein_manager.debug()
