## STDOUT ##

[[92mINFO[0m] SC2 4.9.0 용 패치 적용
패치 sc2.ids.ability_id
패치 sc2.game_state
패치 sc2.bot_ai
패치 sc2.client
패치 sc2.controller
패치 sc2.main
INFO:root:Failed to import cuda module: No module named 'caffe2.python.caffe2_pybind11_state_gpu'
INFO:root:Failed to import AMD hip module: No module named 'caffe2.python.caffe2_pybind11_state_hip'
WARNING:root:This caffe2 python run does not have GPU support. Will run in CPU only mode.
cpu
INFO:sc2.protocol:Client status changed to Status.launched (was None)
INFO:sc2.protocol:Client status changed to Status.launched (was None)
INFO:sc2_patch.sc2_patch_490.controller:Creating new game
INFO:sc2_patch.sc2_patch_490.controller:Map:     NCFellowship-2019_m1_v6
INFO:sc2_patch.sc2_patch_490.controller:Players: Bot(Race.Terran, <bots.Showing_bot.speedBot.MarinBot object at 0x7f93ac0a8eb8>), Bot(Race.Terran, <bots.poscat.poscat_bot.POSCATBot object at 0x7f939d050eb8>)
INFO:sc2.protocol:Client status changed to Status.init_game (was Status.launched)
INFO:sc2.protocol:Client status changed to Status.in_game (was None)
INFO:root:Player 2 - Bot(Race.Terran, <bots.poscat.poscat_bot.POSCATBot object at 0x7f939d050eb8>)
TEST: 2, <bots.poscat.poscat_bot.POSCATBot object at 0x7f939d050eb8>
INFO:sc2.protocol:Client status changed to Status.in_game (was None)
INFO:root:Player 1 - Bot(Race.Terran, <bots.Showing_bot.speedBot.MarinBot object at 0x7f93ac0a8eb8>)
TEST: 1, <bots.Showing_bot.speedBot.MarinBot object at 0x7f93ac0a8eb8>
load model: bots/Showing_bot/models/model-89.pt
create new model
0.04469899999094196 0.0027310000150464475
0.04469899999094196 0.0
0.04425800000899471 0.002015999983996153
0.04425800000899471 0.0
0.04489700001431629 0.0011819999781437218
0.04489700001431629 1.00000761449337e-06
0.04423600001609884 0.00117200001841411
0.04423600001609884 0.0
0.04404400000930764 0.0013049999834038317
0.04404400000930764 0.0
0.044354000012390316 0.0013040000048931688
0.044354000012390316 1.00000761449337e-06
0.044757000025128946 0.0010889999975915998
0.044757000025128946 0.0
0.044231000007130206 0.0011539999977685511
0.044231000007130206 0.0
0.044488999992609024 0.0010720000136643648
0.044488999992609024 0.0
0.04421299998648465 0.0010849999962374568
0.04421299998648465 0.0
0.04411899999831803 0.0010799999872688204
0.04411899999831803 0.0
0.04423500000848435 0.0010860000038519502
0.04423500000848435 0.0
0.04409499999019317 0.0011039999953936785
0.04409499999019317 9.999785106629133e-07
0.04435599999851547 0.0011100000119768083
0.04435599999851547 0.0
0.04430999999749474 0.001105000003008172
0.04430999999749474 0.0
0.04429700001492165 0.0010899999761022627
0.04429700001492165 0.0
0.04406299997936003 0.0012980000174138695
0.04406299997936003 0.0
0.04400400002487004 0.0010750000074040145
0.04400400002487004 0.0
0.04456800001207739 0.0010910000128205866
0.04456800001207739 0.0
0.04405399999814108 0.00109200002043508
0.04405399999814108 0.0
0.046670000010635704 0.0013190000026952475
0.046670000010635704 0.0
0.04670000000623986 0.0012270000006537884
0.04670000000623986 0.0
0.04644100001314655 0.0011310000263620168
0.04644100001314655 0.0
0.04706300000543706 0.0012329999881330878
0.04706300000543706 1.00000761449337e-06
0.046922999987145886 0.001269000000320375
0.046922999987145886 9.999785106629133e-07
0.04741999998805113 0.0012500000011641532
0.04741999998805113 0.0
0.04656499999691732 0.0012160000042058527
0.04656499999691732 1.00000761449337e-06
0.04734799999278039 0.0013039999757893384
0.04734799999278039 0.0
0.04629399999976158 0.0011480000102892518
0.04629399999976158 1.00000761449337e-06
0.046489000000292435 0.0012549999810289592
0.046489000000292435 0.0
0.04652499998337589 0.0013050000125076622
0.04652499998337589 9.999785106629133e-07
0.047011999995447695 0.0012239999778103083
0.047011999995447695 1.00000761449337e-06
0.04746600001817569 0.0013050000125076622
0.04746600001817569 0.0
0.04656099999556318 0.0012399999832268804
0.04656099999556318 1.00000761449337e-06
0.046683000022312626 0.0012190000270493329
0.046683000022312626 0.0
0.048867000004975125 0.0028070000116713345
0.048867000004975125 0.0
0.04947700002230704 0.0013389999803621322
0.04947700002230704 0.0
0.04966499999864027 0.0012580000038724393
0.04966499999864027 0.0
0.04921600001398474 0.0012500000011641532
0.04921600001398474 0.0
0.04892400000244379 0.0012369999894872308
0.04892400000244379 1.00000761449337e-06
changed strategy
0.05373499999404885 0.0012860000133514404
0.05373499999404885 0.0
0.06988300001830794 0.0017550000047776848
0.06988300001830794 0.0
0.07003000000258908 0.0017470000020693988
0.07003000000258908 1.00000761449337e-06
0.07056999998167157 0.0018540000019129366
0.07056999998167157 0.0
0.07267799999681301 0.001999000000068918
0.07267799999681301 9.999785106629133e-07
0.07388699997682124 0.0018010000057984143
0.07388699997682124 0.0
0.07405300001846626 0.0020209999929647893
0.07405300001846626 0.0
0.07335799999418668 0.0018649999983608723
0.07335799999418668 1.00000761449337e-06
0.07320600000093691 0.0018299999937880784
0.07320600000093691 0.0
0.07424600000376813 0.0017180000140797347
0.07424600000376813 1.00000761449337e-06
0.07639299999573268 0.004382000013720244
0.07639299999573268 0.0
0.08061599999200553 0.004669000016292557
0.08061599999200553 0.0
0.08331200000247918 0.004761999996844679
0.08331200000247918 0.0
0.0852149999991525 0.002435999980662018
0.0852149999991525 1.00000761449337e-06
0.08341500000096858 0.0020539999823085964
0.08341500000096858 0.0
0.0797700000111945 0.0015659999917261302
0.0797700000111945 1.00000761449337e-06
0.08418500001425855 0.002115000010235235
0.08418500001425855 9.999785106629133e-07
0.07097000000067055 0.0016459999897051603
0.07097000000067055 9.999785106629133e-07
0.08029799998621456 0.002080999984173104
0.08029799998621456 1.00000761449337e-06
0.08001900001545437 0.001992000004975125
0.08001900001545437 1.00000761449337e-06
0.07980499998666346 0.0020570000051520765
0.07980499998666346 1.00000761449337e-06
0.05657799998880364 0.0013939999917056412
0.05657799998880364 1.00000761449337e-06
0.05666699999710545 0.001428999996278435
0.05666699999710545 0.0
0.06341299999621697 0.001476000004913658
0.06341299999621697 9.999785106629133e-07
0.05767600002582185 0.0015920000150799751
0.05767600002582185 0.0
0.0763839999854099 0.002023000008193776
0.0763839999854099 9.999785106629133e-07
0.07914399998844601 0.0020220000005792826
0.07914399998844601 9.999785106629133e-07
0.07992499999818392 0.002070000016828999
0.07992499999818392 1.00000761449337e-06
0.07744900000398047 0.002078999998047948
0.07744900000398047 0.0
0.07923099998151883 0.0019400000164750963
0.07923099998151883 0.0
0.08052499999757856 0.00201199998264201
0.08052499999757856 0.0
0.08200799999758601 0.0020610000065062195
0.08200799999758601 1.00000761449337e-06
0.08273899997584522 0.002117000025464222
0.08273899997584522 0.0
0.08048599999165162 0.002078999998047948
0.08048599999165162 1.00000761449337e-06
0.08053999999538064 0.002062999992631376
0.08053999999538064 1.00000761449337e-06
0.08024199999636039 0.0020630000217352062
0.08024199999636039 0.0
0.07948200000100769 0.002082999999402091
0.07948200000100769 1.00000761449337e-06
0.05681999999796972 0.001424000016413629
0.05681999999796972 0.0
0.055118000018410385 0.0013939999917056412
0.055118000018410385 0.0
0.0520810000016354 0.0012969999806955457
0.0520810000016354 0.0
0.06983399999444373 0.0018010000057984143
0.06983399999444373 0.0
0.06991800002288073 0.0019320000137668103
0.06991800002288073 0.0
0.06348899999284185 0.0017060000100173056
0.06348899999284185 0.0
0.06522799999220297 0.0017259999876841903
0.06522799999220297 0.0
0.06440199998905882 0.0016119999927468598
0.06440199998905882 1.00000761449337e-06
0.06698299999698065 0.002055999997537583
0.06698299999698065 0.0
0.06614100001752377 0.0017380000208504498
0.06614100001752377 0.0
0.06662500000675209 0.001783000014256686
0.06662500000675209 0.0
0.0686930000083521 0.0016860000032465905
0.0686930000083521 1.00000761449337e-06
0.06766299999435432 0.0017619999998714775
0.06766299999435432 0.0
0.06649800000013784 0.0016290000057779253
0.06649800000013784 1.00000761449337e-06
0.06264099999680184 0.0015549999952781945
0.06264099999680184 9.999785106629133e-07
0.06310500000836328 0.001871999993454665
0.06310500000836328 1.00000761449337e-06
0.06538899999577552 0.0017189999925903976
0.06538899999577552 1.00000761449337e-06
0.0638150000013411 0.0016269999905489385
0.0638150000013411 0.0
0.06386799999745563 0.0016239999968092889
0.06386799999745563 1.00000761449337e-06
0.06286099998396821 0.0019429999811109155
0.06286099998396821 0.0
0.06343800001195632 0.0016100000066217035
0.06343800001195632 0.0
0.0635539999930188 0.0017829999851528555
0.0635539999930188 1.3999990187585354e-05
0.06403199999476783 0.001703000016277656
0.06403199999476783 1.00000761449337e-06
0.06710099999327213 0.002064999978756532
0.06710099999327213 0.0
0.06499199999962002 0.0017350000271108001
0.06499199999962002 0.0
0.06650499999523163 0.0018549999804235995
0.06650499999523163 0.0
0.058246999979019165 0.0017750000115484
0.058246999979019165 0.0
0.06490200001280755 0.001812999980757013
0.06490200001280755 1.00000761449337e-06
0.06612600001972169 0.0018220000201836228
0.06612600001972169 1.00000761449337e-06
0.05371700000250712 0.0013010000111535192
0.05371700000250712 1.00000761449337e-06
0.04869999998481944 0.0013160000089555979
0.04869999998481944 1.00000761449337e-06
0.06640599999809638 0.0017410000145900995
0.06640599999809638 1.00000761449337e-06
0.06294299999717623 0.0018399999826215208
0.06294299999717623 9.999785106629133e-07
0.06086699999286793 0.0019339999998919666
0.06086699999286793 0.0
0.05903699999907985 0.0017479999805800617
0.05903699999907985 1.00000761449337e-06
0.052842000004602596 0.0013639999961014837
0.052842000004602596 0.0
0.04874500000732951 0.0012790000182576478
0.04874500000732951 0.0
0.04790599999250844 0.0013510000135283917
0.04790599999250844 1.00000761449337e-06
0.04753700000583194 0.001277000003028661
0.04753700000583194 1.00000761449337e-06
0.047694999986561015 0.0013170000165700912
0.047694999986561015 9.999785106629133e-07
0.0480880000104662 0.001504000014392659
0.0480880000104662 1.00000761449337e-06
0.04976100000203587 0.0013669999898411334
0.04976100000203587 1.00000761449337e-06
0.04841299998224713 0.0013170000165700912
0.04841299998224713 9.999785106629133e-07
0.05020900000818074 0.0014139999984763563
0.05020900000818074 0.0
0.04756999999517575 0.0012559999886434525
0.04756999999517575 1.00000761449337e-06
0.05326499999500811 0.0012820000119972974
0.05326499999500811 0.0
0.05227000001468696 0.0014429999864660203
0.05227000001468696 0.0
0.056345999997574836 0.0018240000063087791
0.056345999997574836 0.0
0.05671299999812618 0.0013230000040493906
0.05671299999812618 9.999785106629133e-07
0.050033000006806105 0.0013509999844245613
0.050033000006806105 9.999785106629133e-07
0.0500400000018999 0.0013439999893307686
0.0500400000018999 0.0
0.05081299997982569 0.0013150000013411045
0.05081299997982569 0.0
0.05613400001311675 0.001619000016944483
0.05613400001311675 0.0
0.05184400000143796 0.0017170000064652413
0.05184400000143796 1.00000761449337e-06
0.05627399997320026 0.0016159999941010028
0.05627399997320026 0.0
0.05097300000488758 0.001293000008445233
0.05097300000488758 1.00000761449337e-06
0.05000700001255609 0.0013340000004973263
0.05000700001255609 1.00000761449337e-06
0.05332700000144541 0.0013880000042263418
0.05332700000144541 1.00000761449337e-06
0.05638799999724142 0.00149200001033023
0.05638799999724142 1.00000761449337e-06
0.05950099998153746 0.0014740000187885016
0.05950099998153746 0.0
0.05449899999075569 0.0013479999906849116
0.05449899999075569 0.0
0.05231099997763522 0.0013679999974556267
0.05231099997763522 9.999785106629133e-07
0.053148999984841794 0.0013719999988097697
0.053148999984841794 1.00000761449337e-06
0.053645000007236376 0.0014010000159032643
0.053645000007236376 0.0
0.06181600000127219 0.001568000006955117
0.06181600000127219 0.0
0.052509000001009554 0.0013420000032056123
0.052509000001009554 9.999785106629133e-07
0.054059999994933605 0.001560000004246831
0.054059999994933605 2.0000006770715117e-05
0.05970899999374524 0.0017349999980069697
0.05970899999374524 0.0
0.06366000001435168 0.0016820000018924475
0.06366000001435168 0.0
0.061917000013636425 0.001520999998319894
0.061917000013636425 0.0
0.062353999994229525 0.0016279999981634319
0.062353999994229525 1.00000761449337e-06
0.06575099998735823 0.0035740000021178275
0.06575099998735823 0.0
0.06581299999379553 0.0017140000127255917
0.06581299999379553 1.00000761449337e-06
0.0709119999955874 0.00209500000346452
0.0709119999955874 0.0
0.07030099999974482 0.0018669999844860286
0.07030099999974482 0.0
0.07261899998411536 0.0016929999983403832
0.07261899998411536 1.00000761449337e-06
0.07131800000206567 0.0016940000059548765
0.07131800000206567 0.0
0.07691599999088794 0.003847000014502555
0.07691599999088794 1.00000761449337e-06
0.06493299998692237 0.001707999996142462
0.06493299998692237 0.0
0.06643500001518987 0.001824999984819442
0.06643500001518987 0.0
0.06403799998224713 0.0015710000006947666
0.06403799998224713 0.0
0.06426799998735078 0.0018189999973401427
0.06426799998735078 9.999785106629133e-07
0.06273500001407228 0.0017050000024028122
0.06273500001407228 1.00000761449337e-06
0.06463400000939146 0.0017299999890383333
0.06463400000939146 1.00000761449337e-06
0.06495299999369308 0.00197800001478754
0.06495299999369308 1.00000761449337e-06
0.06309799998416565 0.0016550000000279397
0.06309799998416565 1.00000761449337e-06
0.05954099999507889 0.0016840000171214342
0.05954099999507889 0.0
0.06176399998366833 0.0024240000057034194
0.06176399998366833 1.4999997802078724e-05
0.06743699999060482 0.0019709999905899167
0.06743699999060482 1.00000761449337e-06
0.07367599999997765 0.0018259999924339354
0.07367599999997765 0.0
0.07552600000053644 0.0020380000059958547
0.07552600000053644 0.0
0.06882799998857081 0.0019690000044647604
0.06882799998857081 0.0
0.06916900002397597 0.0016559999785386026
0.06916900002397597 1.00000761449337e-06
0.06874899999820627 0.0018860000127460808
0.06874899999820627 0.0
0.06214400002500042 0.001711000018985942
0.06214400002500042 0.0
0.06535799999255687 0.0017809999990276992
0.06535799999255687 1.00000761449337e-06
0.06880100001581013 0.0017600000137463212
0.06880100001581013 1.00000761449337e-06
0.06864900002256036 0.0017519999819342047
0.06864900002256036 9.999785106629133e-07
0.06544199999189004 0.0018379999964963645
0.06544199999189004 0.0
0.06253699999069795 0.0016630000027362257
0.06253699999069795 9.999785106629133e-07
0.061199999996460974 0.0016250000044237822
0.061199999996460974 0.0
0.06058600000687875 0.001656000007642433
0.06058600000687875 0.0
0.06113400001777336 0.0017510000034235418
0.06113400001777336 0.0
0.060754000005545095 0.0016189999878406525
0.060754000005545095 1.00000761449337e-06
0.08035999999265186 0.0021640000049956143
0.08035999999265186 0.0
0.07698500002152286 0.0019640000245999545
0.07698500002152286 0.0
0.0670420000096783 0.001787999994121492
0.0670420000096783 1.00000761449337e-06
0.07182199999806471 0.0018689999997150153
0.07182199999806471 0.0
0.0702189999865368 0.0018909999926108867
0.0702189999865368 0.0
0.07478999998420477 0.0019210000173188746
0.07478999998420477 1.00000761449337e-06
0.07273399998666719 0.0019090000132564455
0.07273399998666719 1.00000761449337e-06
0.07230599998729303 0.0019529999990481883
0.07230599998729303 0.0
0.06807899998966604 0.001963000016985461
0.06807899998966604 0.0
0.07240899998578243 0.001836999988881871
0.07240899998578243 0.0
0.07188699999824166 0.0018949999939650297
0.07188699999824166 1.00000761449337e-06
0.07553000000189058 0.0020240000158082694
0.07553000000189058 1.00000761449337e-06
0.07248199998866767 0.001887999998871237
0.07248199998866767 0.0
0.07323199999518692 0.0019179999944753945
0.07323199999518692 0.0
0.0749389999837149 0.001879000017652288
0.0749389999837149 1.00000761449337e-06
0.07497400001739152 0.0019640000245999545
0.07497400001739152 1.00000761449337e-06
0.0705080000043381 0.001871000014944002
0.0705080000043381 0.0
0.07425299999886192 0.0019209999882150441
0.07425299999886192 0.0
0.07929300001705997 0.002070000016828999
0.07929300001705997 9.999785106629133e-07
0.08567900001071393 0.002238999994006008
0.08567900001071393 0.0
0.07758499999181367 0.0020570000051520765
0.07758499999181367 9.999785106629133e-07
0.07919099999708124 0.0020099999965168536
0.07919099999708124 1.00000761449337e-06
0.07956199999898672 0.0021120000164955854
0.07956199999898672 0.0
0.06416599999647588 0.0014319999900180846
0.06416599999647588 9.999785106629133e-07
0.07174100002157502 0.00185500000952743
0.07174100002157502 0.0
0.07331400000839494 0.0018949999939650297
0.07331400000839494 0.0
0.07223300001351163 0.0018989999953191727
0.07223300001351163 0.0
0.07264699999359436 0.0018350000027567148
0.07264699999359436 0.0
0.06871799999498762 0.0017860000079963356
0.06871799999498762 0.0
0.06568100000731647 0.0016849999956320971
0.06568100000731647 1.00000761449337e-06
0.0623759999871254 0.0016220000106841326
0.0623759999871254 1.00000761449337e-06
0.06261799999629147 0.0016460000188089907
0.06261799999629147 1.00000761449337e-06
0.06146100000478327 0.0015799999819137156
0.06146100000478327 1.00000761449337e-06
0.06436700001358986 0.0016679999826010317
0.06436700001358986 1.00000761449337e-06
0.06862000000546686 0.0017799999914132059
0.06862000000546686 0.0
0.07631399997626431 0.002007000002777204
0.07631399997626431 1.00000761449337e-06
0.07720899998093955 0.0020099999965168536
0.07720899998093955 0.0
0.08042799998656847 0.0021499999857041985
0.08042799998656847 1.00000761449337e-06
0.07437999997637235 0.0021459999843500555
0.07437999997637235 0.0
0.07558499998413026 0.0019069999980274588
0.07558499998413026 1.00000761449337e-06
0.075516000011703 0.0019190000020898879
0.075516000011703 0.0
0.07494700001552701 0.002047000016318634
0.07494700001552701 0.0
0.07279100001323968 0.0019229999743402004
0.07279100001323968 0.0
0.06579399999463931 0.0016909999831113964
0.06579399999463931 9.999785106629133e-07
0.061935000005178154 0.0016049999976530671
0.061935000005178154 0.0
0.06253299998934381 0.0016159999941010028
0.06253299998934381 0.0
0.06341400000383146 0.0016269999905489385
0.06341400000383146 0.0
0.06522399999084882 0.0016780000005383044
0.06522399999084882 0.0
0.06361499999184161 0.001640000002225861
0.06361499999184161 0.0
0.06341999999131076 0.0016659999964758754
0.06341999999131076 0.0
0.063691999996081 0.0016839999880176038
0.063691999996081 0.0
0.07006200001342222 0.0018620000046212226
0.07006200001342222 9.999785106629133e-07
0.08360899999388494 0.0024720000219531357
0.08360899999388494 0.0
0.08348099997965619 0.0021699999924749136
0.08348099997965619 0.0
0.06469699999433942 0.0017570000200066715
0.06469699999433942 0.0
0.06394500000169501 0.0016089999990072101
0.06394500000169501 9.999785106629133e-07
0.06738500000210479 0.002019000006839633
0.06738500000210479 0.0
0.05950100001064129 0.0014549999905284494
0.05950100001064129 1.00000761449337e-06
0.05881800001952797 0.0014720000035595149
0.05881800001952797 0.0
0.08196899999165908 0.002150999993318692
0.08196899999165908 0.0
0.0867619999917224 0.0026249999937135726
0.0867619999917224 1.00000761449337e-06
0.0886119999922812 0.0029999999969732016
0.0886119999922812 9.999785106629133e-07
0.08321799998520873 0.002199999988079071
0.08321799998520873 0.0
0.08173900001565926 0.0022579999931622297
0.08173900001565926 0.0
0.0827360000112094 0.002136999974027276
0.0827360000112094 0.0
0.08542099999613129 0.00237800000468269
0.08542099999613129 9.999785106629133e-07
0.08274100002017803 0.002199000009568408
0.08274100002017803 0.0
0.05703900000662543 0.001432999997632578
0.05703900000662543 0.0
0.05994399997871369 0.001664000010350719
0.05994399997871369 1.00000761449337e-06
0.06959900000947528 0.001887999998871237
0.06959900000947528 0.0
0.07029199998942204 0.0017949999892152846
0.07029199998942204 0.0
0.0687890000117477 0.0018179999897256494
0.0687890000117477 1.00000761449337e-06
0.0679330000129994 0.0017560000123921782
0.0679330000129994 0.0
0.06815400000778027 0.0018179999897256494
0.06815400000778027 1.00000761449337e-06
0.07105600001523271 0.0019589999865274876
0.07105600001523271 0.0
0.07179700001142919 0.0018889999773819
0.07179700001142919 0.0
0.07079900000826456 0.0018480000144336373
0.07079900000826456 9.999785106629133e-07
0.07221899999422021 0.0019459999748505652
0.07221899999422021 0.0
0.07060799997998402 0.001808000000892207
0.07060799997998402 9.999785106629133e-07
0.07091299997409806 0.0018290000152774155
0.07091299997409806 1.00000761449337e-06
0.07135700000799261 0.0018299999937880784
0.07135700000799261 0.0
0.07126600001356564 0.001859000010881573
0.07126600001356564 0.0
0.07153299998026341 0.0019050000119023025
0.07153299998026341 0.0
0.06980600001406856 0.0018290000152774155
0.06980600001406856 0.0
0.05669500000658445 0.001588999992236495
0.05669500000658445 1.00000761449337e-06
0.05710800000815652 0.001441000000340864
0.05710800000815652 0.0
0.05401200000778772 0.001352999999653548
0.05401200000778772 0.0
0.061845999996876344 0.0016889999969862401
0.061845999996876344 1.00000761449337e-06
0.06702200000290759 0.001922000024933368
0.06702200000290759 9.999785106629133e-07
0.0746719999879133 0.0041680000140331686
0.0746719999879133 0.0
0.07646399998338893 0.004290000011678785
0.07646399998338893 0.0
0.07409899999038316 0.0021899999992456287
0.07409899999038316 0.0
0.10143100001732819 0.002886000002035871
0.10143100001732819 1.00000761449337e-06
0.11324499998590909 0.006607000017538667
0.11324499998590909 0.0
0.10703099999227561 0.0028729999903589487
0.10703099999227561 0.0
0.1101570000173524 0.002882999979192391
0.1101570000173524 0.0
0.1069489999790676 0.0026870000001508743
0.1069489999790676 0.0
0.0741390000039246 0.0018869999912567437
0.0741390000039246 0.0
0.07687600000645034 0.0019730000058189034
0.07687600000645034 0.0
0.1078939999861177 0.003247000015107915
0.1078939999861177 0.0
0.11382500000763685 0.003169000003254041
0.11382500000763685 1.00000761449337e-06
0.08407599999918602 0.0047289999783970416
0.08407599999918602 1.00000761449337e-06
0.08306100001209415 0.0022880000178702176
0.08306100001209415 1.00000761449337e-06
0.07929299998795614 0.002210000006016344
0.07929299998795614 0.0
0.11085599998477846 0.0027589999954216182
0.11085599998477846 1.00000761449337e-06
0.07849000001442619 0.0019610000017564744
0.07849000001442619 9.999785106629133e-07
0.07874199998332188 0.0020549999899230897
0.07874199998332188 0.0
0.0768040000111796 0.001943000010214746
0.0768040000111796 0.0
0.06113799999002367 0.0015839999832678586
0.06113799999002367 1.00000761449337e-06
0.05925399999250658 0.001560000004246831
0.05925399999250658 9.999785106629133e-07
0.059474000008776784 0.0015399999974761158
0.059474000008776784 0.0
0.058871000015642494 0.0015309999871533364
0.058871000015642494 0.0
0.05895199999213219 0.0015119999879971147
0.05895199999213219 0.0
0.05737700001918711 0.0015149999817367643
0.05737700001918711 1.00000761449337e-06
0.05696299998089671 0.0014330000267364085
0.05696299998089671 0.0
0.05406799999764189 0.0014050000172574073
0.05406799999764189 1.00000761449337e-06
0.05433899999479763 0.0014479999954346567
0.05433899999479763 1.00000761449337e-06
0.05397499998798594 0.0014109999756328762
0.05397499998798594 1.00000761449337e-06
0.054355000000214204 0.001513999974122271
0.054355000000214204 0.0
0.05827700000372715 0.0015119999879971147
0.05827700000372715 0.0
0.06699600000865757 0.0014950000040698797
0.06699600000865757 9.999785106629133e-07
0.05851300002541393 0.0015579999890178442
0.05851300002541393 0.0
0.07609700001194142 0.0020099999965168536
0.07609700001194142 1.00000761449337e-06
0.07501300002331845 0.002117000025464222
0.07501300002331845 1.00000761449337e-06
0.07421900000190362 0.0019819999870378524
0.07421900000190362 0.0
0.07157899998128414 0.0018949999939650297
0.07157899998128414 0.0
0.07157000000006519 0.0019210000173188746
0.07157000000006519 1.00000761449337e-06
0.07328000001143664 0.0019529999990481883
0.07328000001143664 1.00000761449337e-06
0.0726979999744799 0.0019420000026002526
0.0726979999744799 0.0
0.06594000000040978 0.001471000025048852
0.06594000000040978 1.00000761449337e-06
0.06780099999741651 0.0018580000032670796
0.06780099999741651 0.0
0.07825699998647906 0.002107999986037612
0.07825699998647906 0.0
0.09548399999039248 0.002554999984567985
0.09548399999039248 0.0
0.10438499998417683 0.0026519999955780804
0.10438499998417683 0.0
0.09978799999225885 0.0025040000036824495
0.09978799999225885 0.0
0.07485600002110004 0.0018700000073295087
0.07485600002110004 0.0
0.056585999991511926 0.0014389999851118773
0.056585999991511926 1.00000761449337e-06
0.06150599999818951 0.0016020000039134175
0.06150599999818951 0.0
0.06864599999971688 0.0017729999963194132
0.06864599999971688 9.999785106629133e-07
0.08738199999788776 0.0024890000058803707
0.08738199999788776 0.0
0.0985590000054799 0.0025049999821931124
0.0985590000054799 1.00000761449337e-06
0.10286400001496077 0.002653000003192574
0.10286400001496077 0.0
0.08599299998604693 0.0022290000051725656
0.08599299998604693 1.00000761449337e-06
0.06547000000136904 0.0017130000051110983
0.06547000000136904 1.00000761449337e-06
0.05929400000604801 0.0016090000281110406
0.05929400000604801 1.00000761449337e-06
0.05756000001565553 0.0014599999994970858
0.05756000001565553 1.00000761449337e-06
0.054472000017995015 0.0015019999991636723
0.054472000017995015 9.999785106629133e-07
0.05499899998540059 0.0015220000059343874
0.05499899998540059 0.0
0.054984999995213 0.0014479999954346567
0.054984999995213 0.0
0.05860799999209121 0.0016069999837782234
0.05860799999209121 1.00000761449337e-06
0.058822000020882115 0.0016790000081527978
0.058822000020882115 9.999785106629133e-07
0.0628290000022389 0.0012419999984558672
0.0628290000022389 0.0
0.05589600000530481 0.0013139999937266111
0.05589600000530481 9.999785106629133e-07
0.06318200001260266 0.001656000007642433
0.06318200001260266 0.0
0.06328100000973791 0.0017059999809134752
0.06328100000973791 0.0
0.06458000000566244 0.001740999985486269
0.06458000000566244 0.0
0.06377000000793487 0.001715999998850748
0.06377000000793487 0.0
0.06428900000173599 0.0017660000012256205
0.06428900000173599 1.00000761449337e-06
0.06613500000094064 0.0016759999853093177
0.06613500000094064 0.0
0.06636399999842979 0.001728000002913177
0.06636399999842979 9.999785106629133e-07
0.06695000000763685 0.0017539999971631914
0.06695000000763685 1.00000761449337e-06
0.06675900000846013 0.0017309999966528267
0.06675900000846013 0.0
0.06675699999323115 0.0017180000140797347
0.06675699999323115 0.0
0.07030700001632795 0.001939000008860603
0.07030700001632795 0.0
0.07401199999731034 0.001931000006152317
0.07401199999731034 9.999785106629133e-07
0.07706300000427291 0.0019610000017564744
0.07706300000427291 0.0
0.07669099999475293 0.002050000010058284
0.07669099999475293 1.00000761449337e-06
0.05697199999121949 0.0014110000047367066
0.05697199999121949 0.0
0.05729100000462495 0.0014689999807160348
0.05729100000462495 0.0
0.05642199999419972 0.0014319999900180846
0.05642199999419972 0.0
0.05669699999270961 0.0014060000248719007
0.05669699999270961 0.0
0.07623700000112876 0.001988000003620982
0.07623700000112876 1.00000761449337e-06
0.10006299999076873 0.00310400000307709
0.10006299999076873 0.0
0.11431899998569861 0.0031290000188164413
0.11431899998569861 1.00000761449337e-06
0.11533999998937361 0.0030510000069625676
0.11533999998937361 1.00000761449337e-06
0.08110899999155663 0.0020619999850168824
0.08110899999155663 0.0
0.07412800000747666 0.001980000000912696
0.07412800000747666 0.0
0.07894899998791516 0.002062999992631376
0.07894899998791516 0.0
0.0881799999915529 0.0022250000038184226
0.0881799999915529 0.0
0.08792099999845959 0.002240999980131164
0.08792099999845959 1.00000761449337e-06
0.08404399998835288 0.0021269999851938337
0.08404399998835288 0.0
0.08160299999872223 0.002123000012943521
0.08160299999872223 0.0
0.07041600000229664 0.001956999971298501
0.07041600000229664 0.0
0.06074300000909716 0.0016829999804031104
0.06074300000909716 1.00000761449337e-06
0.060560000012628734 0.0016929999983403832
0.060560000012628734 0.0
0.05757400000584312 0.0015919999859761447
0.05757400000584312 0.0
0.05725499999243766 0.0015110000094864517
0.05725499999243766 0.0
0.057201000017812476 0.001500000013038516
0.057201000017812476 0.0
0.0569190000242088 0.0015439999988302588
0.0569190000242088 0.0
0.06091600001673214 0.0016199999954551458
0.06091600001673214 0.0
0.0601689999748487 0.0015830000047571957
0.0601689999748487 0.0
0.062365999998291954 0.0018050000071525574
0.062365999998291954 0.0
0.061049999989336357 0.0016079999913927168
0.061049999989336357 0.0
0.06350099999690428 0.0016339999856427312
0.06350099999690428 0.0
0.06151600001612678 0.0016330000071320683
0.06151600001612678 1.00000761449337e-06
0.06158100001630373 0.001636000000871718
0.06158100001630373 1.00000761449337e-06
0.06309500001952983 0.001640000002225861
0.06309500001952983 0.0
0.06133500000578351 0.0017059999809134752
0.06133500000578351 9.999785106629133e-07
0.061649999988731 0.0016540000215172768
0.061649999988731 1.3999990187585354e-05
0.061302000016439706 0.0016239999968092889
0.061302000016439706 1.00000761449337e-06
0.06102399999508634 0.0015790000034030527
0.06102399999508634 0.0
0.06145000000833534 0.001644000003580004
0.06145000000833534 0.0
0.060834000003524125 0.0016539999924134463
0.060834000003524125 9.999785106629133e-07
0.06099800000083633 0.0016450000111944973
0.06099800000083633 1.00000761449337e-06
0.06590700001106597 0.0017629999783821404
0.06590700001106597 1.00000761449337e-06
0.06472900000517257 0.0016669999749865383
0.06472900000517257 0.0
0.06449399999110028 0.0016630000027362257
0.06449399999110028 0.0
0.06447700000717305 0.0017090000037569553
0.06447700000717305 0.0
0.06511100000352599 0.00169500001356937
0.06511100000352599 0.0
0.06428900000173599 0.0017419999931007624
0.06428900000173599 9.999785106629133e-07
0.07471499999519438 0.0019389999797567725
0.07471499999519438 9.999785106629133e-07
0.06423600000562146 0.0016029999824240804
0.06423600000562146 1.00000761449337e-06
0.07857700000749901 0.002003000001423061
0.07857700000749901 0.0
0.11814199999207631 0.006693000002996996
0.11814199999207631 0.0
0.0896610000054352 0.004969000001437962
0.0896610000054352 0.0
0.08622500000637956 0.002398000011453405
0.08622500000637956 1.00000761449337e-06
0.09033700000145473 0.0051420000090729445
0.09033700000145473 1.00000761449337e-06
0.0911070000147447 0.002447999984724447
0.0911070000147447 1.00000761449337e-06
0.09086200001183897 0.0022520000056829304
0.09086200001183897 1.00000761449337e-06
0.09244899998884648 0.002294000005349517
0.09244899998884648 0.0
0.09099299999070354 0.0024360000097658485
0.09099299999070354 0.0
0.08862600001157261 0.00245800000266172
0.08862600001157261 0.0
0.07827600001473911 0.0020059999951627105
0.07827600001473911 0.0
0.07427099999040365 0.0018360000103712082
0.07427099999040365 1.00000761449337e-06
0.07376400000066496 0.002207000012276694
0.07376400000066496 0.0
0.06413000001339242 0.0016079999913927168
0.06413000001339242 9.999785106629133e-07
0.05455699999583885 0.0014019999944139272
0.05455699999583885 0.0
0.04959999999846332 0.0012860000133514404
0.04959999999846332 0.0
0.04931500001111999 0.0012839999981224537
0.04931500001111999 0.0
0.04928100001416169 0.001277000003028661
0.04928100001416169 0.0
0.051724999997531995 0.0013540000072680414
0.051724999997531995 0.0
0.05145299999276176 0.0014019999944139272
0.05145299999276176 0.0
0.05207100001280196 0.0013199999812059104
0.05207100001280196 1.00000761449337e-06
0.0642799999914132 0.0015779999957885593
0.0642799999914132 9.999785106629133e-07
0.07180200002039783 0.001904999982798472
0.07180200002039783 0.0
0.07285500000580214 0.001896000001579523
0.07285500000580214 1.00000761449337e-06
0.052219999983208254 0.0013139999937266111
0.052219999983208254 9.999785106629133e-07
0.05208300001686439 0.0013760000001639128
0.05208300001686439 1.00000761449337e-06
0.052004999975906685 0.0013780000153928995
0.052004999975906685 0.0
0.054250999994110316 0.0013880000042263418
0.054250999994110316 1.00000761449337e-06
0.05476800000178628 0.0013930000131949782
0.05476800000178628 0.0
0.054376999993110076 0.0015669999993406236
0.054376999993110076 0.0
0.05405800000880845 0.0013729999773204327
0.05405800000880845 0.0
0.054782999999588355 0.0014810000138822943
0.054782999999588355 9.999785106629133e-07
0.05414200000814162 0.0014589999918825924
0.05414200000814162 0.0
0.05882900001597591 0.001820000004954636
0.05882900001597591 9.999785106629133e-07
0.057367000001249835 0.0014550000196322799
0.057367000001249835 0.0
0.058911000000080094 0.0015679999778512865
0.058911000000080094 1.00000761449337e-06
0.058976000000257045 0.0015340000099968165
0.058976000000257045 0.0
0.05764600000111386 0.0014730000111740083
0.05764600000111386 1.00000761449337e-06
0.05394199999864213 0.0014049999881535769
0.05394199999864213 1.00000761449337e-06
0.05404800001997501 0.0014570000057574362
0.05404800001997501 1.00000761449337e-06
0.05385599998407997 0.0013749999925494194
0.05385599998407997 0.0
0.05424500000663102 0.0013800000015180558
0.05424500000663102 0.0
0.06010599998990074 0.0016420000174548477
0.06010599998990074 9.999785106629133e-07
0.07531400001607835 0.001926000026287511
0.07531400001607835 1.00000761449337e-06
0.07455900000059046 0.002004999987548217
0.07455900000059046 9.999785106629133e-07
0.049522000015713274 0.0012879999994765967
0.049522000015713274 0.0
0.04913699999451637 0.0012630000128410757
0.04913699999451637 0.0
0.06776999999419786 0.0017989999905694276
0.06776999999419786 1.00000761449337e-06
0.068001000006916 0.001816000003600493
0.068001000006916 1.00000761449337e-06
0.06820099998731166 0.001779000012902543
0.06820099998731166 1.00000761449337e-06
0.05032899999059737 0.0013460000045597553
0.05032899999059737 0.0
0.04673600001842715 0.0012149999965913594
0.04673600001842715 0.0
0.051481999980751425 0.0013350000081118196
0.051481999980751425 9.999785106629133e-07
0.05196599999908358 0.0013349999790079892
0.05196599999908358 0.0
0.05166500000632368 0.00133200001437217
0.05166500000632368 0.0
0.05158900000969879 0.0013089999847579747
0.05158900000969879 0.0
0.05151499999919906 0.0013150000013411045
0.05151499999919906 9.999785106629133e-07
0.049181000009411946 0.001277000003028661
0.049181000009411946 9.999785106629133e-07
0.049799000000348315 0.0012710000155493617
0.049799000000348315 0.0
0.049177999986568466 0.0012679999927058816
0.049177999986568466 1.00000761449337e-06
0.04901700001209974 0.0012669999850913882
0.04901700001209974 1.00000761449337e-06
0.04889299999922514 0.0013089999847579747
0.04889299999922514 0.0
0.04908299999078736 0.0012580000038724393
0.04908299999078736 1.00000761449337e-06
0.04941999999573454 0.0012630000128410757
0.04941999999573454 9.999785106629133e-07
0.04915500001516193 0.0012800000258721411
0.04915500001516193 1.00000761449337e-06
0.0468690000125207 0.0013639999961014837
0.0468690000125207 1.00000761449337e-06
0.0464100000099279 0.001205000007757917
0.0464100000099279 0.0
0.046553000021958724 0.0012500000011641532
0.046553000021958724 1.00000761449337e-06
0.04695400001946837 0.0013960000069346279
0.04695400001946837 1.00000761449337e-06
0.04673699999693781 0.0013029999972786754
0.04673699999693781 0.0
0.04456199999549426 0.0012069999938830733
0.04456199999549426 0.0
0.04441400000359863 0.001133999990997836
0.04441400000359863 9.999785106629133e-07
0.04641099998843856 0.0012240000069141388
0.04641099998843856 0.0
0.046975000004749745 0.001416999992216006
0.046975000004749745 0.0
0.049087999999755993 0.0012620000052265823
0.049087999999755993 9.999785106629133e-07
0.048998999991454184 0.001273000001674518
0.048998999991454184 0.0
0.049770999990869313 0.0012920000008307397
0.049770999990869313 0.0
0.049144000018713996 0.0012969999806955457
0.049144000018713996 0.0
0.04920700000366196 0.001269000000320375
0.04920700000366196 1.00000761449337e-06
0.04902500001480803 0.001268000021809712
0.04902500001480803 0.0
0.04900100000668317 0.0012710000155493617
0.04900100000668317 0.0
0.05029499999363907 0.0013139999937266111
0.05029499999363907 0.0
0.04903200000990182 0.001264999998966232
0.04903200000990182 1.00000761449337e-06
0.04657700000097975 0.001221999991685152
0.04657700000097975 1.00000761449337e-06
0.04686199998832308 0.00125200001639314
0.04686199998832308 1.00000761449337e-06
0.04651499999454245 0.001260999997612089
0.04651499999454245 0.0
0.04731599998194724 0.0012790000182576478
0.04731599998194724 1.00000761449337e-06
0.05174699999042787 0.0014570000057574362
0.05174699999042787 0.0
0.04679399999440648 0.001213000010466203
0.04679399999440648 1.00000761449337e-06
0.047639999975217506 0.001264999998966232
0.047639999975217506 0.0
0.0502320000086911 0.0014050000172574073
0.0502320000086911 1.00000761449337e-06
0.06692400001338683 0.0018520000157877803
0.06692400001338683 1.00000761449337e-06
0.06687100001727231 0.0018390000041108578
0.06687100001727231 0.0
0.07006500000716187 0.0017259999876841903
0.07006500000716187 1.00000761449337e-06
0.06854000000748783 0.0018050000071525574
0.06854000000748783 0.0
0.06745999999111518 0.0018580000032670796
0.06745999999111518 1.00000761449337e-06
0.06781999999657273 0.0017850000003818423
0.06781999999657273 0.0
0.0686590000113938 0.001779000012902543
0.0686590000113938 0.0
0.06734100001631305 0.001816000003600493
0.06734100001631305 0.0
0.06872699997620657 0.0018250000139232725
0.06872699997620657 0.0
0.06928500000503846 0.0019489999976940453
0.06928500000503846 1.00000761449337e-06
0.06866799999261275 0.0018400000117253512
0.06866799999261275 1.00000761449337e-06
0.07085100002586842 0.0018149999959859997
0.07085100002586842 1.00000761449337e-06
0.0678769999940414 0.0018400000117253512
0.0678769999940414 0.0
0.06761899997945875 0.0018490000220481306
0.06761899997945875 0.0
0.068001000006916 0.0017859999788925052
0.068001000006916 0.0
0.06793699998524971 0.001863999990746379
0.06793699998524971 0.0
0.07100899997749366 0.0019080000056419522
0.07100899997749366 0.0
0.07144200001494028 0.0019170000159647316
0.07144200001494028 0.0
0.06544400000711903 0.001756999990902841
0.06544400000711903 1.00000761449337e-06
0.06651000000420026 0.0018109999946318567
0.06651000000420026 0.0
0.06997700000647455 0.0018430000054650009
0.06997700000647455 0.0
0.05189899998367764 0.0013629999884869903
0.05189899998367764 0.0
0.05184899998130277 0.0013299999991431832
0.05184899998130277 1.00000761449337e-06
0.053964000020641834 0.0013940000208094716
0.053964000020641834 1.00000761449337e-06
0.05141899999580346 0.0013389999803621322
0.05141899999580346 0.0
0.05195399999502115 0.0013969999854452908
0.05195399999502115 0.0
0.05161900000530295 0.001340999995591119
0.05161900000530295 0.0
0.05153500000596978 0.0013359999866224825
0.05153500000596978 0.0
0.051894000003812835 0.0013179999950807542
0.051894000003812835 0.0
0.04896999997436069 0.0013230000040493906
0.04896999997436069 1.00000761449337e-06
0.04890200000954792 0.001340999995591119
0.04890200000954792 1.00000761449337e-06
0.049012000003131106 0.0012830000196117908
0.049012000003131106 1.00000761449337e-06
0.046520000003511086 0.001668999990215525
0.046520000003511086 0.0
0.04691400000592694 0.001324000011663884
0.04691400000592694 0.0
0.04451800000970252 0.0012140000180806965
0.04451800000970252 1.00000761449337e-06
0.04459299999871291 0.001197999983560294
0.04459299999871291 0.0
0.06286999999429099 0.0017130000051110983
0.06286999999429099 0.0
0.06546199999866076 0.001680999994277954
0.06546199999866076 0.0
0.06525200000032783 0.0017579999985173345
0.06525200000032783 0.0
0.0646779999951832 0.0017379999917466193
0.0646779999951832 1.00000761449337e-06
0.06510499998694286 0.0017499999958090484
0.06510499998694286 1.00000761449337e-06
0.06473600000026636 0.0018310000014025718
0.06473600000026636 1.00000761449337e-06
0.06555800000205636 0.0018779999809339643
0.06555800000205636 1.00000761449337e-06
0.06407399999443442 0.0019499999762047082
0.06407399999443442 0.0
0.0650700000114739 0.0017820000066421926
0.0650700000114739 1.00000761449337e-06
0.06389099999796599 0.00173200000426732
0.06389099999796599 0.0
0.04682600000523962 0.0012249999854248017
0.04682600000523962 0.0
0.047174999985145405 0.0012830000196117908
0.047174999985145405 1.00000761449337e-06
0.049085000006016344 0.001459000020986423
0.049085000006016344 0.0
0.04923400000552647 0.0012740000092890114
0.04923400000552647 1.00000761449337e-06
0.04913200001465157 0.001644000003580004
0.04913200001465157 0.0
0.049199000000953674 0.001496999990195036
0.049199000000953674 0.0
0.049796000006608665 0.001269000000320375
0.049796000006608665 1.00000761449337e-06
0.05165199999464676 0.0017809999990276992
0.05165199999464676 1.00000761449337e-06
0.05495299998437986 0.0017250000091735274
0.05495299998437986 0.0
0.05906699999468401 0.0016800000157672912
0.05906699999468401 1.00000761449337e-06
0.05941699998220429 0.0017579999985173345
0.05941699998220429 0.0
0.05886699998518452 0.0016759999853093177
0.05886699998518452 0.0
0.059169999993173406 0.0015699999930802733
0.059169999993173406 1.00000761449337e-06
0.058655999979237095 0.0019160000083502382
0.058655999979237095 9.999785106629133e-07
0.056493000010959804 0.0014310000115074217
0.056493000010959804 9.999785106629133e-07
0.059753999987151474 0.0020260000019334257
0.059753999987151474 0.0
0.05890299999737181 0.0019529999990481883
0.05890299999737181 0.0
0.05868600000394508 0.001736000005621463
0.05868600000394508 1.00000761449337e-06
0.05649499999708496 0.0015879999846220016
0.05649499999708496 1.00000761449337e-06
0.056450000003678724 0.0014740000187885016
0.056450000003678724 1.00000761449337e-06
0.056970000005094334 0.0014509999891743064
0.056970000005094334 0.0
0.05668000000878237 0.0014659999869763851
0.05668000000878237 0.0
0.05653200001688674 0.0014899999951012433
0.05653200001688674 0.0
0.05627700002514757 0.0014490000030491501
0.05627700002514757 0.0
0.05688499999814667 0.0015380000113509595
0.05688499999814667 0.0
0.058924000011757016 0.0015340000099968165
0.058924000011757016 0.0
0.0573220000078436 0.0015310000162571669
0.0573220000078436 0.0
0.05664000002434477 0.0014570000057574362
0.05664000002434477 1.00000761449337e-06
0.05615700001362711 0.0014530000044032931
0.05615700001362711 0.0
0.05693500000052154 0.001445000001695007
0.05693500000052154 0.0
0.056247000000439584 0.001436999998986721
0.056247000000439584 0.0
0.05645400000503287 0.0014659999869763851
0.05645400000503287 0.0
0.05663099998491816 0.0014350000128615648
0.05663099998491816 0.0
0.05616900001768954 0.0014659999869763851
0.05616900001768954 0.0
0.05429900001036003 0.0014730000111740083
0.05429900001036003 1.00000761449337e-06
0.051709999999729916 0.0013629999884869903
0.051709999999729916 1.00000761449337e-06
0.0519730000232812 0.0013109999999869615
0.0519730000232812 0.0
0.04652699999860488 0.001269000000320375
0.04652699999860488 0.0
0.0465400000102818 0.0012509999796748161
0.0465400000102818 0.0
0.047026999993249774 0.00136599998222664
0.047026999993249774 0.0
0.04882900000666268 0.0014310000115074217
0.04882900000666268 0.0
0.04966199997579679 0.0013020000187680125
0.04966199997579679 0.0
0.04916599998250604 0.0012820000119972974
0.04916599998250604 1.00000761449337e-06
0.04881700000260025 0.0012630000128410757
0.04881700000260025 9.999785106629133e-07
0.04942899997695349 0.0012989999959245324
0.04942899997695349 0.0
0.048860999988391995 0.0012549999810289592
0.048860999988391995 0.0
0.0490810000046622 0.0012789999891538173
0.0490810000046622 9.999785106629133e-07
0.048864000011235476 0.0012699999788310379
0.048864000011235476 0.0
0.04906499999924563 0.0013029999972786754
0.04906499999924563 0.0
0.04948300000978634 0.0012970000097993761
0.04948300000978634 0.0
0.04892099997960031 0.0013160000089555979
0.04892099997960031 0.0
0.049177999986568466 0.0012869999918621033
0.049177999986568466 0.0
0.04886199999600649 0.0012719999940600246
0.04886199999600649 1.00000761449337e-06
0.049239000014495105 0.0012669999850913882
0.049239000014495105 0.0
0.048833000008016825 0.001273000001674518
0.048833000008016825 0.0
0.04912299997522496 0.0013099999923724681
0.04912299997522496 0.0
0.049094999994849786 0.0012719999940600246
0.049094999994849786 1.00000761449337e-06
0.04955500000505708 0.001297999988310039
0.04955500000505708 1.00000761449337e-06
0.049002000014297664 0.0012660000065807253
0.049002000014297664 0.0
0.04942799999844283 0.0012970000097993761
0.04942799999844283 9.999785106629133e-07
0.048715999990236014 0.0013049999834038317
0.048715999990236014 0.0
0.04935200000181794 0.0013000000035390258
0.04935200000181794 0.0
0.049641999998129904 0.0012750000169035047
0.049641999998129904 1.00000761449337e-06
0.04923499998403713 0.0012989999959245324
0.04923499998403713 0.0
0.04943799998727627 0.001293000008445233
0.04943799998727627 9.999785106629133e-07
0.05160599999362603 0.0015220000059343874
0.05160599999362603 1.00000761449337e-06
0.0544520000112243 0.0015919999859761447
0.0544520000112243 0.0
0.06551800001761876 0.0017170000064652413
0.06551800001761876 1.00000761449337e-06
0.053826000017579645 0.0014749999972991645
0.053826000017579645 0.0
0.05383699998492375 0.0013939999917056412
0.05383699998492375 0.0
0.06865199998719618 0.0014899999951012433
0.06865199998719618 0.0
0.062378999980865046 0.0020240000158082694
0.062378999980865046 0.0
0.07109399998444133 0.0014139999984763563
0.07109399998444133 0.0
0.055437999981222674 0.0015060000005178154
0.055437999981222674 0.0
0.055259999993722886 0.0014260000025387853
0.055259999993722886 1.00000761449337e-06
0.05429000000003725 0.0014359999913722277
0.05429000000003725 0.0
0.05380600001080893 0.0013960000069346279
0.05380600001080893 0.0
0.05001300000003539 0.0017649999936111271
0.05001300000003539 1.00000761449337e-06
0.05071499999030493 0.0014350000128615648
0.05071499999030493 0.0
0.05090900001232512 0.001959999994141981
0.05090900001232512 0.0
0.05129600001964718 0.0016659999964758754
0.05129600001964718 0.0
0.04862899999716319 0.0015710000006947666
0.04862899999716319 0.0
0.04912599999806844 0.0015609999827574939
0.04912599999806844 0.0
0.050275999994482845 0.0016860000032465905
0.050275999994482845 0.0
0.04955699999118224 0.0013359999866224825
0.04955699999118224 9.999785106629133e-07
0.05160999999498017 0.0015610000118613243
0.05160999999498017 0.0
0.05032400001073256 0.0013540000072680414
0.05032400001073256 1.00000761449337e-06
0.05059800000162795 0.0013420000032056123
0.05059800000162795 1.00000761449337e-06
0.05260599998291582 0.001432000019121915
0.05260599998291582 0.0
0.051850999996531755 0.0014720000035595149
0.051850999996531755 1.00000761449337e-06
0.05173199999262579 0.0013660000113304704
0.05173199999262579 1.00000761449337e-06
0.054364000010536984 0.001803000021027401
0.054364000010536984 0.0
0.06746500000008382 0.0017500000249128789
0.06746500000008382 0.0
0.06848400001763366 0.0019040000042878091
0.06848400001763366 0.0
0.06895600000279956 0.001783000014256686
0.06895600000279956 0.0
0.059348000009777024 0.0015669999993406236
0.059348000009777024 0.0
0.05340999999316409 0.00165200000628829
0.05340999999316409 0.0
0.05273299998953007 0.001416000013705343
0.05273299998953007 0.0
0.05662300001131371 0.0014890000165905803
0.05662300001131371 0.0
0.06613099999958649 0.0020420000073499978
0.06613099999958649 0.0
0.0652739999932237 0.001955999992787838
0.0652739999932237 0.0
0.07227999999304302 0.0019170000159647316
0.07227999999304302 9.999785106629133e-07
0.07498699999996461 0.001990999997360632
0.07498699999996461 1.00000761449337e-06
0.0729799999971874 0.001988999982131645
0.0729799999971874 0.0
0.0673160000005737 0.001820999983465299
0.0673160000005737 9.999785106629133e-07
0.0695209999976214 0.0020380000059958547
0.0695209999976214 1.00000761449337e-06
0.06499399998574518 0.0014890000165905803
0.06499399998574518 1.00000761449337e-06
0.05602499999804422 0.0015480000001844019
0.05602499999804422 1.00000761449337e-06
0.05626099999062717 0.001660999987507239
0.05626099999062717 0.0
0.05606400000397116 0.0015790000034030527
0.05606400000397116 0.0
0.06985800000256859 0.0017890000017359853
0.06985800000256859 1.00000761449337e-06
0.059907999995630234 0.0015019999991636723
0.059907999995630234 0.0
0.06019499999820255 0.002051000017672777
0.06019499999820255 0.0
0.07073700000182725 0.0019050000119023025
0.07073700000182725 0.0
0.07049000001279637 0.0018720000225584954
0.07049000001279637 1.00000761449337e-06
0.04973500000778586 0.0012639999913517386
0.04973500000778586 9.999785106629133e-07
0.04939699999522418 0.0015369999746326357
0.04939699999522418 0.0
INFO:sc2.protocol:Client status changed to Status.ended (was Status.in_game)
INFO:root:Result for player 1 - Bot(Race.Terran, <bots.Showing_bot.speedBot.MarinBot object at 0x7f93ac0a8eb8>): Defeat
INFO:sc2.protocol:Client status changed to Status.ended (was Status.in_game)
INFO:root:Result for player 2 - Bot(Race.Terran, <bots.poscat.poscat_bot.POSCATBot object at 0x7f939d050eb8>): Victory
INFO:sc2.client:Saved replay to outs/2020-01-17T11-28-03/replays/showing_bot-poscat/showing_bot-poscat-0.SC2Replay
INFO:sc2.protocol:Client status changed to Status.launched (was Status.ended)
INFO:sc2.protocol:Client status changed to Status.quit (was Status.launched)
INFO:sc2.sc2process:kill_switch: Process cleanup
INFO:sc2.sc2process:Cleaning up...
INFO:sc2.sc2process:Cleanup complete
INFO:sc2.sc2process:Cleaning up...
INFO:sc2.sc2process:Cleanup complete
INFO:sc2.protocol:Cannot receive: Connection already closed.
INFO:sc2.sc2process:kill_switch: Process cleanup
INFO:sc2.sc2process:Cleaning up...
INFO:sc2.sc2process:Cleanup complete
INFO:sc2.sc2process:Cleaning up...
INFO:sc2.sc2process:Cleanup complete


## STDERR ##

Version: B75689 (SC2.4.10)
Build: Aug 12 2019 17:16:57
Command Line: '"/home/hspark8312/StarCraftII/Versions/Base75689/SC2_x64" -listen 127.0.0.1 -port 24026 -displayMode 0 -dataDir /home/hspark8312/StarCraftII -tempDir /tmp/SC2_ovrs9odx'
Starting up...
Startup Phase 1 complete
Version: B75689 (SC2.4.10)
Build: Aug 12 2019 17:16:57
Command Line: '"/home/hspark8312/StarCraftII/Versions/Base75689/SC2_x64" -listen 127.0.0.1 -port 19339 -displayMode 0 -dataDir /home/hspark8312/StarCraftII -tempDir /tmp/SC2_y9uioj80'
Starting up...
Startup Phase 1 complete
Startup Phase 2 complete
Creating stub renderer...
Listening on: 127.0.0.1:24026
Startup Phase 3 complete. Ready for commands.
Startup Phase 2 complete
Creating stub renderer...
Listening on: 127.0.0.1:19339
Startup Phase 3 complete. Ready for commands.
ConnectHandler: Request from 127.0.0.1:51399 accepted
ReadyHandler: 127.0.0.1:51399 ready
Requesting to join a multiplayer game
Configuring interface options
Configure: raw interface enabled
Configure: feature layer interface enabled
Configure: score interface enabled
Configure: render interface disabled
ConnectHandler: Request from 127.0.0.1:51400 accepted
ReadyHandler: 127.0.0.1:51400 ready
Requesting to join a multiplayer game
Configuring interface options
Configure: raw interface enabled
Configure: feature layer interface enabled
Configure: score interface enabled
Configure: render interface disabled
Create game with map path: NCFellowship-2019_m1_v6.SC2Map
Attempting to join a game with the map: NCFellowship-2019_m1_v6.SC2Map
Game has started.
Using default stable ids, none found at: /home/hspark8312/StarCraftII/stableid.json
Successfully loaded stable ids: GameData\stableid.json
Sending ResponseJoinGame
Game has started.
Using default stable ids, none found at: /home/hspark8312/StarCraftII/stableid.json
Successfully loaded stable ids: GameData\stableid.json
Sending ResponseJoinGame
RequestQuit command received.
Closing Application...
CloseHandler: 127.0.0.1:51400 disconnected
Terminate action already called.
/home/hspark8312/anaconda3/envs/sc2/lib/python3.6/importlib/_bootstrap.py:219: RuntimeWarning: numpy.ufunc size changed, may indicate binary incompatibility. Expected 192 from C header, got 216 from PyObject
  return f(*args, **kwds)
/home/hspark8312/anaconda3/envs/sc2/lib/python3.6/importlib/_bootstrap.py:219: RuntimeWarning: numpy.ufunc size changed, may indicate binary incompatibility. Expected 192 from C header, got 216 from PyObject
  return f(*args, **kwds)
/home/hspark8312/anaconda3/envs/sc2/lib/python3.6/site-packages/tensorboard/compat/tensorflow_stub/dtypes.py:541: FutureWarning: Passing (type, 1) or '1type' as a synonym of type is deprecated; in a future version of numpy, it will be understood as (type, (1,)) / '(1,)type'.
  _np_qint8 = np.dtype([("qint8", np.int8, 1)])
/home/hspark8312/anaconda3/envs/sc2/lib/python3.6/site-packages/past/builtins/misc.py:45: DeprecationWarning: the imp module is deprecated in favour of importlib; see the module's documentation for alternative uses
  from imp import reload
/mnt/d/sc2minigame-eval-2020-01-09/bots/Showing_bot/speedBot.py:1643: RuntimeWarning: coroutine 'TerreinManager.debug' was never awaited
  self.terrein_manager.debug()
